
Initial statistics: 36 variables; iteration 0; function evaluation 0; phase 1
Function value 1.2908242e+04; maximum gradient component mag -7.0836e+04
Var    Value     Gradient |Var    Value     Gradient |Var    Value     Gradient
  1  0.02279 -7.08364e+04 |  2 -0.04695  8.84049e+02 |  3  0.10238  1.09994e+03
  4 -0.00328  9.91687e+02 |  5 -0.14024  9.65387e+02 |  6 -0.02976  9.50827e+02
  7 -0.11325  1.02760e+03 |  8 -0.11459  9.13842e+02 |  9  0.05473  1.00946e+03
 10  0.11349  7.15289e+02 | 11  0.02649  1.14532e+03 | 12  0.00913  8.85777e+02
 13  0.04950  2.51594e+02 | 14  0.10380 -3.76099e+02 | 15  0.01136 -9.58764e+02
 16 -0.10597 -1.09435e+03 | 17 -0.00143 -5.62629e+02 | 18 -0.01448  5.86361e+01
 19  0.05882 -2.96391e+02 | 20 -0.08189 -1.26147e+03 | 21 -0.20487 -6.11155e+02
 22 -0.01034  4.57895e+02 | 23  0.01328  3.91000e+02 | 24  0.00504 -5.01336e+02
 25  0.01281  1.95968e+02 | 26  0.06003  5.49497e+01 | 27  0.07541 -1.37069e+03
 28  0.00552 -1.81258e+03 | 29 -0.04977 -1.80435e+02 | 30  0.06144  1.89335e+02
 31  0.05084 -8.36820e+01 | 32  0.06311 -1.44822e+03 | 33  0.03104 -1.39768e+03
 34 -0.02563 -2.87497e+01 | 35  0.00353 -1.58984e+03 | 36  0.02623  1.37749e+03

Intermediate statistics: 36 variables; iteration 20; function evaluation 34; phase 1
Function value 1.1177686e+04; maximum gradient component mag -9.1209e+03
Var    Value     Gradient |Var    Value     Gradient |Var    Value     Gradient
  1  0.04672 -9.12091e+03 |  2 -0.01597  2.67823e+02 |  3 -0.03350  1.05022e+02
  4 -0.07933  1.34348e+02 |  5 -0.23713  2.21283e+02 |  6 -0.08363  1.13700e+02
  7 -0.19666  2.93356e+02 |  8 -0.08335  3.73332e+02 |  9 -0.06056  1.95329e+02
 10  0.62024  4.75623e+02 | 11 -0.57510  1.47245e+02 | 12  0.43112  3.05647e+02
 13  0.11677  3.08918e+02 | 14  0.11841 -1.86486e+01 | 15  0.01644 -9.49374e+02
 16 -0.03691 -5.07516e+02 | 17  0.02976 -2.33946e+02 | 18  0.09712  4.12806e+02
 19  0.10894  4.15334e+02 | 20 -0.01692  1.38458e+02 | 21  0.05749  4.51118e+02
 22 -0.05075  5.34936e+01 | 23  0.13761  6.84978e+02 | 24  0.07426 -1.92336e+02
 25  0.00714  1.17932e+02 | 26  0.21623  4.81497e-01 | 27 -1.20860 -6.53076e+01
 28  0.23709  1.36026e+03 | 29  0.05132 -7.45077e+01 | 30  0.05622  1.24087e+02
 31  0.08209  3.66267e+02 | 32  0.09827 -3.54555e+01 | 33  0.12884  3.26099e+02
 34  0.03992  7.44407e+01 | 35  0.20842  5.47414e+02 | 36 -0.77704  7.05488e+01
36 variables; iteration 40; function evaluation 60; phase 1
Function value 1.0753174e+04; maximum gradient component mag -2.2414e+03
Var    Value     Gradient |Var    Value     Gradient |Var    Value     Gradient
  1  0.05428 -2.24140e+03 |  2 -0.07284 -1.06717e+02 |  3 -0.02188 -1.28775e+02
  4 -0.09888 -8.47634e+01 |  5 -0.21693  6.25806e+00 |  6 -0.07600 -5.84504e+00
  7 -0.16623  3.80143e+01 |  8 -0.10484  2.39805e+01 |  9 -0.02550 -3.22170e+01
 10  0.14010 -5.47780e+01 | 11 -0.15077 -7.40168e+01 | 12  0.14384  5.29436e+01
 13  0.12392  9.70891e+01 | 14  0.11735  9.53980e-01 | 15  0.08456 -1.38038e+01
 16  0.02994 -9.27832e+01 | 17  0.04774  1.02529e+01 | 18  0.06341 -2.98036e+01
 19  0.08256  6.82624e+01 | 20 -0.01222  9.27491e+01 | 21  0.03394  1.78159e+02
 22 -0.04038 -8.39238e+01 | 23  0.08528  2.05158e+02 | 24  0.12554  1.69433e+02
 25  0.00791  3.66847e+01 | 26  0.16090 -7.95210e+02 | 27 -0.82048 -3.69846e+01
 28  0.10868  1.25206e+02 | 29  0.06775  8.09699e+01 | 30  0.05136  9.71729e+00
 31  0.04025 -7.41376e+01 | 32  0.11324  2.25851e+01 | 33  0.08070 -1.23313e+02
 34  0.05079  9.75932e+00 | 35  0.16646  3.66367e+02 | 36 -0.35408 -8.64455e+01
36 variables; iteration 60; function evaluation 88; phase 1
Function value 1.0206215e+04; maximum gradient component mag -5.9445e+02
Var    Value     Gradient |Var    Value     Gradient |Var    Value     Gradient
  1  0.08291 -5.94445e+02 |  2 -0.00131  2.74062e+01 |  3  0.04395  3.51025e+01
  4  0.02626  5.77241e+01 |  5 -0.08869  2.72442e+01 |  6  0.01654  3.25588e+01
  7 -0.06597  1.53900e+01 |  8 -0.04296  1.26147e+01 |  9  0.02131  8.80602e+00
 10  0.14455 -1.86562e+00 | 11 -0.11290  1.22042e+01 | 12  0.13770  1.84806e+01
 13  0.05371  2.50621e+00 | 14  0.06387  1.07209e+01 | 15  0.03223  2.02928e+01
 16 -0.01236  2.26693e+01 | 17 -0.01019 -1.61180e+01 | 18  0.01332  5.45476e+00
 19  0.01964 -7.04916e+00 | 20 -0.07550 -1.93483e+01 | 21 -0.03856  1.84597e+01
 22 -0.07929  9.88436e+00 | 23  0.00463  7.14930e+00 | 24  0.04707  1.10210e+01
 25 -0.04351  1.19803e+01 | 26  0.01627 -6.45070e+01 | 27  0.03202 -1.18705e+01
 28  0.02210 -2.61323e+01 | 29  0.01081  2.83040e+01 | 30 -0.00532  1.62956e+00
 31 -0.00661 -2.63928e+00 | 32  0.05207 -8.55483e+00 | 33  0.03634 -6.59049e+00
 34 -0.00481  5.25114e+00 | 35  0.04861 -2.12053e+01 | 36 -0.25373  1.61425e+01

 - final statistics:
36 variables; iteration 70; function evaluation 98
Function value 1.0202e+04; maximum gradient component mag -6.0335e+00
Exit code = 1;  converg criter 1.0000e+01
Var    Value     Gradient |Var    Value     Gradient |Var    Value     Gradient
  1  0.07648 -6.03350e+00 |  2 -0.02874 -7.00139e-03 |  3 -0.00318  9.17245e-02
  4 -0.04017  7.81690e-02 |  5 -0.15279  1.25178e-01 |  6 -0.03691 -2.90102e-01
  7 -0.11289  2.56567e-01 |  8 -0.07054 -7.55108e-02 |  9  0.01339  1.02809e-01
 10  0.14902 -3.22012e-02 | 11 -0.10374  7.52365e-02 | 12  0.13420  1.18150e-01
 13  0.06818  1.32050e-01 | 14  0.07655  2.86930e-01 | 15  0.04411  7.69812e-01
 16 -0.00112 -1.25451e-02 | 17  0.00472 -3.36343e-01 | 18  0.02641 -2.75981e-01
 19  0.03389 -4.28140e-01 | 20 -0.06003 -5.82030e-01 | 21 -0.02694  2.11971e-02
 22 -0.06620 -1.07615e-01 | 23  0.01785  2.60949e-01 | 24  0.06014 -1.96111e-01
 25 -0.03143 -1.11844e-01 | 26  0.03408 -1.30855e-01 | 27  0.04558 -1.33918e-01
 28  0.03715 -7.42334e-01 | 29  0.02216 -8.76519e-02 | 30  0.00846 -1.17098e-01
 31  0.00714 -2.17811e-01 | 32  0.06609  2.57696e-02 | 33  0.05067 -1.71344e-01
 34  0.00801 -8.92342e-02 | 35  0.06443 -9.69244e-01 | 36 -0.24326 -8.34024e-03

Initial statistics: 46 variables; iteration 0; function evaluation 0; phase 2
Function value 1.0202169e+04; maximum gradient component mag -2.4512e+04
Var    Value     Gradient |Var    Value     Gradient |Var    Value     Gradient
  1  0.07648 -6.03350e+00 |  2 -0.02874  7.22629e-02 |  3 -0.00318  1.71069e-01
  4 -0.04016  1.57356e-01 |  5 -0.15279  2.02249e-01 |  6 -0.03691 -2.10890e-01
  7 -0.11289  3.34668e-01 |  8 -0.07054  3.34780e-03 |  9  0.01339  1.82137e-01
 10  0.14902  4.49799e-02 | 11 -0.10374  1.53531e-01 | 12  0.13420  1.95739e-01
 13  0.06818  2.10941e-01 | 14  0.07655  3.65702e-01 | 15  0.04411  8.48966e-01
 16 -0.00111  6.67999e-02 | 17  0.00472 -2.57000e-01 | 18  0.02641 -1.96704e-01
 19  0.03389 -3.48907e-01 | 20 -0.06003 -5.03037e-01 | 21 -0.02694  1.00471e-01
 22 -0.06620 -2.86981e-02 | 23  0.01786  3.40263e-01 | 24  0.06014 -1.17120e-01
 25 -0.03143 -3.25951e-02 | 26  0.03408 -5.16233e-02 | 27  0.04558 -5.47764e-02
 28  0.03715 -6.63124e-01 | 29  0.02217 -8.35489e-03 | 30  0.00846 -3.77599e-02
 31  0.00714 -1.38471e-01 | 32  0.06609  1.04688e-01 | 33  0.05067 -9.22499e-02
 34  0.00801 -9.89536e-03 | 35  0.06443 -8.90305e-01 | 36 -0.24326  6.52827e-02
 37  0.29375  1.06064e+04 | 38  0.35523  1.92787e+04 | 39  0.33383  4.81034e+03
 40  0.20534 -3.15546e+03 | 41 -0.11344 -1.64259e+04 | 42 -0.88721  5.84116e+03
 43 -0.02235  3.52933e+02 | 44 -0.06237 -2.45117e+04 | 45 -0.21375 -2.94104e+02
 46 -0.85749  5.67485e+03 |

Intermediate statistics: 46 variables; iteration 20; function evaluation 28; phase 2
Function value 7.0697638e+03; maximum gradient component mag 1.6197e+04
Var    Value     Gradient |Var    Value     Gradient |Var    Value     Gradient
  1  0.03471  7.12420e+03 |  2  0.01679 -1.37164e+02 |  3  0.05832 -1.36300e+02
  4 -0.01468 -1.93510e+02 |  5 -0.12981 -1.68871e+02 |  6 -0.00494 -1.69657e+02
  7 -0.10423 -1.89687e+02 |  8 -0.04375 -1.79040e+02 |  9  0.08672 -1.46189e+02
 10  0.24431 -1.07102e+02 | 11  0.01124 -1.90102e+01 | 12  0.28038 -5.88202e+01
 13  0.05507 -8.89481e+01 | 14  0.07389 -2.11305e+02 | 15  0.05754 -3.93088e+02
 16 -0.04312 -5.95692e+02 | 17  0.00229 -2.85833e+02 | 18  0.04271  3.76534e+01
 19  0.18286  2.98046e+02 | 20 -0.41591 -1.90671e+02 | 21  0.09576  1.05764e+02
 22 -0.13333 -1.16964e+02 | 23 -0.03114 -7.05822e+02 | 24  0.11958 -2.80117e+02
 25 -0.10862 -1.74507e+02 | 26  0.10230  3.22397e+02 | 27  0.07166  4.01515e+01
 28  0.12605  4.26564e+02 | 29 -0.02191 -1.88988e+02 | 30  0.08420  2.14135e+02
 31  0.10385  3.72056e+02 | 32  0.25838  8.92855e+02 | 33 -0.87813 -5.48694e+01
 34  0.07604  3.62621e+02 | 35  0.06907 -1.41401e+02 | 36 -0.82753 -8.38271e+01
 37  0.32780  1.61974e+04 | 38  0.31067  1.11871e+04 | 39  0.32114  3.20236e+03
 40  0.24290  3.73211e+03 | 41  0.14120 -1.03385e+04 | 42 -0.78284  4.74432e+03
 43 -0.05816  2.24659e+01 | 44 -0.01213 -1.54352e+04 | 45  0.00879  5.89636e+01
 46 -0.72310  4.52817e+03 |
46 variables; iteration 40; function evaluation 52; phase 2
Function value 5.9614002e+03; maximum gradient component mag 9.5716e+03
Var    Value     Gradient |Var    Value     Gradient |Var    Value     Gradient
  1  0.02735 -6.41124e+02 |  2 -0.00533  3.19296e+02 |  3  0.15533  4.72789e+02
  4  0.07587  4.17184e+02 |  5 -0.33102  1.95972e+02 |  6  0.17460  5.77625e+02
  7 -0.05852  2.59044e+02 |  8  0.03690  3.89755e+02 |  9  0.05575  2.90048e+02
 10  0.34021  4.84526e+02 | 11  0.05579  4.95272e+02 | 12  0.18315  2.46212e+02
 13  0.20132  4.84503e+02 | 14  0.01023  2.66725e+02 | 15  0.17480  5.84902e+02
 16 -0.14791  2.31065e+02 | 17  0.04265  3.15350e+02 | 18  0.04227  5.19826e+01
 19  0.20255  5.80361e+02 | 20 -0.70901  1.10385e+02 | 21  0.13074  5.73781e+02
 22 -0.14460  3.79516e+02 | 23  0.00739  8.84057e+01 | 24  0.16720  1.93886e+02
 25 -0.18910  2.66656e+02 | 26  0.16155  4.53376e+02 | 27  0.04623  5.17647e+01
 28  0.17035  5.22595e+02 | 29 -0.05811  1.27581e+02 | 30  0.05877 -9.76445e+01
 31  0.04053  2.51138e+02 | 32  0.27177  1.07372e+03 | 33 -0.88724  4.47102e+01
 34  0.13012  8.01297e+02 | 35  0.06409  3.48974e+02 | 36 -1.46565 -1.80762e+02
 37  0.30888  9.57161e+03 | 38  0.27458  5.32644e+03 | 39  0.31549  3.08306e+03
 40  0.23626  7.05055e+02 | 41  0.16321 -5.61989e+03 | 42 -0.74623  3.17200e+03
 43 -0.24005 -4.38083e+01 | 44  0.04722 -8.38036e+03 | 45 -0.08874  7.60536e+01
 46 -0.71708  2.64383e+03 |
46 variables; iteration 60; function evaluation 79; phase 2
Function value 4.2273908e+03; maximum gradient component mag -2.8355e+03
Var    Value     Gradient |Var    Value     Gradient |Var    Value     Gradient
  1  0.11563 -2.83546e+03 |  2 -0.02294  1.15502e+02 |  3 -0.01708  4.21541e+01
  4 -0.00411  1.60146e+02 |  5 -0.16720  5.95912e+01 |  6  0.01716  1.66868e+02
  7 -0.09518  7.23851e+01 |  8 -0.05213  8.74216e+01 |  9  0.07449  1.39145e+02
 10  0.21833  9.98555e+01 | 11  0.01745  1.15514e+02 | 12  0.18073  5.84468e+01
 13  0.15197  1.79335e+02 | 14  0.10838  2.27297e+02 | 15 -0.08043 -8.09856e+01
 16 -0.20034 -2.53395e+01 | 17  0.03286  1.00390e+02 | 18  0.09763  9.66020e+01
 19  0.24116  2.24431e+02 | 20  0.03638  8.18706e+01 | 21 -0.03043  3.25499e+01
 22 -0.06188  1.18750e+02 | 23 -0.21601  7.76552e+00 | 24  0.11573  2.58945e+01
 25  0.01943  6.27313e+01 | 26  0.01976 -6.93241e+01 | 27 -0.04431 -1.78030e+02
 28  0.12211  1.91113e+02 | 29  0.04027  6.54147e+01 | 30  0.08126  1.12372e+02
 31  0.06837  8.53711e+01 | 32  0.14752  1.71114e+02 | 33 -1.87887  8.12065e+01
 34 -0.01618  1.44443e+02 | 35 -0.17019 -3.15624e+02 | 36 -0.45462  8.59301e+01
 37  0.23254 -4.95012e+02 | 38  0.19209 -1.32893e+02 | 39  0.20112 -6.86611e+01
 40  0.19340  9.04796e+01 | 41  0.10359  7.88487e+01 | 42 -0.81890  7.47570e+00
 43 -0.20741  2.12426e+01 | 44  0.33854  8.08490e+01 | 45 -0.16661  1.35470e+01
 46 -0.81873  1.75872e+00 |
46 variables; iteration 80; function evaluation 99; phase 2
Function value 4.0075902e+03; maximum gradient component mag -1.0402e+02
Var    Value     Gradient |Var    Value     Gradient |Var    Value     Gradient
  1  0.29111 -1.04018e+02 |  2 -0.00601  4.07769e+00 |  3  0.04899  1.12922e+01
  4  0.02446 -2.46601e+00 |  5 -0.08817 -1.38169e+00 |  6  0.03025 -5.32407e+00
  7 -0.04743 -2.86788e+00 |  8 -0.01607  1.34372e+00 |  9  0.06521 -3.48062e+00
 10  0.22323 -9.49558e-01 | 11 -0.00185 -4.23192e+00 | 12  0.20639 -2.41104e+00
 13  0.10226  1.21050e+01 | 14  0.04186  6.91058e+00 | 15 -0.02693  2.05075e+01
 16 -0.11420 -3.63743e+01 | 17 -0.07335 -5.11128e+01 | 18  0.06077 -4.14313e+01
 19  0.18422  2.86592e+01 | 20  0.01201  1.56844e-02 | 21 -0.05600 -3.92753e+01
 22 -0.12332 -2.76071e+01 | 23 -0.11341  1.11881e+01 | 24  0.04002 -3.26372e+01
 25 -0.02103 -9.13060e+00 | 26  0.01563  4.13046e+00 | 27  0.03055  1.88976e+01
 28  0.05218  1.89169e+00 | 29  0.01962 -1.56129e+01 | 30  0.04854 -1.91783e+01
 31  0.06251  1.24950e+01 | 32  0.09191  2.78911e+01 | 33 -1.92882 -4.43394e+00
 34 -0.17104 -2.07478e+01 | 35 -0.07795 -1.29688e+00 | 36 -0.37036  3.46618e+00
 37  0.16089  2.29621e+01 | 38  0.11851  3.46319e+01 | 39  0.12703 -2.31880e+01
 40  0.11567  6.13023e+01 | 41 -0.26544 -1.74740e+01 | 42 -0.93945  6.26772e+00
 43  0.01472 -8.11579e+00 | 44  0.57619 -1.21497e+01 | 45 -0.15010  5.28817e+00
 46 -1.30930 -2.10584e+01 |
Maximum number of function evaluations exceeded

 - final statistics:
46 variables; iteration 82; function evaluation 100
Function value 4.0058e+03; maximum gradient component mag -2.2589e+02
Exit code = 3;  converg criter 1.0000e+01
Var    Value     Gradient |Var    Value     Gradient |Var    Value     Gradient
  1  0.29382 -2.25889e+02 |  2 -0.01269  1.36627e+00 |  3  0.03893  3.59788e+00
  4  0.01917  1.02439e+00 |  5 -0.09162  3.13643e+00 |  6  0.02903  5.01425e-01
  7 -0.04722  3.78106e+00 |  8 -0.01810  3.70234e+00 |  9  0.06392  1.09267e+00
 10  0.21967 -7.70739e-01 | 11 -0.00172 -1.22310e+00 | 12  0.20307 -2.15709e+00
 13  0.10016  9.60242e+00 | 14  0.04440  1.42951e+01 | 15 -0.02774  1.86668e+01
 16 -0.11283 -3.14313e+01 | 17 -0.06710 -3.97709e+01 | 18  0.06955 -2.94738e+01
 19  0.18421  2.51848e+01 | 20  0.01503  4.93193e+00 | 21 -0.04030 -7.94253e+00
 22 -0.11266 -6.28735e+00 | 23 -0.11849  7.74231e+00 | 24  0.04707 -2.42457e+01
 25 -0.01921 -7.22758e+00 | 26  0.01318 -3.56768e+00 | 27  0.02830  1.11906e+01
 28  0.05335  4.53433e+00 | 29  0.01775 -2.11139e+01 | 30  0.05368 -8.71135e+00
 31  0.06392  1.12762e+01 | 32  0.08199 -1.41078e+01 | 33 -1.92422  4.09130e+00
 34 -0.17254 -2.15075e+01 | 35 -0.07936 -8.70335e+00 | 36 -0.36462  1.10811e+01
 37  0.15920 -8.68853e+01 | 38  0.11678 -2.52011e+01 | 39  0.12575 -1.96355e+01
 40  0.11445 -8.13004e+01 | 41 -0.27414 -2.58586e+01 | 42 -0.94164  7.32668e+00
 43  0.02158 -4.62352e+00 | 44  0.58299 -2.23914e+01 | 45 -0.14797  6.07401e+00
 46 -1.31333 -2.59936e+01 |

Initial statistics: 52 variables; iteration 0; function evaluation 0; phase 3
Function value 4.0057604e+03; maximum gradient component mag -2.3824e+03
Var    Value     Gradient |Var    Value     Gradient |Var    Value     Gradient
  1  0.29382 -2.25889e+02 |  2 -0.01262  4.05983e+00 |  3  0.03901  6.28689e+00
  4  0.01924  3.71725e+00 |  5 -0.09155  5.80276e+00 |  6  0.02911  3.19269e+00
  7 -0.04715  6.46779e+00 |  8 -0.01802  6.39536e+00 |  9  0.06399  3.77315e+00
 10  0.21976  1.76446e+00 | 11 -0.00164  1.47098e+00 | 12  0.20315  4.01079e-01
 13  0.10023  1.22630e+01 | 14  0.04448  1.69825e+01 | 15 -0.02766  2.13585e+01
 16 -0.11275 -2.87801e+01 | 17 -0.06702 -3.70923e+01 | 18  0.06963 -2.67954e+01
 19  0.18429  2.77658e+01 | 20  0.01511  7.62525e+00 | 21 -0.04023 -5.25388e+00
 22 -0.11258 -3.63542e+00 | 23 -0.11841  1.03901e+01 | 24  0.04715 -2.15588e+01
 25 -0.01914 -4.53473e+00 | 26  0.01326 -8.74164e-01 | 27  0.02838  1.38819e+01
 28  0.05342  7.21889e+00 | 29  0.01783 -1.84208e+01 | 30  0.05376 -6.02678e+00
 31  0.06400  1.39566e+01 | 32  0.08207 -1.14358e+01 | 33 -0.07570 -1.41629e+00
 34 -0.17246 -1.89124e+01 | 35 -0.07928 -6.03025e+00 | 36 -0.36453  1.33465e+01
 37  0.15920 -8.68853e+01 | 38  0.11678 -2.52011e+01 | 39  0.12575 -1.96355e+01
 40  0.11445 -8.13004e+01 | 41 -0.27414 -2.58586e+01 | 42 -0.94164  7.32668e+00
 43  0.30734 -2.38239e+03 | 44 -0.80278  1.52151e+03 | 45  0.11953 -6.91170e+02
 46 -0.27545  5.77723e+02 | 47  0.27691 -1.47417e+01 | 48 -0.26421  2.47826e+02
 49  0.02158 -4.62352e+00 | 50  0.58299 -2.23914e+01 | 51 -0.14797  6.07401e+00
 52 -0.68667  2.59936e+01 |

Intermediate statistics: 52 variables; iteration 20; function evaluation 37; phase 3
Function value 3.2923019e+03; maximum gradient component mag -5.8479e+03
Var    Value     Gradient |Var    Value     Gradient |Var    Value     Gradient
  1  0.33179 -4.43468e+02 |  2 -0.02462  6.35348e+00 |  3  0.01471  3.45061e+00
  4 -0.00745  4.76831e+00 |  5 -0.12440  2.05135e+00 |  6 -0.00629  5.47586e-01
  7 -0.08513  2.63130e+00 |  8 -0.05707  2.37193e+00 |  9  0.03060  1.22537e+01
 10  0.16955 -8.33449e+00 | 11 -0.00187 -3.61648e+01 | 12  0.17305  1.51247e+01
 13  0.11123 -3.27313e+01 | 14  0.06003 -3.62256e+01 | 15 -0.02401 -9.94250e+00
 16 -0.08413  4.24206e+01 | 17 -0.03539 -8.70023e+00 | 18  0.08669 -3.99084e+00
 19  0.12711 -8.21730e+00 | 20  0.02507  1.06965e+01 | 21 -0.10887 -2.49640e+01
 22 -0.08291 -1.43559e+01 | 23  0.01211  4.35501e+01 | 24  0.00652  3.60873e+01
 25 -0.09208 -3.79628e+01 | 26  0.02137  2.40170e+01 | 27  0.04948  2.24135e+01
 28  0.05658  1.94838e+01 | 29  0.04361  6.68937e+00 | 30  0.06189  9.43791e+00
 31  0.09013  2.73797e+01 | 32  0.11951  5.02071e+01 | 33 -0.02841 -1.32956e+01
 34 -0.14690 -4.09552e+01 | 35 -0.05908 -1.21562e+01 | 36 -0.29580  1.76093e+01
 37  0.09802 -5.84791e+03 | 38  0.11698  3.07374e+03 | 39  0.13426  1.51684e+03
 40  0.09423  2.01358e+02 | 41 -0.26914  1.05178e+01 | 42 -0.94652  6.40280e-01
 43  0.69088 -4.84231e+02 | 44 -0.74091  2.73641e+01 | 45  0.07296 -4.00831e+02
 46 -0.62312  4.52677e+02 | 47  0.18522 -1.77458e+02 | 48 -0.49794 -3.66858e+02
 49  0.01688  1.39703e-02 | 50  0.59213  1.00246e+01 | 51 -0.15331  7.97539e-01
 52 -0.70502  2.37604e+00 |
52 variables; iteration 40; function evaluation 70; phase 3
Function value 3.1759623e+03; maximum gradient component mag -8.4106e+02
Var    Value     Gradient |Var    Value     Gradient |Var    Value     Gradient
  1  0.35114 -5.26257e+02 |  2 -0.01826  4.54602e+00 |  3  0.03864  3.08634e+01
  4  0.00649  1.40685e-01 |  5 -0.10796  4.56598e+00 |  6  0.01172  1.20456e+01
  7 -0.07066  6.07610e+00 |  8 -0.04567  9.55262e+00 |  9  0.02728  1.10433e+01
 10  0.15006  6.68242e-01 | 11  0.00484  3.91025e+00 | 12  0.15083  1.59559e+01
 13  0.10210  5.57378e+00 | 14  0.05475 -7.22889e+00 | 15 -0.01603  6.67701e+00
 16 -0.10086  3.44701e+00 | 17 -0.02725  2.51642e+00 | 18  0.09000 -2.21489e+00
 19  0.13082 -1.13809e+01 | 20  0.02211  1.17341e+01 | 21 -0.11445 -7.58899e+00
 22 -0.08774 -5.19861e+00 | 23  0.02979  4.06890e+00 | 24 -0.00671 -8.13777e+00
 25 -0.07130 -3.38230e-01 | 26  0.01990 -2.05901e+00 | 27  0.03860 -2.18902e+01
 28  0.04730 -2.59081e+00 | 29  0.03921 -1.20977e+01 | 30  0.05144 -6.77787e+00
 31  0.08146 -1.27793e+01 | 32  0.09775 -1.64486e+01 | 33 -0.04649 -1.51947e+01
 34 -0.13681  4.36063e+00 | 35 -0.05258  1.75630e+01 | 36 -0.30035  1.06580e+01
 37  0.10160 -8.41061e+02 | 38  0.09320 -1.52665e+02 | 39  0.10009 -4.68425e+01
 40  0.08773 -2.28862e+02 | 41 -0.13467 -1.61944e+01 | 42 -0.90841  1.35605e+00
 43  0.76926 -1.87217e+02 | 44 -0.66393  1.09784e+02 | 45  0.06077 -4.21099e+01
 46 -0.67641 -4.15114e+00 | 47  0.20085  2.80028e+01 | 48 -0.48189 -4.15156e+01
 49 -0.07038  9.75559e+00 | 50  0.45457 -2.56219e+01 | 51 -0.16282 -6.83949e+00
 52 -0.71426  6.23769e+00 |
52 variables; iteration 60; function evaluation 101; phase 3
Function value 3.1599961e+03; maximum gradient component mag -1.3359e+02
Var    Value     Gradient |Var    Value     Gradient |Var    Value     Gradient
  1  0.43288 -8.69227e+01 |  2 -0.01928 -1.22142e+00 |  3  0.02902  4.04736e+00
  4  0.00636  5.83863e-01 |  5 -0.10945 -1.93453e+00 |  6  0.00784 -4.05936e+00
  7 -0.06931  4.81378e+00 |  8 -0.04731  2.81234e+00 |  9  0.02310  1.25905e+00
 10  0.14420 -5.60718e+00 | 11  0.00639  4.16605e+00 | 12  0.13800 -2.08299e+00
 13  0.09772  1.88057e+00 | 14  0.05753 -2.33343e+00 | 15 -0.01500  1.26355e+00
 16 -0.09925 -1.21471e+00 | 17 -0.02563  1.18805e+00 | 18  0.09321 -6.97443e-01
 19  0.13295 -2.92673e+00 | 20  0.01428 -5.77061e+00 | 21 -0.11083  1.48598e+00
 22 -0.07424  6.06324e+00 | 23  0.03542  1.18818e+00 | 24 -0.00244 -3.71817e+00
 25 -0.06587  2.43152e-01 | 26  0.01704 -5.19732e+00 | 27  0.04646 -1.88695e+00
 28  0.04552 -1.47580e+00 | 29  0.04687  5.24712e+00 | 30  0.05401 -1.06599e+00
 31  0.08421 -4.14531e+00 | 32  0.09899 -2.57652e+00 | 33 -0.03888  3.67520e+00
 34 -0.13155  3.38983e+00 | 35 -0.06546 -5.16586e+00 | 36 -0.31581 -1.10594e+00
 37  0.07108 -1.33592e+02 | 38  0.06335 -3.88174e+01 | 39  0.07039 -9.58932e+00
 40  0.05799 -3.41114e+01 | 41 -0.28929 -1.63789e+01 | 42 -0.82842  2.09257e+01
 43  0.90039 -3.75710e+01 | 44 -0.68632  2.55286e+01 | 45  0.06484  3.45829e+01
 46 -0.67249 -3.99259e-01 | 47  0.20111 -1.29490e+01 | 48 -0.47887  3.67732e+01
 49  0.02922 -1.26792e+01 | 50  0.60889 -7.96141e+00 | 51 -0.16938  1.77372e+01
 52 -0.75102  1.58224e+01 |
52 variables; iteration 80; function evaluation 122; phase 3
Function value 3.1568586e+03; maximum gradient component mag -5.1974e+01
Var    Value     Gradient |Var    Value     Gradient |Var    Value     Gradient
  1  0.60403 -2.95443e+01 |  2 -0.01687  7.76216e-01 |  3  0.02943  1.02121e+00
  4  0.00869  9.36575e-01 |  5 -0.10532  2.02037e-01 |  6  0.01114  3.70052e-01
  7 -0.06917  6.44011e-01 |  8 -0.04667  7.74435e-01 |  9  0.02418  7.43842e-01
 10  0.14657  6.37431e-01 | 11  0.00556  5.03543e-01 | 12  0.13893  1.63421e-01
 13  0.09753  7.48398e-02 | 14  0.05787  1.14103e-01 | 15 -0.01555  4.21503e-01
 16 -0.09774  9.58221e-01 | 17 -0.02779 -3.33522e-01 | 18  0.09284 -3.79486e-01
 19  0.13252 -7.22804e-01 | 20  0.01443 -4.92917e-01 | 21 -0.11267  1.58998e-01
 22 -0.07858  2.86792e-01 | 23  0.03395  8.48149e-01 | 24 -0.00174  5.82451e-02
 25 -0.06679 -2.93466e-01 | 26  0.01698 -1.24152e+00 | 27  0.04558 -1.28283e+00
 28  0.04395 -9.49997e-01 | 29  0.04403 -5.90324e-01 | 30  0.05312 -9.67820e-01
 31  0.08418 -1.57846e+00 | 32  0.09747 -1.33229e+00 | 33 -0.04157 -2.90581e-01
 34 -0.13463  3.69292e-01 | 35 -0.06387 -6.69517e-01 | 36 -0.31028  5.80769e-01
 37  0.01885 -5.19743e+01 | 38  0.01140 -2.28913e+01 | 39  0.01836 -6.99437e+00
 40  0.00606 -2.68069e+01 | 41 -0.29375  1.06907e+00 | 42 -0.78786  5.31574e-02
 43  1.00221  3.26397e-01 | 44 -0.70999 -1.31748e+00 | 45  0.06288 -1.03143e+00
 46 -0.67432 -7.23316e-01 | 47  0.20087  3.52203e+00 | 48 -0.48057 -4.12005e+00
 49  0.03079 -1.35276e+00 | 50  0.61597  1.75964e+00 | 51 -0.19840  8.75567e-01
 52 -0.83003 -2.16212e-01 |
52 variables; iteration 100; function evaluation 145; phase 3
Function value 3.1567474e+03; maximum gradient component mag -1.5735e+01
Var    Value     Gradient |Var    Value     Gradient |Var    Value     Gradient
  1  0.75252 -7.24413e+00 |  2 -0.01693  2.46374e-01 |  3  0.02927  2.37670e-01
  4  0.00867  2.55527e-01 |  5 -0.10485  2.82568e-01 |  6  0.01141  2.47122e-01
  7 -0.06892  2.95561e-01 |  8 -0.04656  2.96929e-01 |  9  0.02415  2.50259e-01
 10  0.14640  1.18786e-01 | 11  0.00560  2.27804e-01 | 12  0.13910  2.13831e-01
 13  0.09761  1.13329e-01 | 14  0.05770  1.77758e-02 | 15 -0.01582  1.09286e-01
 16 -0.09844  1.24211e-01 | 17 -0.02761  8.76246e-06 | 18  0.09282 -1.21416e-01
 19  0.13259 -1.81457e-01 | 20  0.01461 -4.38559e-03 | 21 -0.11267  5.50014e-02
 22 -0.07869  7.75201e-02 | 23  0.03344  1.57028e-01 | 24 -0.00186  3.72980e-02
 25 -0.06684 -1.07322e-01 | 26  0.01705 -4.85713e-01 | 27  0.04571 -3.82308e-01
 28  0.04401 -3.06124e-01 | 29  0.04405 -2.12317e-01 | 30  0.05323 -3.72424e-01
 31  0.08442 -4.39424e-01 | 32  0.09743 -5.93507e-01 | 33 -0.04163 -1.59669e-01
 34 -0.13490 -2.50129e-02 | 35 -0.06371 -1.33846e-01 | 36 -0.31009  2.34956e-01
 37 -0.01296 -1.57346e+01 | 38 -0.02042 -9.00934e+00 | 39 -0.01345 -2.81718e+00
 40 -0.02580 -1.36797e+01 | 41 -0.21566  2.69006e-01 | 42 -0.77781  9.10543e-02
 43  1.00154  1.75628e-01 | 44 -0.70730  7.44378e-01 | 45  0.06295 -5.25632e-02
 46 -0.67418 -1.28414e-01 | 47  0.20085 -3.96677e-01 | 48 -0.48040  9.99744e-01
 49 -0.01847 -3.19195e-01 | 50  0.53535  4.94126e-01 | 51 -0.20331  2.51216e-01
 52 -0.84698 -2.31906e-02 |
52 variables; iteration 120; function evaluation 170; phase 3
Function value 3.1567280e+03; maximum gradient component mag -1.0467e+01
Var    Value     Gradient |Var    Value     Gradient |Var    Value     Gradient
  1  0.84517 -2.60422e+00 |  2 -0.01690  1.40881e-01 |  3  0.02928  1.35480e-01
  4  0.00869  1.41288e-01 |  5 -0.10482  1.60180e-01 |  6  0.01143  1.56623e-01
  7 -0.06892  1.45435e-01 |  8 -0.04657  1.44704e-01 |  9  0.02417  1.44231e-01
 10  0.14642  5.24641e-02 | 11  0.00560  1.08648e-01 | 12  0.13912  9.53348e-02
 13  0.09763  1.77146e-02 | 14  0.05770 -1.07714e-02 | 15 -0.01583  5.96803e-02
 16 -0.09844  7.20751e-02 | 17 -0.02762  1.07789e-03 | 18  0.09284 -7.83921e-02
 19  0.13260 -1.26744e-01 | 20  0.01459 -1.07757e-02 | 21 -0.11267  5.16143e-02
 22 -0.07872  2.80242e-02 | 23  0.03339  4.72423e-02 | 24 -0.00186  1.90657e-02
 25 -0.06682 -2.42069e-02 | 26  0.01704 -2.45313e-01 | 27  0.04570 -2.04411e-01
 28  0.04401 -1.63235e-01 | 29  0.04405 -1.19358e-01 | 30  0.05323 -1.78747e-01
 31  0.08441 -2.26842e-01 | 32  0.09742 -3.48461e-01 | 33 -0.04165 -8.51964e-02
 34 -0.13493 -1.35275e-02 | 35 -0.06372 -4.79323e-02 | 36 -0.31011  1.29170e-01
 37 -0.02573 -1.04670e+01 | 38 -0.03319 -4.86921e+00 | 39 -0.02622 -1.41962e+00
 40 -0.03857 -6.43894e+00 | 41 -0.10679 -7.79602e-02 | 42 -0.77478 -3.32865e-02
 43  0.99960 -2.80231e-02 | 44 -0.70839 -7.45515e-02 | 45  0.06297  1.62152e-01
 46 -0.67416 -2.35108e-02 | 47  0.20085 -2.37175e-01 | 48 -0.48042  5.88541e-01
 49 -0.09109  7.59093e-02 | 50  0.43501 -1.45853e-01 | 51 -0.20487  2.79349e-03
 52 -0.85288 -2.67561e-02 |
52 variables; iteration 140; function evaluation 193; phase 3
Function value 3.1567221e+03; maximum gradient component mag -4.9979e+00
Var    Value     Gradient |Var    Value     Gradient |Var    Value     Gradient
  1  0.90780 -7.57339e-01 |  2 -0.01689  7.33105e-02 |  3  0.02930  7.64498e-02
  4  0.00870  6.79836e-02 |  5 -0.10483  6.30263e-02 |  6  0.01143  6.83216e-02
  7 -0.06891  6.71515e-02 |  8 -0.04656  6.85662e-02 |  9  0.02417  7.07941e-02
 10  0.14643  3.16885e-02 | 11  0.00560  4.54247e-02 | 12  0.13911  4.66100e-02
 13  0.09762  6.40672e-03 | 14  0.05770 -6.21495e-03 | 15 -0.01583  3.07001e-02
 16 -0.09843  4.54370e-02 | 17 -0.02763 -4.71471e-03 | 18  0.09284 -3.78806e-02
 19  0.13260 -6.47257e-02 | 20  0.01458 -1.24479e-02 | 21 -0.11267  2.79997e-02
 22 -0.07873  1.11066e-02 | 23  0.03340  2.41990e-02 | 24 -0.00186  7.84425e-03
 25 -0.06682 -9.52568e-03 | 26  0.01703 -1.14398e-01 | 27  0.04569 -1.10415e-01
 28  0.04401 -7.48028e-02 | 29  0.04405 -5.84053e-02 | 30  0.05323 -8.58826e-02
 31  0.08440 -1.19703e-01 | 32  0.09742 -1.59952e-01 | 33 -0.04165 -3.83701e-02
 34 -0.13493  3.31445e-03 | 35 -0.06373 -2.09614e-02 | 36 -0.31011  6.19816e-02
 37 -0.03109 -4.99789e+00 | 38 -0.03855 -2.27641e+00 | 39 -0.03158 -6.34740e-01
 40 -0.04393 -2.96371e+00 | 41 -0.01382 -5.97932e-02 | 42 -0.77545 -1.59791e-02
 43  1.00070  5.45728e-02 | 44 -0.70839 -6.72149e-02 | 45  0.06296  6.87021e-02
 46 -0.67416 -1.54297e-02 | 47  0.20086 -1.40909e-01 | 48 -0.48043  2.74419e-01
 49 -0.15593  3.43080e-02 | 50  0.35675 -1.02272e-01 | 51 -0.20457 -1.10052e-02
 52 -0.85151 -1.45882e-02 |
52 variables; iteration 160; function evaluation 217; phase 3
Function value 3.1567198e+03; maximum gradient component mag -2.7160e+00
Var    Value     Gradient |Var    Value     Gradient |Var    Value     Gradient
  1  0.96241 -1.82344e-01 |  2 -0.01689  3.84044e-02 |  3  0.02930  3.73759e-02
  4  0.00870  3.75918e-02 |  5 -0.10483  3.98210e-02 |  6  0.01143  3.98359e-02
  7 -0.06891  3.84721e-02 |  8 -0.04656  3.86752e-02 |  9  0.02417  3.85476e-02
 10  0.14643  1.60379e-02 | 11  0.00560  2.79581e-02 | 12  0.13911  2.54434e-02
 13  0.09762  5.00856e-03 | 14  0.05770 -2.38767e-03 | 15 -0.01583  1.63670e-02
 16 -0.09843  2.13270e-02 | 17 -0.02763 -1.17507e-03 | 18  0.09283 -2.07440e-02
 19  0.13260 -3.37035e-02 | 20  0.01458 -4.33280e-03 | 21 -0.11267  1.40719e-02
 22 -0.07872  7.53123e-03 | 23  0.03341  1.36816e-02 | 24 -0.00186  5.46149e-03
 25 -0.06683 -6.66060e-03 | 26  0.01703 -6.56034e-02 | 27  0.04570 -5.67902e-02
 28  0.04401 -4.35912e-02 | 29  0.04405 -3.16755e-02 | 30  0.05323 -4.82384e-02
 31  0.08441 -6.31424e-02 | 32  0.09742 -9.10091e-02 | 33 -0.04165 -2.24982e-02
 34 -0.13493 -2.01232e-03 | 35 -0.06373 -1.33961e-02 | 36 -0.31010  3.40931e-02
 37 -0.03356 -2.71598e+00 | 38 -0.04102 -1.27639e+00 | 39 -0.03404 -3.77236e-01
 40 -0.04641 -1.73088e+00 | 41  0.07502 -2.74753e-02 | 42 -0.78108 -6.54723e-03
 43  0.99991 -4.83645e-03 | 44 -0.70832 -9.15290e-03 | 45  0.06296  3.48150e-02
 46 -0.67416 -5.89620e-03 | 47  0.20086 -4.55686e-02 | 48 -0.48043  1.26414e-01
 49 -0.21967  1.14356e-02 | 50  0.28705 -4.72077e-02 | 51 -0.20191 -3.27669e-03
 52 -0.84094 -1.04797e-02 |
52 variables; iteration 180; function evaluation 244; phase 3
Function value 3.1567193e+03; maximum gradient component mag -6.7464e-01
Var    Value     Gradient |Var    Value     Gradient |Var    Value     Gradient
  1  0.99809 -3.08785e-03 |  2 -0.01689  9.71192e-03 |  3  0.02930  8.98392e-03
  4  0.00870  9.30948e-03 |  5 -0.10483  1.02782e-02 |  6  0.01143  1.05865e-02
  7 -0.06891  9.61163e-03 |  8 -0.04656  9.79216e-03 |  9  0.02417  9.94167e-03
 10  0.14643  4.03734e-03 | 11  0.00560  6.90208e-03 | 12  0.13911  7.01341e-03
 13  0.09762  9.86499e-04 | 14  0.05770 -5.83352e-04 | 15 -0.01583  4.11791e-03
 16 -0.09843  5.03634e-03 | 17 -0.02763 -1.88789e-04 | 18  0.09283 -5.32291e-03
 19  0.13260 -8.52550e-03 | 20  0.01458 -7.06278e-04 | 21 -0.11267  3.85538e-03
 22 -0.07872  1.60007e-03 | 23  0.03341  2.65980e-03 | 24 -0.00187  1.63469e-03
 25 -0.06683 -1.29411e-03 | 26  0.01703 -1.66299e-02 | 27  0.04570 -1.38361e-02
 28  0.04401 -1.08695e-02 | 29  0.04405 -7.67475e-03 | 30  0.05323 -1.19899e-02
 31  0.08441 -1.50322e-02 | 32  0.09742 -2.28858e-02 | 33 -0.04165 -5.52900e-03
 34 -0.13493 -7.89289e-04 | 35 -0.06373 -2.72533e-03 | 36 -0.31010  8.48823e-03
 37 -0.03404 -6.74638e-01 | 38 -0.04151 -3.29304e-01 | 39 -0.03453 -9.48636e-02
 40 -0.04689 -4.33504e-01 | 41  0.13529 -8.55173e-03 | 42 -0.78977  1.59073e-03
 43  0.99970 -1.98821e-02 | 44 -0.70831 -2.47211e-03 | 45  0.06296  1.46195e-02
 46 -0.67416 -1.05709e-03 | 47  0.20086 -2.70439e-02 | 48 -0.48044  4.70401e-02
 49 -0.26367  6.17703e-03 | 50  0.24239 -1.91578e-02 | 51 -0.19795 -6.09344e-03
 52 -0.82633 -2.97943e-03 |
52 variables; iteration 200; function evaluation 268; phase 3
Function value 3.1567193e+03; maximum gradient component mag -4.3657e-01
Var    Value     Gradient |Var    Value     Gradient |Var    Value     Gradient
  1  1.00577  2.53884e-03 |  2 -0.01689  2.24758e-04 |  3  0.02930  4.93672e-03
  4  0.00870  6.69188e-03 |  5 -0.10484 -1.30715e-02 |  6  0.01143 -3.34753e-03
  7 -0.06892 -4.77409e-03 |  8 -0.04657 -1.13961e-03 |  9  0.02417 -9.08000e-04
 10  0.14643  1.17574e-02 | 11  0.00560  2.62480e-03 | 12  0.13910 -1.81093e-02
 13  0.09762 -2.78401e-03 | 14  0.05771  6.51757e-03 | 15 -0.01582  1.95769e-03
 16 -0.09842  1.40449e-02 | 17 -0.02763 -4.30702e-03 | 18  0.09284  3.88523e-03
 19  0.13260 -2.94778e-03 | 20  0.01458 -7.79053e-03 | 21 -0.11268 -1.97730e-03
 22 -0.07871  1.05632e-02 | 23  0.03343  2.03229e-02 | 24 -0.00187 -4.60322e-03
 25 -0.06683 -4.79398e-03 | 26  0.01703  1.37128e-05 | 27  0.04570 -1.39777e-03
 28  0.04401 -4.26579e-03 | 29  0.04405  3.23718e-03 | 30  0.05323  2.21104e-03
 31  0.08440 -1.00857e-02 | 32  0.09742  5.22711e-03 | 33 -0.04165  5.74460e-03
 34 -0.13492  1.32635e-02 | 35 -0.06373 -1.14804e-02 | 36 -0.31011 -1.29479e-03
 37 -0.03403  1.23782e-01 | 38 -0.04149  1.18554e-01 | 39 -0.03452 -3.05965e-02
 40 -0.04688 -2.16708e-02 | 41  0.14578 -2.01098e-02 | 42 -0.79565  4.38286e-02
 43  0.99966 -2.29065e-02 | 44 -0.70831  4.29440e-03 | 45  0.06296 -7.15477e-02
 46 -0.67417  1.98553e-03 | 47  0.20086  3.65499e-01 | 48 -0.48045 -4.36568e-01
 49 -0.27139 -1.37725e-02 | 50  0.23482 -1.51731e-02 | 51 -0.19535  1.09230e-02
 52 -0.81731  2.22350e-02 |
52 variables; iteration 220; function evaluation 290; phase 3
Function value 3.1567192e+03; maximum gradient component mag -4.8320e-01
Var    Value     Gradient |Var    Value     Gradient |Var    Value     Gradient
  1  1.00307  4.13937e-03 |  2 -0.01689  6.83725e-03 |  3  0.02930  9.41606e-03
  4  0.00870  9.64362e-03 |  5 -0.10483  3.26653e-03 |  6  0.01143  5.93458e-03
  7 -0.06891  6.36715e-03 |  8 -0.04656  7.28802e-03 |  9  0.02417  7.07087e-03
 10  0.14643  7.42562e-03 | 11  0.00560  5.76425e-03 | 12  0.13910 -1.73079e-03
 13  0.09762 -1.15859e-03 | 14  0.05771  1.63184e-03 | 15 -0.01583  4.40957e-03
 16 -0.09843  1.02349e-02 | 17 -0.02763 -2.09412e-03 | 18  0.09283 -3.21814e-03
 19  0.13260 -8.12307e-03 | 20  0.01458 -4.07265e-03 | 21 -0.11267  2.42290e-03
 22 -0.07872  5.84469e-03 | 23  0.03342  9.76207e-03 | 24 -0.00187  3.29452e-04
 25 -0.06683 -2.47900e-03 | 26  0.01703 -1.30854e-02 | 27  0.04570 -1.14658e-02
 28  0.04401 -1.04492e-02 | 29  0.04405 -4.68444e-03 | 30  0.05323 -8.67510e-03
 31  0.08440 -1.60670e-02 | 32  0.09742 -1.60030e-02 | 33 -0.04165 -2.15006e-03
 34 -0.13493  4.09165e-03 | 35 -0.06373 -6.92552e-03 | 36 -0.31010  6.43025e-03
 37 -0.03404 -4.83199e-01 | 38 -0.04150 -1.98130e-01 | 39 -0.03453 -8.92731e-02
 40 -0.04689 -3.46296e-01 | 41  0.12076 -1.37890e-02 | 42 -0.82398 -4.25181e-03
 43  0.99970 -2.04441e-02 | 44 -0.70831  3.19913e-03 | 45  0.06296 -2.13862e-02
 46 -0.67416  1.71664e-03 | 47  0.20086  1.40016e-01 | 48 -0.48044 -1.58642e-01
 49 -0.25302  4.60925e-03 | 50  0.25296 -2.42657e-02 | 51 -0.18391 -2.22477e-03
 52 -0.78203 -1.97329e-03 |
52 variables; iteration 240; function evaluation 314; phase 3
Function value 3.1567192e+03; maximum gradient component mag -2.0353e-02
Var    Value     Gradient |Var    Value     Gradient |Var    Value     Gradient
  1  0.99802 -1.13813e-03 |  2 -0.01689  2.74831e-04 |  3  0.02930  4.23628e-04
  4  0.00870  6.09193e-04 |  5 -0.10483 -8.89306e-05 |  6  0.01143 -9.48616e-05
  7 -0.06891  3.26577e-04 |  8 -0.04656  3.80957e-04 |  9  0.02417  2.64561e-04
 10  0.14643  3.35526e-04 | 11  0.00560  4.35223e-04 | 12  0.13911 -1.39700e-04
 13  0.09762  2.98607e-04 | 14  0.05770  2.82018e-04 | 15 -0.01583  1.41793e-04
 16 -0.09843  6.20913e-04 | 17 -0.02763 -2.97281e-04 | 18  0.09283  1.23638e-04
 19  0.13260 -2.65095e-05 | 20  0.01458 -4.55746e-04 | 21 -0.11267 -3.12922e-04
 22 -0.07872  3.83813e-04 | 23  0.03341  1.15475e-03 | 24 -0.00187 -9.40053e-05
 25 -0.06683 -4.82935e-04 | 26  0.01703 -4.30624e-04 | 27  0.04570 -3.30113e-04
 28  0.04401 -4.84375e-04 | 29  0.04405 -9.39361e-05 | 30  0.05323 -2.17062e-04
 31  0.08441 -5.95638e-04 | 32  0.09742 -2.32829e-05 | 33 -0.04165  4.29545e-06
 34 -0.13493  1.83697e-04 | 35 -0.06373 -9.45864e-04 | 36 -0.31010  1.83037e-04
 37 -0.03404 -1.80861e-02 | 38 -0.04150 -4.17189e-03 | 39 -0.03453 -4.30451e-03
 40 -0.04689 -1.00995e-02 | 41  0.11234  5.61744e-03 | 42 -0.82022 -1.49363e-05
 43  0.99990 -5.38830e-03 | 44 -0.70831 -4.07180e-04 | 45  0.06296 -2.83500e-03
 46 -0.67416  3.30256e-04 | 47  0.20086  1.64965e-02 | 48 -0.48044 -2.03532e-02
 49 -0.24686 -2.93339e-03 | 50  0.25915  9.85279e-03 | 51 -0.18533  1.77159e-03
 52 -0.78612 -1.84360e-04 |
52 variables; iteration 260; function evaluation 334; phase 3
Function value 3.1567192e+03; maximum gradient component mag -2.4752e-01
Var    Value     Gradient |Var    Value     Gradient |Var    Value     Gradient
  1  0.99898 -4.11648e-04 |  2 -0.01689 -1.12900e-03 |  3  0.02930  4.04715e-03
  4  0.00870  4.27321e-03 |  5 -0.10483 -8.26397e-03 |  6  0.01143 -5.68378e-03
  7 -0.06892 -2.44852e-03 |  8 -0.04656 -1.57444e-03 |  9  0.02417 -1.17267e-03
 10  0.14643  5.44208e-03 | 11  0.00560 -4.48728e-04 | 12  0.13910 -1.16966e-02
 13  0.09762 -4.33661e-03 | 14  0.05771  6.30670e-04 | 15 -0.01582  1.95685e-03
 16 -0.09842  1.00112e-02 | 17 -0.02763 -3.69495e-03 | 18  0.09284 -2.63531e-04
 19  0.13260 -3.60786e-03 | 20  0.01458 -7.77871e-03 | 21 -0.11267  1.82307e-03
 22 -0.07872  5.29505e-03 | 23  0.03342  7.33957e-03 | 24 -0.00186 -6.68904e-04
 25 -0.06683 -1.06879e-04 | 26  0.01703  1.39043e-03 | 27  0.04570 -2.39540e-03
 28  0.04401 -2.53648e-03 | 29  0.04405  4.51488e-04 | 30  0.05323  1.49736e-03
 31  0.08440 -7.79051e-03 | 32  0.09742  1.46164e-03 | 33 -0.04165  2.38948e-03
 34 -0.13493  7.51654e-03 | 35 -0.06373 -7.37662e-03 | 36 -0.31011 -1.12986e-03
 37 -0.03404 -4.66663e-02 | 38 -0.04151  7.76009e-02 | 39 -0.03453 -9.22808e-03
 40 -0.04689  8.99208e-02 | 41  0.10317 -3.10747e-02 | 42 -0.81877 -2.61947e-03
 43  0.99997  2.28795e-03 | 44 -0.70835 -3.13727e-02 | 45  0.06296 -3.34882e-02
 46 -0.67416  1.89170e-03 | 47  0.20086  2.07191e-01 | 48 -0.48045 -2.47517e-01
 49 -0.24016 -4.79276e-03 | 50  0.26593 -3.76709e-02 | 51 -0.18588  1.04656e-02
 52 -0.78775 -5.76407e-03 |
52 variables; iteration 280; function evaluation 355; phase 3
Function value 3.1567191e+03; maximum gradient component mag -4.4420e-03
Var    Value     Gradient |Var    Value     Gradient |Var    Value     Gradient
  1  0.99960  1.82785e-05 |  2 -0.01689 -4.03703e-05 |  3  0.02930  2.36796e-05
  4  0.00870  5.29956e-05 |  5 -0.10483 -9.12163e-05 |  6  0.01143 -2.77505e-05
  7 -0.06891 -1.96978e-05 |  8 -0.04656  1.90674e-05 |  9  0.02417 -2.78853e-05
 10  0.14643  6.44675e-06 | 11  0.00560  2.50955e-05 | 12  0.13911 -1.98845e-04
 13  0.09762 -9.12715e-05 | 14  0.05770  2.51737e-06 | 15 -0.01583  3.14222e-05
 16 -0.09843  2.13180e-04 | 17 -0.02763  1.31837e-06 | 18  0.09283 -1.24419e-06
 19  0.13260 -1.13105e-04 | 20  0.01458 -2.54587e-05 | 21 -0.11267 -2.88145e-06
 22 -0.07872  1.88158e-04 | 23  0.03341  1.68530e-04 | 24 -0.00187 -3.62022e-05
 25 -0.06683  1.69720e-05 | 26  0.01703  3.38042e-05 | 27  0.04570  3.37836e-05
 28  0.04401 -2.84668e-05 | 29  0.04405  3.74543e-05 | 30  0.05323  4.21568e-05
 31  0.08441 -6.25401e-05 | 32  0.09742 -6.18547e-05 | 33 -0.04165  7.54537e-05
 34 -0.13493  1.70822e-04 | 35 -0.06373 -6.98288e-05 | 36 -0.31010  3.02172e-05
 37 -0.03404  4.74613e-04 | 38 -0.04151  1.47812e-03 | 39 -0.03453 -2.74043e-04
 40 -0.04689  2.62252e-04 | 41  0.07249 -1.67515e-03 | 42 -0.81802  8.19404e-04
 43  0.99996 -6.16149e-05 | 44 -0.70831  1.22244e-04 | 45  0.06296 -5.33234e-04
 46 -0.67416  9.99235e-05 | 47  0.20086  4.08503e-03 | 48 -0.48044 -4.44196e-03
 49 -0.21784  2.24885e-04 | 50  0.28898 -2.42611e-03 | 51 -0.18618  3.80037e-04
 52 -0.78858  5.77316e-04 |
Warning: the following parameters had issues
  SR_parm[1] is within 0.1% of upper bound: 5.00000e+00 < 2.50000e+01 < 2.50000e+01
  selparm[3] is within 0.1% of upper bound: -3.00000e+00 < 1.50000e+01 < 1.50000e+01


 - final statistics:
52 variables; iteration 284; function evaluation 359
Function value 3.1567e+03; maximum gradient component mag -7.1252e-05
Exit code = 1;  converg criter 1.0000e-04
Var    Value     Gradient |Var    Value     Gradient |Var    Value     Gradient
  1  0.99958 -7.59003e-08 |  2 -0.01689 -1.94968e-07 |  3  0.02930 -5.42755e-07
  4  0.00870  3.81866e-07 |  5 -0.10483  1.66599e-06 |  6  0.01143  5.64598e-07
  7 -0.06891  1.20783e-06 |  8 -0.04656  7.58642e-07 |  9  0.02417 -3.30240e-08
 10  0.14643  5.23683e-07 | 11  0.00560  1.17758e-06 | 12  0.13911  4.74306e-07
 13  0.09762  1.43567e-06 | 14  0.05770  6.57673e-07 | 15 -0.01583  6.22074e-08
 16 -0.09843 -7.75518e-07 | 17 -0.02763  6.54406e-07 | 18  0.09283  4.48990e-07
 19  0.13260  7.59004e-07 | 20  0.01458  7.55731e-07 | 21 -0.11267 -4.18527e-07
 22 -0.07872  9.30088e-07 | 23  0.03341  1.08195e-06 | 24 -0.00187  7.96108e-08
 25 -0.06683 -1.06639e-06 | 26  0.01703 -9.94994e-07 | 27  0.04570  3.05000e-08
 28  0.04401 -6.97180e-07 | 29  0.04405 -3.33028e-09 | 30  0.05323 -7.91420e-07
 31  0.08441 -5.86213e-07 | 32  0.09742 -1.10128e-06 | 33 -0.04165 -4.00119e-07
 34 -0.13493 -1.01193e-06 | 35 -0.06373 -9.56225e-07 | 36 -0.31010  5.62735e-07
 37 -0.03404  2.53917e-05 | 38 -0.04151 -1.10970e-05 | 39 -0.03453 -1.26960e-05
 40 -0.04689 -7.12521e-05 | 41  0.07203  5.65741e-06 | 42 -0.81810  3.15005e-06
 43  0.99996  5.96883e-07 | 44 -0.70831  1.63525e-05 | 45  0.06296 -7.22253e-06
 46 -0.67416  1.95478e-06 | 47  0.20086  2.28164e-05 | 48 -0.48044 -2.36790e-05
 49 -0.21751 -5.01049e-06 | 50  0.28933  1.22218e-05 | 51 -0.18615  3.88076e-06
 52 -0.78850  1.62504e-06 |
Estimating row 1 out of 52 for hessian
Estimating row 2 out of 52 for hessian
Estimating row 3 out of 52 for hessian
Estimating row 4 out of 52 for hessian
Estimating row 5 out of 52 for hessian
Estimating row 6 out of 52 for hessian
Estimating row 7 out of 52 for hessian
Estimating row 8 out of 52 for hessian
Estimating row 9 out of 52 for hessian
Estimating row 10 out of 52 for hessian
Estimating row 11 out of 52 for hessian
Estimating row 12 out of 52 for hessian
Estimating row 13 out of 52 for hessian
Estimating row 14 out of 52 for hessian
Estimating row 15 out of 52 for hessian
Estimating row 16 out of 52 for hessian
Estimating row 17 out of 52 for hessian
Estimating row 18 out of 52 for hessian
Estimating row 19 out of 52 for hessian
Estimating row 20 out of 52 for hessian
Estimating row 21 out of 52 for hessian
Estimating row 22 out of 52 for hessian
Estimating row 23 out of 52 for hessian
Estimating row 24 out of 52 for hessian
Estimating row 25 out of 52 for hessian
Estimating row 26 out of 52 for hessian
Estimating row 27 out of 52 for hessian
Estimating row 28 out of 52 for hessian
Estimating row 29 out of 52 for hessian
Estimating row 30 out of 52 for hessian
Estimating row 31 out of 52 for hessian
Estimating row 32 out of 52 for hessian
Estimating row 33 out of 52 for hessian
Estimating row 34 out of 52 for hessian
Estimating row 35 out of 52 for hessian
Estimating row 36 out of 52 for hessian
Estimating row 37 out of 52 for hessian
Estimating row 38 out of 52 for hessian
Estimating row 39 out of 52 for hessian
Estimating row 40 out of 52 for hessian
Estimating row 41 out of 52 for hessian
Estimating row 42 out of 52 for hessian
Estimating row 43 out of 52 for hessian
Estimating row 44 out of 52 for hessian
Estimating row 45 out of 52 for hessian
Estimating row 46 out of 52 for hessian
Estimating row 47 out of 52 for hessian
Estimating row 48 out of 52 for hessian
Estimating row 49 out of 52 for hessian
Estimating row 50 out of 52 for hessian
Estimating row 51 out of 52 for hessian
Estimating row 52 out of 52 for hessian
size of file gradfil1.tmp = 0
size of file gradfil2.tmp = 0
size of file varssave.tmp = 0
size of file cmpdiff.tmp = 0
