
Initial statistics: 36 variables; iteration 0; function evaluation 0; phase 1
Function value 6.6866566e+03; maximum gradient component mag 4.7288e+03
Var    Value     Gradient |Var    Value     Gradient |Var    Value     Gradient
  1  0.04736  4.72875e+03 |  2 -0.04066 -1.30336e+02 |  3  0.07731 -7.41966e+01
  4 -0.01808 -1.40211e+02 |  5 -0.08004  1.60821e+01 |  6 -0.07069 -2.07226e+02
  7 -0.12301 -3.89525e+01 |  8 -0.07922 -3.61071e+01 |  9 -0.03699 -8.57274e+01
 10  0.10849  9.22138e+01 | 11 -0.02494  4.64383e+01 | 12 -0.03864 -1.13124e+02
 13  0.00684 -2.35993e+01 | 14  0.13694  3.38382e+02 | 15  0.07317  1.35869e+02
 16 -0.04344 -7.41646e+02 | 17 -0.05612 -2.01701e+02 | 18  0.04910 -5.23232e+02
 19  0.00672 -2.58107e+02 | 20  0.00398 -9.18760e+01 | 21 -0.10294 -3.12616e+01
 22  0.00454 -2.11698e+02 | 23  0.02966 -2.72253e+02 | 24 -0.00974  4.85441e+01
 25 -0.07882  3.14146e+01 | 26  0.08563  5.33181e+02 | 27  0.05508  2.99839e+02
 28 -0.00300  2.75915e+00 | 29 -0.04016 -3.71908e+02 | 30 -0.01183  9.80257e+01
 31  0.03670  1.93068e+02 | 32  0.06804  1.78508e+02 | 33  0.04598  5.55082e+02
 34  0.03089  7.11616e+02 | 35  0.04674  2.63500e+02 | 36 -0.00713 -3.27890e+00

Intermediate statistics: 36 variables; iteration 20; function evaluation 30; phase 1
Function value 6.4548968e+03; maximum gradient component mag -5.7855e+02
Var    Value     Gradient |Var    Value     Gradient |Var    Value     Gradient
  1  0.04898 -5.78546e+02 |  2  0.01605  7.25792e+00 |  3  0.08464  7.51443e+00
  4  0.02415 -1.56333e+00 |  5 -0.11138 -6.05273e+00 |  6  0.01511 -1.58572e+00
  7 -0.09346 -3.71506e+00 |  8 -0.07266 -2.77268e+00 |  9 -0.00793  1.45259e+01
 10  0.09067  8.05643e+01 | 11 -0.07288 -1.31501e+00 | 12 -0.00101  4.63723e+01
 13  0.02481  8.95830e+01 | 14  0.06346  1.04890e+02 | 15 -0.07701 -4.56040e+01
 16  0.12643  3.80617e+01 | 17 -0.01318 -1.08737e+01 | 18  0.10731 -8.10473e+01
 19  0.05304 -1.33143e+00 | 20  0.00197 -2.84527e+01 | 21 -0.10880 -1.52554e+01
 22  0.04122 -2.31404e+01 | 23  0.07005 -4.88811e+01 | 24 -0.03767 -4.34248e+01
 25 -0.06668 -2.19543e+01 | 26  0.03763 -1.31393e+02 | 27  0.02121 -1.00418e+02
 28 -0.00625 -8.00158e+01 | 29  0.01630 -7.42550e+01 | 30 -0.05829 -1.02754e+02
 31  0.00237 -8.53881e+01 | 32  0.06164 -9.16923e+01 | 33  0.00972  7.79115e+01
 34 -0.07241  4.43189e+01 | 35  0.02492  8.19655e+01 | 36 -0.10596 -2.72277e+01
36 variables; iteration 40; function evaluation 63; phase 1
Function value 6.4487530e+03; maximum gradient component mag -2.6263e+01
Var    Value     Gradient |Var    Value     Gradient |Var    Value     Gradient
  1  0.04954 -2.62634e+01 |  2  0.00865  1.80344e+00 |  3  0.07928  4.18228e+00
  4  0.01745 -4.67646e+00 |  5 -0.11479 -3.53854e-01 |  6  0.01202 -1.09623e+00
  7 -0.09511  6.87519e-01 |  8 -0.07258 -1.02674e-01 |  9 -0.01194 -4.51952e-01
 10  0.08088  4.18061e+00 | 11 -0.06987  5.80520e-01 | 12 -0.00961  5.22478e+00
 13  0.01135  5.88447e+00 | 14  0.05748  5.68284e+00 | 15 -0.05274 -4.44447e+00
 16  0.11999  3.18237e+00 | 17 -0.01223 -2.79118e+00 | 18  0.11955 -5.90009e+00
 19  0.05502  5.36999e-01 | 20  0.00894 -1.35533e+00 | 21 -0.09989 -6.75344e-01
 22  0.04434 -2.91374e+00 | 23  0.07155 -6.57839e+00 | 24 -0.03450 -8.56560e+00
 25 -0.07436 -5.31589e+00 | 26  0.04190 -9.42011e+00 | 27  0.02344 -7.08882e+00
 28 -0.00550 -1.20366e+01 | 29  0.01750 -5.82071e+00 | 30 -0.04563 -7.97741e+00
 31  0.00871 -3.79049e+00 | 32  0.06796  1.17805e+00 | 33  0.00072  1.24544e+01
 34 -0.07677  1.16003e+01 | 35  0.01845  6.82517e+00 | 36 -0.09058 -1.51398e+00

 - final statistics:
36 variables; iteration 43; function evaluation 66
Function value 6.4487e+03; maximum gradient component mag -3.8683e-01
Exit code = 1;  converg criter 1.0000e+01
Var    Value     Gradient |Var    Value     Gradient |Var    Value     Gradient
  1  0.04968 -3.86829e-01 |  2  0.00727  5.55581e-03 |  3  0.07766  5.42487e-03
  4  0.01874  3.41561e-03 |  5 -0.11497  7.57747e-03 |  6  0.01206  3.43909e-03
  7 -0.09576  7.59555e-03 |  8 -0.07277  6.50110e-03 |  9 -0.01168  4.92235e-03
 10  0.08011  5.85633e-03 | 11 -0.07018  7.89157e-03 | 12 -0.01138  4.66374e-03
 13  0.01019  4.67298e-03 | 14  0.05719  4.04558e-03 | 15 -0.05039  6.68287e-03
 16  0.11919 -3.69619e-03 | 17 -0.01163  2.85003e-04 | 18  0.12028  5.95194e-04
 19  0.05478  4.25427e-03 | 20  0.00907  2.73871e-03 | 21 -0.09977  5.70246e-03
 22  0.04469  2.51810e-03 | 23  0.07244 -2.07002e-03 | 24 -0.03196 -6.40990e-03
 25 -0.07234 -9.07008e-03 | 26  0.04084 -2.63533e-02 | 27  0.02308 -2.71279e-02
 28 -0.00465 -2.23248e-02 | 29  0.01742 -9.74549e-03 | 30 -0.04463 -1.86855e-03
 31  0.00906  8.80594e-03 | 32  0.06829 -7.36948e-03 | 33  0.00007 -1.50949e-03
 34 -0.07832  6.10463e-03 | 35  0.01791  1.36314e-02 | 36 -0.09006  7.32231e-03

Initial statistics: 46 variables; iteration 0; function evaluation 0; phase 2
Function value 6.4486848e+03; maximum gradient component mag -1.5348e+04
Var    Value     Gradient |Var    Value     Gradient |Var    Value     Gradient
  1  0.04968 -3.86829e-01 |  2  0.00727  5.18296e-03 |  3  0.07766  5.05476e-03
  4  0.01874  3.04290e-03 |  5 -0.11497  7.21066e-03 |  6  0.01206  3.06628e-03
  7 -0.09576  7.22688e-03 |  8 -0.07277  6.13066e-03 |  9 -0.01168  4.54953e-03
 10  0.08011  5.48640e-03 | 11 -0.07018  7.52095e-03 | 12 -0.01138  4.29092e-03
 13  0.01019  4.30015e-03 | 14  0.05719  3.67420e-03 | 15 -0.05039  6.31116e-03
 16  0.11919 -4.06255e-03 | 17 -0.01163 -8.78111e-05 | 18  0.12028  2.28954e-04
 19  0.05478  3.88277e-03 | 20  0.00907  2.36588e-03 | 21 -0.09977  5.33415e-03
 22  0.04469  2.14614e-03 | 23  0.07244 -2.44048e-03 | 24 -0.03196 -6.78230e-03
 25 -0.07234 -9.44055e-03 | 26  0.04084 -2.67254e-02 | 27  0.02308 -2.75005e-02
 28 -0.00465 -2.26977e-02 | 29  0.01742 -1.01182e-02 | 30 -0.04463 -2.24051e-03
 31  0.00906  8.43311e-03 | 32  0.06829 -7.74022e-03 | 33  0.00007 -1.88237e-03
 34 -0.07832  5.73458e-03 | 35  0.01791  1.32586e-02 | 36 -0.09006  6.95316e-03
 37  0.28975  1.45486e+04 | 38  0.17265 -1.53477e+04 | 39  0.17689 -3.77501e+03
 40  0.27708  4.19553e+03 | 41 -0.05158 -9.14917e+02 | 42 -0.39889  1.09485e+03
 43 -0.04501 -1.29908e+02 | 44 -0.10048 -1.18996e+03 | 45 -0.17809  1.18413e+02
 46 -0.28298  8.18488e+02 |

Intermediate statistics: 46 variables; iteration 20; function evaluation 29; phase 2
Function value 4.9116034e+03; maximum gradient component mag -7.2145e+03
Var    Value     Gradient |Var    Value     Gradient |Var    Value     Gradient
  1  0.12044 -6.10659e+03 |  2 -0.07251  8.44423e+01 |  3 -0.07815  6.37912e+01
  4 -0.12437  5.40995e+01 |  5 -0.24852  6.76336e+01 |  6 -0.13417  7.02761e+01
  7 -0.23272  4.89986e+01 |  8 -0.17524  6.57320e+01 |  9 -0.03839  1.29852e+02
 10  0.05863  3.27564e+00 | 11 -0.00773  1.68833e+02 | 12  0.01453  4.54322e+01
 13  0.05085  1.82013e+02 | 14  0.05661  1.70906e+01 | 15  0.07347  2.73949e+02
 16  0.04914 -2.21491e+02 | 17  0.07372  1.58371e+02 | 18  0.18646  6.53655e+01
 19  0.15390  1.21225e+02 | 20 -0.02359 -9.22466e+01 | 21 -0.04392  8.07115e+01
 22  0.00905  5.41130e-02 | 23 -0.07342 -1.52417e+02 | 24  0.03141  1.07124e+02
 25  0.06710  1.08016e+02 | 26 -0.00053 -2.00604e+02 | 27  0.09236 -1.69476e+02
 28  0.00539 -1.65106e+02 | 29  0.15299  1.73449e+02 | 30  0.06294  7.53038e+00
 31  0.07368 -1.97031e+02 | 32  0.07696 -3.67404e+02 | 33 -0.04766 -3.01951e+02
 34  0.06778  2.40890e+02 | 35  0.04867 -1.36407e+02 | 36 -0.10248  4.25447e+01
 37  0.19052  8.36836e+02 | 38  0.18334 -7.21452e+03 | 39  0.17381 -1.04887e+03
 40  0.16189 -6.26273e+03 | 41 -0.44006  7.71538e+02 | 42 -0.80989 -5.07632e+02
 43  0.18079  1.63485e+02 | 44  0.14307  1.25394e+03 | 45 -0.16548 -4.85622e+01
 46 -0.45361 -9.56758e+02 |
46 variables; iteration 40; function evaluation 57; phase 2
Function value 4.5829065e+03; maximum gradient component mag -7.4477e+02
Var    Value     Gradient |Var    Value     Gradient |Var    Value     Gradient
  1  0.10664 -8.04352e+01 |  2 -0.02156  1.33644e+00 |  3 -0.00321 -5.94712e+01
  4 -0.00536  3.61439e+00 |  5 -0.08365  6.06663e+01 |  6  0.00178  1.72797e+01
  7 -0.08631  8.02396e+00 |  8 -0.06521  2.45562e+01 |  9 -0.05546 -7.11569e+01
 10  0.08855  7.75558e+00 | 11 -0.04299  8.43373e-01 | 12  0.01057 -1.54135e+01
 13 -0.01677 -5.22514e+01 | 14  0.09110  1.14696e+02 | 15 -0.00552  4.60394e+00
 16  0.07328 -3.76323e+01 | 17  0.04203  2.98064e+01 | 18  0.16016  7.93809e+01
 19  0.14472  9.75557e+01 | 20 -0.05716 -9.93115e+01 | 21 -0.06002 -9.83426e+00
 22 -0.03567 -4.14057e+01 | 23 -0.05154 -4.72348e+01 | 24 -0.02328 -3.71531e+01
 25 -0.00235 -1.90692e+01 | 26 -0.01874 -9.05631e+01 | 27  0.03937 -3.66761e+01
 28  0.04149  1.69408e+02 | 29  0.04167 -8.34484e+00 | 30  0.01573  9.79552e+01
 31  0.03787 -3.40052e+01 | 32  0.06738 -5.32551e+01 | 33 -0.03110 -6.28984e+01
 34 -0.01209  1.20675e+02 | 35  0.03876 -4.99008e+01 | 36 -0.21721 -1.42186e+00
 37  0.20304 -8.68631e+01 | 38  0.23774  9.80600e+01 | 39  0.19372 -7.44767e+02
 40  0.20214 -4.73084e+02 | 41 -0.12504 -4.26554e+01 | 42 -0.84913  2.00055e+01
 43 -0.04769  3.86447e+01 | 44 -0.05822 -1.01587e+02 | 45 -0.15206  3.40689e+00
 46 -0.41363  4.89324e+01 |
46 variables; iteration 60; function evaluation 91; phase 2
Function value 4.4889703e+03; maximum gradient component mag -8.5259e+02
Var    Value     Gradient |Var    Value     Gradient |Var    Value     Gradient
  1  0.04003 -8.52594e+02 |  2  0.00419  1.16459e+01 |  3  0.04715  5.20496e+00
  4 -0.00913  1.24613e+01 |  5 -0.12999  1.34595e+01 |  6 -0.01380  1.27080e+01
  7 -0.10450  1.62353e+01 |  8 -0.06477  1.26083e+01 |  9  0.00999  2.35338e+00
 10  0.11829 -1.82642e+00 | 11 -0.02734  1.02174e+01 | 12  0.02171  8.42806e+00
 13  0.03254  1.18996e+01 | 14  0.06836  1.04381e+01 | 15 -0.05822  5.54084e+00
 16  0.04253 -6.59892e-01 | 17 -0.03473  1.11863e+01 | 18  0.09924  3.35129e+00
 19  0.07937  7.19829e+00 | 20 -0.05012  1.11548e+01 | 21 -0.09474  8.99590e+00
 22 -0.02823  9.10793e+00 | 23  0.00961  1.59507e+01 | 24  0.02487  1.22695e+01
 25  0.01469  1.07466e+01 | 26  0.03569  5.22372e+00 | 27  0.05887  3.48198e+00
 28  0.00685  1.60150e+00 | 29  0.02040 -7.82933e+00 | 30 -0.02148 -4.03479e+00
 31  0.04166 -2.34814e+01 | 32  0.08831 -7.35714e+01 | 33  0.00482 -6.33181e+01
 34 -0.01796 -5.99731e+01 | 35  0.02949 -9.74616e+00 | 36 -0.20728  1.13364e+01
 37  0.24955 -2.36013e+02 | 38  0.26922  1.22717e+00 | 39  0.25539 -3.68650e+01
 40  0.25634 -2.44919e+02 | 41 -0.05906 -4.85997e+01 | 42 -0.81406  9.89153e+00
 43 -0.04970 -1.95204e+01 | 44 -0.06230 -5.11700e+01 | 45 -0.17758  6.20234e+00
 46 -0.40873  1.58143e+01 |
Maximum number of function evaluations exceeded

 - final statistics:
46 variables; iteration 68; function evaluation 100
Function value 4.4885e+03; maximum gradient component mag -3.8037e+01
Exit code = 3;  converg criter 1.0000e+01
Var    Value     Gradient |Var    Value     Gradient |Var    Value     Gradient
  1  0.03941 -3.80369e+01 |  2  0.00319  3.58442e-01 |  3  0.04704  5.55193e-01
  4 -0.01204  5.12174e-01 |  5 -0.13397  4.23322e-01 |  6 -0.01818  5.28812e-01
  7 -0.11101  3.76696e-01 |  8 -0.06755  5.43842e-01 |  9  0.01351  1.10625e+00
 10  0.11971  1.52945e+00 | 11 -0.02703  6.52951e-01 | 12  0.02288 -1.09261e-02
 13  0.03242 -7.33581e-01 | 14  0.06834 -2.51728e+00 | 15 -0.05624 -3.25071e-02
 16  0.04379 -1.05040e+00 | 17 -0.03597  1.29050e-01 | 18  0.10000  7.43163e-01
 19  0.07938  5.10426e-01 | 20 -0.05027  3.93504e-01 | 21 -0.09376  6.51528e-01
 22 -0.02703  4.01740e-01 | 23  0.00893  7.10729e-02 | 24  0.02478 -4.45343e-01
 25  0.01412 -1.12366e+00 | 26  0.03737 -3.21066e+00 | 27  0.05845 -5.12970e-03
 28  0.00764 -6.68475e-02 | 29  0.02191  3.00430e-01 | 30 -0.02130 -4.45824e-02
 31  0.04189 -4.60061e-01 | 32  0.09006 -6.59848e-01 | 33  0.00846 -7.81237e-02
 34 -0.01621  1.30689e-01 | 35  0.02919 -1.37182e-01 | 36 -0.20625  6.67087e-01
 37  0.25042 -1.24302e+01 | 38  0.26931  1.96627e+00 | 39  0.25642 -2.27853e+00
 40  0.25744 -1.24156e+01 | 41 -0.05173 -4.90926e-01 | 42 -0.81291  3.96686e-01
 43 -0.04747  1.65031e+00 | 44 -0.06633 -2.35867e+00 | 45 -0.17435 -6.32989e-01
 46 -0.40883  1.38082e+00 |

Initial statistics: 52 variables; iteration 0; function evaluation 0; phase 3
Function value 4.4885118e+03; maximum gradient component mag -3.6571e+03
Var    Value     Gradient |Var    Value     Gradient |Var    Value     Gradient
  1  0.03941 -3.80369e+01 |  2  0.00319  3.56010e-01 |  3  0.04704  5.52769e-01
  4 -0.01204  5.09743e-01 |  5 -0.13397  4.20944e-01 |  6 -0.01818  5.26382e-01
  7 -0.11101  3.74302e-01 |  8 -0.06755  5.41425e-01 |  9  0.01351  1.10382e+00
 10  0.11971  1.52707e+00 | 11 -0.02703  6.50522e-01 | 12  0.02288 -1.33557e-02
 13  0.03242 -7.36009e-01 | 14  0.06834 -2.51970e+00 | 15 -0.05624 -3.49289e-02
 16  0.04379 -1.05283e+00 | 17 -0.03597  1.26622e-01 | 18  0.10000  7.40762e-01
 19  0.07938  5.08014e-01 | 20 -0.05027  3.91081e-01 | 21 -0.09376  6.49123e-01
 22 -0.02703  3.99311e-01 | 23  0.00893  6.86419e-02 | 24  0.02478 -4.47772e-01
 25  0.01412 -1.12609e+00 | 26  0.03737 -3.21309e+00 | 27  0.05845 -7.55070e-03
 28  0.00764 -6.92786e-02 | 29  0.02191  2.98000e-01 | 30 -0.02130 -4.70123e-02
 31  0.04189 -4.62487e-01 | 32  0.09006 -6.62254e-01 | 33  0.00846 -8.05547e-02
 34 -0.01621  1.28258e-01 | 35  0.02919 -1.39610e-01 | 36 -0.20625  6.64783e-01
 37  0.25042 -1.24302e+01 | 38  0.26931  1.96627e+00 | 39  0.25642 -2.27853e+00
 40  0.25744 -1.24156e+01 | 41 -0.05173 -4.90926e-01 | 42 -0.81291  3.96686e-01
 43  0.29168 -3.83617e+02 | 44 -0.32003  8.02127e+01 | 45  0.12658 -3.65713e+03
 46 -0.89706  9.17837e+02 | 47  0.33767  2.79768e+02 | 48 -0.35481  1.94810e+02
 49 -0.04747  1.65031e+00 | 50 -0.06633 -2.35867e+00 | 51 -0.17435 -6.32989e-01
 52 -0.40883  1.38082e+00 |

Intermediate statistics: 52 variables; iteration 20; function evaluation 29; phase 3
Function value 3.1342316e+03; maximum gradient component mag -1.2142e+04
Var    Value     Gradient |Var    Value     Gradient |Var    Value     Gradient
  1  0.04047 -1.21416e+04 |  2 -0.00589  1.60394e+02 |  3  0.03592  1.42765e+02
  4 -0.02362  1.62691e+02 |  5 -0.14165  1.80688e+02 |  6 -0.02625  1.64980e+02
  7 -0.11465  1.87671e+02 |  8 -0.07305  1.72406e+02 |  9  0.00575  1.37650e+02
 10  0.11286  1.98609e+01 | 11 -0.00978  1.51830e+02 | 12  0.05306  1.66798e+02
 13  0.07781  1.65202e+02 | 14  0.03997 -1.06771e+02 | 15  0.07843  2.61839e+02
 16 -0.06996  6.92049e+01 | 17  0.06011  2.99543e+02 | 18  0.08081  9.18482e+01
 19  0.16657  2.33050e+02 | 20 -0.03702  1.35655e+02 | 21  0.04571  2.28087e+02
 22  0.05635  1.97448e+02 | 23 -0.29110 -3.72083e+01 | 24  0.05673  3.32633e+01
 25  0.15184  3.72596e+01 | 26 -0.09047 -2.44365e+02 | 27  0.02935 -3.95912e+02
 28  0.04976 -2.50172e+02 | 29  0.00338 -2.37101e+02 | 30 -0.00694 -2.76693e+02
 31  0.05976 -3.37231e+02 | 32  0.09068 -5.70174e+02 | 33 -0.01210 -2.09171e+02
 34 -0.03490 -1.92694e+02 | 35  0.01121 -3.59525e+02 | 36 -0.34221  1.29894e+02
 37  0.23709 -2.66131e+03 | 38  0.21625 -2.88106e+03 | 39  0.24451 -1.30962e+02
 40  0.23340 -4.29921e+03 | 41 -0.06341 -7.66160e+02 | 42 -0.82495  1.35236e+02
 43  0.32917  3.96980e+01 | 44 -0.34201  5.29207e+01 | 45  0.64633 -1.04859e+03
 46 -0.86931  2.12689e+02 | 47  0.20766  1.96741e+02 | 48 -0.49115 -4.15142e+02
 49 -0.05054 -9.62723e+01 | 50 -0.08252 -1.01480e+03 | 51 -0.17398  4.55290e+01
 52 -0.41530  2.64007e+02 |
52 variables; iteration 40; function evaluation 55; phase 3
Function value 2.9648308e+03; maximum gradient component mag -5.1320e+03
Var    Value     Gradient |Var    Value     Gradient |Var    Value     Gradient
  1  0.03441 -5.13205e+03 |  2  0.00626  1.19298e+02 |  3  0.05570  1.59743e+02
  4 -0.01529  1.20412e+02 |  5 -0.14497  1.00091e+02 |  6 -0.03961  9.80126e+01
  7 -0.14503  8.13361e+01 |  8 -0.08858  8.74023e+01 |  9 -0.00125  5.46860e+01
 10  0.11534 -2.94097e+01 | 11 -0.01757  7.61168e+01 | 12  0.02904  8.50556e+01
 13  0.05430  7.09845e+01 | 14  0.11435  1.02928e+02 | 15  0.01281 -7.76143e+01
 16 -0.06809 -6.95136e+01 | 17 -0.03488 -8.81055e+01 | 18  0.05416 -7.45917e+01
 19  0.11455 -1.83079e+01 | 20 -0.02291  1.35266e+02 | 21  0.00338  1.05105e+02
 22  0.02476  6.41654e+01 | 23 -0.13501 -6.23830e+01 | 24  0.05098 -1.84624e+01
 25  0.09662  4.95444e+01 | 26 -0.02329 -1.85779e+02 | 27  0.08968 -5.28187e+01
 28 -0.01148 -2.21772e+02 | 29  0.08008  1.22834e+02 | 30 -0.07594 -2.20008e+02
 31  0.05121 -4.68709e+01 | 32  0.12535  1.81304e+02 | 33 -0.03824 -1.37371e+01
 34  0.01018  1.41569e+02 | 35  0.05584  2.54993e+02 | 36 -0.25728  9.23402e+01
 37  0.24950 -2.00616e+03 | 38  0.23287 -5.65696e+02 | 39  0.26216  2.60886e+01
 40  0.25377 -8.10711e+00 | 41  0.40919 -3.14391e+02 | 42 -0.92225  3.51337e+01
 43  0.35442  3.26422e+01 | 44 -0.33325  9.54935e+01 | 45  0.70086 -6.29571e+02
 46 -0.88057  9.63282e+01 | 47  0.22749  1.82557e+02 | 48 -0.47859 -1.16873e+02
 49 -0.34221  7.62355e+01 | 50 -0.40055 -5.33666e+02 | 51 -0.16155 -8.50310e+01
 52 -0.37902  2.54779e+02 |
52 variables; iteration 60; function evaluation 82; phase 3
Function value 2.8271189e+03; maximum gradient component mag -1.2438e+03
Var    Value     Gradient |Var    Value     Gradient |Var    Value     Gradient
  1  0.03857 -1.24378e+03 |  2  0.00497  1.24226e+01 |  3  0.04179  1.37402e-01
  4 -0.01654  1.12591e+01 |  5 -0.14638 -1.07929e+00 |  6 -0.02736  3.43925e+00
  7 -0.12469  1.37469e+00 |  8 -0.07690  2.50450e+00 |  9  0.01554  1.95598e+01
 10  0.10571 -2.57503e+01 | 11 -0.02039  7.87457e+00 | 12  0.00612 -5.49688e+00
 13  0.03736  8.40295e+00 | 14  0.08472  2.54174e+01 | 15  0.02423  1.20184e+00
 16 -0.05347 -1.05242e+01 | 17 -0.02014 -2.76895e+01 | 18  0.06621  1.66876e+01
 19  0.11259  6.72401e+01 | 20 -0.04761  2.26076e+01 | 21 -0.04226 -1.99519e+01
 22 -0.00245  2.28780e+01 | 23 -0.02345  1.39293e+01 | 24  0.03762  1.93098e-02
 25  0.04544 -3.82161e+01 | 26  0.03824 -3.96972e+00 | 27  0.05735  2.40582e+01
 28  0.02852  2.74230e+01 | 29  0.01250 -4.70652e+01 | 30  0.02228  2.15731e+01
 31  0.05346 -4.30284e+01 | 32  0.08163 -1.53506e+02 | 33 -0.01552 -1.01870e+02
 34 -0.01990 -1.43442e+02 | 35  0.03326 -3.99219e+01 | 36 -0.29341 -6.77528e+00
 37  0.25752  2.18866e+02 | 38  0.23316 -1.05559e+02 | 39  0.25565 -4.45339e+01
 40  0.25073 -1.16736e+01 | 41  0.44506  8.37762e+01 | 42 -0.97342 -1.63369e+00
 43  0.37531 -2.32630e+00 | 44 -0.34915 -4.68737e+00 | 45  0.90000 -1.05151e+02
 46 -0.85488  3.41931e+01 | 47  0.22104  2.09463e+01 | 48 -0.47406  1.04073e+02
 49 -0.38040 -1.18341e+01 | 50 -0.40491  1.39577e+02 | 51 -0.13305  1.54332e+01
 52 -0.36073 -3.73309e+01 |
52 variables; iteration 80; function evaluation 102; phase 3
Function value 2.8102032e+03; maximum gradient component mag 4.2578e+00
Var    Value     Gradient |Var    Value     Gradient |Var    Value     Gradient
  1  0.05055 -2.32295e+00 |  2 -0.00665 -2.13605e-01 |  3  0.03462  1.37020e-01
  4 -0.01767  1.13505e+00 |  5 -0.13830  1.05594e-01 |  6 -0.02317  3.26596e-01
  7 -0.11413 -2.53895e-01 |  8 -0.07517  3.54303e-02 |  9  0.00112 -6.30919e-01
 10  0.10542 -7.30940e-01 | 11 -0.02621 -1.01139e+00 | 12  0.01479 -5.44256e-01
 13  0.02796 -7.89693e-01 | 14  0.07177 -2.29561e+00 | 15  0.01629 -1.80706e+00
 16 -0.05497 -3.94026e-01 | 17 -0.00732 -1.45120e+00 | 18  0.07203  1.41856e-01
 19  0.11276  5.56057e-01 | 20 -0.04460  7.46966e-01 | 21 -0.02328  7.95270e-01
 22 -0.01400  3.72208e+00 | 23 -0.04000  3.38500e+00 | 24  0.03775  2.10167e+00
 25  0.05350  2.79455e+00 | 26  0.02969  8.53249e-01 | 27  0.05167 -2.81061e+00
 28  0.02485 -2.46588e+00 | 29  0.02892 -2.72601e+00 | 30  0.02063 -1.14492e+00
 31  0.05653 -2.42238e-01 | 32  0.08507  1.82822e+00 | 33 -0.02227  4.51952e-01
 34 -0.01837 -2.59196e+00 | 35  0.03090  2.45768e+00 | 36 -0.25727 -1.35591e-01
 37  0.24421  3.17144e+00 | 38  0.22640  3.64688e+00 | 39  0.24566 -1.98570e-01
 40  0.23748  4.25784e+00 | 41  0.36031 -1.68614e+00 | 42 -1.01113  2.52941e-01
 43  0.35673 -3.92727e-02 | 44 -0.34720  6.37021e-03 | 45  1.00037  2.66389e-01
 46 -1.00912 -5.01223e-01 | 47  0.21422  7.06911e-01 | 48 -0.47922  3.24916e+00
 49 -0.35081  3.70340e-02 | 50 -0.37103 -2.46913e+00 | 51 -0.14143 -9.54418e-01
 52 -0.37084 -2.23508e+00 |
52 variables; iteration 100; function evaluation 122; phase 3
Function value 2.8101874e+03; maximum gradient component mag -2.5847e+00
Var    Value     Gradient |Var    Value     Gradient |Var    Value     Gradient
  1  0.05065 -2.58465e+00 |  2 -0.00664  1.42812e-01 |  3  0.03437  2.26794e-01
  4 -0.01823  2.01091e-01 |  5 -0.13861  7.08280e-02 |  6 -0.02338  8.52538e-02
  7 -0.11413  2.21929e-02 |  8 -0.07521  8.14262e-02 |  9  0.00140  3.49460e-02
 10  0.10556  4.39350e-02 | 11 -0.02573 -6.94572e-02 | 12  0.01504 -1.11178e-01
 13  0.02792 -3.12290e-01 | 14  0.07201 -5.54732e-01 | 15  0.01679 -3.07025e-01
 16 -0.05521 -6.35840e-01 | 17 -0.00693 -4.52404e-01 | 18  0.07214 -3.63031e-02
 19  0.11274 -2.10959e-01 | 20 -0.04479 -5.04079e-02 | 21 -0.02337 -1.61273e-01
 22 -0.01513 -1.97447e-01 | 23 -0.04144 -3.53214e-01 | 24  0.03747  2.61314e-01
 25  0.05315  6.62404e-01 | 26  0.02982  2.88081e-01 | 27  0.05220  5.28316e-01
 28  0.02535  4.16624e-01 | 29  0.02978  5.88602e-01 | 30  0.02111  3.59827e-01
 31  0.05677  1.09945e-01 | 32  0.08486 -1.27600e-01 | 33 -0.02246 -2.98405e-01
 34 -0.01788 -4.01510e-01 | 35  0.03064  2.07119e-01 | 36 -0.25702  3.13687e-02
 37  0.24403 -6.97085e-01 | 38  0.22630  5.99727e-02 | 39  0.24559 -3.92191e-01
 40  0.23728  6.18421e-01 | 41  0.36253 -4.24496e-01 | 42 -1.03015 -4.08702e-02
 43  0.35651  6.52837e-02 | 44 -0.34722 -2.89186e-02 | 45  0.99993 -4.82815e-02
 46 -1.00458 -3.24453e-02 | 47  0.21408 -1.41916e-01 | 48 -0.47939 -3.18231e-01
 49 -0.35207 -1.23474e-02 | 50 -0.37253 -6.05949e-01 | 51 -0.14156 -9.10961e-03
 52 -0.37163  1.43660e+00 |
52 variables; iteration 120; function evaluation 143; phase 3
Function value 2.8101853e+03; maximum gradient component mag -3.6091e+00
Var    Value     Gradient |Var    Value     Gradient |Var    Value     Gradient
  1  0.05063 -3.60914e+00 |  2 -0.00678 -4.71664e-02 |  3  0.03413 -1.38094e-01
  4 -0.01849  6.29122e-02 |  5 -0.13888  4.08652e-02 |  6 -0.02359  3.56615e-02
  7 -0.11435  4.30884e-02 |  8 -0.07539 -2.08612e-03 |  9  0.00135 -1.06088e-02
 10  0.10555 -2.10894e-01 | 11 -0.02570 -2.90814e-02 | 12  0.01507 -9.28240e-02
 13  0.02801 -1.03461e-01 | 14  0.07213 -2.67252e-02 | 15  0.01689 -9.87557e-03
 16 -0.05500 -9.77246e-02 | 17 -0.00674  2.90857e-02 | 18  0.07218 -7.05600e-02
 19  0.11283 -9.29952e-02 | 20 -0.04470  3.54145e-02 | 21 -0.02326  2.33863e-02
 22 -0.01502  1.90230e-02 | 23 -0.04127 -3.88099e-02 | 24  0.03747  7.85761e-02
 25  0.05312  2.62031e-01 | 26  0.02987  8.90435e-02 | 27  0.05222  1.46728e-01
 28  0.02535  8.90467e-02 | 29  0.02975  1.89732e-01 | 30  0.02111  1.35113e-01
 31  0.05681  2.38288e-02 | 32  0.08489 -1.58478e-01 | 33 -0.02239 -1.64126e-01
 34 -0.01781 -2.37646e-01 | 35  0.03063  2.29330e-02 | 36 -0.25702  3.97018e-02
 37  0.24403 -9.26632e-01 | 38  0.22630 -2.21340e-01 | 39  0.24558 -7.49965e-02
 40  0.23729 -1.64211e-01 | 41  0.37182 -7.24402e-01 | 42 -1.07656 -1.94296e-01
 43  0.35651  1.64185e-02 | 44 -0.34721  4.12089e-02 | 45  0.99990 -6.82052e-02
 46 -1.00426  1.76451e-03 | 47  0.21409  1.10231e-01 | 48 -0.47937 -1.53864e-01
 49 -0.35822 -9.03251e-02 | 50 -0.37901 -9.64397e-01 | 51 -0.14674  8.27851e-02
 52 -0.37779  1.08644e+00 |
52 variables; iteration 140; function evaluation 165; phase 3
Function value 2.8101843e+03; maximum gradient component mag -2.2288e+00
Var    Value     Gradient |Var    Value     Gradient |Var    Value     Gradient
  1  0.05064 -2.22877e+00 |  2 -0.00676  4.03817e-03 |  3  0.03415 -4.17016e-02
  4 -0.01850 -1.14091e-02 |  5 -0.13887  2.19305e-02 |  6 -0.02359 -1.69852e-02
  7 -0.11435  2.59186e-02 |  8 -0.07536  2.97960e-02 |  9  0.00137  3.03710e-02
 10  0.10558  4.21939e-03 | 11 -0.02568  2.35088e-02 | 12  0.01509 -3.49494e-02
 13  0.02800 -7.04836e-02 | 14  0.07210 -6.70686e-02 | 15  0.01688  3.42775e-03
 16 -0.05499 -5.25514e-02 | 17 -0.00677 -3.98522e-02 | 18  0.07220  1.34237e-02
 19  0.11283 -7.28436e-02 | 20 -0.04470  1.84376e-02 | 21 -0.02324  4.91986e-02
 22 -0.01503  7.94549e-03 | 23 -0.04129 -5.12664e-02 | 24  0.03744  1.69185e-02
 25  0.05309  1.55159e-01 | 26  0.02987  6.90771e-02 | 27  0.05221  1.52629e-01
 28  0.02535  1.04967e-01 | 29  0.02970 -4.35356e-02 | 30  0.02108  1.62399e-03
 31  0.05679 -6.15938e-02 | 32  0.08487 -2.49945e-01 | 33 -0.02238 -7.22946e-02
 34 -0.01782 -1.32537e-01 | 35  0.03065  1.76889e-01 | 36 -0.25699  3.36088e-02
 37  0.24402 -4.19363e-01 | 38  0.22629 -1.22379e-01 | 39  0.24557 -9.80760e-02
 40  0.23728 -3.74414e-01 | 41  0.37397 -7.49740e-01 | 42 -1.12205 -3.50032e-01
 43  0.35650  2.69699e-02 | 44 -0.34721  7.11457e-03 | 45  1.00002  5.31219e-03
 46 -1.00428 -6.85317e-04 | 47  0.21409 -5.61569e-02 | 48 -0.47937  2.99858e-03
 49 -0.35971  4.01326e-03 | 50 -0.38050 -1.09406e+00 | 51 -0.15632 -2.09055e-02
 52 -0.38904  1.21407e+00 |
52 variables; iteration 160; function evaluation 188; phase 3
Function value 2.8101836e+03; maximum gradient component mag 5.3878e-01
Var    Value     Gradient |Var    Value     Gradient |Var    Value     Gradient
  1  0.05065 -3.33895e-01 |  2 -0.00673  1.89927e-02 |  3  0.03421  1.63553e-02
  4 -0.01844 -2.70644e-03 |  5 -0.13880  9.96369e-03 |  6 -0.02353 -3.17470e-03
  7 -0.11428  2.55376e-03 |  8 -0.07532  1.22596e-02 |  9  0.00137  5.31092e-03
 10  0.10557  3.45103e-02 | 11 -0.02568  2.36346e-03 | 12  0.01510  3.55365e-03
 13  0.02799 -1.61189e-02 | 14  0.07209 -4.46122e-03 | 15  0.01686 -9.18444e-03
 16 -0.05497  2.04922e-02 | 17 -0.00677 -8.12360e-03 | 18  0.07218  9.91923e-03
 19  0.11283  4.62193e-03 | 20 -0.04471  6.22421e-04 | 21 -0.02327 -1.88853e-03
 22 -0.01505  1.03564e-02 | 23 -0.04127  6.51700e-03 | 24  0.03742 -4.17368e-02
 25  0.05304 -8.81833e-02 | 26  0.02984 -8.90269e-02 | 27  0.05217 -4.79965e-02
 28  0.02532 -2.58726e-02 | 29  0.02970  2.54473e-02 | 30  0.02106  3.11109e-02
 31  0.05678  3.65691e-02 | 32  0.08487  6.17857e-02 | 33 -0.02240  2.65372e-02
 34 -0.01782  1.52116e-02 | 35  0.03060  1.73359e-03 | 36 -0.25703  5.63843e-03
 37  0.24402 -1.41132e-01 | 38  0.22629 -2.82913e-02 | 39  0.24557  1.76074e-02
 40  0.23728  1.64703e-01 | 41  0.34589 -3.25568e-01 | 42 -1.16878 -2.24261e-01
 43  0.35649  2.50044e-02 | 44 -0.34721 -9.21413e-03 | 45  0.99991 -6.10241e-02
 46 -1.00428  2.49281e-04 | 47  0.21409 -3.71083e-02 | 48 -0.47937  3.45483e-02
 49 -0.34064 -1.38559e-02 | 50 -0.36099 -4.59599e-01 | 51 -0.17067  1.08002e-02
 52 -0.40618  5.38779e-01 |
52 variables; iteration 180; function evaluation 212; phase 3
Function value 2.8101830e+03; maximum gradient component mag -1.1184e+00
Var    Value     Gradient |Var    Value     Gradient |Var    Value     Gradient
  1  0.05065 -9.89210e-01 |  2 -0.00674  1.66583e-03 |  3  0.03420 -1.77627e-02
  4 -0.01844  1.23076e-02 |  5 -0.13881  1.33062e-02 |  6 -0.02353  8.33526e-03
  7 -0.11428  1.51467e-02 |  8 -0.07533  9.51592e-03 |  9  0.00137  6.05564e-03
 10  0.10557 -1.13252e-02 | 11 -0.02569  2.89161e-03 | 12  0.01509 -6.30298e-03
 13  0.02799 -1.18840e-02 | 14  0.07210 -3.13748e-03 | 15  0.01686 -6.88625e-03
 16 -0.05497  4.36483e-03 | 17 -0.00676  5.69953e-03 | 18  0.07218  2.15085e-03
 19  0.11283  1.26369e-02 | 20 -0.04471  6.76651e-03 | 21 -0.02327  1.24804e-05
 22 -0.01505  8.96467e-03 | 23 -0.04126  1.07124e-02 | 24  0.03743 -1.26480e-02
 25  0.05305 -3.78275e-02 | 26  0.02985 -4.34723e-02 | 27  0.05217 -4.48828e-02
 28  0.02532 -2.95215e-02 | 29  0.02970  3.83336e-02 | 30  0.02106  2.31805e-02
 31  0.05678  2.22676e-02 | 32  0.08488  2.73028e-02 | 33 -0.02240 -3.87589e-03
 34 -0.01782 -2.21502e-03 | 35  0.03059 -2.58432e-02 | 36 -0.25703  1.43628e-02
 37  0.24402 -1.03593e-01 | 38  0.22629 -1.74050e-02 | 39  0.24557  1.51315e-02
 40  0.23728  6.69701e-02 | 41  0.27628 -8.51503e-01 | 42 -1.20928 -6.20063e-01
 43  0.35649  5.68383e-03 | 44 -0.34721  6.42871e-04 | 45  1.00011  7.39486e-02
 46 -1.00427  5.31290e-04 | 47  0.21409  8.04507e-03 | 48 -0.47937  9.34687e-03
 49 -0.29257 -9.26662e-02 | 50 -0.31207 -1.11839e+00 | 51 -0.18683  8.38432e-02
 52 -0.42575  1.09320e+00 |
52 variables; iteration 200; function evaluation 238; phase 3
Function value 2.8101822e+03; maximum gradient component mag 9.0029e-01
Var    Value     Gradient |Var    Value     Gradient |Var    Value     Gradient
  1  0.05065 -4.66348e-01 |  2 -0.00673  1.51764e-02 |  3  0.03420  1.81330e-03
  4 -0.01846 -1.80236e-02 |  5 -0.13882  8.76242e-03 |  6 -0.02355 -2.09887e-02
  7 -0.11431  1.30397e-03 |  8 -0.07533  1.06770e-02 |  9  0.00136 -3.15643e-03
 10  0.10557  1.27638e-02 | 11 -0.02568 -3.12932e-04 | 12  0.01510 -9.10232e-05
 13  0.02799 -2.60872e-02 | 14  0.07210 -1.40580e-05 | 15  0.01686 -5.53701e-03
 16 -0.05497 -8.12745e-03 | 17 -0.00677 -2.37524e-02 | 18  0.07219  8.66700e-03
 19  0.11283 -1.11877e-02 | 20 -0.04471 -1.12541e-03 | 21 -0.02326  6.84007e-03
 22 -0.01504  4.54487e-03 | 23 -0.04127 -4.70698e-03 | 24  0.03743 -1.67834e-02
 25  0.05306 -1.55683e-03 | 26  0.02985 -2.78651e-02 | 27  0.05218  2.19178e-02
 28  0.02533  1.05483e-02 | 29  0.02970  1.39290e-02 | 30  0.02107  2.12263e-02
 31  0.05678  7.24464e-03 | 32  0.08488 -5.00324e-03 | 33 -0.02239 -2.29129e-03
 34 -0.01782 -3.00061e-02 | 35  0.03061  3.05349e-02 | 36 -0.25702  7.78348e-03
 37  0.24402 -1.92052e-01 | 38  0.22629 -7.01172e-02 | 39  0.24557 -1.09297e-02
 40  0.23728  5.53270e-02 | 41  0.11138 -4.11802e-01 | 42 -1.25584 -6.11598e-01
 43  0.35650  2.73207e-02 | 44 -0.34721 -4.19929e-03 | 45  1.00006  3.67764e-02
 46 -1.00428 -1.18104e-04 | 47  0.21409 -1.29894e-02 | 48 -0.47937  1.32704e-02
 49 -0.17678 -2.21844e-02 | 50 -0.19488 -5.60659e-01 | 51 -0.20979  9.93291e-03
 52 -0.45407  9.00293e-01 |
52 variables; iteration 220; function evaluation 260; phase 3
Function value 2.8101819e+03; maximum gradient component mag 7.9363e-01
Var    Value     Gradient |Var    Value     Gradient |Var    Value     Gradient
  1  0.05065  7.93633e-01 |  2 -0.00673 -1.46874e-03 |  3  0.03420  1.43820e-03
  4 -0.01845 -1.86124e-02 |  5 -0.13881 -1.06266e-02 |  6 -0.02354 -1.80109e-02
  7 -0.11429 -1.42992e-02 |  8 -0.07533 -8.28229e-03 |  9  0.00136 -1.06369e-02
 10  0.10557  1.18257e-02 | 11 -0.02568 -7.69863e-03 | 12  0.01510 -2.64729e-03
 13  0.02799 -8.43580e-03 | 14  0.07210  8.51345e-03 | 15  0.01686 -3.15570e-04
 16 -0.05498 -1.32965e-03 | 17 -0.00677 -8.51458e-03 | 18  0.07219  3.73186e-03
 19  0.11283 -6.41332e-03 | 20 -0.04471 -1.07279e-02 | 21 -0.02326 -2.08023e-03
 22 -0.01505  2.38216e-03 | 23 -0.04127  2.74129e-03 | 24  0.03743 -9.60900e-04
 25  0.05305  7.91930e-03 | 26  0.02985  2.11287e-03 | 27  0.05218  2.81837e-02
 28  0.02532  1.90171e-02 | 29  0.02970  1.15012e-02 | 30  0.02107  1.33521e-02
 31  0.05678  1.40092e-02 | 32  0.08487  2.90417e-02 | 33 -0.02240  6.14872e-03
 34 -0.01782 -1.61681e-02 | 35  0.03060 -1.21028e-02 | 36 -0.25702 -1.32753e-02
 37  0.24402 -2.65863e-02 | 38  0.22629  9.55861e-03 | 39  0.24557  1.68822e-02
 40  0.23728  1.59246e-01 | 41 -0.06752  5.03627e-01 | 42 -1.29133  1.37080e-01
 43  0.35649  8.81182e-03 | 44 -0.34721 -3.70477e-03 | 45  0.99999  3.39118e-03
 46 -1.00428 -2.73977e-04 | 47  0.21409 -2.50574e-03 | 48 -0.47937  8.88602e-03
 49 -0.05205  6.29017e-02 | 50 -0.06947  6.69454e-01 | 51 -0.23041 -3.21290e-02
 52 -0.48022 -1.43095e-01 |
52 variables; iteration 240; function evaluation 283; phase 3
Function value 2.8101818e+03; maximum gradient component mag 5.7460e-02
Var    Value     Gradient |Var    Value     Gradient |Var    Value     Gradient
  1  0.05065  5.74599e-02 |  2 -0.00674  1.24126e-03 |  3  0.03420  1.15414e-03
  4 -0.01844 -2.40191e-03 |  5 -0.13881 -1.20066e-03 |  6 -0.02353 -3.51996e-03
  7 -0.11428 -9.12560e-04 |  8 -0.07533 -2.15906e-04 |  9  0.00137 -1.35576e-03
 10  0.10557  2.99533e-03 | 11 -0.02569 -8.14292e-05 | 12  0.01510 -7.73058e-04
 13  0.02799 -1.46797e-03 | 14  0.07209  3.81417e-04 | 15  0.01686 -7.58627e-04
 16 -0.05498 -1.95058e-03 | 17 -0.00677 -2.57644e-03 | 18  0.07218  2.38750e-03
 19  0.11283  1.57053e-03 | 20 -0.04471 -7.91243e-04 | 21 -0.02326 -8.53884e-04
 22 -0.01505 -8.66660e-04 | 23 -0.04127  2.89633e-03 | 24  0.03743  4.26382e-03
 25  0.05305  5.22582e-03 | 26  0.02985  6.01009e-03 | 27  0.05218  7.32152e-04
 28  0.02532 -1.12720e-03 | 29  0.02970  5.41623e-03 | 30  0.02106  2.82288e-03
 31  0.05678  9.75163e-04 | 32  0.08487  4.36247e-03 | 33 -0.02240 -2.39775e-03
 34 -0.01782 -5.80986e-03 | 35  0.03060 -1.36087e-02 | 36 -0.25702 -1.06831e-03
 37  0.24402 -8.99618e-03 | 38  0.22629  1.90462e-03 | 39  0.24557  2.74173e-03
 40  0.23728  2.22659e-02 | 41 -0.12884  1.90412e-02 | 42 -1.30350  6.64148e-03
 43  0.35649  1.99484e-03 | 44 -0.34721 -8.94090e-04 | 45  0.99999  9.21770e-05
 46 -1.00428 -2.09686e-04 | 47  0.21409  3.78085e-03 | 48 -0.47937  1.10462e-03
 49 -0.01037  3.76840e-03 | 50 -0.02771  2.52496e-02 | 51 -0.23813 -3.24339e-03
 52 -0.49018 -2.16216e-03 |
52 variables; iteration 260; function evaluation 304; phase 3
Function value 2.8101818e+03; maximum gradient component mag 5.6199e-02
Var    Value     Gradient |Var    Value     Gradient |Var    Value     Gradient
  1  0.05065  1.21935e-02 |  2 -0.00674 -2.55780e-03 |  3  0.03420 -3.58179e-03
  4 -0.01844  1.16097e-04 |  5 -0.13881  3.13770e-04 |  6 -0.02353  1.90836e-03
  7 -0.11428 -9.54577e-05 |  8 -0.07533 -1.63146e-03 |  9  0.00137 -3.65702e-04
 10  0.10557 -4.23342e-03 | 11 -0.02569 -5.09679e-04 | 12  0.01510  5.98756e-04
 13  0.02800  1.37104e-03 | 14  0.07209 -2.01281e-03 | 15  0.01686 -1.63248e-03
 16 -0.05498 -1.19836e-03 | 17 -0.00677  2.06903e-03 | 18  0.07218 -2.93280e-03
 19  0.11283 -1.36323e-03 | 20 -0.04471 -9.60685e-04 | 21 -0.02327 -3.24631e-04
 22 -0.01505  4.44950e-04 | 23 -0.04127 -2.50134e-03 | 24  0.03743 -1.21989e-03
 25  0.05305  6.66203e-03 | 26  0.02985  2.68352e-03 | 27  0.05218  1.01112e-02
 28  0.02532  7.81728e-03 | 29  0.02969  1.14181e-03 | 30  0.02106 -1.58753e-03
 31  0.05678 -5.94671e-04 | 32  0.08487 -2.67019e-03 | 33 -0.02240 -1.29275e-03
 34 -0.01782 -2.49106e-03 | 35  0.03060 -1.95814e-03 | 36 -0.25702 -1.97636e-04
 37  0.24402  5.61990e-02 | 38  0.22629  1.08283e-02 | 39  0.24557 -1.36113e-03
 40  0.23728  4.20435e-03 | 41 -0.14572 -2.48375e-02 | 42 -1.30770 -2.81993e-02
 43  0.35649 -5.40557e-03 | 44 -0.34721  1.17344e-03 | 45  0.99999 -3.64634e-04
 46 -1.00428  1.33363e-04 | 47  0.21409  3.29278e-03 | 48 -0.47937  6.10426e-03
 49  0.00097 -3.55365e-03 | 50 -0.01637 -3.25133e-02 | 51 -0.24086  5.03545e-03
 52 -0.49374  3.21082e-02 |
52 variables; iteration 280; function evaluation 329; phase 3
Function value 2.8101818e+03; maximum gradient component mag -2.5625e-01
Var    Value     Gradient |Var    Value     Gradient |Var    Value     Gradient
  1  0.05065 -2.56248e-01 |  2 -0.00673  9.28133e-03 |  3  0.03421  1.06735e-02
  4 -0.01844  3.49180e-03 |  5 -0.13881  3.58597e-03 |  6 -0.02353  6.89342e-04
  7 -0.11428  3.02292e-03 |  8 -0.07532  7.12388e-03 |  9  0.00137  3.40994e-03
 10  0.10557  1.25370e-02 | 11 -0.02569  3.68152e-03 | 12  0.01509  1.10383e-03
 13  0.02799 -3.24033e-03 | 14  0.07209  5.11531e-03 | 15  0.01686  2.37938e-03
 16 -0.05498  3.47619e-03 | 17 -0.00677 -6.55233e-03 | 18  0.07218  2.63160e-03
 19  0.11283  3.84162e-03 | 20 -0.04471  3.18737e-03 | 21 -0.02327  8.67438e-04
 22 -0.01505 -1.12875e-03 | 23 -0.04127  6.61002e-04 | 24  0.03743 -5.20838e-03
 25  0.05305 -2.31582e-02 | 26  0.02985 -1.71985e-02 | 27  0.05217 -3.01076e-02
 28  0.02532 -2.30615e-02 | 29  0.02969 -3.41542e-03 | 30  0.02106  3.89651e-03
 31  0.05677 -6.00404e-05 | 32  0.08487  7.01841e-04 | 33 -0.02240  4.48462e-03
 34 -0.01782  9.22553e-03 | 35  0.03060  1.84037e-02 | 36 -0.25702  4.24781e-03
 37  0.24402 -1.24646e-01 | 38  0.22629 -3.70290e-02 | 39  0.24557 -3.51859e-03
 40  0.23728 -4.07119e-02 | 41 -0.17533 -1.39170e-01 | 42 -1.32476 -1.25350e-01
 43  0.35649  1.36054e-02 | 44 -0.34721 -2.87998e-03 | 45  0.99999  1.01282e-03
 46 -1.00428 -2.82638e-04 | 47  0.21409 -9.03080e-03 | 48 -0.47937 -1.21505e-02
 49  0.02068  2.41010e-04 | 50  0.00334 -2.09134e-01 | 51 -0.25240 -9.73723e-03
 52 -0.50886  1.45606e-01 |
52 variables; iteration 300; function evaluation 354; phase 3
Function value 2.8101818e+03; maximum gradient component mag 6.7618e-01
Var    Value     Gradient |Var    Value     Gradient |Var    Value     Gradient
  1  0.05065  6.76181e-01 |  2 -0.00674 -9.70198e-03 |  3  0.03420 -5.99764e-03
  4 -0.01844 -6.74401e-03 |  5 -0.13881 -1.01829e-02 |  6 -0.02353 -5.80151e-03
  7 -0.11428 -9.95657e-03 |  8 -0.07533 -1.04115e-02 |  9  0.00137 -6.89556e-03
 10  0.10557 -2.92465e-03 | 11 -0.02569 -5.72152e-03 | 12  0.01510  1.33749e-04
 13  0.02799  3.86634e-03 | 14  0.07209  7.87323e-03 | 15  0.01686  1.56058e-04
 16 -0.05498 -4.70663e-03 | 17 -0.00677  3.39063e-04 | 18  0.07218 -9.68787e-04
 19  0.11283  1.87336e-03 | 20 -0.04471 -7.46744e-03 | 21 -0.02327 -4.04377e-03
 22 -0.01505 -1.30860e-03 | 23 -0.04127 -2.36650e-03 | 24  0.03743  8.22989e-03
 25  0.05305  1.72135e-02 | 26  0.02985  1.70646e-02 | 27  0.05218  2.14259e-02
 28  0.02532  1.41044e-02 | 29  0.02969  3.20446e-03 | 30  0.02106 -1.30613e-03
 31  0.05678  5.36142e-03 | 32  0.08487  1.68430e-02 | 33 -0.02240  1.97001e-03
 34 -0.01782 -2.34250e-03 | 35  0.03060 -1.26006e-02 | 36 -0.25702 -1.00010e-02
 37  0.24402  9.33219e-02 | 38  0.22629  3.79191e-02 | 39  0.24557  1.31395e-02
 40  0.23728  9.18446e-02 | 41 -0.13078  3.15704e-01 | 42 -1.34533  4.18008e-02
 43  0.35649 -5.96231e-03 | 44 -0.34721 -6.79756e-04 | 45  0.99999 -6.91260e-04
 46 -1.00428  2.25501e-04 | 47  0.21409  9.06088e-03 | 48 -0.47937  7.09036e-04
 49 -0.00904  3.25685e-02 | 50 -0.02639  4.36920e-01 | 51 -0.26714  1.07150e-04
 52 -0.52862 -4.09827e-02 |
52 variables; iteration 320; function evaluation 376; phase 3
Function value 2.8101818e+03; maximum gradient component mag 3.4392e-02
Var    Value     Gradient |Var    Value     Gradient |Var    Value     Gradient
  1  0.05065  3.14796e-02 |  2 -0.00674  4.04455e-04 |  3  0.03420  9.72341e-04
  4 -0.01844 -1.82127e-04 |  5 -0.13881 -5.95708e-04 |  6 -0.02353 -6.11228e-04
  7 -0.11428 -5.76044e-04 |  8 -0.07533  7.72608e-05 |  9  0.00137 -1.16195e-04
 10  0.10557  1.85916e-03 | 11 -0.02569  4.91260e-05 | 12  0.01510  1.93626e-04
 13  0.02799  1.16256e-04 | 14  0.07209  1.65969e-03 | 15  0.01686  5.85275e-04
 16 -0.05498  3.78200e-04 | 17 -0.00677 -9.57059e-04 | 18  0.07218  2.61409e-04
 19  0.11283  5.43136e-04 | 20 -0.04471 -6.99734e-05 | 21 -0.02327 -8.52943e-06
 22 -0.01505 -2.67090e-05 | 23 -0.04127  2.01045e-04 | 24  0.03743  2.89283e-04
 25  0.05305 -2.27915e-03 | 26  0.02985 -1.00720e-03 | 27  0.05218 -3.31153e-03
 28  0.02532 -2.61079e-03 | 29  0.02969 -3.39103e-04 | 30  0.02106  8.84490e-04
 31  0.05678  4.84450e-04 | 32  0.08487  1.38430e-03 | 33 -0.02240  1.00414e-03
 34 -0.01782  1.48380e-03 | 35  0.03060  1.60791e-03 | 36 -0.25702 -4.55416e-04
 37  0.24402 -1.42085e-02 | 38  0.22629 -2.67016e-03 | 39  0.24557  8.45204e-04
 40  0.23728  1.36282e-03 | 41 -0.07320  2.63320e-02 | 42 -1.35528  1.00657e-02
 43  0.35649  1.78070e-03 | 44 -0.34721 -5.53500e-04 | 45  0.99999  1.47930e-04
 46 -1.00428 -2.82120e-05 | 47  0.21409 -8.79042e-04 | 48 -0.47937 -1.95841e-03
 49 -0.04817  3.93463e-03 | 50 -0.06558  3.43923e-02 | 51 -0.27466 -2.68277e-03
 52 -0.53884 -7.44735e-03 |
52 variables; iteration 340; function evaluation 396; phase 3
Function value 2.8101818e+03; maximum gradient component mag -7.3506e-02
Var    Value     Gradient |Var    Value     Gradient |Var    Value     Gradient
  1  0.05065 -5.15602e-02 |  2 -0.00674  2.51091e-03 |  3  0.03420  2.93972e-03
  4 -0.01844  5.73313e-04 |  5 -0.13881 -4.09411e-04 |  6 -0.02353 -1.93123e-03
  7 -0.11428  5.42649e-04 |  8 -0.07533  2.54028e-03 |  9  0.00137  1.15010e-03
 10  0.10557  4.97773e-03 | 11 -0.02569  1.01278e-03 | 12  0.01510  4.71401e-05
 13  0.02799 -7.01254e-04 | 14  0.07209  3.19263e-03 | 15  0.01686  1.99879e-03
 16 -0.05498  2.17808e-03 | 17 -0.00677 -2.49430e-03 | 18  0.07218  2.46530e-03
 19  0.11283  1.84907e-03 | 20 -0.04471  1.77390e-03 | 21 -0.02326  1.14489e-03
 22 -0.01505  5.16164e-04 | 23 -0.04127  9.25484e-04 | 24  0.03743  1.40968e-03
 25  0.05305 -9.68288e-03 | 26  0.02985 -5.23682e-03 | 27  0.05217 -1.60601e-02
 28  0.02532 -1.16071e-02 | 29  0.02969 -1.57046e-03 | 30  0.02106  4.36804e-03
 31  0.05678  1.18609e-03 | 32  0.08487  7.45845e-04 | 33 -0.02240  1.90881e-03
 34 -0.01782  4.09851e-03 | 35  0.03060  7.95918e-03 | 36 -0.25702  8.73696e-04
 37  0.24402 -7.35056e-02 | 38  0.22629 -1.39782e-02 | 39  0.24557  2.95696e-03
 40  0.23728 -4.88273e-03 | 41 -0.07499  2.28595e-03 | 42 -1.35734 -9.88283e-03
 43  0.35649  7.91798e-03 | 44 -0.34721 -2.60623e-03 | 45  0.99999  4.90747e-04
 46 -1.00428 -3.91359e-05 | 47  0.21409 -5.10844e-03 | 48 -0.47937 -8.06399e-03
 49 -0.04695  8.78559e-04 | 50 -0.06435  2.44623e-03 | 51 -0.27624 -1.28706e-03
 52 -0.54101  1.03609e-02 |
Warning: the following parameters had issues
  selparm[5] is within 0.1% of upper bound: -1.00000e+00 < 1.50000e+01 < 1.50000e+01
  selparm[6] is within 0.1% of lower bound: -1.00000e+00 < -9.99763e-01 < 2.00000e+01


 - final statistics:
52 variables; iteration 357; function evaluation 414
Function value 2.8102e+03; maximum gradient component mag 6.9118e-05
Exit code = 1;  converg criter 1.0000e-04
Var    Value     Gradient |Var    Value     Gradient |Var    Value     Gradient
  1  0.05065  6.84206e-05 |  2 -0.00674  1.47834e-06 |  3  0.03420  2.82716e-06
  4 -0.01844  2.20857e-07 |  5 -0.13881 -1.40629e-06 |  6 -0.02353 -1.11788e-06
  7 -0.11428 -1.26046e-06 |  8 -0.07533  8.04883e-07 |  9  0.00137  6.07632e-07
 10  0.10557  6.94352e-06 | 11 -0.02569  7.09168e-07 | 12  0.01510  1.17974e-07
 13  0.02799 -5.84873e-07 | 14  0.07209  4.31118e-06 | 15  0.01686  1.75319e-06
 16 -0.05498  1.57825e-06 | 17 -0.00677 -2.92246e-06 | 18  0.07218  1.32470e-06
 19  0.11283  2.07837e-06 | 20 -0.04471  4.38167e-08 | 21 -0.02327  1.21073e-07
 22 -0.01505  6.80153e-08 | 23 -0.04127  6.88927e-07 | 24  0.03743  1.49796e-07
 25  0.05305 -9.16758e-06 | 26  0.02985 -5.03988e-06 | 27  0.05218 -1.21047e-05
 28  0.02532 -9.09707e-06 | 29  0.02969 -4.79616e-07 | 30  0.02106  3.11736e-06
 31  0.05678  2.42317e-06 | 32  0.08487  4.97895e-06 | 33 -0.02240  3.32347e-06
 34 -0.01782  4.84020e-06 | 35  0.03060  5.45651e-06 | 36 -0.25702 -9.07484e-07
 37  0.24402 -4.77668e-05 | 38  0.22629 -8.01077e-06 | 39  0.24557  2.71306e-06
 40  0.23728  5.15872e-06 | 41 -0.07558  5.50254e-05 | 42 -1.35904  6.26460e-06
 43  0.35649  6.05848e-06 | 44 -0.34721 -1.79355e-06 | 45  0.99999  4.32589e-07
 46 -1.00428 -1.09390e-07 | 47  0.21409 -4.40249e-06 | 48 -0.47937 -5.34454e-06
 49 -0.04654  1.11522e-05 | 50 -0.06395  6.91176e-05 | 51 -0.27755 -8.18994e-06
 52 -0.54282  3.55567e-08 |
Estimating row 1 out of 52 for hessian
Estimating row 2 out of 52 for hessian
Estimating row 3 out of 52 for hessian
Estimating row 4 out of 52 for hessian
Estimating row 5 out of 52 for hessian
Estimating row 6 out of 52 for hessian
Estimating row 7 out of 52 for hessian
Estimating row 8 out of 52 for hessian
Estimating row 9 out of 52 for hessian
Estimating row 10 out of 52 for hessian
Estimating row 11 out of 52 for hessian
Estimating row 12 out of 52 for hessian
Estimating row 13 out of 52 for hessian
Estimating row 14 out of 52 for hessian
Estimating row 15 out of 52 for hessian
Estimating row 16 out of 52 for hessian
Estimating row 17 out of 52 for hessian
Estimating row 18 out of 52 for hessian
Estimating row 19 out of 52 for hessian
Estimating row 20 out of 52 for hessian
Estimating row 21 out of 52 for hessian
Estimating row 22 out of 52 for hessian
Estimating row 23 out of 52 for hessian
Estimating row 24 out of 52 for hessian
Estimating row 25 out of 52 for hessian
Estimating row 26 out of 52 for hessian
Estimating row 27 out of 52 for hessian
Estimating row 28 out of 52 for hessian
Estimating row 29 out of 52 for hessian
Estimating row 30 out of 52 for hessian
Estimating row 31 out of 52 for hessian
Estimating row 32 out of 52 for hessian
Estimating row 33 out of 52 for hessian
Estimating row 34 out of 52 for hessian
Estimating row 35 out of 52 for hessian
Estimating row 36 out of 52 for hessian
Estimating row 37 out of 52 for hessian
Estimating row 38 out of 52 for hessian
Estimating row 39 out of 52 for hessian
Estimating row 40 out of 52 for hessian
Estimating row 41 out of 52 for hessian
Estimating row 42 out of 52 for hessian
Estimating row 43 out of 52 for hessian
Estimating row 44 out of 52 for hessian
Estimating row 45 out of 52 for hessian
Estimating row 46 out of 52 for hessian
Estimating row 47 out of 52 for hessian
Estimating row 48 out of 52 for hessian
Estimating row 49 out of 52 for hessian
Estimating row 50 out of 52 for hessian
Estimating row 51 out of 52 for hessian
Estimating row 52 out of 52 for hessian
size of file gradfil1.tmp = 0
size of file gradfil2.tmp = 0
size of file varssave.tmp = 0
size of file cmpdiff.tmp = 0
