
Initial statistics: 36 variables; iteration 0; function evaluation 0; phase 1
Function value 6.1985936e+03; maximum gradient component mag 1.4517e+04
Var    Value     Gradient |Var    Value     Gradient |Var    Value     Gradient
  1  0.02446  1.45167e+04 |  2 -0.00124 -2.83889e+02 |  3  0.09800 -2.92784e+02
  4 -0.06234 -4.00410e+02 |  5 -0.14752 -2.12404e+02 |  6 -0.02344 -3.08553e+02
  7 -0.16788 -2.49087e+02 |  8 -0.05007 -1.85900e+02 |  9 -0.01426 -3.00967e+02
 10  0.13005 -3.81619e+02 | 11 -0.03383 -2.69753e+02 | 12 -0.01451 -4.24208e+02
 13  0.00884 -4.89301e+02 | 14  0.06573 -7.78618e+02 | 15 -0.01482 -6.79657e+02
 16 -0.03337 -3.59761e+02 | 17 -0.00637  1.89832e+02 | 18  0.01987  7.49422e+01
 19  0.06444  5.20601e+02 | 20  0.01046  6.88515e+02 | 21 -0.14086 -1.95836e+02
 22 -0.10812 -1.73200e+02 | 23  0.08541  5.24202e+02 | 24 -0.00634 -2.09268e+02
 25 -0.02537  1.44419e+02 | 26  0.10318  1.18908e+03 | 27  0.06434  8.78188e+02
 28  0.05914  6.43971e+02 | 29 -0.01750  2.24183e+02 | 30  0.02417  8.98267e+01
 31  0.00619  3.70000e+02 | 32  0.11723  7.90400e+02 | 33 -0.00192 -1.73679e+02
 34 -0.01703 -1.79885e+02 | 35  0.01519 -2.12064e+02 | 36  0.01251  4.30165e+02

Intermediate statistics: 36 variables; iteration 20; function evaluation 27; phase 1
Function value 6.0055755e+03; maximum gradient component mag 1.0866e+04
Var    Value     Gradient |Var    Value     Gradient |Var    Value     Gradient
  1  0.02740  1.08659e+04 |  2  0.03095 -1.65186e+02 |  3  0.08297 -2.27316e+02
  4  0.02577 -1.66094e+02 |  5 -0.09349 -1.22257e+02 |  6  0.02437 -1.82108e+02
  7 -0.05544 -1.02972e+02 |  8 -0.01851 -1.04346e+02 |  9  0.03128 -1.29030e+02
 10  0.11324 -1.48976e+02 | 11 -0.07468 -1.91227e+02 | 12  0.02857 -1.85420e+02
 13  0.01537 -3.19290e+02 | 14  0.02443 -7.22280e+02 | 15  0.04125 -5.64113e+02
 16 -0.10560 -3.89605e+02 | 17 -0.01487  1.00313e+02 | 18  0.01358  1.00597e+02
 19  0.04720  4.50241e+02 | 20 -0.02864  4.80622e+02 | 21 -0.09933 -5.04447e+00
 22 -0.08592 -1.26733e+01 | 23  0.03209  2.90969e+02 | 24  0.04638 -5.83918e+00
 25 -0.05654  4.97944e+01 | 26  0.08201  8.56803e+02 | 27  0.04986  5.85061e+02
 28  0.04696  3.36959e+02 | 29 -0.03340  9.70807e+01 | 30 -0.00440 -3.92468e+00
 31 -0.01452  2.76914e+02 | 32  0.11004  7.28982e+02 | 33  0.04449  1.02263e+02
 34 -0.02624 -6.75544e+00 | 35  0.01570 -8.61572e+01 | 36 -0.17891  1.94096e+01
36 variables; iteration 40; function evaluation 55; phase 1
Function value 5.8355551e+03; maximum gradient component mag -1.4983e+03
Var    Value     Gradient |Var    Value     Gradient |Var    Value     Gradient
  1  0.02026 -1.49834e+03 |  2  0.04734  1.23329e+01 |  3  0.10641 -2.35157e+01
  4  0.03476  5.62853e+00 |  5 -0.10221  2.10121e+01 |  6  0.04013  2.32243e+01
  7 -0.07159  2.64647e+01 |  8 -0.04598  7.79121e+00 |  9  0.03834  1.08384e+00
 10  0.11743 -1.12046e+02 | 11 -0.05598 -2.06959e+01 | 12  0.03458  1.43133e+01
 13  0.03466  1.64281e+01 | 14  0.09979  2.00770e+01 | 15  0.04239 -2.92474e+01
 16 -0.04254 -5.88690e+01 | 17 -0.04752 -5.15291e+00 | 18  0.02674  2.35626e+01
 19  0.02354  4.08019e+01 | 20 -0.15278  3.77651e+01 | 21 -0.01619  4.38107e+01
 22 -0.07169 -4.07117e-01 | 23 -0.01338 -3.08874e+01 | 24  0.08687  2.69200e+00
 25 -0.03826  2.74575e+01 | 26  0.02695  2.35189e+00 | 27  0.02091  3.52589e+00
 28  0.05572  1.23325e+01 | 29 -0.02445  1.42785e+01 | 30  0.01661  3.44002e+01
 31 -0.07179 -1.55799e+01 | 32  0.07097  4.17542e+01 | 33  0.06072  1.69112e+01
 34 -0.01141  2.24695e+01 | 35  0.03346  3.57046e+01 | 36 -0.25296  1.36042e+01

 - final statistics:
36 variables; iteration 50; function evaluation 66
Function value 5.8321e+03; maximum gradient component mag 5.0117e+00
Exit code = 1;  converg criter 1.0000e+01
Var    Value     Gradient |Var    Value     Gradient |Var    Value     Gradient
  1  0.02225  5.01169e+00 |  2  0.04694 -2.97981e-01 |  3  0.12256  8.14166e-02
  4  0.05184 -1.35664e-02 |  5 -0.08297 -2.78271e-01 |  6  0.04337  3.32102e-02
  7 -0.06592 -2.16869e-01 |  8 -0.03874 -3.98960e-01 |  9  0.02629 -1.45629e+00
 10  0.11700 -2.11072e+00 | 11 -0.05142 -1.53663e-01 | 12  0.03029  2.75539e-01
 13  0.03150  4.91162e-01 | 14  0.09259  1.43504e+00 | 15  0.03839 -2.00832e-01
 16 -0.02177 -6.93445e-01 | 17 -0.05725 -2.99463e-01 | 18  0.02281 -4.22840e-01
 19  0.01909  3.56610e-01 | 20 -0.15901  2.60845e-01 | 21 -0.02216 -5.56177e-01
 22 -0.07306  1.92027e-01 | 23 -0.01039  2.72653e-01 | 24  0.08165 -4.00813e-01
 25 -0.04482  1.48972e-01 | 26  0.02516 -8.53209e-01 | 27  0.01780 -8.96481e-01
 28  0.05132 -1.84303e+00 | 29 -0.02727 -5.92209e-01 | 30  0.00903  4.94052e-01
 31 -0.06565  3.34962e-01 | 32  0.06411  2.59177e-01 | 33  0.05811  9.83143e-01
 34 -0.01449  8.07197e-01 | 35  0.02824  2.40826e-01 | 36 -0.24972 -3.31375e-02

Initial statistics: 46 variables; iteration 0; function evaluation 0; phase 2
Function value 5.8320646e+03; maximum gradient component mag 1.2934e+04
Var    Value     Gradient |Var    Value     Gradient |Var    Value     Gradient
  1  0.02225  5.01169e+00 |  2  0.04694 -1.53385e-01 |  3  0.12256  2.23727e-01
  4  0.05185  1.30942e-01 |  5 -0.08296 -1.34511e-01 |  6  0.04337  1.77863e-01
  7 -0.06592 -7.26566e-02 |  8 -0.03874 -2.54239e-01 |  9  0.02629 -1.31142e+00
 10  0.11700 -1.96817e+00 | 11 -0.05142 -9.14593e-03 | 12  0.03029  4.20365e-01
 13  0.03151  6.35973e-01 | 14  0.09259  1.57850e+00 | 15  0.03840 -5.61059e-02
 16 -0.02177 -5.48541e-01 | 17 -0.05725 -1.55060e-01 | 18  0.02281 -2.77944e-01
 19  0.01910  5.01534e-01 | 20 -0.15900  4.01336e-01 | 21 -0.02215 -4.11275e-01
 22 -0.07306  3.36063e-01 | 23 -0.01038  4.17623e-01 | 24  0.08165 -2.57014e-01
 25 -0.04482  2.93602e-01 | 26  0.02516 -7.08333e-01 | 27  0.01780 -7.51549e-01
 28  0.05133 -1.69851e+00 | 29 -0.02727 -4.47353e-01 | 30  0.00904  6.39027e-01
 31 -0.06565  4.79181e-01 | 32  0.06411  4.03431e-01 | 33  0.05811  1.12753e+00
 34 -0.01449  9.52149e-01 | 35  0.02824  3.85673e-01 | 36 -0.24971  1.00840e-01
 37  0.31469  1.29344e+04 | 38  0.33818  9.26119e+03 | 39  0.50953  7.35031e+03
 40  0.27617  3.65917e+03 | 41 -0.09730 -6.36486e+02 | 42 -0.32842  1.21151e+03
 43 -0.00928 -1.87777e+02 | 44 -0.00483 -7.48900e+02 | 45 -0.32118  1.31742e+02
 46 -0.26908  8.30526e+02 |

Intermediate statistics: 46 variables; iteration 20; function evaluation 30; phase 2
Function value 3.5742382e+03; maximum gradient component mag 1.3636e+04
Var    Value     Gradient |Var    Value     Gradient |Var    Value     Gradient
  1  0.03983  1.36360e+04 |  2 -0.01328 -1.99513e+02 |  3  0.03240 -1.89845e+02
  4 -0.02927 -1.83461e+02 |  5 -0.16247 -1.91001e+02 |  6 -0.02416 -1.65874e+02
  7 -0.11877 -1.70676e+02 |  8 -0.06534 -1.51340e+02 |  9  0.02497 -8.06953e+01
 10  0.13299  1.64951e+02 | 11 -0.02664 -6.62850e+01 | 12  0.01455 -5.92594e+01
 13  0.01405 -7.30852e+01 | 14  0.06735 -5.30905e+01 | 15 -0.02411 -3.06213e+02
 16 -0.09891 -3.73827e+02 | 17 -0.01807 -1.74763e+02 | 18  0.07520  4.28724e+02
 19  0.14226  7.56007e+02 | 20  0.00873  1.46519e+02 | 21  0.00067  2.60236e+02
 22 -0.03229 -3.50578e+01 | 23 -0.08099 -2.79932e+02 | 24  0.05830  2.14431e+02
 25 -0.01137 -5.84806e+00 | 26  0.05104  1.28322e+02 | 27 -0.01318  5.81619e+01
 28  0.02560  1.66916e+02 | 29  0.00530  2.36120e+02 | 30  0.08882  5.79127e+02
 31  0.03035  2.04876e+02 | 32  0.13565  6.83559e+02 | 33  0.03629 -1.22557e+01
 34 -0.03578 -2.10426e+02 | 35 -0.03408 -3.44877e+02 | 36 -0.13991 -1.51830e+02
 37  0.28274  1.31298e+04 | 38  0.29764  8.34729e+03 | 39  0.27757  1.13083e+03
 40  0.24346 -1.30014e+02 | 41 -0.09441  9.63176e+02 | 42 -0.67979  2.97940e+02
 43  0.02004  8.64378e+01 | 44  0.05398  1.32527e+03 | 45 -0.20808 -1.60857e+01
 46 -0.37340  4.06358e+02 |
46 variables; iteration 40; function evaluation 55; phase 2
Function value 2.9835314e+03; maximum gradient component mag 2.5238e+03
Var    Value     Gradient |Var    Value     Gradient |Var    Value     Gradient
  1  0.04521 -1.69163e+03 |  2 -0.03781 -7.33228e+01 |  3  0.01130 -6.78742e+01
  4 -0.07340 -1.16923e+02 |  5 -0.19115 -4.69799e+01 |  6  0.01536  4.37510e+01
  7 -0.07648  4.84369e-01 |  8 -0.00942  7.10291e+01 |  9 -0.00667 -6.85091e+01
 10  0.10357 -3.69322e+01 | 11 -0.09647 -1.10261e+02 | 12 -0.01916 -1.14253e+02
 13 -0.00225 -1.13943e+02 | 14  0.07881 -4.66947e+01 | 15 -0.04511 -1.48355e+02
 16 -0.05761 -6.86520e+01 | 17 -0.01040 -2.14106e+01 | 18  0.07086  1.14131e+02
 19  0.12751  2.31509e+02 | 20  0.01325  1.10710e+02 | 21 -0.01986  1.14975e+02
 22 -0.03089 -2.92378e+01 | 23 -0.00272 -6.06473e+01 | 24  0.03461 -1.41593e+02
 25 -0.01063 -2.69687e+02 | 26  0.04176 -5.29374e+02 | 27 -0.00208 -2.07692e+02
 28  0.01101 -3.39740e+02 | 29  0.01385  2.89890e+01 | 30  0.09524  2.28064e+02
 31  0.04621  1.65066e+02 | 32  0.10164  7.85990e+01 | 33  0.04378  6.26537e+01
 34 -0.04516 -8.81879e+01 | 35  0.00156 -8.21709e+01 | 36 -0.11794  1.30044e+01
 37  0.24990  2.52377e+03 | 38  0.24828  1.22572e+03 | 39  0.23873 -6.13108e+02
 40  0.23826 -3.95660e+02 | 41 -0.13308  8.02743e+01 | 42 -0.78932  4.32882e+01
 43  0.04671  8.66221e+00 | 44 -0.00698  1.10670e+02 | 45 -0.12754  3.88054e+01
 46 -0.41368  4.93040e+01 |
46 variables; iteration 60; function evaluation 83; phase 2
Function value 2.8891746e+03; maximum gradient component mag -8.7854e+01
Var    Value     Gradient |Var    Value     Gradient |Var    Value     Gradient
  1  0.06579 -8.78542e+01 |  2 -0.01350  2.42914e+00 |  3  0.02759  2.59679e+00
  4 -0.01648  3.94017e+00 |  5 -0.13458  3.85252e+00 |  6 -0.01927  3.92035e+00
  7 -0.10761  2.65755e+00 |  8 -0.07442  1.89128e+00 |  9  0.00059  5.90063e+00
 10  0.11068  1.24583e+01 | 11 -0.03648  4.44432e+00 | 12  0.02456  4.18029e+00
 13  0.01526  6.90710e+00 | 14  0.04963 -1.78013e+01 | 15 -0.01464 -6.90140e+00
 16 -0.06549 -4.40684e+00 | 17 -0.01118 -1.07696e+00 | 18  0.06386  1.66128e-02
 19  0.09818  2.50025e+00 | 20 -0.01752  3.77764e-01 | 21 -0.05770  3.82132e+00
 22 -0.03411  5.95603e+00 | 23 -0.01379  4.69006e+00 | 24  0.03491 -1.54248e+00
 25  0.02799 -3.30010e+00 | 26  0.06804 -1.62861e+01 | 27 -0.00348  9.71117e+00
 28  0.04417  1.06945e+01 | 29  0.01581  1.96965e+00 | 30  0.06631 -7.27494e+00
 31  0.01495  2.95523e+00 | 32  0.09367  6.13509e+00 | 33  0.02509  2.57375e+00
 34 -0.03244  3.70372e+00 | 35  0.00979  5.61762e+00 | 36 -0.13795  1.01275e+00
 37  0.22780 -4.34947e+01 | 38  0.22574 -2.52865e+01 | 39  0.23438  5.27799e+00
 40  0.23075  4.08335e+00 | 41 -0.12655  4.29000e+00 | 42 -0.70001 -2.20609e+00
 43 -0.03365  1.23543e+00 | 44 -0.03885  5.11923e+00 | 45 -0.23966 -2.45423e+00
 46 -0.49234 -7.57528e-01 |

 - final statistics:
46 variables; iteration 63; function evaluation 86
Function value 2.8890e+03; maximum gradient component mag -4.8005e+00
Exit code = 1;  converg criter 1.0000e+01
Var    Value     Gradient |Var    Value     Gradient |Var    Value     Gradient
  1  0.06679 -6.06403e-01 |  2 -0.01351  6.53364e-01 |  3  0.02719  1.33495e+00
  4 -0.01753  2.61990e-03 |  5 -0.13629 -4.81653e-01 |  6 -0.02070 -4.24654e-01
  7 -0.10868 -2.60492e-01 |  8 -0.07517 -1.73518e-01 |  9 -0.00216 -3.32028e-01
 10  0.10691 -2.14653e+00 | 11 -0.03878 -3.99549e-01 | 12  0.02251 -9.62522e-01
 13  0.01203 -1.66562e+00 | 14  0.05314 -4.80049e+00 | 15 -0.01180 -2.18833e+00
 16 -0.06326 -1.92068e+00 | 17 -0.00962 -5.85254e-01 | 18  0.06552  1.32723e+00
 19  0.09867 -5.66544e-02 | 20 -0.01618 -2.26488e-01 | 21 -0.05752  1.40376e-01
 22 -0.03469  3.53298e-01 | 23 -0.01473  3.99515e-01 | 24  0.03571  9.60371e-02
 25  0.02914  3.62558e-01 | 26  0.07141  1.26545e+00 | 27 -0.00555 -1.43700e+00
 28  0.04243 -2.28453e+00 | 29  0.01650  1.03019e+00 | 30  0.06940  7.65736e-01
 31  0.01502 -2.19806e-01 | 32  0.09334  2.21969e+00 | 33  0.02551  2.42915e+00
 34 -0.03227  2.07647e+00 | 35  0.00974  2.41291e+00 | 36 -0.13709 -4.25149e-01
 37  0.22709  1.26963e-01 | 38  0.22489  2.95689e-01 | 39  0.23315  8.18388e-01
 40  0.23028 -3.90639e-02 | 41 -0.12164 -1.31971e+00 | 42 -0.69626  9.44942e-01
 43 -0.03718 -8.04960e-01 | 44 -0.04319 -1.14568e+00 | 45 -0.24015  4.88324e-01
 46 -0.49617  7.44725e-01 |

Initial statistics: 52 variables; iteration 0; function evaluation 0; phase 3
Function value 2.8889802e+03; maximum gradient component mag -1.6792e+03
Var    Value     Gradient |Var    Value     Gradient |Var    Value     Gradient
  1  0.06679 -6.06403e-01 |  2 -0.01351  7.72220e-01 |  3  0.02719  1.45372e+00
  4 -0.01753  1.21458e-01 |  5 -0.13629 -3.65485e-01 |  6 -0.02069 -3.05834e-01
  7 -0.10867 -1.43338e-01 |  8 -0.07517 -5.54630e-02 |  9 -0.00216 -2.13146e-01
 10  0.10692 -2.02932e+00 | 11 -0.03877 -2.80887e-01 | 12  0.02251 -8.43713e-01
 13  0.01204 -1.54676e+00 | 14  0.05314 -4.68202e+00 | 15 -0.01180 -2.06947e+00
 16 -0.06326 -1.80239e+00 | 17 -0.00962 -4.66385e-01 | 18  0.06552  1.44548e+00
 19  0.09867  6.08033e-02 | 20 -0.01618 -1.07644e-01 | 21 -0.05752  2.58774e-01
 22 -0.03468  4.72004e-01 | 23 -0.01473  5.18366e-01 | 24  0.03572  2.14733e-01
 25  0.02914  4.81316e-01 | 26  0.07141  1.38358e+00 | 27 -0.00555 -1.31812e+00
 28  0.04244 -2.16591e+00 | 29  0.01650  1.14904e+00 | 30  0.06940  8.83913e-01
 31  0.01503 -1.00957e-01 | 32  0.09335  2.33729e+00 | 33  0.02551  2.54794e+00
 34 -0.03227  2.19520e+00 | 35  0.00974  2.53178e+00 | 36 -0.13709 -3.09013e-01
 37  0.22709  1.26963e-01 | 38  0.22489  2.95689e-01 | 39  0.23315  8.18388e-01
 40  0.23028 -3.90639e-02 | 41 -0.12164 -1.31971e+00 | 42 -0.69626  9.44942e-01
 43  0.24547 -1.87168e+02 | 44 -0.22317  6.82929e+01 | 45  0.11044 -1.21286e+03
 46 -0.39395  9.70974e+02 | 47  0.28823 -1.67915e+03 | 48 -0.67072  8.25903e+02
 49 -0.03718 -8.04960e-01 | 50 -0.04319 -1.14568e+00 | 51 -0.24015  4.88324e-01
 52 -0.49617  7.44725e-01 |

Intermediate statistics: 52 variables; iteration 20; function evaluation 33; phase 3
Function value 2.4750234e+03; maximum gradient component mag -2.6158e+03
Var    Value     Gradient |Var    Value     Gradient |Var    Value     Gradient
  1  0.04908 -1.68246e+02 |  2  0.00150  3.38154e+01 |  3  0.04208  6.31088e+01
  4 -0.02281  6.05958e+00 |  5 -0.14438 -6.53900e-01 |  6 -0.03245  1.02434e+01
  7 -0.12744 -9.33030e+00 |  8 -0.07919  7.41785e+00 |  9  0.00552  2.63619e+01
 10  0.10897  6.29932e+01 | 11 -0.02533  1.64637e+01 | 12  0.00944  2.52630e+00
 13  0.03720  6.09123e+01 | 14  0.08317  1.16609e+02 | 15  0.01402  3.92404e+01
 16 -0.06066  2.74442e+01 | 17 -0.01482 -1.93645e+01 | 18  0.04209 -2.89801e+01
 19  0.06502 -1.65219e+01 | 20 -0.03108 -3.51967e+01 | 21 -0.13073 -2.92975e+01
 22 -0.04643 -1.51648e+01 | 23  0.04148  5.06328e+01 | 24  0.02321  5.37645e+01
 25 -0.01286  3.08893e+01 | 26  0.09711  1.40519e+02 | 27  0.01057 -7.80385e+00
 28  0.04080 -2.95792e+01 | 29 -0.00958 -1.14842e+02 | 30  0.05798 -5.08644e+01
 31  0.01293 -8.35310e+01 | 32  0.10242 -9.17566e+01 | 33  0.04154 -4.16727e+01
 34 -0.01295 -1.78472e+01 | 35  0.02176 -5.29048e+01 | 36 -0.10795 -3.09098e+01
 37  0.24533 -5.60780e+02 | 38  0.24085  3.93411e+01 | 39  0.24020 -2.84946e+02
 40  0.21784 -2.61579e+03 | 41 -0.09974  4.01809e+02 | 42 -0.67758 -1.32202e+02
 43  0.35830  7.77454e+01 | 44 -0.35335 -3.82168e+01 | 45  0.06597 -1.88006e+02
 46 -0.66528  1.28179e+02 | 47  0.48347 -6.35593e+02 | 48 -0.65006  2.98387e+02
 49  0.01106  1.48810e+02 | 50 -0.03756  4.42094e+02 | 51 -0.22884 -6.00720e+01
 52 -0.50031 -1.01398e+02 |
52 variables; iteration 40; function evaluation 56; phase 3
Function value 2.4398288e+03; maximum gradient component mag -2.1625e+03
Var    Value     Gradient |Var    Value     Gradient |Var    Value     Gradient
  1  0.04099 -2.16249e+03 |  2 -0.00300  2.24397e+01 |  3  0.03196 -2.42206e+00
  4 -0.01920  2.03937e+01 |  5 -0.11990  5.48932e+01 |  6 -0.02147  4.06438e+00
  7 -0.08895  5.86280e+01 |  8 -0.03843  7.63452e+01 |  9  0.01069  2.93435e+01
 10  0.10119  1.45003e+01 | 11 -0.01322  5.04783e+01 | 12  0.01630  2.73847e+01
 13  0.02413 -3.06926e+01 | 14  0.06404 -7.75020e+01 | 15  0.02245  7.15807e+01
 16 -0.06542  2.99882e+01 | 17 -0.00861  4.81885e+01 | 18  0.04477  2.81054e+01
 19  0.05375 -2.37867e+01 | 20 -0.03357 -6.09980e+00 | 21 -0.11677  4.06765e+01
 22 -0.04858  7.10505e+00 | 23  0.03507  1.85068e+01 | 24  0.02307  3.88230e+01
 25 -0.03056 -2.34644e+01 | 26  0.08527 -1.51536e+01 | 27  0.01478  6.08865e+00
 28  0.02818 -6.46529e+01 | 29 -0.00430 -9.39323e+00 | 30  0.05016 -3.27619e+01
 31  0.01422 -2.11577e+01 | 32  0.09636 -1.12900e+02 | 33  0.02519 -1.15755e+02
 34 -0.03003 -9.26244e+01 | 35  0.02855  7.81795e+00 | 36 -0.12834  1.24042e+01
 37  0.25581 -7.28745e+02 | 38  0.24961 -7.70904e+01 | 39  0.25456 -2.95979e+01
 40  0.22850 -1.18044e+03 | 41 -0.26221 -7.27950e+01 | 42 -0.61608  1.78492e+02
 43  0.36273  6.13625e+01 | 44 -0.36855 -1.14273e+02 | 45  0.05912 -2.93520e+02
 46 -0.68454 -7.97935e+01 | 47  0.51962 -4.67488e+02 | 48 -0.65692  2.25247e+02
 49  0.13493  3.00827e+01 | 50  0.07473 -1.45307e+02 | 51 -0.23978  2.72657e+01
 52 -0.55595  1.35180e+02 |
52 variables; iteration 60; function evaluation 91; phase 3
Function value 2.3590302e+03; maximum gradient component mag -1.8680e+02
Var    Value     Gradient |Var    Value     Gradient |Var    Value     Gradient
  1  0.04173 -1.79905e+02 |  2  0.00154  6.28779e+00 |  3  0.04311  6.52996e+00
  4 -0.01529  3.20619e+00 |  5 -0.13719  2.09595e+00 |  6 -0.02249  1.46659e+00
  7 -0.11439  3.22664e+00 |  8 -0.07099  5.45856e+00 |  9  0.00658  4.38779e+00
 10  0.10767  5.11904e+00 | 11 -0.02474  1.36524e+00 | 12  0.01028  5.14532e-01
 13  0.03320 -5.23608e-01 | 14  0.07450 -6.33053e+00 | 15  0.01136  3.25290e+00
 16 -0.06279  1.41357e+00 | 17 -0.01174  1.15361e+00 | 18  0.04496  1.26245e+00
 19  0.06219 -1.58296e+00 | 20 -0.02491  1.14833e+00 | 21 -0.12085  1.71594e+00
 22 -0.03944  2.13421e+00 | 23  0.03839  2.81436e+00 | 24  0.01770  1.79618e+00
 25 -0.01517 -1.31879e-01 | 26  0.08179 -2.85443e+00 | 27  0.01886 -7.31810e-02
 28  0.03533 -9.29630e+00 | 29  0.00035  3.58911e-01 | 30  0.05676 -3.49393e+00
 31  0.02203 -2.98017e+00 | 32  0.10402 -8.44103e+00 | 33  0.03242 -7.14669e+00
 34 -0.01906 -6.84375e+00 | 35  0.02680 -9.40495e-02 | 36 -0.15314 -2.19611e+00
 37  0.25547 -5.70255e+01 | 38  0.24774  2.13492e+00 | 39  0.25280 -2.76234e+01
 40  0.22387 -1.86803e+02 | 41 -0.25636 -7.72951e+00 | 42 -0.62948  2.32190e+01
 43  0.36889  4.01427e+00 | 44 -0.34909 -1.10665e-01 | 45  0.07114  3.53203e+01
 46 -0.67007  2.25879e+00 | 47  0.96225 -1.22191e+01 | 48 -0.62854  1.40887e+01
 49  0.08943  7.12406e+00 | 50  0.06541 -1.93101e+01 | 51 -0.28336 -2.23099e+00
 52 -0.54961  2.25217e+01 |
52 variables; iteration 80; function evaluation 111; phase 3
Function value 2.3583824e+03; maximum gradient component mag 2.1631e-01
Var    Value     Gradient |Var    Value     Gradient |Var    Value     Gradient
  1  0.04166  1.50475e-01 |  2  0.00012  5.92629e-03 |  3  0.04230  1.02981e-02
  4 -0.01587 -2.89002e-03 |  5 -0.13767 -3.19993e-04 |  6 -0.02273 -1.78882e-03
  7 -0.11575  6.51985e-04 |  8 -0.07336 -4.99168e-03 |  9  0.00562 -1.95276e-03
 10  0.10759  1.33604e-03 | 11 -0.02413 -3.57048e-03 | 12  0.01046  4.56780e-03
 13  0.03325 -1.43328e-03 | 14  0.07552 -4.70958e-03 | 15  0.01090 -4.74344e-03
 16 -0.06278  2.55386e-03 | 17 -0.01207 -3.96039e-03 | 18  0.04501 -4.72627e-03
 19  0.06272  3.68403e-03 | 20 -0.02487 -1.26701e-03 | 21 -0.12044 -1.24453e-03
 22 -0.03929 -3.75560e-03 | 23  0.03799 -1.27366e-03 | 24  0.01783 -3.03192e-03
 25 -0.01439  5.67414e-03 | 26  0.08181  7.39375e-03 | 27  0.01774  2.11400e-03
 28  0.03647  4.81966e-03 | 29 -0.00003 -1.80205e-03 | 30  0.05746 -6.94843e-03
 31  0.02184 -9.88509e-05 | 32  0.10399 -8.33227e-04 | 33  0.03285 -4.24254e-03
 34 -0.01767  3.34688e-03 | 35  0.02555  4.86830e-03 | 36 -0.14833  2.63756e-03
 37  0.25565 -1.63398e-01 | 38  0.24773 -3.39083e-02 | 39  0.25340  2.38282e-02
 40  0.22474  5.81852e-02 | 41 -0.23564  1.45771e-01 | 42 -0.63666 -1.46334e-01
 43  0.36908  2.99338e-03 | 44 -0.34912  8.71991e-03 | 45  0.06926 -5.53334e-04
 46 -0.67225  6.83064e-03 | 47  1.00007  1.96392e-03 | 48 -0.67205  3.82302e-04
 49  0.07471  1.28474e-02 | 50  0.05176  2.16311e-01 | 51 -0.27884 -9.93616e-03
 52 -0.54317 -1.28619e-01 |
52 variables; iteration 100; function evaluation 134; phase 3
Function value 2.3583823e+03; maximum gradient component mag 3.4208e-01
Var    Value     Gradient |Var    Value     Gradient |Var    Value     Gradient
  1  0.04166  3.26441e-01 |  2  0.00011 -1.45526e-02 |  3  0.04229 -2.08196e-02
  4 -0.01587 -3.46587e-03 |  5 -0.13768 -6.34433e-03 |  6 -0.02274 -2.03792e-03
  7 -0.11576 -7.14227e-03 |  8 -0.07336  1.45813e-03 |  9  0.00562  6.98240e-04
 10  0.10759  4.02888e-03 | 11 -0.02412  1.71678e-03 | 12  0.01046 -4.68446e-03
 13  0.03325  5.49417e-03 | 14  0.07553  1.75732e-02 | 15  0.01091  9.00797e-03
 16 -0.06278 -5.24051e-03 | 17 -0.01206  7.98893e-03 | 18  0.04501  6.19543e-03
 19  0.06271 -2.71918e-03 | 20 -0.02487 -3.77683e-03 | 21 -0.12044  1.76248e-04
 22 -0.03929  3.51648e-04 | 23  0.03799  7.96330e-03 | 24  0.01784  1.04644e-02
 25 -0.01439 -7.79240e-03 | 26  0.08181  1.57740e-03 | 27  0.01775  4.14232e-04
 28  0.03647 -3.76465e-03 | 29 -0.00003 -2.10032e-03 | 30  0.05746  9.81789e-03
 31  0.02184  1.64799e-03 | 32  0.10400  1.41790e-02 | 33  0.03285  1.21639e-02
 34 -0.01767 -6.32871e-03 | 35  0.02556 -1.56271e-02 | 36 -0.14835 -1.18692e-02
 37  0.25565  3.42080e-01 | 38  0.24773  7.44049e-02 | 39  0.25340 -2.40790e-02
 40  0.22474 -1.00137e-01 | 41 -0.16431  6.86008e-02 | 42 -0.64880  1.76878e-02
 43  0.36909 -9.45525e-03 | 44 -0.34913 -1.78087e-02 | 45  0.06926 -3.68593e-03
 46 -0.67226 -1.40199e-02 | 47  1.00005 -1.13354e-04 | 48 -0.67205 -2.41883e-03
 49  0.02795  1.39414e-02 | 50  0.00509  9.06543e-02 | 51 -0.26951 -3.46625e-03
 52 -0.53042  2.03387e-02 |
52 variables; iteration 120; function evaluation 157; phase 3
Function value 2.3583822e+03; maximum gradient component mag -9.6480e-02
Var    Value     Gradient |Var    Value     Gradient |Var    Value     Gradient
  1  0.04166  1.85817e-03 |  2  0.00012  3.58993e-03 |  3  0.04230  6.30025e-03
  4 -0.01587  3.08710e-04 |  5 -0.13767  5.92579e-04 |  6 -0.02273 -2.84535e-04
  7 -0.11576  7.08819e-04 |  8 -0.07336 -1.77452e-03 |  9  0.00562 -1.08291e-03
 10  0.10759 -7.47309e-04 | 11 -0.02413 -1.04097e-03 | 12  0.01046  1.47457e-03
 13  0.03325 -6.18614e-04 | 14  0.07552 -3.41843e-03 | 15  0.01090 -2.20734e-03
 16 -0.06278  1.63017e-03 | 17 -0.01207 -2.20249e-03 | 18  0.04501 -2.23403e-03
 19  0.06272  1.00712e-03 | 20 -0.02487  7.70469e-04 | 21 -0.12044 -8.33995e-04
 22 -0.03929 -5.00429e-04 | 23  0.03799 -1.56434e-03 | 24  0.01783 -2.77216e-03
 25 -0.01439  2.52515e-03 | 26  0.08181  1.91479e-03 | 27  0.01774  5.79552e-04
 28  0.03647  2.10782e-03 | 29 -0.00003  5.26091e-04 | 30  0.05746 -3.05525e-03
 31  0.02184 -7.89827e-04 | 32  0.10399 -2.49810e-03 | 33  0.03285 -3.00941e-03
 34 -0.01767  1.99761e-03 | 35  0.02556  4.28962e-03 | 36 -0.14834  2.02788e-03
 37  0.25565 -9.64805e-02 | 38  0.24773 -1.85797e-02 | 39  0.25340  8.72695e-03
 40  0.22474  3.55516e-02 | 41 -0.09887  2.69135e-02 | 42 -0.65769 -3.67927e-02
 43  0.36908  2.41443e-03 | 44 -0.34912  5.12421e-03 | 45  0.06926  1.51403e-03
 46 -0.67225  3.89818e-03 | 47  1.00005  2.80655e-04 | 48 -0.67204  7.15654e-04
 49 -0.01609  8.11064e-04 | 50 -0.03895  3.91909e-02 | 51 -0.26289 -1.55221e-03
 52 -0.52150 -3.52527e-02 |
52 variables; iteration 140; function evaluation 179; phase 3
Function value 2.3583822e+03; maximum gradient component mag -1.1129e-01
Var    Value     Gradient |Var    Value     Gradient |Var    Value     Gradient
  1  0.04166 -1.11294e-01 |  2  0.00011  1.74799e-03 |  3  0.04230  1.53551e-03
  4 -0.01587  1.00454e-03 |  5 -0.13767  1.55593e-03 |  6 -0.02273  8.61162e-04
  7 -0.11576  1.78384e-03 |  8 -0.07336  1.00271e-03 |  9  0.00562  7.47361e-04
 10  0.10759 -7.26497e-04 | 11 -0.02413  4.60300e-04 | 12  0.01046  3.49261e-04
 13  0.03325 -1.15068e-03 | 14  0.07553 -3.05116e-03 | 15  0.01090 -1.18020e-03
 16 -0.06278  3.12733e-04 | 17 -0.01207 -7.39707e-04 | 18  0.04501 -2.41388e-04
 19  0.06272 -3.19634e-05 | 20 -0.02487  6.26874e-04 | 21 -0.12044  6.97291e-04
 22 -0.03929  2.59839e-04 | 23  0.03799 -1.21891e-03 | 24  0.01783 -1.16326e-03
 25 -0.01439  4.00210e-04 | 26  0.08181 -2.47303e-03 | 27  0.01774 -6.45668e-04
 28  0.03647 -6.57940e-04 | 29 -0.00003  2.16512e-04 | 30  0.05746 -8.11852e-04
 31  0.02184  2.60365e-04 | 32  0.10399 -2.28323e-03 | 33  0.03285 -1.41081e-03
 34 -0.01767  4.73783e-04 | 35  0.02556  1.48866e-03 | 36 -0.14834  2.29545e-03
 37  0.25565 -2.93861e-02 | 38  0.24773 -8.88654e-03 | 39  0.25340  6.02523e-04
 40  0.22474  1.09010e-03 | 41 -0.07832 -4.81089e-02 | 42 -0.65990  2.40338e-02
 43  0.36908  9.83842e-04 | 44 -0.34912  1.35086e-03 | 45  0.06926 -2.50917e-04
 46 -0.67225  1.12482e-03 | 47  1.00005  8.49807e-05 | 48 -0.67205  1.99568e-04
 49 -0.03009 -5.31588e-03 | 50 -0.05297 -6.48050e-02 | 51 -0.26127  2.54304e-03
 52 -0.51933  2.38303e-02 |
52 variables; iteration 160; function evaluation 202; phase 3
Function value 2.3583822e+03; maximum gradient component mag -6.8189e-02
Var    Value     Gradient |Var    Value     Gradient |Var    Value     Gradient
  1  0.04166 -6.81887e-02 |  2  0.00011  8.01150e-04 |  3  0.04230  4.22297e-04
  4 -0.01587  7.16427e-04 |  5 -0.13767  1.03418e-03 |  6 -0.02273  6.57265e-04
  7 -0.11576  9.52912e-04 |  8 -0.07336  8.38174e-04 |  9  0.00562  6.13617e-04
 10  0.10759 -2.74756e-04 | 11 -0.02413  4.36086e-04 | 12  0.01046 -1.00507e-05
 13  0.03325 -6.18768e-04 | 14  0.07553 -1.59692e-03 | 15  0.01090 -5.21962e-04
 16 -0.06278  1.83335e-04 | 17 -0.01207 -2.15449e-04 | 18  0.04501 -9.79454e-05
 19  0.06272 -3.29109e-04 | 20 -0.02487  2.95228e-04 | 21 -0.12044  5.28260e-04
 22 -0.03929  3.61621e-04 | 23  0.03799 -6.93010e-04 | 24  0.01783 -5.41998e-04
 25 -0.01439  1.14465e-04 | 26  0.08181 -1.87109e-03 | 27  0.01774 -5.61211e-04
 28  0.03647 -7.64079e-04 | 29 -0.00003  1.91907e-05 | 30  0.05746 -1.69550e-04
 31  0.02184  2.81832e-04 | 32  0.10399 -1.21269e-03 | 33  0.03285 -6.59943e-04
 34 -0.01767  1.87590e-04 | 35  0.02556  3.55112e-04 | 36 -0.14834  1.06403e-03
 37  0.25565 -9.56509e-03 | 38  0.24773 -4.35084e-03 | 39  0.25340 -5.95349e-04
 40  0.22474 -1.92267e-03 | 41 -0.04579 -2.56855e-02 | 42 -0.65219  4.93259e-03
 43  0.36908  2.73824e-04 | 44 -0.34912  5.77284e-04 | 45  0.06926 -5.59638e-05
 46 -0.67225  5.17691e-04 | 47  1.00005  1.18097e-05 | 48 -0.67205 -1.65950e-06
 49 -0.05239 -2.85080e-03 | 50 -0.07535 -3.46591e-02 | 51 -0.26696  8.42034e-04
 52 -0.52698  4.93780e-03 |
52 variables; iteration 180; function evaluation 223; phase 3
Function value 2.3583822e+03; maximum gradient component mag 6.0143e-02
Var    Value     Gradient |Var    Value     Gradient |Var    Value     Gradient
  1  0.04166  6.01434e-02 |  2  0.00011  7.34810e-04 |  3  0.04230  2.38696e-03
  4 -0.01587 -3.76270e-04 |  5 -0.13767 -9.24700e-04 |  6 -0.02273 -9.80198e-04
  7 -0.11576 -2.40729e-04 |  8 -0.07336 -1.38264e-03 |  9  0.00562 -9.74567e-04
 10  0.10759 -1.70671e-04 | 11 -0.02413 -8.89586e-04 | 12  0.01046  7.70541e-04
 13  0.03325  6.11302e-04 | 14  0.07553  5.86614e-04 | 15  0.01090 -3.65874e-04
 16 -0.06278 -3.87128e-04 | 17 -0.01207 -7.64901e-04 | 18  0.04501 -8.67510e-04
 19  0.06272  6.90775e-04 | 20 -0.02487  2.03227e-04 | 21 -0.12044 -6.81181e-04
 22 -0.03929 -9.43294e-04 | 23  0.03799  7.44454e-04 | 24  0.01783 -7.89348e-05
 25 -0.01439  3.74948e-04 | 26  0.08181  2.52912e-03 | 27  0.01774  4.57876e-04
 28  0.03647  1.05736e-03 | 29 -0.00003  3.11902e-04 | 30  0.05746 -9.39728e-04
 31  0.02184 -6.12017e-04 | 32  0.10399  6.35592e-04 | 33  0.03285 -2.88179e-04
 34 -0.01767 -2.49975e-04 | 35  0.02556  1.95980e-03 | 36 -0.14834  1.64055e-04
 37  0.25565 -1.71931e-02 | 38  0.24773  4.91548e-05 | 39  0.25340  2.97193e-03
 40  0.22474  1.23871e-02 | 41 -0.06703  1.65774e-02 | 42 -0.64414  1.70254e-02
 43  0.36908  2.99837e-04 | 44 -0.34912 -4.42193e-04 | 45  0.06926  3.07426e-04
 46 -0.67225 -1.27926e-03 | 47  1.00005  5.17309e-05 | 48 -0.67205  3.28683e-04
 49 -0.03781  2.00984e-03 | 50 -0.06071  2.21291e-02 | 51 -0.27305  6.29084e-04
 52 -0.53524  1.60989e-02 |
52 variables; iteration 200; function evaluation 245; phase 3
Function value 2.3583822e+03; maximum gradient component mag 4.9694e-03
Var    Value     Gradient |Var    Value     Gradient |Var    Value     Gradient
  1  0.04166  4.96942e-03 |  2  0.00011 -2.70179e-04 |  3  0.04230 -5.20252e-04
  4 -0.01587 -1.19890e-04 |  5 -0.13767 -1.72431e-05 |  6 -0.02273  2.03960e-05
  7 -0.11576 -1.61865e-04 |  8 -0.07336 -9.90125e-05 |  9  0.00562 -1.06994e-04
 10  0.10759 -1.46367e-04 | 11 -0.02413 -1.01714e-04 | 12  0.01046 -9.31057e-05
 13  0.03325 -9.77943e-05 | 14  0.07553  1.27846e-04 | 15  0.01090 -2.38035e-06
 16 -0.06278  1.47884e-04 | 17 -0.01207  3.35041e-05 | 18  0.04501  1.66257e-04
 19  0.06272  2.25706e-05 | 20 -0.02487 -9.89350e-05 | 21 -0.12044 -2.02517e-04
 22 -0.03929  5.35135e-05 | 23  0.03799 -7.93183e-05 | 24  0.01783 -5.55484e-05
 25 -0.01439  9.85370e-05 | 26  0.08181  2.84003e-04 | 27  0.01774  2.10906e-04
 28  0.03647  1.39848e-04 | 29 -0.00003 -3.88119e-05 | 30  0.05746  1.98917e-04
 31  0.02184  7.81533e-05 | 32  0.10399  2.71166e-04 | 33  0.03285  1.90389e-04
 34 -0.01767  2.91704e-04 | 35  0.02556  8.35195e-05 | 36 -0.14834 -6.09894e-05
 37  0.25565  2.93981e-04 | 38  0.24773  1.23892e-04 | 39  0.25340 -6.27481e-05
 40  0.22474  6.84823e-04 | 41 -0.06705  1.07607e-03 | 42 -0.63955 -8.11893e-04
 43  0.36908 -1.15025e-04 | 44 -0.34912  2.67703e-04 | 45  0.06926  6.46943e-04
 46 -0.67225  5.51332e-04 | 47  1.00005  2.17889e-05 | 48 -0.67205  4.12243e-05
 49 -0.03779 -3.91396e-05 | 50 -0.06070  1.60272e-03 | 51 -0.27658  1.31678e-05
 52 -0.54007 -7.57024e-04 |
Warning: the following parameters had issues
  selparm[7] is within 0.1% of upper bound: -3.00000e+00 < 1.50000e+01 < 1.50000e+01


 - final statistics:
52 variables; iteration 210; function evaluation 255
Function value 2.3584e+03; maximum gradient component mag 2.6766e-05
Exit code = 1;  converg criter 1.0000e-04
Var    Value     Gradient |Var    Value     Gradient |Var    Value     Gradient
  1  0.04166  2.67657e-05 |  2  0.00011 -1.91108e-06 |  3  0.04230 -3.91311e-06
  4 -0.01587 -8.37173e-07 |  5 -0.13767 -1.81117e-08 |  6 -0.02273  2.81657e-07
  7 -0.11576 -1.03411e-06 |  8 -0.07336 -5.47479e-07 |  9  0.00562 -5.77665e-07
 10  0.10759 -9.93630e-07 | 11 -0.02413 -5.37628e-07 | 12  0.01046 -7.14812e-07
 13  0.03325 -7.01001e-07 | 14  0.07553  9.28169e-07 | 15  0.01090 -2.49815e-08
 16 -0.06278  1.20265e-06 | 17 -0.01207  3.18533e-07 | 18  0.04501  1.09323e-06
 19  0.06272 -2.07681e-07 | 20 -0.02487 -7.70640e-07 | 21 -0.12044 -1.18908e-06
 22 -0.03929  4.87272e-07 | 23  0.03799 -8.41855e-07 | 24  0.01783 -4.08088e-07
 25 -0.01439  7.57738e-07 | 26  0.08181  1.72526e-06 | 27  0.01774  1.39352e-06
 28  0.03647  6.67796e-07 | 29 -0.00003 -3.14860e-07 | 30  0.05746  1.46485e-06
 31  0.02184  6.66470e-07 | 32  0.10399  1.90662e-06 | 33  0.03285  1.43271e-06
 34 -0.01767  2.23567e-06 | 35  0.02556  5.05245e-07 | 36 -0.14834 -4.50759e-07
 37  0.25565  1.55711e-06 | 38  0.24773  5.31617e-08 | 39  0.25340 -8.15299e-07
 40  0.22474  5.40763e-06 | 41 -0.06727  7.82088e-06 | 42 -0.63925 -1.37303e-05
 43  0.36908 -9.19943e-07 | 44 -0.34912  2.05330e-06 | 45  0.06926  5.61492e-06
 46 -0.67225  3.83335e-06 | 47  1.00005  1.24904e-07 | 48 -0.67205  2.60655e-07
 49 -0.03765 -3.92650e-07 | 50 -0.06055  1.17356e-05 | 51 -0.27682 -2.97673e-07
 52 -0.54039 -1.27661e-05 |
Estimating row 1 out of 52 for hessian
Estimating row 2 out of 52 for hessian
Estimating row 3 out of 52 for hessian
Estimating row 4 out of 52 for hessian
Estimating row 5 out of 52 for hessian
Estimating row 6 out of 52 for hessian
Estimating row 7 out of 52 for hessian
Estimating row 8 out of 52 for hessian
Estimating row 9 out of 52 for hessian
Estimating row 10 out of 52 for hessian
Estimating row 11 out of 52 for hessian
Estimating row 12 out of 52 for hessian
Estimating row 13 out of 52 for hessian
Estimating row 14 out of 52 for hessian
Estimating row 15 out of 52 for hessian
Estimating row 16 out of 52 for hessian
Estimating row 17 out of 52 for hessian
Estimating row 18 out of 52 for hessian
Estimating row 19 out of 52 for hessian
Estimating row 20 out of 52 for hessian
Estimating row 21 out of 52 for hessian
Estimating row 22 out of 52 for hessian
Estimating row 23 out of 52 for hessian
Estimating row 24 out of 52 for hessian
Estimating row 25 out of 52 for hessian
Estimating row 26 out of 52 for hessian
Estimating row 27 out of 52 for hessian
Estimating row 28 out of 52 for hessian
Estimating row 29 out of 52 for hessian
Estimating row 30 out of 52 for hessian
Estimating row 31 out of 52 for hessian
Estimating row 32 out of 52 for hessian
Estimating row 33 out of 52 for hessian
Estimating row 34 out of 52 for hessian
Estimating row 35 out of 52 for hessian
Estimating row 36 out of 52 for hessian
Estimating row 37 out of 52 for hessian
Estimating row 38 out of 52 for hessian
Estimating row 39 out of 52 for hessian
Estimating row 40 out of 52 for hessian
Estimating row 41 out of 52 for hessian
Estimating row 42 out of 52 for hessian
Estimating row 43 out of 52 for hessian
Estimating row 44 out of 52 for hessian
Estimating row 45 out of 52 for hessian
Estimating row 46 out of 52 for hessian
Estimating row 47 out of 52 for hessian
Estimating row 48 out of 52 for hessian
Estimating row 49 out of 52 for hessian
Estimating row 50 out of 52 for hessian
Estimating row 51 out of 52 for hessian
Estimating row 52 out of 52 for hessian
size of file gradfil1.tmp = 0
size of file gradfil2.tmp = 0
size of file varssave.tmp = 0
size of file cmpdiff.tmp = 0
