
Initial statistics: 36 variables; iteration 0; function evaluation 0; phase 1
Function value 1.1198623e+04; maximum gradient component mag 5.5980e+04
Var    Value     Gradient |Var    Value     Gradient |Var    Value     Gradient
  1  0.08433  5.59802e+04 |  2  0.04412 -6.49403e+02 |  3  0.01827 -7.57344e+02
  4 -0.01885 -7.83440e+02 |  5 -0.17870 -8.24684e+02 |  6 -0.02603 -7.20720e+02
  7 -0.18278 -8.82193e+02 |  8 -0.07628 -7.56456e+02 |  9  0.01924 -5.36410e+02
 10  0.16118  5.92497e+02 | 11 -0.01326 -3.75960e+02 | 12  0.01876 -9.37994e+01
 13  0.03031  2.67243e+02 | 14  0.05008  3.88661e+02 | 15  0.03030  2.98026e+02
 16 -0.07988 -1.90186e+02 | 17 -0.04478  2.31946e+02 | 18 -0.00568  2.03355e+02
 19  0.06834  1.11148e+03 | 20 -0.05014  5.05208e+01 | 21 -0.08821 -3.20698e+02
 22 -0.08998 -5.85246e+02 | 23  0.07679  4.93640e+02 | 24 -0.00446 -3.50615e+01
 25 -0.02239  6.78505e+01 | 26  0.00267  3.27213e+02 | 27  0.08005  1.36910e+03
 28  0.03783  5.26140e+02 | 29  0.03431  4.75901e+02 | 30  0.03234  3.72613e+02
 31  0.00201  7.57672e+01 | 32  0.06384  6.49441e+02 | 33  0.05268  7.57001e+02
 34  0.02584  1.92345e+02 | 35  0.05031 -3.05833e+02 | 36 -0.02111 -5.92852e+02

Intermediate statistics: 36 variables; iteration 20; function evaluation 32; phase 1
Function value 7.7994383e+03; maximum gradient component mag 8.8111e+02
Var    Value     Gradient |Var    Value     Gradient |Var    Value     Gradient
  1  0.01541 -3.98675e+02 |  2  0.06423  1.33826e+02 |  3  0.11821  1.83928e+02
  4  0.05195  8.04081e+01 |  5 -0.07018  4.19191e+01 |  6  0.05499  1.18062e+02
  7 -0.04668  2.99765e+01 |  8 -0.01684  3.38428e+01 |  9  0.03036 -6.56892e+00
 10  0.07272 -2.87849e+02 | 11 -0.02544 -8.26843e+01 | 12 -0.08221 -1.20207e+02
 13  0.02576 -8.59726e+01 | 14  0.04854  2.50426e+00 | 15  0.01521  3.14647e+02
 16  0.04757  8.81112e+02 | 17 -0.06821  2.15594e+02 | 18  0.00303  4.20533e+01
 19 -0.00986 -3.97827e+02 | 20 -0.11530 -1.45592e+02 | 21 -0.04753  6.76208e+01
 22 -0.08598  5.21333e+01 | 23  0.06875 -3.65343e-01 | 24  0.01442  4.91941e+01
 25 -0.06086  1.46373e+01 | 26  0.11147  3.48207e+02 | 27 -0.02188 -1.17697e+02
 28  0.07762 -9.80340e+01 | 29 -0.05746 -1.91074e+02 | 30  0.01095  6.13810e+01
 31  0.02160  5.89806e+01 | 32  0.11277  6.40732e+01 | 33 -0.03256 -2.19580e+02
 34 -0.02867 -1.98232e+02 | 35  0.07702  9.87949e+01 | 36 -0.23404  1.89522e+01
36 variables; iteration 40; function evaluation 61; phase 1
Function value 7.7509563e+03; maximum gradient component mag 2.2208e+03
Var    Value     Gradient |Var    Value     Gradient |Var    Value     Gradient
  1  0.01317  2.22084e+03 |  2  0.03958 -3.65887e+01 |  3  0.08537 -2.28904e+01
  4  0.00610 -2.70713e+01 |  5 -0.10453 -1.20286e+01 |  6 -0.00003 -1.31750e+00
  7 -0.10701 -3.90747e+01 |  8 -0.05388 -1.93551e+01 |  9  0.01383 -2.65278e+01
 10  0.11017 -2.10808e+00 | 11 -0.02380 -4.00463e+01 | 12 -0.04474 -1.02633e+01
 13  0.03198 -3.05854e+01 | 14  0.05483 -3.07129e+01 | 15  0.01265  2.60771e+01
 16  0.04088  1.83930e+02 | 17 -0.05185  4.19079e+01 | 18 -0.00816 -5.30165e+01
 19  0.02353  3.09689e+01 | 20 -0.09976 -1.54909e+01 | 21 -0.05047 -3.74359e+01
 22 -0.08910 -4.49540e+01 | 23  0.07682 -4.18698e+01 | 24  0.01141 -4.62679e+01
 25 -0.05137 -1.70028e+01 | 26  0.10759  4.87300e+02 | 27  0.00130 -5.21668e+01
 28  0.07861  5.59495e+00 | 29 -0.02757 -1.48868e+01 | 30  0.00696 -6.23931e+01
 31  0.02478 -4.88046e+01 | 32  0.10536 -3.93480e+01 | 33  0.01236 -3.16995e+01
 34  0.00339 -6.52958e+00 | 35  0.06944 -6.19647e+01 | 36 -0.21160 -3.15578e+01

 - final statistics:
36 variables; iteration 47; function evaluation 68
Function value 7.7409e+03; maximum gradient component mag 7.4515e+00
Exit code = 1;  converg criter 1.0000e+01
Var    Value     Gradient |Var    Value     Gradient |Var    Value     Gradient
  1  0.01249  7.45149e+00 |  2  0.04315  4.60460e-01 |  3  0.08514  1.02196e+00
  4  0.00645 -1.32038e-01 |  5 -0.11400  1.30365e-01 |  6 -0.00463  9.15119e-01
  7 -0.10777 -3.82914e-01 |  8 -0.06046  2.04430e-01 |  9  0.01637  8.76726e-02
 10  0.11050 -1.95491e+00 | 11 -0.02002 -2.94307e-01 | 12 -0.04878 -2.14513e-01
 13  0.03409  3.17165e-01 | 14  0.05705 -5.13278e-01 | 15  0.01472 -1.09512e+00
 16  0.03596 -3.93322e+00 | 17 -0.05462 -1.93407e+00 | 18 -0.00229  1.43371e-01
 19  0.02102  7.36966e-01 | 20 -0.09925 -3.90023e-01 | 21 -0.04853 -1.45209e-01
 22 -0.08546  4.54299e-01 | 23  0.07757  2.01863e+00 | 24  0.01660  1.04533e+00
 25 -0.04138  1.04792e-01 | 26  0.07688  5.02589e+00 | 27  0.01701  1.81772e+00
 28  0.07831 -3.12424e+00 | 29 -0.02767 -1.25410e-01 | 30  0.01049  7.89704e-01
 31  0.02689  3.68063e-01 | 32  0.10672  7.38379e-02 | 33  0.01416  3.26487e-01
 34  0.00062  2.14331e-01 | 35  0.07334  2.00240e-01 | 36 -0.21185  8.66386e-02

Initial statistics: 46 variables; iteration 0; function evaluation 0; phase 2
Function value 7.7409016e+03; maximum gradient component mag 4.2723e+04
Var    Value     Gradient |Var    Value     Gradient |Var    Value     Gradient
  1  0.01249  7.45149e+00 |  2  0.04315  3.94822e-01 |  3  0.08514  9.56759e-01
  4  0.00645 -1.97824e-01 |  5 -0.11400  6.56279e-02 |  6 -0.00463  8.49331e-01
  7 -0.10777 -4.47762e-01 |  8 -0.06046  1.38937e-01 |  9  0.01637  2.19052e-02
 10  0.11049 -2.01971e+00 | 11 -0.02003 -3.60063e-01 | 12 -0.04878 -2.80109e-01
 13  0.03408  2.51470e-01 | 14  0.05705 -5.78803e-01 | 15  0.01472 -1.16089e+00
 16  0.03596 -3.99890e+00 | 17 -0.05463 -1.99961e+00 | 18 -0.00230  7.75818e-02
 19  0.02102  6.71213e-01 | 20 -0.09925 -4.55014e-01 | 21 -0.04853 -2.10807e-01
 22 -0.08546  3.89102e-01 | 23  0.07757  1.95333e+00 | 24  0.01659  9.79564e-01
 25 -0.04139  3.91419e-02 | 26  0.07688  4.96058e+00 | 27  0.01701  1.75196e+00
 28  0.07831 -3.18954e+00 | 29 -0.02767 -1.91137e-01 | 30  0.01049  7.23924e-01
 31  0.02689  3.02333e-01 | 32  0.10671  8.97084e-03 | 33  0.01416  2.60714e-01
 34  0.00062  1.48542e-01 | 35  0.07334  1.34887e-01 | 36 -0.21186  2.44587e-02
 37  0.44919  4.27234e+04 | 38  0.22768 -7.46838e+03 | 39  0.31839  1.32888e+03
 40  0.21918 -9.97747e+03 | 41 -0.04527 -2.41752e+03 | 42 -0.88721  5.19706e+02
 43 -0.01105  5.62427e+02 | 44 -0.09269 -4.04457e+03 | 45 -0.22121 -4.49350e+02
 46 -0.26728  2.48810e+03 |

Intermediate statistics: 46 variables; iteration 20; function evaluation 38; phase 2
Function value 2.6827759e+03; maximum gradient component mag 2.5035e+03
Var    Value     Gradient |Var    Value     Gradient |Var    Value     Gradient
  1  0.20512  1.50274e+03 |  2 -0.07748 -4.75225e+01 |  3 -0.05493 -4.60824e+01
  4 -0.09133 -4.14807e+01 |  5 -0.22434 -3.65396e+01 |  6 -0.10077 -5.05250e+01
  7 -0.17238 -2.48111e-01 |  8 -0.16835 -3.92171e+01 |  9 -0.07910 -3.10112e+01
 10  0.05382 -7.75037e+01 | 11 -0.02560  4.20882e+01 | 12  0.02285  1.14548e+00
 13  0.02304  7.16416e+01 | 14  0.04730 -1.80690e+01 | 15  0.01484  1.28508e+00
 16 -0.02431  4.17315e+01 | 17  0.02977  2.43295e+01 | 18  0.10643  2.21601e+01
 19  0.15112  8.75433e+01 | 20  0.02250  3.19509e+01 | 21  0.00214  3.54274e+01
 22  0.00457  4.17882e+01 | 23 -0.04040 -1.99420e+01 | 24  0.02823  9.27578e+00
 25  0.03566 -8.02839e+00 | 26  0.05692  2.95426e+01 | 27  0.06305  4.82188e+01
 28  0.06363  3.14104e+01 | 29  0.07114  1.94083e+01 | 30  0.09754  2.41598e+01
 31  0.08368  4.10076e+01 | 32  0.11093  1.05554e+02 | 33  0.00822  2.51976e+01
 34 -0.01111  3.53091e+01 | 35  0.07004  5.35072e+01 | 36 -0.09122  3.15377e+01
 37  0.15961  2.50353e+03 | 38  0.14213 -3.43152e+02 | 39  0.16645  7.08330e+02
 40  0.13662  3.32886e+02 | 41 -0.38697 -2.21632e+02 | 42 -0.77895 -3.03028e+02
 43  0.05058 -1.19808e+02 | 44  0.08014 -2.70370e+02 | 45 -0.17319  4.89355e+01
 46 -0.48768 -5.25551e+02 |
46 variables; iteration 40; function evaluation 68; phase 2
Function value 2.6395287e+03; maximum gradient component mag -1.5543e+02
Var    Value     Gradient |Var    Value     Gradient |Var    Value     Gradient
  1  0.21753  5.08142e+01 |  2 -0.01730  2.70742e+00 |  3  0.02801  6.68425e+00
  4 -0.00302 -4.80772e+00 |  5 -0.12139 -4.14226e+00 |  6 -0.01418 -1.67454e+01
  7 -0.09561 -2.66219e+00 |  8 -0.07254  7.73887e+00 |  9 -0.01782  6.81344e+00
 10  0.07908 -1.38316e+01 | 11 -0.04827 -1.37261e+01 | 12  0.01230 -1.14256e+01
 13 -0.00367  7.53984e+00 | 14  0.04202  6.73026e+00 | 15 -0.00740 -2.92034e+01
 16 -0.05028  5.69902e+00 | 17  0.01908  1.01370e+01 | 18  0.08843  3.74084e+00
 19  0.11351 -1.89013e+01 | 20  0.00152  2.29512e+01 | 21 -0.02687  1.40376e+01
 22 -0.03150 -6.95137e+00 | 23 -0.05653 -1.66043e+01 | 24  0.01297  2.87314e+00
 25  0.03019  9.76302e+00 | 26  0.03110 -1.83715e+01 | 27  0.03682  1.72981e+01
 28  0.03656 -1.53836e+00 | 29  0.04448 -1.47152e+01 | 30  0.07311 -5.23587e+00
 31  0.05437 -6.61697e+00 | 32  0.07368  1.33029e+01 | 33 -0.02392 -5.19954e+00
 34 -0.05747 -2.27796e+01 | 35  0.02795  1.23064e+01 | 36 -0.16065  5.22312e+00
 37  0.15230 -1.22763e+02 | 38  0.14432 -1.01803e+01 | 39  0.15401  4.02819e-01
 40  0.13710  3.52820e+01 | 41 -0.23755 -1.09719e+02 | 42 -0.77148 -1.95502e+01
 43 -0.01759 -1.59429e+01 | 44  0.00230 -1.55433e+02 | 45 -0.20485  3.43156e+00
 46 -0.46320 -3.43555e+01 |
Maximum number of function evaluations exceeded

 - final statistics:
46 variables; iteration 58; function evaluation 100
Function value 2.6270e+03; maximum gradient component mag 4.0460e+02
Exit code = 3;  converg criter 1.0000e+01
Var    Value     Gradient |Var    Value     Gradient |Var    Value     Gradient
  1  0.10868  4.04603e+02 |  2 -0.01958 -5.51574e+00 |  3  0.02765 -2.66485e+00
  4  0.00617 -1.54170e+00 |  5 -0.10699 -2.23888e+00 |  6  0.03161  3.03414e+01
  7 -0.08233 -8.87675e+00 |  8 -0.06316  1.67299e+00 |  9 -0.04057 -2.38659e+01
 10  0.09199  8.86680e+00 | 11 -0.02182  1.15638e+01 | 12  0.03452  2.11010e+01
 13  0.00240  5.55707e-01 | 14  0.03868 -6.60060e+00 | 15  0.01866  2.67748e+01
 16 -0.03863  2.03862e+01 | 17 -0.00859 -1.77286e+01 | 18  0.07101 -1.49052e+00
 19  0.11979  3.83671e+01 | 20 -0.02758 -1.50572e+01 | 21 -0.07067 -3.40978e+01
 22 -0.04056 -5.65684e+00 | 23 -0.02262  3.09053e+01 | 24 -0.00254 -1.27861e+01
 25  0.01902 -3.76740e+00 | 26  0.04743  2.81745e+01 | 27  0.01750 -1.94023e+01
 28  0.04135  1.64088e+01 | 29  0.04927  1.75776e+01 | 30  0.07093  8.07339e+00
 31  0.05679  1.14414e+01 | 32  0.06817 -1.56623e+00 | 33 -0.01693  1.36547e+01
 34 -0.03028  2.92383e+01 | 35  0.00451 -1.70228e+01 | 36 -0.22017 -1.30086e+01
 37  0.20496  3.63496e+02 | 38  0.19497  1.15385e+01 | 39  0.20494  6.58387e+00
 40  0.18720  1.26259e+01 | 41 -0.18613  1.97873e+02 | 42 -0.74258 -6.07969e+00
 43 -0.01295  5.71740e+01 | 44 -0.00515  2.49627e+02 | 45 -0.23299 -2.80043e+01
 46 -0.45567  1.30734e+01 |

Initial statistics: 52 variables; iteration 0; function evaluation 0; phase 3
Function value 2.6269566e+03; maximum gradient component mag -1.1352e+03
Var    Value     Gradient |Var    Value     Gradient |Var    Value     Gradient
  1  0.10868 -4.38378e+02 |  2 -0.01981 -1.66991e+00 |  3  0.02741  8.60108e-01
  4  0.00594  1.32669e+01 |  5 -0.10723  8.37220e+00 |  6  0.03138  8.25807e+01
  7 -0.08257 -6.83130e+00 |  8 -0.06339  1.35520e+01 |  9 -0.04080 -4.94526e+01
 10  0.09176  6.66815e+00 | 11 -0.02205  3.54028e+01 | 12  0.03429  5.30058e+01
 13  0.00216 -5.33927e+00 | 14  0.03845 -2.61182e+01 | 15  0.01842  6.85166e+01
 16 -0.03886  4.98533e+01 | 17 -0.00883 -3.80926e+01 | 18  0.07078 -1.22694e+01
 19  0.11955  6.99984e+01 | 20 -0.02781 -3.26171e+01 | 21 -0.07091 -7.06987e+01
 22 -0.04079 -1.31547e+01 | 23 -0.02286  6.13093e+01 | 24 -0.00277 -4.70397e+01
 25  0.01879 -4.16108e+01 | 26  0.04720 -2.85809e-01 | 27  0.01726 -7.51412e+01
 28  0.04112  3.76976e+00 | 29  0.04903  3.10825e+01 | 30  0.07070 -6.68992e+00
 31  0.05655 -6.87303e+00 | 32  0.06793 -5.98632e+01 | 33 -0.01717  8.11772e+00
 34 -0.03051  5.12433e+01 | 35  0.00428 -5.10292e+01 | 36 -0.22042 -1.28024e+01
 37  0.20496 -3.79338e+02 | 38  0.19497 -4.50364e+02 | 39  0.20494 -1.50498e+02
 40  0.18720 -7.85913e+02 | 41 -0.18613  2.78038e+02 | 42 -0.74258  1.38918e+01
 43  0.33626  3.50287e+01 | 44 -0.23984  1.12828e+02 | 45  0.05117 -1.13518e+03
 46 -0.35881  6.11955e+02 | 47  0.14796 -3.65409e+02 | 48 -0.29318  2.09389e+02
 49 -0.01295  9.50072e+01 | 50 -0.00515  3.27306e+02 | 51 -0.23299 -5.79589e+01
 52 -0.45567  6.71453e+01 |

Intermediate statistics: 52 variables; iteration 20; function evaluation 32; phase 3
Function value 2.2570873e+03; maximum gradient component mag -6.2199e+03
Var    Value     Gradient |Var    Value     Gradient |Var    Value     Gradient
  1  0.05764 -5.14743e+03 |  2 -0.00567  8.31437e+01 |  3  0.04030  8.01969e+01
  4 -0.00711  8.58979e+01 |  5 -0.12542  8.74077e+01 |  6 -0.01947  6.14971e+01
  7 -0.09948  9.33910e+01 |  8 -0.07112  7.47036e+01 |  9  0.01223  7.84063e+01
 10  0.10679 -1.92992e+00 | 11 -0.03571  3.81902e+01 | 12  0.00876  5.20961e+00
 13  0.02843  3.74394e+01 | 14  0.06730  6.61300e+01 | 15 -0.03409  2.10221e+01
 16 -0.04874  1.91401e+01 | 17 -0.00835  2.93926e+01 | 18  0.05313 -5.69062e+00
 19  0.06457 -6.62413e+01 | 20 -0.03232  3.22784e+01 | 21 -0.08294  8.08008e+01
 22 -0.01839  4.95595e+01 | 23  0.00080 -3.26561e+00 | 24 -0.00196  5.17806e-01
 25 -0.00818 -5.58851e+01 | 26  0.03578 -1.68466e+02 | 27  0.04975 -2.43987e+01
 28  0.01772 -2.57230e+01 | 29  0.01325 -5.05305e+01 | 30  0.03403 -3.69259e+01
 31  0.05245 -9.27692e+01 | 32  0.08647 -1.19973e+02 | 33  0.00095 -5.52309e+01
 34 -0.05423 -4.44744e+01 | 35  0.02523  2.15035e+01 | 36 -0.03509  6.32945e+01
 37  0.22316 -6.21988e+03 | 38  0.25776 -2.81319e+02 | 39  0.23418 -5.30289e+02
 40  0.22539 -2.02080e+03 | 41 -0.18397 -5.34001e+02 | 42 -0.73832  3.01847e+02
 43  0.32261  3.08850e+02 | 44 -0.35905 -4.41830e+00 | 45  0.51290  2.23412e+02
 46 -0.38823 -5.54636e+00 | 47  0.22406  3.70743e+02 | 48 -0.47233 -4.43729e+01
 49 -0.00120 -9.26994e+01 | 50 -0.00019 -7.17628e+02 | 51 -0.20663  4.74176e+01
 52 -0.45372  3.97632e+02 |
52 variables; iteration 40; function evaluation 61; phase 3
Function value 2.1469320e+03; maximum gradient component mag -4.9075e+03
Var    Value     Gradient |Var    Value     Gradient |Var    Value     Gradient
  1  0.03731 -4.90752e+03 |  2  0.00871  8.33173e+01 |  3  0.04493  8.32750e+01
  4 -0.02730  6.48484e+01 |  5 -0.15936  5.94452e+01 |  6 -0.06773  2.10130e+01
  7 -0.18315  3.12874e+01 |  8 -0.12377  3.07953e+01 |  9  0.01083  7.10031e+01
 10  0.12244  5.95751e+01 | 11 -0.01846  5.05657e+01 | 12  0.01028  4.83237e+00
 13  0.03984 -2.04421e+00 | 14  0.06964 -9.69853e+01 | 15 -0.00834  6.28521e+00
 16 -0.03092  3.89085e+01 | 17 -0.00355  6.29429e+01 | 18  0.03804 -5.41817e+01
 19  0.05521 -1.03230e+02 | 20 -0.03665  9.80190e+00 | 21 -0.10545  5.55669e+01
 22 -0.00924  1.06610e+02 | 23  0.02498  1.03548e+01 | 24  0.03037  6.59053e+01
 25 -0.01134 -5.06937e+01 | 26  0.05663 -1.55185e+02 | 27  0.05762 -4.23254e+01
 28  0.01350 -1.22459e+02 | 29  0.00942 -2.68713e+01 | 30  0.01667 -9.23312e+01
 31  0.05525 -3.06745e+01 | 32  0.09335 -9.14136e+01 | 33  0.01604 -1.09275e+02
 34 -0.01864 -1.34453e+02 | 35  0.03333 -2.76410e+00 | 36 -0.01049  7.74462e+01
 37  0.25419 -1.75622e+03 | 38  0.26417 -1.25743e+03 | 39  0.25924 -4.93384e+00
 40  0.24567 -1.17107e+03 | 41 -0.42547 -3.42140e+02 | 42 -0.66280 -4.09220e+01
 43  0.35081 -3.33318e+01 | 44 -0.35859  8.32413e+00 | 45  0.42123  8.60336e+01
 46 -0.41897  2.09710e+02 | 47  0.20891 -4.07334e+02 | 48 -0.48416  4.23592e+01
 49  0.20685 -6.12201e+01 | 50  0.15758 -5.52108e+02 | 51 -0.22390  6.88679e+01
 52 -0.53495 -9.01215e+01 |
52 variables; iteration 60; function evaluation 89; phase 3
Function value 2.1028157e+03; maximum gradient component mag 1.1983e+03
Var    Value     Gradient |Var    Value     Gradient |Var    Value     Gradient
  1  0.03427  1.19829e+03 |  2  0.00557 -1.96734e+01 |  3  0.04914 -1.80748e+01
  4 -0.01321 -1.25985e+01 |  5 -0.14167 -2.25653e+01 |  6 -0.02577 -2.41145e+01
  7 -0.11981 -1.52185e+01 |  8 -0.07192 -1.32951e+01 |  9  0.00583 -2.00596e+01
 10  0.10674 -1.00557e+01 | 11 -0.02433 -1.98178e+01 | 12 -0.00262 -1.69902e+01
 13  0.03377 -2.25285e+01 | 14  0.07745 -2.70669e+01 | 15 -0.00245 -2.38377e+01
 16 -0.03926 -3.74433e+01 | 17 -0.01734 -3.47092e+01 | 18  0.03284  4.28992e+00
 19  0.05200 -5.01572e+00 | 20 -0.04931 -1.65735e+01 | 21 -0.13254 -1.90268e+01
 22 -0.04307 -2.44098e+01 | 23  0.03728  1.07954e+00 | 24 -0.00095 -1.20788e+01
 25 -0.01423  1.29382e+01 | 26  0.06304  1.87732e+01 | 27  0.03974 -1.23743e+01
 28  0.01941  1.92604e+01 | 29 -0.00574 -8.71101e+00 | 30  0.00960 -1.25771e+01
 31  0.03804  2.27345e+01 | 32  0.07872  1.13695e+02 | 33  0.02460  1.32741e+02
 34  0.00450  1.38369e+02 | 35  0.02677 -6.02348e+00 | 36 -0.00288 -1.49271e+01
 37  0.27167  5.37059e+01 | 38  0.27967 -6.50715e+01 | 39  0.26493 -1.03598e+01
 40  0.25792 -3.28408e+01 | 41 -0.43326  5.39594e+00 | 42 -0.67719  2.43321e+01
 43  0.39806 -8.18140e+00 | 44 -0.35002  4.52649e+00 | 45  0.41588 -1.49866e+01
 46 -0.44239  1.31300e+01 | 47  0.22405  4.92447e+00 | 48 -0.47784 -4.09115e+00
 49  0.20967  4.22016e-02 | 50  0.18637  9.63255e+00 | 51 -0.25003 -3.56364e+00
 52 -0.49825  2.98058e+01 |
52 variables; iteration 80; function evaluation 109; phase 3
Function value 2.1003410e+03; maximum gradient component mag 1.1804e-01
Var    Value     Gradient |Var    Value     Gradient |Var    Value     Gradient
  1  0.03310  1.18035e-01 |  2  0.00822  1.53480e-03 |  3  0.05129  6.65605e-03
  4 -0.01299 -2.53725e-03 |  5 -0.13640 -1.16163e-04 |  6 -0.02236  3.97959e-03
  7 -0.11848  8.96573e-06 |  8 -0.07252 -3.58719e-03 |  9  0.00827 -5.04037e-03
 10  0.10580 -1.02528e-02 | 11 -0.02187 -4.34051e-03 | 12 -0.00368 -7.44048e-03
 13  0.03670 -1.66363e-02 | 14  0.07728 -1.14249e-02 | 15 -0.00508 -6.19654e-03
 16 -0.03261 -7.81092e-03 | 17 -0.01463 -5.94042e-03 | 18  0.02651  1.01178e-02
 19  0.05064  1.50812e-02 | 20 -0.05078  2.18002e-02 | 21 -0.13294  1.04261e-02
 22 -0.04025  4.46249e-03 | 23  0.03605  2.51325e-03 | 24  0.00014  1.27883e-02
 25 -0.01489 -9.78999e-03 | 26  0.06186  1.08768e-03 | 27  0.03997 -2.01402e-02
 28  0.01694  5.13818e-05 | 29 -0.00682  1.22350e-02 | 30  0.00930  1.50447e-02
 31  0.03637  1.32712e-02 | 32  0.07541 -1.68266e-02 | 33  0.01967  8.18432e-03
 34 -0.00210 -3.53156e-03 | 35  0.03025  2.72640e-03 | 36 -0.00405  3.08636e-04
 37  0.27416  4.23185e-02 | 38  0.28510  5.06723e-02 | 39  0.26647 -4.22854e-04
 40  0.26057  2.23651e-02 | 41 -0.40445  4.19527e-02 | 42 -0.66963 -3.97169e-02
 43  0.40320 -1.75909e-02 | 44 -0.35040  8.62031e-03 | 45  0.44351  4.09076e-03
 46 -0.43669 -2.47955e-02 | 47  0.22506 -6.37677e-02 | 48 -0.47763  6.27575e-02
 49  0.19691  3.56137e-03 | 50  0.17096  7.54093e-02 | 51 -0.25232 -2.80557e-03
 52 -0.50692 -3.88423e-02 |
52 variables; iteration 100; function evaluation 136; phase 3
Function value 2.1003408e+03; maximum gradient component mag 1.2821e+00
Var    Value     Gradient |Var    Value     Gradient |Var    Value     Gradient
  1  0.03310  1.28208e+00 |  2  0.00822 -1.42995e-02 |  3  0.05129 -1.10643e-02
  4 -0.01299 -1.13020e-02 |  5 -0.13640 -1.50329e-02 |  6 -0.02237 -1.34079e-02
  7 -0.11849 -2.04984e-02 |  8 -0.07252 -1.97911e-02 |  9  0.00827 -1.19161e-02
 10  0.10580 -5.51954e-03 | 11 -0.02187 -9.74785e-03 | 12 -0.00368 -7.66327e-03
 13  0.03670 -4.61049e-03 | 14  0.07728  4.02008e-02 | 15 -0.00508  1.51987e-02
 16 -0.03261  1.81699e-02 | 17 -0.01463  1.04380e-02 | 18  0.02651 -1.32463e-02
 19  0.05064 -1.06365e-02 | 20 -0.05078 -1.66788e-02 | 21 -0.13295 -1.00350e-02
 22 -0.04025 -2.43055e-03 | 23  0.03605  1.11824e-03 | 24  0.00014 -2.21298e-04
 25 -0.01489 -7.79847e-03 | 26  0.06186  2.04070e-03 | 27  0.03997  1.74137e-03
 28  0.01694  4.48908e-03 | 29 -0.00682  1.47405e-02 | 30  0.00930  1.60101e-02
 31  0.03637  1.97056e-02 | 32  0.07542  4.57259e-02 | 33  0.01967  1.87115e-02
 34 -0.00210  1.21550e-02 | 35  0.03026  6.89306e-03 | 36 -0.00405 -2.57148e-02
 37  0.27416  1.74988e-01 | 38  0.28510 -1.46655e-03 | 39  0.26647  2.83758e-02
 40  0.26057  9.65744e-02 | 41 -0.35680  4.08702e-01 | 42 -0.67338 -3.35575e-01
 43  0.40320 -1.99623e-02 | 44 -0.35040  1.20683e-02 | 45  0.44351 -6.24589e-03
 46 -0.43669  3.67753e-04 | 47  0.22506  2.01830e-02 | 48 -0.47763  2.37207e-02
 49  0.16868  3.68803e-02 | 50  0.14304  6.51832e-01 | 51 -0.24969 -2.27258e-02
 52 -0.50345 -3.47111e-01 |
52 variables; iteration 120; function evaluation 163; phase 3
Function value 2.1003407e+03; maximum gradient component mag 1.7064e+00
Var    Value     Gradient |Var    Value     Gradient |Var    Value     Gradient
  1  0.03310  1.70635e+00 |  2  0.00822 -1.76132e-02 |  3  0.05129 -9.58186e-03
  4 -0.01299 -1.77345e-02 |  5 -0.13640 -2.27851e-02 |  6 -0.02237 -1.72616e-02
  7 -0.11848 -2.27412e-02 |  8 -0.07252 -2.23860e-02 |  9  0.00827 -1.75924e-02
 10  0.10580  2.35345e-03 | 11 -0.02187 -1.44496e-02 | 12 -0.00368 -1.37273e-02
 13  0.03670 -9.08059e-03 | 14  0.07728  2.94520e-02 | 15 -0.00508  4.14123e-04
 16 -0.03261 -2.91528e-03 | 17 -0.01463 -1.13911e-02 | 18  0.02651  9.84868e-03
 19  0.05064  2.19560e-02 | 20 -0.05078  3.11204e-03 | 21 -0.13295 -8.30565e-03
 22 -0.04025 -5.40185e-03 | 23  0.03606  1.32247e-02 | 24  0.00014  3.35883e-03
 25 -0.01489 -1.49131e-02 | 26  0.06186  3.81845e-02 | 27  0.03997  5.89341e-02
 28  0.01694  5.59283e-02 | 29 -0.00682  1.51450e-02 | 30  0.00929  6.87769e-03
 31  0.03637  1.30968e-03 | 32  0.07542  1.69997e-02 | 33  0.01967  1.01598e-02
 34 -0.00210 -1.25859e-02 | 35  0.03025 -1.17199e-02 | 36 -0.00405 -3.21989e-02
 37  0.27416  1.23965e-01 | 38  0.28510  9.38604e-02 | 39  0.26647  2.81776e-02
 40  0.26057  1.82872e-01 | 41 -0.28460  5.50794e-01 | 42 -0.67085 -3.66571e-01
 43  0.40320 -7.74999e-03 | 44 -0.35040 -1.54637e-03 | 45  0.44351 -8.57165e-03
 46 -0.43668 -6.90791e-03 | 47  0.22506  2.04568e-02 | 48 -0.47763 -2.29447e-02
 49  0.12406  5.38838e-02 | 50  0.09879  8.27041e-01 | 51 -0.25146 -2.99885e-02
 52 -0.50578 -3.71350e-01 |
52 variables; iteration 140; function evaluation 189; phase 3
Function value 2.1003405e+03; maximum gradient component mag 7.4096e-01
Var    Value     Gradient |Var    Value     Gradient |Var    Value     Gradient
  1  0.03310  7.40956e-01 |  2  0.00822 -7.32963e-03 |  3  0.05129 -3.80557e-03
  4 -0.01299 -7.38114e-03 |  5 -0.13640 -9.96415e-03 |  6 -0.02237 -7.36560e-03
  7 -0.11848 -1.01847e-02 |  8 -0.07252 -9.60074e-03 |  9  0.00827 -7.98689e-03
 10  0.10580 -2.69370e-04 | 11 -0.02187 -6.41492e-03 | 12 -0.00368 -5.61907e-03
 13  0.03670 -3.46063e-03 | 14  0.07728  1.59646e-02 | 15 -0.00508 -9.20965e-04
 16 -0.03261 -2.89445e-03 | 17 -0.01463 -6.89809e-03 | 18  0.02651  3.71086e-03
 19  0.05064  9.78796e-03 | 20 -0.05078  3.46445e-04 | 21 -0.13295 -4.43720e-03
 22 -0.04025 -2.79302e-03 | 23  0.03606  4.47013e-03 | 24  0.00014  4.07851e-04
 25 -0.01489 -7.18624e-03 | 26  0.06186  1.60880e-02 | 27  0.03997  2.57664e-02
 28  0.01694  2.37248e-02 | 29 -0.00682  7.70121e-03 | 30  0.00929  5.37921e-03
 31  0.03637  1.24540e-03 | 32  0.07542  7.80530e-03 | 33  0.01967  4.11299e-03
 34 -0.00210 -4.45432e-03 | 35  0.03025 -3.25949e-03 | 36 -0.00405 -1.36295e-02
 37  0.27416  5.44731e-02 | 38  0.28510  4.71930e-02 | 39  0.26647  1.42127e-02
 40  0.26057  8.82949e-02 | 41 -0.20553  2.32341e-01 | 42 -0.65860 -1.13443e-01
 43  0.40320 -2.19316e-03 | 44 -0.35040 -1.67460e-03 | 45  0.44351 -4.50758e-03
 46 -0.43668 -3.29338e-03 | 47  0.22506  9.23165e-03 | 48 -0.47763 -1.02217e-02
 49  0.07308  2.42811e-02 | 50  0.04809  3.33182e-01 | 51 -0.26024 -1.18811e-02
 52 -0.51742 -1.06321e-01 |
52 variables; iteration 160; function evaluation 216; phase 3
Function value 2.1003404e+03; maximum gradient component mag 8.3443e-01
Var    Value     Gradient |Var    Value     Gradient |Var    Value     Gradient
  1  0.03310  8.34431e-01 |  2  0.00822 -9.27342e-03 |  3  0.05129 -5.53762e-03
  4 -0.01300 -8.90309e-03 |  5 -0.13640 -1.19732e-02 |  6 -0.02237 -8.81688e-03
  7 -0.11848 -1.23877e-02 |  8 -0.07252 -1.06616e-02 |  9  0.00827 -8.85321e-03
 10  0.10580  4.58197e-04 | 11 -0.02187 -7.67032e-03 | 12 -0.00368 -7.48693e-03
 13  0.03670 -6.55955e-03 | 14  0.07728  1.65393e-02 | 15 -0.00508 -3.24278e-03
 16 -0.03261 -7.10213e-03 | 17 -0.01463 -1.13374e-02 | 18  0.02651  4.54850e-03
 19  0.05064  1.23414e-02 | 20 -0.05078  6.92097e-04 | 21 -0.13295 -5.96338e-03
 22 -0.04025 -4.29903e-03 | 23  0.03606  4.49919e-03 | 24  0.00014 -2.29527e-03
 25 -0.01489 -8.89537e-03 | 26  0.06186  1.87717e-02 | 27  0.03997  3.29195e-02
 28  0.01694  2.74311e-02 | 29 -0.00682  9.31964e-03 | 30  0.00929  6.96695e-03
 31  0.03637  4.78237e-03 | 32  0.07542  1.58642e-02 | 33  0.01967  9.54757e-03
 34 -0.00210 -1.75762e-03 | 35  0.03025 -4.72757e-03 | 36 -0.00405 -1.45029e-02
 37  0.27416  8.88558e-02 | 38  0.28510  5.64370e-02 | 39  0.26647  1.90237e-02
 40  0.26057  1.25648e-01 | 41 -0.11513  2.31281e-01 | 42 -0.63829 -1.64939e-02
 43  0.40320 -3.76158e-03 | 44 -0.35040 -2.71060e-03 | 45  0.44351 -5.15864e-03
 46 -0.43668 -5.47319e-03 | 47  0.22506  1.29053e-02 | 48 -0.47763 -9.46691e-03
 49  0.01278  2.60716e-02 | 50 -0.01209  3.16705e-01 | 51 -0.27556 -9.28785e-03
 52 -0.53812 -8.68734e-03 |
52 variables; iteration 180; function evaluation 241; phase 3
Function value 2.1003404e+03; maximum gradient component mag 8.7419e-03
Var    Value     Gradient |Var    Value     Gradient |Var    Value     Gradient
  1  0.03310  8.74191e-03 |  2  0.00822 -1.29814e-04 |  3  0.05129 -8.41623e-05
  4 -0.01300 -1.21030e-04 |  5 -0.13640 -1.64494e-04 |  6 -0.02237 -1.11317e-04
  7 -0.11848 -1.73763e-04 |  8 -0.07252 -1.01412e-04 |  9  0.00827 -6.73953e-05
 10  0.10580  6.71768e-05 | 11 -0.02187 -8.73805e-05 | 12 -0.00368 -1.18443e-04
 13  0.03670 -9.75860e-05 | 14  0.07728  6.99688e-05 | 15 -0.00508 -2.40664e-05
 16 -0.03261 -9.97444e-05 | 17 -0.01463 -1.18127e-04 | 18  0.02651  3.57257e-05
 19  0.05064  8.36273e-05 | 20 -0.05078  7.14876e-08 | 21 -0.13295 -5.59220e-05
 22 -0.04025 -5.75504e-05 | 23  0.03606  2.53424e-05 | 24  0.00014 -1.09449e-04
 25 -0.01489 -8.20209e-05 | 26  0.06186  1.05172e-04 | 27  0.03997  3.72576e-04
 28  0.01694  2.56958e-04 | 29 -0.00682  1.33244e-04 | 30  0.00929  7.20862e-05
 31  0.03637  1.62143e-04 | 32  0.07542  3.37730e-04 | 33  0.01967  3.04970e-04
 34 -0.00210  1.80601e-04 | 35  0.03025 -1.20489e-04 | 36 -0.00405 -1.61195e-04
 37  0.27416  1.22836e-03 | 38  0.28510  3.17744e-04 | 39  0.26647  1.80260e-04
 40  0.26057  1.27210e-03 | 41 -0.06937  2.65955e-03 | 42 -0.62733 -5.79453e-04
 43  0.40320 -8.45198e-05 | 44 -0.35040 -2.20228e-05 | 45  0.44351 -1.36753e-05
 46 -0.43668 -1.02126e-04 | 47  0.22506  1.06038e-04 | 48 -0.47763  1.41429e-05
 49 -0.01835  2.81767e-04 | 50 -0.04326  3.79885e-03 | 51 -0.28423 -1.34096e-04
 52 -0.55008 -9.40776e-04 |
52 variables; iteration 200; function evaluation 269; phase 3
Function value 2.1003404e+03; maximum gradient component mag 4.2939e-02
Var    Value     Gradient |Var    Value     Gradient |Var    Value     Gradient
  1  0.03310  4.29389e-02 |  2  0.00822 -3.91460e-04 |  3  0.05129  8.64514e-05
  4 -0.01299 -9.97086e-04 |  5 -0.13640 -2.06288e-04 |  6 -0.02237 -5.88016e-04
  7 -0.11848  1.53122e-03 |  8 -0.07252 -1.04093e-03 |  9  0.00827  2.33231e-04
 10  0.10580  4.01531e-03 | 11 -0.02187  2.57859e-04 | 12 -0.00368 -1.26647e-03
 13  0.03670  1.14785e-03 | 14  0.07728 -1.88835e-03 | 15 -0.00508 -2.19844e-03
 16 -0.03261 -3.04265e-03 | 17 -0.01463 -5.41730e-03 | 18  0.02651  6.17534e-03
 19  0.05064  4.57076e-03 | 20 -0.05078  4.93229e-03 | 21 -0.13295  4.31620e-04
 22 -0.04025 -7.67646e-04 | 23  0.03606  3.50618e-03 | 24  0.00014  1.68587e-03
 25 -0.01489  1.11020e-03 | 26  0.06186  7.68587e-03 | 27  0.03997  3.03809e-03
 28  0.01694  1.41985e-02 | 29 -0.00682 -3.68066e-03 | 30  0.00929 -2.28081e-04
 31  0.03637 -1.88200e-03 | 32  0.07542 -6.48575e-03 | 33  0.01967 -3.16025e-03
 34 -0.00210 -1.11216e-02 | 35  0.03025 -7.46018e-03 | 36 -0.00405 -8.37381e-04
 37  0.27416 -1.74968e-02 | 38  0.28510  1.62023e-02 | 39  0.26647 -2.05297e-03
 40  0.26057  2.11836e-02 | 41 -0.04539  2.76525e-02 | 42 -0.63363 -4.28864e-03
 43  0.40320 -2.21146e-03 | 44 -0.35040  2.39762e-03 | 45  0.44351 -3.42745e-04
 46 -0.43668 -1.29313e-03 | 47  0.22506  6.57486e-03 | 48 -0.47763 -2.26771e-02
 49 -0.03478 -1.02183e-03 | 50 -0.05973  4.10246e-02 | 51 -0.27921  2.21093e-03
 52 -0.54313 -5.76531e-03 |
52 variables; iteration 220; function evaluation 290; phase 3
Function value 2.1003404e+03; maximum gradient component mag 9.0998e-03
Var    Value     Gradient |Var    Value     Gradient |Var    Value     Gradient
  1  0.03310  9.09976e-03 |  2  0.00822 -9.95862e-05 |  3  0.05129 -5.95115e-05
  4 -0.01300 -8.63065e-05 |  5 -0.13640 -1.10031e-04 |  6 -0.02237 -8.93049e-05
  7 -0.11848 -1.13160e-04 |  8 -0.07252 -1.26838e-04 |  9  0.00827 -8.81473e-05
 10  0.10580 -1.77228e-05 | 11 -0.02187 -8.08761e-05 | 12 -0.00368 -8.31136e-05
 13  0.03670 -2.64630e-05 | 14  0.07728  1.75571e-04 | 15 -0.00508  2.73644e-05
 16 -0.03261 -9.65751e-06 | 17 -0.01463 -4.81862e-05 | 18  0.02651  3.61305e-05
 19  0.05064  1.08093e-04 | 20 -0.05078 -4.69998e-07 | 21 -0.13295 -3.94140e-05
 22 -0.04025 -5.32329e-06 | 23  0.03606  6.78934e-05 | 24  0.00014  1.72452e-05
 25 -0.01489 -6.16350e-05 | 26  0.06186  1.70277e-04 | 27  0.03997  2.76301e-04
 28  0.01694  2.97234e-04 | 29 -0.00682  7.79702e-05 | 30  0.00929  2.29831e-05
 31  0.03637  5.58002e-05 | 32  0.07542  1.09991e-04 | 33  0.01967  6.67463e-05
 34 -0.00210 -1.19714e-04 | 35  0.03025 -9.54826e-05 | 36 -0.00405 -1.69214e-04
 37  0.27416  5.04308e-04 | 38  0.28510  4.00040e-04 | 39  0.26647  1.50032e-04
 40  0.26057  1.09605e-03 | 41 -0.05549  3.70522e-03 | 42 -0.63796 -2.76393e-03
 43  0.40320 -7.12298e-05 | 44 -0.35040  8.73991e-06 | 45  0.44351 -4.31561e-05
 46 -0.43668 -3.79987e-05 | 47  0.22506  8.82936e-06 | 48 -0.47763 -8.04741e-05
 49 -0.02786  2.40082e-04 | 50 -0.05278  5.15302e-03 | 51 -0.27582 -1.25381e-04
 52 -0.53848 -2.49805e-03 |

 - final statistics:
52 variables; iteration 227; function evaluation 297
Function value 2.1003e+03; maximum gradient component mag -1.1177e-05
Exit code = 1;  converg criter 1.0000e-04
Var    Value     Gradient |Var    Value     Gradient |Var    Value     Gradient
  1  0.03310 -1.11768e-05 |  2  0.00822  6.01221e-08 |  3  0.05129 -2.10319e-07
  4 -0.01300  2.36172e-07 |  5 -0.13640  3.59571e-07 |  6 -0.02237  2.77116e-07
  7 -0.11848  1.35178e-07 |  8 -0.07252  5.46733e-08 |  9  0.00827  3.38061e-07
 10  0.10580  1.09713e-07 | 11 -0.02187  3.87709e-07 | 12 -0.00368  3.65662e-07
 13  0.03670  2.49008e-08 | 14  0.07728  4.73323e-07 | 15 -0.00508  5.15959e-07
 16 -0.03261  6.07236e-07 | 17 -0.01463  4.35627e-07 | 18  0.02651 -4.32752e-07
 19  0.05064 -6.56771e-07 | 20 -0.05078 -1.28727e-08 | 21 -0.13295  2.86111e-07
 22 -0.04025  5.02058e-07 | 23  0.03606  1.51663e-07 | 24  0.00014  8.32832e-08
 25 -0.01489  1.00840e-07 | 26  0.06186 -8.28758e-07 | 27  0.03997 -1.57721e-06
 28  0.01694 -1.40931e-06 | 29 -0.00682 -8.88722e-07 | 30  0.00929 -2.51821e-07
 31  0.03637 -5.58010e-07 | 32  0.07542  4.13445e-07 | 33  0.01967 -3.91743e-07
 34 -0.00210 -2.88775e-07 | 35  0.03025  5.06067e-07 | 36 -0.00405  2.05464e-07
 37  0.27416 -1.31014e-06 | 38  0.28510 -2.07015e-06 | 39  0.26647 -1.37641e-08
 40  0.26057 -1.85440e-06 | 41 -0.05540 -2.45169e-06 | 42 -0.63789 -1.13859e-06
 43  0.40320  8.36023e-08 | 44 -0.35040 -8.07873e-08 | 45  0.44351  2.70013e-08
 46 -0.43668  1.90656e-07 | 47  0.22506 -1.16013e-06 | 48 -0.47763  2.75197e-06
 49 -0.02791 -6.42931e-07 | 50 -0.05284 -2.93823e-06 | 51 -0.27587  3.82016e-07
 52 -0.53855 -1.36128e-06 |
Estimating row 1 out of 52 for hessian
Estimating row 2 out of 52 for hessian
Estimating row 3 out of 52 for hessian
Estimating row 4 out of 52 for hessian
Estimating row 5 out of 52 for hessian
Estimating row 6 out of 52 for hessian
Estimating row 7 out of 52 for hessian
Estimating row 8 out of 52 for hessian
Estimating row 9 out of 52 for hessian
Estimating row 10 out of 52 for hessian
Estimating row 11 out of 52 for hessian
Estimating row 12 out of 52 for hessian
Estimating row 13 out of 52 for hessian
Estimating row 14 out of 52 for hessian
Estimating row 15 out of 52 for hessian
Estimating row 16 out of 52 for hessian
Estimating row 17 out of 52 for hessian
Estimating row 18 out of 52 for hessian
Estimating row 19 out of 52 for hessian
Estimating row 20 out of 52 for hessian
Estimating row 21 out of 52 for hessian
Estimating row 22 out of 52 for hessian
Estimating row 23 out of 52 for hessian
Estimating row 24 out of 52 for hessian
Estimating row 25 out of 52 for hessian
Estimating row 26 out of 52 for hessian
Estimating row 27 out of 52 for hessian
Estimating row 28 out of 52 for hessian
Estimating row 29 out of 52 for hessian
Estimating row 30 out of 52 for hessian
Estimating row 31 out of 52 for hessian
Estimating row 32 out of 52 for hessian
Estimating row 33 out of 52 for hessian
Estimating row 34 out of 52 for hessian
Estimating row 35 out of 52 for hessian
Estimating row 36 out of 52 for hessian
Estimating row 37 out of 52 for hessian
Estimating row 38 out of 52 for hessian
Estimating row 39 out of 52 for hessian
Estimating row 40 out of 52 for hessian
Estimating row 41 out of 52 for hessian
Estimating row 42 out of 52 for hessian
Estimating row 43 out of 52 for hessian
Estimating row 44 out of 52 for hessian
Estimating row 45 out of 52 for hessian
Estimating row 46 out of 52 for hessian
Estimating row 47 out of 52 for hessian
Estimating row 48 out of 52 for hessian
Estimating row 49 out of 52 for hessian
Estimating row 50 out of 52 for hessian
Estimating row 51 out of 52 for hessian
Estimating row 52 out of 52 for hessian
size of file gradfil1.tmp = 0
size of file gradfil2.tmp = 0
size of file varssave.tmp = 0
size of file cmpdiff.tmp = 0
