
Initial statistics: 36 variables; iteration 0; function evaluation 0; phase 1
Function value 1.4068381e+04; maximum gradient component mag -7.3277e+04
Var    Value     Gradient |Var    Value     Gradient |Var    Value     Gradient
  1 -0.01287 -7.32769e+04 |  2  0.03300  4.85943e+02 |  3  0.02692 -2.24285e+01
  4 -0.01444  1.07504e+02 |  5 -0.16043  5.65857e+02 |  6 -0.01109  1.91313e+02
  7 -0.06360  1.00450e+03 |  8 -0.02241  7.87648e+02 |  9 -0.03954  4.76232e+02
 10  0.13411 -4.91319e+02 | 11 -0.04636  1.16584e+02 | 12  0.03176  1.58264e+03
 13  0.06286  2.65972e+02 | 14  0.03325 -3.28073e+02 | 15 -0.01342 -6.10040e+02
 16 -0.06716 -2.53626e+03 | 17  0.03231 -6.06581e+02 | 18  0.04250 -5.93610e+02
 19  0.08372  5.00478e+01 | 20 -0.01388 -5.09400e+02 | 21 -0.20724 -5.07293e+02
 22 -0.00073 -3.92775e+02 | 23  0.00009 -5.24321e+01 | 24  0.00999 -5.18634e+02
 25 -0.01180 -6.43292e+02 | 26  0.03358 -5.84919e+01 | 27  0.00822 -6.80148e+02
 28  0.02312 -8.85274e+02 | 29 -0.02248 -3.62596e+02 | 30 -0.00329 -3.61831e+02
 31  0.01720  7.13815e+02 | 32  0.11984  2.26066e+03 | 33  0.04421  4.23784e+02
 34  0.00429 -9.43376e+01 | 35 -0.02403 -2.21352e+02 | 36 -0.02249  1.42873e+03

Intermediate statistics: 36 variables; iteration 20; function evaluation 33; phase 1
Function value 1.1155017e+04; maximum gradient component mag 4.2814e+03
Var    Value     Gradient |Var    Value     Gradient |Var    Value     Gradient
  1  0.02893  4.28141e+03 |  2  0.02210 -2.02446e+01 |  3  0.07112  1.49148e+01
  4  0.00983 -1.39777e+01 |  5 -0.10779 -2.78198e+01 |  6 -0.01163 -1.54021e+01
  7 -0.11943 -6.51933e+01 |  8 -0.08305 -5.90853e+01 |  9 -0.01286 -3.86365e+01
 10  0.06243 -7.03914e+01 | 11  0.00421 -6.14644e+01 | 12 -0.20072 -1.97254e+02
 13  0.03133  5.56000e-01 | 14  0.12974  2.51982e+02 | 15  0.08287  1.98804e+02
 16  0.01851  2.68139e+02 | 17  0.03001  2.43343e+00 | 18  0.05310  2.71037e+01
 19  0.04115 -2.69624e+01 | 20 -0.02638  2.25553e+02 | 21  0.01512  1.22814e+02
 22  0.05348  1.02476e+02 | 23  0.01784  5.62343e+01 | 24  0.03787  1.04194e+02
 25 -0.02234 -1.11151e+01 | 26  0.02997 -2.97153e+02 | 27  0.03358 -2.86049e+02
 28  0.02987  1.64453e+02 | 29  0.03470  4.51685e+02 | 30 -0.03131 -5.61115e+01
 31 -0.05949 -3.53099e+02 | 32  0.01305 -3.74567e+02 | 33  0.01452  3.31460e+02
 34  0.00106  2.20740e+02 | 35  0.04364 -1.62508e+02 | 36 -0.20740 -1.93482e+02
36 variables; iteration 40; function evaluation 62; phase 1
Function value 1.1121482e+04; maximum gradient component mag 2.9316e+02
Var    Value     Gradient |Var    Value     Gradient |Var    Value     Gradient
  1  0.02525  2.93157e+02 |  2  0.00989 -2.41929e+01 |  3  0.05304 -2.89782e+01
  4 -0.01341  1.89649e-01 |  5 -0.14113 -7.63549e-01 |  6 -0.02775  5.17731e+00
  7 -0.13491 -3.39050e+00 |  8 -0.08638 -5.62604e+00 |  9 -0.01252 -8.18937e+00
 10  0.07647 -5.74580e-01 | 11  0.00311 -6.08941e-01 | 12 -0.15987 -1.02767e+01
 13  0.03144 -1.76117e+00 | 14  0.11932 -1.25343e+01 | 15  0.07672 -2.93304e-01
 16  0.00666 -6.29534e+00 | 17  0.03321 -4.16609e+00 | 18  0.05256 -3.01171e+00
 19  0.04791  3.35938e-01 | 20 -0.03565 -9.34653e+00 | 21  0.00769  8.30758e+00
 22  0.04210  4.87486e+01 | 23  0.01890  4.97460e+00 | 24  0.03864 -4.04309e+00
 25 -0.01858 -5.59701e-01 | 26  0.04192  7.03270e+00 | 27  0.04418  1.52108e+01
 28  0.03293  5.79016e+00 | 29  0.03003  5.22996e+00 | 30 -0.02446  5.89052e+00
 31 -0.04232  8.20868e+00 | 32  0.02547  6.99794e+00 | 33  0.01258 -4.44119e+00
 34  0.00216  2.63256e+00 | 35  0.04894 -9.94043e+00 | 36 -0.16376  2.36034e+00

 - final statistics:
36 variables; iteration 47; function evaluation 70
Function value 1.1121e+04; maximum gradient component mag 3.5042e+00
Exit code = 1;  converg criter 1.0000e+01
Var    Value     Gradient |Var    Value     Gradient |Var    Value     Gradient
  1  0.02511  3.50417e+00 |  2  0.01456 -7.65685e-02 |  3  0.05616 -1.03660e-01
  4 -0.01420 -6.45730e-02 |  5 -0.14237 -9.02644e-02 |  6 -0.02988 -7.46552e-02
  7 -0.13660 -7.54131e-02 |  8 -0.08602 -1.61039e-02 |  9 -0.01068 -6.56722e-02
 10  0.07648  2.16802e-01 | 11  0.00270  1.26402e-01 | 12 -0.15850  9.38398e-02
 13  0.03141 -1.17111e-01 | 14  0.12006 -2.74070e-01 | 15  0.07666 -2.52339e-01
 16  0.00707  9.88958e-02 | 17  0.03346  8.16150e-02 | 18  0.05274  5.48710e-02
 19  0.04777  8.40373e-02 | 20 -0.03504 -1.06077e-01 | 21  0.00743  1.88900e-01
 22  0.03653 -2.29722e-01 | 23  0.01885 -7.30877e-02 | 24  0.03872 -8.26594e-02
 25 -0.01869  7.79848e-02 | 26  0.04188  6.51008e-02 | 27  0.04409  1.94125e-01
 28  0.03300  4.88363e-02 | 29  0.03005 -1.66958e-01 | 30 -0.02479  5.75308e-02
 31 -0.04250  1.56220e-01 | 32  0.02553  1.67380e-01 | 33  0.01289  1.24660e-01
 34  0.00221  1.16986e-01 | 35  0.04953 -1.71354e-01 | 36 -0.16505 -1.10736e-01

Initial statistics: 46 variables; iteration 0; function evaluation 0; phase 2
Function value 1.1121150e+04; maximum gradient component mag 2.6225e+04
Var    Value     Gradient |Var    Value     Gradient |Var    Value     Gradient
  1  0.02511  3.50417e+00 |  2  0.01456 -7.06442e-02 |  3  0.05616 -9.77574e-02
  4 -0.01420 -5.86486e-02 |  5 -0.14237 -8.44861e-02 |  6 -0.02988 -6.87359e-02
  7 -0.13660 -6.96232e-02 |  8 -0.08602 -1.02321e-02 |  9 -0.01068 -5.97472e-02
 10  0.07648  2.22686e-01 | 11  0.00270  1.32328e-01 | 12 -0.15850  9.95829e-02
 13  0.03141 -1.11193e-01 | 14  0.12006 -2.68249e-01 | 15  0.07666 -2.46457e-01
 16  0.00707  1.04821e-01 | 17  0.03346  8.75327e-02 | 18  0.05274  6.07765e-02
 19  0.04777  8.99464e-02 | 20 -0.03504 -1.00160e-01 | 21  0.00743  1.94825e-01
 22  0.03653 -2.23806e-01 | 23  0.01885 -6.71645e-02 | 24  0.03872 -7.67445e-02
 25 -0.01869  8.39081e-02 | 26  0.04188  7.10139e-02 | 27  0.04409  2.00037e-01
 28  0.03300  5.47542e-02 | 29  0.03005 -1.61038e-01 | 30 -0.02479  6.34521e-02
 31 -0.04250  1.62132e-01 | 32  0.02553  1.73301e-01 | 33  0.01289  1.30584e-01
 34  0.00221  1.22912e-01 | 35  0.04953 -1.65446e-01 | 36 -0.16505 -1.05008e-01
 37  0.36797  2.06914e+04 | 38  0.21839 -7.77570e+03 | 39  0.46285  7.09990e+03
 40  0.39561  2.62252e+04 | 41 -0.02751 -1.65061e+04 | 42 -0.88721  2.75338e+03
 43 -0.05257  1.54819e+02 | 44 -0.01676 -2.41783e+04 | 45 -0.21128 -1.18457e+02
 46 -0.85749  2.67021e+03 |

Intermediate statistics: 46 variables; iteration 20; function evaluation 29; phase 2
Function value 7.6583262e+03; maximum gradient component mag 1.5145e+04
Var    Value     Gradient |Var    Value     Gradient |Var    Value     Gradient
  1  0.04186 -7.95889e+02 |  2 -0.01081  7.69723e+01 |  3  0.04577  1.69166e+02
  4 -0.02553  1.29900e+02 |  5 -0.11181  1.63153e+02 |  6  0.02242  2.29489e+02
  7 -0.03339  2.45335e+02 |  8 -0.02739  2.17694e+02 |  9  0.02398  2.89255e+02
 10  0.10478  4.44334e+02 | 11  0.16496  9.27694e+02 | 12 -0.03163  2.02417e+01
 13  0.20574  7.04976e+02 | 14  0.19684  4.32132e+02 | 15  0.13364  4.68134e+02
 16 -0.05943  1.03940e+02 | 17  0.03719  2.29823e+02 | 18  0.01052 -1.12068e+02
 19  0.12797 -1.73538e+02 | 20 -1.13225 -6.37080e+00 | 21  0.16377  4.36733e+02
 22  0.05845  2.05415e+02 | 23 -0.00269  2.16418e+02 | 24 -0.00027 -4.15074e+02
 25 -0.05515 -2.83029e+02 | 26  0.05622  1.80200e+02 | 27  0.06728  6.95381e+02
 28  0.02595  1.53547e+02 | 29  0.01633 -3.75939e+02 | 30 -0.06495 -8.97474e+02
 31 -0.09765 -1.13514e+03 | 32  0.03185 -4.41933e+01 | 33  0.04263  6.22815e+02
 34 -0.01292  1.11579e+02 | 35  0.08093  7.59071e+02 | 36 -1.68416 -1.65741e+02
 37  0.31508  1.33875e+04 | 38  0.19440 -9.58121e+03 | 39  0.35957  4.47827e+03
 40  0.32204  1.51449e+04 | 41  0.00719 -9.19059e+03 | 42 -0.94302  7.96435e+02
 43  0.14807  4.11573e+02 | 44  0.03423 -1.37720e+04 | 45  0.00473 -3.09006e+02
 46 -0.77512  2.45564e+03 |
46 variables; iteration 40; function evaluation 56; phase 2
Function value 5.8809020e+03; maximum gradient component mag 1.1547e+04
Var    Value     Gradient |Var    Value     Gradient |Var    Value     Gradient
  1  0.03138  4.20266e+03 |  2  0.09676  2.91202e+02 |  3  0.09025  1.27876e+02
  4  0.11610  2.98685e+02 |  5  0.08344  5.31506e+02 |  6  0.07054  3.40984e+02
  7 -0.21493 -3.50279e-01 |  8 -0.29238 -1.74468e+01 |  9 -0.08305  6.47358e+01
 10  0.09408  4.66800e+02 | 11  0.08199  8.76063e+02 | 12 -0.17616  4.57309e+01
 13  0.11365  6.08932e+02 | 14  0.14791  4.01951e+02 | 15  0.09945  4.94292e+02
 16  0.00498  4.48674e+02 | 17  0.02682  1.22478e+02 | 18 -0.04004 -3.02281e+02
 19  0.11938  5.86348e+02 | 20 -1.37738 -4.26799e+01 | 21  0.03512  1.94357e+02
 22  0.22716  8.38427e+02 | 23 -0.00181  2.41247e+02 | 24  0.03072  1.75813e+02
 25 -0.02289 -8.05673e+01 | 26  0.05257  4.15573e+01 | 27  0.13772  1.32500e+03
 28  0.04035  2.76539e+02 | 29  0.00140 -1.08171e+02 | 30  0.09274  3.86872e+02
 31 -0.09870 -8.68512e+01 | 32  0.03648 -3.78871e+02 | 33  0.04413  2.78744e+01
 34 -0.00293  1.14916e+02 | 35  0.09306  1.23039e+03 | 36 -1.80860 -4.56092e+02
 37  0.31888  9.31857e+03 | 38  0.19948 -8.75470e+03 | 39  0.35786  3.99501e+03
 40  0.30312  1.15465e+04 | 41 -1.52886  4.86693e+02 | 42 -0.87435  4.35931e+00
 43  1.58925 -8.72922e+00 | 44  1.15105  2.27886e+02 | 45  0.34089  5.31992e+01
 46 -0.74574 -1.74498e+01 |
46 variables; iteration 60; function evaluation 81; phase 2
Function value 4.1675994e+03; maximum gradient component mag -3.0685e+03
Var    Value     Gradient |Var    Value     Gradient |Var    Value     Gradient
  1  0.07165 -3.06846e+03 |  2 -0.06400 -1.07017e+01 |  3 -0.01225  4.98774e+01
  4 -0.05726  3.59897e+01 |  5 -0.15299  6.50890e+01 |  6 -0.04756  6.41291e+01
  7 -0.14148  2.40390e+01 |  8 -0.10721  2.58771e+01 |  9 -0.02491  2.68195e+01
 10  0.06852 -3.97345e+01 | 11 -0.07725 -7.99663e+01 | 12  0.04316  5.46013e+01
 13  0.08144 -1.58189e+01 | 14  0.14498  3.81242e+01 | 15  0.05703  6.27194e+01
 16 -0.11132 -9.79317e+00 | 17  0.03663 -3.14541e+01 | 18  0.13680  6.12588e+01
 19  0.12772 -3.02702e+01 | 20 -2.00407 -3.53267e+01 | 21 -0.00948  3.26510e+01
 22  0.03976 -1.46040e+01 | 23  0.02225  6.71477e+01 | 24 -0.02953 -4.34253e+01
 25  0.10428  6.87788e+01 | 26  0.08002 -2.01433e+00 | 27  0.06988 -2.73612e+00
 28  0.03471 -5.75616e+01 | 29  0.04238 -8.11192e+01 | 30  0.08357 -5.06461e+01
 31  0.11906  1.46194e+02 | 32  0.02982 -3.01478e+02 | 33  0.05309 -8.66245e+00
 34 -0.08031 -9.68471e+01 | 35  0.01199 -7.76294e+01 | 36 -1.45902  2.82942e+01
 37  0.23686 -7.25547e+02 | 38  0.21113 -1.12620e+02 | 39  0.22200 -3.50461e+01
 40  0.21024 -7.11948e+00 | 41 -1.93318 -8.02452e+01 | 42 -0.81847 -1.78047e+00
 43  1.83453 -1.18735e+02 | 44  1.41670  3.34099e+00 | 45  0.07095 -1.40609e+01
 46 -0.75905  3.44910e+00 |
Maximum number of function evaluations exceeded

 - final statistics:
46 variables; iteration 79; function evaluation 100
Function value 3.9923e+03; maximum gradient component mag -4.6920e+02
Exit code = 3;  converg criter 1.0000e+01
Var    Value     Gradient |Var    Value     Gradient |Var    Value     Gradient
  1  0.20711 -4.69197e+02 |  2 -0.02453 -1.24713e+00 |  3  0.01642 -7.81386e-02
  4 -0.01195 -1.11409e+01 |  5 -0.12171  2.90349e+00 |  6 -0.00836  4.51536e+00
  7 -0.09096  5.67479e+00 |  8 -0.07812 -1.02745e+00 |  9 -0.01910  6.09611e+00
 10  0.09507  1.06164e+01 | 11 -0.00745 -2.99575e+01 | 12  0.06195  1.33525e+01
 13  0.11282  1.35537e+01 | 14  0.11403 -8.12288e+00 | 15  0.02126  1.81226e+01
 16 -0.09790  1.00898e+01 | 17  0.02649 -2.35097e+01 | 18  0.11079 -2.65757e+01
 19  0.13974 -1.01825e+01 | 20 -2.00042 -9.20334e+00 | 21 -0.03863 -5.62745e+00
 22  0.00808  6.77549e+00 | 23 -0.08046 -1.62112e+01 | 24 -0.04374 -2.92455e+01
 25  0.07106  3.03983e+01 | 26  0.03517 -4.41365e+01 | 27  0.03129 -3.01285e+01
 28  0.02525 -1.13441e+01 | 29  0.07467  4.41250e+01 | 30  0.07785 -4.65245e+01
 31  0.04129 -3.88871e+01 | 32  0.08023 -8.71343e+00 | 33 -0.01101  2.51016e+01
 34 -0.07197  1.91214e+01 | 35 -0.08563 -9.35222e+01 | 36 -1.62155 -4.81923e+00
 37  0.16807 -1.58765e+02 | 38  0.14729 -1.18820e+02 | 39  0.15753  2.19984e+00
 40  0.14386 -1.98895e+02 | 41 -1.53561  1.97524e+01 | 42 -0.83771 -3.82274e+01
 43  1.87143  1.26031e+01 | 44  0.93129 -2.73583e+00 | 45 -0.18092  7.42713e+00
 46 -0.93851 -1.19126e+01 |

Initial statistics: 52 variables; iteration 0; function evaluation 0; phase 3
Function value 3.9922677e+03; maximum gradient component mag -5.9781e+03
Var    Value     Gradient |Var    Value     Gradient |Var    Value     Gradient
  1  0.20711 -4.69197e+02 |  2 -0.02436  4.80408e+00 |  3  0.01659  5.97546e+00
  4 -0.01178 -5.08632e+00 |  5 -0.12154  8.84928e+00 |  6 -0.00819  1.05705e+01
  7 -0.09079  1.16692e+01 |  8 -0.07794  4.98283e+00 |  9 -0.01892  1.21491e+01
 10  0.09525  1.66039e+01 | 11 -0.00728 -2.39023e+01 | 12  0.06212  1.93790e+01
 13  0.11299  1.95135e+01 | 14  0.11420 -2.16400e+00 | 15  0.02143  2.41747e+01
 16 -0.09773  1.60747e+01 | 17  0.02666 -1.74591e+01 | 18  0.11097 -2.06106e+01
 19  0.13992 -4.27188e+00 | 20  0.00059  1.52590e+01 | 21 -0.03846  4.17064e-01
 22  0.00825  1.28306e+01 | 23 -0.08029 -1.02042e+01 | 24 -0.04357 -2.32046e+01
 25  0.07124  3.64151e+01 | 26  0.03534 -3.80895e+01 | 27  0.03147 -2.40798e+01
 28  0.02542 -5.29318e+00 | 29  0.07484  5.01374e+01 | 30  0.07802 -4.05127e+01
 31  0.04146 -3.28436e+01 | 32  0.08040 -2.70571e+00 | 33 -0.01084  3.11565e+01
 34 -0.07180  2.51392e+01 | 35 -0.08545 -8.75244e+01 | 36 -0.37825  9.83817e+00
 37  0.16807 -1.58765e+02 | 38  0.14729 -1.18820e+02 | 39  0.15753  2.19984e+00
 40  0.14386 -1.98895e+02 | 41 -0.46439 -1.97524e+01 | 42 -0.83771 -3.82274e+01
 43  0.64808  2.15610e+03 | 44 -0.36157 -5.97806e+03 | 45  0.04764 -1.32937e+03
 46 -0.42957  7.35799e+02 | 47  0.17115 -2.66770e+02 | 48 -0.27511  2.22977e+02
 49  0.12857 -1.26031e+01 | 50  0.93129 -2.73583e+00 | 51 -0.18092  7.42713e+00
 52 -0.93851 -1.19126e+01 |

Intermediate statistics: 52 variables; iteration 20; function evaluation 31; phase 3
Function value 3.3699184e+03; maximum gradient component mag -4.0242e+03
Var    Value     Gradient |Var    Value     Gradient |Var    Value     Gradient
  1  0.26691 -1.27964e+03 |  2 -0.01361  4.65161e+01 |  3  0.02769  4.01201e+01
  4  0.00720  4.32540e+01 |  5 -0.09768  5.56439e+01 |  6 -0.00200  3.52604e+01
  7 -0.08416  3.97367e+01 |  8 -0.07121  3.98322e+01 |  9 -0.01731  3.48980e+01
 10  0.08605  7.93052e+00 | 11 -0.02334 -3.92199e+00 | 12  0.08137  3.43343e+01
 13  0.09533  5.27538e+01 | 14  0.05850  4.13755e+01 | 15 -0.01665  5.31142e+01
 16 -0.08158  2.55909e+01 | 17 -0.00802  8.86190e+01 | 18  0.11040  7.82718e+01
 19  0.10712  3.07696e+01 | 20 -0.05620 -1.31473e+01 | 21 -0.06447  1.26108e+02
 22  0.02855  8.10165e+01 | 23 -0.00420  6.23343e+01 | 24 -0.09052 -1.77420e+01
 25 -0.04166  1.28834e+01 | 26  0.01533 -5.62790e+01 | 27  0.03867 -5.82965e+01
 28  0.03552  1.66511e+01 | 29  0.05926 -2.37044e+00 | 30  0.06131 -4.37840e+01
 31  0.08600 -3.94911e+01 | 32  0.06651 -1.81363e+02 | 33 -0.06874 -1.13631e+02
 34 -0.07772  5.74176e+01 | 35  0.02327  4.18749e+01 | 36 -0.14912  1.00282e+02
 37  0.12838 -9.94760e+02 | 38  0.15281  2.02315e+03 | 39  0.13800  1.53337e+02
 40  0.10767 -4.02415e+03 | 41 -0.54788 -1.34894e+02 | 42 -0.80238 -4.37195e+01
 43  0.33504  5.07092e+02 | 44 -0.39363 -4.20736e+02 | 45  0.46797  6.62904e+02
 46 -0.46123 -9.42096e+02 | 47  0.20971  4.98732e+02 | 48 -0.48410 -3.13748e+02
 49  0.20373  5.31295e+01 | 50  0.90871 -5.09839e+01 | 51 -0.13611  3.27501e+01
 52 -1.00105  4.22600e-01 |
52 variables; iteration 40; function evaluation 57; phase 3
Function value 3.2412670e+03; maximum gradient component mag -1.0755e+03
Var    Value     Gradient |Var    Value     Gradient |Var    Value     Gradient
  1  0.29978 -8.66945e+02 |  2 -0.00581  4.79921e+01 |  3  0.00631 -2.55415e+00
  4 -0.01153  3.03478e+01 |  5 -0.13698  1.17190e+01 |  6 -0.05114 -2.14344e+01
  7 -0.14652 -3.03168e+01 |  8 -0.10024  1.30399e+01 |  9 -0.04090 -2.10253e+01
 10  0.10866 -2.22427e+01 | 11  0.04573  5.67481e+01 | 12  0.13469  7.90034e+01
 13  0.10741 -1.04234e+01 | 14  0.09990  5.15415e+01 | 15 -0.01128 -4.55442e+01
 16 -0.03647  5.54946e+01 | 17 -0.01432 -3.66495e+00 | 18  0.14778  6.53720e+01
 19  0.12788  6.27898e+00 | 20 -0.00254  1.93776e+01 | 21 -0.09885  5.15610e+00
 22 -0.06383 -7.05678e+01 | 23  0.00413 -7.23023e+00 | 24  0.00071  1.65016e+01
 25  0.01382  5.20672e+01 | 26  0.00601 -7.76836e+01 | 27  0.03936 -5.37924e+01
 28  0.05316  2.45288e+01 | 29  0.04944 -6.72073e+01 | 30  0.09862  3.28985e+01
 31  0.04932 -1.01591e+02 | 32  0.09231 -4.22843e+01 | 33 -0.03081 -4.87547e+01
 34 -0.08685  3.42485e+01 | 35 -0.06064 -4.02507e+01 | 36 -0.29639  2.01665e+01
 37  0.11203 -1.13427e+02 | 38  0.11146 -1.07551e+03 | 39  0.11879 -2.84501e+01
 40  0.10391 -7.81076e+02 | 41 -0.42606  2.71319e+01 | 42 -0.76350 -2.95076e+01
 43  0.32098  2.87838e+02 | 44 -0.37606 -1.88131e+02 | 45  0.32400  4.74586e+02
 46 -0.48940 -4.02792e+02 | 47  0.18494 -2.04592e+02 | 48 -0.49375 -1.88104e+02
 49  0.10264  1.46764e+01 | 50  0.81888  9.96238e+00 | 51 -0.24125 -4.30737e+01
 52 -0.90039 -2.44350e+00 |
52 variables; iteration 60; function evaluation 91; phase 3
Function value 3.1691013e+03; maximum gradient component mag -4.2227e+02
Var    Value     Gradient |Var    Value     Gradient |Var    Value     Gradient
  1  0.34105 -1.05866e+01 |  2 -0.02135 -1.14336e+01 |  3  0.04823  4.71745e+01
  4 -0.00150 -2.88355e+01 |  5 -0.12252 -2.19555e+01 |  6  0.01085 -1.25760e+00
  7 -0.05775  2.85468e+01 |  8 -0.06435 -2.14569e+01 |  9  0.01697  1.27200e+01
 10  0.13765  3.63600e+01 | 11  0.01089 -1.08691e+01 | 12  0.08784 -3.38213e+01
 13  0.10032  1.27914e+01 | 14  0.04607 -6.60694e+01 | 15  0.00323  1.32665e+01
 16 -0.12696 -2.96134e+01 | 17 -0.02287 -2.30946e+01 | 18  0.09722 -3.03633e+01
 19  0.11383 -2.16891e+01 | 20 -0.00497  4.55801e+00 | 21 -0.11862 -6.40332e+00
 22 -0.04111 -9.88785e+00 | 23  0.03554  3.11619e+01 | 24 -0.01280 -6.63480e+00
 25 -0.06196 -2.50057e+01 | 26  0.04568  3.78733e+01 | 27  0.05520  2.19751e+01
 28  0.03203 -1.32328e+01 | 29  0.05244 -1.70922e+01 | 30  0.06251 -1.58200e+01
 31  0.08768  3.40648e+01 | 32  0.09595  3.36543e+01 | 33 -0.01279  1.97949e+01
 34 -0.11316 -1.41901e+01 | 35 -0.04915  3.84079e+01 | 36 -0.32293 -1.36911e+01
 37  0.09689  1.94266e+02 | 38  0.09469 -4.22266e+02 | 39  0.10346 -2.70800e+01
 40  0.09107  3.11896e+02 | 41 -0.45705 -2.23300e+01 | 42 -0.82792  8.17507e+00
 43  0.28565 -1.73430e+01 | 44 -0.37720 -1.27040e+02 | 45  0.10328 -5.55442e+01
 46 -0.59858  3.12698e+02 | 47  0.19874 -1.90681e+02 | 48 -0.47095  2.27103e+02
 49  0.12259 -9.77996e+00 | 50  0.83533 -8.46852e+00 | 51 -0.17132  1.75771e+01
 52 -0.77419  1.77130e+00 |
52 variables; iteration 80; function evaluation 112; phase 3
Function value 3.1449904e+03; maximum gradient component mag -5.2430e+01
Var    Value     Gradient |Var    Value     Gradient |Var    Value     Gradient
  1  0.50366 -4.15404e+01 |  2 -0.01891 -4.42866e-01 |  3  0.02644  7.77558e-01
  4  0.00503  1.23094e+00 |  5 -0.10959  3.57920e-01 |  6  0.00447  1.75903e+00
  7 -0.07778  1.12906e+00 |  8 -0.05973  7.89938e-01 |  9  0.00243  3.76186e-01
 10  0.12197  4.84435e-02 | 11  0.01194 -1.44356e+00 | 12  0.10272  2.45146e-03
 13  0.10209  1.58322e+00 | 14  0.07635 -7.75383e-01 | 15  0.00750  6.15393e-02
 16 -0.10179 -6.41353e-01 | 17 -0.00643  4.63208e-01 | 18  0.10523 -1.68723e+00
 19  0.11618 -2.12028e+00 | 20 -0.00743  9.19230e-01 | 21 -0.11687  1.47740e+00
 22 -0.03639 -7.50181e-01 | 23  0.01224 -7.12999e-01 | 24 -0.00799  1.29801e+00
 25 -0.04471 -1.21884e+00 | 26  0.02403 -1.82363e+00 | 27  0.04685 -5.38630e-01
 28  0.03593 -1.05432e+00 | 29  0.05883 -4.06885e-01 | 30  0.06398 -3.87332e+00
 31  0.07659 -3.39752e-01 | 32  0.08534 -2.73022e+00 | 33 -0.02271 -1.17546e+00
 34 -0.11041  5.77327e-01 | 35 -0.06539  2.49930e+00 | 36 -0.31151 -8.07651e-01
 37  0.03957 -3.12956e+01 | 38  0.03935 -5.24303e+01 | 39  0.04667 -8.31115e+00
 40  0.03437 -2.91902e+01 | 41 -0.45851 -1.73497e+00 | 42 -0.79071 -1.95505e+00
 43  0.29148  6.93736e+00 | 44 -0.33766  6.51646e+00 | 45  0.06224  1.60650e+00
 46 -0.67468 -3.48787e+00 | 47  0.20167  3.56466e+01 | 48 -0.47983 -2.43544e+00
 49  0.12493  9.67277e-02 | 50  0.85531 -7.63784e-01 | 51 -0.19793  2.06464e+00
 52 -0.82964 -1.79934e+00 |
52 variables; iteration 100; function evaluation 135; phase 3
Function value 3.1446677e+03; maximum gradient component mag -1.3253e+01
Var    Value     Gradient |Var    Value     Gradient |Var    Value     Gradient
  1  0.67514 -7.38019e+00 |  2 -0.01852  1.34309e-01 |  3  0.02600  2.29855e-01
  4  0.00429  1.85460e-01 |  5 -0.11013  9.49603e-02 |  6  0.00327  2.47184e-01
  7 -0.07882  1.68493e-01 |  8 -0.06026  2.36568e-01 |  9  0.00253  1.73664e-01
 10  0.12257  8.25909e-02 | 11  0.01329  5.63555e-02 | 12  0.10312 -1.13420e-01
 13  0.10172 -8.60718e-02 | 14  0.07680  1.34573e-01 | 15  0.00774  1.38577e-01
 16 -0.10086  9.95806e-02 | 17 -0.00696  8.49313e-02 | 18  0.10563 -2.39839e-01
 19  0.11655 -8.37463e-02 | 20 -0.00796 -4.75666e-02 | 21 -0.11781  6.53999e-02
 22 -0.03609  5.66591e-02 | 23  0.01287  1.60082e-01 | 24 -0.00867  1.14776e-01
 25 -0.04436  4.08147e-02 | 26  0.02442 -3.02320e-01 | 27  0.04645 -1.34085e-01
 28  0.03601 -2.58299e-01 | 29  0.05844 -1.09990e-01 | 30  0.06539 -3.17487e-01
 31  0.07613 -1.98392e-01 | 32  0.08580 -3.73664e-01 | 33 -0.02237 -1.29077e-02
 34 -0.11087 -1.34760e-01 | 35 -0.06671  8.75158e-02 | 36 -0.30971  1.81168e-01
 37 -0.00621 -1.32525e+01 | 38 -0.00616 -7.24162e+00 | 39  0.00101 -2.00888e+00
 40 -0.01135 -9.21994e+00 | 41 -0.47693  5.66647e-01 | 42 -0.80719 -9.71372e-03
 43  0.29026  5.70944e-01 | 44 -0.34024  5.63133e-01 | 45  0.06232  1.45935e-01
 46 -0.67427 -3.87929e-01 | 47  0.20034 -2.11572e-01 | 48 -0.48044  8.69969e-01
 49  0.13388 -2.74640e-02 | 50  0.90936  1.86503e-01 | 51 -0.19263  2.00560e-02
 52 -0.80018 -1.62135e-02 |
52 variables; iteration 120; function evaluation 159; phase 3
Function value 3.1446349e+03; maximum gradient component mag -8.8750e+00
Var    Value     Gradient |Var    Value     Gradient |Var    Value     Gradient
  1  0.78476 -2.98073e+00 |  2 -0.01841  1.17461e-01 |  3  0.02611  8.15127e-02
  4  0.00448  1.73041e-01 |  5 -0.10986  1.41702e-01 |  6  0.00345  1.44808e-01
  7 -0.07860  1.63086e-01 |  8 -0.06010  1.48911e-01 |  9  0.00267  1.46766e-01
 10  0.12264  2.49262e-02 | 11  0.01343  7.17613e-02 | 12  0.10329  1.12480e-01
 13  0.10182  6.22506e-02 | 14  0.07674  8.80797e-03 | 15  0.00764  1.90680e-02
 16 -0.10093  6.86845e-02 | 17 -0.00710  4.54657e-03 | 18  0.10567 -3.08707e-02
 19  0.11650 -1.09641e-01 | 20 -0.00792  1.31450e-01 | 21 -0.11781  7.32654e-02
 22 -0.03613  5.47119e-02 | 23  0.01268 -1.03074e-02 | 24 -0.00886 -4.69505e-02
 25 -0.04452 -5.29147e-02 | 26  0.02435 -2.42437e-01 | 27  0.04629 -2.99574e-01
 28  0.03598 -9.67345e-02 | 29  0.05837 -9.06950e-02 | 30  0.06536 -1.60868e-01
 31  0.07600 -2.67045e-01 | 32  0.08571 -3.16959e-01 | 33 -0.02252 -1.95718e-01
 34 -0.11085  6.13188e-02 | 35 -0.06685 -6.59157e-03 | 36 -0.30979  9.67176e-02
 37 -0.02623 -8.87500e+00 | 38 -0.02616 -2.97747e+00 | 39 -0.01899 -1.22145e+00
 40 -0.03136 -6.00831e+00 | 41 -0.47837 -9.91794e-02 | 42 -0.85376  2.01973e-01
 43  0.29025  4.39118e-01 | 44 -0.34054 -1.76306e-01 | 45  0.06233 -2.36203e-02
 46 -0.67421  7.65155e-02 | 47  0.20031 -7.09216e-01 | 48 -0.48047  2.84820e-01
 49  0.13466 -7.00094e-02 | 50  0.91307  6.59548e-03 | 51 -0.17575  1.45999e-01
 52 -0.75298  2.07262e-01 |
52 variables; iteration 140; function evaluation 182; phase 3
Function value 3.1446253e+03; maximum gradient component mag -1.0019e+00
Var    Value     Gradient |Var    Value     Gradient |Var    Value     Gradient
  1  0.85949 -2.53196e-01 |  2 -0.01839  3.15588e-02 |  3  0.02612  7.47634e-03
  4  0.00446  2.38715e-02 |  5 -0.10986  4.39261e-02 |  6  0.00340  1.97512e-03
  7 -0.07865  1.55675e-02 |  8 -0.06015  5.76620e-03 |  9  0.00262  2.40892e-03
 10  0.12265 -7.89088e-03 | 11  0.01345  1.93604e-02 | 12  0.10329  4.38795e-02
 13  0.10182  3.19928e-02 | 14  0.07674 -2.15798e-02 | 15  0.00764 -2.34150e-02
 16 -0.10092  2.37280e-02 | 17 -0.00711 -1.65218e-02 | 18  0.10566 -5.63399e-03
 19  0.11649 -5.78948e-02 | 20 -0.00796  6.92218e-03 | 21 -0.11782  3.27734e-02
 22 -0.03612  1.33299e-02 | 23  0.01272 -1.60691e-02 | 24 -0.00884 -2.70465e-02
 25 -0.04452 -2.62083e-02 | 26  0.02435 -4.57371e-02 | 27  0.04633 -5.66493e-02
 28  0.03598  2.11786e-03 | 29  0.05836 -5.34137e-02 | 30  0.06537 -7.02993e-03
 31  0.07602 -6.62630e-02 | 32  0.08573 -4.89241e-02 | 33 -0.02249 -3.52784e-02
 34 -0.11084  5.96291e-02 | 35 -0.06684  6.56510e-04 | 36 -0.30977  1.26302e-04
 37 -0.03538 -1.00193e+00 | 38 -0.03532 -1.03741e-01 | 39 -0.02814 -1.20455e-01
 40 -0.04052 -5.64171e-01 | 41 -0.45563 -1.80871e-01 | 42 -0.90327 -3.77888e-02
 43  0.29024  6.13858e-02 | 44 -0.34047 -7.40278e-02 | 45  0.06233 -3.20810e-02
 46 -0.67421  4.23851e-02 | 47  0.20033 -2.45915e-01 | 48 -0.48048  1.40555e-02
 49  0.12280  4.03792e-02 | 50  0.85002 -7.65221e-02 | 51 -0.16309 -2.16964e-02
 52 -0.72261 -3.43704e-02 |
52 variables; iteration 160; function evaluation 209; phase 3
Function value 3.1446216e+03; maximum gradient component mag -3.5527e+00
Var    Value     Gradient |Var    Value     Gradient |Var    Value     Gradient
  1  0.91663 -4.99691e-01 |  2 -0.01841  5.38905e-02 |  3  0.02611  5.37513e-02
  4  0.00444  5.47107e-02 |  5 -0.10990  5.45641e-02 |  6  0.00338  5.14159e-02
  7 -0.07867  4.86089e-02 |  8 -0.06017  4.74865e-02 |  9  0.00261  3.80730e-02
 10  0.12264  1.89581e-02 | 11  0.01344  3.44400e-02 | 12  0.10327  1.26080e-02
 13  0.10181 -4.92712e-03 | 14  0.07675 -8.33007e-05 | 15  0.00766  1.35282e-02
 16 -0.10091  4.86856e-02 | 17 -0.00709  1.87509e-03 | 18  0.10566 -4.99990e-02
 19  0.11650 -7.52372e-02 | 20 -0.00796  5.51744e-03 | 21 -0.11782  4.97131e-02
 22 -0.03612  2.63460e-02 | 23  0.01273  1.21393e-02 | 24 -0.00882 -6.05765e-03
 25 -0.04450 -1.53993e-02 | 26  0.02436 -9.61178e-02 | 27  0.04635 -8.40532e-02
 28  0.03599 -4.62838e-02 | 29  0.05838 -6.07553e-02 | 30  0.06537 -6.67739e-02
 31  0.07604 -1.02234e-01 | 32  0.08574 -1.26825e-01 | 33 -0.02247 -3.13740e-02
 34 -0.11085  3.25865e-02 | 35 -0.06683  1.42874e-02 | 36 -0.30975  4.39154e-02
 37 -0.03984 -3.55269e+00 | 38 -0.03977 -1.49902e+00 | 39 -0.03259 -5.03558e-01
 40 -0.04498 -2.34658e+00 | 41 -0.38907 -2.41836e-01 | 42 -0.93862 -3.73899e-02
 43  0.29023  1.51308e-01 | 44 -0.34044  5.92371e-03 | 45  0.06233 -1.02060e-02
 46 -0.67422  1.52657e-02 | 47  0.20033 -4.21191e-02 | 48 -0.48047  3.90908e-03
 49  0.08627  9.94550e-02 | 50  0.73678 -2.03994e-01 | 51 -0.15716 -3.65401e-02
 52 -0.70926 -7.49048e-03 |
52 variables; iteration 180; function evaluation 236; phase 3
Function value 3.1446194e+03; maximum gradient component mag -3.7395e+00
Var    Value     Gradient |Var    Value     Gradient |Var    Value     Gradient
  1  0.96417 -2.29672e-01 |  2 -0.01841  5.41746e-02 |  3  0.02610  6.68609e-02
  4  0.00443  5.88285e-02 |  5 -0.10991  4.93422e-02 |  6  0.00338  5.91605e-02
  7 -0.07868  4.39213e-02 |  8 -0.06017  4.77685e-02 |  9  0.00261  4.16353e-02
 10  0.12264  3.14726e-02 | 11  0.01343  3.28234e-02 | 12  0.10327  1.01921e-03
 13  0.10180 -1.78762e-02 | 14  0.07675  1.41797e-03 | 15  0.00766  1.89519e-02
 16 -0.10091  5.46412e-02 | 17 -0.00709  7.56794e-03 | 18  0.10566 -5.66887e-02
 19  0.11650 -7.45620e-02 | 20 -0.00796  9.91771e-03 | 21 -0.11782  5.73887e-02
 22 -0.03612  2.86554e-02 | 23  0.01274  1.52753e-02 | 24 -0.00881  2.44570e-03
 25 -0.04450 -1.17922e-02 | 26  0.02436 -9.49847e-02 | 27  0.04635 -8.25110e-02
 28  0.03599 -5.15432e-02 | 29  0.05838 -5.83503e-02 | 30  0.06537 -7.61569e-02
 31  0.07605 -9.94335e-02 | 32  0.08574 -1.34106e-01 | 33 -0.02247 -2.81569e-02
 34 -0.11086  2.73233e-02 | 35 -0.06682  2.53435e-02 | 36 -0.30974  5.09718e-02
 37 -0.04182 -3.73953e+00 | 38 -0.04176 -1.72268e+00 | 39 -0.03457 -5.43696e-01
 40 -0.04696 -2.51582e+00 | 41 -0.28362 -2.62985e-01 | 42 -0.94151 -4.34435e-02
 43  0.29023  1.58258e-01 | 44 -0.34043  2.82826e-02 | 45  0.06233  5.64195e-03
 46 -0.67422  1.71532e-03 | 47  0.20034  1.28270e-01 | 48 -0.48047 -3.80238e-02
 49  0.02349  2.11731e-01 | 50  0.60925 -3.60268e-01 | 51 -0.15680 -8.03325e-02
 52 -0.70845 -4.70929e-03 |
52 variables; iteration 200; function evaluation 259; phase 3
Function value 3.1446173e+03; maximum gradient component mag -1.8818e+00
Var    Value     Gradient |Var    Value     Gradient |Var    Value     Gradient
  1  1.00896  3.26693e-02 |  2 -0.01842  3.07971e-02 |  3  0.02610  3.92094e-02
  4  0.00442  3.44801e-02 |  5 -0.10993  2.19165e-02 |  6  0.00336  2.53527e-02
  7 -0.07870  1.62724e-02 |  8 -0.06019  2.26343e-02 |  9  0.00260  2.35534e-02
 10  0.12264  2.22918e-02 | 11  0.01343  1.85187e-02 | 12  0.10326 -4.20374e-03
 13  0.10180 -3.43563e-03 | 14  0.07675 -8.58530e-05 | 15  0.00766  1.39554e-02
 16 -0.10091  3.16362e-02 | 17 -0.00708  9.99724e-03 | 18  0.10566 -3.33116e-02
 19  0.11651 -3.46161e-02 | 20 -0.00795  9.17760e-03 | 21 -0.11781  4.01475e-02
 22 -0.03612  1.60691e-02 | 23  0.01274  8.88209e-03 | 24 -0.00881  1.15293e-02
 25 -0.04449 -2.23825e-03 | 26  0.02436 -4.24105e-02 | 27  0.04636 -3.65708e-02
 28  0.03599 -3.11228e-02 | 29  0.05839 -2.19995e-02 | 30  0.06537 -5.39219e-02
 31  0.07606 -4.21354e-02 | 32  0.08574 -7.10255e-02 | 33 -0.02247 -1.27668e-02
 34 -0.11086  7.54409e-03 | 35 -0.06681  2.70665e-02 | 36 -0.30973  2.96530e-02
 37 -0.04223 -1.88183e+00 | 38 -0.04217 -1.05929e+00 | 39 -0.03499 -2.89704e-01
 40 -0.04738 -1.35031e+00 | 41 -0.14206 -2.49604e-01 | 42 -0.88224  7.66553e-02
 43  0.29024  9.46780e-02 | 44 -0.34043  3.49147e-02 | 45  0.06233  1.12769e-02
 46 -0.67422 -4.62473e-03 | 47  0.20035  3.67860e-01 | 48 -0.48047 -1.14605e-01
 49 -0.06840  4.93605e-02 | 50  0.47035 -3.08527e-01 | 51 -0.16782  4.77569e-02
 52 -0.73353  1.29801e-01 |
52 variables; iteration 220; function evaluation 283; phase 3
Function value 3.1446168e+03; maximum gradient component mag -7.3357e-02
Var    Value     Gradient |Var    Value     Gradient |Var    Value     Gradient
  1  1.02610  1.45905e-02 |  2 -0.01842  9.35768e-04 |  3  0.02610  7.90927e-04
  4  0.00443  7.52327e-04 |  5 -0.10992  1.36898e-03 |  6  0.00338  3.76016e-04
  7 -0.07868  7.89382e-04 |  8 -0.06017  6.47943e-04 |  9  0.00261  1.84993e-03
 10  0.12264  6.10848e-04 | 11  0.01343  1.02453e-03 | 12  0.10327 -2.11535e-04
 13  0.10180  9.97136e-05 | 14  0.07675 -5.88030e-04 | 15  0.00766  1.31301e-03
 16 -0.10092  1.54194e-04 | 17 -0.00709  3.56585e-05 | 18  0.10566 -7.26302e-04
 19  0.11651 -2.11362e-03 | 20 -0.00796  1.91221e-05 | 21 -0.11782  9.94976e-04
 22 -0.03612  4.04381e-04 | 23  0.01273 -1.12819e-03 | 24 -0.00881 -6.31408e-04
 25 -0.04449  3.58677e-04 | 26  0.02436 -2.36726e-03 | 27  0.04635 -2.22859e-03
 28  0.03599 -8.17527e-04 | 29  0.05839 -3.37411e-04 | 30  0.06537 -1.97149e-03
 31  0.07605 -2.29768e-03 | 32  0.08574 -2.69755e-03 | 33 -0.02247 -4.51412e-04
 34 -0.11086  1.64293e-04 | 35 -0.06682 -2.41498e-04 | 36 -0.30974  1.03438e-03
 37 -0.04202 -7.33570e-02 | 38 -0.04196 -3.04346e-02 | 39 -0.03477 -1.18016e-02
 40 -0.04716 -4.54227e-02 | 41 -0.07789 -1.96982e-02 | 42 -0.82340  7.58487e-03
 43  0.29023  2.92419e-03 | 44 -0.34044 -9.26925e-04 | 45  0.06233 -1.53671e-03
 46 -0.67422 -6.28017e-04 | 47  0.20034 -4.65976e-03 | 48 -0.48047 -2.19106e-03
 49 -0.11232 -1.01350e-03 | 50  0.41386 -1.97734e-02 | 51 -0.18627  6.79270e-03
 52 -0.78131  5.93895e-03 |
52 variables; iteration 240; function evaluation 303; phase 3
Function value 3.1446167e+03; maximum gradient component mag -1.0873e+00
Var    Value     Gradient |Var    Value     Gradient |Var    Value     Gradient
  1  1.02152  5.12191e-02 |  2 -0.01841  2.96749e-02 |  3  0.02611  3.26510e-02
  4  0.00443  3.28579e-02 |  5 -0.10991  2.70990e-02 |  6  0.00336  7.72881e-03
  7 -0.07871 -1.62738e-04 |  8 -0.06019  1.73828e-02 |  9  0.00259 -1.26946e-03
 10  0.12263  6.24500e-03 | 11  0.01342  7.35110e-04 | 12  0.10327  1.21213e-02
 13  0.10181  3.87640e-02 | 14  0.07675  1.02042e-03 | 15  0.00765 -1.39470e-02
 16 -0.10090  4.12166e-02 | 17 -0.00708  1.48393e-02 | 18  0.10566 -3.17423e-02
 19  0.11651 -2.10584e-02 | 20 -0.00796  1.78515e-03 | 21 -0.11781  3.64823e-02
 22 -0.03612  1.83725e-02 | 23  0.01275  1.96860e-02 | 24 -0.00880  2.40114e-02
 25 -0.04450 -1.22538e-02 | 26  0.02436 -2.67542e-02 | 27  0.04636 -1.30225e-02
 28  0.03599 -1.44879e-02 | 29  0.05838 -4.22790e-02 | 30  0.06537 -3.01937e-02
 31  0.07606 -1.42908e-02 | 32  0.08573 -6.38353e-02 | 33 -0.02247 -1.99913e-02
 34 -0.11085  3.26223e-02 | 35 -0.06680  4.22379e-02 | 36 -0.30974  8.77604e-03
 37 -0.04210 -1.08729e+00 | 38 -0.04204 -6.93037e-01 | 39 -0.03485 -1.00224e-01
 40 -0.04724 -8.84957e-01 | 41 -0.07325 -8.32584e-02 | 42 -0.81369  8.04044e-02
 43  0.29023  1.81437e-02 | 44 -0.34042  4.96521e-02 | 45  0.06233  4.05472e-02
 46 -0.67422 -2.39620e-02 | 47  0.20034  2.74646e-01 | 48 -0.48047 -5.52342e-02
 49 -0.11552  7.90215e-03 | 50  0.40988 -1.01614e-01 | 51 -0.18994  8.71989e-02
 52 -0.79213  3.80782e-02 |
52 variables; iteration 260; function evaluation 324; phase 3
Function value 3.1446167e+03; maximum gradient component mag -1.6430e-02
Var    Value     Gradient |Var    Value     Gradient |Var    Value     Gradient
  1  1.00300  1.31157e-03 |  2 -0.01842 -7.21234e-04 |  3  0.02610 -6.93537e-04
  4  0.00443 -8.03064e-04 |  5 -0.10992 -3.47076e-04 |  6  0.00338  5.05301e-04
  7 -0.07868  7.78982e-04 |  8 -0.06017 -3.99594e-05 |  9  0.00261  1.22397e-03
 10  0.12264  3.08782e-04 | 11  0.01344  4.10767e-04 | 12  0.10327 -3.89424e-04
 13  0.10180 -1.95376e-03 | 14  0.07675 -3.25409e-04 | 15  0.00766  1.12955e-03
 16 -0.10092 -1.57959e-03 | 17 -0.00709 -7.16059e-04 | 18  0.10566  9.88058e-04
 19  0.11651 -6.19028e-04 | 20 -0.00796  5.11073e-04 | 21 -0.11782 -1.01328e-03
 22 -0.03612 -4.83078e-04 | 23  0.01273 -1.32139e-03 | 24 -0.00881 -1.47285e-03
 25 -0.04449  3.31281e-04 | 26  0.02436 -4.82108e-04 | 27  0.04635 -1.47936e-03
 28  0.03599 -3.08490e-05 | 29  0.05839  1.13351e-03 | 30  0.06537  3.36909e-04
 31  0.07605 -1.49672e-03 | 32  0.08574  1.19286e-03 | 33 -0.02247  3.45105e-04
 34 -0.11086 -1.34567e-03 | 35 -0.06682 -1.86488e-03 | 36 -0.30974  4.51161e-04
 37 -0.04225 -1.13249e-02 | 38 -0.04219  5.25704e-03 | 39 -0.03501 -5.32252e-03
 40 -0.04739  2.95351e-03 | 41 -0.08250 -2.79919e-03 | 42 -0.80899 -2.94579e-03
 43  0.29023  2.34487e-03 | 44 -0.34044 -2.80654e-03 | 45  0.06233 -2.55474e-03
 46 -0.67422  3.38991e-04 | 47  0.20034 -1.64300e-02 | 48 -0.48047  2.89608e-03
 49 -0.10913  2.08499e-03 | 50  0.41783 -2.47097e-03 | 51 -0.19190 -4.70966e-03
 52 -0.79791 -2.54065e-03 |
52 variables; iteration 280; function evaluation 345; phase 3
Function value 3.1446166e+03; maximum gradient component mag -3.4011e-01
Var    Value     Gradient |Var    Value     Gradient |Var    Value     Gradient
  1  1.00189  1.85880e-03 |  2 -0.01842 -3.69439e-03 |  3  0.02610  3.29107e-03
  4  0.00443  5.89935e-03 |  5 -0.10992  2.51426e-03 |  6  0.00338  1.03375e-02
  7 -0.07868  1.51482e-03 |  8 -0.06017  1.22823e-02 |  9  0.00261 -4.53216e-03
 10  0.12264 -2.41322e-03 | 11  0.01342 -1.49309e-02 | 12  0.10326 -2.97964e-03
 13  0.10181  1.87415e-02 | 14  0.07675 -2.92045e-03 | 15  0.00766 -2.65192e-03
 16 -0.10092  2.86071e-03 | 17 -0.00707  1.37677e-02 | 18  0.10566 -1.97756e-02
 19  0.11650 -1.49436e-02 | 20 -0.00796  1.95248e-03 | 21 -0.11782  3.40852e-03
 22 -0.03612  2.35763e-03 | 23  0.01274  8.87381e-03 | 24 -0.00881  6.61445e-03
 25 -0.04450 -9.86945e-03 | 26  0.02436 -1.18512e-02 | 27  0.04635 -1.07606e-03
 28  0.03599 -3.90614e-03 | 29  0.05839 -1.03632e-02 | 30  0.06536 -2.93175e-02
 31  0.07605 -2.28166e-03 | 32  0.08574 -2.63753e-02 | 33 -0.02247 -1.20407e-02
 34 -0.11086  1.40585e-02 | 35 -0.06682  2.19144e-02 | 36 -0.30976 -7.92385e-03
 37 -0.04226 -2.20074e-01 | 38 -0.04220 -3.40106e-01 | 39 -0.03501 -2.34629e-02
 40 -0.04740 -2.32804e-01 | 41 -0.06606 -7.13745e-02 | 42 -0.81440  1.26684e-01
 43  0.29023 -8.03151e-03 | 44 -0.34039  1.08161e-01 | 45  0.06233  4.54002e-02
 46 -0.67423 -6.94194e-02 | 47  0.20034  7.11692e-02 | 48 -0.48046  1.16676e-01
 49 -0.12053 -1.73544e-02 | 50  0.40376 -6.76437e-02 | 51 -0.18967  8.58717e-02
 52 -0.79119  7.86294e-02 |
52 variables; iteration 300; function evaluation 365; phase 3
Function value 3.1446165e+03; maximum gradient component mag 2.8009e-01
Var    Value     Gradient |Var    Value     Gradient |Var    Value     Gradient
  1  0.99749  6.21026e-05 |  2 -0.01842 -4.16571e-03 |  3  0.02610 -2.40793e-03
  4  0.00443 -3.83981e-03 |  5 -0.10992 -4.76404e-03 |  6  0.00338 -3.41384e-03
  7 -0.07868 -5.16627e-03 |  8 -0.06017 -4.82287e-03 |  9  0.00261 -3.61820e-03
 10  0.12264 -2.12865e-04 | 11  0.01343 -3.43544e-03 | 12  0.10327 -4.44172e-03
 13  0.10180 -4.74275e-03 | 14  0.07675 -2.32646e-03 | 15  0.00766 -9.51928e-04
 16 -0.10092  8.57456e-04 | 17 -0.00709  4.94136e-04 | 18  0.10566  1.37436e-03
 19  0.11651  4.32964e-04 | 20 -0.00796  5.40460e-04 | 21 -0.11782  1.20968e-03
 22 -0.03612 -6.02078e-04 | 23  0.01273 -2.34010e-03 | 24 -0.00881  3.38883e-04
 25 -0.04449  2.59593e-03 | 26  0.02436  7.21539e-03 | 27  0.04635  5.98361e-03
 28  0.03599  4.46864e-03 | 29  0.05839  3.43160e-03 | 30  0.06537  6.51712e-03
 31  0.07605  5.71911e-03 | 32  0.08574  6.69586e-03 | 33 -0.02247  3.78221e-03
 34 -0.11086  1.43881e-03 | 35 -0.06682  3.13347e-03 | 36 -0.30974 -2.47161e-03
 37 -0.04225  2.80094e-01 | 38 -0.04219  1.34768e-01 | 39 -0.03501  4.01579e-02
 40 -0.04740  1.90579e-01 | 41 -0.00790 -4.79663e-02 | 42 -0.82172 -6.85186e-03
 43  0.29023 -1.13949e-02 | 44 -0.34044 -4.67451e-03 | 45  0.06233 -2.39089e-03
 46 -0.67422  1.43905e-03 | 47  0.20034 -1.10760e-02 | 48 -0.48047 -1.06104e-03
 49 -0.16145  2.92527e-02 | 50  0.35552 -8.35049e-02 | 51 -0.18691 -1.11271e-02
 52 -0.78313 -1.56152e-03 |
52 variables; iteration 320; function evaluation 386; phase 3
Function value 3.1446165e+03; maximum gradient component mag -7.3315e-02
Var    Value     Gradient |Var    Value     Gradient |Var    Value     Gradient
  1  0.99654 -1.93927e-03 |  2 -0.01842 -9.99883e-04 |  3  0.02610 -1.15329e-03
  4  0.00443  1.23125e-03 |  5 -0.10992 -2.33420e-04 |  6  0.00338  2.29976e-03
  7 -0.07868  2.88724e-03 |  8 -0.06017  1.41614e-03 |  9  0.00261  3.99677e-04
 10  0.12264 -8.79924e-04 | 11  0.01343  2.54426e-04 | 12  0.10327  4.69384e-04
 13  0.10180  1.96137e-04 | 14  0.07675  3.27149e-04 | 15  0.00766  1.63218e-03
 16 -0.10092 -1.38134e-03 | 17 -0.00709  5.93214e-04 | 18  0.10566 -1.12145e-03
 19  0.11651 -4.58395e-06 | 20 -0.00796  7.40155e-04 | 21 -0.11782 -1.23393e-04
 22 -0.03612 -7.61684e-04 | 23  0.01273  4.68773e-04 | 24 -0.00881 -1.14185e-03
 25 -0.04449 -6.53546e-04 | 26  0.02436 -3.18357e-03 | 27  0.04635 -2.42629e-03
 28  0.03599 -1.28275e-03 | 29  0.05839  2.38242e-03 | 30  0.06537 -6.41442e-03
 31  0.07605 -2.82647e-03 | 32  0.08574 -5.91094e-03 | 33 -0.02247 -3.31426e-03
 34 -0.11086  1.24713e-03 | 35 -0.06682 -1.22228e-03 | 36 -0.30974 -7.79049e-04
 37 -0.04225 -7.33151e-02 | 38 -0.04219 -3.25032e-02 | 39 -0.03501 -7.89684e-03
 40 -0.04739 -6.54534e-02 | 41  0.04408 -7.68741e-03 | 42 -0.82261  3.59471e-02
 43  0.29023  4.95199e-04 | 44 -0.34043  1.49313e-03 | 45  0.06233 -5.68787e-03
 46 -0.67422  1.15199e-02 | 47  0.20034  4.08003e-02 | 48 -0.48047 -1.29298e-02
 49 -0.19864 -1.49296e-02 | 50  0.31424  4.41683e-03 | 51 -0.18655  2.11547e-02
 52 -0.78210  2.70638e-02 |
52 variables; iteration 340; function evaluation 408; phase 3
Function value 3.1446165e+03; maximum gradient component mag -3.1705e-02
Var    Value     Gradient |Var    Value     Gradient |Var    Value     Gradient
  1  0.99969  1.70135e-04 |  2 -0.01842  4.83153e-04 |  3  0.02610  6.05360e-04
  4  0.00443  4.94692e-04 |  5 -0.10992  4.62001e-04 |  6  0.00338  4.84395e-04
  7 -0.07868  3.60908e-04 |  8 -0.06017  4.48266e-04 |  9  0.00261  3.41759e-04
 10  0.12264  3.22370e-04 | 11  0.01343  2.69763e-04 | 12  0.10327  2.04089e-05
 13  0.10180 -4.98083e-05 | 14  0.07675 -2.20954e-05 | 15  0.00766  1.74111e-04
 16 -0.10092  5.30598e-04 | 17 -0.00709  1.22211e-04 | 18  0.10566 -5.01624e-04
 19  0.11651 -7.12998e-04 | 20 -0.00796  1.17104e-04 | 21 -0.11782  5.14025e-04
 22 -0.03612  2.82284e-04 | 23  0.01273  1.75641e-04 | 24 -0.00881  5.42769e-05
 25 -0.04449 -9.80836e-05 | 26  0.02436 -7.80094e-04 | 27  0.04635 -6.75360e-04
 28  0.03599 -4.17521e-04 | 29  0.05839 -5.41021e-04 | 30  0.06537 -6.05921e-04
 31  0.07605 -7.82741e-04 | 32  0.08574 -1.15972e-03 | 33 -0.02247 -2.08680e-04
 34 -0.11086  2.77463e-04 | 35 -0.06682  2.64008e-04 | 36 -0.30974  4.76524e-04
 37 -0.04226 -3.17052e-02 | 38 -0.04220 -1.54190e-02 | 39 -0.03501 -4.53157e-03
 40 -0.04740 -2.13879e-02 | 41  0.06252 -3.46086e-03 | 42 -0.81698  1.70584e-04
 43  0.29023  1.50100e-03 | 44 -0.34043  5.54987e-04 | 45  0.06233  4.98904e-04
 46 -0.67422 -4.84560e-04 | 47  0.20034  3.19108e-04 | 48 -0.48047  5.14721e-04
 49 -0.21196  1.51931e-03 | 50  0.29998 -5.76631e-03 | 51 -0.18872 -2.80355e-04
 52 -0.78840  1.32835e-04 |
Warning: the following parameters had issues
  SR_parm[1] is within 0.1% of upper bound: 5.00000e+00 < 2.50000e+01 < 2.50000e+01


 - final statistics:
52 variables; iteration 359; function evaluation 428
Function value 3.1446e+03; maximum gradient component mag 7.2043e-05
Exit code = 1;  converg criter 1.0000e-04
Var    Value     Gradient |Var    Value     Gradient |Var    Value     Gradient
  1  0.99953  4.18296e-07 |  2 -0.01842 -3.77332e-07 |  3  0.02610 -6.71130e-07
  4  0.00443 -7.80428e-08 |  5 -0.10992 -1.15693e-06 |  6  0.00338 -1.44943e-06
  7 -0.07868 -6.45046e-07 |  8 -0.06017 -2.05461e-06 |  9  0.00261 -1.31017e-06
 10  0.12264 -7.29982e-07 | 11  0.01343  6.43719e-08 | 12  0.10327  1.57073e-07
 13  0.10180 -1.65877e-06 | 14  0.07675  4.81461e-07 | 15  0.00766 -3.78092e-07
 16 -0.10092  1.06372e-06 | 17 -0.00709 -4.64565e-07 | 18  0.10566  1.27159e-06
 19  0.11651  8.24853e-07 | 20 -0.00796 -1.10265e-06 | 21 -0.11782  1.46249e-06
 22 -0.03612  1.52963e-07 | 23  0.01273  3.42947e-07 | 24 -0.00881 -7.12818e-07
 25 -0.04449  9.53592e-07 | 26  0.02436  1.46976e-06 | 27  0.04635  1.89712e-06
 28  0.03599  9.55079e-07 | 29  0.05839  2.62653e-06 | 30  0.06537  1.54122e-06
 31  0.07605  1.71659e-06 | 32  0.08574  7.52458e-07 | 33 -0.02247 -1.58439e-07
 34 -0.11086  1.40399e-06 | 35 -0.06682 -2.92903e-07 | 36 -0.30974 -3.88235e-07
 37 -0.04226  7.20429e-05 | 38 -0.04220  6.12591e-05 | 39 -0.03501  1.20541e-05
 40 -0.04740  3.90257e-05 | 41  0.07305 -3.83158e-06 | 42 -0.81753 -2.38371e-06
 43  0.29023  5.50752e-06 | 44 -0.34043 -9.29881e-06 | 45  0.06233 -9.33470e-06
 46 -0.67422  1.55959e-05 | 47  0.20034  1.60586e-05 | 48 -0.48047 -1.69595e-05
 49 -0.21960  3.23559e-06 | 50  0.29193 -8.17113e-06 | 51 -0.18851 -1.74648e-06
 52 -0.78777 -1.48796e-06 |
Estimating row 1 out of 52 for hessian
Estimating row 2 out of 52 for hessian
Estimating row 3 out of 52 for hessian
Estimating row 4 out of 52 for hessian
Estimating row 5 out of 52 for hessian
Estimating row 6 out of 52 for hessian
Estimating row 7 out of 52 for hessian
Estimating row 8 out of 52 for hessian
Estimating row 9 out of 52 for hessian
Estimating row 10 out of 52 for hessian
Estimating row 11 out of 52 for hessian
Estimating row 12 out of 52 for hessian
Estimating row 13 out of 52 for hessian
Estimating row 14 out of 52 for hessian
Estimating row 15 out of 52 for hessian
Estimating row 16 out of 52 for hessian
Estimating row 17 out of 52 for hessian
Estimating row 18 out of 52 for hessian
Estimating row 19 out of 52 for hessian
Estimating row 20 out of 52 for hessian
Estimating row 21 out of 52 for hessian
Estimating row 22 out of 52 for hessian
Estimating row 23 out of 52 for hessian
Estimating row 24 out of 52 for hessian
Estimating row 25 out of 52 for hessian
Estimating row 26 out of 52 for hessian
Estimating row 27 out of 52 for hessian
Estimating row 28 out of 52 for hessian
Estimating row 29 out of 52 for hessian
Estimating row 30 out of 52 for hessian
Estimating row 31 out of 52 for hessian
Estimating row 32 out of 52 for hessian
Estimating row 33 out of 52 for hessian
Estimating row 34 out of 52 for hessian
Estimating row 35 out of 52 for hessian
Estimating row 36 out of 52 for hessian
Estimating row 37 out of 52 for hessian
Estimating row 38 out of 52 for hessian
Estimating row 39 out of 52 for hessian
Estimating row 40 out of 52 for hessian
Estimating row 41 out of 52 for hessian
Estimating row 42 out of 52 for hessian
Estimating row 43 out of 52 for hessian
Estimating row 44 out of 52 for hessian
Estimating row 45 out of 52 for hessian
Estimating row 46 out of 52 for hessian
Estimating row 47 out of 52 for hessian
Estimating row 48 out of 52 for hessian
Estimating row 49 out of 52 for hessian
Estimating row 50 out of 52 for hessian
Estimating row 51 out of 52 for hessian
Estimating row 52 out of 52 for hessian
size of file gradfil1.tmp = 0
size of file gradfil2.tmp = 0
size of file varssave.tmp = 0
size of file cmpdiff.tmp = 0
