
Initial statistics: 36 variables; iteration 0; function evaluation 0; phase 1
Function value 1.8646383e+04; maximum gradient component mag -1.4119e+05
Var    Value     Gradient |Var    Value     Gradient |Var    Value     Gradient
  1  0.00391 -1.41191e+05 |  2  0.05467  1.72064e+03 |  3  0.03466  1.52116e+03
  4  0.03483  1.82572e+03 |  5 -0.09457  1.91125e+03 |  6 -0.06311  1.59596e+03
  7 -0.06769  1.94107e+03 |  8 -0.10378  1.63362e+03 |  9 -0.03408  1.12698e+03
 10  0.05527  2.86281e+02 | 11 -0.01740  4.01900e+02 | 12 -0.02656  3.85577e+02
 13  0.06398 -2.29695e+02 | 14  0.10795 -1.64707e+03 | 15  0.04843 -4.69458e+02
 16 -0.00885 -1.72519e+03 | 17 -0.04445 -2.81934e+03 | 18  0.00486 -1.07184e+03
 19  0.03796 -2.04109e+03 | 20 -0.08449  6.80963e+00 | 21 -0.10344 -3.13819e+02
 22 -0.08609 -4.90091e+02 | 23 -0.00037 -2.65979e+02 | 24 -0.03910 -2.29784e+02
 25 -0.04730 -1.38597e+03 | 26  0.07740 -1.21258e+03 | 27  0.08218 -2.84719e+03
 28  0.01775 -1.00320e+03 | 29  0.03847 -2.19847e+02 | 30  0.03726 -3.78399e+02
 31 -0.00143  5.37049e+02 | 32  0.10992 -9.06988e+02 | 33  0.01624 -3.56264e+02
 34  0.00300  1.19489e+03 | 35  0.00820  8.29021e+02 | 36 -0.01058  2.71702e+03

Intermediate statistics: 36 variables; iteration 20; function evaluation 32; phase 1
Function value 1.1705736e+04; maximum gradient component mag -3.9219e+03
Var    Value     Gradient |Var    Value     Gradient |Var    Value     Gradient
  1  0.07550 -3.92187e+03 |  2 -0.05559  1.44471e+02 |  3 -0.06324  1.18887e+02
  4 -0.10706  1.31056e+02 |  5 -0.25152  1.12985e+02 |  6 -0.08571  1.65011e+02
  7 -0.18639  1.13590e+02 |  8 -0.07603  1.49647e+02 |  9  0.08423  1.69105e+02
 10  0.26390  6.64677e+01 | 11  0.22457  1.72129e+02 | 12  0.36321  2.02449e+02
 13  0.61819  2.54760e+02 | 14  0.56039  2.62876e+02 | 15 -0.13772  1.46121e+02
 16  0.43268  8.34760e+01 | 17 -0.41965  3.98046e+01 | 18  1.35429 -2.25090e+01
 19 -0.78170  1.36432e+01 | 20 -0.08239  9.03980e+00 | 21 -0.07969  1.11017e+02
 22  0.40301  2.00116e+02 | 23 -0.13878  1.75559e+02 | 24  0.38685  1.25116e+02
 25 -0.21259  1.33669e+02 | 26  0.25903  1.55694e+02 | 27 -0.07424  2.88520e+02
 28  0.13628 -4.35843e+02 | 29 -0.97940 -1.01241e+01 | 30  0.27918  1.14718e+02
 31 -0.16998  1.88160e+02 | 32  0.10269  2.78252e+02 | 33  0.09078 -3.26114e+02
 34 -0.53494  7.42275e+01 | 35  0.03129 -1.55588e+02 | 36 -1.26469  7.26506e+01
36 variables; iteration 40; function evaluation 64; phase 1
Function value 1.1538268e+04; maximum gradient component mag -6.7948e+03
Var    Value     Gradient |Var    Value     Gradient |Var    Value     Gradient
  1  0.09824 -6.79475e+03 |  2  0.02115  2.81448e+02 |  3 -0.03077  1.14550e+02
  4  0.00249  2.41428e+02 |  5 -0.09137  2.38544e+02 |  6 -0.03465  7.39009e+01
  7 -0.00094  3.10778e+02 |  8  0.01727  2.13599e+02 |  9  0.08849  1.82875e+02
 10  0.27127  2.14661e+02 | 11  0.19614  2.72252e+02 | 12  0.20849  4.52303e+01
 13 -0.04318  5.59295e+01 | 14  0.34502  2.57328e+01 | 15 -0.12417  2.57523e+02
 16  0.35349  7.75384e+01 | 17 -0.30847  8.62401e+01 | 18  1.51930  8.05124e+01
 19 -0.70368  3.21914e+01 | 20 -0.07518 -3.48626e+01 | 21 -0.12030  2.16152e+02
 22  0.29717  1.03076e+02 | 23 -0.19420  1.52421e+02 | 24  0.39561  1.99588e+02
 25  0.16108  1.40557e+02 | 26  0.09996  2.60717e+01 | 27 -0.12549  4.12573e+01
 28  0.15376  5.57356e+02 | 29 -1.56591  1.33414e+02 | 30  0.19337 -8.88216e+01
 31 -0.18741  2.21941e+02 | 32 -0.08096 -3.92756e+02 | 33  0.10052  1.22521e+02
 34 -0.22789 -2.05020e+01 | 35 -0.02809 -1.90572e+02 | 36 -0.62367 -4.29939e+01
36 variables; iteration 60; function evaluation 89; phase 1
Function value 1.1028106e+04; maximum gradient component mag -1.0427e+03
Var    Value     Gradient |Var    Value     Gradient |Var    Value     Gradient
  1  0.12868 -1.04271e+03 |  2 -0.03633 -4.05517e+01 |  3 -0.01838 -4.20420e+01
  4 -0.03024 -2.93456e+01 |  5 -0.13036 -1.52543e+01 |  6 -0.02319 -3.60282e+01
  7 -0.09190 -3.94931e+01 |  8 -0.03219 -8.58531e+00 |  9  0.02790 -3.57490e+01
 10  0.16005 -8.36228e+01 | 11  0.06641 -5.69650e+01 | 12  0.14920 -6.47670e+01
 13  0.26441 -4.51453e+01 | 14  0.31049  2.34675e+01 | 15 -0.23793 -1.10740e+01
 16  0.28643 -5.69252e+01 | 17 -0.31226 -9.48080e+01 | 18  1.59012  7.96405e+01
 19  0.27532 -7.16611e+01 | 20 -0.01418  4.38647e+00 | 21 -0.22640 -1.13435e+01
 22  0.24384 -4.51724e+01 | 23 -0.22797  5.17953e+00 | 24  0.31683  2.93414e+01
 25  0.17146 -6.12332e+01 | 26  0.08297 -3.85559e+01 | 27 -0.18097 -1.20717e+02
 28 -0.12997 -2.20852e+02 | 29 -1.85642  9.58646e+01 | 30  0.16823 -4.71798e+01
 31 -0.32091 -9.20425e+01 | 32 -0.01811 -1.85316e+01 | 33 -0.07862  8.26141e+01
 34 -0.15568  5.37059e+01 | 35 -0.10872 -6.74969e+01 | 36 -0.45397 -1.99824e+01
Maximum number of function evaluations exceeded

 - final statistics:
36 variables; iteration 72; function evaluation 100
Function value 1.1005e+04; maximum gradient component mag -1.7392e+02
Exit code = 3;  converg criter 1.0000e+01
Var    Value     Gradient |Var    Value     Gradient |Var    Value     Gradient
  1  0.13462 -1.73917e+02 |  2 -0.01885  4.89597e+00 |  3  0.00549  6.97118e+00
  4 -0.01011  4.02498e+00 |  5 -0.11721  6.01135e+00 |  6  0.00129  9.63339e+00
  7 -0.06719  4.22453e+00 |  8 -0.02971  1.45148e+00 |  9  0.04302  1.94132e+00
 10  0.19499  9.09231e+00 | 11  0.09880  2.74729e+00 | 12  0.17270 -7.95568e+00
 13  0.27706 -9.43296e-01 | 14  0.28261  2.26965e+00 | 15 -0.25034  3.31586e+00
 16  0.26699  5.92483e-01 | 17 -0.23691  3.18779e+00 | 18  1.57913  8.38135e-01
 19  0.30027  7.49130e+00 | 20 -0.04679  1.17347e+01 | 21 -0.23990 -8.59397e+00
 22  0.25501 -1.95880e+00 | 23 -0.25593 -4.67922e+00 | 24  0.16355 -6.15549e-01
 25  0.30521 -1.10897e+01 | 26 -0.02551  1.08525e+01 | 27 -0.15595  1.03085e+01
 28 -0.13083  5.37520e+00 | 29 -1.84753  1.64094e+01 | 30  0.15801  4.52904e+00
 31 -0.30440 -1.88745e+00 | 32 -0.03115 -2.61089e+01 | 33 -0.10268 -4.07216e+01
 34 -0.17307 -1.01921e+01 | 35 -0.11169  5.31507e+01 | 36 -0.47752  2.44251e+00

Initial statistics: 46 variables; iteration 0; function evaluation 0; phase 2
Function value 1.1005058e+04; maximum gradient component mag 2.5071e+04
Var    Value     Gradient |Var    Value     Gradient |Var    Value     Gradient
  1  0.13462 -1.73917e+02 |  2 -0.01887  3.92554e+00 |  3  0.00546  6.00036e+00
  4 -0.01014  3.05425e+00 |  5 -0.11724  5.05686e+00 |  6  0.00126  8.66254e+00
  7 -0.06722  3.25907e+00 |  8 -0.02974  4.81681e-01 |  9  0.04299  9.72684e-01
 10  0.19496  8.16676e+00 | 11  0.09877  1.78812e+00 | 12  0.17268 -8.89114e+00
 13  0.27703 -1.82369e+00 | 14  0.28258  1.39293e+00 | 15 -0.25037  2.41906e+00
 16  0.26696 -2.94240e-01 | 17 -0.23694  2.28336e+00 | 18  0.42084 -1.60451e+00
 19  0.30024  6.62662e+00 | 20 -0.04682  1.07664e+01 | 21 -0.23993 -9.49653e+00
 22  0.25498 -2.85286e+00 | 23 -0.25596 -5.57256e+00 | 24  0.16353 -1.55456e+00
 25  0.30518 -1.19514e+01 | 26 -0.02554  9.88240e+00 | 27 -0.15598  9.36650e+00
 28 -0.13086  4.42474e+00 | 29 -0.15249 -1.73523e+01 | 30  0.15798  3.58798e+00
 31 -0.30444 -2.74935e+00 | 32 -0.03118 -2.70786e+01 | 33 -0.10270 -4.16796e+01
 34 -0.17309 -1.11271e+01 | 35 -0.11172  5.21943e+01 | 36 -0.47756  1.73211e+00
 37  0.17532 -5.95725e+03 | 38  0.22241 -3.99228e+03 | 39  0.22046  2.72395e+03
 40  0.36400  2.50711e+04 | 41 -0.08630 -1.05133e+04 | 42 -0.88721  3.63994e+03
 43 -0.05567  1.10859e+03 | 44 -0.00985 -1.65446e+04 | 45 -0.30685 -1.16747e+03
 46 -0.85749  3.78570e+03 |

Intermediate statistics: 46 variables; iteration 20; function evaluation 30; phase 2
Function value 7.8094089e+03; maximum gradient component mag 1.3463e+04
Var    Value     Gradient |Var    Value     Gradient |Var    Value     Gradient
  1  0.05337 -1.21127e+03 |  2 -0.00556  3.68918e+02 |  3  0.02935  3.73033e+02
  4 -0.02394  3.68722e+02 |  5 -0.14687  3.55532e+02 |  6 -0.03014  3.64099e+02
  7 -0.11953  3.56745e+02 |  8 -0.07242  3.53149e+02 |  9  0.02065  3.37072e+02
 10  0.15129  2.86741e+02 | 11  0.02724  3.14551e+02 | 12  0.08564  2.92664e+02
 13  0.17087  2.69440e+02 | 14  0.19728  2.27428e+02 | 15  0.19528  5.14735e+02
 16  0.17829  2.19506e+02 | 17  0.15230  5.03313e+02 | 18  0.28451  2.10226e+02
 19  0.19790  2.74903e+02 | 20  0.05762  3.18214e+02 | 21 -1.13672 -4.78875e+01
 22  0.10730  1.17932e+02 | 23 -0.07159  2.41831e+02 | 24  0.12527  1.55460e+02
 25 -0.39587  1.77703e+02 | 26  0.18010  9.40955e+01 | 27 -0.28800  1.21142e+02
 28  0.11878  4.21174e+02 | 29 -0.06927  2.74449e+02 | 30  0.14142  2.33434e+02
 31 -0.14941  3.92743e+02 | 32  0.20750  8.03969e+02 | 33  0.05404  4.87481e+02
 34 -0.05049  6.47735e+02 | 35  0.07246  9.52973e+02 | 36 -0.38690  3.06079e+02
 37  0.22833 -5.35435e+03 | 38  0.25536 -2.59381e+03 | 39  0.26262  2.32300e+03
 40  0.31164  1.34625e+04 | 41  0.17708 -4.15700e+03 | 42 -0.76916  1.83888e+03
 43 -0.23058  1.19318e+02 | 44  0.04783 -6.39776e+03 | 45 -0.25623 -1.60179e+02
 46 -0.73256  1.68195e+03 |
46 variables; iteration 40; function evaluation 56; phase 2
Function value 6.8881686e+03; maximum gradient component mag -6.2834e+03
Var    Value     Gradient |Var    Value     Gradient |Var    Value     Gradient
  1  0.06297 -6.28338e+03 |  2 -0.04485  1.12649e+02 |  3  0.05918  2.87099e+02
  4 -0.04062  1.04307e+02 |  5 -0.16062  1.29135e+02 |  6 -0.01378  1.58615e+02
  7 -0.06534  2.48047e+02 |  8 -0.07535  1.62208e+02 |  9 -0.07604  2.17234e+01
 10  0.10907  5.17780e+01 | 11  0.04052  2.12655e+02 | 12  0.08526  1.88820e+02
 13  0.07929  1.82971e+01 | 14  0.16986  1.01850e+02 | 15 -0.02331  1.17134e+02
 16  0.16514  5.89994e+01 | 17  0.07091  1.91932e+02 | 18  0.32172  3.08521e+02
 19  0.22229  2.91136e+02 | 20 -0.04518  5.90187e+00 | 21 -0.91532  1.44577e+00
 22  0.10934  2.09784e+00 | 23  0.00962  8.05922e+01 | 24  0.03366 -2.29486e+02
 25 -0.45449 -6.56336e+00 | 26  0.14820 -5.04598e+02 | 27 -0.15760 -1.30780e+02
 28  0.11585  1.56657e+02 | 29 -0.05390 -1.02728e+02 | 30  0.13684  2.07161e+02
 31  0.01946  2.93593e+02 | 32  0.14641  5.45386e+01 | 33  0.06447 -1.86474e+02
 34 -0.10623 -7.81778e+01 | 35  0.06228 -3.40240e+01 | 36 -0.16036  3.07996e+02
 37  0.24000 -3.34586e+02 | 38  0.25706 -4.46058e+01 | 39  0.21720  8.37418e+01
 40  0.23942  3.13229e+02 | 41  0.00480 -2.06854e+03 | 42 -0.77889  7.47874e+02
 43 -0.11506  5.24021e+01 | 44  0.22751 -2.86866e+03 | 45 -0.21143 -4.53243e+01
 46 -0.71578  7.43498e+02 |
46 variables; iteration 60; function evaluation 86; phase 2
Function value 6.4038816e+03; maximum gradient component mag -1.1651e+03
Var    Value     Gradient |Var    Value     Gradient |Var    Value     Gradient
  1  0.14581 -1.16509e+03 |  2 -0.02360 -1.99411e+01 |  3  0.01564 -1.87135e+01
  4 -0.01879 -3.50468e+01 |  5 -0.13398 -2.58235e+01 |  6 -0.01239 -4.88320e+00
  7 -0.10499 -2.48321e+01 |  8 -0.09210 -3.20991e+01 |  9 -0.03062 -3.03222e+01
 10  0.07967 -6.58951e+01 | 11 -0.00353 -2.12778e+01 | 12  0.05823 -2.04571e+01
 13  0.10211 -3.10930e+01 | 14  0.12413 -3.11509e+01 | 15 -0.01999 -3.69406e+01
 16  0.13101 -3.84224e+01 | 17  0.03354 -3.55864e+01 | 18  0.23443 -1.00602e+01
 19  0.16581  3.54346e-01 | 20 -0.01127  2.92259e+01 | 21 -0.02908 -1.66521e+00
 22 -0.01926 -7.35751e+01 | 23 -0.08662 -6.48699e+01 | 24 -0.04761 -5.94015e+01
 25  0.12155  5.91616e+01 | 26 -0.04713 -1.89292e+02 | 27 -0.04292 -3.99620e+01
 28 -0.05449 -1.71965e+02 | 29  0.00066 -5.43071e+01 | 30  0.01947 -6.79768e+01
 31 -0.06890 -2.39924e+01 | 32  0.07615 -8.77731e+01 | 33  0.01813 -4.70876e+01
 34 -0.05617 -1.73529e+01 | 35 -0.01107 -5.42999e+01 | 36 -0.30883 -1.30895e+01
 37  0.20243 -1.31554e+02 | 38  0.23339 -1.25029e+01 | 39  0.18287  4.18835e+00
 40  0.20676 -3.00106e+01 | 41  0.26930 -5.45452e+01 | 42 -0.83401  1.90786e+01
 43 -0.35724 -2.85268e+01 | 44  0.16599 -5.15152e+01 | 45 -0.17736  1.80075e+01
 46 -0.73681  1.51351e+01 |
Maximum number of function evaluations exceeded

 - final statistics:
46 variables; iteration 75; function evaluation 100
Function value 6.3339e+03; maximum gradient component mag -1.5578e+02
Exit code = 3;  converg criter 1.0000e+01
Var    Value     Gradient |Var    Value     Gradient |Var    Value     Gradient
  1  0.31095 -1.55776e+02 |  2 -0.01928 -3.46504e-01 |  3  0.02375 -5.71847e-01
  4  0.00213  1.04294e+00 |  5 -0.11165  1.66340e+00 |  6 -0.00094  3.46207e+00
  7 -0.08543 -2.79558e-01 |  8 -0.06964  1.65887e+00 |  9 -0.01533  1.83992e+00
 10  0.10414  5.33048e+00 | 11  0.00935 -4.68974e-01 | 12  0.06954 -1.76941e+00
 13  0.11063 -1.90792e+00 | 14  0.12972 -4.11740e-01 | 15 -0.00575 -9.31119e-01
 16  0.13569 -3.01147e+00 | 17  0.04843  2.71443e+00 | 18  0.22963 -3.83711e+00
 19  0.14984 -3.21591e+00 | 20 -0.05065 -1.75046e+01 | 21 -0.07011 -8.39409e-01
 22 -0.01123  2.35297e+00 | 23 -0.08257  1.40216e+00 | 24 -0.04836 -2.13435e+01
 25  0.00852 -2.81810e+01 | 26  0.00776 -3.74232e+01 | 27 -0.07093 -9.98585e+00
 28 -0.03061 -2.42015e+01 | 29 -0.00354  3.71356e+00 | 30  0.01612 -9.76504e+00
 31 -0.07564 -1.51303e+00 | 32  0.07835 -1.39044e+00 | 33  0.01361  2.28566e+00
 34 -0.06833  1.20129e+01 | 35  0.00239  4.37615e+01 | 36 -0.32874 -5.79865e-01
 37  0.12926 -1.52582e+02 | 38  0.16161 -2.17697e+01 | 39  0.11112 -1.72815e+01
 40  0.13488 -1.67803e+01 | 41  0.13173 -2.43950e+01 | 42 -1.16349 -1.84341e+01
 43 -0.26087  1.73871e+01 | 44  0.24288 -5.12451e+01 | 45 -0.19039 -1.42562e+01
 46 -0.72927  2.89755e+01 |

Initial statistics: 52 variables; iteration 0; function evaluation 0; phase 3
Function value 6.3339048e+03; maximum gradient component mag -3.5390e+03
Var    Value     Gradient |Var    Value     Gradient |Var    Value     Gradient
  1  0.31095 -1.55776e+02 |  2 -0.01921  2.13365e+00 |  3  0.02382  1.90770e+00
  4  0.00220  3.52420e+00 |  5 -0.11158  4.10671e+00 |  6 -0.00087  5.94335e+00
  7 -0.08536  2.17945e+00 |  8 -0.06956  4.12538e+00 |  9 -0.01526  4.32049e+00
 10  0.10421  7.77849e+00 | 11  0.00942  2.01204e+00 | 12  0.06961  6.97073e-01
 13  0.11070  5.35979e-01 | 14  0.12979  2.01816e+00 | 15 -0.00568  1.55006e+00
 16  0.13576 -5.86324e-01 | 17  0.04850  5.18849e+00 | 18  0.22971 -1.51544e+00
 19  0.14991 -8.03016e-01 | 20 -0.05058 -1.50313e+01 | 21 -0.07004  1.62686e+00
 22 -0.01116  4.83387e+00 | 23 -0.08250  3.86265e+00 | 24 -0.04829 -1.88696e+01
 25  0.00859 -2.56999e+01 | 26  0.00783 -3.49420e+01 | 27 -0.07086 -7.52005e+00
 28 -0.03054 -2.17232e+01 | 29 -0.00347  6.19481e+00 | 30  0.01619 -7.28453e+00
 31 -0.07557  9.50767e-01 | 32  0.07842  1.07206e+00 | 33  0.01368  4.76636e+00
 34 -0.06826  1.44801e+01 | 35  0.00246  4.62428e+01 | 36 -0.32866  1.57800e+00
 37  0.12926 -1.52582e+02 | 38  0.16161 -2.17697e+01 | 39  0.11112 -1.72815e+01
 40  0.13488 -1.67803e+01 | 41  0.13173 -2.43950e+01 | 42 -0.83651  1.84341e+01
 43  0.81459  4.70736e+02 | 44 -0.24968 -2.37353e+03 | 45  0.04737 -3.53896e+03
 46 -0.89706  1.06849e+03 | 47  0.27264 -1.16242e+03 | 48 -0.83901  3.24629e+02
 49 -0.26087  1.73871e+01 | 50  0.24288 -5.12451e+01 | 51 -0.19039 -1.42562e+01
 52 -0.72927  2.89755e+01 |

Intermediate statistics: 52 variables; iteration 20; function evaluation 29; phase 3
Function value 4.6015977e+03; maximum gradient component mag -5.5519e+03
Var    Value     Gradient |Var    Value     Gradient |Var    Value     Gradient
  1  0.30869 -9.84263e+02 |  2 -0.04134  1.58361e+02 |  3 -0.01647  1.41062e+02
  4 -0.04295  1.46106e+02 |  5 -0.15959  1.54946e+02 |  6 -0.04145  1.43375e+02
  7 -0.12093  1.51508e+02 |  8 -0.08368  1.54028e+02 |  9  0.02849  1.64997e+02
 10  0.22020  1.93233e+02 | 11  0.07390  1.43391e+02 | 12  0.24533  2.19067e+02
 13  0.24566  2.12338e+02 | 14  0.24815  1.82409e+02 | 15  0.28764  3.77503e+02
 16 -0.52959  2.27189e+01 | 17  0.12883  2.03781e+02 | 18  0.25231  1.95600e+02
 19  0.32267  3.25377e+02 | 20 -0.76319  1.86683e+01 | 21  0.23803  4.93779e+02
 22 -0.09769  3.27427e+01 | 23 -1.19685 -7.94273e+00 | 24  0.29054  1.42073e+02
 25  0.20613  2.59014e+02 | 26  0.08845  1.94284e+02 | 27 -0.09875 -1.95629e+01
 28  0.14491  1.02696e+02 | 29  0.01824  3.55885e+01 | 30  0.17533  1.62057e+02
 31  0.02917  6.69178e+01 | 32  0.14379 -4.00986e+01 | 33 -0.24732 -4.66850e+01
 34  0.04898  2.57156e+02 | 35 -0.08704  3.78319e+00 | 36 -0.58974  6.33219e+01
 37  0.08701  1.84568e+03 | 38  0.07270 -5.55186e+03 | 39  0.11176  1.21296e+03
 40  0.09857  1.62438e+02 | 41  0.07915 -4.39562e+02 | 42 -0.87540  1.49021e+01
 43  0.23545 -2.38429e+02 | 44 -0.40752 -2.52501e+02 | 45  0.54890 -2.17299e+03
 46 -1.03942 -1.56928e+02 | 47  1.07833  2.07895e+01 | 48 -0.63884  4.19408e+01
 49 -0.25341 -1.47047e+02 | 50  0.18891 -4.63631e+02 | 51 -0.16087  5.08032e+01
 52 -0.79827  1.85271e+00 |
52 variables; iteration 40; function evaluation 53; phase 3
Function value 4.2342056e+03; maximum gradient component mag -5.1805e+03
Var    Value     Gradient |Var    Value     Gradient |Var    Value     Gradient
  1  0.32289 -3.00754e+03 |  2  0.01431  1.85208e+02 |  3  0.04359  1.28196e+02
  4  0.04505  1.90138e+02 |  5 -0.07031  1.69386e+02 |  6  0.01909  1.31199e+02
  7 -0.06570  1.34011e+02 |  8 -0.03057  1.60764e+02 |  9  0.03473  1.49795e+02
 10  0.15339  1.01179e+02 | 11  0.06375  1.65653e+02 | 12  0.14202  1.03267e+02
 13  0.16059  1.25083e+02 | 14  0.14504  1.45369e+02 | 15  0.05435  8.10807e+01
 16 -0.24045 -2.08726e+00 | 17  0.13866  1.92829e+02 | 18  0.08296 -4.50941e+01
 19  0.19780  4.93178e+01 | 20 -0.30704 -1.48829e+01 | 21  0.04744  1.01273e+02
 22 -0.09369  1.73897e+02 | 23 -1.15343 -2.86813e+00 | 24  0.26582  1.33930e+02
 25  0.16764  1.66328e+02 | 26  0.08125  1.23394e+02 | 27  0.06242  1.29217e+02
 28  0.07454  7.57056e+01 | 29 -0.02427 -1.47330e+01 | 30  0.17063  1.54094e+02
 31  0.07537  1.09603e+02 | 32  0.12339 -7.15264e+01 | 33 -0.10642 -1.40642e+01
 34 -0.02532  1.41477e+02 | 35 -0.04560  1.04626e+02 | 36 -0.91371  2.60261e+00
 37  0.08728 -1.63189e+03 | 38  0.07602 -5.18047e+03 | 39  0.10269  1.61660e+02
 40  0.09055 -8.33945e+02 | 41  0.46014 -2.78557e+02 | 42 -0.80573  8.60312e+01
 43  0.28317  9.84344e+01 | 44 -0.36931 -7.48540e+01 | 45  0.63102 -1.23674e+03
 46 -0.99191  1.47688e+01 | 47  1.06086  2.53062e+01 | 48 -0.62475  4.65925e+01
 49 -0.49472 -2.99848e+01 | 50 -0.02818 -4.97718e+02 | 51 -0.16200  4.75625e+01
 52 -0.79913  5.24482e+01 |
52 variables; iteration 60; function evaluation 86; phase 3
Function value 3.8994953e+03; maximum gradient component mag -6.7472e+02
Var    Value     Gradient |Var    Value     Gradient |Var    Value     Gradient
  1  0.36262 -1.89396e+02 |  2 -0.04956 -6.54729e+01 |  3  0.01353 -2.37146e+01
  4 -0.00780 -2.93740e+01 |  5 -0.13150 -4.40619e+01 |  6  0.01602 -1.84568e+01
  7 -0.05457 -9.37739e+00 |  8 -0.01937  4.85606e+00 |  9  0.03666 -1.72807e+01
 10  0.15670 -3.33864e+01 | 11  0.05302 -1.03837e+01 | 12  0.15986  9.25856e+00
 13  0.15383 -3.84678e+00 | 14  0.12468 -2.13420e+01 | 15  0.04715 -1.58013e+01
 16 -0.10782 -5.18485e+01 | 17 -0.00242 -3.84552e+01 | 18  0.15833  5.89776e+00
 19  0.17379 -3.83063e+01 | 20 -0.04837 -6.97572e+01 | 21 -0.09422 -1.18939e+02
 22 -0.12161  2.97817e+01 | 23 -1.59262  6.09250e+01 | 24  0.17652  2.50818e+00
 25  0.07694 -5.81495e+01 | 26  0.02181 -3.23362e+01 | 27  0.00347 -6.38330e+00
 28  0.03906 -3.32804e+01 | 29  0.02727 -3.33643e+01 | 30  0.05531 -4.85606e+01
 31 -0.01352 -2.75083e+01 | 32  0.13702  9.76804e+00 | 33 -0.02789  3.45711e+00
 34 -0.11140 -4.91478e+01 | 35 -0.04522  2.85892e+01 | 36 -0.47482 -2.61420e+01
 37  0.07921 -6.74717e+02 | 38  0.09121  4.15553e+02 | 39  0.09006 -2.04843e+02
 40  0.08408  8.18307e+01 | 41  0.45490  3.28306e+01 | 42 -0.79384 -7.50835e+00
 43  0.26005 -3.73774e+01 | 44 -0.41122 -2.77331e+02 | 45  0.90577 -1.00811e+02
 46 -0.91700  3.34817e+01 | 47  1.04342  8.32125e+00 | 48 -0.72509  9.08447e-01
 49 -0.50290 -1.82307e+01 | 50  0.03590  8.89665e+01 | 51 -0.20513  9.04830e-01
 52 -0.84713 -4.51023e+00 |
52 variables; iteration 80; function evaluation 106; phase 3
Function value 3.8658453e+03; maximum gradient component mag -3.2904e+01
Var    Value     Gradient |Var    Value     Gradient |Var    Value     Gradient
  1  0.53915 -2.06307e+01 |  2 -0.01777  4.33376e-01 |  3  0.02708  6.25407e-01
  4  0.00607  5.51684e-01 |  5 -0.10762  4.98615e-01 |  6  0.00675  5.84139e-01
  7 -0.07418  4.50026e-01 |  8 -0.05364  7.65735e-01 |  9  0.01237  6.44467e-01
 10  0.13670  3.86166e-01 | 11  0.02711  4.46445e-01 | 12  0.12271  5.91055e-01
 13  0.12624 -2.20516e-02 | 14  0.11148  2.29878e-01 | 15  0.04082 -1.02884e+00
 16 -0.08908 -3.74368e-01 | 17  0.00930 -5.05314e-01 | 18  0.13334 -8.05618e-01
 19  0.18115 -4.88272e-01 | 20 -0.02272 -5.72374e-01 | 21 -0.02426 -9.45405e-01
 22 -0.10087  1.17264e+00 | 23 -1.74559 -1.04833e+00 | 24  0.11401  1.08447e+00
 25  0.07934  9.70110e-02 | 26  0.01897  6.12045e-02 | 27 -0.00994  5.00396e-01
 28  0.03793 -3.53977e-01 | 29  0.02658 -6.60531e-01 | 30  0.06338 -1.76117e-01
 31 -0.00490  1.65314e-01 | 32  0.11736 -3.52270e-01 | 33 -0.04711  3.53249e-01
 34 -0.09742  6.57064e-01 | 35 -0.06626  5.90199e-01 | 36 -0.47047  3.26925e-01
 37  0.02471 -3.29038e+01 | 38  0.02884 -4.48530e+00 | 39  0.03346 -8.86701e+00
 40  0.02595 -8.87533e+00 | 41  0.40472 -6.81948e-01 | 42 -0.74668 -2.72377e-01
 43  0.28338  2.39163e+00 | 44 -0.34119 -1.51111e+00 | 45  1.00146  1.16129e+00
 46 -1.01063 -2.47074e+00 | 47  0.99361 -9.30576e-01 | 48 -0.76094 -2.53630e+00
 49 -0.46188  2.63202e-01 | 50  0.06073 -1.58494e+00 | 51 -0.22288 -5.91435e-01
 52 -0.95382 -3.52384e-02 |
52 variables; iteration 100; function evaluation 127; phase 3
Function value 3.8655207e+03; maximum gradient component mag -4.5386e+00
Var    Value     Gradient |Var    Value     Gradient |Var    Value     Gradient
  1  0.64782 -2.64109e+00 |  2 -0.01762  1.61328e-01 |  3  0.02716  1.16198e-01
  4  0.00620  1.00070e-01 |  5 -0.10744  1.39366e-01 |  6  0.00687  1.47503e-01
  7 -0.07403  1.07701e-01 |  8 -0.05369  1.34862e-01 |  9  0.01240  1.91753e-01
 10  0.13687  3.19090e-01 | 11  0.02711  8.12750e-02 | 12  0.12280  2.42739e-01
 13  0.12641  1.18432e-01 | 14  0.11176  2.13436e-01 | 15  0.04161  2.15050e-01
 16 -0.08828  1.21937e-01 | 17  0.00954 -8.13091e-02 | 18  0.13390  3.86548e-01
 19  0.18129  3.86962e-02 | 20 -0.02219  1.72071e-01 | 21 -0.02381  2.38427e-01
 22 -0.10226 -1.23910e-01 | 23 -1.74336  2.47850e-03 | 24  0.11409  2.85992e-01
 25  0.07934  6.41295e-02 | 26  0.01837 -1.30932e-01 | 27 -0.01024 -1.80827e-01
 28  0.03786 -3.19819e-01 | 29  0.02680 -1.99579e-01 | 30  0.06295 -1.08491e-02
 31 -0.00474  8.24146e-02 | 32  0.11707 -2.70211e-01 | 33 -0.04724  1.86267e-01
 34 -0.09753  4.17555e-01 | 35 -0.06658  4.18705e-02 | 36 -0.47021  1.33735e-01
 37 -0.00400 -2.87063e-01 | 38  0.00011 -1.29695e+00 | 39  0.00482  2.05933e-01
 40 -0.00282 -4.53863e+00 | 41  0.39825 -9.40425e-01 | 42 -0.74433 -1.22953e-03
 43  0.28295 -4.43022e-01 | 44 -0.33995  8.43509e-01 | 45  0.99898 -7.93234e-01
 46 -0.99671  4.64793e-01 | 47  0.99738 -1.86269e-01 | 48 -0.73354 -1.02348e-01
 49 -0.45712  5.82384e-04 | 50  0.06415 -1.68702e+00 | 51 -0.22390 -1.61455e-01
 52 -0.97522 -7.22439e-02 |
52 variables; iteration 120; function evaluation 152; phase 3
Function value 3.8654320e+03; maximum gradient component mag -1.3846e+01
Var    Value     Gradient |Var    Value     Gradient |Var    Value     Gradient
  1  0.77467 -5.16898e+00 |  2 -0.01761  2.34988e-01 |  3  0.02723  2.42011e-01
  4  0.00628  2.27733e-01 |  5 -0.10737  2.38629e-01 |  6  0.00693  2.47510e-01
  7 -0.07397  2.25335e-01 |  8 -0.05366  2.40566e-01 |  9  0.01236  2.25331e-01
 10  0.13676  1.75068e-01 | 11  0.02708  1.49212e-01 | 12  0.12270  1.68971e-01
 13  0.12633  3.92568e-02 | 14  0.11167  1.20140e-01 | 15  0.04150  4.08672e-02
 16 -0.08835  5.95190e-02 | 17  0.00969 -2.47463e-02 | 18  0.13370 -5.17059e-02
 19  0.18126 -1.87036e-01 | 20 -0.02224  7.08566e-02 | 21 -0.02384  6.50261e-02
 22 -0.10192  1.37087e-01 | 23 -1.74399 -1.44568e-01 | 24  0.11375  9.82738e-02
 25  0.07929 -9.37142e-02 | 26  0.01840 -1.57729e-01 | 27 -0.01018 -1.60387e-01
 28  0.03789 -3.18198e-01 | 29  0.02685 -2.18294e-01 | 30  0.06292 -2.19577e-01
 31 -0.00477 -9.14625e-02 | 32  0.11704 -5.81945e-01 | 33 -0.04730 -4.05713e-04
 34 -0.09768  1.32557e-01 | 35 -0.06661 -1.64869e-01 | 36 -0.47028  1.54380e-01
 37 -0.02869 -1.38461e+01 | 38 -0.02459 -6.01463e+00 | 39 -0.01988 -2.27759e+00
 40 -0.02751 -9.13193e+00 | 41  0.38843 -1.21547e-01 | 42 -0.74411 -8.86748e-02
 43  0.28308  5.50340e-01 | 44 -0.34020  4.34647e-01 | 45  1.00003  1.97355e-02
 46 -1.00406 -6.75409e-01 | 47  1.00087 -6.59437e-03 | 48 -0.73325 -7.63698e-02
 49 -0.44982  2.46171e-02 | 50  0.06989 -2.53623e-01 | 51 -0.22394 -7.47669e-02
 52 -0.97964 -9.84322e-02 |
52 variables; iteration 140; function evaluation 175; phase 3
Function value 3.8654102e+03; maximum gradient component mag -3.4183e+00
Var    Value     Gradient |Var    Value     Gradient |Var    Value     Gradient
  1  0.85098 -1.07461e+00 |  2 -0.01762 -1.26732e-01 |  3  0.02720 -1.47843e-01
  4  0.00623 -1.64292e-01 |  5 -0.10741 -1.37342e-01 |  6  0.00687 -1.51660e-01
  7 -0.07404 -1.69295e-01 |  8 -0.05374 -1.60311e-01 |  9  0.01229 -1.46258e-01
 10  0.13670 -1.17046e-01 | 11  0.02702 -1.98233e-01 | 12  0.12262 -1.72269e-01
 13  0.12626 -2.27580e-01 | 14  0.11163 -1.40012e-01 | 15  0.04149 -2.26120e-01
 16 -0.08834 -2.37543e-01 | 17  0.00969 -2.62346e-01 | 18  0.13363 -2.68977e-01
 19  0.18125 -2.68009e-01 | 20 -0.02222 -1.72496e-01 | 21 -0.02379 -2.23683e-01
 22 -0.10164 -1.86685e-01 | 23 -1.74501 -2.14987e-01 | 24  0.11344 -1.66619e-01
 25  0.07925 -2.05101e-01 | 26  0.01837 -2.99664e-01 | 27 -0.01023 -3.01450e-01
 28  0.03786 -3.47246e-01 | 29  0.02683 -2.91044e-01 | 30  0.06287 -3.26112e-01
 31 -0.00480 -2.31115e-01 | 32  0.11699 -3.78631e-01 | 33 -0.04735 -1.82915e-01
 34 -0.09773 -5.78586e-02 | 35 -0.06665 -2.62499e-01 | 36 -0.47027 -9.28389e-02
 37 -0.03849 -3.41833e+00 | 38 -0.03441 -3.13281e+00 | 39 -0.02969 -7.14805e-01
 40 -0.03731 -1.55077e+00 | 41  0.37871 -8.06532e-02 | 42 -0.75106  1.43682e-02
 43  0.28309  2.64814e-02 | 44 -0.34008  5.95032e-01 | 45  0.99900 -7.81843e-01
 46 -0.99900  1.85202e-02 | 47  1.00198  8.33228e-02 | 48 -0.73370 -1.07846e-01
 49 -0.44263  4.64277e-02 | 50  0.07548 -2.07412e-01 | 51 -0.22017 -6.47780e-02
 52 -0.92952 -1.58758e-02 |
52 variables; iteration 160; function evaluation 196; phase 3
Function value 3.8654013e+03; maximum gradient component mag -4.6407e+00
Var    Value     Gradient |Var    Value     Gradient |Var    Value     Gradient
  1  0.90643 -7.94357e-01 |  2 -0.01760  1.07388e-01 |  3  0.02724  9.77773e-02
  4  0.00629  9.71395e-02 |  5 -0.10736  1.02435e-01 |  6  0.00694  1.01618e-01
  7 -0.07396  1.00658e-01 |  8 -0.05366  1.01594e-01 |  9  0.01236  1.04873e-01
 10  0.13675  9.35772e-02 | 11  0.02710  8.54443e-02 | 12  0.12268  7.75280e-02
 13  0.12634  4.33553e-02 | 14  0.11168  6.50297e-02 | 15  0.04154  6.03790e-02
 16 -0.08830  4.41036e-02 | 17  0.00973  4.80194e-03 | 18  0.13368  1.71622e-02
 19  0.18127 -4.30106e-02 | 20 -0.02222  4.79384e-02 | 21 -0.02385  5.10098e-02
 22 -0.10196  5.28386e-02 | 23 -1.74397 -3.92155e-02 | 24  0.11371  6.06509e-02
 25  0.07928 -1.81312e-02 | 26  0.01839 -3.85131e-02 | 27 -0.01018 -4.17165e-02
 28  0.03788 -1.15277e-01 | 29  0.02686 -7.03700e-02 | 30  0.06291 -5.68443e-02
 31 -0.00477 -8.84239e-03 | 32  0.11702 -2.07258e-01 | 33 -0.04732  2.16174e-02
 34 -0.09775  6.49384e-02 | 35 -0.06662 -3.70743e-02 | 36 -0.47027  6.59404e-02
 37 -0.04318 -4.64070e+00 | 38 -0.03907 -2.07788e+00 | 39 -0.03436 -6.83781e-01
 40 -0.04200 -3.42722e+00 | 41  0.36818 -2.70949e-01 | 42 -0.78671  3.52414e-01
 43  0.28308  1.51018e-01 | 44 -0.34031  1.34588e-01 | 45  1.00002  3.68585e-03
 46 -1.00096 -1.60435e-02 | 47  1.00215  1.07756e-01 | 48 -0.73291 -2.39245e-02
 49 -0.43480 -4.20619e-02 | 50  0.08149 -4.19410e-01 | 51 -0.20253  5.23359e-02
 52 -0.83740  1.85372e-01 |
52 variables; iteration 180; function evaluation 217; phase 3
Function value 3.8653990e+03; maximum gradient component mag -1.3572e-01
Var    Value     Gradient |Var    Value     Gradient |Var    Value     Gradient
  1  0.93372 -6.39321e-02 |  2 -0.01760 -2.67411e-03 |  3  0.02724 -3.64179e-03
  4  0.00628 -4.24939e-03 |  5 -0.10737 -8.55790e-04 |  6  0.00693 -2.64366e-03
  7 -0.07397 -2.42679e-03 |  8 -0.05368 -6.29085e-03 |  9  0.01233 -1.08512e-03
 10  0.13672  5.53290e-03 | 11  0.02709 -7.88703e-05 | 12  0.12266 -5.98036e-03
 13  0.12632 -1.18013e-02 | 14  0.11167 -3.26443e-03 | 15  0.04154  2.90510e-03
 16 -0.08828 -5.30819e-03 | 17  0.00977 -8.67970e-03 | 18  0.13366 -3.78323e-03
 19  0.18127 -6.44536e-03 | 20 -0.02222 -4.26707e-03 | 21 -0.02384 -8.88699e-03
 22 -0.10190  8.35025e-05 | 23 -1.74414 -6.54682e-04 | 24  0.11364 -2.13885e-03
 25  0.07927 -6.81064e-03 | 26  0.01840 -7.67966e-03 | 27 -0.01017 -2.84980e-03
 28  0.03789 -1.63758e-02 | 29  0.02687 -1.33549e-02 | 30  0.06290 -3.89546e-03
 31 -0.00477 -1.41722e-03 | 32  0.11702 -7.66639e-03 | 33 -0.04733  7.16897e-03
 34 -0.09778  3.12049e-03 | 35 -0.06662  4.35979e-03 | 36 -0.47025 -4.81886e-04
 37 -0.04469 -4.84131e-02 | 38 -0.04059 -2.22445e-02 | 39 -0.03587 -1.06061e-02
 40 -0.04351 -2.27117e-02 | 41  0.35586 -6.52585e-02 | 42 -0.84718 -8.48208e-03
 43  0.28310 -1.50615e-03 | 44 -0.34035  1.05431e-02 | 45  1.00002  4.61616e-03
 46 -1.00027  2.57094e-03 | 47  1.00152  3.05102e-02 | 48 -0.73279 -2.32388e-03
 49 -0.42566  1.49075e-02 | 50  0.08873 -1.35722e-01 | 51 -0.17902 -1.82481e-02
 52 -0.76471  3.44660e-03 |
52 variables; iteration 200; function evaluation 239; phase 3
Function value 3.8653987e+03; maximum gradient component mag -2.4995e-01
Var    Value     Gradient |Var    Value     Gradient |Var    Value     Gradient
  1  0.94556 -7.01248e-02 |  2 -0.01760  5.71688e-03 |  3  0.02724  5.17926e-03
  4  0.00628  4.98213e-03 |  5 -0.10737  5.23063e-03 |  6  0.00693  4.69076e-03
  7 -0.07397  4.90737e-03 |  8 -0.05368  3.78746e-03 |  9  0.01233  5.20967e-03
 10  0.13672  5.64040e-03 | 11  0.02709  5.71727e-03 | 12  0.12266  1.31397e-03
 13  0.12632 -3.51248e-04 | 14  0.11167  2.69695e-03 | 15  0.04154  5.70391e-03
 16 -0.08827  3.26726e-03 | 17  0.00977 -9.18390e-04 | 18  0.13366  3.89922e-04
 19  0.18127 -3.45932e-03 | 20 -0.02222  2.40123e-03 | 21 -0.02384  3.80604e-03
 22 -0.10190  2.13307e-03 | 23 -1.74414 -1.92402e-03 | 24  0.11364  7.71447e-04
 25  0.07927 -2.31707e-03 | 26  0.01840 -9.32493e-04 | 27 -0.01017 -2.33141e-03
 28  0.03789 -4.82852e-03 | 29  0.02687 -7.43390e-03 | 30  0.06290 -2.66668e-03
 31 -0.00477 -1.06929e-03 | 32  0.11702 -1.26619e-02 | 33 -0.04734  2.27396e-03
 34 -0.09778  1.16840e-03 | 35 -0.06662 -2.25131e-03 | 36 -0.47026  3.13443e-03
 37 -0.04519 -2.49951e-01 | 38 -0.04109 -1.08930e-01 | 39 -0.03637 -3.63348e-02
 40 -0.04401 -1.93125e-01 | 41  0.34332 -2.17501e-02 | 42 -0.88829 -1.29843e-02
 43  0.28310  6.38789e-03 | 44 -0.34035  6.51735e-03 | 45  1.00013  9.99453e-02
 46 -1.00065 -1.73998e-03 | 47  0.99913  6.98020e-03 | 48 -0.73278 -1.00635e-03
 49 -0.41634  4.99499e-03 | 50  0.09617 -4.83433e-02 | 51 -0.16746 -8.25527e-03
 52 -0.73561  4.29123e-03 |
52 variables; iteration 220; function evaluation 259; phase 3
Function value 3.8653983e+03; maximum gradient component mag 1.0757e+00
Var    Value     Gradient |Var    Value     Gradient |Var    Value     Gradient
  1  0.96214  3.22790e-02 |  2 -0.01760  1.11576e-02 |  3  0.02723 -5.50678e-03
  4  0.00629  7.09623e-03 |  5 -0.10736  8.89880e-03 |  6  0.00693 -1.64385e-04
  7 -0.07396  1.23078e-02 |  8 -0.05368 -2.92255e-03 |  9  0.01235  2.09456e-02
 10  0.13675  4.23084e-02 | 11  0.02711  2.77511e-02 | 12  0.12267  1.65798e-02
 13  0.12633  1.15405e-02 | 14  0.11168  2.57453e-02 | 15  0.04156  4.60746e-02
 16 -0.08827  4.31678e-03 | 17  0.00975 -6.53047e-03 | 18  0.13367  5.06311e-02
 19  0.18128  6.84679e-02 | 20 -0.02221  9.33889e-03 | 21 -0.02383  4.03485e-02
 22 -0.10195 -7.68076e-03 | 23 -1.74401  4.29498e-02 | 24  0.11366  1.12338e-02
 25  0.07927  3.55416e-02 | 26  0.01841  6.25970e-02 | 27 -0.01017  4.21926e-02
 28  0.03791  8.39144e-02 | 29  0.02685 -1.69515e-02 | 30  0.06291  5.36556e-02
 31 -0.00478  1.58842e-02 | 32  0.11702  6.36827e-02 | 33 -0.04732  3.99705e-02
 34 -0.09779  9.28704e-03 | 35 -0.06662  2.54817e-02 | 36 -0.47028 -7.61304e-03
 37 -0.04572  1.07565e+00 | 38 -0.04162  7.05776e-01 | 39 -0.03690  1.72020e-01
 40 -0.04454  4.96644e-01 | 41  0.30367 -3.46726e-02 | 42 -0.90302  8.20621e-02
 43  0.28308 -8.26847e-02 | 44 -0.34032  5.42526e-02 | 45  0.99952 -3.64478e-01
 46 -0.99892  2.49572e-02 | 47  1.00130  1.29836e-02 | 48 -0.73281 -2.04365e-03
 49 -0.38684 -5.15017e-02 | 50  0.12033  1.23099e-03 | 51 -0.16413  9.34421e-02
 52 -0.72769  1.66183e-01 |
52 variables; iteration 240; function evaluation 284; phase 3
Function value 3.8653969e+03; maximum gradient component mag 2.2368e-01
Var    Value     Gradient |Var    Value     Gradient |Var    Value     Gradient
  1  0.98171 -1.03108e-02 |  2 -0.01760  1.52129e-02 |  3  0.02724  1.13217e-02
  4  0.00629  1.58117e-02 |  5 -0.10736  1.28830e-02 |  6  0.00693  1.09421e-02
  7 -0.07396  1.36485e-02 |  8 -0.05367  1.08403e-02 |  9  0.01234  1.83799e-02
 10  0.13673  2.41706e-02 | 11  0.02709  1.86359e-02 | 12  0.12267  1.52182e-02
 13  0.12633  1.36277e-02 | 14  0.11167  1.95602e-02 | 15  0.04155  2.75563e-02
 16 -0.08827  1.77947e-02 | 17  0.00976  6.47110e-03 | 18  0.13367  2.96819e-02
 19  0.18127  2.55421e-02 | 20 -0.02222  1.47237e-02 | 21 -0.02383  3.86352e-02
 22 -0.10193 -1.45622e-03 | 23 -1.74407  1.43672e-02 | 24  0.11365  7.31994e-03
 25  0.07927  1.90364e-02 | 26  0.01840  3.79073e-02 | 27 -0.01018  2.19621e-02
 28  0.03791  5.36766e-02 | 29  0.02686 -3.45450e-03 | 30  0.06291  2.40989e-02
 31 -0.00477  1.03307e-02 | 32  0.11702  6.10596e-03 | 33 -0.04734  1.03287e-02
 34 -0.09779  3.61725e-03 | 35 -0.06662  6.41738e-03 | 36 -0.47027  2.78199e-03
 37 -0.04611  2.13733e-01 | 38 -0.04200  2.23676e-01 | 39 -0.03729  4.43701e-02
 40 -0.04493 -7.30881e-02 | 41  0.22122 -5.15373e-02 | 42 -0.83780  4.62692e-02
 43  0.28309 -3.39642e-02 | 44 -0.34034  3.38263e-02 | 45  1.00023  1.77485e-01
 46 -0.99878  3.79086e-02 | 47  1.00126  1.03085e-02 | 48 -0.73278 -7.31591e-04
 49 -0.32559 -1.99396e-02 | 50  0.17365 -5.75248e-02 | 51 -0.18214  2.49854e-02
 52 -0.77312  4.36569e-02 |
52 variables; iteration 260; function evaluation 305; phase 3
Function value 3.8653966e+03; maximum gradient component mag -3.3951e-01
Var    Value     Gradient |Var    Value     Gradient |Var    Value     Gradient
  1  0.99348 -9.23229e-03 |  2 -0.01760  8.57265e-03 |  3  0.02724  8.16296e-03
  4  0.00629  8.92257e-03 |  5 -0.10737  7.28266e-03 |  6  0.00693  8.09464e-03
  7 -0.07397  7.87955e-03 |  8 -0.05368  8.60883e-03 |  9  0.01233  7.83851e-03
 10  0.13672  5.66481e-03 | 11  0.02708  5.63734e-03 | 12  0.12266  6.03114e-03
 13  0.12632  3.96406e-03 | 14  0.11167  2.85223e-03 | 15  0.04154  6.00638e-03
 16 -0.08827  1.04724e-02 | 17  0.00977  1.92510e-03 | 18  0.13366  9.22112e-04
 19  0.18127 -3.24238e-03 | 20 -0.02222  6.39426e-03 | 21 -0.02383  8.02279e-03
 22 -0.10190  5.44471e-03 | 23 -1.74414 -4.61295e-03 | 24  0.11364  9.66182e-04
 25  0.07927 -2.35934e-03 | 26  0.01840  9.34202e-04 | 27 -0.01018 -3.75138e-03
 28  0.03789 -3.38584e-03 | 29  0.02687 -4.11018e-03 | 30  0.06290 -3.62497e-03
 31 -0.00477 -1.47384e-03 | 32  0.11702 -1.70060e-02 | 33 -0.04734  6.23621e-04
 34 -0.09778  3.62892e-03 | 35 -0.06662 -2.87608e-03 | 36 -0.47026  4.57963e-03
 37 -0.04621 -3.39506e-01 | 38 -0.04211 -1.62481e-01 | 39 -0.03739 -4.94414e-02
 40 -0.04503 -2.64263e-01 | 41  0.16377 -6.61380e-02 | 42 -0.80891  2.33790e-02
 43  0.28310  7.17031e-03 | 44 -0.34035  1.04673e-02 | 45  1.00000  3.10371e-02
 46 -1.00006  2.26733e-03 | 47  1.00118  5.53202e-03 | 48 -0.73277 -3.35340e-04
 49 -0.28312 -9.51529e-04 | 50  0.21316 -9.46015e-02 | 51 -0.19300  5.81513e-03
 52 -0.80511  1.39524e-02 |
52 variables; iteration 280; function evaluation 326; phase 3
Function value 3.8653966e+03; maximum gradient component mag -9.7585e-02
Var    Value     Gradient |Var    Value     Gradient |Var    Value     Gradient
  1  0.99586 -4.13861e-03 |  2 -0.01760  1.10453e-03 |  3  0.02724  1.31893e-03
  4  0.00629  1.18278e-03 |  5 -0.10737  9.20904e-04 |  6  0.00693  1.40158e-03
  7 -0.07397  1.04693e-03 |  8 -0.05368  7.61630e-04 |  9  0.01233  1.15854e-03
 10  0.13672  9.91540e-04 | 11  0.02708  8.85544e-04 | 12  0.12266 -3.42729e-04
 13  0.12632 -1.18646e-03 | 14  0.11167  2.62526e-05 | 15  0.04154  4.65947e-04
 16 -0.08827  9.83747e-04 | 17  0.00977  5.26610e-05 | 18  0.13366 -1.46097e-03
 19  0.18127 -2.23742e-03 | 20 -0.02222  4.45282e-04 | 21 -0.02384  9.88990e-05
 22 -0.10189  2.70209e-04 | 23 -1.74415 -1.88312e-03 | 24  0.11363 -1.23737e-03
 25  0.07927 -1.24111e-03 | 26  0.01840 -8.96501e-04 | 27 -0.01018 -1.03832e-03
 28  0.03789 -2.10262e-03 | 29  0.02687 -2.01560e-03 | 30  0.06290 -2.05581e-03
 31 -0.00477 -1.06813e-03 | 32  0.11701 -5.73692e-03 | 33 -0.04734 -3.67224e-04
 34 -0.09779 -5.84967e-04 | 35 -0.06662 -1.36103e-03 | 36 -0.47026  7.99908e-04
 37 -0.04622 -9.75845e-02 | 38 -0.04211 -4.77188e-02 | 39 -0.03740 -1.34379e-02
 40 -0.04504 -6.70524e-02 | 41  0.15281 -7.79587e-03 | 42 -0.80561 -5.42812e-03
 43  0.28310  3.60689e-03 | 44 -0.34035  1.47267e-03 | 45  0.99999  2.36479e-03
 46 -1.00076 -5.64311e-03 | 47  1.00111  1.63987e-03 | 48 -0.73277 -1.32678e-04
 49 -0.27506  4.30551e-03 | 50  0.22092 -1.68837e-02 | 51 -0.19436 -4.68351e-03
 52 -0.80948 -5.64803e-03 |
52 variables; iteration 300; function evaluation 347; phase 3
Function value 3.8653965e+03; maximum gradient component mag 3.6622e-02
Var    Value     Gradient |Var    Value     Gradient |Var    Value     Gradient
  1  1.00340  2.65284e-03 |  2 -0.01760 -7.01243e-04 |  3  0.02724 -7.26806e-04
  4  0.00629 -7.23218e-04 |  5 -0.10737 -5.67342e-04 |  6  0.00693 -7.19852e-04
  7 -0.07397 -7.27789e-04 |  8 -0.05368 -5.68499e-04 |  9  0.01233 -6.86755e-04
 10  0.13672 -6.07317e-04 | 11  0.02708 -7.03506e-04 | 12  0.12266 -2.07181e-04
 13  0.12632 -1.10249e-04 | 14  0.11166 -3.63524e-04 | 15  0.04154 -5.14748e-04
 16 -0.08827 -3.49080e-04 | 17  0.00977 -3.49657e-04 | 18  0.13366  1.88008e-04
 19  0.18127  3.60934e-04 | 20 -0.02222 -2.70288e-04 | 21 -0.02384 -3.66937e-04
 22 -0.10189 -2.19882e-04 | 23 -1.74415  5.34739e-04 | 24  0.11363  7.52194e-05
 25  0.07927  1.45649e-04 | 26  0.01840  2.17957e-05 | 27 -0.01018  2.07989e-04
 28  0.03789  5.15824e-04 | 29  0.02687  4.39319e-04 | 30  0.06290  5.08137e-04
 31 -0.00477  3.30376e-04 | 32  0.11701  1.71863e-03 | 33 -0.04734 -9.02370e-06
 34 -0.09778  1.52718e-04 | 35 -0.06662  4.68727e-04 | 36 -0.47026 -4.40439e-04
 37 -0.04622  3.66222e-02 | 38 -0.04212  1.64110e-02 | 39 -0.03740  4.60523e-03
 40 -0.04504  2.63178e-02 | 41  0.13115  2.19176e-03 | 42 -0.81912 -1.02143e-03
 43  0.28310 -1.22229e-03 | 44 -0.34035 -9.23305e-05 | 45  0.99998 -8.62529e-03
 46 -1.00058 -4.87665e-05 | 47  1.00108  2.43210e-04 | 48 -0.73277  4.36683e-05
 49 -0.25916 -3.46577e-04 | 50  0.23644  2.32637e-03 | 51 -0.18897 -1.60548e-04
 52 -0.79272 -1.10887e-03 |
52 variables; iteration 320; function evaluation 367; phase 3
Function value 3.8653965e+03; maximum gradient component mag 8.8785e-02
Var    Value     Gradient |Var    Value     Gradient |Var    Value     Gradient
  1  1.00502  3.52040e-03 |  2 -0.01760 -6.18682e-03 |  3  0.02724 -8.52783e-03
  4  0.00628 -7.25298e-03 |  5 -0.10737 -5.81395e-03 |  6  0.00693 -8.93432e-03
  7 -0.07397 -7.89802e-03 |  8 -0.05368 -8.31921e-03 |  9  0.01233 -7.83276e-03
 10  0.13672 -7.56283e-03 | 11  0.02708 -6.92187e-03 | 12  0.12265 -7.77127e-03
 13  0.12632 -8.15086e-03 | 14  0.11166 -8.90196e-03 | 15  0.04154 -6.01478e-03
 16 -0.08827 -3.29348e-03 | 17  0.00977 -7.07600e-03 | 18  0.13365 -7.46771e-03
 19  0.18127 -2.72135e-03 | 20 -0.02222 -4.91300e-03 | 21 -0.02383 -3.63675e-03
 22 -0.10189 -8.24624e-03 | 23 -1.74417  2.03752e-04 | 24  0.11362 -1.04511e-02
 25  0.07927 -4.13780e-03 | 26  0.01840 -1.70654e-03 | 27 -0.01018 -3.95905e-03
 28  0.03789  6.69302e-03 | 29  0.02687 -7.61523e-03 | 30  0.06290 -3.57247e-03
 31 -0.00477 -6.79705e-03 | 32  0.11701 -2.77832e-03 | 33 -0.04734 -6.07641e-03
 34 -0.09779 -9.31275e-03 | 35 -0.06662 -5.93262e-03 | 36 -0.47026 -5.68787e-03
 37 -0.04622  8.87854e-02 | 38 -0.04211  2.61810e-02 | 39 -0.03740  4.81470e-03
 40 -0.04504  8.15476e-02 | 41  0.11581 -8.64486e-03 | 42 -0.81788  1.74334e-02
 43  0.28310 -4.95129e-03 | 44 -0.34035  1.45880e-02 | 45  0.99997 -2.15585e-02
 46 -1.00064 -1.34963e-03 | 47  1.00108  3.17863e-04 | 48 -0.73277  6.50423e-05
 49 -0.24794 -2.19596e-03 | 50  0.24758 -1.04274e-02 | 51 -0.18944  6.29024e-03
 52 -0.79413  1.23358e-02 |
52 variables; iteration 340; function evaluation 388; phase 3
Function value 3.8653965e+03; maximum gradient component mag -4.2945e-02
Var    Value     Gradient |Var    Value     Gradient |Var    Value     Gradient
  1  1.00014 -6.15670e-04 |  2 -0.01760  8.34284e-04 |  3  0.02724  1.30495e-03
  4  0.00629  9.54970e-04 |  5 -0.10737  8.08971e-04 |  6  0.00693  1.27280e-03
  7 -0.07397  9.87999e-04 |  8 -0.05368  9.35735e-04 |  9  0.01233  9.48049e-04
 10  0.13672  9.36671e-04 | 11  0.02708  7.64701e-04 | 12  0.12266  4.13733e-04
 13  0.12632  1.50596e-04 | 14  0.11167  5.94781e-04 | 15  0.04154  5.90698e-04
 16 -0.08827  6.53887e-04 | 17  0.00977  6.00489e-04 | 18  0.13366 -1.61556e-04
 19  0.18127 -7.74753e-04 | 20 -0.02222  4.84869e-04 | 21 -0.02384 -9.31015e-05
 22 -0.10189  1.21695e-03 | 23 -1.74415 -8.52381e-04 | 24  0.11363  3.66100e-04
 25  0.07927 -2.48893e-04 | 26  0.01840 -3.33502e-04 | 27 -0.01017  1.54668e-05
 28  0.03789 -1.65760e-03 | 29  0.02687  2.37143e-04 | 30  0.06290 -6.26042e-04
 31 -0.00477  2.27417e-04 | 32  0.11701 -1.70133e-03 | 33 -0.04734  5.00789e-04
 34 -0.09778  7.37023e-04 | 35 -0.06662  2.77810e-04 | 36 -0.47025  8.53551e-04
 37 -0.04622 -4.29453e-02 | 38 -0.04212 -1.81121e-02 | 39 -0.03741 -5.69010e-03
 40 -0.04504 -2.83335e-02 | 41  0.08117 -6.76958e-03 | 42 -0.82101 -2.24735e-03
 43  0.28310  1.91385e-03 | 44 -0.34035 -1.03463e-03 | 45  1.00001 -3.92062e-03
 46 -1.00057  2.48777e-04 | 47  1.00108  1.75741e-05 | 48 -0.73277 -5.35149e-05
 49 -0.22270  2.96803e-03 | 50  0.27323 -1.21085e-02 | 51 -0.18824 -1.82096e-03
 52 -0.79057 -1.25457e-03 |
Warning: the following parameters had issues
  SR_parm[1] is within 0.1% of upper bound: 5.00000e+00 < 2.50000e+01 < 2.50000e+01
  selparm[5] is within 0.1% of upper bound: -1.00000e+00 < 1.50000e+01 < 1.50000e+01
  selparm[6] is within 0.1% of lower bound: -1.00000e+00 < -9.99996e-01 < 2.00000e+01
  selparm[7] is within 0.1% of upper bound: -3.00000e+00 < 1.50000e+01 < 1.50000e+01


 - final statistics:
52 variables; iteration 357; function evaluation 406
Function value 3.8654e+03; maximum gradient component mag -3.3653e-05
Exit code = 1;  converg criter 1.0000e-04
Var    Value     Gradient |Var    Value     Gradient |Var    Value     Gradient
  1  1.00034 -9.54359e-07 |  2 -0.01760  2.68619e-06 |  3  0.02724  2.75459e-06
  4  0.00629  2.45928e-06 |  5 -0.10737  2.91515e-06 |  6  0.00693  2.03347e-06
  7 -0.07397  2.29886e-06 |  8 -0.05368  3.52081e-06 |  9  0.01233  1.45794e-06
 10  0.13672  1.06116e-07 | 11  0.02708  1.50885e-06 | 12  0.12266  2.21298e-06
 13  0.12632  3.82466e-06 | 14  0.11167  7.48751e-07 | 15  0.04154  1.23822e-06
 16 -0.08827  5.50165e-06 | 17  0.00977  2.29940e-06 | 18  0.13366  6.84483e-07
 19  0.18127 -2.26571e-06 | 20 -0.02222  3.12349e-06 | 21 -0.02384  3.88335e-06
 22 -0.10189  2.73138e-06 | 23 -1.74415 -2.22371e-06 | 24  0.11363  4.84608e-06
 25  0.07927  4.72529e-07 | 26  0.01840 -4.43185e-07 | 27 -0.01018 -1.27577e-06
 28  0.03789 -3.99770e-06 | 29  0.02687  3.30146e-06 | 30  0.06290  1.22887e-06
 31 -0.00477  2.87232e-06 | 32  0.11701  5.52730e-07 | 33 -0.04734  1.84369e-06
 34 -0.09778  6.99330e-06 | 35 -0.06662  2.94971e-06 | 36 -0.47026  1.59220e-06
 37 -0.04622 -1.19693e-05 | 38 -0.04212 -1.51751e-05 | 39 -0.03741 -4.29130e-06
 40 -0.04504 -1.78215e-05 | 41  0.06848 -2.42849e-05 | 42 -0.82042  6.84435e-06
 43  0.28310  2.67922e-06 | 44 -0.34035 -1.85167e-06 | 45  1.00001  1.05676e-05
 46 -1.00058 -6.30240e-06 | 47  1.00107 -2.84585e-06 | 48 -0.73277  2.49871e-07
 49 -0.21350  1.65417e-06 | 50  0.28279 -3.36532e-05 | 51 -0.18847  3.30285e-06
 52 -0.79123  4.94256e-06 |
Estimating row 1 out of 52 for hessian
Estimating row 2 out of 52 for hessian
Estimating row 3 out of 52 for hessian
Estimating row 4 out of 52 for hessian
Estimating row 5 out of 52 for hessian
Estimating row 6 out of 52 for hessian
Estimating row 7 out of 52 for hessian
Estimating row 8 out of 52 for hessian
Estimating row 9 out of 52 for hessian
Estimating row 10 out of 52 for hessian
Estimating row 11 out of 52 for hessian
Estimating row 12 out of 52 for hessian
Estimating row 13 out of 52 for hessian
Estimating row 14 out of 52 for hessian
Estimating row 15 out of 52 for hessian
Estimating row 16 out of 52 for hessian
Estimating row 17 out of 52 for hessian
Estimating row 18 out of 52 for hessian
Estimating row 19 out of 52 for hessian
Estimating row 20 out of 52 for hessian
Estimating row 21 out of 52 for hessian
Estimating row 22 out of 52 for hessian
Estimating row 23 out of 52 for hessian
Estimating row 24 out of 52 for hessian
Estimating row 25 out of 52 for hessian
Estimating row 26 out of 52 for hessian
Estimating row 27 out of 52 for hessian
Estimating row 28 out of 52 for hessian
Estimating row 29 out of 52 for hessian
Estimating row 30 out of 52 for hessian
Estimating row 31 out of 52 for hessian
Estimating row 32 out of 52 for hessian
Estimating row 33 out of 52 for hessian
Estimating row 34 out of 52 for hessian
Estimating row 35 out of 52 for hessian
Estimating row 36 out of 52 for hessian
Estimating row 37 out of 52 for hessian
Estimating row 38 out of 52 for hessian
Estimating row 39 out of 52 for hessian
Estimating row 40 out of 52 for hessian
Estimating row 41 out of 52 for hessian
Estimating row 42 out of 52 for hessian
Estimating row 43 out of 52 for hessian
Estimating row 44 out of 52 for hessian
Estimating row 45 out of 52 for hessian
Estimating row 46 out of 52 for hessian
Estimating row 47 out of 52 for hessian
Estimating row 48 out of 52 for hessian
Estimating row 49 out of 52 for hessian
Estimating row 50 out of 52 for hessian
Estimating row 51 out of 52 for hessian
Estimating row 52 out of 52 for hessian
size of file gradfil1.tmp = 0
size of file gradfil2.tmp = 0
size of file varssave.tmp = 0
size of file cmpdiff.tmp = 0
