
Initial statistics: 36 variables; iteration 0; function evaluation 0; phase 1
Function value 3.8199971e+03; maximum gradient component mag 1.1708e+04
Var    Value     Gradient |Var    Value     Gradient |Var    Value     Gradient
  1  0.07198  1.17076e+04 |  2 -0.02762 -1.72697e+02 |  3  0.00484 -1.68398e+02
  4 -0.04303 -1.96769e+02 |  5 -0.11811 -1.09935e+02 |  6 -0.02171 -8.54140e+01
  7 -0.16045 -2.26005e+02 |  8 -0.12230 -1.98007e+02 |  9 -0.03612 -1.70439e+02
 10  0.07973 -1.28424e+02 | 11 -0.00261  1.14220e+01 | 12 -0.03071 -2.58853e+02
 13  0.07171  6.94351e+01 | 14  0.12236  2.92365e+02 | 15  0.05668  6.85263e+01
 16 -0.10025 -2.57565e+02 | 17  0.00094 -7.20214e+01 | 18  0.06843  5.41644e+01
 19  0.02021 -3.38179e+02 | 20 -0.00117  5.54155e+01 | 21 -0.17460 -3.45253e+02
 22 -0.03971 -8.19317e+01 | 23  0.05853  1.72763e+02 | 24 -0.01518 -2.35463e+02
 25 -0.01533 -1.91682e+02 | 26  0.08656  1.56341e+02 | 27  0.05924  5.93095e+02
 28  0.04505  3.19980e+02 | 29 -0.04836 -1.69191e+02 | 30 -0.03298 -3.57276e+02
 31  0.07019  4.99374e+02 | 32  0.12654  4.50687e+02 | 33  0.04087  2.17881e+02
 34  0.01605  2.41422e+02 | 35  0.04573  1.36267e+02 | 36  0.01356  4.32514e+02

Intermediate statistics: 36 variables; iteration 20; function evaluation 34; phase 1
Function value 3.4221926e+03; maximum gradient component mag 2.2797e+03
Var    Value     Gradient |Var    Value     Gradient |Var    Value     Gradient
  1  0.05197  2.27968e+03 |  2 -0.00742 -2.94682e+01 |  3  0.02699 -3.21747e+01
  4 -0.02662 -4.33458e+01 |  5 -0.14588 -4.27793e+01 |  6 -0.02367 -3.09136e+01
  7 -0.10689 -2.30657e+01 |  8 -0.08259 -4.77756e+01 |  9 -0.00632 -4.79547e+01
 10  0.10474 -3.54394e+01 | 11 -0.04392 -3.78946e+01 | 12  0.02085 -4.02964e+01
 13  0.04927 -4.41935e+00 | 14  0.06542 -2.04935e+01 | 15  0.01584 -7.70603e-01
 16 -0.04023 -4.14260e+01 | 17  0.01295 -2.20402e+01 | 18  0.06433  1.55084e+01
 19  0.10152 -5.67938e+00 | 20 -0.01853 -3.16709e+01 | 21 -0.04155 -3.57412e+01
 22 -0.03305 -4.53172e+01 | 23  0.02865  3.57618e+01 | 24  0.06287  7.23994e+00
 25  0.04141 -2.81504e+01 | 26  0.09024  3.91456e+01 | 27 -0.01731  4.21328e+01
 28  0.03074  1.47469e+01 | 29 -0.01437 -3.78229e+01 | 30  0.06640  3.40280e+00
 31 -0.00637  4.80419e+01 | 32  0.09669  6.99591e+01 | 33  0.01179  7.32528e+01
 34 -0.03038  8.50953e+01 | 35 -0.00390  5.70267e+01 | 36 -0.25487 -2.82579e+01
36 variables; iteration 40; function evaluation 68; phase 1
Function value 3.4158910e+03; maximum gradient component mag -9.5884e+01
Var    Value     Gradient |Var    Value     Gradient |Var    Value     Gradient
  1  0.04872 -9.58838e+01 |  2 -0.01019 -1.00925e+00 |  3  0.02867  4.96546e-01
  4 -0.02525  9.51873e-01 |  5 -0.14491  6.88713e-01 |  6 -0.02903  1.01561e+00
  7 -0.11748  3.73666e+00 |  8 -0.07857 -1.27545e+00 |  9  0.00374  2.58614e+00
 10  0.11041 -3.26679e+00 | 11 -0.03768  9.19573e-01 | 12  0.02878  5.46874e-03
 13  0.04752 -9.58467e-01 | 14  0.06992 -1.06225e+00 | 15  0.01049 -2.45905e+00
 16 -0.03149 -2.98267e-01 | 17  0.01733  5.02677e+00 | 18  0.05734  7.58192e-01
 19  0.10312  5.98071e-01 | 20 -0.01515 -7.65454e-02 | 21 -0.03630  1.30642e+00
 22 -0.02397  2.52621e+00 | 23  0.01192 -1.62489e-01 | 24  0.06036  1.02469e+00
 25  0.04964 -7.07534e-01 | 26  0.09018 -2.89569e+00 | 27 -0.02921 -7.63827e+00
 28  0.03510 -3.46427e+00 | 29 -0.00543  1.38800e+00 | 30  0.06773 -1.31967e+00
 31 -0.02027 -2.90184e+00 | 32  0.10117  8.44392e-01 | 33  0.00799  1.86996e+00
 34 -0.03904  4.72428e+00 | 35 -0.00771  9.19972e-01 | 36 -0.25652 -3.72479e-01

 - final statistics:
36 variables; iteration 44; function evaluation 75
Function value 3.4159e+03; maximum gradient component mag 5.7860e-01
Exit code = 1;  converg criter 1.0000e+01
Var    Value     Gradient |Var    Value     Gradient |Var    Value     Gradient
  1  0.04892  5.78601e-01 |  2 -0.00916 -4.37046e-02 |  3  0.02879  4.45615e-02
  4 -0.02486  8.72693e-03 |  5 -0.14413 -1.92718e-02 |  6 -0.02905  1.02394e-02
  7 -0.11848 -3.15941e-02 |  8 -0.07720  3.80214e-04 |  9  0.00288 -2.07548e-02
 10  0.11089 -2.23194e-02 | 11 -0.03772 -2.32489e-02 | 12  0.02896  1.94399e-03
 13  0.04753  4.26154e-03 | 14  0.06978 -3.34612e-02 | 15  0.01126  1.14390e-02
 16 -0.03130 -1.54248e-02 | 17  0.01585 -4.27118e-02 | 18  0.05714 -1.10174e-02
 19  0.10288 -9.63572e-03 | 20 -0.01506  3.00084e-03 | 21 -0.03666  2.73660e-04
 22 -0.02470 -6.48007e-03 | 23  0.01203 -1.92597e-02 | 24  0.05986  1.02316e-02
 25  0.04946  2.36754e-02 | 26  0.09000  3.16595e-02 | 27 -0.02750 -3.54474e-02
 28  0.03487  1.55527e-02 | 29 -0.00599 -2.68383e-04 | 30  0.06784 -6.00401e-03
 31 -0.01937 -1.52168e-02 | 32  0.10065  3.98602e-02 | 33  0.00763  3.92708e-02
 34 -0.04032  2.17517e-02 | 35 -0.00772  6.31517e-02 | 36 -0.25585 -1.31896e-02

Initial statistics: 46 variables; iteration 0; function evaluation 0; phase 2
Function value 3.4158596e+03; maximum gradient component mag 3.2230e+03
Var    Value     Gradient |Var    Value     Gradient |Var    Value     Gradient
  1  0.04892  5.78601e-01 |  2 -0.00916 -4.25330e-02 |  3  0.02879  4.57321e-02
  4 -0.02486  9.89779e-03 |  5 -0.14413 -1.81300e-02 |  6 -0.02905  1.14100e-02
  7 -0.11848 -3.04426e-02 |  8 -0.07720  1.54336e-03 |  9  0.00288 -1.95830e-02
 10  0.11089 -2.11654e-02 | 11 -0.03772 -2.20792e-02 | 12  0.02896  3.11453e-03
 13  0.04753  5.43003e-03 | 14  0.06978 -3.22965e-02 | 15  0.01126  1.26106e-02
 16 -0.03130 -1.42544e-02 | 17  0.01585 -4.15404e-02 | 18  0.05714 -9.85034e-03
 19  0.10288 -8.47923e-03 | 20 -0.01506  4.17227e-03 | 21 -0.03666  1.44347e-03
 22 -0.02470 -5.30919e-03 | 23  0.01203 -1.80882e-02 | 24  0.05986  1.13982e-02
 25  0.04946  2.48437e-02 | 26  0.09000  3.28196e-02 | 27 -0.02750 -3.42768e-02
 28  0.03487  1.67227e-02 | 29 -0.00599  9.03320e-04 | 30  0.06784 -4.83890e-03
 31 -0.01937 -1.40456e-02 | 32  0.10065  4.10174e-02 | 33  0.00763  4.04425e-02
 34 -0.04032  2.29211e-02 | 35 -0.00772  6.43234e-02 | 36 -0.25585 -1.21112e-02
 37  0.24172  2.78330e+03 | 38  0.24044  1.03272e+03 | 39  0.21169 -1.64917e+03
 40  0.26687  3.22304e+03 | 41 -0.01654 -6.73311e+02 | 42 -0.62453  1.24299e+03
 43 -0.05636  3.90539e+01 | 44 -0.03108 -1.01769e+03 | 45 -0.25775  1.09319e+01
 46 -0.28043  1.52943e+03 |

Intermediate statistics: 46 variables; iteration 20; function evaluation 28; phase 2
Function value 3.1344859e+03; maximum gradient component mag 4.9365e+03
Var    Value     Gradient |Var    Value     Gradient |Var    Value     Gradient
  1  0.06393  6.33507e+02 |  2  0.00187 -2.72557e+01 |  3  0.05983 -4.63070e+01
  4  0.04328  1.39662e+01 |  5 -0.08073 -1.62739e+01 |  6  0.04878  5.30394e-01
  7 -0.03539  4.79317e+00 |  8 -0.01858  6.92831e-01 |  9  0.02000 -2.40603e+01
 10  0.10420 -5.77248e+01 | 11 -0.05509 -5.51158e+01 | 12  0.01595 -3.16924e+01
 13 -0.00660 -6.92006e+01 | 14  0.04528 -8.46064e+01 | 15 -0.01959 -3.62694e+01
 16 -0.07184 -3.83292e+01 | 17 -0.03210 -7.37868e+01 | 18  0.04715 -7.02625e+01
 19  0.08324 -1.15143e+02 | 20 -0.03389 -2.64173e+01 | 21 -0.05642 -2.95956e+01
 22 -0.05662 -4.23899e+01 | 23 -0.03541 -3.27360e+01 | 24  0.03024 -5.80966e+01
 25  0.03291 -4.85970e+01 | 26  0.05126 -1.00086e+02 | 27 -0.02041  9.48799e+01
 28  0.03046  7.18331e+01 | 29  0.01370  1.60668e+02 | 30  0.07126  4.80902e+00
 31 -0.01033  7.87738e+01 | 32  0.08289  3.86380e+01 | 33 -0.01782 -2.25246e+01
 34 -0.06962 -6.81385e+00 | 35 -0.00349  3.17010e+01 | 36 -0.17407  1.12884e+02
 37  0.22620 -1.18026e+03 | 38  0.23108  3.90990e+02 | 39  0.23740 -1.68738e+02
 40  0.26526  4.93655e+03 | 41 -0.13800  1.07926e+02 | 42 -0.81997 -2.07028e+00
 43 -0.05431 -1.07072e+02 | 44 -0.01675  2.68116e+02 | 45 -0.17037  4.42273e+01
 46 -0.40561 -4.13857e+01 |
46 variables; iteration 40; function evaluation 56; phase 2
Function value 3.0605519e+03; maximum gradient component mag -5.7435e+02
Var    Value     Gradient |Var    Value     Gradient |Var    Value     Gradient
  1  0.06904 -5.74353e+02 |  2 -0.01658  4.55666e+00 |  3  0.02269 -2.18296e+00
  4 -0.01461  1.82111e+01 |  5 -0.13304  1.35560e+01 |  6 -0.02454  2.40858e+00
  7 -0.11175  7.92384e+00 |  8 -0.08216  3.13828e-01 |  9 -0.00230  7.82498e+00
 10  0.10947  1.90545e+00 | 11 -0.03695  3.84292e+00 | 12  0.02836  1.04777e+01
 13  0.01465  3.49671e+00 | 14  0.05543 -6.90972e+00 | 15 -0.00827  3.88481e+00
 16 -0.05886  4.21434e+00 | 17 -0.00759  1.34980e+00 | 18  0.07287  4.89952e+00
 19  0.11368  4.54829e-01 | 20 -0.01571  1.20228e+01 | 21 -0.04044  2.21741e+00
 22 -0.03909  3.59911e+00 | 23 -0.03341 -3.06891e+00 | 24  0.03936 -1.27568e+01
 25  0.04480  4.16686e+00 | 26  0.07275 -6.63681e-01 | 27 -0.00952  9.01973e-01
 28  0.04476 -1.12465e+01 | 29  0.01714  2.36270e+00 | 30  0.07681 -5.70930e+00
 31  0.00627  1.67650e+00 | 32  0.09608 -2.53296e+01 | 33  0.01146 -1.26779e+01
 34 -0.03561 -2.42386e+00 | 35  0.01601 -1.74681e+01 | 36 -0.17367 -1.06597e+00
 37  0.22047 -1.44284e+02 | 38  0.21993 -4.22128e+01 | 39  0.22991 -4.11416e+01
 40  0.23787 -6.13752e+01 | 41 -0.26272 -4.80096e+01 | 42 -0.82301  1.02014e+01
 43  0.04935 -1.57635e+01 | 44  0.04663 -6.02563e+01 | 45 -0.17888  2.88087e+00
 46 -0.41619  2.01214e+01 |

 - final statistics:
46 variables; iteration 55; function evaluation 82
Function value 3.0582e+03; maximum gradient component mag 6.7632e+00
Exit code = 1;  converg criter 1.0000e+01
Var    Value     Gradient |Var    Value     Gradient |Var    Value     Gradient
  1  0.08364  2.01095e+00 |  2 -0.01813 -5.52548e-02 |  3  0.02211 -5.51263e-01
  4 -0.01594 -7.57473e-02 |  5 -0.13320 -1.00935e-01 |  6 -0.01772  2.29347e-01
  7 -0.10417  8.38426e-02 |  8 -0.07527 -1.36231e-02 |  9 -0.00575 -4.06616e-02
 10  0.10404 -2.10255e-01 | 11 -0.03811 -9.62942e-03 | 12  0.02452  1.77954e-01
 13  0.00785 -4.35819e-01 | 14  0.05028 -4.42694e-01 | 15 -0.00989 -3.13466e-01
 16 -0.05942 -1.72160e-01 | 17 -0.00488 -5.12347e-01 | 18  0.07473  2.52837e-01
 19  0.11499 -1.20269e-01 | 20 -0.01622  3.05105e-02 | 21 -0.03792  3.56836e-01
 22 -0.04002 -2.72739e-01 | 23 -0.03698  2.94914e-02 | 24  0.03919 -8.30366e-02
 25  0.04111  1.19771e-01 | 26  0.06601  1.02298e-01 | 27 -0.01118 -9.07390e-02
 28  0.04540 -1.21069e-02 | 29  0.01938 -1.75271e-01 | 30  0.07905  2.64530e-01
 31  0.00609 -2.27327e-01 | 32  0.09621  2.94039e-01 | 33  0.01275  2.66790e-01
 34 -0.03545 -2.37308e-01 | 35  0.02148  3.82880e-01 | 36 -0.16654  3.53227e-01
 37  0.21212  3.22349e+00 | 38  0.21124  2.19567e-01 | 39  0.22133 -1.54016e-01
 40  0.23070 -2.41599e+00 | 41 -0.35605  4.15937e+00 | 42 -0.81735 -4.40698e-01
 43  0.09734  2.94173e-01 | 44  0.09806  6.76316e+00 | 45 -0.17970 -1.07780e-01
 46 -0.42226 -8.27156e-01 |

Initial statistics: 52 variables; iteration 0; function evaluation 0; phase 3
Function value 3.0581973e+03; maximum gradient component mag -1.1920e+03
Var    Value     Gradient |Var    Value     Gradient |Var    Value     Gradient
  1  0.08364  2.01095e+00 |  2 -0.01813 -2.10820e-02 |  3  0.02211 -5.17097e-01
  4 -0.01594 -4.15713e-02 |  5 -0.13320 -6.74939e-02 |  6 -0.01772  2.63521e-01
  7 -0.10417  1.17573e-01 |  8 -0.07527  2.03249e-02 |  9 -0.00575 -6.47629e-03
 10  0.10404 -1.76523e-01 | 11 -0.03811  2.44960e-02 | 12  0.02452  2.12115e-01
 13  0.00785 -4.01635e-01 | 14  0.05028 -4.08614e-01 | 15 -0.00989 -2.79283e-01
 16 -0.05941 -1.38122e-01 | 17 -0.00488 -4.78161e-01 | 18  0.07473  2.86788e-01
 19  0.11499 -8.66389e-02 | 20 -0.01622  6.46861e-02 | 21 -0.03792  3.90962e-01
 22 -0.04002 -2.38620e-01 | 23 -0.03698  6.36204e-02 | 24  0.03919 -4.89147e-02
 25  0.04111  1.53887e-01 | 26  0.06601  1.36301e-01 | 27 -0.01118 -5.65576e-02
 28  0.04540  2.19928e-02 | 29  0.01938 -1.41100e-01 | 30  0.07906  2.98453e-01
 31  0.00609 -1.93142e-01 | 32  0.09621  3.27836e-01 | 33  0.01275  3.00970e-01
 34 -0.03545 -2.03174e-01 | 35  0.02148  4.17047e-01 | 36 -0.16654  3.86251e-01
 37  0.21212  3.22349e+00 | 38  0.21124  2.19567e-01 | 39  0.22133 -1.54016e-01
 40  0.23070 -2.41599e+00 | 41 -0.35605  4.15937e+00 | 42 -0.81735 -4.40698e-01
 43  0.23727 -3.24134e+02 | 44 -0.45210 -5.97297e+02 | 45  0.05388 -9.52557e+02
 46 -0.30092  5.10440e+02 | 47  0.20759 -1.19200e+03 | 48 -0.83901  4.38072e+02
 49  0.09734  2.94173e-01 | 50  0.09806  6.76316e+00 | 51 -0.17970 -1.07780e-01
 52 -0.42226 -8.27156e-01 |

Intermediate statistics: 52 variables; iteration 20; function evaluation 30; phase 3
Function value 2.4372735e+03; maximum gradient component mag -4.3968e+03
Var    Value     Gradient |Var    Value     Gradient |Var    Value     Gradient
  1  0.04431 -4.39677e+03 |  2 -0.00694  3.29436e+01 |  3  0.03298  2.10862e+01
  4 -0.02097  3.94647e+01 |  5 -0.14130  4.45076e+01 |  6 -0.02548  3.89595e+01
  7 -0.11681  4.49320e+01 |  8 -0.07549  3.93485e+01 |  9  0.00360  2.46438e+01
 10  0.10880 -2.20183e+01 | 11 -0.02873  6.27143e+00 | 12  0.01367 -8.17928e+00
 13  0.02595 -5.85003e+01 | 14  0.06304 -1.20286e+02 | 15 -0.00661 -2.95366e+01
 16 -0.05690 -2.04608e+01 | 17 -0.01007 -2.71205e+01 | 18  0.06080  4.64459e+01
 19  0.08511  8.20388e+01 | 20 -0.02218  2.56531e+01 | 21 -0.09474  4.36793e+01
 22 -0.03803 -1.03305e+01 | 23  0.02150 -2.61416e+01 | 24  0.01682 -3.45370e+01
 25 -0.00491 -7.86070e+01 | 26  0.06765 -2.59471e+02 | 27  0.00724 -1.52870e+02
 28  0.03413 -1.33627e+02 | 29  0.00832 -3.22633e+01 | 30  0.06735  1.43458e+01
 31  0.02546 -2.35688e+01 | 32  0.11509 -2.07385e+01 | 33  0.03165 -3.53461e+01
 34 -0.02604 -2.78272e+01 | 35  0.02744 -4.97382e+01 | 36 -0.16208  1.75255e+01
 37  0.24357 -2.82193e+03 | 38  0.25013 -1.15358e+02 | 39  0.24104 -5.04489e+02
 40  0.21802 -1.73047e+03 | 41 -0.33124  9.24856e+01 | 42 -0.80326  9.66950e+00
 43  0.36053  2.78027e+02 | 44 -0.35313 -5.24061e+01 | 45  0.27704 -2.32045e+02
 46 -0.45480  3.87300e+02 | 47  0.68964 -1.75771e+02 | 48 -0.70938  3.18255e+01
 49  0.13027 -3.71522e+01 | 50  0.11862  1.89650e+02 | 51 -0.17097  2.89708e+01
 52 -0.40772 -4.65386e+00 |
52 variables; iteration 40; function evaluation 53; phase 3
Function value 2.4019679e+03; maximum gradient component mag -1.5481e+03
Var    Value     Gradient |Var    Value     Gradient |Var    Value     Gradient
  1  0.04238 -1.54806e+03 |  2 -0.00141  1.38104e+01 |  3  0.03442 -3.85177e+00
  4 -0.02643 -2.18715e+00 |  5 -0.14204  2.09062e+01 |  6 -0.02849  8.48387e+00
  7 -0.12012  2.03501e+01 |  8 -0.07714  1.41411e+01 |  9  0.00581  1.19498e+01
 10  0.10882 -1.05057e+01 | 11 -0.01904  1.74682e+01 | 12  0.01280  1.34768e+00
 13  0.03476 -6.88972e+00 | 14  0.06974 -3.99296e+01 | 15  0.00381  4.98367e-01
 16 -0.05647 -1.02698e+01 | 17 -0.01197  2.08035e+00 | 18  0.05314  2.18621e+01
 19  0.07052  3.14202e+01 | 20 -0.02286  2.46867e+01 | 21 -0.10464  2.29088e+01
 22 -0.04007 -1.60933e+01 | 23  0.02926 -1.16891e+01 | 24  0.01928  4.84314e-02
 25 -0.00796 -2.26010e+01 | 26  0.07603 -7.88902e+01 | 27  0.02096 -3.10058e+01
 28  0.03514 -4.58424e+01 | 29  0.00288 -2.14874e+01 | 30  0.05945 -6.55612e+00
 31  0.02808 -1.98172e-01 | 32  0.10985 -1.01088e+01 | 33  0.03133 -2.69948e+01
 34 -0.02551 -2.61938e+01 | 35  0.03178 -3.98732e+00 | 36 -0.16086  2.25890e+00
 37  0.25066 -9.38294e+02 | 38  0.25037 -2.69981e+02 | 39  0.25290  2.46056e+01
 40  0.22168 -7.56664e+02 | 41 -0.43749 -8.95444e+01 | 42 -0.89656  6.81017e+01
 43  0.35989  6.58166e+01 | 44 -0.35563 -3.16890e+01 | 45  0.26962 -3.19301e+01
 46 -0.48984  2.54794e+01 | 47  0.76559 -1.10772e+02 | 48 -0.66050  3.47991e+01
 49  0.18776 -3.35464e+01 | 50  0.17767 -1.28261e+02 | 51 -0.15767  7.18053e+00
 52 -0.36853  2.62351e+02 |
52 variables; iteration 60; function evaluation 88; phase 3
Function value 2.3806953e+03; maximum gradient component mag -3.1342e+02
Var    Value     Gradient |Var    Value     Gradient |Var    Value     Gradient
  1  0.03428 -3.13424e+02 |  2  0.00947  7.64418e+00 |  3  0.04923  6.31887e-02
  4 -0.01566 -3.85131e+00 |  5 -0.13790  2.20438e+00 |  6 -0.02249  1.47823e-01
  7 -0.11695  5.66222e+00 |  8 -0.07206  2.83661e+00 |  9  0.01062  5.89939e+00
 10  0.11098  1.17794e+01 | 11 -0.01868  8.65731e+00 | 12  0.00326 -1.23762e+00
 13  0.03992  7.92720e+00 | 14  0.07867  9.36079e+00 | 15 -0.00410 -5.93851e+00
 16 -0.03729 -7.48985e+00 | 17 -0.01297  2.32598e+00 | 18  0.03585 -3.59073e+00
 19  0.05633 -5.35842e+00 | 20 -0.04567 -7.20002e+00 | 21 -0.12355  6.22484e+00
 22 -0.03547  4.63477e+00 | 23  0.03612 -1.71513e+00 | 24  0.00702  8.64090e-01
 25 -0.00776  7.14666e-01 | 26  0.08376  1.92784e+01 | 27  0.02209  9.59638e+00
 28  0.03190  2.81478e+00 | 29 -0.00586  2.22019e+00 | 30  0.04721 -9.44498e-01
 31  0.01695 -8.12208e+00 | 32  0.10336 -2.90425e+01 | 33  0.03171 -3.74186e+01
 34 -0.01372 -3.67567e+01 | 35  0.03476 -1.83583e+00 | 36 -0.14230  2.98599e+00
 37  0.26683  4.27073e+01 | 38  0.27646  1.32656e+02 | 39  0.26181  1.65286e+01
 40  0.22934 -1.24645e+02 | 41 -0.52104 -7.79169e+00 | 42 -0.87509  2.81588e+00
 43  0.38879  1.11752e+00 | 44 -0.34843  3.67085e+00 | 45  0.41190 -1.02006e+01
 46 -0.44248 -2.09981e+01 | 47  0.98163 -5.29799e+00 | 48 -0.64128  2.96130e+00
 49  0.25494 -6.65399e+00 | 50  0.23351 -8.72751e+00 | 51 -0.15361  4.38225e+00
 52 -0.37859  5.42569e+00 |
52 variables; iteration 80; function evaluation 108; phase 3
Function value 2.3802212e+03; maximum gradient component mag -3.0923e-01
Var    Value     Gradient |Var    Value     Gradient |Var    Value     Gradient
  1  0.03528 -5.61860e-02 |  2  0.00628 -3.36392e-03 |  3  0.04953 -4.24195e-03
  4 -0.01285 -1.03313e-03 |  5 -0.13574  2.83267e-03 |  6 -0.02114 -1.80221e-03
  7 -0.11606 -1.32344e-03 |  8 -0.07106  2.66853e-03 |  9  0.00964  2.11880e-03
 10  0.10970 -9.14123e-03 | 11 -0.02110 -3.15581e-03 | 12  0.00567 -1.76801e-04
 13  0.03821  7.18861e-03 | 14  0.07679  2.59819e-02 | 15 -0.00319  3.03979e-02
 16 -0.03735  4.03020e-02 | 17 -0.01560  4.16174e-02 | 18  0.03841 -3.44710e-03
 19  0.05748 -1.42653e-02 | 20 -0.04292  1.53171e-03 | 21 -0.12327 -8.88071e-03
 22 -0.03536  1.32624e-02 | 23  0.03562  2.84668e-02 | 24  0.00753 -4.50989e-03
 25 -0.00602 -4.42716e-04 | 26  0.08179 -1.53393e-02 | 27  0.02077 -2.11995e-02
 28  0.03206 -2.88444e-02 | 29 -0.00502 -1.57061e-02 | 30  0.04804 -1.77414e-02
 31  0.01799 -6.58318e-03 | 32  0.10317 -1.75755e-02 | 33  0.03245 -1.14247e-02
 34 -0.01470 -3.16133e-02 | 35  0.03236 -2.96123e-03 | 36 -0.14434 -1.34508e-03
 37  0.26516 -3.09227e-01 | 38  0.27381 -1.30323e-02 | 39  0.26069 -2.81771e-02
 40  0.22935  2.19493e-01 | 41 -0.51515 -1.87882e-02 | 42 -0.87402 -9.52271e-03
 43  0.38484  4.25868e-02 | 44 -0.34951 -2.23868e-02 | 45  0.40691  3.06715e-03
 46 -0.44151 -4.13104e-02 | 47  0.99997  2.92858e-03 | 48 -0.65532  3.05135e-02
 49  0.25101 -2.57181e-03 | 50  0.22916 -2.54493e-02 | 51 -0.15405 -7.11802e-03
 52 -0.37928  2.29680e-02 |
52 variables; iteration 100; function evaluation 129; phase 3
Function value 2.3802205e+03; maximum gradient component mag -2.1790e+00
Var    Value     Gradient |Var    Value     Gradient |Var    Value     Gradient
  1  0.03528 -2.17899e+00 |  2  0.00628  2.36956e-02 |  3  0.04953  1.25067e-02
  4 -0.01285  2.70598e-02 |  5 -0.13574  2.39864e-02 |  6 -0.02113  2.43970e-02
  7 -0.11606  3.53524e-02 |  8 -0.07107  2.27135e-02 |  9  0.00963  1.00837e-02
 10  0.10970 -1.36771e-02 | 11 -0.02110  1.42758e-02 | 12  0.00568  5.07540e-03
 13  0.03821 -2.77608e-02 | 14  0.07679 -4.95253e-02 | 15 -0.00319 -4.09269e-02
 16 -0.03735 -4.32198e-02 | 17 -0.01561 -4.94752e-02 | 18  0.03841  1.16816e-02
 19  0.05748  1.48668e-02 | 20 -0.04292  2.25350e-03 | 21 -0.12326  3.72480e-04
 22 -0.03536 -1.99192e-03 | 23  0.03561 -2.37155e-02 | 24  0.00753 -1.11780e-02
 25 -0.00602 -1.45734e-02 | 26  0.08179 -2.81063e-02 | 27  0.02077 -9.33415e-03
 28  0.03207 -1.67405e-02 | 29 -0.00502  1.45260e-03 | 30  0.04804  1.38070e-02
 31  0.01799  9.96920e-03 | 32  0.10317  1.09172e-02 | 33  0.03245 -3.29990e-04
 34 -0.01469  1.50019e-02 | 35  0.03236  2.67635e-02 | 36 -0.14432  4.60146e-02
 37  0.26516 -6.38607e-02 | 38  0.27381 -7.45039e-02 | 39  0.26069  3.45091e-02
 40  0.22935 -4.84534e-02 | 41 -0.46629 -9.52573e-01 | 42 -0.82944  8.54723e-01
 43  0.38484 -5.65152e-03 | 44 -0.34950  1.27858e-02 | 45  0.40692  1.81333e-02
 46 -0.44150 -2.18307e-02 | 47  0.99979 -1.14786e-02 | 48 -0.65549 -8.71613e-03
 49  0.22514 -1.01521e-01 | 50  0.20361 -1.65877e+00 | 51 -0.16794  1.23545e-01
 52 -0.39568  1.91974e+00 |
52 variables; iteration 120; function evaluation 152; phase 3
Function value 2.3802201e+03; maximum gradient component mag -9.5682e-01
Var    Value     Gradient |Var    Value     Gradient |Var    Value     Gradient
  1  0.03528 -9.56818e-01 |  2  0.00628  5.63588e-03 |  3  0.04953 -1.82130e-04
  4 -0.01285  5.90773e-03 |  5 -0.13574  1.40245e-02 |  6 -0.02114  5.99698e-03
  7 -0.11606  1.24830e-02 |  8 -0.07107  1.35397e-02 |  9  0.00964  7.15771e-03
 10  0.10970 -9.74125e-03 | 11 -0.02110  3.57080e-03 | 12  0.00567 -1.34355e-03
 13  0.03821 -9.68017e-03 | 14  0.07679 -7.95422e-03 | 15 -0.00319  3.94793e-03
 16 -0.03735  7.86866e-03 | 17 -0.01560  1.02986e-02 | 18  0.03841  1.42324e-03
 19  0.05748 -5.17282e-03 | 20 -0.04292  2.58304e-03 | 21 -0.12326 -2.86142e-03
 22 -0.03536  9.44578e-03 | 23  0.03562  1.43493e-02 | 24  0.00753 -4.79284e-03
 25 -0.00602 -8.57162e-03 | 26  0.08179 -2.74369e-02 | 27  0.02077 -1.36173e-02
 28  0.03206 -2.67804e-02 | 29 -0.00502 -8.25787e-03 | 30  0.04804 -2.25748e-03
 31  0.01799  1.10729e-03 | 32  0.10317 -9.69516e-03 | 33  0.03245 -7.10763e-03
 34 -0.01470 -1.60988e-02 | 35  0.03236  8.40858e-03 | 36 -0.14433  1.80354e-02
 37  0.26516 -1.60001e-01 | 38  0.27381 -2.92613e-02 | 39  0.26069 -1.59678e-02
 40  0.22935  1.03586e-01 | 41 -0.44124 -4.17106e-01 | 42 -0.79550  4.08344e-01
 43  0.38484  2.18255e-02 | 44 -0.34951 -1.16738e-02 | 45  0.40692  2.62193e-03
 46 -0.44150 -1.78810e-02 | 47  0.99957 -2.64485e-02 | 48 -0.65538  1.51730e-02
 49  0.21130 -4.51680e-02 | 50  0.18993 -7.01383e-01 | 51 -0.18142  4.35166e-02
 52 -0.41177  7.65190e-01 |
52 variables; iteration 140; function evaluation 176; phase 3
Function value 2.3802197e+03; maximum gradient component mag -1.0902e+00
Var    Value     Gradient |Var    Value     Gradient |Var    Value     Gradient
  1  0.03528 -1.09018e+00 |  2  0.00628  7.72496e-03 |  3  0.04953  2.28967e-03
  4 -0.01285  1.09391e-02 |  5 -0.13574  1.47687e-02 |  6 -0.02114  1.01984e-02
  7 -0.11606  1.63407e-02 |  8 -0.07107  1.33458e-02 |  9  0.00964  9.52985e-03
 10  0.10970 -3.65480e-03 | 11 -0.02110  5.46800e-03 | 12  0.00568  2.73234e-03
 13  0.03821 -7.47610e-03 | 14  0.07679 -1.16849e-02 | 15 -0.00319 -4.11326e-03
 16 -0.03735 -3.05847e-03 | 17 -0.01561 -3.69536e-03 | 18  0.03841  7.07457e-03
 19  0.05748  6.08524e-03 | 20 -0.04292  5.97464e-03 | 21 -0.12326 -3.40259e-03
 22 -0.03536  5.34576e-03 | 23  0.03562 -6.46567e-05 | 24  0.00753 -9.39785e-03
 25 -0.00602 -8.08730e-03 | 26  0.08179 -2.59979e-02 | 27  0.02077 -1.16411e-02
 28  0.03206 -2.59672e-02 | 29 -0.00502 -6.00332e-03 | 30  0.04804 -2.62975e-03
 31  0.01799  2.05671e-03 | 32  0.10317 -9.76995e-03 | 33  0.03245 -1.03338e-02
 34 -0.01470 -1.22024e-02 | 35  0.03236  1.73718e-02 | 36 -0.14433  2.24458e-02
 37  0.26516 -1.15392e-01 | 38  0.27381 -4.50549e-02 | 39  0.26069 -6.25479e-03
 40  0.22935  6.67042e-02 | 41 -0.41106 -5.35718e-01 | 42 -0.75463  6.10372e-01
 43  0.38484  1.33827e-02 | 44 -0.34951 -9.36760e-03 | 45  0.40692  9.69421e-03
 46 -0.44150 -1.99637e-02 | 47  0.99997  1.81001e-03 | 48 -0.65540  1.10966e-02
 49  0.19417 -4.92425e-02 | 50  0.17298 -8.84089e-01 | 51 -0.20084  5.17448e-02
 52 -0.43535  9.25413e-01 |
52 variables; iteration 160; function evaluation 202; phase 3
Function value 2.3802193e+03; maximum gradient component mag 7.8434e-01
Var    Value     Gradient |Var    Value     Gradient |Var    Value     Gradient
  1  0.03528 -4.05186e-01 |  2  0.00628  2.64099e-03 |  3  0.04953  2.23660e-03
  4 -0.01285  3.83151e-03 |  5 -0.13574  5.65020e-03 |  6 -0.02114  2.96960e-03
  7 -0.11606  4.20884e-03 |  8 -0.07107  6.01729e-03 |  9  0.00964  2.63683e-03
 10  0.10970 -2.71514e-03 | 11 -0.02110  2.66246e-04 | 12  0.00567 -1.42972e-03
 13  0.03821 -8.96277e-03 | 14  0.07679 -5.20515e-03 | 15 -0.00319 -9.20748e-03
 16 -0.03735 -1.26945e-02 | 17 -0.01561 -1.37739e-02 | 18  0.03841  5.82652e-03
 19  0.05748  7.72691e-03 | 20 -0.04292  1.32500e-03 | 21 -0.12326 -6.41437e-03
 22 -0.03536  1.03282e-03 | 23  0.03562  7.42280e-03 | 24  0.00753 -3.41269e-03
 25 -0.00602 -4.71917e-03 | 26  0.08179  3.01888e-05 | 27  0.02077 -4.21465e-03
 28  0.03206 -6.85668e-03 | 29 -0.00502 -1.89821e-03 | 30  0.04804  4.19113e-03
 31  0.01799 -6.92475e-04 | 32  0.10317  3.70326e-03 | 33  0.03245  4.48574e-05
 34 -0.01469 -7.41983e-03 | 35  0.03236  1.15500e-02 | 36 -0.14433  1.11776e-02
 37  0.26516 -8.96602e-03 | 38  0.27381  1.39858e-02 | 39  0.26069  4.66981e-03
 40  0.22935  7.45289e-02 | 41 -0.36561 -3.45722e-01 | 42 -0.71477  6.15604e-01
 43  0.38484  8.01748e-03 | 44 -0.34950 -8.07157e-03 | 45  0.40692 -3.41782e-04
 46 -0.44150 -8.96544e-03 | 47  0.99996  4.97654e-04 | 48 -0.65542  6.65535e-03
 49  0.16750 -2.16882e-02 | 50  0.14655 -5.56271e-01 | 51 -0.22324  3.66302e-02
 52 -0.46317  7.84343e-01 |
52 variables; iteration 180; function evaluation 228; phase 3
Function value 2.3802190e+03; maximum gradient component mag 3.2680e-01
Var    Value     Gradient |Var    Value     Gradient |Var    Value     Gradient
  1  0.03528  2.81971e-01 |  2  0.00628 -3.59547e-03 |  3  0.04953 -3.01490e-03
  4 -0.01285 -3.49409e-03 |  5 -0.13574 -3.61554e-03 |  6 -0.02114 -3.41680e-03
  7 -0.11606 -3.88785e-03 |  8 -0.07107 -3.95101e-03 |  9  0.00964 -2.97351e-03
 10  0.10970 -1.68202e-03 | 11 -0.02110 -2.55284e-03 | 12  0.00568 -2.07851e-04
 13  0.03821 -6.67814e-05 | 14  0.07679  5.38839e-03 | 15 -0.00319 -6.33134e-03
 16 -0.03735 -1.04896e-02 | 17 -0.01561 -1.43438e-02 | 18  0.03841  4.69438e-03
 19  0.05748  9.19397e-03 | 20 -0.04292 -3.38701e-04 | 21 -0.12326 -6.85807e-03
 22 -0.03536 -1.41755e-03 | 23  0.03562  8.37785e-03 | 24  0.00753  2.12828e-03
 25 -0.00602 -1.66924e-03 | 26  0.08179  1.39261e-02 | 27  0.02077  7.67679e-03
 28  0.03207  4.59063e-03 | 29 -0.00502  5.02913e-05 | 30  0.04804  2.94445e-03
 31  0.01799 -7.92857e-04 | 32  0.10317  1.14132e-02 | 33  0.03245  2.66666e-03
 34 -0.01469 -4.35803e-03 | 35  0.03236  4.88839e-03 | 36 -0.14433 -6.62490e-04
 37  0.26516  4.67039e-02 | 38  0.27381  2.96298e-02 | 39  0.26069  1.46433e-02
 40  0.22935  6.90318e-02 | 41 -0.29474 -5.21944e-02 | 42 -0.67315  3.01887e-01
 43  0.38484  3.17047e-03 | 44 -0.34950 -6.99971e-03 | 45  0.40692 -3.59040e-03
 46 -0.44150 -6.61396e-03 | 47  0.99996  3.17292e-04 | 48 -0.65543  3.51732e-03
 49  0.12407  7.82375e-03 | 50  0.10342 -8.79499e-02 | 51 -0.25036  9.72022e-03
 52 -0.49786  3.26799e-01 |
52 variables; iteration 200; function evaluation 253; phase 3
Function value 2.3802188e+03; maximum gradient component mag 3.5160e-01
Var    Value     Gradient |Var    Value     Gradient |Var    Value     Gradient
  1  0.03527  5.65309e-02 |  2  0.00628 -3.21698e-03 |  3  0.04953 -3.30254e-03
  4 -0.01285 -1.45656e-03 |  5 -0.13574  4.02348e-04 |  6 -0.02114 -2.63027e-03
  7 -0.11606 -8.86925e-04 |  8 -0.07107 -1.12241e-03 |  9  0.00964 -1.74691e-03
 10  0.10970 -4.63394e-03 | 11 -0.02110 -2.99822e-03 | 12  0.00567 -1.04332e-03
 13  0.03821 -6.16149e-04 | 14  0.07679  4.33924e-03 | 15 -0.00319  6.70093e-05
 16 -0.03735 -6.31947e-04 | 17 -0.01561 -2.99502e-03 | 18  0.03841  4.48978e-03
 19  0.05748  6.64084e-03 | 20 -0.04292  1.10207e-03 | 21 -0.12326 -6.89257e-03
 22 -0.03536  2.30060e-03 | 23  0.03562  1.33314e-02 | 24  0.00753  2.61829e-05
 25 -0.00602 -2.99388e-03 | 26  0.08179  5.20876e-03 | 27  0.02077  2.24116e-03
 28  0.03206 -7.94680e-03 | 29 -0.00502 -4.86783e-03 | 30  0.04804  2.03810e-03
 31  0.01799  7.98790e-04 | 32  0.10317  5.81887e-03 | 33  0.03245 -1.00200e-03
 34 -0.01470 -1.21779e-02 | 35  0.03236  6.11989e-03 | 36 -0.14433  2.28459e-03
 37  0.26516  3.07605e-03 | 38  0.27381  2.09356e-02 | 39  0.26069  9.29586e-03
 40  0.22935  8.53594e-02 | 41 -0.20945 -1.23240e-01 | 42 -0.63425  3.51597e-01
 43  0.38484  7.71010e-03 | 44 -0.34951 -9.49386e-03 | 45  0.40692 -8.25136e-04
 46 -0.44150 -1.07098e-02 | 47  0.99996  5.45384e-04 | 48 -0.65541  8.42901e-03
 49  0.06935 -2.98690e-03 | 50  0.04895 -1.83631e-01 | 51 -0.27924  1.01102e-02
 52 -0.53627  3.20649e-01 |
52 variables; iteration 220; function evaluation 277; phase 3
Function value 2.3802188e+03; maximum gradient component mag 1.5431e-01
Var    Value     Gradient |Var    Value     Gradient |Var    Value     Gradient
  1  0.03528  7.06128e-02 |  2  0.00628 -1.46411e-03 |  3  0.04953 -6.69766e-04
  4 -0.01285 -8.34827e-04 |  5 -0.13574 -5.92274e-04 |  6 -0.02114 -9.05302e-04
  7 -0.11606 -1.24391e-03 |  8 -0.07107 -1.00195e-03 |  9  0.00964 -1.04817e-03
 10  0.10970 -1.74485e-03 | 11 -0.02110 -1.53112e-03 | 12  0.00568 -6.38080e-04
 13  0.03821 -7.25927e-04 | 14  0.07679  3.31282e-03 | 15 -0.00319 -4.32929e-04
 16 -0.03735 -1.34961e-03 | 17 -0.01561 -2.52523e-03 | 18  0.03841  1.70782e-03
 19  0.05748  2.64975e-03 | 20 -0.04292  9.07554e-05 | 21 -0.12326 -3.19666e-03
 22 -0.03536  9.62049e-04 | 23  0.03562  5.38678e-03 | 24  0.00753  7.13653e-04
 25 -0.00602 -4.76033e-04 | 26  0.08179  3.89815e-03 | 27  0.02077  7.64104e-04
 28  0.03207 -8.83344e-04 | 29 -0.00502 -3.34769e-04 | 30  0.04804  3.40309e-04
 31  0.01799 -1.01584e-03 | 32  0.10317  1.87442e-03 | 33  0.03245 -5.87399e-04
 34 -0.01469 -4.13742e-03 | 35  0.03236  2.75760e-03 | 36 -0.14433  2.56458e-04
 37  0.26516 -2.94960e-03 | 38  0.27381  8.97330e-03 | 39  0.26069  3.51704e-03
 40  0.22935  3.75196e-02 | 41 -0.14808 -3.91810e-02 | 42 -0.61066  1.54309e-01
 43  0.38484  3.35287e-03 | 44 -0.34950 -3.92462e-03 | 45  0.40692 -6.80564e-04
 46 -0.44150 -4.83318e-03 | 47  0.99996  5.78732e-04 | 48 -0.65543  3.56506e-03
 49  0.02870  2.75716e-03 | 50  0.00838 -6.00268e-02 | 51 -0.29850  2.26226e-03
 52 -0.56291  1.26997e-01 |
52 variables; iteration 240; function evaluation 299; phase 3
Function value 2.3802188e+03; maximum gradient component mag 8.1555e-03
Var    Value     Gradient |Var    Value     Gradient |Var    Value     Gradient
  1  0.03527  8.15548e-03 |  2  0.00628 -1.89876e-04 |  3  0.04953 -1.90764e-04
  4 -0.01285 -1.84502e-04 |  5 -0.13574 -6.16184e-05 |  6 -0.02114 -1.53271e-04
  7 -0.11606 -1.15038e-04 |  8 -0.07107 -9.71322e-05 |  9  0.00964 -7.47975e-05
 10  0.10970 -2.16465e-04 | 11 -0.02110 -1.21910e-04 | 12  0.00568 -3.27591e-05
 13  0.03821  1.97527e-04 | 14  0.07679  4.16096e-04 | 15 -0.00319  4.01019e-04
 16 -0.03735  4.79197e-04 | 17 -0.01561  5.00207e-04 | 18  0.03841 -3.60216e-05
 19  0.05748 -1.05514e-04 | 20 -0.04292  4.38078e-05 | 21 -0.12326 -6.98776e-05
 22 -0.03536  1.80044e-04 | 23  0.03562  4.97801e-04 | 24  0.00753  1.17894e-04
 25 -0.00602 -1.17854e-05 | 26  0.08179 -1.11986e-04 | 27  0.02077  3.98515e-05
 28  0.03207 -1.37216e-04 | 29 -0.00502 -8.34124e-05 | 30  0.04804 -2.16036e-04
 31  0.01799 -5.19820e-05 | 32  0.10317 -1.68344e-04 | 33  0.03245 -1.46070e-04
 34 -0.01469 -3.65039e-04 | 35  0.03236 -9.03747e-07 | 36 -0.14433 -1.61247e-04
 37  0.26516 -2.07683e-03 | 38  0.27381 -1.03219e-04 | 39  0.26069 -1.89982e-04
 40  0.22935  1.96630e-03 | 41 -0.12592  3.05743e-03 | 42 -0.60288 -4.74954e-03
 43  0.38484  3.40829e-04 | 44 -0.34950 -3.14828e-04 | 45  0.40692 -1.11152e-05
 46 -0.44150 -2.83031e-04 | 47  0.99996  4.11633e-05 | 48 -0.65545  3.13175e-04
 49  0.01381  2.18988e-04 | 50 -0.00651  5.28639e-03 | 51 -0.30516 -3.39146e-04
 52 -0.57234 -5.17041e-03 |
52 variables; iteration 260; function evaluation 324; phase 3
Function value 2.3802188e+03; maximum gradient component mag 2.8160e-01
Var    Value     Gradient |Var    Value     Gradient |Var    Value     Gradient
  1  0.03528  2.48537e-01 |  2  0.00628 -6.95002e-04 |  3  0.04953  9.44259e-04
  4 -0.01285 -1.47561e-03 |  5 -0.13574 -4.26571e-03 |  6 -0.02114 -1.39211e-03
  7 -0.11606 -3.66527e-03 |  8 -0.07107 -2.92644e-03 |  9  0.00964 -1.58712e-03
 10  0.10970  5.48301e-03 | 11 -0.02110  2.79172e-04 | 12  0.00568 -9.06558e-06
 13  0.03821 -2.75422e-03 | 14  0.07679 -1.82879e-03 | 15 -0.00319 -1.17776e-02
 16 -0.03735 -1.65739e-02 | 17 -0.01561 -2.01857e-02 | 18  0.03841  3.94013e-03
 19  0.05748  9.46303e-03 | 20 -0.04292 -1.14808e-03 | 21 -0.12326 -3.65962e-03
 22 -0.03536 -5.65783e-03 | 23  0.03562 -1.62527e-03 | 24  0.00753 -2.26803e-05
 25 -0.00602 -9.48772e-04 | 26  0.08179  1.50491e-02 | 27  0.02077  6.52360e-03
 28  0.03207  1.09567e-02 | 29 -0.00502  1.79271e-03 | 30  0.04804  5.62638e-03
 31  0.01799 -1.07235e-04 | 32  0.10317  1.37021e-02 | 33  0.03245  6.89029e-03
 34 -0.01469  4.03588e-03 | 35  0.03236  1.49174e-03 | 36 -0.14433 -1.00069e-03
 37  0.26516  8.36998e-02 | 38  0.27381  2.72110e-02 | 39  0.26069  1.51407e-02
 40  0.22935  1.28834e-02 | 41 -0.08920 -2.54531e-02 | 42 -0.60770  2.81597e-01
 43  0.38484 -4.49713e-03 | 44 -0.34950  3.71975e-04 | 45  0.40692 -4.34427e-03
 46 -0.44150  2.49011e-03 | 47  0.99995 -2.83559e-04 | 48 -0.65546 -3.73213e-03
 49 -0.01107  1.33939e-02 | 50 -0.03140 -5.02828e-02 | 51 -0.30101  3.78224e-03
 52 -0.56644  2.29712e-01 |
52 variables; iteration 280; function evaluation 345; phase 3
Function value 2.3802187e+03; maximum gradient component mag 2.2227e-02
Var    Value     Gradient |Var    Value     Gradient |Var    Value     Gradient
  1  0.03527  2.22266e-02 |  2  0.00628 -6.11336e-04 |  3  0.04953 -4.51483e-04
  4 -0.01285 -3.65410e-04 |  5 -0.13574 -1.53020e-04 |  6 -0.02114 -4.10997e-04
  7 -0.11606 -3.53224e-04 |  8 -0.07107 -3.44051e-04 |  9  0.00964 -3.98994e-04
 10  0.10970 -8.72713e-04 | 11 -0.02110 -5.72706e-04 | 12  0.00568 -1.91816e-04
 13  0.03821  3.16600e-04 | 14  0.07679  1.30269e-03 | 15 -0.00319  8.12783e-04
 16 -0.03735  9.51195e-04 | 17 -0.01561  8.03363e-04 | 18  0.03841  2.13074e-04
 19  0.05748  2.39860e-04 | 20 -0.04292  1.37789e-04 | 21 -0.12326 -6.62299e-04
 22 -0.03536  5.88530e-04 | 23  0.03562  1.78269e-03 | 24  0.00753  2.36127e-04
 25 -0.00602 -1.76083e-04 | 26  0.08179  2.34469e-04 | 27  0.02077  1.12515e-04
 28  0.03207 -4.01954e-04 | 29 -0.00502 -2.98173e-04 | 30  0.04804 -4.47095e-04
 31  0.01799 -2.34072e-04 | 32  0.10317 -7.05247e-05 | 33  0.03245 -3.89272e-04
 34 -0.01469 -1.39451e-03 | 35  0.03236  4.84743e-04 | 36 -0.14433 -2.20313e-04
 37  0.26516 -5.48026e-03 | 38  0.27381  1.28096e-03 | 39  0.26069  5.46726e-04
 40  0.22935  9.31472e-03 | 41 -0.03805  1.05877e-03 | 42 -0.62255  1.14265e-02
 43  0.38484  1.10115e-03 | 44 -0.34950 -1.01263e-03 | 45  0.40692  1.33766e-04
 46 -0.44150 -1.64755e-03 | 47  0.99995 -2.94105e-04 | 48 -0.65544  1.18251e-03
 49 -0.04610  1.80975e-04 | 50 -0.06649  1.06976e-03 | 51 -0.28864  1.37170e-05
 52 -0.54915  9.48397e-03 |
52 variables; iteration 300; function evaluation 371; phase 3
Function value 2.3802187e+03; maximum gradient component mag 1.2120e-01
Var    Value     Gradient |Var    Value     Gradient |Var    Value     Gradient
  1  0.03527  1.21200e-01 |  2  0.00628 -1.09808e-03 |  3  0.04953 -4.20255e-04
  4 -0.01285 -1.11233e-03 |  5 -0.13574 -1.73522e-03 |  6 -0.02114 -1.03818e-03
  7 -0.11606 -1.78878e-03 |  8 -0.07107 -1.56788e-03 |  9  0.00964 -1.15434e-03
 10  0.10970  6.19044e-04 | 11 -0.02110 -7.44702e-04 | 12  0.00568 -3.44640e-04
 13  0.03821  1.26805e-05 | 14  0.07679  1.25790e-03 | 15 -0.00319 -1.44055e-03
 16 -0.03735 -2.21612e-03 | 17 -0.01561 -3.08089e-03 | 18  0.03841  7.28296e-04
 19  0.05748  1.73425e-03 | 20 -0.04292 -4.62107e-04 | 21 -0.12326 -1.15407e-03
 22 -0.03536 -6.38495e-04 | 23  0.03562  9.59545e-04 | 24  0.00753  6.02514e-04
 25 -0.00602  4.36280e-04 | 26  0.08179  4.96515e-03 | 27  0.02077  1.57272e-03
 28  0.03207  2.73084e-03 | 29 -0.00502  8.15802e-04 | 30  0.04804  1.19519e-03
 31  0.01799 -4.04246e-04 | 32  0.10317  2.88299e-03 | 33  0.03245  1.32659e-03
 34 -0.01469  3.24445e-04 | 35  0.03236 -7.14546e-05 | 36 -0.14433 -1.47492e-03
 37  0.26516  1.33513e-02 | 38  0.27381  7.47737e-03 | 39  0.26069  4.10735e-03
 40  0.22935  7.59554e-03 | 41 -0.05650  2.99356e-02 | 42 -0.63061  1.27467e-02
 43  0.38484 -6.28050e-04 | 44 -0.34950 -1.06811e-04 | 45  0.40692 -7.25560e-04
 46 -0.44150 -7.19872e-04 | 47  0.99996  3.78942e-04 | 48 -0.65545 -2.01519e-04
 49 -0.03342  4.42692e-03 | 50 -0.05378  3.91177e-02 | 51 -0.28214 -8.97958e-04
 52 -0.54022  1.21136e-02 |
52 variables; iteration 320; function evaluation 392; phase 3
Function value 2.3802187e+03; maximum gradient component mag -6.2401e-02
Var    Value     Gradient |Var    Value     Gradient |Var    Value     Gradient
  1  0.03527 -6.24010e-02 |  2  0.00628  2.18559e-05 |  3  0.04953 -2.63901e-04
  4 -0.01285  4.09114e-04 |  5 -0.13574  1.06679e-03 |  6 -0.02114  2.61628e-04
  7 -0.11606  9.51671e-04 |  8 -0.07107  7.06393e-04 |  9  0.00964  2.70183e-04
 10  0.10970 -1.63025e-03 | 11 -0.02110 -1.54679e-04 | 12  0.00568 -3.68021e-05
 13  0.03821  3.05757e-05 | 14  0.07679  4.22374e-04 | 15 -0.00319  1.48418e-03
 16 -0.03735  2.14108e-03 | 17 -0.01561  2.33451e-03 | 18  0.03841  4.74393e-05
 19  0.05748 -4.60184e-04 | 20 -0.04292  5.15596e-04 | 21 -0.12326 -2.21381e-04
 22 -0.03536  1.19447e-03 | 23  0.03562  1.78151e-03 | 24  0.00753 -1.54606e-04
 25 -0.00602 -6.23751e-04 | 26  0.08179 -2.67750e-03 | 27  0.02077 -7.74125e-04
 28  0.03207 -2.66184e-03 | 29 -0.00502 -9.31618e-04 | 30  0.04804 -9.90988e-04
 31  0.01799  1.74751e-04 | 32  0.10317 -1.54527e-03 | 33  0.03245 -1.28242e-03
 34 -0.01469 -2.06500e-03 | 35  0.03236  1.01939e-03 | 36 -0.14433  1.05782e-03
 37  0.26516 -1.61653e-02 | 38  0.27381 -3.47826e-03 | 39  0.26069 -8.22043e-04
 40  0.22935  8.63105e-03 | 41 -0.05918 -3.10267e-02 | 42 -0.63447  2.94713e-02
 43  0.38484  1.76345e-03 | 44 -0.34950 -1.46785e-03 | 45  0.40692  1.03990e-03
 46 -0.44150 -2.45553e-03 | 47  0.99995 -7.37039e-04 | 48 -0.65544  1.67681e-03
 49 -0.03159 -3.25532e-03 | 50 -0.05195 -4.19124e-02 | 51 -0.27908  1.52936e-03
 52 -0.53605  2.63413e-02 |
Warning: the following parameters had issues
  selparm[7] is within 0.1% of upper bound: -3.00000e+00 < 1.50000e+01 < 1.50000e+01


 - final statistics:
52 variables; iteration 336; function evaluation 408
Function value 2.3802e+03; maximum gradient component mag 5.5109e-05
Exit code = 1;  converg criter 1.0000e-04
Var    Value     Gradient |Var    Value     Gradient |Var    Value     Gradient
  1  0.03527  5.51094e-05 |  2  0.00628 -4.67364e-07 |  3  0.04953 -3.39148e-07
  4 -0.01285 -5.94193e-07 |  5 -0.13574 -4.02268e-07 |  6 -0.02114 -7.32178e-07
  7 -0.11606 -1.22658e-06 |  8 -0.07107 -5.19316e-07 |  9  0.00964  5.09267e-08
 10  0.10970  5.24754e-07 | 11 -0.02110 -9.23775e-07 | 12  0.00568 -5.00362e-07
 13  0.03821 -7.92995e-07 | 14  0.07679 -8.71189e-08 | 15 -0.00319 -2.77574e-07
 16 -0.03735 -1.05367e-06 | 17 -0.01561 -4.76699e-07 | 18  0.03841  4.91890e-07
 19  0.05748  1.08357e-06 | 20 -0.04292 -5.24256e-08 | 21 -0.12326 -7.39176e-07
 22 -0.03536 -8.38381e-07 | 23  0.03562  1.40349e-08 | 24  0.00753 -4.32457e-07
 25 -0.00602  3.85476e-07 | 26  0.08179  2.31708e-06 | 27  0.02077 -4.65497e-07
 28  0.03207  1.31681e-06 | 29 -0.00502  8.42560e-07 | 30  0.04804  1.98627e-06
 31  0.01799 -1.38025e-07 | 32  0.10317  1.49986e-06 | 33  0.03245  5.85230e-07
 34 -0.01469 -6.31778e-07 | 35  0.03236 -2.67462e-07 | 36 -0.14433 -9.40743e-07
 37  0.26516  2.52582e-05 | 38  0.27381  9.38135e-06 | 39  0.26069  7.67625e-07
 40  0.22935  4.44617e-06 | 41 -0.05820  1.22887e-05 | 42 -0.63580  9.24739e-06
 43  0.38484  6.93653e-08 | 44 -0.34950 -1.41837e-06 | 45  0.40692 -2.61719e-06
 46 -0.44150  3.07435e-06 | 47  0.99996 -2.75761e-06 | 48 -0.65545  4.57516e-08
 49 -0.03226  1.84763e-06 | 50 -0.05262  1.60016e-05 | 51 -0.27803 -5.06960e-07
 52 -0.53463  8.98967e-06 |
Estimating row 1 out of 52 for hessian
Estimating row 2 out of 52 for hessian
Estimating row 3 out of 52 for hessian
Estimating row 4 out of 52 for hessian
Estimating row 5 out of 52 for hessian
Estimating row 6 out of 52 for hessian
Estimating row 7 out of 52 for hessian
Estimating row 8 out of 52 for hessian
Estimating row 9 out of 52 for hessian
Estimating row 10 out of 52 for hessian
Estimating row 11 out of 52 for hessian
Estimating row 12 out of 52 for hessian
Estimating row 13 out of 52 for hessian
Estimating row 14 out of 52 for hessian
Estimating row 15 out of 52 for hessian
Estimating row 16 out of 52 for hessian
Estimating row 17 out of 52 for hessian
Estimating row 18 out of 52 for hessian
Estimating row 19 out of 52 for hessian
Estimating row 20 out of 52 for hessian
Estimating row 21 out of 52 for hessian
Estimating row 22 out of 52 for hessian
Estimating row 23 out of 52 for hessian
Estimating row 24 out of 52 for hessian
Estimating row 25 out of 52 for hessian
Estimating row 26 out of 52 for hessian
Estimating row 27 out of 52 for hessian
Estimating row 28 out of 52 for hessian
Estimating row 29 out of 52 for hessian
Estimating row 30 out of 52 for hessian
Estimating row 31 out of 52 for hessian
Estimating row 32 out of 52 for hessian
Estimating row 33 out of 52 for hessian
Estimating row 34 out of 52 for hessian
Estimating row 35 out of 52 for hessian
Estimating row 36 out of 52 for hessian
Estimating row 37 out of 52 for hessian
Estimating row 38 out of 52 for hessian
Estimating row 39 out of 52 for hessian
Estimating row 40 out of 52 for hessian
Estimating row 41 out of 52 for hessian
Estimating row 42 out of 52 for hessian
Estimating row 43 out of 52 for hessian
Estimating row 44 out of 52 for hessian
Estimating row 45 out of 52 for hessian
Estimating row 46 out of 52 for hessian
Estimating row 47 out of 52 for hessian
Estimating row 48 out of 52 for hessian
Estimating row 49 out of 52 for hessian
Estimating row 50 out of 52 for hessian
Estimating row 51 out of 52 for hessian
Estimating row 52 out of 52 for hessian
size of file gradfil1.tmp = 0
size of file gradfil2.tmp = 0
size of file varssave.tmp = 0
size of file cmpdiff.tmp = 0
