
Initial statistics: 36 variables; iteration 0; function evaluation 0; phase 1
Function value 7.1089869e+03; maximum gradient component mag 1.2944e+04
Var    Value     Gradient |Var    Value     Gradient |Var    Value     Gradient
  1  0.08737  1.29436e+04 |  2  0.05327 -4.78640e+01 |  3  0.00577 -2.48020e+02
  4  0.01451 -9.26441e+01 |  5 -0.19932 -2.52331e+02 |  6 -0.03242 -1.83352e+02
  7 -0.15285 -2.33555e+02 |  8 -0.12064 -2.33379e+02 |  9  0.04129 -1.22602e+02
 10  0.12563 -2.37714e+02 | 11 -0.00372 -5.07632e+01 | 12  0.04649 -2.26217e+02
 13  0.02584 -1.06343e+02 | 14  0.05219  1.18745e+02 | 15 -0.01897  9.11886e+01
 16 -0.01468  3.10225e+02 | 17 -0.01624  2.10668e+02 | 18 -0.02184  5.72906e+01
 19  0.09230  3.63761e+02 | 20  0.01239  2.70668e+02 | 21 -0.08603 -1.01786e+02
 22 -0.00157  4.29530e+02 | 23  0.01963  2.03882e+02 | 24 -0.03318 -1.58070e+02
 25  0.01534  4.08891e+02 | 26  0.01897  3.53532e+02 | 27  0.09343  9.21909e+02
 28  0.01673 -1.36303e+02 | 29 -0.00032 -2.26592e+01 | 30 -0.02955 -1.41715e+01
 31 -0.01524 -2.28672e+02 | 32  0.07098 -2.58280e+02 | 33 -0.01926 -5.09053e+02
 34 -0.00235 -1.94932e+02 | 35  0.05934  1.40320e+01 | 36  0.00024 -7.73321e+01

Intermediate statistics: 36 variables; iteration 20; function evaluation 30; phase 1
Function value 6.5767415e+03; maximum gradient component mag -1.2669e+03
Var    Value     Gradient |Var    Value     Gradient |Var    Value     Gradient
  1  0.05768 -1.26691e+03 |  2 -0.01465 -4.96273e+00 |  3  0.04219 -2.35303e+01
  4  0.02588  7.06032e+01 |  5 -0.12076  4.89021e+00 |  6  0.02196  1.58017e+01
  7 -0.07303  7.10312e-01 |  8  0.01253  7.47331e+01 |  9  0.08074  4.73280e+01
 10  0.19618  2.58700e+01 | 11 -0.02026  1.96315e+01 | 12  0.12216  9.33481e+01
 13  0.02998  5.75375e+00 | 14  0.00664 -1.50366e+00 | 15 -0.07110  2.48777e+01
 16 -0.17680  1.85801e+01 | 17 -0.02715 -1.04518e+02 | 18 -0.04309  7.37999e+01
 19  0.01928 -7.63277e+01 | 20 -0.08405 -1.69782e+00 | 21 -0.08791  8.25937e+01
 22 -0.16062 -3.97835e+01 | 23 -0.05838  2.76840e+01 | 24  0.04249 -1.02927e+02
 25 -0.04801 -1.46636e+01 | 26 -0.00561 -1.32582e+02 | 27  0.00809 -5.55315e+01
 28  0.03108 -6.60078e+01 | 29  0.00867  7.43975e+01 | 30 -0.04183  1.23683e+01
 31  0.04202  5.57894e+01 | 32  0.13125  1.02661e+00 | 33  0.08498 -5.00113e+01
 34  0.03097 -4.87556e+01 | 35  0.07807  5.22004e+01 | 36  0.02178  7.08344e+01
36 variables; iteration 40; function evaluation 64; phase 1
Function value 6.5663892e+03; maximum gradient component mag -5.7161e+01
Var    Value     Gradient |Var    Value     Gradient |Var    Value     Gradient
  1  0.05608 -5.71612e+01 |  2  0.00101  8.42276e-01 |  3  0.05788 -7.02881e-01
  4  0.00996 -4.62320e-01 |  5 -0.11130  7.77417e-01 |  6  0.01648  2.07302e+00
  7 -0.07440  9.70703e-01 |  8 -0.03807  1.52508e+00 |  9  0.04694  7.80347e-01
 10  0.18305  1.58836e+00 | 11 -0.02200  8.29859e-01 | 12  0.09320  4.72502e+00
 13  0.03991  2.50672e+00 | 14  0.01814  1.92272e+00 | 15 -0.06866  2.24985e+00
 16 -0.17919  2.55322e+00 | 17 -0.01201  6.86522e-01 | 18 -0.05522 -5.51303e-01
 19  0.03529 -2.26791e+00 | 20 -0.07610 -1.65394e+00 | 21 -0.10206 -5.37842e-01
 22 -0.13645 -7.09539e-02 | 23 -0.06435  5.39497e-01 | 24  0.05301 -7.54618e+00
 25 -0.05649 -2.80894e+00 | 26  0.00473 -8.87485e+00 | 27  0.01572 -1.45092e+00
 28  0.04132 -1.23940e+00 | 29  0.00557 -2.86889e-01 | 30 -0.03620 -4.66010e-02
 31  0.03955 -1.22459e-01 | 32  0.13791  1.41924e+00 | 33  0.10031  1.52676e-01
 34  0.04883  8.56381e-01 | 35  0.07561  1.55565e-01 | 36  0.00774  4.90792e-01

 - final statistics:
36 variables; iteration 43; function evaluation 67
Function value 6.5664e+03; maximum gradient component mag -2.4634e+00
Exit code = 1;  converg criter 1.0000e+01
Var    Value     Gradient |Var    Value     Gradient |Var    Value     Gradient
  1  0.05607 -2.46337e+00 |  2  0.00109  7.64837e-02 |  3  0.05869  2.61614e-02
  4  0.01075  1.01363e-01 |  5 -0.11097 -3.64971e-03 |  6  0.01559  2.82247e-02
  7 -0.07511  5.56456e-02 |  8 -0.03913  2.27850e-02 |  9  0.04647  9.79289e-02
 10  0.18239  7.15630e-02 | 11 -0.02220  1.97532e-02 | 12  0.09165  1.08800e-02
 13  0.03980  1.13415e-01 | 14  0.01855  3.45893e-01 | 15 -0.06856  1.70050e-01
 16 -0.17992  6.03528e-02 | 17 -0.01189 -2.63358e-02 | 18 -0.05508 -2.02789e-01
 19  0.03556 -1.28523e-02 | 20 -0.07561  9.29964e-02 | 21 -0.10182  3.33835e-02
 22 -0.13618  1.35249e-01 | 23 -0.06479 -1.68942e-02 | 24  0.05363 -5.71455e-01
 25 -0.05646 -3.05971e-01 | 26  0.00527 -6.85611e-01 | 27  0.01571 -1.06958e-01
 28  0.04153  3.90269e-02 | 29  0.00577  3.07251e-02 | 30 -0.03590  8.39592e-02
 31  0.03976  4.53664e-03 | 32  0.13786 -8.84848e-02 | 33  0.10049  8.50080e-02
 34  0.04887  2.76661e-02 | 35  0.07583  1.50346e-01 | 36  0.00798  1.24702e-01

Initial statistics: 46 variables; iteration 0; function evaluation 0; phase 2
Function value 6.5663761e+03; maximum gradient component mag 2.0369e+04
Var    Value     Gradient |Var    Value     Gradient |Var    Value     Gradient
  1  0.05607 -2.46337e+00 |  2  0.00109  7.66177e-02 |  3  0.05869  2.62948e-02
  4  0.01075  1.01497e-01 |  5 -0.11097 -3.51775e-03 |  6  0.01559  2.83586e-02
  7 -0.07511  5.57786e-02 |  8 -0.03913  2.29187e-02 |  9  0.04647  9.80625e-02
 10  0.18239  7.16915e-02 | 11 -0.02220  1.98872e-02 | 12  0.09165  1.10126e-02
 13  0.03980  1.13549e-01 | 14  0.01855  3.46027e-01 | 15 -0.06856  1.70183e-01
 16 -0.17992  6.04814e-02 | 17 -0.01189 -2.62019e-02 | 18 -0.05508 -2.02656e-01
 19  0.03556 -1.27185e-02 | 20 -0.07561  9.31295e-02 | 21 -0.10182  3.35158e-02
 22 -0.13618  1.35380e-01 | 23 -0.06479 -1.67609e-02 | 24  0.05363 -5.71322e-01
 25 -0.05646 -3.05838e-01 | 26  0.00527 -6.85477e-01 | 27  0.01571 -1.06824e-01
 28  0.04153  3.91606e-02 | 29  0.00577  3.08591e-02 | 30 -0.03590  8.40930e-02
 31  0.03976  4.67037e-03 | 32  0.13786 -8.83539e-02 | 33  0.10049  8.51404e-02
 34  0.04887  2.77997e-02 | 35  0.07583  1.50479e-01 | 36  0.00798  1.24836e-01
 37  0.25824 -2.38894e+03 | 38  0.39170  2.03686e+04 | 39  0.27185  6.71426e+02
 40  0.17299 -1.62174e+04 | 41 -0.06523 -8.32365e+02 | 42 -0.35827  1.23646e+03
 43 -0.06760 -8.95358e+01 | 44 -0.04522 -1.12421e+03 | 45 -0.47711  7.37989e+01
 46 -0.32177  8.86355e+02 |

Intermediate statistics: 46 variables; iteration 20; function evaluation 30; phase 2
Function value 4.0709070e+03; maximum gradient component mag -1.0419e+04
Var    Value     Gradient |Var    Value     Gradient |Var    Value     Gradient
  1  0.18103 -8.12745e+03 |  2 -0.15907 -3.51990e+01 |  3 -0.14668 -3.44051e+01
  4 -0.12516  8.00224e+01 |  5 -0.25684  4.53544e+01 |  6 -0.07205  6.23650e+01
  7 -0.09481  1.25756e+02 |  8 -0.00341  1.73451e+02 |  9  0.07450  1.30089e+02
 10  0.21435  1.05276e+02 | 11  0.04869  1.02706e+02 | 12  0.19733  3.20132e+02
 13  0.00312 -6.98182e+01 | 14  0.00825 -1.14306e+02 | 15 -0.02254 -1.91399e+01
 16 -0.08246  2.81230e+01 | 17 -0.02118 -1.04279e+02 | 18  0.07642  2.66441e+01
 19  0.17347  1.34589e+02 | 20  0.01712 -8.42514e+00 | 21 -0.00641  4.28934e+01
 22 -0.05609  9.09486e+01 | 23 -0.22235 -1.25394e+02 | 24 -0.11601 -8.83030e+01
 25  0.00001 -1.25167e+01 | 26  0.02916 -1.17475e+02 | 27  0.03704 -7.15113e+01
 28  0.07961 -2.14666e+02 | 29  0.03176 -2.60306e+02 | 30  0.08513  1.69586e+01
 31  0.06243 -1.39686e+02 | 32  0.14676 -2.34259e+02 | 33  0.06960 -1.25825e+02
 34 -0.01174 -1.82146e+02 | 35  0.07110 -1.54126e+02 | 36 -0.05152 -1.14877e+01
 37  0.16885 -9.56455e+03 | 38  0.18244  4.02608e+03 | 39  0.12739 -2.57631e+03
 40  0.13865 -1.04193e+04 | 41 -0.03798  1.46379e+02 | 42 -0.50685  2.56454e+02
 43 -0.07964  3.05154e+02 | 44 -0.12306 -9.25077e+01 | 45 -0.42526 -1.25957e+02
 46 -0.76248  1.60299e+02 |
46 variables; iteration 40; function evaluation 62; phase 2
Function value 3.5309304e+03; maximum gradient component mag -8.4131e+02
Var    Value     Gradient |Var    Value     Gradient |Var    Value     Gradient
  1  0.15459 -6.38672e+02 |  2  0.05207  1.11135e+02 |  3  0.05982  2.85799e+01
  4  0.01804 -1.34668e+00 |  5 -0.09290  2.08522e+01 |  6 -0.01161 -1.76413e+01
  7 -0.10582 -2.33278e+01 |  8 -0.07048  1.55781e+00 |  9  0.00207  4.09127e+00
 10  0.13183 -1.75050e+00 | 11 -0.05979 -1.29001e+01 | 12  0.05212  1.29583e+01
 13  0.00681  4.12231e+01 | 14  0.02271  6.55438e+00 | 15 -0.02810 -1.12150e+01
 16 -0.04371  9.97137e+00 | 17 -0.03174 -5.22995e+01 | 18  0.07785  3.21547e+01
 19  0.12431 -1.01913e+01 | 20  0.00719 -4.28083e+00 | 21 -0.02540 -2.73312e+01
 22 -0.07848 -2.52765e+01 | 23 -0.03624  2.21737e+01 | 24  0.04740  1.11799e+01
 25 -0.00182 -2.76098e+01 | 26  0.06663  8.38295e+01 | 27 -0.03300 -6.61476e+01
 28  0.06794  5.10013e+01 | 29  0.02890  7.64122e+01 | 30  0.05712 -4.23832e+01
 31 -0.01036 -5.77025e+01 | 32  0.09552 -2.50592e+01 | 33 -0.02837 -9.72579e+01
 34 -0.08308 -4.63219e+01 | 35 -0.00609 -2.48124e+01 | 36 -0.17433 -1.19152e+01
 37  0.21154 -5.05313e+02 | 38  0.17765  2.64063e+02 | 39  0.17999 -2.47278e+02
 40  0.20111 -8.41305e+02 | 41 -0.02730 -1.21551e+02 | 42 -0.50834  1.32345e+02
 43 -0.15315  3.20546e+01 | 44 -0.13463 -2.05292e+02 | 45 -0.44919 -3.95720e+01
 46 -0.78142  6.61382e+01 |
46 variables; iteration 60; function evaluation 90; phase 2
Function value 3.5162386e+03; maximum gradient component mag -4.4813e+01
Var    Value     Gradient |Var    Value     Gradient |Var    Value     Gradient
  1  0.16066 -4.48131e+01 |  2 -0.01848  1.21608e+00 |  3  0.02763  8.64092e-01
  4  0.00122  9.21236e-01 |  5 -0.11446  1.54405e+00 |  6  0.00131  3.06490e-03
  7 -0.08317 -3.61369e-01 |  8 -0.06001  5.25984e-01 |  9  0.00841 -2.63971e-01
 10  0.13566 -2.50221e-01 | 11 -0.05122  2.59366e-01 | 12  0.04651  7.10574e-01
 13 -0.01134  6.76569e-01 | 14  0.02098  6.85748e-01 | 15 -0.02294 -4.55646e-03
 16 -0.04467  3.43227e-01 | 17 -0.01104 -1.02548e+00 | 18  0.07122  4.95821e-01
 19  0.13064 -9.02023e-01 | 20  0.01152 -8.87694e-01 | 21 -0.01257 -9.42237e-01
 22 -0.06703 -1.04420e+00 | 23 -0.04312  7.11756e-01 | 24  0.04411 -4.96473e-01
 25  0.01112  1.45748e-01 | 26  0.04429 -6.96448e-01 | 27 -0.01924 -1.75913e+00
 28  0.05503  2.89444e-01 | 29  0.01058  1.17464e+00 | 30  0.07263 -4.86271e-01
 31  0.00457 -1.23324e+00 | 32  0.10221 -1.93646e-01 | 33 -0.00297 -7.96011e-01
 34 -0.07059 -1.10904e+00 | 35  0.00119 -4.16040e-01 | 36 -0.16843  4.13717e-01
 37  0.20899 -3.25512e+01 | 38  0.17291 -5.33255e+00 | 39  0.18084 -7.94317e+00
 40  0.20024 -1.17361e+01 | 41  0.14622  4.77122e+00 | 42 -0.50642  2.18944e+00
 43 -0.27635 -4.82334e+00 | 44 -0.25689  1.14403e+01 | 45 -0.40621  5.20217e+00
 46 -0.79571 -1.30035e+00 |

 - final statistics:
46 variables; iteration 66; function evaluation 96
Function value 3.5159e+03; maximum gradient component mag -2.5333e+00
Exit code = 1;  converg criter 1.0000e+01
Var    Value     Gradient |Var    Value     Gradient |Var    Value     Gradient
  1  0.20854 -2.53329e+00 |  2 -0.01888  3.03482e-02 |  3  0.02781 -5.49655e-02
  4  0.00350  1.66687e-02 |  5 -0.11248 -2.65835e-02 |  6  0.00422  2.82023e-02
  7 -0.07949  1.10995e-01 |  8 -0.05831  5.23385e-02 |  9  0.00894  5.49759e-02
 10  0.13564 -5.98143e-02 | 11 -0.05160 -7.56008e-03 | 12  0.04792  6.63748e-02
 13 -0.01169 -5.65707e-03 | 14  0.02052 -1.35118e-01 | 15 -0.02148  1.97234e-02
 16 -0.04218  5.80442e-02 | 17 -0.00953 -1.29770e-01 | 18  0.07151  4.23360e-02
 19  0.13062 -6.21219e-02 | 20  0.01194  2.22289e-02 | 21 -0.01261  4.74657e-02
 22 -0.06747  6.67169e-02 | 23 -0.04572 -5.52742e-02 | 24  0.04077 -1.75051e-01
 25  0.00864 -5.40462e-02 | 26  0.04120 -9.49364e-02 | 27 -0.01985 -5.83768e-02
 28  0.05391 -5.53011e-02 | 29  0.01006 -2.03521e-02 | 30  0.07189  1.14091e-01
 31  0.00393  1.52843e-02 | 32  0.10026 -7.35088e-02 | 33 -0.00390 -3.30347e-02
 34 -0.07071 -4.88207e-02 | 35  0.00118 -8.37426e-02 | 36 -0.16896 -4.95357e-02
 37  0.18762 -1.77236e+00 | 38  0.15101 -2.29057e+00 | 39  0.15878 -4.17073e-01
 40  0.17908 -5.99874e-01 | 41  0.22776 -1.15019e-01 | 42 -0.50491 -1.87191e-01
 43 -0.34333 -2.85752e-01 | 44 -0.32009  1.30052e-01 | 45 -0.41408 -8.98719e-02
 46 -0.80481 -3.70487e-02 |

Initial statistics: 52 variables; iteration 0; function evaluation 0; phase 3
Function value 3.5159121e+03; maximum gradient component mag -2.2924e+03
Var    Value     Gradient |Var    Value     Gradient |Var    Value     Gradient
  1  0.20854 -2.53329e+00 |  2 -0.01888  4.58330e-02 |  3  0.02781 -3.94887e-02
  4  0.00350  3.21600e-02 |  5 -0.11248 -1.13331e-02 |  6  0.00422  4.36935e-02
  7 -0.07949  1.26366e-01 |  8 -0.05831  6.77651e-02 |  9  0.00894  7.04659e-02
 10  0.13564 -4.46730e-02 | 11 -0.05160  7.88062e-03 | 12  0.04792  8.18225e-02
 13 -0.01169  9.83189e-03 | 14  0.02052 -1.19634e-01 | 15 -0.02148  3.52061e-02
 16 -0.04218  7.35018e-02 | 17 -0.00953 -1.14280e-01 | 18  0.07151  5.77299e-02
 19  0.13062 -4.69553e-02 | 20  0.01194  3.77177e-02 | 21 -0.01261  6.29542e-02
 22 -0.06747  8.21215e-02 | 23 -0.04572 -3.98225e-02 | 24  0.04077 -1.59591e-01
 25  0.00864 -3.85560e-02 | 26  0.04120 -7.94772e-02 | 27 -0.01985 -4.28927e-02
 28  0.05391 -3.98650e-02 | 29  0.01006 -4.86244e-03 | 30  0.07189  1.29484e-01
 31  0.00393  3.07756e-02 | 32  0.10026 -5.82090e-02 | 33 -0.00390 -1.75434e-02
 34 -0.07071 -3.34246e-02 | 35  0.00118 -6.82510e-02 | 36 -0.16896 -3.45866e-02
 37  0.18762 -1.77236e+00 | 38  0.15101 -2.29057e+00 | 39  0.15878 -4.17073e-01
 40  0.17908 -5.99874e-01 | 41  0.22776 -1.15019e-01 | 42 -0.50491 -1.87191e-01
 43  0.35112 -2.29241e+03 | 44 -0.80278  1.17153e+03 | 45  0.08008 -8.26454e+02
 46 -0.28542  5.35968e+02 | 47  0.18094 -1.19280e+03 | 48 -0.83901  5.15501e+02
 49 -0.34333 -2.85752e-01 | 50 -0.32009  1.30052e-01 | 51 -0.41408 -8.98719e-02
 52 -0.80481 -3.70487e-02 |

Intermediate statistics: 52 variables; iteration 20; function evaluation 38; phase 3
Function value 2.6767713e+03; maximum gradient component mag -8.1815e+03
Var    Value     Gradient |Var    Value     Gradient |Var    Value     Gradient
  1  0.13862 -5.03217e+03 |  2 -0.01246  2.36887e+02 |  3  0.03229  2.34088e+02
  4  0.00433  2.33245e+02 |  5 -0.10992  2.32960e+02 |  6  0.00711  2.34928e+02
  7 -0.07513  2.37073e+02 |  8 -0.05148  2.38407e+02 |  9  0.01304  2.36189e+02
 10  0.12756  1.87797e+02 | 11 -0.05079  1.82818e+02 | 12  0.05335  2.08138e+02
 13 -0.00090  1.51600e+02 | 14  0.04541  1.43309e+02 | 15 -0.01581  1.72872e+02
 16 -0.05033  2.24960e+02 | 17 -0.00339  1.58230e+02 | 18  0.06342  1.35983e+02
 19  0.11056  1.63544e+02 | 20  0.03563  1.67586e+02 | 21 -0.07642  1.40926e+02
 22 -0.05429  1.38470e+02 | 23  0.02851  2.42460e+02 | 24  0.03489  2.35528e+02
 25 -0.02384  1.73552e+02 | 26  0.07063  1.99630e+02 | 27  0.00077  6.10239e+01
 28  0.05303 -8.96856e+00 | 29  0.02425  9.24709e+01 | 30  0.09410  1.43353e+02
 31  0.03753  8.12181e+01 | 32  0.11060 -1.04394e+02 | 33  0.02936  7.86811e+01
 34 -0.08052  9.30285e+01 | 35  0.03178  9.97413e+01 | 36 -0.24745  1.63150e+02
 37  0.17407 -8.18146e+03 | 38  0.18729  4.59418e+02 | 39  0.19500  2.54783e+02
 40  0.16766 -3.62459e+03 | 41  0.27706 -5.26590e+02 | 42 -0.50753  2.66218e+02
 43  0.71798 -5.64849e+02 | 44 -0.63525  2.55926e+02 | 45  0.09191  1.70116e+02
 46 -0.63507  7.75767e+01 | 47  0.56433 -3.72940e+02 | 48 -1.07757 -1.01988e+01
 49 -0.37124 -1.03443e+01 | 50 -0.36972 -6.95848e+02 | 51 -0.41668 -2.10590e+00
 52 -0.80461  8.85010e+01 |
52 variables; iteration 40; function evaluation 64; phase 3
Function value 2.5249156e+03; maximum gradient component mag -2.1665e+03
Var    Value     Gradient |Var    Value     Gradient |Var    Value     Gradient
  1  0.08087 -2.16646e+03 |  2 -0.00657  1.29697e+02 |  3  0.04057  1.32076e+02
  4 -0.00048  1.28555e+02 |  5 -0.11853  1.29235e+02 |  6 -0.00538  1.44278e+02
  7 -0.11595  9.35521e+01 |  8 -0.08018  1.08050e+02 |  9  0.00501  1.22413e+02
 10  0.12268  9.42666e+01 | 11 -0.02338  1.50867e+02 | 12  0.04791  1.24519e+02
 13  0.00111  9.10020e+01 | 14  0.05509  1.29950e+02 | 15 -0.01576  9.83166e+01
 16 -0.12022  1.04594e+01 | 17 -0.00958  1.00757e+02 | 18  0.04925  5.13528e+01
 19  0.11875  1.55010e+02 | 20  0.02443  9.86752e+01 | 21 -0.07660  8.65750e+01
 22 -0.04421  9.85288e+01 | 23  0.04666  1.45032e+02 | 24  0.04617  1.34375e+02
 25 -0.01458  1.08275e+02 | 26  0.06771  1.16861e+02 | 27  0.00042  8.19662e+00
 28  0.03842 -6.07242e+01 | 29  0.02046  7.19422e+01 | 30  0.06835  4.82007e+01
 31  0.05048  8.71259e+01 | 32  0.10765 -8.04209e+01 | 33  0.03209  1.19817e+02
 34 -0.04952  1.25240e+02 | 35  0.01286  6.81389e+01 | 36 -0.18442  9.81464e+01
 37  0.21957 -1.08107e+03 | 38  0.21123 -1.04127e+03 | 39  0.22272 -2.00591e+01
 40  0.19953 -1.45851e+03 | 41  0.44735 -5.07515e+02 | 42 -0.53489  2.42604e+02
 43  0.76518 -2.58777e+02 | 44 -0.62171  2.62019e+02 | 45  0.04936 -6.99698e+02
 46 -0.66110  3.78712e+02 | 47  0.72982 -1.18978e+02 | 48 -0.79612  2.10333e+00
 49 -0.49479 -4.08955e+01 | 50 -0.48068 -6.62712e+02 | 51 -0.42603 -3.43259e+01
 52 -0.72589  1.33874e+02 |
52 variables; iteration 60; function evaluation 94; phase 3
Function value 2.4579516e+03; maximum gradient component mag 2.1650e+02
Var    Value     Gradient |Var    Value     Gradient |Var    Value     Gradient
  1  0.06518  1.38144e+02 |  2 -0.01794 -3.39682e+01 |  3  0.03164 -1.65659e+01
  4 -0.01234 -1.47971e+01 |  5 -0.14076 -3.52911e+01 |  6 -0.01423 -1.49414e+01
  7 -0.11495 -4.89614e+01 |  8 -0.05336  8.82578e-01 |  9  0.00433 -3.63564e+01
 10  0.12109 -2.73651e+01 | 11 -0.04436 -2.48377e+01 | 12  0.03531 -2.49876e+01
 13  0.01231 -1.01810e+01 | 14  0.05012 -2.09913e+01 | 15 -0.01929 -2.67466e+01
 16 -0.05511 -6.31567e+00 | 17 -0.01149 -7.16856e+00 | 18  0.06040 -1.00898e+00
 19  0.09018 -2.07217e+01 | 20  0.00964 -3.44438e+01 | 21 -0.09375 -3.79841e+01
 22 -0.05799 -3.67061e+01 | 23  0.03454 -2.10908e+01 | 24  0.02842 -2.14451e+01
 25 -0.03425 -3.23118e+01 | 26  0.05704 -3.65418e+01 | 27  0.01089 -9.97783e+00
 28  0.05335 -1.64968e+01 | 29  0.00965 -2.57501e+01 | 30  0.06325 -3.54475e+01
 31  0.03464 -2.52167e+01 | 32  0.12756 -2.08561e+01 | 33  0.01940 -1.45587e+01
 34 -0.07388 -3.70118e+01 | 35  0.01222 -1.62322e+01 | 36 -0.14704 -2.21190e+01
 37  0.22954 -2.05246e+02 | 38  0.22897  1.96132e+02 | 39  0.23427  2.11605e+01
 40  0.21046 -2.86649e-01 | 41  0.22087  1.63869e+02 | 42 -0.51465 -7.55641e+01
 43  0.84348 -9.88934e+01 | 44 -0.65631  7.49130e+01 | 45  0.06571  2.03488e+01
 46 -0.67826 -5.26498e+01 | 47  0.96214 -1.09074e+01 | 48 -0.66391  7.30494e+00
 49 -0.26984  1.27728e+01 | 50 -0.28096  2.16497e+02 | 51 -0.38229  7.45588e+00
 52 -0.74238 -3.63853e+01 |
52 variables; iteration 80; function evaluation 115; phase 3
Function value 2.4481624e+03; maximum gradient component mag 3.7108e-01
Var    Value     Gradient |Var    Value     Gradient |Var    Value     Gradient
  1  0.06680  3.71084e-01 |  2 -0.01263  7.04641e-03 |  3  0.02953  2.04066e-02
  4 -0.01411  1.35265e-02 |  5 -0.13219  2.68361e-02 |  6 -0.01488  1.86326e-02
  7 -0.10189  2.79132e-02 |  8 -0.06731  8.00775e-04 |  9  0.00880  1.77331e-02
 10  0.12166  2.70665e-02 | 11 -0.04418  1.97004e-02 | 12  0.03626  1.78831e-02
 13  0.00791  9.07612e-03 | 14  0.05039  4.05888e-02 | 15 -0.01721  2.27480e-02
 16 -0.06218  1.14720e-02 | 17 -0.01561  2.29785e-02 | 18  0.05591  1.68440e-02
 19  0.09182  2.84721e-02 | 20  0.01313  2.77090e-02 | 21 -0.08746  3.29535e-02
 22 -0.05068  2.06374e-02 | 23  0.03504  2.59025e-02 | 24  0.02795  3.01441e-02
 25 -0.03021  1.66032e-02 | 26  0.05973  8.82179e-02 | 27  0.00863  4.14296e-02
 28  0.05309  3.73060e-02 | 29  0.01175  1.81286e-02 | 30  0.06752  2.04380e-02
 31  0.03586  2.65298e-02 | 32  0.12730  2.11268e-02 | 33  0.01636  8.19923e-03
 34 -0.06689  1.76660e-02 | 35  0.01001  1.66504e-02 | 36 -0.15240  1.83381e-02
 37  0.22850  2.31841e-01 | 38  0.22671  2.46134e-01 | 39  0.23294  1.34613e-01
 40  0.20981  1.91025e-03 | 41  0.32026  4.90784e-02 | 42 -0.50301 -9.65262e-02
 43  1.00011  1.80158e-02 | 44 -0.69612 -3.19990e-02 | 45  0.06676  4.46409e-02
 46 -0.67246  5.18564e-02 | 47  0.99989 -3.19398e-03 | 48 -0.69627  3.80388e-03
 49 -0.35114  5.65028e-03 | 50 -0.35842  5.69658e-02 | 51 -0.41045 -1.76066e-02
 52 -0.77746 -3.66996e-02 |
52 variables; iteration 100; function evaluation 140; phase 3
Function value 2.4481622e+03; maximum gradient component mag 6.0964e-01
Var    Value     Gradient |Var    Value     Gradient |Var    Value     Gradient
  1  0.06680 -5.82504e-01 |  2 -0.01263 -8.19706e-03 |  3  0.02952 -1.03892e-02
  4 -0.01411 -7.93614e-03 |  5 -0.13220 -1.73029e-02 |  6 -0.01488 -1.12845e-02
  7 -0.10190 -2.26446e-02 |  8 -0.06729  3.86503e-04 |  9  0.00880 -9.74336e-03
 10  0.12165 -1.22411e-02 | 11 -0.04418 -1.22081e-02 | 12  0.03626 -1.58437e-02
 13  0.00792 -2.00741e-02 | 14  0.05038 -4.30346e-02 | 15 -0.01721 -2.20648e-02
 16 -0.06218 -1.71631e-02 | 17 -0.01561 -2.28672e-02 | 18  0.05592 -1.22890e-02
 19  0.09182 -1.82157e-02 | 20  0.01313 -2.86176e-02 | 21 -0.08746 -2.16446e-02
 22 -0.05068 -1.72601e-02 | 23  0.03504 -1.05349e-02 | 24  0.02794 -2.11830e-02
 25 -0.03020 -2.35471e-02 | 26  0.05971 -7.36557e-02 | 27  0.00863 -3.22334e-02
 28  0.05309 -2.88651e-02 | 29  0.01176 -1.82077e-02 | 30  0.06752 -2.44446e-02
 31  0.03586 -1.72810e-02 | 32  0.12730 -1.86911e-02 | 33  0.01636 -1.17625e-02
 34 -0.06689 -3.37492e-02 | 35  0.01001 -1.80136e-02 | 36 -0.15240 -3.48740e-03
 37  0.22850 -3.05299e-01 | 38  0.22670 -2.51558e-01 | 39  0.23293 -1.31846e-01
 40  0.20981 -7.92650e-02 | 41  0.30254 -2.78833e-01 | 42 -0.51181  6.09644e-01
 43  1.00026  4.74023e-02 | 44 -0.69606  2.50696e-02 | 45  0.06675 -8.84372e-03
 46 -0.67247 -8.19043e-03 | 47  0.99960 -1.63988e-02 | 48 -0.69637 -1.13642e-02
 49 -0.33858 -8.98261e-03 | 50 -0.34578 -3.87550e-01 | 51 -0.40038  1.23881e-02
 52 -0.75493  2.38158e-01 |
52 variables; iteration 120; function evaluation 164; phase 3
Function value 2.4481616e+03; maximum gradient component mag 1.3075e+00
Var    Value     Gradient |Var    Value     Gradient |Var    Value     Gradient
  1  0.06680 -3.27379e-01 |  2 -0.01262  5.98590e-03 |  3  0.02953  3.68903e-03
  4 -0.01411  4.48128e-03 |  5 -0.13219  4.78016e-03 |  6 -0.01488  3.27432e-03
  7 -0.10189  6.24760e-03 |  8 -0.06730  3.70665e-03 |  9  0.00880  6.61963e-03
 10  0.12165  3.21201e-03 | 11 -0.04418  3.00205e-03 | 12  0.03626 -4.44870e-03
 13  0.00792 -1.20373e-02 | 14  0.05039 -8.86416e-03 | 15 -0.01721 -7.52921e-03
 16 -0.06218 -8.43260e-03 | 17 -0.01561 -6.99395e-03 | 18  0.05592  1.91866e-03
 19  0.09182  7.09347e-03 | 20  0.01313  2.98655e-03 | 21 -0.08746 -2.19106e-03
 22 -0.05068 -2.28450e-05 | 23  0.03504  2.89808e-03 | 24  0.02794 -1.38400e-03
 25 -0.03020 -5.41674e-03 | 26  0.05971 -3.93268e-03 | 27  0.00863 -3.03119e-03
 28  0.05309  1.75276e-03 | 29  0.01175 -1.29196e-03 | 30  0.06752  3.51463e-03
 31  0.03586 -1.37422e-03 | 32  0.12730  6.42199e-03 | 33  0.01636 -1.18029e-03
 34 -0.06689 -4.18807e-03 | 35  0.01001  1.31501e-02 | 36 -0.15240  1.50970e-02
 37  0.22850  4.85352e-02 | 38  0.22671  3.25910e-02 | 39  0.23294  7.69398e-03
 40  0.20981  2.60258e-02 | 41  0.24477 -7.47475e-01 | 42 -0.53621  1.30750e+00
 43  1.00002 -1.39908e-03 | 44 -0.69609 -6.13008e-04 | 45  0.06675  4.81288e-03
 46 -0.67247 -4.10093e-03 | 47  1.00016  5.45281e-03 | 48 -0.69629  9.78529e-04
 49 -0.29747 -2.39341e-02 | 50 -0.30441 -1.02249e+00 | 51 -0.37384  2.08214e-02
 52 -0.70223  6.57833e-01 |
52 variables; iteration 140; function evaluation 188; phase 3
Function value 2.4481611e+03; maximum gradient component mag 1.1150e+00
Var    Value     Gradient |Var    Value     Gradient |Var    Value     Gradient
  1  0.06680 -1.63127e-01 |  2 -0.01262  7.63420e-03 |  3  0.02953  7.13722e-03
  4 -0.01411  5.96189e-03 |  5 -0.13219  5.84966e-03 |  6 -0.01488  6.00110e-03
  7 -0.10189  6.81459e-03 |  8 -0.06729  4.65919e-03 |  9  0.00880  5.61593e-03
 10  0.12165  3.72819e-04 | 11 -0.04418  2.78037e-03 | 12  0.03626  2.47269e-03
 13  0.00792 -5.91992e-03 | 14  0.05039  2.15250e-03 | 15 -0.01721 -2.49947e-03
 16 -0.06218 -3.48746e-03 | 17 -0.01561 -8.42829e-04 | 18  0.05592  3.13866e-03
 19  0.09182  8.52873e-03 | 20  0.01313  6.98971e-03 | 21 -0.08746 -3.02976e-03
 22 -0.05068 -6.20124e-04 | 23  0.03504  5.37196e-03 | 24  0.02794  2.31786e-03
 25 -0.03020 -2.36417e-03 | 26  0.05971  9.45727e-03 | 27  0.00863  1.71323e-03
 28  0.05309  2.87364e-03 | 29  0.01176  6.04890e-04 | 30  0.06752  7.01480e-03
 31  0.03586 -1.76168e-03 | 32  0.12730  5.47642e-03 | 33  0.01636  2.44625e-03
 34 -0.06689 -3.10796e-05 | 35  0.01001  1.31142e-02 | 36 -0.15240  1.32351e-02
 37  0.22850  4.19270e-02 | 38  0.22670  1.54046e-02 | 39  0.23294  1.68497e-02
 40  0.20981 -1.46955e-02 | 41  0.14868 -5.75441e-01 | 42 -0.56344  1.11497e+00
 43  0.99994 -9.68302e-03 | 44 -0.69609 -5.06849e-04 | 45  0.06675  2.68268e-03
 46 -0.67247  3.88682e-03 | 47  0.99956 -1.86490e-02 | 48 -0.69629  4.85225e-04
 49 -0.22877 -1.27695e-02 | 50 -0.23539 -7.92935e-01 | 51 -0.34635  2.16929e-02
 52 -0.65428  6.76156e-01 |
52 variables; iteration 160; function evaluation 215; phase 3
Function value 2.4481607e+03; maximum gradient component mag 7.2724e-01
Var    Value     Gradient |Var    Value     Gradient |Var    Value     Gradient
  1  0.06680  6.35565e-01 |  2 -0.01263 -1.12586e-02 |  3  0.02952 -6.34825e-03
  4 -0.01411 -8.55417e-03 |  5 -0.13220 -1.35561e-02 |  6 -0.01488 -8.86966e-03
  7 -0.10190 -1.26259e-02 |  8 -0.06729 -5.43628e-03 |  9  0.00880 -7.15676e-03
 10  0.12165  8.65729e-03 | 11 -0.04418 -6.94319e-03 | 12  0.03626  7.74360e-03
 13  0.00792  7.25387e-03 | 14  0.05039  1.78233e-02 | 15 -0.01721  7.78113e-04
 16 -0.06218 -5.77758e-03 | 17 -0.01561 -5.53468e-04 | 18  0.05592  1.90095e-03
 19  0.09182  1.41335e-03 | 20  0.01313 -5.77205e-03 | 21 -0.08746 -1.21156e-02
 22 -0.05068 -1.02647e-02 | 23  0.03504  7.86836e-03 | 24  0.02794  4.14567e-03
 25 -0.03020 -7.16976e-03 | 26  0.05971  1.72748e-02 | 27  0.00863  2.32107e-03
 28  0.05309  8.93445e-03 | 29  0.01176 -4.11689e-03 | 30  0.06752 -2.07544e-03
 31  0.03586 -2.60004e-03 | 32  0.12730  1.49481e-02 | 33  0.01636  8.55458e-03
 34 -0.06689 -1.02553e-02 | 35  0.01002 -2.41480e-03 | 36 -0.15240 -7.43680e-03
 37  0.22850 -3.44444e-03 | 38  0.22670 -1.49887e-02 | 39  0.23293 -6.98921e-03
 40  0.20981  8.06756e-02 | 41 -0.00167  5.45678e-01 | 42 -0.59592 -8.34603e-02
 43  1.00001 -1.83110e-02 | 44 -0.69609 -6.62788e-04 | 45  0.06675 -1.42402e-02
 46 -0.67247  6.43146e-03 | 47  1.00041  1.71463e-02 | 48 -0.69632 -2.56044e-03
 49 -0.12218  4.92233e-02 | 50 -0.12848  7.27240e-01 | 51 -0.31622 -6.86832e-03
 52 -0.60663 -5.99678e-02 |
52 variables; iteration 180; function evaluation 238; phase 3
Function value 2.4481606e+03; maximum gradient component mag 8.4601e-02
Var    Value     Gradient |Var    Value     Gradient |Var    Value     Gradient
  1  0.06680  8.46015e-02 |  2 -0.01263 -2.00983e-04 |  3  0.02953  1.38459e-03
  4 -0.01411 -2.56996e-04 |  5 -0.13219 -1.74976e-03 |  6 -0.01488  8.04097e-05
  7 -0.10189 -1.82110e-03 |  8 -0.06729 -5.73582e-04 |  9  0.00880 -7.87193e-04
 10  0.12165  1.07094e-03 | 11 -0.04418 -7.63768e-04 | 12  0.03626  9.58092e-04
 13  0.00792  6.54224e-04 | 14  0.05039  2.59768e-03 | 15 -0.01721  2.48707e-04
 16 -0.06218  1.50111e-04 | 17 -0.01561  1.90932e-04 | 18  0.05592  2.65121e-04
 19  0.09182  5.95044e-04 | 20  0.01313 -6.27631e-04 | 21 -0.08746 -1.79729e-03
 22 -0.05068 -7.45809e-04 | 23  0.03504  1.54760e-03 | 24  0.02794  1.03217e-03
 25 -0.03020 -2.04183e-04 | 26  0.05971  2.95888e-03 | 27  0.00863  4.14973e-04
 28  0.05309  1.01175e-03 | 29  0.01176 -9.75108e-04 | 30  0.06752 -2.87568e-04
 31  0.03586 -1.12215e-03 | 32  0.12730  1.19058e-03 | 33  0.01636  7.53773e-04
 34 -0.06689 -8.10667e-04 | 35  0.01001 -4.86570e-04 | 36 -0.15240 -1.02785e-03
 37  0.22850 -5.16353e-03 | 38  0.22670  2.83020e-05 | 39  0.23294  1.55628e-03
 40  0.20981  6.93677e-04 | 41 -0.07961  6.18369e-02 | 42 -0.61319  1.45656e-02
 43  1.00003  6.94650e-04 | 44 -0.69608  1.14436e-03 | 45  0.06675 -9.23098e-04
 46 -0.67247  1.25781e-03 | 47  1.00007  1.20992e-03 | 48 -0.69630 -5.71443e-04
 49 -0.06813  1.05257e-02 | 50 -0.07435  7.93900e-02 | 51 -0.30131 -2.08965e-03
 52 -0.58441  1.16897e-02 |
52 variables; iteration 200; function evaluation 262; phase 3
Function value 2.4481606e+03; maximum gradient component mag -7.6263e-03
Var    Value     Gradient |Var    Value     Gradient |Var    Value     Gradient
  1  0.06680 -6.00004e-03 |  2 -0.01263  2.32188e-05 |  3  0.02953 -4.15095e-05
  4 -0.01411 -9.21457e-06 |  5 -0.13219  5.37475e-05 |  6 -0.01488 -7.65644e-06
  7 -0.10189  8.91182e-05 |  8 -0.06729  6.46061e-05 |  9  0.00880 -4.06576e-06
 10  0.12165 -1.64657e-04 | 11 -0.04418 -2.95790e-05 | 12  0.03626 -1.00837e-04
 13  0.00792 -1.09805e-04 | 14  0.05039 -2.09680e-04 | 15 -0.01721 -6.31071e-05
 16 -0.06218 -3.97630e-05 | 17 -0.01561 -3.09350e-05 | 18  0.05592 -3.76496e-05
 19  0.09182 -1.09653e-04 | 20  0.01313 -4.45980e-05 | 21 -0.08746 -1.08151e-05
 22 -0.05068 -3.97401e-05 | 23  0.03504 -1.38997e-04 | 24  0.02794 -1.36129e-04
 25 -0.03020 -4.39023e-05 | 26  0.05971 -2.44483e-04 | 27  0.00863 -5.24954e-05
 28  0.05309 -7.31967e-05 | 29  0.01176 -1.74818e-05 | 30  0.06752 -6.68115e-05
 31  0.03586 -4.81088e-06 | 32  0.12730 -1.82279e-04 | 33  0.01636 -7.12939e-05
 34 -0.06689 -5.62327e-06 | 35  0.01001  8.83461e-06 | 36 -0.15240  4.88300e-05
 37  0.22850 -7.79483e-04 | 38  0.22670 -9.32708e-04 | 39  0.23294 -4.20268e-04
 40  0.20981 -3.81427e-04 | 41 -0.12071 -5.83607e-03 | 42 -0.62302  2.84783e-03
 43  1.00002  2.56662e-05 | 44 -0.69609 -8.38727e-05 | 45  0.06675 -1.22572e-04
 46 -0.67247 -7.22353e-05 | 47  1.00006  1.20546e-04 | 48 -0.69630 -2.60338e-05
 49 -0.04013 -5.31442e-04 | 50 -0.04633 -7.62633e-03 | 51 -0.29316  1.76885e-04
 52 -0.57257  1.22489e-03 |
52 variables; iteration 220; function evaluation 284; phase 3
Function value 2.4481606e+03; maximum gradient component mag 3.5916e-01
Var    Value     Gradient |Var    Value     Gradient |Var    Value     Gradient
  1  0.06680  2.38540e-01 |  2 -0.01263 -2.50833e-03 |  3  0.02953  5.94046e-04
  4 -0.01411 -2.74843e-03 |  5 -0.13219 -4.17373e-03 |  6 -0.01488 -1.90902e-03
  7 -0.10189 -3.92770e-03 |  8 -0.06730 -5.53224e-03 |  9  0.00880 -3.08897e-03
 10  0.12165  1.06284e-03 | 11 -0.04418 -2.88411e-03 | 12  0.03626  1.81288e-03
 13  0.00792 -1.95291e-04 | 14  0.05039  4.43636e-03 | 15 -0.01721  8.31609e-04
 16 -0.06218 -9.96633e-04 | 17 -0.01561 -7.13473e-04 | 18  0.05592 -1.39063e-03
 19  0.09182  9.55429e-05 | 20  0.01313 -1.21467e-03 | 21 -0.08746 -3.60017e-03
 22 -0.05068 -1.72168e-03 | 23  0.03504  4.09565e-05 | 24  0.02794 -3.20926e-04
 25 -0.03020 -1.38323e-04 | 26  0.05971  6.39036e-03 | 27  0.00863  2.00984e-03
 28  0.05309  5.74644e-03 | 29  0.01176 -1.36331e-03 | 30  0.06752 -2.44641e-04
 31  0.03586 -1.92052e-03 | 32  0.12730  3.47020e-03 | 33  0.01636 -6.38612e-04
 34 -0.06689 -4.27322e-04 | 35  0.01001 -4.78458e-03 | 36 -0.15240 -5.67485e-03
 37  0.22850  4.59524e-02 | 38  0.22670  2.14977e-02 | 39  0.23294  3.68737e-03
 40  0.20981  3.62462e-02 | 41 -0.10398  2.65787e-01 | 42 -0.62852 -1.22874e-01
 43  1.00002 -1.30513e-03 | 44 -0.69609 -6.88638e-04 | 45  0.06675  1.72008e-03
 46 -0.67247 -6.25568e-03 | 47  1.00004 -8.68892e-04 | 48 -0.69629  8.46909e-04
 49 -0.05147  3.12938e-02 | 50 -0.05768  3.59159e-01 | 51 -0.28870 -1.03788e-02
 52 -0.56617 -1.00563e-01 |
52 variables; iteration 240; function evaluation 305; phase 3
Function value 2.4481606e+03; maximum gradient component mag -1.4309e-02
Var    Value     Gradient |Var    Value     Gradient |Var    Value     Gradient
  1  0.06680 -1.39797e-02 |  2 -0.01263  8.92206e-06 |  3  0.02953 -3.34123e-04
  4 -0.01411 -2.47953e-05 |  5 -0.13219  1.50094e-04 |  6 -0.01488 -7.63432e-05
  7 -0.10189  1.63525e-04 |  8 -0.06730 -1.86980e-05 |  9  0.00880  8.51008e-05
 10  0.12165 -2.41081e-04 | 11 -0.04418  9.39978e-05 | 12  0.03626 -2.30328e-04
 13  0.00792 -1.95912e-04 | 14  0.05039 -5.68590e-04 | 15 -0.01721 -1.34361e-04
 16 -0.06218 -1.02109e-04 | 17 -0.01561 -1.69572e-04 | 18  0.05592 -1.65066e-04
 19  0.09182 -1.29324e-04 | 20  0.01313  9.86066e-05 | 21 -0.08746  2.36530e-04
 22 -0.05068  1.01087e-04 | 23  0.03504 -3.15121e-04 | 24  0.02794 -2.58409e-04
 25 -0.03020 -1.35226e-05 | 26  0.05971 -8.79708e-04 | 27  0.00863 -2.47245e-04
 28  0.05309 -4.73718e-04 | 29  0.01176  1.31032e-04 | 30  0.06752  1.22520e-04
 31  0.03586  8.32041e-05 | 32  0.12730 -4.58690e-05 | 33  0.01636 -1.96676e-04
 34 -0.06689  5.72961e-05 | 35  0.01001 -2.15596e-05 | 36 -0.15240  8.41514e-05
 37  0.22850  2.38507e-03 | 38  0.22670  4.92486e-04 | 39  0.23294 -2.86905e-04
 40  0.20981  7.53139e-04 | 41 -0.07587 -1.09196e-02 | 42 -0.63802  1.07168e-03
 43  1.00002 -2.81920e-04 | 44 -0.69609  1.02711e-05 | 45  0.06675 -1.26987e-04
 46 -0.67247 -6.37064e-04 | 47  1.00005 -7.70427e-05 | 48 -0.69630  1.11228e-04
 49 -0.07070 -1.75734e-03 | 50 -0.07692 -1.43089e-02 | 51 -0.28116  4.22414e-04
 52 -0.55550  3.47232e-04 |
52 variables; iteration 260; function evaluation 326; phase 3
Function value 2.4481606e+03; maximum gradient component mag 6.8989e-03
Var    Value     Gradient |Var    Value     Gradient |Var    Value     Gradient
  1  0.06680  5.09578e-03 |  2 -0.01263 -4.57276e-05 |  3  0.02953  2.99051e-05
  4 -0.01411 -3.32483e-05 |  5 -0.13219 -8.63971e-05 |  6 -0.01488 -1.89475e-05
  7 -0.10189 -9.31121e-05 |  8 -0.06729 -5.19424e-05 |  9  0.00880 -4.97563e-05
 10  0.12165  6.45296e-05 | 11 -0.04418 -4.33478e-05 | 12  0.03626  6.08288e-05
 13  0.00792  5.04431e-05 | 14  0.05039  1.41873e-04 | 15 -0.01721  3.08839e-05
 16 -0.06218  8.16781e-06 | 17 -0.01561  1.67519e-05 | 18  0.05592  9.51218e-06
 19  0.09182  2.10035e-05 | 20  0.01313 -3.37821e-05 | 21 -0.08746 -5.77443e-05
 22 -0.05068 -4.15814e-05 | 23  0.03504  6.57366e-05 | 24  0.02794  5.23659e-05
 25 -0.03020 -9.44408e-06 | 26  0.05971  1.60844e-04 | 27  0.00863  3.54549e-05
 28  0.05309  6.34282e-05 | 29  0.01176 -3.00958e-05 | 30  0.06752 -1.29571e-05
 31  0.03586 -3.11934e-05 | 32  0.12730  7.93153e-05 | 33  0.01636  2.78269e-05
 34 -0.06689 -4.75709e-05 | 35  0.01001 -6.91585e-05 | 36 -0.15240 -8.87221e-05
 37  0.22850  1.07764e-05 | 38  0.22670  8.24958e-05 | 39  0.23294  6.73221e-05
 40  0.20981  1.22032e-04 | 41 -0.08860  5.13848e-03 | 42 -0.64450 -2.01801e-03
 43  1.00002  3.15305e-05 | 44 -0.69609  1.02148e-05 | 45  0.06675  7.25857e-06
 46 -0.67247  5.81838e-05 | 47  1.00005 -3.90377e-06 | 48 -0.69630 -1.32319e-05
 49 -0.06198  6.03947e-04 | 50 -0.06819  6.89888e-03 | 51 -0.27614 -1.94674e-04
 52 -0.54847 -1.74588e-03 |
Warning: the following parameters had issues
  selparm[3] is within 0.1% of upper bound: -3.00000e+00 < 1.50000e+01 < 1.50000e+01
  selparm[7] is within 0.1% of upper bound: -3.00000e+00 < 1.50000e+01 < 1.50000e+01


 - final statistics:
52 variables; iteration 274; function evaluation 340
Function value 2.4482e+03; maximum gradient component mag -2.2899e-05
Exit code = 1;  converg criter 1.0000e-04
Var    Value     Gradient |Var    Value     Gradient |Var    Value     Gradient
  1  0.06680 -2.19165e-05 |  2 -0.01263 -2.52742e-07 |  3  0.02953 -6.63867e-07
  4 -0.01411 -3.77696e-07 |  5 -0.13219 -2.93217e-07 |  6 -0.01488 -4.61889e-07
  7 -0.10189 -3.56025e-07 |  8 -0.06729 -2.25597e-07 |  9  0.00880 -2.61232e-07
 10  0.12165 -6.84395e-07 | 11 -0.04418 -2.44494e-07 | 12  0.03626 -5.94306e-07
 13  0.00792 -5.39286e-07 | 14  0.05039 -1.70625e-06 | 15 -0.01721 -5.18266e-07
 16 -0.06218 -2.78210e-07 | 17 -0.01561 -5.80983e-07 | 18  0.05592 -4.76318e-07
 19  0.09182 -7.53086e-07 | 20  0.01313 -5.07123e-07 | 21 -0.08746 -1.56729e-07
 22 -0.05068 -1.13615e-07 | 23  0.03504 -8.79770e-07 | 24  0.02794 -8.27680e-07
 25 -0.03020 -3.68530e-07 | 26  0.05971 -2.81307e-06 | 27  0.00863 -1.22490e-06
 28  0.05309 -9.49381e-07 | 29  0.01176 -2.87690e-07 | 30  0.06752 -5.19895e-07
 31  0.03586 -3.41658e-07 | 32  0.12730 -6.80700e-07 | 33  0.01636 -4.94761e-07
 34 -0.06689 -3.60310e-07 | 35  0.01001 -8.05896e-07 | 36 -0.15240 -4.60518e-07
 37  0.22850 -1.05592e-06 | 38  0.22670 -5.64282e-06 | 39  0.23294 -3.67910e-06
 40  0.20981 -5.07657e-07 | 41 -0.08872  5.81561e-06 | 42 -0.64442 -2.28994e-05
 43  1.00002 -6.17787e-07 | 44 -0.69609  5.97860e-07 | 45  0.06675 -7.74074e-07
 46 -0.67247 -1.72862e-06 | 47  1.00005 -1.03180e-07 | 48 -0.69630  9.71330e-09
 49 -0.06190 -1.24845e-06 | 50 -0.06811  9.77801e-06 | 51 -0.27621 -2.54056e-07
 52 -0.54857 -2.13556e-05 |
Estimating row 1 out of 52 for hessian
Estimating row 2 out of 52 for hessian
Estimating row 3 out of 52 for hessian
Estimating row 4 out of 52 for hessian
Estimating row 5 out of 52 for hessian
Estimating row 6 out of 52 for hessian
Estimating row 7 out of 52 for hessian
Estimating row 8 out of 52 for hessian
Estimating row 9 out of 52 for hessian
Estimating row 10 out of 52 for hessian
Estimating row 11 out of 52 for hessian
Estimating row 12 out of 52 for hessian
Estimating row 13 out of 52 for hessian
Estimating row 14 out of 52 for hessian
Estimating row 15 out of 52 for hessian
Estimating row 16 out of 52 for hessian
Estimating row 17 out of 52 for hessian
Estimating row 18 out of 52 for hessian
Estimating row 19 out of 52 for hessian
Estimating row 20 out of 52 for hessian
Estimating row 21 out of 52 for hessian
Estimating row 22 out of 52 for hessian
Estimating row 23 out of 52 for hessian
Estimating row 24 out of 52 for hessian
Estimating row 25 out of 52 for hessian
Estimating row 26 out of 52 for hessian
Estimating row 27 out of 52 for hessian
Estimating row 28 out of 52 for hessian
Estimating row 29 out of 52 for hessian
Estimating row 30 out of 52 for hessian
Estimating row 31 out of 52 for hessian
Estimating row 32 out of 52 for hessian
Estimating row 33 out of 52 for hessian
Estimating row 34 out of 52 for hessian
Estimating row 35 out of 52 for hessian
Estimating row 36 out of 52 for hessian
Estimating row 37 out of 52 for hessian
Estimating row 38 out of 52 for hessian
Estimating row 39 out of 52 for hessian
Estimating row 40 out of 52 for hessian
Estimating row 41 out of 52 for hessian
Estimating row 42 out of 52 for hessian
Estimating row 43 out of 52 for hessian
Estimating row 44 out of 52 for hessian
Estimating row 45 out of 52 for hessian
Estimating row 46 out of 52 for hessian
Estimating row 47 out of 52 for hessian
Estimating row 48 out of 52 for hessian
Estimating row 49 out of 52 for hessian
Estimating row 50 out of 52 for hessian
Estimating row 51 out of 52 for hessian
Estimating row 52 out of 52 for hessian
size of file gradfil1.tmp = 0
size of file gradfil2.tmp = 0
size of file varssave.tmp = 0
size of file cmpdiff.tmp = 0
