
Initial statistics: 36 variables; iteration 0; function evaluation 0; phase 1
Function value 5.9762301e+03; maximum gradient component mag -1.8734e+04
Var    Value     Gradient |Var    Value     Gradient |Var    Value     Gradient
  1  0.06393 -1.87341e+04 |  2  0.04307  4.54578e+02 |  3  0.01347  3.35853e+02
  4 -0.06367  1.91671e+02 |  5 -0.14768  2.64779e+02 |  6 -0.03502  2.81690e+02
  7 -0.11507  2.38607e+02 |  8 -0.03537  3.13024e+02 |  9  0.03015  2.65248e+02
 10  0.11549  7.85713e+01 | 11 -0.06896  1.09913e+02 | 12 -0.00411 -1.05780e+02
 13 -0.00441 -2.58057e+02 | 14  0.03105 -2.98898e+02 | 15  0.04598  2.67135e+02
 16 -0.04684 -4.64040e+02 | 17  0.03017  1.41561e+02 | 18 -0.00687 -7.02854e+02
 19  0.04012 -2.68597e+02 | 20 -0.00103  3.49653e+01 | 21 -0.11878  7.62360e+01
 22 -0.00779  6.11376e+01 | 23 -0.01352  6.62712e+01 | 24  0.04308  8.09349e+01
 25 -0.07754 -3.67907e+01 | 26  0.05044 -1.89609e+02 | 27  0.07906 -2.96657e+02
 28  0.04848 -9.68238e+01 | 29 -0.05427 -3.49381e+02 | 30  0.02440 -1.70510e+02
 31  0.08886 -1.98452e+02 | 32  0.09185 -2.90784e+02 | 33  0.02994 -8.90691e+01
 34  0.00012  1.60277e+02 | 35  0.03398  9.50505e+01 | 36 -0.04026  2.91337e+02

Intermediate statistics: 36 variables; iteration 20; function evaluation 32; phase 1
Function value 5.3912977e+03; maximum gradient component mag -5.7618e+03
Var    Value     Gradient |Var    Value     Gradient |Var    Value     Gradient
  1  0.09211 -5.76184e+03 |  2 -0.04298  1.03288e+02 |  3 -0.04843  7.56366e+01
  4 -0.06509  1.25416e+02 |  5 -0.18367  8.66131e+01 |  6 -0.09250  5.75616e+01
  7 -0.16614  5.30955e+01 |  8 -0.09474  1.10193e+02 |  9 -0.02157  7.94229e+01
 10  0.07849 -6.28152e+01 | 11 -0.02081  5.35563e+01 | 12  0.04959 -1.79800e+01
 13  0.08507  6.23366e+00 | 14  0.05166 -6.13190e+01 | 15 -0.07231 -3.98266e+01
 16  0.11083  5.57025e+01 | 17 -0.02924 -4.64576e+01 | 18  0.19621 -2.48020e+01
 19  0.14015  1.10125e+01 | 20  0.02607  3.85495e+01 | 21 -0.03780  3.29367e+01
 22  0.00414  2.35713e+01 | 23 -0.03414 -3.39254e+01 | 24 -0.04164 -7.41286e+01
 25  0.00408  6.36147e+00 | 26 -0.02384 -1.49598e+02 | 27  0.06190 -1.67914e+02
 28  0.02813 -6.34403e+01 | 29  0.06653 -3.52954e+01 | 30  0.04230  3.64992e+01
 31  0.06733 -6.03095e+01 | 32  0.06811 -1.65783e+02 | 33  0.02077 -1.50711e+01
 34 -0.05749  1.23991e+01 | 35  0.03288  7.75680e+01 | 36 -0.09867  8.34592e+01
36 variables; iteration 40; function evaluation 67; phase 1
Function value 5.3033811e+03; maximum gradient component mag -2.3288e+01
Var    Value     Gradient |Var    Value     Gradient |Var    Value     Gradient
  1  0.12575 -1.30096e+01 |  2 -0.03424  4.38291e+00 |  3 -0.02552 -6.09638e+00
  4 -0.04159  8.29609e-01 |  5 -0.14478 -3.81067e-01 |  6 -0.03719  3.87550e+00
  7 -0.10595 -8.21838e+00 |  8 -0.07484  8.11429e-01 |  9 -0.00697 -5.54832e+00
 10  0.11367 -6.42025e+00 | 11  0.00382  3.34074e+00 | 12  0.09048  5.70917e+00
 13  0.08528 -5.79471e+00 | 14  0.08911 -4.74277e+00 | 15  0.00455 -4.80965e+00
 16  0.10678  9.90660e+00 | 17  0.01788  5.43432e+00 | 18  0.17840  8.71644e+00
 19  0.12540  7.63360e+00 | 20  0.00410  3.57238e+00 | 21 -0.04202 -2.85710e+00
 22 -0.01671 -9.94826e+00 | 23 -0.03642  1.68797e+00 | 24 -0.03081 -7.93219e+00
 25 -0.05898 -2.32881e+01 | 26 -0.04480 -1.59854e+01 | 27  0.03725 -6.36464e+00
 28  0.00124 -2.37836e+00 | 29  0.03846  1.86182e+00 | 30 -0.00978  2.43541e+00
 31  0.02890 -5.68247e+00 | 32  0.04819  1.24888e+01 | 33 -0.02051  2.87213e+00
 34 -0.08448  4.78939e+00 | 35 -0.01420  9.02728e+00 | 36 -0.14284  1.73976e+00

 - final statistics:
36 variables; iteration 43; function evaluation 70
Function value 5.3031e+03; maximum gradient component mag 3.5710e+00
Exit code = 1;  converg criter 1.0000e+01
Var    Value     Gradient |Var    Value     Gradient |Var    Value     Gradient
  1  0.12630  3.57096e+00 |  2 -0.03544 -4.04663e-01 |  3 -0.02153  2.04683e-01
  4 -0.03932  3.69646e-01 |  5 -0.14192 -5.23191e-02 |  6 -0.03488 -1.63812e-01
  7 -0.09852  7.66435e-02 |  8 -0.07191 -6.31330e-01 |  9 -0.00164  7.72843e-01
 10  0.11657  8.98396e-01 | 11  0.00231  2.34421e-01 | 12  0.08840 -9.26767e-02
 13  0.08704  1.07175e+00 | 14  0.09048  2.01253e+00 | 15  0.00577  2.19052e-02
 16  0.10307  5.82185e-01 | 17  0.01367 -1.29475e-01 | 18  0.17473  4.51253e-01
 19  0.12185  3.88977e-01 | 20  0.00159  6.69137e-02 | 21 -0.04232 -3.40304e-01
 22 -0.01475  5.47537e-01 | 23 -0.03749 -5.31528e-01 | 24 -0.02884 -1.17550e+00
 25 -0.05200 -1.62574e+00 | 26 -0.04340 -2.84489e+00 | 27  0.03634 -3.05780e+00
 28  0.00038 -6.77115e-01 | 29  0.03694 -1.93944e-01 | 30 -0.01134  1.01719e+00
 31  0.02927  1.10313e+00 | 32  0.04479  8.89254e-02 | 33 -0.02233  1.18621e+00
 34 -0.08802  4.58622e-01 | 35 -0.01951 -4.90074e-01 | 36 -0.14660  9.54679e-02

Initial statistics: 46 variables; iteration 0; function evaluation 0; phase 2
Function value 5.3030563e+03; maximum gradient component mag -5.4802e+03
Var    Value     Gradient |Var    Value     Gradient |Var    Value     Gradient
  1  0.12630  3.57096e+00 |  2 -0.03544 -3.84692e-01 |  3 -0.02153  2.24673e-01
  4 -0.03931  3.89609e-01 |  5 -0.14192 -3.28120e-02 |  6 -0.03488 -1.43840e-01
  7 -0.09852  9.64065e-02 |  8 -0.07191 -6.11455e-01 |  9 -0.00164  7.92845e-01
 10  0.11657  9.18064e-01 | 11  0.00231  2.54423e-01 | 12  0.08840 -7.28672e-02
 13  0.08704  1.09157e+00 | 14  0.09048  2.03233e+00 | 15  0.00577  4.19064e-02
 16  0.10308  6.01925e-01 | 17  0.01367 -1.09478e-01 | 18  0.17474  4.70506e-01
 19  0.12185  4.08614e-01 | 20  0.00159  8.69157e-02 | 21 -0.04232 -3.20346e-01
 22 -0.01475  5.67533e-01 | 23 -0.03749 -5.11561e-01 | 24 -0.02884 -1.15552e+00
 25 -0.05200 -1.60580e+00 | 26 -0.04340 -2.82494e+00 | 27  0.03634 -3.03783e+00
 28  0.00038 -6.57113e-01 | 29  0.03694 -1.73975e-01 | 30 -0.01133  1.03719e+00
 31  0.02927  1.12311e+00 | 32  0.04479  1.08878e-01 | 33 -0.02233  1.20620e+00
 34 -0.08802  4.78433e-01 | 35 -0.01951 -4.70081e-01 | 36 -0.14660  1.14942e-01
 37  0.17511 -5.48020e+03 | 38  0.20568 -4.38450e+03 | 39  0.28285  4.31614e+03
 40  0.21220  3.01694e+03 | 41 -0.06254  1.67978e+02 | 42 -0.31713  9.24634e+02
 43  0.02177  8.96875e+02 | 44 -0.05835 -6.49148e+02 | 45 -0.78198 -2.37489e+02
 46 -0.85749  3.35001e+02 |

Intermediate statistics: 46 variables; iteration 20; function evaluation 32; phase 2
Function value 4.7943043e+03; maximum gradient component mag -5.4307e+03
Var    Value     Gradient |Var    Value     Gradient |Var    Value     Gradient
  1  0.08514 -5.40376e+03 |  2  0.01398  9.16634e+01 |  3  0.07065  9.68560e+01
  4  0.05286  1.07966e+02 |  5 -0.05403  9.86258e+01 |  6  0.05014  1.05788e+02
  7 -0.03523  9.07352e+01 |  8 -0.02591  8.26171e+01 |  9  0.01346  7.41390e+01
 10  0.10162  3.66027e+01 | 11 -0.04210  5.36118e+01 | 12  0.01779  2.23906e+01
 13  0.00501 -1.12611e+00 | 14  0.05125  1.57242e+01 | 15 -0.04110  4.71146e+01
 16  0.08424 -1.53603e+01 | 17  0.00468  8.14530e+00 | 18  0.13529 -6.53736e+01
 19  0.10160 -3.45323e+01 | 20 -0.04306 -5.70045e+00 | 21 -0.07474  4.41832e+01
 22 -0.04820 -1.20178e+00 | 23 -0.03940 -6.24264e+00 | 24 -0.03441 -3.27204e+01
 25 -0.13889 -1.32891e+02 | 26  0.03566 -9.63010e+01 | 27  0.02213 -1.56718e+02
 28 -0.02811 -8.31577e+01 | 29  0.01236 -8.33366e+01 | 30 -0.03877 -6.32291e+01
 31  0.01858 -1.47271e+02 | 32  0.05474 -2.19650e+02 | 33 -0.03335 -8.91956e+01
 34 -0.07603 -1.43503e+01 | 35  0.01291 -1.44725e+01 | 36 -0.11030  1.17051e+02
 37  0.20348 -5.43067e+03 | 38  0.24552 -1.19162e+03 | 39  0.20087 -1.26771e+03
 40  0.21926 -2.13826e+03 | 41 -0.46263  2.46034e+02 | 42 -0.47116 -5.56541e+02
 43  0.15984  3.94746e+02 | 44  0.16009  6.90760e+01 | 45 -0.57784 -2.66758e+02
 46 -1.05975  1.32403e+01 |
46 variables; iteration 40; function evaluation 61; phase 2
Function value 4.6704797e+03; maximum gradient component mag -8.8646e+02
Var    Value     Gradient |Var    Value     Gradient |Var    Value     Gradient
  1  0.05021 -8.86465e+02 |  2 -0.00440  1.96471e+01 |  3  0.02525 -1.48926e+00
  4 -0.02687  1.02565e+01 |  5 -0.14743  1.51134e+01 |  6 -0.03874  5.43727e+00
  7 -0.14358 -1.62666e+01 |  8 -0.07484  2.27480e+01 |  9  0.00774  1.26981e+01
 10  0.11944 -3.52524e+00 | 11 -0.01703  3.17728e+01 | 12  0.03105  2.62525e-01
 13  0.03437  1.71671e+01 | 14  0.06398 -1.10508e+01 | 15 -0.04374  1.48670e+01
 16  0.07137 -1.67794e+01 | 17 -0.02884 -3.87930e+01 | 18  0.13698  1.73978e+00
 19  0.10616  1.10188e+01 | 20 -0.02769  2.68265e+01 | 21 -0.06876  1.34082e+01
 22 -0.02527  1.63469e+01 | 23  0.00063  1.03295e+01 | 24  0.02517  2.25566e+00
 25  0.00283 -1.27214e+01 | 26  0.02783 -3.00365e+01 | 27  0.05733 -1.55904e+01
 28  0.00608 -3.88924e+00 | 29  0.02470 -2.73961e+00 | 30 -0.01301  1.23604e+01
 31  0.04782  1.89510e+00 | 32  0.09366 -3.09936e+00 | 33 -0.00345 -4.37215e+01
 34 -0.03662 -1.50420e+01 | 35  0.02424 -2.92566e+01 | 36 -0.21029 -9.02351e+00
 37  0.23240 -7.69557e+02 | 38  0.26655 -5.31267e+01 | 39  0.24161 -1.23676e+02
 40  0.24388 -8.40570e+02 | 41 -0.32933 -7.42845e+01 | 42 -0.46161 -6.52237e-03
 43  0.11247  6.75825e+00 | 44  0.09645 -1.29675e+02 | 45 -0.48213 -2.12451e+01
 46 -1.04431 -1.98782e+00 |

 - final statistics:
46 variables; iteration 58; function evaluation 88
Function value 4.6600e+03; maximum gradient component mag -8.1235e+00
Exit code = 1;  converg criter 1.0000e+01
Var    Value     Gradient |Var    Value     Gradient |Var    Value     Gradient
  1  0.04110 -8.12347e+00 |  2  0.00278  4.86764e-01 |  3  0.04701  2.68890e-01
  4 -0.01062  2.86535e-01 |  5 -0.13229 -1.22051e-02 |  6 -0.01607  7.58652e-02
  7 -0.10834 -3.13738e-01 |  8 -0.06551  3.40966e-01 |  9  0.01502  2.29897e-01
 10  0.12335  1.06528e+00 | 11 -0.02923  4.17045e-01 | 12  0.02774  1.76050e-01
 13  0.03006  8.55115e-01 | 14  0.06945  9.51283e-01 | 15 -0.05588  7.89622e-01
 16  0.06313 -9.18893e-02 | 17 -0.03095  1.78512e-01 | 18  0.11903 -9.81195e-01
 19  0.08562  1.20318e-01 | 20 -0.04894 -3.80837e-01 | 21 -0.08902  6.74231e-01
 22 -0.03766  1.35256e-01 | 23  0.00819  6.36626e-01 | 24  0.02689 -1.84826e-01
 25  0.00164 -1.96842e-01 | 26  0.02786 -8.13410e-01 | 27  0.05128  2.93538e+00
 28  0.00666  2.35766e+00 | 29  0.01458  3.55128e-01 | 30 -0.02522  1.14140e+00
 31  0.03460 -1.38460e+00 | 32  0.08596 -3.00165e+00 | 33  0.00456 -1.54849e+00
 34 -0.02972 -1.33425e+00 | 35  0.02216 -4.55679e+00 | 36 -0.19067 -3.46239e-01
 37  0.24422  6.69301e-01 | 38  0.27278  3.67683e-01 | 39  0.25471  7.93625e-01
 40  0.26153  3.24879e+00 | 41 -0.42875 -3.36953e+00 | 42 -0.45828  1.78294e+00
 43  0.18665 -4.20073e+00 | 44  0.17098 -1.80839e+00 | 45 -0.46121  1.52933e+00
 46 -1.07890  5.44144e-02 |

Initial statistics: 52 variables; iteration 0; function evaluation 0; phase 3
Function value 4.6600467e+03; maximum gradient component mag -3.6855e+03
Var    Value     Gradient |Var    Value     Gradient |Var    Value     Gradient
  1  0.04110 -8.12347e+00 |  2  0.00278  5.06528e-01 |  3  0.04701  2.88600e-01
  4 -0.01062  3.06297e-01 |  5 -0.13229  7.13378e-03 |  6 -0.01607  9.56230e-02
  7 -0.10834 -2.94260e-01 |  8 -0.06551  3.60625e-01 |  9  0.01502  2.49656e-01
 10  0.12335  1.08467e+00 | 11 -0.02922  4.36788e-01 | 12  0.02774  1.95795e-01
 13  0.03007  8.74857e-01 | 14  0.06945  9.70930e-01 | 15 -0.05588  8.09310e-01
 16  0.06313 -7.22223e-02 | 17 -0.03095  1.98253e-01 | 18  0.11903 -9.61776e-01
 19  0.08562  1.39904e-01 | 20 -0.04894 -3.61131e-01 | 21 -0.08902  6.93802e-01
 22 -0.03766  1.54985e-01 | 23  0.00819  6.56388e-01 | 24  0.02689 -1.65079e-01
 25  0.00164 -1.77078e-01 | 26  0.02786 -7.93665e-01 | 27  0.05128  2.95508e+00
 28  0.00666  2.37742e+00 | 29  0.01458  3.74887e-01 | 30 -0.02521  1.16115e+00
 31  0.03460 -1.36487e+00 | 32  0.08596 -2.98207e+00 | 33  0.00456 -1.52873e+00
 34 -0.02972 -1.31451e+00 | 35  0.02217 -4.53703e+00 | 36 -0.19067 -3.27355e-01
 37  0.24422  6.69301e-01 | 38  0.27278  3.67683e-01 | 39  0.25471  7.93625e-01
 40  0.26153  3.24879e+00 | 41 -0.42875 -3.36953e+00 | 42 -0.45828  1.78294e+00
 43  0.24187 -5.77553e+02 | 44 -0.41264 -3.45592e+02 | 45  0.09146 -3.68552e+03
 46 -0.89706  9.50729e+02 | 47  0.36071  4.41200e+02 | 48 -0.35815 -6.30487e+01
 49  0.18665 -4.20073e+00 | 50  0.17098 -1.80839e+00 | 51 -0.46121  1.52933e+00
 52 -0.92110 -5.44144e-02 |

Intermediate statistics: 52 variables; iteration 20; function evaluation 30; phase 3
Function value 3.2956646e+03; maximum gradient component mag -9.3431e+03
Var    Value     Gradient |Var    Value     Gradient |Var    Value     Gradient
  1  0.03010 -9.34310e+03 |  2 -0.00200  8.92116e+01 |  3  0.04107  5.63884e+01
  4 -0.01269  1.24595e+02 |  5 -0.13826  1.33148e+02 |  6 -0.01928  1.25159e+02
  7 -0.11484  1.38701e+02 |  8 -0.06662  1.31347e+02 |  9  0.02073  1.21010e+02
 10  0.13314  1.01604e+02 | 11 -0.00248  1.22417e+02 | 12  0.03235  1.05296e+02
 13  0.05004  8.27103e+01 | 14  0.11815  1.42020e+02 | 15  0.10423  2.03473e+02
 16 -0.13393 -8.38773e+01 | 17  0.04981  2.34154e+02 | 18  0.06313 -7.95582e+01
 19  0.15129  1.03380e+02 | 20 -0.03128  9.91165e+01 | 21  0.03099  1.27507e+02
 22  0.05588 -5.69125e+00 | 23 -0.23533 -7.68921e+01 | 24  0.07262  4.71369e+01
 25  0.14420  1.64472e+01 | 26 -0.15708 -2.69846e+02 | 27  0.10550 -2.49776e+02
 28 -0.03135 -3.41422e+02 | 29  0.09229 -5.94976e+01 | 30 -0.09181 -2.74184e+02
 31  0.08968 -1.25832e+02 | 32  0.11372 -3.83805e+02 | 33 -0.06242 -2.21647e+02
 34  0.01536  5.79219e+00 | 35  0.04361 -3.79048e+01 | 36 -0.46937  2.94135e+01
 37  0.25060 -9.78734e+02 | 38  0.19338 -7.67084e+03 | 39  0.25446 -3.96209e+01
 40  0.25671  4.34381e+01 | 41 -0.43735 -1.00302e+02 | 42 -0.46676 -9.01163e+01
 43  0.36877  8.73634e+01 | 44 -0.34369  1.02873e+01 | 45  0.61957 -1.26263e+03
 46 -0.93025  1.07722e+02 | 47  0.21630 -5.75541e+02 | 48 -0.47784  3.30998e+02
 49  0.20993 -5.29724e+01 | 50  0.17091 -1.27950e+02 | 51 -0.44581  2.53634e+01
 52 -0.92530 -1.47272e+01 |
52 variables; iteration 40; function evaluation 57; phase 3
Function value 3.0300240e+03; maximum gradient component mag -4.0551e+03
Var    Value     Gradient |Var    Value     Gradient |Var    Value     Gradient
  1  0.04110 -4.05508e+03 |  2 -0.02040 -1.79337e+01 |  3  0.03076 -2.41657e+01
  4 -0.00975  4.04912e+01 |  5 -0.11804  4.65655e+01 |  6  0.02177  6.50815e+01
  7 -0.03918  1.02916e+02 |  8 -0.01446  9.05328e+01 |  9  0.01293  1.92640e+01
 10  0.08704 -3.91355e+01 | 11 -0.04993 -1.48912e+01 | 12 -0.00966 -3.57117e+01
 13  0.00559 -1.00461e+02 | 14  0.08146 -1.08749e+02 | 15 -0.04633 -2.24167e+02
 16 -0.06561 -2.29862e+02 | 17  0.00447  4.14917e+01 | 18  0.04519 -2.44927e+01
 19  0.11835  1.52308e+02 | 20 -0.07664  3.74974e+00 | 21 -0.03990  3.31794e+01
 22 -0.00647  1.49323e+01 | 23  0.10467  4.46012e+02 | 24  0.04677  6.89771e+01
 25  0.08555  6.05157e+01 | 26 -0.04501 -2.57985e+02 | 27  0.04848 -1.23617e+02
 28  0.02396 -8.05251e+01 | 29  0.01287 -1.25223e+02 | 30 -0.04242 -2.51806e+02
 31  0.06801  1.63062e+01 | 32  0.08156 -7.46157e+01 | 33 -0.01272  1.57306e+01
 34 -0.02591 -5.26575e+01 | 35  0.03729 -4.13262e+00 | 36 -0.32270  2.17303e+00
 37  0.25722  8.83173e+02 | 38  0.21912 -2.65306e+03 | 39  0.24047 -5.94093e+02
 40  0.24515 -1.29944e+03 | 41 -0.75826  1.91122e+02 | 42 -0.43842 -5.26311e+00
 43  0.35358 -1.13700e+02 | 44 -0.36378 -5.51977e+01 | 45  0.67624 -8.40316e+02
 46 -0.83474  2.19716e+02 | 47  0.22706  9.86782e+01 | 48 -0.46550  2.32856e+02
 49  0.48271  4.75442e+01 | 50  0.34996  5.83689e+02 | 51 -0.31167  3.85963e+01
 52 -1.10042  7.70517e+00 |
52 variables; iteration 60; function evaluation 87; phase 3
Function value 2.8234770e+03; maximum gradient component mag 3.7163e+02
Var    Value     Gradient |Var    Value     Gradient |Var    Value     Gradient
  1  0.04258 -3.30930e+02 |  2  0.00496  1.57653e+01 |  3  0.04010  1.72439e+01
  4 -0.02905 -1.87064e+01 |  5 -0.16234 -2.71898e+01 |  6 -0.03059 -5.88431e-01
  7 -0.13664 -2.72064e+01 |  8 -0.07319  3.47614e+00 |  9  0.00944 -2.46973e+00
 10  0.10685 -3.18082e+01 | 11 -0.03060 -2.93538e+01 | 12  0.00523 -4.75277e+01
 13  0.02338 -6.78658e+01 | 14  0.08492  5.58246e+00 | 15  0.02075 -2.62794e+00
 16 -0.03956  2.13590e+01 | 17 -0.00419  5.78563e+00 | 18  0.07144  1.44756e+00
 19  0.11203  4.30532e+00 | 20 -0.04390  1.82756e+00 | 21 -0.01679  1.40729e+01
 22 -0.00553  1.44728e+00 | 23 -0.03553 -1.01048e+01 | 24  0.04457  2.40051e+01
 25  0.04841 -3.79016e+00 | 26  0.04916  8.54111e+01 | 27  0.05391 -1.55929e+01
 28  0.01966 -5.02138e+01 | 29  0.02739 -2.04088e+01 | 30  0.01651 -2.78166e+01
 31  0.04895 -5.80412e+01 | 32  0.09050 -2.81031e+01 | 33 -0.01642 -3.09605e+01
 34 -0.00942 -3.14475e+01 | 35  0.03022 -1.58824e+01 | 36 -0.29680 -2.09046e+01
 37  0.25121  2.22144e+00 | 38  0.23068  2.19734e+01 | 39  0.25215  8.70886e+01
 40  0.24543  1.52155e+02 | 41 -0.63061 -6.73354e+01 | 42 -0.45265  3.71631e+02
 43  0.36786  2.93255e-01 | 44 -0.34336  1.87413e+01 | 45  0.90094 -1.04494e+02
 46 -0.86127  3.35221e+01 | 47  0.21855  9.69135e+01 | 48 -0.47807 -2.44866e+01
 49  0.31400  4.32496e+00 | 50  0.26826 -1.67494e+02 | 51 -0.42612  2.69002e+01
 52 -0.89731  5.44899e+01 |
52 variables; iteration 80; function evaluation 107; phase 3
Function value 2.8101882e+03; maximum gradient component mag 6.2610e+00
Var    Value     Gradient |Var    Value     Gradient |Var    Value     Gradient
  1  0.05075  6.26101e+00 |  2 -0.00690 -1.92178e-01 |  3  0.03397 -3.09014e-01
  4 -0.01855 -9.67957e-03 |  5 -0.13895 -7.61096e-02 |  6 -0.02363 -1.09653e-01
  7 -0.11433  5.30448e-03 |  8 -0.07538  8.39543e-04 |  9  0.00130 -1.39867e-02
 10  0.10560  3.14162e-01 | 11 -0.02558  2.30152e-01 | 12  0.01524  2.98784e-01
 13  0.02805  5.13156e-01 | 14  0.07208  4.52177e-01 | 15  0.01694  3.91386e-01
 16 -0.05482  5.11004e-01 | 17 -0.00674 -1.09350e-01 | 18  0.07232  1.40663e-01
 19  0.11291 -1.74381e-01 | 20 -0.04453  1.44879e-01 | 21 -0.02314  7.35742e-02
 22 -0.01490  4.52209e-01 | 23 -0.04141 -7.33760e-04 | 24  0.03740 -5.64132e-02
 25  0.05304 -7.68246e-02 | 26  0.02987  7.46898e-02 | 27  0.05213 -3.82682e-01
 28  0.02531 -2.71769e-01 | 29  0.02966 -5.03347e-01 | 30  0.02112 -1.01497e-01
 31  0.05685  1.95928e-01 | 32  0.08489  3.99884e-01 | 33 -0.02247  1.01837e-01
 34 -0.01789  1.81517e-01 | 35  0.03054 -3.47220e-01 | 36 -0.25702 -5.24847e-02
 37  0.24391 -2.26035e-01 | 38  0.22622 -2.77725e-01 | 39  0.24547  4.74183e-02
 40  0.23718 -1.35815e+00 | 41 -0.67948 -1.53206e-02 | 42 -0.45906 -1.12630e+00
 43  0.35635  6.32518e-02 | 44 -0.34723 -1.21651e-01 | 45  0.99960 -2.82900e-01
 46 -0.99420  1.66930e-01 | 47  0.21405  1.66039e-02 | 48 -0.47939 -2.86960e-01
 49  0.29544  8.77888e-02 | 50  0.27611 -1.12342e-01 | 51 -0.46315 -1.45502e-02
 52 -0.94236 -1.36128e-01 |
52 variables; iteration 100; function evaluation 127; phase 3
Function value 2.8101870e+03; maximum gradient component mag 1.3782e+00
Var    Value     Gradient |Var    Value     Gradient |Var    Value     Gradient
  1  0.05065  1.37818e+00 |  2 -0.00676  2.71016e-03 |  3  0.03417 -5.87512e-03
  4 -0.01845  7.49747e-02 |  5 -0.13883  3.26115e-02 |  6 -0.02356  9.34428e-03
  7 -0.11430  4.57220e-02 |  8 -0.07535  2.71142e-02 |  9  0.00136  3.58622e-02
 10  0.10558  1.05549e-01 | 11 -0.02568  5.25027e-02 | 12  0.01509  4.12483e-03
 13  0.02797 -7.22171e-02 | 14  0.07214  2.55858e-01 | 15  0.01689  1.00187e-01
 16 -0.05496  7.25131e-02 | 17 -0.00676  3.29769e-02 | 18  0.07219  1.62145e-02
 19  0.11285  5.84630e-02 | 20 -0.04470  1.86646e-02 | 21 -0.02321  1.58352e-01
 22 -0.01496  2.91984e-01 | 23 -0.04123  1.78952e-01 | 24  0.03743  9.64295e-02
 25  0.05308  2.46156e-01 | 26  0.02987  2.29519e-01 | 27  0.05220  1.95824e-01
 28  0.02531  1.24874e-02 | 29  0.02961 -3.88028e-01 | 30  0.02108 -5.76676e-03
 31  0.05679 -3.76045e-04 | 32  0.08486 -1.00401e-01 | 33 -0.02241 -2.77183e-02
 34 -0.01781  4.51879e-02 | 35  0.03060  5.90466e-02 | 36 -0.25709 -4.53448e-03
 37  0.24402 -3.14788e-02 | 38  0.22628 -4.90212e-01 | 39  0.24557  2.76820e-01
 40  0.23728  2.48339e-01 | 41 -0.67451 -1.29993e-01 | 42 -0.46025  1.24454e+00
 43  0.35650  9.14690e-02 | 44 -0.34723 -9.49998e-02 | 45  1.00030  2.09319e-01
 46 -0.99554  1.95594e-02 | 47  0.21409  5.30878e-02 | 48 -0.47937 -1.02358e-02
 49  0.29373  1.52051e-01 | 50  0.27446 -4.87191e-01 | 51 -0.46154 -4.08568e-02
 52 -0.92941  1.17719e-01 |
52 variables; iteration 120; function evaluation 151; phase 3
Function value 2.8101857e+03; maximum gradient component mag 1.2104e+00
Var    Value     Gradient |Var    Value     Gradient |Var    Value     Gradient
  1  0.05066 -8.26416e-01 |  2 -0.00671  4.94826e-02 |  3  0.03424  7.57344e-02
  4 -0.01842  9.16225e-03 |  5 -0.13878  1.66048e-02 |  6 -0.02351  1.38249e-02
  7 -0.11426  9.33050e-03 |  8 -0.07532  1.21426e-02 |  9  0.00136  3.99097e-03
 10  0.10556 -1.28719e-02 | 11 -0.02569  1.03827e-02 | 12  0.01509 -5.36845e-03
 13  0.02797 -4.75679e-02 | 14  0.07210  4.58568e-02 | 15  0.01685 -5.41088e-03
 16 -0.05497  4.24593e-02 | 17 -0.00677  2.06571e-02 | 18  0.07218  2.49003e-02
 19  0.11283  3.24859e-02 | 20 -0.04471  9.16752e-03 | 21 -0.02325  4.33412e-02
 22 -0.01503  8.33124e-02 | 23 -0.04128  1.91239e-03 | 24  0.03742 -1.81019e-02
 25  0.05304 -4.88222e-02 | 26  0.02984 -5.73644e-02 | 27  0.05216 -6.29051e-02
 28  0.02531 -2.91187e-02 | 29  0.02968 -2.71817e-02 | 30  0.02105 -3.27461e-02
 31  0.05676 -4.46985e-02 | 32  0.08486 -6.36734e-02 | 33 -0.02241 -3.45261e-02
 34 -0.01783 -6.73293e-02 | 35  0.03059  5.82523e-03 | 36 -0.25703  1.31406e-02
 37  0.24402 -6.11570e-02 | 38  0.22629  2.71331e-02 | 39  0.24557 -2.30462e-02
 40  0.23728 -2.55987e-01 | 41 -0.66510 -3.41696e-01 | 42 -0.46852  1.21035e+00
 43  0.35650  2.05678e-02 | 44 -0.34721  1.71381e-02 | 45  1.00004  2.69179e-02
 46 -0.99567  5.36181e-03 | 47  0.21409  5.18770e-02 | 48 -0.47937  3.11572e-02
 49  0.29008  5.38914e-03 | 50  0.27092 -8.89727e-01 | 51 -0.45086 -8.06539e-03
 52 -0.87624  2.26332e-01 |
52 variables; iteration 140; function evaluation 176; phase 3
Function value 2.8101850e+03; maximum gradient component mag 1.2456e+00
Var    Value     Gradient |Var    Value     Gradient |Var    Value     Gradient
  1  0.05066 -9.45512e-01 |  2 -0.00672  5.98256e-02 |  3  0.03423  8.76309e-02
  4 -0.01841  2.86459e-02 |  5 -0.13878  3.09294e-02 |  6 -0.02350  3.58474e-02
  7 -0.11425  3.91449e-02 |  8 -0.07531  3.33188e-02 |  9  0.00138  5.85984e-02
 10  0.10558  1.21423e-01 | 11 -0.02567  5.96788e-02 | 12  0.01512  1.12339e-01
 13  0.02802  1.36410e-01 | 14  0.07207 -3.63038e-02 | 15  0.01684 -3.42796e-02
 16 -0.05500 -2.72979e-02 | 17 -0.00677  2.74157e-02 | 18  0.07218  2.91065e-02
 19  0.11282  2.49931e-02 | 20 -0.04472  2.01138e-02 | 21 -0.02327  3.64916e-02
 22 -0.01505  5.01141e-02 | 23 -0.04127  3.97732e-02 | 24  0.03742  7.33321e-03
 25  0.05304 -1.94086e-02 | 26  0.02984 -1.80754e-02 | 27  0.05217  1.98850e-02
 28  0.02531 -5.67140e-03 | 29  0.02967 -5.37651e-02 | 30  0.02105 -6.96923e-03
 31  0.05675 -1.15885e-01 | 32  0.08485 -1.53125e-01 | 33 -0.02242 -7.76749e-02
 34 -0.01782 -2.57700e-02 | 35  0.03059  3.81837e-02 | 36 -0.25703  3.37478e-02
 37  0.24402 -1.99528e-01 | 38  0.22629 -7.18890e-02 | 39  0.24557  1.24440e-02
 40  0.23728 -1.36089e-01 | 41 -0.66882 -3.68443e-01 | 42 -0.48039  1.24557e+00
 43  0.35649  1.59444e-02 | 44 -0.34721  1.18999e-02 | 45  1.00005  3.29344e-02
 46 -0.99572 -1.85460e-04 | 47  0.21409 -7.80039e-02 | 48 -0.47937  4.33430e-02
 49  0.29150  2.10561e-02 | 50  0.27233 -9.84760e-01 | 51 -0.43594 -1.10335e-02
 52 -0.82672  3.42712e-01 |
52 variables; iteration 160; function evaluation 199; phase 3
Function value 2.8101847e+03; maximum gradient component mag 6.3736e-01
Var    Value     Gradient |Var    Value     Gradient |Var    Value     Gradient
  1  0.05065  1.80299e-01 |  2 -0.00676 -3.99673e-02 |  3  0.03417 -6.57161e-02
  4 -0.01846 -9.84380e-03 |  5 -0.13883 -8.49305e-03 |  6 -0.02354 -3.41163e-03
  7 -0.11430 -1.23144e-02 |  8 -0.07534 -1.02035e-02 |  9  0.00137 -4.50724e-03
 10  0.10557 -2.07715e-03 | 11 -0.02568 -1.01997e-02 | 12  0.01510  3.86711e-03
 13  0.02801  1.30803e-02 | 14  0.07209 -3.29284e-02 | 15  0.01686 -2.51035e-02
 16 -0.05499 -5.71046e-02 | 17 -0.00676 -8.96636e-03 | 18  0.07218 -3.28934e-02
 19  0.11283 -1.68932e-02 | 20 -0.04471 -1.75657e-02 | 21 -0.02327 -2.80838e-02
 22 -0.01506 -6.16703e-02 | 23 -0.04127 -2.40058e-02 | 24  0.03743 -2.47467e-02
 25  0.05306 -1.30690e-02 | 26  0.02986 -1.06013e-02 | 27  0.05218 -4.82727e-02
 28  0.02532 -2.39810e-02 | 29  0.02971  4.09075e-02 | 30  0.02107  9.84668e-03
 31  0.05679  5.35121e-02 | 32  0.08488  1.09686e-01 | 33 -0.02239  5.39554e-02
 34 -0.01781  5.45759e-02 | 35  0.03061  4.12297e-02 | 36 -0.25700 -2.78292e-03
 37  0.24402  1.12321e-01 | 38  0.22629 -1.36984e-02 | 39  0.24557  7.75552e-03
 40  0.23728  1.33429e-01 | 41 -0.68061 -1.40699e-01 | 42 -0.49403  6.37359e-01
 43  0.35649 -1.02817e-02 | 44 -0.34721  2.79060e-03 | 45  1.00003  1.53883e-02
 46 -0.99574 -2.16245e-03 | 47  0.21409  4.07456e-02 | 48 -0.47937 -4.60363e-02
 49  0.29597  1.48337e-03 | 50  0.27669 -3.68725e-01 | 51 -0.41942  1.05108e-02
 52 -0.78386  2.13342e-01 |
52 variables; iteration 180; function evaluation 222; phase 3
Function value 2.8101845e+03; maximum gradient component mag -9.8116e-02
Var    Value     Gradient |Var    Value     Gradient |Var    Value     Gradient
  1  0.05065 -9.81156e-02 |  2 -0.00673  5.82390e-03 |  3  0.03421  1.01333e-02
  4 -0.01843  5.79487e-04 |  5 -0.13880  2.15176e-03 |  6 -0.02353 -6.33659e-03
  7 -0.11428  5.55119e-03 |  8 -0.07533 -1.49649e-03 |  9  0.00136 -2.55372e-03
 10  0.10556 -1.22632e-02 | 11 -0.02569  1.11467e-03 | 12  0.01509 -5.20491e-03
 13  0.02799 -1.29876e-02 | 14  0.07209  8.13084e-03 | 15  0.01686  6.52126e-03
 16 -0.05498  6.61945e-03 | 17 -0.00677  3.35389e-03 | 18  0.07218  9.64315e-03
 19  0.11283  9.77373e-03 | 20 -0.04471  1.08802e-03 | 21 -0.02326  7.06398e-03
 22 -0.01505  1.61408e-02 | 23 -0.04127  6.73072e-03 | 24  0.03743  5.88055e-03
 25  0.05305  3.99040e-03 | 26  0.02985  3.92622e-03 | 27  0.05217 -5.77056e-02
 28  0.02532 -2.80966e-02 | 29  0.02969 -1.46850e-02 | 30  0.02106  4.07457e-03
 31  0.05677 -1.31245e-02 | 32  0.08487 -3.35330e-02 | 33 -0.02240 -1.57058e-02
 34 -0.01782  1.25106e-02 | 35  0.03061  5.13833e-02 | 36 -0.25701  2.81445e-03
 37  0.24402 -2.91231e-02 | 38  0.22629 -2.77944e-02 | 39  0.24557  2.68501e-02
 40  0.23728 -5.50367e-02 | 41 -0.69651 -6.16483e-03 | 42 -0.50929 -3.09062e-02
 43  0.35649  5.42297e-03 | 44 -0.34721 -3.00502e-03 | 45  1.00007  4.79631e-02
 46 -0.99571  8.72887e-04 | 47  0.21409  1.59318e-02 | 48 -0.47937 -9.23552e-03
 49  0.30170 -8.11644e-03 | 50  0.28236  1.11320e-02 | 51 -0.40175  1.94398e-03
 52 -0.74484 -2.12686e-02 |
52 variables; iteration 200; function evaluation 246; phase 3
Function value 2.8101844e+03; maximum gradient component mag 4.1648e-01
Var    Value     Gradient |Var    Value     Gradient |Var    Value     Gradient
  1  0.05065 -8.26552e-02 |  2 -0.00674 -5.17869e-03 |  3  0.03420 -8.55740e-03
  4 -0.01844  1.37115e-03 |  5 -0.13881 -4.13200e-04 |  6 -0.02353 -5.04188e-04
  7 -0.11429 -2.23648e-03 |  8 -0.07533 -6.08747e-04 |  9  0.00136 -4.50080e-03
 10  0.10557 -1.10645e-02 | 11 -0.02569 -5.30448e-03 | 12  0.01509 -1.85946e-02
 13  0.02799 -3.05982e-02 | 14  0.07210  5.89190e-03 | 15  0.01687  5.67081e-03
 16 -0.05498  8.33175e-04 | 17 -0.00677 -8.64609e-03 | 18  0.07218 -3.67928e-03
 19  0.11283 -1.59277e-04 | 20 -0.04471 -1.68370e-03 | 21 -0.02327 -5.27647e-03
 22 -0.01505 -9.15946e-03 | 23 -0.04127 -6.47138e-03 | 24  0.03743 -4.25550e-03
 25  0.05305 -1.10260e-04 | 26  0.02986  3.86010e-03 | 27  0.05218  1.30171e-02
 28  0.02532  6.83034e-03 | 29  0.02970  1.31129e-03 | 30  0.02106 -1.58193e-03
 31  0.05678  2.02628e-02 | 32  0.08488  2.71979e-02 | 33 -0.02240  1.35897e-02
 34 -0.01782 -1.16099e-03 | 35  0.03060 -1.59145e-02 | 36 -0.25702 -9.10449e-04
 37  0.24402  4.68391e-02 | 38  0.22629 -6.63320e-03 | 39  0.24557 -5.08916e-03
 40  0.23728  2.50550e-02 | 41 -0.71247 -1.07817e-01 | 42 -0.52456  4.16478e-01
 43  0.35649 -2.85705e-04 | 44 -0.34721 -4.51962e-03 | 45  1.00001  2.05386e-03
 46 -0.99572  1.29643e-04 | 47  0.21409  1.38984e-02 | 48 -0.47937 -5.96009e-03
 49  0.30724 -1.33054e-03 | 50  0.28781 -2.99253e-01 | 51 -0.38483  4.27200e-03
 52 -0.71151  1.96296e-01 |
52 variables; iteration 220; function evaluation 268; phase 3
Function value 2.8101843e+03; maximum gradient component mag 2.1389e-01
Var    Value     Gradient |Var    Value     Gradient |Var    Value     Gradient
  1  0.05065 -1.35489e-01 |  2 -0.00674  1.46268e-04 |  3  0.03420 -9.52835e-04
  4 -0.01844  3.54164e-04 |  5 -0.13881  1.65502e-03 |  6 -0.02353 -9.89442e-04
  7 -0.11428  1.70321e-03 |  8 -0.07533  4.95307e-05 |  9  0.00137 -4.92870e-04
 10  0.10557 -5.19891e-03 | 11 -0.02569 -5.86717e-04 | 12  0.01509 -2.25581e-03
 13  0.02799 -6.73744e-03 | 14  0.07209 -3.29552e-03 | 15  0.01686 -1.46377e-03
 16 -0.05498 -4.47752e-03 | 17 -0.00677 -1.07274e-03 | 18  0.07218  2.08929e-04
 19  0.11283  2.35836e-03 | 20 -0.04471 -8.88725e-04 | 21 -0.02327 -1.45123e-04
 22 -0.01505 -2.40252e-04 | 23 -0.04127 -9.02143e-04 | 24  0.03743 -7.24784e-04
 25  0.05305 -8.10325e-04 | 26  0.02985 -2.54546e-03 | 27  0.05217 -1.86861e-02
 28  0.02532 -8.58238e-03 | 29  0.02969  7.12549e-04 | 30  0.02106  9.47751e-04
 31  0.05678  1.24754e-03 | 32  0.08487 -1.39070e-04 | 33 -0.02240  1.72131e-04
 34 -0.01782  2.72178e-03 | 35  0.03060  1.48340e-02 | 36 -0.25702  2.54699e-03
 37  0.24402 -4.51808e-03 | 38  0.22629 -1.19728e-02 | 39  0.24557  4.15873e-03
 40  0.23728 -1.25894e-02 | 41 -0.72649 -6.21189e-02 | 42 -0.53953  2.13888e-01
 43  0.35649  1.91054e-03 | 44 -0.34721 -1.42503e-03 | 45  1.00001 -7.22741e-04
 46 -0.99572  1.03974e-04 | 47  0.21409  8.81202e-03 | 48 -0.47937 -4.39831e-03
 49  0.31189 -6.55073e-03 | 50  0.29239 -1.63070e-01 | 51 -0.36895  5.17558e-03
 52 -0.68276  1.09734e-01 |
52 variables; iteration 240; function evaluation 295; phase 3
Function value 2.8101843e+03; maximum gradient component mag 2.5485e-01
Var    Value     Gradient |Var    Value     Gradient |Var    Value     Gradient
  1  0.05065 -1.74000e-01 |  2 -0.00674  2.35871e-03 |  3  0.03420  2.14425e-03
  4 -0.01844  1.83135e-03 |  5 -0.13881  2.86558e-03 |  6 -0.02353  1.46766e-03
  7 -0.11428  2.57605e-03 |  8 -0.07533  1.99587e-03 |  9  0.00137  1.83843e-03
 10  0.10557 -1.43061e-05 | 11 -0.02569  1.18705e-03 | 12  0.01510  3.89694e-04
 13  0.02799 -3.34151e-03 | 14  0.07209 -3.56543e-03 | 15  0.01686 -2.35895e-03
 16 -0.05498 -4.30997e-03 | 17 -0.00677 -9.68116e-04 | 18  0.07218  6.12869e-04
 19  0.11283  2.74364e-03 | 20 -0.04471  5.46269e-04 | 21 -0.02327  1.42808e-03
 22 -0.01505  1.59233e-03 | 23 -0.04127 -2.05150e-04 | 24  0.03743 -3.73911e-04
 25  0.05305 -3.92131e-04 | 26  0.02985 -2.18775e-03 | 27  0.05218 -3.57549e-03
 28  0.02532 -1.79532e-03 | 29  0.02969 -1.57686e-03 | 30  0.02106 -8.87768e-04
 31  0.05677 -2.21949e-03 | 32  0.08487 -3.50427e-03 | 33 -0.02240 -1.37252e-03
 34 -0.01782 -2.80570e-03 | 35  0.03060  3.24575e-03 | 36 -0.25702  3.28364e-03
 37  0.24402 -5.03364e-03 | 38  0.22629 -9.64372e-03 | 39  0.24557 -1.05414e-03
 40  0.23728 -1.10738e-02 | 41 -0.73665 -7.48676e-02 | 42 -0.55329  2.54848e-01
 43  0.35649  2.01894e-03 | 44 -0.34721 -9.86806e-04 | 45  1.00001  1.55293e-04
 46 -0.99572  1.47912e-04 | 47  0.21409  2.31386e-03 | 48 -0.47937  1.47294e-03
 49  0.31513 -5.70470e-03 | 50  0.29559 -2.09986e-01 | 51 -0.35494  5.61004e-03
 52 -0.65887  1.45976e-01 |
52 variables; iteration 260; function evaluation 320; phase 3
Function value 2.8101842e+03; maximum gradient component mag 2.9355e-01
Var    Value     Gradient |Var    Value     Gradient |Var    Value     Gradient
  1  0.05065 -2.06197e-01 |  2 -0.00674  3.38174e-03 |  3  0.03420  3.08308e-03
  4 -0.01844  3.71633e-03 |  5 -0.13881  3.89093e-03 |  6 -0.02353  5.03326e-03
  7 -0.11428  2.63635e-03 |  8 -0.07533  4.53120e-03 |  9  0.00137  4.16526e-03
 10  0.10557  6.33372e-03 | 11 -0.02569  2.45559e-03 | 12  0.01510  7.41290e-04
 13  0.02799 -2.54854e-03 | 14  0.07209 -2.71226e-03 | 15  0.01686 -1.96962e-03
 16 -0.05498 -2.88669e-03 | 17 -0.00677 -2.21852e-03 | 18  0.07218 -6.19754e-04
 19  0.11283  1.31290e-03 | 20 -0.04471  2.26397e-03 | 21 -0.02327  1.93127e-03
 22 -0.01505  1.01428e-03 | 23 -0.04127 -2.56932e-04 | 24  0.03743 -9.10560e-04
 25  0.05305  1.22771e-04 | 26  0.02985 -1.47533e-04 | 27  0.05218  2.73691e-02
 28  0.02532  1.28431e-02 | 29  0.02969 -3.11044e-03 | 30  0.02106 -3.73083e-03
 31  0.05677 -1.25317e-03 | 32  0.08487  7.54354e-04 | 33 -0.02240  9.45921e-04
 34 -0.01782 -1.13461e-02 | 35  0.03060 -2.34195e-02 | 36 -0.25703  3.28517e-03
 37  0.24402  5.27100e-03 | 38  0.22629 -5.36979e-03 | 39  0.24557 -1.13833e-02
 40  0.23728 -3.28731e-04 | 41 -0.74349 -9.10194e-02 | 42 -0.57036  2.93548e-01
 43  0.35649  9.88350e-04 | 44 -0.34721 -1.06413e-03 | 45  1.00002  4.59590e-03
 46 -0.99572  1.22110e-04 | 47  0.21409 -5.94213e-03 | 48 -0.47937  8.88482e-03
 49  0.31726 -4.63974e-03 | 50  0.29767 -2.68956e-01 | 51 -0.33831  6.44688e-03
 52 -0.63195  1.88155e-01 |
52 variables; iteration 280; function evaluation 345; phase 3
Function value 2.8101841e+03; maximum gradient component mag -1.1269e-01
Var    Value     Gradient |Var    Value     Gradient |Var    Value     Gradient
  1  0.05065 -1.06798e-01 |  2 -0.00674  2.88578e-03 |  3  0.03421  3.41322e-03
  4 -0.01844  2.93190e-03 |  5 -0.13881  2.69616e-03 |  6 -0.02353  4.42337e-03
  7 -0.11428  1.29719e-03 |  8 -0.07533  3.33129e-03 |  9  0.00137  3.34786e-03
 10  0.10557  6.70499e-03 | 11 -0.02569  1.89918e-03 | 12  0.01510  8.20641e-04
 13  0.02799 -1.46849e-03 | 14  0.07209 -4.29751e-04 | 15  0.01686 -6.62229e-04
 16 -0.05498 -9.71509e-04 | 17 -0.00677 -1.40071e-03 | 18  0.07218 -1.17031e-03
 19  0.11283  3.82311e-04 | 20 -0.04471  1.74885e-03 | 21 -0.02327  2.42405e-03
 22 -0.01505  2.38189e-03 | 23 -0.04127  1.06566e-03 | 24  0.03743  2.09324e-04
 25  0.05305  1.21129e-03 | 26  0.02985  2.01328e-03 | 27  0.05218  3.06195e-02
 28  0.02532  1.50602e-02 | 29  0.02969 -4.05823e-03 | 30  0.02106 -3.96817e-03
 31  0.05677 -1.09978e-03 | 32  0.08487  1.67384e-03 | 33 -0.02240  1.87543e-03
 34 -0.01782 -1.21874e-02 | 35  0.03060 -2.85821e-02 | 36 -0.25703  1.50318e-03
 37  0.24402  4.54846e-03 | 38  0.22629 -4.65388e-03 | 39  0.24557 -1.14989e-02
 40  0.23728  1.42603e-03 | 41 -0.74140 -4.21356e-02 | 42 -0.59175  1.08935e-01
 43  0.35649  8.34042e-04 | 44 -0.34721 -9.35101e-04 | 45  1.00002  9.64798e-03
 46 -0.99572  1.83982e-04 | 47  0.21409 -5.51997e-03 | 48 -0.47937  9.01105e-03
 49  0.31661  1.46041e-03 | 50  0.29704 -1.12689e-01 | 51 -0.31857  1.22796e-03
 52 -0.60162  7.80897e-02 |
52 variables; iteration 300; function evaluation 371; phase 3
Function value 2.8101839e+03; maximum gradient component mag -5.4684e-01
Var    Value     Gradient |Var    Value     Gradient |Var    Value     Gradient
  1  0.05065 -5.17114e-01 |  2 -0.00674  4.62078e-03 |  3  0.03420 -1.58155e-03
  4 -0.01844  5.62797e-03 |  5 -0.13881  1.01157e-02 |  6 -0.02353  5.55204e-03
  7 -0.11428  1.09051e-02 |  8 -0.07533  6.75505e-03 |  9  0.00137  7.52562e-03
 10  0.10557  4.19254e-04 | 11 -0.02569  5.43712e-03 | 12  0.01510  5.08803e-03
 13  0.02799 -9.32367e-03 | 14  0.07210 -3.58136e-03 | 15  0.01686 -6.40391e-03
 16 -0.05498 -9.49221e-03 | 17 -0.00677  2.50938e-03 | 18  0.07218 -2.97435e-04
 19  0.11283  7.44978e-03 | 20 -0.04471 -1.83472e-03 | 21 -0.02326  6.42037e-03
 22 -0.01505  2.50691e-03 | 23 -0.04127 -1.57964e-03 | 24  0.03743 -6.13177e-03
 25  0.05305 -5.71725e-03 | 26  0.02985 -5.51848e-03 | 27  0.05217 -2.44412e-02
 28  0.02532 -9.87715e-03 | 29  0.02969 -5.04932e-03 | 30  0.02106 -2.21864e-03
 31  0.05678  6.68821e-03 | 32  0.08487  1.00765e-02 | 33 -0.02240  7.22370e-03
 34 -0.01782  1.07645e-03 | 35  0.03060  2.00910e-02 | 36 -0.25701  1.30354e-02
 37  0.24402 -4.78169e-02 | 38  0.22629 -4.56127e-02 | 39  0.24557 -7.92171e-04
 40  0.23728 -3.40724e-02 | 41 -0.71741 -1.94436e-01 | 42 -0.62379  4.91645e-01
 43  0.35649  7.47490e-03 | 44 -0.34721  1.25334e-03 | 45  1.00002  7.07579e-03
 46 -0.99572  4.89139e-04 | 47  0.21409  2.76249e-02 | 48 -0.47937 -1.63929e-02
 49  0.30890 -2.11499e-02 | 50  0.28945 -5.46837e-01 | 51 -0.29119  1.22776e-02
 52 -0.56182  4.17538e-01 |
52 variables; iteration 320; function evaluation 395; phase 3
Function value 2.8101835e+03; maximum gradient component mag 5.8222e-01
Var    Value     Gradient |Var    Value     Gradient |Var    Value     Gradient
  1  0.05065  5.82224e-01 |  2 -0.00674 -1.05596e-02 |  3  0.03420 -9.34993e-03
  4 -0.01844 -7.05624e-03 |  5 -0.13881 -9.71948e-03 |  6 -0.02353 -9.10157e-03
  7 -0.11428 -9.29574e-03 |  8 -0.07533 -1.09845e-02 |  9  0.00137 -8.62352e-03
 10  0.10557 -6.44291e-03 | 11 -0.02569 -6.72842e-03 | 12  0.01510 -6.11876e-04
 13  0.02799 -2.20447e-03 | 14  0.07209  9.07085e-03 | 15  0.01686 -2.94893e-03
 16 -0.05498 -1.25203e-02 | 17 -0.00677 -4.49657e-03 | 18  0.07218 -1.80090e-03
 19  0.11283  8.04338e-03 | 20 -0.04471 -1.16374e-02 | 21 -0.02326 -6.58460e-03
 22 -0.01505 -8.79913e-03 | 23 -0.04127 -6.91099e-03 | 24  0.03743  1.14806e-03
 25  0.05305  4.88802e-03 | 26  0.02985  6.85230e-03 | 27  0.05217 -3.37863e-02
 28  0.02532 -1.64187e-02 | 29  0.02970  4.98223e-03 | 30  0.02106  3.88356e-03
 31  0.05678  9.21657e-03 | 32  0.08487  2.39671e-02 | 33 -0.02240  7.51660e-03
 34 -0.01782  1.98744e-02 | 35  0.03061  3.75080e-02 | 36 -0.25701 -7.22704e-03
 37  0.24402  5.38152e-02 | 38  0.22629  1.73293e-02 | 39  0.24557  2.30979e-02
 40  0.23728  8.65926e-02 | 41 -0.66407  5.66015e-02 | 42 -0.66283  2.51740e-01
 43  0.35649  2.02054e-03 | 44 -0.34721 -7.00264e-04 | 45  1.00011  7.80054e-02
 46 -0.99572  7.43073e-06 | 47  0.21409  2.49007e-02 | 48 -0.47937 -1.64495e-02
 49  0.28971  2.51425e-02 | 50  0.27054  1.40625e-01 | 51 -0.26117  3.16604e-03
 52 -0.52055  2.58447e-01 |
52 variables; iteration 340; function evaluation 417; phase 3
Function value 2.8101832e+03; maximum gradient component mag 6.8172e-01
Var    Value     Gradient |Var    Value     Gradient |Var    Value     Gradient
  1  0.05065  6.81721e-01 |  2 -0.00674 -8.33950e-03 |  3  0.03420 -5.69363e-03
  4 -0.01844 -1.21462e-02 |  5 -0.13881 -1.09452e-02 |  6 -0.02353 -1.44194e-02
  7 -0.11428 -9.55848e-03 |  8 -0.07533 -1.39936e-02 |  9  0.00136 -1.18050e-02
 10  0.10557 -1.04516e-02 | 11 -0.02569 -7.58844e-03 | 12  0.01509 -1.73725e-03
 13  0.02799 -2.76811e-03 | 14  0.07209  2.36442e-03 | 15  0.01686 -3.93369e-04
 16 -0.05498 -9.17274e-03 | 17 -0.00677 -2.43879e-03 | 18  0.07218  3.77757e-03
 19  0.11283  3.51727e-03 | 20 -0.04471 -1.29547e-02 | 21 -0.02327 -1.04346e-02
 22 -0.01505 -4.09026e-03 | 23 -0.04127 -3.79388e-03 | 24  0.03743  7.42892e-03
 25  0.05305  5.51164e-03 | 26  0.02985  5.07483e-03 | 27  0.05217 -5.50269e-02
 28  0.02532 -2.42672e-02 | 29  0.02970  1.00492e-02 | 30  0.02106  5.55090e-03
 31  0.05678  8.20963e-03 | 32  0.08487  1.79116e-02 | 33 -0.02240  5.74915e-03
 34 -0.01781  3.06359e-02 | 35  0.03061  4.93121e-02 | 36 -0.25700 -8.50115e-03
 37  0.24402  4.55402e-02 | 38  0.22629  4.46169e-03 | 39  0.24557  3.12337e-02
 40  0.23728  5.19011e-02 | 41 -0.59738  2.12537e-01 | 42 -0.70135 -4.66736e-02
 43  0.35649 -3.83722e-03 | 44 -0.34721 -3.87261e-03 | 45  0.99990 -6.97208e-02
 46 -0.99572  5.84983e-05 | 47  0.21409  2.95520e-02 | 48 -0.47937 -3.23028e-02
 49  0.26204  3.20903e-02 | 50  0.24324  4.65233e-01 | 51 -0.23501 -9.79320e-03
 52 -0.48615 -4.56352e-02 |
52 variables; iteration 360; function evaluation 440; phase 3
Function value 2.8101830e+03; maximum gradient component mag 4.1751e-01
Var    Value     Gradient |Var    Value     Gradient |Var    Value     Gradient
  1  0.05065  4.17512e-01 |  2 -0.00673  1.44016e-03 |  3  0.03421  7.21138e-03
  4 -0.01844 -3.91742e-03 |  5 -0.13881 -5.67851e-03 |  6 -0.02353 -2.59273e-03
  7 -0.11428 -6.00415e-03 |  8 -0.07533 -4.26055e-03 |  9  0.00137 -3.97536e-03
 10  0.10557  2.30968e-03 | 11 -0.02569 -2.78805e-03 | 12  0.01509 -3.75013e-03
 13  0.02799 -6.40311e-03 | 14  0.07209  1.00912e-02 | 15  0.01686  2.37764e-03
 16 -0.05498  3.35652e-03 | 17 -0.00677 -1.90439e-03 | 18  0.07218  5.42615e-03
 19  0.11283  5.32255e-03 | 20 -0.04471 -4.23647e-03 | 21 -0.02327 -8.52641e-04
 22 -0.01505  5.68536e-03 | 23 -0.04128 -4.36345e-03 | 24  0.03743  8.81799e-03
 25  0.05305  8.73125e-03 | 26  0.02985  8.99954e-03 | 27  0.05218  1.86159e-02
 28  0.02532  1.07957e-02 | 29  0.02969  1.18986e-03 | 30  0.02106 -2.59370e-03
 31  0.05677 -3.85561e-03 | 32  0.08487  1.91792e-03 | 33 -0.02240 -1.14582e-03
 34 -0.01782 -2.02795e-03 | 35  0.03060 -1.43870e-02 | 36 -0.25702 -5.80459e-03
 37  0.24402  4.32138e-02 | 38  0.22629  2.40689e-02 | 39  0.24557 -1.44682e-03
 40  0.23728  3.88422e-02 | 41 -0.53079  1.29017e-01 | 42 -0.73621  2.32453e-02
 43  0.35649 -3.38299e-03 | 44 -0.34721 -2.83531e-03 | 45  0.99990 -6.70013e-02
 46 -0.99572  3.55090e-04 | 47  0.21409  2.76708e-03 | 48 -0.47937 -1.18274e-03
 49  0.23077  2.83807e-02 | 50  0.21233  2.44521e-01 | 51 -0.21416 -7.25835e-03
 52 -0.45959  4.52931e-02 |
52 variables; iteration 380; function evaluation 464; phase 3
Function value 2.8101829e+03; maximum gradient component mag 3.4784e-01
Var    Value     Gradient |Var    Value     Gradient |Var    Value     Gradient
  1  0.05065  3.47842e-01 |  2 -0.00674 -3.65884e-03 |  3  0.03420 -2.32056e-03
  4 -0.01844 -4.37368e-03 |  5 -0.13881 -5.31070e-03 |  6 -0.02353 -4.16072e-03
  7 -0.11428 -4.74908e-03 |  8 -0.07533 -5.26369e-03 |  9  0.00137 -3.86316e-03
 10  0.10557 -3.23384e-04 | 11 -0.02569 -2.61084e-03 | 12  0.01510  6.32075e-04
 13  0.02799  5.52198e-04 | 14  0.07209  3.87536e-03 | 15  0.01686 -4.49342e-04
 16 -0.05498 -3.14379e-03 | 17 -0.00677 -7.64580e-04 | 18  0.07218  1.19287e-03
 19  0.11283  2.60378e-03 | 20 -0.04471 -5.79287e-03 | 21 -0.02327 -3.36406e-03
 22 -0.01505 -1.90269e-03 | 23 -0.04127 -2.68650e-03 | 24  0.03743  3.56537e-03
 25  0.05305  4.12480e-03 | 26  0.02985  4.88243e-03 | 27  0.05217 -8.33015e-03
 28  0.02532 -2.85034e-03 | 29  0.02970  4.83856e-03 | 30  0.02106  1.77735e-03
 31  0.05678  3.24143e-03 | 32  0.08487  1.04390e-02 | 33 -0.02240  2.98505e-03
 34 -0.01782  8.79598e-03 | 35  0.03060  9.65802e-03 | 36 -0.25702 -3.99314e-03
 37  0.24402  2.48528e-02 | 38  0.22629  1.08451e-02 | 39  0.24557  8.92532e-03
 40  0.23728  3.66701e-02 | 41 -0.48444  1.10051e-01 | 42 -0.75930  8.59428e-03
 43  0.35649 -1.69546e-03 | 44 -0.34721 -1.19497e-03 | 45  1.00005  3.31607e-02
 46 -0.99572 -6.84343e-05 | 47  0.21409  1.05756e-02 | 48 -0.47937 -1.03008e-02
 49  0.20713  1.84254e-02 | 50  0.18892  2.00564e-01 | 51 -0.20181 -5.33466e-03
 52 -0.44417  2.69396e-02 |
52 variables; iteration 400; function evaluation 489; phase 3
Function value 2.8101829e+03; maximum gradient component mag 1.7877e-01
Var    Value     Gradient |Var    Value     Gradient |Var    Value     Gradient
  1  0.05065  1.78767e-01 |  2 -0.00674 -2.42760e-03 |  3  0.03420 -1.92855e-03
  4 -0.01844 -1.81094e-03 |  5 -0.13881 -2.38056e-03 |  6 -0.02353 -8.54244e-04
  7 -0.11428 -2.55762e-03 |  8 -0.07533 -1.98641e-03 |  9  0.00137 -8.44180e-04
 10  0.10557  3.40273e-03 | 11 -0.02569 -7.00383e-04 | 12  0.01510  2.41030e-03
 13  0.02800  3.53582e-03 | 14  0.07209  1.46884e-03 | 15  0.01686 -1.14667e-03
 16 -0.05498 -3.16475e-03 | 17 -0.00677 -8.02558e-04 | 18  0.07218 -1.25001e-03
 19  0.11283  4.29904e-04 | 20 -0.04471 -2.52682e-03 | 21 -0.02327 -1.43407e-03
 22 -0.01505 -1.95088e-03 | 23 -0.04127 -6.90344e-04 | 24  0.03743  9.99147e-04
 25  0.05305  1.80459e-03 | 26  0.02985  2.71180e-03 | 27  0.05218  6.78432e-03
 28  0.02532  3.56426e-03 | 29  0.02969  1.86020e-03 | 30  0.02106 -9.28942e-05
 31  0.05678  2.78452e-03 | 32  0.08487  9.02911e-03 | 33 -0.02240  3.15863e-03
 34 -0.01782  1.08970e-03 | 35  0.03060 -4.76626e-03 | 36 -0.25702 -2.09262e-03
 37  0.24402  1.52912e-02 | 38  0.22629  5.42109e-03 | 39  0.24557  1.62509e-03
 40  0.23728  2.59066e-02 | 41 -0.44104  5.19517e-02 | 42 -0.78024  6.91470e-03
 43  0.35649 -7.67630e-04 | 44 -0.34721 -1.48616e-04 | 45  1.00002  5.86656e-03
 46 -0.99572 -8.78654e-05 | 47  0.21409  1.92508e-03 | 48 -0.47937 -1.72535e-03
 49  0.18374  1.03894e-02 | 50  0.16572  9.09641e-02 | 51 -0.19161 -2.69791e-03
 52 -0.43159  2.63216e-02 |
52 variables; iteration 420; function evaluation 511; phase 3
Function value 2.8101829e+03; maximum gradient component mag -2.9671e-02
Var    Value     Gradient |Var    Value     Gradient |Var    Value     Gradient
  1  0.05065 -2.96711e-02 |  2 -0.00674  5.10469e-04 |  3  0.03420  3.89957e-04
  4 -0.01844  6.60853e-04 |  5 -0.13881  7.13176e-04 |  6 -0.02353  8.19972e-04
  7 -0.11428  4.39723e-04 |  8 -0.07533  6.39620e-04 |  9  0.00137  7.07708e-04
 10  0.10557  1.03874e-03 | 11 -0.02569  4.10485e-04 | 12  0.01510  2.80965e-04
 13  0.02799 -1.01768e-05 | 14  0.07209 -3.00502e-04 | 15  0.01686  5.06420e-05
 16 -0.05498  1.87559e-05 | 17 -0.00677  3.32700e-05 | 18  0.07218 -5.31854e-04
 19  0.11283 -3.10076e-04 | 20 -0.04471  3.86631e-04 | 21 -0.02327  5.96255e-04
 22 -0.01505  6.62951e-04 | 23 -0.04127  8.34560e-04 | 24  0.03743 -1.77098e-04
 25  0.05305  1.80789e-05 | 26  0.02985  2.61214e-04 | 27  0.05218  4.75950e-03
 28  0.02532  2.44270e-03 | 29  0.02969 -1.11533e-03 | 30  0.02106 -6.49947e-04
 31  0.05678  6.69172e-05 | 32  0.08487  9.76399e-05 | 33 -0.02240  5.67208e-04
 34 -0.01782 -2.45136e-03 | 35  0.03060 -5.27243e-03 | 36 -0.25702  3.79635e-04
 37  0.24402 -2.57819e-03 | 38  0.22629 -2.95173e-03 | 39  0.24557 -1.87258e-03
 40  0.23728 -2.75165e-03 | 41 -0.42422 -6.95408e-03 | 42 -0.78817 -1.41347e-02
 43  0.35649  4.14285e-04 | 44 -0.34721 -1.28133e-05 | 45  1.00001 -2.97832e-03
 46 -0.99572  4.22240e-05 | 47  0.21409 -8.53153e-04 | 48 -0.47937  1.66721e-03
 49  0.17437 -3.60205e-04 | 50  0.15643 -6.00709e-03 | 51 -0.18799 -5.20619e-04
 52 -0.42716 -1.20675e-02 |
52 variables; iteration 440; function evaluation 536; phase 3
Function value 2.8101828e+03; maximum gradient component mag -2.3253e-01
Var    Value     Gradient |Var    Value     Gradient |Var    Value     Gradient
  1  0.05065 -4.87608e-02 |  2 -0.00674  1.12446e-03 |  3  0.03420 -5.78879e-04
  4 -0.01844  8.19439e-03 |  5 -0.13881  5.59365e-03 |  6 -0.02353  1.48300e-02
  7 -0.11428  1.77512e-04 |  8 -0.07532  8.07448e-03 |  9  0.00137  1.17889e-02
 10  0.10557  3.36153e-02 | 11 -0.02568  5.99593e-03 | 12  0.01510  1.26645e-02
 13  0.02800  1.71001e-02 | 14  0.07210 -6.70482e-04 | 15  0.01686 -3.36703e-04
 16 -0.05498 -7.42451e-04 | 17 -0.00677 -3.11123e-03 | 18  0.07218 -1.47007e-02
 19  0.11283 -9.94514e-03 | 20 -0.04471  2.70965e-03 | 21 -0.02327  3.80583e-03
 22 -0.01505  1.29844e-03 | 23 -0.04127  1.25421e-02 | 24  0.03743 -4.55020e-03
 25  0.05305  1.88641e-03 | 26  0.02985  9.45064e-03 | 27  0.05220  1.33877e-01
 28  0.02533  6.55446e-02 | 29  0.02969 -1.22046e-02 | 30  0.02106 -1.21371e-02
 31  0.05678  1.17476e-02 | 32  0.08488  2.76875e-02 | 33 -0.02239  1.73810e-02
 34 -0.01782 -4.82461e-02 | 35  0.03058 -1.29876e-01 | 36 -0.25705 -7.61161e-04
 37  0.24402  5.15153e-04 | 38  0.22629 -1.89260e-02 | 39  0.24557 -3.85905e-02
 40  0.23728  4.12578e-02 | 41 -0.38124  6.48607e-02 | 42 -0.79961 -1.35662e-01
 43  0.35649  2.80587e-03 | 44 -0.34721  1.67502e-03 | 45  1.00002  9.75304e-03
 46 -0.99572 -1.03722e-04 | 47  0.21409 -3.02731e-02 | 48 -0.47937  3.69568e-02
 49  0.14975  1.87033e-02 | 50  0.13197  9.80647e-02 | 51 -0.18301 -1.87048e-02
 52 -0.42110 -2.32534e-01 |
52 variables; iteration 460; function evaluation 561; phase 3
Function value 2.8101825e+03; maximum gradient component mag 5.7787e-01
Var    Value     Gradient |Var    Value     Gradient |Var    Value     Gradient
  1  0.05065  5.77874e-01 |  2 -0.00673  1.20286e-03 |  3  0.03421  8.35695e-03
  4 -0.01843  1.46779e-03 |  5 -0.13880 -4.67568e-03 |  6 -0.02352  1.95656e-03
  7 -0.11428 -8.19667e-03 |  8 -0.07532 -2.09748e-03 |  9  0.00137 -1.03025e-03
 10  0.10557  1.77763e-02 | 11 -0.02569 -1.99171e-03 | 12  0.01510  1.79274e-03
 13  0.02799 -4.70308e-03 | 14  0.07210  2.20802e-02 | 15  0.01686  6.00819e-03
 16 -0.05498  2.89301e-03 | 17 -0.00677 -1.22508e-02 | 18  0.07218  2.10861e-04
 19  0.11283  1.02690e-02 | 20 -0.04471 -6.61297e-03 | 21 -0.02326 -1.48081e-04
 22 -0.01505  8.09290e-03 | 23 -0.04127  4.24391e-03 | 24  0.03743  6.85120e-03
 25  0.05305  1.35857e-02 | 26  0.02985  1.95605e-02 | 27  0.05219  1.05026e-01
 28  0.02532  4.98343e-02 | 29  0.02969 -1.26583e-02 | 30  0.02106 -1.01898e-02
 31  0.05678  1.29302e-02 | 32  0.08487  2.95745e-02 | 33 -0.02240  8.70040e-03
 34 -0.01782 -3.69653e-02 | 35  0.03059 -8.21421e-02 | 36 -0.25704 -8.18412e-03
 37  0.24402  6.06018e-02 | 38  0.22629  2.25731e-02 | 39  0.24557 -2.90277e-03
 40  0.23728  1.36574e-01 | 41 -0.30598  2.03661e-02 | 42 -0.77319  3.35195e-01
 43  0.35649  6.10277e-03 | 44 -0.34721 -3.79120e-03 | 45  0.99987 -9.22326e-02
 46 -0.99572  6.43092e-04 | 47  0.21409 -5.32073e-03 | 48 -0.47937  1.82154e-02
 49  0.10450  3.21756e-02 | 50  0.08696  4.40356e-03 | 51 -0.19492  1.71509e-02
 52 -0.43566  5.64327e-01 |
52 variables; iteration 480; function evaluation 583; phase 3
Function value 2.8101821e+03; maximum gradient component mag 3.0219e-01
Var    Value     Gradient |Var    Value     Gradient |Var    Value     Gradient
  1  0.05065  2.46796e-01 |  2 -0.00674 -2.64602e-03 |  3  0.03420 -9.40335e-04
  4 -0.01844 -3.90159e-03 |  5 -0.13881 -4.77621e-03 |  6 -0.02353 -5.43631e-03
  7 -0.11428 -3.85546e-03 |  8 -0.07533 -4.66338e-03 |  9  0.00137 -4.95883e-03
 10  0.10557 -5.64809e-03 | 11 -0.02569 -3.16294e-03 | 12  0.01509 -2.10592e-03
 13  0.02799 -3.96360e-03 | 14  0.07209  4.65615e-03 | 15  0.01686 -7.15507e-04
 16 -0.05498 -4.22504e-03 | 17 -0.00677 -2.60904e-03 | 18  0.07218  3.66242e-03
 19  0.11283  6.32963e-03 | 20 -0.04471 -4.41076e-03 | 21 -0.02327 -3.03528e-03
 22 -0.01505 -1.73520e-03 | 23 -0.04127 -5.33515e-03 | 24  0.03743  3.24616e-03
 25  0.05305  2.72820e-03 | 26  0.02985  1.82301e-03 | 27  0.05217 -2.31315e-02
 28  0.02532 -1.18651e-02 | 29  0.02969  4.28635e-03 | 30  0.02106  2.48136e-03
 31  0.05677  6.34652e-04 | 32  0.08487  4.30043e-03 | 33 -0.02240 -1.68416e-03
 34 -0.01782  1.13297e-02 | 35  0.03061  2.81815e-02 | 36 -0.25701 -2.70066e-03
 37  0.24402  2.95497e-02 | 38  0.22629  1.54330e-02 | 39  0.24557  1.37421e-02
 40  0.23728  3.51305e-02 | 41 -0.24403 -2.29626e-02 | 42 -0.73217  2.19932e-01
 43  0.35649 -6.24507e-04 | 44 -0.34721 -1.80475e-03 | 45  0.99985 -1.04678e-01
 46 -0.99572 -1.23362e-05 | 47  0.21409  1.14085e-02 | 48 -0.47937 -1.07896e-02
 49  0.06548  4.91027e-03 | 50  0.04807 -3.82893e-02 | 51 -0.21643  1.34263e-02
 52 -0.46245  3.02193e-01 |
52 variables; iteration 500; function evaluation 607; phase 3
Function value 2.8101819e+03; maximum gradient component mag 3.6435e-01
Var    Value     Gradient |Var    Value     Gradient |Var    Value     Gradient
  1  0.05065  6.75811e-02 |  2 -0.00674 -5.54693e-03 |  3  0.03420 -8.21730e-03
  4 -0.01844 -5.13800e-03 |  5 -0.13881 -3.76024e-03 |  6 -0.02353 -6.32467e-03
  7 -0.11428 -1.60443e-03 |  8 -0.07533 -4.05854e-03 |  9  0.00137 -4.47144e-03
 10  0.10557 -1.00401e-02 | 11 -0.02569 -2.78162e-03 | 12  0.01510 -1.47694e-03
 13  0.02799 -9.33592e-04 | 14  0.07209 -4.69480e-03 | 15  0.01686 -5.48089e-03
 16 -0.05498 -1.09521e-02 | 17 -0.00677 -6.66976e-04 | 18  0.07218  3.08168e-03
 19  0.11283  4.25621e-03 | 20 -0.04471 -4.06799e-03 | 21 -0.02327 -5.98889e-03
 22 -0.01505 -1.01399e-02 | 23 -0.04128 -1.08024e-02 | 24  0.03743 -6.69711e-04
 25  0.05305 -2.49602e-03 | 26  0.02985 -5.39858e-03 | 27  0.05217 -5.82016e-02
 28  0.02532 -2.94485e-02 | 29  0.02970  1.21491e-02 | 30  0.02106  6.62281e-03
 31  0.05678 -1.07947e-04 | 32  0.08487  3.83678e-03 | 33 -0.02240 -1.45792e-03
 34 -0.01781  2.89825e-02 | 35  0.03061  6.13502e-02 | 36 -0.25701  4.37709e-04
 37  0.24402  3.01753e-02 | 38  0.22629  1.18410e-02 | 39  0.24557  1.61234e-02
 40  0.23728  1.57805e-02 | 41 -0.19510 -1.56443e-01 | 42 -0.70109  3.09471e-01
 43  0.35649 -3.75662e-03 | 44 -0.34721 -8.34914e-04 | 45  0.99995 -3.27915e-02
 46 -0.99573 -4.38856e-04 | 47  0.21409  1.62567e-02 | 48 -0.47937 -2.19849e-02
 49  0.03372 -1.20180e-02 | 50  0.01637 -2.24800e-01 | 51 -0.23516  2.00622e-02
 52 -0.48635  3.64348e-01 |
52 variables; iteration 520; function evaluation 632; phase 3
Function value 2.8101818e+03; maximum gradient component mag 2.6893e-01
Var    Value     Gradient |Var    Value     Gradient |Var    Value     Gradient
  1  0.05065  1.32589e-02 |  2 -0.00674 -1.81973e-05 |  3  0.03420  2.35724e-04
  4 -0.01844 -6.52790e-04 |  5 -0.13881 -6.80773e-04 |  6 -0.02353 -1.55607e-03
  7 -0.11428 -2.61036e-04 |  8 -0.07533 -6.42392e-04 |  9  0.00137 -1.26778e-03
 10  0.10557 -2.62373e-03 | 11 -0.02569 -7.55289e-04 | 12  0.01509 -1.36777e-03
 13  0.02799 -3.86436e-03 | 14  0.07209  1.15783e-03 | 15  0.01686 -9.83343e-04
 16 -0.05498 -2.74575e-03 | 17 -0.00677 -2.10580e-03 | 18  0.07218  2.48342e-03
 19  0.11283  4.18513e-03 | 20 -0.04471 -1.40539e-03 | 21 -0.02327 -1.22659e-03
 22 -0.01505 -8.27411e-04 | 23 -0.04127 -3.29763e-03 | 24  0.03743  6.60770e-04
 25  0.05305  6.30406e-04 | 26  0.02985 -4.31550e-04 | 27  0.05217 -9.13930e-03
 28  0.02532 -5.17171e-03 | 29  0.02969  1.52713e-03 | 30  0.02106  5.56734e-04
 31  0.05678  1.98472e-04 | 32  0.08487  9.53737e-04 | 33 -0.02240 -1.43233e-03
 34 -0.01782  3.68796e-03 | 35  0.03060  1.33687e-02 | 36 -0.25702  5.39907e-04
 37  0.24402  1.33650e-02 | 38  0.22629  5.01712e-03 | 39  0.24557  5.02421e-03
 40  0.23728  1.43340e-02 | 41 -0.14224 -1.26455e-01 | 42 -0.67037  2.59130e-01
 43  0.35649  3.77080e-04 | 44 -0.34721 -1.03537e-03 | 45  0.99999  4.51931e-04
 46 -0.99572  1.74263e-05 | 47  0.21409  4.60306e-03 | 48 -0.47937 -3.89211e-03
 49 -0.00136 -4.44529e-03 | 50 -0.01870 -1.83133e-01 | 51 -0.25579  1.16155e-02
 52 -0.51337  2.68931e-01 |
52 variables; iteration 540; function evaluation 658; phase 3
Function value 2.8101818e+03; maximum gradient component mag 5.4442e-03
Var    Value     Gradient |Var    Value     Gradient |Var    Value     Gradient
  1  0.05065  1.97105e-03 |  2 -0.00674  6.77057e-04 |  3  0.03420  1.36186e-03
  4 -0.01844  3.14881e-05 |  5 -0.13881 -4.58989e-05 |  6 -0.02353 -4.67846e-04
  7 -0.11428  1.55106e-04 |  8 -0.07533 -1.68728e-04 |  9  0.00137 -4.47312e-04
 10  0.10557 -1.28220e-03 | 11 -0.02569 -1.08142e-04 | 12  0.01509 -1.01323e-03
 13  0.02799 -1.91573e-03 | 14  0.07209  1.22435e-03 | 15  0.01686  8.44184e-04
 16 -0.05498  1.25871e-03 | 17 -0.00677  3.14789e-05 | 18  0.07218  1.02965e-03
 19  0.11283  8.43703e-04 | 20 -0.04471  1.62062e-04 | 21 -0.02327  4.78169e-04
 22 -0.01505  1.32427e-03 | 23 -0.04127  1.68654e-04 | 24  0.03743  6.56085e-04
 25  0.05305  3.47619e-04 | 26  0.02985  2.61489e-04 | 27  0.05218 -3.20625e-03
 28  0.02532 -1.51452e-03 | 29  0.02969 -7.78982e-04 | 30  0.02106  1.27445e-04
 31  0.05678 -8.55271e-04 | 32  0.08487 -2.41902e-03 | 33 -0.02240 -1.31443e-03
 34 -0.01782  1.33384e-04 | 35  0.03060  2.95751e-03 | 36 -0.25702  5.11720e-07
 37  0.24402 -1.41571e-03 | 38  0.22629 -1.64863e-05 | 39  0.24557  1.50157e-03
 40  0.23728 -3.33932e-03 | 41 -0.10010  1.18427e-03 | 42 -0.64799  5.21209e-03
 43  0.35649  3.78865e-04 | 44 -0.34721 -3.28807e-04 | 45  0.99999  4.73239e-05
 46 -0.99572  6.81684e-05 | 47  0.21409  9.27651e-04 | 48 -0.47937 -3.62505e-04
 49 -0.02981  2.72185e-04 | 50 -0.04719  1.81884e-03 | 51 -0.27217 -5.63813e-05
 52 -0.53544  5.44417e-03 |
52 variables; iteration 560; function evaluation 683; phase 3
Function value 2.8101818e+03; maximum gradient component mag 6.6385e-04
Var    Value     Gradient |Var    Value     Gradient |Var    Value     Gradient
  1  0.05065  6.33405e-04 |  2 -0.00674  1.38375e-05 |  3  0.03420  3.56316e-05
  4 -0.01844  1.57415e-06 |  5 -0.13881 -5.67215e-06 |  6 -0.02353 -5.84384e-06
  7 -0.11428 -5.48959e-06 |  8 -0.07533 -6.11553e-06 |  9  0.00137 -8.99803e-06
 10  0.10557 -6.13679e-06 | 11 -0.02569 -3.14262e-06 | 12  0.01510 -1.64223e-05
 13  0.02799 -3.27457e-05 | 14  0.07209  4.27116e-05 | 15  0.01686  2.50477e-05
 16 -0.05498  3.55926e-05 | 17 -0.00677 -3.82726e-06 | 18  0.07218  1.47895e-05
 19  0.11283  1.49386e-05 | 20 -0.04471  8.15402e-07 | 21 -0.02327  1.26390e-05
 22 -0.01505  3.63242e-05 | 23 -0.04127  1.51945e-05 | 24  0.03743  1.88208e-05
 25  0.05305  1.76317e-05 | 26  0.02985  2.34627e-05 | 27  0.05218  3.86145e-05
 28  0.02532  2.09321e-05 | 29  0.02969 -2.93427e-05 | 30  0.02106 -7.07693e-06
 31  0.05678 -8.72155e-06 | 32  0.08487 -2.85131e-05 | 33 -0.02240 -1.74543e-05
 34 -0.01782 -3.57783e-05 | 35  0.03060 -3.81001e-05 | 36 -0.25702 -1.05349e-05
 37  0.24402 -5.30547e-06 | 38  0.22629  1.31967e-05 | 39  0.24557  1.72822e-05
 40  0.23728  9.84626e-06 | 41 -0.08163  4.34658e-04 | 42 -0.63875 -1.95227e-04
 43  0.35649  1.11856e-05 | 44 -0.34721 -6.79502e-06 | 45  0.99999  1.47094e-05
 46 -0.99572  1.87916e-06 | 47  0.21409  1.20650e-06 | 48 -0.47937  2.03575e-05
 49 -0.04240  5.73252e-05 | 50 -0.05980  6.63851e-04 | 51 -0.27927 -3.02032e-05
 52 -0.54519 -2.71233e-04 |
52 variables; iteration 580; function evaluation 703; phase 3
Function value 2.8101818e+03; maximum gradient component mag 2.6912e-02
Var    Value     Gradient |Var    Value     Gradient |Var    Value     Gradient
  1  0.05065  2.69120e-02 |  2 -0.00674 -3.65717e-03 |  3  0.03420 -6.08971e-03
  4 -0.01844 -1.83772e-03 |  5 -0.13881 -1.20345e-03 |  6 -0.02353 -7.18519e-04
  7 -0.11428 -1.04023e-03 |  8 -0.07533 -1.05891e-03 |  9  0.00137 -2.32285e-04
 10  0.10557  2.47185e-04 | 11 -0.02569 -5.61689e-04 | 12  0.01510  2.40528e-03
 13  0.02800  5.73091e-03 | 14  0.07209 -5.02910e-03 | 15  0.01686 -3.66267e-03
 16 -0.05498 -5.85462e-03 | 17 -0.00677  5.71086e-04 | 18  0.07218 -2.19732e-03
 19  0.11283 -2.05079e-03 | 20 -0.04471 -1.38101e-03 | 21 -0.02327 -2.81556e-03
 22 -0.01505 -6.34887e-03 | 23 -0.04127 -3.06468e-03 | 24  0.03743 -1.85878e-03
 25  0.05305 -1.79128e-03 | 26  0.02985 -2.44431e-03 | 27  0.05218 -1.10032e-02
 28  0.02532 -5.56023e-03 | 29  0.02970  5.82852e-03 | 30  0.02106  1.94448e-03
 31  0.05678  1.65256e-03 | 32  0.08487  6.39540e-03 | 33 -0.02240  2.88846e-03
 34 -0.01782  8.98800e-03 | 35  0.03060  1.10039e-02 | 36 -0.25702 -2.23950e-04
 37  0.24402  8.86038e-03 | 38  0.22629  3.13878e-03 | 39  0.24557  8.38364e-04
 40  0.23728  8.26167e-03 | 41 -0.07869 -1.84022e-03 | 42 -0.63921  1.44318e-03
 43  0.35649 -2.41054e-03 | 44 -0.34721  9.10695e-04 | 45  0.99999 -3.34127e-04
 46 -0.99572 -3.21608e-04 | 47  0.21409  2.02119e-03 | 48 -0.47937 -5.71486e-03
 49 -0.04442 -1.74802e-03 | 50 -0.06182 -8.96226e-04 | 51 -0.27891  1.51963e-03
 52 -0.54469  1.54302e-04 |
Warning: the following parameters had issues
  selparm[5] is within 0.1% of upper bound: -1.00000e+00 < 1.50000e+01 < 1.50000e+01
  selparm[6] is within 0.1% of lower bound: -1.00000e+00 < -9.99763e-01 < 2.00000e+01


 - final statistics:
52 variables; iteration 599; function evaluation 723
Function value 2.8102e+03; maximum gradient component mag -8.8152e-06
Exit code = 1;  converg criter 1.0000e-04
Var    Value     Gradient |Var    Value     Gradient |Var    Value     Gradient
  1  0.05065 -9.95204e-07 |  2 -0.00674 -1.11980e-06 |  3  0.03420 -2.11223e-06
  4 -0.01844 -2.85227e-07 |  5 -0.13881 -9.94970e-08 |  6 -0.02353  3.12625e-07
  7 -0.11428 -2.16814e-07 |  8 -0.07533  4.44859e-08 |  9  0.00137  3.77666e-07
 10  0.10557  1.14144e-06 | 11 -0.02569  6.20402e-08 | 12  0.01510  1.20577e-06
 13  0.02799  2.50702e-06 | 14  0.07209 -1.78696e-06 | 15  0.01686 -1.22172e-06
 16 -0.05498 -1.80902e-06 | 17 -0.00677  1.01931e-07 | 18  0.07218 -1.19518e-06
 19  0.11283 -1.17503e-06 | 20 -0.04471 -2.86389e-07 | 21 -0.02327 -8.74207e-07
 22 -0.01505 -2.27731e-06 | 23 -0.04127 -6.41324e-07 | 24  0.03743 -1.00416e-06
 25  0.05305 -7.87929e-07 | 26  0.02985 -6.41395e-07 | 27  0.05218  1.09976e-06
 28  0.02532  4.45081e-07 | 29  0.02969  1.48056e-06 | 30  0.02106  1.88960e-07
 31  0.05678  1.03481e-06 | 32  0.08487  3.08828e-06 | 33 -0.02240  1.63092e-06
 34 -0.01782  1.50093e-06 | 35  0.03060 -9.71931e-07 | 36 -0.25702 -2.97004e-09
 37  0.24402  2.75635e-06 | 38  0.22629  2.72611e-07 | 39  0.24557 -1.48567e-06
 40  0.23728  3.63595e-06 | 41 -0.07558 -2.30640e-06 | 42 -0.64096 -8.81519e-06
 43  0.35649 -7.86847e-07 | 44 -0.34721  4.52854e-07 | 45  0.99999  7.71535e-08
 46 -0.99572 -1.11655e-07 | 47  0.21409 -4.89878e-07 | 48 -0.47937 -7.20189e-07
 49 -0.04654 -7.38598e-07 | 50 -0.06395 -2.63119e-06 | 51 -0.27755  1.64999e-07
 52 -0.54282 -8.38050e-06 |
Estimating row 1 out of 52 for hessian
Estimating row 2 out of 52 for hessian
Estimating row 3 out of 52 for hessian
Estimating row 4 out of 52 for hessian
Estimating row 5 out of 52 for hessian
Estimating row 6 out of 52 for hessian
Estimating row 7 out of 52 for hessian
Estimating row 8 out of 52 for hessian
Estimating row 9 out of 52 for hessian
Estimating row 10 out of 52 for hessian
Estimating row 11 out of 52 for hessian
Estimating row 12 out of 52 for hessian
Estimating row 13 out of 52 for hessian
Estimating row 14 out of 52 for hessian
Estimating row 15 out of 52 for hessian
Estimating row 16 out of 52 for hessian
Estimating row 17 out of 52 for hessian
Estimating row 18 out of 52 for hessian
Estimating row 19 out of 52 for hessian
Estimating row 20 out of 52 for hessian
Estimating row 21 out of 52 for hessian
Estimating row 22 out of 52 for hessian
Estimating row 23 out of 52 for hessian
Estimating row 24 out of 52 for hessian
Estimating row 25 out of 52 for hessian
Estimating row 26 out of 52 for hessian
Estimating row 27 out of 52 for hessian
Estimating row 28 out of 52 for hessian
Estimating row 29 out of 52 for hessian
Estimating row 30 out of 52 for hessian
Estimating row 31 out of 52 for hessian
Estimating row 32 out of 52 for hessian
Estimating row 33 out of 52 for hessian
Estimating row 34 out of 52 for hessian
Estimating row 35 out of 52 for hessian
Estimating row 36 out of 52 for hessian
Estimating row 37 out of 52 for hessian
Estimating row 38 out of 52 for hessian
Estimating row 39 out of 52 for hessian
Estimating row 40 out of 52 for hessian
Estimating row 41 out of 52 for hessian
Estimating row 42 out of 52 for hessian
Estimating row 43 out of 52 for hessian
Estimating row 44 out of 52 for hessian
Estimating row 45 out of 52 for hessian
Estimating row 46 out of 52 for hessian
Estimating row 47 out of 52 for hessian
Estimating row 48 out of 52 for hessian
Estimating row 49 out of 52 for hessian
Estimating row 50 out of 52 for hessian
Estimating row 51 out of 52 for hessian
Estimating row 52 out of 52 for hessian
size of file gradfil1.tmp = 0
size of file gradfil2.tmp = 0
size of file varssave.tmp = 0
size of file cmpdiff.tmp = 0
