
Initial statistics: 36 variables; iteration 0; function evaluation 0; phase 1
Function value 1.8969364e+04; maximum gradient component mag -1.6294e+05
Var    Value     Gradient |Var    Value     Gradient |Var    Value     Gradient
  1  0.00831 -1.62935e+05 |  2  0.01046  2.10187e+03 |  3  0.06153  1.88535e+03
  4 -0.02718  2.16201e+03 |  5 -0.12735  2.25671e+03 |  6  0.03776  2.35826e+03
  7 -0.10907  2.20002e+03 |  8 -0.09854  2.09480e+03 |  9 -0.00118  1.74473e+03
 10  0.13164 -4.31916e+01 | 11 -0.06233  1.61520e+03 | 12  0.04098  7.88558e+02
 13  0.00720  5.65882e+02 | 14  0.06335 -3.86653e+02 | 15  0.07039 -2.52614e+03
 16 -0.09705 -1.97479e+03 | 17 -0.03482 -2.10425e+03 | 18 -0.00258 -2.34418e+02
 19  0.02263 -1.27910e+03 | 20 -0.03266 -1.65876e+03 | 21 -0.08941 -4.38938e+02
 22 -0.08795  6.65846e+02 | 23  0.05652  5.45611e+02 | 24  0.06935 -4.05361e+01
 25  0.00620  3.59372e+02 | 26  0.07471 -3.73352e+03 | 27  0.01693 -2.96118e+01
 28  0.03655 -1.93638e+03 | 29 -0.03343  1.38268e+02 | 30 -0.01593 -6.13579e+02
 31  0.00596 -1.01004e+03 | 32  0.04248 -1.39486e+03 | 33  0.03829 -3.25022e+03
 34  0.05891 -1.05175e+03 | 35 -0.00181  3.15560e+02 | 36 -0.03156  1.86410e+03

Intermediate statistics: 36 variables; iteration 20; function evaluation 33; phase 1
Function value 1.1177858e+04; maximum gradient component mag 7.2044e+03
Var    Value     Gradient |Var    Value     Gradient |Var    Value     Gradient
  1  0.10867  7.20437e+03 |  2 -0.14655 -2.16694e+01 |  3 -0.15925 -1.45086e+01
  4 -0.18275  4.38505e+01 |  5 -0.31756  3.64167e+01 |  6 -0.18111  3.13983e+01
  7 -0.25404  4.99392e+01 |  8 -0.15283  6.80257e+01 |  9  0.00635  8.40006e+01
 10  0.23728  2.47201e+02 | 11  0.09377  6.93296e+01 | 12  0.19685  7.95207e+01
 13  0.25851  1.40256e+02 | 14  0.41209  2.52932e+02 | 15 -0.54653 -1.34008e+01
 16  0.33039  3.23469e+02 | 17 -0.21552  7.83819e+01 | 18  0.67797  4.19014e+02
 19  0.25844  2.13994e+02 | 20 -0.36274  4.24978e+01 | 21  0.47217  1.52925e+02
 22 -0.13151  1.36801e+02 | 23 -0.07240  1.22483e+02 | 24 -0.06917  6.78490e+01
 25  0.43024  1.89027e+02 | 26 -0.23767  1.53133e+02 | 27  0.37780  4.87507e+02
 28 -0.24288  2.00701e+02 | 29  0.53690  7.10190e+02 | 30 -0.44551  3.89947e+01
 31 -0.10703  1.24150e+02 | 32  0.48364  3.25111e+02 | 33 -0.41835  3.47182e+01
 34  0.07719 -3.46525e+00 | 35  0.32411  8.49277e+01 | 36 -0.64636  2.17908e+01
36 variables; iteration 40; function evaluation 61; phase 1
Function value 1.0938071e+04; maximum gradient component mag -9.8331e+02
Var    Value     Gradient |Var    Value     Gradient |Var    Value     Gradient
  1  0.10462 -9.83309e+02 |  2 -0.08923 -1.01478e+01 |  3 -0.07592  5.66031e+01
  4 -0.15866 -8.40166e+01 |  5 -0.24432 -4.09994e-02 |  6 -0.13410 -6.32296e+01
  7 -0.14652  6.54407e+01 |  8 -0.09362  2.94230e+01 |  9  0.01390  3.24894e+01
 10  0.13660 -2.77675e+01 | 11  0.03296 -2.76163e+01 | 12  0.15895  3.92265e+00
 13  0.17717  1.65785e+01 | 14  0.37170 -1.12136e+01 | 15 -0.71476 -4.39101e+01
 16  0.24833 -3.90477e+01 | 17 -0.14411  2.00271e+01 | 18  0.36609  1.33650e+01
 19  0.21699 -9.57994e+00 | 20 -0.30322  2.28395e+01 | 21  0.36595  1.50234e+01
 22 -0.28887 -1.26690e+01 | 23 -0.06336  4.76593e+00 | 24 -0.07024 -4.67890e+01
 25  0.40782  2.67268e+01 | 26 -0.21456  9.56597e+01 | 27  0.33336  1.74393e+02
 28 -0.20791  1.11685e+02 | 29  0.34271  5.26926e+01 | 30 -0.35887 -1.29988e+01
 31 -0.07550 -4.50451e+01 | 32  0.41224 -3.04046e+01 | 33 -0.27784 -1.90388e+01
 34  0.15837 -8.36891e+01 | 35  0.26001 -7.90890e+01 | 36 -0.40205  5.05886e+01
36 variables; iteration 60; function evaluation 82; phase 1
Function value 1.0861600e+04; maximum gradient component mag -3.7657e+01
Var    Value     Gradient |Var    Value     Gradient |Var    Value     Gradient
  1  0.12832 -3.76573e+01 |  2 -0.03331  2.02969e+00 |  3 -0.01877  2.23942e+00
  4 -0.03560  1.94712e+00 |  5 -0.13781  1.89513e+00 |  6 -0.02934  1.37606e+00
  7 -0.09174  2.03780e+00 |  8 -0.06283  2.08730e+00 |  9  0.00919  2.09256e+00
 10  0.13709  1.32033e-01 | 11  0.04875  1.89604e+00 | 12  0.14530  2.30183e+00
 13  0.17409  1.81111e+00 | 14  0.26112  1.50513e+00 | 15 -0.20603  1.08961e+00
 16  0.21264  2.22831e+00 | 17 -0.19690  3.85135e+00 | 18  0.31490  1.85940e+00
 19  0.17876  1.41151e+00 | 20 -0.36256  6.02834e-02 | 21  0.32749  1.29888e+00
 22 -0.27142  1.83668e+00 | 23 -0.11171  1.51346e+00 | 24 -0.10959  2.21318e+00
 25  0.36421  5.55439e-01 | 26 -0.38795 -3.84400e+00 | 27  0.28028  1.32839e+00
 28 -0.36705  1.43547e+00 | 29  0.26389  4.45882e-01 | 30 -0.32298  1.84283e+00
 31 -0.04957 -3.59993e+00 | 32  0.32973  1.88286e+00 | 33 -0.23716  1.16445e+00
 34  0.24182  2.16848e+00 | 35  0.22391  5.45863e+00 | 36 -0.53312  1.21375e+00

 - final statistics:
36 variables; iteration 75; function evaluation 97
Function value 1.0862e+04; maximum gradient component mag -7.6690e+00
Exit code = 1;  converg criter 1.0000e+01
Var    Value     Gradient |Var    Value     Gradient |Var    Value     Gradient
  1  0.12876 -7.66897e+00 |  2 -0.03355 -1.38575e-01 |  3 -0.01915 -1.85482e-01
  4 -0.03581 -3.00146e-02 |  5 -0.13805 -1.06269e-01 |  6 -0.02952 -5.16969e-01
  7 -0.09200 -3.05169e-02 |  8 -0.06308  1.08438e-01 |  9  0.00885  5.00844e-02
 10  0.13739  4.67551e-01 | 11  0.04837 -9.66482e-02 | 12  0.14471  2.69182e-01
 13  0.17386  1.51507e-01 | 14  0.25963 -2.71179e-01 | 15 -0.20606  1.08674e-01
 16  0.21209  4.61655e-01 | 17 -0.19897  6.64157e-04 | 18  0.31397  2.08577e-01
 19  0.17772  3.66215e-01 | 20 -0.36206  4.53105e-01 | 21  0.32698  1.54646e-01
 22 -0.27159  3.56899e-01 | 23 -0.11261  1.84252e-01 | 24 -0.11050 -4.66846e-02
 25  0.36209 -1.57172e-02 | 26 -0.37413  2.78135e-02 | 27  0.27924 -1.36577e+00
 28 -0.36877 -6.51844e-01 | 29  0.26226 -7.71316e-01 | 30 -0.32450  1.31650e-02
 31 -0.04447  1.77911e-02 | 32  0.32679 -6.05013e-01 | 33 -0.23391  3.41917e-01
 34  0.24207  4.19235e-01 | 35  0.22137  4.25110e-01 | 36 -0.53115  6.85669e-01

Initial statistics: 46 variables; iteration 0; function evaluation 0; phase 2
Function value 1.0861534e+04; maximum gradient component mag -1.3576e+04
Var    Value     Gradient |Var    Value     Gradient |Var    Value     Gradient
  1  0.12876 -7.66897e+00 |  2 -0.03355 -1.57147e-01 |  3 -0.01915 -2.04072e-01
  4 -0.03581 -4.85835e-02 |  5 -0.13806 -1.24432e-01 |  6 -0.02952 -5.35547e-01
  7 -0.09200 -4.89213e-02 |  8 -0.06308  8.99307e-02 |  9  0.00885  3.14879e-02
 10  0.13739  4.49384e-01 | 11  0.04837 -1.15193e-01 | 12  0.14471  2.51062e-01
 13  0.17386  1.33598e-01 | 14  0.25963 -2.88252e-01 | 15 -0.20606  9.10419e-02
 16  0.21209  4.44079e-01 | 17 -0.19897 -1.70331e-02 | 18  0.31397  1.92195e-01
 19  0.17772  3.48337e-01 | 20 -0.36206  4.37434e-01 | 21  0.32698  1.38448e-01
 22 -0.27159  3.39967e-01 | 23 -0.11261  1.65944e-01 | 24 -0.11050 -6.50034e-02
 25  0.36209 -3.13874e-02 | 26 -0.37414  1.23355e-02 | 27  0.27924 -1.38260e+00
 28 -0.36877 -6.67408e-01 | 29  0.26226 -7.88359e-01 | 30 -0.32450 -3.06903e-03
 31 -0.04448 -7.61787e-04 | 32  0.32679 -6.21214e-01 | 33 -0.23391  3.24560e-01
 34  0.24207  4.01965e-01 | 35  0.22137  4.07625e-01 | 36 -0.53115  6.73176e-01
 37  0.20383  7.41598e+03 | 38  0.27292  3.47437e+03 | 39  0.18688  1.29465e+03
 40  0.16735 -4.43000e+03 | 41 -0.03039 -8.73943e+03 | 42 -0.88721  3.38541e+03
 43 -0.00689  8.90904e+02 | 44 -0.04991 -1.35755e+04 | 45 -0.18984 -6.83667e+02
 46 -0.85749  3.40772e+03 |

Intermediate statistics: 46 variables; iteration 20; function evaluation 27; phase 2
Function value 9.5639790e+03; maximum gradient component mag -8.1212e+03
Var    Value     Gradient |Var    Value     Gradient |Var    Value     Gradient
  1  0.10124  6.65384e+00 |  2  0.00187  4.39365e+02 |  3  0.14844  4.59332e+02
  4  0.11123  4.74254e+02 |  5 -0.03340  4.65550e+02 |  6  0.12211  4.84114e+02
  7 -0.00635  4.54530e+02 |  8  0.00219  4.59610e+02 |  9  0.06274  5.01891e+02
 10  0.18787  4.72786e+02 | 11  0.06872  5.08382e+02 | 12  0.14352  5.25403e+02
 13  0.17800  5.75040e+02 | 14  0.14714  6.35227e+02 | 15 -0.61922  1.61866e+02
 16  0.18284  6.09404e+02 | 17 -1.06862 -3.00489e+01 | 18  0.31508  5.56152e+02
 19  0.12530  3.35221e+02 | 20 -0.13314  2.43627e+02 | 21 -0.26318  3.95156e+02
 22  0.42907  7.71877e+02 | 23 -0.27665  2.53069e+02 | 24 -0.06518  3.92055e+02
 25  0.16340  4.84837e+02 | 26  0.15297  5.41109e+02 | 27 -0.06441  3.54533e+02
 28  0.10925  4.68787e+02 | 29 -0.00455  8.86237e+01 | 30 -0.21617  2.38581e+02
 31  0.09937  4.88817e+02 | 32  0.14643  4.54294e+02 | 33  0.13242  3.29209e+02
 34 -0.21566  2.71511e+02 | 35  0.07167  3.17062e+02 | 36 -0.18173  4.57892e+02
 37  0.23771  7.85389e+03 | 38  0.23487 -7.38015e+02 | 39  0.22443  1.82675e+03
 40  0.20811 -3.01131e+03 | 41  0.16159 -5.43487e+03 | 42 -0.79732  2.42422e+03
 43 -0.22963 -4.17355e+01 | 44  0.01059 -8.12122e+03 | 45  0.95641  2.86421e+00
 46 -0.74752  2.26346e+03 |
46 variables; iteration 40; function evaluation 60; phase 2
Function value 8.8123225e+03; maximum gradient component mag -3.6536e+03
Var    Value     Gradient |Var    Value     Gradient |Var    Value     Gradient
  1  0.10469 -3.65364e+03 |  2  0.04471  2.79301e+02 |  3  0.08028  2.07278e+02
  4  0.05222  1.61007e+02 |  5 -0.02256  2.38604e+02 |  6  0.14139  2.19397e+02
  7  0.10559  3.28858e+02 |  8  0.12736  3.51700e+02 |  9  0.11065  2.83656e+02
 10  0.16797  1.53489e+02 | 11  0.06577  2.14207e+02 | 12  0.18627  3.05250e+02
 13  0.20409  3.43135e+02 | 14 -0.05462  2.25816e+01 | 15 -0.06211  1.76176e+02
 16  0.08833  9.82958e+01 | 17 -1.21896 -5.88725e+00 | 18  0.32373  2.98308e+02
 19  0.15826  1.27620e+02 | 20 -0.11327  6.65949e+01 | 21 -0.35886  9.85640e+01
 22 -0.00955 -2.38538e+02 | 23 -0.23256 -9.64136e+01 | 24 -0.11441  8.62620e+01
 25  0.19498  1.08899e+02 | 26  0.10748  2.35537e+02 | 27 -0.09348  1.81537e+02
 28  0.05923  1.90798e+02 | 29 -0.23229 -1.54696e+02 | 30  0.15208  1.96394e+02
 31 -0.11439  1.59349e+02 | 32  0.09424  6.63929e+01 | 33  0.03244  6.63396e+01
 34 -0.04883  2.19369e+02 | 35  0.00093  1.65393e+02 | 36 -0.29445  1.77179e+02
 37  0.22765  2.66480e+03 | 38  0.24781 -5.91282e+02 | 39  0.20038 -4.46530e+02
 40  0.23223 -5.14467e+02 | 41  0.17509 -2.16576e+03 | 42 -0.80275  7.42827e+02
 43  0.36830  2.58745e+01 | 44  0.08298 -3.27608e+03 | 45  1.35577 -1.90069e+00
 46 -0.72572  7.73738e+02 |
46 variables; iteration 60; function evaluation 89; phase 2
Function value 8.3035338e+03; maximum gradient component mag -1.0135e+03
Var    Value     Gradient |Var    Value     Gradient |Var    Value     Gradient
  1  0.14990 -1.01349e+03 |  2 -0.00917  2.98354e+01 |  3  0.02785  7.29062e+00
  4  0.00255  7.90434e+00 |  5 -0.10933  1.62655e+01 |  6  0.01473  1.54954e+01
  7 -0.06074  3.09759e+01 |  8 -0.03428  3.71025e+01 |  9  0.01661  1.98107e+01
 10  0.13529 -1.31934e+01 | 11  0.02930  5.81285e+00 | 12  0.11910  1.56138e+01
 13  0.14903  4.43638e+01 | 14  0.09307  1.44763e+01 | 15 -0.02058  1.88172e+01
 16  0.15376  5.28666e+01 | 17 -1.99942  1.61378e+01 | 18  0.22672 -1.88633e+01
 19  0.16178  2.04538e+01 | 20 -0.07834 -3.75862e+01 | 21 -0.30698 -9.82983e+01
 22  0.00222 -2.30482e+01 | 23 -0.39623 -2.67535e+02 | 24 -0.13002 -9.40200e+01
 25  0.21989  3.22503e+01 | 26  0.07214  3.29373e+01 | 27 -0.05761  3.81320e+01
 28 -0.00056  4.59247e+01 | 29 -0.00090  2.25706e+01 | 30  0.07837 -5.68127e-01
 31 -0.09639 -7.81288e+00 | 32  0.12014  5.29725e+01 | 33  0.04916  3.24838e+01
 34 -0.08783  1.82401e+01 | 35 -0.01545  5.05994e+01 | 36 -0.29933  9.85407e+00
 37  0.19751  2.04989e+02 | 38  0.22801 -6.45369e+01 | 39  0.17889  8.32555e+01
 40  0.20768  2.30007e+02 | 41 -0.00190 -9.05471e+01 | 42 -0.83631  3.43006e+01
 43 -0.17392 -1.03502e+02 | 44  0.33454 -2.09489e+01 | 45  2.18548 -2.84932e+01
 46 -0.74232  2.87611e+01 |
Maximum number of function evaluations exceeded

 - final statistics:
46 variables; iteration 72; function evaluation 100
Function value 8.1850e+03; maximum gradient component mag -7.3562e+02
Exit code = 3;  converg criter 1.0000e+01
Var    Value     Gradient |Var    Value     Gradient |Var    Value     Gradient
  1  0.20251 -7.35615e+02 |  2 -0.03195 -2.70494e+00 |  3 -0.01106 -3.36348e+01
  4 -0.02596 -6.94839e+00 |  5 -0.13708 -1.03060e+00 |  6 -0.02666 -1.84781e+01
  7 -0.09566  8.54485e+00 |  8 -0.08140 -1.67840e+01 |  9  0.00618  7.44579e+00
 10  0.14074 -9.43199e+00 | 11  0.03735 -3.04263e+00 | 12  0.11582 -1.60000e+01
 13  0.11781 -1.87081e+01 | 14  0.03101 -4.07976e+01 | 15 -0.08014 -2.10759e+01
 16  0.14628 -2.81529e+01 | 17 -2.01815  1.00829e+01 | 18  0.25278 -3.84414e+00
 19  0.19218 -9.86248e-01 | 20 -0.02293 -1.32412e+01 | 21 -0.08518  4.27863e+00
 22 -0.03477  1.29717e+01 | 23 -0.05715  2.61763e+01 | 24 -0.14813 -4.27407e+01
 25  0.18883 -1.98452e+01 | 26  0.05621 -2.65291e+01 | 27 -0.07145 -1.04062e+01
 28 -0.03828 -4.33143e+01 | 29 -0.00986 -5.63672e+00 | 30  0.07868 -2.55190e+01
 31 -0.08781 -9.18666e+00 | 32  0.09558 -2.05203e+01 | 33  0.03159 -1.01873e+01
 34 -0.10949 -5.15852e-01 | 35 -0.06537 -6.82004e+00 | 36 -0.29964 -5.44187e+00
 37  0.17073 -4.92605e+02 | 38  0.19979 -1.16589e+02 | 39  0.15158  5.63581e-01
 40  0.18717  5.80885e+00 | 41  0.15611 -1.10247e+01 | 42 -0.78626  1.97037e+01
 43 -0.27992  8.33570e+00 | 44  0.22010 -2.42207e+01 | 45  2.22715  3.81833e+01
 46 -0.78248  2.89190e+01 |

Initial statistics: 52 variables; iteration 0; function evaluation 0; phase 3
Function value 8.1849115e+03; maximum gradient component mag -1.1037e+04
Var    Value     Gradient |Var    Value     Gradient |Var    Value     Gradient
  1  0.20251 -7.35615e+02 |  2 -0.03161  9.22006e+00 |  3 -0.01072 -2.16970e+01
  4 -0.02562  4.98158e+00 |  5 -0.13673  1.06347e+01 |  6 -0.02632 -6.54895e+00
  7 -0.09532  2.03518e+01 |  8 -0.08105 -4.94196e+00 |  9  0.00652  1.93849e+01
 10  0.14108  2.21695e+00 | 11  0.03769  8.87633e+00 | 12  0.11617 -4.25688e+00
 13  0.11816 -6.97150e+00 | 14  0.03135 -2.88712e+01 | 15 -0.07980 -9.23121e+00
 16  0.14662 -1.65248e+01 | 17  0.01848  1.85202e+00 | 18  0.25315  7.16500e+00
 19  0.19253  1.04118e+01 | 20 -0.02259 -1.30922e+00 | 21 -0.08484  1.61129e+01
 22 -0.03443  2.48944e+01 | 23 -0.05681  3.80698e+01 | 24 -0.14779 -3.11267e+01
 25  0.18918 -8.42531e+00 | 26  0.05655 -1.46351e+01 | 27 -0.07111  1.45859e+00
 28 -0.03794 -3.13971e+01 | 29 -0.00952  6.30169e+00 | 30  0.07902 -1.36694e+01
 31 -0.08747  2.63991e+00 | 32  0.09592 -8.71413e+00 | 33  0.03193  1.73779e+00
 34 -0.10914  1.12489e+01 | 35 -0.06503  5.05713e+00 | 36 -0.29926  5.20121e+00
 37  0.17073 -4.92605e+02 | 38  0.19979 -1.16589e+02 | 39  0.15158  5.63581e-01
 40  0.18717  5.80885e+00 | 41  0.15611 -1.10247e+01 | 42 -0.78626  1.97037e+01
 43  0.81459  1.50713e+03 | 44 -0.46339 -1.10368e+04 | 45  0.07296 -3.26081e+03
 46 -0.89706  9.36497e+02 | 47  0.23027 -1.21325e+03 | 48 -0.83901  4.14221e+02
 49 -0.27992  8.33570e+00 | 50  0.22010 -2.42207e+01 | 51 -0.22715 -3.81833e+01
 52 -0.78248  2.89190e+01 |

Intermediate statistics: 52 variables; iteration 20; function evaluation 37; phase 3
Function value 4.2692262e+03; maximum gradient component mag -7.6040e+03
Var    Value     Gradient |Var    Value     Gradient |Var    Value     Gradient
  1  0.18016 -5.65446e+03 |  2 -0.01781  2.04894e+02 |  3  0.02652  2.09540e+02
  4  0.00335  2.09793e+02 |  5 -0.11142  2.03059e+02 |  6  0.00506  2.09497e+02
  7 -0.07685  2.02264e+02 |  8 -0.05224  2.01544e+02 |  9  0.02588  2.05524e+02
 10  0.16521  2.09311e+02 | 11  0.04937  1.98932e+02 | 12  0.17212  2.32498e+02
 13  0.18512  2.30047e+02 | 14  0.19578  2.61197e+02 | 15  0.13112  2.25194e+02
 16 -0.08774  1.09392e+02 | 17  0.04176  1.94401e+02 | 18  0.20979  1.67714e+02
 19  0.21173  1.46115e+02 | 20 -0.04846  1.18787e+02 | 21  0.04098  2.37733e+02
 22 -0.27465 -3.64827e+01 | 23 -0.69644  5.10589e+01 | 24  0.28825  2.56388e+02
 25  0.12545  7.47421e+01 | 26  0.00671 -1.44618e+01 | 27 -0.14889 -2.66077e+01
 28  0.13138 -5.60405e+01 | 29  0.01089 -4.91243e+01 | 30 -0.02242 -7.51082e+01
 31  0.10895  5.94464e+01 | 32  0.11877 -1.31081e+02 | 33 -0.15329 -7.61404e+00
 34  0.01437  1.00897e+02 | 35 -0.07467 -6.34950e+01 | 36 -0.56286  9.46555e+01
 37  0.15484  1.01880e+03 | 38  0.12215 -7.60404e+03 | 39  0.15369 -5.19666e+02
 40  0.14386 -3.80260e+03 | 41  0.15771  8.07386e+01 | 42 -0.81274 -7.61595e+00
 43  0.28378  5.84936e+01 | 44 -0.31214  3.93347e+01 | 45  0.76438 -5.98571e+02
 46 -1.13947 -1.84149e+02 | 47  1.06033  4.50751e+01 | 48 -1.42322 -1.41937e+02
 49 -0.26311  1.37096e+00 | 50  0.19990  1.13787e+02 | 51 -0.18550  8.93884e+00
 52 -0.83118 -7.69574e+00 |
52 variables; iteration 40; function evaluation 59; phase 3
Function value 4.0402126e+03; maximum gradient component mag -3.7532e+03
Var    Value     Gradient |Var    Value     Gradient |Var    Value     Gradient
  1  0.23366 -2.07107e+03 |  2 -0.01604  3.26682e+01 |  3  0.03294  2.96807e+01
  4  0.01353  4.31648e+01 |  5 -0.10744  3.03829e+01 |  6  0.00619  3.82390e+01
  7 -0.09032  1.84525e+01 |  8 -0.07827  1.84885e+01 |  9 -0.02044  5.74532e+00
 10  0.09925 -3.14016e+01 | 11 -0.02509 -2.16679e+01 | 12  0.11599  2.84773e+01
 13  0.08366 -4.96101e+01 | 14  0.14140  2.65455e+01 | 15  0.10691  7.50837e+01
 16 -0.05426  9.39370e+00 | 17  0.05645  4.56582e+01 | 18  0.14605 -2.66231e+01
 19  0.20817 -5.63213e+00 | 20  0.00789  3.22024e+01 | 21  0.00600  2.65472e+01
 22 -0.11153  3.30875e+01 | 23 -0.59157 -6.27630e+01 | 24  0.15401 -5.65621e+01
 25  0.07180 -8.36858e+01 | 26  0.01523 -9.16003e+01 | 27 -0.00444 -5.50585e+01
 28  0.03622 -7.92362e+01 | 29  0.09805  1.08159e+02 | 30  0.08396  3.35370e+01
 31 -0.08309 -1.01020e+02 | 32  0.15576 -2.69779e+01 | 33 -0.03089  8.03629e+00
 34 -0.13816 -6.00340e+01 | 35 -0.03979 -8.58540e+01 | 36 -0.33999  1.06586e+02
 37  0.13335 -2.79774e+02 | 38  0.11899 -3.75324e+03 | 39  0.13685 -2.52005e+02
 40  0.13565  1.78362e+02 | 41  0.08005 -1.20680e+02 | 42 -0.85311  2.44503e+01
 43  0.28207  1.70279e+01 | 44 -0.30984  5.21162e+01 | 45  0.73853 -5.79074e+02
 46 -1.10609 -1.11015e+02 | 47  0.92588 -2.32298e+01 | 48 -1.37581 -4.67722e+01
 49 -0.16195  4.66190e+00 | 50  0.24492 -1.68463e+02 | 51  0.02273  7.62559e+01
 52 -1.23265 -1.84884e+00 |
52 variables; iteration 60; function evaluation 89; phase 3
Function value 3.8869335e+03; maximum gradient component mag -5.7588e+02
Var    Value     Gradient |Var    Value     Gradient |Var    Value     Gradient
  1  0.29109 -4.55190e+02 |  2 -0.02564 -1.32063e+01 |  3  0.02030 -6.11211e+00
  4 -0.00338 -1.06979e+01 |  5 -0.11711 -8.05027e+00 |  6 -0.00061 -1.03481e+01
  7 -0.07783 -1.88920e+00 |  8 -0.05356  2.44043e+00 |  9  0.00446 -1.50862e+01
 10  0.13224 -1.59917e+01 | 11  0.01787 -1.64611e+01 | 12  0.11915 -1.97538e+01
 13  0.13776  6.79554e+00 | 14  0.11646 -1.03499e+01 | 15  0.04445 -1.37651e+01
 16 -0.08486 -6.37855e+00 | 17  0.02353  8.84070e-01 | 18  0.14601  5.40230e+00
 19  0.18520 -1.42425e+01 | 20 -0.01635 -4.18923e+00 | 21 -0.02648 -2.40056e+01
 22 -0.10046 -2.07572e+01 | 23 -0.24263  2.89274e+00 | 24  0.11542 -1.94264e+01
 25  0.08933 -1.00905e+00 | 26  0.02772 -2.51172e+00 | 27 -0.00521 -1.25632e+01
 28  0.04094 -1.78687e+01 | 29  0.02474 -2.76698e+01 | 30  0.05845 -3.26539e+01
 31 -0.00917 -2.37551e+01 | 32  0.11965 -4.43377e+01 | 33 -0.04101 -7.57918e+00
 34 -0.09219 -1.01769e+01 | 35 -0.06938 -1.34244e+01 | 36 -0.52778 -2.55901e+01
 37  0.11043 -5.75880e+02 | 38  0.11699  6.71004e+01 | 39  0.11927 -7.04473e+01
 40  0.11263 -2.15368e+02 | 41  0.17059 -4.73379e+01 | 42 -0.75768  1.19626e+01
 43  0.27832  2.54669e+00 | 44 -0.31878  4.02665e+01 | 45  0.86684 -1.53224e+02
 46 -1.02632 -8.91178e+00 | 47  1.00470  8.59730e-01 | 48 -1.32084 -9.59724e+00
 49 -0.29183 -1.51682e+01 | 50  0.20376 -5.17234e+01 | 51 -0.22179  4.25899e-01
 52 -1.12349 -4.62859e+00 |
52 variables; iteration 80; function evaluation 109; phase 3
Function value 3.8659156e+03; maximum gradient component mag -7.0509e+01
Var    Value     Gradient |Var    Value     Gradient |Var    Value     Gradient
  1  0.52236 -5.66583e+01 |  2 -0.01791  5.17758e-01 |  3  0.02662  2.57398e-01
  4  0.00566  4.19827e-01 |  5 -0.10800  4.91214e-01 |  6  0.00636  5.56419e-01
  7 -0.07452  5.85121e-01 |  8 -0.05432  2.52062e-01 |  9  0.01198  3.82100e-01
 10  0.13661 -7.73908e-02 | 11  0.02679  2.77336e-01 | 12  0.12255 -2.99142e-01
 13  0.12630 -1.96285e-01 | 14  0.11140 -6.32876e-01 | 15  0.04156 -9.48283e-02
 16 -0.08796  3.22075e-01 | 17  0.00986 -3.27145e-01 | 18  0.13392 -8.48801e-01
 19  0.18131 -1.72989e+00 | 20 -0.02209  2.52314e-02 | 21 -0.02330  2.00994e-01
 22 -0.10113  3.80946e-01 | 23 -0.25516  2.87764e-01 | 24  0.11343 -9.43100e-01
 25  0.07940 -1.15357e+00 | 26  0.01879 -1.38393e+00 | 27 -0.01011 -1.87887e+00
 28  0.03797 -2.93008e+00 | 29  0.02677 -2.12087e+00 | 30  0.06316 -1.90293e+00
 31 -0.00447 -8.36608e-01 | 32  0.11749 -3.11457e+00 | 33 -0.04717 -1.26404e+00
 34 -0.09743 -7.46998e-01 | 35 -0.06646 -2.03991e+00 | 36 -0.47071  1.63479e-01
 37  0.02963 -7.05091e+01 | 38  0.03370 -2.83312e+01 | 39  0.03843 -9.40935e+00
 40  0.03074 -6.06492e+01 | 41  0.22562 -1.33303e-01 | 42 -0.75132  1.85297e-01
 43  0.28278  1.54341e+00 | 44 -0.33667  8.04548e+00 | 45  0.99881 -9.40531e-01
 46 -0.98998  2.30836e+00 | 47  0.99147 -1.47824e+00 | 48 -1.25958  9.24505e-01
 49 -0.32881  1.17665e-01 | 50  0.17086 -3.32667e-01 | 51 -0.22007 -1.19298e-01
 52 -1.07251 -3.07366e-02 |
52 variables; iteration 100; function evaluation 131; phase 3
Function value 3.8654814e+03; maximum gradient component mag -2.5797e+01
Var    Value     Gradient |Var    Value     Gradient |Var    Value     Gradient
  1  0.68690 -1.22822e+01 |  2 -0.01769 -1.33193e-01 |  3  0.02702 -3.20759e-01
  4  0.00608 -2.16617e-01 |  5 -0.10754 -1.22641e-01 |  6  0.00672 -1.97488e-01
  7 -0.07416 -1.41198e-01 |  8 -0.05394 -2.93826e-01 |  9  0.01217 -2.40052e-01
 10  0.13660 -4.61554e-01 | 11  0.02708 -1.36135e-01 | 12  0.12258 -4.04803e-01
 13  0.12623 -5.67707e-01 | 14  0.11162 -5.06966e-01 | 15  0.04158 -3.46051e-01
 16 -0.08820 -2.56742e-01 | 17  0.00971 -5.38663e-01 | 18  0.13368 -7.06519e-01
 19  0.18128 -8.40135e-01 | 20 -0.02219 -3.84231e-01 | 21 -0.02379 -6.05915e-01
 22 -0.10137  7.38817e-03 | 23 -0.25498 -7.34711e-02 | 24  0.11304 -1.03264e+00
 25  0.07926 -6.66961e-01 | 26  0.01848 -7.67667e-01 | 27 -0.01004 -6.01122e-01
 28  0.03793 -9.79007e-01 | 29  0.02680 -1.02422e+00 | 30  0.06293 -1.03864e+00
 31 -0.00462 -4.66770e-01 | 32  0.11706 -1.41395e+00 | 33 -0.04733 -6.98596e-01
 34 -0.09782 -6.73986e-01 | 35 -0.06648 -6.07838e-01 | 36 -0.47037 -2.24261e-01
 37 -0.01271 -2.57965e+01 | 38 -0.00863 -1.05070e+01 | 39 -0.00391 -3.60090e+00
 40 -0.01153 -1.46349e+01 | 41  0.30215 -4.92269e-01 | 42 -0.74471  8.02367e-02
 43  0.28312  7.68539e-01 | 44 -0.34054 -2.05553e-01 | 45  1.00110  8.61996e-01
 46 -1.00330 -4.63305e-01 | 47  0.99854 -2.50572e-02 | 48 -1.26516  2.60992e-01
 49 -0.38573 -1.55030e-01 | 50  0.12129 -6.09833e-01 | 51 -0.22346  1.66316e-01
 52 -1.02899  6.84662e-02 |
52 variables; iteration 120; function evaluation 154; phase 3
Function value 3.8654299e+03; maximum gradient component mag -1.9400e+01
Var    Value     Gradient |Var    Value     Gradient |Var    Value     Gradient
  1  0.78006 -6.70621e+00 |  2 -0.01766  7.27759e-02 |  3  0.02712 -1.10121e-02
  4  0.00618  4.13642e-02 |  5 -0.10744  1.02538e-01 |  6  0.00685  6.21330e-02
  7 -0.07402  1.16596e-01 |  8 -0.05376  4.86771e-02 |  9  0.01227  2.99695e-02
 10  0.13667 -1.19948e-01 | 11  0.02704  2.46615e-03 | 12  0.12262 -1.29027e-01
 13  0.12633 -9.47858e-02 | 14  0.11162 -2.08901e-01 | 15  0.04155 -8.08545e-02
 16 -0.08826 -4.73932e-02 | 17  0.00978 -1.50869e-01 | 18  0.13373 -2.58424e-01
 19  0.18129 -4.41893e-01 | 20 -0.02217 -4.70863e-02 | 21 -0.02378 -1.31368e-01
 22 -0.10173  3.93748e-02 | 23 -0.25564  4.25101e-02 | 24  0.11352 -2.94113e-01
 25  0.07930 -2.87136e-01 | 26  0.01849 -3.23830e-01 | 27 -0.01011 -3.01198e-01
 28  0.03793 -5.25503e-01 | 29  0.02685 -5.17200e-01 | 30  0.06293 -5.90009e-01
 31 -0.00482 -4.51694e-01 | 32  0.11703 -1.13970e+00 | 33 -0.04729 -2.26399e-01
 34 -0.09780 -2.74348e-01 | 35 -0.06657 -3.03733e-01 | 36 -0.47048 -7.83468e-02
 37 -0.02952 -1.94003e+01 | 38 -0.02543 -8.11061e+00 | 39 -0.02072 -2.61091e+00
 40 -0.02834 -1.22010e+01 | 41  0.33455 -1.89467e-03 | 42 -0.74414 -3.64306e-02
 43  0.28310  7.01824e-01 | 44 -0.34025  3.67414e-01 | 45  1.00009  6.70051e-02
 46 -0.99798  1.58435e-01 | 47  0.99884 -3.99320e-03 | 48 -1.26485  2.89993e-01
 49 -0.40984 -9.12836e-02 | 50  0.10147  1.04107e-01 | 51 -0.22387  3.41186e-02
 52 -1.02091  9.65256e-02 |
52 variables; iteration 140; function evaluation 179; phase 3
Function value 3.8654049e+03; maximum gradient component mag -3.7436e+00
Var    Value     Gradient |Var    Value     Gradient |Var    Value     Gradient
  1  0.88359 -8.92319e-01 |  2 -0.01759  3.42761e-02 |  3  0.02726  4.05595e-02
  4  0.00630  3.20223e-02 |  5 -0.10738 -1.14790e-02 |  6  0.00693  3.13137e-02
  7 -0.07399 -1.76934e-02 |  8 -0.05368  1.93575e-02 |  9  0.01234  2.39918e-02
 10  0.13672 -9.53305e-03 | 11  0.02709  2.01513e-02 | 12  0.12265  9.36583e-03
 13  0.12627 -1.03792e-01 | 14  0.11164 -2.50352e-02 | 15  0.04152 -3.85398e-02
 16 -0.08828 -2.06219e-02 | 17  0.00972 -7.90892e-02 | 18  0.13362 -1.38961e-01
 19  0.18125 -1.28752e-01 | 20 -0.02224 -4.21054e-02 | 21 -0.02381 -1.46876e-02
 22 -0.10181  3.25278e-02 | 23 -0.25570  2.10898e-02 | 24  0.11354 -9.13066e-02
 25  0.07923 -1.20289e-01 | 26  0.01837 -1.66760e-01 | 27 -0.01018 -1.26654e-01
 28  0.03786 -2.21185e-01 | 29  0.02688 -6.66885e-02 | 30  0.06291 -8.06143e-02
 31 -0.00473  4.30970e-03 | 32  0.11703 -8.32129e-02 | 33 -0.04737 -1.43666e-01
 34 -0.09778 -6.38239e-02 | 35 -0.06661 -1.31584e-01 | 36 -0.47018  4.15797e-02
 37 -0.04150 -3.74364e+00 | 38 -0.03741 -2.55131e+00 | 39 -0.03269 -4.03077e-01
 40 -0.04033 -2.89112e+00 | 41  0.34616  1.35019e-01 | 42 -0.75169  1.43241e-02
 43  0.28309  7.56593e-02 | 44 -0.34035  3.76327e-02 | 45  0.99984 -1.20673e-01
 46 -0.99979 -2.37418e-03 | 47  0.99734 -1.93819e-01 | 48 -1.26702  2.86946e-02
 49 -0.41843  2.42220e-02 | 50  0.09452  1.90954e-01 | 51 -0.21977  2.19610e-02
 52 -1.07309  2.49626e-02 |
52 variables; iteration 160; function evaluation 201; phase 3
Function value 3.8653988e+03; maximum gradient component mag -1.8160e+00
Var    Value     Gradient |Var    Value     Gradient |Var    Value     Gradient
  1  0.93972 -2.43843e-01 |  2 -0.01759  1.52092e-02 |  3  0.02725  1.44576e-02
  4  0.00629  1.56127e-02 |  5 -0.10737 -5.16837e-03 |  6  0.00693  6.36100e-03
  7 -0.07398 -1.18325e-02 |  8 -0.05368  1.53206e-03 |  9  0.01234  1.15796e-02
 10  0.13672 -9.25465e-03 | 11  0.02710  2.08364e-02 | 12  0.12266  1.37186e-02
 13  0.12631 -3.59964e-02 | 14  0.11166 -2.45117e-02 | 15  0.04153 -2.72109e-02
 16 -0.08826  8.60680e-03 | 17  0.00975 -3.81903e-02 | 18  0.13364 -7.72671e-02
 19  0.18126 -6.08428e-02 | 20 -0.02223 -2.65760e-02 | 21 -0.02383 -9.77207e-03
 22 -0.10187 -4.80985e-03 | 23 -0.25580  1.30425e-02 | 24  0.11360 -3.58905e-02
 25  0.07925 -6.07679e-02 | 26  0.01839 -7.13832e-02 | 27 -0.01019 -7.15468e-02
 28  0.03788 -9.24167e-02 | 29  0.02687 -3.44812e-02 | 30  0.06290 -6.45953e-02
 31 -0.00475 -4.67218e-04 | 32  0.11702 -5.42541e-02 | 33 -0.04736 -8.05222e-02
 34 -0.09778 -1.49908e-02 | 35 -0.06662 -5.70025e-02 | 36 -0.47024  1.19492e-02
 37 -0.04496 -1.81597e+00 | 38 -0.04086 -1.37580e+00 | 39 -0.03614 -2.80300e-01
 40 -0.04378 -1.05195e+00 | 41  0.32242 -8.55471e-02 | 42 -0.78354  2.64448e-01
 43  0.28311  1.13099e-01 | 44 -0.34036  3.65724e-03 | 45  1.00002  1.16200e-02
 46 -1.00167 -9.71546e-02 | 47  0.99863 -1.79654e-02 | 48 -1.26708  1.92562e-02
 49 -0.40079 -1.46112e-02 | 50  0.10878 -1.27513e-01 | 51 -0.20397  4.95504e-02
 52 -1.15689 -1.26845e-01 |
52 variables; iteration 180; function evaluation 225; phase 3
Function value 3.8653973e+03; maximum gradient component mag -2.2595e-01
Var    Value     Gradient |Var    Value     Gradient |Var    Value     Gradient
  1  0.96796 -3.83619e-02 |  2 -0.01760  3.66777e-03 |  3  0.02724  5.29131e-03
  4  0.00629  4.36784e-03 |  5 -0.10737 -3.63626e-03 |  6  0.00693  2.52877e-03
  7 -0.07397 -6.54771e-03 |  8 -0.05368  1.11602e-03 |  9  0.01233  4.83472e-03
 10  0.13672 -3.23106e-04 | 11  0.02709  6.71298e-03 | 12  0.12266  1.17871e-02
 13  0.12632 -1.15664e-02 | 14  0.11166 -4.62223e-03 | 15  0.04153 -3.82806e-03
 16 -0.08828 -3.39558e-04 | 17  0.00976 -9.86308e-03 | 18  0.13365 -8.15481e-03
 19  0.18126 -7.22347e-03 | 20 -0.02222 -9.33439e-03 | 21 -0.02384 -4.00926e-04
 22 -0.10189  4.52406e-03 | 23 -0.25583  5.52270e-03 | 24  0.11362 -6.65513e-03
 25  0.07926 -9.08870e-03 | 26  0.01839 -1.62865e-02 | 27 -0.01018 -6.72705e-03
 28  0.03789 -1.27890e-02 | 29  0.02687 -3.82869e-03 | 30  0.06290 -6.42977e-03
 31 -0.00476  2.14711e-02 | 32  0.11702  8.85042e-03 | 33 -0.04735 -2.65139e-02
 34 -0.09779 -6.62943e-03 | 35 -0.06662 -1.34766e-02 | 36 -0.47024  9.95046e-03
 37 -0.04587 -1.23367e-01 | 38 -0.04176 -1.54813e-01 | 39 -0.03705  1.74060e-02
 40 -0.04469 -2.25946e-01 | 41  0.27194 -3.61398e-02 | 42 -0.83968  5.49477e-02
 43  0.28310  2.12412e-03 | 44 -0.34035 -1.56945e-03 | 45  0.99994 -4.53069e-02
 46 -1.00116 -3.23527e-02 | 47  1.00078 -8.72043e-03 | 48 -1.26722  1.69365e-03
 49 -0.36324 -1.19432e-02 | 50  0.14038 -4.63741e-02 | 51 -0.18149  3.00452e-02
 52 -1.22866 -5.24691e-02 |
52 variables; iteration 200; function evaluation 245; phase 3
Function value 3.8653972e+03; maximum gradient component mag -3.5898e-02
Var    Value     Gradient |Var    Value     Gradient |Var    Value     Gradient
  1  0.97583 -2.19079e-02 |  2 -0.01760  3.53907e-04 |  3  0.02724  7.67964e-04
  4  0.00628  1.05294e-04 |  5 -0.10737  1.32525e-03 |  6  0.00693  8.62538e-04
  7 -0.07397  1.00208e-03 |  8 -0.05368 -2.37649e-04 |  9  0.01233  3.18521e-05
 10  0.13672  1.56201e-03 | 11  0.02708  1.10665e-04 | 12  0.12266 -1.28463e-03
 13  0.12632  1.23925e-03 | 14  0.11167  1.79674e-03 | 15  0.04154 -7.09173e-04
 16 -0.08827  5.11762e-04 | 17  0.00977  1.61890e-03 | 18  0.13366  8.31109e-04
 19  0.18127  8.18926e-04 | 20 -0.02222  1.80273e-03 | 21 -0.02384  8.14812e-04
 22 -0.10190 -2.41797e-03 | 23 -0.25585 -6.40628e-04 | 24  0.11363  1.08553e-03
 25  0.07927  6.77468e-04 | 26  0.01840  9.77120e-04 | 27 -0.01017 -6.20525e-05
 28  0.03789  5.54111e-04 | 29  0.02687 -1.15512e-03 | 30  0.06290  2.69583e-04
 31 -0.00477 -2.48978e-03 | 32  0.11701 -3.34681e-03 | 33 -0.04734  3.56784e-03
 34 -0.09778  4.01105e-04 | 35 -0.06662  2.93940e-04 | 36 -0.47026  3.67897e-04
 37 -0.04602 -3.58983e-02 | 38 -0.04192 -2.49378e-02 | 39 -0.03720 -1.48062e-02
 40 -0.04484 -1.57914e-03 | 41  0.23915  2.94367e-02 | 42 -0.86700 -2.54429e-02
 43  0.28310  4.08363e-03 | 44 -0.34035  8.85305e-04 | 45  1.00002  5.53152e-03
 46 -1.00072 -4.05926e-03 | 47  1.00112  2.36296e-03 | 48 -1.26723 -3.81933e-04
 49 -0.33888  1.15667e-02 | 50  0.16173  2.84178e-02 | 51 -0.17300 -1.67498e-02
 52 -1.25081  1.62213e-02 |
52 variables; iteration 220; function evaluation 266; phase 3
Function value 3.8653968e+03; maximum gradient component mag -4.6414e-01
Var    Value     Gradient |Var    Value     Gradient |Var    Value     Gradient
  1  0.98017 -2.56479e-02 |  2 -0.01760  2.99805e-03 |  3  0.02724  1.33133e-03
  4  0.00629  1.24261e-03 |  5 -0.10737  3.31544e-04 |  6  0.00693 -1.67460e-03
  7 -0.07397 -3.17344e-03 |  8 -0.05368 -2.85943e-03 |  9  0.01233 -1.31613e-03
 10  0.13672  7.24668e-04 | 11  0.02708 -1.68372e-03 | 12  0.12265 -1.10675e-02
 13  0.12632 -1.23547e-02 | 14  0.11166 -1.47160e-02 | 15  0.04154  6.47435e-04
 16 -0.08827  1.27660e-02 | 17  0.00977 -8.99186e-04 | 18  0.13365 -1.97824e-02
 19  0.18127 -2.71258e-02 | 20 -0.02222  1.65134e-03 | 21 -0.02383 -1.85580e-03
 22 -0.10189  8.43538e-03 | 23 -0.25584  1.55568e-02 | 24  0.11363 -1.70226e-02
 25  0.07927 -1.53191e-02 | 26  0.01839 -8.14264e-03 | 27 -0.01018 -5.49804e-03
 28  0.03788 -2.17287e-02 | 29  0.02687 -4.77672e-03 | 30  0.06290 -7.94992e-03
 31 -0.00477 -4.37862e-03 | 32  0.11702 -3.01996e-02 | 33 -0.04734  2.51810e-03
 34 -0.09779  1.51710e-03 | 35 -0.06662  4.17964e-03 | 36 -0.47025  3.41290e-03
 37 -0.04609 -2.17430e-01 | 38 -0.04198 -2.29380e-01 | 39 -0.03727 -5.27572e-02
 40 -0.04491 -1.33538e-01 | 41  0.17833 -3.09863e-01 | 42 -0.83503  5.06042e-02
 43  0.28310  1.72007e-02 | 44 -0.34035  2.02313e-03 | 45  1.00006  4.62303e-02
 46 -1.00035  2.57448e-03 | 47  1.00093 -5.38957e-03 | 48 -1.26720  3.78843e-03
 49 -0.29385  1.58906e-02 | 50  0.20292 -4.64140e-01 | 51 -0.18310  1.03533e-02
 52 -1.22422 -5.14495e-02 |
52 variables; iteration 240; function evaluation 289; phase 3
Function value 3.8653966e+03; maximum gradient component mag -9.4746e-02
Var    Value     Gradient |Var    Value     Gradient |Var    Value     Gradient
  1  0.98889 -1.08820e-02 |  2 -0.01760  1.46137e-03 |  3  0.02724  2.10293e-03
  4  0.00628  2.07179e-03 |  5 -0.10737  2.62445e-03 |  6  0.00693  2.13137e-03
  7 -0.07397  2.17976e-03 |  8 -0.05368  9.61958e-04 |  9  0.01233  1.09650e-03
 10  0.13672  1.74441e-03 | 11  0.02708  1.97153e-03 | 12  0.12266  1.11271e-04
 13  0.12632  2.23583e-03 | 14  0.11167  7.06318e-05 | 15  0.04154  1.53350e-03
 16 -0.08827  2.62996e-03 | 17  0.00977  3.09793e-03 | 18  0.13366  1.14091e-03
 19  0.18127 -1.73344e-03 | 20 -0.02222  1.83630e-03 | 21 -0.02384  1.92581e-03
 22 -0.10190  1.09431e-03 | 23 -0.25585  2.75408e-03 | 24  0.11363 -8.81077e-05
 25  0.07927 -2.39743e-04 | 26  0.01840  9.59404e-04 | 27 -0.01018 -1.39208e-03
 28  0.03789 -6.39967e-04 | 29  0.02687 -3.08837e-03 | 30  0.06290 -1.40227e-03
 31 -0.00477  7.14639e-05 | 32  0.11702 -3.65162e-03 | 33 -0.04734  1.40128e-03
 34 -0.09778  1.34537e-03 | 35 -0.06662  1.24658e-03 | 36 -0.47025  2.31042e-03
 37 -0.04618 -9.47461e-02 | 38 -0.04208 -2.16959e-02 | 39 -0.03736 -1.80923e-02
 40 -0.04500 -5.51031e-02 | 41  0.08039 -1.51371e-02 | 42 -0.81098 -9.02198e-04
 43  0.28310  3.57859e-03 | 44 -0.34035 -7.97416e-04 | 45  1.00002  3.32700e-03
 46 -1.00079 -6.97492e-03 | 47  1.00098 -3.81061e-03 | 48 -1.26721  2.67001e-03
 49 -0.22213  1.02311e-02 | 50  0.27381 -3.02645e-02 | 51 -0.19217 -7.57796e-03
 52 -1.19749  2.44231e-04 |
52 variables; iteration 260; function evaluation 310; phase 3
Function value 3.8653966e+03; maximum gradient component mag -2.8244e-01
Var    Value     Gradient |Var    Value     Gradient |Var    Value     Gradient
  1  0.99581 -5.35257e-03 |  2 -0.01760  3.58571e-03 |  3  0.02724  4.64063e-03
  4  0.00628  3.77815e-03 |  5 -0.10737  4.02670e-03 |  6  0.00693  4.95914e-03
  7 -0.07397  3.86638e-03 |  8 -0.05368  3.64467e-03 |  9  0.01233  2.89471e-03
 10  0.13672  2.96707e-03 | 11  0.02708  2.22420e-03 | 12  0.12266 -4.19440e-04
 13  0.12632 -2.92734e-04 | 14  0.11167  6.97943e-04 | 15  0.04154  1.34374e-03
 16 -0.08827  4.01181e-03 | 17  0.00977  2.36070e-03 | 18  0.13366 -2.52355e-03
 19  0.18127 -5.61773e-03 | 20 -0.02222  2.57533e-03 | 21 -0.02384  1.37696e-03
 22 -0.10189  2.13485e-03 | 23 -0.25585  4.42228e-03 | 24  0.11363 -9.12414e-04
 25  0.07927 -2.96870e-03 | 26  0.01840 -2.11279e-03 | 27 -0.01018 -3.97120e-03
 28  0.03789 -7.63791e-03 | 29  0.02687 -4.83726e-03 | 30  0.06290 -3.66825e-03
 31 -0.00477 -3.59173e-03 | 32  0.11701 -1.41820e-02 | 33 -0.04734  5.89249e-04
 34 -0.09778  1.19498e-03 | 35 -0.06662 -2.44863e-03 | 36 -0.47026  3.06012e-03
 37 -0.04622 -2.82439e-01 | 38 -0.04212 -1.19492e-01 | 39 -0.03740 -4.27552e-02
 40 -0.04504 -1.80691e-01 | 41  0.03047 -1.77425e-02 | 42 -0.80561 -9.92025e-03
 43  0.28310  1.21322e-02 | 44 -0.34035  1.66750e-03 | 45  1.00001  5.16221e-04
 46 -1.00052  1.08239e-03 | 47  1.00070 -9.70220e-03 | 48 -1.26722  1.16230e-03
 49 -0.18611  1.30616e-02 | 50  0.31196 -3.42204e-02 | 51 -0.19436 -9.22631e-03
 52 -1.19051  7.60071e-03 |
52 variables; iteration 280; function evaluation 331; phase 3
Function value 3.8653965e+03; maximum gradient component mag -1.0978e-01
Var    Value     Gradient |Var    Value     Gradient |Var    Value     Gradient
  1  1.00155  1.34085e-03 |  2 -0.01760  4.36493e-04 |  3  0.02724  3.98664e-03
  4  0.00629  2.19732e-03 |  5 -0.10737  4.08044e-04 |  6  0.00693  3.00534e-03
  7 -0.07397 -1.34625e-03 |  8 -0.05368 -6.81540e-04 |  9  0.01233  1.22146e-03
 10  0.13672  2.89490e-03 | 11  0.02709  8.01812e-04 | 12  0.12266 -1.26393e-04
 13  0.12632 -4.08989e-03 | 14  0.11167 -1.42701e-03 | 15  0.04154  3.22952e-03
 16 -0.08827  5.73126e-03 | 17  0.00977  1.67132e-03 | 18  0.13366  4.02379e-04
 19  0.18127 -2.47265e-03 | 20 -0.02222  1.49349e-03 | 21 -0.02384  4.07006e-04
 22 -0.10190  3.16801e-03 | 23 -0.25585  6.46545e-03 | 24  0.11363 -1.67376e-03
 25  0.07927 -8.42989e-04 | 26  0.01840  6.46989e-04 | 27 -0.01018 -6.70056e-04
 28  0.03789 -2.81264e-03 | 29  0.02687 -1.92857e-03 | 30  0.06290 -3.52845e-03
 31 -0.00477  6.79756e-03 | 32  0.11702 -2.44095e-03 | 33 -0.04734 -2.59569e-03
 34 -0.09779  1.27426e-03 | 35 -0.06662  2.62755e-03 | 36 -0.47025  2.62173e-03
 37 -0.04622 -4.31194e-02 | 38 -0.04212  3.00863e-02 | 39 -0.03741 -5.98804e-04
 40 -0.04504 -7.01332e-02 | 41  0.02874 -5.79298e-02 | 42 -0.82445 -2.05732e-02
 43  0.28310 -7.95535e-04 | 44 -0.34035 -5.39833e-04 | 45  1.00002  3.22473e-03
 46 -1.00054  7.27710e-04 | 47  1.00101 -2.59254e-03 | 48 -1.26720  3.04346e-03
 49 -0.18486  3.92253e-02 | 50  0.31330 -1.09780e-01 | 51 -0.18695 -2.35737e-02
 52 -1.21322  9.96944e-03 |
52 variables; iteration 300; function evaluation 355; phase 3
Function value 3.8653965e+03; maximum gradient component mag 4.5805e-02
Var    Value     Gradient |Var    Value     Gradient |Var    Value     Gradient
  1  0.99792 -1.55135e-03 |  2 -0.01760 -5.77282e-04 |  3  0.02724 -2.80589e-04
  4  0.00629 -3.63747e-04 |  5 -0.10737 -3.91580e-04 |  6  0.00693 -2.35415e-04
  7 -0.07397 -2.99748e-04 |  8 -0.05368 -3.83998e-04 |  9  0.01233 -2.93127e-04
 10  0.13672  1.42153e-05 | 11  0.02708 -2.95096e-04 | 12  0.12266  6.57300e-05
 13  0.12632  1.28988e-04 | 14  0.11167  1.66274e-04 | 15  0.04154  2.07069e-04
 16 -0.08827 -2.15254e-05 | 17  0.00977  3.77948e-04 | 18  0.13366  1.05578e-03
 19  0.18127  1.14459e-03 | 20 -0.02222  7.28175e-05 | 21 -0.02384  5.68570e-06
 22 -0.10189 -1.47690e-04 | 23 -0.25585 -2.27551e-04 | 24  0.11363  4.75321e-04
 25  0.07927  8.91813e-04 | 26  0.01840  1.17780e-03 | 27 -0.01018  1.00934e-03
 28  0.03789  1.99945e-03 | 29  0.02687  7.45800e-04 | 30  0.06290  1.13093e-03
 31 -0.00477  1.06200e-03 | 32  0.11701  2.43701e-03 | 33 -0.04734  4.80323e-04
 34 -0.09779  1.89273e-04 | 35 -0.06662  6.02820e-04 | 36 -0.47026 -1.10970e-04
 37 -0.04622  4.58046e-02 | 38 -0.04212  2.93717e-02 | 39 -0.03741  6.91696e-03
 40 -0.04504  2.77141e-02 | 41  0.04666  1.95258e-03 | 42 -0.82192 -4.56844e-03
 43  0.28310 -2.09738e-03 | 44 -0.34035 -4.39591e-04 | 45  1.00001 -1.87713e-04
 46 -1.00058  1.47195e-04 | 47  1.00107 -4.46751e-04 | 48 -1.26723  1.94663e-04
 49 -0.19775  1.93217e-03 | 50  0.29944  1.08275e-03 | 51 -0.18790 -2.30954e-03
 52 -1.21045  2.99092e-03 |
52 variables; iteration 320; function evaluation 378; phase 3
Function value 3.8653965e+03; maximum gradient component mag -2.0137e-02
Var    Value     Gradient |Var    Value     Gradient |Var    Value     Gradient
  1  0.99904 -7.39868e-04 |  2 -0.01760  3.94893e-04 |  3  0.02724 -6.03798e-06
  4  0.00629  1.78922e-04 |  5 -0.10737  3.37786e-04 |  6  0.00693  4.66697e-05
  7 -0.07397  2.84777e-04 |  8 -0.05368  2.85689e-04 |  9  0.01233  1.47530e-04
 10  0.13672 -1.27481e-04 | 11  0.02708  2.39823e-04 | 12  0.12266  2.99458e-04
 13  0.12632  5.00041e-04 | 14  0.11167  1.67394e-04 | 15  0.04154 -1.18695e-04
 16 -0.08827 -2.89636e-04 | 17  0.00977 -1.95503e-04 | 18  0.13366 -1.91991e-04
 19  0.18127 -8.01044e-06 | 20 -0.02222 -9.44556e-05 | 21 -0.02384  2.15742e-06
 22 -0.10189 -1.49187e-04 | 23 -0.25585 -3.29864e-04 | 24  0.11363  1.09028e-04
 25  0.07927 -2.01467e-04 | 26  0.01840 -5.12399e-04 | 27 -0.01018 -5.41631e-04
 28  0.03789 -6.44319e-04 | 29  0.02687 -3.56284e-04 | 30  0.06290 -2.68323e-04
 31 -0.00477 -6.50833e-04 | 32  0.11701 -5.90301e-04 | 33 -0.04734 -2.13313e-04
 34 -0.09778 -2.80103e-04 | 35 -0.06662 -6.25979e-04 | 36 -0.47026  4.27114e-05
 37 -0.04622 -2.01373e-02 | 38 -0.04212 -1.21003e-02 | 39 -0.03741 -3.12253e-03
 40 -0.04504 -1.19921e-02 | 41  0.08111  5.20735e-03 | 42 -0.82165  3.72840e-03
 43  0.28310  9.39101e-04 | 44 -0.34035  1.38214e-04 | 45  1.00001  6.60526e-05
 46 -1.00057  1.57203e-04 | 47  1.00108  1.97948e-04 | 48 -1.26723 -2.96796e-05
 49 -0.22266 -3.96425e-03 | 50  0.27327  1.05726e-02 | 51 -0.18800  2.63018e-03
 52 -1.21016 -2.70052e-03 |
52 variables; iteration 340; function evaluation 400; phase 3
Function value 3.8653965e+03; maximum gradient component mag -3.9259e-04
Var    Value     Gradient |Var    Value     Gradient |Var    Value     Gradient
  1  0.99966 -6.03052e-07 |  2 -0.01760  3.78228e-06 |  3  0.02724 -2.47262e-06
  4  0.00629  1.59408e-06 |  5 -0.10737  1.68791e-06 |  6  0.00693 -1.72446e-06
  7 -0.07397  2.84935e-06 |  8 -0.05368  2.86649e-06 |  9  0.01233  1.23747e-06
 10  0.13672 -7.09675e-06 | 11  0.02708 -7.58513e-08 | 12  0.12266  2.83448e-06
 13  0.12632  3.45392e-06 | 14  0.11167  2.65049e-06 | 15  0.04154 -7.99289e-06
 16 -0.08827 -1.20912e-05 | 17  0.00977 -1.14759e-05 | 18  0.13366 -1.06120e-05
 19  0.18127  1.30902e-07 | 20 -0.02222 -4.14652e-06 | 21 -0.02384 -6.92072e-06
 22 -0.10189 -1.00442e-05 | 23 -0.25585 -1.11480e-05 | 24  0.11363  3.25827e-06
 25  0.07927 -4.18894e-06 | 26  0.01840 -1.28697e-05 | 27 -0.01018 -5.64806e-06
 28  0.03789 -2.19202e-06 | 29  0.02687  2.94684e-06 | 30  0.06290 -9.49181e-06
 31 -0.00477 -2.51738e-05 | 32  0.11701 -2.31315e-05 | 33 -0.04734 -8.46141e-06
 34 -0.09778 -9.61264e-06 | 35 -0.06662 -1.99365e-05 | 36 -0.47026 -9.32409e-06
 37 -0.04622 -3.92586e-04 | 38 -0.04212 -3.39470e-04 | 39 -0.03741 -6.65765e-05
 40 -0.04504 -1.82351e-04 | 41  0.06849  1.77548e-04 | 42 -0.82042  1.24837e-05
 43  0.28310  2.31352e-05 | 44 -0.34035  9.49347e-06 | 45  1.00001 -5.79973e-06
 46 -1.00058  1.10391e-05 | 47  1.00108  7.48268e-06 | 48 -1.26723 -1.28861e-05
 49 -0.21351 -6.78351e-05 | 50  0.28278  2.99274e-04 | 51 -0.18847  3.04329e-05
 52 -1.20877 -5.63939e-07 |
Warning: the following parameters had issues
  SR_parm[1] is within 0.1% of upper bound: 5.00000e+00 < 2.50000e+01 < 2.50000e+01
  selparm[5] is within 0.1% of upper bound: -1.00000e+00 < 1.50000e+01 < 1.50000e+01
  selparm[6] is within 0.1% of lower bound: -1.00000e+00 < -9.99996e-01 < 2.00000e+01
  selparm[7] is within 0.1% of upper bound: -3.00000e+00 < 1.50000e+01 < 1.50000e+01


 - final statistics:
52 variables; iteration 342; function evaluation 402
Function value 3.8654e+03; maximum gradient component mag 3.5378e-05
Exit code = 1;  converg criter 1.0000e-04
Var    Value     Gradient |Var    Value     Gradient |Var    Value     Gradient
  1  0.99966  8.30251e-08 |  2 -0.01760 -1.46330e-06 |  3  0.02724 -2.01525e-06
  4  0.00629 -1.74964e-06 |  5 -0.10737 -2.50457e-06 |  6  0.00693 -1.96667e-06
  7 -0.07397 -2.13792e-06 |  8 -0.05368 -1.41778e-06 |  9  0.01233 -1.54687e-06
 10  0.13672 -2.29437e-06 | 11  0.02708 -2.24183e-06 | 12  0.12266 -1.16323e-06
 13  0.12632 -1.98298e-06 | 14  0.11167 -1.50182e-06 | 15  0.04154 -2.11724e-06
 16 -0.08827 -2.15508e-06 | 17  0.00977 -3.15183e-06 | 18  0.13366 -2.52373e-06
 19  0.18127 -8.68572e-07 | 20 -0.02222 -1.63008e-06 | 21 -0.02384 -2.50724e-06
 22 -0.10189 -1.47555e-06 | 23 -0.25585 -2.06743e-06 | 24  0.11363 -5.23821e-07
 25  0.07927 -5.91577e-07 | 26  0.01840 -1.16674e-06 | 27 -0.01018  7.97943e-07
 28  0.03789  2.28532e-06 | 29  0.02687  3.12825e-06 | 30  0.06290 -1.56899e-06
 31 -0.00477 -3.59877e-06 | 32  0.11701 -2.15103e-06 | 33 -0.04734 -2.31321e-06
 34 -0.09778 -1.67381e-06 | 35 -0.06662 -1.50230e-06 | 36 -0.47026 -3.79581e-06
 37 -0.04622  3.48518e-05 | 38 -0.04212 -1.06523e-05 | 39 -0.03741  5.16298e-06
 40 -0.04504  3.53779e-05 | 41  0.06848  3.81636e-06 | 42 -0.82042  1.01082e-06
 43  0.28310 -6.01428e-07 | 44 -0.34035  1.88775e-06 | 45  1.00001 -1.49679e-06
 46 -1.00058  1.78223e-06 | 47  1.00108  7.37312e-07 | 48 -1.26723 -3.55101e-06
 49 -0.21350 -2.74829e-06 | 50  0.28279  7.73684e-06 | 51 -0.18847  1.84990e-06
 52 -1.20877 -3.03094e-07 |
Estimating row 1 out of 52 for hessian
Estimating row 2 out of 52 for hessian
Estimating row 3 out of 52 for hessian
Estimating row 4 out of 52 for hessian
Estimating row 5 out of 52 for hessian
Estimating row 6 out of 52 for hessian
Estimating row 7 out of 52 for hessian
Estimating row 8 out of 52 for hessian
Estimating row 9 out of 52 for hessian
Estimating row 10 out of 52 for hessian
Estimating row 11 out of 52 for hessian
Estimating row 12 out of 52 for hessian
Estimating row 13 out of 52 for hessian
Estimating row 14 out of 52 for hessian
Estimating row 15 out of 52 for hessian
Estimating row 16 out of 52 for hessian
Estimating row 17 out of 52 for hessian
Estimating row 18 out of 52 for hessian
Estimating row 19 out of 52 for hessian
Estimating row 20 out of 52 for hessian
Estimating row 21 out of 52 for hessian
Estimating row 22 out of 52 for hessian
Estimating row 23 out of 52 for hessian
Estimating row 24 out of 52 for hessian
Estimating row 25 out of 52 for hessian
Estimating row 26 out of 52 for hessian
Estimating row 27 out of 52 for hessian
Estimating row 28 out of 52 for hessian
Estimating row 29 out of 52 for hessian
Estimating row 30 out of 52 for hessian
Estimating row 31 out of 52 for hessian
Estimating row 32 out of 52 for hessian
Estimating row 33 out of 52 for hessian
Estimating row 34 out of 52 for hessian
Estimating row 35 out of 52 for hessian
Estimating row 36 out of 52 for hessian
Estimating row 37 out of 52 for hessian
Estimating row 38 out of 52 for hessian
Estimating row 39 out of 52 for hessian
Estimating row 40 out of 52 for hessian
Estimating row 41 out of 52 for hessian
Estimating row 42 out of 52 for hessian
Estimating row 43 out of 52 for hessian
Estimating row 44 out of 52 for hessian
Estimating row 45 out of 52 for hessian
Estimating row 46 out of 52 for hessian
Estimating row 47 out of 52 for hessian
Estimating row 48 out of 52 for hessian
Estimating row 49 out of 52 for hessian
Estimating row 50 out of 52 for hessian
Estimating row 51 out of 52 for hessian
Estimating row 52 out of 52 for hessian
size of file gradfil1.tmp = 0
size of file gradfil2.tmp = 0
size of file varssave.tmp = 0
size of file cmpdiff.tmp = 0
