
Initial statistics: 36 variables; iteration 0; function evaluation 0; phase 1
Function value 5.9358220e+03; maximum gradient component mag -6.0635e+04
Var    Value     Gradient |Var    Value     Gradient |Var    Value     Gradient
  1  0.04292 -6.06351e+04 |  2 -0.03421  8.07666e+02 |  3  0.08415  8.99436e+02
  4  0.01766  8.94026e+02 |  5 -0.15048  7.97707e+02 |  6 -0.01150  7.97431e+02
  7 -0.07824  8.69593e+02 |  8 -0.09782  7.26733e+02 |  9  0.02859  4.54551e+02
 10  0.05543 -1.36284e+02 | 11 -0.02198  3.59373e+02 | 12 -0.01694  2.01452e+02
 13 -0.01130 -1.49937e+01 | 14  0.08454 -8.22092e+02 | 15  0.04425 -2.08479e+02
 16 -0.06863  2.13064e+02 | 17 -0.01314 -1.94608e+02 | 18  0.02333 -3.11866e+02
 19  0.05621 -2.20948e+02 | 20  0.00164  4.36634e+02 | 21 -0.10363  4.59336e+02
 22 -0.01724  2.45751e+02 | 23  0.01584  1.54119e+02 | 24 -0.00641 -1.44155e+02
 25 -0.00527 -4.64805e+02 | 26  0.08395 -1.73821e+03 | 27 -0.00691 -7.64769e+02
 28  0.05245 -1.26288e+03 | 29 -0.03174 -5.61269e+02 | 30  0.01291 -2.67143e+02
 31  0.06980 -3.65427e+02 | 32  0.06895 -8.58907e+02 | 33 -0.04153 -3.43268e+02
 34  0.02048 -4.30390e+02 | 35 -0.01884 -1.44981e+02 | 36  0.01430  9.20516e+02

Intermediate statistics: 36 variables; iteration 20; function evaluation 31; phase 1
Function value 4.8706397e+03; maximum gradient component mag -5.8632e+03
Var    Value     Gradient |Var    Value     Gradient |Var    Value     Gradient
  1  0.08002 -5.86319e+03 |  2 -0.02516  2.35254e+02 |  3 -0.00520  1.90677e+02
  4 -0.04068  2.11243e+02 |  5 -0.15304  2.31749e+02 |  6 -0.01073  2.50871e+02
  7 -0.09624  2.53604e+02 |  8 -0.07471  2.38225e+02 |  9 -0.01281  2.14210e+02
 10  0.06460  8.88578e+01 | 11 -0.00658  2.24031e+02 | 12  0.00480  1.75111e+02
 13  0.18483  2.34287e+02 | 14 -1.13765 -8.60769e+00 | 15  0.02721  1.52351e+02
 16 -0.08678  1.54326e+02 | 17 -0.02255  9.08934e+01 | 18  0.11451  1.54654e+02
 19  0.13330  2.23135e+02 | 20 -0.00698  1.89833e+02 | 21  0.01630  2.14638e+02
 22  0.03651  2.11788e+02 | 23 -0.02750  2.12389e+02 | 24 -0.02064  1.11829e+02
 25  0.09878  9.84797e+01 | 26  0.02560 -7.75088e+01 | 27  0.03910 -5.12317e+00
 28  0.07010 -1.23918e+01 | 29  0.07148  6.11360e+01 | 30  0.13331  2.10578e+02
 31  0.05130  9.77067e+01 | 32  0.13126  1.03333e+02 | 33  0.09797  1.81701e+02
 34  0.03408  8.82648e+01 | 35  0.09813  1.19446e+02 | 36 -0.06188  2.31454e+02
36 variables; iteration 40; function evaluation 69; phase 1
Function value 4.6459306e+03; maximum gradient component mag 6.1712e+02
Var    Value     Gradient |Var    Value     Gradient |Var    Value     Gradient
  1  0.12032  6.17117e+02 |  2  0.04644  4.42508e+01 |  3  0.12208  1.17118e+02
  4  0.05182  5.12402e+00 |  5 -0.08912 -4.25435e+01 |  6 -0.04384 -1.87973e+02
  7 -0.04207  6.02856e+01 |  8 -0.03925  2.91363e+01 |  9 -0.00731  3.05787e+01
 10  0.06654  1.36338e+01 | 11  0.01154  1.41435e+02 | 12 -0.00967 -9.62903e+00
 13 -0.11050 -2.67645e+02 | 14 -2.08320 -3.43881e+01 | 15  0.04953  2.22944e+02
 16 -0.05647  7.65005e+01 | 17  0.00411  6.15981e+01 | 18  0.06388  2.04640e+01
 19  0.04048 -1.36184e+02 | 20 -0.02925  7.07619e+01 | 21 -0.02486  4.52390e+01
 22 -0.06066 -1.00462e+02 | 23 -0.14248 -1.12239e+02 | 24 -0.04576 -6.58611e+01
 25 -0.04283 -1.97201e+02 | 26  0.03659 -5.14450e+01 | 27  0.02205  5.34517e+01
 28  0.07677  1.87141e+02 | 29  0.02994 -6.90294e+01 | 30  0.05410 -6.41193e+01
 31  0.01934  2.00857e+01 | 32  0.07474 -1.28958e+01 | 33  0.00067 -1.87435e+02
 34 -0.00541 -6.67643e+01 | 35  0.05442 -2.14999e+01 | 36 -0.17518 -1.17747e+02

 - final statistics:
36 variables; iteration 55; function evaluation 85
Function value 4.5590e+03; maximum gradient component mag -4.4570e+00
Exit code = 1;  converg criter 1.0000e+01
Var    Value     Gradient |Var    Value     Gradient |Var    Value     Gradient
  1  0.10859 -4.45695e+00 |  2 -0.02782 -1.10245e-01 |  3  0.01084  1.30063e-01
  4 -0.02324  1.89236e-01 |  5 -0.14144 -3.27578e-02 |  6 -0.02917 -1.08770e-01
  7 -0.11908  2.03158e-01 |  8 -0.10249 -3.65935e-03 |  9 -0.04705  4.58636e-01
 10  0.05348  1.58892e-01 | 11 -0.04757  1.28869e-01 | 12 -0.01502 -2.00765e-01
 13  0.02763 -3.05514e-01 | 14 -2.05849 -1.89388e-02 | 15 -0.01857 -2.19645e-01
 16 -0.10024  2.04069e-01 | 17 -0.01927  3.17000e-01 | 18  0.07173  1.01113e-01
 19  0.08279  4.93844e-01 | 20 -0.03730 -7.78295e-02 | 21 -0.02473 -9.00450e-02
 22 -0.00535  2.07310e-01 | 23 -0.07156 -1.92988e-01 | 24 -0.01685  4.38457e-01
 25  0.04398 -6.85007e-01 | 26  0.05567 -9.21951e-01 | 27  0.02654 -2.93753e-01
 28  0.06131  5.22452e-02 | 29  0.05690  5.89714e-02 | 30  0.08585  2.83856e-01
 31  0.03356  2.70195e-01 | 32  0.10146  5.24394e-02 | 33  0.06160  1.09630e-01
 34  0.03320  6.26196e-01 | 35  0.08299 -1.39706e-01 | 36 -0.10282  9.22506e-02

Initial statistics: 46 variables; iteration 0; function evaluation 0; phase 2
Function value 4.5589538e+03; maximum gradient component mag -3.1942e+03
Var    Value     Gradient |Var    Value     Gradient |Var    Value     Gradient
  1  0.10859 -4.45695e+00 |  2 -0.02782 -1.45171e-01 |  3  0.01084  9.51084e-02
  4 -0.02324  1.54300e-01 |  5 -0.14145 -6.68581e-02 |  6 -0.02917 -1.43693e-01
  7 -0.11908  1.68808e-01 |  8 -0.10249 -3.81669e-02 |  9 -0.04705  4.23772e-01
 10  0.05348  1.24056e-01 | 11 -0.04757  9.40067e-02 | 12 -0.01502 -2.35715e-01
 13  0.02763 -3.40440e-01 | 14  0.05849 -1.58733e-02 | 15 -0.01857 -2.54590e-01
 16 -0.10024  1.69542e-01 | 17 -0.01927  2.82056e-01 | 18  0.07173  6.63746e-02
 19  0.08279  4.59179e-01 | 20 -0.03730 -1.12729e-01 | 21 -0.02473 -1.24978e-01
 22 -0.00536  1.72352e-01 | 23 -0.07156 -2.27727e-01 | 24 -0.01685  4.03509e-01
 25  0.04398 -7.19883e-01 | 26  0.05567 -9.56778e-01 | 27  0.02654 -3.28683e-01
 28  0.06131  1.74476e-02 | 29  0.05689  2.41513e-02 | 30  0.08585  2.49214e-01
 31  0.03356  2.35284e-01 | 32  0.10146  1.79228e-02 | 33  0.06160  7.48342e-02
 34  0.03320  5.91284e-01 | 35  0.08299 -1.74369e-01 | 36 -0.10282  5.77460e-02
 37  0.23092  1.93180e+03 | 38  0.18371 -2.05706e+03 | 39  0.25050  2.21848e+03
 40  0.19346 -3.19422e+03 | 41 -0.10368 -4.36360e+02 | 42 -0.30361  7.75264e+02
 43  0.02069  2.46656e+01 | 44 -0.06013 -6.64918e+02 | 45 -0.40314  5.83606e+01
 46 -0.27446  5.38254e+02 |

Intermediate statistics: 46 variables; iteration 20; function evaluation 29; phase 2
Function value 4.1707727e+03; maximum gradient component mag -8.9303e+03
Var    Value     Gradient |Var    Value     Gradient |Var    Value     Gradient
  1  0.03994 -8.45567e+03 |  2 -0.00610  1.48366e+02 |  3  0.02882  1.80893e+02
  4 -0.02941  1.84330e+02 |  5 -0.16518  1.24877e+02 |  6 -0.04233  1.76491e+02
  7 -0.14542  1.19554e+02 |  8 -0.09466  1.26788e+02 |  9 -0.01140  9.96779e+01
 10  0.09121  2.13928e+01 | 11 -0.01654  1.11364e+02 | 12 -0.00161  1.02992e+02
 13  0.05083 -1.77775e+01 | 14  0.07812 -1.25405e+02 | 15  0.02044 -1.27548e+02
 16 -0.08698 -1.16875e+02 | 17  0.01912 -9.84868e+01 | 18  0.07505  1.97718e+00
 19  0.09749  5.21972e+01 | 20 -0.02593  4.42696e+01 | 21 -0.04891 -3.36636e+00
 22  0.02162  7.06989e-02 | 23 -0.02068  3.17249e+01 | 24 -0.00119  2.23004e+01
 25  0.07094 -4.38202e+01 | 26  0.12303 -4.75224e+01 | 27 -0.01433 -8.38196e+01
 28  0.04107 -1.66175e+01 | 29  0.02153 -4.62946e+01 | 30  0.09231  1.00133e+01
 31 -0.00994 -4.00566e+01 | 32  0.09118  7.35607e+00 | 33  0.02542  4.05649e+01
 34  0.00532  1.17443e+01 | 35  0.03369 -1.09190e+02 | 36 -0.25480 -5.31339e+01
 37  0.26783 -3.75001e+03 | 38  0.18515 -8.93034e+03 | 39  0.20432 -2.28744e+03
 40  0.24549 -8.24874e+02 | 41 -0.06928  7.81690e+02 | 42 -0.68105  2.44571e+02
 43  0.04510  3.52760e+02 | 44  0.08307  7.83406e+02 | 45 -0.23963 -2.54513e+02
 46 -0.30446  5.87408e+02 |
46 variables; iteration 40; function evaluation 56; phase 2
Function value 3.7703397e+03; maximum gradient component mag -9.2713e+03
Var    Value     Gradient |Var    Value     Gradient |Var    Value     Gradient
  1  0.02692 -9.27125e+03 |  2  0.01628  1.34266e+02 |  3  0.05872  1.50380e+02
  4  0.00597  2.14362e+02 |  5 -0.15246  1.10741e+02 |  6 -0.04193  1.78639e+02
  7 -0.22070  2.04388e+01 |  8 -0.20391 -1.97217e+01 |  9  0.01999 -2.07728e+01
 10  0.08428 -3.06136e+02 | 11  0.02815  8.18769e+01 | 12 -0.00961  2.39074e+01
 13  0.03782 -1.55030e+02 | 14  0.12481 -1.43203e+01 | 15  0.02108 -1.29526e+02
 16 -0.06634 -6.48199e+01 | 17  0.00383 -1.54343e+02 | 18  0.06171  3.09060e+01
 19  0.07667 -1.05941e+01 | 20 -0.05747  3.98803e+01 | 21 -0.03985  1.18415e+02
 22  0.02721 -1.09787e+00 | 23 -0.00558 -2.33406e+01 | 24 -0.01348 -5.01141e+01
 25  0.08255  4.55792e+01 | 26  0.11773 -1.19784e+02 | 27  0.00680  1.37724e+01
 28  0.03070 -3.26491e+01 | 29  0.01169  3.97005e+01 | 30  0.07551  1.40130e+01
 31  0.00716  1.25631e+02 | 32  0.08433 -9.87734e+01 | 33  0.02159 -3.83054e+00
 34  0.02754  1.26469e+02 | 35  0.04544  8.97884e+01 | 36 -0.27092  3.77650e+00
 37  0.28806 -4.30574e+03 | 38  0.23068 -2.97411e+03 | 39  0.22467 -1.94602e+03
 40  0.26799  3.17960e+03 | 41 -0.51812  6.10554e+01 | 42 -0.83863 -3.56657e+00
 43  0.32143  2.23756e+02 | 44  0.24045 -1.17416e+02 | 45 -0.15328 -1.37437e+02
 46 -0.38431  1.07613e+02 |
46 variables; iteration 60; function evaluation 83; phase 2
Function value 3.5842795e+03; maximum gradient component mag -1.8772e+02
Var    Value     Gradient |Var    Value     Gradient |Var    Value     Gradient
  1  0.02648 -1.87720e+02 |  2  0.01699  4.27403e+00 |  3  0.05629  2.37707e-01
  4 -0.01324  3.58264e+00 |  5 -0.13964  9.18981e-01 |  6 -0.02664  4.83729e+00
  7 -0.12873  8.94192e-01 |  8 -0.07843  4.18302e+00 |  9  0.00142  6.94860e+00
 10  0.09322  1.50015e+01 | 11 -0.00394  2.35784e+00 | 12 -0.04251  1.50934e+00
 13  0.05941  7.48786e+00 | 14  0.08521  4.91946e+00 | 15  0.03635  5.10725e+00
 16 -0.06197  7.27137e+00 | 17  0.00280  7.23618e+00 | 18  0.01968 -3.62384e+00
 19  0.04890  1.43150e+01 | 20 -0.07526  6.73897e+00 | 21 -0.09931  3.96271e+00
 22  0.01099  4.62595e+00 | 23 -0.00239  5.95896e+00 | 24 -0.00070  2.09237e+00
 25  0.03577 -2.35630e+00 | 26  0.08873 -2.43156e+01 | 27  0.02606 -2.69658e+01
 28  0.02577 -3.92664e+01 | 29 -0.00623 -4.18873e+00 | 30  0.03457 -3.83532e+00
 31 -0.00874 -4.44072e+00 | 32  0.07201 -8.52987e+00 | 33  0.03030  5.96688e+00
 34  0.02434 -3.83830e+00 | 35  0.05192 -4.74969e+00 | 36 -0.13553  5.59694e+00
 37  0.31655 -2.06404e+01 | 38  0.25741  1.32587e+01 | 39  0.26999  4.56062e+00
 40  0.25188 -6.35051e+00 | 41 -0.49342 -1.04345e+01 | 42 -0.83492  1.28455e+01
 43  0.26561 -7.01647e+00 | 44  0.23062 -1.26817e+01 | 45 -0.17072  3.22836e+00
 46 -0.39476  2.83650e+01 |

 - final statistics:
46 variables; iteration 62; function evaluation 85
Function value 3.5842e+03; maximum gradient component mag 8.7099e+00
Exit code = 1;  converg criter 1.0000e+01
Var    Value     Gradient |Var    Value     Gradient |Var    Value     Gradient
  1  0.02650  8.70995e+00 |  2  0.01626 -2.29068e-02 |  3  0.05716  3.70402e-01
  4 -0.01334 -1.80107e-01 |  5 -0.13788 -4.64748e-02 |  6 -0.02714 -1.07975e+00
  7 -0.12669  9.46935e-01 |  8 -0.07811  7.83475e-01 |  9  0.00126  1.91276e+00
 10  0.09239  4.43999e+00 | 11 -0.00360 -9.32579e-01 | 12 -0.04152 -7.46339e-02
 13  0.05844 -5.37558e+00 | 14  0.08542 -3.95054e+00 | 15  0.03688 -6.26717e+00
 16 -0.06329 -5.44680e+00 | 17  0.00204 -2.60584e+00 | 18  0.02052  1.89366e+00
 19  0.04797 -1.71060e+00 | 20 -0.07554 -3.06151e-01 | 21 -0.09967 -8.43309e-01
 22  0.01087  1.91436e+00 | 23 -0.00208  5.25895e+00 | 24 -0.00114 -2.31459e-01
 25  0.03556  3.69314e+00 | 26  0.08877  9.80844e-01 | 27  0.02629  2.89923e+00
 28  0.02626  7.84487e+00 | 29 -0.00618 -2.30448e-01 | 30  0.03490  1.86630e+00
 31 -0.00845  5.63259e-01 | 32  0.07288  9.39201e-01 | 33  0.02883 -3.94406e+00
 34  0.02478 -1.04742e+00 | 35  0.05220 -3.08718e+00 | 36 -0.13764 -1.16880e+00
 37  0.31664 -8.56038e+00 | 38  0.25730 -9.88306e-01 | 39  0.26996  2.25706e-01
 40  0.25192 -4.84689e-01 | 41 -0.49699  4.56307e-01 | 42 -0.83574 -1.38861e+00
 43  0.26955 -8.80390e-01 | 44  0.23208  1.78364e+00 | 45 -0.16918  6.76066e-01
 46 -0.39539 -3.91593e+00 |

Initial statistics: 52 variables; iteration 0; function evaluation 0; phase 3
Function value 3.5842161e+03; maximum gradient component mag -8.4920e+03
Var    Value     Gradient |Var    Value     Gradient |Var    Value     Gradient
  1  0.02650  8.70995e+00 |  2  0.01627  4.26417e-02 |  3  0.05716  4.35708e-01
  4 -0.01333 -1.14552e-01 |  5 -0.13788  1.75633e-02 |  6 -0.02713 -1.01424e+00
  7 -0.12668  1.01121e+00 |  8 -0.07811  8.48552e-01 |  9  0.00126  1.97833e+00
 10  0.09239  4.50487e+00 | 11 -0.00359 -8.67010e-01 | 12 -0.04152 -9.20336e-03
 13  0.05844 -5.31028e+00 | 14  0.08542 -3.88556e+00 | 15  0.03688 -6.20171e+00
 16 -0.06329 -5.38155e+00 | 17  0.00204 -2.54027e+00 | 18  0.02052  1.95919e+00
 19  0.04798 -1.64521e+00 | 20 -0.07554 -2.41042e-01 | 21 -0.09967 -7.78542e-01
 22  0.01087  1.97992e+00 | 23 -0.00208  5.32452e+00 | 24 -0.00114 -1.65889e-01
 25  0.03556  3.75861e+00 | 26  0.08877  1.04578e+00 | 27  0.02630  2.96474e+00
 28  0.02626  7.91039e+00 | 29 -0.00618 -1.64881e-01 | 30  0.03490  1.93177e+00
 31 -0.00845  6.28823e-01 | 32  0.07288  1.00434e+00 | 33  0.02883 -3.87855e+00
 34  0.02479 -9.81899e-01 | 35  0.05220 -3.02183e+00 | 36 -0.13764 -1.10476e+00
 37  0.31664 -8.56038e+00 | 38  0.25730 -9.88306e-01 | 39  0.26996  2.25706e-01
 40  0.25192 -4.84689e-01 | 41 -0.49699  4.56307e-01 | 42 -0.83574 -1.38861e+00
 43  0.70495  1.75411e+03 | 44 -0.38215 -8.49202e+03 | 45  0.04604 -1.52246e+03
 46 -0.37914  7.71191e+02 | 47  0.23000 -1.71071e+03 | 48 -0.68170  1.00220e+03
 49  0.26955 -8.80390e-01 | 50  0.23208  1.78364e+00 | 51 -0.16918  6.76066e-01
 52 -0.39539 -3.91593e+00 |

Intermediate statistics: 52 variables; iteration 20; function evaluation 45; phase 3
Function value 2.4510806e+03; maximum gradient component mag 2.7055e+03
Var    Value     Gradient |Var    Value     Gradient |Var    Value     Gradient
  1  0.05047  2.70551e+03 |  2  0.00044 -4.05073e+01 |  3  0.04145 -3.82121e+01
  4 -0.00967 -4.37309e+01 |  5 -0.13364 -5.41609e+01 |  6 -0.01648 -4.59589e+01
  7 -0.10980 -5.79040e+01 |  8 -0.06593 -4.73644e+01 |  9  0.01215 -3.66576e+01
 10  0.11707 -1.34629e+01 | 11 -0.01484 -1.91648e+01 | 12  0.02419 -2.85314e+01
 13  0.03500  8.31010e+00 | 14  0.06854  3.06102e+01 | 15  0.00911  5.38200e+01
 16 -0.05121  6.37525e+01 | 17 -0.00354  1.07909e+02 | 18  0.04637  1.12757e+01
 19  0.05327 -3.05369e+01 | 20 -0.00403  8.19304e+01 | 21 -0.14938 -9.75775e+01
 22 -0.03926  1.51040e+01 | 23  0.05569  1.19653e+02 | 24  0.00556 -3.71183e+01
 25 -0.07125 -1.09553e+02 | 26  0.08156  1.01555e+02 | 27  0.01639 -3.39683e+01
 28  0.04217 -2.46111e+01 | 29 -0.00265 -4.97620e+01 | 30  0.06632  1.44368e+00
 31  0.02836 -3.44740e+01 | 32  0.12531  6.40039e+01 | 33  0.04804 -6.91190e+00
 34 -0.04460 -9.68445e+01 | 35  0.01752 -1.03942e+02 | 36 -0.19616 -8.77685e+01
 37  0.23917 -7.36016e+01 | 38  0.25108  1.80116e+03 | 39  0.27820  1.73870e+03
 40  0.20996 -2.05728e+03 | 41 -0.49892  3.28397e+02 | 42 -0.89532 -7.43535e+01
 43  0.29041 -3.35663e+02 | 44 -0.41256 -3.70993e+02 | 45  0.06855  1.64821e+02
 46 -0.69009 -1.06670e+02 | 47  0.91393 -4.14534e+01 | 48 -0.59347  5.09819e+01
 49  0.20350  6.05900e+01 | 50  0.20523  5.79118e+02 | 51 -0.18355 -7.91753e+01
 52 -0.38166 -2.17467e+02 |
52 variables; iteration 40; function evaluation 73; phase 3
Function value 2.3876988e+03; maximum gradient component mag 2.0706e+03
Var    Value     Gradient |Var    Value     Gradient |Var    Value     Gradient
  1  0.04860  2.07062e+03 |  2  0.02044  2.20352e+01 |  3  0.03531 -3.26769e+01
  4 -0.01109 -1.36631e+01 |  5 -0.14499 -4.02953e+01 |  6 -0.02931 -3.90440e+01
  7 -0.13150 -5.68664e+01 |  8 -0.05721  9.83316e-01 |  9  0.02595  2.77384e+01
 10  0.12581  1.15627e+02 | 11 -0.01780 -1.79542e+01 | 12  0.02933  4.72896e+01
 13  0.03989  6.65855e+01 | 14  0.07340  6.57469e+01 | 15 -0.00559 -3.80266e+01
 16 -0.06368  1.05735e+01 | 17 -0.00309  4.47902e+01 | 18  0.06035  8.07625e+01
 19  0.07566  9.64428e+01 | 20 -0.02270  5.13935e+00 | 21 -0.14880 -8.94977e+01
 22 -0.04274 -2.94701e+01 | 23  0.03335  5.52020e+00 | 24  0.02983  6.74702e+01
 25 -0.01097  1.48322e+01 | 26  0.07823  8.25143e+01 | 27  0.01031 -1.21827e+01
 28  0.03337  1.03460e+01 | 29  0.00846  1.66355e+01 | 30  0.04245 -7.77012e+01
 31  0.01724 -2.63667e+01 | 32  0.10691  2.46636e+01 | 33  0.03715 -7.83730e+00
 34 -0.04423 -1.01913e+02 | 35 -0.00132 -1.56238e+02 | 36 -0.15060 -3.25278e+01
 37  0.25008  7.62485e+02 | 38  0.24490  4.50492e+02 | 39  0.24960  1.36221e+02
 40  0.22222 -8.57600e+01 | 41 -0.49717  3.16812e+01 | 42 -0.92215 -6.59026e+00
 43  0.36256  2.67196e+02 | 44 -0.39102 -4.58032e+02 | 45  0.06062 -2.11864e+02
 46 -0.68976 -1.35681e+02 | 47  0.86180 -5.48786e+01 | 48 -0.61812  3.69746e+01
 49  0.21830  1.20676e+01 | 50  0.19503  4.96518e+01 | 51 -0.13496  1.25677e+01
 52 -0.38097 -4.45012e+01 |
52 variables; iteration 60; function evaluation 103; phase 3
Function value 2.3610218e+03; maximum gradient component mag -1.9886e+02
Var    Value     Gradient |Var    Value     Gradient |Var    Value     Gradient
  1  0.04317 -1.98860e+02 |  2 -0.00605 -2.27882e+00 |  3  0.04445  2.14338e+01
  4 -0.02066 -3.27680e+00 |  5 -0.15001 -1.08793e+01 |  6 -0.01817  1.15148e+01
  7 -0.10964  1.00080e+01 |  8 -0.06835  8.80331e+00 |  9  0.00844  8.84372e+00
 10  0.10633 -1.08911e+00 | 11 -0.02706 -2.41253e+00 | 12  0.01007 -2.06244e+00
 13  0.02988 -1.01655e+01 | 14  0.07409 -5.93300e+00 | 15  0.01190  9.44565e+00
 16 -0.06541 -1.10566e+00 | 17 -0.00942  8.71931e+00 | 18  0.04663 -2.06631e+00
 19  0.06022 -2.62406e+01 | 20 -0.02448 -6.48578e+00 | 21 -0.11520  9.19625e+00
 22 -0.03986 -1.13536e+00 | 23  0.03730 -2.24970e+00 | 24  0.01248 -2.13565e+01
 25 -0.01276  2.49266e+00 | 26  0.08064 -1.09087e+01 | 27  0.01938 -6.10909e-01
 28  0.03636 -1.13403e+01 | 29 -0.00237 -2.03579e+01 | 30  0.05954  3.28034e+00
 31  0.01999 -1.07172e+01 | 32  0.10780  2.47675e+01 | 33  0.03522  2.73695e+01
 34 -0.01664  2.63975e+01 | 35  0.03159  4.26241e+01 | 36 -0.14675  4.76711e+00
 37  0.25250 -1.96623e+02 | 38  0.24536 -1.33414e+02 | 39  0.25067 -5.96293e+01
 40  0.22232 -1.58693e+02 | 41 -0.35825  1.94351e+01 | 42 -0.96328  1.79839e+00
 43  0.35583 -1.51029e+01 | 44 -0.36684 -8.42037e+01 | 45  0.06810 -4.83201e+01
 46 -0.67122  2.67917e+01 | 47  0.96278 -1.22593e+01 | 48 -0.62435  1.76577e+01
 49  0.14878  3.29832e+00 | 50  0.12764  2.94357e+01 | 51 -0.14004 -1.54140e+00
 52 -0.36755  2.18373e+01 |
52 variables; iteration 80; function evaluation 123; phase 3
Function value 2.3583866e+03; maximum gradient component mag -8.0885e-01
Var    Value     Gradient |Var    Value     Gradient |Var    Value     Gradient
  1  0.04166 -8.08850e-01 |  2  0.00011 -5.22612e-03 |  3  0.04229 -1.25000e-02
  4 -0.01588 -3.24217e-03 |  5 -0.13768  4.48925e-03 |  6 -0.02274  5.26517e-03
  7 -0.11576  1.21295e-02 |  8 -0.07336  2.26243e-03 |  9  0.00562  1.96102e-03
 10  0.10759 -2.16952e-03 | 11 -0.02413 -2.56267e-03 | 12  0.01046 -4.37985e-03
 13  0.03325 -3.50775e-02 | 14  0.07553 -2.88878e-02 | 15  0.01090 -2.83720e-02
 16 -0.06278 -1.22287e-02 | 17 -0.01207 -1.50395e-02 | 18  0.04501 -6.93527e-04
 19  0.06272 -1.22833e-02 | 20 -0.02486  8.14463e-03 | 21 -0.12044 -4.08648e-03
 22 -0.03929 -5.01203e-04 | 23  0.03799  7.46177e-04 | 24  0.01783 -1.10444e-02
 25 -0.01440 -3.51835e-02 | 26  0.08182  1.54739e-02 | 27  0.01774 -2.06962e-03
 28  0.03648  1.00418e-02 | 29 -0.00002  5.30789e-03 | 30  0.05746  1.08026e-02
 31  0.02184  8.55174e-04 | 32  0.10400 -1.27333e-03 | 33  0.03285 -1.32450e-02
 34 -0.01768 -2.98908e-02 | 35  0.02556 -1.67940e-02 | 36 -0.14834  8.45813e-03
 37  0.25565 -1.70612e-01 | 38  0.24773 -1.10378e-01 | 39  0.25340 -3.50625e-02
 40  0.22474  8.52890e-02 | 41 -0.35602 -3.60789e-03 | 42 -0.96620 -6.19483e-02
 43  0.36908 -6.99611e-02 | 44 -0.34910  1.54649e-01 | 45  0.06925 -1.08133e-01
 46 -0.67227 -1.10240e-01 | 47  1.00027  1.40207e-02 | 48 -0.67200  9.86746e-03
 49  0.14980 -5.39245e-03 | 50  0.12641  4.06632e-03 | 51 -0.13988 -8.13143e-03
 52 -0.36863 -3.43608e-02 |
52 variables; iteration 100; function evaluation 145; phase 3
Function value 2.3583861e+03; maximum gradient component mag 4.8539e+00
Var    Value     Gradient |Var    Value     Gradient |Var    Value     Gradient
  1  0.04166  4.85387e+00 |  2  0.00009 -7.69837e-02 |  3  0.04227 -5.77012e-02
  4 -0.01589 -6.00221e-02 |  5 -0.13770 -6.82669e-02 |  6 -0.02276 -5.75767e-02
  7 -0.11578 -5.31184e-02 |  8 -0.07339 -7.87956e-02 |  9  0.00561 -5.41429e-02
 10  0.10759  3.79000e-02 | 11 -0.02413 -3.99102e-02 | 12  0.01046 -1.12574e-02
 13  0.03327  1.19994e-01 | 14  0.07552  8.25639e-02 | 15  0.01091  7.42244e-02
 16 -0.06277  4.22789e-02 | 17 -0.01206  4.57383e-02 | 18  0.04502  2.90318e-02
 19  0.06273  8.99369e-02 | 20 -0.02487 -2.79556e-02 | 21 -0.12041  1.56304e-02
 22 -0.03927  1.63231e-02 | 23  0.03799  2.60305e-02 | 24  0.01784  4.35692e-02
 25 -0.01437  4.23146e-02 | 26  0.08180  4.21419e-02 | 27  0.01775  5.18869e-02
 28  0.03648  3.92036e-02 | 29 -0.00002 -4.27413e-03 | 30  0.05746  1.65963e-03
 31  0.02183 -6.52552e-02 | 32  0.10400  3.65335e-02 | 33  0.03286  5.42324e-02
 34 -0.01767  3.34582e-02 | 35  0.02556  6.24428e-03 | 36 -0.14832 -5.50996e-02
 37  0.25565  8.69152e-01 | 38  0.24773  2.61139e-01 | 39  0.25340  1.05836e-01
 40  0.22474 -8.81412e-02 | 41 -0.41247  1.27576e+00 | 42 -0.94960 -1.96671e-01
 43  0.36909  6.39670e-02 | 44 -0.34914 -1.15871e-01 | 45  0.06927  3.09011e-01
 46 -0.67225 -5.57512e-02 | 47  1.00050  2.82427e-02 | 48 -0.67205  9.73801e-04
 49  0.18293  1.40779e-01 | 50  0.15920  2.11858e+00 | 51 -0.14130 -1.64849e-02
 52 -0.37036 -1.25380e+00 |
52 variables; iteration 120; function evaluation 170; phase 3
Function value 2.3583857e+03; maximum gradient component mag 7.0998e-01
Var    Value     Gradient |Var    Value     Gradient |Var    Value     Gradient
  1  0.04166  7.09975e-01 |  2  0.00011 -1.09808e-02 |  3  0.04229 -6.35650e-03
  4 -0.01587 -9.87986e-03 |  5 -0.13767 -9.98186e-03 |  6 -0.02274 -7.49325e-03
  7 -0.11576 -8.36179e-03 |  8 -0.07337 -1.25704e-02 |  9  0.00562 -9.63235e-03
 10  0.10759  4.46770e-03 | 11 -0.02413 -4.88617e-03 | 12  0.01046 -1.46136e-03
 13  0.03325  1.75363e-02 | 14  0.07552  1.39313e-02 | 15  0.01090  1.29385e-02
 16 -0.06278  8.45574e-03 | 17 -0.01207  4.45807e-03 | 18  0.04501  6.56572e-04
 19  0.06272  8.92231e-03 | 20 -0.02487 -3.95570e-03 | 21 -0.12044  6.33203e-04
 22 -0.03929  1.40831e-03 | 23  0.03799  2.19118e-03 | 24  0.01783  3.33801e-03
 25 -0.01439 -2.45043e-03 | 26  0.08181  1.08557e-02 | 27  0.01774  6.66298e-03
 28  0.03647  4.33254e-03 | 29 -0.00003 -1.00635e-03 | 30  0.05746  4.16469e-03
 31  0.02184 -7.80631e-03 | 32  0.10399  9.82209e-04 | 33  0.03285  3.14229e-03
 34 -0.01767  6.05066e-05 | 35  0.02556 -6.25082e-03 | 36 -0.14833 -5.36923e-03
 37  0.25565  1.09386e-01 | 38  0.24773  4.19408e-02 | 39  0.25340 -2.02905e-03
 40  0.22474 -4.23673e-02 | 41 -0.47928  2.30575e-01 | 42 -0.93477 -8.01432e-02
 43  0.36908  5.25560e-03 | 44 -0.34913 -2.04720e-02 | 45  0.06926 -4.60943e-03
 46 -0.67226 -2.46156e-03 | 47  1.00034  1.79429e-02 | 48 -0.67206 -1.71983e-03
 49  0.21982  3.38005e-02 | 50  0.19570  4.11545e-01 | 51 -0.14316 -1.17637e-02
 52 -0.37247 -3.00919e-01 |
52 variables; iteration 140; function evaluation 192; phase 3
Function value 2.3583857e+03; maximum gradient component mag 6.6602e-01
Var    Value     Gradient |Var    Value     Gradient |Var    Value     Gradient
  1  0.04166  6.66016e-01 |  2  0.00011 -7.63550e-03 |  3  0.04230 -1.07318e-03
  4 -0.01587 -7.30874e-03 |  5 -0.13767 -8.83608e-03 |  6 -0.02274 -5.57173e-03
  7 -0.11576 -9.68237e-03 |  8 -0.07336 -1.02096e-02 |  9  0.00562 -8.18329e-03
 10  0.10759  2.80439e-03 | 11 -0.02413 -5.56030e-03 | 12  0.01046 -8.62665e-04
 13  0.03325  8.29176e-03 | 14  0.07552  1.01079e-02 | 15  0.01090  7.50145e-03
 16 -0.06278  4.02026e-03 | 17 -0.01207  3.13965e-03 | 18  0.04501  1.85495e-03
 19  0.06272  8.84828e-03 | 20 -0.02487 -4.69124e-04 | 21 -0.12044 -7.39907e-04
 22 -0.03929 -2.61388e-05 | 23  0.03799  6.13467e-03 | 24  0.01783  3.61313e-03
 25 -0.01439 -3.97593e-03 | 26  0.08181  1.40663e-02 | 27  0.01774  3.60715e-03
 28  0.03647  2.16363e-03 | 29 -0.00003 -2.35396e-03 | 30  0.05746  2.14141e-03
 31  0.02184 -4.93385e-03 | 32  0.10399  3.96031e-03 | 33  0.03285  2.08802e-03
 34 -0.01767 -3.45667e-03 | 35  0.02556 -7.18120e-03 | 36 -0.14833 -6.39871e-03
 37  0.25565  6.73274e-02 | 38  0.24773  3.06222e-02 | 39  0.25340  5.02533e-04
 40  0.22474 -1.21657e-02 | 41 -0.51407  2.32419e-01 | 42 -0.92807 -7.74047e-02
 43  0.36908 -2.07955e-03 | 44 -0.34912 -8.56328e-03 | 45  0.06926 -3.34592e-03
 46 -0.67226 -3.75606e-03 | 47  1.00000 -1.31272e-01 | 48 -0.67205 -1.51928e-03
 49  0.23798  3.71741e-02 | 50  0.21362  4.32915e-01 | 51 -0.14413 -1.69176e-02
 52 -0.37360 -2.68238e-01 |
52 variables; iteration 160; function evaluation 220; phase 3
Function value 2.3583856e+03; maximum gradient component mag 1.2445e+00
Var    Value     Gradient |Var    Value     Gradient |Var    Value     Gradient
  1  0.04166  1.24451e+00 |  2  0.00011 -1.29080e-02 |  3  0.04230 -3.52964e-03
  4 -0.01587 -1.19304e-02 |  5 -0.13767 -1.57442e-02 |  6 -0.02273 -1.06552e-02
  7 -0.11576 -1.83267e-02 |  8 -0.07336 -1.55867e-02 |  9  0.00562 -1.12930e-02
 10  0.10759  7.69722e-03 | 11 -0.02413 -8.20133e-03 | 12  0.01046 -1.28016e-04
 13  0.03325  9.43695e-03 | 14  0.07552  2.31890e-02 | 15  0.01090  6.75970e-03
 16 -0.06278 -1.87916e-03 | 17 -0.01207  9.47067e-04 | 18  0.04501 -8.95464e-04
 19  0.06272  6.34371e-03 | 20 -0.02487 -5.91227e-03 | 21 -0.12044 -1.06679e-02
 22 -0.03929 -5.56499e-03 | 23  0.03799  1.11282e-02 | 24  0.01783  6.96010e-03
 25 -0.01439 -2.91764e-04 | 26  0.08181  3.95727e-02 | 27  0.01774  1.27234e-02
 28  0.03647  1.58354e-02 | 29 -0.00003 -1.85997e-03 | 30  0.05746  3.32041e-03
 31  0.02184 -5.55575e-03 | 32  0.10399  1.85209e-02 | 33  0.03285  7.64937e-03
 34 -0.01767 -2.80925e-03 | 35  0.02556 -8.53345e-03 | 36 -0.14834 -1.80915e-02
 37  0.25565  9.35787e-02 | 38  0.24773  5.79861e-02 | 39  0.25340  1.91982e-02
 40  0.22474  4.93027e-02 | 41 -0.56654  3.36296e-01 | 42 -0.91249 -7.48415e-02
 43  0.36908 -4.28941e-03 | 44 -0.34912  1.95879e-04 | 45  0.06926  9.85841e-03
 46 -0.67225 -2.51943e-03 | 47  1.00039  2.07255e-02 | 48 -0.67205 -2.40275e-05
 49  0.26380  5.77229e-02 | 50  0.23906  6.75256e-01 | 51 -0.14674 -2.05888e-02
 52 -0.37666 -2.25869e-01 |
52 variables; iteration 180; function evaluation 247; phase 3
Function value 2.3583853e+03; maximum gradient component mag 1.0418e+00
Var    Value     Gradient |Var    Value     Gradient |Var    Value     Gradient
  1  0.04166  1.04176e+00 |  2  0.00011 -1.00398e-02 |  3  0.04230 -4.40531e-03
  4 -0.01587 -9.81162e-03 |  5 -0.13767 -1.47377e-02 |  6 -0.02273 -1.02141e-02
  7 -0.11576 -1.64297e-02 |  8 -0.07336 -1.24896e-02 |  9  0.00562 -9.42442e-03
 10  0.10759  5.50953e-03 | 11 -0.02413 -7.07909e-03 | 12  0.01046  4.68194e-04
 13  0.03325  4.05055e-03 | 14  0.07553  2.18179e-02 | 15  0.01090  9.24054e-04
 16 -0.06278 -9.24530e-03 | 17 -0.01207 -3.64723e-03 | 18  0.04501  1.03062e-03
 19  0.06272  7.64529e-03 | 20 -0.02487 -6.16400e-03 | 21 -0.12044 -1.53788e-02
 22 -0.03929 -9.18263e-03 | 23  0.03799  9.68987e-03 | 24  0.01783  4.15549e-03
 25 -0.01439 -2.08365e-03 | 26  0.08181  3.82540e-02 | 27  0.01774  1.13371e-02
 28  0.03647  1.82485e-02 | 29 -0.00003 -1.29985e-03 | 30  0.05746  5.88552e-03
 31  0.02184 -4.15634e-03 | 32  0.10399  2.49742e-02 | 33  0.03285  1.01093e-02
 34 -0.01767 -1.45197e-03 | 35  0.02556 -2.15778e-03 | 36 -0.14834 -1.46431e-02
 37  0.25565  9.88302e-02 | 38  0.24773  5.59534e-02 | 39  0.25340  2.16772e-02
 40  0.22474  8.85938e-02 | 41 -0.63535  1.33990e-01 | 42 -0.87667  8.08762e-02
 43  0.36908 -2.62848e-03 | 44 -0.34912  1.91931e-03 | 45  0.06926  9.48994e-03
 46 -0.67225 -9.63571e-04 | 47  1.00096  6.85746e-02 | 48 -0.67205  9.83681e-04
 49  0.29444  3.40995e-02 | 50  0.26916  3.08114e-01 | 51 -0.15470  6.53619e-03
 52 -0.38603  3.06696e-01 |
52 variables; iteration 200; function evaluation 272; phase 3
Function value 2.3583852e+03; maximum gradient component mag 3.4430e-02
Var    Value     Gradient |Var    Value     Gradient |Var    Value     Gradient
  1  0.04166 -3.27256e-02 |  2  0.00011  2.96736e-05 |  3  0.04230  1.08671e-04
  4 -0.01587  1.16076e-04 |  5 -0.13767  6.82192e-04 |  6 -0.02273  2.53079e-04
  7 -0.11576  5.56621e-04 |  8 -0.07336  2.90723e-04 |  9  0.00562  2.76876e-05
 10  0.10759  4.30080e-05 | 11 -0.02413  9.55950e-07 | 12  0.01046 -1.64888e-04
 13  0.03325 -2.31274e-05 | 14  0.07553 -1.18641e-03 | 15  0.01090 -5.83231e-05
 16 -0.06278 -1.62434e-04 | 17 -0.01207 -4.61160e-04 | 18  0.04501  1.43322e-04
 19  0.06272  7.21814e-04 | 20 -0.02487  5.51527e-05 | 21 -0.12044  4.59120e-04
 22 -0.03929  2.30552e-04 | 23  0.03799 -5.47685e-05 | 24  0.01783 -9.08850e-05
 25 -0.01439 -6.89387e-04 | 26  0.08181 -1.26284e-04 | 27  0.01774 -1.35075e-04
 28  0.03647 -8.36985e-04 | 29 -0.00003 -2.76279e-04 | 30  0.05746  5.90811e-04
 31  0.02184 -2.87210e-04 | 32  0.10399 -6.46193e-04 | 33  0.03285 -4.44319e-04
 34 -0.01767 -5.48005e-04 | 35  0.02556 -1.41132e-04 | 36 -0.14834  1.21269e-03
 37  0.25565  2.42689e-03 | 38  0.24773 -3.16281e-04 | 39  0.25340 -1.16092e-03
 40  0.22474 -7.32052e-03 | 41 -0.68018 -1.88723e-02 | 42 -0.84524  2.84163e-03
 43  0.36908  1.65947e-04 | 44 -0.34912 -7.79032e-04 | 45  0.06926 -2.37381e-04
 46 -0.67225 -2.48006e-04 | 47  0.99947 -3.03558e-02 | 48 -0.67205 -2.13338e-04
 49  0.31217 -1.25486e-03 | 50  0.28655 -3.12683e-02 | 51 -0.16395  2.92778e-03
 52 -0.39700  3.44300e-02 |
52 variables; iteration 220; function evaluation 300; phase 3
Function value 2.3583851e+03; maximum gradient component mag -4.0574e-01
Var    Value     Gradient |Var    Value     Gradient |Var    Value     Gradient
  1  0.04166 -4.05741e-01 |  2  0.00012  9.38435e-03 |  3  0.04230  2.86451e-03
  4 -0.01586  8.14123e-03 |  5 -0.13767  3.67738e-03 |  6 -0.02273  3.88962e-03
  7 -0.11575  2.43451e-03 |  8 -0.07335  1.14660e-02 |  9  0.00563  1.21092e-02
 10  0.10759  7.43559e-04 | 11 -0.02412  6.72940e-03 | 12  0.01046  2.77374e-03
 13  0.03325 -1.90696e-02 | 14  0.07553 -7.72276e-03 | 15  0.01090 -1.68954e-02
 16 -0.06278 -1.49371e-02 | 17 -0.01207 -6.27296e-03 | 18  0.04501 -7.30510e-03
 19  0.06271 -2.34117e-02 | 20 -0.02487 -3.54927e-03 | 21 -0.12045 -1.23701e-02
 22 -0.03930 -7.16750e-03 | 23  0.03799 -3.40955e-03 | 24  0.01783 -1.31774e-03
 25 -0.01438  1.40350e-02 | 26  0.08181  8.39065e-03 | 27  0.01774  3.13710e-03
 28  0.03648  1.29025e-02 | 29 -0.00003  5.49911e-03 | 30  0.05746 -1.52565e-03
 31  0.02184  1.09200e-02 | 32  0.10400  1.19267e-02 | 33  0.03285  2.03696e-03
 34 -0.01767  3.66426e-03 | 35  0.02556  4.33499e-03 | 36 -0.14837 -7.95570e-03
 37  0.25565 -1.13130e-01 | 38  0.24773 -4.96818e-02 | 39  0.25340  1.77513e-02
 40  0.22474  1.24380e-01 | 41 -0.70182 -8.33308e-02 | 42 -0.82722  8.84407e-02
 43  0.36908 -8.14928e-03 | 44 -0.34912  3.84044e-02 | 45  0.06926  3.13315e-02
 46 -0.67225  5.79712e-03 | 47  1.00022  1.07769e-02 | 48 -0.67202  4.99629e-03
 49  0.32005 -2.85937e-02 | 50  0.29429 -1.89868e-01 | 51 -0.17019  6.92185e-04
 52 -0.40443  2.24528e-01 |
52 variables; iteration 240; function evaluation 323; phase 3
Function value 2.3583851e+03; maximum gradient component mag -1.3618e-01
Var    Value     Gradient |Var    Value     Gradient |Var    Value     Gradient
  1  0.04166 -1.36181e-01 |  2  0.00011  1.68929e-03 |  3  0.04230  5.85614e-04
  4 -0.01587  1.57336e-03 |  5 -0.13767  1.56259e-03 |  6 -0.02273  1.16724e-03
  7 -0.11576  1.58214e-03 |  8 -0.07336  2.45273e-03 |  9  0.00562  2.17886e-03
 10  0.10759 -7.70985e-04 | 11 -0.02413  1.33616e-03 | 12  0.01046  1.67090e-04
 13  0.03325 -2.76011e-03 | 14  0.07553 -2.98522e-03 | 15  0.01090 -2.36591e-03
 16 -0.06278 -1.61602e-03 | 17 -0.01207 -8.54769e-04 | 18  0.04501 -7.47948e-04
 19  0.06272 -2.67971e-03 | 20 -0.02487  3.03897e-05 | 21 -0.12044 -5.68228e-04
 22 -0.03929 -2.96676e-04 | 23  0.03799 -1.30237e-03 | 24  0.01783 -5.67573e-04
 25 -0.01439  1.41856e-03 | 26  0.08181 -1.24341e-03 | 27  0.01774 -5.49880e-04
 28  0.03647 -1.87416e-04 | 29 -0.00003  5.66071e-04 | 30  0.05746  1.67205e-04
 31  0.02184  1.39445e-03 | 32  0.10399 -9.30051e-05 | 33  0.03285 -5.64586e-04
 34 -0.01767  2.18047e-04 | 35  0.02556  8.20042e-04 | 36 -0.14834  7.18316e-04
 37  0.25565 -1.42121e-02 | 38  0.24773 -9.08586e-03 | 39  0.25340  8.69645e-05
 40  0.22474  5.00692e-03 | 41 -0.72505 -3.31199e-02 | 42 -0.80555  1.72541e-02
 43  0.36908 -1.57538e-03 | 44 -0.34912  4.27461e-03 | 45  0.06926  5.98430e-03
 46 -0.67225 -2.10069e-04 | 47  1.00007  2.11811e-03 | 48 -0.67205  2.95088e-04
 49  0.32802 -8.35764e-03 | 50  0.30207 -6.93318e-02 | 51 -0.17859  2.76810e-03
 52 -0.41455  4.94091e-02 |
52 variables; iteration 260; function evaluation 347; phase 3
Function value 2.3583851e+03; maximum gradient component mag -1.1259e-01
Var    Value     Gradient |Var    Value     Gradient |Var    Value     Gradient
  1  0.04166 -1.12592e-01 |  2  0.00011  5.29372e-04 |  3  0.04230  2.22017e-04
  4 -0.01587  5.98561e-04 |  5 -0.13767  1.82844e-03 |  6 -0.02273  8.40323e-04
  7 -0.11576  1.92452e-03 |  8 -0.07336  9.27869e-04 |  9  0.00562  1.41839e-04
 10  0.10759 -5.92869e-04 | 11 -0.02413  1.67649e-04 | 12  0.01046 -3.24558e-04
 13  0.03325  1.03587e-04 | 14  0.07553 -2.66927e-03 | 15  0.01090  1.33501e-04
 16 -0.06278  2.59006e-04 | 17 -0.01207 -6.38444e-04 | 18  0.04501  8.88445e-04
 19  0.06272  2.22645e-03 | 20 -0.02487  6.67287e-04 | 21 -0.12044  1.76575e-03
 22 -0.03929  8.38072e-04 | 23  0.03799 -6.91138e-04 | 24  0.01783 -7.47361e-04
 25 -0.01439 -1.98743e-03 | 26  0.08181 -3.39865e-03 | 27  0.01774 -1.29364e-03
 28  0.03647 -2.77337e-03 | 29 -0.00003 -5.84826e-04 | 30  0.05746  8.54630e-04
 31  0.02184 -6.05366e-04 | 32  0.10399 -2.31935e-03 | 33  0.03285 -1.00623e-03
 34 -0.01767 -6.43028e-04 | 35  0.02556  6.50072e-04 | 36 -0.14834  3.59034e-03
 37  0.25565  4.64665e-03 | 38  0.24773 -8.90524e-04 | 39  0.25340 -3.56199e-03
 40  0.22474 -1.78010e-02 | 41 -0.73927 -3.98708e-02 | 42 -0.79036  4.08317e-02
 43  0.36908  1.10922e-03 | 44 -0.34912 -3.32479e-03 | 45  0.06926 -2.89532e-03
 46 -0.67225 -4.19094e-04 | 47  1.00005  3.72654e-04 | 48 -0.67205 -5.36584e-04
 49  0.33262 -4.58884e-03 | 50  0.30657 -9.74651e-02 | 51 -0.18507  6.92373e-03
 52 -0.42241  8.39291e-02 |
52 variables; iteration 280; function evaluation 372; phase 3
Function value 2.3583851e+03; maximum gradient component mag -2.5410e-01
Var    Value     Gradient |Var    Value     Gradient |Var    Value     Gradient
  1  0.04166 -2.54105e-01 |  2  0.00011  2.14675e-03 |  3  0.04230  6.26331e-04
  4 -0.01587  2.11411e-03 |  5 -0.13767  3.50562e-03 |  6 -0.02273  1.95070e-03
  7 -0.11576  3.69560e-03 |  8 -0.07336  3.09029e-03 |  9  0.00562  1.80912e-03
 10  0.10759 -1.22767e-03 | 11 -0.02413  1.19335e-03 | 12  0.01046 -2.29773e-04
 13  0.03325 -2.42787e-03 | 14  0.07553 -5.32912e-03 | 15  0.01090 -2.22826e-03
 16 -0.06278 -1.80484e-03 | 17 -0.01207 -2.12271e-03 | 18  0.04501  8.54830e-04
 19  0.06272  1.23355e-03 | 20 -0.02487  7.67069e-04 | 21 -0.12044  1.17329e-03
 22 -0.03929  3.39907e-04 | 23  0.03799 -1.63503e-03 | 24  0.01783 -1.56108e-03
 25 -0.01439 -1.86523e-03 | 26  0.08181 -4.94326e-03 | 27  0.01774 -2.09173e-03
 28  0.03647 -3.22482e-03 | 29 -0.00003 -3.36481e-04 | 30  0.05746  1.31002e-03
 31  0.02184  2.45078e-04 | 32  0.10399 -2.07580e-03 | 33  0.03285 -1.34443e-03
 34 -0.01767 -6.05775e-04 | 35  0.02556  2.18267e-03 | 36 -0.14834  5.42182e-03
 37  0.25565 -3.58227e-03 | 38  0.24773 -6.88723e-03 | 39  0.25340 -3.83753e-03
 40  0.22474 -1.33833e-02 | 41 -0.75255 -7.56795e-02 | 42 -0.77236  1.22662e-01
 43  0.36908  9.95097e-04 | 44 -0.34912 -1.28897e-03 | 45  0.06926 -1.04799e-03
 46 -0.67225 -1.69635e-04 | 47  1.00007  2.11313e-03 | 48 -0.67205 -2.82629e-04
 49  0.33672 -1.28892e-02 | 50  0.31058 -2.13837e-01 | 51 -0.19338  1.37163e-02
 52 -0.43256  2.07433e-01 |
52 variables; iteration 300; function evaluation 397; phase 3
Function value 2.3583850e+03; maximum gradient component mag -2.2801e-01
Var    Value     Gradient |Var    Value     Gradient |Var    Value     Gradient
  1  0.04166 -2.28007e-01 |  2  0.00011  1.99764e-03 |  3  0.04230  7.24387e-04
  4 -0.01587  1.96925e-03 |  5 -0.13767  3.23028e-03 |  6 -0.02273  1.89308e-03
  7 -0.11576  3.37766e-03 |  8 -0.07336  2.81398e-03 |  9  0.00562  1.78163e-03
 10  0.10759 -1.05141e-03 | 11 -0.02413  1.21364e-03 | 12  0.01046 -1.82573e-04
 13  0.03325 -1.92314e-03 | 14  0.07553 -4.94801e-03 | 15  0.01090 -1.55454e-03
 16 -0.06278 -7.27924e-04 | 17 -0.01207 -1.24320e-03 | 18  0.04501  4.27112e-04
 19  0.06272  2.80791e-04 | 20 -0.02487  8.17338e-04 | 21 -0.12044  1.63984e-03
 22 -0.03929  7.37002e-04 | 23  0.03799 -1.67671e-03 | 24  0.01783 -1.28052e-03
 25 -0.01439 -1.09324e-03 | 26  0.08181 -5.27418e-03 | 27  0.01774 -1.94455e-03
 28  0.03647 -3.13130e-03 | 29 -0.00003 -1.50123e-04 | 30  0.05746  6.53666e-04
 31  0.02184  4.37792e-04 | 32  0.10399 -2.81551e-03 | 33  0.03285 -1.50627e-03
 34 -0.01767 -3.70302e-04 | 35  0.02556  1.44974e-03 | 36 -0.14834  4.42292e-03
 37  0.25565 -8.53820e-03 | 38  0.24773 -8.15432e-03 | 39  0.25340 -3.78257e-03
 40  0.22474 -1.43100e-02 | 41 -0.76228 -5.65351e-02 | 42 -0.74790  7.61152e-02
 43  0.36908  6.92835e-04 | 44 -0.34912 -7.04997e-04 | 45  0.06926 -7.59955e-04
 46 -0.67225 -9.18937e-05 | 47  1.00006  1.50237e-03 | 48 -0.67205 -2.47022e-04
 49  0.33961 -1.02157e-02 | 50  0.31340 -1.56447e-01 | 51 -0.20580  8.45212e-03
 52 -0.44790  1.15652e-01 |
52 variables; iteration 320; function evaluation 422; phase 3
Function value 2.3583849e+03; maximum gradient component mag -7.0141e-01
Var    Value     Gradient |Var    Value     Gradient |Var    Value     Gradient
  1  0.04166 -7.01412e-01 |  2  0.00011  6.43944e-03 |  3  0.04230  1.97704e-03
  4 -0.01587  6.30042e-03 |  5 -0.13767  9.56038e-03 |  6 -0.02273  5.51271e-03
  7 -0.11576  1.00781e-02 |  8 -0.07336  8.90507e-03 |  9  0.00562  5.43605e-03
 10  0.10759 -3.12928e-03 | 11 -0.02413  3.57974e-03 | 12  0.01046 -4.56877e-04
 13  0.03325 -8.26742e-03 | 14  0.07553 -1.37137e-02 | 15  0.01090 -7.46123e-03
 16 -0.06278 -6.78412e-03 | 17 -0.01207 -6.73779e-03 | 18  0.04501  2.58652e-03
 19  0.06272  3.38417e-03 | 20 -0.02487  1.82970e-03 | 21 -0.12044  1.73876e-03
 22 -0.03929 -1.48564e-04 | 23  0.03799 -4.38472e-03 | 24  0.01783 -4.62728e-03
 25 -0.01439 -5.08603e-03 | 26  0.08181 -1.28788e-02 | 27  0.01774 -5.84884e-03
 28  0.03647 -7.86444e-03 | 29 -0.00003 -9.06835e-04 | 30  0.05746  3.43606e-03
 31  0.02184  9.87449e-04 | 32  0.10399 -3.59532e-03 | 33  0.03285 -2.84162e-03
 34 -0.01767 -1.09890e-03 | 35  0.02556  7.65073e-03 | 36 -0.14834  1.46964e-02
 37  0.25565 -1.00957e-02 | 38  0.24773 -1.68732e-02 | 39  0.25340 -8.02753e-03
 40  0.22474 -2.33698e-02 | 41 -0.75840 -2.04496e-01 | 42 -0.71640  5.06993e-01
 43  0.36908  2.85122e-03 | 44 -0.34912 -2.54996e-03 | 45  0.06926 -1.78238e-03
 46 -0.67225 -9.92397e-05 | 47  1.00007  1.62305e-03 | 48 -0.67205 -4.09549e-04
 49  0.33847 -3.56088e-02 | 50  0.31229 -6.40963e-01 | 51 -0.22368  3.84064e-02
 52 -0.47037  6.37314e-01 |
52 variables; iteration 340; function evaluation 448; phase 3
Function value 2.3583844e+03; maximum gradient component mag 1.6328e+00
Var    Value     Gradient |Var    Value     Gradient |Var    Value     Gradient
  1  0.04166  1.63280e+00 |  2  0.00011 -1.60487e-02 |  3  0.04230 -3.47936e-03
  4 -0.01587 -1.51683e-02 |  5 -0.13767 -2.25128e-02 |  6 -0.02273 -1.38914e-02
  7 -0.11576 -2.44836e-02 |  8 -0.07336 -2.16688e-02 |  9  0.00562 -1.63598e-02
 10  0.10759  1.07203e-02 | 11 -0.02413 -1.12584e-02 | 12  0.01046 -8.64921e-04
 13  0.03325  8.62844e-03 | 14  0.07552  3.52079e-02 | 15  0.01090  5.89103e-03
 16 -0.06278 -9.95640e-03 | 17 -0.01207 -4.02371e-03 | 18  0.04501  5.14562e-03
 19  0.06272  2.11477e-02 | 20 -0.02487 -7.47798e-03 | 21 -0.12044 -1.90885e-02
 22 -0.03929 -1.17196e-02 | 23  0.03799  1.50883e-02 | 24  0.01783  5.64758e-03
 25 -0.01439 -9.49811e-03 | 26  0.08181  4.96411e-02 | 27  0.01774  1.29058e-02
 28  0.03647  1.95858e-02 | 29 -0.00003 -4.65373e-03 | 30  0.05746  7.88839e-03
 31  0.02184 -1.05906e-02 | 32  0.10399  3.27914e-02 | 33  0.03285  1.38700e-02
 34 -0.01767 -3.18403e-03 | 35  0.02556 -2.00812e-03 | 36 -0.14834 -1.68909e-02
 37  0.25565  1.95468e-01 | 38  0.24773  1.04383e-01 | 39  0.25340  2.64939e-02
 40  0.22474  8.98037e-02 | 41 -0.71442  1.37975e-01 | 42 -0.67194  4.36440e-01
 43  0.36908 -1.71084e-03 | 44 -0.34912 -1.31056e-02 | 45  0.06926  3.17854e-03
 46 -0.67226 -4.22002e-03 | 47  1.00005  2.51909e-04 | 48 -0.67205 -4.37093e-04
 49  0.32449  7.26992e-02 | 50  0.29861  3.61389e-01 | 51 -0.25264 -6.20221e-03
 52 -0.50784  4.77672e-01 |
52 variables; iteration 360; function evaluation 473; phase 3
Function value 2.3583838e+03; maximum gradient component mag 7.6278e-01
Var    Value     Gradient |Var    Value     Gradient |Var    Value     Gradient
  1  0.04166  7.62776e-01 |  2  0.00011 -7.07857e-03 |  3  0.04230 -1.67812e-03
  4 -0.01587 -6.65423e-03 |  5 -0.13767 -1.09447e-02 |  6 -0.02273 -6.24214e-03
  7 -0.11576 -1.18232e-02 |  8 -0.07336 -9.76818e-03 |  9  0.00562 -6.41476e-03
 10  0.10759  5.42337e-03 | 11 -0.02413 -4.31068e-03 | 12  0.01046 -4.48342e-05
 13  0.03325  3.78869e-03 | 14  0.07553  1.52851e-02 | 15  0.01090  2.38917e-03
 16 -0.06278 -3.38939e-03 | 17 -0.01207 -7.22935e-04 | 18  0.04501 -5.79195e-05
 19  0.06272  4.02800e-03 | 20 -0.02487 -4.03231e-03 | 21 -0.12044 -9.00764e-03
 22 -0.03929 -5.06029e-03 | 23  0.03799  6.40003e-03 | 24  0.01783  3.46258e-03
 25 -0.01439 -7.33738e-04 | 26  0.08181  2.42058e-02 | 27  0.01774  7.18786e-03
 28  0.03647  1.10379e-02 | 29 -0.00003 -9.40852e-04 | 30  0.05746  2.64325e-03
 31  0.02184 -3.49884e-03 | 32  0.10399  1.39941e-02 | 33  0.03285  5.77847e-03
 34 -0.01767 -1.36145e-03 | 35  0.02556 -3.45701e-03 | 36 -0.14834 -1.11163e-02
 37  0.25565  6.37217e-02 | 38  0.24773  3.55494e-02 | 39  0.25340  1.26937e-02
 40  0.22474  4.92401e-02 | 41 -0.63546  1.35813e-01 | 42 -0.63500  1.43818e-02
 43  0.36908 -2.01721e-03 | 44 -0.34912 -2.69427e-04 | 45  0.06926  4.89608e-03
 46 -0.67225 -1.10955e-03 | 47  0.99980 -9.52382e-03 | 48 -0.67205  6.03636e-04
 49  0.29448  3.57440e-02 | 50  0.26920  3.10995e-01 | 51 -0.28014 -1.26335e-02
 52 -0.54496  2.21806e-02 |
52 variables; iteration 380; function evaluation 497; phase 3
Function value 2.3583835e+03; maximum gradient component mag 1.5974e+00
Var    Value     Gradient |Var    Value     Gradient |Var    Value     Gradient
  1  0.04166  1.59740e+00 |  2  0.00011 -1.43870e-02 |  3  0.04230 -3.28817e-03
  4 -0.01587 -1.38308e-02 |  5 -0.13767 -2.23071e-02 |  6 -0.02273 -1.29205e-02
  7 -0.11576 -2.43331e-02 |  8 -0.07336 -1.97079e-02 |  9  0.00562 -1.27662e-02
 10  0.10759  1.01241e-02 | 11 -0.02413 -8.87330e-03 | 12  0.01046  4.53405e-04
 13  0.03325  9.50643e-03 | 14  0.07553  3.23179e-02 | 15  0.01090  7.44479e-03
 16 -0.06278 -2.41622e-03 | 17 -0.01207  2.67682e-03 | 18  0.04501 -1.29239e-03
 19  0.06272  4.45444e-03 | 20 -0.02487 -7.19684e-03 | 21 -0.12044 -1.56511e-02
 22 -0.03929 -8.36645e-03 | 23  0.03799  1.24428e-02 | 24  0.01783  7.62540e-03
 25 -0.01439  1.77084e-03 | 26  0.08181  4.52718e-02 | 27  0.01774  1.44089e-02
 28  0.03647  2.19576e-02 | 29 -0.00003 -9.45142e-04 | 30  0.05746  1.98051e-03
 31  0.02184 -5.35942e-03 | 32  0.10399  2.53693e-02 | 33  0.03285  1.12458e-02
 34 -0.01767 -7.81560e-04 | 35  0.02556 -8.62302e-03 | 36 -0.14834 -2.60263e-02
 37  0.25565  1.06207e-01 | 38  0.24773  6.77909e-02 | 39  0.25340  2.65518e-02
 40  0.22474  9.82373e-02 | 41 -0.56329  4.36983e-01 | 42 -0.61191 -3.30365e-01
 43  0.36908 -5.91558e-03 | 44 -0.34912  2.72399e-03 | 45  0.06926  1.15340e-02
 46 -0.67225 -2.08076e-03 | 47  1.00031  1.59993e-02 | 48 -0.67204  1.00997e-03
 49  0.26226  7.84335e-02 | 50  0.23755  8.65526e-01 | 51 -0.29895 -4.05705e-02
 52 -0.57137 -2.47086e-01 |
52 variables; iteration 400; function evaluation 522; phase 3
Function value 2.3583831e+03; maximum gradient component mag 1.4956e+00
Var    Value     Gradient |Var    Value     Gradient |Var    Value     Gradient
  1  0.04166  1.49565e+00 |  2  0.00011 -1.40209e-02 |  3  0.04230 -3.39298e-03
  4 -0.01587 -1.35319e-02 |  5 -0.13767 -2.07763e-02 |  6 -0.02273 -1.21996e-02
  7 -0.11576 -2.22925e-02 |  8 -0.07336 -1.92889e-02 |  9  0.00562 -1.30351e-02
 10  0.10759  8.77945e-03 | 11 -0.02413 -8.88633e-03 | 12  0.01046  1.31045e-04
 13  0.03325  1.14753e-02 | 14  0.07553  3.03146e-02 | 15  0.01090  9.11885e-03
 16 -0.06278  4.74627e-04 | 17 -0.01207  3.76884e-03 | 18  0.04501 -2.79440e-04
 19  0.06272  6.45872e-03 | 20 -0.02487 -5.82404e-03 | 21 -0.12044 -1.22342e-02
 22 -0.03929 -6.26621e-03 | 23  0.03799  1.16503e-02 | 24  0.01783  7.28549e-03
 25 -0.01439  5.48272e-04 | 26  0.08181  3.90182e-02 | 27  0.01774  1.27242e-02
 28  0.03647  1.85501e-02 | 29 -0.00003 -1.14186e-03 | 30  0.05746  1.21606e-03
 31  0.02184 -5.94889e-03 | 32  0.10399  2.10449e-02 | 33  0.03285  9.73892e-03
 34 -0.01767 -9.39397e-04 | 35  0.02556 -9.08218e-03 | 36 -0.14834 -2.32977e-02
 37  0.25565  1.07937e-01 | 38  0.24773  6.65087e-02 | 39  0.25340  2.10628e-02
 40  0.22474  7.29097e-02 | 41 -0.48703  4.83125e-01 | 42 -0.59245 -3.98629e-01
 43  0.36908 -4.12470e-03 | 44 -0.34912 -2.32024e-03 | 45  0.06926  4.35940e-03
 46 -0.67225 -1.46445e-03 | 47  0.99997  1.86979e-03 | 48 -0.67205  3.85270e-04
 49  0.22393  7.62323e-02 | 50  0.19977  8.57323e-01 | 51 -0.31582 -3.87524e-02
 52 -0.59594 -2.77572e-01 |
52 variables; iteration 420; function evaluation 548; phase 3
Function value 2.3583829e+03; maximum gradient component mag 2.4915e-01
Var    Value     Gradient |Var    Value     Gradient |Var    Value     Gradient
  1  0.04166  2.49148e-01 |  2  0.00011 -2.35669e-03 |  3  0.04230 -6.57339e-04
  4 -0.01587 -2.28119e-03 |  5 -0.13767 -3.48713e-03 |  6 -0.02273 -2.06672e-03
  7 -0.11576 -3.69625e-03 |  8 -0.07336 -3.24072e-03 |  9  0.00562 -2.20438e-03
 10  0.10759  1.43076e-03 | 11 -0.02413 -1.49618e-03 | 12  0.01046  5.55651e-05
 13  0.03325  1.98076e-03 | 14  0.07553  5.07191e-03 | 15  0.01090  1.54649e-03
 16 -0.06278  1.51833e-04 | 17 -0.01207  6.58754e-04 | 18  0.04501 -5.46127e-05
 19  0.06272  1.03152e-03 | 20 -0.02487 -9.83782e-04 | 21 -0.12044 -2.00729e-03
 22 -0.03929 -1.02775e-03 | 23  0.03799  1.98195e-03 | 24  0.01783  1.24714e-03
 25 -0.01439  1.36301e-04 | 26  0.08181  6.49556e-03 | 27  0.01774  2.11434e-03
 28  0.03647  3.10282e-03 | 29 -0.00003 -2.02249e-04 | 30  0.05746  1.54895e-04
 31  0.02184 -1.00481e-03 | 32  0.10399  3.41551e-03 | 33  0.03285  1.62341e-03
 34 -0.01767 -1.66149e-04 | 35  0.02556 -1.49563e-03 | 36 -0.14834 -3.89686e-03
 37  0.25565  1.77314e-02 | 38  0.24773  1.09950e-02 | 39  0.25340  3.44372e-03
 40  0.22474  1.20435e-02 | 41 -0.41827  8.55353e-02 | 42 -0.57767 -6.94823e-02
 43  0.36908 -4.58346e-04 | 44 -0.34912 -4.66963e-04 | 45  0.06926  4.44957e-04
 46 -0.67225 -2.44272e-04 | 47  0.99995  8.91247e-05 | 48 -0.67205  6.69415e-05
 49  0.18617  1.25622e-02 | 50  0.16245  1.45426e-01 | 51 -0.32928 -6.23507e-03
 52 -0.61623 -4.75853e-02 |
52 variables; iteration 440; function evaluation 575; phase 3
Function value 2.3583828e+03; maximum gradient component mag 9.9770e-01
Var    Value     Gradient |Var    Value     Gradient |Var    Value     Gradient
  1  0.04166  9.97698e-01 |  2  0.00011 -9.52650e-03 |  3  0.04230 -2.68242e-03
  4 -0.01587 -9.14849e-03 |  5 -0.13767 -1.37763e-02 |  6 -0.02273 -8.30708e-03
  7 -0.11576 -1.47591e-02 |  8 -0.07336 -1.28653e-02 |  9  0.00562 -8.79847e-03
 10  0.10759  5.50734e-03 | 11 -0.02413 -5.98164e-03 | 12  0.01046  1.75605e-04
 13  0.03325  7.83982e-03 | 14  0.07553  2.04077e-02 | 15  0.01090  6.29055e-03
 16 -0.06278  5.20424e-04 | 17 -0.01207  2.68885e-03 | 18  0.04501 -2.64493e-04
 19  0.06272  4.20034e-03 | 20 -0.02487 -3.95114e-03 | 21 -0.12044 -8.00127e-03
 22 -0.03929 -4.10529e-03 | 23  0.03799  7.86965e-03 | 24  0.01783  4.94751e-03
 25 -0.01439  5.29429e-04 | 26  0.08181  2.60369e-02 | 27  0.01774  8.49017e-03
 28  0.03647  1.23091e-02 | 29 -0.00003 -8.46761e-04 | 30  0.05746  7.11639e-04
 31  0.02184 -3.96239e-03 | 32  0.10399  1.38427e-02 | 33  0.03285  6.61474e-03
 34 -0.01767 -4.43359e-04 | 35  0.02556 -5.68219e-03 | 36 -0.14834 -1.55042e-02
 37  0.25565  6.98475e-02 | 38  0.24773  4.45525e-02 | 39  0.25340  1.45516e-02
 40  0.22474  4.86420e-02 | 41 -0.34852  3.83573e-01 | 42 -0.56459 -2.86669e-01
 43  0.36908 -2.63233e-03 | 44 -0.34912 -1.49353e-03 | 45  0.06926  3.61345e-03
 46 -0.67225 -1.34991e-03 | 47  0.99996  2.78677e-04 | 48 -0.67205  2.55176e-04
 49  0.14530  5.12964e-02 | 50  0.12195  5.94315e-01 | 51 -0.34167 -2.41353e-02
 52 -0.63555 -1.75578e-01 |
52 variables; iteration 460; function evaluation 602; phase 3
Function value 2.3583827e+03; maximum gradient component mag 8.0478e-01
Var    Value     Gradient |Var    Value     Gradient |Var    Value     Gradient
  1  0.04166  8.04783e-01 |  2  0.00011 -7.70975e-03 |  3  0.04230 -2.20323e-03
  4 -0.01587 -7.39982e-03 |  5 -0.13767 -1.10989e-02 |  6 -0.02273 -6.72210e-03
  7 -0.11576 -1.18979e-02 |  8 -0.07336 -1.03791e-02 |  9  0.00562 -7.11699e-03
 10  0.10759  4.39611e-03 | 11 -0.02413 -4.83967e-03 | 12  0.01046  1.52635e-04
 13  0.03325  6.28193e-03 | 14  0.07553  1.64886e-02 | 15  0.01090  5.04413e-03
 16 -0.06278  3.32359e-04 | 17 -0.01207  2.11035e-03 | 18  0.04501 -1.76326e-04
 19  0.06272  3.48878e-03 | 20 -0.02487 -3.19508e-03 | 21 -0.12044 -6.49838e-03
 22 -0.03929 -3.34938e-03 | 23  0.03799  6.36284e-03 | 24  0.01783  3.97387e-03
 25 -0.01439  3.63077e-04 | 26  0.08181  2.10809e-02 | 27  0.01774  6.85785e-03
 28  0.03647  9.94365e-03 | 29 -0.00003 -7.01329e-04 | 30  0.05746  6.38720e-04
 31  0.02184 -3.21522e-03 | 32  0.10399  1.12684e-02 | 33  0.03285  5.37796e-03
 34 -0.01767 -3.56492e-04 | 35  0.02556 -4.51199e-03 | 36 -0.14834 -1.24498e-02
 37  0.25565  5.67721e-02 | 38  0.24773  3.61736e-02 | 39  0.25340  1.18184e-02
 40  0.22474  3.94272e-02 | 41 -0.28138  3.25391e-01 | 42 -0.55344 -2.27968e-01
 43  0.36908 -2.13187e-03 | 44 -0.34912 -1.23709e-03 | 45  0.06926  3.01034e-03
 46 -0.67225 -1.12609e-03 | 47  0.99996  1.92785e-04 | 48 -0.67205  2.02013e-04
 49  0.10390  4.17731e-02 | 50  0.08082  4.80701e-01 | 51 -0.35260 -1.91137e-02
 52 -0.65319 -1.31924e-01 |
52 variables; iteration 480; function evaluation 628; phase 3
Function value 2.3583826e+03; maximum gradient component mag 6.2298e-02
Var    Value     Gradient |Var    Value     Gradient |Var    Value     Gradient
  1  0.04166  6.22980e-02 |  2  0.00011 -6.23570e-04 |  3  0.04230 -1.54560e-04
  4 -0.01587 -5.92594e-04 |  5 -0.13767 -8.37195e-04 |  6 -0.02273 -5.07728e-04
  7 -0.11576 -9.05006e-04 |  8 -0.07336 -8.25726e-04 |  9  0.00562 -5.68722e-04
 10  0.10759  3.44569e-04 | 11 -0.02413 -3.79413e-04 | 12  0.01046 -3.02124e-06
 13  0.03325  5.77128e-04 | 14  0.07553  1.20433e-03 | 15  0.01090  4.98418e-04
 16 -0.06278  1.75847e-04 | 17 -0.01207  2.43148e-04 | 18  0.04501 -3.38230e-05
 19  0.06272  2.66773e-04 | 20 -0.02487 -2.21106e-04 | 21 -0.12044 -3.74564e-04
 22 -0.03929 -1.71501e-04 | 23  0.03799  4.69150e-04 | 24  0.01783  3.23219e-04
 25 -0.01439  2.33421e-05 | 26  0.08181  1.52390e-03 | 27  0.01774  5.16962e-04
 28  0.03647  6.64134e-04 | 29 -0.00003 -6.27083e-05 | 30  0.05746  4.34540e-05
 31  0.02184 -2.71263e-04 | 32  0.10399  6.85085e-04 | 33  0.03285  3.45011e-04
 34 -0.01767 -5.76218e-05 | 35  0.02556 -4.58660e-04 | 36 -0.14834 -9.39826e-04
 37  0.25565  4.28716e-03 | 38  0.24773  2.64040e-03 | 39  0.25340  7.36414e-04
 40  0.22474  1.96076e-03 | 41 -0.22462  2.78196e-02 | 42 -0.54493 -2.44106e-02
 43  0.36908 -1.87344e-04 | 44 -0.34912 -1.75928e-04 | 45  0.06926  2.01750e-04
 46 -0.67225 -1.27808e-04 | 47  0.99996  2.30111e-04 | 48 -0.67205 -1.30453e-05
 49  0.06759  3.49239e-03 | 50  0.04466  4.18572e-02 | 51 -0.36118 -1.83233e-03
 52 -0.66747 -1.76143e-02 |
52 variables; iteration 500; function evaluation 654; phase 3
Function value 2.3583826e+03; maximum gradient component mag -9.6612e-03
Var    Value     Gradient |Var    Value     Gradient |Var    Value     Gradient
  1  0.04166  2.71946e-03 |  2  0.00011 -5.79526e-05 |  3  0.04230  1.39574e-05
  4 -0.01587 -4.71914e-05 |  5 -0.13767 -9.62894e-06 |  6 -0.02273 -6.40242e-06
  7 -0.11576 -2.04214e-05 |  8 -0.07336 -6.17178e-05 |  9  0.00562 -4.54978e-05
 10  0.10759  2.28237e-05 | 11 -0.02413 -2.26125e-05 | 12  0.01046 -1.86775e-05
 13  0.03325  1.35417e-04 | 14  0.07553 -3.17780e-05 | 15  0.01090  1.50661e-04
 16 -0.06278  1.85563e-04 | 17 -0.01207  1.05370e-04 | 18  0.04501 -2.70611e-05
 19  0.06272  5.78405e-06 | 20 -0.02487  2.06327e-05 | 21 -0.12044  1.37776e-04
 22 -0.03929  9.71490e-05 | 23  0.03799 -7.52448e-06 | 24  0.01783  3.24109e-05
 25 -0.01439 -3.28451e-06 | 26  0.08181 -6.47026e-05 | 27  0.01774  7.16537e-06
 28  0.03647 -9.53931e-05 | 29 -0.00003 -1.25833e-05 | 30  0.05746 -6.91216e-06
 31  0.02184 -3.77755e-05 | 32  0.10399 -1.92903e-04 | 33  0.03285 -6.84671e-05
 34 -0.01767 -3.52850e-05 | 35  0.02556 -1.46913e-04 | 36 -0.14834 -1.29171e-05
 37  0.25565  2.51084e-05 | 38  0.24773 -7.40251e-05 | 39  0.25340 -1.71147e-04
 40  0.22474 -1.19949e-03 | 41 -0.18854  3.88082e-03 | 42 -0.53991 -9.12921e-03
 43  0.36908 -3.46455e-05 | 44 -0.34912 -9.90538e-05 | 45  0.06926 -2.23464e-05
 46 -0.67225 -5.40311e-05 | 47  0.99996  2.57868e-04 | 48 -0.67205 -3.39296e-05
 49  0.04398  4.46842e-04 | 50  0.02111  7.22993e-03 | 51 -0.36634 -4.81667e-04
 52 -0.67628 -9.66119e-03 |
52 variables; iteration 520; function evaluation 676; phase 3
Function value 2.3583826e+03; maximum gradient component mag 1.7074e-01
Var    Value     Gradient |Var    Value     Gradient |Var    Value     Gradient
  1  0.04166  1.70743e-01 |  2  0.00011 -1.75978e-03 |  3  0.04230 -6.54283e-04
  4 -0.01587 -1.67197e-03 |  5 -0.13767 -2.31337e-03 |  6 -0.02273 -1.49409e-03
  7 -0.11576 -2.46830e-03 |  8 -0.07336 -2.23749e-03 |  9  0.00562 -1.57643e-03
 10  0.10759  7.22458e-04 | 11 -0.02413 -1.05377e-03 | 12  0.01046  3.96545e-05
 13  0.03325  1.68438e-03 | 14  0.07553  3.43891e-03 | 15  0.01090  1.36188e-03
 16 -0.06278  5.23460e-04 | 17 -0.01207  7.48106e-04 | 18  0.04501 -1.40993e-04
 19  0.06272  5.51614e-04 | 20 -0.02487 -6.18239e-04 | 21 -0.12044 -1.05219e-03
 22 -0.03929 -4.78509e-04 | 23  0.03799  1.27912e-03 | 24  0.01783  9.17398e-04
 25 -0.01439  2.50910e-04 | 26  0.08181  4.22410e-03 | 27  0.01774  1.45436e-03
 28  0.03647  1.94813e-03 | 29 -0.00003 -1.23134e-04 | 30  0.05746  2.79947e-05
 31  0.02184 -6.61430e-04 | 32  0.10399  1.96375e-03 | 33  0.03285  1.04014e-03
 34 -0.01767 -3.18301e-05 | 35  0.02556 -1.14534e-03 | 36 -0.14834 -2.73511e-03
 37  0.25565  1.04242e-02 | 38  0.24773  7.09465e-03 | 39  0.25340  2.31780e-03
 40  0.22474  6.44418e-03 | 41 -0.16356  8.46316e-02 | 42 -0.53718 -7.85062e-02
 43  0.36908 -5.10716e-04 | 44 -0.34912 -2.33634e-04 | 45  0.06926  8.69123e-04
 46 -0.67225 -3.75117e-04 | 47  0.99996  2.18705e-04 | 48 -0.67205  1.63161e-05
 49  0.02744  8.57541e-03 | 50  0.00459  1.20091e-01 | 51 -0.36917 -4.12988e-03
 52 -0.68119 -4.58151e-02 |
52 variables; iteration 540; function evaluation 702; phase 3
Function value 2.3583826e+03; maximum gradient component mag 1.0904e+00
Var    Value     Gradient |Var    Value     Gradient |Var    Value     Gradient
  1  0.04166  1.09040e+00 |  2  0.00011 -1.02702e-02 |  3  0.04230 -2.48547e-03
  4 -0.01587 -9.95850e-03 |  5 -0.13767 -1.50898e-02 |  6 -0.02273 -9.01085e-03
  7 -0.11576 -1.63120e-02 |  8 -0.07336 -1.40582e-02 |  9  0.00562 -9.70855e-03
 10  0.10759  6.42107e-03 | 11 -0.02413 -6.64621e-03 | 12  0.01046  1.71674e-04
 13  0.03325  6.59352e-03 | 14  0.07553  2.26177e-02 | 15  0.01090  5.40885e-03
 16 -0.06278 -2.22581e-03 | 17 -0.01207  9.62819e-04 | 18  0.04501  8.34518e-04
 19  0.06272  7.12792e-03 | 20 -0.02487 -4.53705e-03 | 21 -0.12044 -1.06150e-02
 22 -0.03929 -5.86031e-03 | 23  0.03799  9.14978e-03 | 24  0.01783  4.89432e-03
 25 -0.01439 -1.37559e-03 | 26  0.08181  3.05088e-02 | 27  0.01774  9.16702e-03
 28  0.03647  1.38020e-02 | 29 -0.00003 -1.40651e-03 | 30  0.05746  2.16628e-03
 31  0.02184 -4.88709e-03 | 32  0.10399  1.78857e-02 | 33  0.03285  7.85290e-03
 34 -0.01767 -1.10612e-03 | 35  0.02556 -4.93273e-03 | 36 -0.14834 -1.55404e-02
 37  0.25565  9.33945e-02 | 38  0.24773  5.43770e-02 | 39  0.25340  1.63962e-02
 40  0.22474  5.97414e-02 | 41 -0.08209  4.04831e-01 | 42 -0.54109 -9.19305e-02
 43  0.36908 -2.67040e-03 | 44 -0.34912 -3.10258e-03 | 45  0.06926  3.09388e-03
 46 -0.67225 -1.37922e-03 | 47  0.99996  7.93065e-04 | 48 -0.67205  1.88988e-04
 49 -0.02750  5.79899e-02 | 50 -0.05038  5.34264e-01 | 51 -0.36511 -2.41891e-02
 52 -0.67416 -4.26251e-02 |
52 variables; iteration 560; function evaluation 729; phase 3
Function value 2.3583824e+03; maximum gradient component mag 2.5911e-01
Var    Value     Gradient |Var    Value     Gradient |Var    Value     Gradient
  1  0.04166 -3.61513e-02 |  2  0.00011  4.46011e-04 |  3  0.04230  4.35384e-04
  4 -0.01587  5.01557e-04 |  5 -0.13767  4.93754e-04 |  6 -0.02273  3.86173e-04
  7 -0.11576  4.40021e-04 |  8 -0.07336  5.21976e-04 |  9  0.00562  2.90283e-04
 10  0.10759  3.59973e-04 | 11 -0.02413  1.98918e-04 | 12  0.01046 -2.89396e-05
 13  0.03325 -2.20098e-03 | 14  0.07553 -2.86219e-04 | 15  0.01090 -1.84546e-03
 16 -0.06278 -3.12338e-03 | 17 -0.01207 -2.33228e-03 | 18  0.04501  9.57910e-04
 19  0.06272  2.30523e-03 | 20 -0.02487 -3.63234e-04 | 21 -0.12044 -1.66813e-03
 22 -0.03929 -1.38403e-03 | 23  0.03799  1.19866e-04 | 24  0.01783 -7.84546e-04
 25 -0.01439 -1.91397e-03 | 26  0.08181  1.37240e-03 | 27  0.01774 -3.17984e-04
 28  0.03647  7.95932e-05 | 29 -0.00003 -6.11060e-04 | 30  0.05746  1.51197e-03
 31  0.02184 -5.11474e-04 | 32  0.10399  2.45679e-03 | 33  0.03285  6.89722e-04
 34 -0.01767 -3.95476e-04 | 35  0.02556  2.16179e-03 | 36 -0.14834  2.04506e-03
 37  0.25565  1.22688e-02 | 38  0.24773  4.61158e-03 | 39  0.25340  1.14228e-03
 40  0.22474  5.90697e-03 | 41  0.02006 -1.10592e-01 | 42 -0.56275  2.59111e-01
 43  0.36908  4.32643e-04 | 44 -0.34912 -9.93682e-04 | 45  0.06926  8.59011e-04
 46 -0.67225 -3.98007e-04 | 47  0.99995  5.55820e-05 | 48 -0.67205  8.12752e-06
 49 -0.09795 -1.70982e-03 | 50 -0.12114 -1.57568e-01 | 51 -0.34345  5.53552e-03
 52 -0.63837  1.60400e-01 |
52 variables; iteration 580; function evaluation 756; phase 3
Function value 2.3583824e+03; maximum gradient component mag 3.7489e-01
Var    Value     Gradient |Var    Value     Gradient |Var    Value     Gradient
  1  0.04166 -2.31639e-02 |  2  0.00011 -1.70168e-03 |  3  0.04229 -1.13031e-03
  4 -0.01587 -5.94048e-04 |  5 -0.13767  2.29231e-03 |  6 -0.02273 -5.42138e-04
  7 -0.11576  1.30464e-03 |  8 -0.07336  1.27490e-04 |  9  0.00562 -1.50172e-03
 10  0.10759 -1.42946e-03 | 11 -0.02413 -1.18564e-03 | 12  0.01046 -3.62011e-04
 13  0.03325  1.76155e-04 | 14  0.07553  1.02573e-03 | 15  0.01090  1.80529e-04
 16 -0.06278 -3.46451e-03 | 17 -0.01207 -3.01245e-03 | 18  0.04501  1.78431e-03
 19  0.06272  7.35138e-03 | 20 -0.02487 -3.63201e-04 | 21 -0.12044  4.82097e-04
 22 -0.03929 -6.03381e-04 | 23  0.03799  5.59771e-04 | 24  0.01783 -1.21025e-03
 25 -0.01439 -4.80181e-03 | 26  0.08181  9.44398e-04 | 27  0.01774  7.06742e-05
 28  0.03647 -1.94424e-03 | 29 -0.00003 -2.04289e-03 | 30  0.05746  3.64510e-03
 31  0.02184 -2.18665e-03 | 32  0.10399  2.20705e-03 | 33  0.03285  1.69813e-03
 34 -0.01767  6.65340e-04 | 35  0.02556  5.34846e-03 | 36 -0.14834  5.74947e-03
 37  0.25565  1.82695e-02 | 38  0.24773  1.57406e-02 | 39  0.25340  5.39847e-03
 40  0.22474 -1.31829e-02 | 41  0.04618 -1.58794e-01 | 42 -0.57179  3.74892e-01
 43  0.36908 -1.68695e-04 | 44 -0.34912 -4.24722e-03 | 45  0.06926  9.86927e-03
 46 -0.67225 -4.93470e-03 | 47  0.99995 -1.90468e-04 | 48 -0.67205 -6.28051e-04
 49 -0.11614 -6.42281e-03 | 50 -0.13945 -2.21273e-01 | 51 -0.33477  1.98693e-02
 52 -0.62473  2.38904e-01 |
52 variables; iteration 600; function evaluation 781; phase 3
Function value 2.3583823e+03; maximum gradient component mag 2.6451e-01
Var    Value     Gradient |Var    Value     Gradient |Var    Value     Gradient
  1  0.04166  2.64508e-01 |  2  0.00011 -4.75301e-03 |  3  0.04229 -3.12951e-03
  4 -0.01587 -3.83393e-03 |  5 -0.13767 -2.03984e-03 |  6 -0.02273 -3.09287e-03
  7 -0.11576 -2.69456e-03 |  8 -0.07336 -3.80445e-03 |  9  0.00562 -3.92112e-03
 10  0.10759 -7.87774e-04 | 11 -0.02413 -2.16852e-03 | 12  0.01046 -2.84883e-04
 13  0.03325  5.71779e-03 | 14  0.07553  5.86871e-03 | 15  0.01090  4.73069e-03
 16 -0.06278  2.90152e-03 | 17 -0.01207  2.21747e-03 | 18  0.04501  1.41573e-04
 19  0.06272  3.70465e-03 | 20 -0.02487 -7.19393e-04 | 21 -0.12044  1.14018e-03
 22 -0.03929  5.25399e-04 | 23  0.03799  1.25167e-03 | 24  0.01783  9.68575e-04
 25 -0.01439 -1.26089e-03 | 26  0.08181  4.74526e-03 | 27  0.01774  1.38831e-03
 28  0.03647 -2.19874e-04 | 29 -0.00003 -1.63436e-03 | 30  0.05746  8.52578e-04
 31  0.02184 -2.43217e-03 | 32  0.10399  6.82672e-04 | 33  0.03285  2.01533e-03
 34 -0.01767  7.52382e-04 | 35  0.02556  4.58533e-04 | 36 -0.14834 -1.82551e-03
 37  0.25565  1.49404e-02 | 38  0.24773  1.52502e-02 | 39  0.25340  5.31594e-03
 40  0.22474 -1.40093e-02 | 41 -0.08259  1.39304e-01 | 42 -0.59154 -1.25260e-01
 43  0.36908 -8.02466e-04 | 44 -0.34912 -3.07025e-03 | 45  0.06926  9.21559e-03
 46 -0.67225 -5.08219e-03 | 47  0.99995 -1.02558e-06 | 48 -0.67205 -4.61971e-04
 49 -0.02717  8.89005e-03 | 50 -0.05005  1.95058e-01 | 51 -0.31663  4.09909e-03
 52 -0.59716 -9.93270e-02 |
52 variables; iteration 620; function evaluation 802; phase 3
Function value 2.3583823e+03; maximum gradient component mag -5.8970e-02
Var    Value     Gradient |Var    Value     Gradient |Var    Value     Gradient
  1  0.04166 -5.89698e-02 |  2  0.00011  6.89720e-04 |  3  0.04230  3.60614e-04
  4 -0.01587  6.28967e-04 |  5 -0.13767  7.68350e-04 |  6 -0.02273  5.75889e-04
  7 -0.11576  8.09167e-04 |  8 -0.07336  8.03297e-04 |  9  0.00562  6.25378e-04
 10  0.10759 -1.83029e-04 | 11 -0.02413  4.28620e-04 | 12  0.01046 -2.94308e-05
 13  0.03325 -6.78197e-04 | 14  0.07553 -1.26038e-03 | 15  0.01090 -5.13137e-04
 16 -0.06278 -1.40927e-04 | 17 -0.01207 -2.04130e-04 | 18  0.04501 -2.05664e-05
 19  0.06272 -4.02689e-04 | 20 -0.02487  2.38315e-04 | 21 -0.12044  3.42489e-04
 22 -0.03929  1.68281e-04 | 23  0.03799 -4.82850e-04 | 24  0.01783 -3.16866e-04
 25 -0.01439  1.75925e-05 | 26  0.08181 -1.49339e-03 | 27  0.01774 -5.31068e-04
 28  0.03647 -6.86733e-04 | 29 -0.00003  8.66802e-05 | 30  0.05746 -9.75283e-05
 31  0.02184  3.13873e-04 | 32  0.10399 -7.11362e-04 | 33  0.03285 -4.28557e-04
 34 -0.01767 -6.46088e-06 | 35  0.02556  2.73150e-04 | 36 -0.14834  8.22227e-04
 37  0.25565 -3.95094e-03 | 38  0.24773 -2.85305e-03 | 39  0.25340 -9.49549e-04
 40  0.22474 -1.67723e-03 | 41 -0.12492 -2.70139e-02 | 42 -0.60076  1.79981e-02
 43  0.36908 -9.63361e-05 | 44 -0.34912  2.40650e-04 | 45  0.06926 -2.71997e-04
 46 -0.67225  2.30725e-04 | 47  0.99995  3.65608e-06 | 48 -0.67205 -4.91765e-06
 49  0.00155 -2.46323e-03 | 50 -0.02129 -3.67493e-02 | 51 -0.30850  6.61309e-04
 52 -0.58518  1.18795e-02 |
52 variables; iteration 640; function evaluation 825; phase 3
Function value 2.3583822e+03; maximum gradient component mag 5.8996e-01
Var    Value     Gradient |Var    Value     Gradient |Var    Value     Gradient
  1  0.04166  5.89962e-01 |  2  0.00011 -5.19902e-03 |  3  0.04230 -1.44957e-03
  4 -0.01587 -5.25929e-03 |  5 -0.13767 -8.70098e-03 |  6 -0.02273 -4.86544e-03
  7 -0.11576 -9.17052e-03 |  8 -0.07336 -7.45369e-03 |  9  0.00562 -4.88204e-03
 10  0.10759  3.33920e-03 | 11 -0.02413 -3.28691e-03 | 12  0.01046  3.36857e-04
 13  0.03325  3.39550e-03 | 14  0.07553  1.22346e-02 | 15  0.01090  2.03761e-03
 16 -0.06278 -1.39936e-03 | 17 -0.01207  5.94844e-04 | 18  0.04501 -4.46865e-05
 19  0.06272  2.03376e-03 | 20 -0.02487 -2.50553e-03 | 21 -0.12044 -6.59543e-03
 22 -0.03929 -3.57469e-03 | 23  0.03799  4.65002e-03 | 24  0.01783  2.70056e-03
 25 -0.01439  3.36623e-04 | 26  0.08181  1.73354e-02 | 27  0.01774  4.86226e-03
 28  0.03647  7.87359e-03 | 29 -0.00003 -4.42766e-04 | 30  0.05746  4.38344e-04
 31  0.02184 -1.90253e-03 | 32  0.10399  1.05599e-02 | 33  0.03285  4.28687e-03
 34 -0.01767 -6.37213e-04 | 35  0.02556 -3.04393e-03 | 36 -0.14834 -9.82605e-03
 37  0.25565  4.63132e-02 | 38  0.24773  2.62269e-02 | 39  0.25340  8.50159e-03
 40  0.22474  4.20058e-02 | 41 -0.12594  2.32115e-01 | 42 -0.61560 -7.52748e-02
 43  0.36908 -2.18539e-03 | 44 -0.34912  4.92698e-06 | 45  0.06926  1.66816e-03
 46 -0.67225 -1.05939e-04 | 47  0.99995  9.54311e-07 | 48 -0.67205  3.56878e-04
 49  0.00224  3.01061e-02 | 50 -0.02060  3.14910e-01 | 51 -0.29586 -1.42837e-02
 52 -0.56698 -5.46272e-02 |
52 variables; iteration 660; function evaluation 848; phase 3
Function value 2.3583822e+03; maximum gradient component mag 7.5400e-02
Var    Value     Gradient |Var    Value     Gradient |Var    Value     Gradient
  1  0.04166  7.54003e-02 |  2  0.00011 -7.14694e-04 |  3  0.04230 -2.61277e-04
  4 -0.01587 -6.81991e-04 |  5 -0.13767 -1.07013e-03 |  6 -0.02273 -6.88074e-04
  7 -0.11576 -1.13651e-03 |  8 -0.07336 -9.35859e-04 |  9  0.00562 -6.59427e-04
 10  0.10759  3.83833e-04 | 11 -0.02413 -4.97634e-04 | 12  0.01046  3.44319e-05
 13  0.03325  3.62726e-04 | 14  0.07553  1.64478e-03 | 15  0.01090  2.50331e-04
 16 -0.06278 -3.95842e-04 | 17 -0.01207 -9.11033e-05 | 18  0.04501  3.13700e-05
 19  0.06272  4.95269e-04 | 20 -0.02487 -3.86664e-04 | 21 -0.12044 -8.43593e-04
 22 -0.03929 -4.84229e-04 | 23  0.03799  7.20576e-04 | 24  0.01783  3.62597e-04
 25 -0.01439 -3.56852e-05 | 26  0.08181  2.37669e-03 | 27  0.01774  8.10978e-04
 28  0.03647  1.26659e-03 | 29 -0.00003 -5.39393e-05 | 30  0.05746  2.46882e-04
 31  0.02184 -3.35118e-04 | 32  0.10399  1.42489e-03 | 33  0.03285  6.38940e-04
 34 -0.01767 -1.72537e-05 | 35  0.02556 -1.53910e-04 | 36 -0.14834 -1.06229e-03
 37  0.25565  6.40724e-03 | 38  0.24773  4.10646e-03 | 39  0.25340  1.55936e-03
 40  0.22474  5.37853e-03 | 41 -0.05908  2.40236e-02 | 42 -0.62764  5.36440e-03
 43  0.36908 -2.09672e-04 | 44 -0.34912  2.80781e-06 | 45  0.06926  4.78536e-04
 46 -0.67225 -7.21964e-05 | 47  0.99995 -7.12638e-06 | 48 -0.67205  4.85047e-05
 49 -0.04326  3.26979e-03 | 50 -0.06618  3.15292e-02 | 51 -0.28599 -8.35678e-04
 52 -0.55309  4.80659e-03 |
52 variables; iteration 680; function evaluation 869; phase 3
Function value 2.3583822e+03; maximum gradient component mag 2.3160e-01
Var    Value     Gradient |Var    Value     Gradient |Var    Value     Gradient
  1  0.04166  2.31605e-01 |  2  0.00012 -3.04409e-04 |  3  0.04230  1.01068e-03
  4 -0.01587 -1.03125e-03 |  5 -0.13767 -4.68857e-03 |  6 -0.02273 -1.44435e-03
  7 -0.11576 -4.58841e-03 |  8 -0.07336 -2.41542e-03 |  9  0.00562 -5.92936e-04
 10  0.10759  2.55440e-03 | 11 -0.02413 -7.59025e-04 | 12  0.01046  5.42055e-04
 13  0.03325 -1.55166e-03 | 14  0.07553  4.52761e-03 | 15  0.01090 -1.90646e-03
 16 -0.06278 -3.02645e-03 | 17 -0.01207 -9.17365e-04 | 18  0.04501 -5.63883e-04
 19  0.06272 -2.06641e-03 | 20 -0.02487 -1.33237e-03 | 21 -0.12044 -5.43155e-03
 22 -0.03929 -2.81330e-03 | 23  0.03799  2.44815e-03 | 24  0.01783  1.27354e-03
 25 -0.01439  1.67634e-03 | 26  0.08181  8.70868e-03 | 27  0.01774  2.62722e-03
 28  0.03647  6.19265e-03 | 29 -0.00003  1.12671e-03 | 30  0.05746 -2.98978e-04
 31  0.02184  7.66163e-04 | 32  0.10399  7.35994e-03 | 33  0.03285  2.03845e-03
 34 -0.01767 -4.49594e-04 | 35  0.02556 -2.47778e-03 | 36 -0.14835 -6.14892e-03
 37  0.25565  1.79896e-02 | 38  0.24773  5.95792e-03 | 39  0.25340  3.29711e-03
 40  0.22474  4.31340e-02 | 41 -0.06205  8.27563e-02 | 42 -0.63321  2.70707e-03
 43  0.36908 -1.90591e-03 | 44 -0.34912  3.66679e-03 | 45  0.06926 -3.59271e-03
 46 -0.67225  3.62908e-03 | 47  0.99995 -2.05077e-05 | 48 -0.67204  6.74832e-04
 49 -0.04122  1.34244e-02 | 50 -0.06413  1.06875e-01 | 51 -0.28156 -1.22110e-02
 52 -0.54691  1.09963e-02 |
52 variables; iteration 700; function evaluation 891; phase 3
Function value 2.3583822e+03; maximum gradient component mag 2.7148e-02
Var    Value     Gradient |Var    Value     Gradient |Var    Value     Gradient
  1  0.04166 -1.26387e-02 |  2  0.00011 -8.05713e-04 |  3  0.04230 -8.39278e-04
  4 -0.01587 -3.91043e-04 |  5 -0.13767  9.46373e-04 |  6 -0.02273 -2.03643e-04
  7 -0.11576  6.69964e-04 |  8 -0.07336  3.67875e-05 |  9  0.00562 -5.11319e-04
 10  0.10759 -7.58286e-04 | 11 -0.02413 -2.04120e-04 | 12  0.01046 -2.06712e-04
 13  0.03325  9.59606e-04 | 14  0.07553  3.48439e-05 | 15  0.01090  1.00282e-03
 16 -0.06278  5.47837e-04 | 17 -0.01207  2.57847e-04 | 18  0.04501  4.32478e-04
 19  0.06272  1.71541e-03 | 20 -0.02487  6.68154e-05 | 21 -0.12044  1.01691e-03
 22 -0.03929  4.20772e-04 | 23  0.03799 -3.93345e-04 | 24  0.01783 -2.94180e-04
 25 -0.01439 -9.81221e-04 | 26  0.08181 -8.38780e-04 | 27  0.01774 -4.58067e-04
 28  0.03647 -1.59332e-03 | 29 -0.00003 -7.15227e-04 | 30  0.05746  6.02119e-04
 31  0.02184 -6.91471e-04 | 32  0.10399 -8.06514e-04 | 33  0.03285  1.69809e-04
 34 -0.01767  2.84114e-04 | 35  0.02556  1.19458e-03 | 36 -0.14834  1.48168e-03
 37  0.25565  3.22496e-04 | 38  0.24773  2.42598e-03 | 39  0.25340  1.00206e-03
 40  0.22474 -1.11207e-02 | 41 -0.06828 -1.72007e-02 | 42 -0.63878  2.71480e-02
 43  0.36908  3.23333e-04 | 44 -0.34912 -1.30115e-03 | 45  0.06926  4.14607e-03
 46 -0.67225 -2.22996e-03 | 47  0.99995 -7.62446e-06 | 48 -0.67205 -2.22102e-04
 49 -0.03695 -2.28142e-03 | 50 -0.05986 -2.27632e-02 | 51 -0.27718  5.30731e-03
 52 -0.54089  2.15224e-02 |
Warning: the following parameters had issues
  selparm[7] is within 0.1% of upper bound: -3.00000e+00 < 1.50000e+01 < 1.50000e+01


 - final statistics:
52 variables; iteration 714; function evaluation 905
Function value 2.3584e+03; maximum gradient component mag -3.4385e-05
Exit code = 1;  converg criter 1.0000e-04
Var    Value     Gradient |Var    Value     Gradient |Var    Value     Gradient
  1  0.04166 -2.52342e-06 |  2  0.00011  1.88491e-06 |  3  0.04230  1.15594e-06
  4 -0.01587  5.21146e-07 |  5 -0.13767 -2.99452e-06 |  6 -0.02273  4.98830e-07
  7 -0.11576 -8.72513e-07 |  8 -0.07336 -1.24616e-06 |  9  0.00562 -2.18788e-08
 10  0.10759  2.05961e-06 | 11 -0.02413  6.19829e-08 | 12  0.01046  7.85129e-07
 13  0.03325 -7.36904e-07 | 14  0.07553 -7.77349e-07 | 15  0.01090 -2.52150e-06
 16 -0.06278 -6.07920e-07 | 17 -0.01207 -1.81899e-06 | 18  0.04501  6.45620e-07
 19  0.06272 -9.02726e-07 | 20 -0.02487  2.35697e-07 | 21 -0.12044 -1.97972e-06
 22 -0.03929 -9.31118e-07 | 23  0.03799  1.46938e-06 | 24  0.01783  6.01255e-07
 25 -0.01439 -3.46208e-07 | 26  0.08181  9.47484e-07 | 27  0.01774 -2.88855e-08
 28  0.03647  2.84051e-06 | 29 -0.00003  9.63175e-07 | 30  0.05746 -1.02239e-06
 31  0.02184  6.20662e-08 | 32  0.10399  2.36515e-07 | 33  0.03285 -1.20095e-06
 34 -0.01767 -2.87456e-06 | 35  0.02556 -3.84796e-06 | 36 -0.14834 -1.45379e-06
 37  0.25565  1.88037e-05 | 38  0.24773 -3.13547e-06 | 39  0.25340 -1.01998e-05
 40  0.22474  9.91883e-06 | 41 -0.06727 -2.21310e-05 | 42 -0.63926  2.96752e-05
 43  0.36908  6.92554e-06 | 44 -0.34912 -4.61736e-06 | 45  0.06926 -2.82100e-05
 46 -0.67225  7.43553e-06 | 47  0.99995  1.13207e-07 | 48 -0.67205  2.52868e-07
 49 -0.03764  2.15331e-06 | 50 -0.06055 -3.43851e-05 | 51 -0.27681 -6.72968e-06
 52 -0.54039  3.28234e-05 |
Estimating row 1 out of 52 for hessian
Estimating row 2 out of 52 for hessian
Estimating row 3 out of 52 for hessian
Estimating row 4 out of 52 for hessian
Estimating row 5 out of 52 for hessian
Estimating row 6 out of 52 for hessian
Estimating row 7 out of 52 for hessian
Estimating row 8 out of 52 for hessian
Estimating row 9 out of 52 for hessian
Estimating row 10 out of 52 for hessian
Estimating row 11 out of 52 for hessian
Estimating row 12 out of 52 for hessian
Estimating row 13 out of 52 for hessian
Estimating row 14 out of 52 for hessian
Estimating row 15 out of 52 for hessian
Estimating row 16 out of 52 for hessian
Estimating row 17 out of 52 for hessian
Estimating row 18 out of 52 for hessian
Estimating row 19 out of 52 for hessian
Estimating row 20 out of 52 for hessian
Estimating row 21 out of 52 for hessian
Estimating row 22 out of 52 for hessian
Estimating row 23 out of 52 for hessian
Estimating row 24 out of 52 for hessian
Estimating row 25 out of 52 for hessian
Estimating row 26 out of 52 for hessian
Estimating row 27 out of 52 for hessian
Estimating row 28 out of 52 for hessian
Estimating row 29 out of 52 for hessian
Estimating row 30 out of 52 for hessian
Estimating row 31 out of 52 for hessian
Estimating row 32 out of 52 for hessian
Estimating row 33 out of 52 for hessian
Estimating row 34 out of 52 for hessian
Estimating row 35 out of 52 for hessian
Estimating row 36 out of 52 for hessian
Estimating row 37 out of 52 for hessian
Estimating row 38 out of 52 for hessian
Estimating row 39 out of 52 for hessian
Estimating row 40 out of 52 for hessian
Estimating row 41 out of 52 for hessian
Estimating row 42 out of 52 for hessian
Estimating row 43 out of 52 for hessian
Estimating row 44 out of 52 for hessian
Estimating row 45 out of 52 for hessian
Estimating row 46 out of 52 for hessian
Estimating row 47 out of 52 for hessian
Estimating row 48 out of 52 for hessian
Estimating row 49 out of 52 for hessian
Estimating row 50 out of 52 for hessian
Estimating row 51 out of 52 for hessian
Estimating row 52 out of 52 for hessian
size of file gradfil1.tmp = 0
size of file gradfil2.tmp = 0
size of file varssave.tmp = 0
size of file cmpdiff.tmp = 0
