
Initial statistics: 36 variables; iteration 0; function evaluation 0; phase 1
Function value 5.4556794e+03; maximum gradient component mag -3.2730e+04
Var    Value     Gradient |Var    Value     Gradient |Var    Value     Gradient
  1  0.03523 -3.27303e+04 |  2  0.03408  4.40054e+02 |  3  0.03821  3.06990e+02
  4  0.03152  4.88119e+02 |  5 -0.13246  4.32449e+02 |  6 -0.02844  3.16090e+02
  7 -0.06509  5.02472e+02 |  8 -0.02079  4.28603e+02 |  9 -0.03220  2.08184e+02
 10  0.09951 -4.30407e+02 | 11 -0.06291  5.21124e+01 | 12  0.02368  2.09086e+02
 13 -0.01150  1.05310e+01 | 14  0.03066 -3.74139e+02 | 15  0.00387 -1.73178e+02
 16 -0.04697  1.53235e+02 | 17  0.01038  6.37632e+01 | 18  0.04633  9.52941e+01
 19  0.10199 -3.79610e+00 | 20 -0.04130  7.25634e+01 | 21 -0.16240 -6.05983e+01
 22 -0.04064  2.79109e+02 | 23  0.07977  4.75453e+02 | 24  0.04455  1.23263e+02
 25  0.00318  5.24813e+01 | 26  0.02146 -1.78759e+02 | 27  0.08969 -4.60099e+02
 28 -0.00872 -6.44499e+02 | 29 -0.03662 -3.12096e+02 | 30 -0.03539 -3.53897e+02
 31  0.02409 -6.33438e+02 | 32  0.03078 -1.09997e+03 | 33  0.01584 -3.75856e+02
 34  0.00474 -1.62275e+02 | 35  0.02366 -2.30025e+02 | 36 -0.03413  7.77110e+02

Intermediate statistics: 36 variables; iteration 20; function evaluation 31; phase 1
Function value 4.7501311e+03; maximum gradient component mag -4.2624e+03
Var    Value     Gradient |Var    Value     Gradient |Var    Value     Gradient
  1  0.05856 -4.26243e+03 |  2 -0.01908  2.97984e+01 |  3  0.04871  3.30290e+01
  4 -0.00255  5.27451e+01 |  5 -0.12873  6.17855e+01 |  6 -0.01348  5.15544e+01
  7 -0.13078  2.64446e+01 |  8 -0.11493  4.54055e+00 |  9  0.01389  3.24418e+01
 10  0.17225 -3.79177e+01 | 11  0.01192  2.10521e+01 | 12  0.12419  5.15526e+01
 13  0.07923  2.54879e+01 | 14  0.04827 -3.89809e+01 | 15 -0.01931 -2.94120e+01
 16 -0.11990 -1.65022e+01 | 17 -0.02650 -2.51545e+01 | 18  0.05250 -8.89425e+00
 19  0.09621 -5.36219e+01 | 20 -0.00239  2.94438e+01 | 21  0.00538  5.39622e+01
 22 -0.07424 -1.91949e+01 | 23 -0.08473  1.83530e+01 | 24  0.08077 -1.21151e+01
 25  0.02525 -2.40220e+00 | 26  0.05253 -3.51986e+01 | 27 -0.03480 -1.61214e+02
 28  0.06570 -3.73321e+01 | 29 -0.00640 -5.54433e+01 | 30  0.07027  1.53078e+01
 31 -0.01099 -8.41211e+01 | 32  0.12563 -3.48912e+01 | 33  0.01331 -7.32918e+01
 34 -0.05469 -5.50262e+01 | 35 -0.01203 -7.53863e+01 | 36 -0.24434  2.18751e+01
36 variables; iteration 40; function evaluation 65; phase 1
Function value 4.7280905e+03; maximum gradient component mag -1.0560e+03
Var    Value     Gradient |Var    Value     Gradient |Var    Value     Gradient
  1  0.06850 -1.05600e+03 |  2  0.00334  3.06259e+01 |  3  0.04753  9.34741e-01
  4  0.00494  1.20015e+01 |  5 -0.12648  6.89040e+00 |  6  0.00669 -2.50444e+00
  7 -0.08375  1.76247e+01 |  8 -0.05339  1.13993e+01 |  9  0.02547 -5.01266e+00
 10  0.17287 -4.67470e+01 | 11 -0.00475 -2.31861e+01 | 12  0.11292  1.60487e+01
 13  0.06450 -1.45172e+00 | 14  0.02827 -7.63506e+01 | 15 -0.03289 -4.42387e+01
 16 -0.12240 -2.51569e+01 | 17 -0.03141 -6.58170e+00 | 18  0.03682 -2.13600e+01
 19  0.09805  3.71789e+00 | 20 -0.01913 -2.22836e+01 | 21 -0.02252 -2.77201e+01
 22 -0.06663  1.85547e+01 | 23 -0.07518  2.21115e+01 | 24  0.06618  1.00610e+01
 25  0.01944  3.56338e+01 | 26  0.04432  4.27365e+01 | 27 -0.00351  4.10977e+01
 28  0.05192  1.41436e+01 | 29  0.00455  4.59367e+01 | 30  0.05899  1.01912e+01
 31  0.00227 -5.71647e+00 | 32  0.09665 -7.21644e+01 | 33  0.01396 -6.73590e+00
 34 -0.05688 -9.04545e+00 | 35 -0.02602 -5.53803e+01 | 36 -0.24147  1.89868e+01

 - final statistics:
36 variables; iteration 47; function evaluation 74
Function value 4.7215e+03; maximum gradient component mag -5.2608e-01
Exit code = 1;  converg criter 1.0000e+01
Var    Value     Gradient |Var    Value     Gradient |Var    Value     Gradient
  1  0.07429 -4.26931e-01 |  2 -0.00834  6.25476e-02 |  3  0.05541  4.63293e-02
  4  0.01346  5.21201e-03 |  5 -0.11232 -3.90300e-02 |  6  0.02524  1.76005e-02
  7 -0.06923  4.08403e-02 |  8 -0.03638  1.08546e-01 |  9  0.05239  8.53401e-02
 10  0.20535  1.20563e-01 | 11  0.01191  3.92679e-02 | 12  0.11715  1.53402e-01
 13  0.06156  1.96925e-01 | 14  0.04275  3.69969e-01 | 15 -0.02559  2.34871e-01
 16 -0.10467  1.73602e-01 | 17 -0.03972  3.34089e-01 | 18  0.03578  4.37978e-02
 19  0.09022 -8.44436e-03 | 20 -0.01868 -4.89143e-02 | 21 -0.02167 -1.34442e-01
 22 -0.07802  9.93959e-02 | 23 -0.08998 -2.09226e-01 | 24  0.05664 -9.51807e-02
 25  0.00287 -9.49023e-02 | 26  0.02843 -2.03780e-01 | 27 -0.02026  1.41033e-01
 28  0.04096 -1.55609e-01 | 29 -0.01367  8.98481e-02 | 30  0.04769  3.75399e-02
 31 -0.00644  1.60941e-01 | 32  0.09730 -2.73816e-01 | 33  0.00381 -4.04427e-01
 34 -0.06534 -2.13195e-01 | 35 -0.02571 -5.26084e-01 | 36 -0.25629 -6.98522e-03

Initial statistics: 46 variables; iteration 0; function evaluation 0; phase 2
Function value 4.7215316e+03; maximum gradient component mag 8.0210e+03
Var    Value     Gradient |Var    Value     Gradient |Var    Value     Gradient
  1  0.07429 -4.26931e-01 |  2 -0.00834  5.81333e-02 |  3  0.05541  4.19313e-02
  4  0.01346  7.98254e-04 |  5 -0.11232 -4.33762e-02 |  6  0.02524  1.31892e-02
  7 -0.06923  3.64516e-02 |  8 -0.03638  1.04139e-01 |  9  0.05239  8.09403e-02
 10  0.20535  1.16376e-01 | 11  0.01191  3.48539e-02 | 12  0.11715  1.49062e-01
 13  0.06156  1.92530e-01 | 14  0.04275  3.65564e-01 | 15 -0.02559  2.30460e-01
 16 -0.10468  1.69247e-01 | 17 -0.03972  3.29683e-01 | 18  0.03578  3.93900e-02
 19  0.09022 -1.28148e-02 | 20 -0.01868 -5.33271e-02 | 21 -0.02167 -1.38855e-01
 22 -0.07802  9.50142e-02 | 23 -0.08998 -2.13597e-01 | 24  0.05664 -9.95779e-02
 25  0.00287 -9.93170e-02 | 26  0.02843 -2.08191e-01 | 27 -0.02026  1.36621e-01
 28  0.04096 -1.60015e-01 | 29 -0.01367  8.54344e-02 | 30  0.04769  3.31375e-02
 31 -0.00644  1.56527e-01 | 32  0.09730 -2.78179e-01 | 33  0.00381 -4.08842e-01
 34 -0.06534 -2.17587e-01 | 35 -0.02571 -5.30495e-01 | 36 -0.25629 -1.10470e-02
 37  0.25396 -7.06519e+03 | 38  0.27266  8.02103e+03 | 39  0.28990  2.67286e+03
 40  0.23648 -1.64454e+02 | 41 -0.09593 -6.14477e+02 | 42 -0.36183  9.00267e+02
 43  0.01467 -4.67662e+01 | 44 -0.05430 -8.54133e+02 | 45 -0.18753  8.33531e+01
 46 -0.26516  6.64631e+02 |

Intermediate statistics: 46 variables; iteration 20; function evaluation 29; phase 2
Function value 3.9345274e+03; maximum gradient component mag -5.1119e+03
Var    Value     Gradient |Var    Value     Gradient |Var    Value     Gradient
  1  0.08302 -2.53306e+03 |  2 -0.02912  5.38464e+01 |  3  0.00418  5.92714e+01
  4 -0.03491  5.75904e+01 |  5 -0.18799  5.05367e+00 |  6 -0.00814  7.38314e+01
  7 -0.08952  5.37864e+01 |  8 -0.02514  9.06555e+01 |  9  0.05830  9.72717e+01
 10  0.17825  1.03169e+02 | 11 -0.06803 -3.72248e+01 | 12  0.06824  9.99974e+01
 13  0.00475  1.80790e+01 | 14  0.01239 -2.60069e+01 | 15 -0.02831  4.54427e-02
 16 -0.04324  4.92742e+01 | 17  0.01385 -6.61337e+01 | 18  0.09331  9.04542e+01
 19  0.15944  5.68799e+01 | 20  0.03154 -5.58227e-01 | 21  0.00850  2.49610e+01
 22 -0.05065  1.00283e+01 | 23 -0.04215 -1.86239e+01 | 24  0.06050  6.32685e+01
 25  0.01992 -2.23885e+01 | 26  0.05539 -6.50657e+01 | 27 -0.02868 -2.36726e+00
 28  0.06383  1.06446e+02 | 29  0.02470  1.12310e+02 | 30  0.09433  1.31554e+02
 31 -0.00139 -4.45710e+00 | 32  0.10025 -3.54120e+01 | 33 -0.04579 -1.18446e+02
 34 -0.10593 -9.81768e+01 | 35 -0.01898 -7.12268e+01 | 36 -0.22280  3.27726e+01
 37  0.25173 -5.11194e+03 | 38  0.23258  3.84163e+03 | 39  0.15623 -3.60752e+03
 40  0.23199  1.34330e+02 | 41  0.09315  6.34896e+02 | 42 -0.74293  8.67970e+01
 43 -0.18188  1.34614e+02 | 44 -0.16846  7.65551e+02 | 45 -0.22083 -6.66569e+01
 46 -0.42326  1.88247e+02 |
46 variables; iteration 40; function evaluation 57; phase 2
Function value 3.7227348e+03; maximum gradient component mag -1.1622e+03
Var    Value     Gradient |Var    Value     Gradient |Var    Value     Gradient
  1  0.09983 -5.71934e+02 |  2  0.00029  4.15747e+01 |  3  0.00505 -4.82548e+01
  4 -0.00155  3.05188e+01 |  5 -0.11385  3.32117e+01 |  6 -0.02011 -1.32683e-01
  7 -0.12331 -2.48456e+01 |  8 -0.07758 -6.17968e+00 |  9  0.04109  5.81462e+01
 10  0.14159 -1.54270e+01 | 11 -0.05980 -1.16349e+00 | 12  0.06094  6.41245e+01
 13 -0.02080 -6.06215e+00 | 14 -0.00759 -6.05631e+01 | 15 -0.04109 -1.44469e+01
 16 -0.02090  3.85039e+01 | 17 -0.00125 -5.71328e+00 | 18  0.07157 -6.25756e+00
 19  0.14566  3.63328e+00 | 20  0.02629  1.27565e+01 | 21  0.00372  8.88710e+00
 22 -0.05278  2.11484e+01 | 23 -0.02046  2.90110e+00 | 24  0.06409 -7.54249e+00
 25  0.02196 -1.55085e+01 | 26  0.05686 -3.23788e+01 | 27 -0.02180 -6.80518e+00
 28  0.05901  1.10395e+01 | 29  0.01272  2.85860e+01 | 30  0.08839  3.79100e+01
 31  0.00016 -8.09788e+00 | 32  0.09740 -4.70895e+01 | 33 -0.02482 -2.72918e+01
 34 -0.08942 -1.86186e+01 | 35 -0.01092 -2.39157e+01 | 36 -0.18881  2.22807e+01
 37  0.26176  1.04118e+03 | 38  0.19892 -3.84976e+02 | 39  0.18953 -1.16225e+03
 40  0.22294  3.20276e+02 | 41 -0.08233  2.78308e+01 | 42 -0.79796 -6.84001e+01
 43 -0.13208 -9.25549e+01 | 44 -0.08281  1.34261e+02 | 45 -0.24798 -6.57084e+01
 46 -0.43683 -7.42380e+01 |
46 variables; iteration 60; function evaluation 84; phase 2
Function value 3.6905191e+03; maximum gradient component mag 6.6769e+01
Var    Value     Gradient |Var    Value     Gradient |Var    Value     Gradient
  1  0.17859 -8.64274e+00 |  2 -0.01902  2.94602e-01 |  3  0.02710  5.84918e-01
  4  0.00076 -2.71719e+00 |  5 -0.11342  8.96590e-01 |  6  0.00271 -2.04709e+00
  7 -0.07766  5.58656e+00 |  8 -0.05916 -8.20056e-01 |  9  0.00782 -1.72764e+00
 10  0.13624  4.63001e+00 | 11 -0.05449 -2.69003e+00 | 12  0.04375  2.17445e+00
 13 -0.01839 -2.52893e+00 | 14  0.01046 -8.54827e-01 | 15 -0.03267 -6.82309e+00
 16 -0.04659  1.45032e+00 | 17 -0.00674  1.01916e+00 | 18  0.07659  3.49754e+00
 19  0.13809  4.06921e+00 | 20  0.01890  1.03714e+00 | 21  0.00101  4.99204e+00
 22 -0.06373  2.04605e+00 | 23 -0.04713 -4.98547e+00 | 24  0.04529 -6.86448e-01
 25  0.01658 -8.88071e-01 | 26  0.04578 -3.89672e-01 | 27 -0.01565 -2.61538e+00
 28  0.05785 -1.97547e+00 | 29  0.01158 -2.59066e+00 | 30  0.07642  2.24788e-01
 31  0.00802  1.33568e+00 | 32  0.10165 -2.55925e+00 | 33 -0.01129  2.25949e-01
 34 -0.07650 -6.04795e+00 | 35  0.00160  1.24126e+00 | 36 -0.18669  4.89380e+00
 37  0.22131  2.95126e-01 | 38  0.16252 -1.07392e+01 | 39  0.17252  3.61091e+01
 40  0.18380 -2.10890e+01 | 41 -0.34623  4.35106e+01 | 42 -0.69205 -8.37952e+00
 43  0.05844  6.68548e+00 | 44  0.07607  6.67694e+01 | 45 -0.24074  3.75368e+00
 46 -0.51604 -1.22398e+01 |

 - final statistics:
46 variables; iteration 67; function evaluation 91
Function value 3.6900e+03; maximum gradient component mag -9.6227e+00
Exit code = 1;  converg criter 1.0000e+01
Var    Value     Gradient |Var    Value     Gradient |Var    Value     Gradient
  1  0.22899 -9.62269e+00 |  2 -0.01898  1.71529e-01 |  3  0.02796  1.48637e-01
  4  0.00394  3.64341e-01 |  5 -0.11239  1.00118e-02 |  6  0.00409  2.85568e-01
  7 -0.08030 -5.32728e-01 |  8 -0.05938  1.76252e-01 |  9  0.00718  9.77360e-02
 10  0.13383 -4.31982e-01 | 11 -0.05353  2.30013e-01 | 12  0.04404 -1.11767e-01
 13 -0.01723  1.23276e-01 | 14  0.01164  9.31451e-02 | 15 -0.02809  6.80139e-01
 16 -0.04437 -5.14189e-02 | 17 -0.00539 -8.89533e-02 | 18  0.07580 -3.56200e-01
 19  0.13706 -1.59889e-01 | 20  0.01880 -1.01377e-01 | 21 -0.00083 -5.48892e-01
 22 -0.06470 -2.85337e-01 | 23 -0.04542  5.61064e-01 | 24  0.04416  7.17599e-02
 25  0.01598  6.58768e-02 | 26  0.04426 -2.06467e-01 | 27 -0.01533  4.68540e-01
 28  0.05783  7.84988e-03 | 29  0.01233  7.58875e-02 | 30  0.07591 -3.51788e-02
 31  0.00693 -3.39444e-01 | 32  0.10105  1.61094e-01 | 33 -0.01220  1.04540e-01
 34 -0.07464  6.04328e-01 | 35  0.00114 -2.39372e-01 | 36 -0.19235 -6.93169e-01
 37  0.19872 -6.00455e+00 | 38  0.13999 -2.33074e+00 | 39  0.14895 -3.86321e+00
 40  0.16185 -4.14422e+00 | 41 -0.48280 -2.26499e-01 | 42 -0.63772  3.06058e+00
 43  0.12617 -9.86456e-01 | 44  0.14816  5.44610e-01 | 45 -0.28577  6.42756e-01
 46 -0.57291  2.24607e+00 |

Initial statistics: 52 variables; iteration 0; function evaluation 0; phase 3
Function value 3.6900092e+03; maximum gradient component mag -2.2184e+03
Var    Value     Gradient |Var    Value     Gradient |Var    Value     Gradient
  1  0.22899 -9.62269e+00 |  2 -0.01898  1.63696e-01 |  3  0.02796  1.40808e-01
  4  0.00394  3.56505e-01 |  5 -0.11239  2.29688e-03 |  6  0.00409  2.77732e-01
  7 -0.08030 -5.40502e-01 |  8 -0.05938  1.68450e-01 |  9  0.00718  8.98998e-02
 10  0.13383 -4.39646e-01 | 11 -0.05353  2.22204e-01 | 12  0.04404 -1.19585e-01
 13 -0.01723  1.15442e-01 | 14  0.01164  8.53097e-02 | 15 -0.02809  6.72310e-01
 16 -0.04437 -5.92366e-02 | 17 -0.00539 -9.67897e-02 | 18  0.07580 -3.63981e-01
 19  0.13706 -1.67545e-01 | 20  0.01880 -1.09210e-01 | 21 -0.00083 -5.56728e-01
 22 -0.06470 -2.93134e-01 | 23 -0.04542  5.53247e-01 | 24  0.04416  6.39420e-02
 25  0.01598  5.80426e-02 | 26  0.04426 -2.14285e-01 | 27 -0.01533  4.60706e-01
 28  0.05783  4.54643e-05 | 29  0.01233  6.80522e-02 | 30  0.07591 -4.29599e-02
 31  0.00693 -3.47280e-01 | 32  0.10105  1.53356e-01 | 33 -0.01220  9.67051e-02
 34 -0.07464  5.96545e-01 | 35  0.00114 -2.47208e-01 | 36 -0.19235 -7.00650e-01
 37  0.19872 -6.00455e+00 | 38  0.13999 -2.33074e+00 | 39  0.14895 -3.86321e+00
 40  0.16185 -4.14422e+00 | 41 -0.48280 -2.26499e-01 | 42 -0.63772  3.06058e+00
 43  0.24627 -2.21840e+03 | 44 -0.80278  1.97691e+03 | 45  0.03676 -9.05721e+02
 46 -0.30726  4.34588e+02 | 47  0.26234 -1.15296e+03 | 48 -0.83901  3.30715e+02
 49  0.12617 -9.86456e-01 | 50  0.14816  5.44610e-01 | 51 -0.28577  6.42756e-01
 52 -0.57291  2.24607e+00 |

Intermediate statistics: 52 variables; iteration 20; function evaluation 31; phase 3
Function value 2.7205342e+03; maximum gradient component mag -7.1195e+03
Var    Value     Gradient |Var    Value     Gradient |Var    Value     Gradient
  1  0.18785 -3.00771e+03 |  2 -0.01661  1.35868e+01 |  3  0.04361  3.04482e+01
  4  0.02093  2.51313e+01 |  5 -0.09419  2.02048e+01 |  6  0.03353  4.05395e+01
  7 -0.05270  2.55254e+01 |  8 -0.03087  3.15619e+01 |  9  0.02779  3.13019e+01
 10  0.13934  1.79060e+01 | 11 -0.06467 -3.22128e+01 | 12  0.03985 -6.06692e+00
 13 -0.03433 -8.73852e+01 | 14  0.02054 -5.72973e+01 | 15 -0.04213 -6.49733e+01
 16 -0.05148  3.81611e+01 | 17 -0.02801 -8.54918e+01 | 18  0.05098 -3.66231e+01
 19  0.10088 -1.32196e+01 | 20  0.01588 -5.58333e+01 | 21 -0.07687 -4.71276e+01
 22 -0.05927 -2.26684e+01 | 23 -0.01150 -2.77805e+01 | 24  0.01311  2.55757e+01
 25 -0.03898 -1.49372e+01 | 26  0.01875 -6.96529e+01 | 27 -0.01734 -8.83100e+01
 28  0.03727 -1.17355e+02 | 29  0.00817 -5.42591e+01 | 30  0.08045  3.69404e+01
 31  0.01039 -9.70653e+01 | 32  0.11729 -1.15112e+02 | 33 -0.00083 -7.42166e+01
 34 -0.08775 -4.65966e+01 | 35  0.00337 -2.32297e+01 | 36 -0.09766  5.51964e+01
 37  0.16566 -7.11953e+03 | 38  0.17429  1.81999e+03 | 39  0.15507 -8.98640e+02
 40  0.15387 -7.86296e+02 | 41 -0.29493 -1.00254e+02 | 42 -0.62823 -3.98859e+01
 43  0.51747 -1.39883e+03 | 44 -0.86635  1.32100e+02 | 45  0.09147  2.53674e+01
 46 -0.62298  1.96796e+02 | 47  0.66791 -2.02744e+02 | 48 -0.68369  9.30173e+01
 49  0.03361  5.19518e+01 | 50  0.03767 -2.14651e+02 | 51 -0.29385 -1.61970e+01
 52 -0.59153 -2.21623e+01 |
52 variables; iteration 40; function evaluation 64; phase 3
Function value 2.5613850e+03; maximum gradient component mag -2.8328e+03
Var    Value     Gradient |Var    Value     Gradient |Var    Value     Gradient
  1  0.18477 -1.59468e+03 |  2 -0.05506 -3.01125e+01 |  3  0.01825  6.96372e+00
  4  0.01616  5.84313e+01 |  5 -0.07774  7.65830e+01 |  6 -0.00971 -8.37827e+00
  7 -0.07706  4.01156e+01 |  8 -0.06875  1.85043e+01 |  9  0.00740  4.10305e+01
 10  0.11227 -7.36470e+00 | 11 -0.05621 -8.45208e-01 | 12  0.05984  4.58584e+01
 13  0.00375  1.03817e+01 | 14  0.06980  8.83870e+01 | 15  0.00276  1.85747e+01
 16 -0.02199  6.22595e+01 | 17 -0.00643 -9.06077e+00 | 18  0.05699 -3.04470e+01
 19  0.11252  3.18068e+01 | 20  0.03952  4.92465e+01 | 21 -0.06908 -9.94801e+00
 22 -0.07297 -4.99153e+01 | 23 -0.01334 -7.85983e+00 | 24  0.00047 -4.83155e+00
 25 -0.03415  5.21396e+00 | 26  0.03413 -9.92105e-01 | 27  0.00615 -1.25387e+01
 28  0.05225 -3.26804e+01 | 29  0.01312 -4.51085e+01 | 30  0.07904  2.31703e+01
 31  0.03488 -2.44244e+01 | 32  0.11117 -7.48130e+01 | 33  0.01183  1.92387e+01
 34 -0.08652 -2.46305e+01 | 35 -0.02298 -1.09993e+02 | 36 -0.16729  2.09255e+01
 37  0.17000 -2.83284e+03 | 38  0.16156 -3.09355e+02 | 39  0.16907 -2.55341e+01
 40  0.15394 -5.95573e+02 | 41 -0.40061  1.34761e+01 | 42 -0.56620  1.68673e+02
 43  0.62967 -6.10063e+02 | 44 -0.78407  4.27495e+01 | 45  0.02512 -1.45692e+03
 46 -0.71096  8.63661e+02 | 47  0.77154 -8.01639e+01 | 48 -0.77458  5.23317e+00
 49  0.10679  1.93254e+01 | 50  0.10852  4.58325e+00 | 51 -0.30764  2.45502e+01
 52 -0.65638  9.06009e+01 |
52 variables; iteration 60; function evaluation 95; phase 3
Function value 2.4757461e+03; maximum gradient component mag -1.1827e+03
Var    Value     Gradient |Var    Value     Gradient |Var    Value     Gradient
  1  0.08351 -8.79520e+01 |  2 -0.00344  2.81147e+01 |  3  0.03142  1.15151e+01
  4 -0.00694  1.39055e+01 |  5 -0.12562  1.28766e+01 |  6 -0.01826  9.96312e+00
  7 -0.12784 -3.46476e+01 |  8 -0.05909  3.26161e+01 |  9  0.00225  7.30276e+00
 10  0.11503  5.40212e+00 | 11 -0.05993 -7.59664e+00 | 12  0.03354  1.65376e+01
 13 -0.00123  1.18370e+01 | 14  0.03761 -4.24325e+00 | 15 -0.02008  5.11888e+00
 16 -0.05413  2.09993e+01 | 17 -0.01552  7.89308e+00 | 18  0.06318  9.85910e+00
 19  0.09346 -2.01714e+01 | 20  0.01925  2.29260e+00 | 21 -0.05253  6.09693e+01
 22 -0.03685  3.29549e+01 | 23  0.02005 -1.42376e+01 | 24  0.03577  2.88385e+01
 25 -0.02392  7.77621e+00 | 26  0.05158  2.07034e+00 | 27  0.00720 -9.37846e+00
 28  0.05864  7.54370e+00 | 29  0.01991  2.64822e+00 | 30  0.06700 -1.67000e+01
 31  0.04744  2.79855e+01 | 32  0.12515 -2.04528e+00 | 33  0.00527 -2.03395e+01
 34 -0.07421 -4.33558e+00 | 35  0.01338  1.35118e+01 | 36 -0.16207  3.96277e+00
 37  0.22192  3.47368e+02 | 38  0.21095 -6.50716e+02 | 39  0.22357  9.53020e+01
 40  0.20081 -1.95988e+02 | 41 -0.48881  1.06810e+01 | 42 -0.60124 -3.15067e+01
 43  0.78555 -1.49587e+02 | 44 -0.67260  6.28979e+01 | 45  0.02204  1.17471e+03
 46 -0.71777 -1.18273e+03 | 47  0.84874 -4.03959e+01 | 48 -0.80846 -4.82238e+00
 49  0.15929 -2.52238e+01 | 50  0.17037  4.59415e+01 | 51 -0.32008  3.35290e+00
 52 -0.60530 -2.60189e+01 |
52 variables; iteration 80; function evaluation 116; phase 3
Function value 2.4529907e+03; maximum gradient component mag -3.3937e+00
Var    Value     Gradient |Var    Value     Gradient |Var    Value     Gradient
  1  0.06873 -9.62650e-01 |  2 -0.01331  4.18932e-02 |  3  0.02871  2.18032e-02
  4 -0.01416  1.71115e-02 |  5 -0.13211 -7.11548e-03 |  6 -0.01486  4.28665e-02
  7 -0.10174 -2.70230e-02 |  8 -0.06770  2.21908e-02 |  9  0.00789  3.24466e-02
 10  0.12072  8.52809e-02 | 11 -0.04473  5.06732e-02 | 12  0.03573  1.24965e-02
 13  0.00685 -2.62147e-02 | 14  0.04924 -6.00514e-02 | 15 -0.01744 -2.42176e-02
 16 -0.06234  1.86726e-03 | 17 -0.01520 -4.42646e-02 | 18  0.05703 -2.82822e-02
 19  0.09381  1.72396e-02 | 20  0.01392  1.85628e-02 | 21 -0.08399 -2.84256e-02
 22 -0.04876 -2.04194e-03 | 23  0.03119  6.84759e-02 | 24  0.02906  1.91087e-02
 25 -0.02607 -3.64254e-02 | 26  0.05788  8.42022e-02 | 27  0.00991 -1.34047e-02
 28  0.05295  2.47181e-03 | 29  0.01376 -8.15294e-03 | 30  0.06736 -4.05035e-02
 31  0.03744 -4.31267e-02 | 32  0.12577 -9.84214e-03 | 33  0.01519 -3.45186e-03
 34 -0.06709 -5.76846e-02 | 35  0.01026  6.23084e-02 | 36 -0.15644 -1.87507e-03
 37  0.22734 -8.51025e-01 | 38  0.22499 -3.48084e-01 | 39  0.23159 -1.09579e-01
 40  0.20876 -6.08350e-02 | 41 -0.42375 -5.16764e-01 | 42 -0.62885  3.04421e-01
 43  0.99988 -1.96351e-02 | 44 -0.69618  1.04472e-02 | 45  0.02362 -3.39374e+00
 46 -0.71565  2.98385e+00 | 47  1.00056  2.48218e-02 | 48 -0.69738 -3.37375e-02
 49  0.14710  1.36724e-02 | 50  0.14173 -9.39870e-01 | 51 -0.28875 -5.54373e-02
 52 -0.56624  3.03398e-01 |
52 variables; iteration 100; function evaluation 137; phase 3
Function value 2.4529906e+03; maximum gradient component mag -5.5794e-01
Var    Value     Gradient |Var    Value     Gradient |Var    Value     Gradient
  1  0.06873 -4.24213e-01 |  2 -0.01332  2.94723e-03 |  3  0.02871  3.87302e-03
  4 -0.01414  7.86094e-03 |  5 -0.13208  2.42822e-03 |  6 -0.01485  1.02378e-02
  7 -0.10170  9.91247e-03 |  8 -0.06769  1.09860e-02 |  9  0.00787 -7.59544e-03
 10  0.12069  8.58153e-03 | 11 -0.04476  3.37994e-03 | 12  0.03571  3.32659e-03
 13  0.00685  4.45427e-03 | 14  0.04925  2.59575e-03 | 15 -0.01743  9.93435e-04
 16 -0.06234  8.36050e-04 | 17 -0.01520  6.76674e-04 | 18  0.05703 -2.61718e-03
 19  0.09380 -1.17758e-03 | 20  0.01391  4.22561e-03 | 21 -0.08399 -1.27286e-02
 22 -0.04878 -2.12501e-02 | 23  0.03116  1.83645e-02 | 24  0.02905  1.37698e-02
 25 -0.02606 -2.38008e-02 | 26  0.05786 -6.35601e-03 | 27  0.00991 -4.57844e-03
 28  0.05295 -1.91470e-02 | 29  0.01376  1.64602e-03 | 30  0.06736 -1.25967e-02
 31  0.03744 -1.56363e-02 | 32  0.12577 -6.31422e-03 | 33  0.01519 -1.04601e-02
 34 -0.06706 -9.64488e-03 | 35  0.01024 -8.19035e-03 | 36 -0.15637  1.52153e-02
 37  0.22734 -5.19921e-01 | 38  0.22499 -1.13240e-01 | 39  0.23160 -6.88189e-02
 40  0.20876 -3.57120e-01 | 41 -0.41007  1.09023e-01 | 42 -0.62857 -5.80536e-02
 43  1.00006  9.40281e-03 | 44 -0.69619  3.26943e-03 | 45  0.02369 -5.57939e-01
 46 -0.71557  4.85550e-01 | 47  1.00006  2.65387e-04 | 48 -0.69722 -9.37541e-03
 49  0.13947  2.81633e-03 | 50  0.13412  1.96681e-01 | 51 -0.28893 -3.73032e-03
 52 -0.56655 -4.87348e-02 |
52 variables; iteration 120; function evaluation 161; phase 3
Function value 2.4529905e+03; maximum gradient component mag 3.0586e-01
Var    Value     Gradient |Var    Value     Gradient |Var    Value     Gradient
  1  0.06873  3.05857e-01 |  2 -0.01332 -1.26678e-04 |  3  0.02871 -2.53820e-03
  4 -0.01415 -3.26367e-03 |  5 -0.13209 -3.73815e-03 |  6 -0.01486 -2.97094e-03
  7 -0.10171 -9.53770e-03 |  8 -0.06770 -7.38803e-03 |  9  0.00788  9.66017e-04
 10  0.12069 -3.19436e-05 | 11 -0.04476 -1.08931e-03 | 12  0.03571  2.61550e-03
 13  0.00686 -2.04627e-03 | 14  0.04925  9.82533e-04 | 15 -0.01743  2.23864e-03
 16 -0.06234 -1.16137e-03 | 17 -0.01520 -4.29300e-04 | 18  0.05703 -8.04347e-04
 19  0.09380  1.16798e-03 | 20  0.01391 -1.51095e-03 | 21 -0.08398  8.90285e-04
 22 -0.04877  2.66287e-03 | 23  0.03116  8.80620e-04 | 24  0.02905 -1.25481e-03
 25 -0.02605  4.70112e-03 | 26  0.05786  1.22508e-02 | 27  0.00991  4.30676e-03
 28  0.05295  1.15331e-02 | 29  0.01375  6.83220e-04 | 30  0.06736  1.55296e-03
 31  0.03745  1.94900e-03 | 32  0.12576  1.80977e-03 | 33  0.01519  2.07263e-03
 34 -0.06706 -3.95142e-03 | 35  0.01024  1.13964e-03 | 36 -0.15641 -1.02362e-02
 37  0.22734  1.79047e-01 | 38  0.22500  4.35953e-02 | 39  0.23160  1.46555e-02
 40  0.20876  1.44582e-01 | 41 -0.36038  1.01977e-01 | 42 -0.62977 -1.04395e-01
 43  1.00026  4.70269e-02 | 44 -0.69620 -9.95633e-05 | 45  0.02399 -2.08836e-02
 46 -0.71523  1.19948e-02 | 47  1.00035  1.37495e-02 | 48 -0.69714  4.56020e-03
 49  0.11084  1.30299e-02 | 50  0.10552  1.64760e-01 | 51 -0.28796 -8.25771e-03
 52 -0.56518 -8.63396e-02 |
52 variables; iteration 140; function evaluation 183; phase 3
Function value 2.4529904e+03; maximum gradient component mag -7.0676e-01
Var    Value     Gradient |Var    Value     Gradient |Var    Value     Gradient
  1  0.06873  1.08922e-02 |  2 -0.01332  1.96587e-03 |  3  0.02871 -1.75847e-03
  4 -0.01415  3.66113e-03 |  5 -0.13209 -1.66210e-03 |  6 -0.01486  2.76865e-03
  7 -0.10171 -1.50857e-03 |  8 -0.06770  2.02738e-03 |  9  0.00787 -2.95938e-03
 10  0.12069  8.38255e-03 | 11 -0.04476  3.63453e-03 | 12  0.03571  5.49840e-03
 13  0.00685  5.66316e-04 | 14  0.04925  3.57120e-03 | 15 -0.01743 -7.13438e-04
 16 -0.06234 -8.73988e-04 | 17 -0.01520 -4.15730e-04 | 18  0.05703 -3.93926e-03
 19  0.09380  2.67516e-03 | 20  0.01391  4.02588e-03 | 21 -0.08399 -7.97165e-03
 22 -0.04877 -8.11440e-03 | 23  0.03116  1.36520e-02 | 24  0.02905  7.87987e-03
 25 -0.02606 -1.22559e-02 | 26  0.05786  1.64738e-03 | 27  0.00991 -1.67509e-03
 28  0.05295 -1.59209e-03 | 29  0.01375 -3.37160e-04 | 30  0.06736 -4.77623e-03
 31  0.03745 -6.24264e-03 | 32  0.12577  2.22899e-03 | 33  0.01519 -3.15802e-03
 34 -0.06706 -1.13741e-02 | 35  0.01024  2.99303e-04 | 36 -0.15639 -9.32083e-05
 37  0.22734 -1.96529e-01 | 38  0.22499 -3.11335e-02 | 39  0.23160 -3.80554e-02
 40  0.20876 -7.43410e-02 | 41 -0.31077  1.61343e-01 | 42 -0.63378 -1.18396e-01
 43  0.99992 -1.36184e-02 | 44 -0.69619  3.19292e-03 | 45  0.02433 -7.06759e-01
 46 -0.71485  6.18266e-01 | 47  0.99989 -3.04049e-03 | 48 -0.69718 -1.87670e-03
 49  0.08102  1.27780e-02 | 50  0.07575  2.54554e-01 | 51 -0.28477 -1.15726e-02
 52 -0.56064 -9.79362e-02 |
52 variables; iteration 160; function evaluation 208; phase 3
Function value 2.4529903e+03; maximum gradient component mag 7.0619e-01
Var    Value     Gradient |Var    Value     Gradient |Var    Value     Gradient
  1  0.06873  2.81029e-01 |  2 -0.01332 -4.02370e-04 |  3  0.02871  2.81800e-03
  4 -0.01415 -3.78608e-03 |  5 -0.13209 -5.99594e-03 |  6 -0.01486 -5.21185e-04
  7 -0.10171 -5.92361e-03 |  8 -0.06770 -5.52947e-03 |  9  0.00788 -1.66108e-03
 10  0.12070  7.29845e-03 | 11 -0.04476 -2.90759e-03 | 12  0.03571  1.05951e-03
 13  0.00686  2.08034e-03 | 14  0.04925  4.15164e-03 | 15 -0.01743  2.53729e-03
 16 -0.06234 -4.19340e-03 | 17 -0.01520 -4.88199e-04 | 18  0.05703 -8.88606e-04
 19  0.09380  3.17958e-03 | 20  0.01391  5.96239e-05 | 21 -0.08399 -4.12768e-03
 22 -0.04877 -6.16265e-03 | 23  0.03116  8.43376e-03 | 24  0.02906  6.45654e-03
 25 -0.02606 -4.94210e-03 | 26  0.05786  1.05199e-02 | 27  0.00991  3.98782e-03
 28  0.05295  3.39794e-03 | 29  0.01375  1.82443e-03 | 30  0.06736  4.06863e-05
 31  0.03745 -5.91127e-03 | 32  0.12577  9.70194e-03 | 33  0.01519 -1.62475e-03
 34 -0.06706 -1.71786e-03 | 35  0.01024 -1.62532e-03 | 36 -0.15639 -3.28658e-03
 37  0.22734  6.16793e-03 | 38  0.22500  1.47249e-02 | 39  0.23160  5.99290e-03
 40  0.20876  4.13404e-02 | 41 -0.24343  2.85403e-01 | 42 -0.64331 -1.43925e-01
 43  1.00001 -8.72291e-03 | 44 -0.69620 -9.27957e-04 | 45  0.02486  7.06188e-01
 46 -0.71425 -6.32057e-01 | 47  0.99931 -3.34622e-02 | 48 -0.69717 -2.59709e-04
 49  0.03888  3.12369e-02 | 50  0.03363  4.17909e-01 | 51 -0.27732 -1.28703e-02
 52 -0.55017 -1.24817e-01 |
52 variables; iteration 180; function evaluation 230; phase 3
Function value 2.4529902e+03; maximum gradient component mag -4.3228e-01
Var    Value     Gradient |Var    Value     Gradient |Var    Value     Gradient
  1  0.06873  1.77914e-01 |  2 -0.01332 -2.22836e-03 |  3  0.02871 -7.24283e-04
  4 -0.01415 -2.31682e-04 |  5 -0.13209 -2.21415e-03 |  6 -0.01486 -1.17613e-03
  7 -0.10171 -3.62173e-03 |  8 -0.06770 -2.04171e-03 |  9  0.00788 -1.77048e-03
 10  0.12069  1.39878e-03 | 11 -0.04476 -6.51843e-04 | 12  0.03571  3.33478e-03
 13  0.00686  6.17439e-04 | 14  0.04925  5.07810e-03 | 15 -0.01743  9.32380e-04
 16 -0.06234  1.57167e-03 | 17 -0.01520 -1.00349e-04 | 18  0.05703  5.53062e-04
 19  0.09380  1.95079e-04 | 20  0.01391 -1.22099e-03 | 21 -0.08398 -6.44520e-04
 22 -0.04877  1.78893e-03 | 23  0.03116 -2.61870e-05 | 24  0.02905 -7.55758e-04
 25 -0.02605  2.58701e-03 | 26  0.05786  4.05404e-03 | 27  0.00991  4.82833e-04
 28  0.05295  3.34689e-03 | 29  0.01375 -1.30144e-03 | 30  0.06736  9.14678e-05
 31  0.03745  6.33879e-04 | 32  0.12577  1.94945e-03 | 33  0.01519  2.22947e-03
 34 -0.06706 -2.95977e-03 | 35  0.01024 -4.22413e-03 | 36 -0.15640 -4.77274e-03
 37  0.22734  3.01557e-02 | 38  0.22499  1.59602e-02 | 39  0.23160 -1.01181e-03
 40  0.20876  1.06669e-02 | 41 -0.18916  1.77621e-01 | 42 -0.65373 -8.22782e-02
 43  0.99993 -1.12050e-02 | 44 -0.69619  6.69745e-04 | 45  0.02534 -4.32277e-01
 46 -0.71370  3.77160e-01 | 47  1.00014  4.34354e-03 | 48 -0.69717  3.41465e-04
 49  0.00369  2.18712e-02 | 50 -0.00156  2.49799e-01 | 51 -0.26943 -6.88216e-03
 52 -0.53923 -7.47396e-02 |
52 variables; iteration 200; function evaluation 255; phase 3
Function value 2.4529902e+03; maximum gradient component mag 1.4857e-01
Var    Value     Gradient |Var    Value     Gradient |Var    Value     Gradient
  1  0.06873 -4.16820e-03 |  2 -0.01332  1.38645e-04 |  3  0.02871  4.19789e-04
  4 -0.01415  1.19252e-04 |  5 -0.13209  1.55417e-05 |  6 -0.01486  1.41426e-04
  7 -0.10171  1.54983e-04 |  8 -0.06770  1.07818e-04 |  9  0.00788  9.41263e-05
 10  0.12069  2.17408e-04 | 11 -0.04476 -3.44297e-05 | 12  0.03571  2.65445e-05
 13  0.00686  2.33642e-04 | 14  0.04925  3.61631e-04 | 15 -0.01743  1.18426e-04
 16 -0.06234 -1.50220e-04 | 17 -0.01520 -1.38341e-04 | 18  0.05703  2.64230e-04
 19  0.09380 -8.72859e-05 | 20  0.01391  2.86877e-05 | 21 -0.08398  7.65865e-05
 22 -0.04877  8.27881e-05 | 23  0.03116  2.11091e-04 | 24  0.02905  3.48784e-04
 25 -0.02605  1.49514e-05 | 26  0.05786  2.02975e-05 | 27  0.00991  1.83668e-04
 28  0.05295  9.91287e-05 | 29  0.01375  1.82231e-04 | 30  0.06736  8.49113e-05
 31  0.03745 -2.73344e-04 | 32  0.12577 -1.49449e-04 | 33  0.01519 -3.84137e-04
 34 -0.06706  4.88468e-05 | 35  0.01024 -5.13382e-04 | 36 -0.15640  4.04010e-04
 37  0.22734 -3.94810e-03 | 38  0.22500 -1.66058e-03 | 39  0.23160  4.83797e-04
 40  0.20876 -4.13120e-03 | 41 -0.15522  1.99764e-03 | 42 -0.66116  1.01296e-03
 43  1.00027  4.91025e-02 | 44 -0.69619 -2.19429e-04 | 45  0.02568  1.48573e-01
 46 -0.71333 -1.38399e-01 | 47  1.00024  9.08864e-03 | 48 -0.69717 -2.57870e-04
 49 -0.01880  4.11912e-04 | 50 -0.02405  3.53943e-03 | 51 -0.26396 -9.90266e-05
 52 -0.53174  1.98157e-03 |
52 variables; iteration 220; function evaluation 278; phase 3
Function value 2.4529901e+03; maximum gradient component mag -2.3082e-01
Var    Value     Gradient |Var    Value     Gradient |Var    Value     Gradient
  1  0.06873  6.73539e-02 |  2 -0.01332 -8.70885e-04 |  3  0.02871 -5.96743e-04
  4 -0.01415 -8.29076e-04 |  5 -0.13209 -1.14651e-03 |  6 -0.01486 -5.53339e-04
  7 -0.10171 -1.14063e-03 |  8 -0.06770 -8.69419e-04 |  9  0.00788 -8.51274e-04
 10  0.12069  7.15025e-04 | 11 -0.04476 -2.74057e-04 | 12  0.03571  4.26567e-04
 13  0.00686  2.79308e-04 | 14  0.04925  4.90459e-04 | 15 -0.01743  1.31374e-04
 16 -0.06234  4.43191e-04 | 17 -0.01520  5.97485e-04 | 18  0.05703 -4.45343e-04
 19  0.09380  8.31178e-04 | 20  0.01391 -2.71981e-04 | 21 -0.08398 -1.00376e-03
 22 -0.04877 -1.38765e-03 | 23  0.03116  3.12322e-04 | 24  0.02905  1.96230e-04
 25 -0.02605 -8.37632e-04 | 26  0.05786  1.97658e-03 | 27  0.00991  2.12319e-04
 28  0.05295 -1.42426e-04 | 29  0.01375 -6.34104e-04 | 30  0.06736 -1.63453e-04
 31  0.03745 -6.19470e-06 | 32  0.12577  1.61806e-03 | 33  0.01519  5.14906e-04
 34 -0.06706 -5.99931e-04 | 35  0.01024 -4.66001e-05 | 36 -0.15640 -1.46050e-03
 37  0.22734  6.69846e-03 | 38  0.22499  5.61689e-03 | 39  0.23160  7.30557e-04
 40  0.20876  8.96402e-03 | 41 -0.12785  6.56554e-02 | 42 -0.66741 -3.01892e-02
 43  1.00004  4.47801e-03 | 44 -0.69619  3.25907e-04 | 45  0.02596 -2.30820e-01
 46 -0.71301  1.98911e-01 | 47  0.99992 -1.86935e-03 | 48 -0.69717  2.62914e-04
 49 -0.03717  7.25056e-03 | 50 -0.04243  9.05483e-02 | 51 -0.25946 -2.69008e-03
 52 -0.52562 -2.80280e-02 |
52 variables; iteration 240; function evaluation 301; phase 3
Function value 2.4529901e+03; maximum gradient component mag -4.9924e-02
Var    Value     Gradient |Var    Value     Gradient |Var    Value     Gradient
  1  0.06873  1.50657e-03 |  2 -0.01332  2.87943e-04 |  3  0.02871  1.36902e-04
  4 -0.01415  9.71438e-05 |  5 -0.13209 -2.28679e-04 |  6 -0.01486 -7.70480e-05
  7 -0.10171 -3.46052e-04 |  8 -0.06770 -1.75835e-04 |  9  0.00788 -2.61687e-04
 10  0.12069  5.65056e-04 | 11 -0.04476  4.37146e-04 | 12  0.03571  3.39878e-04
 13  0.00686 -4.00443e-05 | 14  0.04925 -3.22659e-04 | 15 -0.01743  3.51804e-04
 16 -0.06234  2.71521e-04 | 17 -0.01520  1.00188e-04 | 18  0.05703 -7.05699e-05
 19  0.09380  5.09712e-05 | 20  0.01391  2.98238e-04 | 21 -0.08398  6.00185e-05
 22 -0.04877  4.20788e-04 | 23  0.03116  6.51543e-04 | 24  0.02905  3.80000e-05
 25 -0.02605  5.72217e-05 | 26  0.05786  3.50322e-04 | 27  0.00991  1.58778e-04
 28  0.05295  1.96062e-04 | 29  0.01375  2.02869e-04 | 30  0.06736 -2.29282e-04
 31  0.03745 -2.08654e-04 | 32  0.12577 -5.39177e-04 | 33  0.01519 -2.55545e-04
 34 -0.06706 -5.75598e-04 | 35  0.01024 -2.80217e-04 | 36 -0.15640 -4.31208e-04
 37  0.22734 -8.11313e-03 | 38  0.22499 -1.18818e-04 | 39  0.23160 -3.39746e-03
 40  0.20876  1.15707e-04 | 41 -0.10325  2.12616e-02 | 42 -0.67202 -4.11484e-02
 43  1.00006  8.30124e-03 | 44 -0.69619 -1.86406e-06 | 45  0.02632 -4.99240e-02
 46 -0.71261  3.80967e-02 | 47  0.99994 -3.75644e-04 | 48 -0.69717 -4.04992e-05
 49 -0.05386  3.94199e-04 | 50 -0.05912  3.10038e-02 | 51 -0.25620 -2.17045e-03
 52 -0.52121 -4.03489e-02 |
52 variables; iteration 260; function evaluation 323; phase 3
Function value 2.4529901e+03; maximum gradient component mag 6.8356e-02
Var    Value     Gradient |Var    Value     Gradient |Var    Value     Gradient
  1  0.06873  6.83562e-02 |  2 -0.01332 -5.26889e-04 |  3  0.02871  4.62215e-05
  4 -0.01415 -6.47242e-04 |  5 -0.13209 -1.68853e-03 |  6 -0.01486 -4.35353e-04
  7 -0.10171 -1.81599e-03 |  8 -0.06770 -1.56187e-03 |  9  0.00788 -1.17289e-04
 10  0.12069  1.46421e-03 | 11 -0.04476 -5.02310e-04 | 12  0.03571  1.24749e-03
 13  0.00686 -1.19475e-03 | 14  0.04925  8.91013e-04 | 15 -0.01743 -2.40301e-04
 16 -0.06234 -1.56742e-03 | 17 -0.01520 -6.22528e-04 | 18  0.05703  1.40814e-05
 19  0.09380  1.52491e-03 | 20  0.01391 -6.32722e-04 | 21 -0.08398 -1.71769e-03
 22 -0.04877 -1.70963e-03 | 23  0.03116  1.74116e-03 | 24  0.02905  4.03159e-05
 25 -0.02605 -1.77561e-03 | 26  0.05786  2.75043e-03 | 27  0.00991 -5.22177e-05
 28  0.05295  1.16059e-03 | 29  0.01375 -6.52522e-04 | 30  0.06736  2.19082e-04
 31  0.03745 -9.72426e-04 | 32  0.12577  2.84565e-03 | 33  0.01519  2.36919e-04
 34 -0.06706 -1.71240e-03 | 35  0.01024 -2.12789e-04 | 36 -0.15640 -1.18166e-03
 37  0.22734  3.21261e-03 | 38  0.22499  3.41112e-04 | 39  0.23160 -1.94971e-03
 40  0.20876  5.41981e-03 | 41 -0.05069  3.17809e-02 | 42 -0.65585  6.29938e-02
 43  1.00001 -1.16800e-02 | 44 -0.69619 -2.49361e-04 | 45  0.02891  6.49630e-04
 46 -0.70971 -1.01725e-02 | 47  0.99994 -5.70202e-04 | 48 -0.69717  1.78487e-04
 49 -0.08994  8.78261e-03 | 50 -0.09524  3.65257e-02 | 51 -0.26786  2.22478e-04
 52 -0.53707  6.24300e-02 |
52 variables; iteration 280; function evaluation 352; phase 3
Function value 2.4529352e+03; maximum gradient component mag 1.3035e+02
Var    Value     Gradient |Var    Value     Gradient |Var    Value     Gradient
  1  0.06880 -4.74529e+01 |  2 -0.01331  7.70333e-01 |  3  0.02859  4.14900e-01
  4 -0.01445  3.63726e-01 |  5 -0.13261  3.79162e-01 |  6 -0.01532  1.57852e-01
  7 -0.10220  6.68210e-01 |  8 -0.06834  2.33490e-01 |  9  0.00750  1.58688e-01
 10  0.12069 -3.42327e-01 | 11 -0.04447  7.40275e-01 | 12  0.03595  9.41271e-03
 13  0.00680 -1.57591e+00 | 14  0.04927 -1.00132e+00 | 15 -0.01725 -5.36650e-01
 16 -0.06233 -1.14584e+00 | 17 -0.01492 -3.42440e-01 | 18  0.05727  5.43781e-01
 19  0.09406  1.18408e+00 | 20  0.01413  1.78095e-01 | 21 -0.08379 -5.81487e-02
 22 -0.04862 -3.28446e-01 | 23  0.03139 -2.09437e-02 | 24  0.02911 -1.73352e-01
 25 -0.02607 -6.65601e-01 | 26  0.05800 -3.17508e-01 | 27  0.00999 -5.04692e-01
 28  0.05312  5.19451e-02 | 29  0.01394  7.37821e-02 | 30  0.06754  1.61728e-01
 31  0.03760 -1.64094e-01 | 32  0.12574 -8.31157e-01 | 33  0.01504 -1.13600e+00
 34 -0.06706 -5.34736e-01 | 35  0.01030  1.32471e+00 | 36 -0.15668  1.09124e+00
 37  0.22725 -1.06099e+01 | 38  0.22488 -5.34492e+00 | 39  0.23145 -2.66806e+00
 40  0.20870 -2.67847e+00 | 41  0.22346 -8.36499e+01 | 42 -0.57118  1.30349e+02
 43  1.00176  4.14928e-01 | 44 -0.69628 -9.06375e-02 | 45  0.04256 -6.88929e+01
 46 -0.69465 -3.49973e+01 | 47  0.99700 -4.47535e-01 | 48 -0.69712  1.96391e-02
 49 -0.28486 -3.54567e+00 | 50 -0.29037 -1.12801e+02 | 51 -0.33834  2.27583e+00
 52 -0.63693  8.45273e+01 |
52 variables; iteration 300; function evaluation 372; phase 3
Function value 2.4481752e+03; maximum gradient component mag -1.4872e+01
Var    Value     Gradient |Var    Value     Gradient |Var    Value     Gradient
  1  0.06682  7.72285e-01 |  2 -0.01256  2.48892e-02 |  3  0.02959 -1.23108e-01
  4 -0.01401 -4.82966e-03 |  5 -0.13211  1.24235e-02 |  6 -0.01477 -1.07202e-03
  7 -0.10184 -4.51841e-02 |  8 -0.06722  3.22768e-02 |  9  0.00884 -1.85422e-02
 10  0.12168 -5.31283e-02 | 11 -0.04415  4.03115e-02 | 12  0.03625 -7.33107e-03
 13  0.00790  3.84349e-02 | 14  0.05036 -4.47652e-03 | 15 -0.01722 -1.03023e-02
 16 -0.06218  2.26053e-02 | 17 -0.01563 -1.34364e-02 | 18  0.05589 -1.04767e-02
 19  0.09180  4.72015e-02 | 20  0.01312  1.51256e-02 | 21 -0.08751 -2.18315e-02
 22 -0.05071 -8.36612e-03 | 23  0.03508  5.66621e-02 | 24  0.02792  5.49200e-02
 25 -0.03030 -9.63477e-02 | 26  0.05970  2.25214e-02 | 27  0.00859  2.73745e-02
 28  0.05307  4.18181e-02 | 29  0.01173  1.93761e-02 | 30  0.06750  1.41692e-02
 31  0.03579 -6.97720e-02 | 32  0.12730  9.02213e-02 | 33  0.01634  1.62806e-02
 34 -0.06694 -5.75994e-02 | 35  0.01002  7.56086e-02 | 36 -0.15250  6.61709e-02
 37  0.22850  4.23318e-01 | 38  0.22670  1.46569e-01 | 39  0.23293  2.16738e-05
 40  0.20981  1.59636e+00 | 41  0.70471 -6.77664e-01 | 42 -0.57346  1.23290e+00
 43  0.99882 -2.48958e-01 | 44 -0.69614 -3.94530e-02 | 45  0.06647  8.68089e+00
 46 -0.67402 -1.48716e+01 | 47  1.00119  8.11133e-02 | 48 -0.69640 -8.22183e-03
 49 -0.59887 -6.26250e-01 | 50 -0.60891 -6.77765e-01 | 51 -0.33698  1.97924e-01
 52 -0.63865  6.86513e-01 |
52 variables; iteration 320; function evaluation 393; phase 3
Function value 2.4481644e+03; maximum gradient component mag 2.4780e-01
Var    Value     Gradient |Var    Value     Gradient |Var    Value     Gradient
  1  0.06680 -1.11791e-01 |  2 -0.01263 -1.25341e-03 |  3  0.02952  4.75681e-03
  4 -0.01412  1.17780e-03 |  5 -0.13220 -1.33906e-03 |  6 -0.01489  5.45818e-04
  7 -0.10190  1.04303e-03 |  8 -0.06730  1.14023e-04 |  9  0.00880 -6.23320e-04
 10  0.12165 -2.30793e-03 | 11 -0.04418  9.56273e-04 | 12  0.03627 -2.49938e-03
 13  0.00792 -3.46804e-03 | 14  0.05039 -1.16815e-03 | 15 -0.01720  7.57233e-04
 16 -0.06217  2.50947e-03 | 17 -0.01561  1.85422e-03 | 18  0.05592  3.26785e-03
 19  0.09182 -6.47166e-04 | 20  0.01313 -3.69902e-03 | 21 -0.08746  2.24179e-03
 22 -0.05068  2.64451e-03 | 23  0.03504 -8.91772e-03 | 24  0.02794 -8.77132e-03
 25 -0.03020  3.60656e-03 | 26  0.05972 -3.77042e-03 | 27  0.00863 -2.12230e-03
 28  0.05309 -1.38652e-03 | 29  0.01176 -1.30631e-03 | 30  0.06752 -5.84512e-04
 31  0.03586  3.55093e-03 | 32  0.12730 -7.93292e-03 | 33  0.01636  2.35512e-03
 34 -0.06688  9.09312e-04 | 35  0.01002 -1.16029e-03 | 36 -0.15241 -5.85462e-05
 37  0.22850  2.84394e-02 | 38  0.22671  2.61862e-02 | 39  0.23294  8.10409e-03
 40  0.20981 -7.18432e-03 | 41  0.69542 -8.75917e-02 | 42 -0.57035  2.47801e-01
 43  1.00025  4.44880e-02 | 44 -0.69609 -2.11691e-03 | 45  0.06674 -1.08125e-01
 46 -0.67248 -4.11899e-02 | 47  0.99931 -3.34692e-02 | 48 -0.69630 -5.68409e-04
 49 -0.59335  3.36713e-02 | 50 -0.60388 -2.13876e-01 | 51 -0.33969  1.13763e-03
 52 -0.64344  1.56217e-01 |
52 variables; iteration 340; function evaluation 418; phase 3
Function value 2.4481639e+03; maximum gradient component mag 1.5159e-01
Var    Value     Gradient |Var    Value     Gradient |Var    Value     Gradient
  1  0.06680  4.23805e-02 |  2 -0.01263 -2.28799e-03 |  3  0.02953 -3.54432e-03
  4 -0.01410  1.00635e-03 |  5 -0.13219  4.06746e-03 |  6 -0.01487 -1.64786e-03
  7 -0.10189  2.90875e-03 |  8 -0.06729  1.76531e-03 |  9  0.00881  1.29607e-03
 10  0.12165 -4.18633e-03 | 11 -0.04418 -1.08200e-03 | 12  0.03626  1.99267e-03
 13  0.00792  2.21035e-03 | 14  0.05039  3.33660e-03 | 15 -0.01721 -2.40223e-03
 16 -0.06218  2.73080e-03 | 17 -0.01561 -1.05925e-03 | 18  0.05592  9.55962e-04
 19  0.09181 -2.98286e-03 | 20  0.01313 -2.71106e-04 | 21 -0.08746  3.67663e-03
 22 -0.05068  6.63095e-03 | 23  0.03504 -6.45788e-03 | 24  0.02794  1.29593e-04
 25 -0.03020  8.90080e-03 | 26  0.05971 -1.30710e-03 | 27  0.00863 -2.78232e-04
 28  0.05308 -4.20816e-04 | 29  0.01175 -2.85990e-03 | 30  0.06752  2.60360e-03
 31  0.03586  5.07523e-03 | 32  0.12730 -4.56451e-03 | 33  0.01636 -5.31074e-04
 34 -0.06689  3.06739e-03 | 35  0.01001 -5.87117e-03 | 36 -0.15240 -8.62761e-04
 37  0.22850  5.33283e-02 | 38  0.22670 -1.82457e-02 | 39  0.23294  8.24146e-03
 40  0.20981 -3.63695e-02 | 41  0.63370  9.22612e-02 | 42 -0.55429 -9.91567e-02
 43  0.99960 -7.29537e-02 | 44 -0.69609 -3.38382e-04 | 45  0.06675  2.69135e-02
 46 -0.67247  3.55006e-02 | 47  1.00015  4.89310e-03 | 48 -0.69629  8.62657e-04
 49 -0.55887 -1.29474e-02 | 50 -0.56862  1.51585e-01 | 51 -0.35537  2.06074e-03
 52 -0.66948 -6.38403e-02 |
52 variables; iteration 360; function evaluation 442; phase 3
Function value 2.4481632e+03; maximum gradient component mag -9.8343e-01
Var    Value     Gradient |Var    Value     Gradient |Var    Value     Gradient
  1  0.06680 -9.24984e-01 |  2 -0.01263  7.19762e-03 |  3  0.02953 -4.96167e-03
  4 -0.01411  8.11004e-03 |  5 -0.13219  1.81745e-02 |  6 -0.01488  2.92519e-03
  7 -0.10189  1.83509e-02 |  8 -0.06729  1.50294e-02 |  9  0.00880  9.60099e-03
 10  0.12165 -1.55848e-02 | 11 -0.04418  6.21077e-03 | 12  0.03626 -9.04818e-03
 13  0.00792 -7.33841e-03 | 14  0.05039 -1.98156e-02 | 15 -0.01721 -8.77675e-03
 16 -0.06218 -6.49626e-04 | 17 -0.01561 -3.45504e-03 | 18  0.05592  2.44200e-03
 19  0.09182 -3.72785e-03 | 20  0.01313  2.89440e-03 | 21 -0.08746  1.00711e-02
 22 -0.05068  1.00493e-02 | 23  0.03504 -1.47214e-02 | 24  0.02794 -8.34925e-03
 25 -0.03020  6.41098e-03 | 26  0.05971 -2.51342e-02 | 27  0.00863 -7.07927e-03
 28  0.05309 -1.04467e-02 | 29  0.01175  1.77776e-04 | 30  0.06752  1.80401e-03
 31  0.03586  8.43175e-03 | 32  0.12730 -1.90118e-02 | 33  0.01636 -3.11384e-03
 34 -0.06689  8.41956e-03 | 35  0.01001  1.33404e-02 | 36 -0.15240  1.94105e-02
 37  0.22850 -2.29862e-02 | 38  0.22670 -5.77671e-02 | 39  0.23294 -5.67422e-03
 40  0.20981 -7.38767e-02 | 41  0.54730 -6.87716e-01 | 42 -0.54439  8.79146e-01
 43  0.99978 -4.04331e-02 | 44 -0.69609 -1.32044e-03 | 45  0.06675 -1.81080e-02
 46 -0.67247  3.23833e-02 | 47  0.99976 -8.84536e-03 | 48 -0.69629  2.88840e-04
 49 -0.50577 -8.84238e-02 | 50 -0.51465 -9.83427e-01 | 51 -0.36537  4.80244e-02
 52 -0.68690  4.50057e-01 |
52 variables; iteration 380; function evaluation 465; phase 3
Function value 2.4481624e+03; maximum gradient component mag -1.5101e+00
Var    Value     Gradient |Var    Value     Gradient |Var    Value     Gradient
  1  0.06680 -1.24351e+00 |  2 -0.01263  1.10157e-02 |  3  0.02952 -6.84259e-03
  4 -0.01411  7.45057e-03 |  5 -0.13220  1.88157e-02 |  6 -0.01488  3.49250e-03
  7 -0.10189  2.14620e-02 |  8 -0.06730  1.77397e-02 |  9  0.00880  9.92291e-03
 10  0.12165 -1.78095e-02 | 11 -0.04418  9.76966e-03 | 12  0.03626 -1.24906e-02
 13  0.00792 -8.22687e-03 | 14  0.05039 -3.05733e-02 | 15 -0.01721 -7.43008e-03
 16 -0.06218 -2.00996e-03 | 17 -0.01561 -2.45478e-03 | 18  0.05592  2.15454e-03
 19  0.09182 -3.18382e-04 | 20  0.01313  3.52245e-03 | 21 -0.08746  8.73687e-03
 22 -0.05068  3.90113e-03 | 23  0.03504 -8.48231e-03 | 24  0.02794 -1.00124e-02
 25 -0.03020 -2.52751e-03 | 26  0.05971 -2.76823e-02 | 27  0.00863 -7.86690e-03
 28  0.05309 -1.51722e-02 | 29  0.01176  3.20778e-03 | 30  0.06752 -2.07288e-03
 31  0.03586  2.24344e-03 | 32  0.12730 -2.18532e-02 | 33  0.01636 -2.48516e-03
 34 -0.06689  5.57520e-03 | 35  0.01001  2.10281e-02 | 36 -0.15241  2.41182e-02
 37  0.22850 -1.08474e-01 | 38  0.22670 -2.34489e-02 | 39  0.23294 -1.61369e-02
 40  0.20981 -1.09925e-01 | 41  0.41922 -1.14136e+00 | 42 -0.54498  1.11427e+00
 43  0.99967 -6.08424e-02 | 44 -0.69609 -3.68803e-04 | 45  0.06675 -4.28821e-02
 46 -0.67247  1.69041e-02 | 47  1.00054  2.37908e-02 | 48 -0.69631 -2.19255e-03
 49 -0.42034 -1.41588e-01 | 50 -0.42819 -1.51007e+00 | 51 -0.36477  6.74954e-02
 52 -0.68585  5.70509e-01 |
52 variables; iteration 400; function evaluation 488; phase 3
Function value 2.4481615e+03; maximum gradient component mag -3.3707e-01
Var    Value     Gradient |Var    Value     Gradient |Var    Value     Gradient
  1  0.06680 -2.01679e-01 |  2 -0.01263  2.83584e-03 |  3  0.02952  2.60283e-03
  4 -0.01411  3.79029e-03 |  5 -0.13219  3.65822e-03 |  6 -0.01488  4.51644e-03
  7 -0.10189  2.50679e-03 |  8 -0.06730  3.11322e-03 |  9  0.00880  3.67040e-03
 10  0.12165  1.80660e-03 | 11 -0.04418  1.41160e-03 | 12  0.03626 -5.61327e-03
 13  0.00792 -6.61224e-03 | 14  0.05039 -7.43744e-03 | 15 -0.01721 -2.10131e-03
 16 -0.06218 -1.38405e-04 | 17 -0.01561 -1.19780e-03 | 18  0.05592 -7.58753e-05
 19  0.09182 -1.24786e-03 | 20  0.01313  6.00714e-04 | 21 -0.08746  1.89384e-03
 22 -0.05068  2.37358e-03 | 23  0.03504 -2.94371e-03 | 24  0.02794 -1.74624e-03
 25 -0.03020 -2.90096e-07 | 26  0.05971 -9.56849e-03 | 27  0.00863 -2.80418e-03
 28  0.05309 -4.07317e-03 | 29  0.01176  5.64824e-05 | 30  0.06752  4.29704e-04
 31  0.03586  1.13513e-03 | 32  0.12730 -2.56715e-03 | 33  0.01636  3.88343e-04
 34 -0.06689  2.44742e-03 | 35  0.01001  4.38238e-03 | 36 -0.15240  5.12855e-03
 37  0.22850 -2.82092e-03 | 38  0.22670 -1.79858e-02 | 39  0.23294 -2.80147e-03
 40  0.20981 -8.31951e-03 | 41  0.26737 -2.24276e-01 | 42 -0.55827  1.83657e-01
 43  1.00002 -1.18831e-03 | 44 -0.69609 -4.42815e-04 | 45  0.06675  1.08285e-02
 46 -0.67247 -6.91222e-04 | 47  0.99872 -9.28470e-02 | 48 -0.69630  3.22529e-04
 49 -0.31357  1.89170e-02 | 50 -0.32062 -3.37075e-01 | 51 -0.35141 -3.38873e-03
 52 -0.66277  1.08332e-01 |
52 variables; iteration 420; function evaluation 510; phase 3
Function value 2.4481608e+03; maximum gradient component mag 7.0523e-01
Var    Value     Gradient |Var    Value     Gradient |Var    Value     Gradient
  1  0.06680  7.05228e-01 |  2 -0.01263 -2.87732e-03 |  3  0.02953  1.06839e-02
  4 -0.01411 -1.88342e-03 |  5 -0.13219 -1.41394e-02 |  6 -0.01488  2.35823e-03
  7 -0.10189 -1.48829e-02 |  8 -0.06730 -1.23241e-02 |  9  0.00880 -6.40756e-03
 10  0.12165  2.17873e-02 | 11 -0.04418 -4.10482e-03 | 12  0.03626  5.62733e-03
 13  0.00792 -6.15588e-03 | 14  0.05039  1.50908e-02 | 15 -0.01721  2.59426e-03
 16 -0.06218 -8.31843e-03 | 17 -0.01561 -3.44284e-03 | 18  0.05592 -5.91016e-04
 19  0.09182  1.08924e-02 | 20  0.01313 -2.51335e-03 | 21 -0.08746 -1.30288e-02
 22 -0.05068 -1.27188e-02 | 23  0.03504  1.63909e-02 | 24  0.02794  7.51434e-03
 25 -0.03021 -1.11741e-02 | 26  0.05971  2.00976e-02 | 27  0.00863  2.05695e-03
 28  0.05309  9.01623e-03 | 29  0.01176 -1.87050e-03 | 30  0.06752  3.52466e-04
 31  0.03586 -1.09736e-02 | 32  0.12730  2.29665e-02 | 33  0.01636  1.28064e-03
 34 -0.06689 -1.22872e-02 | 35  0.01001 -6.10054e-03 | 36 -0.15241 -1.22767e-02
 37  0.22850 -2.53875e-02 | 38  0.22670  4.39355e-02 | 39  0.23293 -6.15637e-03
 40  0.20981  4.06968e-02 | 41  0.06354  5.00215e-01 | 42 -0.58352  2.26952e-01
 43  1.00023  4.16963e-02 | 44 -0.69609 -1.99497e-05 | 45  0.06675  7.05870e-02
 46 -0.67247 -1.72514e-02 | 47  0.99951 -2.13881e-02 | 48 -0.69630 -1.74313e-04
 49 -0.16812  1.35466e-01 | 50 -0.17454  5.66650e-01 | 51 -0.32739 -4.45259e-02
 52 -0.62381  1.83842e-01 |
52 variables; iteration 440; function evaluation 532; phase 3
Function value 2.4481607e+03; maximum gradient component mag 2.2531e-01
Var    Value     Gradient |Var    Value     Gradient |Var    Value     Gradient
  1  0.06680  1.05360e-01 |  2 -0.01263 -1.44340e-03 |  3  0.02953 -1.04909e-03
  4 -0.01411 -1.47342e-03 |  5 -0.13219 -1.26625e-03 |  6 -0.01488 -1.72107e-03
  7 -0.10189 -1.27795e-03 |  8 -0.06729 -1.24568e-03 |  9  0.00880 -1.04615e-03
 10  0.12165 -9.52745e-04 | 11 -0.04418 -9.17961e-04 | 12  0.03626  2.20293e-03
 13  0.00792  3.02656e-03 | 14  0.05039  3.58856e-03 | 15 -0.01721  5.96364e-04
 16 -0.06218  8.39027e-04 | 17 -0.01561  5.72495e-04 | 18  0.05592  1.57851e-05
 19  0.09182 -5.35114e-04 | 20  0.01313 -4.39346e-04 | 21 -0.08746  5.35629e-05
 22 -0.05068  2.92344e-04 | 23  0.03504 -9.16456e-05 | 24  0.02794  6.52611e-04
 25 -0.03020  1.46472e-03 | 26  0.05971  3.47347e-03 | 27  0.00863  1.19821e-03
 28  0.05309  1.69539e-03 | 29  0.01176 -4.40938e-04 | 30  0.06752  2.12442e-04
 31  0.03586  5.03904e-04 | 32  0.12730  3.79025e-04 | 33  0.01636 -6.38619e-05
 34 -0.06689  6.45630e-05 | 35  0.01001 -2.70712e-03 | 36 -0.15240 -2.25632e-03
 37  0.22850  1.69265e-02 | 38  0.22670  1.95865e-03 | 39  0.23294  3.82940e-03
 40  0.20981  7.25381e-03 | 41 -0.03513  1.59150e-01 | 42 -0.59353 -1.38400e-01
 43  0.99987 -2.27987e-02 | 44 -0.69609  1.84916e-04 | 45  0.06675 -1.23202e-02
 46 -0.67247  2.69142e-03 | 47  0.99987 -4.13018e-03 | 48 -0.69630  2.37827e-04
 49 -0.09885  2.61813e-03 | 50 -0.10511  2.25311e-01 | 51 -0.31835 -1.13422e-03
 52 -0.60988 -1.03502e-01 |
52 variables; iteration 460; function evaluation 556; phase 3
Function value 2.4481606e+03; maximum gradient component mag 7.5117e-02
Var    Value     Gradient |Var    Value     Gradient |Var    Value     Gradient
  1  0.06680  5.11252e-02 |  2 -0.01263 -7.07859e-04 |  3  0.02953 -2.22440e-04
  4 -0.01411 -5.33515e-04 |  5 -0.13219 -5.63930e-04 |  6 -0.01488 -4.16018e-04
  7 -0.10189 -7.54860e-04 |  8 -0.06729 -6.41863e-04 |  9  0.00880 -3.63625e-04
 10  0.12165 -6.12372e-05 | 11 -0.04418 -4.99593e-04 | 12  0.03626  3.88293e-04
 13  0.00792  5.80199e-04 | 14  0.05039  1.27876e-03 | 15 -0.01721  3.08053e-04
 16 -0.06218  3.55688e-04 | 17 -0.01561  2.33880e-04 | 18  0.05592  1.30553e-04
 19  0.09182 -1.12524e-04 | 20  0.01313 -3.38355e-04 | 21 -0.08746  7.75755e-05
 22 -0.05068  2.70920e-04 | 23  0.03504 -3.69171e-04 | 24  0.02794  2.02739e-04
 25 -0.03020  8.02236e-04 | 26  0.05971  1.11303e-03 | 27  0.00863  3.97680e-04
 28  0.05309  6.36963e-04 | 29  0.01176 -2.30159e-04 | 30  0.06752  2.70787e-04
 31  0.03586  3.32656e-04 | 32  0.12730  6.82691e-04 | 33  0.01636  3.03419e-04
 34 -0.06689  1.97649e-04 | 35  0.01001 -9.31421e-04 | 36 -0.15240 -9.57535e-04
 37  0.22850  1.49372e-02 | 38  0.22670  2.91276e-03 | 39  0.23294  2.84385e-03
 40  0.20981  6.60692e-03 | 41 -0.09604  5.41380e-02 | 42 -0.59760 -3.67933e-02
 43  1.00002 -1.40773e-04 | 44 -0.69609 -2.41866e-05 | 45  0.06675 -9.20934e-03
 46 -0.67247  2.07620e-03 | 47  0.99994 -1.55487e-04 | 48 -0.69630  1.74580e-04
 49 -0.05689  4.25197e-03 | 50 -0.06310  7.51174e-02 | 51 -0.31474 -1.56423e-03
 52 -0.60439 -2.88751e-02 |
52 variables; iteration 480; function evaluation 577; phase 3
Function value 2.4481606e+03; maximum gradient component mag -7.3297e-02
Var    Value     Gradient |Var    Value     Gradient |Var    Value     Gradient
  1  0.06680 -7.32974e-02 |  2 -0.01263  1.76198e-03 |  3  0.02952  1.35883e-03
  4 -0.01411  8.27907e-04 |  5 -0.13220 -5.68196e-04 |  6 -0.01488  1.28821e-03
  7 -0.10189  4.40746e-04 |  8 -0.06730  5.62174e-04 |  9  0.00880  7.44702e-05
 10  0.12165  3.35638e-03 | 11 -0.04418  1.20289e-03 | 12  0.03626  2.82874e-04
 13  0.00792 -1.19183e-03 | 14  0.05039 -2.29224e-03 | 15 -0.01721  2.90412e-04
 16 -0.06218 -1.56994e-03 | 17 -0.01561 -4.10270e-04 | 18  0.05592 -9.55054e-04
 19  0.09182  1.08397e-03 | 20  0.01313  1.23480e-03 | 21 -0.08746 -2.02507e-03
 22 -0.05068 -2.94071e-03 | 23  0.03504  4.70349e-03 | 24  0.02794  1.31999e-03
 25 -0.03021 -4.61501e-03 | 26  0.05971 -1.60731e-04 | 27  0.00863 -4.68531e-04
 28  0.05309 -1.40005e-03 | 29  0.01176  1.12329e-03 | 30  0.06752 -1.76582e-03
 31  0.03586 -3.12346e-03 | 32  0.12730  2.81014e-04 | 33  0.01636 -1.34936e-03
 34 -0.06689 -2.77612e-03 | 35  0.01001  1.09400e-03 | 36 -0.15240  1.36448e-03
 37  0.22850 -7.08449e-02 | 38  0.22670 -1.02879e-02 | 39  0.23294 -1.20949e-02
 40  0.20981 -3.38844e-02 | 41 -0.10833 -2.81018e-02 | 42 -0.59841  1.93402e-02
 43  1.00005  7.25448e-03 | 44 -0.69608  9.33039e-04 | 45  0.06675  1.04227e-02
 46 -0.67247  3.68980e-04 | 47  0.99994 -5.92042e-04 | 48 -0.69630 -1.21727e-03
 49 -0.04853 -1.34025e-03 | 50 -0.05473 -3.96988e-02 | 51 -0.31403 -1.48185e-03
 52 -0.60332  1.33129e-02 |
52 variables; iteration 500; function evaluation 604; phase 3
Function value 2.4481606e+03; maximum gradient component mag -7.3861e-02
Var    Value     Gradient |Var    Value     Gradient |Var    Value     Gradient
  1  0.06680 -2.04853e-02 |  2 -0.01263 -1.82861e-04 |  3  0.02953 -7.92461e-04
  4 -0.01411 -2.05150e-04 |  5 -0.13219  1.05400e-03 |  6 -0.01488 -4.86521e-04
  7 -0.10189  7.53539e-04 |  8 -0.06729  3.82958e-04 |  9  0.00880  3.80503e-04
 10  0.12165 -2.31939e-03 | 11 -0.04418 -1.25885e-04 | 12  0.03626 -7.25078e-04
 13  0.00792  1.02243e-03 | 14  0.05039 -4.52424e-04 | 15 -0.01721 -9.91360e-06
 16 -0.06218  1.35719e-03 | 17 -0.01561  5.70371e-04 | 18  0.05592 -1.45014e-04
 19  0.09182 -1.58499e-03 | 20  0.01313 -2.53373e-04 | 21 -0.08746  1.83857e-03
 22 -0.05068  1.93154e-03 | 23  0.03504 -2.88837e-03 | 24  0.02794 -1.08300e-03
 25 -0.03020  2.72148e-03 | 26  0.05971 -1.34895e-03 | 27  0.00863  3.02190e-04
 28  0.05309 -2.28167e-04 | 29  0.01176  4.85340e-05 | 30  0.06752  3.04694e-04
 31  0.03586  1.83130e-03 | 32  0.12730 -2.56471e-03 | 33  0.01636  2.47877e-04
 34 -0.06689  2.06538e-03 | 35  0.01001 -1.60451e-04 | 36 -0.15240 -1.02423e-04
 37  0.22850  2.41666e-02 | 38  0.22670  2.23251e-03 | 39  0.23294  4.10932e-03
 40  0.20981  9.08381e-03 | 41 -0.14906 -3.93647e-03 | 42 -0.61040 -7.38610e-02
 43  1.00002 -1.13017e-03 | 44 -0.69609 -3.02191e-04 | 45  0.06675 -1.34177e-02
 46 -0.67247  2.28101e-03 | 47  0.99995  4.41471e-05 | 48 -0.69630  4.39538e-04
 49 -0.02105 -6.53028e-03 | 50 -0.02724  1.52805e-03 | 51 -0.30367  1.02255e-03
 52 -0.58788 -6.14467e-02 |
52 variables; iteration 520; function evaluation 626; phase 3
Function value 2.4481606e+03; maximum gradient component mag -1.0097e-01
Var    Value     Gradient |Var    Value     Gradient |Var    Value     Gradient
  1  0.06680 -4.98956e-02 |  2 -0.01263  9.57620e-04 |  3  0.02953  5.55003e-04
  4 -0.01411  5.62243e-04 |  5 -0.13219  3.58027e-04 |  6 -0.01488  3.92664e-04
  7 -0.10189  6.46067e-04 |  8 -0.06730  5.68820e-04 |  9  0.00880  3.22399e-04
 10  0.12165  7.78602e-04 | 11 -0.04418  5.32933e-04 | 12  0.03626 -7.55346e-05
 13  0.00792 -8.46512e-04 | 14  0.05039 -1.00418e-03 | 15 -0.01721 -6.41144e-04
 16 -0.06218 -1.24259e-03 | 17 -0.01561 -7.18225e-04 | 18  0.05592 -1.69870e-04
 19  0.09182  7.18666e-04 | 20  0.01313  4.03173e-04 | 21 -0.08746 -7.09532e-04
 22 -0.05068 -1.08898e-03 | 23  0.03504  1.10903e-03 | 24  0.02794 -6.99736e-05
 25 -0.03020 -1.62792e-03 | 26  0.05971 -1.71455e-04 | 27  0.00863 -4.23739e-04
 28  0.05309 -2.37302e-04 | 29  0.01176  2.24003e-04 | 30  0.06752 -3.24687e-04
 31  0.03586 -9.06031e-04 | 32  0.12730 -4.76916e-05 | 33  0.01636 -6.70448e-04
 34 -0.06689 -1.00565e-03 | 35  0.01001  1.26115e-03 | 36 -0.15240  1.20993e-03
 37  0.22850 -2.09856e-02 | 38  0.22670 -3.47748e-03 | 39  0.23294 -3.97067e-03
 40  0.20981 -8.84691e-03 | 41 -0.16887 -6.94065e-02 | 42 -0.62116  9.15800e-02
 43  1.00002 -2.44447e-03 | 44 -0.69609  1.42340e-04 | 45  0.06675  7.45039e-03
 46 -0.67247 -1.31213e-03 | 47  0.99995  7.57133e-04 | 48 -0.69630 -2.56700e-04
 49 -0.00785 -2.43736e-03 | 50 -0.01404 -1.00973e-01 | 51 -0.29468  2.51152e-03
 52 -0.57476  7.41961e-02 |
52 variables; iteration 540; function evaluation 649; phase 3
Function value 2.4481606e+03; maximum gradient component mag -4.4551e-02
Var    Value     Gradient |Var    Value     Gradient |Var    Value     Gradient
  1  0.06680 -1.33798e-03 |  2 -0.01263  8.19689e-04 |  3  0.02953  1.18656e-03
  4 -0.01411  2.13941e-04 |  5 -0.13219 -1.12968e-03 |  6 -0.01488  5.03560e-04
  7 -0.10189 -4.71735e-04 |  8 -0.06730 -3.28835e-04 |  9  0.00880 -4.11240e-04
 10  0.12165  2.74938e-03 | 11 -0.04418  4.41006e-04 | 12  0.03626  9.24525e-04
 13  0.00792 -2.45394e-04 | 14  0.05039 -4.32141e-05 | 15 -0.01721  2.94293e-04
 16 -0.06218 -1.25829e-03 | 17 -0.01561 -3.67664e-04 | 18  0.05592 -7.57436e-04
 19  0.09182  9.28838e-04 | 20  0.01313  6.25257e-04 | 21 -0.08746 -1.81119e-03
 22 -0.05068 -2.36633e-03 | 23  0.03504  3.56112e-03 | 24  0.02794  1.16907e-03
 25 -0.03020 -3.11290e-03 | 26  0.05971  1.45959e-03 | 27  0.00863  3.99101e-05
 28  0.05309 -6.84203e-05 | 29  0.01176  5.76929e-04 | 30  0.06752 -1.08835e-03
 31  0.03586 -2.29802e-03 | 32  0.12730  1.01009e-03 | 33  0.01636 -9.28418e-04
 34 -0.06689 -2.23530e-03 | 35  0.01001 -5.04115e-05 | 36 -0.15240 -7.43938e-07
 37  0.22850 -4.45507e-02 | 38  0.22670 -4.85957e-03 | 39  0.23294 -7.61238e-03
 40  0.20981 -1.82478e-02 | 41 -0.16311  2.85996e-02 | 42 -0.63679 -4.31279e-03
 43  1.00003  2.96829e-03 | 44 -0.69608  6.22517e-04 | 45  0.06675  9.74624e-03
 46 -0.67247 -5.31094e-04 | 47  0.99995  1.92573e-04 | 48 -0.69630 -7.54238e-04
 49 -0.01168  5.05594e-03 | 50 -0.01786  3.90227e-02 | 51 -0.28213 -2.31460e-03
 52 -0.55686 -2.64800e-03 |
52 variables; iteration 560; function evaluation 673; phase 3
Function value 2.4481606e+03; maximum gradient component mag 4.9870e-02
Var    Value     Gradient |Var    Value     Gradient |Var    Value     Gradient
  1  0.06680  4.36910e-02 |  2 -0.01263 -1.07013e-03 |  3  0.02952 -9.85254e-04
  4 -0.01411 -3.88979e-04 |  5 -0.13219 -4.96842e-04 |  6 -0.01488  5.28850e-05
  7 -0.10189 -8.05239e-04 |  8 -0.06729 -3.13792e-04 |  9  0.00880 -3.61810e-04
 10  0.12165  7.54542e-04 | 11 -0.04418 -4.00701e-04 | 12  0.03626 -2.04274e-04
 13  0.00792 -4.41286e-04 | 14  0.05039 -5.54274e-05 | 15 -0.01721  6.75465e-04
 16 -0.06218  7.43699e-04 | 17 -0.01561  5.59394e-04 | 18  0.05592  1.06638e-03
 19  0.09182  5.07798e-04 | 20  0.01313 -1.20684e-04 | 21 -0.08746 -3.20044e-04
 22 -0.05068  1.84320e-04 | 23  0.03504  3.58133e-04 | 24  0.02794  5.80265e-04
 25 -0.03020 -1.95154e-05 | 26  0.05971  2.68224e-04 | 27  0.00863 -5.68746e-05
 28  0.05309 -5.45852e-04 | 29  0.01176 -3.74362e-04 | 30  0.06752  1.20480e-04
 31  0.03586  6.96999e-05 | 32  0.12730  1.67065e-03 | 33  0.01636  8.81791e-04
 34 -0.06689 -5.62887e-04 | 35  0.01001 -3.75578e-04 | 36 -0.15240 -7.17973e-04
 37  0.22850  1.55024e-02 | 38  0.22670  4.61905e-03 | 39  0.23294  2.49948e-03
 40  0.20981 -1.17194e-03 | 41 -0.10328  3.75836e-02 | 42 -0.65145 -1.60349e-02
 43  1.00003  5.16592e-04 | 44 -0.69609  6.80965e-06 | 45  0.06675  4.87073e-04
 46 -0.67247 -1.88099e-04 | 47  0.99995  1.40381e-04 | 48 -0.69630  1.49846e-05
 49 -0.05195  5.50873e-03 | 50 -0.05816  4.98696e-02 | 51 -0.27088 -2.36413e-03
 52 -0.54117 -1.34064e-02 |
52 variables; iteration 580; function evaluation 693; phase 3
Function value 2.4481606e+03; maximum gradient component mag 1.4978e-01
Var    Value     Gradient |Var    Value     Gradient |Var    Value     Gradient
  1  0.06680  1.20894e-01 |  2 -0.01263 -3.36460e-03 |  3  0.02952 -3.34472e-03
  4 -0.01411 -1.61457e-03 |  5 -0.13219  1.73231e-03 |  6 -0.01488 -2.38125e-03
  7 -0.10189 -3.60428e-04 |  8 -0.06729 -6.60188e-04 |  9  0.00880  1.55939e-04
 10  0.12165 -6.49826e-03 | 11 -0.04418 -2.22631e-03 | 12  0.03626 -1.47809e-03
 13  0.00792  1.57131e-03 | 14  0.05039  3.13085e-03 | 15 -0.01721 -8.03947e-04
 16 -0.06218  3.03215e-03 | 17 -0.01561  7.90033e-04 | 18  0.05592  2.40990e-03
 19  0.09182 -1.90706e-03 | 20  0.01313 -2.34637e-03 | 21 -0.08746  4.35793e-03
 22 -0.05068  6.02811e-03 | 23  0.03504 -9.73660e-03 | 24  0.02794 -3.01185e-03
 25 -0.03020  9.31483e-03 | 26  0.05971  7.59603e-05 | 27  0.00863  7.92786e-04
 28  0.05309  2.18665e-03 | 29  0.01175 -2.12666e-03 | 30  0.06752  3.60602e-03
 31  0.03586  6.38354e-03 | 32  0.12730 -9.41237e-04 | 33  0.01636  2.67296e-03
 34 -0.06688  5.21310e-03 | 35  0.01001 -1.45088e-03 | 36 -0.15241 -1.94637e-03
 37  0.22850  1.49785e-01 | 38  0.22670  2.38170e-02 | 39  0.23294  2.60179e-02
 40  0.20981  6.44665e-02 | 41 -0.09225  1.07682e-02 | 42 -0.65159  9.09612e-03
 43  1.00001 -8.48795e-03 | 44 -0.69609 -1.60432e-03 | 45  0.06675 -3.39830e-02
 46 -0.67247  2.79736e-03 | 47  0.99995  5.75861e-04 | 48 -0.69628  2.51711e-03
 49 -0.05947  2.85517e-03 | 50 -0.06569  1.29430e-02 | 51 -0.27077  3.34512e-03
 52 -0.54103  6.74341e-03 |
52 variables; iteration 600; function evaluation 715; phase 3
Function value 2.4481606e+03; maximum gradient component mag -7.4713e-02
Var    Value     Gradient |Var    Value     Gradient |Var    Value     Gradient
  1  0.06680 -2.97000e-02 |  2 -0.01263  1.62221e-03 |  3  0.02953  2.12249e-03
  4 -0.01411  5.98677e-04 |  5 -0.13220 -1.41582e-03 |  6 -0.01488  9.17230e-04
  7 -0.10189 -3.34998e-04 |  8 -0.06730 -1.63227e-04 |  9  0.00880 -3.70300e-04
 10  0.12165  3.76589e-03 | 11 -0.04418  8.77968e-04 | 12  0.03626  1.36002e-03
 13  0.00792 -5.54294e-04 | 14  0.05039 -2.92520e-04 | 15 -0.01721  1.69940e-04
 16 -0.06218 -2.23569e-03 | 17 -0.01561 -7.96866e-04 | 18  0.05592 -1.31553e-03
 19  0.09182  1.42237e-03 | 20  0.01313  1.00150e-03 | 21 -0.08746 -2.72528e-03
 22 -0.05068 -3.66604e-03 | 23  0.03504  5.32868e-03 | 24  0.02794  1.66985e-03
 25 -0.03021 -4.97003e-03 | 26  0.05971  1.50424e-03 | 27  0.00863 -1.87064e-04
 28  0.05309 -1.75721e-04 | 29  0.01176  9.19858e-04 | 30  0.06752 -1.67565e-03
 31  0.03586 -3.56921e-03 | 32  0.12730  1.29888e-03 | 33  0.01636 -1.56906e-03
 34 -0.06689 -3.11359e-03 | 35  0.01001  4.30736e-04 | 36 -0.15240  6.02644e-04
 37  0.22850 -7.47129e-02 | 38  0.22670 -1.09125e-02 | 39  0.23294 -1.28299e-02
 40  0.20981 -2.85449e-02 | 41 -0.08613  1.04800e-02 | 42 -0.64592  2.39559e-02
 43  1.00003  1.65985e-03 | 44 -0.69608  8.34491e-04 | 45  0.06675  1.58346e-02
 46 -0.67247 -1.02754e-03 | 47  0.99993 -1.19733e-03 | 48 -0.69631 -1.23585e-03
 49 -0.06367  2.96563e-03 | 50 -0.06988  1.22918e-02 | 51 -0.27506 -1.52270e-03
 52 -0.54696  2.37511e-02 |
Warning: the following parameters had issues
  selparm[3] is within 0.1% of upper bound: -3.00000e+00 < 1.50000e+01 < 1.50000e+01
  selparm[7] is within 0.1% of upper bound: -3.00000e+00 < 1.50000e+01 < 1.50000e+01


 - final statistics:
52 variables; iteration 618; function evaluation 733
Function value 2.4482e+03; maximum gradient component mag 9.0329e-05
Exit code = 1;  converg criter 1.0000e-04
Var    Value     Gradient |Var    Value     Gradient |Var    Value     Gradient
  1  0.06680  8.77395e-05 |  2 -0.01263 -7.78798e-07 |  3  0.02953  2.74274e-07
  4 -0.01411 -6.84539e-07 |  5 -0.13219 -1.41507e-06 |  6 -0.01488 -4.69742e-07
  7 -0.10189 -1.53247e-06 |  8 -0.06729 -1.21335e-06 |  9  0.00880 -7.52866e-07
 10  0.12165  1.15825e-06 | 11 -0.04418 -6.81970e-07 | 12  0.03626  1.05708e-06
 13  0.00792  3.62613e-07 | 14  0.05039  2.37290e-06 | 15 -0.01721  1.74764e-07
 16 -0.06218 -5.62955e-07 | 17 -0.01561 -2.26982e-07 | 18  0.05592  1.75341e-07
 19  0.09182  8.71731e-07 | 20  0.01313 -4.13980e-07 | 21 -0.08746 -1.08022e-06
 22 -0.05068 -9.27846e-07 | 23  0.03504  1.01500e-06 | 24  0.02794  6.62913e-07
 25 -0.03020 -4.41031e-07 | 26  0.05971  2.81776e-06 | 27  0.00863  4.30821e-07
 28  0.05309  1.38846e-06 | 29  0.01176 -4.36989e-07 | 30  0.06752  2.94656e-07
 31  0.03586 -6.28464e-07 | 32  0.12730  2.41349e-06 | 33  0.01636  2.08895e-07
 34 -0.06689 -9.73005e-07 | 35  0.01001 -1.03923e-06 | 36 -0.15240 -1.32767e-06
 37  0.22850  9.44047e-06 | 38  0.22670  4.99396e-06 | 39  0.23294  1.96081e-06
 40  0.20981  7.74858e-06 | 41 -0.08871  6.90865e-05 | 42 -0.64442  1.15438e-05
 43  1.00002 -2.05820e-06 | 44 -0.69609  1.28927e-07 | 45  0.06675 -2.87047e-06
 46 -0.67247  8.47448e-07 | 47  0.99995 -2.43416e-07 | 48 -0.69630  6.31730e-08
 49 -0.06190  1.05888e-05 | 50 -0.06811  9.03291e-05 | 51 -0.27621 -1.96297e-06
 52 -0.54856  1.22877e-05 |
Estimating row 1 out of 52 for hessian
Estimating row 2 out of 52 for hessian
Estimating row 3 out of 52 for hessian
Estimating row 4 out of 52 for hessian
Estimating row 5 out of 52 for hessian
Estimating row 6 out of 52 for hessian
Estimating row 7 out of 52 for hessian
Estimating row 8 out of 52 for hessian
Estimating row 9 out of 52 for hessian
Estimating row 10 out of 52 for hessian
Estimating row 11 out of 52 for hessian
Estimating row 12 out of 52 for hessian
Estimating row 13 out of 52 for hessian
Estimating row 14 out of 52 for hessian
Estimating row 15 out of 52 for hessian
Estimating row 16 out of 52 for hessian
Estimating row 17 out of 52 for hessian
Estimating row 18 out of 52 for hessian
Estimating row 19 out of 52 for hessian
Estimating row 20 out of 52 for hessian
Estimating row 21 out of 52 for hessian
Estimating row 22 out of 52 for hessian
Estimating row 23 out of 52 for hessian
Estimating row 24 out of 52 for hessian
Estimating row 25 out of 52 for hessian
Estimating row 26 out of 52 for hessian
Estimating row 27 out of 52 for hessian
Estimating row 28 out of 52 for hessian
Estimating row 29 out of 52 for hessian
Estimating row 30 out of 52 for hessian
Estimating row 31 out of 52 for hessian
Estimating row 32 out of 52 for hessian
Estimating row 33 out of 52 for hessian
Estimating row 34 out of 52 for hessian
Estimating row 35 out of 52 for hessian
Estimating row 36 out of 52 for hessian
Estimating row 37 out of 52 for hessian
Estimating row 38 out of 52 for hessian
Estimating row 39 out of 52 for hessian
Estimating row 40 out of 52 for hessian
Estimating row 41 out of 52 for hessian
Estimating row 42 out of 52 for hessian
Estimating row 43 out of 52 for hessian
Estimating row 44 out of 52 for hessian
Estimating row 45 out of 52 for hessian
Estimating row 46 out of 52 for hessian
Estimating row 47 out of 52 for hessian
Estimating row 48 out of 52 for hessian
Estimating row 49 out of 52 for hessian
Estimating row 50 out of 52 for hessian
Estimating row 51 out of 52 for hessian
Estimating row 52 out of 52 for hessian
size of file gradfil1.tmp = 0
size of file gradfil2.tmp = 0
size of file varssave.tmp = 0
size of file cmpdiff.tmp = 0
