
Initial statistics: 36 variables; iteration 0; function evaluation 0; phase 1
Function value 1.4767524e+04; maximum gradient component mag 6.2724e+04
Var    Value     Gradient |Var    Value     Gradient |Var    Value     Gradient
  1  0.07972  6.27244e+04 |  2  0.01652 -8.43656e+02 |  3  0.01542 -9.41807e+02
  4  0.01840 -7.88733e+02 |  5 -0.20469 -9.35797e+02 |  6 -0.05276 -9.77569e+02
  7 -0.11103 -8.55778e+02 |  8 -0.09198 -8.74281e+02 |  9  0.05416 -4.70329e+02
 10  0.14927  4.05764e+02 | 11 -0.04819 -6.97264e+02 | 12  0.01029 -1.59606e+02
 13  0.04161 -5.27049e+01 | 14  0.13688  5.50069e+02 | 15  0.04822 -7.38716e+01
 16 -0.04964 -9.99189e+02 | 17  0.02879  6.69840e+02 | 18  0.02855 -3.77220e+02
 19  0.02910  4.71346e+02 | 20 -0.06595 -2.46485e+02 | 21 -0.13589 -5.41480e+02
 22 -0.07987 -9.29129e+02 | 23 -0.01156 -2.64560e+02 | 24  0.00083  4.42998e+02
 25 -0.05195  9.81263e+00 | 26  0.10164  2.74540e+03 | 27  0.04554  1.06851e+03
 28  0.02218  8.57497e+02 | 29  0.00049  3.03591e+02 | 30 -0.03133  4.27929e+01
 31  0.04252  1.38633e+03 | 32  0.05712  1.33866e+03 | 33  0.04015  1.13596e+03
 34 -0.05421 -9.76771e+01 | 35  0.07388  2.97157e+02 | 36  0.02484 -5.68862e+02

Intermediate statistics: 36 variables; iteration 20; function evaluation 33; phase 1
Function value 1.0210542e+04; maximum gradient component mag -6.9865e+03
Var    Value     Gradient |Var    Value     Gradient |Var    Value     Gradient
  1  0.01392 -6.98650e+03 |  2  0.09037  1.34897e+02 |  3  0.17432  1.70421e+02
  4  0.09785  1.07939e+02 |  5 -0.03824  9.14555e+01 |  6  0.09492  1.49132e+02
  7 -0.03434  7.08310e+01 |  8 -0.02022  6.58907e+01 |  9 -0.00304 -9.61918e+00
 10  0.02445 -1.46093e+02 | 11  0.06488  2.23026e+01 | 12 -0.14263 -3.75510e+01
 13  0.03609  3.48372e+01 | 14  0.06026 -6.19818e+01 | 15  0.03741  2.54582e+01
 16  0.08201  2.46448e+02 | 17 -0.25456 -1.62467e+02 | 18  0.07584  6.86411e+01
 19 -0.07298 -1.86367e+02 | 20 -0.05636 -4.04228e+01 | 21 -0.08549  2.41007e+01
 22  0.04563  3.02649e+02 | 23  0.10642  3.40829e+02 | 24 -0.10521 -1.86986e+01
 25 -0.07652 -5.00823e+01 | 26  0.00933 -5.92765e+02 | 27 -0.00273 -3.46363e+02
 28  0.02958 -9.59014e+00 | 29  0.00595  1.95213e+02 | 30 -0.01407  6.87278e+01
 31 -0.09605 -2.93434e+02 | 32  0.04738 -2.20006e+02 | 33  0.03479 -1.26012e+02
 34 -0.04540  1.94218e+01 | 35  0.03280 -8.39128e+01 | 36 -0.11392  4.01688e+01
36 variables; iteration 40; function evaluation 64; phase 1
Function value 1.0124951e+04; maximum gradient component mag 1.1803e+03
Var    Value     Gradient |Var    Value     Gradient |Var    Value     Gradient
  1  0.01662  1.18027e+03 |  2  0.06773 -3.01780e+00 |  3  0.11788 -3.92488e+01
  4  0.05582 -9.95499e+00 |  5 -0.07068 -9.75059e-01 |  6  0.04164 -1.13903e+01
  7 -0.06487 -5.34656e+00 |  8 -0.03995 -2.51021e+00 |  9  0.00489 -1.24212e+01
 10  0.05987 -1.05873e+01 | 11  0.04068 -2.27488e+01 | 12 -0.11069 -6.88991e+00
 13  0.02570 -6.65648e+01 | 14  0.06023 -7.35686e+01 | 15  0.03961  1.72252e+01
 16  0.06088  1.10749e+02 | 17 -0.13078 -3.24925e+01 | 18  0.05983  4.13892e+01
 19 -0.03839  4.79386e+01 | 20 -0.06135  8.49403e+01 | 21 -0.08687  5.49335e+01
 22  0.01876 -3.22195e+01 | 23  0.07449  3.31422e+01 | 24 -0.03126  6.94592e+01
 25 -0.07819  2.21431e+01 | 26  0.04626  3.55427e+01 | 27  0.01595 -6.91058e+01
 28  0.02254 -7.00444e+01 | 29 -0.01044 -3.27555e+01 | 30 -0.02580 -2.17533e+01
 31 -0.05529 -3.32277e+01 | 32  0.05024  4.03782e+01 | 33  0.04381  6.29598e+01
 34 -0.04587  3.70044e+01 | 35  0.04030  3.57140e+01 | 36 -0.09421 -9.12902e+00

 - final statistics:
36 variables; iteration 56; function evaluation 80
Function value 1.0121e+04; maximum gradient component mag 3.5793e+00
Exit code = 1;  converg criter 1.0000e+01
Var    Value     Gradient |Var    Value     Gradient |Var    Value     Gradient
  1  0.01540  3.57925e+00 |  2  0.06030  3.33819e-02 |  3  0.12756  8.34005e-02
  4  0.05345 -1.60960e-02 |  5 -0.08052 -8.65629e-02 |  6  0.03770 -7.55871e-04
  7 -0.07363  7.57794e-03 |  8 -0.04774  1.21634e-01 |  9  0.00747  2.66507e-01
 10  0.06330  2.64792e-01 | 11  0.04477  5.53965e-01 | 12 -0.11208  1.88131e-01
 13  0.03142  7.75855e-02 | 14  0.06702 -2.23861e-02 | 15  0.03997 -2.19295e-01
 16  0.05998 -7.94049e-01 | 17 -0.11553 -4.43522e-02 | 18  0.06079  3.00174e-01
 19 -0.03908  3.86487e-01 | 20 -0.06256 -3.90969e-02 | 21 -0.09041 -4.48886e-01
 22 -0.00187  1.59372e-01 | 23  0.08661 -1.82391e-01 | 24 -0.04506 -6.26530e-02
 25 -0.07790  8.17239e-03 | 26  0.04835 -7.25806e-02 | 27  0.02115 -1.72014e-01
 28  0.02553 -4.84126e-01 | 29 -0.00762 -1.47912e-01 | 30 -0.02399  2.02287e-01
 31 -0.05043 -3.25460e-03 | 32  0.05065 -9.87198e-02 | 33  0.04284 -1.98272e-01
 34 -0.04867 -5.51970e-02 | 35  0.04041 -4.80479e-02 | 36 -0.09298 -5.11929e-02

Initial statistics: 46 variables; iteration 0; function evaluation 0; phase 2
Function value 1.0120590e+04; maximum gradient component mag 3.0402e+04
Var    Value     Gradient |Var    Value     Gradient |Var    Value     Gradient
  1  0.01540  3.57925e+00 |  2  0.06030  5.04068e-02 |  3  0.12756  1.00160e-01
  4  0.05345  9.45340e-04 |  5 -0.08052 -6.95979e-02 |  6  0.03770  1.63157e-02
  7 -0.07363  2.45653e-02 |  8 -0.04774  1.38687e-01 |  9  0.00747  2.83608e-01
 10  0.06330  2.81809e-01 | 11  0.04477  5.71024e-01 | 12 -0.11208  2.04968e-01
 13  0.03142  9.46663e-02 | 14  0.06703 -5.37923e-03 | 15  0.03997 -2.02227e-01
 16  0.05998 -7.77023e-01 | 17 -0.11553 -2.75315e-02 | 18  0.06079  3.17197e-01
 19 -0.03908  4.03556e-01 | 20 -0.06256 -2.20778e-02 | 21 -0.09041 -4.31957e-01
 22 -0.00187  1.76474e-01 | 23  0.08662 -1.65447e-01 | 24 -0.04506 -4.55943e-02
 25 -0.07790  2.51461e-02 | 26  0.04835 -5.55283e-02 | 27  0.02115 -1.54922e-01
 28  0.02553 -4.67038e-01 | 29 -0.00762 -1.30811e-01 | 30 -0.02399  2.19376e-01
 31 -0.05043  1.37934e-02 | 32  0.05065 -8.16723e-02 | 33  0.04284 -1.81209e-01
 34 -0.04867 -3.81454e-02 | 35  0.04041 -3.09807e-02 | 36 -0.09298 -3.42733e-02
 37  0.42835  3.04022e+04 | 38  0.16779 -2.14742e+04 | 39  0.40911  4.73447e+03
 40  0.32249  1.13309e+04 | 41 -0.11491  2.11940e+02 | 42 -0.34740  1.49837e+03
 43 -0.01595 -1.61270e+02 | 44 -0.03249  4.74070e+02 | 45 -0.40326  1.71632e+02
 46 -0.27089  1.02254e+03 |

Intermediate statistics: 46 variables; iteration 20; function evaluation 31; phase 2
Function value 5.8222371e+03; maximum gradient component mag 1.3382e+04
Var    Value     Gradient |Var    Value     Gradient |Var    Value     Gradient
  1  0.13326  8.98445e+03 |  2 -0.08215  2.77139e+01 |  3 -0.07415 -6.40648e+01
  4 -0.02295  9.31857e+01 |  5 -0.13080  1.46503e+02 |  6 -0.02486  5.70493e+01
  7 -0.10605  1.36934e+02 |  8 -0.11255  1.03179e+02 |  9 -0.09835  5.00662e+01
 10  0.02939  9.73672e+01 | 11 -0.16372 -7.61734e+00 | 12 -0.00252  3.12112e+02
 13 -0.08722  8.88450e+01 | 14 -0.00739  4.45028e+01 | 15 -0.10793 -2.27918e+00
 16  0.13584  1.32402e+02 | 17  0.15204  3.87411e+02 | 18  0.17562 -1.51351e+01
 19  0.15440  2.22926e+02 | 20  0.02866  1.40450e+02 | 21 -0.05468  5.40023e+01
 22  0.02565  5.68223e+01 | 23 -0.14422 -2.08707e+02 | 24 -0.04538  1.52461e+02
 25  0.01725  3.20994e+02 | 26  0.06120  4.69357e+02 | 27  0.03617  3.52451e+02
 28  0.06686  5.91916e+02 | 29  0.07829  3.49956e+02 | 30  0.09060  5.08859e+02
 31  0.15979  1.11301e+03 | 32  0.04886  7.15590e+01 | 33  0.10854  8.00680e+02
 34  0.04329  3.97135e+02 | 35  0.15586  5.12364e+02 | 36 -0.08071  1.15805e+02
 37  0.22304  1.03475e+04 | 38  0.19778 -4.25202e+03 | 39  0.13128 -3.00010e+03
 40  0.21813  1.33824e+04 | 41  0.25453  8.00416e+02 | 42 -0.58388 -1.30514e+03
 43 -1.52872  3.61679e+01 | 44 -0.32574  1.14476e+03 | 45  0.59360  1.74760e+01
 46 -0.68551 -7.89282e+02 |
46 variables; iteration 40; function evaluation 56; phase 2
Function value 5.1741111e+03; maximum gradient component mag 3.6419e+03
Var    Value     Gradient |Var    Value     Gradient |Var    Value     Gradient
  1  0.14859 -4.47199e+02 |  2 -0.13137  1.68296e+00 |  3 -0.15024 -5.33572e+01
  4 -0.15117  4.24010e+01 |  5 -0.23682  1.27042e+02 |  6 -0.15859  5.80269e+01
  7 -0.26444  5.10686e+01 |  8 -0.22288  5.99762e+01 |  9 -0.12990  3.74520e+01
 10  0.08543  1.26208e+02 | 11 -0.02490  1.02482e+02 | 12 -0.02800  6.32265e+00
 13  0.03663  1.57640e+02 | 14  0.10333  1.04146e+02 | 15  0.03466  9.19327e+01
 16  0.12294 -7.89456e+01 | 17  0.12613  1.25008e+02 | 18  0.23843  1.75345e+01
 19  0.24880  2.63436e+02 | 20  0.07867  1.25990e+02 | 21  0.10473  3.08473e+02
 22  0.02763 -2.09117e+01 | 23 -0.03688 -3.43743e+01 | 24 -0.07169 -2.90984e+01
 25 -0.05016 -4.27225e+01 | 26  0.05215  5.14720e+01 | 27  0.04797  1.00436e+02
 28  0.03589  1.69711e+02 | 29  0.06654  9.03006e+01 | 30  0.05623  1.26073e+02
 31  0.12549  4.44421e+02 | 32  0.04579 -1.26707e+02 | 33  0.02944  8.55761e+01
 34  0.00081  1.20966e+02 | 35  0.16497  3.62460e+02 | 36 -0.09189  1.31425e+02
 37  0.18209 -2.84228e+02 | 38  0.19726 -2.94189e+03 | 39  0.13405 -2.18161e+03
 40  0.17637  3.64186e+03 | 41  0.18175  7.18574e+02 | 42 -0.58513 -3.06265e+02
 43 -1.69251  6.56669e+01 | 44 -0.25511  1.07127e+03 | 45 -0.28881  5.51288e+01
 46 -0.62284 -2.49077e+02 |
46 variables; iteration 60; function evaluation 83; phase 2
Function value 4.9520624e+03; maximum gradient component mag 8.1011e+02
Var    Value     Gradient |Var    Value     Gradient |Var    Value     Gradient
  1  0.14976  8.10108e+02 |  2 -0.02651 -2.78362e+01 |  3  0.01997 -1.90257e+01
  4 -0.00517 -1.03319e+01 |  5 -0.12408 -1.81052e+01 |  6 -0.01504 -2.02472e+01
  7 -0.10079 -1.79211e+01 |  8 -0.08311 -1.50466e+01 |  9 -0.03054 -1.64407e+01
 10  0.06877 -1.04967e+01 | 11 -0.02598 -6.91154e+00 | 12  0.00346 -3.87843e+00
 13  0.00805 -5.05737e+00 | 14  0.07668 -3.69531e+00 | 15  0.00258 -1.73889e+01
 16  0.10160 -4.25210e+00 | 17  0.05038 -8.41992e+00 | 18  0.17241 -5.24556e+00
 19  0.12556 -1.12538e+00 | 20 -0.02075 -1.29723e+01 | 21 -0.04270 -1.39834e+01
 22 -0.00485 -6.53300e+00 | 23 -0.04533 -1.26424e+01 | 24 -0.03117 -7.84751e+00
 25 -0.00105  9.42340e-01 | 26  0.00902  1.34379e+01 | 27  0.01710 -9.77292e+00
 28 -0.02346 -7.95695e+00 | 29  0.02501  2.18881e+00 | 30  0.01188  6.65221e+00
 31  0.02548  3.24119e+01 | 32  0.06645  1.46779e+01 | 33 -0.00534 -8.22857e+00
 34 -0.03507 -2.51654e+00 | 35  0.04904 -6.04426e+00 | 36 -0.22175 -1.86724e+01
 37  0.19183  3.15406e+02 | 38  0.22485  8.53421e+01 | 39  0.18311  2.29875e+01
 40  0.17388  2.57378e+02 | 41  0.37667 -1.04982e+02 | 42 -0.66261  3.99340e+01
 43 -1.55641 -1.07036e+01 | 44 -0.42781 -1.54905e+02 | 45 -0.28514 -2.10138e+01
 46 -0.54330  5.48956e+01 |
Maximum number of function evaluations exceeded

 - final statistics:
46 variables; iteration 69; function evaluation 100
Function value 4.8215e+03; maximum gradient component mag -2.2878e+03
Exit code = 3;  converg criter 1.0000e+01
Var    Value     Gradient |Var    Value     Gradient |Var    Value     Gradient
  1  0.03166 -2.28785e+03 |  2  0.01347  5.39610e+01 |  3  0.07203  8.18213e+01
  4 -0.01252  1.91890e+01 |  5 -0.12743  5.48336e+01 |  6 -0.01378  3.82585e+01
  7 -0.10763  5.75631e+01 |  8 -0.06295  4.91845e+01 |  9  0.00757  1.87101e+00
 10  0.10464 -1.12086e+02 | 11 -0.02195 -6.67578e+01 | 12 -0.02701 -1.13709e+02
 13  0.02939 -2.77517e+02 | 14  0.07415 -2.70605e+02 | 15 -0.05542 -2.90849e+01
 16  0.04217 -3.33609e+01 | 17 -0.03359  6.18202e+01 | 18  0.09277 -5.78310e+00
 19  0.04736  2.64868e+01 | 20 -0.07629  3.01364e+01 | 21 -0.11115  6.27416e+01
 22 -0.01393  5.96490e+01 | 23  0.02411  6.32498e+01 | 24  0.00463  3.26908e+01
 25  0.02706  1.58349e+01 | 26  0.06521 -7.70521e+01 | 27  0.06171  1.21577e+02
 28  0.01566  1.05821e+02 | 29  0.00861  5.72418e+01 | 30  0.01307  9.75318e+00
 31  0.01944  5.19997e+01 | 32  0.08697  1.15910e+02 | 33  0.05044  3.03587e+02
 34  0.01938  2.15226e+02 | 35  0.05305  1.27426e+02 | 36 -0.25165  2.84965e+01
 37  0.27717 -6.32813e+02 | 38  0.27982 -2.37435e+02 | 39  0.26260 -7.58301e+01
 40  0.24398  2.54531e+02 | 41  0.55454 -3.96354e+02 | 42 -0.63529  1.69918e+02
 43 -1.53294  1.18974e+02 | 44 -0.48906 -5.28605e+02 | 45 -0.27060  8.76822e+01
 46 -0.55421  9.18851e+01 |

Initial statistics: 52 variables; iteration 0; function evaluation 0; phase 3
Function value 4.8211586e+03; maximum gradient component mag -4.1245e+03
Var    Value     Gradient |Var    Value     Gradient |Var    Value     Gradient
  1  0.03166 -2.28785e+03 |  2  0.01277  2.92335e+01 |  3  0.07132  5.72530e+01
  4 -0.01322 -5.53971e+00 |  5 -0.12814  3.05868e+01 |  6 -0.01448  1.35303e+01
  7 -0.10834  3.31758e+01 |  8 -0.06366  2.45690e+01 |  9  0.00687 -2.28612e+01
 10  0.10393 -1.36511e+02 | 11 -0.02265 -9.14732e+01 | 12 -0.02771 -1.38414e+02
 13  0.02869 -3.02239e+02 | 14  0.07344 -2.95209e+02 | 15 -0.05612 -5.37197e+01
 16  0.04146 -5.80446e+01 | 17 -0.03429  3.71188e+01 | 18  0.09206 -3.02595e+01
 19  0.04666  1.82170e+00 | 20 -0.07700  5.57938e+00 | 21 -0.11186  3.83763e+01
 22 -0.01463  3.49204e+01 | 23  0.02341  3.85355e+01 | 24  0.00393  7.95787e+00
 25  0.02636 -8.87683e+00 | 26  0.06450 -1.01668e+02 | 27  0.06100  9.69700e+01
 28  0.01496  8.10967e+01 | 29  0.00790  3.25109e+01 | 30  0.01237 -1.49756e+01
 31  0.01874  2.72785e+01 | 32  0.08626  9.14207e+01 | 33  0.04974  2.78955e+02
 34  0.01868  1.90510e+02 | 35  0.05235  1.02788e+02 | 36 -0.25241  5.66740e+00
 37  0.27717 -6.32813e+02 | 38  0.27982 -2.37435e+02 | 39  0.26260 -7.58301e+01
 40  0.24398  2.54531e+02 | 41  0.55454 -3.96354e+02 | 42 -0.63529  1.69918e+02
 43  0.46656  1.18204e+03 | 44 -0.37806 -1.50498e+03 | 45  0.06551 -4.12455e+03
 46 -0.89706  1.09203e+03 | 47  0.14499 -1.60206e+03 | 48 -0.44368  4.11841e+02
 49 -0.46706 -1.18974e+02 | 50 -0.48906 -5.28605e+02 | 51 -0.27060  8.76822e+01
 52 -0.55421  9.18851e+01 |

Intermediate statistics: 52 variables; iteration 20; function evaluation 30; phase 3
Function value 3.2664310e+03; maximum gradient component mag -7.9355e+03
Var    Value     Gradient |Var    Value     Gradient |Var    Value     Gradient
  1  0.02561 -7.93546e+03 |  2  0.00487  3.32955e+01 |  3  0.04172 -3.59233e+01
  4 -0.00425  9.61893e+01 |  5 -0.12489  1.20196e+02 |  6 -0.00997  9.76751e+01
  7 -0.10270  1.18053e+02 |  8 -0.06409  7.87354e+01 |  9  0.01729 -7.71712e-01
 10  0.10366 -2.84276e+02 | 11 -0.05873 -7.45774e+01 | 12  0.02569 -4.64612e+01
 13 -0.00684 -3.59831e+02 | 14  0.07219 -4.00250e+02 | 15  0.03270 -1.37034e+02
 16 -0.03788 -1.75101e+02 | 17  0.01366  8.03332e+01 | 18  0.05535  5.08297e+00
 19  0.10980  8.50049e+01 | 20 -0.10737  2.25791e+01 | 21 -0.00525  1.65543e+02
 22  0.05849  6.30314e+01 | 23 -0.10051 -4.86259e+01 | 24  0.04163  1.26050e+02
 25  0.06546  1.70011e+02 | 26  0.04949  1.16899e+02 | 27  0.05359 -1.00965e+02
 28  0.00461 -2.63297e+02 | 29  0.02095  8.37089e+00 | 30  0.00778  2.38972e+02
 31  0.05115  2.17584e+02 | 32  0.09146  9.19770e+01 | 33 -0.01265  7.28889e+00
 34  0.00009 -5.28004e-01 | 35  0.04150  1.75124e+01 | 36 -0.34173  5.61788e+01
 37  0.27279 -3.13690e+02 | 38  0.21245 -5.36029e+03 | 39  0.25847 -4.47031e+02
 40  0.29254  5.79125e+03 | 41  0.58709 -2.75502e+02 | 42 -0.63219  4.39361e+02
 43  0.38065  9.08408e+01 | 44 -0.39484 -4.85781e+02 | 45  0.58361 -1.45551e+03
 46 -0.88339  2.01476e+02 | 47  0.23610  2.17328e+02 | 48 -0.48037 -3.29430e+02
 49 -0.46103 -1.41133e+02 | 50 -0.48382 -3.44285e+02 | 51 -0.28111  8.37147e+01
 52 -0.53332  3.48183e+02 |
52 variables; iteration 40; function evaluation 52; phase 3
Function value 2.9633751e+03; maximum gradient component mag -6.6305e+03
Var    Value     Gradient |Var    Value     Gradient |Var    Value     Gradient
  1  0.03016 -6.63045e+03 |  2 -0.00675  1.22995e+01 |  3  0.04572  1.01110e+01
  4 -0.01541  8.39816e+01 |  5 -0.12004  1.12028e+02 |  6 -0.05244  1.95946e+01
  7 -0.14353  7.00208e+01 |  8 -0.07964  7.95526e+01 |  9 -0.01303 -2.42802e+01
 10  0.10418 -2.21374e+02 | 11 -0.03108 -4.28644e+01 | 12  0.00160 -5.20481e+01
 13  0.03263 -2.08128e+02 | 14  0.07154 -3.69639e+02 | 15  0.04498 -2.48348e+01
 16 -0.07542 -7.69489e+01 | 17  0.01780  1.49783e+02 | 18  0.03268 -5.33804e+01
 19  0.09325 -7.40396e-01 | 20 -0.08968  4.18636e+01 | 21  0.00369  2.25445e+02
 22 -0.01518  2.55326e+01 | 23  0.00940  1.63937e+02 | 24  0.04258  1.25433e+02
 25  0.05353  4.66598e+01 | 26  0.04067 -5.01843e+00 | 27  0.06020 -6.73204e+01
 28  0.02191 -5.60003e+01 | 29  0.03180  5.90139e+01 | 30  0.00697 -1.18636e+01
 31  0.04383 -8.72259e+01 | 32  0.08407 -2.00930e+02 | 33  0.00335 -6.91215e+01
 34  0.01945  1.48020e+02 | 35  0.05573  2.59816e+02 | 36 -0.28591  7.32189e+01
 37  0.26497 -1.47665e+03 | 38  0.23673 -6.40966e+02 | 39  0.26718  2.28506e+02
 40  0.26065  6.41898e+02 | 41  0.57158 -1.79693e+02 | 42 -0.56732  6.30858e+02
 43  0.38998  3.48448e+02 | 44 -0.38259 -4.04190e+02 | 45  0.68520 -7.84177e+02
 46 -0.80934  2.55890e+02 | 47  0.21849  1.28621e+02 | 48 -0.48934 -4.26870e+02
 49 -0.35724  7.34422e+01 | 50 -0.46770 -3.75549e+02 | 51 -0.27411  1.80662e+01
 52 -0.58897  4.48186e+02 |
52 variables; iteration 60; function evaluation 79; phase 3
Function value 2.8199105e+03; maximum gradient component mag -1.0988e+03
Var    Value     Gradient |Var    Value     Gradient |Var    Value     Gradient
  1  0.03881 -1.09881e+03 |  2 -0.01576 -1.02491e+01 |  3  0.02656 -7.92410e-01
  4 -0.03201  2.66080e+01 |  5 -0.16302  9.93982e+00 |  6 -0.05189  9.43302e-01
  7 -0.15057  4.13803e+00 |  8 -0.09581 -2.99075e+00 |  9 -0.00927 -5.13068e+01
 10  0.09735 -1.97234e+02 | 11 -0.05218 -7.44944e+01 | 12  0.01519  5.29779e+00
 13  0.04461 -2.47603e+00 | 14  0.08463 -5.67239e+00 | 15  0.02715  1.21658e+01
 16 -0.04520  9.62704e+00 | 17 -0.00457  9.97274e+00 | 18  0.07323  1.24310e+01
 19  0.11443  1.79340e+01 | 20 -0.04190  2.17956e+01 | 21 -0.01956  2.16621e+01
 22 -0.00670  5.40537e+00 | 23 -0.02854  3.89957e+00 | 24  0.05101  3.34750e+01
 25  0.05988  1.64165e+01 | 26  0.04338  3.09385e+01 | 27  0.06015  9.03225e+00
 28  0.03218  1.12826e+01 | 29  0.03269  1.60358e+01 | 30  0.02433  1.63411e+01
 31  0.06267  1.27503e+01 | 32  0.09329 -1.31509e+01 | 33 -0.00975 -3.84755e+00
 34 -0.00233 -8.61117e-01 | 35  0.04097  2.94208e+01 | 36 -0.26410  1.05001e+01
 37  0.25331  2.17815e+01 | 38  0.23115 -3.64422e+01 | 39  0.25259 -1.22486e+01
 40  0.24579  1.03059e+02 | 41  0.65975  3.46364e+01 | 42 -0.63733 -3.08735e+01
 43  0.36851 -3.55653e+01 | 44 -0.34057  4.66376e+01 | 45  1.02742  2.53980e+01
 46 -0.89994  1.26631e+01 | 47  0.21653 -1.42147e+01 | 48 -0.47883  1.41952e+01
 49 -0.45666  2.37462e+01 | 50 -0.54629  4.40501e+01 | 51 -0.25961 -5.52193e+00
 52 -0.54019 -2.48548e+01 |
52 variables; iteration 80; function evaluation 99; phase 3
Function value 2.8101882e+03; maximum gradient component mag -1.4768e+01
Var    Value     Gradient |Var    Value     Gradient |Var    Value     Gradient
  1  0.05055 -1.47684e+01 |  2 -0.00640  6.15178e-01 |  3  0.03488  1.51687e+00
  4 -0.01819 -4.54455e-03 |  5 -0.13860  3.43093e-02 |  6 -0.02336 -2.46235e-02
  7 -0.11402  2.98235e-01 |  8 -0.07505  3.59738e-01 |  9  0.00165  6.81577e-01
 10  0.10587  1.89578e+00 | 11 -0.02551  5.15115e-01 | 12  0.01503  2.09335e-01
 13  0.02797  1.63497e-01 | 14  0.07205  6.56368e-02 | 15  0.01654 -6.85948e-01
 16 -0.05495  1.97034e-01 | 17 -0.00682  4.64302e-01 | 18  0.07204  2.75319e-01
 19  0.11270  3.93349e-01 | 20 -0.04485  2.48580e-01 | 21 -0.02329  5.60520e-01
 22 -0.01482  9.24610e-01 | 23 -0.04108  5.81716e-01 | 24  0.03737  4.16698e-02
 25  0.05292 -5.32950e-01 | 26  0.02970 -7.63696e-01 | 27  0.05191 -1.42712e+00
 28  0.02511 -6.70486e-01 | 29  0.02949 -1.12339e-02 | 30  0.02096  3.23288e-01
 31  0.05655 -9.14624e-01 | 32  0.08460 -2.81059e+00 | 33 -0.02276 -2.11566e+00
 34 -0.01772 -6.36407e-01 | 35  0.03042 -3.91567e-01 | 36 -0.25744  9.55786e-02
 37  0.24417 -2.84389e+00 | 38  0.22638 -1.46717e+00 | 39  0.24571  6.00158e-01
 40  0.23747 -2.57784e+00 | 41  0.58600  7.59833e-01 | 42 -0.55155 -1.03585e+00
 43  0.35679  9.45356e-01 | 44 -0.34716 -2.44214e-02 | 45  1.00035  2.50044e-01
 46 -1.00776 -3.67444e-01 | 47  0.21414  3.36030e-01 | 48 -0.47938 -3.97721e-01
 49 -0.49533  2.04641e-01 | 50 -0.51963  1.04048e+00 | 51 -0.35698 -3.77820e-01
 52 -0.66162 -3.95885e-01 |
52 variables; iteration 100; function evaluation 119; phase 3
Function value 2.8101844e+03; maximum gradient component mag -5.3640e-02
Var    Value     Gradient |Var    Value     Gradient |Var    Value     Gradient
  1  0.05065 -1.36340e-02 |  2 -0.00673  7.07075e-03 |  3  0.03422  1.94887e-02
  4 -0.01843  1.46255e-03 |  5 -0.13879  3.74170e-03 |  6 -0.02351  1.17376e-02
  7 -0.11427 -9.55361e-04 |  8 -0.07532  2.81972e-03 |  9  0.00137 -3.63480e-03
 10  0.10556 -1.25019e-02 | 11 -0.02569 -3.11897e-03 | 12  0.01509 -4.39437e-03
 13  0.02799  1.30335e-03 | 14  0.07209  6.93316e-03 | 15  0.01685 -2.61295e-02
 16 -0.05498 -1.32811e-02 | 17 -0.00677 -5.95816e-03 | 18  0.07218  4.51061e-03
 19  0.11283 -2.12089e-03 | 20 -0.04471  3.38545e-03 | 21 -0.02327 -4.73539e-04
 22 -0.01506 -7.67071e-03 | 23 -0.04128 -3.59295e-03 | 24  0.03743  2.69968e-03
 25  0.05305  1.26586e-02 | 26  0.02985  1.67138e-02 | 27  0.05217 -1.19019e-02
 28  0.02532 -1.38929e-02 | 29  0.02969 -1.36967e-02 | 30  0.02106 -1.09291e-02
 31  0.05677 -2.72468e-03 | 32  0.08487  1.11050e-02 | 33 -0.02240  1.83880e-02
 34 -0.01782  1.85477e-02 | 35  0.03060 -2.79224e-03 | 36 -0.25702  4.39635e-05
 37  0.24402 -2.30554e-02 | 38  0.22629 -1.48579e-02 | 39  0.24557  6.93448e-03
 40  0.23728 -5.36401e-02 | 41  0.58562  1.86977e-03 | 42 -0.55210 -1.50763e-02
 43  0.35649  4.56955e-03 | 44 -0.34721  2.47293e-03 | 45  1.00001 -3.53494e-03
 46 -1.00425  3.08913e-03 | 47  0.21409  1.76672e-02 | 48 -0.47937 -2.59133e-02
 49 -0.49489 -6.74118e-04 | 50 -0.51969 -9.37267e-03 | 51 -0.35614 -2.94241e-03
 52 -0.66086 -1.15467e-02 |
52 variables; iteration 120; function evaluation 141; phase 3
Function value 2.8101840e+03; maximum gradient component mag -2.1953e+00
Var    Value     Gradient |Var    Value     Gradient |Var    Value     Gradient
  1  0.05065 -2.19528e+00 |  2 -0.00672  2.79284e-02 |  3  0.03422 -6.90917e-03
  4 -0.01839  6.93393e-02 |  5 -0.13876  5.04248e-02 |  6 -0.02348  5.38447e-02
  7 -0.11424  4.14315e-02 |  8 -0.07532  1.26192e-02 |  9  0.00136 -6.63321e-03
 10  0.10555 -8.88103e-02 | 11 -0.02571 -2.23644e-02 | 12  0.01509 -1.55307e-02
 13  0.02798 -8.61854e-02 | 14  0.07206 -2.32869e-01 | 15  0.01687  7.44039e-02
 16 -0.05497  3.96180e-02 | 17 -0.00678  7.21084e-03 | 18  0.07217  4.29386e-03
 19  0.11282 -3.59068e-02 | 20 -0.04471  4.25165e-02 | 21 -0.02326  4.95641e-02
 22 -0.01503  9.53655e-02 | 23 -0.04126  4.63933e-02 | 24  0.03742 -3.79877e-02
 25  0.05303 -1.02703e-01 | 26  0.02983 -1.46471e-01 | 27  0.05217 -3.26077e-02
 28  0.02531 -4.62876e-02 | 29  0.02968  1.06896e-02 | 30  0.02105  2.45539e-02
 31  0.05677  5.28375e-02 | 32  0.08488  1.39975e-01 | 33 -0.02238  1.27787e-01
 34 -0.01783 -1.10267e-02 | 35  0.03057 -1.00501e-01 | 36 -0.25705  3.25198e-02
 37  0.24402  1.68066e-02 | 38  0.22629  2.36265e-02 | 39  0.24557 -7.59219e-02
 40  0.23729  8.43526e-03 | 41  0.52944 -8.85990e-01 | 42 -0.55789  1.09880e+00
 43  0.35649 -8.83114e-02 | 44 -0.34722  1.55278e-02 | 45  1.00015  1.02054e-01
 46 -1.00425  3.23686e-03 | 47  0.21409 -1.52896e-01 | 48 -0.47937  1.85776e-01
 49 -0.46110 -1.34320e-01 | 50 -0.48463 -1.26618e+00 | 51 -0.35037  8.44449e-02
 52 -0.65134  6.25581e-01 |
52 variables; iteration 140; function evaluation 163; phase 3
Function value 2.8101834e+03; maximum gradient component mag -1.7071e+00
Var    Value     Gradient |Var    Value     Gradient |Var    Value     Gradient
  1  0.05065 -1.70714e+00 |  2 -0.00674  1.04382e-02 |  3  0.03421 -7.90936e-03
  4 -0.01842  3.22050e-02 |  5 -0.13879  3.23866e-02 |  6 -0.02351  3.34527e-02
  7 -0.11427  2.70587e-02 |  8 -0.07532  2.11377e-02 |  9  0.00137  1.41974e-02
 10  0.10557 -1.75739e-02 | 11 -0.02569  5.28078e-03 | 12  0.01509 -3.08156e-03
 13  0.02799 -3.99689e-02 | 14  0.07209 -6.17853e-02 | 15  0.01687  3.86832e-02
 16 -0.05497  2.16815e-02 | 17 -0.00679 -5.04327e-02 | 18  0.07218 -3.29875e-03
 19  0.11282 -2.11297e-02 | 20 -0.04471  2.50665e-02 | 21 -0.02326  3.29610e-02
 22 -0.01503  6.55492e-02 | 23 -0.04126  2.54055e-02 | 24  0.03743 -1.72729e-02
 25  0.05305 -4.57785e-02 | 26  0.02984 -7.22788e-02 | 27  0.05217 -4.17107e-02
 28  0.02531 -4.96344e-02 | 29  0.02968 -2.76948e-02 | 30  0.02105 -7.45940e-03
 31  0.05677  1.53778e-02 | 32  0.08487  3.68420e-02 | 33 -0.02239  4.53867e-02
 34 -0.01782  1.02090e-02 | 35  0.03058 -4.80968e-02 | 36 -0.25704  2.41333e-02
 37  0.24402 -1.32558e-01 | 38  0.22629 -4.84624e-02 | 39  0.24557 -8.38790e-02
 40  0.23728 -9.58779e-02 | 41  0.45543 -8.57331e-01 | 42 -0.57021  1.12593e+00
 43  0.35649 -2.64049e-02 | 44 -0.34721  2.88437e-02 | 45  0.99996 -2.12987e-02
 46 -1.00425  3.45985e-03 | 47  0.21409 -3.41221e-02 | 48 -0.47937  3.17913e-02
 49 -0.41401 -9.36689e-02 | 50 -0.43608 -1.19721e+00 | 51 -0.33844  6.01598e-02
 52 -0.63216  7.08197e-01 |
52 variables; iteration 160; function evaluation 189; phase 3
Function value 2.8101828e+03; maximum gradient component mag 2.1219e-01
Var    Value     Gradient |Var    Value     Gradient |Var    Value     Gradient
  1  0.05065 -1.80147e-01 |  2 -0.00674 -1.09421e-02 |  3  0.03420 -1.70212e-02
  4 -0.01842  1.99074e-02 |  5 -0.13879  1.11724e-02 |  6 -0.02351  2.63091e-02
  7 -0.11426  1.57632e-03 |  8 -0.07531  1.07311e-02 |  9  0.00137  1.01246e-02
 10  0.10557  2.45659e-02 | 11 -0.02568  7.28906e-03 | 12  0.01510  1.15538e-02
 13  0.02800  6.45366e-03 | 14  0.07208 -6.38654e-02 | 15  0.01686 -3.90984e-03
 16 -0.05498 -1.21556e-02 | 17 -0.00675  4.60046e-02 | 18  0.07218  1.35119e-02
 19  0.11283  3.97653e-03 | 20 -0.04471  3.27495e-03 | 21 -0.02327 -2.62618e-03
 22 -0.01505  1.29837e-02 | 23 -0.04127  4.59168e-03 | 24  0.03743 -3.28032e-03
 25  0.05305  2.64240e-03 | 26  0.02985 -1.49054e-03 | 27  0.05218  4.79972e-02
 28  0.02532  2.87395e-02 | 29  0.02968 -2.86077e-02 | 30  0.02105 -1.69154e-02
 31  0.05677 -3.22463e-04 | 32  0.08487  4.60361e-03 | 33 -0.02240  8.20084e-03
 34 -0.01782 -2.90592e-02 | 35  0.03058 -1.05115e-01 | 36 -0.25704  2.02318e-03
 37  0.24402 -2.37734e-03 | 38  0.22629 -4.22301e-02 | 39  0.24557 -1.00126e-02
 40  0.23728  3.45797e-02 | 41  0.36591 -1.35313e-01 | 42 -0.59310  2.12192e-01
 43  0.35649 -1.99630e-03 | 44 -0.34721 -6.62054e-03 | 45  0.99989 -7.55419e-02
 46 -1.00429 -1.71121e-03 | 47  0.21409  8.13889e-03 | 48 -0.47937  1.46798e-02
 49 -0.35428  8.02163e-03 | 50 -0.37492 -2.09796e-01 | 51 -0.31736 -1.21970e-03
 52 -0.59983  1.57885e-01 |
52 variables; iteration 180; function evaluation 213; phase 3
Function value 2.8101825e+03; maximum gradient component mag -5.8667e-01
Var    Value     Gradient |Var    Value     Gradient |Var    Value     Gradient
  1  0.05065 -5.86671e-01 |  2 -0.00673  1.77301e-02 |  3  0.03422  4.02252e-02
  4 -0.01843  5.21793e-03 |  5 -0.13879  1.48926e-02 |  6 -0.02352  1.65819e-02
  7 -0.11427  4.70795e-03 |  8 -0.07532  3.12615e-03 |  9  0.00136 -1.02663e-02
 10  0.10556 -2.71797e-02 | 11 -0.02568  1.86112e-02 | 12  0.01511  5.53610e-02
 13  0.02802  7.21765e-02 | 14  0.07206 -1.87042e-01 | 15  0.01686  1.95848e-02
 16 -0.05498  9.93778e-05 | 17 -0.00679 -7.65274e-02 | 18  0.07217 -3.11808e-02
 19  0.11282 -1.69126e-02 | 20 -0.04471  3.36653e-04 | 21 -0.02327  6.25713e-03
 22 -0.01505  4.83535e-03 | 23 -0.04128 -9.61682e-03 | 24  0.03743  5.61253e-03
 25  0.05305 -2.22881e-02 | 26  0.02985 -2.89910e-02 | 27  0.05218 -3.17118e-03
 28  0.02532 -8.39937e-04 | 29  0.02969  1.25303e-02 | 30  0.02106  1.10015e-02
 31  0.05677  1.20959e-02 | 32  0.08487  6.38345e-03 | 33 -0.02240  5.60141e-03
 34 -0.01781  2.50659e-02 | 35  0.03060  2.88670e-02 | 36 -0.25702  8.94394e-03
 37  0.24402 -1.64846e-01 | 38  0.22629 -8.02129e-03 | 39  0.24557 -6.13760e-02
 40  0.23728 -3.46612e-02 | 41  0.30170 -1.92375e-01 | 42 -0.61567  2.56545e-01
 43  0.35649  1.03124e-02 | 44 -0.34722 -1.13842e-02 | 45  0.99997 -1.70201e-02
 46 -1.00423  4.90959e-03 | 47  0.21409 -3.78472e-02 | 48 -0.47937  4.20614e-02
 49 -0.31021 -1.17182e-02 | 50 -0.33000 -2.67360e-01 | 51 -0.29788  8.76715e-03
 52 -0.57135  2.07346e-01 |
52 variables; iteration 200; function evaluation 238; phase 3
Function value 2.8101823e+03; maximum gradient component mag -2.0055e-01
Var    Value     Gradient |Var    Value     Gradient |Var    Value     Gradient
  1  0.05065 -1.97518e-01 |  2 -0.00674  2.67987e-03 |  3  0.03421  3.10767e-03
  4 -0.01843  2.83508e-03 |  5 -0.13880  3.37744e-03 |  6 -0.02352  3.49011e-03
  7 -0.11428  4.42865e-03 |  8 -0.07532  4.24107e-03 |  9  0.00137  7.75517e-03
 10  0.10557  1.61415e-02 | 11 -0.02568  5.27311e-03 | 12  0.01509 -1.14238e-02
 13  0.02799 -2.02300e-02 | 14  0.07210  3.91823e-03 | 15  0.01686  8.86470e-03
 16 -0.05498  4.65978e-03 | 17 -0.00678 -2.39536e-02 | 18  0.07218 -2.96678e-03
 19  0.11283 -2.53095e-03 | 20 -0.04471  4.06944e-03 | 21 -0.02327  4.51319e-03
 22 -0.01505  1.18439e-02 | 23 -0.04127  3.94420e-03 | 24  0.03743 -2.61639e-03
 25  0.05305 -6.61211e-03 | 26  0.02985 -1.13002e-02 | 27  0.05217 -1.73090e-02
 28  0.02532 -1.67772e-02 | 29  0.02969 -7.43341e-03 | 30  0.02106 -4.26658e-03
 31  0.05677  1.14644e-03 | 32  0.08487  7.92170e-03 | 33 -0.02240  7.31228e-03
 34 -0.01782  7.23632e-03 | 35  0.03060  6.90839e-03 | 36 -0.25702  3.05201e-03
 37  0.24402 -4.81308e-02 | 38  0.22629  2.85345e-03 | 39  0.24557 -1.61093e-02
 40  0.23728 -2.81932e-02 | 41  0.23729 -1.48364e-01 | 42 -0.64302  1.92808e-01
 43  0.35649  3.39939e-03 | 44 -0.34721  1.36140e-02 | 45  0.99993 -4.62659e-02
 46 -1.00427  1.10245e-03 | 47  0.21409  8.17437e-03 | 48 -0.47937 -1.86729e-02
 49 -0.26534 -1.32011e-02 | 50 -0.28443 -2.00555e-01 | 51 -0.27596  8.59744e-03
 52 -0.54063  1.76313e-01 |
52 variables; iteration 220; function evaluation 263; phase 3
Function value 2.8101821e+03; maximum gradient component mag -1.2902e-01
Var    Value     Gradient |Var    Value     Gradient |Var    Value     Gradient
  1  0.05065 -1.29025e-01 |  2 -0.00674  1.67724e-04 |  3  0.03420 -9.86133e-04
  4 -0.01844  2.38560e-03 |  5 -0.13880  3.45328e-03 |  6 -0.02352  4.25275e-03
  7 -0.11428  2.71843e-03 |  8 -0.07532  3.66429e-03 |  9  0.00137  3.46953e-03
 10  0.10557  7.31058e-03 | 11 -0.02568  4.18903e-03 | 12  0.01509 -1.52587e-03
 13  0.02799 -3.27227e-03 | 14  0.07209 -1.16901e-02 | 15  0.01686  1.63527e-03
 16 -0.05498 -3.08615e-04 | 17 -0.00677 -5.49811e-04 | 18  0.07218  2.06293e-03
 19  0.11283  1.42759e-03 | 20 -0.04471  1.09448e-03 | 21 -0.02327  5.52941e-04
 22 -0.01505  3.47417e-03 | 23 -0.04127  4.12673e-04 | 24  0.03743 -2.74219e-04
 25  0.05305  2.34446e-03 | 26  0.02985  1.74800e-03 | 27  0.05218 -5.12086e-04
 28  0.02532 -1.45858e-03 | 29  0.02969 -1.98300e-03 | 30  0.02106  2.04366e-05
 31  0.05677  5.16364e-04 | 32  0.08487 -1.56578e-04 | 33 -0.02240 -5.54075e-04
 34 -0.01782 -3.33558e-03 | 35  0.03060 -1.69961e-02 | 36 -0.25702  1.91565e-03
 37  0.24402 -2.19303e-02 | 38  0.22629 -3.95406e-03 | 39  0.24557 -5.04717e-03
 40  0.23728 -4.51022e-03 | 41  0.18133 -8.27919e-02 | 42 -0.66751  9.28485e-02
 43  0.35649  4.19860e-03 | 44 -0.34721 -5.36884e-05 | 45  0.99995 -3.03282e-02
 46 -1.00427  5.78334e-04 | 47  0.21409  8.65550e-03 | 48 -0.47937 -1.05736e-02
 49 -0.22604 -8.12154e-03 | 50 -0.24464 -1.12013e-01 | 51 -0.25782  5.72569e-03
 52 -0.51608  9.48491e-02 |
52 variables; iteration 240; function evaluation 284; phase 3
Function value 2.8101820e+03; maximum gradient component mag 4.6700e-01
Var    Value     Gradient |Var    Value     Gradient |Var    Value     Gradient
  1  0.05065 -1.36596e-01 |  2 -0.00674  3.50002e-03 |  3  0.03420  1.25571e-04
  4 -0.01844  8.24949e-04 |  5 -0.13881  4.07392e-04 |  6 -0.02353 -3.01258e-03
  7 -0.11428  2.56494e-03 |  8 -0.07533  1.81457e-03 |  9  0.00137  5.33618e-03
 10  0.10557  1.19286e-02 | 11 -0.02568  2.14399e-03 | 12  0.01510 -9.30665e-04
 13  0.02799 -3.65396e-03 | 14  0.07209 -1.79946e-05 | 15  0.01686 -6.84045e-03
 16 -0.05498 -1.06212e-02 | 17 -0.00677  2.57299e-03 | 18  0.07218  1.64730e-06
 19  0.11283  3.12842e-03 | 20 -0.04471 -2.83544e-03 | 21 -0.02327 -4.74766e-03
 22 -0.01505 -4.59942e-03 | 23 -0.04127 -5.58659e-03 | 24  0.03743 -5.53127e-03
 25  0.05305 -6.03795e-03 | 26  0.02985 -1.20802e-02 | 27  0.05218  6.43185e-03
 28  0.02532  3.26054e-03 | 29  0.02969 -2.62824e-03 | 30  0.02106 -5.98327e-03
 31  0.05678 -2.66295e-03 | 32  0.08487 -1.25620e-03 | 33 -0.02240 -3.98099e-03
 34 -0.01782 -4.12966e-04 | 35  0.03061  3.39167e-02 | 36 -0.25701  4.25345e-03
 37  0.24402  3.12997e-02 | 38  0.22629  1.27810e-02 | 39  0.24557  3.30944e-03
 40  0.23728 -2.85862e-03 | 41  0.11769 -3.12244e-01 | 42 -0.69151  4.14914e-01
 43  0.35649 -8.21765e-03 | 44 -0.34721  8.77270e-04 | 45  0.99992 -5.45469e-02
 46 -1.00429 -1.29020e-03 | 47  0.21409 -1.42970e-02 | 48 -0.47937  1.93492e-02
 49 -0.18123 -2.43659e-02 | 50 -0.19937 -4.18175e-01 | 51 -0.24137  2.60144e-02
 52 -0.49439  4.67005e-01 |
52 variables; iteration 260; function evaluation 307; phase 3
Function value 2.8101820e+03; maximum gradient component mag 1.3571e-01
Var    Value     Gradient |Var    Value     Gradient |Var    Value     Gradient
  1  0.05065  6.13357e-03 |  2 -0.00674 -4.42528e-04 |  3  0.03420 -1.54199e-03
  4 -0.01844 -1.38457e-03 |  5 -0.13881  5.41484e-04 |  6 -0.02353  6.37891e-04
  7 -0.11428  3.66679e-04 |  8 -0.07533  6.48773e-04 |  9  0.00137  4.01581e-04
 10  0.10557  1.79500e-03 | 11 -0.02568  1.76835e-03 | 12  0.01509 -2.86868e-03
 13  0.02799 -4.88242e-03 | 14  0.07209 -2.91885e-03 | 15  0.01686 -1.13085e-04
 16 -0.05498 -6.65710e-04 | 17 -0.00677 -3.51776e-03 | 18  0.07218  1.67018e-03
 19  0.11283  2.32493e-03 | 20 -0.04471 -1.71935e-04 | 21 -0.02327 -1.07237e-03
 22 -0.01505 -1.62188e-03 | 23 -0.04127 -9.76187e-04 | 24  0.03743  2.42480e-03
 25  0.05305  5.52085e-03 | 26  0.02985  7.23956e-03 | 27  0.05218 -5.93848e-03
 28  0.02532 -4.03658e-03 | 29  0.02970  8.97404e-03 | 30  0.02106  7.00651e-03
 31  0.05677  7.51738e-04 | 32  0.08487 -4.93338e-05 | 33 -0.02240 -2.67446e-03
 34 -0.01782  1.41010e-03 | 35  0.03060 -7.14323e-03 | 36 -0.25702  1.48668e-05
 37  0.24402  1.14247e-02 | 38  0.22629  5.16219e-03 | 39  0.24557  3.61179e-03
 40  0.23728  2.07300e-02 | 41  0.05734 -5.85770e-02 | 42 -0.71084  1.08710e-01
 43  0.35649  1.97815e-03 | 44 -0.34721  3.05097e-04 | 45  0.99999 -1.24114e-03
 46 -1.00427  7.40916e-04 | 47  0.21409  6.63171e-04 | 48 -0.47937  3.97880e-04
 49 -0.13880 -5.98309e-03 | 50 -0.15662 -7.89124e-02 | 51 -0.22907  8.33039e-03
 52 -0.47851  1.35714e-01 |
52 variables; iteration 280; function evaluation 327; phase 3
Function value 2.8101820e+03; maximum gradient component mag -5.0944e-02
Var    Value     Gradient |Var    Value     Gradient |Var    Value     Gradient
  1  0.05065 -5.09438e-02 |  2 -0.00674 -2.10353e-04 |  3  0.03421  2.33038e-03
  4 -0.01844  3.01214e-03 |  5 -0.13881  1.48776e-03 |  6 -0.02352  3.30325e-03
  7 -0.11428  7.80249e-04 |  8 -0.07532  1.78103e-03 |  9  0.00137  2.75053e-03
 10  0.10557  5.84386e-03 | 11 -0.02569  1.46239e-03 | 12  0.01509 -2.34197e-03
 13  0.02799 -5.22308e-03 | 14  0.07209 -8.83298e-04 | 15  0.01686  5.83636e-03
 16 -0.05498  2.95331e-03 | 17 -0.00677 -7.63887e-03 | 18  0.07218 -1.79192e-03
 19  0.11283 -1.72822e-03 | 20 -0.04471  2.27365e-03 | 21 -0.02326  3.33878e-03
 22 -0.01505  7.52990e-03 | 23 -0.04127  2.64481e-03 | 24  0.03743 -1.64694e-03
 25  0.05305 -4.15612e-03 | 26  0.02985 -6.51342e-03 | 27  0.05218 -3.27478e-03
 28  0.02532 -4.25101e-03 | 29  0.02969 -1.05208e-02 | 30  0.02106 -6.98430e-03
 31  0.05678  1.84868e-03 | 32  0.08487  5.51852e-03 | 33 -0.02240  6.79441e-03
 34 -0.01782  6.79871e-04 | 35  0.03060 -3.13851e-03 | 36 -0.25702  4.68937e-04
 37  0.24402 -4.24690e-02 | 38  0.22629 -7.99808e-03 | 39  0.24557 -1.17287e-02
 40  0.23728 -2.27186e-02 | 41  0.02288  2.07973e-02 | 42 -0.72049 -3.27780e-02
 43  0.35649  4.04621e-03 | 44 -0.34721  6.03461e-03 | 45  0.99999  1.94190e-04
 46 -1.00428  2.28398e-04 | 47  0.21409  1.24069e-02 | 48 -0.47937 -1.94075e-02
 49 -0.11469  1.90569e-03 | 50 -0.13236  2.63301e-02 | 51 -0.22324 -4.14212e-03
 52 -0.47107 -3.50472e-02 |
52 variables; iteration 300; function evaluation 350; phase 3
Function value 2.8101819e+03; maximum gradient component mag 2.3520e-01
Var    Value     Gradient |Var    Value     Gradient |Var    Value     Gradient
  1  0.05065  1.74452e-01 |  2 -0.00674 -7.59395e-03 |  3  0.03421  5.69175e-03
  4 -0.01843  8.69685e-03 |  5 -0.13880 -1.20848e-03 |  6 -0.02352  1.10505e-02
  7 -0.11427 -6.38651e-03 |  8 -0.07532  1.74122e-03 |  9  0.00137  3.95459e-03
 10  0.10557  1.19967e-02 | 11 -0.02569 -7.73059e-04 | 12  0.01509 -7.36002e-03
 13  0.02799 -1.99904e-02 | 14  0.07209  1.14059e-02 | 15  0.01686  1.28578e-02
 16 -0.05498  2.27151e-03 | 17 -0.00678 -3.00609e-02 | 18  0.07218 -5.50035e-03
 19  0.11283 -1.80738e-03 | 20 -0.04471  3.60896e-03 | 21 -0.02326  6.22041e-03
 22 -0.01505  1.93483e-02 | 23 -0.04127  4.43794e-03 | 24  0.03743 -3.33791e-03
 25  0.05305 -9.55442e-03 | 26  0.02985 -1.44808e-02 | 27  0.05217 -7.10807e-03
 28  0.02532 -1.04971e-02 | 29  0.02969 -2.64129e-02 | 30  0.02106 -2.14969e-02
 31  0.05678  1.04577e-02 | 32  0.08487  2.65177e-02 | 33 -0.02240  2.39498e-02
 34 -0.01782  9.83843e-03 | 35  0.03060 -3.14603e-03 | 36 -0.25702 -3.69895e-03
 37  0.24402 -8.81684e-02 | 38  0.22629 -2.51700e-02 | 39  0.24557 -2.94608e-02
 40  0.23728 -9.61279e-03 | 41 -0.06764  5.41915e-02 | 42 -0.70927  1.79010e-01
 43  0.35650  1.00128e-02 | 44 -0.34721  2.30840e-02 | 45  0.99998 -3.47879e-03
 46 -1.00428 -4.33054e-04 | 47  0.21409  2.87099e-02 | 48 -0.47937 -4.45338e-02
 49 -0.05197  2.95117e-02 | 50 -0.06939  4.92531e-02 | 51 -0.23004 -7.01916e-03
 52 -0.47974  2.35205e-01 |
52 variables; iteration 320; function evaluation 374; phase 3
Function value 2.8101818e+03; maximum gradient component mag 1.6255e-01
Var    Value     Gradient |Var    Value     Gradient |Var    Value     Gradient
  1  0.05065 -4.69408e-02 |  2 -0.00674 -7.71893e-04 |  3  0.03420 -8.22287e-05
  4 -0.01844  1.86364e-03 |  5 -0.13881  1.27939e-03 |  6 -0.02353  1.55330e-03
  7 -0.11428 -5.00702e-06 |  8 -0.07533  1.16480e-03 |  9  0.00137  2.86290e-04
 10  0.10557 -2.02970e-03 | 11 -0.02569  8.10822e-05 | 12  0.01510  6.35466e-04
 13  0.02799 -1.67722e-03 | 14  0.07209 -2.39901e-03 | 15  0.01686 -7.96633e-05
 16 -0.05498 -2.49045e-03 | 17 -0.00677 -3.80316e-04 | 18  0.07218 -3.35604e-04
 19  0.11283  7.53927e-04 | 20 -0.04471 -3.70845e-05 | 21 -0.02327  7.03305e-04
 22 -0.01505  7.81006e-04 | 23 -0.04127 -7.54745e-04 | 24  0.03743 -4.04798e-04
 25  0.05305  2.62458e-05 | 26  0.02985 -1.46143e-03 | 27  0.05218 -3.19918e-03
 28  0.02532 -2.52937e-03 | 29  0.02969 -6.49520e-04 | 30  0.02106 -1.07848e-03
 31  0.05678  5.57675e-03 | 32  0.08487  3.62601e-03 | 33 -0.02240 -2.94580e-04
 34 -0.01782  1.09314e-03 | 35  0.03060  1.20541e-03 | 36 -0.25702  1.03878e-03
 37  0.24402 -1.38013e-02 | 38  0.22629 -9.77573e-03 | 39  0.24557 -2.86509e-03
 40  0.23728  4.00364e-03 | 41 -0.13184 -8.05692e-02 | 42 -0.68298  1.46090e-01
 43  0.35649  4.66950e-03 | 44 -0.34721 -8.42259e-04 | 45  0.99999 -4.26393e-04
 46 -1.00428 -1.09752e-04 | 47  0.21409  3.70171e-03 | 48 -0.47937 -2.75695e-03
 49 -0.00834 -9.51675e-04 | 50 -0.02569 -1.17890e-01 | 51 -0.24707  5.38843e-03
 52 -0.50185  1.62555e-01 |
52 variables; iteration 340; function evaluation 395; phase 3
Function value 2.8101818e+03; maximum gradient component mag -4.1393e-02
Var    Value     Gradient |Var    Value     Gradient |Var    Value     Gradient
  1  0.05065 -4.13925e-02 |  2 -0.00674  3.63789e-04 |  3  0.03420  5.63663e-05
  4 -0.01844  4.21583e-04 |  5 -0.13881  6.27554e-04 |  6 -0.02353  5.56721e-04
  7 -0.11428  5.65548e-04 |  8 -0.07533  5.52201e-04 |  9  0.00137  4.52174e-04
 10  0.10557 -2.22594e-04 | 11 -0.02569  2.98401e-04 | 12  0.01510 -5.84316e-05
 13  0.02799 -2.66832e-04 | 14  0.07209 -1.11301e-03 | 15  0.01686 -1.77760e-04
 16 -0.05498  8.02759e-05 | 17 -0.00677  4.44942e-04 | 18  0.07218 -1.58346e-05
 19  0.11283 -5.41759e-04 | 20 -0.04471  5.23089e-04 | 21 -0.02327  1.71519e-04
 22 -0.01505 -2.47255e-04 | 23 -0.04127  1.82589e-04 | 24  0.03743 -7.43824e-05
 25  0.05305 -2.36271e-04 | 26  0.02985 -2.42005e-04 | 27  0.05218 -1.28338e-03
 28  0.02532 -4.41095e-04 | 29  0.02969  7.00147e-04 | 30  0.02106  5.56359e-04
 31  0.05678 -4.00506e-04 | 32  0.08487 -1.74168e-03 | 33 -0.02240 -6.95398e-04
 34 -0.01782 -6.91657e-06 | 35  0.03060  4.83913e-04 | 36 -0.25702  6.14592e-04
 37  0.24402 -3.78140e-03 | 38  0.22629 -1.88648e-03 | 39  0.24557 -4.47269e-04
 40  0.23728 -4.72231e-03 | 41 -0.15415 -1.58977e-02 | 42 -0.67315 -8.65994e-03
 43  0.35649  3.67811e-04 | 44 -0.34721  2.98925e-04 | 45  0.99999 -1.23282e-05
 46 -1.00428 -2.51268e-05 | 47  0.21409 -1.72629e-03 | 48 -0.47937  1.70175e-03
 49  0.00661 -2.02160e-03 | 50 -0.01073 -2.06519e-02 | 51 -0.25384  2.37109e-05
 52 -0.51079 -7.59598e-03 |
52 variables; iteration 360; function evaluation 419; phase 3
Function value 2.8101818e+03; maximum gradient component mag 3.6689e-01
Var    Value     Gradient |Var    Value     Gradient |Var    Value     Gradient
  1  0.05065  3.66890e-01 |  2 -0.00674 -3.13336e-03 |  3  0.03420 -6.84115e-05
  4 -0.01844 -3.12937e-03 |  5 -0.13881 -5.39908e-03 |  6 -0.02353 -4.53766e-03
  7 -0.11428 -5.15449e-03 |  8 -0.07533 -5.11780e-03 |  9  0.00137 -4.88903e-03
 10  0.10557 -6.36529e-04 | 11 -0.02569 -3.17607e-03 | 12  0.01510  1.54222e-03
 13  0.02800  4.52470e-03 | 14  0.07209  1.01054e-02 | 15  0.01686  3.36118e-03
 16 -0.05498  2.69245e-04 | 17 -0.00677 -2.63973e-03 | 18  0.07218 -5.90693e-04
 19  0.11283  3.22596e-03 | 20 -0.04471 -4.80382e-03 | 21 -0.02326 -9.45613e-05
 22 -0.01505  4.06998e-03 | 23 -0.04127 -5.83705e-04 | 24  0.03743  5.16507e-04
 25  0.05305  1.81701e-03 | 26  0.02985  1.64400e-03 | 27  0.05218  1.05465e-02
 28  0.02532  3.86576e-03 | 29  0.02969 -7.74947e-03 | 30  0.02106 -5.37414e-03
 31  0.05678  5.13817e-03 | 32  0.08487  1.61813e-02 | 33 -0.02240  6.77043e-03
 34 -0.01782 -1.00918e-03 | 35  0.03060 -7.22694e-03 | 36 -0.25702 -5.66616e-03
 37  0.24402  1.88730e-02 | 38  0.22629  1.29598e-02 | 39  0.24557  8.35228e-04
 40  0.23728  3.14016e-02 | 41 -0.12470  2.03808e-01 | 42 -0.65441 -3.01999e-02
 43  0.35649 -2.68220e-03 | 44 -0.34721 -3.38548e-03 | 45  0.99999 -1.36638e-04
 46 -1.00428  1.87238e-04 | 47  0.21409  1.71300e-02 | 48 -0.47937 -1.96760e-02
 49 -0.01315  2.36195e-02 | 50 -0.03050  2.78992e-01 | 51 -0.26734 -5.86642e-03
 52 -0.52888 -2.50008e-02 |
52 variables; iteration 380; function evaluation 440; phase 3
Function value 2.8101818e+03; maximum gradient component mag 7.7837e-03
Var    Value     Gradient |Var    Value     Gradient |Var    Value     Gradient
  1  0.05065  7.78367e-03 |  2 -0.00674 -1.60425e-04 |  3  0.03420 -7.07676e-05
  4 -0.01844 -2.12700e-05 |  5 -0.13881 -8.54351e-05 |  6 -0.02353  2.46498e-04
  7 -0.11428 -2.17000e-04 |  8 -0.07533 -4.02937e-05 |  9  0.00137  1.95360e-04
 10  0.10557  5.76427e-04 | 11 -0.02569  8.09627e-05 | 12  0.01510 -1.90861e-04
 13  0.02799 -4.96825e-04 | 14  0.07209 -5.07183e-04 | 15  0.01686 -3.10337e-04
 16 -0.05498 -3.51631e-04 | 17 -0.00677  2.67474e-05 | 18  0.07218 -1.24624e-04
 19  0.11283 -2.48037e-04 | 20 -0.04471  8.68022e-05 | 21 -0.02327 -3.11349e-04
 22 -0.01505 -6.82034e-04 | 23 -0.04127 -1.54915e-05 | 24  0.03743  4.68131e-04
 25  0.05305  3.37971e-04 | 26  0.02985  6.11042e-04 | 27  0.05218 -6.62276e-04
 28  0.02532 -1.26770e-04 | 29  0.02969  1.20091e-03 | 30  0.02106  7.13072e-04
 31  0.05678 -2.03448e-04 | 32  0.08487 -6.12553e-04 | 33 -0.02240 -4.55248e-04
 34 -0.01782  4.58491e-04 | 35  0.03060  5.74375e-04 | 36 -0.25702 -7.94325e-05
 37  0.24402  1.23717e-03 | 38  0.22629  7.54360e-05 | 39  0.24557  7.08861e-04
 40  0.23728  2.02827e-03 | 41 -0.07286  1.43435e-03 | 42 -0.64410 -1.66193e-03
 43  0.35649  4.22134e-04 | 44 -0.34721  5.25623e-04 | 45  0.99999  3.36313e-05
 46 -1.00428 -3.38828e-05 | 47  0.21409 -1.89459e-03 | 48 -0.47937  2.45808e-03
 49 -0.04841  6.85003e-04 | 50 -0.06582  1.36672e-03 | 51 -0.27513 -5.03029e-04
 52 -0.53949 -1.05276e-03 |
52 variables; iteration 400; function evaluation 461; phase 3
Function value 2.8101818e+03; maximum gradient component mag -3.9836e-02
Var    Value     Gradient |Var    Value     Gradient |Var    Value     Gradient
  1  0.05065 -3.98356e-02 |  2 -0.00674  4.20514e-04 |  3  0.03420  1.68168e-04
  4 -0.01844  6.26512e-04 |  5 -0.13881  6.57449e-04 |  6 -0.02353 -1.01621e-03
  7 -0.11428  1.06493e-03 |  8 -0.07533  2.12861e-04 |  9  0.00137 -1.31831e-03
 10  0.10557 -4.07870e-03 | 11 -0.02569 -9.42070e-04 | 12  0.01510  1.63881e-03
 13  0.02800  2.68971e-03 | 14  0.07209  1.53013e-03 | 15  0.01686  2.72076e-03
 16 -0.05498  1.96065e-03 | 17 -0.00677 -1.09023e-03 | 18  0.07218  2.61880e-05
 19  0.11283  2.81373e-04 | 20 -0.04471 -7.32847e-04 | 21 -0.02326  2.33546e-03
 22 -0.01505  4.99910e-03 | 23 -0.04127  5.85013e-04 | 24  0.03743 -1.39388e-03
 25  0.05305 -2.59504e-03 | 26  0.02985 -4.56003e-03 | 27  0.05218  2.35835e-03
 28  0.02532 -3.23110e-04 | 29  0.02969 -7.12566e-03 | 30  0.02106 -4.55158e-03
 31  0.05678  2.81599e-03 | 32  0.08487  5.99045e-03 | 33 -0.02240  3.65985e-03
 34 -0.01782 -1.79283e-03 | 35  0.03060 -3.43820e-03 | 36 -0.25702  4.01138e-04
 37  0.24402 -1.83818e-02 | 38  0.22629 -1.81522e-03 | 39  0.24557 -5.15985e-03
 40  0.23728 -6.70038e-03 | 41 -0.07501 -1.33480e-02 | 42 -0.64219  3.88431e-02
 43  0.35649  1.42579e-03 | 44 -0.34721 -2.68319e-03 | 45  0.99999 -7.76766e-04
 46 -1.00428  2.64422e-04 | 47  0.21409  9.67554e-03 | 48 -0.47937 -1.31879e-02
 49 -0.04693 -3.05689e-03 | 50 -0.06434 -1.64096e-02 | 51 -0.27660  3.51518e-03
 52 -0.54151  3.41332e-02 |
Estimating row 1 out of 52 for hessian
Estimating row 2 out of 52 for hessian
Estimating row 3 out of 52 for hessian
Estimating row 4 out of 52 for hessian
Estimating row 5 out of 52 for hessian
Estimating row 6 out of 52 for hessian
Estimating row 7 out of 52 for hessian
Estimating row 8 out of 52 for hessian
Estimating row 9 out of 52 for hessian
Estimating row 10 out of 52 for hessian
Estimating row 11 out of 52 for hessian
Estimating row 12 out of 52 for hessian
Estimating row 13 out of 52 for hessian
Estimating row 14 out of 52 for hessian
Estimating row 15 out of 52 for hessian
Estimating row 16 out of 52 for hessian
Estimating row 17 out of 52 for hessian
Estimating row 18 out of 52 for hessian
Estimating row 19 out of 52 for hessian
Estimating row 20 out of 52 for hessian
Estimating row 21 out of 52 for hessian
Estimating row 22 out of 52 for hessian
Estimating row 23 out of 52 for hessian
Estimating row 24 out of 52 for hessian
Estimating row 25 out of 52 for hessian
Estimating row 26 out of 52 for hessian
Estimating row 27 out of 52 for hessian
Estimating row 28 out of 52 for hessian
Estimating row 29 out of 52 for hessian
Estimating row 30 out of 52 for hessian
Estimating row 31 out of 52 for hessian
Estimating row 32 out of 52 for hessian
Estimating row 33 out of 52 for hessian
Estimating row 34 out of 52 for hessian
Estimating row 35 out of 52 for hessian
Estimating row 36 out of 52 for hessian
Estimating row 37 out of 52 for hessian
Estimating row 38 out of 52 for hessian
Estimating row 39 out of 52 for hessian
Estimating row 40 out of 52 for hessian
Estimating row 41 out of 52 for hessian
Estimating row 42 out of 52 for hessian
Estimating row 43 out of 52 for hessian
Estimating row 44 out of 52 for hessian
Estimating row 45 out of 52 for hessian
Estimating row 46 out of 52 for hessian
Estimating row 47 out of 52 for hessian
Estimating row 48 out of 52 for hessian
Estimating row 49 out of 52 for hessian
Estimating row 50 out of 52 for hessian
Estimating row 51 out of 52 for hessian
Estimating row 52 out of 52 for hessian
size of file gradfil1.tmp = 0
size of file gradfil2.tmp = 0
size of file varssave.tmp = 0
size of file cmpdiff.tmp = 0
