
Initial statistics: 31 variables; iteration 0; function evaluation 0; phase 1
Function value 5.6015276e+03; maximum gradient component mag 2.3603e+04
Var    Value     Gradient |Var    Value     Gradient |Var    Value     Gradient
  1  0.26198  2.36028e+04 |  2  0.00000 -3.88543e+02 |  3  0.00000 -4.86670e+02
  4  0.00000 -4.82435e+02 |  5  0.00000 -2.58346e+02 |  6  0.00000 -5.30651e+02
  7  0.00000 -3.10387e+02 |  8  0.00000 -2.77769e+02 |  9  0.00000 -2.56318e+02
 10  0.00000 -4.80765e+02 | 11  0.00000  1.51506e+01 | 12  0.00000 -1.48617e+02
 13  0.00000 -4.85406e+01 | 14  0.00000 -1.52626e+02 | 15  0.00000  3.24418e+01
 16  0.00000  2.59230e+02 | 17  0.00000  2.17600e+02 | 18  0.00000 -3.18567e+01
 19  0.00000 -1.79902e+02 | 20  0.00000  3.04321e+02 | 21  0.00000  9.81880e+01
 22  0.00000  1.73384e+01 | 23  0.00000  1.27205e+02 | 24  0.00000  2.03366e+02
 25  0.00000  4.94809e+02 | 26  0.00000  7.66574e+02 | 27  0.00000  7.84072e+02
 28  0.00000  6.04698e+02 | 29  0.00000  1.57938e+02 | 30  0.00000 -1.60602e+02
 31  0.00000  1.11097e+02 |

Intermediate statistics: 31 variables; iteration 20; function evaluation 33; phase 1
Function value 3.0558297e+03; maximum gradient component mag 5.0935e+03
Var    Value     Gradient |Var    Value     Gradient |Var    Value     Gradient
  1  0.06419  5.09353e+03 |  2 -0.07017 -1.26971e+02 |  3 -0.10694 -2.21624e+02
  4 -0.06936 -7.75251e+00 |  5 -0.18810 -3.78082e+01 |  6 -0.27651 -3.72182e+02
  7 -0.33922 -2.18359e+02 |  8 -0.15766 -1.42455e+02 |  9 -0.14009 -2.96774e+02
 10  0.10161 -5.30041e+01 | 11 -0.03433 -5.02139e+01 | 12  0.05814  1.04539e+01
 13  0.12593  2.65552e+02 | 14  0.07579 -6.85795e+01 | 15  0.08494  1.20251e+02
 16  0.08847  2.47491e+02 | 17  0.08978  1.16710e+02 | 18  0.08605 -9.82361e+01
 19  0.12599 -4.87795e+01 | 20  0.03604  4.19019e+01 | 21  0.09294  2.58474e+02
 22  0.03587  7.25000e+00 | 23  0.02982  4.38813e+01 | 24  0.01474 -1.25006e+02
 25  0.07052  1.08034e+02 | 26  0.09817  3.25632e+02 | 27  0.07141  1.96783e+02
 28  0.07940  1.51407e+02 | 29  0.12024  2.56300e+02 | 30  0.11818  1.58377e+02
 31 -0.24486 -6.61552e+01 |
31 variables; iteration 40; function evaluation 62; phase 1
Function value 2.8452853e+03; maximum gradient component mag -2.8431e+02
Var    Value     Gradient |Var    Value     Gradient |Var    Value     Gradient
  1  0.05580 -2.84314e+02 |  2 -0.03414 -2.50647e+00 |  3 -0.02148 -3.04135e+00
  4 -0.05818 -1.53397e+01 |  5 -0.15875 -1.10651e+01 |  6 -0.03423  1.04160e+01
  7 -0.10692  3.86628e-01 |  8 -0.06119  2.49416e+01 |  9 -0.01385 -1.54418e+01
 10  0.08413 -2.00448e+01 | 11 -0.04514 -6.94666e+00 | 12  0.02257 -3.08774e+01
 13  0.02858 -2.48631e+01 | 14  0.04836  1.37593e+01 | 15  0.00388  1.01800e+01
 16 -0.02314  4.54842e+00 | 17  0.02527 -5.97628e-01 | 18  0.08216  2.12416e+01
 19  0.10663  1.42830e+01 | 20 -0.00547  1.39712e+01 | 21 -0.00660 -1.26121e+01
 22  0.00426  2.85114e+01 | 23 -0.02396 -5.57678e+00 | 24  0.04345  2.27362e+01
 25  0.05319  2.16171e+01 | 26  0.04810  9.49406e+00 | 27  0.03164  1.89619e+01
 28  0.04307  1.33567e+01 | 29  0.05721  4.52304e+00 | 30  0.08250  7.17127e+00
 31 -0.17210  2.28273e+01 |

 - final statistics:
31 variables; iteration 47; function evaluation 69
Function value 2.8436e+03; maximum gradient component mag -7.0667e-01
Exit code = 1;  converg criter 1.0000e+01
Var    Value     Gradient |Var    Value     Gradient |Var    Value     Gradient
  1  0.05737 -7.06674e-01 |  2 -0.03179 -3.01702e-01 |  3 -0.01228 -4.91372e-02
  4 -0.03918 -4.39827e-02 |  5 -0.13387 -1.33615e-01 |  6 -0.02322  1.87274e-01
  7 -0.09187 -8.28153e-03 |  8 -0.06346  1.83558e-02 |  9 -0.00464  3.01123e-02
 10  0.08572  4.34833e-01 | 11 -0.04394 -1.32367e-01 | 12  0.02678 -2.65935e-01
 13  0.03020 -9.74642e-02 | 14  0.04313 -8.46985e-03 | 15  0.00082 -6.71523e-02
 16 -0.02451  5.07304e-02 | 17  0.02472 -9.63344e-02 | 18  0.07579  1.32339e-01
 19  0.10249 -5.50218e-02 | 20 -0.01127  1.72456e-01 | 21 -0.00351 -2.12649e-01
 22 -0.00478 -1.30931e-02 | 23 -0.02168 -2.97998e-01 | 24  0.03640 -1.99095e-02
 25  0.04739 -4.50830e-02 | 26  0.04545  4.63613e-02 | 27  0.02615 -1.64776e-02
 28  0.03843  2.95415e-02 | 29  0.05330  8.63147e-02 | 30  0.07532  1.82896e-01
 31 -0.20588 -2.02114e-01 |

Initial statistics: 39 variables; iteration 0; function evaluation 0; phase 2
Function value 2.8436323e+03; maximum gradient component mag -2.0133e+03
Var    Value     Gradient |Var    Value     Gradient |Var    Value     Gradient
  1  0.05737 -7.06674e-01 |  2 -0.03179 -2.78229e-01 |  3 -0.01228 -2.56399e-02
  4 -0.03918 -2.05255e-02 |  5 -0.13387 -1.10631e-01 |  6 -0.02322  2.10760e-01
  7 -0.09187  1.49759e-02 |  8 -0.06346  4.17408e-02 |  9 -0.00464  5.36134e-02
 10  0.08572  4.58122e-01 | 11 -0.04394 -1.08922e-01 | 12  0.02678 -2.42454e-01
 13  0.03020 -7.39890e-02 | 14  0.04313  1.49779e-02 | 15  0.00082 -4.36506e-02
 16 -0.02451  7.42147e-02 | 17  0.02472 -7.28504e-02 | 18  0.07579  1.55675e-01
 19  0.10249 -3.18241e-02 | 20 -0.01127  1.95954e-01 | 21 -0.00350 -1.89148e-01
 22 -0.00478  1.04079e-02 | 23 -0.02168 -2.74510e-01 | 24  0.03640  3.55372e-03
 25  0.04739 -2.16463e-02 | 26  0.04545  6.98031e-02 | 27  0.02615  7.00431e-03
 28  0.03843  5.30004e-02 | 29  0.05330  1.09734e-01 | 30  0.07532  2.06233e-01
 31 -0.20588 -1.79830e-01 | 32  0.21935 -2.01334e+03 | 33  0.21935 -3.51227e+02
 34  0.21935 -9.64504e+01 | 35  0.21935  1.77077e+03 | 36  0.43912  2.95442e+02
 37  0.03033 -4.29734e+02 | 38  0.07979  1.76976e+02 | 39  0.24471  3.51076e+02

Intermediate statistics: 39 variables; iteration 20; function evaluation 30; phase 2
Function value 2.6828310e+03; maximum gradient component mag -7.6479e+03
Var    Value     Gradient |Var    Value     Gradient |Var    Value     Gradient
  1  0.03429 -7.64791e+03 |  2 -0.02298  3.75004e+01 |  3  0.04475  4.35525e+01
  4 -0.00755  7.89412e+01 |  5 -0.13083  8.86202e+01 |  6  0.00915  8.67257e+01
  7 -0.08190  9.51602e+01 |  8 -0.05321  6.19572e+01 |  9  0.00522 -2.21213e+01
 10  0.10374 -2.73748e+02 | 11 -0.07615 -6.06190e+01 | 12 -0.01776 -1.71733e+02
 13  0.01845 -2.30766e+02 | 14  0.09033 -1.89734e+02 | 15  0.00977 -4.88419e+01
 16 -0.04220 -3.67784e+01 | 17  0.00084 -9.32209e+01 | 18  0.05541 -9.14518e+01
 19  0.08837 -8.59530e+01 | 20 -0.05336 -1.22365e+01 | 21 -0.03484  1.08859e+01
 22 -0.02392  2.54298e+01 | 23 -0.02033  4.08838e+01 | 24  0.06034  6.49709e+01
 25  0.07901  1.74037e+02 | 26  0.11425  3.25195e+02 | 27  0.08619  2.87306e+02
 28  0.08186  2.41260e+02 | 29  0.04093 -1.27595e+01 | 30 -0.04888 -1.73834e+02
 31 -0.27551  9.92296e+01 | 32  0.23596 -2.14763e+03 | 33  0.24406  8.57460e+02
 34  0.23400 -2.68002e+02 | 35  0.21503  3.16047e+02 | 36  0.64999 -1.67463e+02
 37 -0.17931  1.10193e+03 | 38 -0.62222 -9.63136e+01 | 39 -0.40264 -2.37110e+02
39 variables; iteration 40; function evaluation 59; phase 2
Function value 2.4650735e+03; maximum gradient component mag -5.4233e+03
Var    Value     Gradient |Var    Value     Gradient |Var    Value     Gradient
  1  0.04092 -5.42329e+03 |  2  0.02438  9.71468e+01 |  3  0.03943  4.57405e+00
  4  0.03697  8.21019e+01 |  5  0.00160  2.28904e+02 |  6  0.00524 -3.04066e+01
  7  0.00196  1.77046e+02 |  8  0.02412  1.59369e+02 |  9  0.03858  1.21428e+02
 10  0.11858  1.01707e+02 | 11 -0.05937  3.88734e+01 | 12  0.07107  1.94870e+02
 13 -0.13690 -2.18932e+02 | 14  0.09200  1.06283e+02 | 15 -0.04173 -1.05614e+02
 16 -0.03446 -2.12384e+01 | 17 -0.05647 -1.75774e+02 | 18  0.04125 -2.06603e+02
 19  0.02832 -3.45193e+02 | 20 -0.05249  9.08352e+00 | 21 -0.06283 -2.31097e+01
 22 -0.07797 -8.73043e+01 | 23  0.00274  3.68871e+01 | 24  0.01289 -1.07909e+02
 25  0.05147 -5.92939e+01 | 26  0.05463 -1.36970e+02 | 27  0.05290  3.50119e+00
 28  0.04510 -1.26934e+01 | 29  0.02013 -3.41294e+01 | 30 -0.00101 -9.71040e+00
 31 -0.24891  1.10781e+02 | 32  0.24808  2.92589e+02 | 33  0.22946 -1.93255e+03
 34  0.24275 -2.27951e+02 | 35  0.20826 -1.23579e+03 | 36  0.81402 -2.28575e+02
 37 -0.46333  8.37132e+02 | 38 -1.12080 -1.48120e+01 | 39 -0.66379 -6.21384e+02

 - final statistics:
39 variables; iteration 57; function evaluation 79
Function value 2.3353e+03; maximum gradient component mag 2.9689e+00
Exit code = 1;  converg criter 1.0000e+01
Var    Value     Gradient |Var    Value     Gradient |Var    Value     Gradient
  1  0.04162  2.96891e+00 |  2  0.00036 -4.33981e-01 |  3  0.04191 -1.43098e-01
  4 -0.00653  2.94431e-01 |  5 -0.12760 -3.56433e-01 |  6 -0.00673  4.32304e-01
  7 -0.09886 -2.52616e-01 |  8 -0.05686  2.22886e-01 |  9  0.00584  5.82846e-01
 10  0.12164  1.36677e+00 | 11 -0.03868  2.71776e-01 | 12  0.02116  4.22208e-01
 13  0.02973  1.06674e-01 | 14  0.06008  3.50706e-02 | 15 -0.00426  2.11762e-02
 16 -0.03977 -9.42530e-01 | 17  0.00617 -1.14517e-01 | 18  0.06978  1.07641e-02
 19  0.09875  2.43712e-02 | 20 -0.03199  2.10664e-01 | 21 -0.02773 -2.50363e-01
 22 -0.02063 -2.79578e-01 | 23 -0.02157 -6.89266e-01 | 24  0.04492 -8.88567e-01
 25  0.05812  9.08567e-02 | 26  0.06829  7.32171e-05 | 27  0.04094 -1.44707e-01
 28  0.04443 -2.47852e-01 | 29  0.03498  9.38762e-02 | 30  0.01959  5.69670e-01
 31 -0.29565 -1.39608e-01 | 32  0.23928  1.77968e+00 | 33  0.23564 -2.69974e-01
 34  0.23600 -8.18238e-01 | 35  0.21591 -6.65518e-01 | 36  0.77325 -1.35707e-01
 37 -0.49121 -9.52748e-01 | 38 -1.09102 -1.57922e-02 | 39 -0.61943 -4.91519e-01

Initial statistics: 45 variables; iteration 0; function evaluation 0; phase 3
Function value 2.3353106e+03; maximum gradient component mag 1.9054e+02
Var    Value     Gradient |Var    Value     Gradient |Var    Value     Gradient
  1  0.04162  2.96891e+00 |  2  0.00036 -4.29616e-01 |  3  0.04191 -1.38743e-01
  4 -0.00653  2.98795e-01 |  5 -0.12760 -3.52156e-01 |  6 -0.00673  4.36669e-01
  7 -0.09886 -2.48304e-01 |  8 -0.05686  2.27233e-01 |  9  0.00584  5.87210e-01
 10  0.12164  1.37106e+00 | 11 -0.03868  2.76133e-01 | 12  0.02116  4.26570e-01
 13  0.02973  1.11034e-01 | 14  0.06008  3.94156e-02 | 15 -0.00426  2.55406e-02
 16 -0.03977 -9.38174e-01 | 17  0.00617 -1.10152e-01 | 18  0.06978  1.51024e-02
 19  0.09875  2.86833e-02 | 20 -0.03199  2.15023e-01 | 21 -0.02773 -2.46003e-01
 22 -0.02063 -2.75216e-01 | 23 -0.02157 -6.84904e-01 | 24  0.04492 -8.84213e-01
 25  0.05812  9.52030e-02 | 26  0.06829  4.41261e-03 | 27  0.04094 -1.40352e-01
 28  0.04443 -2.43498e-01 | 29  0.03498  9.82341e-02 | 30  0.01959  5.74032e-01
 31 -0.29565 -1.35706e-01 | 32  0.23928  1.77968e+00 | 33  0.23564 -2.69974e-01
 34  0.23600 -8.18238e-01 | 35  0.21591 -6.65518e-01 | 36  0.77325 -1.35707e-01
 37 -0.49121 -9.52748e-01 | 38  0.29320 -1.78749e+01 | 39  0.19688  2.43495e+01
 40  0.24471 -1.68899e+02 | 41  0.15305  1.90542e+02 | 42  0.00000 -2.23160e+01
 43  0.08327  8.08162e+00 | 44 -0.90898  1.57922e-02 | 45 -0.61943 -4.91519e-01

Intermediate statistics: 45 variables; iteration 20; function evaluation 36; phase 3
Function value 2.1054857e+03; maximum gradient component mag -5.7606e+03
Var    Value     Gradient |Var    Value     Gradient |Var    Value     Gradient
  1  0.03160 -5.76059e+03 |  2  0.01603  1.16927e+02 |  3  0.06184  1.12462e+02
  4  0.01484  1.23018e+02 |  5 -0.10091  1.24281e+02 |  6  0.01318  1.17716e+02
  7 -0.07527  1.21964e+02 |  8 -0.04096  1.09203e+02 |  9  0.00644  8.58940e+01
 10  0.10009 -1.64692e+01 | 11 -0.02868  7.29713e+01 | 12 -0.00428  5.91179e+01
 13  0.03745  4.84702e+01 | 14  0.06430  7.36110e+01 | 15 -0.00877  1.26135e+02
 16 -0.02701  1.37124e+02 | 17 -0.00104  1.37001e+02 | 18  0.03452  4.16364e+01
 19  0.04873  2.94993e+01 | 20 -0.06217  5.08003e+01 | 21 -0.09559  5.74084e+01
 22 -0.02204  1.79592e+01 | 23  0.04398  8.09606e+01 | 24 -0.02715 -1.68370e+02
 25 -0.09038 -2.99247e+02 | 26  0.08637 -4.12223e+02 | 27  0.03743 -1.83277e+02
 28  0.02174 -2.49525e+01 | 29  0.03824  1.64298e+02 | 30  0.06362  1.15465e+02
 31 -0.07719  1.24799e+02 | 32  0.24876 -3.31842e+03 | 33  0.28142 -5.43417e+02
 34  0.25563  1.48665e+02 | 35  0.23917 -7.05741e+02 | 36  0.77508 -1.14140e+02
 37 -0.50097 -3.57754e+01 | 38  0.39555  3.90575e+02 | 39 -0.34087 -1.12060e+02
 40  1.11682 -7.55041e+00 | 41 -0.23070  5.84476e+02 | 42  0.38928  3.66117e+01
 43 -0.14762  6.43464e+01 | 44 -0.89008 -1.18065e+00 | 45 -0.60531 -2.74878e+02
45 variables; iteration 40; function evaluation 66; phase 3
Function value 2.0679796e+03; maximum gradient component mag -2.6053e+03
Var    Value     Gradient |Var    Value     Gradient |Var    Value     Gradient
  1  0.03401 -2.40520e+03 |  2  0.06199  1.67262e+02 |  3  0.09503  1.46336e+02
  4  0.05362  1.48516e+02 |  5 -0.10079  6.21890e+01 |  6  0.01498  7.51605e+01
  7 -0.07736  7.84484e+01 |  8 -0.04096  8.94730e+01 |  9  0.02718  1.43643e+02
 10  0.08646  2.71471e+01 | 11  0.00108  1.78877e+02 | 12 -0.01812  6.76246e+01
 13  0.03255  1.34716e+02 | 14  0.06110  1.83106e+02 | 15 -0.03028  7.69287e+01
 16 -0.05012  7.13751e+01 | 17  0.00172  1.93547e+02 | 18  0.01167  9.98569e+00
 19  0.04534  8.96266e+01 | 20 -0.09617 -2.87350e+01 | 21 -0.12103  1.63724e+01
 22 -0.02778  5.21024e+01 | 23  0.02196  9.36745e+01 | 24 -0.00900 -6.89618e+01
 25 -0.08862 -2.76663e+02 | 26  0.07035 -2.19491e+02 | 27  0.04051 -1.58017e+02
 28 -0.00153 -9.88046e+01 | 29  0.03122  1.54207e+02 | 30  0.03396  8.56026e+01
 31  0.00919  1.10258e+02 | 32  0.25605 -2.60533e+03 | 33  0.28968 -1.36770e+02
 34  0.25808  1.03497e+02 | 35  0.23573 -1.10069e+03 | 36  0.77577 -1.53310e+01
 37 -0.49069 -6.12084e+00 | 38  0.43497  3.00582e+02 | 39 -0.28686 -4.46968e+00
 40  1.13145 -6.28428e-01 | 41 -0.24704  6.17563e+02 | 42  0.27726  9.72738e+02
 43 -0.45460 -6.07198e+02 | 44 -0.86633  2.23373e+01 | 45 -0.57947 -1.05487e+02
45 variables; iteration 60; function evaluation 95; phase 3
Function value 1.9127641e+03; maximum gradient component mag 9.9178e+02
Var    Value     Gradient |Var    Value     Gradient |Var    Value     Gradient
  1  0.02677  9.91778e+02 |  2  0.02450 -2.40117e+01 |  3  0.07574 -1.70016e+01
  4  0.02300 -2.61438e+01 |  5 -0.08457 -9.79614e+00 |  6  0.02281 -1.38158e+01
  7 -0.06718 -1.27119e+01 |  8 -0.03760 -1.06854e+01 |  9  0.00218 -3.14042e+00
 10  0.09280  2.09054e+01 | 11 -0.02164  6.87223e+00 | 12 -0.01790  9.82073e+00
 13  0.03445 -4.06446e+00 | 14  0.05298 -8.59452e+01 | 15 -0.02796 -1.32083e+01
 16 -0.01862  6.33123e+01 | 17 -0.01814  7.10672e+01 | 18  0.00830  1.13286e+02
 19  0.01531  2.22882e+01 | 20 -0.08362  1.66819e+01 | 21 -0.13425  1.52391e+01
 22 -0.02996  2.99800e+01 | 23  0.01515 -1.41019e+01 | 24 -0.02035  2.19607e+00
 25 -0.00989 -2.28112e+01 | 26  0.05232 -3.67620e+01 | 27  0.02570 -4.68566e+01
 28  0.00679 -2.05312e+01 | 29 -0.00765  7.28085e+01 | 30  0.03884  4.00956e+01
 31  0.09025 -2.06135e+01 | 32  0.28245  2.61107e+02 | 33  0.31801  5.11436e+02
 34  0.26824  1.66450e+01 | 35  0.25615  2.54282e+01 | 36  0.23516 -8.73021e+01
 37 -0.49230  2.98330e+01 | 38  0.43715  1.70249e+01 | 39 -0.33504 -1.79964e+01
 40  1.25708 -4.60911e+01 | 41 -0.38146  9.97852e+01 | 42  0.21407  6.10597e+01
 43 -0.48780 -3.71633e+01 | 44 -0.39293 -2.18387e+01 | 45 -0.23899 -1.01778e+02
45 variables; iteration 80; function evaluation 120; phase 3
Function value 1.8872925e+03; maximum gradient component mag -2.3569e+01
Var    Value     Gradient |Var    Value     Gradient |Var    Value     Gradient
  1  0.02765 -1.09676e+01 |  2  0.02752  2.17742e+00 |  3  0.07506  3.68444e+00
  4  0.02692  2.99540e+00 |  5 -0.08698  1.41483e+00 |  6  0.02273  2.63845e+00
  7 -0.06683  2.13295e+00 |  8 -0.03743  2.19115e+00 |  9  0.00281  3.82174e+00
 10  0.09257  3.81651e+00 | 11 -0.02747  4.28493e+00 | 12 -0.02027  3.42501e+00
 13  0.03193  1.52558e+00 | 14  0.06031 -3.17005e+00 | 15 -0.01723  7.37983e-02
 16 -0.03367 -1.96539e-01 | 17 -0.01842  2.78717e+00 | 18  0.00675  5.87194e+00
 19  0.02383  7.44076e+00 | 20 -0.07350  4.53674e+00 | 21 -0.13756  5.39829e+00
 22 -0.04226  3.20813e+00 | 23  0.02246  8.24148e+00 | 24 -0.01531  1.00242e+01
 25 -0.01495  9.73767e+00 | 26  0.05867  1.48764e+01 | 27  0.03023 -1.38301e+01
 28  0.00432 -2.35685e+01 | 29 -0.00982 -3.31432e+00 | 30  0.02865  5.90256e-01
 31  0.08782  2.89346e+00 | 32  0.27697  9.96500e+00 | 33  0.28786  2.26044e+00
 34  0.26548  5.53255e+00 | 35  0.25370  1.13843e+01 | 36  0.20665  6.41747e+00
 37 -0.48898  5.34726e-02 | 38  0.41904  7.31228e+00 | 39 -0.33672 -2.96506e+00
 40  1.53104 -3.43488e+00 | 41 -0.44689 -4.93359e+00 | 42  0.21239  2.07223e+01
 43 -0.48789 -1.70959e+01 | 44 -0.36633  6.02373e+00 | 45 -0.21886  2.50774e+00
45 variables; iteration 100; function evaluation 140; phase 3
Function value 1.8872165e+03; maximum gradient component mag -5.0304e-01
Var    Value     Gradient |Var    Value     Gradient |Var    Value     Gradient
  1  0.02782 -5.03036e-01 |  2  0.02775  2.59294e-02 |  3  0.07495  2.79015e-02
  4  0.02711  2.20368e-02 |  5 -0.08607  3.16843e-02 |  6  0.02318  2.88708e-02
  7 -0.06624  2.73830e-02 |  8 -0.03697  2.76976e-02 |  9  0.00257  2.26404e-02
 10  0.09270  7.53589e-03 | 11 -0.02837  1.29478e-02 | 12 -0.02042 -7.47849e-03
 13  0.03142 -2.42902e-02 | 14  0.06056 -5.98957e-02 | 15 -0.01723 -6.39567e-03
 16 -0.03402  2.38354e-02 | 17 -0.01893  4.58568e-02 | 18  0.00651  4.29560e-02
 19  0.02396 -1.41365e-02 | 20 -0.07320  4.34717e-04 | 21 -0.13797  1.36442e-02
 22 -0.04209  3.24475e-02 | 23  0.02218  7.51988e-02 | 24 -0.01569  7.97579e-02
 25 -0.01595  7.48203e-02 | 26  0.05817 -7.85804e-03 | 27  0.03059 -3.51534e-02
 28  0.00578 -1.17230e-02 | 29 -0.00941  5.71582e-02 | 30  0.02921  4.07457e-03
 31  0.08521  1.70073e-02 | 32  0.27637 -1.17468e-01 | 33  0.28709  1.27018e-02
 34  0.26522 -5.98503e-03 | 35  0.25309 -3.52580e-02 | 36  0.20498 -4.47664e-02
 37 -0.48922  2.19314e-02 | 38  0.41630  2.70376e-02 | 39 -0.33724 -2.18836e-02
 40  1.53438  1.60404e-02 | 41 -0.44701  2.13355e-02 | 42  0.21172 -1.11148e-01
 43 -0.48750  1.06580e-01 | 44 -0.36619 -6.56048e-03 | 45 -0.21838 -6.22017e-02
45 variables; iteration 120; function evaluation 161; phase 3
Function value 1.8872161e+03; maximum gradient component mag 2.6995e+00
Var    Value     Gradient |Var    Value     Gradient |Var    Value     Gradient
  1  0.02782  2.69947e+00 |  2  0.02774 -1.98702e-02 |  3  0.07495  2.99170e-03
  4  0.02711 -2.26583e-02 |  5 -0.08608 -3.55575e-02 |  6  0.02317 -1.50612e-02
  7 -0.06625 -3.40531e-02 |  8 -0.03697 -2.34903e-02 |  9  0.00257  4.38566e-05
 10  0.09270  5.51273e-02 | 11 -0.02836  8.41893e-03 | 12 -0.02042 -1.54463e-02
 13  0.03143 -5.26597e-03 | 14  0.06056  5.89794e-02 | 15 -0.01722  2.03308e-02
 16 -0.03402  1.12806e-03 | 17 -0.01893  1.36960e-02 | 18  0.00651  2.24870e-02
 19  0.02397  4.69603e-02 | 20 -0.07320  1.28027e-02 | 21 -0.13796 -1.05539e-02
 22 -0.04209  1.92132e-02 | 23  0.02219  5.74165e-02 | 24 -0.01570  2.18946e-02
 25 -0.01595 -1.84886e-02 | 26  0.05817  7.62920e-03 | 27  0.03059  7.51751e-02
 28  0.00578  4.95666e-02 | 29 -0.00942 -2.51208e-02 | 30  0.02922 -2.94158e-02
 31  0.08521 -3.56793e-02 | 32  0.27637  3.41969e-01 | 33  0.28709  7.23858e-02
 34  0.26522  4.89984e-02 | 35  0.25309  8.82113e-02 | 36  0.05362  5.38894e-01
 37 -0.48922 -4.60177e-01 | 38  0.41630 -2.17536e-02 | 39 -0.33724 -7.27554e-03
 40  1.53437 -2.57059e-03 | 41 -0.44701 -8.66354e-03 | 42  0.21172  4.87810e-03
 43 -0.48750 -8.81139e-03 | 44 -0.25107  3.54498e-01 | 45 -0.11302  3.93992e-01
45 variables; iteration 140; function evaluation 186; phase 3
Function value 1.8872160e+03; maximum gradient component mag 7.6187e-01
Var    Value     Gradient |Var    Value     Gradient |Var    Value     Gradient
  1  0.02782  7.61873e-01 |  2  0.02774 -6.89730e-03 |  3  0.07495 -3.39765e-03
  4  0.02710 -7.04547e-03 |  5 -0.08608 -8.35032e-03 |  6  0.02317 -6.56302e-03
  7 -0.06625 -1.03106e-02 |  8 -0.03698 -7.86617e-03 |  9  0.00257 -3.65464e-04
 10  0.09270  1.50295e-02 | 11 -0.02836  2.03968e-03 | 12 -0.02041  2.30697e-03
 13  0.03143  4.38906e-03 | 14  0.06056  1.97849e-02 | 15 -0.01722  2.14045e-03
 16 -0.03402 -3.37991e-04 | 17 -0.01893 -3.23012e-03 | 18  0.00651  2.97310e-03
 19  0.02396  1.37914e-02 | 20 -0.07320  1.60986e-03 | 21 -0.13796 -9.57901e-04
 22 -0.04209 -1.47355e-04 | 23  0.02218 -1.37330e-03 | 24 -0.01570 -4.15154e-03
 25 -0.01595 -1.16207e-02 | 26  0.05817  1.01563e-02 | 27  0.03059  3.10900e-02
 28  0.00578  1.82064e-02 | 29 -0.00942 -3.56180e-03 | 30  0.02922 -9.18085e-03
 31  0.08522 -1.23782e-02 | 32  0.27637  6.97868e-02 | 33  0.28709  3.38476e-02
 34  0.26522  6.67075e-03 | 35  0.25309  2.04346e-02 | 36 -0.05433  2.23247e-01
 37 -0.48922 -1.86002e-01 | 38  0.41630 -3.43784e-03 | 39 -0.33724 -2.09230e-03
 40  1.53437  1.26134e-03 | 41 -0.44701 -1.28874e-03 | 42  0.21172  6.30257e-03
 43 -0.48750 -3.67267e-03 | 44 -0.17261  1.19101e-01 | 45 -0.03833  2.01223e-01
45 variables; iteration 160; function evaluation 212; phase 3
Function value 1.8872160e+03; maximum gradient component mag 2.8511e-02
Var    Value     Gradient |Var    Value     Gradient |Var    Value     Gradient
  1  0.02782  2.85112e-02 |  2  0.02774 -2.15940e-04 |  3  0.07495 -2.17951e-04
  4  0.02711 -2.82172e-04 |  5 -0.08608 -2.31187e-04 |  6  0.02317 -1.99985e-04
  7 -0.06625 -3.67016e-04 |  8 -0.03697 -1.87731e-04 |  9  0.00257  5.76730e-05
 10  0.09270  6.86874e-04 | 11 -0.02836  1.46215e-04 | 12 -0.02041  8.73146e-05
 13  0.03143  1.79428e-04 | 14  0.06056  2.75484e-04 | 15 -0.01722 -3.63932e-04
 16 -0.03402  1.04228e-04 | 17 -0.01893 -5.20047e-04 | 18  0.00651 -2.88452e-04
 19  0.02396  6.61058e-04 | 20 -0.07320  5.16927e-04 | 21 -0.13796 -1.73860e-04
 22 -0.04209  4.24474e-04 | 23  0.02218  4.13783e-04 | 24 -0.01570  2.49299e-04
 25 -0.01595 -5.02569e-04 | 26  0.05817  5.68732e-04 | 27  0.03059  2.80462e-04
 28  0.00578  1.05697e-03 | 29 -0.00942  2.35859e-05 | 30  0.02922 -8.34507e-05
 31  0.08522 -3.21987e-04 | 32  0.27637  3.78682e-03 | 33  0.28709  1.74077e-03
 34  0.26522  3.24072e-04 | 35  0.25309  1.47512e-04 | 36 -0.10025  7.43746e-03
 37 -0.48922 -5.90684e-03 | 38  0.41630 -1.30762e-04 | 39 -0.33724 -7.89604e-05
 40  1.53437  1.35857e-04 | 41 -0.44701 -3.36634e-06 | 42  0.21172  1.77257e-04
 43 -0.48750  1.22196e-04 | 44 -0.14032  3.32263e-03 | 45 -0.00698  7.52705e-03
  ic > imax  in fminim is answer attained ?
Var    Value     Gradient |Var    Value     Gradient |Var    Value     Gradient
  1  0.02782  4.33662e-04 |  2  0.02774 -1.16285e-05 |  3  0.07495 -6.49199e-06
  4  0.02711 -1.10343e-05 |  5 -0.08608 -1.37338e-05 |  6  0.02317 -1.18453e-05
  7 -0.06625 -1.49042e-05 |  8 -0.03697 -1.52490e-05 |  9  0.00257 -1.41548e-05
 10  0.09270 -1.42057e-05 | 11 -0.02836 -1.26450e-05 | 12 -0.02041 -1.29236e-05
 13  0.03143 -1.40821e-05 | 14  0.06056  1.66547e-05 | 15 -0.01722  4.17797e-06
 16 -0.03402 -4.83823e-07 | 17 -0.01893  6.77067e-06 | 18  0.00651  4.35158e-06
 19  0.02396 -1.90536e-05 | 20 -0.07320 -1.62451e-05 | 21 -0.13796 -1.26941e-05
 22 -0.04209  4.16109e-06 | 23  0.02218  1.39780e-05 | 24 -0.01570  1.57016e-06
 25 -0.01595 -8.47025e-07 | 26  0.05817  2.70031e-05 | 27  0.03059 -6.08114e-06
 28  0.00578 -2.93078e-05 | 29 -0.00942 -2.02772e-06 | 30  0.02922 -2.96503e-07
 31  0.08522 -1.72555e-05 | 32  0.27637  3.02494e-05 | 33  0.28709 -3.26699e-06
 34  0.26522 -4.93246e-07 | 35  0.25309  8.16302e-05 | 36 -0.10167  1.10598e-04
 37 -0.48922 -1.08113e-04 | 38  0.41630 -1.36570e-05 | 39 -0.33724  6.64100e-07
 40  1.53437  8.50607e-06 | 41 -0.44701  6.94018e-06 | 42  0.21172 -2.38578e-05
 43 -0.48750  1.23469e-05 | 44 -0.13933  3.07574e-05 | 45 -0.00602  1.31411e-04
Function minimizer not making progress ... is minimum attained?
Minimprove criterion = 0.0000e+00

 - final statistics:
45 variables; iteration 165; function evaluation 246
Function value 1.8872e+03; maximum gradient component mag 4.3366e-04
Exit code = 1;  converg criter 1.0000e-04
Var    Value     Gradient |Var    Value     Gradient |Var    Value     Gradient
  1  0.02782  4.33662e-04 |  2  0.02774 -1.16285e-05 |  3  0.07495 -6.49199e-06
  4  0.02711 -1.10343e-05 |  5 -0.08608 -1.37338e-05 |  6  0.02317 -1.18453e-05
  7 -0.06625 -1.49042e-05 |  8 -0.03697 -1.52490e-05 |  9  0.00257 -1.41548e-05
 10  0.09270 -1.42057e-05 | 11 -0.02836 -1.26450e-05 | 12 -0.02041 -1.29236e-05
 13  0.03143 -1.40821e-05 | 14  0.06056  1.66547e-05 | 15 -0.01722  4.17797e-06
 16 -0.03402 -4.83823e-07 | 17 -0.01893  6.77067e-06 | 18  0.00651  4.35158e-06
 19  0.02396 -1.90536e-05 | 20 -0.07320 -1.62451e-05 | 21 -0.13796 -1.26941e-05
 22 -0.04209  4.16109e-06 | 23  0.02218  1.39780e-05 | 24 -0.01570  1.57016e-06
 25 -0.01595 -8.47025e-07 | 26  0.05817  2.70031e-05 | 27  0.03059 -6.08114e-06
 28  0.00578 -2.93078e-05 | 29 -0.00942 -2.02772e-06 | 30  0.02922 -2.96503e-07
 31  0.08522 -1.72555e-05 | 32  0.27637  3.02494e-05 | 33  0.28709 -3.26699e-06
 34  0.26522 -4.93246e-07 | 35  0.25309  8.16302e-05 | 36 -0.10167  1.10598e-04
 37 -0.48922 -1.08113e-04 | 38  0.41630 -1.36570e-05 | 39 -0.33724  6.64100e-07
 40  1.53437  8.50607e-06 | 41 -0.44701  6.94018e-06 | 42  0.21172 -2.38578e-05
 43 -0.48750  1.23469e-05 | 44 -0.13933  3.07574e-05 | 45 -0.00602  1.31411e-04
Estimating row 1 out of 45 for hessian
Estimating row 2 out of 45 for hessian
Estimating row 3 out of 45 for hessian
Estimating row 4 out of 45 for hessian
Estimating row 5 out of 45 for hessian
Estimating row 6 out of 45 for hessian
Estimating row 7 out of 45 for hessian
Estimating row 8 out of 45 for hessian
Estimating row 9 out of 45 for hessian
Estimating row 10 out of 45 for hessian
Estimating row 11 out of 45 for hessian
Estimating row 12 out of 45 for hessian
Estimating row 13 out of 45 for hessian
Estimating row 14 out of 45 for hessian
Estimating row 15 out of 45 for hessian
Estimating row 16 out of 45 for hessian
Estimating row 17 out of 45 for hessian
Estimating row 18 out of 45 for hessian
Estimating row 19 out of 45 for hessian
Estimating row 20 out of 45 for hessian
Estimating row 21 out of 45 for hessian
Estimating row 22 out of 45 for hessian
Estimating row 23 out of 45 for hessian
Estimating row 24 out of 45 for hessian
Estimating row 25 out of 45 for hessian
Estimating row 26 out of 45 for hessian
Estimating row 27 out of 45 for hessian
Estimating row 28 out of 45 for hessian
Estimating row 29 out of 45 for hessian
Estimating row 30 out of 45 for hessian
Estimating row 31 out of 45 for hessian
Estimating row 32 out of 45 for hessian
Estimating row 33 out of 45 for hessian
Estimating row 34 out of 45 for hessian
Estimating row 35 out of 45 for hessian
Estimating row 36 out of 45 for hessian
Estimating row 37 out of 45 for hessian
Estimating row 38 out of 45 for hessian
Estimating row 39 out of 45 for hessian
Estimating row 40 out of 45 for hessian
Estimating row 41 out of 45 for hessian
Estimating row 42 out of 45 for hessian
Estimating row 43 out of 45 for hessian
Estimating row 44 out of 45 for hessian
Estimating row 45 out of 45 for hessian
size of file gradfil1.tmp = 0
size of file gradfil2.tmp = 0
size of file varssave.tmp = 0
size of file cmpdiff.tmp = 0
