
Initial statistics: 36 variables; iteration 0; function evaluation 0; phase 1
Function value 8.1049608e+03; maximum gradient component mag 4.8818e+04
Var    Value     Gradient |Var    Value     Gradient |Var    Value     Gradient
  1  0.06691  4.88175e+04 |  2  0.02018 -6.34382e+02 |  3  0.05827 -5.25508e+02
  4 -0.00451 -6.79499e+02 |  5 -0.09513 -6.29335e+02 |  6 -0.05947 -7.17881e+02
  7 -0.13914 -7.25114e+02 |  8 -0.04590 -6.11606e+02 |  9  0.01509 -3.88289e+02
 10  0.15151  5.79735e+02 | 11 -0.02674 -3.89313e+02 | 12  0.01406 -1.06307e+02
 13  0.06113  3.24537e+02 | 14  0.11199  7.32748e+02 | 15  0.03299  5.07580e+01
 16 -0.06857 -1.35045e+02 | 17 -0.01846  3.65744e+02 | 18  0.06858  8.41206e+02
 19 -0.00053  3.17529e+01 | 20 -0.04516  1.91627e+02 | 21 -0.13194 -4.71031e+02
 22 -0.05519 -4.25416e+02 | 23  0.07429  6.49434e+02 | 24 -0.01836  3.42811e+01
 25 -0.04741 -6.01333e+01 | 26  0.01227  6.78643e+02 | 27  0.01269  4.84669e+02
 28  0.01403  5.79934e+02 | 29 -0.04471 -1.32833e+02 | 30  0.00350  2.83605e+01
 31  0.04076  4.15451e+02 | 32  0.10782  1.22841e+03 | 33  0.04712  6.34153e+02
 34 -0.03651 -2.08548e+02 | 35  0.02259 -4.59951e+02 | 36 -0.03090 -5.64900e+02

Intermediate statistics: 36 variables; iteration 20; function evaluation 31; phase 1
Function value 6.0841959e+03; maximum gradient component mag -1.4366e+04
Var    Value     Gradient |Var    Value     Gradient |Var    Value     Gradient
  1  0.01064 -1.43657e+04 |  2  0.05285  1.88197e+02 |  3  0.05623  1.56142e+02
  4 -0.02009  2.12341e+02 |  5 -0.15692  1.89991e+02 |  6  0.01985  2.19095e+02
  7 -0.08129  2.07894e+02 |  8 -0.02479  1.94494e+02 |  9 -0.00608  1.33544e+02
 10  0.09798 -1.14139e+02 | 11 -0.00507  1.29753e+02 | 12 -0.12118 -3.18363e+01
 13  0.06038  9.50712e+01 | 14  0.05556  1.89697e+01 | 15  0.02483  2.02668e+02
 16  0.04544  3.01032e+02 | 17 -0.08227 -5.08774e+01 | 18 -0.03832 -3.10531e+02
 19  0.06346  4.94931e+02 | 20 -0.08644  3.25740e+02 | 21 -0.02092  3.10790e+02
 22 -0.06055  1.08079e+02 | 23  0.01052 -3.72292e+02 | 24  0.01804 -1.01407e+02
 25  0.02336 -4.07882e+01 | 26  0.04642 -2.91886e+02 | 27  0.02832 -2.61264e+02
 28  0.07031 -5.30151e+02 | 29 -0.02333 -1.44252e+02 | 30  0.04494 -3.23073e+02
 31  0.02324 -3.19573e+02 | 32  0.06894 -6.24994e+02 | 33  0.01199 -3.06543e+02
 34  0.01896  4.33163e+01 | 35  0.07573  1.02695e+02 | 36 -0.19522  1.65099e+02
36 variables; iteration 40; function evaluation 59; phase 1
Function value 5.9810999e+03; maximum gradient component mag -1.4439e+03
Var    Value     Gradient |Var    Value     Gradient |Var    Value     Gradient
  1  0.01703 -1.44392e+03 |  2  0.01900  7.78033e+00 |  3  0.06337  4.45987e+01
  4 -0.01873  5.98556e+01 |  5 -0.15236  2.66911e+01 |  6  0.01348  1.01852e+02
  7 -0.09855 -1.02934e+00 |  8 -0.02282  5.82499e+00 |  9 -0.04451 -9.67781e+01
 10  0.10087  2.27736e+00 | 11 -0.02323  4.07691e+01 | 12 -0.09632  3.23402e+01
 13  0.05221  5.91102e+01 | 14  0.04945 -1.17398e+01 | 15  0.02503  9.35788e+01
 16  0.01860 -2.03955e+01 | 17 -0.06376  8.29574e+00 | 18 -0.01063 -1.72856e+02
 19  0.04245  1.33511e+02 | 20 -0.10152  7.91636e+01 | 21 -0.03808 -6.92981e+00
 22 -0.08292 -1.00107e+02 | 23  0.04022 -3.53399e+01 | 24  0.02197 -2.12739e+00
 25  0.01145 -4.29731e+01 | 26  0.06050  7.73287e+00 | 27  0.05993 -3.01913e+01
 28  0.05684  1.71382e+02 | 29 -0.01846  4.72180e+01 | 30  0.04789 -7.33701e+00
 31  0.00574 -2.10668e+02 | 32  0.07760 -2.70654e+02 | 33  0.03688  7.32026e+01
 34  0.00706 -3.29923e+01 | 35  0.08796  4.46923e+00 | 36 -0.12939  2.96019e+01

 - final statistics:
36 variables; iteration 50; function evaluation 72
Function value 5.9692e+03; maximum gradient component mag 9.7246e+00
Exit code = 1;  converg criter 1.0000e+01
Var    Value     Gradient |Var    Value     Gradient |Var    Value     Gradient
  1  0.01693  9.72460e+00 |  2  0.03253  2.53531e-01 |  3  0.05500  3.34226e-01
  4 -0.02693 -2.25152e-01 |  5 -0.15074  1.05380e-01 |  6 -0.00610  7.05945e-01
  7 -0.11171 -3.05844e-01 |  8 -0.05258 -2.90943e-01 |  9 -0.00466  6.86984e-01
 10  0.09932 -5.47488e-01 | 11 -0.02583  7.26846e-01 | 12 -0.09727 -7.23969e-02
 13  0.04964 -9.87178e-01 | 14  0.05225 -1.20743e+00 | 15  0.01459 -4.85686e-01
 16  0.02277 -5.18103e-01 | 17 -0.06403  2.16503e-01 | 18  0.00770 -2.74415e+00
 19  0.03794 -5.52617e+00 | 20 -0.10719 -2.76705e+00 | 21 -0.03649 -1.80572e+00
 22 -0.06889  6.37853e-01 | 23  0.04189  3.02258e+00 | 24  0.02680  5.67025e+00
 25  0.01434  1.93921e+00 | 26  0.06013  1.12386e+00 | 27  0.06750 -2.31453e+00
 28  0.05116 -3.93362e+00 | 29 -0.01958  2.19511e-01 | 30  0.04186 -2.50702e+00
 31  0.02458 -4.48624e-01 | 32  0.08661  5.28055e+00 | 33  0.02349 -7.21200e-01
 34  0.01294 -7.83479e-01 | 35  0.08855  6.82510e+00 | 36 -0.14245 -1.75996e-01

Initial statistics: 46 variables; iteration 0; function evaluation 0; phase 2
Function value 5.9692394e+03; maximum gradient component mag 3.2742e+04
Var    Value     Gradient |Var    Value     Gradient |Var    Value     Gradient
  1  0.01693  9.72460e+00 |  2  0.03253  2.70275e-01 |  3  0.05500  3.50931e-01
  4 -0.02693 -2.08400e-01 |  5 -0.15074  1.21679e-01 |  6 -0.00610  7.22711e-01
  7 -0.11171 -2.89335e-01 |  8 -0.05258 -2.74234e-01 |  9 -0.00466  7.03750e-01
 10  0.09932 -5.30925e-01 | 11 -0.02582  7.43599e-01 | 12 -0.09727 -5.58255e-02
 13  0.04964 -9.70462e-01 | 14  0.05225 -1.19072e+00 | 15  0.01459 -4.68924e-01
 16  0.02277 -5.01347e-01 | 17 -0.06403  2.33185e-01 | 18  0.00770 -2.72739e+00
 19  0.03794 -5.50943e+00 | 20 -0.10719 -2.75052e+00 | 21 -0.03649 -1.78899e+00
 22 -0.06889  6.54522e-01 | 23  0.04189  3.03931e+00 | 24  0.02680  5.68700e+00
 25  0.01434  1.95597e+00 | 26  0.06013  1.14055e+00 | 27  0.06750 -2.29786e+00
 28  0.05116 -3.91691e+00 | 29 -0.01958  2.36269e-01 | 30  0.04186 -2.49029e+00
 31  0.02458 -4.31870e-01 | 32  0.08661  5.29717e+00 | 33  0.02349 -7.04445e-01
 34  0.01294 -7.66716e-01 | 35  0.08855  6.84171e+00 | 36 -0.14245 -1.59648e-01
 37  0.40868  3.27420e+04 | 38  0.19745 -1.27775e+04 | 39  0.38693  4.17847e+03
 40  0.23016 -7.65726e+03 | 41 -0.08360 -8.49995e+02 | 42 -0.88721 -8.99892e+02
 43  0.02054  2.81121e+03 | 44 -0.08970 -4.01954e+03 | 45 -0.33717 -3.16845e+03
 46 -0.43793 -1.69079e+02 |

Intermediate statistics: 46 variables; iteration 20; function evaluation 33; phase 2
Function value 3.1403615e+03; maximum gradient component mag 1.6280e+04
Var    Value     Gradient |Var    Value     Gradient |Var    Value     Gradient
  1  0.06262  8.54114e+03 |  2 -0.01174 -7.17429e+01 |  3  0.02565  2.88800e+01
  4 -0.05973 -8.35593e+01 |  5 -0.16814 -4.14934e+01 |  6 -0.18385 -2.26965e+02
  7 -0.33202 -2.02999e+02 |  8 -0.24815 -2.21238e+02 |  9 -0.09454 -2.32479e+02
 10  0.08473  2.31441e+02 | 11 -0.08358 -7.61736e+01 | 12 -0.03018  2.56559e+01
 13  0.01569  1.04258e+02 | 14  0.05101  1.04588e+02 | 15  0.00446 -4.47745e+01
 16 -0.07859 -9.17043e+01 | 17 -0.02725 -2.14000e+01 | 18  0.08678  5.86071e+01
 19  0.13732  2.30300e+02 | 20  0.03176  7.13024e+01 | 21 -0.00090 -1.71763e+01
 22  0.03659 -6.55672e-02 | 23 -0.02284 -1.25763e+02 | 24  0.05058  9.50326e+01
 25  0.04822  8.54242e+00 | 26  0.07671  2.76169e+01 | 27  0.09555  1.51190e+02
 28  0.07955  8.75275e+01 | 29  0.07146  8.74774e-01 | 30  0.11479  1.26432e+02
 31  0.09845  9.40629e+01 | 32  0.12546  2.52135e+02 | 33  0.02314  1.82291e+01
 34  0.01434  9.76332e+00 | 35  0.07698 -1.52169e+02 | 36 -0.02928 -6.36437e+01
 37  0.27841  1.62799e+04 | 38  0.17721 -6.88084e+03 | 39  0.24174  6.72535e+02
 40  0.20151 -1.18355e+03 | 41 -0.55120  5.47356e+02 | 42 -0.81338 -2.64973e+02
 43  0.21821  7.31210e+02 | 44  0.23316  4.22248e+02 | 45 -0.32995 -9.33749e+02
 46 -0.38876  3.08267e+02 |
46 variables; iteration 40; function evaluation 61; phase 2
Function value 2.5514136e+03; maximum gradient component mag 2.5538e+03
Var    Value     Gradient |Var    Value     Gradient |Var    Value     Gradient
  1  0.07035  2.55384e+03 |  2 -0.02105 -2.22366e+01 |  3  0.01437  2.38122e+01
  4 -0.01424  8.72416e+01 |  5 -0.12227  5.39947e+01 |  6 -0.16098 -2.21132e+02
  7 -0.20475 -7.31338e+01 |  8 -0.16595 -8.60598e+01 |  9 -0.02294  5.22410e+00
 10  0.06904 -5.35896e+01 | 11 -0.01265  4.01441e+01 | 12 -0.00477 -6.86206e+01
 13  0.03260  3.21044e+01 | 14  0.08993  1.34160e+02 | 15  0.00363 -5.31236e+01
 16 -0.05765 -2.45966e+01 | 17  0.02853  6.61695e+01 | 18  0.05302 -9.83227e+01
 19  0.10756 -1.49992e+00 | 20 -0.00625 -2.50431e+01 | 21 -0.02577  4.42525e+00
 22  0.01569  4.62028e+01 | 23 -0.01072 -2.33616e+01 | 24  0.00639 -5.23157e+01
 25  0.04329  3.51641e+01 | 26  0.08413  1.69045e+02 | 27  0.06574  9.85393e+01
 28  0.06006  1.11784e+02 | 29  0.04525 -2.10645e+01 | 30  0.03690 -1.59687e+02
 31  0.07748  6.84164e+01 | 32  0.09493  7.12037e+01 | 33 -0.00079 -2.17603e+01
 34 -0.03827 -6.74206e+01 | 35  0.02097 -1.17560e+02 | 36 -0.09046  1.69505e+01
 37  0.23505  1.96507e+03 | 38  0.21124 -1.08947e+03 | 39  0.22806  1.47717e+02
 40  0.21260  2.71008e+02 | 41 -0.31815  4.06022e+02 | 42 -0.87711 -1.11747e+02
 43  0.19621  3.59683e+02 | 44  0.08058  2.93039e+02 | 45 -0.11944 -2.09459e+02
 46 -0.40105 -1.86293e+02 |
46 variables; iteration 60; function evaluation 93; phase 2
Function value 2.4684503e+03; maximum gradient component mag 2.6869e+02
Var    Value     Gradient |Var    Value     Gradient |Var    Value     Gradient
  1  0.04980  2.68686e+02 |  2 -0.00327 -5.83828e+00 |  3  0.04896  7.73875e+00
  4  0.00160  1.36180e+01 |  5 -0.11510  9.78847e+00 |  6 -0.00967  5.85020e+00
  7 -0.10592 -1.10219e+01 |  8 -0.06734 -1.63540e-01 |  9  0.00695  1.22451e+01
 10  0.09647 -5.21365e+00 | 11 -0.03172 -8.61967e+00 | 12  0.00319  1.12703e+00
 13  0.02386 -1.57339e-01 | 14  0.06383 -7.75813e+00 | 15  0.00126 -4.82347e+00
 16 -0.06568  1.67691e+00 | 17 -0.01537 -2.04584e+00 | 18  0.05018 -2.90505e+00
 19  0.08025  5.36979e+00 | 20 -0.03087  8.99132e+00 | 21 -0.06210  1.59726e+01
 22 -0.02474  4.02373e+00 | 23 -0.01045  1.90031e+00 | 24  0.02005 -2.06631e+00
 25  0.02761  4.29957e+00 | 26  0.05611  1.17175e+01 | 27  0.03859  1.27735e+01
 28  0.02241  1.28112e+00 | 29  0.00986 -9.13760e+00 | 30  0.04721  1.35350e+01
 31  0.04567  1.14693e+01 | 32  0.07830 -2.64784e+00 | 33 -0.00365 -1.56740e+01
 34 -0.01976 -6.61292e+00 | 35  0.02140 -1.22312e+01 | 36 -0.17951 -1.05818e+00
 37  0.25197  6.09578e+01 | 38  0.23918  4.53869e+01 | 39  0.24864  3.12983e+00
 40  0.23360 -4.91665e+00 | 41 -0.09158  3.63812e+01 | 42 -0.97587 -1.47376e+00
 43 -0.04379 -7.84522e+00 | 44 -0.04710  6.11667e+01 | 45 -0.14972 -6.61328e+00
 46 -0.36782 -1.77475e+01 |

 - final statistics:
46 variables; iteration 66; function evaluation 99
Function value 2.4674e+03; maximum gradient component mag 4.6528e+00
Exit code = 1;  converg criter 1.0000e+01
Var    Value     Gradient |Var    Value     Gradient |Var    Value     Gradient
  1  0.04643  4.65278e+00 |  2 -0.00441 -2.49219e-01 |  3  0.03663  2.59353e-03
  4 -0.01866  2.08405e-01 |  5 -0.13967  2.20528e-01 |  6 -0.02513  1.39226e-02
  7 -0.11712  1.05756e-01 |  8 -0.07669  1.45964e-01 |  9  0.00038  2.72917e-01
 10  0.10167  3.75672e-01 | 11 -0.02562 -3.02178e-01 | 12  0.00640  1.21972e-01
 13  0.02910 -9.07262e-03 | 14  0.07041  2.28067e-01 | 15  0.00747  2.76020e-01
 16 -0.06269  1.01577e-01 | 17 -0.01154  1.48387e-01 | 18  0.05403 -4.07924e-02
 19  0.08231  2.14771e-01 | 20 -0.03121  3.97875e-02 | 21 -0.06602  7.84365e-02
 22 -0.02329  2.63151e-01 | 23 -0.00558  4.60507e-02 | 24  0.02615  6.05696e-01
 25  0.03155  3.87333e-01 | 26  0.06011  6.30446e-01 | 27  0.04149  2.76973e-01
 28  0.02715  1.20189e-02 | 29  0.01489 -6.18143e-01 | 30  0.04798 -5.27998e-01
 31  0.04682 -5.03981e-02 | 32  0.08322 -1.04673e+00 | 33  0.00383 -5.44293e-01
 34 -0.01431  2.73271e-01 | 35  0.02668 -3.98176e-01 | 36 -0.17950  2.09621e-02
 37  0.25322  5.28018e-01 | 38  0.24024 -5.72010e-01 | 39  0.24993 -3.09837e-01
 40  0.23483  1.61399e-01 | 41 -0.07918  4.37288e-01 | 42 -0.98130 -8.47690e-02
 43 -0.03603  1.82955e+00 | 44 -0.05538 -1.18685e+00 | 45 -0.14042 -1.28924e+00
 46 -0.36757  1.53555e+00 |

Initial statistics: 52 variables; iteration 0; function evaluation 0; phase 3
Function value 2.4674295e+03; maximum gradient component mag -1.2289e+03
Var    Value     Gradient |Var    Value     Gradient |Var    Value     Gradient
  1  0.04643  4.65278e+00 |  2 -0.00441 -2.86220e-01 |  3  0.03663 -3.43476e-02
  4 -0.01867  1.71418e-01 |  5 -0.13967  1.84413e-01 |  6 -0.02513 -2.30509e-02
  7 -0.11712  6.93780e-02 |  8 -0.07669  1.09230e-01 |  9  0.00038  2.35914e-01
 10  0.10167  3.39141e-01 | 11 -0.02562 -3.39150e-01 | 12  0.00640  8.49713e-02
 13  0.02910 -4.60364e-02 | 14  0.07041  1.91291e-01 | 15  0.00747  2.39020e-01
 16 -0.06270  6.47538e-02 | 17 -0.01154  1.11391e-01 | 18  0.05402 -7.76616e-02
 19  0.08231  1.78077e-01 | 20 -0.03121  2.82954e-03 | 21 -0.06602  4.16329e-02
 22 -0.02329  2.26174e-01 | 23 -0.00558  9.04970e-03 | 24  0.02615  5.68725e-01
 25  0.03155  3.50376e-01 | 26  0.06011  5.93608e-01 | 27  0.04149  2.40049e-01
 28  0.02715 -2.49498e-02 | 29  0.01489 -6.55136e-01 | 30  0.04798 -5.64895e-01
 31  0.04682 -8.73005e-02 | 32  0.08321 -1.08342e+00 | 33  0.00383 -5.81294e-01
 34 -0.01431  2.36278e-01 | 35  0.02668 -4.35146e-01 | 36 -0.17950 -1.45792e-02
 37  0.25322  5.28018e-01 | 38  0.24024 -5.72010e-01 | 39  0.24993 -3.09837e-01
 40  0.23483  1.61399e-01 | 41 -0.07918  4.37288e-01 | 42 -0.98130 -8.47690e-02
 43  0.40056  2.46418e+02 | 44 -0.33921 -1.05831e+02 | 45  0.11532 -1.22891e+03
 46 -0.37840  9.86104e+02 | 47  0.21511 -3.87378e+02 | 48 -0.27694  3.77466e+02
 49 -0.03603  1.82955e+00 | 50 -0.05538 -1.18685e+00 | 51 -0.14042 -1.28924e+00
 52 -0.36757  1.53555e+00 |

Intermediate statistics: 52 variables; iteration 20; function evaluation 29; phase 3
Function value 2.1550235e+03; maximum gradient component mag -1.3085e+03
Var    Value     Gradient |Var    Value     Gradient |Var    Value     Gradient
  1  0.03487 -1.04169e+03 |  2  0.00295 -9.44276e+00 |  3  0.04456 -3.06315e+01
  4 -0.01475 -1.33504e+00 |  5 -0.13507  1.29715e+01 |  6 -0.02204 -1.02954e+00
  7 -0.11459  1.69415e+01 |  8 -0.07259  9.53560e+00 |  9  0.00566  6.12005e+00
 10  0.11015  3.01899e+01 | 11 -0.02604 -7.24236e+00 | 12  0.00560  4.40315e+00
 13  0.03504 -4.49788e+01 | 14  0.07650 -9.48782e+01 | 15 -0.00601 -9.57935e+01
 16 -0.04278 -5.68868e+01 | 17 -0.02198 -7.82022e+01 | 18  0.03869  3.79102e+01
 19  0.04531 -2.50986e+01 | 20 -0.02479  7.10871e+01 | 21 -0.15660 -3.95967e+01
 22 -0.04620  3.21094e+00 | 23  0.06091  6.62796e+01 | 24  0.00036 -1.75561e+01
 25 -0.05127 -9.22003e+01 | 26  0.06337 -4.39420e+01 | 27  0.03555 -7.84974e+01
 28  0.02273  4.19682e+01 | 29 -0.00939  2.49278e+01 | 30  0.03527  2.72161e+02
 31  0.04126  9.25105e+01 | 32  0.07908  1.01400e+02 | 33  0.02733  6.14604e+01
 34 -0.02078 -1.07267e+02 | 35  0.00975 -2.29400e+02 | 36  0.01739  1.64184e+01
 37  0.27232  8.22619e+02 | 38  0.27192  3.84776e+02 | 39  0.25697 -4.13872e+02
 40  0.26028  1.09249e+01 | 41 -0.07755 -9.50458e+02 | 42 -0.98106  3.69448e+01
 43  0.38809 -5.26447e+01 | 44 -0.36088 -6.30708e+01 | 45  0.31018  8.08121e+01
 46 -0.51189 -4.80744e+02 | 47  0.24932  9.33591e+02 | 48 -0.46976 -5.10543e+02
 49 -0.03175 -7.82640e+01 | 50 -0.06035 -1.30854e+03 | 51 -0.14090  3.87644e+01
 52 -0.36641  7.62757e+02 |
52 variables; iteration 40; function evaluation 56; phase 3
Function value 2.1221487e+03; maximum gradient component mag -2.3558e+03
Var    Value     Gradient |Var    Value     Gradient |Var    Value     Gradient
  1  0.03247 -2.35582e+03 |  2  0.01156  4.06064e+01 |  3  0.05223  4.52879e+01
  4 -0.02327  1.40057e+01 |  5 -0.16327  7.73572e-01 |  6 -0.01914  4.74950e+01
  7 -0.12473  2.53232e+01 |  8 -0.07848  2.28835e+01 |  9  0.00592  2.19873e+01
 10  0.10709  1.88629e+01 | 11 -0.02077  2.74228e+01 | 12  0.00466  4.71827e+01
 13  0.04537  4.84102e+01 | 14  0.07758 -2.08624e+01 | 15 -0.00982 -5.30610e+01
 16 -0.03032  6.88954e-01 | 17 -0.01831 -3.94521e+01 | 18  0.02954  4.50068e+00
 19  0.04617 -2.79166e+01 | 20 -0.02719  7.70212e+01 | 21 -0.16782 -4.74018e+01
 22 -0.04669  1.72081e+01 | 23  0.06811  1.53308e+02 | 24  0.00174  1.86438e+01
 25 -0.04529 -8.54626e+01 | 26  0.06418 -5.23003e+01 | 27  0.04026 -1.58881e+01
 28  0.02313  2.81995e+01 | 29 -0.01330 -2.70641e+01 | 30  0.01937  6.90294e+01
 31  0.03935 -9.80675e+00 | 32  0.06927 -1.28283e+02 | 33  0.02947 -5.76265e+01
 34 -0.01577 -1.72495e+02 | 35  0.01675 -1.95831e+02 | 36  0.04504  6.85879e+01
 37  0.27445  4.05256e+02 | 38  0.27639  9.48107e+00 | 39  0.26150 -2.45506e+02
 40  0.26048 -2.32218e+02 | 41  0.19538 -3.76392e+02 | 42 -0.98022  1.45510e+01
 43  0.39250 -5.83879e+01 | 44 -0.35836 -2.68734e+01 | 45  0.34994 -3.50777e+01
 46 -0.47788 -1.49730e+02 | 47  0.22297  1.66069e+02 | 48 -0.48626 -4.19553e+02
 49 -0.20374 -1.55208e+01 | 50 -0.23759 -5.19559e+02 | 51 -0.13917  8.09132e+00
 52 -0.36808  2.93887e+02 |
52 variables; iteration 60; function evaluation 83; phase 3
Function value 2.1004430e+03; maximum gradient component mag 2.2392e+02
Var    Value     Gradient |Var    Value     Gradient |Var    Value     Gradient
  1  0.03358  2.23919e+02 |  2  0.00866 -9.85229e-01 |  3  0.05149 -9.38781e-01
  4 -0.01164 -1.17212e+00 |  5 -0.13432 -1.70536e+00 |  6 -0.02106 -7.15227e-01
  7 -0.11756 -4.16568e+00 |  8 -0.07209 -2.61373e+00 |  9  0.00750 -2.09355e+00
 10  0.10606  7.17087e+00 | 11 -0.02142  2.33894e+00 | 12 -0.00167  7.00031e+00
 13  0.04146  2.64510e+01 | 14  0.07499  5.79696e+00 | 15 -0.00611 -1.03700e+00
 16 -0.03304  1.32690e+00 | 17 -0.01553 -1.51978e+00 | 18  0.02668 -4.56804e+00
 19  0.05026 -6.31246e+00 | 20 -0.05125 -5.39928e+00 | 21 -0.13326 -4.67230e+00
 22 -0.04040 -3.27726e+00 | 23  0.03522 -3.98469e+00 | 24 -0.00039 -4.81500e+00
 25 -0.01609 -5.21441e+00 | 26  0.06152  3.02376e-01 | 27  0.03957 -2.10629e+00
 28  0.01656 -1.82090e-01 | 29 -0.00722 -3.99996e+00 | 30  0.00909 -1.72935e+00
 31  0.03646  1.68841e+00 | 32  0.07509  4.18524e+00 | 33  0.01919  5.04157e+00
 34 -0.00282  3.75756e+00 | 35  0.02944 -2.59665e+00 | 36 -0.00525 -3.01941e+00
 37  0.27346 -4.95171e+00 | 38  0.28439 -2.44608e+01 | 39  0.26627  1.79075e+00
 40  0.26027  1.52156e+01 | 41  0.09702  5.91893e+00 | 42 -1.01226  7.96627e-02
 43  0.40215  1.57465e+00 | 44 -0.35000  1.05536e+00 | 45  0.44213  7.29812e-01
 46 -0.43615  9.99696e+00 | 47  0.22493 -9.88477e+00 | 48 -0.47737  1.39359e+01
 49 -0.13490  3.29633e+00 | 50 -0.15922  5.17032e+00 | 51 -0.13775 -2.15336e+00
 52 -0.36456  4.36312e+00 |
52 variables; iteration 80; function evaluation 104; phase 3
Function value 2.1003441e+03; maximum gradient component mag -6.3668e+00
Var    Value     Gradient |Var    Value     Gradient |Var    Value     Gradient
  1  0.03309 -6.36685e+00 |  2  0.00817 -1.04708e-01 |  3  0.05125 -1.46954e-01
  4 -0.01305  2.12791e-02 |  5 -0.13648  4.47317e-02 |  6 -0.02243 -1.42941e-02
  7 -0.11856  8.41545e-02 |  8 -0.07254  1.07151e-01 |  9  0.00826  3.83296e-02
 10  0.10581 -1.39838e-02 | 11 -0.02186  6.00841e-02 | 12 -0.00365  1.33046e-01
 13  0.03674  1.83299e-01 | 14  0.07729 -1.43800e-01 | 15 -0.00506 -4.83902e-02
 16 -0.03260 -6.67989e-02 | 17 -0.01462 -4.68479e-02 | 18  0.02653  9.84262e-03
 19  0.05066 -2.35872e-03 | 20 -0.05078 -4.28081e-02 | 21 -0.13293  2.64133e-02
 22 -0.04023  2.51130e-02 | 23  0.03607 -3.61211e-02 | 24  0.00016  1.57815e-02
 25 -0.01488 -2.14481e-02 | 26  0.06188 -8.95941e-02 | 27  0.03999 -6.76463e-02
 28  0.01695 -1.31016e-01 | 29 -0.00680  2.32659e-03 | 30  0.00931 -1.30165e-03
 31  0.03639  2.18684e-02 | 32  0.07543  4.13814e-03 | 33  0.01969  1.23094e-02
 34 -0.00209  2.15751e-02 | 35  0.03027  7.03898e-02 | 36 -0.00404  1.13622e-01
 37  0.27416 -4.81548e-01 | 38  0.28510 -2.71630e-01 | 39  0.26647 -3.41463e-02
 40  0.26057 -4.61682e-01 | 41  0.12933 -2.14070e+00 | 42 -1.04499 -3.21382e-01
 43  0.40321  7.62896e-02 | 44 -0.35040  1.33459e-02 | 45  0.44353  6.12690e-02
 46 -0.43668 -6.22672e-02 | 47  0.22506  1.03115e-01 | 48 -0.47762  9.66440e-02
 49 -0.15574 -2.75402e-01 | 50 -0.18157 -2.78092e+00 | 51 -0.13884  3.14712e-01
 52 -0.36705  3.03439e+00 |
52 variables; iteration 100; function evaluation 129; phase 3
Function value 2.1003427e+03; maximum gradient component mag -1.8926e+00
Var    Value     Gradient |Var    Value     Gradient |Var    Value     Gradient
  1  0.03310 -1.89262e+00 |  2  0.00821 -6.08835e-03 |  3  0.05129 -1.47020e-02
  4 -0.01300  1.26606e-02 |  5 -0.13641  2.04309e-02 |  6 -0.02237  9.16846e-03
  7 -0.11849  3.07694e-02 |  8 -0.07252  2.78416e-02 |  9  0.00827  1.21893e-02
 10  0.10580 -6.23576e-03 | 11 -0.02187  1.40447e-02 | 12 -0.00368  2.05101e-02
 13  0.03671  1.84720e-02 | 14  0.07728 -4.42104e-02 | 15 -0.00508 -1.76954e-02
 16 -0.03261 -2.15238e-02 | 17 -0.01463 -1.15781e-02 | 18  0.02651  1.25042e-03
 19  0.05064 -1.18352e-03 | 20 -0.05078 -4.36185e-03 | 21 -0.13294  8.93018e-03
 22 -0.04024  3.71336e-03 | 23  0.03606 -2.01207e-02 | 24  0.00014 -1.36891e-03
 25 -0.01489  8.28123e-03 | 26  0.06186 -2.28804e-02 | 27  0.03997 -3.71520e-02
 28  0.01694 -4.27481e-02 | 29 -0.00682 -9.04263e-03 | 30  0.00930  2.90358e-03
 31  0.03637  7.40759e-03 | 32  0.07542 -5.12918e-04 | 33  0.01967  2.36548e-03
 34 -0.00210  8.51134e-03 | 35  0.03026  1.89693e-02 | 36 -0.00405  3.69647e-02
 37  0.27416 -8.20057e-02 | 38  0.28510 -4.86920e-02 | 39  0.26647 -1.90522e-02
 40  0.26057 -7.69219e-02 | 41  0.19501 -8.31967e-01 | 42 -1.09585 -2.72528e-01
 43  0.40320  1.81198e-02 | 44 -0.35040 -1.98765e-03 | 45  0.44351  1.27661e-02
 46 -0.43668 -1.29354e-02 | 47  0.22506  4.49700e-02 | 48 -0.47763  1.85053e-02
 49 -0.20126 -8.58904e-02 | 50 -0.22763 -1.10790e+00 | 51 -0.14647  8.96922e-02
 52 -0.37591  1.15804e+00 |
52 variables; iteration 120; function evaluation 154; phase 3
Function value 2.1003420e+03; maximum gradient component mag -1.7631e+00
Var    Value     Gradient |Var    Value     Gradient |Var    Value     Gradient
  1  0.03310 -1.76312e+00 |  2  0.00823  2.53072e-02 |  3  0.05129  1.78661e-02
  4 -0.01299  2.00792e-02 |  5 -0.13639  2.63789e-02 |  6 -0.02236  2.21790e-02
  7 -0.11847  2.82620e-02 |  8 -0.07252  2.07680e-02 |  9  0.00827  1.51377e-02
 10  0.10580 -3.68798e-03 | 11 -0.02187  1.11282e-02 | 12 -0.00368  3.28705e-03
 13  0.03670 -1.61384e-02 | 14  0.07728 -3.73047e-02 | 15 -0.00508 -1.66682e-02
 16 -0.03261 -1.92610e-02 | 17 -0.01463 -7.90512e-03 | 18  0.02651 -1.64331e-03
 19  0.05064 -4.85298e-03 | 20 -0.05078  1.91241e-03 | 21 -0.13295  9.75198e-04
 22 -0.04025 -1.76731e-03 | 23  0.03605 -1.88084e-02 | 24  0.00014 -1.20315e-02
 25 -0.01489  6.81602e-03 | 26  0.06186 -2.41421e-02 | 27  0.03997 -4.60505e-02
 28  0.01694 -4.05946e-02 | 29 -0.00682 -1.50056e-02 | 30  0.00929 -2.53331e-04
 31  0.03637  5.20996e-03 | 32  0.07541 -2.31699e-03 | 33  0.01967 -1.18498e-03
 34 -0.00210  1.32027e-02 | 35  0.03025  1.48422e-02 | 36 -0.00405  3.86576e-02
 37  0.27416 -1.44948e-02 | 38  0.28510 -3.83458e-02 | 39  0.26647 -1.14981e-02
 40  0.26057 -2.28745e-02 | 41  0.21907 -9.14872e-01 | 42 -1.14388 -4.91901e-01
 43  0.40320  8.31723e-03 | 44 -0.35040 -8.27002e-03 | 45  0.44351  5.71553e-03
 46 -0.43668  1.20944e-03 | 47  0.22506  1.72496e-02 | 48 -0.47763 -4.25117e-03
 49 -0.21783 -7.32718e-02 | 50 -0.24444 -1.24253e+00 | 51 -0.15862  7.29425e-02
 52 -0.39022  1.34151e+00 |
52 variables; iteration 140; function evaluation 180; phase 3
Function value 2.1003413e+03; maximum gradient component mag -2.9305e-01
Var    Value     Gradient |Var    Value     Gradient |Var    Value     Gradient
  1  0.03310 -2.93052e-01 |  2  0.00822 -5.12317e-03 |  3  0.05129 -7.82828e-03
  4 -0.01300 -3.76635e-04 |  5 -0.13640  2.84683e-03 |  6 -0.02237  5.06850e-05
  7 -0.11848  5.32630e-03 |  8 -0.07252  3.86222e-03 |  9  0.00827 -5.93570e-04
 10  0.10580 -5.75539e-03 | 11 -0.02187  8.79967e-04 | 12 -0.00368  4.19564e-03
 13  0.03670  4.79116e-03 | 14  0.07728 -8.84749e-03 | 15 -0.00508 -3.79709e-03
 16 -0.03261 -5.04013e-03 | 17 -0.01463 -3.33752e-03 | 18  0.02651  1.04777e-03
 19  0.05064  1.17073e-03 | 20 -0.05078 -8.94305e-04 | 21 -0.13295  5.59118e-04
 22 -0.04025  9.02234e-04 | 23  0.03606 -2.71805e-03 | 24  0.00014  1.02145e-03
 25 -0.01489  8.70681e-04 | 26  0.06186 -1.38897e-03 | 27  0.03997 -4.16179e-03
 28  0.01694 -4.77647e-03 | 29 -0.00682  7.35076e-04 | 30  0.00930  4.19431e-03
 31  0.03637  3.35264e-03 | 32  0.07542  4.27052e-03 | 33  0.01967  2.30623e-03
 34 -0.00210  5.64890e-04 | 35  0.03025  3.46116e-03 | 36 -0.00405  5.52874e-03
 37  0.27416 -1.24037e-02 | 38  0.28510  1.76888e-03 | 39  0.26647 -2.91493e-03
 40  0.26057  1.12938e-03 | 41  0.11392 -1.27078e-01 | 42 -1.18561 -9.45445e-02
 43  0.40320  2.68943e-03 | 44 -0.35040  2.38917e-04 | 45  0.44351  4.34390e-03
 46 -0.43668 -6.10933e-03 | 47  0.22506  1.19651e-02 | 48 -0.47763  4.68893e-03
 49 -0.14510 -2.68625e-02 | 50 -0.17076 -1.56928e-01 | 51 -0.17314  2.43276e-02
 52 -0.40754  1.99905e-01 |
52 variables; iteration 160; function evaluation 204; phase 3
Function value 2.1003409e+03; maximum gradient component mag 3.5421e-01
Var    Value     Gradient |Var    Value     Gradient |Var    Value     Gradient
  1  0.03310 -6.93219e-02 |  2  0.00822 -1.73694e-02 |  3  0.05129 -1.48186e-02
  4 -0.01299  1.43407e-03 |  5 -0.13639  7.55532e-03 |  6 -0.02237 -1.29498e-02
  7 -0.11848  5.38309e-03 |  8 -0.07251  1.48463e-02 |  9  0.00827  1.22155e-03
 10  0.10580  4.42538e-03 | 11 -0.02187 -5.16918e-03 | 12 -0.00368 -1.60896e-03
 13  0.03670 -2.63736e-03 | 14  0.07728  4.03010e-02 | 15 -0.00508 -2.84259e-03
 16 -0.03261 -2.40902e-03 | 17 -0.01464 -7.69380e-03 | 18  0.02651  5.94058e-03
 19  0.05064 -4.17066e-03 | 20 -0.05078 -9.09373e-03 | 21 -0.13294 -3.68256e-03
 22 -0.04024  6.15537e-03 | 23  0.03605 -4.12340e-02 | 24  0.00014 -2.17685e-02
 25 -0.01489 -1.97351e-02 | 26  0.06186 -2.11120e-02 | 27  0.03997 -2.42100e-03
 28  0.01694 -1.62837e-02 | 29 -0.00682 -4.43037e-03 | 30  0.00929 -7.71989e-03
 31  0.03637  1.83991e-02 | 32  0.07542  2.25950e-02 | 33  0.01967  2.34505e-02
 34 -0.00210  3.76872e-02 | 35  0.03026  2.94550e-02 | 36 -0.00406 -3.54290e-03
 37  0.27416  1.66906e-02 | 38  0.28510 -1.75609e-02 | 39  0.26647  3.02645e-02
 40  0.26057  7.78861e-02 | 41 -0.08031 -2.19202e-01 | 42 -1.22115 -2.04507e-01
 43  0.40320  1.85815e-02 | 44 -0.35040 -1.43901e-02 | 45  0.44351 -8.64252e-03
 46 -0.43668  3.83873e-02 | 47  0.22506 -2.34710e-02 | 48 -0.47763  1.06546e-01
 49 -0.01088 -1.40151e-02 | 50 -0.03577 -3.06538e-01 | 51 -0.18840  2.04063e-02
 52 -0.42601  3.54208e-01 |
52 variables; iteration 180; function evaluation 228; phase 3
Function value 2.1003408e+03; maximum gradient component mag 6.2019e-01
Var    Value     Gradient |Var    Value     Gradient |Var    Value     Gradient
  1  0.03310  6.20195e-01 |  2  0.00822 -8.98434e-03 |  3  0.05129 -4.88871e-03
  4 -0.01299 -5.72872e-03 |  5 -0.13640 -6.78675e-03 |  6 -0.02236 -7.44721e-03
  7 -0.11848 -6.61823e-03 |  8 -0.07252 -5.93952e-03 |  9  0.00827 -6.58144e-03
 10  0.10580  1.81560e-04 | 11 -0.02187 -6.82468e-03 | 12 -0.00368 -7.80167e-03
 13  0.03670 -8.38964e-03 | 14  0.07728  1.85986e-02 | 15 -0.00508 -4.62066e-04
 16 -0.03261 -4.12423e-03 | 17 -0.01463 -6.88265e-03 | 18  0.02651  2.77353e-03
 19  0.05064  7.62835e-03 | 20 -0.05078 -1.47874e-03 | 21 -0.13294 -2.69669e-03
 22 -0.04024 -3.47160e-04 | 23  0.03605 -8.83945e-03 | 24  0.00014 -8.61820e-03
 25 -0.01489 -1.10155e-02 | 26  0.06186  6.73828e-03 | 27  0.03997  1.83857e-02
 28  0.01694  1.46392e-02 | 29 -0.00682  5.69892e-03 | 30  0.00929  3.47231e-03
 31  0.03637  9.30191e-03 | 32  0.07542  2.16990e-02 | 33  0.01967  1.52541e-02
 34 -0.00210  8.89008e-03 | 35  0.03025  3.91007e-03 | 36 -0.00405 -1.29609e-02
 37  0.27416  6.41461e-02 | 38  0.28510  2.17228e-02 | 39  0.26647  1.85550e-02
 40  0.26057  9.24659e-02 | 41 -0.15969  1.44284e-01 | 42 -1.23806  2.16441e-02
 43  0.40320  3.14329e-03 | 44 -0.35040 -6.16216e-03 | 45  0.44351 -4.35487e-03
 46 -0.43668  3.49860e-03 | 47  0.22506  1.13513e-02 | 48 -0.47763  1.68377e-02
 49  0.04273  1.44368e-02 | 50  0.01783  2.03607e-01 | 51 -0.19661 -5.20635e-03
 52 -0.43606 -2.11798e-02 |
52 variables; iteration 200; function evaluation 251; phase 3
Function value 2.1003408e+03; maximum gradient component mag -4.5228e-02
Var    Value     Gradient |Var    Value     Gradient |Var    Value     Gradient
  1  0.03310 -4.52281e-02 |  2  0.00822 -1.02294e-05 |  3  0.05129 -2.00597e-04
  4 -0.01300  5.98958e-04 |  5 -0.13640  4.97281e-04 |  6 -0.02237  4.29610e-05
  7 -0.11848  2.25380e-04 |  8 -0.07252  9.29234e-04 |  9  0.00827  4.65911e-04
 10  0.10580  2.25955e-04 | 11 -0.02187  4.10893e-04 | 12 -0.00368  6.18857e-04
 13  0.03670  4.81045e-04 | 14  0.07728 -1.62395e-05 | 15 -0.00508 -7.47552e-04
 16 -0.03261 -2.69594e-04 | 17 -0.01463 -6.43855e-04 | 18  0.02651  1.32811e-04
 19  0.05064  1.75316e-04 | 20 -0.05078 -1.87409e-04 | 21 -0.13295  2.52022e-04
 22 -0.04025  2.27574e-04 | 23  0.03606 -9.14896e-04 | 24  0.00014 -1.42581e-03
 25 -0.01489 -2.12687e-03 | 26  0.06186 -1.92682e-03 | 27  0.03997  9.01611e-05
 28  0.01694 -8.85090e-04 | 29 -0.00682  3.77505e-05 | 30  0.00929 -1.36658e-03
 31  0.03637  1.94004e-04 | 32  0.07542  9.82495e-04 | 33  0.01967  1.38567e-03
 34 -0.00210  2.17480e-03 | 35  0.03025  9.37769e-04 | 36 -0.00405  8.27430e-04
 37  0.27416 -2.39784e-03 | 38  0.28510 -7.24089e-03 | 39  0.26647  9.57059e-04
 40  0.26057 -5.60727e-03 | 41 -0.20604 -1.17313e-02 | 42 -1.25001 -1.38215e-02
 43  0.40320  1.04624e-03 | 44 -0.35040 -7.15976e-04 | 45  0.44351 -5.61626e-05
 46 -0.43669  1.61080e-04 | 47  0.22506  1.60243e-04 | 48 -0.47763  2.87556e-04
 49  0.07341 -1.19190e-03 | 50  0.04842 -1.45328e-02 | 51 -0.20277  2.04034e-03
 52 -0.44367  2.75652e-02 |
52 variables; iteration 220; function evaluation 273; phase 3
Function value 2.1003408e+03; maximum gradient component mag -3.2686e-01
Var    Value     Gradient |Var    Value     Gradient |Var    Value     Gradient
  1  0.03310 -3.26857e-01 |  2  0.00822  6.30200e-03 |  3  0.05129  5.38983e-03
  4 -0.01299  4.48618e-03 |  5 -0.13640  5.19172e-03 |  6 -0.02237  4.44581e-03
  7 -0.11848  4.49365e-03 |  8 -0.07252  4.17499e-03 |  9  0.00827  3.86540e-03
 10  0.10580  1.15821e-03 | 11 -0.02187  3.04732e-03 | 12 -0.00368  1.72807e-03
 13  0.03670 -1.17581e-04 | 14  0.07728 -4.55954e-03 | 15 -0.00508  1.05233e-03
 16 -0.03261  2.61802e-03 | 17 -0.01463  4.27682e-03 | 18  0.02651 -1.48478e-03
 19  0.05064 -4.23645e-03 | 20 -0.05078  8.27106e-04 | 21 -0.13295  2.51838e-03
 22 -0.04025  1.14594e-03 | 23  0.03606 -3.79687e-03 | 24  0.00014 -3.19500e-03
 25 -0.01489  5.11889e-05 | 26  0.06186 -1.03786e-02 | 27  0.03997 -1.30915e-02
 28  0.01694 -1.12770e-02 | 29 -0.00682 -3.80422e-03 | 30  0.00929 -4.57395e-03
 31  0.03637 -1.31860e-03 | 32  0.07542 -4.55453e-03 | 33  0.01967 -1.03156e-03
 34 -0.00210  4.10936e-03 | 35  0.03025  2.56793e-03 | 36 -0.00405  5.65421e-03
 37  0.27416 -3.48528e-02 | 38  0.28510 -2.84000e-02 | 39  0.26647 -5.21792e-03
 40  0.26057 -5.44570e-02 | 41 -0.23525 -8.60237e-02 | 42 -1.25961 -1.21736e-02
 43  0.40320  2.44821e-03 | 44 -0.35040 -8.02490e-04 | 45  0.44351  1.32412e-03
 46 -0.43669  2.62708e-03 | 47  0.22506 -4.87060e-03 | 48 -0.47763  1.57688e-03
 49  0.09246 -7.31850e-03 | 50  0.06738 -1.23394e-01 | 51 -0.20796  1.34446e-03
 52 -0.45011  2.37846e-02 |
52 variables; iteration 240; function evaluation 295; phase 3
Function value 2.1003408e+03; maximum gradient component mag -2.8159e-01
Var    Value     Gradient |Var    Value     Gradient |Var    Value     Gradient
  1  0.03310 -2.81586e-01 |  2  0.00822  9.54187e-04 |  3  0.05129 -4.32351e-04
  4 -0.01300  2.45235e-03 |  5 -0.13640  3.02484e-03 |  6 -0.02237  1.80153e-03
  7 -0.11848  3.41883e-03 |  8 -0.07252  3.99859e-03 |  9  0.00827  2.59815e-03
 10  0.10580  1.77338e-04 | 11 -0.02187  2.69203e-03 | 12 -0.00368  3.77642e-03
 13  0.03670  3.97881e-03 | 14  0.07728 -5.71724e-03 | 15 -0.00508 -6.88001e-04
 16 -0.03261 -2.52478e-04 | 17 -0.01463  8.62182e-04 | 18  0.02651 -4.86608e-04
 19  0.05064 -2.08258e-03 | 20 -0.05078 -3.10932e-04 | 21 -0.13295  1.51351e-03
 22 -0.04025  7.50876e-04 | 23  0.03606 -7.83776e-04 | 24  0.00014  2.86485e-04
 25 -0.01489  8.32100e-04 | 26  0.06186 -5.33282e-03 | 27  0.03997 -6.53768e-03
 28  0.01694 -7.03461e-03 | 29 -0.00682 -1.71320e-03 | 30  0.00929 -2.00602e-03
 31  0.03637 -1.03677e-03 | 32  0.07542 -3.92161e-03 | 33  0.01967 -1.70234e-03
 34 -0.00210  4.47545e-04 | 35  0.03025  1.58900e-03 | 36 -0.00405  5.32529e-03
 37  0.27416 -2.44907e-02 | 38  0.28510 -1.56728e-02 | 39  0.26647 -4.21558e-03
 40  0.26057 -3.35401e-02 | 41 -0.26955 -7.86386e-02 | 42 -1.27672 -4.83556e-02
 43  0.40320  1.70922e-03 | 44 -0.35040  6.41059e-04 | 45  0.44351  1.60559e-03
 46 -0.43669 -6.07897e-04 | 47  0.22506 -1.13048e-03 | 48 -0.47763  4.99193e-04
 49  0.11450 -8.32293e-03 | 50  0.08930 -1.12598e-01 | 51 -0.21767  6.66389e-03
 52 -0.46228  6.56058e-02 |
52 variables; iteration 260; function evaluation 322; phase 3
Function value 2.1003408e+03; maximum gradient component mag -4.8755e-01
Var    Value     Gradient |Var    Value     Gradient |Var    Value     Gradient
  1  0.03310 -4.87545e-01 |  2  0.00822 -4.93546e-04 |  3  0.05129 -3.66728e-03
  4 -0.01300  3.17554e-03 |  5 -0.13640  4.61617e-03 |  6 -0.02237  1.82752e-03
  7 -0.11849  6.19538e-03 |  8 -0.07252  6.96505e-03 |  9  0.00827  3.98853e-03
 10  0.10580 -1.04264e-03 | 11 -0.02187  4.04056e-03 | 12 -0.00368  6.52870e-03
 13  0.03670  6.89745e-03 | 14  0.07728 -1.17575e-02 | 15 -0.00508 -3.62200e-03
 16 -0.03261 -3.37045e-03 | 17 -0.01463 -1.55217e-03 | 18  0.02651 -1.38339e-04
 19  0.05064 -2.24004e-03 | 20 -0.05078 -1.16036e-03 | 21 -0.13295  9.30681e-04
 22 -0.04025  5.51794e-04 | 23  0.03606  6.98042e-04 | 24  0.00014  4.12808e-03
 25 -0.01489  4.70656e-03 | 26  0.06186 -3.33737e-03 | 27  0.03997 -7.93169e-03
 28  0.01694 -9.68834e-03 | 29 -0.00682 -2.70045e-03 | 30  0.00930 -2.69117e-04
 31  0.03637 -1.81821e-03 | 32  0.07542 -7.33089e-03 | 33  0.01967 -5.14923e-03
 34 -0.00210 -2.01019e-03 | 35  0.03025  2.23763e-03 | 36 -0.00405  1.01761e-02
 37  0.27416 -2.36908e-02 | 38  0.28510 -9.44774e-03 | 39  0.26647 -7.15619e-03
 40  0.26057 -2.44561e-02 | 41 -0.29152 -1.80764e-01 | 42 -1.29507 -1.76478e-01
 43  0.40320  1.28686e-03 | 44 -0.35040  2.18673e-03 | 45  0.44351  2.26531e-03
 46 -0.43668 -1.19773e-03 | 47  0.22506 -7.97899e-04 | 48 -0.47763  1.61029e-03
 49  0.12841 -1.81640e-02 | 50  0.10312 -2.67356e-01 | 51 -0.22880  1.75184e-02
 52 -0.47640  2.10698e-01 |
52 variables; iteration 280; function evaluation 349; phase 3
Function value 2.1003407e+03; maximum gradient component mag -7.2996e-01
Var    Value     Gradient |Var    Value     Gradient |Var    Value     Gradient
  1  0.03310 -7.29960e-01 |  2  0.00822  5.26199e-03 |  3  0.05129  1.43387e-03
  4 -0.01300  6.83668e-03 |  5 -0.13640  8.86140e-03 |  6 -0.02237  5.82711e-03
  7 -0.11848  9.84773e-03 |  8 -0.07252  9.79901e-03 |  9  0.00827  6.78953e-03
 10  0.10580 -4.12429e-04 | 11 -0.02187  5.84297e-03 | 12 -0.00368  6.37161e-03
 13  0.03670  3.46150e-03 | 14  0.07728 -1.56797e-02 | 15 -0.00508 -4.87689e-03
 16 -0.03261 -4.20782e-03 | 17 -0.01463 -9.39867e-04 | 18  0.02651 -8.57583e-04
 19  0.05064 -4.20597e-03 | 20 -0.05078 -5.54009e-04 | 21 -0.13295  1.33216e-03
 22 -0.04025  4.18877e-04 | 23  0.03606 -2.41463e-03 | 24  0.00014  1.43222e-03
 25 -0.01489  5.18421e-03 | 26  0.06186 -8.60573e-03 | 27  0.03997 -1.63012e-02
 28  0.01694 -1.66916e-02 | 29 -0.00682 -5.70610e-03 | 30  0.00929 -2.08265e-03
 31  0.03637 -1.91450e-03 | 32  0.07542 -9.12556e-03 | 33  0.01967 -5.72062e-03
 34 -0.00210  8.58275e-04 | 35  0.03025  4.35419e-03 | 36 -0.00405  1.53421e-02
 37  0.27416 -3.13100e-02 | 38  0.28510 -2.04737e-02 | 39  0.26647 -9.13981e-03
 40  0.26057 -3.89243e-02 | 41 -0.29870 -2.87256e-01 | 42 -1.31536 -2.99003e-01
 43  0.40320  2.35911e-03 | 44 -0.35040  8.19449e-04 | 45  0.44351  2.62166e-03
 46 -0.43668  9.29811e-04 | 47  0.22506 -2.57639e-03 | 48 -0.47763  1.73023e-03
 49  0.13292 -2.49074e-02 | 50  0.10759 -4.32913e-01 | 51 -0.24198  2.14313e-02
 52 -0.49337  3.28516e-01 |
52 variables; iteration 300; function evaluation 375; phase 3
Function value 2.1003406e+03; maximum gradient component mag 2.7878e-01
Var    Value     Gradient |Var    Value     Gradient |Var    Value     Gradient
  1  0.03310  2.78784e-01 |  2  0.00822 -7.38718e-04 |  3  0.05129  4.08086e-04
  4 -0.01299 -2.07037e-03 |  5 -0.13640 -3.55089e-03 |  6 -0.02237 -1.83417e-03
  7 -0.11848 -4.64294e-03 |  8 -0.07252 -3.98418e-03 |  9  0.00827 -2.39036e-03
 10  0.10580  7.71726e-04 | 11 -0.02187 -2.79261e-03 | 12 -0.00368 -4.11193e-03
 13  0.03670 -7.49042e-03 | 14  0.07728  4.79248e-03 | 15 -0.00508 -6.06471e-03
 16 -0.03261 -8.51255e-03 | 17 -0.01463 -1.02102e-02 | 18  0.02651  2.93030e-03
 19  0.05064  7.50266e-03 | 20 -0.05078  1.93180e-05 | 21 -0.13295 -5.50018e-03
 22 -0.04025 -3.75061e-03 | 23  0.03606  3.10088e-03 | 24  0.00014 -1.05332e-03
 25 -0.01489 -3.97815e-03 | 26  0.06186  1.05994e-02 | 27  0.03997  1.66226e-02
 28  0.01694  1.32757e-02 | 29 -0.00682  3.22151e-03 | 30  0.00929  3.66256e-03
 31  0.03637  2.17062e-03 | 32  0.07542  6.78203e-03 | 33  0.01967  2.96933e-03
 34 -0.00210 -2.74669e-03 | 35  0.03025 -2.32422e-03 | 36 -0.00405 -2.29999e-03
 37  0.27416  7.25473e-02 | 38  0.28510  3.56798e-02 | 39  0.26647  1.15513e-02
 40  0.26057  9.48883e-02 | 41 -0.26793 -1.12681e-02 | 42 -1.34238 -2.12259e-01
 43  0.40320 -3.52895e-03 | 44 -0.35040 -2.23153e-03 | 45  0.44351 -4.08791e-03
 46 -0.43668 -1.10808e-03 | 47  0.22506  2.85746e-03 | 48 -0.47763 -7.01967e-03
 49  0.11347  9.64163e-03 | 50  0.08828 -2.42599e-02 | 51 -0.26095  1.60545e-03
 52 -0.51837  2.16530e-01 |
52 variables; iteration 320; function evaluation 402; phase 3
Function value 2.1003404e+03; maximum gradient component mag 1.3797e+00
Var    Value     Gradient |Var    Value     Gradient |Var    Value     Gradient
  1  0.03310  1.37968e+00 |  2  0.00822 -1.29696e-02 |  3  0.05129 -6.46324e-03
  4 -0.01299 -1.34790e-02 |  5 -0.13640 -1.79597e-02 |  6 -0.02236 -1.26210e-02
  7 -0.11848 -1.95833e-02 |  8 -0.07252 -1.82252e-02 |  9  0.00827 -1.38409e-02
 10  0.10580  5.67109e-05 | 11 -0.02187 -1.21876e-02 | 12 -0.00368 -1.24422e-02
 13  0.03670 -1.11150e-02 | 14  0.07728  2.83097e-02 | 15 -0.00508 -9.86846e-04
 16 -0.03261 -6.89523e-03 | 17 -0.01463 -1.30971e-02 | 18  0.02651  5.93384e-03
 19  0.05064  1.77448e-02 | 20 -0.05078  3.57413e-04 | 21 -0.13295 -7.76848e-03
 22 -0.04025 -4.87474e-03 | 23  0.03606  6.50596e-03 | 24  0.00014 -3.64639e-03
 25 -0.01489 -1.48959e-02 | 26  0.06186  2.50227e-02 | 27  0.03997  4.69208e-02
 28  0.01694  4.14788e-02 | 29 -0.00682  1.40808e-02 | 30  0.00929  8.84883e-03
 31  0.03637  7.38622e-03 | 32  0.07542  2.47593e-02 | 33  0.01967  1.44255e-02
 34 -0.00210 -4.32925e-03 | 35  0.03025 -8.29287e-03 | 36 -0.00405 -2.49916e-02
 37  0.27416  1.35235e-01 | 38  0.28510  7.39371e-02 | 39  0.26647  2.91141e-02
 40  0.26057  1.78157e-01 | 41 -0.17486  4.27537e-01 | 42 -1.36517  1.79561e-01
 43  0.40320 -6.26692e-03 | 44 -0.35040 -4.17282e-03 | 45  0.44351 -7.91920e-03
 46 -0.43669 -6.19135e-03 | 47  0.22506  1.29381e-02 | 48 -0.47763 -9.14317e-03
 49  0.05283  4.26724e-02 | 50  0.02791  6.04428e-01 | 51 -0.27827 -2.03063e-02
 52 -0.54183 -1.51551e-01 |
52 variables; iteration 340; function evaluation 428; phase 3
Function value 2.1003404e+03; maximum gradient component mag 1.7198e-01
Var    Value     Gradient |Var    Value     Gradient |Var    Value     Gradient
  1  0.03310  1.71983e-01 |  2  0.00822 -1.55849e-03 |  3  0.05129 -7.83824e-04
  4 -0.01300 -1.69983e-03 |  5 -0.13640 -2.22600e-03 |  6 -0.02237 -1.58014e-03
  7 -0.11848 -2.43900e-03 |  8 -0.07252 -2.28270e-03 |  9  0.00827 -1.69431e-03
 10  0.10580 -2.54820e-05 | 11 -0.02187 -1.48548e-03 | 12 -0.00368 -1.51885e-03
 13  0.03670 -1.20145e-03 | 14  0.07728  3.56449e-03 | 15 -0.00508  1.77115e-04
 16 -0.03261 -3.26861e-04 | 17 -0.01463 -1.16993e-03 | 18  0.02651  5.56105e-04
 19  0.05064  1.79739e-03 | 20 -0.05078  2.21742e-05 | 21 -0.13295 -8.72531e-04
 22 -0.04025 -4.72786e-04 | 23  0.03606  8.17214e-04 | 24  0.00014 -3.50984e-04
 25 -0.01489 -1.51578e-03 | 26  0.06186  3.02184e-03 | 27  0.03997  5.44195e-03
 28  0.01694  4.92642e-03 | 29 -0.00682  1.63421e-03 | 30  0.00929  9.21075e-04
 31  0.03637  7.60998e-04 | 32  0.07542  2.79912e-03 | 33  0.01967  1.62258e-03
 34 -0.00210 -4.75123e-04 | 35  0.03025 -1.02187e-03 | 36 -0.00405 -3.23107e-03
 37  0.27416  1.44969e-02 | 38  0.28510  8.07490e-03 | 39  0.26647  3.22525e-03
 40  0.26057  1.90263e-02 | 41 -0.10427  5.93747e-02 | 42 -1.37447  3.82148e-02
 43  0.40320 -7.61040e-04 | 44 -0.35040 -3.99570e-04 | 45  0.44351 -9.36672e-04
 46 -0.43668 -4.91177e-04 | 47  0.22506  1.27478e-03 | 48 -0.47763 -1.01311e-03
 49  0.00542  5.39493e-03 | 50 -0.01946  8.27970e-02 | 51 -0.28568 -3.07739e-03
 52 -0.55209 -3.23425e-02 |
52 variables; iteration 360; function evaluation 453; phase 3
Function value 2.1003404e+03; maximum gradient component mag -7.0012e-03
Var    Value     Gradient |Var    Value     Gradient |Var    Value     Gradient
  1  0.03310 -7.00122e-03 |  2  0.00822  6.09665e-05 |  3  0.05129  2.08062e-05
  4 -0.01300  5.95502e-05 |  5 -0.13640  8.41065e-05 |  6 -0.02237  5.25811e-05
  7 -0.11848  8.94535e-05 |  8 -0.07252  9.36739e-05 |  9  0.00827  8.27467e-05
 10  0.10580  7.30987e-06 | 11 -0.02187  8.05088e-05 | 12 -0.00368  1.00254e-04
 13  0.03670  1.62174e-04 | 14  0.07728 -1.35689e-04 | 15 -0.00508  8.93357e-05
 16 -0.03261  1.82633e-04 | 17 -0.01463  1.90641e-04 | 18  0.02651 -7.61249e-05
 19  0.05064 -1.99612e-04 | 20 -0.05078 -1.12188e-05 | 21 -0.13295  6.16176e-05
 22 -0.04025  5.81063e-05 | 23  0.03606 -6.73767e-06 | 24  0.00014  6.77086e-05
 25 -0.01489  1.70606e-04 | 26  0.06186 -1.59105e-04 | 27  0.03997 -3.31883e-04
 28  0.01694 -2.70968e-04 | 29 -0.00682 -9.41227e-05 | 30  0.00929 -1.03309e-04
 31  0.03637 -1.00740e-04 | 32  0.07542 -2.37913e-04 | 33  0.01967 -1.42950e-04
 34 -0.00210  1.19931e-05 | 35  0.03025  1.94655e-05 | 36 -0.00405  9.78244e-05
 37  0.27416 -1.40589e-03 | 38  0.28510 -7.03292e-04 | 39  0.26647 -2.75599e-04
 40  0.26057 -1.87569e-03 | 41 -0.06430 -5.68350e-04 | 42 -1.37856  3.35616e-03
 43  0.40320  2.70467e-05 | 44 -0.35040  7.35056e-05 | 45  0.44351  5.91509e-05
 46 -0.43668  7.65477e-05 | 47  0.22506 -2.03208e-04 | 48 -0.47763  7.19478e-05
 49 -0.02182 -1.39864e-04 | 50 -0.04673 -5.63442e-04 | 51 -0.28900 -8.40096e-05
 52 -0.55674 -3.66776e-03 |
52 variables; iteration 380; function evaluation 480; phase 3
Function value 2.1003404e+03; maximum gradient component mag -5.1458e-02
Var    Value     Gradient |Var    Value     Gradient |Var    Value     Gradient
  1  0.03310 -5.14579e-02 |  2  0.00822  2.82964e-03 |  3  0.05129  2.94885e-03
  4 -0.01299  1.32701e-03 |  5 -0.13640  1.39804e-03 |  6 -0.02237  1.69884e-03
  7 -0.11848  8.92004e-04 |  8 -0.07252  4.26765e-04 |  9  0.00827  8.83504e-04
 10  0.10580  5.52954e-04 | 11 -0.02187  4.55509e-04 | 12 -0.00368 -7.92173e-04
 13  0.03670 -2.08530e-03 | 14  0.07728 -3.36343e-04 | 15 -0.00508  2.40106e-04
 16 -0.03261  7.13878e-04 | 17 -0.01463  1.02101e-03 | 18  0.02651 -6.09423e-04
 19  0.05064 -1.23992e-03 | 20 -0.05078  3.53538e-04 | 21 -0.13295  9.45781e-05
 22 -0.04025  1.33485e-05 | 23  0.03606 -1.62272e-03 | 24  0.00014 -1.78192e-03
 25 -0.01489  9.43944e-05 | 26  0.06186 -2.25351e-03 | 27  0.03997 -3.45969e-03
 28  0.01694 -2.37415e-03 | 29 -0.00682 -1.19420e-03 | 30  0.00929 -1.14048e-03
 31  0.03637 -1.79984e-05 | 32  0.07542 -1.81300e-04 | 33  0.01967  2.49327e-04
 34 -0.00210  1.66126e-03 | 35  0.03025  6.83286e-04 | 36 -0.00405  9.91440e-04
 37  0.27416 -4.00450e-03 | 38  0.28510 -5.95367e-03 | 39  0.26647 -5.50201e-04
 40  0.26057 -8.55706e-03 | 41 -0.03835 -2.31802e-02 | 42 -1.37217 -1.16886e-02
 43  0.40320  4.08803e-04 | 44 -0.35040 -7.72202e-04 | 45  0.44351  1.01789e-05
 46 -0.43668  1.33676e-03 | 47  0.22506 -1.05236e-03 | 48 -0.47763 -1.91636e-04
 49 -0.03962 -4.53985e-04 | 50 -0.06458 -3.33920e-02 | 51 -0.28383 -1.27185e-03
 52 -0.54951  1.09121e-02 |
52 variables; iteration 400; function evaluation 504; phase 3
Function value 2.1003404e+03; maximum gradient component mag -2.6869e-02
Var    Value     Gradient |Var    Value     Gradient |Var    Value     Gradient
  1  0.03310 -2.68693e-02 |  2  0.00822  3.18990e-04 |  3  0.05129  2.12210e-04
  4 -0.01300  3.00078e-04 |  5 -0.13640  3.68883e-04 |  6 -0.02237  2.95161e-04
  7 -0.11848  3.83048e-04 |  8 -0.07252  3.48261e-04 |  9  0.00827  2.83124e-04
 10  0.10580  4.48332e-05 | 11 -0.02187  2.38399e-04 | 12 -0.00368  1.92583e-04
 13  0.03670  8.38824e-05 | 14  0.07728 -5.44453e-04 | 15 -0.00508 -5.64530e-05
 16 -0.03261  1.66146e-05 | 17 -0.01463  1.49719e-04 | 18  0.02651 -9.78299e-05
 19  0.05064 -2.88281e-04 | 20 -0.05078 -7.82707e-08 | 21 -0.13295  9.87473e-05
 22 -0.04025  4.97093e-05 | 23  0.03606 -1.78364e-04 | 24  0.00014 -1.92472e-05
 25 -0.01489  2.28725e-04 | 26  0.06186 -4.78908e-04 | 27  0.03997 -8.63789e-04
 28  0.01694 -7.69230e-04 | 29 -0.00682 -2.73692e-04 | 30  0.00929 -1.59920e-04
 31  0.03637 -1.00691e-04 | 32  0.07542 -3.91073e-04 | 33  0.01967 -2.23719e-04
 34 -0.00210  1.26034e-04 | 35  0.03025  1.67353e-04 | 36 -0.00405  5.25402e-04
 37  0.27416 -1.98247e-03 | 38  0.28510 -1.26676e-03 | 39  0.26647 -4.56692e-04
 40  0.26057 -2.71202e-03 | 41 -0.06042 -1.02572e-02 | 42 -1.36598 -7.75276e-03
 43  0.40320  1.16340e-04 | 44 -0.35040  2.41114e-05 | 45  0.44351  1.25704e-04
 46 -0.43668  1.13057e-04 | 47  0.22506 -1.85723e-04 | 48 -0.47763  1.13243e-04
 49 -0.02447 -7.43466e-04 | 50 -0.04939 -1.41293e-02 | 51 -0.27891  4.16879e-04
 52 -0.54272  6.65389e-03 |
52 variables; iteration 420; function evaluation 524; phase 3
Function value 2.1003404e+03; maximum gradient component mag -1.2483e-02
Var    Value     Gradient |Var    Value     Gradient |Var    Value     Gradient
  1  0.03310 -1.24832e-02 |  2  0.00822  1.57832e-03 |  3  0.05129  1.74221e-03
  4 -0.01299  6.15546e-04 |  5 -0.13640  6.09265e-04 |  6 -0.02237  8.75033e-04
  7 -0.11848  2.89692e-04 |  8 -0.07252 -1.33090e-06 |  9  0.00827  3.61485e-04
 10  0.10580  3.37629e-04 | 11 -0.02187  1.42693e-04 | 12 -0.00368 -6.54500e-04
 13  0.03670 -1.37331e-03 | 14  0.07728  1.90438e-04 | 15 -0.00508  2.41835e-04
 16 -0.03261  5.73382e-04 | 17 -0.01463  6.06462e-04 | 18  0.02651 -4.55596e-04
 19  0.05064 -8.11300e-04 | 20 -0.05078  1.57169e-04 | 21 -0.13295 -1.09125e-04
 22 -0.04025 -9.12097e-06 | 23  0.03606 -1.06122e-03 | 24  0.00014 -1.23419e-03
 25 -0.01489  1.55812e-04 | 26  0.06186 -1.02944e-03 | 27  0.03997 -1.67980e-03
 28  0.01694 -9.79061e-04 | 29 -0.00682 -5.90409e-04 | 30  0.00929 -6.70842e-04
 31  0.03637  1.01579e-04 | 32  0.07542  3.15536e-04 | 33  0.01967  4.03131e-04
 34 -0.00210  1.06509e-03 | 35  0.03025  3.56327e-04 | 36 -0.00405  2.20389e-04
 37  0.27416 -1.59233e-03 | 38  0.28510 -3.47479e-03 | 39  0.26647 -1.26895e-04
 40  0.26057 -4.16432e-03 | 41 -0.05461 -6.28833e-03 | 42 -1.36263  1.60772e-03
 43  0.40320  2.09431e-04 | 44 -0.35040 -5.19882e-04 | 45  0.44351 -6.36108e-05
 46 -0.43668  8.60282e-04 | 47  0.22506 -3.90377e-04 | 48 -0.47763 -2.53374e-04
 49 -0.02846  3.36482e-04 | 50 -0.05339 -9.49504e-03 | 51 -0.27628 -1.22428e-03
 52 -0.53910 -6.36668e-04 |
  ic > imax  in fminim is answer attained ?
Var    Value     Gradient |Var    Value     Gradient |Var    Value     Gradient
  1  0.03310 -6.75701e-05 |  2  0.00822 -1.03950e-06 |  3  0.05129 -1.59689e-06
  4 -0.01300 -3.57840e-08 |  5 -0.13640  3.78747e-07 |  6 -0.02237 -2.82877e-07
  7 -0.11848  9.08363e-07 |  8 -0.07252  1.07582e-06 |  9  0.00827  5.55156e-07
 10  0.10580 -3.27215e-07 | 11 -0.02187  8.42157e-07 | 12 -0.00368  2.09771e-06
 13  0.03670  4.43724e-06 | 14  0.07728 -1.84702e-06 | 15 -0.00508  2.15362e-06
 16 -0.03261  3.12550e-06 | 17 -0.01463  3.47813e-06 | 18  0.02651 -5.88653e-07
 19  0.05064 -2.07909e-06 | 20 -0.05078 -6.12619e-08 | 21 -0.13295  1.92062e-06
 22 -0.04025  1.24391e-06 | 23  0.03606  1.32896e-06 | 24  0.00014  2.89057e-06
 25 -0.01489  2.03578e-06 | 26  0.06186 -1.92156e-06 | 27  0.03997 -3.99140e-06
 28  0.01694 -3.34019e-06 | 29 -0.00682 -6.94587e-07 | 30  0.00929 -6.45409e-07
 31  0.03637 -1.85703e-06 | 32  0.07542 -4.53741e-06 | 33  0.01967 -2.94054e-06
 34 -0.00210 -1.20015e-06 | 35  0.03025 -4.03063e-07 | 36 -0.00405  3.23396e-07
 37  0.27416 -2.44947e-05 | 38  0.28510 -6.80816e-06 | 39  0.26647 -4.69845e-06
 40  0.26057 -2.99164e-05 | 41 -0.05541  2.19405e-05 | 42 -1.36210  1.01174e-04
 43  0.40320  2.44600e-07 | 44 -0.35040  1.98729e-06 | 45  0.44351  1.30907e-06
 46 -0.43668 -1.17338e-07 | 47  0.22506 -2.86246e-06 | 48 -0.47763  2.20067e-06
 49 -0.02791 -1.89135e-06 | 50 -0.05284  3.38610e-05 | 51 -0.27587 -1.18661e-06
 52 -0.53854 -9.38515e-05 |
Function minimizer not making progress ... is minimum attained?
Minimprove criterion = 0.0000e+00

 - final statistics:
52 variables; iteration 430; function evaluation 563
Function value 2.1003e+03; maximum gradient component mag 1.0117e-04
Exit code = 1;  converg criter 1.0000e-04
Var    Value     Gradient |Var    Value     Gradient |Var    Value     Gradient
  1  0.03310 -6.75701e-05 |  2  0.00822 -1.03950e-06 |  3  0.05129 -1.59689e-06
  4 -0.01300 -3.57840e-08 |  5 -0.13640  3.78747e-07 |  6 -0.02237 -2.82877e-07
  7 -0.11848  9.08363e-07 |  8 -0.07252  1.07582e-06 |  9  0.00827  5.55156e-07
 10  0.10580 -3.27215e-07 | 11 -0.02187  8.42157e-07 | 12 -0.00368  2.09771e-06
 13  0.03670  4.43724e-06 | 14  0.07728 -1.84702e-06 | 15 -0.00508  2.15362e-06
 16 -0.03261  3.12550e-06 | 17 -0.01463  3.47813e-06 | 18  0.02651 -5.88653e-07
 19  0.05064 -2.07909e-06 | 20 -0.05078 -6.12619e-08 | 21 -0.13295  1.92062e-06
 22 -0.04025  1.24391e-06 | 23  0.03606  1.32896e-06 | 24  0.00014  2.89057e-06
 25 -0.01489  2.03578e-06 | 26  0.06186 -1.92156e-06 | 27  0.03997 -3.99140e-06
 28  0.01694 -3.34019e-06 | 29 -0.00682 -6.94587e-07 | 30  0.00929 -6.45409e-07
 31  0.03637 -1.85703e-06 | 32  0.07542 -4.53741e-06 | 33  0.01967 -2.94054e-06
 34 -0.00210 -1.20015e-06 | 35  0.03025 -4.03063e-07 | 36 -0.00405  3.23396e-07
 37  0.27416 -2.44947e-05 | 38  0.28510 -6.80816e-06 | 39  0.26647 -4.69845e-06
 40  0.26057 -2.99164e-05 | 41 -0.05541  2.19405e-05 | 42 -1.36210  1.01174e-04
 43  0.40320  2.44600e-07 | 44 -0.35040  1.98729e-06 | 45  0.44351  1.30907e-06
 46 -0.43668 -1.17338e-07 | 47  0.22506 -2.86246e-06 | 48 -0.47763  2.20067e-06
 49 -0.02791 -1.89135e-06 | 50 -0.05284  3.38610e-05 | 51 -0.27587 -1.18661e-06
 52 -0.53854 -9.38515e-05 |
Estimating row 1 out of 52 for hessian
Estimating row 2 out of 52 for hessian
Estimating row 3 out of 52 for hessian
Estimating row 4 out of 52 for hessian
Estimating row 5 out of 52 for hessian
Estimating row 6 out of 52 for hessian
Estimating row 7 out of 52 for hessian
Estimating row 8 out of 52 for hessian
Estimating row 9 out of 52 for hessian
Estimating row 10 out of 52 for hessian
Estimating row 11 out of 52 for hessian
Estimating row 12 out of 52 for hessian
Estimating row 13 out of 52 for hessian
Estimating row 14 out of 52 for hessian
Estimating row 15 out of 52 for hessian
Estimating row 16 out of 52 for hessian
Estimating row 17 out of 52 for hessian
Estimating row 18 out of 52 for hessian
Estimating row 19 out of 52 for hessian
Estimating row 20 out of 52 for hessian
Estimating row 21 out of 52 for hessian
Estimating row 22 out of 52 for hessian
Estimating row 23 out of 52 for hessian
Estimating row 24 out of 52 for hessian
Estimating row 25 out of 52 for hessian
Estimating row 26 out of 52 for hessian
Estimating row 27 out of 52 for hessian
Estimating row 28 out of 52 for hessian
Estimating row 29 out of 52 for hessian
Estimating row 30 out of 52 for hessian
Estimating row 31 out of 52 for hessian
Estimating row 32 out of 52 for hessian
Estimating row 33 out of 52 for hessian
Estimating row 34 out of 52 for hessian
Estimating row 35 out of 52 for hessian
Estimating row 36 out of 52 for hessian
Estimating row 37 out of 52 for hessian
Estimating row 38 out of 52 for hessian
Estimating row 39 out of 52 for hessian
Estimating row 40 out of 52 for hessian
Estimating row 41 out of 52 for hessian
Estimating row 42 out of 52 for hessian
Estimating row 43 out of 52 for hessian
Estimating row 44 out of 52 for hessian
Estimating row 45 out of 52 for hessian
Estimating row 46 out of 52 for hessian
Estimating row 47 out of 52 for hessian
Estimating row 48 out of 52 for hessian
Estimating row 49 out of 52 for hessian
Estimating row 50 out of 52 for hessian
Estimating row 51 out of 52 for hessian
Estimating row 52 out of 52 for hessian
size of file gradfil1.tmp = 0
size of file gradfil2.tmp = 0
size of file varssave.tmp = 0
size of file cmpdiff.tmp = 0
