
Initial statistics: 36 variables; iteration 0; function evaluation 0; phase 1
Function value 3.9248391e+03; maximum gradient component mag 3.4297e+04
Var    Value     Gradient |Var    Value     Gradient |Var    Value     Gradient
  1  0.04146  3.42971e+04 |  2  0.04183 -3.76257e+02 |  3  0.09594 -1.49286e+02
  4 -0.04847 -5.61915e+02 |  5 -0.21065 -5.26467e+02 |  6  0.01432 -3.55644e+02
  7 -0.07553 -4.50217e+02 |  8 -0.07347 -5.03636e+02 |  9 -0.01230 -2.58293e+02
 10  0.10432 -7.66089e+01 | 11 -0.01253 -2.22509e+02 | 12  0.00786 -2.44182e+02
 13  0.03144 -2.73322e+02 | 14  0.07034 -8.01455e+01 | 15  0.03575  1.03169e+02
 16 -0.01846  1.29720e+02 | 17 -0.04773 -3.77243e+02 | 18  0.00696 -1.02095e+02
 19  0.08233  3.26943e+02 | 20 -0.07404 -3.27177e+02 | 21 -0.15196 -4.73017e+02
 22 -0.01148 -1.55061e+02 | 23  0.08742  4.98807e+02 | 24  0.01561  2.95203e+01
 25 -0.00359 -1.92660e+01 | 26  0.02812  4.09810e+02 | 27  0.05146  9.14086e+02
 28 -0.02498  5.66901e+01 | 29  0.02828  5.68697e+02 | 30 -0.04217 -1.80918e+02
 31  0.02570  4.50855e+02 | 32  0.10502  1.53714e+03 | 33 -0.00100  3.41217e+02
 34 -0.00936  3.18648e+02 | 35  0.01739  3.00245e+02 | 36 -0.03619 -2.44777e+02

Intermediate statistics: 36 variables; iteration 20; function evaluation 29; phase 1
Function value 3.6189032e+03; maximum gradient component mag 2.9202e+03
Var    Value     Gradient |Var    Value     Gradient |Var    Value     Gradient
  1  0.02097  2.92016e+03 |  2  0.03452 -4.13224e+01 |  3  0.02472 -5.84556e+01
  4 -0.04174 -2.59793e+01 |  5 -0.18194 -2.84917e+01 |  6 -0.00851 -4.20019e+01
  7 -0.10925 -3.78337e+01 |  8 -0.00955 -3.18952e+01 |  9 -0.05031 -5.49194e+01
 10  0.12704 -6.88580e+01 | 11 -0.04228 -4.75466e+01 | 12 -0.01750 -9.17578e+01
 13  0.10123 -6.65505e+01 | 14  0.08399 -3.10292e+02 | 15  0.04473 -2.32467e+02
 16 -0.11714 -2.66613e+02 | 17  0.04458 -3.26449e+02 | 18 -0.02299 -4.08679e+02
 19  0.04528 -8.04361e+02 | 20 -0.03809 -3.47796e+02 | 21 -0.11160 -1.95947e+02
 22 -0.05276 -6.88817e+01 | 23  0.03829  8.91365e+01 | 24  0.05841  4.48667e+02
 25  0.05331  5.75979e+02 | 26  0.10721  1.34104e+03 | 27  0.07015  8.72725e+02
 28  0.04364  5.36059e+02 | 29 -0.02574 -2.29921e+02 | 30  0.01985 -1.43690e+02
 31  0.00743 -3.36687e+02 | 32  0.07256 -2.58676e+02 | 33  0.04235  9.16836e+01
 34  0.05139  3.52886e+02 | 35  0.05159  3.87986e+02 | 36 -0.30372 -9.25714e+01
36 variables; iteration 40; function evaluation 54; phase 1
Function value 3.5259070e+03; maximum gradient component mag 1.3411e+03
Var    Value     Gradient |Var    Value     Gradient |Var    Value     Gradient
  1  0.02237  1.34110e+03 |  2  0.02760 -1.61802e+01 |  3  0.02871 -1.69459e+01
  4 -0.04620 -1.80111e+01 |  5 -0.17822 -6.91630e+00 |  6 -0.01519 -2.21467e+01
  7 -0.12181 -2.20072e+01 |  8 -0.02871 -2.13813e+01 |  9 -0.03532 -3.45185e+00
 10  0.12218 -6.17627e+01 | 11 -0.04231 -1.92010e+01 | 12 -0.00678 -2.83767e+01
 13  0.07930 -5.28788e+01 | 14  0.10074 -2.23699e+00 | 15  0.02553 -2.75547e+01
 16 -0.06237 -2.64388e+01 | 17  0.03453  1.24494e+02 | 18  0.01787  9.48541e+01
 19  0.06932  1.92294e+01 | 20 -0.04768 -2.75514e+01 | 21 -0.12711 -6.28844e+01
 22 -0.04377 -7.18856e+00 | 23  0.03359 -8.95111e+00 | 24  0.02950 -5.08313e+01
 25  0.03524 -5.90791e+00 | 26  0.07457  4.81428e+01 | 27  0.04393  6.39222e+01
 28  0.03796  1.56869e+02 | 29  0.00608 -4.27750e+01 | 30  0.00898 -5.50792e+01
 31  0.02476 -8.86284e+00 | 32  0.07487 -1.79539e+01 | 33  0.02717 -3.70040e+00
 34  0.03698  8.33687e+01 | 35  0.02484  3.45975e+01 | 36 -0.21580 -1.19730e+01

 - final statistics:
36 variables; iteration 56; function evaluation 74
Function value 3.5224e+03; maximum gradient component mag -3.2583e+00
Exit code = 1;  converg criter 1.0000e+01
Var    Value     Gradient |Var    Value     Gradient |Var    Value     Gradient
  1  0.02175 -3.25832e+00 |  2  0.03006 -3.95990e-02 |  3  0.02477 -1.45888e-01
  4 -0.05923 -2.38282e-01 |  5 -0.21186 -3.70955e-02 |  6 -0.00329 -1.26514e-02
  7 -0.11223  4.96234e-02 |  8 -0.02040  7.30540e-02 |  9 -0.04350  9.25157e-02
 10  0.12594  8.92280e-02 | 11 -0.04503  3.80435e-02 | 12 -0.00545  4.58584e-02
 13  0.08457 -1.04432e-01 | 14  0.09816 -9.06031e-02 | 15  0.02818 -4.22053e-02
 16 -0.05677 -2.17383e-02 | 17  0.03353  1.07679e-01 | 18  0.01381  4.87603e-02
 19  0.06914  2.31899e-01 | 20 -0.04540  1.29498e-01 | 21 -0.10806  4.40654e-02
 22 -0.03627 -4.50455e-02 | 23  0.03043 -1.26890e-01 | 24  0.03511 -2.43149e-02
 25  0.03645  7.49521e-03 | 26  0.07346  3.37219e-02 | 27  0.04696 -5.06204e-02
 28  0.03038 -1.16187e-01 | 29  0.00456  3.81352e-02 | 30  0.01470 -4.12812e-02
 31  0.02436 -9.72642e-02 | 32  0.07664 -2.30752e-01 | 33  0.02856  3.28629e-02
 34  0.03311  3.31724e-01 | 35  0.02269  6.36852e-02 | 36 -0.22595  7.45499e-02

Initial statistics: 46 variables; iteration 0; function evaluation 0; phase 2
Function value 3.5223673e+03; maximum gradient component mag 1.0258e+04
Var    Value     Gradient |Var    Value     Gradient |Var    Value     Gradient
  1  0.02175 -3.25832e+00 |  2  0.03006 -4.16226e-02 |  3  0.02477 -1.47912e-01
  4 -0.05923 -2.40299e-01 |  5 -0.21186 -3.90102e-02 |  6 -0.00329 -1.46773e-02
  7 -0.11223  4.76290e-02 |  8 -0.02040  7.10292e-02 |  9 -0.04350  9.04946e-02
 10  0.12594  8.72416e-02 | 11 -0.04503  3.60227e-02 | 12 -0.00545  4.38326e-02
 13  0.08457 -1.06440e-01 | 14  0.09816 -9.26049e-02 | 15  0.02818 -4.42291e-02
 16 -0.05677 -2.37561e-02 | 17  0.03353  1.05656e-01 | 18  0.01381  4.67349e-02
 19  0.06914  2.29886e-01 | 20 -0.04540  1.27478e-01 | 21 -0.10806  4.20687e-02
 22 -0.03627 -4.70681e-02 | 23  0.03043 -1.28913e-01 | 24  0.03511 -2.63376e-02
 25  0.03645  5.47267e-03 | 26  0.07346  3.17095e-02 | 27  0.04696 -5.26407e-02
 28  0.03038 -1.18211e-01 | 29  0.00456  3.61094e-02 | 30  0.01470 -4.33066e-02
 31  0.02436 -9.92886e-02 | 32  0.07664 -2.32763e-01 | 33  0.02856  3.08391e-02
 34  0.03311  3.29701e-01 | 35  0.02269  6.16607e-02 | 36 -0.22595  7.26503e-02
 37  0.29826 -6.08722e+03 | 38  0.33360  1.02579e+04 | 39  0.23825 -1.70559e+03
 40  0.28780  5.07344e+03 | 41 -0.02845  2.80073e+03 | 42 -0.88721 -1.51678e+03
 43 -0.04081  3.64946e+03 | 44 -0.07193  4.18207e+02 | 45 -0.39007 -4.68107e+03
 46 -0.39606 -6.78733e+02 |

Intermediate statistics: 46 variables; iteration 20; function evaluation 29; phase 2
Function value 3.0883384e+03; maximum gradient component mag 7.5788e+03
Var    Value     Gradient |Var    Value     Gradient |Var    Value     Gradient
  1  0.02325 -1.36777e+03 |  2 -0.03269 -8.30932e+01 |  3  0.06358 -1.25271e+01
  4 -0.00481  2.87631e+01 |  5 -0.13758  1.96867e+01 |  6 -0.06966 -8.47000e+01
  7 -0.18665 -2.58708e+00 |  8 -0.14708 -6.10255e+01 |  9  0.00989  6.97386e+00
 10  0.11495 -1.04379e+02 | 11  0.02396  6.88284e+01 | 12 -0.04482 -1.71321e+02
 13  0.06071 -3.38884e+02 | 14  0.08257 -4.15226e+02 | 15  0.03582 -1.41311e+02
 16 -0.00244 -1.12908e+02 | 17 -0.05589 -4.56313e+02 | 18  0.05347  1.34674e+02
 19  0.05585 -7.60765e+01 | 20 -0.06494 -5.88543e+01 | 21 -0.05172  7.50324e+01
 22  0.06952  2.14281e+02 | 23 -0.01088 -2.48857e+02 | 24 -0.04338 -4.09748e+02
 25  0.04985 -3.07506e+01 | 26  0.06685  2.30235e+01 | 27  0.05727  2.82374e+02
 28  0.02275  7.72148e+01 | 29  0.00739  1.75910e+02 | 30  0.04308  5.65146e+02
 31  0.04333  4.20724e+02 | 32  0.07453  2.63384e+02 | 33  0.01383  2.08880e+01
 34  0.01659  2.69275e+01 | 35  0.05512  4.37548e+02 | 36 -0.17192  4.38212e+01
 37  0.29997 -4.68210e+03 | 38  0.30703  7.57880e+03 | 39  0.25874 -6.96209e+02
 40  0.29223  7.29049e+03 | 41 -0.03432  4.07363e+02 | 42 -0.70535 -1.47508e+02
 43 -0.06386  7.24456e+02 | 44 -0.05059 -1.34300e+02 | 45 -0.37993 -9.12556e+02
 46 -0.44127  6.55041e+02 |
46 variables; iteration 40; function evaluation 52; phase 2
Function value 2.7351777e+03; maximum gradient component mag -2.9546e+03
Var    Value     Gradient |Var    Value     Gradient |Var    Value     Gradient
  1  0.02514 -2.95456e+03 |  2  0.07812  2.15684e+02 |  3  0.06954  1.20849e+02
  4  0.02999  1.77813e+02 |  5 -0.18395 -1.60379e+01 |  6 -0.04448  3.55674e+01
  7 -0.17854 -2.44983e+01 |  8 -0.11778 -5.76417e+01 |  9 -0.05831 -2.20666e+02
 10  0.13627  2.86671e+02 | 11 -0.00953  9.03090e+01 | 12  0.00856  7.86696e+01
 13  0.03384 -1.89351e+02 | 14  0.09174 -3.93752e+01 | 15  0.05764 -6.79510e+00
 16 -0.06186 -8.94034e+01 | 17 -0.02566 -2.37713e+02 | 18  0.07665  1.43961e+02
 19  0.01490 -3.62420e+02 | 20 -0.08404 -1.86243e+02 | 21 -0.09141 -9.18268e+01
 22  0.01755  7.76820e+01 | 23 -0.02649 -1.36923e+02 | 24  0.01396 -7.88925e+01
 25  0.04614 -1.20050e+01 | 26  0.05160 -1.83824e+02 | 27  0.06214  1.27237e+02
 28  0.03054  1.45222e+02 | 29  0.01933  1.34776e+02 | 30  0.00131 -1.15867e+02
 31  0.06890  3.58485e+02 | 32  0.08342  1.94620e+02 | 33  0.01492  3.40968e+01
 34  0.00555 -1.38486e+02 | 35  0.04644 -1.49062e+01 | 36 -0.18145  3.31864e+01
 37  0.31210  3.24696e+02 | 38  0.25934  1.43696e+02 | 39  0.26907 -2.15988e+02
 40  0.25911  2.24812e+02 | 41 -0.35245  4.27981e+02 | 42 -0.68517 -4.55825e+02
 43  0.13104  6.56311e+02 | 44  0.16138  5.94160e+01 | 45 -0.38427 -7.66661e+02
 46 -0.47016  1.47503e+02 |
46 variables; iteration 60; function evaluation 77; phase 2
Function value 2.6347789e+03; maximum gradient component mag -1.2642e+02
Var    Value     Gradient |Var    Value     Gradient |Var    Value     Gradient
  1  0.02942 -1.26417e+02 |  2  0.01002  1.62558e+00 |  3  0.05016  1.26287e+00
  4 -0.01857  1.78722e+00 |  5 -0.14425  1.99471e+00 |  6 -0.03141  2.58854e+00
  7 -0.13116  1.47958e+00 |  8 -0.07978  2.86373e+00 |  9  0.00259  3.27006e+00
 10  0.10132  1.23969e+00 | 11 -0.01455  1.10838e+00 | 12 -0.01815  1.45050e+00
 13  0.05202  3.36530e-01 | 14  0.08531 -2.79924e+00 | 15  0.02781 -5.61708e+00
 16 -0.05464 -3.87910e+00 | 17 -0.00073 -5.75263e-01 | 18  0.02847 -5.93539e-01
 19  0.05342  1.99481e+00 | 20 -0.06518 -5.59438e-03 | 21 -0.08234  5.75182e-01
 22 -0.00248  1.46631e+00 | 23  0.00384  5.99683e-01 | 24  0.01156 -2.20445e+00
 25  0.03852 -8.02499e+00 | 26  0.06748 -2.56468e+00 | 27  0.05052 -1.96173e+00
 28  0.02034 -2.08254e+00 | 29  0.00342  3.27416e-01 | 30  0.02677  1.32035e+00
 31  0.03325  2.32808e+00 | 32  0.07380 -7.42999e-02 | 33  0.01421  1.96360e+00
 34  0.02204  1.62033e+00 | 35  0.03881 -2.31024e+00 | 36 -0.17608  2.09977e+00
 37  0.30790 -1.41442e+01 | 38  0.25737 -3.31153e+00 | 39  0.26700  1.35420e-01
 40  0.25691 -3.59249e+00 | 41 -0.40636  3.41922e+00 | 42 -0.61255 -4.56093e+00
 43  0.21503  5.40989e-01 | 44  0.17879  5.40528e+00 | 45 -0.29520  6.51368e-01
 46 -0.55847 -4.35227e+00 |

 - final statistics:
46 variables; iteration 64; function evaluation 81
Function value 2.6348e+03; maximum gradient component mag -6.2698e+00
Exit code = 1;  converg criter 1.0000e+01
Var    Value     Gradient |Var    Value     Gradient |Var    Value     Gradient
  1  0.02946 -6.26976e+00 |  2  0.00989  7.70260e-02 |  3  0.05014  2.13399e-02
  4 -0.01860  3.81690e-02 |  5 -0.14447  7.65299e-02 |  6 -0.03181  6.81410e-02
  7 -0.13151 -6.81065e-03 |  8 -0.08075 -5.12777e-02 |  9  0.00168 -5.50829e-01
 10  0.10160  3.08162e-02 | 11 -0.01439  1.02743e-01 | 12 -0.01808  3.03481e-01
 13  0.05203  6.33549e-01 | 14  0.08531  8.90020e-02 | 15  0.02818  4.03728e-02
 16 -0.05429  9.37882e-02 | 17 -0.00091  5.37956e-02 | 18  0.02895  1.77963e-01
 19  0.05329  6.11727e-02 | 20 -0.06481 -1.97805e-01 | 21 -0.08200 -2.27584e-01
 22 -0.00251 -2.60922e-01 | 23  0.00364 -4.23140e-01 | 24  0.01174 -4.74902e-01
 25  0.03956 -5.62354e-01 | 26  0.06701 -4.23720e-01 | 27  0.05056  1.55413e-01
 28  0.02053  5.87396e-01 | 29  0.00358  2.13305e-01 | 30  0.02684  3.02802e-03
 31  0.03310 -3.74410e-01 | 32  0.07403  1.68534e-01 | 33  0.01409 -6.38144e-02
 34  0.02193  1.71608e-02 | 35  0.03906  5.61441e-01 | 36 -0.17634  1.11255e-01
 37  0.30778  8.35208e-02 | 38  0.25728  3.68796e-01 | 39  0.26693 -5.63621e-02
 40  0.25685 -6.94150e-01 | 41 -0.40574  3.79176e-01 | 42 -0.61253 -5.80444e-01
 43  0.21404 -6.97671e-01 | 44  0.17828  1.37585e+00 | 45 -0.29582  6.25985e-01
 46 -0.55840 -9.43299e-01 |

Initial statistics: 52 variables; iteration 0; function evaluation 0; phase 3
Function value 2.6347661e+03; maximum gradient component mag -2.0707e+03
Var    Value     Gradient |Var    Value     Gradient |Var    Value     Gradient
  1  0.02946 -6.26976e+00 |  2  0.00989  7.49071e-02 |  3  0.05014  1.92273e-02
  4 -0.01860  3.60507e-02 |  5 -0.14447  7.44651e-02 |  6 -0.03181  6.60245e-02
  7 -0.13151 -8.88475e-03 |  8 -0.08075 -5.33798e-02 |  9  0.00168 -5.52948e-01
 10  0.10160  2.87239e-02 | 11 -0.01439  1.00624e-01 | 12 -0.01808  3.01363e-01
 13  0.05203  6.31437e-01 | 14  0.08531  8.69018e-02 | 15  0.02818  3.82557e-02
 16 -0.05429  9.16767e-02 | 17 -0.00091  5.16764e-02 | 18  0.02895  1.75846e-01
 19  0.05329  5.90609e-02 | 20 -0.06481 -1.99913e-01 | 21 -0.08200 -2.29686e-01
 22 -0.00251 -2.63041e-01 | 23  0.00364 -4.25259e-01 | 24  0.01174 -4.77021e-01
 25  0.03956 -5.64469e-01 | 26  0.06701 -4.25827e-01 | 27  0.05056  1.53300e-01
 28  0.02053  5.85278e-01 | 29  0.00358  2.11186e-01 | 30  0.02684  9.10746e-04
 31  0.03310 -3.76526e-01 | 32  0.07403  1.66429e-01 | 33  0.01409 -6.59330e-02
 34  0.02193  1.50429e-02 | 35  0.03906  5.59326e-01 | 36 -0.17634  1.09217e-01
 37  0.30778  8.35208e-02 | 38  0.25728  3.68796e-01 | 39  0.26693 -5.63621e-02
 40  0.25685 -6.94150e-01 | 41 -0.40574  3.79176e-01 | 42 -0.61253 -5.80444e-01
 43  0.81459  3.36583e+02 | 44 -0.28668 -2.07066e+03 | 45  0.12197 -1.16233e+03
 46 -0.32781  9.26719e+02 | 47  0.25270 -4.48396e+02 | 48 -0.33720  6.73382e+02
 49  0.21404 -6.97671e-01 | 50  0.17828  1.37585e+00 | 51 -0.29582  6.25985e-01
 52 -0.55840 -9.43299e-01 |

Intermediate statistics: 52 variables; iteration 20; function evaluation 31; phase 3
Function value 2.1632164e+03; maximum gradient component mag -3.4974e+03
Var    Value     Gradient |Var    Value     Gradient |Var    Value     Gradient
  1  0.02980 -3.49736e+03 |  2  0.00744  3.66928e+01 |  3  0.04728  2.69402e+01
  4 -0.02097  3.75029e+01 |  5 -0.14807  4.11078e+01 |  6 -0.03433  3.04202e+01
  7 -0.13151  4.88050e+01 |  8 -0.07703  5.24190e+01 |  9  0.01104  6.14483e+01
 10  0.11394  9.03150e+01 | 11 -0.02988  4.59022e+01 | 12  0.01290  1.10626e+02
 13  0.04219  1.11968e+02 | 14  0.09197  2.33679e+02 | 15  0.00217  1.12289e+02
 16 -0.02868  1.47021e+02 | 17 -0.00199  1.57748e+02 | 18  0.02781  3.29373e+01
 19  0.03514 -7.41935e+01 | 20 -0.01846  1.08702e+02 | 21 -0.21190 -1.03306e+02
 22 -0.04312  1.82849e+01 | 23  0.05632  5.30972e+01 | 24  0.00513 -5.48019e+01
 25 -0.04099 -1.43607e+02 | 26  0.05411 -1.91811e+02 | 27  0.04565 -5.30663e+01
 28  0.02181 -6.90766e+01 | 29 -0.00671 -5.38102e+01 | 30  0.00169 -1.55886e+02
 31  0.03397 -1.80455e+02 | 32  0.05917 -3.82299e+02 | 33  0.01745 -1.99618e+02
 34  0.00894 -5.69624e+01 | 35  0.03536  4.74063e+01 | 36  0.05663  9.79878e+01
 37  0.28780  6.75321e+02 | 38  0.28197  3.45244e+02 | 39  0.27310  2.17491e+02
 40  0.26237 -8.05917e+02 | 41 -0.41249 -3.58546e+02 | 42 -0.61448  2.80397e+02
 43  0.52755 -5.62905e+01 | 44 -0.21514  2.34042e+02 | 45  0.34704 -1.66901e+02
 46 -0.46696  8.03360e+01 | 47  0.21823 -1.01899e+00 | 48 -0.49159 -5.66981e+02
 49  0.21900  3.37151e+00 | 50  0.17187 -6.33839e+02 | 51 -0.28413  9.24221e+00
 52 -0.56568  2.30180e+02 |
52 variables; iteration 40; function evaluation 58; phase 3
Function value 2.1455708e+03; maximum gradient component mag -2.4531e+03
Var    Value     Gradient |Var    Value     Gradient |Var    Value     Gradient
  1  0.03058 -2.45305e+03 |  2  0.00392  3.08141e+01 |  3  0.04626  2.54408e+01
  4 -0.01531  3.13962e+01 |  5 -0.13773  4.10187e+01 |  6 -0.03981  6.41022e+00
  7 -0.14823  1.89263e+01 |  8 -0.09003  2.45300e+01 |  9  0.01092  5.09828e+01
 10  0.11338  6.27271e+01 | 11 -0.02933  2.51971e+01 | 12  0.00789  6.84605e+01
 13  0.03868  2.40266e+01 | 14  0.07759  3.50080e+01 | 15  0.00441  7.62369e+01
 16 -0.02205  1.08696e+02 | 17 -0.01301  4.90611e+01 | 18  0.02950  5.86099e+01
 19  0.04941  3.76423e+01 | 20 -0.04322  2.41572e+01 | 21 -0.17040 -6.03371e+01
 22 -0.04744 -1.41563e+01 | 23  0.05339  6.63790e+01 | 24 -0.00406 -5.75939e+01
 25 -0.02636 -9.47431e+01 | 26  0.05830 -8.84063e+01 | 27  0.04454  4.74251e+00
 28  0.01755 -2.88803e+01 | 29 -0.00453 -5.76137e+00 | 30  0.00131 -8.43905e+01
 31  0.04449 -1.90589e+01 | 32  0.05651 -2.48619e+02 | 33  0.02107 -1.10663e+02
 34  0.00348 -1.30024e+02 | 35  0.02900 -5.49002e+01 | 36  0.07575  1.01364e+02
 37  0.28913  4.79916e+02 | 38  0.27926 -9.28284e+01 | 39  0.26969  7.86976e+01
 40  0.26291 -2.14229e+02 | 41 -0.55940 -1.49189e+01 | 42 -0.66367  7.17504e+01
 43  0.56013  1.07666e+01 | 44 -0.21410  1.61612e+02 | 45  0.36466 -1.57836e+02
 46 -0.45278  1.97483e+02 | 47  0.22304 -1.62459e+02 | 48 -0.48173 -5.42186e+01
 49  0.26836 -5.72713e+00 | 50  0.26162 -2.54090e+01 | 51 -0.29071 -5.28748e+01
 52 -0.50411  1.17578e+02 |
52 variables; iteration 60; function evaluation 91; phase 3
Function value 2.1086325e+03; maximum gradient component mag 1.3337e+03
Var    Value     Gradient |Var    Value     Gradient |Var    Value     Gradient
  1  0.03239  1.33369e+03 |  2 -0.00037 -3.14246e+01 |  3  0.04343 -3.46174e+01
  4 -0.01617 -1.85029e+01 |  5 -0.14183 -1.86752e+01 |  6 -0.02470 -1.68777e+01
  7 -0.12270 -1.71985e+01 |  8 -0.07722 -2.24263e+01 |  9  0.00941 -1.31018e+01
 10  0.10868 -5.32152e+00 | 11 -0.01964 -5.90041e+00 | 12  0.00061 -1.20011e+01
 13  0.03988 -1.33848e+00 | 14  0.07926  2.38353e+01 | 15 -0.00674  6.53985e+00
 16 -0.02453  1.16780e+01 | 17 -0.01505 -1.25784e+01 | 18  0.02153 -4.72539e+01
 19  0.05515 -5.22295e+00 | 20 -0.05410 -2.81279e+01 | 21 -0.13946 -3.99022e+01
 22 -0.03518 -5.23065e+00 | 23  0.03658 -4.09670e+00 | 24  0.00131  5.95977e+00
 25 -0.01026  1.36453e+01 | 26  0.06655  5.76875e+01 | 27  0.04388  2.64404e+01
 28  0.01721 -3.28593e+00 | 29 -0.00523 -4.88342e+00 | 30  0.01384  1.47767e+01
 31  0.03620  6.21386e-01 | 32  0.08250  9.55483e+01 | 33  0.02964  1.04238e+02
 34 -0.00307  2.87256e+01 | 35  0.03133 -1.25733e+01 | 36 -0.02288 -3.26423e+01
 37  0.27675  3.74277e+02 | 38  0.28933  5.95050e+01 | 39  0.26589 -1.38533e+01
 40  0.25893 -1.16663e+02 | 41 -0.47856 -1.66180e+01 | 42 -0.65617 -3.23268e+01
 43  0.43588 -4.23727e+01 | 44 -0.29741  1.78091e+02 | 45  0.48198  4.28157e+01
 46 -0.42747 -2.07328e+01 | 47  0.22437  7.66012e+01 | 48 -0.47896 -7.81157e+01
 49  0.24273 -6.38871e+00 | 50  0.20950 -2.47914e+01 | 51 -0.26260 -2.35682e+00
 52 -0.52260 -3.08912e+01 |
52 variables; iteration 80; function evaluation 112; phase 3
Function value 2.1004877e+03; maximum gradient component mag -2.2847e-01
Var    Value     Gradient |Var    Value     Gradient |Var    Value     Gradient
  1  0.03241 -2.28468e-01 |  2  0.00314 -6.76641e-03 |  3  0.04549 -8.70098e-03
  4 -0.01686  9.90607e-04 |  5 -0.14151 -3.71789e-04 |  6 -0.02601 -2.85588e-03
  7 -0.12354  3.38178e-03 |  8 -0.07511  3.49525e-03 |  9  0.00821  1.21634e-03
 10  0.10663  2.95556e-03 | 11 -0.02133  3.31587e-03 | 12 -0.00268 -5.72274e-04
 13  0.03836  1.57808e-03 | 14  0.07849  7.21367e-04 | 15 -0.00386  9.48427e-04
 16 -0.03126  6.04783e-04 | 17 -0.01333  5.62385e-04 | 18  0.02753  3.39343e-04
 19  0.05182  8.04698e-04 | 20 -0.04966  2.75899e-03 | 21 -0.13195  3.46734e-03
 22 -0.03913 -1.14942e-03 | 23  0.03737 -1.04836e-03 | 24  0.00134  4.23851e-03
 25 -0.01355 -3.68906e-03 | 26  0.06313  3.03945e-03 | 27  0.04117 -2.71349e-03
 28  0.01820 -6.95590e-03 | 29 -0.00567  7.51038e-04 | 30  0.01046 -2.69794e-04
 31  0.03750 -2.91636e-03 | 32  0.07665 -9.73035e-05 | 33  0.02099  5.05967e-03
 34 -0.00072 -2.51044e-03 | 35  0.03151 -6.78935e-04 | 36 -0.00378  1.22318e-03
 37  0.27434 -1.81997e-03 | 38  0.28528 -1.36086e-02 | 39  0.26654  1.48902e-03
 40  0.26066 -1.18183e-03 | 41 -0.45881  4.86596e-03 | 42 -0.64158 -6.29235e-03
 43  0.40363 -5.67978e-03 | 44 -0.35040  3.21894e-03 | 45  0.44417  4.61532e-04
 46 -0.43658  3.31865e-03 | 47  0.22507 -1.34230e-03 | 48 -0.47763  8.56797e-03
 49  0.23746  3.86165e-03 | 50  0.20143  1.23714e-02 | 51 -0.26783  2.01145e-03
 52 -0.53464 -7.25579e-03 |
52 variables; iteration 100; function evaluation 132; phase 3
Function value 2.1004876e+03; maximum gradient component mag 4.8543e-01
Var    Value     Gradient |Var    Value     Gradient |Var    Value     Gradient
  1  0.03241  4.85426e-01 |  2  0.00315 -1.56578e-02 |  3  0.04549 -1.84975e-02
  4 -0.01686 -1.10233e-02 |  5 -0.14152 -2.09676e-02 |  6 -0.02602 -2.63459e-02
  7 -0.12355 -1.15503e-02 |  8 -0.07512 -9.92235e-03 |  9  0.00821 -8.62934e-03
 10  0.10663  1.51647e-02 | 11 -0.02133  2.26593e-03 | 12 -0.00267  2.05704e-02
 13  0.03837  5.10747e-02 | 14  0.07849  2.64454e-02 | 15 -0.00386 -1.59452e-02
 16 -0.03126 -5.85554e-03 | 17 -0.01333 -3.91173e-02 | 18  0.02753 -4.61468e-02
 19  0.05182 -7.32281e-02 | 20 -0.04966 -6.45162e-02 | 21 -0.13195 -2.21979e-02
 22 -0.03914 -4.72458e-02 | 23  0.03737  1.00775e-02 | 24  0.00135  4.21710e-03
 25 -0.01354  1.96997e-03 | 26  0.06313  1.97150e-02 | 27  0.04117  4.49794e-02
 28  0.01821  6.61587e-02 | 29 -0.00567  4.10834e-02 | 30  0.01046  7.62479e-03
 31  0.03751  6.42965e-02 | 32  0.07665  7.79259e-02 | 33  0.02099  2.97398e-02
 34 -0.00073 -8.09377e-02 | 35  0.03151 -3.95114e-02 | 36 -0.00375  4.69784e-03
 37  0.27434 -1.75951e-02 | 38  0.28529  6.88998e-02 | 39  0.26654  1.35544e-02
 40  0.26066  1.86367e-01 | 41 -0.43622  1.04548e-01 | 42 -0.63117  3.65979e-02
 43  0.40363  5.65716e-03 | 44 -0.35041 -2.76545e-02 | 45  0.44417 -8.93511e-03
 46 -0.43657  8.66539e-03 | 47  0.22506 -4.54631e-02 | 48 -0.47763  1.42593e-02
 49  0.22479  2.11151e-02 | 50  0.18901  1.73042e-01 | 51 -0.27595 -4.02424e-03
 52 -0.54580  3.59291e-02 |
52 variables; iteration 120; function evaluation 155; phase 3
Function value 2.1004874e+03; maximum gradient component mag 1.5470e+00
Var    Value     Gradient |Var    Value     Gradient |Var    Value     Gradient
  1  0.03241  1.54698e+00 |  2  0.00315 -2.09282e-02 |  3  0.04549 -1.52298e-02
  4 -0.01686 -1.40381e-02 |  5 -0.14151 -2.04393e-02 |  6 -0.02601 -1.32052e-02
  7 -0.12353 -2.31840e-02 |  8 -0.07511 -2.07721e-02 |  9  0.00821 -1.42761e-02
 10  0.10663  2.27396e-03 | 11 -0.02133 -1.28191e-02 | 12 -0.00268 -1.29789e-02
 13  0.03836 -1.52355e-02 | 14  0.07849  2.61426e-02 | 15 -0.00386 -9.11771e-03
 16 -0.03126 -1.69917e-02 | 17 -0.01333 -2.50016e-02 | 18  0.02753  9.77870e-03
 19  0.05182  2.33483e-02 | 20 -0.04966 -2.28051e-03 | 21 -0.13195 -1.40779e-02
 22 -0.03913 -1.30094e-03 | 23  0.03737  7.69598e-03 | 24  0.00134 -7.45984e-03
 25 -0.01355 -1.86121e-02 | 26  0.06313  3.39728e-02 | 27  0.04117  6.02567e-02
 28  0.01820  5.07515e-02 | 29 -0.00568  1.42692e-02 | 30  0.01046  1.30785e-02
 31  0.03750  1.26713e-02 | 32  0.07665  3.50920e-02 | 33  0.02099  1.85744e-02
 34 -0.00072  1.70468e-03 | 35  0.03150 -6.23218e-03 | 36 -0.00378 -2.47128e-02
 37  0.27434  1.95013e-01 | 38  0.28528  1.04373e-01 | 39  0.26654  3.90167e-02
 40  0.26066  2.72876e-01 | 41 -0.36444  3.04126e-01 | 42 -0.60238  1.57065e-01
 43  0.40363 -6.22829e-03 | 44 -0.35040 -7.33603e-03 | 45  0.44417 -1.09295e-02
 46 -0.43658 -1.20135e-02 | 47  0.22507  2.02494e-02 | 48 -0.47763 -9.54083e-03
 49  0.18277  5.87672e-02 | 50  0.14769  4.57627e-01 | 51 -0.29973 -2.12286e-02
 52 -0.57953  1.38500e-01 |
52 variables; iteration 140; function evaluation 179; phase 3
Function value 2.1004873e+03; maximum gradient component mag 1.0592e+00
Var    Value     Gradient |Var    Value     Gradient |Var    Value     Gradient
  1  0.03241  1.05924e+00 |  2  0.00315  5.33817e-03 |  3  0.04549  1.40654e-02
  4 -0.01685 -4.99094e-03 |  5 -0.14150 -8.21845e-03 |  6 -0.02600 -1.45409e-03
  7 -0.12353 -1.45984e-02 |  8 -0.07511 -1.56368e-02 |  9  0.00821 -1.24188e-02
 10  0.10663  5.44501e-03 | 11 -0.02133 -1.03023e-02 | 12 -0.00267  5.26587e-04
 13  0.03836 -1.39973e-02 | 14  0.07849  1.00659e-02 | 15 -0.00386 -3.98128e-04
 16 -0.03126  1.48207e-04 | 17 -0.01333 -3.70844e-03 | 18  0.02753  5.49388e-03
 19  0.05182  1.78049e-02 | 20 -0.04966 -8.95769e-03 | 21 -0.13195 -9.46363e-03
 22 -0.03913 -1.36643e-03 | 23  0.03737  3.17910e-02 | 24  0.00134  1.40105e-02
 25 -0.01355  2.49071e-02 | 26  0.06313  5.69018e-02 | 27  0.04117  6.15402e-02
 28  0.01820  6.53571e-02 | 29 -0.00568  1.80054e-02 | 30  0.01046  2.03825e-02
 31  0.03750 -2.05501e-02 | 32  0.07664 -3.08423e-02 | 33  0.02099 -5.46472e-02
 34 -0.00073 -6.40058e-02 | 35  0.03150 -2.98268e-02 | 36 -0.00378 -1.75932e-02
 37  0.27434  1.01308e-01 | 38  0.28528  5.87987e-02 | 39  0.26654  1.44674e-02
 40  0.26066  1.39008e-01 | 41 -0.28618  1.61565e-01 | 42 -0.57661  5.43645e-02
 43  0.40363 -3.84350e-03 | 44 -0.35040 -2.29686e-03 | 45  0.44416 -6.02760e-03
 46 -0.43658  3.04068e-04 | 47  0.22506  2.84751e-02 | 48 -0.47763 -5.48127e-02
 49  0.13435  2.38744e-02 | 50  0.09987  2.37200e-01 | 51 -0.32276 -1.64045e-02
 52 -0.61389  4.61081e-02 |
52 variables; iteration 160; function evaluation 204; phase 3
Function value 2.1004872e+03; maximum gradient component mag 2.6705e-01
Var    Value     Gradient |Var    Value     Gradient |Var    Value     Gradient
  1  0.03241  2.67053e-01 |  2  0.00315  1.44171e-03 |  3  0.04549  3.77551e-03
  4 -0.01686 -6.12643e-04 |  5 -0.14151 -1.85729e-03 |  6 -0.02600  1.16080e-03
  7 -0.12353 -3.65356e-03 |  8 -0.07511 -3.69589e-03 |  9  0.00821 -3.46654e-03
 10  0.10663  1.44173e-03 | 11 -0.02133 -2.58522e-03 | 12 -0.00268  9.70946e-04
 13  0.03836 -3.80532e-03 | 14  0.07849  3.12794e-03 | 15 -0.00386  1.17550e-03
 16 -0.03126  7.26777e-04 | 17 -0.01333  1.17688e-03 | 18  0.02753  1.85680e-03
 19  0.05182  5.22845e-03 | 20 -0.04966 -3.09197e-03 | 21 -0.13195 -2.54626e-03
 22 -0.03913 -2.74780e-03 | 23  0.03737  1.09272e-02 | 24  0.00134  7.00726e-03
 25 -0.01355  9.87114e-03 | 26  0.06313  1.76595e-02 | 27  0.04117  1.94631e-02
 28  0.01820  2.23504e-02 | 29 -0.00568  7.83231e-03 | 30  0.01046  7.22105e-03
 31  0.03750 -8.22102e-03 | 32  0.07664 -1.41136e-02 | 33  0.02099 -2.06824e-02
 34 -0.00073 -2.73457e-02 | 35  0.03150 -1.17933e-02 | 36 -0.00378 -4.92117e-03
 37  0.27434  2.65938e-02 | 38  0.28528  1.20380e-02 | 39  0.26654  3.29194e-03
 40  0.26066  3.26729e-02 | 41 -0.23137  5.36839e-02 | 42 -0.56125 -1.14302e-02
 43  0.40363 -3.13221e-03 | 44 -0.35040  4.73426e-04 | 45  0.44417 -8.97634e-04
 46 -0.43658  2.18785e-03 | 47  0.22507  9.51749e-03 | 48 -0.47763 -2.02299e-02
 49  0.09915  5.86461e-03 | 50  0.06496  7.98705e-02 | 51 -0.33730 -4.30827e-03
 52 -0.63664 -8.27851e-03 |
52 variables; iteration 180; function evaluation 225; phase 3
Function value 2.1004872e+03; maximum gradient component mag 2.6564e-02
Var    Value     Gradient |Var    Value     Gradient |Var    Value     Gradient
  1  0.03241  2.65639e-02 |  2  0.00315  1.83178e-03 |  3  0.04549  2.87526e-03
  4 -0.01686 -1.35864e-03 |  5 -0.14151 -1.20375e-03 |  6 -0.02601 -3.70176e-03
  7 -0.12353  1.51583e-04 |  8 -0.07511 -4.62335e-04 |  9  0.00821 -9.47988e-04
 10  0.10663 -1.07588e-03 | 11 -0.02133 -4.06278e-04 | 12 -0.00268 -1.06605e-03
 13  0.03836 -8.03845e-04 | 14  0.07849 -1.04892e-03 | 15 -0.00386 -1.41707e-04
 16 -0.03126  1.23946e-03 | 17 -0.01333  2.58216e-05 | 18  0.02753 -4.95080e-04
 19  0.05182 -1.89465e-03 | 20 -0.04966 -5.45779e-04 | 21 -0.13195 -2.34752e-04
 22 -0.03913  2.53290e-03 | 23  0.03737  5.25837e-04 | 24  0.00134  1.49119e-03
 25 -0.01355  2.17188e-03 | 26  0.06313  1.10462e-03 | 27  0.04117 -1.42864e-03
 28  0.01820 -1.99696e-03 | 29 -0.00568 -1.48477e-03 | 30  0.01046 -1.28346e-03
 31  0.03750  2.85417e-04 | 32  0.07665  1.04115e-03 | 33  0.02099  8.61741e-05
 34 -0.00072  4.71829e-03 | 35  0.03150  1.45818e-03 | 36 -0.00378 -4.03497e-04
 37  0.27434 -1.31473e-03 | 38  0.28528 -1.66721e-03 | 39  0.26654 -1.96989e-03
 40  0.26066 -3.91705e-03 | 41 -0.20646 -2.27416e-03 | 42 -0.55498 -1.73850e-02
 43  0.40363  5.85675e-05 | 44 -0.35040  4.12517e-05 | 45  0.44417  6.42974e-05
 46 -0.43658 -4.99123e-04 | 47  0.22507  1.56099e-03 | 48 -0.47763 -4.06341e-03
 49  0.08286 -2.99601e-04 | 50  0.04878 -9.07552e-04 | 51 -0.34342 -1.42879e-03
 52 -0.64652 -1.38604e-02 |
52 variables; iteration 200; function evaluation 247; phase 3
Function value 2.1004872e+03; maximum gradient component mag 1.0053e+00
Var    Value     Gradient |Var    Value     Gradient |Var    Value     Gradient
  1  0.03241  1.00533e+00 |  2  0.00315 -6.67415e-03 |  3  0.04549 -1.17809e-03
  4 -0.01686 -1.26210e-02 |  5 -0.14151 -1.42135e-02 |  6 -0.02601 -1.66042e-02
  7 -0.12353 -1.35464e-02 |  8 -0.07511 -1.38918e-02 |  9  0.00821 -1.10727e-02
 10  0.10663 -3.66853e-03 | 11 -0.02133 -9.36019e-03 | 12 -0.00268 -8.89876e-03
 13  0.03836 -4.14990e-03 | 14  0.07849  1.54427e-02 | 15 -0.00386  2.41172e-03
 16 -0.03126  4.06163e-03 | 17 -0.01333 -4.12803e-03 | 18  0.02753  1.19505e-03
 19  0.05182  4.26284e-03 | 20 -0.04966 -1.17413e-03 | 21 -0.13195 -4.57757e-03
 22 -0.03913  5.69333e-03 | 23  0.03737  3.68134e-03 | 24  0.00134 -2.74886e-03
 25 -0.01355 -6.29162e-03 | 26  0.06313  1.21865e-02 | 27  0.04117  2.39254e-02
 28  0.01820  2.03645e-02 | 29 -0.00568  4.01246e-03 | 30  0.01046  1.64890e-03
 31  0.03750  5.93994e-03 | 32  0.07665  2.01449e-02 | 33  0.02099  1.12408e-02
 34 -0.00072  1.64051e-02 | 35  0.03150  7.22004e-04 | 36 -0.00377 -1.90692e-02
 37  0.27434  5.17107e-02 | 38  0.28528  3.67073e-02 | 39  0.26654  1.16948e-02
 40  0.26066  7.51736e-02 | 41 -0.15129  3.49324e-01 | 42 -0.54927 -3.95164e-01
 43  0.40363 -2.20767e-03 | 44 -0.35040 -1.17886e-03 | 45  0.44417 -3.97544e-03
 46 -0.43658 -8.57371e-03 | 47  0.22507  5.30523e-03 | 48 -0.47763 -3.38786e-03
 49  0.04624  2.76894e-02 | 50  0.01230  4.96374e-01 | 51 -0.34910 -2.05627e-02
 52 -0.65583 -2.30050e-01 |
52 variables; iteration 220; function evaluation 270; phase 3
Function value 2.1004870e+03; maximum gradient component mag -7.7902e-01
Var    Value     Gradient |Var    Value     Gradient |Var    Value     Gradient
  1  0.03241 -7.79023e-01 |  2  0.00314 -8.44488e-03 |  3  0.04549 -1.44219e-02
  4 -0.01686  3.24003e-03 |  5 -0.14152  2.09683e-03 |  6 -0.02601 -5.46508e-03
  7 -0.12354  1.29147e-02 |  8 -0.07511  1.29631e-02 |  9  0.00821  5.02207e-03
 10  0.10663 -8.66830e-04 | 11 -0.02133  8.02665e-03 | 12 -0.00268 -2.10380e-03
 13  0.03837 -2.17175e-03 | 14  0.07849 -8.10754e-03 | 15 -0.00386 -8.25567e-03
 16 -0.03126 -1.36201e-02 | 17 -0.01333 -8.13856e-03 | 18  0.02753  3.70073e-03
 19  0.05182 -5.15485e-04 | 20 -0.04966  5.00774e-03 | 21 -0.13195  3.98433e-03
 22 -0.03913 -1.15877e-02 | 23  0.03737 -8.61879e-04 | 24  0.00135  1.79293e-02
 25 -0.01355  5.23062e-03 | 26  0.06313  6.97778e-03 | 27  0.04117 -7.32367e-03
 28  0.01820 -1.42031e-02 | 29 -0.00567  3.58437e-03 | 30  0.01046 -4.34933e-03
 31  0.03750  8.35914e-04 | 32  0.07665 -2.33841e-03 | 33  0.02099  7.63481e-03
 34 -0.00072 -6.50500e-03 | 35  0.03151  2.08537e-03 | 36 -0.00378  1.45053e-02
 37  0.27434  2.99794e-02 | 38  0.28528 -6.93548e-03 | 39  0.26654 -3.69566e-03
 40  0.26066  3.55546e-03 | 41 -0.06832 -2.82924e-01 | 42 -0.56856  4.88880e-01
 43  0.40363 -2.18615e-03 | 44 -0.35040  9.31564e-06 | 45  0.44417  1.23948e-03
 46 -0.43657  1.43487e-02 | 47  0.22507  9.32913e-03 | 48 -0.47763 -2.08120e-02
 49 -0.00995 -1.27772e-02 | 50 -0.04389 -3.99947e-01 | 51 -0.33030  2.33026e-02
 52 -0.62557  3.11482e-01 |
52 variables; iteration 240; function evaluation 295; phase 3
Function value 2.1004869e+03; maximum gradient component mag 1.0083e-01
Var    Value     Gradient |Var    Value     Gradient |Var    Value     Gradient
  1  0.03241 -8.92228e-02 |  2  0.00315  1.67100e-03 |  3  0.04549  1.81716e-03
  4 -0.01686  4.84560e-04 |  5 -0.14151  1.19662e-03 |  6 -0.02601 -2.88269e-05
  7 -0.12353  1.41948e-03 |  8 -0.07511  1.02740e-03 |  9  0.00821  5.84013e-04
 10  0.10663 -1.18521e-03 | 11 -0.02133  3.08166e-04 | 12 -0.00268  1.93553e-04
 13  0.03836 -1.22533e-03 | 14  0.07849 -2.62416e-03 | 15 -0.00386 -1.77423e-03
 16 -0.03126 -1.48585e-03 | 17 -0.01333 -9.06723e-04 | 18  0.02753 -9.39143e-05
 19  0.05182  9.20884e-05 | 20 -0.04966 -4.84834e-04 | 21 -0.13195 -5.50230e-04
 22 -0.03913 -6.10903e-04 | 23  0.03737 -5.54062e-04 | 24  0.00134 -2.04286e-04
 25 -0.01355  2.64969e-05 | 26  0.06313 -1.56575e-03 | 27  0.04117 -3.00735e-04
 28  0.01820 -6.00492e-04 | 29 -0.00568  2.02907e-04 | 30  0.01046  3.59958e-04
 31  0.03750  3.69938e-04 | 32  0.07665  2.69342e-04 | 33  0.02099 -2.41072e-04
 34 -0.00072  1.32490e-03 | 35  0.03150  1.23940e-03 | 36 -0.00378  2.26238e-03
 37  0.27434  4.84492e-03 | 38  0.28528 -2.94371e-03 | 39  0.26654  3.54796e-04
 40  0.26066  4.80189e-03 | 41 -0.01601 -6.08901e-02 | 42 -0.58938  1.00828e-01
 43  0.40363  2.06544e-05 | 44 -0.35040 -2.30952e-04 | 45  0.44417  6.19453e-04
 46 -0.43658 -1.10839e-03 | 47  0.22507  1.80900e-03 | 48 -0.47763 -1.85377e-03
 49 -0.04587 -4.45206e-03 | 50 -0.07994 -8.39775e-02 | 51 -0.31114  3.41604e-03
 52 -0.59633  7.11516e-02 |
52 variables; iteration 260; function evaluation 322; phase 3
Function value 2.1004869e+03; maximum gradient component mag -1.3081e-01
Var    Value     Gradient |Var    Value     Gradient |Var    Value     Gradient
  1  0.03241 -1.30812e-01 |  2  0.00315  3.73298e-03 |  3  0.04549  3.99850e-03
  4 -0.01686  8.31271e-04 |  5 -0.14151  1.64646e-03 |  6 -0.02601 -3.59125e-04
  7 -0.12353  2.05861e-03 |  8 -0.07511  1.52530e-03 |  9  0.00821  1.01434e-03
 10  0.10663 -9.18882e-04 | 11 -0.02133  7.25822e-04 | 12 -0.00268  3.10384e-04
 13  0.03836 -1.04726e-03 | 14  0.07849 -4.47379e-03 | 15 -0.00386 -1.81174e-03
 16 -0.03126 -1.01043e-03 | 17 -0.01333 -1.04155e-03 | 18  0.02753 -4.91179e-04
 19  0.05182 -1.67961e-03 | 20 -0.04966 -5.94813e-04 | 21 -0.13195 -6.04571e-04
 22 -0.03913  1.38133e-03 | 23  0.03737 -1.85763e-03 | 24  0.00134 -1.77719e-03
 25 -0.01355  2.69682e-04 | 26  0.06313 -3.36250e-03 | 27  0.04117 -3.72864e-03
 28  0.01820 -4.07581e-03 | 29 -0.00568 -2.27166e-03 | 30  0.01046 -1.06385e-03
 31  0.03750  7.38449e-04 | 32  0.07665  9.45437e-04 | 33  0.02099  2.84076e-04
 34 -0.00072  6.31605e-03 | 35  0.03150  3.10153e-03 | 36 -0.00378  3.32866e-03
 37  0.27434 -3.96667e-03 | 38  0.28528 -3.95835e-03 | 39  0.26654 -1.44480e-03
 40  0.26066 -3.60649e-03 | 41  0.01786 -8.64728e-02 | 42 -0.60364  1.12518e-01
 43  0.40363  9.56538e-04 | 44 -0.35040 -5.03091e-04 | 45  0.44417  4.88744e-04
 46 -0.43658 -1.56207e-03 | 47  0.22507 -9.89147e-05 | 48 -0.47763  7.39118e-04
 49 -0.06925 -5.58947e-03 | 50 -0.10347 -1.19604e-01 | 51 -0.29866  3.48550e-03
 52 -0.57798  8.64610e-02 |
52 variables; iteration 280; function evaluation 344; phase 3
Function value 2.1004869e+03; maximum gradient component mag -1.1355e-01
Var    Value     Gradient |Var    Value     Gradient |Var    Value     Gradient
  1  0.03241 -1.13555e-01 |  2  0.00315  7.64886e-04 |  3  0.04549  7.93539e-05
  4 -0.01686  1.37218e-03 |  5 -0.14151  1.59371e-03 |  6 -0.02601  1.78771e-03
  7 -0.12353  1.56748e-03 |  8 -0.07511  1.57131e-03 |  9  0.00821  1.21258e-03
 10  0.10663  3.01550e-04 | 11 -0.02133  1.08824e-03 | 12 -0.00268  1.05904e-03
 13  0.03836  8.64506e-04 | 14  0.07849 -1.76437e-03 | 15 -0.00386  1.28387e-04
 16 -0.03126  1.66928e-05 | 17 -0.01333  9.81404e-04 | 18  0.02753 -2.00462e-04
 19  0.05182 -8.88726e-04 | 20 -0.04966  6.68113e-05 | 21 -0.13195  7.24829e-04
 22 -0.03913 -5.14033e-04 | 23  0.03737 -4.01283e-04 | 24  0.00134  4.53359e-04
 25 -0.01355  8.42830e-04 | 26  0.06313 -1.52889e-03 | 27  0.04117 -2.99043e-03
 28  0.01820 -2.37919e-03 | 29 -0.00568 -4.26394e-04 | 30  0.01046 -3.22636e-04
 31  0.03750 -8.67393e-04 | 32  0.07665 -2.62070e-03 | 33  0.02099 -1.48866e-03
 34 -0.00072 -1.85026e-03 | 35  0.03150 -6.50144e-05 | 36 -0.00378  1.98922e-03
 37  0.27434 -8.89936e-03 | 38  0.28528 -5.14865e-03 | 39  0.26654 -1.69055e-03
 40  0.26066 -1.19910e-02 | 41  0.03194 -3.40799e-02 | 42 -0.61021  2.28562e-02
 43  0.40363  3.34047e-04 | 44 -0.35040  2.53323e-04 | 45  0.44417  5.44705e-04
 46 -0.43658  1.11846e-03 | 47  0.22507 -9.86132e-04 | 48 -0.47763  7.48520e-04
 49 -0.07898 -3.48389e-03 | 50 -0.11328 -4.65738e-02 | 51 -0.29307  2.23989e-03
 52 -0.56993  1.60840e-02 |
52 variables; iteration 300; function evaluation 370; phase 3
Function value 2.1004869e+03; maximum gradient component mag 2.9481e-01
Var    Value     Gradient |Var    Value     Gradient |Var    Value     Gradient
  1  0.03241 -5.98065e-02 |  2  0.00315  2.89767e-03 |  3  0.04549  3.13577e-03
  4 -0.01686 -1.23402e-03 |  5 -0.14151 -9.41430e-05 |  6 -0.02601 -3.51101e-03
  7 -0.12353  9.47971e-04 |  8 -0.07511  3.23000e-04 |  9  0.00821 -8.38242e-04
 10  0.10663 -3.48538e-03 | 11 -0.02133 -1.23646e-03 | 12 -0.00268 -1.56118e-03
 13  0.03836 -4.93795e-03 | 14  0.07849 -3.60425e-03 | 15 -0.00386 -5.93802e-03
 16 -0.03126 -6.39910e-03 | 17 -0.01333 -7.78615e-03 | 18  0.02753  1.02383e-03
 19  0.05182  2.26897e-03 | 20 -0.04966 -5.13035e-04 | 21 -0.13195 -3.28928e-03
 22 -0.03913  1.34899e-03 | 23  0.03737 -1.58235e-03 | 24  0.00134 -3.13793e-03
 25 -0.01355 -1.71520e-03 | 26  0.06313  1.20165e-03 | 27  0.04117  3.38993e-03
 28  0.01820  8.92485e-05 | 29 -0.00568 -1.79408e-03 | 30  0.01046  5.02653e-04
 31  0.03750  4.01120e-03 | 32  0.07665  7.91982e-03 | 33  0.02099  4.58598e-03
 34 -0.00072  9.75569e-03 | 35  0.03150  4.50914e-03 | 36 -0.00378  3.66829e-03
 37  0.27434  3.42601e-02 | 38  0.28528  1.32099e-02 | 39  0.26654  4.29556e-03
 40  0.26066  4.79615e-02 | 41  0.00918 -1.37972e-01 | 42 -0.62715  2.94806e-01
 43  0.40363  2.80585e-04 | 44 -0.35040 -2.36224e-03 | 45  0.44417 -1.32750e-03
 46 -0.43658 -3.86695e-03 | 47  0.22507  4.80188e-03 | 48 -0.47763 -3.81507e-03
 49 -0.06325 -1.03089e-02 | 50 -0.09742 -1.88983e-01 | 51 -0.27914  1.21371e-02
 52 -0.55025  2.54584e-01 |
52 variables; iteration 320; function evaluation 393; phase 3
Function value 2.1004869e+03; maximum gradient component mag -8.3595e-04
Var    Value     Gradient |Var    Value     Gradient |Var    Value     Gradient
  1  0.03241  5.43270e-04 |  2  0.00315 -8.92329e-06 |  3  0.04549 -8.47000e-06
  4 -0.01686 -5.17905e-06 |  5 -0.14151 -6.95865e-06 |  6 -0.02601 -2.53823e-06
  7 -0.12353 -7.58809e-06 |  8 -0.07511 -6.66882e-06 |  9  0.00821 -4.77303e-06
 10  0.10663  9.40549e-07 | 11 -0.02133 -2.85461e-06 | 12 -0.00268 -6.05767e-07
 13  0.03836  1.11339e-05 | 14  0.07849  1.53566e-05 | 15 -0.00386  1.57245e-05
 16 -0.03126  1.72980e-05 | 17 -0.01333  1.61677e-05 | 18  0.02753 -1.92389e-06
 19  0.05182 -4.22616e-06 | 20 -0.04966  1.35936e-06 | 21 -0.13195  6.17715e-06
 22 -0.03913  1.56234e-06 | 23  0.03737  5.60642e-06 | 24  0.00134  7.64224e-06
 25 -0.01355  2.99278e-06 | 26  0.06313  4.26486e-06 | 27  0.04117  2.57169e-07
 28  0.01820  6.08482e-06 | 29 -0.00568  4.47697e-06 | 30  0.01046 -1.58862e-06
 31  0.03750 -5.47724e-06 | 32  0.07665 -8.23963e-06 | 33  0.02099 -3.48145e-06
 34 -0.00072 -1.32053e-05 | 35  0.03150 -9.06372e-06 | 36 -0.00378 -1.64411e-05
 37  0.27434 -5.84047e-05 | 38  0.28528 -1.32014e-05 | 39  0.26654 -5.82532e-06
 40  0.26066 -7.75327e-05 | 41 -0.05093  4.65705e-04 | 42 -0.63867 -8.35945e-04
 43  0.40363 -1.43208e-06 | 44 -0.35040  4.79658e-06 | 45  0.44417  1.11760e-06
 46 -0.43658  5.29492e-06 | 47  0.22507 -8.21639e-06 | 48 -0.47763  4.63676e-06
 49 -0.02186  1.63862e-05 | 50 -0.05583  6.42927e-04 | 51 -0.27008 -2.41514e-05
 52 -0.53771 -7.03655e-04 |
52 variables; iteration 340; function evaluation 414; phase 3
Function value 2.1004869e+03; maximum gradient component mag -6.7342e-03
Var    Value     Gradient |Var    Value     Gradient |Var    Value     Gradient
  1  0.03241 -6.73424e-03 |  2  0.00315 -5.19700e-05 |  3  0.04549 -1.22303e-04
  4 -0.01686  1.05482e-04 |  5 -0.14151  8.76568e-05 |  6 -0.02601  1.62725e-04
  7 -0.12353  7.72071e-05 |  8 -0.07511  9.65577e-05 |  9  0.00821  8.23751e-05
 10  0.10663  8.37514e-05 | 11 -0.02133  7.42764e-05 | 12 -0.00268  7.88708e-05
 13  0.03836  5.44435e-05 | 14  0.07849 -1.33717e-05 | 15 -0.00386 -1.85395e-05
 16 -0.03126 -5.20071e-05 | 17 -0.01333  5.50735e-07 | 18  0.02753  2.45917e-06
 19  0.05182  2.33864e-05 | 20 -0.04966  5.07371e-05 | 21 -0.13195  6.97324e-05
 22 -0.03913 -3.15168e-05 | 23  0.03737  5.20348e-05 | 24  0.00134  1.26866e-04
 25 -0.01355  1.12159e-04 | 26  0.06313  6.06034e-05 | 27  0.04117 -2.35237e-04
 28  0.01820 -2.28802e-04 | 29 -0.00568 -6.21270e-05 | 30  0.01046 -3.32823e-06
 31  0.03750 -4.18004e-05 | 32  0.07665 -1.87569e-04 | 33  0.02099 -7.57475e-05
 34 -0.00072 -3.58162e-04 | 35  0.03150 -9.81453e-05 | 36 -0.00378  1.14002e-04
 37  0.27434 -2.50585e-04 | 38  0.28528 -1.74954e-04 | 39  0.26654 -1.15033e-04
 40  0.26066 -4.78867e-04 | 41 -0.05230 -1.42967e-03 | 42 -0.63745  1.18600e-03
 43  0.40363  4.08349e-06 | 44 -0.35040  1.22246e-05 | 45  0.44417  7.53025e-07
 46 -0.43658  1.54109e-04 | 47  0.22507  7.05455e-06 | 48 -0.47763 -1.12078e-04
 49 -0.02092 -1.12738e-04 | 50 -0.05489 -1.96485e-03 | 51 -0.27102  1.26348e-04
 52 -0.53901  1.02299e-03 |

 - final statistics:
52 variables; iteration 346; function evaluation 422
Function value 2.1005e+03; maximum gradient component mag 8.1154e-05
Exit code = 1;  converg criter 1.0000e-04
Var    Value     Gradient |Var    Value     Gradient |Var    Value     Gradient
  1  0.03241  8.11543e-05 |  2  0.00315  1.14389e-06 |  3  0.04549  1.95060e-06
  4 -0.01686 -7.90969e-07 |  5 -0.14151  2.31004e-07 |  6 -0.02601  4.28786e-07
  7 -0.12353 -8.17458e-07 |  8 -0.07511 -1.01574e-06 |  9  0.00821 -7.04506e-07
 10  0.10663 -2.37833e-06 | 11 -0.02133 -9.10741e-07 | 12 -0.00268 -4.07920e-07
 13  0.03836  4.35080e-08 | 14  0.07849 -1.23751e-06 | 15 -0.00386  2.15335e-06
 16 -0.03126  1.40702e-06 | 17 -0.01333  3.33457e-06 | 18  0.02753  3.84922e-07
 19  0.05182 -4.36145e-07 | 20 -0.04966 -2.60151e-06 | 21 -0.13195 -1.84338e-06
 22 -0.03913 -4.60727e-06 | 23  0.03737 -3.02376e-06 | 24  0.00134 -5.82912e-06
 25 -0.01355 -6.15804e-06 | 26  0.06313 -6.17056e-06 | 27  0.04117  1.14565e-05
 28  0.01820  1.39293e-05 | 29 -0.00568  7.15592e-06 | 30  0.01046  2.38812e-06
 31  0.03750 -1.80525e-06 | 32  0.07665 -2.21439e-07 | 33  0.02099 -2.39664e-06
 34 -0.00072  3.51507e-06 | 35  0.03150  1.32261e-06 | 36 -0.00378 -1.66341e-06
 37  0.27434 -6.50600e-07 | 38  0.28528 -8.46469e-07 | 39  0.26654  5.91469e-06
 40  0.26066  6.27320e-06 | 41 -0.05218  9.21839e-06 | 42 -0.63736 -2.50069e-06
 43  0.40363 -5.71877e-07 | 44 -0.35040  3.11920e-07 | 45  0.44417  1.42193e-06
 46 -0.43658 -3.95469e-06 | 47  0.22507 -3.29936e-06 | 48 -0.47763  1.04309e-05
 49 -0.02100 -8.41941e-07 | 50 -0.05497  1.42275e-05 | 51 -0.27109  4.25414e-07
 52 -0.53911 -2.66442e-06 |
Estimating row 1 out of 52 for hessian
Estimating row 2 out of 52 for hessian
Estimating row 3 out of 52 for hessian
Estimating row 4 out of 52 for hessian
Estimating row 5 out of 52 for hessian
Estimating row 6 out of 52 for hessian
Estimating row 7 out of 52 for hessian
Estimating row 8 out of 52 for hessian
Estimating row 9 out of 52 for hessian
Estimating row 10 out of 52 for hessian
Estimating row 11 out of 52 for hessian
Estimating row 12 out of 52 for hessian
Estimating row 13 out of 52 for hessian
Estimating row 14 out of 52 for hessian
Estimating row 15 out of 52 for hessian
Estimating row 16 out of 52 for hessian
Estimating row 17 out of 52 for hessian
Estimating row 18 out of 52 for hessian
Estimating row 19 out of 52 for hessian
Estimating row 20 out of 52 for hessian
Estimating row 21 out of 52 for hessian
Estimating row 22 out of 52 for hessian
Estimating row 23 out of 52 for hessian
Estimating row 24 out of 52 for hessian
Estimating row 25 out of 52 for hessian
Estimating row 26 out of 52 for hessian
Estimating row 27 out of 52 for hessian
Estimating row 28 out of 52 for hessian
Estimating row 29 out of 52 for hessian
Estimating row 30 out of 52 for hessian
Estimating row 31 out of 52 for hessian
Estimating row 32 out of 52 for hessian
Estimating row 33 out of 52 for hessian
Estimating row 34 out of 52 for hessian
Estimating row 35 out of 52 for hessian
Estimating row 36 out of 52 for hessian
Estimating row 37 out of 52 for hessian
Estimating row 38 out of 52 for hessian
Estimating row 39 out of 52 for hessian
Estimating row 40 out of 52 for hessian
Estimating row 41 out of 52 for hessian
Estimating row 42 out of 52 for hessian
Estimating row 43 out of 52 for hessian
Estimating row 44 out of 52 for hessian
Estimating row 45 out of 52 for hessian
Estimating row 46 out of 52 for hessian
Estimating row 47 out of 52 for hessian
Estimating row 48 out of 52 for hessian
Estimating row 49 out of 52 for hessian
Estimating row 50 out of 52 for hessian
Estimating row 51 out of 52 for hessian
Estimating row 52 out of 52 for hessian
size of file gradfil1.tmp = 0
size of file gradfil2.tmp = 0
size of file varssave.tmp = 0
size of file cmpdiff.tmp = 0
