
Initial statistics: 36 variables; iteration 0; function evaluation 0; phase 1
Function value 8.9530405e+03; maximum gradient component mag -7.0752e+03
Var    Value     Gradient |Var    Value     Gradient |Var    Value     Gradient
  1  0.04976 -7.07516e+03 |  2  0.04215  1.66414e+02 |  3  0.03852  4.84029e+01
  4  0.01805  1.47592e+02 |  5 -0.12813  8.78503e+01 |  6 -0.03697  1.98316e+01
  7 -0.10230  1.17280e+02 |  8 -0.08210  6.45505e+01 |  9  0.00785  1.09031e+01
 10  0.07736 -2.84062e+02 | 11 -0.00561  3.16205e+01 | 12 -0.01790 -9.81687e+01
 13  0.07274 -7.33965e+01 | 14  0.13001  6.23321e+01 | 15 -0.02137 -3.08991e+01
 16 -0.02033  1.72052e+02 | 17  0.01855 -1.45013e+02 | 18  0.02552 -3.58097e+01
 19  0.01246 -5.02860e+02 | 20 -0.00565  4.96514e+02 | 21 -0.11869 -5.42336e+01
 22 -0.06853  4.25240e+02 | 23  0.05196  4.82328e+02 | 24 -0.00240 -1.53717e+02
 25 -0.00028 -1.51833e+02 | 26  0.09746  1.79311e+02 | 27  0.05828  1.14479e+02
 28 -0.00788  1.68841e+02 | 29 -0.04641  5.22954e+01 | 30 -0.00273  2.95001e+01
 31  0.03445 -1.75508e+02 | 32  0.03464 -6.12107e+02 | 33  0.03394 -3.78848e+02
 34 -0.05461 -5.67175e+02 | 35 -0.03039 -6.28254e+02 | 36 -0.00229  1.01014e+03

Intermediate statistics: 36 variables; iteration 20; function evaluation 32; phase 1
Function value 8.1738047e+03; maximum gradient component mag 7.3190e+03
Var    Value     Gradient |Var    Value     Gradient |Var    Value     Gradient
  1  0.05003  7.31897e+03 |  2  0.02014 -2.34266e+01 |  3  0.09719  2.99729e+01
  4  0.01072 -9.32528e+01 |  5 -0.08966 -3.54769e+01 |  6  0.02601 -6.66793e+01
  7 -0.04055 -7.84632e+00 |  8 -0.01188 -2.24876e+01 |  9  0.05554 -3.00933e+01
 10  0.13553 -1.27669e+02 | 11  0.04991  5.49577e+00 | 12  0.05240 -1.27923e+02
 13  0.15699  1.04584e+02 | 14  0.13688  4.10367e+01 | 15  0.02538 -7.41155e+01
 16 -0.08425 -2.10327e+01 | 17  0.11580  1.20523e+02 | 18  0.02480  1.39755e+01
 19  0.18273 -2.79073e+01 | 20 -0.31285  6.89344e+01 | 21  0.04980  3.84968e+01
 22 -0.16900  6.15969e+01 | 23 -0.22976  1.69609e+02 | 24  0.17223  7.88750e+01
 25  0.13270  2.36986e+01 | 26  0.02940  3.56433e+02 | 27  0.07995  2.81755e+02
 28 -0.05675  1.93769e+02 | 29  0.03873  1.08923e+02 | 30 -0.01425  1.87146e+02
 31 -0.12117  1.52678e+02 | 32  0.16420  2.27475e+02 | 33 -0.07659  2.05237e+02
 34  0.07355  2.08001e+02 | 35  0.01637  6.59729e+00 | 36 -0.74314  5.80354e+01
36 variables; iteration 40; function evaluation 63; phase 1
Function value 8.0351534e+03; maximum gradient component mag 4.8393e+03
Var    Value     Gradient |Var    Value     Gradient |Var    Value     Gradient
  1  0.03526  4.83934e+03 |  2  0.00940  1.59653e+01 |  3  0.07139 -1.98347e+01
  4  0.02353  3.62486e+01 |  5 -0.07562  9.26880e+01 |  6  0.04750  1.05696e+02
  7 -0.08182  1.51672e+01 |  8 -0.02437  5.83593e+01 |  9  0.04914  3.15165e+01
 10  0.21491  1.16064e+02 | 11  0.07801  6.63005e+01 | 12  0.12945  5.39716e+01
 13  0.15913  9.00981e+01 | 14  0.16552  1.01904e+02 | 15  0.07994  7.08102e+01
 16 -0.06392  4.98654e+01 | 17  0.09789  6.73293e+01 | 18  0.03469  9.82420e+01
 19  0.26099  3.04209e+02 | 20 -0.49508  4.54907e+01 | 21  0.09551  1.62702e+02
 22 -0.17195  9.34381e+01 | 23 -0.35102  1.52560e+02 | 24  0.21091  1.19487e+02
 25  0.21575  1.71569e+02 | 26 -0.04844  2.87444e+02 | 27  0.07618  2.08120e+02
 28 -0.11035  2.28649e+02 | 29  0.14623  1.67577e+02 | 30 -0.11998  2.00268e+02
 31 -0.14465  1.84968e+02 | 32  0.20007  1.12008e+02 | 33 -0.13043  1.74537e+02
 34  0.08317  1.48879e+02 | 35  0.07837  2.56881e+02 | 36 -1.10577 -2.58119e+01
36 variables; iteration 60; function evaluation 85; phase 1
Function value 7.8422803e+03; maximum gradient component mag -4.1853e+01
Var    Value     Gradient |Var    Value     Gradient |Var    Value     Gradient
  1  0.00084 -4.18525e+01 |  2  0.09908 -1.74276e+00 |  3  0.15847 -2.32440e+00
  4  0.08718 -2.53801e+00 |  5 -0.04095  9.77857e-01 |  6  0.08487 -3.31653e+00
  7 -0.01539 -2.95703e+00 |  8  0.02725 -2.16036e+00 |  9  0.12353 -1.52720e+00
 10  0.26114 -3.43227e+00 | 11  0.12656 -2.25093e+00 | 12  0.18826 -2.88446e+00
 13  0.21179 -2.05533e+00 | 14  0.21627  3.76286e-01 | 15  0.12865 -3.04738e+00
 16  0.00052 -8.27346e-01 | 17  0.16754 -1.54879e+00 | 18  0.08564 -5.81382e-01
 19  0.29331 -2.72881e+00 | 20 -0.46134 -4.21394e+00 | 21  0.15798 -4.35017e-01
 22 -0.06359 -1.10186e+00 | 23 -1.09703  2.74632e+00 | 24  0.29402 -5.84321e-01
 25  0.28513  2.21169e+00 | 26 -0.51028 -2.12059e+00 | 27  0.17864 -3.06408e+00
 28 -0.68221 -5.13887e+00 | 29  0.23783 -1.38216e+01 | 30 -0.55636 -3.15098e+00
 31 -0.16096 -8.19612e+00 | 32  0.28627  1.52460e+00 | 33 -0.44801  4.70604e+00
 34  0.16408  2.75575e+00 | 35  0.09469 -2.42837e+00 | 36 -0.99461  4.97635e-01

 - final statistics:
36 variables; iteration 75; function evaluation 100
Function value 7.8419e+03; maximum gradient component mag -3.9433e+00
Exit code = 1;  converg criter 1.0000e+01
Var    Value     Gradient |Var    Value     Gradient |Var    Value     Gradient
  1  0.00106 -2.17795e+00 |  2  0.09834 -5.68264e-01 |  3  0.15810 -5.51963e-01
  4  0.08680 -5.99887e-01 |  5 -0.04337 -5.51039e-01 |  6  0.08557 -7.80924e-01
  7 -0.01455 -6.72849e-01 |  8  0.02750 -6.91136e-01 |  9  0.12302 -7.41148e-01
 10  0.26122 -9.09046e-01 | 11  0.12659 -6.62569e-01 | 12  0.18858 -3.90767e-01
 13  0.21147 -7.48442e-01 | 14  0.21531 -3.64028e-01 | 15  0.12869 -7.82197e-01
 16 -0.00045 -5.16986e-01 | 17  0.16694 -7.41018e-01 | 18  0.08426 -7.09192e-01
 19  0.29366  1.16514e+00 | 20 -0.45129  2.92322e-02 | 21  0.15749  2.32779e+00
 22 -0.06439  6.10333e-01 | 23 -1.17467  2.31964e+00 | 24  0.29307  5.32664e-01
 25  0.28393 -2.30839e-01 | 26 -0.50773 -2.90634e-01 | 27  0.17845 -5.14341e-01
 28 -0.64702 -6.29002e-01 | 29  0.23813  2.19847e+00 | 30 -0.55158 -9.63253e-01
 31 -0.15692 -2.73770e+00 | 32  0.28521 -3.80853e+00 | 33 -0.50029 -3.94334e+00
 34  0.16409 -2.39267e+00 | 35  0.09437 -1.47830e+00 | 36 -0.98609  1.32291e+00

Initial statistics: 46 variables; iteration 0; function evaluation 0; phase 2
Function value 7.8418870e+03; maximum gradient component mag 1.6821e+04
Var    Value     Gradient |Var    Value     Gradient |Var    Value     Gradient
  1  0.00106 -2.17795e+00 |  2  0.09832 -1.34653e+00 |  3  0.15807 -1.31545e+00
  4  0.08678 -1.38022e+00 |  5 -0.04339 -1.33685e+00 |  6  0.08554 -1.56147e+00
  7 -0.01457 -1.46028e+00 |  8  0.02748 -1.47804e+00 |  9  0.12300 -1.51414e+00
 10  0.26120 -1.63133e+00 | 11  0.12657 -1.43470e+00 | 12  0.18855 -1.14412e+00
 13  0.21144 -1.49305e+00 | 14  0.21528 -1.10706e+00 | 15  0.12866 -1.55381e+00
 16 -0.00048 -1.30463e+00 | 17  0.16692 -1.50175e+00 | 18  0.08424 -1.48995e+00
 19  0.29364  4.59832e-01 | 20 -0.45132 -5.68637e-01 | 21  0.15746  1.56414e+00
 22 -0.06441 -1.73281e-01 | 23 -0.82542 -2.53188e+00 | 24  0.29305 -1.72983e-01
 25  0.28390 -9.41454e-01 | 26 -0.50776 -8.40732e-01 | 27  0.17843 -1.27125e+00
 28 -0.64706 -1.04357e+00 | 29  0.23811  1.46532e+00 | 30 -0.55161 -1.47321e+00
 31 -0.15694 -3.50150e+00 | 32  0.28519 -4.51852e+00 | 33 -0.50032 -4.49981e+00
 34  0.16407 -3.15432e+00 | 35  0.09435 -2.25732e+00 | 36 -0.98716  1.20584e+00
 37  0.22394 -5.14297e+03 | 38  0.48392  1.68206e+04 | 39  0.21337 -1.54704e+03
 40  0.22326 -1.47184e+03 | 41 -0.07371 -4.53784e+02 | 42 -0.32692  6.90494e+02
 43 -0.07185 -2.56211e+02 | 44 -0.07664 -4.03705e+02 | 45 -0.57085  1.01080e+02
 46 -0.28347  3.98950e+02 |

Intermediate statistics: 46 variables; iteration 20; function evaluation 39; phase 2
Function value 5.6566374e+03; maximum gradient component mag 9.1319e+03
Var    Value     Gradient |Var    Value     Gradient |Var    Value     Gradient
  1  0.12339  1.71852e+03 |  2 -0.09486  3.19795e+02 |  3 -0.05547  3.43011e+02
  4 -0.04810  4.22914e+02 |  5 -0.12855  4.53443e+02 |  6 -0.01825  4.40487e+02
  7 -0.08220  4.50759e+02 |  8 -0.06155  4.35225e+02 |  9 -0.01656  3.78763e+02
 10  0.07241  2.11061e+02 | 11 -0.03692  3.36292e+02 | 12  0.04863  2.83171e+02
 13  0.00074  2.11082e+02 | 14  0.10914  3.04074e+02 | 15 -0.00227  3.61520e+02
 16  0.22874  7.66907e+02 | 17 -0.02608  1.89372e+02 | 18  0.27261  4.91606e+02
 19  0.23970  3.67809e+02 | 20  0.19187  7.41789e+02 | 21 -0.95144  2.22153e+01
 22  0.17943  8.62199e+02 | 23 -0.06199  3.76589e+02 | 24 -0.08957  1.84388e+02
 25  0.07301  3.73716e+02 | 26  0.14669  6.89462e+02 | 27  0.17641  7.38395e+02
 28  0.14716  7.74957e+02 | 29  0.01947  2.61050e+02 | 30  0.13106  5.87903e+02
 31  0.20989  8.00244e+02 | 32  0.02967  1.57242e+02 | 33  0.10776  6.38161e+02
 34 -0.14971  2.01902e+02 | 35  0.24648  6.71378e+02 | 36 -0.96221  2.03521e+01
 37  0.16008 -8.83805e+03 | 38  0.26760  9.13186e+03 | 39  0.19873  1.31355e+03
 40  0.16709  1.85080e+03 | 41 -0.05086  6.19192e+01 | 42 -0.57308 -1.93326e+03
 43 -0.08111  3.75306e+02 | 44 -0.15408 -2.79626e+02 | 45 -0.40447 -2.47856e+02
 46 -0.78974 -6.68782e+02 |
46 variables; iteration 40; function evaluation 65; phase 2
Function value 5.0768239e+03; maximum gradient component mag -4.5484e+03
Var    Value     Gradient |Var    Value     Gradient |Var    Value     Gradient
  1  0.11514  2.79236e+01 |  2  0.05442  3.75733e+02 |  3 -0.06667  4.81999e+01
  4 -0.00934  2.24483e+02 |  5 -0.07669  3.07724e+02 |  6 -0.02867  2.00756e+02
  7 -0.11376  2.03492e+02 |  8 -0.11715  1.58817e+02 |  9 -0.01664  1.99987e+02
 10  0.11231  1.89524e+02 | 11 -0.01584  1.87065e+02 | 12 -0.01783  2.66307e+01
 13  0.04862  1.66844e+02 | 14  0.12302  1.91132e+02 | 15  0.07405  2.80586e+02
 16  0.16615  4.02509e+02 | 17  0.00118  3.85690e+01 | 18  0.19168  1.55672e+02
 19  0.19733  2.70245e+02 | 20  0.13012  4.55389e+02 | 21 -0.86448  1.23222e+01
 22  0.04952  2.39923e+02 | 23  0.03703  3.52892e+02 | 24 -0.02607  9.63800e+01
 25  0.03400  1.89967e+02 | 26  0.11990  4.52509e+02 | 27  0.11575  3.59557e+02
 28  0.09467  4.24191e+02 | 29  0.04070  7.26037e+01 | 30  0.06629  2.16139e+02
 31  0.11978  2.72542e+02 | 32 -0.01660 -2.31051e+02 | 33  0.06002  2.71840e+02
 34 -0.06585  8.48097e+01 | 35  0.22617  4.56660e+02 | 36 -1.00939 -1.65181e+00
 37  0.18189 -4.54837e+03 | 38  0.24038  2.64853e+03 | 39  0.20632  1.07472e+03
 40  0.17593  5.69572e+02 | 41  0.17611  2.99354e+01 | 42 -0.54147 -8.97813e+02
 43 -0.27103  1.65466e+02 | 44 -0.29378 -1.22155e+02 | 45 -0.44021 -1.29099e+02
 46 -0.78476 -2.88409e+02 |
46 variables; iteration 60; function evaluation 92; phase 2
Function value 4.6242849e+03; maximum gradient component mag 8.3961e+02
Var    Value     Gradient |Var    Value     Gradient |Var    Value     Gradient
  1  0.05719  8.39608e+02 |  2 -0.00151 -1.73680e+01 |  3  0.02818 -4.53820e+01
  4 -0.01791 -3.89994e+01 |  5 -0.12909 -2.13358e+01 |  6 -0.01781 -2.91083e+01
  7 -0.10666 -2.77074e+01 |  8 -0.07551 -3.44887e+01 |  9  0.00142 -2.40304e+01
 10  0.10542 -1.25653e+01 | 11 -0.02654 -2.77931e+01 | 12  0.01279 -3.05080e+01
 13  0.02506 -1.04889e+01 | 14  0.05895 -6.08505e+00 | 15 -0.04624 -3.53194e+01
 16  0.04935 -3.16531e+01 | 17 -0.01139 -3.35023e+01 | 18  0.11373 -4.31736e+01
 19  0.09276 -1.97881e+01 | 20 -0.03394 -1.28426e+01 | 21 -0.05780  5.22053e+00
 22 -0.01040 -2.28319e+01 | 23 -0.02344 -5.19025e+01 | 24  0.00753 -2.32233e+01
 25  0.02266 -8.30116e+00 | 26  0.04647 -6.41871e+00 | 27  0.04362 -1.51102e+01
 28  0.00730  9.11764e+00 | 29  0.04427  7.50810e+01 | 30  0.00514 -2.97921e+01
 31  0.03099 -6.72812e+00 | 32  0.09312 -2.67230e+01 | 33  0.00851 -1.68428e+01
 34 -0.02923 -2.09210e+01 | 35  0.05345  1.81140e+01 | 36 -1.70734  5.66142e+01
 37  0.24153 -1.33220e+02 | 38  0.26231  4.26664e+01 | 39  0.23900  5.55503e+01
 40  0.22318  2.17018e+02 | 41  0.03569 -1.48632e+02 | 42 -0.56196  1.71471e+02
 43 -0.14039 -2.18615e+01 | 44 -0.14819 -1.88894e+02 | 45 -0.35212  5.31085e+00
 46 -0.64381  1.05873e+02 |
Maximum number of function evaluations exceeded

 - final statistics:
46 variables; iteration 69; function evaluation 100
Function value 4.6119e+03; maximum gradient component mag -1.1373e+02
Exit code = 3;  converg criter 1.0000e+01
Var    Value     Gradient |Var    Value     Gradient |Var    Value     Gradient
  1  0.03980 -1.13729e+02 |  2  0.00120 -1.48047e-01 |  3  0.04568  2.33048e+00
  4 -0.01184  7.44069e+00 |  5 -0.13615  6.90537e-01 |  6 -0.02029  2.91600e+00
  7 -0.11264  4.63414e+00 |  8 -0.07503 -5.40102e+00 |  9  0.00480 -1.12810e+01
 10  0.10633 -4.52920e+01 | 11 -0.02409 -2.46982e+00 | 12  0.01537  1.18248e+01
 13  0.03642  1.64284e+01 | 14  0.07029  3.09077e+01 | 15 -0.05027  8.45009e+00
 16  0.04474  1.67912e+01 | 17 -0.03324 -3.67648e+00 | 18  0.10020  1.70128e+00
 19  0.07066 -2.40455e+00 | 20 -0.05673 -6.77973e+00 | 21 -0.09302  8.22541e+00
 22 -0.02089 -7.82404e+00 | 23  0.00038 -2.65296e+01 | 24  0.01489 -9.66670e+00
 25  0.01915 -4.04221e+00 | 26  0.06403  5.66776e-01 | 27  0.05299  7.73017e+00
 28  0.01175  1.56615e+01 | 29  0.02325  3.48356e+01 | 30  0.01308  2.16641e+00
 31  0.02697  4.95518e+00 | 32  0.10568 -5.74915e-01 | 33  0.01688 -1.13950e+01
 34 -0.01447 -1.10805e+01 | 35  0.05028 -1.12954e+01 | 36 -1.74740 -2.63377e+00
 37  0.25778 -3.24089e+01 | 38  0.27028  1.29168e+01 | 39  0.25391  1.28258e+01
 40  0.23518  1.80656e+01 | 41 -0.00068  4.52192e+01 | 42 -0.55255 -9.63736e+01
 43 -0.08147 -8.87920e+00 | 44 -0.10305  7.37480e+01 | 45 -0.35279  3.86210e+00
 46 -0.65485 -6.09615e+01 |

Initial statistics: 52 variables; iteration 0; function evaluation 0; phase 3
Function value 4.6119012e+03; maximum gradient component mag -3.7293e+03
Var    Value     Gradient |Var    Value     Gradient |Var    Value     Gradient
  1  0.03980 -1.13729e+02 |  2  0.00119 -7.48698e-01 |  3  0.04566  1.73137e+00
  4 -0.01185  6.84014e+00 |  5 -0.13616  1.03568e-01 |  6 -0.02031  2.31565e+00
  7 -0.11266  4.04285e+00 |  8 -0.07504 -5.99748e+00 |  9  0.00478 -1.18816e+01
 10  0.10631 -4.58845e+01 | 11 -0.02411 -3.07004e+00 | 12  0.01535  1.12244e+01
 13  0.03640  1.58288e+01 | 14  0.07027  3.03108e+01 | 15 -0.05029  7.85129e+00
 16  0.04472  1.61920e+01 | 17 -0.03325 -4.27631e+00 | 18  0.10019  1.10806e+00
 19  0.07064 -3.00151e+00 | 20 -0.05675 -7.37798e+00 | 21 -0.09303  7.63113e+00
 22 -0.02090 -8.42436e+00 | 23  0.00036 -2.71303e+01 | 24  0.01488 -1.02672e+01
 25  0.01913 -4.64259e+00 | 26  0.06401 -3.08411e-02 | 27  0.05297  7.13161e+00
 28  0.01173  1.50610e+01 | 29  0.02323  3.42354e+01 | 30  0.01306  1.56588e+00
 31  0.02696  4.35508e+00 | 32  0.10566 -1.16732e+00 | 33  0.01687 -1.19954e+01
 34 -0.01449 -1.16810e+01 | 35  0.05026 -1.18942e+01 | 36 -0.25262  2.07976e+00
 37  0.25778 -3.24089e+01 | 38  0.27028  1.29168e+01 | 39  0.25391  1.28258e+01
 40  0.23518  1.80656e+01 | 41 -0.00068  4.52192e+01 | 42 -0.55255 -9.63736e+01
 43  0.40437  3.30305e+01 | 44 -0.28421  1.26810e+02 | 45  0.11419 -3.72932e+03
 46 -0.89706  9.47777e+02 | 47  0.14802 -4.46157e+02 | 48 -0.26788  2.07689e+02
 49 -0.08147 -8.87920e+00 | 50 -0.10305  7.37480e+01 | 51 -0.35279  3.86210e+00
 52 -0.65485 -6.09615e+01 |

Intermediate statistics: 52 variables; iteration 20; function evaluation 29; phase 3
Function value 3.1181977e+03; maximum gradient component mag -9.4457e+03
Var    Value     Gradient |Var    Value     Gradient |Var    Value     Gradient
  1  0.04248 -9.44572e+03 |  2  0.00604  1.34104e+02 |  3  0.04994  1.38206e+02
  4 -0.00961  1.22550e+02 |  5 -0.12897  1.24276e+02 |  6 -0.01739  1.21599e+02
  7 -0.10784  1.23733e+02 |  8 -0.07328  1.07578e+02 |  9 -0.00174  6.83442e+01
 10  0.10786 -4.70336e+01 | 11 -0.02120  7.27089e+01 | 12  0.03822  8.50569e+01
 13  0.05281  3.48453e+01 | 14  0.04301 -1.72364e+02 | 15  0.08971  2.88777e+02
 16 -0.07925  4.24741e+01 | 17  0.07000  2.90341e+02 | 18  0.05064 -1.65479e+01
 19  0.15901  1.63393e+02 | 20 -0.03467  8.98838e+01 | 21  0.04170  1.85132e+02
 22  0.03016  1.05948e+02 | 23 -0.21734 -7.14715e+01 | 24  0.03635 -3.25559e+01
 25  0.15629  8.28901e+00 | 26 -0.08668 -2.98288e+02 | 27  0.04129 -4.63693e+02
 28  0.01444 -3.54703e+02 | 29  0.03961 -1.11006e+02 | 30 -0.01332 -1.94046e+02
 31  0.13683  9.73261e+01 | 32  0.12027 -2.04169e+02 | 33 -0.17918 -2.20634e+02
 34  0.03452 -1.99352e+02 | 35 -0.01020 -4.94103e+02 | 36 -0.37277  6.19160e+01
 37  0.23573 -2.34169e+03 | 38  0.22248 -1.20618e+03 | 39  0.24441  6.24852e+01
 40  0.22281 -4.55530e+03 | 41 -0.01009  7.54181e+02 | 42 -0.58971 -1.24919e+03
 43  0.34309  1.44615e+02 | 44 -0.35928 -5.95744e+01 | 45  0.70600 -7.36090e+02
 46 -0.81716  2.71083e+02 | 47  0.20689  9.90642e+01 | 48 -0.48831 -2.57250e+02
 49 -0.09975 -1.22169e+01 | 50 -0.10567  1.09425e+03 | 51 -0.35867 -4.62481e+01
 52 -0.64418 -8.11055e+02 |
52 variables; iteration 40; function evaluation 58; phase 3
Function value 2.9497243e+03; maximum gradient component mag -7.0195e+03
Var    Value     Gradient |Var    Value     Gradient |Var    Value     Gradient
  1  0.04354 -7.01953e+03 |  2 -0.00694  1.06965e+02 |  3  0.02533  9.67856e+01
  4 -0.02622  1.27325e+02 |  5 -0.18926  5.37917e+01 |  6 -0.02597  1.20471e+02
  7 -0.12705  8.94661e+01 |  8 -0.05947  1.21832e+02 |  9  0.01530  8.42897e+01
 10  0.08800 -9.80405e+01 | 11 -0.02710  6.01501e+01 | 12  0.02309  4.89805e+01
 13  0.02058 -3.85461e+01 | 14  0.07071 -9.68551e+01 | 15  0.03548  4.71922e+01
 16 -0.10906 -5.03722e+01 | 17  0.03229  1.50383e+02 | 18  0.08724  1.13378e+02
 19  0.14940  2.07882e+02 | 20 -0.06790  3.62173e+01 | 21  0.00474  1.33320e+02
 22 -0.01011  5.62411e+01 | 23  0.00396  1.56020e+02 | 24  0.04304  5.05490e+01
 25  0.11632  6.45592e+01 | 26 -0.03065 -2.30644e+02 | 27  0.01981 -3.51740e+02
 28  0.03373 -1.85523e+02 | 29  0.01710 -1.66684e+02 | 30 -0.02597 -2.23408e+02
 31  0.06155 -1.94810e+02 | 32  0.05865 -3.35428e+02 | 33  0.02447  1.01435e+02
 34 -0.01677 -4.68876e+00 | 35  0.04394  6.81222e+01 | 36 -0.25385  9.30416e+01
 37  0.24239 -2.37432e+03 | 38  0.22538 -1.11120e+03 | 39  0.23678 -5.59121e+02
 40  0.23959 -1.98817e+03 | 41  0.27001  1.67714e+02 | 42 -0.58491 -5.73376e+02
 43  0.35493  1.29172e+02 | 44 -0.33888  4.89997e+01 | 45  0.73707 -5.77928e+02
 46 -0.80885  2.27311e+02 | 47  0.22784  5.07006e+02 | 48 -0.47522 -1.86833e+02
 49 -0.24348  2.94597e+01 | 50 -0.30648  2.09092e+02 | 51 -0.29634  1.78693e+00
 52 -0.63573 -3.90921e+02 |
52 variables; iteration 60; function evaluation 90; phase 3
Function value 2.8264231e+03; maximum gradient component mag -1.3135e+03
Var    Value     Gradient |Var    Value     Gradient |Var    Value     Gradient
  1  0.04478 -1.31352e+03 |  2 -0.00553  9.74342e+00 |  3  0.04472  2.94028e+01
  4 -0.02142  3.95485e+00 |  5 -0.14506  9.18717e+00 |  6 -0.03091 -1.09441e+00
  7 -0.12092  1.83469e+01 |  8 -0.08199  8.14248e+00 |  9  0.00092  3.56628e+00
 10  0.10704 -1.91218e+01 | 11 -0.02012  1.44730e+01 | 12  0.01274 -4.70634e-01
 13  0.03181 -1.74134e+00 | 14  0.07624 -1.08324e+01 | 15  0.01712 -6.47260e+00
 16 -0.04756  7.02092e+00 | 17 -0.01265 -1.30986e+01 | 18  0.06558 -1.76137e+01
 19  0.10864 -7.63421e+00 | 20 -0.04381  2.08034e+01 | 21 -0.02889 -2.48143e+00
 22 -0.01251 -1.15820e+01 | 23 -0.03967 -1.19414e+01 | 24  0.04279  1.01802e+01
 25  0.05224 -2.69525e+01 | 26  0.02503 -5.37198e+01 | 27  0.06011  2.59111e+01
 28  0.02444  8.64093e-01 | 29  0.02831  3.81536e+00 | 30  0.02073  1.34209e+01
 31  0.05539 -1.78018e+01 | 32  0.08554 -5.76304e+01 | 33 -0.02860 -5.66976e+01
 34 -0.00957 -7.42939e+00 | 35  0.03463  2.57222e+01 | 36 -0.25490  1.57312e+01
 37  0.24929 -2.93455e+02 | 38  0.22751 -4.42567e+02 | 39  0.24971 -7.41345e+01
 40  0.24412  1.52576e+02 | 41 -0.14533 -2.18685e+02 | 42 -0.66462  1.73472e+02
 43  0.36732  3.06473e+01 | 44 -0.34151  2.24124e+01 | 45  0.85767 -1.69504e+02
 46 -0.86828  3.78632e+01 | 47  0.21994  6.16139e+01 | 48 -0.47557  4.87266e+01
 49  0.00673 -5.45641e+01 | 50 -0.01307 -2.71933e+02 | 51 -0.24358  4.28621e+01
 52 -0.51245  1.50187e+02 |
52 variables; iteration 80; function evaluation 110; phase 3
Function value 2.8101883e+03; maximum gradient component mag -1.1896e+01
Var    Value     Gradient |Var    Value     Gradient |Var    Value     Gradient
  1  0.05048 -1.18958e+01 |  2 -0.00663  2.21017e-01 |  3  0.03441  4.17985e-01
  4 -0.01835  2.40327e-01 |  5 -0.13871  2.49616e-01 |  6 -0.02342  3.43130e-01
  7 -0.11420  2.40656e-01 |  8 -0.07522  2.25631e-01 |  9  0.00156  4.60263e-01
 10  0.10573  8.73038e-01 | 11 -0.02551  5.13568e-01 | 12  0.01514  4.44342e-01
 13  0.02816  5.70190e-01 | 14  0.07231  9.75116e-01 | 15  0.01696  4.76515e-01
 16 -0.05480  7.22909e-01 | 17 -0.00687  2.56770e-01 | 18  0.07213  4.57689e-01
 19  0.11272  2.28765e-01 | 20 -0.04476  3.95660e-01 | 21 -0.02323  5.93644e-01
 22 -0.01478  8.83919e-01 | 23 -0.04109  3.81861e-01 | 24  0.03754  4.32503e-01
 25  0.05300  4.14053e-02 | 26  0.02982  1.91774e-01 | 27  0.05215  3.61651e-01
 28  0.02526  2.79878e-01 | 29  0.02955  2.32107e-01 | 30  0.02090  1.77274e-01
 31  0.05655 -6.70208e-01 | 32  0.08484 -1.36999e+00 | 33 -0.02215 -4.99865e-01
 34 -0.01822 -3.81419e+00 | 35  0.02995 -3.88020e+00 | 36 -0.25778  2.10476e-01
 37  0.24419  1.21041e+00 | 38  0.22642  1.71155e+00 | 39  0.24575  7.69141e-01
 40  0.23753  2.93136e-01 | 41  0.09723  9.17952e-01 | 42 -0.68327 -9.24792e-01
 43  0.35667 -2.00613e-03 | 44 -0.34723 -5.97792e-02 | 45  0.99941 -4.20277e-01
 46 -1.01068 -6.48537e-01 | 47  0.21412 -1.12399e+00 | 48 -0.47938  1.59940e-01
 49 -0.16652  6.81275e-01 | 50 -0.18468  6.16231e-01 | 51 -0.24692 -4.29088e-01
 52 -0.50152 -7.12121e-01 |
52 variables; iteration 100; function evaluation 130; phase 3
Function value 2.8101820e+03; maximum gradient component mag 1.3064e-01
Var    Value     Gradient |Var    Value     Gradient |Var    Value     Gradient
  1  0.05065 -9.19128e-02 |  2 -0.00673  4.24227e-03 |  3  0.03421  6.16620e-03
  4 -0.01843  6.93153e-03 |  5 -0.13880 -3.48903e-03 |  6 -0.02352  1.17170e-02
  7 -0.11427 -4.21961e-03 |  8 -0.07532  7.86883e-03 |  9  0.00137  2.63091e-03
 10  0.10557  1.00625e-02 | 11 -0.02569 -5.71379e-03 | 12  0.01510  6.00470e-05
 13  0.02799 -6.33725e-03 | 14  0.07209 -2.65855e-02 | 15  0.01686 -7.60302e-03
 16 -0.05498 -1.38493e-02 | 17 -0.00677 -8.50625e-03 | 18  0.07218 -4.90948e-03
 19  0.11283  4.80143e-03 | 20 -0.04471 -1.03032e-02 | 21 -0.02327 -3.02073e-03
 22 -0.01505 -4.74492e-03 | 23 -0.04128 -8.57032e-03 | 24  0.03743  1.42317e-03
 25  0.05305  3.55485e-02 | 26  0.02986  4.37135e-02 | 27  0.05218  4.53029e-02
 28  0.02532  3.58267e-02 | 29  0.02969  8.86043e-03 | 30  0.02106 -5.09036e-03
 31  0.05677 -2.67947e-02 | 32  0.08487 -5.95889e-02 | 33 -0.02241 -5.75545e-02
 34 -0.01782 -5.94918e-02 | 35  0.03060  1.97000e-02 | 36 -0.25702  1.04871e-03
 37  0.24402  5.88647e-02 | 38  0.22629  1.30641e-01 | 39  0.24557  1.09474e-02
 40  0.23728  4.66179e-02 | 41  0.09940 -7.35017e-02 | 42 -0.68293  4.47731e-03
 43  0.35649 -6.41499e-03 | 44 -0.34721 -3.62282e-03 | 45  1.00002  1.12326e-02
 46 -1.00429 -1.66423e-03 | 47  0.21409 -2.44512e-02 | 48 -0.47937 -7.00783e-02
 49 -0.16836  1.77945e-02 | 50 -0.18640 -1.23761e-01 | 51 -0.24711 -1.55330e-02
 52 -0.50191  1.92215e-02 |
52 variables; iteration 120; function evaluation 154; phase 3
Function value 2.8101818e+03; maximum gradient component mag 1.7528e-01
Var    Value     Gradient |Var    Value     Gradient |Var    Value     Gradient
  1  0.05065  1.75278e-01 |  2 -0.00674 -6.71668e-03 |  3  0.03419 -1.40583e-02
  4 -0.01845 -8.49847e-03 |  5 -0.13882  1.90645e-03 |  6 -0.02354 -1.48459e-02
  7 -0.11429  8.85944e-03 |  8 -0.07533 -1.34381e-03 |  9  0.00137  9.78684e-04
 10  0.10557 -1.15291e-03 | 11 -0.02568  9.10008e-03 | 12  0.01510 -1.18053e-04
 13  0.02799 -2.59480e-04 | 14  0.07210  1.64219e-02 | 15  0.01686  1.10858e-04
 16 -0.05498  5.62957e-03 | 17 -0.00677 -8.85658e-04 | 18  0.07218 -4.57201e-03
 19  0.11283 -1.60543e-02 | 20 -0.04470  1.22133e-02 | 21 -0.02326  1.62679e-03
 22 -0.01505  8.09313e-03 | 23 -0.04127  6.53974e-03 | 24  0.03743  8.23970e-03
 25  0.05305 -9.12638e-03 | 26  0.02985 -1.18030e-02 | 27  0.05218 -1.21153e-02
 28  0.02532 -1.04948e-02 | 29  0.02970  8.21095e-03 | 30  0.02107  1.39158e-02
 31  0.05678  3.12526e-02 | 32  0.08488  6.12946e-02 | 33 -0.02239  3.99614e-02
 34 -0.01781  5.16094e-02 | 35  0.03060 -3.30638e-02 | 36 -0.25702 -1.00303e-03
 37  0.24402 -3.94666e-02 | 38  0.22629 -7.26181e-02 | 39  0.24557 -9.83830e-04
 40  0.23728  1.66939e-02 | 41 -0.00896  1.06346e-01 | 42 -0.67831 -5.11076e-02
 43  0.35649  5.84342e-03 | 44 -0.34721  2.20271e-03 | 45  0.99999  1.84850e-02
 46 -1.00428  3.23514e-04 | 47  0.21409 -1.49687e-02 | 48 -0.47937  1.05113e-01
 49 -0.09250 -9.76478e-03 | 50 -0.11006  1.61173e-01 | 51 -0.25026  9.15418e-03
 52 -0.50605 -6.12069e-02 |
52 variables; iteration 140; function evaluation 176; phase 3
Function value 2.8101818e+03; maximum gradient component mag -2.1960e-02
Var    Value     Gradient |Var    Value     Gradient |Var    Value     Gradient
  1  0.05065 -2.19604e-02 |  2 -0.00674  2.12745e-04 |  3  0.03420  2.47701e-03
  4 -0.01844  8.03920e-04 |  5 -0.13881 -2.45540e-04 |  6 -0.02353  1.72055e-03
  7 -0.11428  4.67405e-05 |  8 -0.07533  7.70113e-04 |  9  0.00137  1.73784e-03
 10  0.10557  4.51388e-03 | 11 -0.02569  1.26790e-03 | 12  0.01510  1.78032e-03
 13  0.02799  2.94182e-03 | 14  0.07209  3.73405e-03 | 15  0.01686  1.05419e-03
 16 -0.05498  2.62215e-03 | 17 -0.00677  1.81885e-03 | 18  0.07218  8.40650e-04
 19  0.11283  2.39074e-04 | 20 -0.04471 -1.27333e-04 | 21 -0.02327 -1.11588e-03
 22 -0.01505 -2.46521e-03 | 23 -0.04127 -3.79853e-04 | 24  0.03743 -2.41800e-03
 25  0.05305 -7.37147e-03 | 26  0.02985 -2.47268e-03 | 27  0.05218 -2.50224e-03
 28  0.02532 -1.04324e-03 | 29  0.02969 -3.35970e-04 | 30  0.02106 -6.67552e-04
 31  0.05677 -2.08507e-03 | 32  0.08487 -4.31838e-03 | 33 -0.02240 -4.89998e-03
 34 -0.01782 -4.05197e-03 | 35  0.03060  4.47170e-03 | 36 -0.25702  1.64062e-04
 37  0.24402 -3.32473e-03 | 38  0.22629  1.00787e-03 | 39  0.24557  8.02078e-04
 40  0.23728 -1.47107e-02 | 41 -0.07190  2.96912e-04 | 42 -0.67675 -6.32965e-03
 43  0.35649  2.11114e-04 | 44 -0.34721 -3.30546e-04 | 45  0.99998 -7.64043e-03
 46 -1.00428  2.84996e-04 | 47  0.21409 -2.41560e-04 | 48 -0.47937 -5.26977e-03
 49 -0.04906  4.01431e-03 | 50 -0.06647 -3.62448e-03 | 51 -0.25133 -2.97690e-03
 52 -0.50747 -2.70230e-03 |
52 variables; iteration 160; function evaluation 197; phase 3
Function value 2.8101818e+03; maximum gradient component mag -7.5834e-03
Var    Value     Gradient |Var    Value     Gradient |Var    Value     Gradient
  1  0.05065  8.16473e-04 |  2 -0.00674 -3.93514e-04 |  3  0.03420 -1.40513e-04
  4 -0.01844  9.21701e-06 |  5 -0.13881 -1.25211e-04 |  6 -0.02353  1.88966e-04
  7 -0.11428  4.51186e-05 |  8 -0.07533  8.19238e-06 |  9  0.00137  2.29491e-04
 10  0.10557  3.29405e-04 | 11 -0.02569  1.69227e-04 | 12  0.01510 -1.87095e-04
 13  0.02799 -4.72065e-04 | 14  0.07209 -5.18879e-04 | 15  0.01686 -8.32693e-04
 16 -0.05498 -1.20971e-03 | 17 -0.00677 -1.39086e-03 | 18  0.07218 -8.70958e-04
 19  0.11283 -5.21927e-04 | 20 -0.04471  7.72714e-05 | 21 -0.02327  4.60153e-05
 22 -0.01505  1.75009e-04 | 23 -0.04127 -5.27536e-05 | 24  0.03743 -1.68169e-04
 25  0.05305 -9.79271e-05 | 26  0.02985  2.69912e-04 | 27  0.05218  2.01335e-03
 28  0.02532  2.21766e-03 | 29  0.02969  1.38005e-03 | 30  0.02106  9.26756e-04
 31  0.05678  5.23495e-04 | 32  0.08487  4.85137e-04 | 33 -0.02240 -1.28480e-03
 34 -0.01782 -1.66361e-03 | 35  0.03060  1.54905e-04 | 36 -0.25702 -2.47103e-05
 37  0.24402 -1.87345e-03 | 38  0.22629 -4.68648e-03 | 39  0.24557  1.49749e-03
 40  0.23728  3.53485e-03 | 41 -0.07791  5.75071e-03 | 42 -0.67665 -7.58341e-03
 43  0.35649 -2.18741e-05 | 44 -0.34721  3.27053e-04 | 45  0.99999  2.65409e-03
 46 -1.00428  1.94003e-04 | 47  0.21409 -1.89965e-03 | 48 -0.47937  4.07812e-04
 49 -0.04495  1.31204e-03 | 50 -0.06235  7.11146e-03 | 51 -0.25140 -1.02259e-03
 52 -0.50756 -5.55713e-03 |
52 variables; iteration 180; function evaluation 219; phase 3
Function value 2.8101818e+03; maximum gradient component mag -8.2797e-02
Var    Value     Gradient |Var    Value     Gradient |Var    Value     Gradient
  1  0.05065 -2.39172e-02 |  2 -0.00673  5.17797e-03 |  3  0.03421  1.05847e-03
  4 -0.01844 -1.04110e-03 |  5 -0.13881  1.86542e-03 |  6 -0.02353 -3.11819e-03
  7 -0.11428 -7.87119e-04 |  8 -0.07533 -1.02965e-03 |  9  0.00136 -4.90661e-03
 10  0.10557 -1.18339e-02 | 11 -0.02569 -5.42287e-03 | 12  0.01509  7.73721e-04
 13  0.02799  3.59078e-03 | 14  0.07209  2.48552e-03 | 15  0.01686  1.49598e-02
 16 -0.05497  1.56258e-02 | 17 -0.00676  1.49387e-02 | 18  0.07218  1.10007e-02
 19  0.11283  7.58703e-03 | 20 -0.04471 -2.47141e-03 | 21 -0.02326  2.13733e-03
 22 -0.01505 -8.51586e-04 | 23 -0.04127  1.66418e-03 | 24  0.03743  3.51357e-03
 25  0.05305  9.08565e-03 | 26  0.02985  1.26341e-03 | 27  0.05217 -2.21161e-02
 28  0.02532 -2.51156e-02 | 29  0.02969 -1.70507e-02 | 30  0.02106 -1.43816e-02
 31  0.05677 -6.89241e-03 | 32  0.08487 -1.38053e-02 | 33 -0.02240  1.71153e-02
 34 -0.01781  1.61456e-02 | 35  0.03060 -7.47778e-03 | 36 -0.25702  1.22888e-03
 37  0.24402  2.32689e-02 | 38  0.22629  7.64208e-02 | 39  0.24557 -2.24658e-02
 40  0.23728 -5.20443e-02 | 41 -0.09374 -7.24368e-02 | 42 -0.66895  7.93066e-02
 43  0.35649 -4.49025e-04 | 44 -0.34721 -4.06253e-03 | 45  0.99999  6.58054e-03
 46 -1.00428 -1.92489e-04 | 47  0.21409  2.88743e-02 | 48 -0.47937 -2.08914e-02
 49 -0.03414 -2.31528e-02 | 50 -0.05152 -8.27965e-02 | 51 -0.25679  1.94846e-02
 52 -0.51472  7.08584e-02 |
52 variables; iteration 200; function evaluation 239; phase 3
Function value 2.8101818e+03; maximum gradient component mag -6.5952e-02
Var    Value     Gradient |Var    Value     Gradient |Var    Value     Gradient
  1  0.05065 -6.59517e-02 |  2 -0.00674  9.86334e-04 |  3  0.03420  8.15191e-04
  4 -0.01844  2.27969e-04 |  5 -0.13881  7.92835e-04 |  6 -0.02353 -2.78175e-04
  7 -0.11428  9.46600e-04 |  8 -0.07533  4.51925e-04 |  9  0.00137 -2.75181e-04
 10  0.10557 -2.52009e-03 | 11 -0.02569 -2.71917e-04 | 12  0.01509 -4.91703e-04
 13  0.02799 -5.78969e-04 | 14  0.07209 -1.42198e-03 | 15  0.01686  1.46717e-03
 16 -0.05498  1.68242e-03 | 17 -0.00677  1.08203e-03 | 18  0.07218  9.21463e-04
 19  0.11283 -3.87816e-04 | 20 -0.04471  3.96820e-04 | 21 -0.02327  6.37510e-04
 22 -0.01505  2.11250e-04 | 23 -0.04127 -1.09249e-05 | 24  0.03743 -6.38554e-05
 25  0.05305  1.15998e-03 | 26  0.02985  6.05838e-05 | 27  0.05218 -1.49399e-03
 28  0.02532 -2.21410e-03 | 29  0.02969 -1.22722e-03 | 30  0.02106 -1.33866e-03
 31  0.05678 -9.26911e-04 | 32  0.08487 -3.47245e-03 | 33 -0.02240  1.15527e-03
 34 -0.01782  1.16913e-03 | 35  0.03060 -1.87882e-03 | 36 -0.25702  1.12418e-03
 37  0.24402 -3.82529e-03 | 38  0.22629  1.21039e-02 | 39  0.24557 -5.18231e-03
 40  0.23728 -7.44709e-03 | 41 -0.11978 -4.64860e-02 | 42 -0.65609  1.84826e-02
 43  0.35649 -1.11387e-06 | 44 -0.34721 -7.62543e-05 | 45  0.99999  1.50309e-03
 46 -1.00428  4.38444e-05 | 47  0.21409 -1.07872e-03 | 48 -0.47937 -1.36216e-03
 49 -0.01648 -7.71256e-03 | 50 -0.03383 -6.03932e-02 | 51 -0.26611  4.39841e-03
 52 -0.52721  1.60534e-02 |
52 variables; iteration 220; function evaluation 263; phase 3
Function value 2.8101818e+03; maximum gradient component mag -9.3801e-02
Var    Value     Gradient |Var    Value     Gradient |Var    Value     Gradient
  1  0.05065 -7.99584e-02 |  2 -0.00674  6.44693e-04 |  3  0.03420  1.02571e-03
  4 -0.01844  5.11815e-04 |  5 -0.13881  7.08362e-04 |  6 -0.02353  2.02693e-04
  7 -0.11428  1.32008e-03 |  8 -0.07533  9.13889e-04 |  9  0.00137  5.54305e-04
 10  0.10557 -1.27897e-03 | 11 -0.02569  5.13246e-04 | 12  0.01510 -5.31657e-04
 13  0.02799 -1.12703e-03 | 14  0.07209 -1.16672e-03 | 15  0.01686  8.24729e-05
 16 -0.05498  6.45046e-05 | 17 -0.00677 -4.79750e-04 | 18  0.07218  2.75269e-04
 19  0.11283 -7.74050e-04 | 20 -0.04471  7.32784e-04 | 21 -0.02327  2.75903e-04
 22 -0.01505  7.45800e-05 | 23 -0.04127 -5.29620e-04 | 24  0.03743 -4.13210e-04
 25  0.05305  9.97674e-05 | 26  0.02985 -5.54918e-05 | 27  0.05218  8.59546e-04
 28  0.02532 -1.41229e-04 | 29  0.02969  6.90029e-04 | 30  0.02106 -5.37321e-04
 31  0.05678 -2.72478e-04 | 32  0.08487 -2.85124e-03 | 33 -0.02240 -8.20800e-04
 34 -0.01782 -7.87626e-04 | 35  0.03060 -8.01970e-04 | 36 -0.25702  1.46817e-03
 37  0.24402 -6.04040e-03 | 38  0.22629  6.67712e-03 | 39  0.24557 -3.40488e-03
 40  0.23728 -1.96621e-03 | 41 -0.08366 -6.91968e-02 | 42 -0.64110  5.60039e-02
 43  0.35649  2.91563e-04 | 44 -0.34721  2.23305e-04 | 45  0.99999  1.66652e-03
 46 -1.00428  1.09754e-04 | 47  0.21409 -4.27948e-03 | 48 -0.47937  6.52257e-04
 49 -0.04102 -7.19680e-03 | 50 -0.05842 -9.38013e-02 | 51 -0.27744  4.63004e-03
 52 -0.54267  4.91997e-02 |
52 variables; iteration 240; function evaluation 283; phase 3
Function value 2.8101818e+03; maximum gradient component mag -1.2348e-02
Var    Value     Gradient |Var    Value     Gradient |Var    Value     Gradient
  1  0.05065 -1.15174e-02 |  2 -0.00674  3.94823e-04 |  3  0.03420  1.26595e-03
  4 -0.01844  9.23350e-05 |  5 -0.13881  1.17867e-04 |  6 -0.02353 -1.58374e-04
  7 -0.11428  2.17104e-04 |  8 -0.07533 -6.77924e-05 |  9  0.00137 -1.94479e-04
 10  0.10557 -8.57880e-04 | 11 -0.02569  3.11620e-04 | 12  0.01510 -2.82786e-04
 13  0.02799 -3.76359e-04 | 14  0.07209 -5.16598e-04 | 15  0.01686  1.97796e-04
 16 -0.05498 -1.45499e-04 | 17 -0.00677 -8.97256e-04 | 18  0.07218  2.07862e-06
 19  0.11283 -8.04276e-04 | 20 -0.04471  1.20484e-04 | 21 -0.02327  3.31319e-04
 22 -0.01505  1.99943e-04 | 23 -0.04127 -1.12949e-04 | 24  0.03743  5.46964e-04
 25  0.05305  2.54711e-04 | 26  0.02985  1.04930e-03 | 27  0.05218  2.24571e-03
 28  0.02532  1.58652e-03 | 29  0.02969  1.18813e-03 | 30  0.02106  4.98746e-04
 31  0.05678  1.07798e-03 | 32  0.08487 -4.12928e-04 | 33 -0.02240 -1.64750e-04
 34 -0.01782 -2.05912e-03 | 35  0.03060 -3.69057e-03 | 36 -0.25702  4.84289e-04
 37  0.24402 -1.98727e-03 | 38  0.22629  9.10321e-03 | 39  0.24557 -4.14055e-03
 40  0.23728 -4.65706e-04 | 41 -0.07660 -9.61857e-03 | 42 -0.64017  8.74122e-03
 43  0.35649 -2.42550e-04 | 44 -0.34721  5.01525e-04 | 45  0.99999  1.28188e-06
 46 -1.00428  2.93787e-04 | 47  0.21409 -4.99029e-03 | 48 -0.47937 -3.83433e-04
 49 -0.04584 -1.66412e-03 | 50 -0.06325 -1.23483e-02 | 51 -0.27816  1.79851e-03
 52 -0.54366  6.82517e-03 |
Warning: the following parameters had issues
  selparm[5] is within 0.1% of upper bound: -1.00000e+00 < 1.50000e+01 < 1.50000e+01
  selparm[6] is within 0.1% of lower bound: -1.00000e+00 < -9.99763e-01 < 2.00000e+01


 - final statistics:
52 variables; iteration 251; function evaluation 295
Function value 2.8102e+03; maximum gradient component mag 2.9051e-05
Exit code = 1;  converg criter 1.0000e-04
Var    Value     Gradient |Var    Value     Gradient |Var    Value     Gradient
  1  0.05065  2.90511e-05 |  2 -0.00674 -8.19032e-07 |  3  0.03420  7.48599e-07
  4 -0.01844 -9.32932e-07 |  5 -0.13881 -1.18382e-06 |  6 -0.02353 -1.28331e-06
  7 -0.11428 -3.24659e-07 |  8 -0.07533 -9.45143e-07 |  9  0.00137 -8.61445e-07
 10  0.10557 -1.55076e-06 | 11 -0.02569 -7.10622e-07 | 12  0.01510 -6.81712e-07
 13  0.02799 -8.38741e-07 | 14  0.07209 -2.30592e-07 | 15  0.01686  5.69677e-07
 16 -0.05498  6.20662e-08 | 17 -0.00677 -1.14241e-06 | 18  0.07218 -6.74588e-07
 19  0.11283 -1.46590e-06 | 20 -0.04471 -4.43464e-07 | 21 -0.02327 -4.90225e-07
 22 -0.01505 -2.83920e-07 | 23 -0.04127 -1.02747e-06 | 24  0.03743 -2.26301e-07
 25  0.05305  1.67582e-06 | 26  0.02985  1.69469e-06 | 27  0.05218  3.01848e-06
 28  0.02532  8.81501e-07 | 29  0.02969  8.87738e-07 | 30  0.02106 -1.26963e-07
 31  0.05678 -1.75984e-07 | 32  0.08487 -1.68822e-07 | 33 -0.02240 -5.58736e-07
 34 -0.01782  6.31333e-07 | 35  0.03060 -1.58614e-06 | 36 -0.25702 -4.72749e-07
 37  0.24402  2.81711e-07 | 38  0.22629  1.40127e-05 | 39  0.24557 -2.23931e-06
 40  0.23728  1.37962e-05 | 41 -0.07558 -4.61825e-06 | 42 -0.64096  1.60106e-05
 43  0.35649  6.64883e-09 | 44 -0.34721  1.16955e-07 | 45  0.99999  2.49826e-06
 46 -1.00428 -7.15676e-09 | 47  0.21409 -4.96466e-06 | 48 -0.47937 -5.20672e-08
 49 -0.04654 -9.80731e-07 | 50 -0.06395 -5.75431e-06 | 51 -0.27755  2.00453e-06
 52 -0.54282  1.35777e-05 |
Estimating row 1 out of 52 for hessian
Estimating row 2 out of 52 for hessian
Estimating row 3 out of 52 for hessian
Estimating row 4 out of 52 for hessian
Estimating row 5 out of 52 for hessian
Estimating row 6 out of 52 for hessian
Estimating row 7 out of 52 for hessian
Estimating row 8 out of 52 for hessian
Estimating row 9 out of 52 for hessian
Estimating row 10 out of 52 for hessian
Estimating row 11 out of 52 for hessian
Estimating row 12 out of 52 for hessian
Estimating row 13 out of 52 for hessian
Estimating row 14 out of 52 for hessian
Estimating row 15 out of 52 for hessian
Estimating row 16 out of 52 for hessian
Estimating row 17 out of 52 for hessian
Estimating row 18 out of 52 for hessian
Estimating row 19 out of 52 for hessian
Estimating row 20 out of 52 for hessian
Estimating row 21 out of 52 for hessian
Estimating row 22 out of 52 for hessian
Estimating row 23 out of 52 for hessian
Estimating row 24 out of 52 for hessian
Estimating row 25 out of 52 for hessian
Estimating row 26 out of 52 for hessian
Estimating row 27 out of 52 for hessian
Estimating row 28 out of 52 for hessian
Estimating row 29 out of 52 for hessian
Estimating row 30 out of 52 for hessian
Estimating row 31 out of 52 for hessian
Estimating row 32 out of 52 for hessian
Estimating row 33 out of 52 for hessian
Estimating row 34 out of 52 for hessian
Estimating row 35 out of 52 for hessian
Estimating row 36 out of 52 for hessian
Estimating row 37 out of 52 for hessian
Estimating row 38 out of 52 for hessian
Estimating row 39 out of 52 for hessian
Estimating row 40 out of 52 for hessian
Estimating row 41 out of 52 for hessian
Estimating row 42 out of 52 for hessian
Estimating row 43 out of 52 for hessian
Estimating row 44 out of 52 for hessian
Estimating row 45 out of 52 for hessian
Estimating row 46 out of 52 for hessian
Estimating row 47 out of 52 for hessian
Estimating row 48 out of 52 for hessian
Estimating row 49 out of 52 for hessian
Estimating row 50 out of 52 for hessian
Estimating row 51 out of 52 for hessian
Estimating row 52 out of 52 for hessian
size of file gradfil1.tmp = 0
size of file gradfil2.tmp = 0
size of file varssave.tmp = 0
size of file cmpdiff.tmp = 0
