
Initial statistics: 36 variables; iteration 0; function evaluation 0; phase 1
Function value 1.8545086e+04; maximum gradient component mag -6.1723e+04
Var    Value     Gradient |Var    Value     Gradient |Var    Value     Gradient
  1  0.01315 -6.17232e+04 |  2  0.01082  7.14020e+02 |  3  0.06209  6.28381e+02
  4  0.01625  8.57796e+02 |  5 -0.17253  7.63760e+02 |  6 -0.02955  7.26307e+02
  7 -0.15905  7.69776e+02 |  8 -0.03689  7.85270e+02 |  9 -0.02915  4.54142e+02
 10  0.11565 -1.20276e+03 | 11 -0.01340 -6.85894e+01 | 12 -0.03042  1.96076e+02
 13  0.05988 -8.04463e+02 | 14  0.06869 -1.17400e+03 | 15  0.06584 -1.04446e+03
 16 -0.07374 -8.49687e+02 | 17 -0.03102 -1.63642e+03 | 18  0.07886  8.24341e+01
 19  0.08358 -2.45065e+02 | 20 -0.07328 -7.97772e+02 | 21 -0.16764 -4.87440e+02
 22 -0.08427 -5.36297e+02 | 23 -0.00439  3.16718e+02 | 24  0.05389 -8.70869e+02
 25  0.02013  2.09407e+02 | 26  0.09565  3.35191e+02 | 27  0.07187  4.24029e+02
 28  0.06895  1.49222e+02 | 29 -0.01810 -1.19283e+03 | 30 -0.01198 -4.65999e+02
 31  0.04555  1.38569e+03 | 32  0.09042  4.32235e+02 | 33 -0.01513  8.33547e+02
 34  0.01336 -8.42714e+02 | 35 -0.02025  3.18615e+01 | 36 -0.05452  2.11689e+03

Intermediate statistics: 36 variables; iteration 20; function evaluation 30; phase 1
Function value 1.6984877e+04; maximum gradient component mag -2.1403e+04
Var    Value     Gradient |Var    Value     Gradient |Var    Value     Gradient
  1  0.03473 -2.14032e+04 |  2 -0.01264  2.66603e+02 |  3  0.02049  2.34808e+02
  4 -0.05393  2.33659e+02 |  5 -0.15389  3.13388e+02 |  6 -0.05275  2.79906e+02
  7 -0.15639  3.09423e+02 |  8 -0.25123  1.04977e+02 |  9  0.10091  1.08182e+02
 10  0.00509 -4.36520e+02 | 11  0.09515  5.95652e+01 | 12  0.23431  2.85650e+02
 13  0.20353 -2.77257e+01 | 14  0.05932 -7.98539e+02 | 15  0.07416 -2.12367e+02
 16  0.01459  4.88515e+01 | 17  0.04342 -9.16048e+01 | 18  0.06457  1.73977e+01
 19  0.06043 -1.39762e+01 | 20  0.01984  6.82940e+02 | 21  0.00720  2.56195e+02
 22 -0.04121 -3.04245e+01 | 23 -0.00801 -3.65618e+02 | 24  0.06421 -2.38397e+02
 25  0.00140  7.29171e+00 | 26  0.06265 -2.38013e+02 | 27 -0.02223 -6.08978e+02
 28 -0.00594 -1.83742e+02 | 29  0.03197  5.97710e+02 | 30  0.03796  5.41326e+01
 31 -0.07791 -6.77733e+01 | 32  0.04707  1.47263e+02 | 33  0.04001  3.86644e+01
 34 -0.07392  8.14466e+01 | 35 -0.06431 -7.43842e+02 | 36 -0.32806 -9.56155e+01
36 variables; iteration 40; function evaluation 56; phase 1
Function value 1.6764864e+04; maximum gradient component mag -2.8168e+03
Var    Value     Gradient |Var    Value     Gradient |Var    Value     Gradient
  1  0.04309 -2.81681e+03 |  2 -0.08904 -1.05642e+02 |  3  0.02470  2.39609e+01
  4 -0.05533 -1.27618e+01 |  5 -0.18250  8.10393e+00 |  6 -0.09555 -8.42641e+01
  7 -0.21282 -2.02997e+01 |  8 -0.08489  9.92534e+01 |  9 -0.12529 -1.66143e+02
 10  0.15901 -2.43905e+02 | 11  0.04130 -4.99194e+01 | 12  0.13205 -6.88796e+01
 13  0.25621 -3.72707e+00 | 14  0.11562 -4.20553e+01 | 15  0.09929  1.12937e+02
 16  0.01483 -2.07302e+01 | 17  0.05240  2.16724e+01 | 18  0.07625  8.65493e+01
 19  0.08311  9.28391e+01 | 20 -0.04409 -2.25951e+02 | 21 -0.02060 -2.56773e+02
 22 -0.00367  1.60578e+02 | 23  0.03363  1.27682e+02 | 24  0.09021  1.65514e+02
 25  0.02261  1.70036e+02 | 26  0.07250  1.16649e+02 | 27 -0.03748 -3.93853e+02
 28 -0.00731 -3.73653e+01 | 29 -0.01523 -6.84980e+02 | 30  0.03894  1.17754e+01
 31 -0.07053  4.05961e+01 | 32  0.02473 -1.57684e-01 | 33  0.09613  8.91051e+02
 34 -0.12402 -1.55227e+02 | 35 -0.02847  4.39239e+01 | 36 -0.25053  4.36457e+01
36 variables; iteration 60; function evaluation 76; phase 1
Function value 1.6632721e+04; maximum gradient component mag 3.1217e+01
Var    Value     Gradient |Var    Value     Gradient |Var    Value     Gradient
  1  0.05715 -2.31403e+01 |  2 -0.03140 -8.31111e-01 |  3 -0.01045 -2.60366e+00
  4 -0.05859 -2.92751e+00 |  5 -0.17581 -1.36731e+00 |  6 -0.05010 -3.28051e+00
  7 -0.12485 -1.26259e+00 |  8 -0.05797 -2.92011e+00 |  9  0.06204 -2.74874e+00
 10  0.23756 -3.48664e+00 | 11  0.13174  1.28625e-01 | 12  0.22693  2.39191e+00
 13  0.21818  2.66639e+00 | 14  0.09798  1.35019e+01 | 15  0.06475 -1.38747e+00
 16 -0.00682  2.15718e+00 | 17  0.02588  2.69946e+00 | 18  0.04396 -1.98861e+00
 19  0.04687 -4.55161e-01 | 20 -0.05398 -3.64867e+00 | 21 -0.02652  8.25541e+00
 22 -0.04607  1.09915e+00 | 23 -0.00037  5.55020e+00 | 24  0.05217 -9.99275e-01
 25 -0.01766  1.39354e+00 | 26  0.03662 -1.70934e-01 | 27 -0.04860  2.87677e+00
 28 -0.00574  3.12170e+01 | 29 -0.02520  8.91607e-01 | 30  0.01199 -2.97244e+00
 31 -0.09884 -1.46979e+00 | 32  0.00596 -4.42518e+00 | 33  0.01242 -1.03112e+01
 34 -0.11141 -5.60556e+00 | 35 -0.02885 -1.69633e+01 | 36 -0.29427  8.53603e-01

 - final statistics:
36 variables; iteration 66; function evaluation 82
Function value 1.6633e+04; maximum gradient component mag -9.6695e+00
Exit code = 1;  converg criter 1.0000e+01
Var    Value     Gradient |Var    Value     Gradient |Var    Value     Gradient
  1  0.05821 -9.66948e+00 |  2 -0.02971  7.03271e-01 |  3 -0.00725  9.66704e-01
  4 -0.05252 -4.09016e-03 |  5 -0.16751 -2.92600e-01 |  6 -0.04151 -3.58053e-01
  7 -0.11328 -1.79262e-01 |  8 -0.04834 -2.92410e-01 |  9  0.06759 -1.78675e-01
 10  0.23848 -3.47844e-01 | 11  0.13085 -7.39841e-01 | 12  0.22472 -1.26396e-01
 13  0.21554 -8.12944e-01 | 14  0.09399 -5.35288e+00 | 15  0.06297  1.18289e+00
 16 -0.00919 -3.95437e-01 | 17  0.02359 -2.68482e-02 | 18  0.04221  1.01522e+00
 19  0.04487  1.11811e+00 | 20 -0.05563  9.52468e-01 | 21 -0.02926  1.13724e+00
 22 -0.04814  6.05420e-01 | 23 -0.00292  6.71424e-01 | 24  0.05029  9.17458e-01
 25 -0.01981  6.78247e-01 | 26  0.03458 -4.90892e-01 | 27 -0.05107 -7.41784e+00
 28 -0.00871  1.80408e+00 | 29 -0.02741 -2.99078e+00 | 30  0.01018  5.56228e-01
 31 -0.10082  8.06136e-01 | 32  0.00396 -7.00582e-01 | 33  0.01071 -3.05839e+00
 34 -0.11326 -9.42281e-01 | 35 -0.03004  8.61696e+00 | 36 -0.29685  8.67592e-01

Initial statistics: 46 variables; iteration 0; function evaluation 0; phase 2
Function value 1.6632577e+04; maximum gradient component mag 3.0944e+04
Var    Value     Gradient |Var    Value     Gradient |Var    Value     Gradient
  1  0.05821 -9.66948e+00 |  2 -0.02971  7.65498e-01 |  3 -0.00725  1.02900e+00
  4 -0.05252  5.79927e-02 |  5 -0.16750 -2.32449e-01 |  6 -0.04151 -2.95891e-01
  7 -0.11328 -1.17951e-01 |  8 -0.04834 -2.30294e-01 |  9  0.06759 -1.16731e-01
 10  0.23849 -2.89869e-01 | 11  0.13085 -6.78858e-01 | 12  0.22472 -6.79422e-02
 13  0.21555 -7.54185e-01 | 14  0.09399 -5.29126e+00 | 15  0.06297  1.24488e+00
 16 -0.00919 -3.33149e-01 | 17  0.02359  3.54038e-02 | 18  0.04221  1.07738e+00
 19  0.04487  1.18025e+00 | 20 -0.05563  1.01453e+00 | 21 -0.02926  1.19947e+00
 22 -0.04814  6.67536e-01 | 23 -0.00292  7.33719e-01 | 24  0.05029  9.79558e-01
 25 -0.01981  7.40512e-01 | 26  0.03459 -4.28689e-01 | 27 -0.05107 -7.35575e+00
 28 -0.00870  1.86637e+00 | 29 -0.02741 -2.92854e+00 | 30  0.01018  6.18514e-01
 31 -0.10082  8.67651e-01 | 32  0.00396 -6.38288e-01 | 33  0.01072 -2.99611e+00
 34 -0.11325 -8.80970e-01 | 35 -0.03004  8.67919e+00 | 36 -0.29685  9.23238e-01
 37  0.17702 -2.56891e+04 | 38  0.47239  2.70275e+04 | 39  0.49752  8.81549e+03
 40  0.42558  3.09435e+04 | 41 -0.04145 -1.67765e+04 | 42 -0.88721  4.64641e+03
 43 -0.04755  5.23854e+02 | 44 -0.06846 -2.48350e+04 | 45 -0.23279 -5.13832e+02
 46 -0.85749  4.58125e+03 |

Intermediate statistics: 46 variables; iteration 20; function evaluation 51; phase 2
Function value 8.2103446e+03; maximum gradient component mag -3.2827e+04
Var    Value     Gradient |Var    Value     Gradient |Var    Value     Gradient
  1  0.07106 -5.94392e+03 |  2 -0.20957 -2.80651e+02 |  3  0.04409 -1.69235e+02
  4 -0.06431 -1.39311e+02 |  5 -0.41717 -2.02344e+02 |  6 -0.01650 -5.94396e+01
  7 -0.29290 -2.37703e+02 |  8 -0.27090 -1.84676e+02 |  9  0.19204 -2.15656e+02
 10  0.21443 -6.62416e+02 | 11 -0.68373 -1.62755e+02 | 12 -0.68007 -2.74335e+02
 13  0.00410 -5.40631e+02 | 14  0.49567  5.45718e+01 | 15 -0.11676 -3.87056e+02
 16 -0.01129 -3.29084e+02 | 17  0.53670  1.86904e+02 | 18  0.93891  8.87262e+01
 19  1.47666  3.17359e+01 | 20 -2.49252 -2.69085e+02 | 21 -0.13926 -2.80773e+02
 22  0.26175 -2.67100e+02 | 23 -0.24223 -4.51090e+02 | 24 -0.69293 -2.05042e+02
 25 -0.12805 -6.41905e+02 | 26  0.17631 -1.43017e+03 | 27  0.02179 -6.37344e+02
 28 -0.42146 -4.07808e+02 | 29  0.07826 -2.69090e+02 | 30  0.23554 -5.57974e+02
 31  0.12875  1.18489e+02 | 32  0.12831 -2.14898e+02 | 33  0.02079 -6.41670e+01
 34  0.14206  7.40346e+02 | 35 -0.13282 -1.87856e+02 | 36 -1.72777 -1.22231e+02
 37  0.10073 -3.28266e+04 | 38  0.23906  1.06222e+04 | 39  0.24976  4.42309e+03
 40  0.29358  1.53372e+04 | 41 -1.73124  5.79785e+01 | 42 -1.04782 -8.25996e+00
 43 -0.44699 -1.81714e+01 | 44  0.96953 -3.21934e+00 | 45  1.68419 -3.02037e+00
 46 -1.45522 -5.30031e+01 |
  ic > imax  in fminim is answer attained ?
Var    Value     Gradient |Var    Value     Gradient |Var    Value     Gradient
  1  0.07099 -5.94392e+03 |  2 -0.20926 -2.80651e+02 |  3  0.04327 -1.69235e+02
  4 -0.06569 -1.39311e+02 |  5 -0.42022 -2.02344e+02 |  6 -0.02140 -5.94396e+01
  7 -0.29386 -2.37703e+02 |  8 -0.27526 -1.84676e+02 |  9  0.19244 -2.15656e+02
 10  0.22592 -6.62416e+02 | 11 -0.69295 -1.62755e+02 | 12 -0.70673 -2.74335e+02
 13 -0.00692 -5.40631e+02 | 14  0.50055  5.45718e+01 | 15 -0.11096 -3.87056e+02
 16  0.00104 -3.29084e+02 | 17  0.54339  1.86904e+02 | 18  0.94584  8.87262e+01
 19  1.47344  3.17359e+01 | 20 -2.50005 -2.69085e+02 | 21 -0.13805 -2.80773e+02
 22  0.26156 -2.67100e+02 | 23 -0.23398 -4.51090e+02 | 24 -0.70035 -2.05042e+02
 25 -0.12270 -6.41905e+02 | 26  0.16863 -1.43017e+03 | 27  0.03953 -6.37344e+02
 28 -0.43684 -4.07808e+02 | 29  0.06779 -2.69090e+02 | 30  0.24801 -5.57974e+02
 31  0.12756  1.18489e+02 | 32  0.12349 -2.14898e+02 | 33  0.01894 -6.41670e+01
 34  0.13831  7.40346e+02 | 35 -0.13184 -1.87856e+02 | 36 -1.73345 -1.22231e+02
 37  0.10133 -3.28266e+04 | 38  0.23862  1.06222e+04 | 39  0.24578  4.42309e+03
 40  0.29488  1.53372e+04 | 41 -1.73173  5.79785e+01 | 42 -1.04741 -8.25996e+00
 43 -0.44834 -1.81714e+01 | 44  0.96893 -3.21934e+00 | 45  1.71564 -3.02037e+00
 46 -1.45659 -5.30031e+01 |
Function minimizer not making progress ... is minimum attained?
Minimprove criterion = 0.0000e+00

 - final statistics:
46 variables; iteration 21; function evaluation 81
Function value 8.1915e+03; maximum gradient component mag -3.2827e+04
Exit code = 1;  converg criter 1.0000e+01
Var    Value     Gradient |Var    Value     Gradient |Var    Value     Gradient
  1  0.07099 -5.94392e+03 |  2 -0.20926 -2.80651e+02 |  3  0.04327 -1.69235e+02
  4 -0.06569 -1.39311e+02 |  5 -0.42022 -2.02344e+02 |  6 -0.02140 -5.94396e+01
  7 -0.29386 -2.37703e+02 |  8 -0.27526 -1.84676e+02 |  9  0.19244 -2.15656e+02
 10  0.22592 -6.62416e+02 | 11 -0.69295 -1.62755e+02 | 12 -0.70673 -2.74335e+02
 13 -0.00692 -5.40631e+02 | 14  0.50055  5.45718e+01 | 15 -0.11096 -3.87056e+02
 16  0.00104 -3.29084e+02 | 17  0.54339  1.86904e+02 | 18  0.94584  8.87262e+01
 19  1.47344  3.17359e+01 | 20 -2.50005 -2.69085e+02 | 21 -0.13805 -2.80773e+02
 22  0.26156 -2.67100e+02 | 23 -0.23398 -4.51090e+02 | 24 -0.70035 -2.05042e+02
 25 -0.12270 -6.41905e+02 | 26  0.16863 -1.43017e+03 | 27  0.03953 -6.37344e+02
 28 -0.43684 -4.07808e+02 | 29  0.06779 -2.69090e+02 | 30  0.24801 -5.57974e+02
 31  0.12756  1.18489e+02 | 32  0.12349 -2.14898e+02 | 33  0.01894 -6.41670e+01
 34  0.13831  7.40346e+02 | 35 -0.13184 -1.87856e+02 | 36 -1.73345 -1.22231e+02
 37  0.10133 -3.28266e+04 | 38  0.23862  1.06222e+04 | 39  0.24578  4.42309e+03
 40  0.29488  1.53372e+04 | 41 -1.73173  5.79785e+01 | 42 -1.04741 -8.25996e+00
 43 -0.44834 -1.81714e+01 | 44  0.96893 -3.21934e+00 | 45  1.71564 -3.02037e+00
 46 -1.45659 -5.30031e+01 |

Initial statistics: 52 variables; iteration 0; function evaluation 0; phase 3
Function value 8.1627513e+03; maximum gradient component mag -3.2484e+04
Var    Value     Gradient |Var    Value     Gradient |Var    Value     Gradient
  1  0.07099 -5.79991e+03 |  2 -0.20266 -6.98852e+01 |  3  0.04954  5.02399e+01
  4 -0.05940  8.11181e+01 |  5 -0.41233 -2.65047e+01 |  6 -0.01514  1.53768e+02
  7 -0.28689 -3.43854e+01 |  8 -0.26839  1.94626e+01 |  9  0.19901  5.56827e-01
 10  0.23260 -4.51800e+02 | 11 -0.67973 -5.56681e+01 | 12 -0.69295 -1.59430e+02
 13 -0.00067 -2.93832e+02 | 14  0.50947  2.05205e+02 | 15 -0.10461 -1.66964e+02
 16  0.00730 -9.74110e+01 | 17  0.55299  3.29792e+02 | 18  0.98727  2.22668e+01
 19  0.53588  1.19668e+02 | 20  0.50896  4.34653e+02 | 21 -0.13165 -6.21673e+01
 22  0.26840 -6.47962e+01 | 23 -0.22729 -2.51322e+02 | 24 -0.68683 -1.01661e+02
 25 -0.11633 -4.40702e+02 | 26  0.17512 -1.22083e+03 | 27  0.04580 -4.01817e+02
 28 -0.42879 -2.16656e+02 | 29  0.07409 -3.61951e+01 | 30  0.25479 -3.22278e+02
 31  0.13395  3.34692e+02 | 32  0.12988 -3.28848e+00 | 33  0.02520  1.58215e+02
 34  0.14473  9.39201e+02 | 35 -0.12545  3.88506e+01 | 36 -0.25972  3.44614e+02
 37  0.10133 -3.24837e+04 | 38  0.23862  1.05716e+04 | 39  0.24578  4.20948e+03
 40  0.29488  1.56089e+04 | 41 -0.26827 -1.64366e+01 | 42 -0.95259  1.70182e-01
 43  0.38323  2.10390e+03 | 44 -0.27991 -6.38807e+01 | 45  0.12846 -1.02075e+03
 46 -0.32887  6.73834e+02 | 47  0.33096  4.06585e+02 | 48 -0.83901  1.13908e+02
 49 -0.44834 -1.99678e+01 | 50  0.96893  6.36554e-02 | 51  0.28436  1.96093e+00
 52 -0.54341 -3.60215e-03 |
  ic > imax  in fminim is answer attained ?
Var    Value     Gradient |Var    Value     Gradient |Var    Value     Gradient
  1  0.13111 -7.01370e+03 |  2 -0.09931 -2.94976e+02 |  3 -0.08393 -3.43838e+02
  4 -0.15053 -3.24047e+02 |  5 -0.35169 -2.71161e+02 |  6 -0.15419 -3.61231e+02
  7 -0.25934 -2.32902e+02 |  8 -0.27162 -2.89442e+02 |  9 -0.15293 -3.58301e+02
 10  0.02964 -6.38519e+02 | 11 -0.55685 -3.23471e+02 | 12 -0.41432 -3.77318e+02
 13  0.33896 -5.36184e+02 | 14 -0.07683 -6.40240e+02 | 15  0.16614 -2.01283e+02
 16  0.04862 -2.14804e+02 | 17 -0.03717 -3.30060e+02 | 18  0.85092  3.63528e+02
 19  0.26260 -5.19507e+02 | 20 -0.12614 -4.84547e+02 | 21  0.03626 -4.05179e+02
 22 -0.00163 -4.01522e+02 | 23  0.15104 -1.80226e+02 | 24 -0.51978 -3.00874e+02
 25  0.21347 -4.92591e+02 | 26 -0.22949 -5.34218e+02 | 27  0.20209 -6.94583e+02
 28  0.02738 -6.93674e+02 | 29  0.15640 -5.94437e+02 | 30  0.07604 -6.53191e+02
 31  0.12222 -4.93400e+02 | 32  0.43756 -6.32323e+01 | 33  0.23499 -3.29719e+02
 34 -0.07683 -4.65268e+02 | 35  0.18582 -2.84004e+02 | 36 -0.23681 -2.81611e+02
 37  0.09698 -1.77630e+04 | 38  0.19827  9.81187e+03 | 39  0.17913  1.41403e+03
 40  0.11958 -6.83746e+03 | 41 -0.26795 -3.86006e+01 | 42 -0.95415 -5.29012e-01
 43  0.15725  2.29412e+02 | 44 -0.47584 -2.38308e+02 | 45  0.04631 -1.49696e+03
 46 -0.64223  8.64138e+02 | 47  1.35719  3.43253e+02 | 48 -1.04195 -2.20982e-01
 49 -0.41674 -4.87556e+01 | 50  0.97979  9.50139e-02 | 51  0.27871 -4.65137e+00
 52 -0.54318 -3.59959e-03 |
Function minimizer not making progress ... is minimum attained?
Minimprove criterion = 0.0000e+00
Warning: the following parameters had issues
  recdev1[2005] is within 1% of upper bound: -5.0000e+00 < 4.9322e+00 < 5.0000e+00
  selparm[2] is within 1% of lower bound: -1.0000e+00 < -9.7284e-01 < 2.0000e+01
  selparm[8] is within 1% of lower bound: -3.0000e+00 < -2.9742e+00 < 2.0000e+01
  selparm[10] is within 0.1% of upper bound: -1.0000e+00 < 1.4996e+01 < 1.5000e+01


 - final statistics:
52 variables; iteration 15; function evaluation 72
Function value 5.4288e+03; maximum gradient component mag -1.7763e+04
Exit code = 1;  converg criter 1.0000e-04
Var    Value     Gradient |Var    Value     Gradient |Var    Value     Gradient
  1  0.13111 -7.01370e+03 |  2 -0.09931 -2.94976e+02 |  3 -0.08393 -3.43838e+02
  4 -0.15053 -3.24047e+02 |  5 -0.35169 -2.71161e+02 |  6 -0.15419 -3.61231e+02
  7 -0.25934 -2.32902e+02 |  8 -0.27162 -2.89442e+02 |  9 -0.15293 -3.58301e+02
 10  0.02964 -6.38519e+02 | 11 -0.55685 -3.23471e+02 | 12 -0.41432 -3.77318e+02
 13  0.33896 -5.36184e+02 | 14 -0.07683 -6.40240e+02 | 15  0.16614 -2.01283e+02
 16  0.04862 -2.14804e+02 | 17 -0.03717 -3.30060e+02 | 18  0.85092  3.63528e+02
 19  0.26260 -5.19507e+02 | 20 -0.12614 -4.84547e+02 | 21  0.03626 -4.05179e+02
 22 -0.00163 -4.01522e+02 | 23  0.15104 -1.80226e+02 | 24 -0.51978 -3.00874e+02
 25  0.21347 -4.92591e+02 | 26 -0.22949 -5.34218e+02 | 27  0.20209 -6.94583e+02
 28  0.02738 -6.93674e+02 | 29  0.15640 -5.94437e+02 | 30  0.07604 -6.53191e+02
 31  0.12222 -4.93400e+02 | 32  0.43756 -6.32323e+01 | 33  0.23499 -3.29719e+02
 34 -0.07683 -4.65268e+02 | 35  0.18582 -2.84004e+02 | 36 -0.23681 -2.81611e+02
 37  0.09698 -1.77630e+04 | 38  0.19827  9.81187e+03 | 39  0.17913  1.41403e+03
 40  0.11958 -6.83746e+03 | 41 -0.26795 -3.86006e+01 | 42 -0.95415 -5.29012e-01
 43  0.15725  2.29412e+02 | 44 -0.47584 -2.38308e+02 | 45  0.04631 -1.49696e+03
 46 -0.64223  8.64138e+02 | 47  1.35719  3.43253e+02 | 48 -1.04195 -2.20982e-01
 49 -0.41674 -4.87556e+01 | 50  0.97979  9.50139e-02 | 51  0.27871 -4.65137e+00
 52 -0.54318 -3.59959e-03 |
Estimating row 1 out of 52 for hessian
Estimating row 2 out of 52 for hessian
Estimating row 3 out of 52 for hessian
Estimating row 4 out of 52 for hessian
Estimating row 5 out of 52 for hessian
Estimating row 6 out of 52 for hessian
Estimating row 7 out of 52 for hessian
Estimating row 8 out of 52 for hessian
Estimating row 9 out of 52 for hessian
Estimating row 10 out of 52 for hessian
Estimating row 11 out of 52 for hessian
Estimating row 12 out of 52 for hessian
Estimating row 13 out of 52 for hessian
Estimating row 14 out of 52 for hessian
Estimating row 15 out of 52 for hessian
Estimating row 16 out of 52 for hessian
Estimating row 17 out of 52 for hessian
Estimating row 18 out of 52 for hessian
Estimating row 19 out of 52 for hessian
Estimating row 20 out of 52 for hessian
Estimating row 21 out of 52 for hessian
Estimating row 22 out of 52 for hessian
Estimating row 23 out of 52 for hessian
Estimating row 24 out of 52 for hessian
Estimating row 25 out of 52 for hessian
Estimating row 26 out of 52 for hessian
Estimating row 27 out of 52 for hessian
Estimating row 28 out of 52 for hessian
Estimating row 29 out of 52 for hessian
Estimating row 30 out of 52 for hessian
Estimating row 31 out of 52 for hessian
Estimating row 32 out of 52 for hessian
Estimating row 33 out of 52 for hessian
Estimating row 34 out of 52 for hessian
Estimating row 35 out of 52 for hessian
Estimating row 36 out of 52 for hessian
Estimating row 37 out of 52 for hessian
Estimating row 38 out of 52 for hessian
Estimating row 39 out of 52 for hessian
Estimating row 40 out of 52 for hessian
Estimating row 41 out of 52 for hessian
Estimating row 42 out of 52 for hessian
Estimating row 43 out of 52 for hessian
Estimating row 44 out of 52 for hessian
Estimating row 45 out of 52 for hessian
Estimating row 46 out of 52 for hessian
Estimating row 47 out of 52 for hessian
Estimating row 48 out of 52 for hessian
Estimating row 49 out of 52 for hessian
Estimating row 50 out of 52 for hessian
Estimating row 51 out of 52 for hessian
Estimating row 52 out of 52 for hessian
Warning -- Hessian does not appear to be positive definite
Hessian does not appear to be positive definite.
size of file gradfil1.tmp = 0
size of file gradfil2.tmp = 0
size of file varssave.tmp = 0
size of file cmpdiff.tmp = 0
