
Initial statistics: 36 variables; iteration 0; function evaluation 0; phase 1
Function value 5.4897417e+03; maximum gradient component mag 2.9076e+04
Var    Value     Gradient |Var    Value     Gradient |Var    Value     Gradient
  1  0.05711  2.90758e+04 |  2  0.04558 -3.43550e+02 |  3  0.06865 -4.03507e+02
  4  0.01433 -4.31514e+02 |  5 -0.08048 -3.64604e+02 |  6  0.02370 -2.97609e+02
  7 -0.17459 -5.15254e+02 |  8 -0.11287 -4.40499e+02 |  9 -0.02613 -3.69568e+02
 10  0.07893 -2.80452e+02 | 11  0.01106 -1.82639e+02 | 12  0.02180 -1.65683e+02
 13  0.03527 -1.95312e+02 | 14  0.05284 -3.14037e+02 | 15  0.00270 -3.27787e+02
 16 -0.01296 -1.29860e+02 | 17 -0.05683 -4.39850e+02 | 18  0.03086 -5.15784e+02
 19  0.02786 -5.61401e+02 | 20 -0.06419 -3.97331e+02 | 21 -0.10940 -5.83796e+02
 22 -0.07995 -6.29658e+02 | 23  0.02826 -3.65187e+01 | 24  0.03114  3.30264e+01
 25  0.00123 -3.89694e+01 | 26  0.10163  1.75921e+03 | 27  0.02179  6.48527e+02
 28  0.01814  5.93842e+02 | 29 -0.02074 -5.02796e+01 | 30  0.05695  9.77022e+02
 31  0.00989  6.56398e+02 | 32  0.04463  1.19113e+03 | 33  0.00279  1.06483e+03
 34 -0.01769  7.19050e+02 | 35 -0.01864  2.91952e+01 | 36  0.04162  3.68128e+02

Intermediate statistics: 36 variables; iteration 20; function evaluation 31; phase 1
Function value 4.7906204e+03; maximum gradient component mag 7.4221e+03
Var    Value     Gradient |Var    Value     Gradient |Var    Value     Gradient
  1  0.04024  7.42210e+03 |  2  0.08519 -3.05826e+00 |  3  0.08973 -1.07076e+02
  4  0.04622 -8.58417e+01 |  5 -0.09292 -1.17541e+02 |  6  0.01427 -1.20547e+02
  7 -0.09120 -1.23610e+02 |  8 -0.05661 -9.88102e+01 |  9 -0.01880 -1.36915e+02
 10  0.10214 -6.82458e+01 | 11 -0.02120 -8.60501e+01 | 12 -0.01094 -9.47308e+01
 13  0.03933 -8.65944e+01 | 14  0.11524  5.65501e+01 | 15  0.02684 -1.43751e+02
 16 -0.05175 -1.33086e+02 | 17 -0.02664 -1.50566e+02 | 18  0.07484 -1.89938e+02
 19  0.06633 -2.18424e+02 | 20 -0.04820 -1.38871e+02 | 21  0.00831 -7.59883e+01
 22  0.03800 -9.98703e+01 | 23  0.00394 -1.50679e+01 | 24  0.02334 -2.91519e+00
 25  0.00124 -9.38120e+01 | 26  0.06035  6.16282e+02 | 27 -0.00210  1.75313e+02
 28  0.01161  1.99697e+02 | 29  0.00241  5.45869e+01 | 30  0.02796  3.66361e+02
 31 -0.01379  1.33637e+02 | 32  0.02093 -3.94916e+01 | 33 -0.01097  2.15618e+02
 34 -0.00728  3.51000e+02 | 35 -0.00902  1.41407e+02 | 36 -0.43720 -1.23647e+02
36 variables; iteration 40; function evaluation 64; phase 1
Function value 4.7408296e+03; maximum gradient component mag 4.8026e+01
Var    Value     Gradient |Var    Value     Gradient |Var    Value     Gradient
  1  0.03700  4.80257e+01 |  2  0.02019 -1.17026e+00 |  3  0.08477 -1.29488e+00
  4  0.02246  5.82562e-01 |  5 -0.10831 -2.06377e+00 |  6  0.01135 -3.19859e+00
  7 -0.09347 -3.88074e+00 |  8 -0.05891  6.34778e+00 |  9 -0.00211 -8.17010e+00
 10  0.10653  4.58852e+00 | 11 -0.03061 -2.17726e+01 | 12  0.00308  2.55097e+01
 13  0.04876  1.81706e+00 | 14  0.09748 -5.18800e-01 | 15  0.04261 -1.26574e+00
 16 -0.03687  1.99369e+00 | 17 -0.01462  7.15880e-01 | 18  0.09233  1.15878e+01
 19  0.08741 -8.71493e+00 | 20 -0.03268 -8.41423e+00 | 21  0.00578 -2.89946e+00
 22  0.05005  3.94946e+00 | 23 -0.01095 -8.35497e+00 | 24  0.02757  1.04197e+00
 25  0.05303  2.47510e+00 | 26  0.01666  3.68353e+00 | 27  0.00619  4.21612e+00
 28  0.01787  6.91045e+00 | 29  0.01635  2.88565e+00 | 30 -0.00651 -9.10189e+00
 31 -0.02907 -9.36735e-01 | 32  0.05220  5.62434e+00 | 33 -0.03400  1.15614e+00
 34 -0.03577  4.06523e+00 | 35 -0.00830 -1.62860e+00 | 36 -0.38196 -2.26785e+00

 - final statistics:
36 variables; iteration 43; function evaluation 67
Function value 4.7405e+03; maximum gradient component mag 4.6582e+00
Exit code = 1;  converg criter 1.0000e+01
Var    Value     Gradient |Var    Value     Gradient |Var    Value     Gradient
  1  0.03722  4.65819e+00 |  2  0.02035 -5.69111e-02 |  3  0.08502 -5.90627e-02
  4  0.02258 -1.26635e-01 |  5 -0.10665 -7.82574e-02 |  6  0.01302 -1.13362e-01
  7 -0.09074 -1.53005e-02 |  8 -0.06262 -8.72631e-03 |  9  0.00111  5.60566e-02
 10  0.10389  3.29174e-01 | 11 -0.02172  5.03937e-01 | 12 -0.00683 -1.43959e-01
 13  0.04941 -1.77110e-02 | 14  0.09760 -1.95576e-02 | 15  0.04266  2.98206e-02
 16 -0.03806 -1.98202e-01 | 17 -0.01478  7.65064e-02 | 18  0.08989  1.19628e-01
 19  0.08876  8.57598e-02 | 20 -0.03038  3.87212e-02 | 21  0.00624  6.58961e-02
 22  0.04841  8.48299e-02 | 23 -0.00858 -2.75087e-01 | 24  0.02654 -3.74672e-01
 25  0.05255 -3.68332e-01 | 26  0.01607 -4.88988e-01 | 27  0.00576 -3.56663e-01
 28  0.01715  1.68543e-01 | 29  0.01552  4.88801e-01 | 30 -0.00569 -1.07484e-01
 31 -0.02939  1.24942e-03 | 32  0.05135  7.72311e-01 | 33 -0.03430  3.59259e-01
 34 -0.03668  5.17645e-01 | 35 -0.00848 -3.11369e-01 | 36 -0.38024 -3.87300e-01

Initial statistics: 46 variables; iteration 0; function evaluation 0; phase 2
Function value 4.7405113e+03; maximum gradient component mag 2.0551e+04
Var    Value     Gradient |Var    Value     Gradient |Var    Value     Gradient
  1  0.03722  4.65819e+00 |  2  0.02035 -6.02320e-02 |  3  0.08502 -6.23557e-02
  4  0.02258 -1.29956e-01 |  5 -0.10665 -8.15336e-02 |  6  0.01302 -1.16684e-01
  7 -0.09074 -1.85894e-02 |  8 -0.06262 -1.20329e-02 |  9  0.00111  5.27340e-02
 10  0.10389  3.25895e-01 | 11 -0.02172  5.00617e-01 | 12 -0.00683 -1.47282e-01
 13  0.04941 -2.10237e-02 | 14  0.09760 -2.28413e-02 | 15  0.04266  2.65054e-02
 16 -0.03806 -2.01519e-01 | 17 -0.01478  7.31846e-02 | 18  0.08989  1.16339e-01
 19  0.08876  8.24694e-02 | 20 -0.03038  3.54023e-02 | 21  0.00624  6.25736e-02
 22  0.04841  8.15168e-02 | 23 -0.00858 -2.78409e-01 | 24  0.02654 -3.77992e-01
 25  0.05255 -3.71643e-01 | 26  0.01607 -4.92310e-01 | 27  0.00576 -3.59985e-01
 28  0.01715  1.65221e-01 | 29  0.01552  4.85479e-01 | 30 -0.00569 -1.10806e-01
 31 -0.02939 -2.06969e-03 | 32  0.05135  7.69000e-01 | 33 -0.03430  3.55941e-01
 34 -0.03668  5.14328e-01 | 35 -0.00848 -3.14691e-01 | 36 -0.38024 -3.90047e-01
 37  0.29852  1.71486e+03 | 38  0.18131 -1.21405e+04 | 39  0.28333  1.12433e+03
 40  0.35928  2.05514e+04 | 41 -0.07949 -1.79981e+03 | 42 -0.30762  2.67839e+03
 43 -0.06002 -2.16387e+02 | 44 -0.07467 -2.40446e+03 | 45 -0.53505  1.06327e+02
 46 -0.85749  4.76187e+02 |

Intermediate statistics: 46 variables; iteration 20; function evaluation 27; phase 2
Function value 3.6621750e+03; maximum gradient component mag 1.3065e+04
Var    Value     Gradient |Var    Value     Gradient |Var    Value     Gradient
  1  0.06184  3.70573e+03 |  2 -0.03676 -4.48008e+01 |  3 -0.02009 -6.91726e+01
  4 -0.07317 -3.78839e+01 |  5 -0.22818 -6.29032e+01 |  6 -0.09786 -6.51068e+01
  7 -0.21627 -5.61163e+01 |  8 -0.14508 -4.18849e+01 |  9 -0.02285 -9.69858e+00
 10  0.11085  6.93688e+01 | 11 -0.01746  1.16953e+00 | 12  0.02401  3.78212e+01
 13  0.01762 -6.19668e+01 | 14  0.04828 -1.97889e+02 | 15 -0.01959 -2.32793e+02
 16 -0.06118 -1.80344e+02 | 17  0.06388  4.76862e+01 | 18  0.07879 -2.17497e+02
 19  0.12216 -1.30353e+02 | 20  0.01045 -4.93204e+01 | 21  0.00977 -9.25143e+01
 22  0.02366 -1.33950e+02 | 23  0.00558  7.99570e+00 | 24  0.06791  1.20591e+02
 25  0.14339  4.36073e+02 | 26  0.11785  4.92242e+02 | 27  0.12035  5.94421e+02
 28  0.10043  4.00172e+02 | 29  0.11067  2.85977e+02 | 30  0.10712  3.65072e+02
 31  0.07221  3.22915e+02 | 32  0.06398  2.04855e+02 | 33 -0.06598 -1.33888e+02
 34 -0.08337 -2.21435e+02 | 35 -0.04665 -3.86637e+02 | 36 -0.26946  1.00809e+00
 37  0.25941  3.37990e+03 | 38  0.14822 -1.20752e+04 | 39  0.21711 -4.33602e+02
 40  0.27242  1.30651e+04 | 41 -0.05709  4.83664e+02 | 42 -0.44162  5.15672e+01
 43 -0.05955  1.43290e+00 | 44 -0.06672  7.01042e+02 | 45 -0.49265 -3.51017e+00
 46 -1.00161  1.11522e-01 |
46 variables; iteration 40; function evaluation 51; phase 2
Function value 3.0541098e+03; maximum gradient component mag 4.1391e+03
Var    Value     Gradient |Var    Value     Gradient |Var    Value     Gradient
  1  0.06695  2.88877e+03 |  2 -0.13962 -1.87878e+02 |  3 -0.06551 -2.20190e+02
  4 -0.12351 -1.22977e+02 |  5 -0.51841 -9.89923e+01 |  6  0.17211  2.06912e+02
  7  0.04463  6.01820e+01 |  8  0.05573  1.01630e+02 |  9  0.05161  6.85848e+01
 10  0.10743  4.77212e+01 | 11  0.02461  1.34221e+02 | 12  0.00613 -3.47558e+00
 13 -0.01269 -5.61528e+01 | 14  0.08227  5.39074e+01 | 15  0.09374  3.24077e+02
 16 -0.25138 -1.87952e+02 | 17  0.04155  5.98148e+01 | 18  0.03540 -1.71904e+02
 19  0.11632  1.48017e+01 | 20  0.00226  4.31852e+01 | 21 -0.00424  5.03944e+00
 22  0.03297  2.99243e+01 | 23 -0.00350  5.40515e+01 | 24  0.12411  4.21875e+02
 25  0.08450  1.74756e+02 | 26  0.12624  5.63086e+02 | 27  0.07161  2.36808e+02
 28  0.04549  1.09675e+02 | 29  0.07317  1.50483e+02 | 30  0.12593  4.22159e+02
 31  0.00778 -9.91976e+01 | 32  0.08735  1.95336e+02 | 33 -0.01408  1.92827e+01
 34 -0.04663 -5.70670e+01 | 35 -0.04524 -2.63188e+02 | 36 -0.41996 -6.36727e+01
 37  0.25346  2.52809e+03 | 38  0.19237 -3.93564e+03 | 39  0.22297 -4.72808e+01
 40  0.23097  4.13911e+03 | 41 -0.41496  9.51655e+02 | 42 -0.46263 -9.02568e+02
 43  0.22785  1.24257e+02 | 44  0.15725  1.55973e+03 | 45 -0.28744 -1.34169e+01
 46 -1.01742  2.48839e+01 |
46 variables; iteration 60; function evaluation 78; phase 2
Function value 2.6650733e+03; maximum gradient component mag -2.3315e+02
Var    Value     Gradient |Var    Value     Gradient |Var    Value     Gradient
  1  0.03821 -7.92620e+01 |  2  0.00318  7.69096e+00 |  3  0.04649  1.57807e+01
  4 -0.01788  2.00018e+00 |  5 -0.13929  5.38118e+00 |  6 -0.02853  3.01071e+00
  7 -0.12594 -6.44073e-01 |  8 -0.08006  2.64417e+00 |  9  0.00159  9.04541e+00
 10  0.10378  9.77165e+00 | 11 -0.02325  3.17212e+00 | 12 -0.00545 -1.16517e+01
 13  0.03914 -9.84239e+00 | 14  0.07945 -1.93377e+01 | 15  0.01543 -1.09584e+01
 16 -0.05681 -1.81886e+00 | 17 -0.01061 -2.28805e+01 | 18  0.04459 -1.20152e+01
 19  0.06755 -6.39140e+00 | 20 -0.05736 -6.95271e-01 | 21 -0.05956  1.58117e+00
 22 -0.00585  5.95661e+00 | 23 -0.01342 -1.23421e+00 | 24  0.02173 -3.87809e+00
 25  0.04567 -3.43914e+00 | 26  0.06653  7.18587e+00 | 27  0.04329 -1.19995e-01
 28  0.02224 -3.63724e+00 | 29  0.01174  2.49191e+00 | 30  0.04143 -1.49153e+00
 31  0.03791  1.15425e+01 | 32  0.08151  2.11916e+01 | 33  0.00991  2.89993e+01
 34  0.00635  2.69456e+01 | 35  0.03776  3.38259e+01 | 36 -0.20504  7.66656e+00
 37  0.28660 -2.33153e+02 | 38  0.24413 -1.30261e+02 | 39  0.25735 -1.71098e+01
 40  0.24093  2.94172e+01 | 41 -0.48037 -2.12605e+01 | 42 -0.45276  3.76254e+01
 43  0.22918  5.57460e+00 | 44  0.20562 -4.58911e+01 | 45 -0.47244 -5.15346e+00
 46 -1.08114 -5.67370e+00 |

 - final statistics:
46 variables; iteration 71; function evaluation 90
Function value 2.6644e+03; maximum gradient component mag 8.5903e+00
Exit code = 1;  converg criter 1.0000e+01
Var    Value     Gradient |Var    Value     Gradient |Var    Value     Gradient
  1  0.03679  8.59029e+00 |  2  0.00326 -2.79162e-01 |  3  0.04509  4.47341e-02
  4 -0.01700  1.11519e-01 |  5 -0.13994  2.82663e-01 |  6 -0.02653 -1.17485e-01
  7 -0.12222  6.60012e-02 |  8 -0.07783  3.38224e-02 |  9  0.00078  1.61091e-01
 10  0.10346  9.42056e-01 | 11 -0.02299  2.46225e-01 | 12 -0.00294  4.18570e-01
 13  0.04024  1.20030e+00 | 14  0.08166  1.25000e+00 | 15  0.01785  4.82916e-01
 16 -0.05824  2.14711e-02 | 17 -0.00762  3.62667e-01 | 18  0.04427  5.44341e-01
 19  0.06661  6.68668e-01 | 20 -0.05814  3.12918e-01 | 21 -0.06178  3.05973e-02
 22 -0.00767  1.55724e-01 | 23 -0.01051  1.37579e-01 | 24  0.02289  4.13612e-01
 25  0.04602 -6.46724e-02 | 26  0.06585  2.33776e-01 | 27  0.04360 -2.69818e-01
 28  0.02298 -2.50953e-01 | 29  0.00992 -1.72256e-01 | 30  0.04089 -1.71633e-01
 31  0.03598 -4.49399e-01 | 32  0.08154 -8.82598e-01 | 33  0.00861 -7.03180e-01
 34  0.00765 -3.26228e-01 | 35  0.03516  4.21936e-01 | 36 -0.21579  1.97552e-01
 37  0.28916  3.72890e+00 | 38  0.24627  1.19756e-01 | 39  0.25894  4.24293e-01
 40  0.24263  4.16337e-01 | 41 -0.49439 -9.96942e-01 | 42 -0.45218  1.75398e+00
 43  0.24147  5.57061e-01 | 44  0.21566 -2.47465e+00 | 45 -0.46905 -3.90437e-01
 46 -1.08050 -2.63935e-01 |

Initial statistics: 52 variables; iteration 0; function evaluation 0; phase 3
Function value 2.6644347e+03; maximum gradient component mag -1.1030e+03
Var    Value     Gradient |Var    Value     Gradient |Var    Value     Gradient
  1  0.03679  8.59029e+00 |  2  0.00325 -4.24840e-01 |  3  0.04509 -1.00580e-01
  4 -0.01701 -3.41087e-02 |  5 -0.13995  1.40489e-01 |  6 -0.02653 -2.63038e-01
  7 -0.12223 -7.70018e-02 |  8 -0.07784 -1.10770e-01 |  9  0.00078  1.54115e-02
 10  0.10345  7.98297e-01 | 11 -0.02299  1.00641e-01 | 12 -0.00295  2.72891e-01
 13  0.04023  1.05491e+00 | 14  0.08166  1.10551e+00 | 15  0.01784  3.37294e-01
 16 -0.05825 -1.23599e-01 | 17 -0.00762  2.16998e-01 | 18  0.04427  3.99014e-01
 19  0.06660  5.23785e-01 | 20 -0.05815  1.67845e-01 | 21 -0.06178 -1.14397e-01
 22 -0.00768  1.00546e-02 | 23 -0.01052 -8.08119e-03 | 24  0.02289  2.68026e-01
 25  0.04601 -2.09972e-01 | 26  0.06584  8.88744e-02 | 27  0.04360 -4.15156e-01
 28  0.02298 -3.96538e-01 | 29  0.00992 -3.17918e-01 | 30  0.04089 -3.17013e-01
 31  0.03597 -5.94846e-01 | 32  0.08154 -1.02709e+00 | 33  0.00861 -8.48846e-01
 34  0.00764 -4.71897e-01 | 35  0.03516  2.76479e-01 | 36 -0.21579  6.01610e-02
 37  0.28916  3.72890e+00 | 38  0.24627  1.19756e-01 | 39  0.25894  4.24293e-01
 40  0.24263  4.16337e-01 | 41 -0.49439 -9.96942e-01 | 42 -0.45218  1.75398e+00
 43  0.81459  1.84001e+02 | 44 -0.22278 -8.45256e+02 | 45  0.06897 -1.10303e+03
 46 -0.31233  6.42796e+02 | 47  0.19990 -5.23997e+02 | 48 -0.30724  4.29741e+02
 49  0.24147  5.57061e-01 | 50  0.21566 -2.47465e+00 | 51 -0.46905 -3.90437e-01
 52 -0.91950  2.63935e-01 |

Intermediate statistics: 52 variables; iteration 20; function evaluation 26; phase 3
Function value 2.2222016e+03; maximum gradient component mag -3.1628e+03
Var    Value     Gradient |Var    Value     Gradient |Var    Value     Gradient
  1  0.03286 -3.16283e+03 |  2 -0.00755 -3.40907e+00 |  3  0.03462 -4.58761e+01
  4 -0.00933  2.96527e+01 |  5 -0.13183  4.86097e+01 |  6 -0.01716  2.12995e+01
  7 -0.10791  5.03850e+01 |  8 -0.06928  2.24781e+01 |  9  0.00436 -3.91016e+01
 10  0.10133 -2.41118e+02 | 11 -0.03026 -3.48701e+01 | 12  0.01784 -4.39677e+01
 13  0.01070 -1.63491e+02 | 14  0.08217 -1.07974e+02 | 15 -0.03518 -3.75178e+01
 16 -0.01382 -7.75090e+01 | 17 -0.02924 -7.58980e+01 | 18  0.02176  3.78884e+01
 19  0.05592  8.12072e+01 | 20 -0.06843  4.87379e+01 | 21 -0.12008  7.42209e+01
 22 -0.03303  2.60722e+01 | 23  0.02480 -6.41242e+01 | 24 -0.00402 -2.22371e+01
 25 -0.01544 -3.04069e+01 | 26  0.05690 -1.65762e+02 | 27  0.03377 -1.18560e+02
 28  0.02309  6.97443e+01 | 29  0.00435  1.94940e+02 | 30  0.02888  2.49606e+02
 31  0.04165  8.23689e+01 | 32  0.08956  5.09478e+01 | 33  0.02196  5.34905e+00
 34 -0.01818 -1.01257e+01 | 35  0.03911  6.67847e+01 | 36  0.01459  4.73395e+01
 37  0.28190 -8.32984e+02 | 38  0.31500  1.06210e+03 | 39  0.27222  1.82197e+02
 40  0.25571 -1.18460e+03 | 41 -0.52419 -7.86939e+02 | 42 -0.45134  1.15702e+03
 43  0.64222  2.42232e+01 | 44 -0.04399  1.30740e+02 | 45  0.65627  1.51754e+02
 46 -0.41895 -5.61217e+02 | 47  0.24643  6.53607e+02 | 48 -0.46388 -1.37108e+02
 49  0.24088 -1.77175e+02 | 50  0.22006 -1.40495e+03 | 51 -0.45216  7.91913e+01
 52 -0.91950  1.33264e+02 |
52 variables; iteration 40; function evaluation 56; phase 3
Function value 2.1707480e+03; maximum gradient component mag -6.4765e+02
Var    Value     Gradient |Var    Value     Gradient |Var    Value     Gradient
  1  0.03350 -6.08962e+02 |  2  0.02306  3.90521e+01 |  3  0.04465 -1.03773e+01
  4 -0.02297 -2.45153e+01 |  5 -0.12638  2.65361e+01 |  6 -0.02800 -1.97898e+01
  7 -0.11026  2.53654e+01 |  8 -0.06520  1.52565e+01 |  9  0.01421  7.87713e+00
 10  0.11676 -1.35355e+01 | 11 -0.06395 -6.45691e+01 | 12  0.02148  2.36201e+01
 13  0.01883 -6.31596e+01 | 14  0.07992  2.04989e+01 | 15 -0.01142  5.40108e+01
 16 -0.03635 -5.13419e+01 | 17 -0.01189  2.86010e+01 | 18  0.02526  2.88965e+01
 19  0.05180  3.04406e+01 | 20 -0.05716  3.78483e+01 | 21 -0.12905  2.06250e+01
 22 -0.04191 -6.93404e+00 | 23  0.03016 -3.08784e+01 | 24 -0.00077 -1.79484e+01
 25 -0.01980 -4.71136e+01 | 26  0.05990 -6.39004e+01 | 27  0.04387  7.08253e+01
 28  0.02042  4.88240e+01 | 29 -0.01504 -5.25220e+01 | 30  0.00809 -3.34356e+01
 31  0.04531  4.47576e+01 | 32  0.08866  5.85098e+00 | 33  0.00778 -7.57068e+01
 34 -0.00868  1.10087e+01 | 35  0.03696  7.10177e+01 | 36  0.01206  1.77347e+01
 37  0.28068  3.28929e+02 | 38  0.30057  4.18016e+01 | 39  0.26545 -4.65894e+01
 40  0.25608 -6.47646e+02 | 41 -0.65067 -1.01291e+02 | 42 -0.45190  1.86029e+02
 43  0.56949 -5.35805e+01 | 44 -0.06078  1.76494e+02 | 45  0.59452  1.90657e+02
 46 -0.41424 -2.99023e+02 | 47  0.22119  1.09270e+02 | 48 -0.48471 -2.87001e+02
 49  0.31644 -1.87364e+01 | 50  0.29221 -2.34102e+02 | 51 -0.46684  6.15200e+00
 52 -0.94157  1.63330e+01 |
52 variables; iteration 60; function evaluation 87; phase 3
Function value 2.1208801e+03; maximum gradient component mag 1.6440e+03
Var    Value     Gradient |Var    Value     Gradient |Var    Value     Gradient
  1  0.03464  5.24120e+02 |  2  0.01406 -1.06848e+00 |  3  0.05433 -1.49771e+01
  4 -0.00101  3.83114e+00 |  5 -0.12918 -1.14438e+01 |  6 -0.00917  3.23415e+00
  7 -0.10526 -4.42543e+00 |  8 -0.07066 -1.32510e+01 |  9  0.00276 -1.66245e+01
 10  0.10077 -1.35679e+01 | 11 -0.03587 -2.84924e+01 | 12  0.00604  6.72527e+01
 13  0.04642  9.84958e+01 | 14  0.06445 -2.96555e+01 | 15 -0.01184 -2.50390e+01
 16 -0.03472  4.70131e+00 | 17 -0.01554  2.03554e+01 | 18  0.02372  3.23231e+01
 19  0.04482  4.79329e+00 | 20 -0.05869 -1.87746e+01 | 21 -0.12880  7.66161e+00
 22 -0.04013  1.62773e+00 | 23  0.02455 -3.40960e+01 | 24 -0.00551 -8.32149e+00
 25  0.00754  1.35197e+02 | 26  0.06078  1.28644e+02 | 27  0.03369 -5.58529e+01
 28  0.01223 -3.28082e+01 | 29 -0.00256  7.43002e+01 | 30  0.01509  6.84790e+01
 31  0.03254 -2.48942e+01 | 32  0.07124 -7.33162e+01 | 33  0.01400 -9.94194e+01
 34 -0.01030 -1.10161e+02 | 35  0.02488 -8.02491e+01 | 36  0.00278  1.06269e+01
 37  0.28061  1.64404e+03 | 38  0.28695  4.96703e+02 | 39  0.26636  4.34414e+00
 40  0.25654 -8.51717e+02 | 41 -0.70821 -9.63490e+01 | 42 -0.44858  2.75937e+02
 43  0.43011 -1.42512e+02 | 44 -0.31999  1.40895e+02 | 45  0.44538 -1.75410e+02
 46 -0.40568  4.38292e+02 | 47  0.22294  7.67827e+01 | 48 -0.48014 -1.01782e+02
 49  0.32175 -4.81802e+01 | 50  0.31312 -2.30633e+02 | 51 -0.48024  1.88652e+01
 52 -1.02122 -8.24197e+00 |
52 variables; iteration 80; function evaluation 108; phase 3
Function value 2.1003459e+03; maximum gradient component mag 4.1564e+00
Var    Value     Gradient |Var    Value     Gradient |Var    Value     Gradient
  1  0.03311  4.15636e+00 |  2  0.00825  3.31989e-02 |  3  0.05129 -2.28212e-03
  4 -0.01294  4.84325e-02 |  5 -0.13633 -2.67792e-02 |  6 -0.02230  4.60718e-02
  7 -0.11841 -6.20721e-02 |  8 -0.07247 -7.19781e-03 |  9  0.00829  6.59642e-02
 10  0.10581  2.86317e-01 | 11 -0.02189 -5.43469e-04 | 12 -0.00365  1.23075e-01
 13  0.03668  1.48486e-01 | 14  0.07726  8.67908e-02 | 15 -0.00511  8.28149e-02
 16 -0.03258  3.06213e-01 | 17 -0.01463  2.56447e-01 | 18  0.02651  4.00454e-03
 19  0.05064  9.44279e-03 | 20 -0.05081 -1.80881e-01 | 21 -0.13296 -1.19721e-01
 22 -0.04027 -2.00850e-01 | 23  0.03601 -4.31864e-01 | 24  0.00009 -4.98753e-01
 25 -0.01489 -2.09672e-01 | 26  0.06183 -4.71320e-01 | 27  0.03996 -7.90718e-02
 28  0.01693  3.49119e-02 | 29 -0.00684 -1.29406e-01 | 30  0.00929 -2.67634e-02
 31  0.03634 -1.61743e-01 | 32  0.07540  8.15802e-02 | 33  0.01966  2.24320e-01
 34 -0.00210  4.20935e-01 | 35  0.03028  5.98797e-01 | 36 -0.00413 -9.54081e-02
 37  0.27414 -2.55664e+00 | 38  0.28509  5.64934e-01 | 39  0.26647  3.35759e-01
 40  0.26057  6.28544e-01 | 41 -0.64456 -2.84714e-01 | 42 -0.45401  2.21805e+00
 43  0.40317  2.83467e-01 | 44 -0.35041 -1.25946e-01 | 45  0.44351 -1.72253e-01
 46 -0.43666  4.00926e-01 | 47  0.22507  3.79520e-01 | 48 -0.47763 -1.78624e-01
 49  0.31843  1.72173e-01 | 50  0.29037 -8.62261e-01 | 51 -0.46476  2.70374e-02
 52 -0.94091  1.69992e-01 |
52 variables; iteration 100; function evaluation 131; phase 3
Function value 2.1003446e+03; maximum gradient component mag -1.6483e+00
Var    Value     Gradient |Var    Value     Gradient |Var    Value     Gradient
  1  0.03310 -1.64833e+00 |  2  0.00822  2.23995e-02 |  3  0.05129  1.91465e-02
  4 -0.01300  2.45881e-02 |  5 -0.13640  2.30454e-02 |  6 -0.02237  2.24185e-02
  7 -0.11848  2.33801e-02 |  8 -0.07252  2.31866e-02 |  9  0.00827  2.19213e-02
 10  0.10580  1.67572e-02 | 11 -0.02187  1.80371e-02 | 12 -0.00368  1.60760e-02
 13  0.03670 -8.48672e-03 | 14  0.07728 -3.40822e-02 | 15 -0.00508 -1.62312e-02
 16 -0.03261 -2.10055e-02 | 17 -0.01463 -1.04817e-02 | 18  0.02651  2.20868e-04
 19  0.05064  2.70161e-03 | 20 -0.05078  9.33420e-04 | 21 -0.13295 -1.91094e-03
 22 -0.04025 -5.58473e-03 | 23  0.03606 -1.80484e-02 | 24  0.00014 -1.19599e-02
 25 -0.01489  8.09264e-04 | 26  0.06186 -3.11426e-02 | 27  0.03997 -4.16753e-02
 28  0.01694 -3.70147e-02 | 29 -0.00682 -1.58923e-02 | 30  0.00929 -7.39727e-03
 31  0.03637 -3.67483e-03 | 32  0.07542 -1.75092e-02 | 33  0.01967 -2.47152e-03
 34 -0.00210  5.57526e-03 | 35  0.03025  1.09012e-02 | 36 -0.00405  3.60950e-02
 37  0.27415 -1.21248e-01 | 38  0.28510 -3.35528e-02 | 39  0.26647 -1.55566e-02
 40  0.26057 -4.45214e-02 | 41 -0.64245 -4.30239e-01 | 42 -0.46036  1.44342e+00
 43  0.40320  1.79664e-02 | 44 -0.35040 -9.21938e-03 | 45  0.44351  1.53028e-03
 46 -0.43669  5.95943e-03 | 47  0.22506  9.72812e-03 | 48 -0.47763 -1.11532e-02
 49  0.31750 -8.51098e-04 | 50  0.28949 -1.03922e+00 | 51 -0.45652  6.45527e-03
 52 -0.89289  2.25585e-01 |
52 variables; iteration 120; function evaluation 156; phase 3
Function value 2.1003438e+03; maximum gradient component mag 1.5808e+00
Var    Value     Gradient |Var    Value     Gradient |Var    Value     Gradient
  1  0.03310 -4.90350e-01 |  2  0.00823  2.02270e-02 |  3  0.05130  2.28239e-02
  4 -0.01298  1.66152e-02 |  5 -0.13639  9.71462e-03 |  6 -0.02236  1.64835e-02
  7 -0.11848  1.94313e-03 |  8 -0.07252  5.29898e-03 |  9  0.00827  1.13206e-02
 10  0.10580  2.13709e-02 | 11 -0.02187  9.37773e-03 | 12 -0.00368 -1.81765e-03
 13  0.03670 -2.31090e-02 | 14  0.07727 -5.00733e-02 | 15 -0.00508 -2.54126e-02
 16 -0.03261 -1.29729e-02 | 17 -0.01464 -6.41768e-03 | 18  0.02651 -1.66424e-02
 19  0.05063 -4.35537e-02 | 20 -0.05078 -1.56753e-02 | 21 -0.13295 -7.90575e-03
 22 -0.04024  2.10312e-02 | 23  0.03606  5.69953e-02 | 24  0.00014  5.39215e-02
 25 -0.01489  2.32414e-02 | 26  0.06186 -1.80285e-02 | 27  0.03997 -3.21624e-02
 28  0.01693 -6.75483e-02 | 29 -0.00682 -2.97462e-02 | 30  0.00929 -4.14029e-03
 31  0.03637 -1.62759e-02 | 32  0.07541 -1.77695e-02 | 33  0.01967 -3.51104e-03
 34 -0.00210  2.32232e-02 | 35  0.03025  3.77235e-02 | 36 -0.00405  2.25533e-02
 37  0.27416  7.87942e-02 | 38  0.28510  1.97589e-02 | 39  0.26647  2.15290e-02
 40  0.26057  9.10188e-02 | 41 -0.65226 -4.94698e-01 | 42 -0.47232  1.58082e+00
 43  0.40320  4.39774e-03 | 44 -0.35040 -1.15310e-02 | 45  0.44352  2.30836e-02
 46 -0.43669 -4.09825e-02 | 47  0.22506 -1.69357e-02 | 48 -0.47763 -6.32941e-03
 49  0.32152 -2.26120e-02 | 50  0.29345 -1.20117e+00 | 51 -0.44122  4.49274e-03
 52 -0.83738  3.99214e-01 |
52 variables; iteration 140; function evaluation 182; phase 3
Function value 2.1003434e+03; maximum gradient component mag 1.0077e+00
Var    Value     Gradient |Var    Value     Gradient |Var    Value     Gradient
  1  0.03310 -7.98735e-01 |  2  0.00822  1.33087e-02 |  3  0.05129  1.39063e-02
  4 -0.01299  1.37612e-02 |  5 -0.13640  1.17852e-02 |  6 -0.02236  1.33343e-02
  7 -0.11848  1.00585e-02 |  8 -0.07252  1.06739e-02 |  9  0.00827  1.10179e-02
 10  0.10580  9.81846e-03 | 11 -0.02187  1.02697e-02 | 12 -0.00368  4.26458e-03
 13  0.03670 -1.00342e-02 | 14  0.07728 -2.73190e-02 | 15 -0.00508 -1.44084e-02
 16 -0.03261 -1.32143e-02 | 17 -0.01463 -8.74386e-03 | 18  0.02651 -4.24363e-03
 19  0.05064 -1.06208e-02 | 20 -0.05078 -3.88374e-03 | 21 -0.13295 -2.69807e-03
 22 -0.04025  2.43499e-03 | 23  0.03606  5.73944e-03 | 24  0.00014  9.07515e-03
 25 -0.01489  5.29094e-03 | 26  0.06186 -1.44238e-02 | 27  0.03997 -2.14827e-02
 28  0.01694 -3.02346e-02 | 29 -0.00682 -1.26660e-02 | 30  0.00929 -1.57693e-03
 31  0.03637 -2.96246e-03 | 32  0.07542 -7.15491e-03 | 33  0.01967 -1.54296e-03
 34 -0.00210  5.24397e-03 | 35  0.03025  1.28445e-02 | 36 -0.00405  2.08431e-02
 37  0.27415 -2.03512e-02 | 38  0.28510 -1.26733e-03 | 39  0.26647  6.48311e-04
 40  0.26057  1.24525e-02 | 41 -0.66875 -2.87302e-01 | 42 -0.48630  1.00771e+00
 43  0.40320  6.31690e-03 | 44 -0.35040 -6.00447e-03 | 45  0.44351  4.85863e-03
 46 -0.43669 -9.08541e-03 | 47  0.22506 -2.68247e-03 | 48 -0.47763 -1.30534e-03
 49  0.32814 -5.90747e-03 | 50  0.29990 -7.25235e-01 | 51 -0.42400  4.49652e-03
 52 -0.79088  3.31941e-01 |
52 variables; iteration 160; function evaluation 208; phase 3
Function value 2.1003432e+03; maximum gradient component mag -9.0208e-01
Var    Value     Gradient |Var    Value     Gradient |Var    Value     Gradient
  1  0.03310 -9.02079e-01 |  2  0.00822  5.87365e-03 |  3  0.05129  3.67538e-03
  4 -0.01300  9.24988e-03 |  5 -0.13640  1.18540e-02 |  6 -0.02237  8.87822e-03
  7 -0.11849  1.47496e-02 |  8 -0.07252  1.30194e-02 |  9  0.00827  9.09508e-03
 10  0.10580 -2.59360e-04 | 11 -0.02187  9.17025e-03 | 12 -0.00368  8.47678e-03
 13  0.03670  2.21916e-03 | 14  0.07728 -6.28629e-03 | 15 -0.00508 -1.45511e-03
 16 -0.03261 -8.22415e-03 | 17 -0.01463 -6.04642e-03 | 18  0.02651  3.87229e-03
 19  0.05064  1.38030e-02 | 20 -0.05078  5.91679e-03 | 21 -0.13295  2.62903e-03
 22 -0.04025 -1.12809e-02 | 23  0.03605 -3.38650e-02 | 24  0.00014 -2.60818e-02
 25 -0.01489 -1.07615e-02 | 26  0.06186 -1.16529e-02 | 27  0.03997 -1.03268e-02
 28  0.01694  3.20409e-03 | 29 -0.00682  2.93538e-03 | 30  0.00930  3.00075e-03
 31  0.03637  5.06983e-03 | 32  0.07542 -1.60709e-03 | 33  0.01967 -8.80690e-04
 34 -0.00210 -6.50136e-03 | 35  0.03025 -8.80614e-03 | 36 -0.00405  1.39771e-02
 37  0.27415 -1.34738e-01 | 38  0.28510 -2.87640e-02 | 39  0.26647 -1.84144e-02
 40  0.26057 -6.85062e-02 | 41 -0.68554 -7.51577e-02 | 42 -0.50012  2.91065e-01
 43  0.40320  1.02737e-02 | 44 -0.35040 -4.26041e-04 | 45  0.44351 -7.84929e-03
 46 -0.43669  1.48810e-02 | 47  0.22506  8.28779e-03 | 48 -0.47763  1.11893e-03
 49  0.33462  7.21922e-03 | 50  0.30621 -1.92442e-01 | 51 -0.40766  2.64148e-03
 52 -0.75386  1.09503e-01 |
52 variables; iteration 180; function evaluation 234; phase 3
Function value 2.1003431e+03; maximum gradient component mag -6.4721e-01
Var    Value     Gradient |Var    Value     Gradient |Var    Value     Gradient
  1  0.03310 -6.47212e-01 |  2  0.00822  5.52791e-03 |  3  0.05129  3.85767e-03
  4 -0.01300  7.69002e-03 |  5 -0.13640  8.86630e-03 |  6 -0.02237  7.22481e-03
  7 -0.11848  1.00048e-02 |  8 -0.07252  9.05886e-03 |  9  0.00827  6.84357e-03
 10  0.10580  1.17591e-03 | 11 -0.02187  6.91403e-03 | 12 -0.00368  5.40503e-03
 13  0.03670 -1.35702e-03 | 14  0.07728 -9.55658e-03 | 15 -0.00508 -3.37083e-03
 16 -0.03261 -6.68617e-03 | 17 -0.01463 -4.72453e-03 | 18  0.02651  5.86251e-04
 19  0.05064  4.64649e-03 | 20 -0.05078  2.51286e-03 | 21 -0.13295  1.11045e-03
 22 -0.04025 -5.07355e-03 | 23  0.03605 -1.64029e-02 | 24  0.00014 -1.11667e-02
 25 -0.01489 -5.38452e-03 | 26  0.06186 -1.00196e-02 | 27  0.03997 -9.64764e-03
 28  0.01694 -4.46043e-03 | 29 -0.00682 -8.73497e-04 | 30  0.00930  2.49186e-03
 31  0.03637  1.64949e-03 | 32  0.07542 -2.49359e-03 | 33  0.01967  4.24172e-04
 34 -0.00210 -1.76959e-03 | 35  0.03025 -1.89323e-03 | 36 -0.00405  1.10468e-02
 37  0.27415 -9.46628e-02 | 38  0.28510 -1.62580e-02 | 39  0.26647 -1.02466e-02
 40  0.26057 -3.65580e-02 | 41 -0.70217 -8.86187e-02 | 42 -0.51497  3.23019e-01
 43  0.40320  8.43571e-03 | 44 -0.35040 -1.98363e-03 | 45  0.44351 -2.83324e-03
 46 -0.43669  4.49384e-03 | 47  0.22506  3.56259e-03 | 48 -0.47763 -1.45773e-04
 49  0.34074  9.04586e-04 | 50  0.31219 -2.31805e-01 | 51 -0.39085  4.19816e-03
 52 -0.71995  1.43360e-01 |
52 variables; iteration 200; function evaluation 260; phase 3
Function value 2.1003430e+03; maximum gradient component mag 2.0584e-01
Var    Value     Gradient |Var    Value     Gradient |Var    Value     Gradient
  1  0.03310  2.05836e-01 |  2  0.00822  9.40225e-04 |  3  0.05129  1.58825e-03
  4 -0.01299  4.57015e-05 |  5 -0.13640 -2.00378e-03 |  6 -0.02236 -1.73003e-04
  7 -0.11848 -4.47416e-03 |  8 -0.07252 -3.58720e-03 |  9  0.00827 -1.60997e-03
 10  0.10580  1.92563e-03 | 11 -0.02187 -1.37912e-03 | 12 -0.00368 -3.27877e-03
 13  0.03670 -6.25678e-03 | 14  0.07728 -7.59666e-03 | 15 -0.00508 -2.96355e-03
 16 -0.03261  1.72325e-03 | 17 -0.01463  1.33155e-03 | 18  0.02651 -5.36239e-03
 19  0.05064 -1.36264e-02 | 20 -0.05078 -4.44159e-03 | 21 -0.13295 -1.78652e-03
 22 -0.04024  7.90679e-03 | 23  0.03606  2.13508e-02 | 24  0.00014  1.98563e-02
 25 -0.01489  6.03463e-03 | 26  0.06186 -9.80733e-04 | 27  0.03997 -1.64630e-03
 28  0.01693 -1.29903e-02 | 29 -0.00682 -5.86878e-03 | 30  0.00929  5.20545e-04
 31  0.03637 -4.83262e-03 | 32  0.07541 -2.07543e-03 | 33  0.01967  2.55356e-03
 34 -0.00210  6.78274e-03 | 35  0.03025  1.00773e-02 | 36 -0.00405 -1.92712e-03
 37  0.27416  1.84780e-02 | 38  0.28510  1.52411e-02 | 39  0.26647  9.03828e-03
 40  0.26057  2.91440e-02 | 41 -0.71542 -4.64488e-02 | 42 -0.52883  1.04619e-01
 43  0.40320  1.13420e-04 | 44 -0.35040 -2.77600e-03 | 45  0.44351  6.37526e-03
 46 -0.43669 -1.45729e-02 | 47  0.22506 -7.10677e-03 | 48 -0.47763 -1.78211e-03
 49  0.34542 -8.49316e-03 | 50  0.31676 -1.05602e-01 | 51 -0.37579  1.43215e-03
 52 -0.69209  4.88121e-02 |
52 variables; iteration 220; function evaluation 287; phase 3
Function value 2.1003430e+03; maximum gradient component mag -5.2926e-01
Var    Value     Gradient |Var    Value     Gradient |Var    Value     Gradient
  1  0.03310 -5.29258e-01 |  2  0.00822  5.72435e-03 |  3  0.05129  3.81241e-03
  4 -0.01299  6.90506e-03 |  5 -0.13640  7.58732e-03 |  6 -0.02237  6.37075e-03
  7 -0.11848  7.62227e-03 |  8 -0.07252  7.03013e-03 |  9  0.00827  5.64059e-03
 10  0.10580  1.53349e-03 | 11 -0.02187  5.63550e-03 | 12 -0.00368  3.70763e-03
 13  0.03670 -3.25549e-03 | 14  0.07728 -1.26096e-02 | 15 -0.00508 -4.20118e-03
 16 -0.03261 -4.99699e-03 | 17 -0.01463 -2.97753e-03 | 18  0.02651 -2.15235e-03
 19  0.05064 -2.65577e-03 | 20 -0.05078  1.54502e-04 | 21 -0.13295  5.04614e-04
 22 -0.04025 -3.21697e-04 | 23  0.03606 -4.14765e-03 | 24  0.00014 -1.50303e-04
 25 -0.01489 -1.05402e-03 | 26  0.06186 -9.83334e-03 | 27  0.03997 -1.11271e-02
 28  0.01694 -1.15225e-02 | 29 -0.00682 -4.05145e-03 | 30  0.00930  2.15778e-03
 31  0.03637 -1.49321e-03 | 32  0.07542 -4.53499e-03 | 33  0.01967  7.70998e-04
 34 -0.00210  1.92863e-03 | 35  0.03025  3.25354e-03 | 36 -0.00405  9.93761e-03
 37  0.27415 -7.41094e-02 | 38  0.28510 -1.08211e-02 | 39  0.26647 -6.05359e-03
 40  0.26057 -2.52832e-02 | 41 -0.72593 -1.00237e-01 | 42 -0.54330  3.32169e-01
 43  0.40320  7.64608e-03 | 44 -0.35040 -2.70076e-03 | 45  0.44351  1.13953e-03
 46 -0.43669 -2.68068e-03 | 47  0.22506  4.82334e-04 | 48 -0.47763 -8.66004e-04
 49  0.34901 -7.37933e-03 | 50  0.32026 -2.73914e-01 | 51 -0.36069  8.22731e-03
 52 -0.66592  1.83467e-01 |
52 variables; iteration 240; function evaluation 314; phase 3
Function value 2.1003429e+03; maximum gradient component mag -9.2117e-01
Var    Value     Gradient |Var    Value     Gradient |Var    Value     Gradient
  1  0.03310 -9.21170e-01 |  2  0.00822  8.30269e-03 |  3  0.05129  5.21532e-03
  4 -0.01300  1.07306e-02 |  5 -0.13640  1.26066e-02 |  6 -0.02237  1.00586e-02
  7 -0.11848  1.38546e-02 |  8 -0.07252  1.26130e-02 |  9  0.00827  9.45214e-03
 10  0.10580  1.12551e-03 | 11 -0.02187  9.16075e-03 | 12 -0.00368  7.34988e-03
 13  0.03670 -1.35592e-03 | 14  0.07728 -1.57453e-02 | 15 -0.00508 -5.03159e-03
 16 -0.03261 -8.13815e-03 | 17 -0.01463 -4.89854e-03 | 18  0.02651 -1.61938e-04
 19  0.05064  2.91693e-03 | 20 -0.05078  2.64885e-03 | 21 -0.13295  1.78320e-03
 22 -0.04025 -4.73822e-03 | 23  0.03605 -1.76118e-02 | 24  0.00014 -1.07393e-02
 25 -0.01489 -4.30615e-03 | 26  0.06186 -1.47123e-02 | 27  0.03997 -1.67992e-02
 28  0.01694 -1.14000e-02 | 29 -0.00682 -3.22037e-03 | 30  0.00930  2.25862e-03
 31  0.03637  9.87620e-04 | 32  0.07542 -5.50287e-03 | 33  0.01967 -5.13593e-04
 34 -0.00210 -6.46674e-04 | 35  0.03025 -2.06606e-05 | 36 -0.00405  1.63851e-02
 37  0.27415 -1.19232e-01 | 38  0.28510 -2.44976e-02 | 39  0.26647 -1.35792e-02
 40  0.26057 -5.36179e-02 | 41 -0.73240 -1.28934e-01 | 42 -0.55867  4.41950e-01
 43  0.40320  1.07234e-02 | 44 -0.35040 -2.57818e-03 | 45  0.44351 -1.83755e-03
 46 -0.43669  4.26597e-03 | 47  0.22506  2.85486e-03 | 48 -0.47763  1.82016e-04
 49  0.35117 -7.16821e-03 | 50  0.32235 -3.68909e-01 | 51 -0.34530  1.19248e-02
 52 -0.64067  2.70696e-01 |
52 variables; iteration 260; function evaluation 339; phase 3
Function value 2.1003429e+03; maximum gradient component mag 4.9951e-01
Var    Value     Gradient |Var    Value     Gradient |Var    Value     Gradient
  1  0.03310 -4.98197e-01 |  2  0.00822  7.50184e-03 |  3  0.05129  5.17705e-03
  4 -0.01299  7.31575e-03 |  5 -0.13640  7.31363e-03 |  6 -0.02236  6.53478e-03
  7 -0.11848  5.91350e-03 |  8 -0.07252  5.89889e-03 |  9  0.00827  5.19577e-03
 10  0.10580  1.88830e-03 | 11 -0.02187  4.44196e-03 | 12 -0.00368  1.64643e-03
 13  0.03670 -6.72642e-03 | 14  0.07728 -1.89231e-02 | 15 -0.00508 -7.73110e-03
 16 -0.03261 -5.11327e-03 | 17 -0.01463 -2.38664e-03 | 18  0.02651 -4.73580e-03
 19  0.05064 -1.20368e-02 | 20 -0.05078 -3.18605e-03 | 21 -0.13295 -1.03056e-03
 22 -0.04024  4.81052e-03 | 23  0.03606  9.99697e-03 | 24  0.00014  1.20253e-02
 25 -0.01489  5.55072e-03 | 26  0.06186 -9.38862e-03 | 27  0.03997 -1.40778e-02
 28  0.01694 -2.24504e-02 | 29 -0.00682 -8.97118e-03 | 30  0.00929  1.99522e-04
 31  0.03637 -4.01108e-03 | 32  0.07541 -6.28524e-03 | 33  0.01967  1.71879e-04
 34 -0.00210  7.20078e-03 | 35  0.03025  1.12851e-02 | 36 -0.00405  1.21978e-02
 37  0.27416 -2.09925e-02 | 38  0.28510 -3.95896e-03 | 39  0.26647  5.76258e-04
 40  0.26057  1.15279e-03 | 41 -0.73261 -1.58338e-01 | 42 -0.57860  4.99507e-01
 43  0.40320  4.42060e-03 | 44 -0.35040 -3.65858e-03 | 45  0.44351  5.88786e-03
 46 -0.43669 -1.02300e-02 | 47  0.22506 -4.41587e-03 | 48 -0.47763 -1.79355e-03
 49  0.35123 -2.17451e-02 | 50  0.32242 -4.45900e-01 | 51 -0.32632  1.72313e-02
 52 -0.61108  3.41055e-01 |
52 variables; iteration 280; function evaluation 365; phase 3
Function value 2.1003427e+03; maximum gradient component mag -7.2763e-01
Var    Value     Gradient |Var    Value     Gradient |Var    Value     Gradient
  1  0.03310 -7.27630e-01 |  2  0.00822  9.79493e-03 |  3  0.05129  6.85648e-03
  4 -0.01299  1.03596e-02 |  5 -0.13640  1.03953e-02 |  6 -0.02236  9.40931e-03
  7 -0.11848  9.17795e-03 |  8 -0.07252  9.20509e-03 |  9  0.00827  7.77531e-03
 10  0.10580  3.17786e-03 | 11 -0.02187  6.56463e-03 | 12 -0.00368  3.11978e-03
 13  0.03670 -8.68234e-03 | 14  0.07728 -2.26762e-02 | 15 -0.00508 -1.19184e-02
 16 -0.03261 -1.16204e-02 | 17 -0.01463 -8.00194e-03 | 18  0.02651 -3.44826e-03
 19  0.05064 -7.90885e-03 | 20 -0.05078 -2.49715e-03 | 21 -0.13295 -2.10706e-03
 22 -0.04025  2.28812e-03 | 23  0.03606  5.23115e-03 | 24  0.00014  7.89361e-03
 25 -0.01489  3.15181e-03 | 26  0.06186 -1.11653e-02 | 27  0.03997 -1.46106e-02
 28  0.01694 -2.27975e-02 | 29 -0.00682 -9.05144e-03 | 30  0.00929  1.58216e-03
 31  0.03637 -2.53256e-03 | 32  0.07542 -5.47916e-03 | 33  0.01967  7.53822e-04
 34 -0.00210  6.16377e-03 | 35  0.03025  1.05529e-02 | 36 -0.00405  1.74865e-02
 37  0.27415 -3.18367e-02 | 38  0.28510 -8.88792e-04 | 39  0.26647  8.16525e-04
 40  0.26057  1.68005e-02 | 41 -0.71975 -2.15744e-01 | 42 -0.60394  7.21133e-01
 43  0.40320  7.35789e-03 | 44 -0.35040 -5.71519e-03 | 45  0.44351  4.20679e-03
 46 -0.43669 -9.01901e-03 | 47  0.22506 -5.99649e-04 | 48 -0.47763 -3.31752e-03
 49  0.34692 -2.27669e-02 | 50  0.31821 -5.99293e-01 | 51 -0.30369  2.45232e-02
 52 -0.57760  5.62037e-01 |
52 variables; iteration 300; function evaluation 391; phase 3
Function value 2.1003424e+03; maximum gradient component mag 1.7754e-01
Var    Value     Gradient |Var    Value     Gradient |Var    Value     Gradient
  1  0.03310  1.77540e-01 |  2  0.00822 -1.04578e-03 |  3  0.05129 -2.55361e-04
  4 -0.01299 -2.48730e-04 |  5 -0.13640 -1.75478e-03 |  6 -0.02237 -5.91435e-05
  7 -0.11848 -2.70334e-03 |  8 -0.07252 -1.97603e-03 |  9  0.00827 -5.81354e-04
 10  0.10580  3.06584e-03 | 11 -0.02187 -5.69893e-04 | 12 -0.00368 -2.76949e-04
 13  0.03670 -7.95630e-04 | 14  0.07728  2.80352e-03 | 15 -0.00508  1.80067e-04
 16 -0.03261 -1.87679e-03 | 17 -0.01463 -2.95892e-03 | 18  0.02651  1.60155e-04
 19  0.05064  4.24601e-03 | 20 -0.05078  9.01580e-04 | 21 -0.13295 -5.81665e-04
 22 -0.04025 -5.46167e-04 | 23  0.03606  7.44563e-04 | 24  0.00014  6.81593e-04
 25 -0.01489 -3.58129e-03 | 26  0.06186 -7.68235e-04 | 27  0.03997  6.07906e-03
 28  0.01694  4.83473e-03 | 29 -0.00682  2.22267e-03 | 30  0.00929  3.43523e-03
 31  0.03637 -4.71148e-04 | 32  0.07542  1.38701e-03 | 33  0.01967  3.11987e-03
 34 -0.00210 -1.93716e-03 | 35  0.03025 -4.39313e-03 | 36 -0.00405 -4.98499e-03
 37  0.27415 -5.60137e-02 | 38  0.28510  1.29650e-02 | 39  0.26647  3.49542e-03
 40  0.26057  1.55324e-02 | 41 -0.68337  3.98338e-02 | 42 -0.63735 -6.26392e-02
 43  0.40320  7.40271e-03 | 44 -0.35040 -3.44093e-03 | 45  0.44351 -1.70033e-03
 46 -0.43669 -2.19435e-03 | 47  0.22506  3.62167e-03 | 48 -0.47763 -3.09833e-03
 49  0.33379  1.08866e-02 | 50  0.30541  1.15721e-01 | 51 -0.27629 -5.85586e-03
 52 -0.53913 -5.43612e-02 |
52 variables; iteration 320; function evaluation 418; phase 3
Function value 2.1003420e+03; maximum gradient component mag 1.2002e+00
Var    Value     Gradient |Var    Value     Gradient |Var    Value     Gradient
  1  0.03310  1.20016e+00 |  2  0.00822 -1.41278e-02 |  3  0.05129 -8.00613e-03
  4 -0.01300 -1.18806e-02 |  5 -0.13640 -1.68190e-02 |  6 -0.02237 -1.18479e-02
  7 -0.11848 -1.73683e-02 |  8 -0.07252 -1.48882e-02 |  9  0.00827 -1.19297e-02
 10  0.10580  2.03769e-03 | 11 -0.02187 -1.01916e-02 | 12 -0.00368 -1.02553e-02
 13  0.03670 -1.36729e-02 | 14  0.07728  2.80952e-02 | 15 -0.00508 -1.02251e-02
 16 -0.03261 -2.18767e-02 | 17 -0.01463 -2.80627e-02 | 18  0.02651  1.08214e-02
 19  0.05064  3.03395e-02 | 20 -0.05078  5.27366e-04 | 21 -0.13295 -1.26028e-02
 22 -0.04025 -1.16177e-02 | 23  0.03606 -1.60263e-03 | 24  0.00014 -1.29922e-02
 25 -0.01489 -1.93041e-02 | 26  0.06186  3.24815e-02 | 27  0.03997  5.81647e-02
 28  0.01694  5.15246e-02 | 29 -0.00682  1.71077e-02 | 30  0.00929  1.25965e-02
 31  0.03637  1.22591e-02 | 32  0.07542  3.16735e-02 | 33  0.01967  1.60782e-02
 34 -0.00210 -1.01859e-02 | 35  0.03025 -1.17733e-02 | 36 -0.00405 -1.82525e-02
 37  0.27416  1.88622e-01 | 38  0.28510  9.96281e-02 | 39  0.26647  3.55773e-02
 40  0.26057  2.61281e-01 | 41 -0.62070  1.48616e-01 | 42 -0.67703  2.51858e-01
 43  0.40320 -7.43215e-03 | 44 -0.35040 -6.26147e-03 | 45  0.44351 -1.33674e-02
 46 -0.43668 -3.05900e-03 | 47  0.22506  2.34460e-02 | 48 -0.47763 -1.28637e-02
 49  0.30824  4.05860e-02 | 50  0.28045  3.20991e-01 | 51 -0.24714 -3.41157e-03
 52 -0.50010  2.83994e-01 |
52 variables; iteration 340; function evaluation 445; phase 3
Function value 2.1003417e+03; maximum gradient component mag 1.6553e+00
Var    Value     Gradient |Var    Value     Gradient |Var    Value     Gradient
  1  0.03310  1.65526e+00 |  2  0.00822 -1.82085e-02 |  3  0.05129 -1.09946e-02
  4 -0.01300 -1.69173e-02 |  5 -0.13640 -2.29760e-02 |  6 -0.02237 -1.66694e-02
  7 -0.11848 -2.43658e-02 |  8 -0.07252 -2.11806e-02 |  9  0.00827 -1.66744e-02
 10  0.10580  1.67612e-03 | 11 -0.02187 -1.56791e-02 | 12 -0.00368 -1.47812e-02
 13  0.03670 -1.41749e-02 | 14  0.07728  3.34679e-02 | 15 -0.00508 -9.83116e-03
 16 -0.03261 -2.02541e-02 | 17 -0.01463 -2.80861e-02 | 18  0.02651  1.10422e-02
 19  0.05064  3.03211e-02 | 20 -0.05078 -1.90581e-04 | 21 -0.13295 -1.42758e-02
 22 -0.04025 -1.05321e-02 | 23  0.03606  6.11171e-03 | 24  0.00014 -8.39900e-03
 25 -0.01489 -1.96528e-02 | 26  0.06186  3.96254e-02 | 27  0.03997  6.98965e-02
 28  0.01694  6.02021e-02 | 29 -0.00682  2.02250e-02 | 30  0.00929  1.33138e-02
 31  0.03637  1.27097e-02 | 32  0.07542  3.60154e-02 | 33  0.01967  1.87911e-02
 34 -0.00210 -8.94343e-03 | 35  0.03025 -1.20809e-02 | 36 -0.00405 -2.69038e-02
 37  0.27416  2.33484e-01 | 38  0.28510  1.10537e-01 | 39  0.26647  4.26415e-02
 40  0.26057  2.97022e-01 | 41 -0.55121  2.64466e-01 | 42 -0.71390  1.13347e-01
 43  0.40320 -9.20845e-03 | 44 -0.35040 -6.17747e-03 | 45  0.44351 -1.26796e-02
 46 -0.43668 -5.74699e-03 | 47  0.22506  2.54754e-02 | 48 -0.47763 -1.72260e-02
 49  0.27599  4.75421e-02 | 50  0.24884  5.10866e-01 | 51 -0.22326 -9.67589e-03
 52 -0.46934  1.59495e-01 |
52 variables; iteration 360; function evaluation 470; phase 3
Function value 2.1003416e+03; maximum gradient component mag 9.4786e-01
Var    Value     Gradient |Var    Value     Gradient |Var    Value     Gradient
  1  0.03310  9.47857e-01 |  2  0.00822 -1.03343e-02 |  3  0.05129 -5.93949e-03
  4 -0.01299 -9.06929e-03 |  5 -0.13640 -1.27936e-02 |  6 -0.02237 -8.78340e-03
  7 -0.11848 -1.38717e-02 |  8 -0.07252 -1.22807e-02 |  9  0.00827 -9.52025e-03
 10  0.10580  6.61580e-04 | 11 -0.02187 -8.16384e-03 | 12 -0.00368 -8.29577e-03
 13  0.03670 -9.03511e-03 | 14  0.07728  1.79487e-02 | 15 -0.00508 -3.43056e-03
 16 -0.03261 -8.41475e-03 | 17 -0.01463 -1.37393e-02 | 18  0.02651  3.92871e-03
 19  0.05064  1.33898e-02 | 20 -0.05078 -4.37588e-04 | 21 -0.13295 -7.33751e-03
 22 -0.04025 -4.42585e-03 | 23  0.03606  5.59801e-03 | 24  0.00014 -7.64069e-04
 25 -0.01489 -1.17815e-02 | 26  0.06186  1.98658e-02 | 27  0.03997  3.74141e-02
 28  0.01694  3.13526e-02 | 29 -0.00682  1.06522e-02 | 30  0.00929  9.34202e-03
 31  0.03637  5.05623e-03 | 32  0.07542  1.82410e-02 | 33  0.01967  1.16888e-02
 34 -0.00210 -4.14630e-03 | 35  0.03025 -5.63842e-03 | 36 -0.00405 -1.67801e-02
 37  0.27416  9.09033e-02 | 38  0.28510  6.18820e-02 | 39  0.26647  2.21294e-02
 40  0.26057  1.44573e-01 | 41 -0.48380  1.94149e-01 | 42 -0.74666 -1.01553e-02
 43  0.40320 -2.91598e-03 | 44 -0.35040 -3.43877e-03 | 45  0.44351 -6.34684e-03
 46 -0.43669 -6.36428e-03 | 47  0.22506  1.25373e-02 | 48 -0.47763 -9.16454e-03
 49  0.24131  3.00186e-02 | 50  0.21475  3.45162e-01 | 51 -0.20455 -1.14425e-02
 52 -0.44587  1.69744e-03 |
52 variables; iteration 380; function evaluation 496; phase 3
Function value 2.1003415e+03; maximum gradient component mag 4.8001e-01
Var    Value     Gradient |Var    Value     Gradient |Var    Value     Gradient
  1  0.03310  4.80007e-01 |  2  0.00822 -5.54641e-03 |  3  0.05129 -3.95003e-03
  4 -0.01300 -5.04281e-03 |  5 -0.13640 -6.62324e-03 |  6 -0.02237 -5.14680e-03
  7 -0.11848 -7.11496e-03 |  8 -0.07252 -6.30518e-03 |  9  0.00827 -5.16521e-03
 10  0.10580 -3.65221e-04 | 11 -0.02187 -4.70484e-03 | 12 -0.00368 -4.32114e-03
 13  0.03670 -4.39096e-03 | 14  0.07728  9.00339e-03 | 15 -0.00508 -2.34847e-03
 16 -0.03261 -4.89256e-03 | 17 -0.01463 -7.24224e-03 | 18  0.02651  2.59021e-03
 19  0.05064  7.59791e-03 | 20 -0.05078 -3.73063e-05 | 21 -0.13295 -3.78537e-03
 22 -0.04025 -2.35919e-03 | 23  0.03606  2.77167e-03 | 24  0.00014 -1.17598e-03
 25 -0.01489 -5.68774e-03 | 26  0.06186  1.06077e-02 | 27  0.03997  1.98044e-02
 28  0.01694  1.66249e-02 | 29 -0.00682  5.71398e-03 | 30  0.00929  4.46938e-03
 31  0.03637  3.40740e-03 | 32  0.07542  1.02861e-02 | 33  0.01967  6.25858e-03
 34 -0.00210 -1.91753e-03 | 35  0.03025 -2.96582e-03 | 36 -0.00405 -8.39965e-03
 37  0.27416  5.53671e-02 | 38  0.28510  3.09181e-02 | 39  0.26647  1.19174e-02
 40  0.26057  8.26427e-02 | 41 -0.42611  9.74243e-02 | 42 -0.77322  4.50120e-03
 43  0.40320 -1.92444e-03 | 44 -0.35040 -2.04438e-03 | 45  0.44351 -3.14459e-03
 46 -0.43669 -3.05255e-03 | 47  0.22506  5.98597e-03 | 48 -0.47763 -4.91669e-03
 49  0.20937  1.13866e-02 | 50  0.18326  1.68160e-01 | 51 -0.19107 -6.72721e-04
 52 -0.42926  1.93329e-02 |
52 variables; iteration 400; function evaluation 521; phase 3
Function value 2.1003415e+03; maximum gradient component mag 1.8496e-02
Var    Value     Gradient |Var    Value     Gradient |Var    Value     Gradient
  1  0.03310  1.84960e-02 |  2  0.00822 -1.98929e-04 |  3  0.05129 -1.21565e-04
  4 -0.01299  3.69611e-05 |  5 -0.13640 -1.52561e-04 |  6 -0.02237  9.99927e-06
  7 -0.11848 -2.77908e-04 |  8 -0.07252 -2.52869e-04 |  9  0.00827 -1.45238e-04
 10  0.10580  9.23030e-05 | 11 -0.02187  5.26787e-05 | 12 -0.00368 -8.19571e-05
 13  0.03670 -5.14042e-04 | 14  0.07728 -8.53780e-05 | 15 -0.00508  5.01644e-05
 16 -0.03261 -1.88085e-05 | 17 -0.01463 -2.42811e-04 | 18  0.02651 -2.90335e-04
 19  0.05064 -7.80476e-05 | 20 -0.05078  3.65265e-06 | 21 -0.13295 -4.45749e-05
 22 -0.04025  1.52637e-04 | 23  0.03606  4.33931e-04 | 24  0.00014  6.48632e-04
 25 -0.01489 -5.66853e-04 | 26  0.06186 -3.15233e-04 | 27  0.03997  5.68469e-04
 28  0.01694  2.20157e-04 | 29 -0.00682  1.07933e-04 | 30  0.00929  7.17272e-04
 31  0.03637 -1.82293e-04 | 32  0.07542  1.91153e-04 | 33  0.01967  7.53538e-04
 34 -0.00210  2.40070e-05 | 35  0.03025 -9.28658e-06 | 36 -0.00405 -6.21561e-04
 37  0.27416 -1.01663e-02 | 38  0.28510  1.88363e-03 | 39  0.26647  3.18762e-04
 40  0.26057  8.70722e-04 | 41 -0.39042  5.27134e-03 | 42 -0.78907 -1.12893e-02
 43  0.40320  9.92272e-04 | 44 -0.35040 -4.76864e-04 | 45  0.44351 -6.85987e-05
 46 -0.43669 -9.47764e-04 | 47  0.22506  1.58462e-05 | 48 -0.47763 -2.65665e-04
 49  0.18871  1.07594e-03 | 50  0.16285  1.35796e-02 | 51 -0.18374 -6.18983e-04
 52 -0.42034 -6.69062e-03 |
52 variables; iteration 420; function evaluation 544; phase 3
Function value 2.1003415e+03; maximum gradient component mag 2.8858e-01
Var    Value     Gradient |Var    Value     Gradient |Var    Value     Gradient
  1  0.03310  2.88580e-01 |  2  0.00822 -3.66066e-03 |  3  0.05129 -2.53743e-03
  4 -0.01300 -3.33417e-03 |  5 -0.13640 -4.00487e-03 |  6 -0.02237 -3.28203e-03
  7 -0.11848 -4.01067e-03 |  8 -0.07252 -3.72641e-03 |  9  0.00827 -3.14053e-03
 10  0.10580 -6.62025e-04 | 11 -0.02187 -2.70514e-03 | 12 -0.00368 -2.26849e-03
 13  0.03670 -1.47953e-03 | 14  0.07728  6.95387e-03 | 15 -0.00508  4.63547e-04
 16 -0.03261 -1.10203e-03 | 17 -0.01463 -2.77904e-03 | 18  0.02651  1.60011e-03
 19  0.05064  4.86035e-03 | 20 -0.05078  4.76106e-04 | 21 -0.13295 -1.52638e-03
 22 -0.04025 -1.94039e-03 | 23  0.03606 -7.93022e-04 | 24  0.00014 -2.51682e-03
 25 -0.01489 -3.98920e-03 | 26  0.06186  5.95345e-03 | 27  0.03997  1.13879e-02
 28  0.01694  1.12070e-02 | 29 -0.00682  4.09378e-03 | 30  0.00929  2.53874e-03
 31  0.03637  2.04304e-03 | 32  0.07542  5.70258e-03 | 33  0.01967  3.30461e-03
 34 -0.00210 -1.82633e-03 | 35  0.03025 -3.00860e-03 | 36 -0.00405 -5.89332e-03
 37  0.27416  2.19253e-02 | 38  0.28510  1.42232e-02 | 39  0.26647  4.81780e-03
 40  0.26057  3.41030e-02 | 41 -0.36997  9.73561e-02 | 42 -0.79713 -4.79522e-02
 43  0.40320 -1.23039e-03 | 44 -0.35040 -2.57552e-04 | 45  0.44351 -2.40730e-03
 46 -0.43668 -9.87180e-05 | 47  0.22506  3.31606e-03 | 48 -0.47763 -2.07151e-03
 49  0.17659  9.64525e-03 | 50  0.15086  1.60092e-01 | 51 -0.18022 -4.50599e-03
 52 -0.41608 -7.36334e-02 |
52 variables; iteration 440; function evaluation 568; phase 3
Function value 2.1003414e+03; maximum gradient component mag 1.5282e+00
Var    Value     Gradient |Var    Value     Gradient |Var    Value     Gradient
  1  0.03310  1.52818e+00 |  2  0.00822 -1.56523e-02 |  3  0.05129 -7.44137e-03
  4 -0.01299 -1.44523e-02 |  5 -0.13640 -2.01016e-02 |  6 -0.02237 -1.33604e-02
  7 -0.11848 -2.16918e-02 |  8 -0.07252 -1.96825e-02 |  9  0.00827 -1.40716e-02
 10  0.10580  2.07754e-03 | 11 -0.02187 -1.06595e-02 | 12 -0.00368 -1.05331e-02
 13  0.03670 -5.94068e-03 | 14  0.07728  2.93885e-02 | 15 -0.00508  4.91464e-03
 16 -0.03261  1.69134e-03 | 17 -0.01463 -6.48121e-03 | 18  0.02651  2.67795e-03
 19  0.05064  1.19445e-02 | 20 -0.05078 -7.78515e-04 | 21 -0.13295 -5.67862e-03
 22 -0.04025 -1.89971e-03 | 23  0.03606  1.01489e-02 | 24  0.00014  2.96096e-03
 25 -0.01489 -1.19661e-02 | 26  0.06186  2.35397e-02 | 27  0.03997  4.37850e-02
 28  0.01694  3.89686e-02 | 29 -0.00682  1.32359e-02 | 30  0.00929  8.58624e-03
 31  0.03637  2.82456e-03 | 32  0.07542  1.87582e-02 | 33  0.01967  1.17817e-02
 34 -0.00210 -6.19468e-03 | 35  0.03025 -8.95527e-03 | 36 -0.00405 -3.01800e-02
 37  0.27416  6.71786e-02 | 38  0.28510  6.94593e-02 | 39  0.26647  2.35328e-02
 40  0.26057  1.23112e-01 | 41 -0.30939  5.41840e-01 | 42 -0.80657 -2.91826e-01
 43  0.40320 -4.02746e-03 | 44 -0.35040 -1.83316e-03 | 45  0.44351 -6.87772e-03
 46 -0.43669 -7.12490e-03 | 47  0.22506  8.93401e-03 | 48 -0.47763 -5.62472e-03
 49  0.13961  5.84592e-02 | 50  0.11423  8.22054e-01 | 51 -0.17628 -4.34372e-02
 52 -0.41131 -5.40061e-01 |
52 variables; iteration 460; function evaluation 594; phase 3
Function value 2.1003410e+03; maximum gradient component mag 8.7956e-01
Var    Value     Gradient |Var    Value     Gradient |Var    Value     Gradient
  1  0.03310  7.02914e-01 |  2  0.00822 -8.30314e-03 |  3  0.05129 -7.18875e-03
  4 -0.01299 -7.95381e-03 |  5 -0.13640 -1.06596e-02 |  6 -0.02236 -8.59625e-03
  7 -0.11848 -1.17170e-02 |  8 -0.07252 -9.66306e-03 |  9  0.00827 -9.23701e-03
 10  0.10580 -2.26058e-03 | 11 -0.02187 -1.00342e-02 | 12 -0.00368 -1.03232e-02
 13  0.03670 -1.63869e-02 | 14  0.07728  1.52087e-02 | 15 -0.00508 -1.80697e-02
 16 -0.03261 -2.70397e-02 | 17 -0.01463 -3.05700e-02 | 18  0.02651  8.39160e-03
 19  0.05064  1.94929e-02 | 20 -0.05078 -2.58182e-03 | 21 -0.13295 -1.41131e-02
 22 -0.04025 -5.49555e-03 | 23  0.03606  1.40789e-02 | 24  0.00014  2.01929e-03
 25 -0.01489 -8.23488e-03 | 26  0.06186  3.00643e-02 | 27  0.03997  4.43604e-02
 28  0.01694  2.96411e-02 | 29 -0.00682  8.22964e-03 | 30  0.00929  8.83285e-03
 31  0.03637  9.47062e-03 | 32  0.07542  2.43061e-02 | 33  0.01967  1.09358e-02
 34 -0.00210 -4.15181e-03 | 35  0.03025 -1.12675e-03 | 36 -0.00405 -3.29744e-03
 37  0.27416  2.66370e-01 | 38  0.28510  9.64738e-02 | 39  0.26647  3.86257e-02
 40  0.26057  2.80424e-01 | 41 -0.20998 -1.67330e-01 | 42 -0.77428  5.25035e-01
 43  0.40320 -9.91590e-03 | 44 -0.35040 -7.82018e-03 | 45  0.44351 -6.22357e-03
 46 -0.43668 -1.02595e-02 | 47  0.22506  1.99599e-02 | 48 -0.47763 -1.55313e-02
 49  0.07600 -6.84968e-03 | 50  0.05101 -2.47275e-01 | 51 -0.19053  3.97440e-02
 52 -0.42861  8.79560e-01 |
52 variables; iteration 480; function evaluation 619; phase 3
Function value 2.1003407e+03; maximum gradient component mag 6.4215e-01
Var    Value     Gradient |Var    Value     Gradient |Var    Value     Gradient
  1  0.03310 -5.18006e-01 |  2  0.00822  4.34550e-03 |  3  0.05129  1.02294e-03
  4 -0.01300  4.93671e-03 |  5 -0.13640  6.37277e-03 |  6 -0.02237  4.17054e-03
  7 -0.11848  6.90558e-03 |  8 -0.07252  6.60666e-03 |  9  0.00827  3.78264e-03
 10  0.10580 -2.02335e-03 | 11 -0.02187  2.32054e-03 | 12 -0.00368  1.67792e-03
 13  0.03670 -5.06840e-03 | 14  0.07728 -7.84386e-03 | 15 -0.00508 -9.92776e-03
 16 -0.03261 -1.31697e-02 | 17 -0.01463 -1.13432e-02 | 18  0.02651  2.16012e-03
 19  0.05064  4.02169e-03 | 20 -0.05078 -3.60612e-04 | 21 -0.13295 -3.34316e-03
 22 -0.04025 -3.31462e-03 | 23  0.03606 -3.87147e-03 | 24  0.00014 -3.69433e-03
 25 -0.01489 -2.82119e-04 | 26  0.06186  7.89339e-04 | 27  0.03997 -1.09841e-03
 28  0.01694 -4.13425e-03 | 29 -0.00682 -2.31139e-03 | 30  0.00929  1.50045e-03
 31  0.03637  2.65331e-03 | 32  0.07542  1.40721e-03 | 33  0.01967 -5.27656e-05
 34 -0.00210  2.41794e-04 | 35  0.03025  2.54191e-03 | 36 -0.00405  1.40889e-02
 37  0.27416  4.54247e-02 | 38  0.28510  1.15583e-02 | 39  0.26647  3.86923e-03
 40  0.26057  5.26580e-02 | 41 -0.14365 -3.63164e-01 | 42 -0.73559  4.63622e-01
 43  0.40320  5.07909e-04 | 44 -0.35040 -3.17097e-03 | 45  0.44351 -1.14355e-03
 46 -0.43668 -1.73709e-04 | 47  0.22506  6.24204e-03 | 48 -0.47763 -4.46631e-03
 49  0.03199 -2.64792e-02 | 50  0.00711 -5.14164e-01 | 51 -0.21060  3.38590e-02
 52 -0.45341  6.42152e-01 |
52 variables; iteration 500; function evaluation 646; phase 3
Function value 2.1003405e+03; maximum gradient component mag 4.5092e-01
Var    Value     Gradient |Var    Value     Gradient |Var    Value     Gradient
  1  0.03310 -4.36431e-01 |  2  0.00822  3.60928e-03 |  3  0.05129  1.18128e-03
  4 -0.01300  4.21847e-03 |  5 -0.13640  5.47057e-03 |  6 -0.02237  3.61591e-03
  7 -0.11848  6.00767e-03 |  8 -0.07252  5.68377e-03 |  9  0.00827  3.41167e-03
 10  0.10580 -1.42548e-03 | 11 -0.02187  2.40873e-03 | 12 -0.00368  1.75214e-03
 13  0.03670 -3.61191e-03 | 14  0.07728 -7.72137e-03 | 15 -0.00508 -7.66926e-03
 16 -0.03261 -1.02404e-02 | 17 -0.01463 -8.32081e-03 | 18  0.02651  1.98241e-03
 19  0.05064  3.81292e-03 | 20 -0.05078  2.33267e-04 | 21 -0.13295 -2.06280e-03
 22 -0.04025 -3.13988e-03 | 23  0.03606 -5.45529e-03 | 24  0.00014 -4.95212e-03
 25 -0.01489 -1.22758e-03 | 26  0.06186 -8.59195e-04 | 27  0.03997 -1.67044e-03
 28  0.01694 -2.88111e-03 | 29 -0.00682 -1.29206e-03 | 30  0.00929  1.17143e-03
 31  0.03637  2.65203e-03 | 32  0.07542  1.64918e-03 | 33  0.01967  4.56139e-04
 34 -0.00210  4.99603e-04 | 35  0.03025  2.26357e-03 | 36 -0.00405  1.09666e-02
 37  0.27416  2.42500e-02 | 38  0.28510  3.14277e-03 | 39  0.26647  1.23855e-03
 40  0.26057  3.21811e-02 | 41 -0.09023 -2.67420e-01 | 42 -0.70401  3.73967e-01
 43  0.40320  7.43837e-04 | 44 -0.35040 -2.03219e-03 | 45  0.44351 -1.25337e-03
 46 -0.43668  1.11447e-03 | 47  0.22506  4.94420e-03 | 48 -0.47763 -2.60672e-03
 49 -0.00411 -1.80548e-02 | 50 -0.02900 -3.73976e-01 | 51 -0.22938  2.32851e-02
 52 -0.47713  4.50922e-01 |
52 variables; iteration 520; function evaluation 672; phase 3
Function value 2.1003404e+03; maximum gradient component mag -5.1692e-02
Var    Value     Gradient |Var    Value     Gradient |Var    Value     Gradient
  1  0.03310 -5.16915e-02 |  2  0.00822  3.47138e-04 |  3  0.05129  1.17750e-04
  4 -0.01300  4.28968e-04 |  5 -0.13640  6.38846e-04 |  6 -0.02237  3.81622e-04
  7 -0.11848  7.79608e-04 |  8 -0.07252  6.91894e-04 |  9  0.00827  4.04303e-04
 10  0.10580 -2.69901e-04 | 11 -0.02187  3.30221e-04 | 12 -0.00368  2.87501e-04
 13  0.03670 -1.19967e-04 | 14  0.07728 -5.63036e-04 | 15 -0.00508 -4.53355e-04
 16 -0.03261 -7.49885e-04 | 17 -0.01463 -5.74430e-04 | 18  0.02651  2.58992e-04
 19  0.05064  5.43212e-04 | 20 -0.05078  1.56082e-04 | 21 -0.13295 -4.46032e-05
 22 -0.04025 -5.24202e-04 | 23  0.03606 -1.34337e-03 | 24  0.00014 -1.12980e-03
 25 -0.01489 -2.96514e-04 | 26  0.06186 -2.08936e-04 | 27  0.03997 -3.12484e-04
 28  0.01694  5.19519e-06 | 29 -0.00682  2.74368e-05 | 30  0.00929  5.98306e-05
 31  0.03637  3.43215e-04 | 32  0.07542  1.09359e-04 | 33  0.01967 -7.70188e-05
 34 -0.00210 -9.06919e-05 | 35  0.03025 -2.49756e-05 | 36 -0.00405  1.09234e-03
 37  0.27416 -3.61472e-05 | 38  0.28510 -8.60082e-04 | 39  0.26647 -4.65827e-04
 40  0.26057 -1.98381e-04 | 41 -0.04782 -2.05357e-02 | 42 -0.68023  2.77554e-02
 43  0.40320  6.71647e-05 | 44 -0.35040  2.16746e-06 | 45  0.44351 -2.95482e-04
 46 -0.43668  6.40869e-04 | 47  0.22506  5.01336e-04 | 48 -0.47763 -5.85229e-05
 49 -0.03312 -1.28494e-03 | 50 -0.05806 -2.86558e-02 | 51 -0.24497  1.61786e-03
 52 -0.49727  3.22900e-02 |
52 variables; iteration 540; function evaluation 699; phase 3
Function value 2.1003404e+03; maximum gradient component mag -1.3579e-01
Var    Value     Gradient |Var    Value     Gradient |Var    Value     Gradient
  1  0.03310 -1.35788e-01 |  2  0.00822  1.41023e-03 |  3  0.05129  7.47036e-04
  4 -0.01300  1.47817e-03 |  5 -0.13640  1.78697e-03 |  6 -0.02237  1.34259e-03
  7 -0.11848  1.84873e-03 |  8 -0.07252  1.76223e-03 |  9  0.00827  1.24716e-03
 10  0.10580 -2.06386e-05 | 11 -0.02187  9.53421e-04 | 12 -0.00368  6.97135e-04
 13  0.03670 -7.34685e-04 | 14  0.07728 -2.95538e-03 | 15 -0.00508 -1.85010e-03
 16 -0.03261 -2.12203e-03 | 17 -0.01463 -1.43352e-03 | 18  0.02651  8.49299e-05
 19  0.05064 -9.20242e-05 | 20 -0.05078 -7.94759e-05 | 21 -0.13295 -2.67163e-04
 22 -0.04025 -2.59856e-04 | 23  0.03606 -6.59480e-04 | 24  0.00014 -3.28162e-04
 25 -0.01489  3.59066e-04 | 26  0.06186 -1.24654e-03 | 27  0.03997 -2.19259e-03
 28  0.01694 -2.61423e-03 | 29 -0.00682 -1.01263e-03 | 30  0.00929 -6.68480e-05
 31  0.03637  1.72065e-04 | 32  0.07542 -5.67810e-04 | 33  0.01967 -3.10472e-04
 34 -0.00210  4.96099e-04 | 35  0.03025  1.10419e-03 | 36 -0.00405  3.23923e-03
 37  0.27416  1.63992e-03 | 38  0.28510 -1.27967e-03 | 39  0.26647 -3.19840e-04
 40  0.26057  2.58965e-03 | 41 -0.01543 -7.86311e-02 | 42 -0.66308  1.04097e-01
 43  0.40320  4.47029e-04 | 44 -0.35040 -4.97715e-04 | 45  0.44351  2.19676e-04
 46 -0.43668 -6.28123e-05 | 47  0.22506  4.66384e-04 | 48 -0.47763 -3.19767e-04
 49 -0.05541 -5.21504e-03 | 50 -0.08043 -1.08863e-01 | 51 -0.25699  5.41657e-03
 52 -0.51309  1.06024e-01 |
52 variables; iteration 560; function evaluation 723; phase 3
Function value 2.1003404e+03; maximum gradient component mag -1.9152e-02
Var    Value     Gradient |Var    Value     Gradient |Var    Value     Gradient
  1  0.03310 -1.91518e-02 |  2  0.00822  2.34838e-04 |  3  0.05129  1.58126e-04
  4 -0.01300  2.24174e-04 |  5 -0.13640  2.72238e-04 |  6 -0.02237  2.21834e-04
  7 -0.11848  2.73961e-04 |  8 -0.07252  2.48298e-04 |  9  0.00827  2.11713e-04
 10  0.10580  4.37678e-05 | 11 -0.02187  1.91138e-04 | 12 -0.00368  1.71121e-04
 13  0.03670  1.28672e-04 | 14  0.07728 -4.41653e-04 | 15 -0.00508  6.21186e-05
 16 -0.03261  1.74521e-04 | 17 -0.01463  2.70717e-04 | 18  0.02651 -1.38166e-04
 19  0.05064 -3.50004e-04 | 20 -0.05078 -6.37964e-06 | 21 -0.13295  1.43446e-04
 22 -0.04025  1.28431e-04 | 23  0.03606 -1.43500e-05 | 24  0.00014  1.47586e-04
 25 -0.01489  2.20188e-04 | 26  0.06186 -4.82120e-04 | 27  0.03997 -8.06597e-04
 28  0.01694 -7.37691e-04 | 29 -0.00682 -2.51619e-04 | 30  0.00929 -1.31544e-04
 31  0.03637 -1.61324e-04 | 32  0.07542 -4.24016e-04 | 33  0.01967 -1.95408e-04
 34 -0.00210  1.13803e-04 | 35  0.03025  1.47997e-04 | 36 -0.00405  3.21585e-04
 37  0.27416 -2.85630e-03 | 38  0.28510 -1.16407e-03 | 39  0.26647 -4.42881e-04
 40  0.26057 -3.10851e-03 | 41 -0.00385 -5.17569e-03 | 42 -0.65716 -4.35630e-04
 43  0.40320  1.58547e-04 | 44 -0.35040  3.23268e-05 | 45  0.44351  1.58230e-04
 46 -0.43668  1.01417e-05 | 47  0.22506 -2.65563e-04 | 48 -0.47763  1.52858e-04
 49 -0.06341 -5.15041e-04 | 50 -0.08846 -7.66773e-03 | 51 -0.26129  1.17489e-04
 52 -0.51883  4.70398e-04 |
52 variables; iteration 580; function evaluation 746; phase 3
Function value 2.1003404e+03; maximum gradient component mag -3.8538e-01
Var    Value     Gradient |Var    Value     Gradient |Var    Value     Gradient
  1  0.03310 -3.85382e-01 |  2  0.00822  3.35616e-03 |  3  0.05129  1.75026e-03
  4 -0.01300  3.67905e-03 |  5 -0.13640  4.97549e-03 |  6 -0.02237  3.40600e-03
  7 -0.11848  5.66880e-03 |  8 -0.07252  5.11620e-03 |  9  0.00827  3.43877e-03
 10  0.10580 -9.09068e-04 | 11 -0.02187  2.87063e-03 | 12 -0.00368  2.42412e-03
 13  0.03670 -1.71290e-04 | 14  0.07728 -5.93087e-03 | 15 -0.00508 -2.49776e-03
 16 -0.03261 -3.38467e-03 | 17 -0.01463 -1.80351e-03 | 18  0.02651  5.79275e-04
 19  0.05064  7.43472e-04 | 20 -0.05078  6.46080e-04 | 21 -0.13295  3.93874e-04
 22 -0.04025 -1.95525e-03 | 23  0.03606 -6.70426e-03 | 24  0.00014 -4.82700e-03
 25 -0.01489 -1.61333e-04 | 26  0.06186 -3.84197e-03 | 27  0.03997 -6.31774e-03
 28  0.01694 -4.58620e-03 | 29 -0.00682 -1.49602e-03 | 30  0.00929 -5.17058e-04
 31  0.03637  8.94713e-04 | 32  0.07542 -1.78277e-03 | 33  0.01967 -1.51867e-03
 34 -0.00210  3.47129e-04 | 35  0.03025  1.08060e-03 | 36 -0.00405  7.89905e-03
 37  0.27416 -1.23896e-02 | 38  0.28510 -1.06857e-02 | 39  0.26647 -4.54955e-03
 40  0.26057 -1.56579e-02 | 41 -0.00144 -1.52732e-01 | 42 -0.64845  1.88295e-01
 43  0.40320  1.11785e-03 | 44 -0.35040  7.12664e-05 | 45  0.44351 -5.21021e-04
 46 -0.43668  3.19020e-03 | 47  0.22506  1.18273e-03 | 48 -0.47763  4.37209e-04
 49 -0.06507 -9.91420e-03 | 50 -0.09013 -2.10826e-01 | 51 -0.26778  9.47177e-03
 52 -0.52754  1.78363e-01 |
52 variables; iteration 600; function evaluation 768; phase 3
Function value 2.1003404e+03; maximum gradient component mag -7.2124e-03
Var    Value     Gradient |Var    Value     Gradient |Var    Value     Gradient
  1  0.03310 -7.21238e-03 |  2  0.00822 -2.57109e-05 |  3  0.05129 -4.54228e-05
  4 -0.01300  6.52816e-06 |  5 -0.13640  7.45607e-05 |  6 -0.02237  2.94370e-06
  7 -0.11848  1.42392e-04 |  8 -0.07252  1.04678e-04 |  9  0.00827  3.24504e-05
 10  0.10580 -1.42442e-04 | 11 -0.02187  4.13969e-05 | 12 -0.00368  6.03751e-05
 13  0.03670  8.96629e-05 | 14  0.07728  1.44864e-04 | 15 -0.00508  1.02309e-04
 16 -0.03261  1.05523e-05 | 17 -0.01463 -5.42020e-07 | 18  0.02651  1.05087e-04
 19  0.05064  2.57351e-04 | 20 -0.05078  1.01600e-04 | 21 -0.13295  5.00592e-05
 22 -0.04025 -2.26927e-04 | 23  0.03606 -6.47317e-04 | 24  0.00014 -5.60521e-04
 25 -0.01489 -2.05999e-04 | 26  0.06186  2.16875e-05 | 27  0.03997  9.72515e-05
 28  0.01694  3.67329e-04 | 29 -0.00682  1.65522e-04 | 30  0.00929  2.89751e-05
 31  0.03637  1.34729e-04 | 32  0.07542  9.98363e-05 | 33  0.01967 -1.31881e-05
 34 -0.00210 -1.13856e-04 | 35  0.03025 -1.85750e-04 | 36 -0.00405  6.18317e-05
 37  0.27416 -8.85540e-04 | 38  0.28510 -4.83313e-04 | 39  0.26647 -2.87634e-04
 40  0.26057 -1.20530e-03 | 41 -0.05354  2.25589e-03 | 42 -0.63613 -2.63680e-03
 43  0.40320 -1.81060e-05 | 44 -0.35040  1.05530e-04 | 45  0.44351 -1.81265e-04
 46 -0.43668  3.78976e-04 | 47  0.22506  1.66158e-04 | 48 -0.47763  4.45988e-05
 49 -0.02919  1.66633e-04 | 50 -0.05412  3.08850e-03 | 51 -0.27725 -9.29635e-05
 52 -0.54044 -2.47430e-03 |
52 variables; iteration 620; function evaluation 789; phase 3
Function value 2.1003404e+03; maximum gradient component mag -7.4926e-03
Var    Value     Gradient |Var    Value     Gradient |Var    Value     Gradient
  1  0.03310 -7.49257e-03 |  2  0.00822  6.06274e-05 |  3  0.05129  3.30324e-05
  4 -0.01300  6.48296e-05 |  5 -0.13640  9.76889e-05 |  6 -0.02237  6.29872e-05
  7 -0.11848  1.17255e-04 |  8 -0.07252  1.00682e-04 |  9  0.00827  6.80627e-05
 10  0.10580 -2.73699e-05 | 11 -0.02187  6.24897e-05 | 12 -0.00368  6.04118e-05
 13  0.03670  5.43082e-05 | 14  0.07728 -9.08986e-05 | 15 -0.00508  2.68359e-05
 16 -0.03261  3.02172e-05 | 17 -0.01463  5.82110e-05 | 18  0.02651 -1.24744e-06
 19  0.05064 -1.67530e-05 | 20 -0.05078  2.43688e-05 | 21 -0.13295  4.67550e-05
 22 -0.04025 -2.92875e-05 | 23  0.03606 -1.76301e-04 | 24  0.00014 -1.15713e-04
 25 -0.01489  9.50094e-06 | 26  0.06186 -1.16952e-04 | 27  0.03997 -1.91292e-04
 28  0.01694 -1.04057e-04 | 29 -0.00682 -2.64525e-05 | 30  0.00929 -3.50789e-05
 31  0.03637  1.66416e-07 | 32  0.07542 -8.07536e-05 | 33  0.01967 -5.86340e-05
 34 -0.00210  8.49821e-07 | 35  0.03025 -1.07385e-06 | 36 -0.00405  1.21350e-04
 37  0.27416 -7.93087e-04 | 38  0.28510 -4.37218e-04 | 39  0.26647 -1.84373e-04
 40  0.26057 -1.02986e-03 | 41 -0.05552 -1.41147e-03 | 42 -0.63775  2.06075e-04
 43  0.40320  2.72780e-05 | 44 -0.35040  3.44128e-05 | 45  0.44351 -6.38695e-06
 46 -0.43668  1.09574e-04 | 47  0.22506 -2.96772e-05 | 48 -0.47763  5.74409e-05
 49 -0.02784 -1.31755e-04 | 50 -0.05276 -1.92080e-03 | 51 -0.27598  5.40605e-05
 52 -0.53870  1.46472e-04 |

 - final statistics:
52 variables; iteration 628; function evaluation 797
Function value 2.1003e+03; maximum gradient component mag -2.9715e-05
Exit code = 1;  converg criter 1.0000e-04
Var    Value     Gradient |Var    Value     Gradient |Var    Value     Gradient
  1  0.03310  1.00167e-05 |  2  0.00822 -6.60705e-08 |  3  0.05129 -2.96438e-08
  4 -0.01300 -1.28351e-07 |  5 -0.13640 -1.19642e-07 |  6 -0.02237 -8.50369e-08
  7 -0.11848 -1.18765e-07 |  8 -0.07252 -1.35382e-07 |  9  0.00827 -5.48911e-08
 10  0.10580  5.02570e-08 | 11 -0.02187 -3.14414e-08 | 12 -0.00368  7.97024e-08
 13  0.03670  5.25905e-07 | 14  0.07728  4.93419e-07 | 15 -0.00508  7.03309e-07
 16 -0.03261  9.12511e-07 | 17 -0.01463  8.15815e-07 | 18  0.02651 -2.34555e-07
 19  0.05064 -5.07504e-07 | 20 -0.05078 -5.81693e-11 | 21 -0.13295  2.82028e-07
 22 -0.04025  2.89172e-07 | 23  0.03606  2.78430e-07 | 24  0.00014  4.16859e-07
 25 -0.01489  3.90326e-07 | 26  0.06186 -2.17304e-07 | 27  0.03997 -6.72539e-07
 28  0.01694 -4.15683e-07 | 29 -0.00682 -1.41098e-07 | 30  0.00929 -2.55567e-07
 31  0.03637 -3.39610e-07 | 32  0.07542 -6.25213e-07 | 33  0.01967 -3.90758e-07
 34 -0.00210 -9.79066e-08 | 35  0.03025 -2.65456e-07 | 36 -0.00405 -3.79060e-07
 37  0.27416 -3.36390e-06 | 38  0.28510 -1.03226e-06 | 39  0.26647 -5.38613e-07
 40  0.26057 -5.26619e-06 | 41 -0.05540  1.17919e-05 | 42 -0.63789 -2.97152e-05
 43  0.40320  1.26748e-08 | 44 -0.35040  2.05685e-07 | 45  0.44351  2.01891e-07
 46 -0.43668  5.00584e-08 | 47  0.22506 -5.75711e-07 | 48 -0.47763  2.64870e-07
 49 -0.02791  3.63792e-07 | 50 -0.05284  1.67989e-05 | 51 -0.27587 -1.06657e-06
 52 -0.53855 -2.70716e-05 |
Estimating row 1 out of 52 for hessian
Estimating row 2 out of 52 for hessian
Estimating row 3 out of 52 for hessian
Estimating row 4 out of 52 for hessian
Estimating row 5 out of 52 for hessian
Estimating row 6 out of 52 for hessian
Estimating row 7 out of 52 for hessian
Estimating row 8 out of 52 for hessian
Estimating row 9 out of 52 for hessian
Estimating row 10 out of 52 for hessian
Estimating row 11 out of 52 for hessian
Estimating row 12 out of 52 for hessian
Estimating row 13 out of 52 for hessian
Estimating row 14 out of 52 for hessian
Estimating row 15 out of 52 for hessian
Estimating row 16 out of 52 for hessian
Estimating row 17 out of 52 for hessian
Estimating row 18 out of 52 for hessian
Estimating row 19 out of 52 for hessian
Estimating row 20 out of 52 for hessian
Estimating row 21 out of 52 for hessian
Estimating row 22 out of 52 for hessian
Estimating row 23 out of 52 for hessian
Estimating row 24 out of 52 for hessian
Estimating row 25 out of 52 for hessian
Estimating row 26 out of 52 for hessian
Estimating row 27 out of 52 for hessian
Estimating row 28 out of 52 for hessian
Estimating row 29 out of 52 for hessian
Estimating row 30 out of 52 for hessian
Estimating row 31 out of 52 for hessian
Estimating row 32 out of 52 for hessian
Estimating row 33 out of 52 for hessian
Estimating row 34 out of 52 for hessian
Estimating row 35 out of 52 for hessian
Estimating row 36 out of 52 for hessian
Estimating row 37 out of 52 for hessian
Estimating row 38 out of 52 for hessian
Estimating row 39 out of 52 for hessian
Estimating row 40 out of 52 for hessian
Estimating row 41 out of 52 for hessian
Estimating row 42 out of 52 for hessian
Estimating row 43 out of 52 for hessian
Estimating row 44 out of 52 for hessian
Estimating row 45 out of 52 for hessian
Estimating row 46 out of 52 for hessian
Estimating row 47 out of 52 for hessian
Estimating row 48 out of 52 for hessian
Estimating row 49 out of 52 for hessian
Estimating row 50 out of 52 for hessian
Estimating row 51 out of 52 for hessian
Estimating row 52 out of 52 for hessian
size of file gradfil1.tmp = 0
size of file gradfil2.tmp = 0
size of file varssave.tmp = 0
size of file cmpdiff.tmp = 0
