
Initial statistics: 36 variables; iteration 0; function evaluation 0; phase 1
Function value 1.6237412e+04; maximum gradient component mag 5.5645e+04
Var    Value     Gradient |Var    Value     Gradient |Var    Value     Gradient
  1  0.05918  5.56452e+04 |  2 -0.02237 -8.19445e+02 |  3  0.09611 -5.97157e+02
  4 -0.05868 -9.44524e+02 |  5 -0.11098 -7.63717e+02 |  6 -0.02699 -8.44288e+02
  7 -0.06852 -6.95523e+02 |  8 -0.12009 -8.39275e+02 |  9 -0.01590 -7.77175e+02
 10  0.14968  1.87960e+01 | 11  0.00006 -3.01932e+02 | 12 -0.02305 -6.95639e+02
 13  0.01843 -2.43639e+01 | 14  0.06887  2.29392e+02 | 15  0.06848  1.12405e+02
 16 -0.08271 -6.06273e+02 | 17  0.01603  1.80517e+02 | 18  0.01845  1.63549e+02
 19  0.11448  3.94183e+02 | 20 -0.02351  5.84788e+02 | 21 -0.16097 -4.60027e+02
 22 -0.09657  3.26687e+02 | 23  0.03342 -1.48990e+02 | 24  0.00255 -5.67559e+02
 25  0.01163  2.11963e+02 | 26  0.06808  1.13572e+03 | 27  0.08764  1.33108e+03
 28  0.02011  8.39980e+02 | 29 -0.03251  4.25671e+02 | 30 -0.03191  5.67509e+02
 31  0.03299  7.97053e+02 | 32  0.05538  6.82597e+02 | 33 -0.02218  5.04687e+02
 34  0.03900  6.16704e+02 | 35  0.03488 -1.13641e+02 | 36 -0.04002  1.01113e+02

Intermediate statistics: 36 variables; iteration 20; function evaluation 29; phase 1
Function value 1.3758548e+04; maximum gradient component mag 5.4605e+03
Var    Value     Gradient |Var    Value     Gradient |Var    Value     Gradient
  1 -0.00030  5.46049e+03 |  2  0.10451 -2.82443e+01 |  3  0.12929 -1.01653e+02
  4  0.05650 -6.24781e+01 |  5 -0.04445  1.50805e+01 |  6  0.05398 -6.60022e+01
  7 -0.01539  3.70380e+01 |  8 -0.00866 -3.70718e+01 |  9 -0.04721 -2.38945e+02
 10  0.17119 -3.96304e+02 | 11 -0.04674  2.16200e+01 | 12  0.06574 -2.20791e+02
 13  0.03099 -8.63827e+01 | 14  0.03936 -4.63307e+02 | 15  0.06273 -1.58917e+02
 16  0.02214 -3.69112e+02 | 17  0.06277  7.67600e+01 | 18 -0.00240  8.79130e+01
 19  0.17697 -6.92882e+02 | 20 -0.27928  8.02649e+01 | 21 -0.16830 -6.15197e+01
 22 -0.61343  1.50926e+01 | 23  0.16599  1.76052e+02 | 24  0.13542  2.02288e+01
 25  0.07947  3.91168e+02 | 26  0.00960  5.08506e+02 | 27  0.10218  9.21735e+02
 28  0.13959  1.04562e+03 | 29  0.01651  5.27621e+02 | 30 -0.05058  2.23987e+02
 31 -0.06615  2.19327e+02 | 32  0.20280  5.14157e+02 | 33 -0.11216  2.25075e+02
 34  0.04578  1.62259e+02 | 35  0.09712 -1.26516e+02 | 36 -1.36689 -1.37136e+02
36 variables; iteration 40; function evaluation 57; phase 1
Function value 1.3594913e+04; maximum gradient component mag 1.1493e+04
Var    Value     Gradient |Var    Value     Gradient |Var    Value     Gradient
  1 -0.00465  1.14935e+04 |  2  0.09895 -1.03504e+02 |  3  0.16478 -8.09351e+01
  4  0.10927 -1.53949e+01 |  5 -0.04690 -8.64075e+01 |  6  0.08654 -6.13081e+01
  7 -0.01907 -7.29418e+01 |  8  0.04413 -1.99044e+00 |  9  0.13261  1.25353e+02
 10  0.15918  3.42258e+02 | 11 -0.10264 -1.85959e+01 | 12  0.09363 -7.54895e+01
 13 -0.02514 -1.05150e+02 | 14  0.14409  1.38552e+02 | 15  0.00515 -3.79110e+01
 16  0.11674  4.88413e+01 | 17  0.03877  4.95433e+01 | 18 -0.03423 -6.63745e+01
 19  0.20103  1.27157e+02 | 20 -0.46946 -1.12257e+01 | 21 -0.11702  4.47948e+01
 22 -0.53493 -9.31182e-01 | 23  0.21007  3.60139e+02 | 24  0.23512  3.53679e+02
 25  0.05494  1.82956e+02 | 26 -0.07766  3.28442e+02 | 27  0.07234  4.04200e+02
 28  0.15061  5.57281e+02 | 29  0.03038  2.79729e+02 | 30 -0.03245 -1.50394e+02
 31 -0.14227 -5.46287e+01 | 32  0.21873  3.37500e+02 | 33 -0.34591  2.60206e+00
 34  0.08612  1.86338e+02 | 35  0.12363  7.73333e+01 | 36 -1.07214 -1.03000e+01
36 variables; iteration 60; function evaluation 78; phase 1
Function value 1.3395867e+04; maximum gradient component mag 5.1057e+02
Var    Value     Gradient |Var    Value     Gradient |Var    Value     Gradient
  1 -0.03017  5.10573e+02 |  2  0.18088 -9.97609e+00 |  3  0.20894 -2.10934e+01
  4  0.13756 -1.21204e+01 |  5  0.00273 -2.11649e+01 |  6  0.13160 -1.70993e+01
  7  0.02768 -2.30626e+01 |  8  0.07434 -2.20840e+01 |  9  0.18057 -2.33299e+01
 10  0.19872 -7.81124e+01 | 11 -0.06038 -1.98578e+01 | 12  0.14995 -2.95806e+00
 13  0.04544 -5.43508e+00 | 14  0.17736  1.36824e+01 | 15  0.06589 -1.02137e+01
 16  0.16691 -8.85560e+00 | 17  0.06117 -8.42892e+00 | 18  0.01659 -1.01274e+01
 19  0.26558  1.75045e+01 | 20 -0.62856 -2.46560e+01 | 21 -0.16556 -9.61528e+00
 22 -1.42277  2.63578e+00 | 23  0.19865  7.92263e+00 | 24  0.31152  6.79948e+00
 25  0.10793 -1.87901e+01 | 26 -0.61098  6.06344e+00 | 27  0.07899 -1.25949e+00
 28  0.21758 -6.87679e+00 | 29 -0.26085 -1.73657e+01 | 30  0.11861  1.36308e+01
 31 -0.37092 -1.46531e+01 | 32  0.27554  2.05589e+00 | 33 -0.78368 -1.42608e+01
 34  0.10378 -7.82711e+00 | 35  0.16516  7.58662e+00 | 36 -0.98654  2.11314e+00
36 variables; iteration 80; function evaluation 98; phase 1
Function value 1.3392538e+04; maximum gradient component mag -6.5990e+01
Var    Value     Gradient |Var    Value     Gradient |Var    Value     Gradient
  1 -0.03048 -6.59901e+01 |  2  0.17904  1.89132e+00 |  3  0.21159  1.88357e+00
  4  0.13588  9.16013e-01 |  5  0.00443  8.15867e-01 |  6  0.13048  2.89085e-01
  7  0.02789  2.00480e-01 |  8  0.07204 -1.65360e-02 |  9  0.17239 -1.29259e-01
 10  0.20536 -1.20075e+01 | 11 -0.05907 -6.09576e-01 | 12  0.14983  1.03765e-01
 13  0.04407 -1.96407e-01 | 14  0.17662  4.69563e-01 | 15  0.06806  4.65778e+00
 16  0.16924  6.35059e+00 | 17  0.05941  5.91755e-01 | 18  0.01621  2.11956e-01
 19  0.26661 -4.08044e+00 | 20 -0.53580  1.10140e+00 | 21 -0.17859 -8.50160e-01
 22 -1.39232  1.05448e+00 | 23  0.19745  5.83533e-01 | 24  0.31020 -2.02359e+00
 25  0.11778  5.16330e-01 | 26 -0.77523  1.03925e+00 | 27  0.07670  2.04037e+00
 28  0.21893 -3.35960e+00 | 29 -0.25897  2.45808e-02 | 30  0.11855 -2.81672e+00
 31 -0.38013 -2.89443e+00 | 32  0.27632 -6.12636e+00 | 33 -0.63885  1.59471e-01
 34  0.10267 -4.12546e+00 | 35  0.16482 -1.31948e+00 | 36 -1.00400 -7.46782e-01
Maximum number of function evaluations exceeded

 - final statistics:
36 variables; iteration 83; function evaluation 100
Function value 1.3393e+04; maximum gradient component mag -1.2026e+01
Exit code = 3;  converg criter 1.0000e+01
Var    Value     Gradient |Var    Value     Gradient |Var    Value     Gradient
  1 -0.03055 -1.20261e+01 |  2  0.17864 -1.08514e+00 |  3  0.21060 -2.11854e+00
  4  0.13523  3.44655e-01 |  5  0.00323 -1.83528e-01 |  6  0.12971 -3.07216e-01
  7  0.02665 -4.89798e-01 |  8  0.07087 -6.24918e-01 |  9  0.17150  4.13276e-01
 10  0.20629 -6.01824e+00 | 11 -0.05879 -8.75467e-01 | 12  0.14996  8.24740e-01
 13  0.04446  5.25969e-01 | 14  0.17693  2.79093e+00 | 15  0.06815  4.22840e+00
 16  0.16896  2.79450e+00 | 17  0.06012  2.28999e-01 | 18  0.01646  2.32852e-01
 19  0.26686  2.71539e+00 | 20 -0.53655  5.67074e-01 | 21 -0.17804 -5.75100e-01
 22 -1.39332  1.24338e+00 | 23  0.19747  2.47836e-01 | 24  0.31085  5.22724e-01
 25  0.11763 -6.80140e-01 | 26 -0.77869  6.34301e-01 | 27  0.07630  2.66895e-01
 28  0.21921 -6.91506e-01 | 29 -0.26102 -1.52217e+00 | 30  0.11873 -2.65617e-01
 31 -0.37567 -1.88376e+00 | 32  0.27645 -3.28486e+00 | 33 -0.63491  2.60644e-01
 34  0.10305 -3.03806e+00 | 35  0.16492 -1.63352e+00 | 36 -1.00735 -1.36418e+00

Initial statistics: 46 variables; iteration 0; function evaluation 0; phase 2
Function value 1.3392533e+04; maximum gradient component mag 4.3217e+04
Var    Value     Gradient |Var    Value     Gradient |Var    Value     Gradient
  1 -0.03055 -2.06327e+01 |  2  0.17855 -3.81389e+00 |  3  0.21051 -4.80507e+00
  4  0.13514 -2.41697e+00 |  5  0.00314 -3.00388e+00 |  6  0.12962 -3.08267e+00
  7  0.02656 -3.31862e+00 |  8  0.07078 -3.47086e+00 |  9  0.17141 -2.47952e+00
 10  0.20620 -9.09007e+00 | 11 -0.05888 -3.74146e+00 | 12  0.14987 -2.03051e+00
 13  0.04437 -2.33678e+00 | 14  0.17684 -8.07656e-02 | 15  0.06806  1.33239e+00
 16  0.16887 -1.49686e-01 | 17  0.06003 -2.70375e+00 | 18  0.01637 -2.66571e+00
 19  0.26676 -2.54392e-01 | 20 -0.53669 -1.31242e+00 | 21 -0.17813 -3.31933e+00
 22 -0.60683 -2.87579e+00 | 23  0.19738 -2.52513e+00 | 24  0.31075 -2.15420e+00
 25  0.11754 -3.54791e+00 | 26 -0.77895 -3.27293e-01 | 27  0.07621 -2.69663e+00
 28  0.21912 -4.11859e+00 | 29 -0.26112 -4.12950e+00 | 30  0.11864 -3.29172e+00
 31 -0.37578 -4.23489e+00 | 32  0.27635 -6.17651e+00 | 33 -0.63507 -1.27084e+00
 34  0.10296 -5.93387e+00 | 35  0.16483 -4.51083e+00 | 36 -0.98727  2.30845e+00
 37  0.44044  4.32169e+04 | 38  0.51784  1.69873e+04 | 39  0.17898 -5.46340e+03
 40  0.24235 -9.88146e+03 | 41 -0.04073 -4.89190e+02 | 42 -0.33547  7.27310e+02
 43 -0.06761 -1.49565e+02 | 44 -0.07108 -5.59094e+02 | 45 -0.54104  9.08133e+01
 46 -0.25985  4.62166e+02 |

Intermediate statistics: 46 variables; iteration 20; function evaluation 33; phase 2
Function value 6.1052307e+03; maximum gradient component mag 1.5971e+04
Var    Value     Gradient |Var    Value     Gradient |Var    Value     Gradient
  1  0.14696  1.02616e+04 |  2 -0.04044  3.62466e+02 |  3  0.11001  4.24714e+02
  4  0.19003  5.06185e+02 |  5  0.14299  5.41953e+02 |  6  0.34423  5.11612e+02
  7  0.29417  5.50822e+02 |  8  0.29715  5.37510e+02 |  9  0.31473  5.58207e+02
 10  0.32208  6.65920e+02 | 11  0.16837  7.27495e+02 | 12  0.16439  6.42615e+02
 13  0.06693  6.58854e+02 | 14  0.03693  5.85521e+02 | 15 -0.01912  5.34903e+02
 16  0.10776  6.32032e+02 | 17  0.03171  5.61290e+02 | 18  0.17042  8.98649e+02
 19  0.14878  7.22709e+02 | 20 -0.10748  5.57438e+02 | 21 -0.01259  8.39668e+02
 22 -0.10527  6.44397e+02 | 23 -0.19778  3.72734e+02 | 24 -0.05428  4.81492e+02
 25 -0.05914  5.41717e+02 | 26 -0.21084  3.18554e+02 | 27 -0.08638  6.86836e+02
 28 -0.03564  1.02540e+03 | 29 -0.04617  8.61329e+02 | 30 -0.09561  8.07336e+02
 31 -0.06412  7.52946e+02 | 32  0.01982  1.06785e+03 | 33 -0.20505  4.14249e+02
 34 -0.18271  5.10648e+02 | 35 -0.08540  4.82865e+02 | 36 -0.97643  1.39452e+01
 37  0.24601  1.59710e+04 | 38  0.30963  8.41247e+03 | 39  0.12666 -4.52150e+03
 40  0.22104  7.99898e+02 | 41  0.00632  5.37233e+02 | 42 -0.70006  2.57819e+02
 43 -0.12865  4.14372e+02 | 44 -0.12649  3.51435e+02 | 45 -0.30967 -2.95764e+02
 46 -0.44774  5.85254e+02 |
46 variables; iteration 40; function evaluation 57; phase 2
Function value 5.2266367e+03; maximum gradient component mag 5.6379e+03
Var    Value     Gradient |Var    Value     Gradient |Var    Value     Gradient
  1  0.13091  3.82640e+03 |  2 -0.11808  2.25909e+02 |  3 -0.07090  2.84379e+02
  4 -0.13617  2.24671e+02 |  5 -0.21002  3.25196e+02 |  6 -0.18703  6.58119e+01
  7 -0.03178  4.42060e+02 |  8  0.17171  5.60443e+02 |  9  0.11423  2.88140e+02
 10  0.27486  4.58019e+02 | 11  0.15597  5.59767e+02 | 12  0.15458  3.78236e+02
 13  0.08942  4.08163e+02 | 14  0.14309  5.41382e+02 | 15 -0.01680  2.63515e+02
 16  0.18209  4.03046e+02 | 17  0.07569  3.46317e+02 | 18  0.27536  6.66407e+02
 19  0.17276  2.63142e+02 | 20 -0.07354  2.33134e+02 | 21  0.06590  5.98008e+02
 22  0.00917  5.20435e+02 | 23 -0.07642  2.67263e+02 | 24  0.00482  3.29801e+02
 25  0.01720  4.09632e+02 | 26 -0.08545  1.99459e+02 | 27  0.02251  4.18832e+02
 28  0.02488  5.17758e+02 | 29  0.07108  6.27838e+02 | 30 -0.00711  4.90842e+02
 31  0.06204  5.61919e+02 | 32  0.08878  5.52604e+02 | 33 -0.03684  4.05904e+02
 34 -0.13311  2.49744e+02 | 35  0.01584  2.81635e+02 | 36 -0.77569  5.30457e+01
 37  0.20501  5.63789e+03 | 38  0.25823  3.28634e+03 | 39  0.15702 -1.89925e+03
 40  0.19970  1.00785e+03 | 41  0.17199 -4.37177e+02 | 42 -0.78809 -4.67524e+01
 43 -0.33131 -8.90066e+01 | 44 -0.29488 -4.98524e+02 | 45 -0.29009 -1.36672e+02
 46 -0.46299  3.22749e+01 |
46 variables; iteration 60; function evaluation 86; phase 2
Function value 4.8024290e+03; maximum gradient component mag 5.6330e+02
Var    Value     Gradient |Var    Value     Gradient |Var    Value     Gradient
  1  0.12786  5.63297e+02 |  2 -0.01991 -3.36907e+00 |  3  0.01727 -9.56063e+00
  4 -0.01285 -1.05639e+01 |  5 -0.13111 -1.25893e+01 |  6 -0.01096 -2.60497e+00
  7 -0.09709 -8.64624e+00 |  8 -0.07668 -1.38396e+01 |  9 -0.00528 -6.63172e+00
 10  0.10934  2.17160e+00 | 11 -0.05214 -1.25144e+01 | 12  0.03906 -3.73793e+00
 13  0.00155 -4.04966e+00 | 14  0.05786  4.26926e+00 | 15 -0.01603 -2.71727e+00
 16  0.13582  3.21920e+00 | 17  0.03395 -8.80901e-01 | 18  0.18063 -4.00100e+00
 19  0.15688  2.55063e+01 | 20 -0.00017 -1.76607e+00 | 21 -0.03484  9.89349e+00
 22 -0.04839 -6.99834e+00 | 23 -0.03407 -1.06110e+00 | 24 -0.01072  4.90983e+00
 25 -0.03811  5.87999e-01 | 26 -0.01281  5.20793e+00 | 27  0.02879  1.01052e+01
 28  0.00390  2.97254e+01 | 29  0.01614 -9.75397e+00 | 30 -0.01309  2.02332e+01
 31  0.03178 -7.60082e+00 | 32  0.07548  2.80007e+01 | 33 -0.03022 -2.55737e+00
 34 -0.07920  9.07742e+00 | 35  0.01657 -8.54637e-01 | 36 -0.17888  8.41870e-01
 37  0.19859  1.82553e+02 | 38  0.23287  9.39540e+01 | 39  0.19440  1.80253e+01
 40  0.19620  1.33788e+02 | 41  0.45896  2.58927e+01 | 42 -0.82123  2.23987e+00
 43 -0.48655  1.74322e+01 | 44 -0.47947  1.89496e+01 | 45 -0.17637 -3.81500e+00
 46 -0.42803  7.94099e+00 |

 - final statistics:
46 variables; iteration 73; function evaluation 100
Function value 4.7770e+03; maximum gradient component mag 9.8857e+00
Exit code = 1;  converg criter 1.0000e+01
Var    Value     Gradient |Var    Value     Gradient |Var    Value     Gradient
  1  0.06222 -1.44227e+00 |  2 -0.01034  5.22730e-01 |  3  0.03249  6.33748e-01
  4 -0.01321  1.80486e-01 |  5 -0.13156  5.68189e-01 |  6 -0.01410  6.44007e-01
  7 -0.10182  1.81916e-01 |  8 -0.06591  3.10382e-01 |  9  0.01129  3.78370e-01
 10  0.12390 -6.99645e-01 | 11 -0.04385 -3.14382e-01 | 12  0.03688  5.45170e-01
 13  0.00979  1.30363e-01 | 14  0.05718 -2.12338e-01 | 15 -0.04283 -1.06768e-01
 16  0.11076  3.24702e-01 | 17  0.00461  3.39048e-02 | 18  0.16266 -1.97041e-02
 19  0.13250  2.00323e-01 | 20 -0.01147  1.07667e+00 | 21 -0.04999  1.62862e+00
 22 -0.04699  3.32296e-01 | 23 -0.01116  2.52614e+00 | 24  0.01466  3.16125e+00
 25 -0.02135  2.70208e+00 | 26  0.01431  8.49536e+00 | 27  0.03182  4.76220e+00
 28  0.00136  3.87818e+00 | 29  0.00594 -1.82220e-01 | 30 -0.02382  1.14647e+00
 31  0.03042 -1.36838e+00 | 32  0.08334 -4.44437e+00 | 33 -0.01625 -5.76539e+00
 34 -0.07032 -5.26091e+00 | 35  0.00306 -5.87046e+00 | 36 -0.19196  7.67920e-01
 37  0.23252  9.88569e+00 | 38  0.26398  2.67081e+00 | 39  0.23421  3.09689e+00
 40  0.24139 -1.58329e+00 | 41  0.39680 -2.31747e+00 | 42 -0.79760  1.14196e+00
 43 -0.40041 -2.23659e+00 | 44 -0.40705 -1.11975e+00 | 45 -0.18530  2.30065e-01
 46 -0.42854  2.00326e+00 |

Initial statistics: 52 variables; iteration 0; function evaluation 0; phase 3
Function value 4.7770215e+03; maximum gradient component mag -3.5643e+03
Var    Value     Gradient |Var    Value     Gradient |Var    Value     Gradient
  1  0.06222 -1.44227e+00 |  2 -0.01035  2.11951e-01 |  3  0.03248  3.23333e-01
  4 -0.01322 -1.30267e-01 |  5 -0.13156  2.63981e-01 |  6 -0.01411  3.33263e-01
  7 -0.10183 -1.24936e-01 |  8 -0.06591  1.22580e-03 |  9  0.01128  6.75984e-02
 10  0.12389 -1.00460e+00 | 11 -0.04386 -6.24465e-01 | 12  0.03687  2.34871e-01
 13  0.00979 -1.80420e-01 | 14  0.05717 -5.21906e-01 | 15 -0.04284 -4.16885e-01
 16  0.11075  1.85741e-02 | 17  0.00461 -2.76907e-01 | 18  0.16265 -3.20435e-01
 19  0.13249 -1.03790e-01 | 20 -0.01147  7.65897e-01 | 21 -0.05000  1.31875e+00
 22 -0.04700  2.23220e-02 | 23 -0.01117  2.21537e+00 | 24  0.01465  2.85051e+00
 25 -0.02136  2.39143e+00 | 26  0.01430  8.18462e+00 | 27  0.03181  4.45177e+00
 28  0.00135  3.56736e+00 | 29  0.00593 -4.93027e-01 | 30 -0.02383  8.35870e-01
 31  0.03041 -1.67885e+00 | 32  0.08333 -4.75254e+00 | 33 -0.01626 -6.07611e+00
 34 -0.07033 -5.56983e+00 | 35  0.00305 -6.18128e+00 | 36 -0.19197  4.71121e-01
 37  0.23252  9.88569e+00 | 38  0.26398  2.67081e+00 | 39  0.23421  3.09689e+00
 40  0.24139 -1.58329e+00 | 41  0.39680 -2.31747e+00 | 42 -0.79760  1.14196e+00
 43  0.81459 -1.68104e+02 | 44 -0.59937  3.49279e+02 | 45  0.07571 -3.56426e+03
 46 -0.89706  9.65447e+02 | 47  0.33575  1.66912e+02 | 48 -0.32854  2.50197e+02
 49 -0.40041 -2.23659e+00 | 50 -0.40705 -1.11975e+00 | 51 -0.18530  2.30065e-01
 52 -0.42854  2.00326e+00 |

Intermediate statistics: 52 variables; iteration 20; function evaluation 30; phase 3
Function value 3.4469868e+03; maximum gradient component mag -1.1505e+04
Var    Value     Gradient |Var    Value     Gradient |Var    Value     Gradient
  1  0.04823 -7.49196e+03 |  2 -0.00895  1.03756e+02 |  3  0.03371  8.98507e+01
  4 -0.01550  1.14622e+02 |  5 -0.13464  1.19513e+02 |  6 -0.01592  1.14539e+02
  7 -0.10434  1.22654e+02 |  8 -0.06538  1.16365e+02 |  9  0.01502  1.06543e+02
 10  0.13301  8.40840e+01 | 11 -0.03337  1.10580e+02 | 12  0.04552  8.47016e+01
 13  0.01982  5.56941e+01 | 14  0.06258 -2.78677e+01 | 15  0.03117  3.71384e+01
 16 -0.08646 -1.66486e+02 | 17  0.01923  1.47180e+02 | 18  0.06953 -1.37505e+02
 19  0.16346  8.92692e+00 | 20  0.00107  8.17765e+01 | 21  0.00928  1.50704e+01
 22 -0.00942 -3.88282e+01 | 23 -0.04750 -1.60312e+01 | 24  0.05897  2.32611e+01
 25  0.11236  1.68767e+01 | 26 -0.10682 -2.38647e+02 | 27  0.10570  9.50252e+01
 28  0.05048 -3.19903e+01 | 29  0.07063 -2.69992e+01 | 30 -0.04365 -1.86793e+02
 31  0.07704 -1.35217e+02 | 32  0.11499 -2.10547e+02 | 33 -0.05282 -3.94939e+01
 34 -0.03841  3.87562e+01 | 35  0.04121  5.35369e+00 | 36 -0.50869  7.14542e+00
 37  0.23716  1.37341e+03 | 38  0.16282 -1.15050e+04 | 39  0.24704  1.93369e+02
 40  0.23779  3.01899e+02 | 41  0.41132 -3.45948e+02 | 42 -0.79570  1.78875e+02
 43  1.00057  1.02420e-01 | 44 -0.65556  4.71191e+01 | 45  0.64220 -1.14737e+03
 46 -0.95479  5.62764e+01 | 47  0.22135 -2.70453e+02 | 48 -0.46116  4.75294e+02
 49 -0.39847 -4.62459e+01 | 50 -0.41692 -4.54592e+02 | 51 -0.18317  2.48532e+01
 52 -0.42266  3.19890e+02 |
52 variables; iteration 40; function evaluation 56; phase 3
Function value 3.0466293e+03; maximum gradient component mag -3.7117e+03
Var    Value     Gradient |Var    Value     Gradient |Var    Value     Gradient
  1  0.05456 -3.71175e+03 |  2 -0.03896  1.52899e+00 |  3  0.05011  1.15870e+02
  4 -0.05776 -3.52145e+01 |  5 -0.15018  6.00764e+01 |  6 -0.04285  6.88689e+01
  7 -0.17774 -6.85623e+00 |  8 -0.14589 -1.63668e+01 |  9  0.00049  3.06911e+01
 10  0.13894 -1.79215e+01 | 11  0.00960  8.25053e+01 | 12  0.09435  9.02529e+01
 13  0.04978  6.07149e+01 | 14  0.06696 -4.14557e+01 | 15  0.06090  1.14964e+02
 16 -0.09634 -8.55972e+01 | 17  0.02426  3.81767e+01 | 18  0.07740 -4.23900e+01
 19  0.14896 -9.83772e+01 | 20  0.04270  1.20794e+02 | 21  0.04700  1.03704e+02
 22 -0.01620  2.21673e+01 | 23 -0.12253 -8.23750e+01 | 24  0.07695  2.15680e+01
 25  0.05849 -3.21264e+01 | 26  0.04994 -8.52353e+01 | 27  0.01884 -3.34740e+02
 28  0.00208 -3.36749e+02 | 29  0.05106 -1.65073e+01 | 30  0.01249 -7.40706e+01
 31  0.11624  1.13634e+02 | 32  0.12487  2.36697e+01 | 33 -0.13083 -1.77864e+02
 34 -0.01748  3.77576e+01 | 35  0.04856  1.06307e+02 | 36 -0.41308 -2.31660e+01
 37  0.22612 -8.00001e+02 | 38  0.21941 -5.31196e+02 | 39  0.22821 -3.61941e+02
 40  0.22565 -1.12740e+03 | 41  0.70269 -3.07841e+02 | 42 -0.73650  1.18859e+02
 43  0.96037 -2.23360e+01 | 44 -0.63059  1.02170e+02 | 45  0.71516 -6.55374e+02
 46 -0.83705  2.01247e+02 | 47  0.21151  2.28831e+02 | 48 -0.48943 -3.33062e+02
 49 -0.55265 -5.52491e+01 | 50 -0.64185 -4.84892e+02 | 51 -0.12757  9.83727e+01
 52 -0.48515  9.02733e+01 |
52 variables; iteration 60; function evaluation 86; phase 3
Function value 2.8903901e+03; maximum gradient component mag 3.2289e+02
Var    Value     Gradient |Var    Value     Gradient |Var    Value     Gradient
  1  0.08154  3.06246e+02 |  2  0.00231  5.92991e+00 |  3  0.01578 -6.15806e+01
  4 -0.00221 -2.73963e+00 |  5 -0.13322 -3.61188e+01 |  6 -0.00802 -2.29796e+01
  7 -0.09895 -3.43184e+01 |  8 -0.06119 -2.01925e+01 |  9  0.00702 -2.87381e+01
 10  0.12237 -1.67825e+01 | 11 -0.04122 -2.34217e+01 | 12  0.03590 -3.44958e+01
 13  0.00296 -3.45453e+01 | 14  0.05223 -3.01416e+01 | 15 -0.01017 -5.16943e+01
 16 -0.01534  2.98802e+01 | 17  0.00270 -2.23318e+01 | 18  0.09320 -1.26950e+01
 19  0.14196 -6.04975e+01 | 20 -0.00182 -7.47495e+00 | 21 -0.01228 -5.11971e+01
 22 -0.06600 -6.30215e+01 | 23 -0.04632 -9.18911e+00 | 24  0.04134 -2.31956e+01
 25  0.02681 -3.64137e+01 | 26  0.02669  2.80822e+01 | 27  0.05730  2.43770e+01
 28  0.04805  9.04194e+00 | 29  0.04559  1.21695e+00 | 30  0.02780 -2.21948e+01
 31  0.06396 -3.87869e+01 | 32  0.09106 -2.07012e+01 | 33 -0.04265 -6.51268e+00
 34 -0.07509 -5.02885e+01 | 35  0.02257  8.03457e+00 | 36 -0.35237 -6.69840e+01
 37  0.21893  2.05233e+02 | 38  0.20786 -4.69490e+01 | 39  0.22409  1.17380e+02
 40  0.21397  3.22893e+02 | 41  0.58028  7.13003e+00 | 42 -0.73432  1.77075e+01
 43  0.98347 -5.84469e+00 | 44 -0.70191 -3.84016e+00 | 45  0.94903 -5.08101e+01
 46 -0.91521  1.74547e+01 | 47  0.20808 -9.64220e+00 | 48 -0.48147 -2.60193e+01
 49 -0.54771 -1.05367e+01 | 50 -0.54469  2.16833e+01 | 51 -0.20984  1.55339e+01
 52 -0.47095  1.24657e+01 |
52 variables; iteration 80; function evaluation 106; phase 3
Function value 2.8815583e+03; maximum gradient component mag -2.2346e-01
Var    Value     Gradient |Var    Value     Gradient |Var    Value     Gradient
  1  0.09052 -2.23463e-01 |  2 -0.01794  7.65864e-03 |  3  0.02402  3.85241e-02
  4 -0.01178  7.80546e-03 |  5 -0.12848  2.71049e-03 |  6 -0.01201  9.57115e-03
  7 -0.09736  8.69830e-03 |  8 -0.06859  5.98183e-03 |  9  0.00271  7.75567e-03
 10  0.11620  1.37016e-02 | 11 -0.04475  7.36040e-03 | 12  0.03814 -8.71638e-03
 13  0.00531 -1.87250e-02 | 14  0.05180 -4.23035e-02 | 15  0.00160 -2.88338e-02
 16 -0.04239 -2.30017e-02 | 17  0.00233 -7.81208e-03 | 18  0.08883 -1.47866e-02
 19  0.15201  6.97058e-03 | 20 -0.00791  4.67669e-03 | 21 -0.00168  6.95661e-03
 22 -0.05160  1.17132e-02 | 23 -0.06036  1.33740e-02 | 24  0.03937  8.90610e-03
 25  0.03281  2.64179e-02 | 26  0.01255  2.56477e-02 | 27  0.04804  1.91186e-02
 28  0.04106  9.06116e-03 | 29  0.03870  1.48638e-02 | 30  0.02854  2.04728e-03
 31  0.06895 -1.02726e-03 | 32  0.08865 -2.90492e-02 | 33 -0.05117 -5.14971e-03
 34 -0.06575 -1.61449e-02 | 35  0.02224 -2.02962e-02 | 36 -0.24698 -4.55083e-03
 37  0.21400 -1.52250e-01 | 38  0.20415 -9.62979e-02 | 39  0.21732 -3.42580e-02
 40  0.20773 -3.31221e-02 | 41  0.60374  2.23416e-02 | 42 -0.75505 -1.06099e-02
 43  0.99992 -1.09082e-02 | 44 -0.69629  2.24447e-02 | 45  1.00000 -1.71081e-01
 46 -0.99760 -6.05859e-04 | 47  0.20801  1.09285e-02 | 48 -0.47990  1.55977e-02
 49 -0.57016  3.14720e-02 | 50 -0.56583 -1.13143e-02 | 51 -0.20799 -3.08016e-02
 52 -0.46028  1.64287e-02 |
52 variables; iteration 100; function evaluation 129; phase 3
Function value 2.8815580e+03; maximum gradient component mag -1.0201e+00
Var    Value     Gradient |Var    Value     Gradient |Var    Value     Gradient
  1  0.09049 -7.45825e-01 |  2 -0.01795  8.55541e-03 |  3  0.02397 -1.98640e-02
  4 -0.01182  5.07479e-03 |  5 -0.12852  1.65223e-02 |  6 -0.01205 -7.25400e-03
  7 -0.09740  1.44021e-02 |  8 -0.06861  1.48369e-02 |  9  0.00271  5.26521e-03
 10  0.11621 -7.56332e-03 | 11 -0.04473  1.56395e-02 | 12  0.03816 -8.44283e-04
 13  0.00535  2.55003e-02 | 14  0.05185  3.89177e-02 | 15  0.00163  1.88518e-02
 16 -0.04235  2.75091e-02 | 17  0.00234  1.09445e-02 | 18  0.08885  2.75979e-02
 19  0.15201  8.56033e-03 | 20 -0.00791  3.59174e-03 | 21 -0.00168  1.50797e-03
 22 -0.05160  1.12882e-02 | 23 -0.06036 -1.23304e-02 | 24  0.03936 -4.49736e-02
 25  0.03279 -5.48883e-02 | 26  0.01254 -5.24194e-02 | 27  0.04803 -3.43593e-02
 28  0.04105 -2.75807e-02 | 29  0.03869 -5.85849e-04 | 30  0.02854  3.39052e-03
 31  0.06894 -2.00954e-02 | 32  0.08866 -3.68840e-02 | 33 -0.05117 -1.42349e-02
 34 -0.06574  2.57194e-03 | 35  0.02226  9.65971e-02 | 36 -0.24696  1.48081e-02
 37  0.21402  1.93626e-02 | 38  0.20417  8.20749e-02 | 39  0.21734 -2.21398e-02
 40  0.20775 -2.01855e-02 | 41  0.57140 -7.11082e-01 | 42 -0.74427  7.25218e-01
 43  0.99997 -1.90552e-03 | 44 -0.69634 -2.12191e-02 | 45  1.00010  7.03708e-02
 46 -0.99775 -1.90109e-02 | 47  0.20801  1.26334e-02 | 48 -0.47990  6.17921e-02
 49 -0.54911 -7.98463e-02 | 50 -0.54497 -1.02011e+00 | 51 -0.21368  7.87710e-02
 52 -0.46752  9.94032e-01 |
52 variables; iteration 120; function evaluation 154; phase 3
Function value 2.8815568e+03; maximum gradient component mag -1.7314e+00
Var    Value     Gradient |Var    Value     Gradient |Var    Value     Gradient
  1  0.09052 -9.81283e-01 |  2 -0.01796  2.89390e-02 |  3  0.02396 -2.91427e-02
  4 -0.01182  3.02524e-02 |  5 -0.12853  2.45232e-02 |  6 -0.01204  2.41821e-02
  7 -0.09740  2.94672e-02 |  8 -0.06862  1.88807e-02 |  9  0.00270  2.53775e-02
 10  0.11620  5.00737e-03 | 11 -0.04475  1.38123e-02 | 12  0.03816  6.99847e-03
 13  0.00533  2.03993e-02 | 14  0.05184  3.35709e-02 | 15  0.00163  6.05845e-03
 16 -0.04236  2.96781e-02 | 17  0.00234  1.36578e-02 | 18  0.08885  2.84560e-02
 19  0.15201  1.62935e-02 | 20 -0.00791  9.30133e-03 | 21 -0.00168 -5.29985e-03
 22 -0.05160  2.08739e-02 | 23 -0.06034  4.28595e-02 | 24  0.03938  1.45944e-02
 25  0.03282  5.71940e-02 | 26  0.01255  1.27994e-02 | 27  0.04804 -8.62696e-03
 28  0.04106  8.42571e-03 | 29  0.03871  6.10301e-03 | 30  0.02856  3.90904e-02
 31  0.06895 -2.84355e-02 | 32  0.08866 -4.31263e-02 | 33 -0.05117  9.92084e-03
 34 -0.06574  6.49035e-03 | 35  0.02226  4.65206e-02 | 36 -0.24695  3.26355e-02
 37  0.21400 -3.40180e-01 | 38  0.20415 -1.39693e-01 | 39  0.21731 -8.07530e-03
 40  0.20773 -1.33728e-01 | 41  0.42661 -1.31477e+00 | 42 -0.72100  8.88216e-01
 43  0.99948 -8.18193e-02 | 44 -0.69631 -3.75715e-04 | 45  0.99999  1.65724e-03
 46 -0.99766 -8.42813e-03 | 47  0.20801  2.24255e-02 | 48 -0.47990  3.87252e-02
 49 -0.44968 -1.41802e-01 | 50 -0.44612 -1.73145e+00 | 51 -0.22692  9.28262e-02
 52 -0.48452  1.08784e+00 |
52 variables; iteration 140; function evaluation 179; phase 3
Function value 2.8815556e+03; maximum gradient component mag 9.2622e-01
Var    Value     Gradient |Var    Value     Gradient |Var    Value     Gradient
  1  0.09054  5.22215e-01 |  2 -0.01793  2.65763e-03 |  3  0.02404  5.84482e-02
  4 -0.01176  5.40837e-03 |  5 -0.12845 -1.39434e-02 |  6 -0.01198  6.91216e-03
  7 -0.09733 -8.62165e-03 |  8 -0.06856  2.25684e-03 |  9  0.00273  2.80198e-03
 10  0.11621  7.02155e-02 | 11 -0.04473  8.22167e-03 | 12  0.03816  6.96444e-03
 13  0.00533  1.22489e-02 | 14  0.05183  4.38655e-02 | 15  0.00163  2.61328e-02
 16 -0.04237  6.97389e-03 | 17  0.00233  3.57971e-03 | 18  0.08883  8.50360e-03
 19  0.15200  9.58679e-03 | 20 -0.00791  1.12107e-02 | 21 -0.00169  9.01811e-03
 22 -0.05162 -3.47180e-03 | 23 -0.06038 -7.36489e-04 | 24  0.03935 -3.33575e-04
 25  0.03278 -1.20595e-02 | 26  0.01252  1.55297e-03 | 27  0.04801  7.53540e-04
 28  0.04104 -4.49628e-03 | 29  0.03868 -1.78703e-02 | 30  0.02852 -2.82550e-02
 31  0.06892 -5.00631e-02 | 32  0.08862 -1.04344e-01 | 33 -0.05120 -4.09196e-02
 34 -0.06579 -6.85676e-02 | 35  0.02222 -5.56978e-02 | 36 -0.24697 -8.18937e-03
 37  0.21399  1.85674e-01 | 38  0.20414  2.18811e-02 | 39  0.21731  4.05837e-02
 40  0.20773 -1.08617e-01 | 41  0.14841  8.20942e-01 | 42 -0.70831 -2.79406e-01
 43  1.00034  5.28019e-02 | 44 -0.69632  2.57968e-03 | 45  0.99984 -1.17714e-01
 46 -0.99755  5.46316e-03 | 47  0.20801  5.70117e-03 | 48 -0.47991 -3.69666e-02
 49 -0.24872  2.06743e-01 | 50 -0.24579  9.26218e-01 | 51 -0.23470 -1.08269e-01
 52 -0.49457 -2.56632e-01 |
52 variables; iteration 160; function evaluation 199; phase 3
Function value 2.8815552e+03; maximum gradient component mag 7.2047e-01
Var    Value     Gradient |Var    Value     Gradient |Var    Value     Gradient
  1  0.09052  2.58365e-01 |  2 -0.01795 -3.88740e-03 |  3  0.02399 -1.50465e-03
  4 -0.01181 -2.20516e-03 |  5 -0.12850 -4.54069e-03 |  6 -0.01203 -1.83164e-03
  7 -0.09738 -5.45986e-03 |  8 -0.06860 -3.71644e-03 |  9  0.00270 -4.47583e-03
 10  0.11619 -1.50197e-03 | 11 -0.04475 -3.71673e-03 | 12  0.03815  2.93200e-03
 13  0.00532  4.57642e-04 | 14  0.05182  1.63903e-05 | 15  0.00162  2.79892e-04
 16 -0.04237 -8.49398e-04 | 17  0.00234 -8.28226e-04 | 18  0.08884 -1.58782e-03
 19  0.15201  9.07269e-04 | 20 -0.00791 -2.29273e-03 | 21 -0.00168  1.00957e-03
 22 -0.05160  7.53601e-04 | 23 -0.06036 -8.10537e-04 | 24  0.03937  3.22817e-03
 25  0.03280  2.03718e-03 | 26  0.01255  3.17019e-03 | 27  0.04804  5.88641e-03
 28  0.04106  3.70783e-03 | 29  0.03870  2.92320e-03 | 30  0.02855  3.11985e-03
 31  0.06895  9.07284e-03 | 32  0.08866  1.78213e-02 | 33 -0.05117  4.21661e-03
 34 -0.06574  3.29387e-03 | 35  0.02225 -7.55331e-03 | 36 -0.24695 -4.80975e-03
 37  0.21400  1.30380e-02 | 38  0.20415  1.46720e-02 | 39  0.21731 -3.10185e-03
 40  0.20773  4.84675e-02 | 41  0.01120  5.51925e-01 | 42 -0.70098 -2.47788e-01
 43  0.99991 -1.17082e-02 | 44 -0.69632 -1.02541e-03 | 45  0.99994 -3.94593e-02
 46 -0.99760 -5.30798e-04 | 47  0.20801  8.95006e-03 | 48 -0.47990  1.66516e-03
 49 -0.15043  5.93163e-02 | 50 -0.14764  7.20473e-01 | 51 -0.23929 -1.69003e-02
 52 -0.50064 -2.78538e-01 |
52 variables; iteration 180; function evaluation 223; phase 3
Function value 2.8815552e+03; maximum gradient component mag 4.4413e-01
Var    Value     Gradient |Var    Value     Gradient |Var    Value     Gradient
  1  0.09053  1.55168e-01 |  2 -0.01795 -1.92803e-03 |  3  0.02399  2.41918e-03
  4 -0.01180 -1.55766e-03 |  5 -0.12850 -3.17303e-03 |  6 -0.01202 -1.64367e-04
  7 -0.09738 -2.97094e-03 |  8 -0.06860 -2.48832e-03 |  9  0.00271 -1.09401e-03
 10  0.11619  1.91829e-03 | 11 -0.04475 -8.44523e-04 | 12  0.03815  3.53157e-03
 13  0.00532  1.65729e-03 | 14  0.05182  4.40576e-03 | 15  0.00162  2.14925e-03
 16 -0.04237  1.52797e-04 | 17  0.00234  5.63513e-05 | 18  0.08884 -1.51675e-05
 19  0.15201  1.57868e-03 | 20 -0.00791 -1.24534e-03 | 21 -0.00168  6.83239e-04
 22 -0.05160 -1.94652e-04 | 23 -0.06037 -1.23129e-03 | 24  0.03937  2.77845e-03
 25  0.03280  7.67756e-04 | 26  0.01255  2.25191e-03 | 27  0.04803  2.09430e-03
 28  0.04106  9.98119e-04 | 29  0.03870 -3.26016e-05 | 30  0.02854 -5.86767e-04
 31  0.06895  2.61302e-03 | 32  0.08866  4.10411e-03 | 33 -0.05117 -2.71201e-04
 34 -0.06575 -1.72213e-03 | 35  0.02225 -1.18158e-02 | 36 -0.24696 -3.24330e-03
 37  0.21400  1.07663e-02 | 38  0.20415  7.64237e-03 | 39  0.21731  5.64127e-04
 40  0.20773  7.72550e-03 | 41 -0.07003  3.31659e-01 | 42 -0.69345 -1.43178e-01
 43  0.99998  1.62426e-03 | 44 -0.69631  4.42445e-04 | 45  0.99999 -2.82378e-04
 46 -0.99758  1.19987e-03 | 47  0.20801  1.96874e-03 | 48 -0.47990 -2.58460e-03
 49 -0.09363  3.58423e-02 | 50 -0.09088  4.44129e-01 | 51 -0.24416 -1.20563e-02
 52 -0.50708 -1.52854e-01 |
52 variables; iteration 200; function evaluation 249; phase 3
Function value 2.8815552e+03; maximum gradient component mag -1.7300e-02
Var    Value     Gradient |Var    Value     Gradient |Var    Value     Gradient
  1  0.09053 -8.75061e-03 |  2 -0.01795  4.69413e-04 |  3  0.02399  1.02481e-03
  4 -0.01180  2.87970e-04 |  5 -0.12850  2.65067e-05 |  6 -0.01202  2.65902e-04
  7 -0.09737  4.86262e-04 |  8 -0.06860  2.52987e-04 |  9  0.00271  6.87102e-04
 10  0.11619  8.40019e-04 | 11 -0.04475  6.09781e-04 | 12  0.03815  3.05799e-04
 13  0.00532  4.57524e-04 | 14  0.05182  1.19693e-03 | 15  0.00162  8.29826e-04
 16 -0.04237  5.91381e-04 | 17  0.00234  3.18097e-04 | 18  0.08884  4.18835e-04
 19  0.15201  4.88759e-04 | 20 -0.00791  4.40423e-04 | 21 -0.00168  1.57597e-04
 22 -0.05160  2.30125e-04 | 23 -0.06037  7.98935e-05 | 24  0.03937  1.51374e-04
 25  0.03280 -2.20102e-04 | 26  0.01254 -9.34736e-05 | 27  0.04803 -3.81195e-04
 28  0.04106 -4.38897e-04 | 29  0.03870 -4.06892e-04 | 30  0.02854 -2.67895e-04
 31  0.06895 -1.04868e-03 | 32  0.08866 -2.47017e-03 | 33 -0.05117 -9.14982e-04
 34 -0.06575 -1.12446e-03 | 35  0.02225 -1.52357e-03 | 36 -0.24696  2.61560e-04
 37  0.21400 -3.89682e-04 | 38  0.20415 -8.13637e-04 | 39  0.21731  4.33730e-04
 40  0.20773 -6.16837e-03 | 41 -0.12534 -1.22590e-02 | 42 -0.68627  5.89079e-03
 43  0.99997 -7.22459e-04 | 44 -0.69632  1.19776e-04 | 45  0.99999  4.30355e-04
 46 -0.99759  4.34286e-04 | 47  0.20801  7.70361e-05 | 48 -0.47990 -4.58048e-04
 49 -0.05581 -4.32130e-04 | 50 -0.05308 -1.72996e-02 | 51 -0.24893 -4.11445e-04
 52 -0.51343  9.14657e-03 |
52 variables; iteration 220; function evaluation 270; phase 3
Function value 2.8815551e+03; maximum gradient component mag 2.8947e-02
Var    Value     Gradient |Var    Value     Gradient |Var    Value     Gradient
  1  0.09052 -8.09790e-05 |  2 -0.01795 -1.30456e-03 |  3  0.02399 -3.92093e-03
  4 -0.01181 -1.53490e-03 |  5 -0.12850 -2.58756e-05 |  6 -0.01203 -1.10930e-03
  7 -0.09738 -9.52126e-04 |  8 -0.06860 -8.05508e-04 |  9  0.00270 -1.77879e-03
 10  0.11619 -5.16794e-03 | 11 -0.04475 -1.61253e-03 | 12  0.03815 -1.32868e-03
 13  0.00532 -2.34959e-03 | 14  0.05182 -5.19383e-03 | 15  0.00162 -2.68025e-03
 16 -0.04237 -2.24406e-03 | 17  0.00234 -5.81869e-04 | 18  0.08884 -1.39794e-03
 19  0.15201 -9.21472e-04 | 20 -0.00791 -1.70244e-03 | 21 -0.00168 -5.31571e-04
 22 -0.05160 -8.23047e-04 | 23 -0.06037 -1.70045e-03 | 24  0.03937 -8.88273e-04
 25  0.03280 -1.11841e-03 | 26  0.01255 -1.27585e-03 | 27  0.04804  8.13207e-04
 28  0.04106  8.29009e-04 | 29  0.03870  1.54195e-03 | 30  0.02855  3.81687e-04
 31  0.06895  5.33476e-03 | 32  0.08866  1.10317e-02 | 33 -0.05117  3.42271e-03
 34 -0.06574  4.71323e-03 | 35  0.02225  3.83161e-03 | 36 -0.24695 -5.14685e-04
 37  0.21400 -2.86137e-03 | 38  0.20415  2.57859e-03 | 39  0.21731 -3.18368e-03
 40  0.20773  1.38255e-02 | 41 -0.13858 -1.13246e-02 | 42 -0.68341  2.78498e-02
 43  0.99991 -1.21178e-02 | 44 -0.69632 -6.50354e-04 | 45  0.99999 -1.93860e-03
 46 -0.99760 -6.54343e-04 | 47  0.20801  4.45768e-04 | 48 -0.47990 -1.44284e-04
 49 -0.04687 -3.48673e-03 | 50 -0.04414 -1.27591e-02 | 51 -0.25085  5.08599e-03
 52 -0.51600  2.89470e-02 |
52 variables; iteration 240; function evaluation 294; phase 3
Function value 2.8815551e+03; maximum gradient component mag -7.5169e-02
Var    Value     Gradient |Var    Value     Gradient |Var    Value     Gradient
  1  0.09053 -3.18362e-02 |  2 -0.01795 -2.78429e-05 |  3  0.02399 -1.01626e-03
  4 -0.01180 -4.37700e-04 |  5 -0.12850  4.80896e-04 |  6 -0.01202 -4.20475e-04
  7 -0.09738  5.22491e-04 |  8 -0.06860  9.37613e-05 |  9  0.00271  2.87738e-05
 10  0.11619 -2.50035e-03 | 11 -0.04475 -8.74365e-05 | 12  0.03815 -1.06328e-03
 13  0.00532 -1.25369e-03 | 14  0.05182 -2.84816e-03 | 15  0.00162 -1.46708e-03
 16 -0.04237 -9.24798e-04 | 17  0.00234 -3.57206e-04 | 18  0.08884 -8.83011e-04
 19  0.15201 -6.37885e-04 | 20 -0.00791 -3.03464e-04 | 21 -0.00168 -2.82308e-04
 22 -0.05160 -3.26033e-04 | 23 -0.06037 -4.89755e-04 | 24  0.03937 -7.75656e-04
 25  0.03280 -8.68178e-04 | 26  0.01255 -9.07187e-04 | 27  0.04804 -4.48451e-04
 28  0.04106 -4.18023e-04 | 29  0.03870  3.70584e-04 | 30  0.02855  8.45992e-05
 31  0.06895  1.74671e-03 | 32  0.08866  3.06352e-03 | 33 -0.05117  1.11818e-03
 34 -0.06574  2.37667e-03 | 35  0.02225  2.46271e-03 | 36 -0.24695  2.49536e-04
 37  0.21400 -3.62199e-03 | 38  0.20415 -3.39406e-04 | 39  0.21731 -1.91400e-03
 40  0.20773  3.05933e-03 | 41 -0.16466 -5.60149e-02 | 42 -0.67067  1.90898e-02
 43  0.99999  6.97590e-03 | 44 -0.69632 -2.73862e-04 | 45  0.99999 -7.02005e-04
 46 -0.99759  8.51351e-06 | 47  0.20801  1.49594e-04 | 48 -0.47990  2.21675e-04
 49 -0.02942 -8.06223e-03 | 50 -0.02670 -7.51694e-02 | 51 -0.25968  2.95574e-03
 52 -0.52792  1.90056e-02 |
52 variables; iteration 260; function evaluation 321; phase 3
Function value 2.8815551e+03; maximum gradient component mag -2.3782e-01
Var    Value     Gradient |Var    Value     Gradient |Var    Value     Gradient
  1  0.09053 -4.58550e-02 |  2 -0.01795  4.60903e-04 |  3  0.02399 -7.99678e-04
  4 -0.01180  3.13036e-04 |  5 -0.12850  7.98517e-04 |  6 -0.01202 -2.65148e-04
  7 -0.09738  9.18079e-04 |  8 -0.06860  6.59710e-04 |  9  0.00271  3.76706e-04
 10  0.11619 -7.08103e-04 | 11 -0.04475  1.71980e-04 | 12  0.03815 -8.33922e-04
 13  0.00532 -1.64770e-03 | 14  0.05182 -1.03564e-03 | 15  0.00162 -1.13840e-03
 16 -0.04237 -1.41605e-03 | 17  0.00234 -9.10436e-04 | 18  0.08884  1.19057e-04
 19  0.15201  1.63766e-03 | 20 -0.00791 -2.07673e-04 | 21 -0.00168 -7.91378e-04
 22 -0.05160 -9.94592e-04 | 23 -0.06037 -1.35606e-03 | 24  0.03937  2.11178e-04
 25  0.03280 -6.43012e-04 | 26  0.01255 -1.43170e-03 | 27  0.04803 -4.39352e-04
 28  0.04106 -5.19960e-04 | 29  0.03870  3.92069e-04 | 30  0.02855 -5.89732e-04
 31  0.06895  3.67670e-04 | 32  0.08866  1.39731e-03 | 33 -0.05117 -3.08825e-04
 34 -0.06575  2.79174e-04 | 35  0.02225  4.41244e-03 | 36 -0.24695  1.18102e-03
 37  0.21400 -8.28025e-04 | 38  0.20415 -1.35549e-03 | 39  0.21731 -1.12099e-04
 40  0.20773 -3.40205e-04 | 41 -0.16597 -1.65667e-01 | 42 -0.65737  2.05976e-01
 43  1.00010  1.45294e-02 | 44 -0.69632 -4.10950e-05 | 45  0.99999 -1.73456e-04
 46 -0.99759 -5.09683e-05 | 47  0.20801 -2.20593e-04 | 48 -0.47990  4.65681e-04
 49 -0.02855 -1.03792e-02 | 50 -0.02583 -2.37819e-01 | 51 -0.26928  8.76663e-03
 52 -0.54107  1.96300e-01 |
52 variables; iteration 280; function evaluation 344; phase 3
Function value 2.8815551e+03; maximum gradient component mag 8.5958e-02
Var    Value     Gradient |Var    Value     Gradient |Var    Value     Gradient
  1  0.09053  4.02169e-02 |  2 -0.01795 -3.75282e-04 |  3  0.02399  2.49806e-04
  4 -0.01180 -1.44060e-04 |  5 -0.12850 -8.00615e-04 |  6 -0.01202  3.98756e-05
  7 -0.09738 -7.88143e-04 |  8 -0.06860 -6.07259e-04 |  9  0.00271 -3.29814e-04
 10  0.11619  1.41232e-03 | 11 -0.04475 -2.77098e-04 | 12  0.03815  8.17245e-04
 13  0.00532  3.12315e-04 | 14  0.05182  1.37605e-03 | 15  0.00162  1.64133e-04
 16 -0.04237 -2.00182e-04 | 17  0.00234 -2.70346e-04 | 18  0.08884  1.15147e-04
 19  0.15201  7.58490e-04 | 20 -0.00791 -3.60282e-04 | 21 -0.00168 -2.56754e-04
 22 -0.05160 -3.98411e-04 | 23 -0.06037 -1.05125e-04 | 24  0.03937  8.55115e-04
 25  0.03280  6.36152e-04 | 26  0.01254  4.68927e-04 | 27  0.04803  4.86474e-04
 28  0.04106  3.23387e-04 | 29  0.03870 -2.12472e-05 | 30  0.02854 -8.41674e-05
 31  0.06895 -1.14990e-04 | 32  0.08866  7.66113e-04 | 33 -0.05117 -2.44757e-04
 34 -0.06575 -6.63799e-04 | 35  0.02225 -1.30438e-03 | 36 -0.24695 -6.62126e-04
 37  0.21400  4.60671e-03 | 38  0.20415  1.16974e-03 | 39  0.21731  1.16831e-03
 40  0.20773  2.65782e-03 | 41 -0.11785  6.41998e-02 | 42 -0.64539 -6.14484e-03
 43  0.99998  2.54244e-03 | 44 -0.69632  5.87777e-05 | 45  0.99999  1.12659e-04
 46 -0.99759 -6.69651e-05 | 47  0.20801  4.89565e-04 | 48 -0.47990 -2.04615e-04
 49 -0.06088  8.92495e-03 | 50 -0.05815  8.59579e-02 | 51 -0.27829 -1.89987e-03
 52 -0.55362 -4.43676e-03 |
52 variables; iteration 300; function evaluation 366; phase 3
Function value 2.8815551e+03; maximum gradient component mag 1.0779e-02
Var    Value     Gradient |Var    Value     Gradient |Var    Value     Gradient
  1  0.09053  2.43729e-03 |  2 -0.01795 -8.11666e-06 |  3  0.02399 -3.61244e-04
  4 -0.01180  1.74563e-05 |  5 -0.12850 -7.37104e-05 |  6 -0.01202  8.50436e-05
  7 -0.09738 -2.65881e-05 |  8 -0.06860 -1.00464e-04 |  9  0.00271  2.87515e-05
 10  0.11619  4.64624e-04 | 11 -0.04475  1.26037e-05 | 12  0.03815  3.06060e-05
 13  0.00532  1.04533e-04 | 14  0.05182  1.53573e-04 | 15  0.00162 -1.43247e-04
 16 -0.04237  1.13500e-05 | 17  0.00234  1.49949e-05 | 18  0.08884 -9.79226e-05
 19  0.15201 -2.34726e-05 | 20 -0.00791 -1.04091e-05 | 21 -0.00168 -3.37931e-04
 22 -0.05160 -2.47795e-04 | 23 -0.06037  1.86445e-04 | 24  0.03937  6.44349e-05
 25  0.03280  1.69145e-04 | 26  0.01255 -1.42341e-04 | 27  0.04803 -2.45686e-04
 28  0.04106 -9.22466e-05 | 29  0.03870 -1.25454e-04 | 30  0.02854  7.87189e-05
 31  0.06895 -1.12566e-04 | 32  0.08866  5.50258e-04 | 33 -0.05117  1.53472e-04
 34 -0.06575  3.53418e-04 | 35  0.02225  5.79081e-05 | 36 -0.24695 -2.11008e-05
 37  0.21400  6.17244e-04 | 38  0.20415 -6.40986e-04 | 39  0.21731  4.06487e-04
 40  0.20773 -7.45271e-04 | 41 -0.10233  7.64703e-03 | 42 -0.64288 -5.89882e-03
 43  0.99997  6.31908e-04 | 44 -0.69632  2.16527e-05 | 45  0.99999 -1.74379e-05
 46 -0.99759 -1.67070e-04 | 47  0.20801  2.24238e-04 | 48 -0.47990 -1.37634e-04
 49 -0.07145  4.74678e-04 | 50 -0.06871  1.07793e-02 | 51 -0.28023 -3.11502e-05
 52 -0.55634 -5.60719e-03 |
52 variables; iteration 320; function evaluation 387; phase 3
Function value 2.8815551e+03; maximum gradient component mag -9.0613e-03
Var    Value     Gradient |Var    Value     Gradient |Var    Value     Gradient
  1  0.09053 -4.18323e-03 |  2 -0.01795  1.27714e-04 |  3  0.02399 -5.17724e-04
  4 -0.01180  1.69327e-04 |  5 -0.12850  8.06507e-05 |  6 -0.01202  2.05726e-04
  7 -0.09738  1.37269e-04 |  8 -0.06860  3.90825e-05 |  9  0.00271  1.58537e-04
 10  0.11619  7.85708e-04 | 11 -0.04475  1.22702e-04 | 12  0.03815 -5.33248e-05
 13  0.00532  1.76228e-04 | 14  0.05182  2.54790e-04 | 15  0.00162 -1.22615e-04
 16 -0.04237  1.31401e-04 | 17  0.00234  8.95509e-05 | 18  0.08884 -1.41188e-05
 19  0.15201 -5.80634e-05 | 20 -0.00791  1.22635e-04 | 21 -0.00168 -4.76926e-04
 22 -0.05160 -3.26449e-04 | 23 -0.06037  3.63621e-04 | 24  0.03937  1.72047e-05
 25  0.03280  2.74555e-04 | 26  0.01255 -2.67592e-04 | 27  0.04803 -4.72292e-04
 28  0.04106 -2.00768e-04 | 29  0.03870 -2.36141e-04 | 30  0.02854  1.07714e-04
 31  0.06895 -3.42133e-04 | 32  0.08866  3.21225e-04 | 33 -0.05117  1.44101e-04
 34 -0.06575  3.75030e-04 | 35  0.02225  2.74187e-04 | 36 -0.24695  1.94329e-04
 37  0.21400  4.53266e-04 | 38  0.20415 -1.30367e-03 | 39  0.21731  6.80881e-04
 40  0.20773 -2.15666e-03 | 41 -0.09754 -6.82637e-03 | 42 -0.64646  2.34866e-03
 43  0.99997 -3.11486e-04 | 44 -0.69632  4.07829e-05 | 45  0.99999  4.48170e-05
 46 -0.99759 -3.04731e-04 | 47  0.20801  1.70441e-04 | 48 -0.47990 -2.12757e-04
 49 -0.07473 -9.38980e-04 | 50 -0.07199 -9.06135e-03 | 51 -0.27748  4.77335e-04
 52 -0.55248  1.83280e-03 |
  ic > imax  in fminim is answer attained ?
Var    Value     Gradient |Var    Value     Gradient |Var    Value     Gradient
  1  0.09053  2.05507e-05 |  2 -0.01795 -1.58125e-06 |  3  0.02399  2.18638e-06
  4 -0.01180 -2.10965e-06 |  5 -0.12850 -7.96204e-07 |  6 -0.01202 -2.01332e-06
  7 -0.09738 -1.60130e-06 |  8 -0.06860 -5.65046e-07 |  9  0.00271 -1.95268e-06
 10  0.11619 -8.87879e-06 | 11 -0.04475 -1.48460e-06 | 12  0.03815  1.18718e-06
 13  0.00532  6.27600e-08 | 14  0.05182  7.47238e-08 | 15  0.00162  2.47115e-06
 16 -0.04237 -3.36311e-07 | 17  0.00234  2.62808e-07 | 18  0.08884 -1.91521e-07
 19  0.15201  4.74318e-07 | 20 -0.00791 -1.83590e-06 | 21 -0.00168  3.87624e-06
 22 -0.05160  3.07959e-06 | 23 -0.06037 -4.16861e-06 | 24  0.03937 -5.36447e-07
 25  0.03280 -3.99151e-06 | 26  0.01255  1.17044e-06 | 27  0.04803  3.37516e-06
 28  0.04106  2.35122e-06 | 29  0.03870  2.26491e-06 | 30  0.02854 -1.31175e-06
 31  0.06895  1.71768e-06 | 32  0.08866 -2.28646e-06 | 33 -0.05117 -1.24320e-06
 34 -0.06575 -2.73079e-06 | 35  0.02225 -2.17378e-06 | 36 -0.24695 -1.95799e-06
 37  0.21400 -1.37620e-05 | 38  0.20415  7.91469e-06 | 39  0.21731 -7.58451e-06
 40  0.20773  4.91601e-06 | 41 -0.09878  7.57169e-05 | 42 -0.64686 -4.04842e-05
 43  0.99997 -3.07306e-06 | 44 -0.69632  5.91305e-07 | 45  0.99999 -1.43535e-06
 46 -0.99759  3.45789e-06 | 47  0.20801 -2.45055e-07 | 48 -0.47990  7.42508e-07
 49 -0.07388  6.96678e-06 | 50 -0.07114  1.03779e-04 | 51 -0.27718 -1.48706e-06
 52 -0.55205 -3.68324e-05 |
Function minimizer not making progress ... is minimum attained?
Minimprove criterion = 0.0000e+00
Warning: the following parameters had issues
  selparm[3] is within 0.1% of upper bound: -3.0000e+00 < 1.5000e+01 < 1.5000e+01
  selparm[5] is within 0.1% of upper bound: -1.0000e+00 < 1.5000e+01 < 1.5000e+01
  selparm[6] is within 0.1% of lower bound: -1.0000e+00 < -9.9992e-01 < 2.0000e+01


 - final statistics:
52 variables; iteration 329; function evaluation 426
Function value 2.8816e+03; maximum gradient component mag 1.0378e-04
Exit code = 1;  converg criter 1.0000e-04
Var    Value     Gradient |Var    Value     Gradient |Var    Value     Gradient
  1  0.09053  2.05507e-05 |  2 -0.01795 -1.58125e-06 |  3  0.02399  2.18638e-06
  4 -0.01180 -2.10965e-06 |  5 -0.12850 -7.96204e-07 |  6 -0.01202 -2.01332e-06
  7 -0.09738 -1.60130e-06 |  8 -0.06860 -5.65046e-07 |  9  0.00271 -1.95268e-06
 10  0.11619 -8.87879e-06 | 11 -0.04475 -1.48460e-06 | 12  0.03815  1.18718e-06
 13  0.00532  6.27600e-08 | 14  0.05182  7.47238e-08 | 15  0.00162  2.47115e-06
 16 -0.04237 -3.36311e-07 | 17  0.00234  2.62808e-07 | 18  0.08884 -1.91521e-07
 19  0.15201  4.74318e-07 | 20 -0.00791 -1.83590e-06 | 21 -0.00168  3.87624e-06
 22 -0.05160  3.07959e-06 | 23 -0.06037 -4.16861e-06 | 24  0.03937 -5.36447e-07
 25  0.03280 -3.99151e-06 | 26  0.01255  1.17044e-06 | 27  0.04803  3.37516e-06
 28  0.04106  2.35122e-06 | 29  0.03870  2.26491e-06 | 30  0.02854 -1.31175e-06
 31  0.06895  1.71768e-06 | 32  0.08866 -2.28646e-06 | 33 -0.05117 -1.24320e-06
 34 -0.06575 -2.73079e-06 | 35  0.02225 -2.17378e-06 | 36 -0.24695 -1.95799e-06
 37  0.21400 -1.37620e-05 | 38  0.20415  7.91469e-06 | 39  0.21731 -7.58451e-06
 40  0.20773  4.91601e-06 | 41 -0.09878  7.57169e-05 | 42 -0.64686 -4.04842e-05
 43  0.99997 -3.07306e-06 | 44 -0.69632  5.91305e-07 | 45  0.99999 -1.43535e-06
 46 -0.99759  3.45789e-06 | 47  0.20801 -2.45055e-07 | 48 -0.47990  7.42508e-07
 49 -0.07388  6.96678e-06 | 50 -0.07114  1.03779e-04 | 51 -0.27718 -1.48706e-06
 52 -0.55205 -3.68324e-05 |
Estimating row 1 out of 52 for hessian
Estimating row 2 out of 52 for hessian
Estimating row 3 out of 52 for hessian
Estimating row 4 out of 52 for hessian
Estimating row 5 out of 52 for hessian
Estimating row 6 out of 52 for hessian
Estimating row 7 out of 52 for hessian
Estimating row 8 out of 52 for hessian
Estimating row 9 out of 52 for hessian
Estimating row 10 out of 52 for hessian
Estimating row 11 out of 52 for hessian
Estimating row 12 out of 52 for hessian
Estimating row 13 out of 52 for hessian
Estimating row 14 out of 52 for hessian
Estimating row 15 out of 52 for hessian
Estimating row 16 out of 52 for hessian
Estimating row 17 out of 52 for hessian
Estimating row 18 out of 52 for hessian
Estimating row 19 out of 52 for hessian
Estimating row 20 out of 52 for hessian
Estimating row 21 out of 52 for hessian
Estimating row 22 out of 52 for hessian
Estimating row 23 out of 52 for hessian
Estimating row 24 out of 52 for hessian
Estimating row 25 out of 52 for hessian
Estimating row 26 out of 52 for hessian
Estimating row 27 out of 52 for hessian
Estimating row 28 out of 52 for hessian
Estimating row 29 out of 52 for hessian
Estimating row 30 out of 52 for hessian
Estimating row 31 out of 52 for hessian
Estimating row 32 out of 52 for hessian
Estimating row 33 out of 52 for hessian
Estimating row 34 out of 52 for hessian
Estimating row 35 out of 52 for hessian
Estimating row 36 out of 52 for hessian
Estimating row 37 out of 52 for hessian
Estimating row 38 out of 52 for hessian
Estimating row 39 out of 52 for hessian
Estimating row 40 out of 52 for hessian
Estimating row 41 out of 52 for hessian
Estimating row 42 out of 52 for hessian
Estimating row 43 out of 52 for hessian
Estimating row 44 out of 52 for hessian
Estimating row 45 out of 52 for hessian
Estimating row 46 out of 52 for hessian
Estimating row 47 out of 52 for hessian
Estimating row 48 out of 52 for hessian
Estimating row 49 out of 52 for hessian
Estimating row 50 out of 52 for hessian
Estimating row 51 out of 52 for hessian
Estimating row 52 out of 52 for hessian
size of file gradfil1.tmp = 0
size of file gradfil2.tmp = 0
size of file varssave.tmp = 0
size of file cmpdiff.tmp = 0
