
Initial statistics: 36 variables; iteration 0; function evaluation 0; phase 1
Function value 4.2105557e+03; maximum gradient component mag -9.4785e+03
Var    Value     Gradient |Var    Value     Gradient |Var    Value     Gradient
  1  0.07494 -9.47847e+03 |  2  0.00559  1.76318e+02 |  3  0.04030  1.85071e+02
  4  0.02777  2.74521e+02 |  5 -0.18648  4.92555e+01 |  6 -0.06309  7.77341e+00
  7 -0.06067  2.48157e+02 |  8 -0.12582  4.00424e+01 |  9  0.05358  2.32771e+02
 10  0.14135  1.72943e+02 | 11 -0.05066  4.05123e+01 | 12 -0.01629 -2.50175e+01
 13  0.07767  2.74723e+02 | 14  0.04736  1.19447e+02 | 15  0.00816  2.10722e+02
 16 -0.05027  2.21641e+02 | 17 -0.03887  1.70058e+02 | 18  0.05655  1.31642e+01
 19  0.08891  3.52369e+01 | 20 -0.08460 -1.75562e+02 | 21 -0.16441 -3.13191e+02
 22  0.00386  2.86973e+02 | 23  0.00540  3.25516e+02 | 24  0.02858  3.31938e+01
 25 -0.00888 -9.87236e+01 | 26  0.10081  5.90654e+01 | 27  0.00442 -4.81361e+02
 28 -0.01874 -5.62470e+02 | 29 -0.01867 -2.68939e+02 | 30  0.04461 -4.56651e+02
 31  0.00718 -5.19174e+02 | 32  0.06472 -5.84292e+02 | 33  0.02236 -5.07878e+01
 34  0.04428  1.90563e+02 | 35  0.05470 -2.82181e+01 | 36 -0.04408  1.98082e+02

Intermediate statistics: 36 variables; iteration 20; function evaluation 33; phase 1
Function value 3.8391801e+03; maximum gradient component mag -7.2592e+02
Var    Value     Gradient |Var    Value     Gradient |Var    Value     Gradient
  1  0.09186 -7.25924e+02 |  2 -0.03060  1.90964e+01 |  3 -0.01309  9.83162e+00
  4 -0.04278  1.53070e+01 |  5 -0.16486 -1.03596e+01 |  6 -0.04166  3.69276e+00
  7 -0.11091  1.18119e+01 |  8 -0.07567  1.23383e+01 |  9  0.00302  1.73727e+01
 10  0.12210  1.44657e+01 | 11 -0.02319  5.48928e+00 | 12  0.04436  1.17014e+01
 13  0.00942  1.15708e+01 | 14  0.00983  5.27097e+00 | 15 -0.05347  1.06453e+01
 16 -0.13838  1.48894e+00 | 17 -0.10182  1.02456e-01 | 18  0.06822 -2.66410e+00
 19  0.09483 -2.04691e+01 | 20 -0.01096  3.29477e+00 | 21 -0.00655  1.65528e+00
 22 -0.06897  1.58445e+01 | 23 -0.09623  1.54663e+01 | 24  0.01986 -3.11654e+00
 25  0.02283  2.26828e+00 | 26  0.03257 -1.93870e+01 | 27  0.09666 -2.23983e+01
 28  0.10627 -3.49677e+01 | 29  0.07672 -6.73289e+00 | 30  0.10680 -4.69526e+01
 31  0.11648 -3.28883e+01 | 32  0.13093 -5.23135e+01 | 33  0.02213 -6.10935e+00
 34 -0.02551  2.98775e+00 | 35  0.05294 -1.24933e-01 | 36 -0.13430  8.46958e+00

 - final statistics:
36 variables; iteration 26; function evaluation 43
Function value 3.8373e+03; maximum gradient component mag 7.6854e+00
Exit code = 1;  converg criter 1.0000e+01
Var    Value     Gradient |Var    Value     Gradient |Var    Value     Gradient
  1  0.09369 -7.55940e+00 |  2 -0.03399  2.75726e+00 |  3 -0.01346 -2.16110e+00
  4 -0.04316 -1.70878e+00 |  5 -0.14892  1.82203e+00 |  6 -0.03737  6.32994e+00
  7 -0.11324 -2.19528e+00 |  8 -0.08299 -3.21687e+00 |  9 -0.00595  2.30618e+00
 10  0.11387  4.00143e-01 | 11 -0.02873 -4.89580e+00 | 12  0.03805  1.92633e-01
 13  0.00503  5.90789e-01 | 14  0.00884  3.71201e+00 | 15 -0.05804 -7.41596e+00
 16 -0.13761 -2.81970e+00 | 17 -0.09924  5.64293e+00 | 18  0.06791 -4.93213e+00
 19  0.10016  2.11760e+00 | 20 -0.00887  5.67501e+00 | 21 -0.00746  4.51154e-01
 22 -0.07316  3.40284e+00 | 23 -0.10518 -6.60256e+00 | 24  0.02138  2.71003e-02
 25  0.02036 -7.84879e-01 | 26  0.03349 -6.49419e+00 | 27  0.09996  1.93529e+00
 28  0.11376  2.56865e+00 | 29  0.07897 -3.14983e+00 | 30  0.11980  7.68537e+00
 31  0.12365  5.47056e+00 | 32  0.13918  2.91295e+00 | 33  0.02244 -3.85112e+00
 34 -0.02712 -1.04874e+00 | 35  0.05250  1.96856e+00 | 36 -0.13507 -9.62433e-02

Initial statistics: 46 variables; iteration 0; function evaluation 0; phase 2
Function value 3.8372912e+03; maximum gradient component mag 6.0004e+03
Var    Value     Gradient |Var    Value     Gradient |Var    Value     Gradient
  1  0.09369 -7.55940e+00 |  2 -0.03399  2.56196e+00 |  3 -0.01347 -2.35664e+00
  4 -0.04316 -1.90391e+00 |  5 -0.14893  1.63177e+00 |  6 -0.03737  6.13469e+00
  7 -0.11324 -2.38777e+00 |  8 -0.08300 -3.41079e+00 |  9 -0.00596  2.11061e+00
 10  0.11387  2.07683e-01 | 11 -0.02874 -5.09118e+00 | 12  0.03804 -2.59946e-03
 13  0.00502  3.95214e-01 | 14  0.00883  3.51645e+00 | 15 -0.05804 -7.61073e+00
 16 -0.13762 -3.01072e+00 | 17 -0.09925  5.44971e+00 | 18  0.06791 -5.12660e+00
 19  0.10015  1.92444e+00 | 20 -0.00888  5.47945e+00 | 21 -0.00747  2.55586e-01
 22 -0.07316  3.20855e+00 | 23 -0.10519 -6.79546e+00 | 24  0.02137 -1.68371e-01
 25  0.02035 -9.80360e-01 | 26  0.03349 -6.68950e+00 | 27  0.09995  1.74212e+00
 28  0.11375  2.37618e+00 | 29  0.07897 -3.34391e+00 | 30  0.11979  7.49325e+00
 31  0.12365  5.27866e+00 | 32  0.13917  2.72203e+00 | 33  0.02243 -4.04659e+00
 34 -0.02713 -1.24414e+00 | 35  0.05250  1.77364e+00 | 36 -0.13507 -2.87439e-01
 37  0.24467 -4.40778e+03 | 38  0.19594 -8.26320e+02 | 39  0.34944  6.00041e+03
 40  0.17489 -3.48826e+03 | 41 -0.02627  5.14400e+02 | 42 -0.64478  2.87200e+02
 43 -0.00987  3.37426e+02 | 44 -0.09310  4.06998e+02 | 45 -0.21081 -1.48827e+02
 46 -0.50122  4.02744e+02 |

Intermediate statistics: 46 variables; iteration 20; function evaluation 30; phase 2
Function value 3.3336395e+03; maximum gradient component mag -2.0941e+03
Var    Value     Gradient |Var    Value     Gradient |Var    Value     Gradient
  1  0.09507 -1.39438e+03 |  2 -0.02303  5.19794e+00 |  3  0.04247  3.84691e+01
  4  0.01039  4.36450e+01 |  5 -0.11679  1.80115e+01 |  6  0.00294  2.66980e+01
  7 -0.08378  2.58595e+01 |  8 -0.05921  2.46535e+01 |  9  0.00215  8.50241e+00
 10  0.13218  1.00153e+01 | 11 -0.04997  5.22923e+00 | 12  0.03894  3.59441e+01
 13 -0.01828 -1.14025e+01 | 14 -0.02589 -1.17332e+02 | 15 -0.05184 -2.35144e+01
 16 -0.07838  1.41640e+01 | 17 -0.01519  5.62352e+01 | 18  0.06200 -1.54489e+01
 19  0.14460  7.68563e+01 | 20  0.03011  6.29112e+01 | 21 -0.00074  1.73554e+01
 22 -0.06651  1.89575e+00 | 23 -0.05851  9.32694e+00 | 24  0.01187 -3.72039e+01
 25  0.01544  5.74214e+00 | 26  0.04138  1.84162e+01 | 27  0.04671 -1.85730e+01
 28  0.07557  2.53319e+01 | 29  0.04666  1.71955e+01 | 30  0.05605 -5.18238e+01
 31  0.07131 -3.05734e+01 | 32  0.11646  3.80875e+01 | 33 -0.03547 -4.58686e+01
 34 -0.09337 -5.84974e+01 | 35 -0.00814 -1.00395e+02 | 36 -0.15858  4.50935e+01
 37  0.25431 -2.09410e+03 | 38  0.20533  2.58617e+02 | 39  0.24110  1.33348e+03
 40  0.19148 -1.96713e+03 | 41 -0.03913 -4.17758e+01 | 42 -0.61781  2.31129e+02
 43 -0.13066 -6.78017e+00 | 44 -0.10615 -5.32067e+01 | 45 -0.31807 -1.77071e+01
 46 -0.56621  2.09049e+02 |
46 variables; iteration 40; function evaluation 58; phase 2
Function value 3.2923159e+03; maximum gradient component mag -1.3762e+02
Var    Value     Gradient |Var    Value     Gradient |Var    Value     Gradient
  1  0.10133 -8.03411e+01 |  2 -0.02491 -1.11951e+01 |  3  0.03126  1.17973e+01
  4 -0.00272  7.25044e+00 |  5 -0.12312 -1.81156e+00 |  6 -0.00023  5.18143e+00
  7 -0.08220  9.41690e+00 |  8 -0.05987 -9.07036e-01 |  9  0.01453  1.62043e+00
 10  0.14314  5.52982e+00 | 11 -0.03959  1.88273e+01 | 12  0.04877  8.19584e+00
 13 -0.00999  3.41797e+00 | 14  0.01806  1.02857e+01 | 15 -0.03823 -1.43910e+01
 16 -0.06354 -1.30280e+01 | 17 -0.01124  1.82340e+00 | 18  0.06988 -3.93163e+00
 19  0.13113 -1.30672e+01 | 20  0.02188  1.63242e+01 | 21 -0.00353  8.71641e-01
 22 -0.07024 -2.05562e+01 | 23 -0.03314  1.41120e+01 | 24  0.03754 -1.00840e+01
 25  0.01194  2.66436e+00 | 26  0.03275  1.19605e+01 | 27  0.02596 -3.14958e+01
 28  0.05958  2.19474e+01 | 29  0.02756 -1.38643e+01 | 30  0.05940  2.49730e+01
 31  0.06664  2.08133e+01 | 32  0.08888 -1.11151e+00 | 33 -0.03925  1.21112e+01
 34 -0.09566 -1.08883e+01 | 35 -0.00341 -8.67971e-01 | 36 -0.18764  4.57884e+00
 37  0.25731 -8.06841e+01 | 38  0.20164  3.84580e+01 | 39  0.20994 -1.37623e+02
 40  0.19854  2.91999e+01 | 41  0.11040  2.10926e+01 | 42 -0.69237 -3.06950e+01
 43 -0.22855  9.10527e+00 | 44 -0.22155  2.01347e+01 | 45 -0.24191 -1.06838e+00
 46 -0.51138 -3.41476e+01 |

 - final statistics:
46 variables; iteration 53; function evaluation 84
Function value 3.2911e+03; maximum gradient component mag -6.6366e+00
Exit code = 1;  converg criter 1.0000e+01
Var    Value     Gradient |Var    Value     Gradient |Var    Value     Gradient
  1  0.10115 -6.63664e+00 |  2 -0.01752  9.48323e-02 |  3  0.02675  2.12497e-02
  4 -0.00621  1.63468e-01 |  5 -0.12258  1.56496e-01 |  6 -0.00445  6.22678e-02
  7 -0.08896  1.52917e-01 |  8 -0.06052  5.96066e-02 |  9  0.01267  8.40197e-02
 10  0.13930  1.13286e-01 | 11 -0.04935  3.09297e-02 | 12  0.04311 -2.14202e-02
 13 -0.01146 -9.35892e-02 | 14  0.01641 -3.11423e-01 | 15 -0.03199 -1.92805e-01
 16 -0.05367 -1.04848e-01 | 17 -0.01143 -1.11614e-01 | 18  0.07282 -2.08591e-02
 19  0.13508  1.20032e-03 | 20  0.01822  8.26597e-03 | 21 -0.00194  2.41035e-02
 22 -0.06177  4.92021e-02 | 23 -0.03764  3.89487e-03 | 24  0.04382 -5.95571e-02
 25  0.01230 -8.50843e-02 | 26  0.03068 -1.29921e-01 | 27  0.03443  6.55791e-02
 28  0.05626  3.81956e-02 | 29  0.03238  1.38025e-01 | 30  0.05425  5.38414e-02
 31  0.06267  4.08799e-02 | 32  0.09022  1.67840e-02 | 33 -0.04213  1.45073e-02
 34 -0.08987  1.01684e-01 | 35 -0.00263  2.92345e-03 | 36 -0.18878  1.03945e-01
 37  0.25749  1.01040e-01 | 38  0.20112 -3.72297e+00 | 39  0.21222 -1.19336e+00
 40  0.19847  3.36127e-01 | 41  0.09993 -8.57263e-01 | 42 -0.68503  2.50851e-01
 43 -0.22373 -8.26080e-03 | 44 -0.21349 -1.18676e+00 | 45 -0.24942  2.66771e-02
 46 -0.51584  2.59730e-01 |

Initial statistics: 52 variables; iteration 0; function evaluation 0; phase 3
Function value 3.2911478e+03; maximum gradient component mag -2.1957e+03
Var    Value     Gradient |Var    Value     Gradient |Var    Value     Gradient
  1  0.10115 -6.63664e+00 |  2 -0.01752  8.09960e-02 |  3  0.02675  7.42043e-03
  4 -0.00621  1.49627e-01 |  5 -0.12258  1.42910e-01 |  6 -0.00445  4.84266e-02
  7 -0.08896  1.39211e-01 |  8 -0.06052  4.58275e-02 |  9  0.01267  7.01809e-02
 10  0.13930  9.97743e-02 | 11 -0.04935  1.71298e-02 | 12  0.04311 -3.52300e-02
 13 -0.01146 -1.07429e-01 | 14  0.01641 -3.25260e-01 | 15 -0.03199 -2.06629e-01
 16 -0.05367 -1.18641e-01 | 17 -0.01143 -1.25454e-01 | 18  0.07282 -3.46101e-02
 19  0.13508 -1.23308e-02 | 20  0.01822 -5.56988e-03 | 21 -0.00194  1.02621e-02
 22 -0.06177  3.54256e-02 | 23 -0.03764 -9.92246e-03 | 24  0.04382 -7.33659e-02
 25  0.01230 -9.89232e-02 | 26  0.03068 -1.43747e-01 | 27  0.03443  5.17578e-02
 28  0.05626  2.44081e-02 | 29  0.03238  1.24201e-01 | 30  0.05425  4.00501e-02
 31  0.06267  2.71054e-02 | 32  0.09022  3.08127e-03 | 33 -0.04213  6.96060e-04
 34 -0.08987  8.79804e-02 | 35 -0.00263 -1.09180e-02 | 36 -0.18878  9.07074e-02
 37  0.25749  1.01040e-01 | 38  0.20112 -3.72297e+00 | 39  0.21222 -1.19336e+00
 40  0.19847  3.36127e-01 | 41  0.09993 -8.57263e-01 | 42 -0.68503  2.50851e-01
 43  0.24651 -2.19572e+03 | 44 -0.80278  1.95235e+03 | 45  0.04724 -1.01320e+03
 46 -0.32436  5.19974e+02 | 47  0.18897 -6.53909e+02 | 48 -0.40485  5.54004e+02
 49 -0.22373 -8.26080e-03 | 50 -0.21349 -1.18676e+00 | 51 -0.24942  2.66771e-02
 52 -0.51584  2.59730e-01 |

Intermediate statistics: 52 variables; iteration 20; function evaluation 31; phase 3
Function value 2.4818420e+03; maximum gradient component mag -1.0118e+04
Var    Value     Gradient |Var    Value     Gradient |Var    Value     Gradient
  1  0.06882 -5.22657e+03 |  2 -0.01154  3.68575e+01 |  3  0.03330  2.68118e+01
  4 -0.00367  4.33769e+01 |  5 -0.12168  4.16484e+01 |  6 -0.00180  3.72748e+01
  7 -0.08673  4.25588e+01 |  8 -0.05253  4.02178e+01 |  9  0.02608  3.75640e+01
 10  0.15077 -8.88902e+00 | 11 -0.06849 -5.15851e+01 | 12  0.05632  1.50780e+01
 13 -0.00792 -9.30618e+01 | 14  0.03553 -1.51663e+02 | 15 -0.03542 -8.69571e+01
 16 -0.05860  9.80158e+00 | 17 -0.02444 -9.15914e+01 | 18  0.05189 -1.01186e+02
 19  0.09966 -8.55002e+01 | 20  0.00804 -9.66810e+01 | 21 -0.07156 -4.87045e+01
 22 -0.07754 -9.37367e+01 | 23  0.00964 -1.92366e+01 | 24  0.04121  5.14890e+01
 25 -0.03532 -2.78202e+01 | 26  0.02713 -2.50829e+01 | 27  0.02786 -6.51886e+01
 28  0.03055 -7.95216e+01 | 29  0.01746 -6.40185e+01 | 30  0.02554 -4.47247e+01
 31  0.05300 -7.87145e+01 | 32  0.08677 -1.08987e+02 | 33 -0.03025 -9.91442e+01
 34 -0.09303 -7.16924e+01 | 35 -0.00542 -4.86180e+01 | 36 -0.02957  2.41561e+01
 37  0.21156 -1.01177e+04 | 38  0.22029 -1.41598e+03 | 39  0.23241 -1.86973e+02
 40  0.23198  1.03619e+03 | 41  0.10484 -1.29182e+02 | 42 -0.68430 -5.04450e+01
 43  0.56017 -1.18722e+03 | 44 -0.90797  3.57089e+01 | 45  0.11081  1.70264e+02
 46 -0.61215  1.18451e+02 | 47  0.21959  2.76717e+02 | 48 -0.48153 -2.36307e+02
 49 -0.21716 -5.21152e+01 | 50 -0.20696 -1.28100e+02 | 51 -0.24851  1.81614e+01
 52 -0.51829 -6.89314e+01 |
52 variables; iteration 40; function evaluation 55; phase 3
Function value 2.3360433e+03; maximum gradient component mag -3.5652e+03
Var    Value     Gradient |Var    Value     Gradient |Var    Value     Gradient
  1  0.06484 -2.21263e+03 |  2  0.03878  1.10056e+02 |  3  0.03835  2.88446e+01
  4 -0.01793 -1.65133e+01 |  5 -0.16734 -4.56189e+01 |  6  0.00515  3.94720e+01
  7 -0.09301 -3.74877e+00 |  8 -0.06080 -8.66818e+00 |  9  0.04010  3.00963e+01
 10  0.15663  4.87797e+01 | 11 -0.01533  2.88881e+01 | 12  0.06027  1.14716e+01
 13  0.00399 -2.86908e+01 | 14  0.02325 -1.13977e+02 | 15 -0.05027 -8.29121e+01
 16 -0.07345 -1.90750e+01 | 17 -0.04386 -7.53619e+01 | 18  0.02475 -7.89687e+01
 19  0.09902  7.54884e+01 | 20 -0.01985 -9.90584e+01 | 21 -0.18800 -1.77177e+02
 22 -0.09726 -1.05199e+02 | 23  0.02965  2.94765e+01 | 24  0.01087 -5.05661e+01
 25 -0.01901  2.84246e+01 | 26  0.01124 -1.11860e+02 | 27  0.02633 -4.90597e+01
 28  0.02867 -2.53005e+01 | 29  0.00162 -5.82954e+01 | 30 -0.00184 -1.18812e+02
 31  0.06329  3.13256e+00 | 32  0.09976  1.64333e+00 | 33 -0.04395 -1.40301e+02
 34 -0.08786 -7.71084e+01 | 35  0.01828 -1.03320e+01 | 36  0.17255  1.49860e+02
 37  0.23009 -3.56515e+03 | 38  0.23284 -2.93751e+02 | 39  0.24108 -4.23937e+01
 40  0.22893 -3.58052e+02 | 41 -0.21112  7.32570e+01 | 42 -0.76045  5.43607e+01
 43  0.64152 -5.63026e+02 | 44 -0.84839  9.02673e+00 | 45  0.05897 -7.81046e+02
 46 -0.65300  4.86409e+02 | 47  0.21862 -2.55628e+01 | 48 -0.48207 -9.96685e+01
 49  0.05096  6.27669e+01 | 50  0.02515  4.96910e+01 | 51 -0.14614  1.97614e+01
 52 -0.44733  7.05345e+01 |
52 variables; iteration 60; function evaluation 88; phase 3
Function value 2.2188157e+03; maximum gradient component mag 4.6240e+02
Var    Value     Gradient |Var    Value     Gradient |Var    Value     Gradient
  1  0.04899  1.83090e+00 |  2 -0.00836 -9.25684e-01 |  3  0.03839  6.71295e+00
  4 -0.01686  3.05898e+00 |  5 -0.13681  6.63556e+00 |  6 -0.01925  5.56208e+00
  7 -0.11105  2.90156e+00 |  8 -0.06416  1.18307e+01 |  9  0.01271  4.71453e-02
 10  0.12662 -5.83263e+00 | 11 -0.04051  1.13810e+01 | 12  0.03670  6.32585e+00
 13  0.01990  1.86954e+01 | 14  0.06732  3.84256e+01 | 15 -0.00963  2.23269e+01
 16 -0.05301  2.13373e+01 | 17 -0.02395  3.14246e+00 | 18  0.04418  2.92597e+00
 19  0.07909 -5.81093e+00 | 20  0.00786  2.44766e+01 | 21 -0.09509  2.38867e+01
 22 -0.05555  2.55265e+01 | 23  0.04034  2.51712e+00 | 24  0.02750 -2.75137e+00
 25 -0.04133  7.41750e+00 | 26  0.04271  9.32177e+00 | 27  0.03435  7.26265e+00
 28  0.02690  4.92949e-01 | 29  0.00243  5.17645e+00 | 30  0.01758  4.98903e+00
 31  0.05306  3.89160e+00 | 32  0.09407  4.51619e+00 | 33  0.00430  1.18303e+01
 34 -0.05790 -1.18523e+01 | 35  0.00773 -1.67618e+00 | 36 -0.04366 -8.43080e+00
 37  0.24262  4.62397e+02 | 38  0.24388 -6.30798e+00 | 39  0.24959 -3.16904e+01
 40  0.24340 -4.92685e+01 | 41 -0.12647 -2.97927e+01 | 42 -0.71277  2.63848e+01
 43  0.87099 -7.20573e+01 | 44 -0.67743  2.27451e+01 | 45  0.06777  8.69241e+01
 46 -0.68117 -1.11491e+02 | 47  0.22003  5.44631e+00 | 48 -0.47530  8.11641e+01
 49 -0.01714 -2.41377e+00 | 50 -0.02696 -4.17514e+01 | 51 -0.23294 -7.27448e+00
 52 -0.47729  3.94488e+01 |
52 variables; iteration 80; function evaluation 108; phase 3
Function value 2.2124368e+03; maximum gradient component mag 2.7844e-02
Var    Value     Gradient |Var    Value     Gradient |Var    Value     Gradient
  1  0.05137  2.78440e-02 |  2 -0.00465 -1.18751e-03 |  3  0.03913 -7.16253e-04
  4 -0.01191 -7.27515e-04 |  5 -0.13162 -3.38834e-04 |  6 -0.01403 -1.10624e-03
  7 -0.10307  7.55618e-04 |  8 -0.06361  5.17355e-04 |  9  0.01646 -6.58643e-04
 10  0.12795  8.54588e-04 | 11 -0.04223  8.36367e-06 | 12  0.03733 -1.28006e-03
 13  0.01471 -4.90618e-04 | 14  0.06001 -2.08676e-03 | 15 -0.01577 -6.53193e-04
 16 -0.06127  7.59477e-04 | 17 -0.02345 -6.67703e-04 | 18  0.04447 -4.61274e-04
 19  0.08039 -3.44252e-04 | 20  0.00095  1.01357e-03 | 21 -0.10347 -1.07277e-03
 22 -0.06282  1.25461e-04 | 23  0.03745 -1.46588e-03 | 24  0.02678  9.69607e-04
 25 -0.04226  3.52572e-04 | 26  0.03881 -4.07740e-04 | 27  0.03246 -7.46670e-05
 28  0.02571 -3.05779e-04 | 29  0.00246 -1.53363e-04 | 30  0.01705  2.87695e-03
 31  0.05268 -6.53524e-06 | 32  0.09098  7.15547e-04 | 33 -0.00148  1.81153e-04
 34 -0.05679  5.39496e-05 | 35  0.00614  1.09950e-03 | 36 -0.01408 -1.05359e-03
 37  0.24009 -1.19285e-02 | 38  0.24273  8.01493e-03 | 39  0.24917  5.80223e-03
 40  0.24174  2.39642e-02 | 41 -0.12654  4.50912e-03 | 42 -0.71070 -8.72932e-03
 43  1.00002 -5.70309e-04 | 44 -0.69021  2.94210e-03 | 45  0.06908  7.27664e-03
 46 -0.67126 -3.39941e-04 | 47  0.21826  2.33584e-03 | 48 -0.47865 -5.53217e-03
 49 -0.01883 -6.58255e-04 | 50 -0.02799  8.04883e-03 | 51 -0.22783  2.02587e-04
 52 -0.48128 -6.93563e-03 |
52 variables; iteration 100; function evaluation 132; phase 3
Function value 2.2124367e+03; maximum gradient component mag -2.5742e-01
Var    Value     Gradient |Var    Value     Gradient |Var    Value     Gradient
  1  0.05137 -1.27791e-01 |  2 -0.00465 -1.73122e-03 |  3  0.03913 -5.64433e-04
  4 -0.01191 -4.55484e-04 |  5 -0.13162  2.17378e-03 |  6 -0.01403 -4.64249e-03
  7 -0.10307  5.57900e-03 |  8 -0.06361  4.86741e-03 |  9  0.01646  2.55265e-04
 10  0.12795  4.74408e-03 | 11 -0.04223  1.68862e-03 | 12  0.03733 -4.33454e-03
 13  0.01471 -3.44754e-03 | 14  0.06000 -1.13986e-02 | 15 -0.01577 -3.92233e-03
 16 -0.06127  6.41676e-04 | 17 -0.02345 -6.00928e-03 | 18  0.04446 -7.18639e-04
 19  0.08039  1.96228e-03 | 20  0.00095  6.78668e-03 | 21 -0.10347 -2.50897e-03
 22 -0.06282  8.18279e-04 | 23  0.03745 -5.13433e-03 | 24  0.02678  3.97308e-03
 25 -0.04226 -1.45029e-03 | 26  0.03881 -6.07042e-03 | 27  0.03246  8.86621e-04
 28  0.02571 -3.45578e-03 | 29  0.00246 -1.17348e-03 | 30  0.01705  1.23977e-02
 31  0.05268 -2.62339e-03 | 32  0.09098 -2.67289e-03 | 33 -0.00148 -2.09414e-03
 34 -0.05679 -5.48143e-03 | 35  0.00614 -4.99687e-04 | 36 -0.01408  4.85646e-03
 37  0.24009 -1.16630e-02 | 38  0.24273  2.00056e-02 | 39  0.24917  1.57874e-02
 40  0.24174  4.84889e-02 | 41 -0.12182 -1.85096e-01 | 42 -0.69554  2.11156e-01
 43  1.00012  2.84049e-02 | 44 -0.69020  2.03540e-02 | 45  0.06908  1.78279e-02
 46 -0.67126 -5.44749e-05 | 47  0.21826  3.30106e-03 | 48 -0.47865 -1.89031e-02
 49 -0.02202 -1.58614e-02 | 50 -0.03118 -2.57417e-01 | 51 -0.23740  1.36696e-02
 52 -0.49367  2.42294e-01 |
52 variables; iteration 120; function evaluation 156; phase 3
Function value 2.2124367e+03; maximum gradient component mag -5.3481e-02
Var    Value     Gradient |Var    Value     Gradient |Var    Value     Gradient
  1  0.05137 -2.35842e-02 |  2 -0.00465 -8.90323e-04 |  3  0.03913 -1.62959e-03
  4 -0.01191 -2.02927e-04 |  5 -0.13162 -8.53933e-04 |  6 -0.01403 -5.26363e-04
  7 -0.10307  1.40462e-03 |  8 -0.06361  5.98373e-04 |  9  0.01646 -2.97254e-05
 10  0.12795 -1.46574e-04 | 11 -0.04223 -6.34755e-04 | 12  0.03733 -7.58893e-04
 13  0.01471 -1.63361e-03 | 14  0.06001 -1.86747e-03 | 15 -0.01577 -6.20731e-04
 16 -0.06128 -1.01875e-04 | 17 -0.02345 -4.51588e-04 | 18  0.04447  1.74604e-04
 19  0.08039  5.00558e-04 | 20  0.00094 -1.48275e-04 | 21 -0.10347 -9.57201e-04
 22 -0.06282 -5.58266e-04 | 23  0.03745 -1.25102e-03 | 24  0.02678 -6.35782e-04
 25 -0.04226 -1.77873e-03 | 26  0.03881 -4.86694e-03 | 27  0.03246  2.51857e-03
 28  0.02571  2.56322e-03 | 29  0.00246  1.30151e-03 | 30  0.01705  4.33662e-03
 31  0.05268  7.81196e-04 | 32  0.09098  7.59018e-04 | 33 -0.00148 -1.24801e-03
 34 -0.05679 -1.66821e-03 | 35  0.00614 -5.36296e-03 | 36 -0.01408  1.09395e-03
 37  0.24009 -3.87844e-03 | 38  0.24273  4.41542e-03 | 39  0.24917  9.84962e-04
 40  0.24174  1.62774e-02 | 41 -0.11158 -3.90168e-02 | 42 -0.67865  4.69916e-02
 43  1.00003  4.51418e-03 | 44 -0.69022  2.06001e-03 | 45  0.06908  9.08155e-03
 46 -0.67126 -3.54574e-03 | 47  0.21826  1.35341e-03 | 48 -0.47865 -3.09628e-03
 49 -0.02895 -3.56341e-03 | 50 -0.03811 -5.34815e-02 | 51 -0.24868  2.66037e-03
 52 -0.50850  5.16858e-02 |
52 variables; iteration 140; function evaluation 179; phase 3
Function value 2.2124366e+03; maximum gradient component mag -1.4775e-01
Var    Value     Gradient |Var    Value     Gradient |Var    Value     Gradient
  1  0.05137 -9.11079e-02 |  2 -0.00465  5.39764e-04 |  3  0.03913 -1.18615e-03
  4 -0.01191  8.51275e-04 |  5 -0.13162 -3.65922e-04 |  6 -0.01403  1.39990e-03
  7 -0.10307  1.53224e-03 |  8 -0.06361  7.89904e-04 |  9  0.01646  9.73662e-04
 10  0.12795 -1.03099e-03 | 11 -0.04223 -3.13160e-04 | 12  0.03733  5.49879e-05
 13  0.01471 -2.10601e-03 | 14  0.06001 -4.28807e-04 | 15 -0.01577 -9.36607e-04
 16 -0.06128 -1.88808e-03 | 17 -0.02345 -3.16573e-04 | 18  0.04447  1.17144e-03
 19  0.08039  1.54032e-03 | 20  0.00094 -1.25828e-03 | 21 -0.10347 -4.96593e-04
 22 -0.06282 -1.14959e-03 | 23  0.03745 -3.51196e-04 | 24  0.02678 -2.50056e-03
 25 -0.04226 -2.99383e-03 | 26  0.03881 -6.13643e-03 | 27  0.03246  1.98395e-03
 28  0.02572  2.95659e-03 | 29  0.00246  1.93956e-03 | 30  0.01705  2.09306e-03
 31  0.05269  1.66570e-03 | 32  0.09098  9.90905e-04 | 33 -0.00147 -1.79231e-03
 34 -0.05679 -1.96620e-03 | 35  0.00614 -7.62478e-03 | 36 -0.01408  3.77957e-03
 37  0.24009 -3.45493e-04 | 38  0.24273 -2.08318e-03 | 39  0.24917 -4.02154e-03
 40  0.24174  5.81701e-03 | 41 -0.09457 -1.04796e-01 | 42 -0.66126  1.44620e-01
 43  0.99998  2.84515e-03 | 44 -0.69022 -1.75282e-03 | 45  0.06908  5.58604e-03
 46 -0.67127 -4.49190e-03 | 47  0.21826  7.03162e-04 | 48 -0.47865  1.37563e-03
 49 -0.04050 -5.67248e-03 | 50 -0.04968 -1.47749e-01 | 51 -0.26096  5.77203e-03
 52 -0.52493  1.44204e-01 |
52 variables; iteration 160; function evaluation 203; phase 3
Function value 2.2124366e+03; maximum gradient component mag 3.8292e-02
Var    Value     Gradient |Var    Value     Gradient |Var    Value     Gradient
  1  0.05137 -1.13526e-02 |  2 -0.00465 -3.29268e-04 |  3  0.03913 -4.16439e-05
  4 -0.01191 -1.02652e-04 |  5 -0.13162  2.97650e-04 |  6 -0.01403 -7.94842e-04
  7 -0.10307  7.80647e-04 |  8 -0.06361  6.91958e-04 |  9  0.01646 -5.78030e-05
 10  0.12795  7.79379e-04 | 11 -0.04223  2.72542e-04 | 12  0.03733 -6.53818e-04
 13  0.01471 -5.46079e-04 | 14  0.06001 -1.73601e-03 | 15 -0.01577 -6.58921e-04
 16 -0.06128  2.58402e-05 | 17 -0.02345 -9.82054e-04 | 18  0.04447 -1.22345e-04
 19  0.08039  2.78087e-04 | 20  0.00095  1.01258e-03 | 21 -0.10347 -3.44874e-04
 22 -0.06282  6.94255e-05 | 23  0.03745 -7.65083e-04 | 24  0.02678  7.61835e-04
 25 -0.04226  4.65225e-06 | 26  0.03881 -4.31093e-04 | 27  0.03246  3.06464e-04
 28  0.02571 -3.23364e-04 | 29  0.00246 -2.58354e-04 | 30  0.01705  1.76286e-03
 31  0.05268 -3.59163e-04 | 32  0.09098 -2.43937e-04 | 33 -0.00147 -3.43017e-04
 34 -0.05679 -7.99126e-04 | 35  0.00614  3.62783e-04 | 36 -0.01408  6.45264e-04
 37  0.24009 -1.81950e-03 | 38  0.24273  3.84822e-03 | 39  0.24917  3.04895e-03
 40  0.24174  1.07369e-02 | 41 -0.07444 -2.75763e-02 | 42 -0.64663  3.82924e-02
 43  0.99998  5.95584e-04 | 44 -0.69021  3.02353e-03 | 45  0.06908  2.20777e-03
 46 -0.67126  3.88739e-04 | 47  0.21826  7.69047e-04 | 48 -0.47865 -3.04830e-03
 49 -0.05426 -1.98190e-03 | 50 -0.06345 -3.82515e-02 | 51 -0.27184  1.88784e-03
 52 -0.53976  3.54996e-02 |
52 variables; iteration 180; function evaluation 224; phase 3
Function value 2.2124366e+03; maximum gradient component mag -6.2608e-03
Var    Value     Gradient |Var    Value     Gradient |Var    Value     Gradient
  1  0.05137 -3.75110e-04 |  2 -0.00465  1.38734e-04 |  3  0.03913 -2.02160e-05
  4 -0.01191  9.34738e-05 |  5 -0.13162 -6.58656e-05 |  6 -0.01403  3.06837e-04
  7 -0.10307 -1.54626e-04 |  8 -0.06361 -1.42611e-04 |  9  0.01646  1.45462e-04
 10  0.12795 -9.25179e-05 | 11 -0.04223 -2.34168e-05 | 12  0.03733  2.21065e-04
 13  0.01471  1.07984e-04 | 14  0.06001  4.44931e-04 | 15 -0.01577  1.81717e-04
 16 -0.06128 -8.76384e-05 | 17 -0.02345  3.33179e-04 | 18  0.04447  1.27745e-04
 19  0.08039 -4.18366e-05 | 20  0.00094 -2.71861e-04 | 21 -0.10347  1.78602e-04
 22 -0.06282 -7.16050e-05 | 23  0.03745  1.44504e-04 | 24  0.02678 -2.79456e-04
 25 -0.04226 -5.69906e-05 | 26  0.03881  2.81171e-05 | 27  0.03246  2.49554e-04
 28  0.02571  4.15612e-04 | 29  0.00246  5.44095e-05 | 30  0.01705 -5.86577e-04
 31  0.05268  7.53748e-05 | 32  0.09098 -3.78070e-05 | 33 -0.00147 -7.34769e-05
 34 -0.05679  1.61101e-04 | 35  0.00614 -6.17812e-05 | 36 -0.01408 -3.67548e-05
 37  0.24009  1.08599e-03 | 38  0.24273 -1.18679e-03 | 39  0.24917 -1.11173e-03
 40  0.24174 -3.27867e-03 | 41 -0.06987  4.18551e-03 | 42 -0.64369 -6.26078e-03
 43  0.99998 -8.39444e-05 | 44 -0.69022 -1.06085e-03 | 45  0.06908 -9.61782e-04
 46 -0.67126  6.33565e-05 | 47  0.21826 -2.56425e-04 | 48 -0.47865  1.05280e-03
 49 -0.05739  4.00481e-04 | 50 -0.06659  5.58193e-03 | 51 -0.27408 -3.79530e-04
 52 -0.54285 -5.54263e-03 |
52 variables; iteration 200; function evaluation 246; phase 3
Function value 2.2124366e+03; maximum gradient component mag -1.3423e-02
Var    Value     Gradient |Var    Value     Gradient |Var    Value     Gradient
  1  0.05137 -4.86019e-03 |  2 -0.00465 -1.13184e-05 |  3  0.03913  6.70098e-04
  4 -0.01191  7.49580e-04 |  5 -0.13162  8.16932e-04 |  6 -0.01403 -7.56379e-04
  7 -0.10307  2.38810e-04 |  8 -0.06361  1.97968e-04 |  9  0.01646  4.36498e-04
 10  0.12795  4.64050e-04 | 11 -0.04223 -2.53578e-05 | 12  0.03733 -3.42605e-04
 13  0.01471  3.12226e-05 | 14  0.06001 -1.73313e-03 | 15 -0.01577 -2.75438e-04
 16 -0.06128 -1.43161e-04 | 17 -0.02345 -3.10166e-04 | 18  0.04447 -3.27294e-04
 19  0.08039  7.44159e-04 | 20  0.00094  6.84835e-04 | 21 -0.10347 -4.45598e-04
 22 -0.06282 -4.28612e-04 | 23  0.03745 -3.39765e-04 | 24  0.02678  9.35797e-04
 25 -0.04226 -6.01143e-04 | 26  0.03881  8.51372e-04 | 27  0.03246 -5.28496e-04
 28  0.02571 -8.62265e-04 | 29  0.00246 -6.05579e-04 | 30  0.01705  6.22633e-05
 31  0.05268 -1.07455e-04 | 32  0.09098 -4.78796e-04 | 33 -0.00147  2.88583e-04
 34 -0.05679  3.79672e-04 | 35  0.00614  3.16537e-03 | 36 -0.01408  1.38792e-05
 37  0.24009 -1.15255e-02 | 38  0.24273  6.13786e-03 | 39  0.24917  3.22829e-03
 40  0.24174  3.52393e-03 | 41 -0.07868 -9.97887e-03 | 42 -0.64129  8.92570e-03
 43  0.99998 -4.43119e-04 | 44 -0.69022 -1.12206e-03 | 45  0.06908  2.67983e-04
 46 -0.67126  2.41763e-03 | 47  0.21826  1.13820e-03 | 48 -0.47865 -3.09855e-03
 49 -0.05136 -1.12263e-03 | 50 -0.06054 -1.34229e-02 | 51 -0.27592  6.08435e-04
 52 -0.54540  7.87107e-03 |
Warning: the following parameters had issues
  selparm[3] is within 0.1% of upper bound: -3.00000e+00 < 1.50000e+01 < 1.50000e+01


 - final statistics:
52 variables; iteration 212; function evaluation 258
Function value 2.2124e+03; maximum gradient component mag 5.9143e-05
Exit code = 1;  converg criter 1.0000e-04
Var    Value     Gradient |Var    Value     Gradient |Var    Value     Gradient
  1  0.05137  5.91433e-05 |  2 -0.00465 -1.39888e-06 |  3  0.03913 -7.04815e-07
  4 -0.01191 -8.87165e-07 |  5 -0.13162 -1.67527e-06 |  6 -0.01403 -1.45549e-06
  7 -0.10307  2.70811e-07 |  8 -0.06361 -5.14665e-07 |  9  0.01646 -1.27502e-06
 10  0.12795 -5.77110e-07 | 11 -0.04223 -1.13311e-06 | 12  0.03733 -8.11045e-07
 13  0.01471 -1.17411e-06 | 14  0.06001 -1.46216e-06 | 15 -0.01577 -7.67552e-07
 16 -0.06128 -2.17856e-07 | 17 -0.02345 -6.98026e-07 | 18  0.04447 -5.61890e-07
 19  0.08039 -8.24215e-08 | 20  0.00094 -3.74722e-07 | 21 -0.10347 -1.36798e-06
 22 -0.06282 -9.32829e-07 | 23  0.03745 -1.16331e-06 | 24  0.02678 -1.04888e-07
 25 -0.04226 -2.78242e-07 | 26  0.03881 -2.67385e-06 | 27  0.03246  4.59001e-06
 28  0.02571  3.53242e-06 | 29  0.00246  2.76421e-07 | 30  0.01705  3.05238e-06
 31  0.05268  1.08623e-06 | 32  0.09098  3.24707e-06 | 33 -0.00147  1.08196e-06
 34 -0.05679  4.52553e-08 | 35  0.00614 -3.85362e-06 | 36 -0.01408 -1.07421e-06
 37  0.24009 -1.16439e-05 | 38  0.24273  7.22912e-06 | 39  0.24917  3.62851e-06
 40  0.24174  3.39416e-05 | 41 -0.07755  1.15017e-05 | 42 -0.64185  2.71993e-06
 43  0.99998  1.15917e-06 | 44 -0.69022  4.74740e-07 | 45  0.06908  8.65376e-06
 46 -0.67126 -2.75223e-06 | 47  0.21826  2.33896e-06 | 48 -0.47865 -3.89940e-06
 49 -0.05213  7.49312e-07 | 50 -0.06132  1.60258e-05 | 51 -0.27549  7.72476e-08
 52 -0.54480  2.49306e-06 |
Estimating row 1 out of 52 for hessian
Estimating row 2 out of 52 for hessian
Estimating row 3 out of 52 for hessian
Estimating row 4 out of 52 for hessian
Estimating row 5 out of 52 for hessian
Estimating row 6 out of 52 for hessian
Estimating row 7 out of 52 for hessian
Estimating row 8 out of 52 for hessian
Estimating row 9 out of 52 for hessian
