
Initial statistics: 36 variables; iteration 0; function evaluation 0; phase 1
Function value 7.3194986e+03; maximum gradient component mag -8.0899e+04
Var    Value     Gradient |Var    Value     Gradient |Var    Value     Gradient
  1  0.01883 -8.08988e+04 |  2  0.00635  1.07029e+03 |  3  0.09112  1.08563e+03
  4 -0.00488  1.11357e+03 |  5 -0.18849  1.04250e+03 |  6 -0.01820  1.11706e+03
  7 -0.17996  1.02289e+03 |  8 -0.11912  9.77444e+02 |  9 -0.00876  6.66044e+02
 10  0.10796 -5.04343e+02 | 11 -0.03396  4.00821e+02 | 12 -0.03442  5.88133e+02
 13  0.04963  4.67654e+02 | 14  0.13106 -2.73419e+02 | 15  0.04837  4.37930e+02
 16 -0.07253 -1.17642e+02 | 17  0.01203  1.79878e+02 | 18  0.03447 -4.46069e+02
 19  0.08562 -1.13185e+02 | 20 -0.01133  3.16703e+02 | 21 -0.15261  7.94431e+02
 22 -0.05891  5.29855e+02 | 23  0.02668  4.46788e+02 | 24 -0.00480  5.60625e+02
 25 -0.04302  3.62464e+02 | 26  0.03991 -1.52528e+03 | 27  0.04368 -3.33729e+03
 28  0.06597 -2.48161e+03 | 29  0.00237 -6.53314e+02 | 30  0.00723 -1.56673e+03
 31  0.00369 -7.93783e+02 | 32  0.11688 -2.04734e+03 | 33  0.03498 -4.40304e+02
 34 -0.05714  1.82761e+02 | 35  0.03568 -1.94114e+02 | 36  0.03982  1.05420e+03

Intermediate statistics: 36 variables; iteration 20; function evaluation 33; phase 1
Function value 5.2708716e+03; maximum gradient component mag -9.0027e+03
Var    Value     Gradient |Var    Value     Gradient |Var    Value     Gradient
  1  0.06707 -9.00273e+03 |  2 -0.00743  1.69982e+02 |  3  0.03190  1.87447e+02
  4 -0.03052  1.52443e+02 |  5 -0.11037  2.50965e+02 |  6 -0.10762  7.51681e+01
  7 -0.21978  9.10546e+01 |  8 -0.22695  3.77278e+01 |  9 -0.13397  5.56189e+00
 10  0.09610  7.28718e+00 | 11  0.02610  2.47863e+02 | 12 -0.02559 -6.47659e+00
 13  0.06580  1.46604e+02 | 14  0.01599 -6.02989e+01 | 15 -0.13010 -2.17241e+01
 16  0.10167 -2.33395e+00 | 17 -0.04329 -3.11648e+01 | 18  0.17865  4.13017e+01
 19  0.10138  1.02579e+01 | 20  0.01409 -1.61440e+01 | 21 -0.02141  1.57475e+02
 22  0.06909  1.16378e+02 | 23  0.04911  5.21535e+01 | 24  0.01951  9.99851e+01
 25  0.06303  1.77149e+02 | 26  0.08083 -5.91994e+01 | 27  0.03066 -3.62899e+02
 28 -0.07741 -3.72573e+02 | 29  0.07459 -5.43345e+01 | 30  0.00584 -1.76480e+02
 31  0.06705 -7.60758e+01 | 32  0.13482 -3.74029e+01 | 33  0.04810 -3.53042e+01
 34 -0.02892  5.35866e+01 | 35  0.02484 -5.26137e+00 | 36 -0.11953  6.00271e+01
36 variables; iteration 40; function evaluation 63; phase 1
Function value 5.1775115e+03; maximum gradient component mag -6.8854e+03
Var    Value     Gradient |Var    Value     Gradient |Var    Value     Gradient
  1  0.07045 -6.88539e+03 |  2 -0.00428  1.94950e+02 |  3 -0.00726  1.45030e+02
  4 -0.08046  9.84610e+01 |  5 -0.18614  1.61624e+02 |  6 -0.13765  7.53275e+01
  7 -0.29428  3.62505e+01 |  8 -0.26557  7.61519e+00 |  9 -0.15485 -4.18841e+01
 10  0.12888  1.75477e+02 | 11 -0.00221  1.62715e+02 | 12  0.01111  6.23425e+01
 13  0.03689  8.21388e+01 | 14  0.04541  1.81534e+01 | 15 -0.05121  5.70586e+01
 16  0.11650  4.74161e+01 | 17  0.00162  3.23466e+01 | 18  0.17576 -6.88327e+00
 19  0.12896  8.10383e+01 | 20  0.04911  8.15132e+01 | 21 -0.00402  1.59886e+02
 22  0.07275  1.02415e+02 | 23  0.04475  3.40302e+01 | 24  0.01565  7.63949e+01
 25  0.01570  2.87412e+01 | 26  0.02207 -2.66661e+02 | 27  0.06431 -1.47478e+02
 28  0.03936 -4.92680e+01 | 29  0.04455 -1.10396e+02 | 30  0.03064 -1.00174e+02
 31  0.08934  3.04560e+01 | 32  0.11532 -7.85966e+01 | 33  0.05893  4.17967e+01
 34 -0.02974  6.13837e+01 | 35  0.04577  6.61393e+01 | 36 -0.11415  5.36084e+01

 - final statistics:
36 variables; iteration 52; function evaluation 76
Function value 5.0635e+03; maximum gradient component mag -8.4896e+00
Exit code = 1;  converg criter 1.0000e+01
Var    Value     Gradient |Var    Value     Gradient |Var    Value     Gradient
  1  0.10258  7.82564e+00 |  2 -0.02707 -3.34297e+00 |  3  0.00622 -1.50411e+00
  4 -0.02820 -3.44657e-01 |  5 -0.14748 -4.63229e+00 |  6 -0.03591  3.55903e-02
  7 -0.12159  9.70573e-01 |  8 -0.10106 -2.56025e+00 |  9 -0.04321 -9.21490e-01
 10  0.05265 -8.48963e+00 | 11 -0.06552 -3.55849e+00 | 12 -0.01510 -2.78927e+00
 13 -0.00369 -7.19929e+00 | 14  0.03448 -6.08224e+00 | 15 -0.02860 -1.49086e+00
 16  0.09999  1.39884e+00 | 17  0.01350 -9.05836e-01 | 18  0.15916  1.07421e+00
 19  0.10172  6.55250e-01 | 20  0.01903 -1.14227e+00 | 21 -0.04972 -1.62962e+00
 22  0.03364 -1.91426e+00 | 23  0.01805 -2.08278e+00 | 24 -0.02707 -3.93261e+00
 25 -0.03122 -2.23266e+00 | 26  0.03081 -3.41969e+00 | 27  0.04684  5.21677e+00
 28  0.01786 -2.22529e+00 | 29  0.04724  3.24645e-01 | 30  0.03329  7.26416e+00
 31  0.04565  2.01056e+00 | 32  0.08220  3.40432e+00 | 33  0.01597  1.54695e+00
 34 -0.05564  3.79586e+00 | 35  0.01524 -1.33949e+00 | 36 -0.09368 -2.20981e-01

Initial statistics: 46 variables; iteration 0; function evaluation 0; phase 2
Function value 5.0634683e+03; maximum gradient component mag -9.2221e+03
Var    Value     Gradient |Var    Value     Gradient |Var    Value     Gradient
  1  0.10258  7.82564e+00 |  2 -0.02704 -2.30509e+00 |  3  0.00624 -4.65328e-01
  4 -0.02817  6.93153e-01 |  5 -0.14745 -3.62126e+00 |  6 -0.03588  1.07277e+00
  7 -0.12156  1.99053e+00 |  8 -0.10103 -1.53450e+00 |  9 -0.04318  1.14945e-01
 10  0.05268 -7.45432e+00 | 11 -0.06549 -2.52517e+00 | 12 -0.01507 -1.75074e+00
 13 -0.00366 -6.16049e+00 | 14  0.03451 -5.04492e+00 | 15 -0.02857 -4.53086e-01
 16  0.10002  2.42486e+00 | 17  0.01353  1.32757e-01 | 18  0.15919  2.08072e+00
 19  0.10175  1.68083e+00 | 20  0.01906 -1.03905e-01 | 21 -0.04969 -5.93958e-01
 22  0.03367 -8.76880e-01 | 23  0.01808 -1.04437e+00 | 24 -0.02704 -2.89473e+00
 25 -0.03119 -1.19508e+00 | 26  0.03084 -2.38207e+00 | 27  0.04687  6.25276e+00
 28  0.01789 -1.18687e+00 | 29  0.04727  1.36061e+00 | 30  0.03332  8.30154e+00
 31  0.04568  3.04671e+00 | 32  0.08223  4.43447e+00 | 33  0.01599  2.58545e+00
 34 -0.05561  4.83074e+00 | 35  0.01527 -3.00959e-01 | 36 -0.09365  8.06625e-01
 37  0.22185  4.81425e+03 | 38  0.18164 -9.22213e+03 | 39  0.21973  7.35834e+02
 40  0.20067  1.38599e+03 | 41 -0.09212 -1.10087e+03 | 42 -0.88721  3.80690e+02
 43 -0.08130  1.01654e+02 | 44 -0.08686 -1.70467e+03 | 45 -0.20324 -1.10486e+02
 46 -0.31323  1.55318e+03 |

Intermediate statistics: 46 variables; iteration 20; function evaluation 33; phase 2
Function value 4.7269400e+03; maximum gradient component mag -4.8374e+03
Var    Value     Gradient |Var    Value     Gradient |Var    Value     Gradient
  1  0.05161 -2.73678e+03 |  2 -0.00712  1.23707e+01 |  3  0.04444 -1.79986e+01
  4  0.00789  3.05839e+01 |  5 -0.09541  6.55854e+01 |  6  0.01108  2.53119e+01
  7 -0.06560  6.78454e+01 |  8 -0.05069  3.18864e+01 |  9 -0.00645 -2.77392e+01
 10  0.06182 -2.20622e+02 | 11 -0.04956 -2.36953e+01 | 12 -0.00307  1.12439e+01
 13  0.00738 -2.92052e+01 | 14  0.04247 -8.62340e+01 | 15 -0.04089  8.29233e+01
 16  0.06208  4.83203e+01 | 17 -0.01441  7.75064e+01 | 18  0.12035  5.36117e+01
 19  0.08170  8.61441e+01 | 20 -0.03480  1.72640e+01 | 21 -0.07576  6.98143e+01
 22 -0.01166 -2.36068e-01 | 23 -0.00707 -3.66930e+01 | 24 -0.00419  1.08571e+01
 25 -0.00784 -3.31046e+01 | 26  0.03306 -2.17564e+02 | 27  0.04403 -6.49977e+01
 28  0.00659 -1.14564e+01 | 29  0.02534  5.13207e+01 | 30  0.01545  2.83531e+01
 31  0.03692  3.03883e+01 | 32  0.09247 -7.23438e+00 | 33  0.01469 -6.11616e+00
 34 -0.03245  1.54354e+01 | 35  0.02934 -4.68411e+01 | 36 -0.23637 -4.40560e+01
 37  0.25375  2.52918e+03 | 38  0.23629 -4.83740e+03 | 39  0.24208 -1.27878e+02
 40  0.22529 -1.38107e+03 | 41 -0.08973 -2.36299e+02 | 42 -0.98468 -1.26038e+00
 43 -0.09423 -2.68125e+02 | 44 -0.05521 -7.57751e+01 | 45 -0.14914  8.24164e+01
 46 -0.37636 -1.00170e+02 |
46 variables; iteration 40; function evaluation 63; phase 2
Function value 4.6286705e+03; maximum gradient component mag -8.5441e+02
Var    Value     Gradient |Var    Value     Gradient |Var    Value     Gradient
  1  0.04709 -7.47313e+02 |  2 -0.01411 -1.47727e+01 |  3  0.03995 -2.90520e+00
  4 -0.01970 -8.58910e+00 |  5 -0.12101  3.74715e+01 |  6 -0.03225 -1.89301e+01
  7 -0.11083  3.13226e+01 |  8 -0.09664 -2.15610e+01 |  9  0.00781  1.79636e+01
 10  0.10835 -6.58169e+00 | 11 -0.04078 -2.70266e+01 | 12  0.01409  9.13872e+00
 13  0.03600  2.30924e+01 | 14  0.05606 -3.95516e+01 | 15 -0.04519  1.61057e+01
 16  0.04699 -4.52838e+01 | 17 -0.02567 -1.02839e+01 | 18  0.12982  6.45055e+01
 19  0.08319 -1.21313e+01 | 20 -0.02248  6.25236e+01 | 21 -0.06554  3.89563e+01
 22 -0.01404  4.07194e+00 | 23 -0.00897 -1.81246e+01 | 24  0.03699  8.01870e+01
 25  0.01110 -1.42073e+01 | 26  0.04909 -3.99536e+01 | 27  0.04914 -2.85791e+01
 28  0.00900 -6.71450e+00 | 29  0.01708 -1.39735e+01 | 30  0.00971 -1.96221e+01
 31  0.02870 -2.05648e+01 | 32  0.10000 -2.38137e+01 | 33  0.00925 -2.72692e+01
 34 -0.01209  4.02565e+01 | 35  0.04519  1.45257e+01 | 36 -0.26551 -2.55704e+01
 37  0.24673  1.01680e+02 | 38  0.26259 -8.54408e+02 | 39  0.24440 -1.01700e+02
 40  0.23049 -4.20351e+02 | 41 -0.27180 -1.26256e+02 | 42 -0.98986  7.28652e-01
 43  0.06727 -8.52182e+01 | 44  0.06627 -1.15427e+02 | 45 -0.15479  1.99757e+01
 46 -0.37146  1.92299e+01 |

 - final statistics:
46 variables; iteration 57; function evaluation 87
Function value 4.6189e+03; maximum gradient component mag 3.7832e+00
Exit code = 1;  converg criter 1.0000e+01
Var    Value     Gradient |Var    Value     Gradient |Var    Value     Gradient
  1  0.04164  3.78316e+00 |  2  0.00054 -2.38162e-03 |  3  0.04315  5.77912e-02
  4 -0.01484 -1.45522e-02 |  5 -0.13662 -1.58639e-01 |  6 -0.02131 -5.37506e-02
  7 -0.11409 -1.48042e-01 |  8 -0.07153  6.05370e-02 |  9  0.00788  8.02424e-02
 10  0.11088  8.61776e-02 | 11 -0.02273 -1.01696e-01 | 12  0.01418  2.98024e-02
 13  0.03304  1.56267e-02 | 14  0.06664  9.78206e-02 | 15 -0.05107 -1.96698e-02
 16  0.04914  6.73012e-02 | 17 -0.02865 -1.97681e-02 | 18  0.10783  1.56291e-01
 19  0.07579  5.01168e-02 | 20 -0.05188  6.96897e-03 | 21 -0.09281  1.60829e-02
 22 -0.02446  7.45453e-02 | 23  0.00518  7.63521e-02 | 24  0.01638  7.42064e-02
 25  0.01592  5.19007e-03 | 26  0.05803 -4.45832e-03 | 27  0.05167 -1.31707e-02
 28  0.00906 -4.95727e-03 | 29  0.01401 -3.10423e-02 | 30  0.01156 -7.15672e-02
 31  0.02792 -5.97558e-02 | 32  0.10128 -3.54840e-02 | 33  0.01634 -3.34362e-02
 34 -0.01604 -3.26297e-02 | 35  0.04396 -1.91978e-02 | 36 -0.24022 -9.66406e-02
 37  0.25218  1.36890e+00 | 38  0.27068 -6.48144e-01 | 39  0.25188 -1.07022e-01
 40  0.23670  6.17285e-01 | 41 -0.38655  2.02428e+00 | 42 -1.00986  2.29942e-01
 43  0.16675  3.71720e-01 | 44  0.14608  3.12188e+00 | 45 -0.13869 -1.88652e-01
 46 -0.36591 -1.57606e+00 |

Initial statistics: 52 variables; iteration 0; function evaluation 0; phase 3
Function value 4.6188675e+03; maximum gradient component mag -3.7418e+03
Var    Value     Gradient |Var    Value     Gradient |Var    Value     Gradient
  1  0.04164  3.78316e+00 |  2  0.00054 -3.10858e-03 |  3  0.04315  5.70659e-02
  4 -0.01484 -1.52789e-02 |  5 -0.13662 -1.59349e-01 |  6 -0.02131 -5.44772e-02
  7 -0.11409 -1.48758e-01 |  8 -0.07153  5.98147e-02 |  9  0.00788  7.95155e-02
 10  0.11088  8.54617e-02 | 11 -0.02273 -1.02423e-01 | 12  0.01418  2.90756e-02
 13  0.03304  1.49007e-02 | 14  0.06664  9.70976e-02 | 15 -0.05107 -2.03944e-02
 16  0.04914  6.65764e-02 | 17 -0.02865 -2.04944e-02 | 18  0.10783  1.55574e-01
 19  0.07579  4.93950e-02 | 20 -0.05188  6.24442e-03 | 21 -0.09281  1.53636e-02
 22 -0.02446  7.38189e-02 | 23  0.00518  7.56251e-02 | 24  0.01638  7.34796e-02
 25  0.01592  4.46334e-03 | 26  0.05803 -5.18226e-03 | 27  0.05167 -1.38952e-02
 28  0.00906 -5.68415e-03 | 29  0.01401 -3.17690e-02 | 30  0.01156 -7.22940e-02
 31  0.02792 -6.04820e-02 | 32  0.10128 -3.62017e-02 | 33  0.01634 -3.41629e-02
 34 -0.01604 -3.33564e-02 | 35  0.04396 -1.99230e-02 | 36 -0.24022 -9.73164e-02
 37  0.25218  1.36890e+00 | 38  0.27068 -6.48144e-01 | 39  0.25188 -1.07022e-01
 40  0.23670  6.17285e-01 | 41 -0.38655  2.02428e+00 | 42 -0.99014 -2.29942e-01
 43  0.34870 -8.71855e+01 | 44 -0.36532 -5.93595e+01 | 45  0.10229 -3.74178e+03
 46 -0.89706  9.58231e+02 | 47  0.16870 -6.90644e+02 | 48 -0.34080  3.88298e+02
 49  0.16675  3.71720e-01 | 50  0.14608  3.12188e+00 | 51 -0.13869 -1.88652e-01
 52 -0.36591 -1.57606e+00 |

Intermediate statistics: 52 variables; iteration 20; function evaluation 29; phase 3
Function value 3.3157332e+03; maximum gradient component mag -8.5366e+03
Var    Value     Gradient |Var    Value     Gradient |Var    Value     Gradient
  1  0.02520  5.53324e+03 |  2  0.00428 -1.56435e+02 |  3  0.04622 -1.85239e+02
  4 -0.01258 -7.72326e+01 |  5 -0.13589 -7.33391e+01 |  6 -0.01503 -4.83533e+01
  7 -0.12046 -7.88742e+01 |  8 -0.07534 -8.09685e+01 |  9  0.00825 -6.70702e+01
 10  0.11745  4.05436e+01 | 11 -0.02162 -8.30726e+01 | 12  0.00885 -4.13311e+00
 13  0.04968 -4.70833e+01 | 14  0.12346  3.18462e+02 | 15  0.11490  2.39720e+02
 16 -0.22775 -2.75444e+02 | 17  0.00707  6.21413e+01 | 18  0.01933 -3.41568e+02
 19  0.11922  1.42886e+02 | 20 -0.05181 -3.50097e+01 | 21 -0.00547 -7.02119e+00
 22  0.04575 -1.64706e+02 | 23 -0.08220 -2.06407e+02 | 24  0.04636  9.58631e+01
 25  0.08423  2.15831e+02 | 26  0.03955  5.54407e+01 | 27  0.06171  2.46669e+02
 28  0.03485  2.08008e+02 | 29  0.05200  1.85982e+02 | 30 -0.02542 -8.99300e+01
 31  0.06484  1.93333e+02 | 32  0.10200  1.65775e+02 | 33 -0.02076 -1.16456e+02
 34  0.00365 -1.00359e+02 | 35  0.06937  2.65502e+02 | 36 -0.47383 -1.32177e+02
 37  0.29193  6.00496e+03 | 38  0.19259 -8.53660e+03 | 39  0.27311  5.13961e+02
 40  0.28412  5.23350e+03 | 41 -0.36242  5.28588e+02 | 42 -0.98922 -3.22096e+00
 43  0.45767 -2.78574e+02 | 44 -0.33613 -3.16122e+01 | 45  0.68769 -7.20497e+02
 46 -0.96150  2.06263e+01 | 47  0.23328 -1.25354e+02 | 48 -0.47491  1.21875e+02
 49  0.19751  1.10923e+02 | 50  0.15737  7.72131e+02 | 51 -0.14754 -7.75514e+01
 52 -0.35303 -4.88051e+01 |
52 variables; iteration 40; function evaluation 59; phase 3
Function value 3.0619680e+03; maximum gradient component mag -4.7063e+03
Var    Value     Gradient |Var    Value     Gradient |Var    Value     Gradient
  1  0.03092 -9.96702e+02 |  2  0.00616 -3.56902e+01 |  3  0.03144 -1.22976e+02
  4 -0.00422 -4.99970e+01 |  5 -0.10736  1.03276e+01 |  6  0.06321  5.76066e+01
  7 -0.01474  4.73551e+01 |  8  0.01666  4.92891e+01 |  9  0.03959 -2.18006e+01
 10  0.08215 -2.01068e+02 | 11 -0.02399 -5.45418e+01 | 12 -0.02490 -1.04917e+02
 13  0.05125 -6.14048e+01 | 14  0.07772 -2.84581e+02 | 15  0.04350 -1.94021e+02
 16 -0.08630 -2.52789e+02 | 17 -0.00081 -7.61397e+01 | 18  0.02046 -2.55671e+02
 19  0.12837  1.65141e+02 | 20 -0.08070 -5.00274e+01 | 21 -0.04133 -3.88486e+01
 22  0.06284  1.05567e+02 | 23 -0.12677 -1.41386e+02 | 24  0.03032 -2.09033e+01
 25  0.04263  3.01738e+01 | 26  0.06641  2.18003e+02 | 27  0.07657  2.15056e+02
 28  0.01999  1.66749e+01 | 29  0.07245  2.32557e+02 | 30 -0.04975 -1.95779e+02
 31  0.07501  1.41106e+02 | 32  0.07329 -4.04307e+01 | 33  0.01078  1.43934e+02
 34  0.02281  2.68355e+02 | 35  0.04362  9.77107e+01 | 36 -0.81982 -3.94143e+01
 37  0.27200  2.29672e+03 | 38  0.21113 -4.70628e+03 | 39  0.26059 -5.48318e+01
 40  0.26285  2.13365e+03 | 41 -0.21537 -1.76810e+02 | 42 -0.89320  8.18837e+01
 43  0.39667 -2.54952e+02 | 44 -0.34704  7.64629e+01 | 45  0.70098 -5.96456e+02
 46 -0.91874  3.91552e+01 | 47  0.21747 -3.54878e+02 | 48 -0.48325  1.20747e+02
 49  0.05473 -1.59800e+02 | 50  0.05331 -1.11844e+02 | 51 -0.14747  7.53864e+01
 52 -0.36951  2.47737e+02 |
52 variables; iteration 60; function evaluation 84; phase 3
Function value 2.8268992e+03; maximum gradient component mag -9.0864e+02
Var    Value     Gradient |Var    Value     Gradient |Var    Value     Gradient
  1  0.04310 -9.08645e+02 |  2  0.00108  7.57292e+01 |  3  0.03109  4.85206e+01
  4 -0.01329  9.91876e+01 |  5 -0.16108  4.49042e+01 |  6 -0.01916  9.24901e+01
  7 -0.12196  6.05691e+01 |  8 -0.06858  8.02252e+01 |  9  0.00981  7.83481e+01
 10  0.11393  8.26740e+01 | 11 -0.00213  1.12390e+02 | 12  0.01463  5.60375e+01
 13  0.05820  1.40895e+02 | 14  0.07795  5.78309e+01 | 15  0.02036  5.00518e+01
 16 -0.04742  6.69999e+01 | 17 -0.00784  5.34764e+01 | 18  0.09035  1.32013e+02
 19  0.12050  8.63193e+01 | 20 -0.02605  1.06825e+02 | 21  0.00427  1.23447e+02
 22 -0.00200  6.04792e+01 | 23 -0.05869  1.47415e+01 | 24  0.03960  3.37203e+01
 25  0.06356  4.77566e+01 | 26  0.03584  1.67989e+01 | 27  0.04592 -5.61185e+01
 28  0.02878  1.58202e+01 | 29  0.02276  1.76327e+01 | 30  0.02457  6.79445e+01
 31  0.05777  4.93481e+01 | 32  0.09136  4.46663e+01 | 33 -0.00380  7.42032e+01
 34 -0.01973 -2.09914e+01 | 35  0.03284  8.72237e+01 | 36 -0.39914  6.72913e+00
 37  0.24970 -1.39635e+02 | 38  0.23147  2.33580e+02 | 39  0.25145  2.92501e+01
 40  0.24483 -6.40045e+01 | 41 -0.20492 -1.64852e+02 | 42 -0.85585  2.36383e+01
 43  0.37452  8.89694e+01 | 44 -0.34326 -1.38723e+01 | 45  1.01004  9.60845e+00
 46 -0.84578  3.90344e+01 | 47  0.21848  7.69643e+01 | 48 -0.47701  2.30626e+01
 49  0.05003  2.85124e+01 | 50  0.02273 -2.81185e+02 | 51 -0.17528 -3.30969e+01
 52 -0.39633  9.31488e+01 |
52 variables; iteration 80; function evaluation 104; phase 3
Function value 2.8101864e+03; maximum gradient component mag -4.4709e+00
Var    Value     Gradient |Var    Value     Gradient |Var    Value     Gradient
  1  0.05056 -4.47093e+00 |  2 -0.00661  1.53351e-01 |  3  0.03427  7.63792e-02
  4 -0.01841  1.06607e-01 |  5 -0.13890 -1.09375e-01 |  6 -0.02353  1.46347e-01
  7 -0.11440 -1.24074e-01 |  8 -0.07539 -7.40832e-02 |  9  0.00132 -2.12724e-01
 10  0.10543 -9.39161e-01 | 11 -0.02579 -2.63838e-01 | 12  0.01497 -2.20657e-01
 13  0.02802 -1.92000e-01 | 14  0.07227  4.82313e-01 | 15  0.01674 -5.14375e-01
 16 -0.05482  2.14727e-01 | 17 -0.00674  1.30415e-01 | 18  0.07225  3.34219e-01
 19  0.11279 -9.39642e-03 | 20 -0.04473  1.19757e-02 | 21 -0.02326  7.17559e-04
 22 -0.01514 -5.72442e-01 | 23 -0.04133 -4.85099e-01 | 24  0.03733 -5.47007e-01
 25  0.05308 -2.07655e-01 | 26  0.02998 -8.46095e-02 | 27  0.05213 -8.68495e-01
 28  0.02524 -7.38912e-01 | 29  0.02966 -8.03443e-02 | 30  0.02107  1.04966e-01
 31  0.05680  2.82919e-01 | 32  0.08500  7.95528e-01 | 33 -0.02236  1.84871e-02
 34 -0.01779 -1.65678e-01 | 35  0.03088  1.58873e+00 | 36 -0.25713 -1.37055e-01
 37  0.24411 -2.92285e-01 | 38  0.22633 -7.17543e-01 | 39  0.24563 -1.41710e-01
 40  0.23736  2.21716e+00 | 41 -0.19749 -1.15560e-02 | 42 -0.88009 -1.30621e-01
 43  0.35666  5.95988e-01 | 44 -0.34730 -4.85444e-01 | 45  1.00159  1.18654e+00
 46 -1.00905 -4.95320e-01 | 47  0.21410 -3.96981e-01 | 48 -0.47937  8.35237e-02
 49  0.03542  8.90980e-02 | 50  0.01800 -1.05043e-01 | 51 -0.15585 -1.76400e-01
 52 -0.38840 -2.34508e-01 |
52 variables; iteration 100; function evaluation 124; phase 3
Function value 2.8101833e+03; maximum gradient component mag 6.1465e-01
Var    Value     Gradient |Var    Value     Gradient |Var    Value     Gradient
  1  0.05065  6.14651e-01 |  2 -0.00673 -1.44545e-02 |  3  0.03421 -1.52795e-02
  4 -0.01844 -4.57887e-02 |  5 -0.13881 -3.71763e-02 |  6 -0.02354 -6.03208e-02
  7 -0.11428 -1.79018e-02 |  8 -0.07533 -3.92982e-02 |  9  0.00136 -5.20098e-02
 10  0.10556 -8.65567e-02 | 11 -0.02569 -3.68952e-02 | 12  0.01510 -4.11549e-03
 13  0.02802  5.22268e-02 | 14  0.07208 -9.98236e-02 | 15  0.01682 -1.73842e-01
 16 -0.05499 -8.28612e-02 | 17 -0.00678 -8.93432e-02 | 18  0.07218 -4.93387e-02
 19  0.11285  5.97460e-02 | 20 -0.04470 -1.83355e-02 | 21 -0.02324  2.27719e-02
 22 -0.01501  9.33575e-02 | 23 -0.04125  3.85353e-02 | 24  0.03743 -3.17684e-02
 25  0.05304 -9.33278e-02 | 26  0.02984 -8.15171e-02 | 27  0.05218  9.26582e-03
 28  0.02532  1.17978e-02 | 29  0.02971  4.24914e-02 | 30  0.02106  1.43914e-02
 31  0.05678  4.53323e-02 | 32  0.08487  7.31496e-03 | 33 -0.02238  6.44829e-02
 34 -0.01782 -2.05768e-02 | 35  0.03058 -1.57272e-01 | 36 -0.25705 -3.72205e-02
 37  0.24402  3.38089e-01 | 38  0.22629 -1.12399e-01 | 39  0.24557  2.42706e-02
 40  0.23728  2.95552e-01 | 41 -0.18927  3.04594e-02 | 42 -0.87770  7.06878e-03
 43  0.35650  3.21606e-03 | 44 -0.34721  2.80793e-03 | 45  0.99999 -2.15207e-03
 46 -1.00426  2.40216e-03 | 47  0.21409  1.27142e-02 | 48 -0.47937  1.14915e-02
 49  0.02988 -2.64764e-02 | 50  0.01254  7.45028e-02 | 51 -0.15639  2.21809e-03
 52 -0.38915  7.11222e-02 |
52 variables; iteration 120; function evaluation 144; phase 3
Function value 2.8101827e+03; maximum gradient component mag 3.5874e-01
Var    Value     Gradient |Var    Value     Gradient |Var    Value     Gradient
  1  0.05065  3.58742e-01 |  2 -0.00675 -5.31198e-02 |  3  0.03418 -7.49728e-02
  4 -0.01846 -3.75536e-02 |  5 -0.13883 -3.65235e-02 |  6 -0.02354 -3.84604e-02
  7 -0.11429 -2.10871e-02 |  8 -0.07532 -9.79529e-03 |  9  0.00138 -1.74819e-03
 10  0.10558  5.05307e-02 | 11 -0.02567 -1.27952e-03 | 12  0.01510 -2.40057e-02
 13  0.02800 -4.77320e-03 | 14  0.07209 -5.09565e-02 | 15  0.01685 -5.62285e-02
 16 -0.05498 -3.79441e-02 | 17 -0.00679 -9.09749e-02 | 18  0.07218 -4.10119e-02
 19  0.11284  7.54288e-03 | 20 -0.04470 -1.42402e-02 | 21 -0.02327 -2.37209e-02
 22 -0.01502  7.71533e-02 | 23 -0.04125  3.16233e-02 | 24  0.03743 -2.80944e-02
 25  0.05304 -7.00020e-02 | 26  0.02986 -3.47336e-02 | 27  0.05217 -9.28648e-02
 28  0.02531 -1.09601e-01 | 29  0.02966 -1.64775e-01 | 30  0.02106 -6.96914e-02
 31  0.05678 -9.23359e-03 | 32  0.08487  3.74737e-02 | 33 -0.02239  5.96356e-02
 34 -0.01781  5.58920e-02 | 35  0.03061  5.22101e-02 | 36 -0.25700 -1.89502e-02
 37  0.24402  4.73831e-03 | 38  0.22629 -4.79730e-03 | 39  0.24557  4.88543e-03
 40  0.23728  7.89686e-03 | 41 -0.08481 -9.70514e-03 | 42 -0.83729 -2.29992e-02
 43  0.35650  4.29089e-02 | 44 -0.34723 -6.39401e-02 | 45  1.00005  3.46012e-02
 46 -1.00426  2.04206e-03 | 47  0.21409 -5.01433e-02 | 48 -0.47937 -8.35037e-03
 49 -0.04022  9.75970e-03 | 50 -0.05763 -2.37918e-02 | 51 -0.16853  1.06802e-02
 52 -0.40365 -3.85933e-02 |
52 variables; iteration 140; function evaluation 167; phase 3
Function value 2.8101824e+03; maximum gradient component mag 5.0364e-01
Var    Value     Gradient |Var    Value     Gradient |Var    Value     Gradient
  1  0.05065  2.71039e-02 |  2 -0.00673 -2.66679e-03 |  3  0.03421  1.86714e-03
  4 -0.01844 -9.35151e-03 |  5 -0.13881 -1.12438e-02 |  6 -0.02353 -1.10173e-02
  7 -0.11428 -1.19171e-02 |  8 -0.07532 -3.03435e-03 |  9  0.00137 -5.41914e-03
 10  0.10557  8.44214e-04 | 11 -0.02569 -1.10827e-02 | 12  0.01509 -1.19669e-02
 13  0.02799 -1.13119e-02 | 14  0.07210  2.15823e-02 | 15  0.01687  4.52032e-03
 16 -0.05498 -9.99369e-03 | 17 -0.00677 -1.71728e-02 | 18  0.07218 -1.62286e-02
 19  0.11284  2.61279e-02 | 20 -0.04471 -8.07274e-03 | 21 -0.02326 -8.29432e-03
 22 -0.01505 -8.82004e-03 | 23 -0.04128 -1.40369e-02 | 24  0.03744  2.39083e-02
 25  0.05305  1.41110e-02 | 26  0.02985  1.50702e-02 | 27  0.05217 -2.16319e-02
 28  0.02532 -2.68551e-02 | 29  0.02968 -7.02423e-02 | 30  0.02105 -4.66814e-02
 31  0.05678 -6.37438e-03 | 32  0.08487 -5.61646e-04 | 33 -0.02240 -1.24107e-03
 34 -0.01781  9.88916e-03 | 35  0.03059 -3.93527e-02 | 36 -0.25702 -3.67018e-03
 37  0.24402 -9.23280e-02 | 38  0.22629  4.86437e-02 | 39  0.24557  2.17486e-02
 40  0.23728 -6.97694e-02 | 41  0.02370 -2.04929e-01 | 42 -0.79667  2.61304e-01
 43  0.35650  5.91705e-02 | 44 -0.34722 -4.87438e-02 | 45  1.00007  4.45219e-02
 46 -1.00428  1.02326e-04 | 47  0.21409 -1.46900e-03 | 48 -0.47937  1.70478e-02
 49 -0.11526 -1.00110e-02 | 50 -0.13293 -2.83254e-01 | 51 -0.18425  1.30297e-02
 52 -0.42259  5.03644e-01 |
52 variables; iteration 160; function evaluation 189; phase 3
Function value 2.8101823e+03; maximum gradient component mag 1.8062e-01
Var    Value     Gradient |Var    Value     Gradient |Var    Value     Gradient
  1  0.05065 -7.08229e-02 |  2 -0.00674  1.35565e-03 |  3  0.03420  2.76966e-03
  4 -0.01844  1.75707e-03 |  5 -0.13881 -7.51964e-04 |  6 -0.02353  1.17652e-03
  7 -0.11428 -1.22456e-03 |  8 -0.07533  3.70159e-03 |  9  0.00137  3.06504e-03
 10  0.10557  1.83573e-03 | 11 -0.02568  1.51012e-03 | 12  0.01509 -7.71285e-03
 13  0.02799 -1.40679e-02 | 14  0.07210 -2.56867e-03 | 15  0.01687  1.11609e-02
 16 -0.05498 -1.45706e-03 | 17 -0.00677  2.25672e-03 | 18  0.07218 -1.48345e-03
 19  0.11283 -1.04836e-02 | 20 -0.04471 -1.90195e-03 | 21 -0.02327 -3.01040e-03
 22 -0.01505 -7.46929e-03 | 23 -0.04127 -6.32442e-03 | 24  0.03743 -9.21085e-03
 25  0.05305 -1.07648e-02 | 26  0.02985  3.53115e-04 | 27  0.05218  2.31507e-02
 28  0.02532  7.03445e-03 | 29  0.02969 -2.18303e-02 | 30  0.02106 -6.32292e-03
 31  0.05678  1.67056e-02 | 32  0.08488  5.45380e-02 | 33 -0.02240  2.59553e-02
 34 -0.01781  1.59566e-02 | 35  0.03059 -4.75170e-02 | 36 -0.25702  2.46262e-03
 37  0.24402 -9.86919e-02 | 38  0.22629 -5.00528e-02 | 39  0.24557 -1.28614e-02
 40  0.23728  3.28450e-02 | 41  0.09531 -1.08524e-01 | 42 -0.77188  1.04252e-01
 43  0.35649  2.21871e-02 | 44 -0.34722 -1.51472e-02 | 45  1.00003  1.39267e-02
 46 -1.00427  8.46848e-04 | 47  0.21409 -8.68292e-03 | 48 -0.47937 -1.26303e-02
 49 -0.16548 -8.93658e-03 | 50 -0.18349 -1.46616e-01 | 51 -0.19557  6.66440e-03
 52 -0.43646  1.80620e-01 |
52 variables; iteration 180; function evaluation 211; phase 3
Function value 2.8101823e+03; maximum gradient component mag -4.0374e-02
Var    Value     Gradient |Var    Value     Gradient |Var    Value     Gradient
  1  0.05065 -4.03741e-02 |  2 -0.00674  2.91931e-03 |  3  0.03420  3.72439e-03
  4 -0.01844  2.54192e-03 |  5 -0.13881  2.32004e-03 |  6 -0.02353  2.26374e-03
  7 -0.11428  2.48992e-03 |  8 -0.07533  1.80093e-03 |  9  0.00137  1.65774e-03
 10  0.10557  4.09645e-04 | 11 -0.02569  2.05642e-03 | 12  0.01509  2.20597e-03
 13  0.02799  3.11995e-03 | 14  0.07209  1.68209e-03 | 15  0.01686  5.17762e-03
 16 -0.05498  2.36890e-03 | 17 -0.00677  6.65898e-04 | 18  0.07218  1.20056e-03
 19  0.11283 -3.73111e-04 | 20 -0.04471  1.63646e-03 | 21 -0.02327  1.85529e-03
 22 -0.01505  2.93445e-03 | 23 -0.04127  3.51505e-03 | 24  0.03743 -2.51155e-03
 25  0.05305 -2.67728e-03 | 26  0.02985 -2.04894e-03 | 27  0.05218  3.78022e-03
 28  0.02532  4.46893e-04 | 29  0.02969 -2.89445e-03 | 30  0.02106 -3.06919e-04
 31  0.05677 -3.45903e-03 | 32  0.08487 -5.35953e-03 | 33 -0.02240 -1.19082e-04
 34 -0.01782  6.86080e-03 | 35  0.03060  7.33898e-03 | 36 -0.25702  1.36705e-03
 37  0.24402 -3.64349e-02 | 38  0.22629 -4.80613e-03 | 39  0.24557 -4.48178e-03
 40  0.23728 -6.72886e-03 | 41  0.12138  3.38940e-03 | 42 -0.76321 -1.72975e-02
 43  0.35649  4.76685e-03 | 44 -0.34721 -4.49488e-03 | 45  1.00001 -1.89671e-03
 46 -1.00428 -2.62948e-04 | 47  0.21409 -3.30594e-03 | 48 -0.47937 -1.34811e-03
 49 -0.18383  1.38532e-03 | 50 -0.20200  5.87223e-04 | 51 -0.19984 -1.94636e-03
 52 -0.44173 -1.67648e-02 |
52 variables; iteration 200; function evaluation 234; phase 3
Function value 2.8101821e+03; maximum gradient component mag 7.5046e-01
Var    Value     Gradient |Var    Value     Gradient |Var    Value     Gradient
  1  0.05065 -4.09444e-01 |  2 -0.00674  1.15305e-02 |  3  0.03420  7.01655e-03
  4 -0.01844  1.16330e-02 |  5 -0.13881  1.60444e-02 |  6 -0.02353  8.63206e-03
  7 -0.11428  1.71823e-02 |  8 -0.07533  1.86440e-02 |  9  0.00137  1.65731e-02
 10  0.10557  1.74028e-02 | 11 -0.02569  9.74197e-03 | 12  0.01509  6.80003e-03
 13  0.02799 -1.54072e-02 | 14  0.07210  7.62072e-03 | 15  0.01686 -4.36005e-03
 16 -0.05498  2.27051e-03 | 17 -0.00677  2.79463e-03 | 18  0.07218  1.52529e-02
 19  0.11283  1.13440e-02 | 20 -0.04471  1.05778e-02 | 21 -0.02326  1.06489e-02
 22 -0.01505  8.28358e-03 | 23 -0.04127  5.51537e-03 | 24  0.03743  4.64934e-03
 25  0.05305 -1.37657e-02 | 26  0.02985 -1.73123e-02 | 27  0.05218  2.55134e-02
 28  0.02532  2.35206e-02 | 29  0.02970  2.97997e-02 | 30  0.02106  2.06220e-02
 31  0.05678  1.78313e-02 | 32  0.08487  1.62112e-02 | 33 -0.02240  1.17633e-02
 34 -0.01781  1.27235e-02 | 35  0.03060  3.51465e-02 | 36 -0.25703  1.27549e-02
 37  0.24402 -1.28778e-01 | 38  0.22629 -4.72245e-02 | 39  0.24557 -1.66081e-02
 40  0.23728  3.52636e-02 | 41  0.10744 -4.25718e-01 | 42 -0.73359  5.58068e-01
 43  0.35649  3.89745e-02 | 44 -0.34722 -3.70283e-02 | 45  1.00011  7.46573e-02
 46 -1.00429 -1.55226e-03 | 47  0.21409 -9.84406e-03 | 48 -0.47937 -8.23597e-03
 49 -0.17400 -4.35972e-02 | 50 -0.19209 -5.59145e-01 | 51 -0.21562  4.92669e-02
 52 -0.46143  7.50455e-01 |
52 variables; iteration 220; function evaluation 257; phase 3
Function value 2.8101819e+03; maximum gradient component mag 1.6455e-01
Var    Value     Gradient |Var    Value     Gradient |Var    Value     Gradient
  1  0.05065  1.64549e-01 |  2 -0.00674  4.07301e-03 |  3  0.03421  6.37932e-03
  4 -0.01844  3.15400e-03 |  5 -0.13880  2.74120e-03 |  6 -0.02352  4.79752e-03
  7 -0.11428  3.77851e-03 |  8 -0.07533 -3.37412e-04 |  9  0.00137 -2.64450e-04
 10  0.10556 -6.07588e-03 | 11 -0.02569  4.02319e-03 | 12  0.01510  1.00973e-02
 13  0.02800  2.06358e-02 | 14  0.07209  6.98749e-03 | 15  0.01686  1.41293e-02
 16 -0.05498  5.01153e-03 | 17 -0.00677 -2.66620e-03 | 18  0.07218  5.64797e-03
 19  0.11283 -8.33797e-03 | 20 -0.04471  3.95966e-04 | 21 -0.02327  1.32662e-03
 22 -0.01505  7.04421e-03 | 23 -0.04127  9.73490e-03 | 24  0.03743 -1.11624e-03
 25  0.05305 -1.47613e-04 | 26  0.02985  9.12057e-03 | 27  0.05218  1.04534e-02
 28  0.02532  6.24963e-04 | 29  0.02969 -4.87528e-03 | 30  0.02106  1.28355e-03
 31  0.05677 -1.09402e-02 | 32  0.08487 -1.13524e-02 | 33 -0.02240  9.69272e-07
 34 -0.01781  2.44019e-02 | 35  0.03060  2.10395e-02 | 36 -0.25702  5.32456e-04
 37  0.24402 -7.71850e-02 | 38  0.22629 -1.53220e-02 | 39  0.24557 -1.15093e-02
 40  0.23728  2.20337e-02 | 41 -0.05450  1.04614e-01 | 42 -0.70397 -3.02552e-02
 43  0.35649  9.25557e-03 | 44 -0.34722 -1.21518e-02 | 45  1.00007  4.94598e-02
 46 -1.00428 -2.23000e-04 | 47  0.21409 -8.25390e-03 | 48 -0.47937 -1.14382e-02
 49 -0.06101  1.39089e-02 | 50 -0.07846  1.37400e-01 | 51 -0.23335 -4.95748e-03
 52 -0.48401 -2.96170e-02 |
52 variables; iteration 240; function evaluation 281; phase 3
Function value 2.8101818e+03; maximum gradient component mag 1.5150e-01
Var    Value     Gradient |Var    Value     Gradient |Var    Value     Gradient
  1  0.05065  1.51497e-01 |  2 -0.00674 -4.24966e-04 |  3  0.03420  1.49583e-03
  4 -0.01844 -6.22576e-05 |  5 -0.13881 -2.97837e-03 |  6 -0.02353 -9.30374e-04
  7 -0.11428 -1.46211e-03 |  8 -0.07533 -2.39490e-03 |  9  0.00137 -2.06336e-03
 10  0.10557 -1.84432e-03 | 11 -0.02569  9.26408e-04 | 12  0.01510  2.64106e-03
 13  0.02800  8.06504e-03 | 14  0.07209  6.65676e-03 | 15  0.01686  5.36289e-03
 16 -0.05498  1.90976e-04 | 17 -0.00677 -7.22148e-03 | 18  0.07218 -4.17334e-03
 19  0.11283 -7.38189e-03 | 20 -0.04471 -1.83255e-03 | 21 -0.02327 -5.91621e-04
 22 -0.01505  6.04383e-04 | 23 -0.04127 -3.39020e-04 | 24  0.03743 -3.46889e-03
 25  0.05305 -4.43763e-03 | 26  0.02985 -3.33348e-03 | 27  0.05218  3.55828e-03
 28  0.02532 -6.32652e-05 | 29  0.02969 -1.63040e-03 | 30  0.02106 -1.50783e-03
 31  0.05677 -4.68830e-03 | 32  0.08487  1.39971e-03 | 33 -0.02240  1.64788e-03
 34 -0.01782  8.97979e-03 | 35  0.03060  1.02845e-02 | 36 -0.25702 -1.53318e-03
 37  0.24402 -1.94757e-02 | 38  0.22629  1.59503e-02 | 39  0.24557 -3.31789e-03
 40  0.23728  1.08355e-02 | 41 -0.11128  7.11141e-02 | 42 -0.69228 -1.10618e-02
 43  0.35649  9.75096e-04 | 44 -0.34721 -3.30621e-04 | 45  1.00003  1.28787e-02
 46 -1.00428 -1.11108e-04 | 47  0.21409 -1.18362e-03 | 48 -0.47937 -3.40650e-03
 49 -0.02222  1.43269e-02 | 50 -0.03959  9.10411e-02 | 51 -0.24087 -6.83041e-03
 52 -0.49375 -4.73446e-03 |
52 variables; iteration 260; function evaluation 301; phase 3
Function value 2.8101818e+03; maximum gradient component mag -3.3960e-02
Var    Value     Gradient |Var    Value     Gradient |Var    Value     Gradient
  1  0.05065 -2.59429e-02 |  2 -0.00674 -3.72822e-04 |  3  0.03420 -7.43152e-04
  4 -0.01844  3.30052e-04 |  5 -0.13881 -5.54900e-04 |  6 -0.02353  4.01714e-04
  7 -0.11428 -1.66416e-04 |  8 -0.07533  3.68434e-04 |  9  0.00137  5.65891e-04
 10  0.10557  7.91200e-04 | 11 -0.02569  2.66494e-04 | 12  0.01510  1.56479e-04
 13  0.02799 -2.66758e-03 | 14  0.07209 -7.40208e-03 | 15  0.01686 -4.26569e-03
 16 -0.05498 -1.63991e-03 | 17 -0.00677  3.02662e-03 | 18  0.07218  1.21696e-03
 19  0.11283 -2.74871e-03 | 20 -0.04471 -2.07897e-04 | 21 -0.02327 -8.71950e-04
 22 -0.01505 -1.35146e-03 | 23 -0.04127 -1.39214e-03 | 24  0.03743  4.52431e-04
 25  0.05305 -8.06324e-04 | 26  0.02985 -1.22232e-03 | 27  0.05218 -1.96977e-03
 28  0.02532 -2.49819e-03 | 29  0.02970  4.06222e-03 | 30  0.02106  7.82227e-04
 31  0.05678 -3.74429e-04 | 32  0.08487 -8.96322e-06 | 33 -0.02240 -1.03661e-03
 34 -0.01782  5.21763e-03 | 35  0.03060  3.51148e-03 | 36 -0.25702  6.25502e-04
 37  0.24402 -1.29518e-02 | 38  0.22629  6.37475e-03 | 39  0.24557 -1.65555e-03
 40  0.23728  9.12858e-05 | 41 -0.13273 -2.23639e-02 | 42 -0.68741  1.46031e-02
 43  0.35649  5.62076e-03 | 44 -0.34721 -5.17398e-03 | 45  1.00001 -2.46294e-03
 46 -1.00428  8.38080e-05 | 47  0.21409  1.39200e-04 | 48 -0.47937  2.53590e-03
 49 -0.00775  1.56261e-03 | 50 -0.02510 -3.39597e-02 | 51 -0.24410 -6.44197e-04
 52 -0.49796  1.98743e-02 |
52 variables; iteration 280; function evaluation 325; phase 3
Function value 2.8101818e+03; maximum gradient component mag -2.1293e-01
Var    Value     Gradient |Var    Value     Gradient |Var    Value     Gradient
  1  0.05065 -1.77398e-01 |  2 -0.00674 -1.56783e-03 |  3  0.03420 -3.40776e-03
  4 -0.01844  2.46551e-04 |  5 -0.13881 -2.08677e-03 |  6 -0.02353  6.02078e-04
  7 -0.11428 -5.65100e-04 |  8 -0.07533  1.77681e-03 |  9  0.00137  2.24813e-03
 10  0.10557  3.06350e-03 | 11 -0.02568  4.73760e-04 | 12  0.01510 -1.91408e-03
 13  0.02799 -1.25794e-02 | 14  0.07209 -2.60225e-02 | 15  0.01686 -1.54812e-02
 16 -0.05498 -6.00595e-03 | 17 -0.00676  7.01058e-03 | 18  0.07218  2.39331e-03
 19  0.11283 -8.95395e-03 | 20 -0.04471 -7.27840e-04 | 21 -0.02327 -4.09598e-03
 22 -0.01505 -6.75441e-03 | 23 -0.04128 -7.10966e-03 | 24  0.03743 -2.99851e-03
 25  0.05305 -7.07341e-03 | 26  0.02985 -1.12112e-02 | 27  0.05218 -7.20624e-03
 28  0.02532 -7.93270e-03 | 29  0.02970  1.10155e-02 | 30  0.02106  1.52647e-03
 31  0.05678  3.93001e-04 | 32  0.08487  3.23794e-03 | 33 -0.02240 -2.03273e-03
 34 -0.01781  1.43419e-02 | 35  0.03060  1.13418e-02 | 36 -0.25701  3.16185e-03
 37  0.24402 -2.12736e-02 | 38  0.22629  2.73847e-02 | 39  0.24557 -5.95105e-03
 40  0.23728 -5.06758e-03 | 41 -0.14798 -1.44231e-01 | 42 -0.67135  8.66982e-02
 43  0.35649  1.11612e-02 | 44 -0.34721 -1.00635e-02 | 45  1.00001 -2.56155e-03
 46 -1.00428  1.41916e-04 | 47  0.21409  1.70056e-03 | 48 -0.47937  1.05720e-02
 49  0.00248 -1.54895e-03 | 50 -0.01486 -2.12932e-01 | 51 -0.25510 -2.67400e-03
 52 -0.51246  9.64220e-02 |
52 variables; iteration 300; function evaluation 349; phase 3
Function value 2.8101818e+03; maximum gradient component mag 2.4215e-01
Var    Value     Gradient |Var    Value     Gradient |Var    Value     Gradient
  1  0.05065  2.42146e-01 |  2 -0.00674 -1.68747e-03 |  3  0.03420 -1.55569e-04
  4 -0.01844 -2.43925e-03 |  5 -0.13881 -1.16678e-03 |  6 -0.02353 -1.69265e-03
  7 -0.11428 -2.61155e-03 |  8 -0.07533 -4.38327e-03 |  9  0.00137 -4.31359e-03
 10  0.10557 -5.46984e-03 | 11 -0.02569 -1.65906e-03 | 12  0.01509  2.03402e-03
 13  0.02800  1.12586e-02 | 14  0.07210  1.39623e-02 | 15  0.01686  7.50099e-03
 16 -0.05498  1.30415e-03 | 17 -0.00677 -4.85012e-03 | 18  0.07218 -1.55465e-03
 19  0.11283  3.69896e-03 | 20 -0.04471 -2.22459e-03 | 21 -0.02326  1.41844e-04
 22 -0.01505  1.44290e-03 | 23 -0.04127  2.87013e-03 | 24  0.03743  4.81255e-03
 25  0.05305  9.82671e-03 | 26  0.02985  1.47741e-02 | 27  0.05218  3.92243e-03
 28  0.02532  2.63469e-03 | 29  0.02969 -8.11981e-03 | 30  0.02106 -1.74149e-03
 31  0.05678 -4.70381e-05 | 32  0.08487  2.18154e-03 | 33 -0.02240  1.84036e-03
 34 -0.01782 -7.45930e-03 | 35  0.03060 -1.10295e-02 | 36 -0.25702 -4.11539e-03
 37  0.24402  3.02342e-02 | 38  0.22629 -1.44340e-02 | 39  0.24557  5.88960e-03
 40  0.23728  2.20719e-02 | 41 -0.07584  1.42930e-01 | 42 -0.65472 -4.96475e-02
 43  0.35649 -1.02616e-02 | 44 -0.34721  8.63119e-03 | 45  1.00002  3.38043e-03
 46 -1.00428 -1.81870e-05 | 47  0.21409  1.01213e-03 | 48 -0.47937 -7.12947e-03
 49 -0.04636  7.34563e-03 | 50 -0.06376  2.01008e-01 | 51 -0.26712  1.36614e-03
 52 -0.52858 -4.97325e-02 |
52 variables; iteration 320; function evaluation 369; phase 3
Function value 2.8101818e+03; maximum gradient component mag -1.0385e-01
Var    Value     Gradient |Var    Value     Gradient |Var    Value     Gradient
  1  0.05065 -1.02036e-01 |  2 -0.00674 -3.73705e-04 |  3  0.03420 -1.25141e-03
  4 -0.01844  1.69781e-03 |  5 -0.13881 -1.50855e-03 |  6 -0.02353  1.02768e-03
  7 -0.11428 -5.76882e-05 |  8 -0.07533  2.74412e-03 |  9  0.00137  3.66235e-03
 10  0.10557  7.72519e-03 | 11 -0.02568  1.12841e-03 | 12  0.01510 -1.33776e-03
 13  0.02799 -1.38287e-02 | 14  0.07209 -2.13332e-02 | 15  0.01686 -1.23792e-02
 16 -0.05498 -4.17871e-03 | 17 -0.00676  9.55387e-03 | 18  0.07218  2.89423e-03
 19  0.11283 -5.81293e-03 | 20 -0.04471  4.45686e-04 | 21 -0.02327 -1.74114e-03
 22 -0.01505 -3.36404e-03 | 23 -0.04128 -4.48043e-03 | 24  0.03743 -3.08459e-03
 25  0.05305 -7.92367e-03 | 26  0.02985 -1.23002e-02 | 27  0.05218 -2.65132e-03
 28  0.02532 -4.10630e-03 | 29  0.02970  1.28877e-02 | 30  0.02106  2.84443e-03
 31  0.05678  1.09547e-03 | 32  0.08487  2.75170e-03 | 33 -0.02240 -1.62550e-03
 34 -0.01781  1.55376e-02 | 35  0.03060  1.35493e-02 | 36 -0.25702  2.36586e-03
 37  0.24402 -4.11376e-02 | 38  0.22629  2.49638e-02 | 39  0.24557 -5.75064e-03
 40  0.23728 -3.24062e-03 | 41 -0.06188 -6.74302e-02 | 42 -0.65044  3.44124e-02
 43  0.35649  1.86414e-02 | 44 -0.34722 -1.68538e-02 | 45  1.00001 -7.06269e-03
 46 -1.00428  1.12787e-04 | 47  0.21409  2.21529e-04 | 48 -0.47937  9.37922e-03
 49 -0.05594  5.78293e-03 | 50 -0.07337 -1.03853e-01 | 51 -0.27032 -4.77603e-03
 52 -0.53291  3.76403e-02 |
52 variables; iteration 340; function evaluation 391; phase 3
Function value 2.8101818e+03; maximum gradient component mag -3.5797e-02
Var    Value     Gradient |Var    Value     Gradient |Var    Value     Gradient
  1  0.05065 -3.57971e-02 |  2 -0.00674  1.52487e-04 |  3  0.03420 -2.25949e-04
  4 -0.01844  1.53900e-04 |  5 -0.13881  5.24753e-04 |  6 -0.02353  2.28717e-04
  7 -0.11428  4.66696e-04 |  8 -0.07533  6.74560e-06 |  9  0.00137 -2.33464e-04
 10  0.10557 -1.75506e-03 | 11 -0.02569  2.65781e-04 | 12  0.01510  3.48128e-04
 13  0.02799  1.34297e-03 | 14  0.07209 -6.80114e-04 | 15  0.01686 -7.15281e-07
 16 -0.05498 -1.91641e-04 | 17 -0.00677 -4.61838e-04 | 18  0.07218 -2.09852e-04
 19  0.11283 -6.50733e-04 | 20 -0.04471  8.24635e-05 | 21 -0.02327 -2.93336e-05
 22 -0.01505 -4.45752e-04 | 23 -0.04127 -1.20622e-04 | 24  0.03743 -4.86713e-05
 25  0.05305  7.80056e-04 | 26  0.02985  1.17323e-03 | 27  0.05218 -8.67139e-04
 28  0.02532 -9.85604e-04 | 29  0.02969 -1.16485e-03 | 30  0.02106 -4.06993e-04
 31  0.05678 -7.33914e-04 | 32  0.08487 -1.03618e-03 | 33 -0.02240 -3.14040e-04
 34 -0.01782 -2.01870e-04 | 35  0.03060 -1.36234e-04 | 36 -0.25702  5.20805e-04
 37  0.24402 -1.52249e-03 | 38  0.22629 -2.79623e-03 | 39  0.24557 -5.66162e-04
 40  0.23728 -3.06201e-03 | 41 -0.08002 -2.58447e-02 | 42 -0.64469  1.70818e-02
 43  0.35649 -1.04512e-03 | 44 -0.34721  1.13602e-03 | 45  1.00001  4.44991e-04
 46 -1.00428  5.37730e-06 | 47  0.21409 -6.40825e-05 | 48 -0.47937 -4.26379e-04
 49 -0.04350 -3.12260e-03 | 50 -0.06090 -3.45390e-02 | 51 -0.27467  2.02973e-03
 52 -0.53887  1.49952e-02 |
52 variables; iteration 360; function evaluation 415; phase 3
Function value 2.8101818e+03; maximum gradient component mag -1.5211e-03
Var    Value     Gradient |Var    Value     Gradient |Var    Value     Gradient
  1  0.05065 -8.50478e-04 |  2 -0.00674  2.43392e-05 |  3  0.03420  2.51933e-05
  4 -0.01844  1.37025e-05 |  5 -0.13881  1.48957e-05 |  6 -0.02353  2.66684e-07
  7 -0.11428  2.36277e-05 |  8 -0.07533  2.96736e-05 |  9  0.00137  2.55490e-05
 10  0.10557  5.03228e-05 | 11 -0.02569  8.51773e-06 | 12  0.01510 -1.42857e-05
 13  0.02799 -4.77325e-05 | 14  0.07209  8.66954e-05 | 15  0.01686  1.91051e-05
 16 -0.05498  1.36602e-05 | 17 -0.00677 -5.89261e-05 | 18  0.07218 -1.43050e-05
 19  0.11283  3.50865e-05 | 20 -0.04471  1.75706e-05 | 21 -0.02327  1.87546e-05
 22 -0.01505  2.02923e-05 | 23 -0.04127 -5.46226e-06 | 24  0.03743 -2.97999e-05
 25  0.05305 -7.86482e-05 | 26  0.02985 -1.15586e-04 | 27  0.05218  3.42615e-05
 28  0.02532  6.29122e-05 | 29  0.02969  3.68016e-05 | 30  0.02106  1.79073e-05
 31  0.05678  3.12434e-05 | 32  0.08487  1.95236e-05 | 33 -0.02240  1.67270e-05
 34 -0.01782 -4.97256e-05 | 35  0.03060  5.83320e-05 | 36 -0.25702  1.94054e-05
 37  0.24402  3.92309e-05 | 38  0.22629  6.69745e-06 | 39  0.24557 -4.22150e-06
 40  0.23728 -2.31262e-05 | 41 -0.07569 -1.08857e-03 | 42 -0.64102  1.49295e-03
 43  0.35649  4.65759e-06 | 44 -0.34721  6.87976e-07 | 45  1.00001  2.09851e-05
 46 -1.00428 -1.73909e-06 | 47  0.21409 -2.15606e-06 | 48 -0.47937 -1.45026e-05
 49 -0.04647 -6.41095e-05 | 50 -0.06387 -1.52113e-03 | 51 -0.27750  3.90025e-05
 52 -0.54275  1.37568e-03 |
  ic > imax  in fminim is answer attained ?
Var    Value     Gradient |Var    Value     Gradient |Var    Value     Gradient
  1  0.05065  1.13880e-04 |  2 -0.00674 -1.72531e-06 |  3  0.03420  2.03794e-07
  4 -0.01844 -3.03172e-06 |  5 -0.13881 -5.47302e-06 |  6 -0.02353 -3.62819e-07
  7 -0.11428 -6.87130e-06 |  8 -0.07533 -4.43331e-06 |  9  0.00137 -4.16592e-06
 10  0.10557 -3.73504e-06 | 11 -0.02569 -6.02503e-06 | 12  0.01510 -4.93925e-06
 13  0.02799 -2.10407e-06 | 14  0.07209 -8.52582e-06 | 15  0.01686  4.52879e-06
 16 -0.05498 -2.86488e-06 | 17 -0.00677  9.21023e-06 | 18  0.07218  5.13908e-06
 19  0.11283  6.18656e-06 | 20 -0.04471 -4.61708e-06 | 21 -0.02327 -5.49151e-06
 22 -0.01505 -3.37257e-07 | 23 -0.04127 -2.67789e-06 | 24  0.03743 -9.89638e-07
 25  0.05305  5.15681e-06 | 26  0.02985  2.35280e-06 | 27  0.05218 -1.33012e-05
 28  0.02532 -1.85427e-05 | 29  0.02969 -1.08629e-05 | 30  0.02106 -1.24188e-05
 31  0.05678 -1.36550e-05 | 32  0.08487 -1.55987e-05 | 33 -0.02240 -1.09017e-05
 34 -0.01782  2.84884e-06 | 35  0.03060 -7.64317e-06 | 36 -0.25702 -4.66665e-06
 37  0.24402  5.06607e-05 | 38  0.22629  5.83790e-05 | 39  0.24557  9.86846e-06
 40  0.23728 -7.19955e-06 | 41 -0.07558  3.91084e-05 | 42 -0.64095 -2.83495e-05
 43  0.35649 -8.49065e-06 | 44 -0.34721  7.94928e-06 | 45  1.00001 -5.47902e-07
 46 -1.00428  3.22056e-07 | 47  0.21409  2.55750e-06 | 48 -0.47937  1.26664e-05
 49 -0.04654  1.26037e-05 | 50 -0.06395  4.43842e-05 | 51 -0.27755 -1.40780e-05
 52 -0.54282 -1.64487e-05 |
Function minimizer not making progress ... is minimum attained?
Minimprove criterion = 0.0000e+00
Warning: the following parameters had issues
  selparm[5] is within 0.1% of upper bound: -1.0000e+00 < 1.5000e+01 < 1.5000e+01
  selparm[6] is within 0.1% of lower bound: -1.0000e+00 < -9.9976e-01 < 2.0000e+01


 - final statistics:
52 variables; iteration 368; function evaluation 452
Function value 2.8102e+03; maximum gradient component mag 1.1388e-04
Exit code = 1;  converg criter 1.0000e-04
Var    Value     Gradient |Var    Value     Gradient |Var    Value     Gradient
  1  0.05065  1.13880e-04 |  2 -0.00674 -1.72531e-06 |  3  0.03420  2.03794e-07
  4 -0.01844 -3.03172e-06 |  5 -0.13881 -5.47302e-06 |  6 -0.02353 -3.62819e-07
  7 -0.11428 -6.87130e-06 |  8 -0.07533 -4.43331e-06 |  9  0.00137 -4.16592e-06
 10  0.10557 -3.73504e-06 | 11 -0.02569 -6.02503e-06 | 12  0.01510 -4.93925e-06
 13  0.02799 -2.10407e-06 | 14  0.07209 -8.52582e-06 | 15  0.01686  4.52879e-06
 16 -0.05498 -2.86488e-06 | 17 -0.00677  9.21023e-06 | 18  0.07218  5.13908e-06
 19  0.11283  6.18656e-06 | 20 -0.04471 -4.61708e-06 | 21 -0.02327 -5.49151e-06
 22 -0.01505 -3.37257e-07 | 23 -0.04127 -2.67789e-06 | 24  0.03743 -9.89638e-07
 25  0.05305  5.15681e-06 | 26  0.02985  2.35280e-06 | 27  0.05218 -1.33012e-05
 28  0.02532 -1.85427e-05 | 29  0.02969 -1.08629e-05 | 30  0.02106 -1.24188e-05
 31  0.05678 -1.36550e-05 | 32  0.08487 -1.55987e-05 | 33 -0.02240 -1.09017e-05
 34 -0.01782  2.84884e-06 | 35  0.03060 -7.64317e-06 | 36 -0.25702 -4.66665e-06
 37  0.24402  5.06607e-05 | 38  0.22629  5.83790e-05 | 39  0.24557  9.86846e-06
 40  0.23728 -7.19955e-06 | 41 -0.07558  3.91084e-05 | 42 -0.64095 -2.83495e-05
 43  0.35649 -8.49065e-06 | 44 -0.34721  7.94928e-06 | 45  1.00001 -5.47902e-07
 46 -1.00428  3.22056e-07 | 47  0.21409  2.55750e-06 | 48 -0.47937  1.26664e-05
 49 -0.04654  1.26037e-05 | 50 -0.06395  4.43842e-05 | 51 -0.27755 -1.40780e-05
 52 -0.54282 -1.64487e-05 |
Estimating row 1 out of 52 for hessian
Estimating row 2 out of 52 for hessian
Estimating row 3 out of 52 for hessian
Estimating row 4 out of 52 for hessian
Estimating row 5 out of 52 for hessian
Estimating row 6 out of 52 for hessian
Estimating row 7 out of 52 for hessian
Estimating row 8 out of 52 for hessian
Estimating row 9 out of 52 for hessian
Estimating row 10 out of 52 for hessian
Estimating row 11 out of 52 for hessian
Estimating row 12 out of 52 for hessian
Estimating row 13 out of 52 for hessian
Estimating row 14 out of 52 for hessian
Estimating row 15 out of 52 for hessian
Estimating row 16 out of 52 for hessian
Estimating row 17 out of 52 for hessian
Estimating row 18 out of 52 for hessian
Estimating row 19 out of 52 for hessian
Estimating row 20 out of 52 for hessian
Estimating row 21 out of 52 for hessian
Estimating row 22 out of 52 for hessian
Estimating row 23 out of 52 for hessian
Estimating row 24 out of 52 for hessian
Estimating row 25 out of 52 for hessian
Estimating row 26 out of 52 for hessian
Estimating row 27 out of 52 for hessian
Estimating row 28 out of 52 for hessian
Estimating row 29 out of 52 for hessian
Estimating row 30 out of 52 for hessian
Estimating row 31 out of 52 for hessian
Estimating row 32 out of 52 for hessian
Estimating row 33 out of 52 for hessian
Estimating row 34 out of 52 for hessian
Estimating row 35 out of 52 for hessian
Estimating row 36 out of 52 for hessian
Estimating row 37 out of 52 for hessian
Estimating row 38 out of 52 for hessian
Estimating row 39 out of 52 for hessian
Estimating row 40 out of 52 for hessian
Estimating row 41 out of 52 for hessian
Estimating row 42 out of 52 for hessian
Estimating row 43 out of 52 for hessian
Estimating row 44 out of 52 for hessian
Estimating row 45 out of 52 for hessian
Estimating row 46 out of 52 for hessian
Estimating row 47 out of 52 for hessian
Estimating row 48 out of 52 for hessian
Estimating row 49 out of 52 for hessian
Estimating row 50 out of 52 for hessian
Estimating row 51 out of 52 for hessian
Estimating row 52 out of 52 for hessian
size of file gradfil1.tmp = 0
size of file gradfil2.tmp = 0
size of file varssave.tmp = 0
size of file cmpdiff.tmp = 0
