
Initial statistics: 36 variables; iteration 0; function evaluation 0; phase 1
Function value 6.0243253e+03; maximum gradient component mag 2.4351e+04
Var    Value     Gradient |Var    Value     Gradient |Var    Value     Gradient
  1  0.26198  2.43513e+04 |  2  0.00000 -3.33877e+02 |  3  0.00000 -4.93868e+02
  4  0.00000 -3.93262e+02 |  5  0.00000 -2.34668e+02 |  6  0.00000 -4.65596e+02
  7  0.00000 -2.57231e+02 |  8  0.00000 -2.44724e+02 |  9  0.00000 -2.47690e+02
 10  0.00000 -4.98678e+02 | 11  0.00000  1.35919e+01 | 12  0.00000 -2.46476e+02
 13  0.00000 -6.95526e+01 | 14  0.00000 -1.50870e+02 | 15  0.00000 -1.15664e+02
 16  0.00000  1.76480e+02 | 17  0.00000  1.55613e+01 | 18  0.00000 -6.31023e+01
 19  0.00000 -1.45547e+02 | 20  0.00000  1.42156e+02 | 21  0.00000  1.40499e+02
 22  0.00000  3.75319e+01 | 23  0.00000  2.97362e+01 | 24  0.00000  1.37117e+02
 25  0.00000  3.80275e+02 | 26  0.00000  4.73205e+02 | 27  0.00000  4.25219e+02
 28  0.00000  4.95554e+02 | 29  0.00000  2.76896e+02 | 30  0.00000  3.07497e+02
 31  0.00000  3.53665e+02 | 32  0.00000  2.25405e+02 | 33  0.00000  3.91449e+02
 34  0.00000  2.16285e+02 | 35  0.00000 -1.53507e+02 | 36  0.00000 -1.23812e+02

Intermediate statistics: 36 variables; iteration 20; function evaluation 30; phase 1
Function value 3.4184034e+03; maximum gradient component mag 9.8618e+03
Var    Value     Gradient |Var    Value     Gradient |Var    Value     Gradient
  1  0.07357  9.86179e+03 |  2 -0.07134 -2.11748e+01 |  3 -0.10104 -1.57342e+02
  4 -0.22330 -2.85875e+02 |  5 -0.32375 -2.03857e+02 |  6 -0.22113 -2.06445e+02
  7 -0.32368 -1.62818e+02 |  8 -0.22164 -1.33695e+02 |  9 -0.07980 -6.92756e+01
 10  0.06965  2.10158e+01 | 11 -0.03092  4.58917e+01 | 12  0.02876 -4.82085e+01
 13 -0.03045 -1.52432e+02 | 14 -0.00574 -1.77882e+02 | 15  0.01846 -7.30065e+01
 16  0.07177  2.66411e+02 | 17  0.08007  4.08119e+01 | 18  0.12613  1.20982e+02
 19  0.08084 -1.33021e+02 | 20  0.09651  3.09189e+02 | 21  0.03561  5.01810e+01
 22  0.00350 -1.02531e+02 | 23  0.02157 -5.18776e+01 | 24  0.12203  3.27407e+02
 25  0.09466  2.57523e+02 | 26  0.08577  2.33268e+02 | 27  0.09150  2.05138e+02
 28  0.05680  7.23710e+01 | 29  0.10425  1.72643e+02 | 30  0.14865  4.43118e+02
 31  0.07936  4.69369e+01 | 32  0.10600  1.75593e+02 | 33  0.07162  2.17769e+02
 34  0.05656  1.23503e+02 | 35  0.10736  1.49708e+02 | 36 -0.12730 -8.15681e+01
36 variables; iteration 40; function evaluation 61; phase 1
Function value 2.9935781e+03; maximum gradient component mag 1.4912e+03
Var    Value     Gradient |Var    Value     Gradient |Var    Value     Gradient
  1  0.03350  1.49116e+03 |  2 -0.02160  1.39618e+02 |  3 -0.08589 -1.38592e+02
  4 -0.11941 -5.00612e+01 |  5 -0.21001 -3.41821e+01 |  6 -0.01334  1.99906e+02
  7 -0.13785 -1.48476e+01 |  8 -0.11629 -4.93488e+01 |  9  0.00373  7.04333e+01
 10  0.08901  1.58145e+01 | 11 -0.06753 -1.27657e+01 | 12  0.06444  4.65260e+01
 13 -0.02035 -1.15828e+02 | 14  0.04112 -6.57376e+00 | 15  0.02120 -4.70798e+00
 16  0.00613  1.12171e+02 | 17  0.04651  3.37622e+00 | 18  0.06839 -3.93087e+01
 19  0.07076 -6.21928e+01 | 20  0.02812  1.00312e+02 | 21 -0.00895  3.14906e+01
 22  0.00375  6.79999e+01 | 23  0.00207  2.13915e+01 | 24  0.07592  1.01222e+02
 25  0.06054  9.46989e+01 | 26  0.06346  1.02584e+02 | 27  0.07391  1.06767e+02
 28  0.04778  7.51739e+01 | 29  0.08299  9.71814e+01 | 30  0.09291  9.76437e+01
 31  0.05745 -1.05772e+01 | 32  0.05694 -4.27570e+01 | 33 -0.00279 -7.76329e+01
 34 -0.03023 -7.41330e+01 | 35  0.01179  7.21284e+00 | 36 -0.22181  1.37226e+01

 - final statistics:
36 variables; iteration 47; function evaluation 69
Function value 2.9574e+03; maximum gradient component mag -1.3926e+00
Exit code = 1;  converg criter 1.0000e+01
Var    Value     Gradient |Var    Value     Gradient |Var    Value     Gradient
  1  0.02866 -1.39264e+00 |  2 -0.04668  6.05441e-01 |  3 -0.01560 -1.36501e-01
  4 -0.08455  4.60896e-02 |  5 -0.16349 -2.12764e-01 |  6 -0.07741 -1.93218e-03
  7 -0.15173  2.14076e-01 |  8 -0.10068  1.76433e-01 |  9 -0.02207  3.32553e-01
 10  0.09397  1.17899e+00 | 11 -0.05537  6.44111e-01 | 12  0.05581  5.91928e-01
 13  0.03339  4.72977e-01 | 14  0.04558  3.51163e-01 | 15  0.02960  3.81674e-01
 16 -0.03133 -2.90179e-02 | 17  0.05092 -1.52587e-01 | 18  0.08186  1.05498e-01
 19  0.08522  1.89178e-01 | 20  0.00306 -2.54587e-01 | 21 -0.01777  7.61242e-02
 22 -0.01915 -6.67156e-02 | 23 -0.00624 -6.15475e-02 | 24  0.05952 -7.08707e-01
 25  0.04612 -8.99180e-01 | 26  0.04912 -7.96058e-01 | 27  0.05682  1.40636e-01
 28  0.03131 -2.65929e-01 | 29  0.06270 -1.21419e-01 | 30  0.07780 -1.50838e-01
 31  0.06534 -1.12772e-01 | 32  0.07123  4.96405e-02 | 33  0.01772 -3.10405e-01
 34 -0.00423  1.89139e-01 | 35  0.00814 -4.01851e-01 | 36 -0.23673  1.54134e-01

Initial statistics: 44 variables; iteration 0; function evaluation 0; phase 2
Function value 2.9574277e+03; maximum gradient component mag -2.1702e+03
Var    Value     Gradient |Var    Value     Gradient |Var    Value     Gradient
  1  0.02866 -1.39264e+00 |  2 -0.04668  5.70003e-01 |  3 -0.01560 -1.72024e-01
  4 -0.08455  1.08695e-02 |  5 -0.16349 -2.47131e-01 |  6 -0.07741 -3.72028e-02
  7 -0.15173  1.79547e-01 |  8 -0.10068  1.41343e-01 |  9 -0.02207  2.97041e-01
 10  0.09397  1.14385e+00 | 11 -0.05537  6.08712e-01 | 12  0.05581  5.56531e-01
 13  0.03339  4.37493e-01 | 14  0.04558  3.15721e-01 | 15  0.02960  3.46180e-01
 16 -0.03133 -6.45078e-02 | 17  0.05092 -1.88006e-01 | 18  0.08186  7.02582e-02
 19  0.08522  1.53963e-01 | 20  0.00306 -2.90119e-01 | 21 -0.01777  4.06051e-02
 22 -0.01915 -1.02233e-01 | 23 -0.00624 -9.70788e-02 | 24  0.05952 -7.44084e-01
 25  0.04612 -9.34619e-01 | 26  0.04912 -8.31485e-01 | 27  0.05682  1.05244e-01
 28  0.03130 -3.01419e-01 | 29  0.06270 -1.56780e-01 | 30  0.07780 -1.86106e-01
 31  0.06534 -1.48118e-01 | 32  0.07123  1.43298e-02 | 33  0.01772 -3.45924e-01
 34 -0.00424  1.53607e-01 | 35  0.00814 -4.37381e-01 | 36 -0.23673  1.21030e-01
 37  0.21935 -1.66061e+03 | 38  0.21935 -2.17020e+03 | 39  0.21935  9.28275e+02
 40  0.43912  2.05478e+02 | 41  0.03033 -1.92835e+02 | 42  0.07979  1.31764e+02
 43  0.24471  8.24339e+01 | 44  0.33333  1.43520e+02 |

Intermediate statistics: 44 variables; iteration 20; function evaluation 32; phase 2
Function value 2.8188523e+03; maximum gradient component mag -1.6185e+04
Var    Value     Gradient |Var    Value     Gradient |Var    Value     Gradient
  1 -0.00582 -1.61847e+04 |  2 -0.01292  1.14090e+02 |  3  0.05363  5.61907e+01
  4 -0.04620  1.51631e+02 |  5 -0.15639  1.64622e+02 |  6 -0.03691  1.81314e+02
  7 -0.16664  1.59413e+02 |  8 -0.10401  1.33577e+02 |  9 -0.00906  5.32243e+01
 10  0.13913 -2.04738e+02 | 11 -0.05011  8.67353e+01 | 12  0.02147 -1.19094e+02
 13  0.03992 -1.72397e+02 | 14  0.06118 -2.33061e+02 | 15 -0.01078 -1.71083e+02
 16 -0.03153 -4.08890e+01 | 17  0.02537 -1.81574e+02 | 18  0.03097 -1.31669e+02
 19  0.04333 -1.49181e+02 | 20 -0.02921  2.36823e+01 | 21 -0.06568  5.54674e+00
 22 -0.03869 -2.27464e+01 | 23  0.00829 -3.13480e+01 | 24  0.06954 -7.10163e+01
 25  0.02487 -1.00958e+02 | 26  0.05677 -1.62695e+02 | 27  0.05557 -1.18411e+02
 28  0.02212 -2.06981e+01 | 29  0.02455 -2.70495e+01 | 30  0.05276 -6.85104e+01
 31  0.05758 -3.79980e+01 | 32  0.08804 -9.20921e+01 | 33  0.03556  2.66377e+01
 34  0.02105  3.54512e+01 | 35  0.02854  1.13470e+02 | 36 -0.22718  1.94344e+02
 37  0.25607 -1.07934e+03 | 38  0.24610 -3.19245e+03 | 39  0.23044 -9.39382e+02
 40  0.45872 -2.45819e+02 | 41 -0.18013  1.67955e+03 | 42 -0.38569 -1.62085e+02
 43 -0.12038 -1.17339e+02 | 44 -0.09157 -1.57542e+02 |
44 variables; iteration 40; function evaluation 60; phase 2
Function value 2.6934979e+03; maximum gradient component mag -1.8072e+04
Var    Value     Gradient |Var    Value     Gradient |Var    Value     Gradient
  1 -0.00863 -1.80718e+04 |  2  0.07939  2.05747e+02 |  3  0.05134 -5.07471e+01
  4 -0.01424  1.83329e+01 |  5 -0.18411  7.10596e+01 |  6 -0.10166 -1.40769e+02
  7 -0.28716  1.32143e+02 |  8 -0.15020  1.29370e+02 |  9  0.00752  1.07548e+02
 10  0.15241 -9.33073e+00 | 11  0.02750  3.22219e+02 | 12  0.05306  1.64085e+02
 13 -0.00782  6.53850e+01 | 14  0.06976 -2.60383e+01 | 15  0.00740 -8.34445e+01
 16  0.00484  4.63773e+01 | 17 -0.00701 -1.09448e+02 | 18  0.04899 -2.32985e+02
 19  0.02263 -2.48695e+02 | 20 -0.03789  2.09273e+01 | 21 -0.05758  1.07978e+02
 22 -0.04575  7.12798e+01 | 23  0.03586 -1.42687e+01 | 24  0.03740 -2.22677e+02
 25  0.02592 -9.94211e+01 | 26  0.03932 -2.98176e+02 | 27  0.06106 -3.97700e+02
 28 -0.00202 -2.15304e+02 | 29  0.00782 -1.90827e+02 | 30  0.01603 -2.18397e+02
 31  0.08138  8.63381e+01 | 32  0.08007 -6.46150e+00 | 33  0.02098  1.60604e+02
 34  0.05187  3.96510e+02 | 35  0.05917  3.62971e+02 | 36 -0.15326  2.74731e+02
 37  0.26255 -1.20144e+03 | 38  0.25601 -2.21019e+03 | 39  0.23403 -1.18973e+03
 40  0.58107 -8.03560e+02 | 41 -0.38467  1.85529e+03 | 42 -0.75080 -1.83061e+02
 43 -0.38282 -3.12730e+02 | 44 -0.36347 -8.85219e+02 |
44 variables; iteration 60; function evaluation 85; phase 2
Function value 2.4595370e+03; maximum gradient component mag -1.0877e+03
Var    Value     Gradient |Var    Value     Gradient |Var    Value     Gradient
  1  0.00705 -1.08772e+03 |  2 -0.01517 -8.71891e+00 |  3  0.03761 -3.36106e+01
  4 -0.07230 -4.31935e+01 |  5 -0.17295 -1.13834e+01 |  6 -0.07895 -6.09585e+01
  7 -0.18084  1.15015e+01 |  8 -0.10106  8.82159e+00 |  9 -0.00747 -3.75624e-01
 10  0.14503  2.62234e+01 | 11 -0.04594  1.27347e+01 | 12  0.07257  3.31130e+01
 13  0.04932  1.27501e+01 | 14  0.06655 -4.01231e+00 | 15  0.02253 -4.30871e+01
 16 -0.06404 -2.49432e+01 | 17  0.03129 -1.70474e+01 | 18  0.08226  1.35217e+01
 19  0.07865  8.31576e+00 | 20 -0.02206  4.93941e-01 | 21 -0.05759  2.32378e+01
 22 -0.04979  3.27912e+00 | 23 -0.01853 -2.51849e+01 | 24  0.07481  4.21242e+01
 25  0.05446  5.63558e+01 | 26  0.05978  4.78791e+01 | 27  0.05543  2.92589e+01
 28  0.01751  9.14636e+00 | 29  0.04146  1.15923e+01 | 30  0.06247 -2.20451e+01
 31  0.06716  1.21560e+01 | 32  0.07973 -2.06379e+01 | 33  0.00889 -3.01530e+01
 34 -0.02405 -4.64567e+01 | 35  0.01114 -3.73634e+01 | 36 -0.21603  1.90991e+01
 37  0.24874  1.06375e+01 | 38  0.24513  5.31072e+01 | 39  0.23058  1.46819e+01
 40  0.98900  2.06824e+00 | 41 -0.46305 -5.89931e+01 | 42 -1.00754 -1.27052e+00
 43 -0.66991  3.04788e+00 | 44 -0.56374  1.77117e+01 |
Maximum number of function evaluations exceeded

 - final statistics:
44 variables; iteration 76; function evaluation 100
Function value 2.4524e+03; maximum gradient component mag 2.0784e+01
Exit code = 3;  converg criter 1.0000e+01
Var    Value     Gradient |Var    Value     Gradient |Var    Value     Gradient
  1  0.01507 -9.54633e+00 |  2 -0.01350 -2.80856e+00 |  3  0.04208 -3.53042e+00
  4 -0.04556 -5.55533e+00 |  5 -0.14268 -2.30655e+00 |  6 -0.04724 -5.39634e+00
  7 -0.14375 -3.31579e+00 |  8 -0.09267 -6.45034e+00 |  9 -0.01520 -1.57017e+01
 10  0.12803 -1.07353e+01 | 11 -0.05593 -2.83275e+00 | 12  0.05699 -3.01685e+00
 13  0.04084  2.23423e+00 | 14  0.06156  5.83208e+00 | 15  0.03374  2.07839e+01
 16 -0.04540  1.20166e+01 | 17  0.03709  5.67123e+00 | 18  0.07593  3.96147e+00
 19  0.07408 -9.02043e-01 | 20 -0.02237  2.08576e+00 | 21 -0.06583 -9.54261e-01
 22 -0.05404 -2.33406e+00 | 23 -0.01395  4.11522e+00 | 24  0.06286  1.18839e+01
 25  0.04012  4.75886e-02 | 26  0.04638 -4.94724e+00 | 27  0.04606 -5.79639e+00
 28  0.01275 -5.63391e+00 | 29  0.03782 -6.05373e-01 | 30  0.06511 -4.71264e-01
 31  0.05823 -1.17679e+00 | 32  0.07014 -5.96120e+00 | 33  0.00219 -1.68046e-01
 34 -0.02603 -1.49126e+00 | 35  0.00927  5.91324e+00 | 36 -0.22330 -1.67727e+00
 37  0.24409  5.37961e+00 | 38  0.24090  6.68351e+00 | 39  0.22651 -1.66307e+00
 40  1.00958 -2.56529e+00 | 41 -0.45980  8.35325e+00 | 42 -1.00102 -2.07283e-01
 43 -0.68348 -4.55780e+00 | 44 -0.57201 -1.69928e+00 |

Initial statistics: 50 variables; iteration 0; function evaluation 0; phase 3
Function value 2.4524289e+03; maximum gradient component mag 1.5444e+02
Var    Value     Gradient |Var    Value     Gradient |Var    Value     Gradient
  1  0.01507 -9.54633e+00 |  2 -0.01348 -2.24476e+00 |  3  0.04210 -2.96773e+00
  4 -0.04554 -4.99286e+00 |  5 -0.14266 -1.75675e+00 |  6 -0.04722 -4.83399e+00
  7 -0.14374 -2.76620e+00 |  8 -0.09266 -5.89241e+00 |  9 -0.01518 -1.51379e+01
 10  0.12804 -1.01827e+01 | 11 -0.05591 -2.27101e+00 | 12  0.05701 -2.45518e+00
 13  0.04085  2.79699e+00 | 14  0.06157  6.39335e+00 | 15  0.03376  2.13470e+01
 16 -0.04539  1.25791e+01 | 17  0.03710  6.23419e+00 | 18  0.07595  4.52137e+00
 19  0.07410 -3.41936e-01 | 20 -0.02235  2.64934e+00 | 21 -0.06581 -3.93355e-01
 22 -0.05403 -1.77217e+00 | 23 -0.01393  4.67901e+00 | 24  0.06288  1.24450e+01
 25  0.04014  6.10387e-01 | 26  0.04640 -4.38481e+00 | 27  0.04607 -5.23394e+00
 28  0.01276 -5.07010e+00 | 29  0.03784 -4.24483e-02 | 30  0.06512  8.97086e-02
 31  0.05825 -6.15232e-01 | 32  0.07016 -5.40069e+00 | 33  0.00220  3.95869e-01
 34 -0.02602 -9.27811e-01 | 35  0.00928  6.47710e+00 | 36 -0.22328 -1.14769e+00
 37  0.24409  5.37961e+00 | 38  0.24090  6.68351e+00 | 39  0.22651 -1.66307e+00
 40  0.99042  2.56529e+00 | 41 -0.45980  8.35325e+00 | 42  0.24471 -1.44127e+02
 43  0.15305  1.54441e+02 | 44  0.29320 -8.37928e+01 | 45  0.19688  8.75377e+01
 46  0.00000 -1.21883e+02 | 47  0.08327  4.50201e+01 | 48 -0.99898  2.07283e-01
 49 -0.68348 -4.55780e+00 | 50 -0.57201 -1.69928e+00 |

Intermediate statistics: 50 variables; iteration 20; function evaluation 32; phase 3
Function value 2.2327549e+03; maximum gradient component mag -6.7482e+03
Var    Value     Gradient |Var    Value     Gradient |Var    Value     Gradient
  1  0.00550 -6.74817e+03 |  2 -0.01915  2.71985e+01 |  3  0.03723 -3.96952e+01
  4 -0.01757  8.42163e+01 |  5 -0.09672  1.17539e+02 |  6 -0.00581  8.00975e+01
  7 -0.07613  1.33668e+02 |  8 -0.05100  9.72251e+01 |  9 -0.01236  6.38670e+01
 10  0.13929  1.40591e+02 | 11 -0.04030  5.33850e+01 | 12  0.01978 -2.70974e+01
 13  0.04344 -8.12731e+01 | 14  0.05351 -2.46954e+02 | 15 -0.05555 -3.38966e+02
 16  0.00067 -1.73579e+02 | 17 -0.09112 -3.21829e+02 | 18  0.06098 -2.21447e+02
 19  0.02707 -1.34896e+02 | 20 -0.06613 -3.90932e+01 | 21 -0.07623  1.40688e+02
 22  0.00472  1.77912e+02 | 23 -0.00175  2.16958e+00 | 24 -0.07109 -2.17359e+02
 25  0.05230 -4.61577e+01 | 26  0.01948 -1.30321e+02 | 27  0.02160 -1.91402e+02
 28 -0.00865 -3.00568e+00 | 29  0.01857  8.35010e+01 | 30  0.00758  4.40578e+01
 31  0.03874  1.43352e+02 | 32  0.07392  1.91875e+02 | 33 -0.02031 -1.05142e+02
 34 -0.09577 -1.89646e+02 | 35  0.14935  4.37407e+02 | 36  0.02738  8.58517e+01
 37  0.27244 -3.78924e+03 | 38  0.24911 -3.67176e+03 | 39  0.30821  2.52362e+03
 40  0.81460  1.79586e+02 | 41 -0.49693 -1.26708e+03 | 42  0.98949  6.57760e+00
 43 -0.20588  1.88651e+02 | 44  0.38051  2.79791e+02 | 45 -0.31945  3.28205e+02
 46  0.85109 -7.82148e+01 | 47 -0.11492  3.76408e+02 | 48 -1.00106 -2.77928e-01
 49 -0.63577 -7.00557e+01 | 50 -0.49927  5.37067e+02 |
50 variables; iteration 40; function evaluation 56; phase 3
Function value 2.1044269e+03; maximum gradient component mag -5.2240e+03
Var    Value     Gradient |Var    Value     Gradient |Var    Value     Gradient
  1  0.00884 -5.22396e+03 |  2  0.00012  6.93462e+01 |  3  0.01466 -4.42973e+01
  4 -0.02236  9.20201e+01 |  5 -0.08680  1.44887e+02 |  6 -0.02265  7.98907e+01
  7 -0.09884  1.12804e+02 |  8 -0.08342  6.21640e+01 |  9 -0.05692 -5.38889e+00
 10  0.10799 -7.25685e+01 | 11 -0.02036  7.93683e+01 | 12 -0.00027 -1.30093e+02
 13  0.01828 -2.16619e+02 | 14  0.03082 -2.60785e+02 | 15  0.03515  4.50749e+01
 16 -0.03419  2.59842e+01 | 17 -0.05581 -1.56311e+02 | 18  0.05324 -1.87248e+01
 19  0.03618  3.57457e+00 | 20 -0.06695  1.23429e+01 | 21 -0.10988  6.58891e+01
 22 -0.01917  9.32403e+01 | 23 -0.01668 -6.52202e+01 | 24 -0.02175 -1.42928e+02
 25  0.02811 -2.91436e+01 | 26  0.03511 -1.91130e+01 | 27  0.01496 -6.33944e+01
 28  0.02597  2.85707e+02 | 29  0.01507  8.79848e+01 | 30  0.03018  8.46450e+01
 31  0.03635  1.58448e+01 | 32  0.06232 -5.22884e+01 | 33 -0.03667 -1.79460e+02
 34 -0.07165 -1.53593e+02 | 35  0.15861  3.49411e+02 | 36  0.12917  1.15799e+02
 37  0.28026 -1.58696e+03 | 38  0.24586 -2.98368e+03 | 39  0.27342 -3.19989e+02
 40  0.94613  1.02337e+01 | 41 -0.49460 -7.31528e+02 | 42  1.16906 -6.84330e+01
 43 -0.26199  1.21519e+02 | 44  0.32283 -1.76689e+02 | 45 -0.36844  3.72042e+02
 46  0.71287  3.62160e+01 | 47 -0.15682  9.29647e+01 | 48 -0.93291  4.92200e+01
 49 -0.70347 -1.47602e+02 | 50 -0.55758  2.30185e+01 |
50 variables; iteration 60; function evaluation 87; phase 3
Function value 1.8729845e+03; maximum gradient component mag 8.6230e+02
Var    Value     Gradient |Var    Value     Gradient |Var    Value     Gradient
  1 -0.00685  8.62304e+02 |  2  0.03818  4.54047e+01 |  3  0.08640  5.87125e+01
  4 -0.07935 -1.32934e+02 |  5 -0.15761 -5.47568e+01 |  6 -0.03851 -4.84631e+01
  7 -0.14875 -2.34463e+01 |  8 -0.07542 -1.08980e+01 |  9 -0.01113 -4.44101e+01
 10  0.13984  1.11603e+02 | 11 -0.09623 -1.31638e+02 | 12 -0.00272 -5.07535e+01
 13  0.06015  1.73600e+01 | 14  0.07198  3.99488e+01 | 15  0.02334  8.90243e+00
 16 -0.04068 -4.46664e+01 | 17  0.00867 -5.12660e+01 | 18  0.01546 -1.88766e+02
 19  0.03679 -1.16623e+02 | 20 -0.09210 -1.53890e+02 | 21 -0.09014  1.13217e+02
 22 -0.00741  1.53999e+02 | 23  0.03479  2.14020e+02 | 24  0.00090  1.81725e+02
 25  0.04187  4.73026e+01 | 26  0.03663 -4.32813e+01 | 27  0.04860 -5.25376e+01
 28 -0.01068 -1.66686e+02 | 29  0.02357  1.87505e+01 | 30 -0.02486 -1.42559e+02
 31  0.04062  5.69595e+01 | 32  0.07102  6.33046e+01 | 33  0.04108  7.37626e+01
 34 -0.01934 -1.23785e+02 | 35  0.07072  2.24423e+01 | 36 -0.00957 -5.58331e+01
 37  0.30891  2.60006e+02 | 38  0.28177 -5.37295e+00 | 39  0.25722  3.21365e+01
 40  1.13549 -4.48324e+00 | 41 -0.44457  4.16896e+02 | 42  1.40636 -3.93982e+01
 43 -0.39523  8.51117e-01 | 44  0.42250  4.27203e+02 | 45 -0.35568 -1.82326e+02
 46  0.20049  4.95955e+01 | 47 -0.45190  1.19311e+02 | 48 -0.81224  2.32489e+01
 49 -0.58845 -1.78524e+02 | 50 -0.48632  1.78452e+02 |
50 variables; iteration 80; function evaluation 109; phase 3
Function value 1.8174596e+03; maximum gradient component mag -3.7491e+01
Var    Value     Gradient |Var    Value     Gradient |Var    Value     Gradient
  1 -0.00117 -3.74914e+01 |  2  0.01603  7.59595e-01 |  3  0.08387  1.05257e+00
  4 -0.01021 -5.48315e-01 |  5 -0.11055  2.68393e-01 |  6 -0.01396  6.45841e-01
  7 -0.11542  1.58526e+00 |  8 -0.06819  7.33681e-01 |  9 -0.00025  1.81461e+00
 10  0.11370  6.91203e+00 | 11 -0.03311  3.58451e+00 | 12  0.00213  6.31110e+00
 13  0.03751  9.83732e+00 | 14  0.05669  1.04231e+01 | 15  0.00974  1.20917e+01
 16 -0.04402  1.60944e+01 | 17 -0.00609  1.36537e+01 | 18  0.02557  3.27729e+00
 19  0.02351  1.53787e+00 | 20 -0.07002 -1.70233e-01 | 21 -0.13686 -1.19217e+00
 22 -0.04193 -5.74271e+00 | 23  0.02428 -5.07090e+00 | 24 -0.01867  2.90174e+00
 25  0.02444  2.59926e-01 | 26  0.03398 -8.62992e+00 | 27  0.03222 -3.54072e+01
 28 -0.00689 -3.24868e+01 | 29  0.00309 -5.72355e+00 | 30 -0.00616  9.62938e-01
 31  0.02265 -7.98184e-01 | 32  0.05767 -1.16302e+00 | 33  0.01036 -2.31366e+00
 34 -0.00367 -2.16185e+00 | 35  0.04561 -5.44159e-01 | 36  0.06140  8.89482e-01
 37  0.29902 -2.29687e+01 | 38  0.27583  3.46740e+01 | 39  0.25814  2.65653e+01
 40  1.18775 -7.50080e+00 | 41 -0.46947  3.71782e+00 | 42  1.49384 -4.50075e+00
 43 -0.42346 -6.16223e+00 | 44  0.36027  3.85229e+00 | 45 -0.38938 -1.03647e+01
 46  0.19472  3.11895e+00 | 47 -0.46377  2.14839e+00 | 48 -1.02742 -1.42194e+00
 49 -0.57735  2.77132e+00 | 50 -0.50358 -1.21211e+00 |
50 variables; iteration 100; function evaluation 129; phase 3
Function value 1.8173046e+03; maximum gradient component mag 4.9304e+00
Var    Value     Gradient |Var    Value     Gradient |Var    Value     Gradient
  1 -0.00081  4.93041e+00 |  2  0.01753 -1.04252e-02 |  3  0.08648  1.10743e-01
  4 -0.00679 -3.59538e-02 |  5 -0.10752 -6.97195e-02 |  6 -0.01129 -1.01775e-02
  7 -0.11335 -5.67592e-02 |  8 -0.06645 -5.10032e-02 |  9  0.00058  6.16037e-02
 10  0.11356  2.14062e-01 | 11 -0.03301  4.01460e-02 | 12  0.00138  2.45174e-02
 13  0.03603  3.42226e-02 | 14  0.05644  1.47492e-01 | 15  0.00914 -9.72981e-04
 16 -0.04644 -4.67530e-02 | 17 -0.00762 -4.57368e-02 | 18  0.02513 -1.73281e-01
 19  0.02286 -1.81287e-01 | 20 -0.07061 -1.15372e-01 | 21 -0.13745 -9.24570e-02
 22 -0.04175 -1.56076e-02 | 23  0.02377 -5.78845e-02 | 24 -0.02003  8.81891e-02
 25  0.02360  1.41099e-01 | 26  0.03328  2.64561e-02 | 27  0.03177 -2.71368e-02
 28 -0.00736  7.12742e-03 | 29  0.00287 -1.35934e-01 | 30 -0.00701 -1.11245e-01
 31  0.02215 -6.49836e-02 | 32  0.05700  7.35387e-02 | 33  0.00983  1.36183e-01
 34 -0.00438  1.07641e-01 | 35  0.04511  3.43016e-03 | 36  0.06125 -4.96008e-02
 37  0.29914 -3.51063e-02 | 38  0.27567  1.08083e+00 | 39  0.25789  1.14417e+00
 40  1.23211  3.83124e-02 | 41 -0.47092  6.98132e-01 | 42  1.49387  7.41587e-02
 43 -0.42303  3.77102e-02 | 44  0.36024 -1.82606e-01 | 45 -0.38894  5.83220e-02
 46  0.19446 -1.19875e-01 | 47 -0.46404  1.61749e-01 | 48 -0.92459  1.47861e-01
 49 -0.56337 -2.33557e-01 | 50 -0.49086 -9.36388e-01 |
50 variables; iteration 120; function evaluation 151; phase 3
Function value 1.8173017e+03; maximum gradient component mag -3.2965e+00
Var    Value     Gradient |Var    Value     Gradient |Var    Value     Gradient
  1 -0.00080 -3.29654e+00 |  2  0.01754  5.29451e-02 |  3  0.08648  5.23047e-02
  4 -0.00678  4.27596e-02 |  5 -0.10749  5.62296e-02 |  6 -0.01127  5.54989e-02
  7 -0.11333  6.12494e-02 |  8 -0.06645  1.79864e-02 |  9  0.00057  4.13559e-02
 10  0.11357  6.09128e-02 | 11 -0.03300  3.64716e-02 | 12  0.00138 -2.16916e-02
 13  0.03602 -4.26947e-02 | 14  0.05643 -1.80841e-02 | 15  0.00913  2.68885e-02
 16 -0.04641  1.15519e-01 | 17 -0.00764 -2.84835e-02 | 18  0.02513 -1.47929e-01
 19  0.02287 -1.13483e-01 | 20 -0.07061 -2.68438e-02 | 21 -0.13745 -5.35679e-04
 22 -0.04177  2.58217e-02 | 23  0.02377 -1.19631e-03 | 24 -0.02005 -1.16817e-02
 25  0.02359  2.69212e-02 | 26  0.03327 -1.73294e-01 | 27  0.03176 -3.13210e-01
 28 -0.00736 -1.04897e-01 | 29  0.00288 -4.39516e-02 | 30 -0.00701 -9.75148e-02
 31  0.02215 -2.70281e-02 | 32  0.05700  5.78859e-02 | 33  0.00982  1.30156e-01
 34 -0.00439  1.59632e-01 | 35  0.04511  4.24694e-02 | 36  0.06126  6.40994e-02
 37  0.29914 -5.18083e-01 | 38  0.27567 -6.71702e-01 | 39  0.25787 -6.18455e-01
 40  1.32052  6.61659e-01 | 41 -0.47094  1.56508e+00 | 42  1.49382 -1.32082e-02
 43 -0.42300  1.10177e-01 | 44  0.36024 -5.31992e-02 | 45 -0.38894  8.74850e-02
 46  0.19446  1.60220e-02 | 47 -0.46405 -2.24306e-03 | 48 -0.80418  1.25003e-01
 49 -0.52451 -4.95682e-01 | 50 -0.45617 -1.30944e+00 |
50 variables; iteration 140; function evaluation 176; phase 3
Function value 1.8173001e+03; maximum gradient component mag -2.8865e+00
Var    Value     Gradient |Var    Value     Gradient |Var    Value     Gradient
  1 -0.00080 -2.88645e+00 |  2  0.01756  4.77996e-02 |  3  0.08651  5.83425e-02
  4 -0.00675  4.33041e-02 |  5 -0.10747  4.14609e-02 |  6 -0.01125  4.59692e-02
  7 -0.11332  4.16951e-02 |  8 -0.06642  3.26873e-02 |  9  0.00057  3.00988e-02
 10  0.11357  8.39970e-03 | 11 -0.03300  2.43334e-02 | 12  0.00137 -2.81302e-02
 13  0.03601 -7.07027e-02 | 14  0.05642 -9.52635e-02 | 15  0.00912 -3.77875e-02
 16 -0.04642  5.52407e-02 | 17 -0.00764 -2.58887e-03 | 18  0.02512 -7.83371e-02
 19  0.02286 -8.99092e-02 | 20 -0.07062 -2.90557e-02 | 21 -0.13746 -1.36039e-03
 22 -0.04178  1.02789e-03 | 23  0.02377  9.17053e-03 | 24 -0.02006  4.79828e-04
 25  0.02357  2.44186e-02 | 26  0.03327 -5.52402e-02 | 27  0.03176 -1.05620e-01
 28 -0.00738 -2.00501e-02 | 29  0.00287 -1.11359e-02 | 30 -0.00701 -3.51653e-02
 31  0.02215 -1.63934e-03 | 32  0.05699  2.48121e-03 | 33  0.00980  2.74112e-02
 34 -0.00440  7.79193e-02 | 35  0.04511  7.06977e-02 | 36  0.06127  5.22026e-02
 37  0.29914 -3.87587e-01 | 38  0.27567 -6.27110e-01 | 39  0.25787 -4.97996e-01
 40  1.41978  6.02731e-01 | 41 -0.47096  9.29756e-01 | 42  1.49382 -3.11919e-02
 43 -0.42301  2.30829e-02 | 44  0.36024  5.93479e-03 | 45 -0.38895  2.94938e-03
 46  0.19446 -3.00723e-02 | 47 -0.46405  4.56317e-03 | 48 -0.70472  5.15999e-02
 49 -0.47169 -2.96932e-01 | 50 -0.40805 -9.41314e-01 |
50 variables; iteration 160; function evaluation 199; phase 3
Function value 1.8172988e+03; maximum gradient component mag -3.2038e+00
Var    Value     Gradient |Var    Value     Gradient |Var    Value     Gradient
  1 -0.00081 -3.20384e+00 |  2  0.01753  1.34048e-02 |  3  0.08648  1.08620e-02
  4 -0.00678  2.88143e-02 |  5 -0.10750  4.75593e-02 |  6 -0.01128  2.11724e-02
  7 -0.11334  5.37815e-02 |  8 -0.06644  2.19143e-02 |  9  0.00056 -5.09659e-03
 10  0.11356 -8.81847e-02 | 11 -0.03301 -3.55798e-03 | 12  0.00138  4.73855e-02
 13  0.03603  5.96496e-02 | 14  0.05643  1.30774e-02 | 15  0.00915  2.01505e-02
 16 -0.04645 -8.48640e-02 | 17 -0.00762 -1.83040e-02 | 18  0.02512 -9.98598e-02
 19  0.02286 -1.13598e-01 | 20 -0.07062 -5.42452e-02 | 21 -0.13745 -1.40786e-02
 22 -0.04178 -1.38362e-02 | 23  0.02379  3.06512e-02 | 24 -0.02005  2.19797e-02
 25  0.02359  4.98708e-02 | 26  0.03328 -5.83169e-02 | 27  0.03177 -1.49025e-01
 28 -0.00736 -5.82853e-02 | 29  0.00287 -2.61457e-02 | 30 -0.00701 -4.31387e-02
 31  0.02215 -2.12323e-02 | 32  0.05700  3.21358e-02 | 33  0.00982  8.74344e-02
 34 -0.00438  1.21223e-01 | 35  0.04511  6.40000e-02 | 36  0.06128  6.52004e-02
 37  0.29914 -3.07820e-01 | 38  0.27567  4.11899e-01 | 39  0.25788  4.00140e-01
 40  1.54290  6.08437e-01 | 41 -0.47093  1.29425e+00 | 42  1.49384  1.63332e-03
 43 -0.42302  2.57149e-02 | 44  0.36025 -1.39526e-01 | 45 -0.38894  1.37025e-01
 46  0.19446 -8.53089e-02 | 47 -0.46405  1.05932e-01 | 48 -0.59375  6.34591e-02
 49 -0.39692 -3.12511e-01 | 50 -0.33839 -7.87933e-01 |
50 variables; iteration 180; function evaluation 223; phase 3
Function value 1.8172978e+03; maximum gradient component mag 1.5452e+00
Var    Value     Gradient |Var    Value     Gradient |Var    Value     Gradient
  1 -0.00080  1.54523e+00 |  2  0.01755 -1.95695e-02 |  3  0.08649 -2.08625e-02
  4 -0.00676 -2.87427e-02 |  5 -0.10748 -1.96038e-02 |  6 -0.01126 -1.66432e-02
  7 -0.11332 -1.41671e-02 |  8 -0.06644 -4.42986e-02 |  9  0.00059  1.36313e-02
 10  0.11357  1.96473e-02 | 11 -0.03300 -1.34987e-02 | 12  0.00138 -1.22343e-02
 13  0.03601 -6.17697e-03 | 14  0.05643  5.02378e-03 | 15  0.00913 -1.40923e-02
 16 -0.04643 -8.18376e-03 | 17 -0.00764 -3.67748e-02 | 18  0.02513  3.78856e-02
 19  0.02286  5.59508e-02 | 20 -0.07062  1.58726e-02 | 21 -0.13745  5.16044e-03
 22 -0.04178  6.22907e-03 | 23  0.02377 -6.74486e-04 | 24 -0.02005  1.99611e-02
 25  0.02357 -2.35894e-02 | 26  0.03328  6.93786e-02 | 27  0.03176  5.19473e-02
 28 -0.00737  4.81813e-02 | 29  0.00287 -6.35398e-03 | 30 -0.00701  8.81261e-03
 31  0.02215 -6.95697e-03 | 32  0.05699 -7.84567e-04 | 33  0.00981 -7.20878e-03
 34 -0.00440 -3.31154e-02 | 35  0.04511 -2.83127e-02 | 36  0.06128 -2.15996e-02
 37  0.29914  1.51666e-01 | 38  0.27567  1.03607e-01 | 39  0.25787  1.79362e-02
 40  1.67874 -3.02648e-01 | 41 -0.47095 -1.80900e-01 | 42  1.49383 -2.10243e-03
 43 -0.42302 -1.90582e-02 | 44  0.36024  2.93574e-02 | 45 -0.38895 -6.38100e-02
 46  0.19446  2.98564e-02 | 47 -0.46405 -1.53987e-02 | 48 -0.47896  1.59160e-01
 49 -0.30715 -6.61474e-02 | 50 -0.25293  3.22161e-01 |
50 variables; iteration 200; function evaluation 249; phase 3
Function value 1.8172970e+03; maximum gradient component mag -8.4073e-01
Var    Value     Gradient |Var    Value     Gradient |Var    Value     Gradient
  1 -0.00080 -6.41743e-01 |  2  0.01756  2.69734e-02 |  3  0.08651  5.07310e-02
  4 -0.00675  2.08079e-02 |  5 -0.10747  1.27514e-02 |  6 -0.01124  2.75661e-02
  7 -0.11331  1.22494e-02 |  8 -0.06642  1.71380e-02 |  9  0.00058  4.24368e-02
 10  0.11357  9.54715e-02 | 11 -0.03300  3.97692e-02 | 12  0.00137  3.84092e-03
 13  0.03601 -1.36668e-03 | 14  0.05642  9.15714e-03 | 15  0.00913  3.94928e-03
 16 -0.04644 -4.80724e-03 | 17 -0.00763  4.80197e-03 | 18  0.02512 -1.87522e-02
 19  0.02286 -3.58040e-03 | 20 -0.07062  4.76048e-03 | 21 -0.13746  7.35355e-03
 22 -0.04178  1.93337e-02 | 23  0.02377  2.85843e-02 | 24 -0.02006  6.76481e-03
 25  0.02357  1.84764e-02 | 26  0.03327 -5.19554e-02 | 27  0.03176 -1.41276e-01
 28 -0.00738 -5.76724e-02 | 29  0.00286 -5.30995e-02 | 30 -0.00702 -5.85067e-02
 31  0.02214 -4.76955e-02 | 32  0.05699 -5.96425e-02 | 33  0.00980 -2.86938e-02
 34 -0.00440  9.25581e-03 | 35  0.04511  2.68547e-02 | 36  0.06128  2.05472e-02
 37  0.29914 -1.87463e-01 | 38  0.27567 -1.59481e-01 | 39  0.25788 -1.63150e-01
 40  1.83867  4.52730e-01 | 41 -0.47096  4.11080e-01 | 42  1.49383 -1.33495e-02
 43 -0.42302  1.04357e-02 | 44  0.36025 -1.98882e-02 | 45 -0.38894  2.41744e-02
 46  0.19446 -1.41015e-02 | 47 -0.46405  9.72959e-03 | 48 -0.35061  2.96037e-01
 49 -0.19662 -1.61651e-01 | 50 -0.14575 -8.40732e-01 |
50 variables; iteration 220; function evaluation 276; phase 3
Function value 1.8172966e+03; maximum gradient component mag 1.4311e+00
Var    Value     Gradient |Var    Value     Gradient |Var    Value     Gradient
  1 -0.00080  1.43106e+00 |  2  0.01756 -4.92116e-03 |  3  0.08651  1.40055e-02
  4 -0.00674 -7.97865e-03 |  5 -0.10746 -1.67717e-02 |  6 -0.01124 -3.38599e-03
  7 -0.11331 -1.73737e-02 |  8 -0.06641 -1.00774e-02 |  9  0.00058  1.31575e-02
 10  0.11357  6.91336e-02 | 11 -0.03300  1.67832e-02 | 12  0.00137  1.42048e-02
 13  0.03600  2.98304e-02 | 14  0.05642  4.74124e-02 | 15  0.00912  9.65302e-03
 16 -0.04644 -1.73117e-02 | 17 -0.00764 -2.29372e-03 | 18  0.02512  1.78156e-02
 19  0.02286  2.53993e-02 | 20 -0.07063  4.08193e-03 | 21 -0.13746 -6.68567e-03
 22 -0.04179 -1.05023e-02 | 23  0.02377 -7.89416e-03 | 24 -0.02006 -7.74435e-03
 25  0.02357 -1.14891e-02 | 26  0.03327 -1.64220e-03 | 27  0.03176  5.69450e-03
 28 -0.00738 -5.78425e-03 | 29  0.00286 -1.42739e-02 | 30 -0.00702 -9.21936e-03
 31  0.02214 -1.52797e-02 | 32  0.05699 -1.68934e-02 | 33  0.00980 -2.00684e-02
 34 -0.00441 -2.59076e-02 | 35  0.04511 -2.24027e-02 | 36  0.06128 -1.94816e-02
 37  0.29914  8.14599e-02 | 38  0.27567  1.97995e-01 | 39  0.25788  9.76728e-02
 40  2.00886 -3.87684e-01 | 41 -0.47096 -3.72941e-01 | 42  1.49383  4.16872e-03
 43 -0.42302 -7.78629e-03 | 44  0.36025 -4.14392e-03 | 45 -0.38894 -7.82894e-03
 46  0.19446  9.59345e-03 | 47 -0.46405  2.60574e-05 | 48 -0.22180  2.30956e-01
 49 -0.07786  1.62766e-01 | 50 -0.02864  1.52413e-01 |
50 variables; iteration 240; function evaluation 302; phase 3
Function value 1.8172966e+03; maximum gradient component mag 1.3726e-02
Var    Value     Gradient |Var    Value     Gradient |Var    Value     Gradient
  1 -0.00080  1.05831e-02 |  2  0.01756 -2.47357e-04 |  3  0.08651  1.23663e-04
  4 -0.00674 -8.12095e-07 |  5 -0.10746 -3.90023e-05 |  6 -0.01124  1.20354e-05
  7 -0.11331  8.28081e-05 |  8 -0.06641 -5.24509e-05 |  9  0.00058  4.33126e-04
 10  0.11357  1.03396e-03 | 11 -0.03300  5.03946e-04 | 12  0.00137  3.46371e-04
 13  0.03600  8.85472e-04 | 14  0.05642  6.92705e-04 | 15  0.00912 -8.37339e-04
 16 -0.04644 -2.97004e-03 | 17 -0.00764 -2.87361e-04 | 18  0.02512  2.22794e-04
 19  0.02286  1.02485e-03 | 20 -0.07062  5.90670e-04 | 21 -0.13746  4.21449e-04
 22 -0.04179  5.54896e-04 | 23  0.02377  9.00411e-04 | 24 -0.02006  6.68485e-04
 25  0.02357  6.82399e-04 | 26  0.03327  2.42509e-04 | 27  0.03176  2.37062e-04
 28 -0.00738 -2.96241e-05 | 29  0.00286 -6.72384e-04 | 30 -0.00702 -2.81998e-04
 31  0.02214 -1.00445e-03 | 32  0.05699 -1.65553e-03 | 33  0.00980 -1.33103e-03
 34 -0.00441 -1.17336e-03 | 35  0.04511 -1.32026e-04 | 36  0.06128 -2.42864e-05
 37  0.29914  1.52433e-03 | 38  0.27567  1.37263e-02 | 39  0.25787  9.90261e-03
 40  2.08745 -2.75295e-03 | 41 -0.47096 -3.04205e-03 | 42  1.49383  6.08321e-05
 43 -0.42302 -7.86936e-04 | 44  0.36025 -1.40417e-03 | 45 -0.38894  6.44062e-04
 46  0.19446  5.43539e-04 | 47 -0.46405  5.94904e-04 | 48 -0.16538  6.78788e-04
 49 -0.02383  9.27220e-04 | 50  0.02521  2.19102e-03 |

 - final statistics:
50 variables; iteration 251; function evaluation 315
Function value 1.8173e+03; maximum gradient component mag -2.1982e-05
Exit code = 1;  converg criter 1.0000e-04
Var    Value     Gradient |Var    Value     Gradient |Var    Value     Gradient
  1 -0.00080 -7.85880e-06 |  2  0.01756 -3.16935e-07 |  3  0.08651  1.14856e-06
  4 -0.00674 -6.89161e-07 |  5 -0.10746 -1.00332e-07 |  6 -0.01124 -4.37560e-07
  7 -0.11331 -2.78576e-07 |  8 -0.06641 -2.87288e-08 |  9  0.00058 -2.79881e-06
 10  0.11357 -2.96687e-06 | 11 -0.03300 -1.04019e-06 | 12  0.00137 -2.19144e-07
 13  0.03601  1.77296e-06 | 14  0.05642  2.26108e-06 | 15  0.00912  3.79670e-06
 16 -0.04644  6.03204e-06 | 17 -0.00764  2.69647e-07 | 18  0.02512 -3.38892e-06
 19  0.02286 -3.86604e-06 | 20 -0.07062 -2.01656e-06 | 21 -0.13746 -1.11865e-06
 22 -0.04179 -5.83266e-07 | 23  0.02377 -3.28000e-06 | 24 -0.02006 -1.70088e-06
 25  0.02357 -5.42029e-07 | 26  0.03327  5.38912e-07 | 27  0.03176 -4.59458e-06
 28 -0.00738 -2.29176e-07 | 29  0.00286  8.35604e-07 | 30 -0.00702  3.30612e-07
 31  0.02214  2.78956e-06 | 32  0.05699  5.14230e-06 | 33  0.00980  3.42352e-06
 34 -0.00441  3.30361e-06 | 35  0.04511 -6.55794e-07 | 36  0.06128 -3.00442e-08
 37  0.29914 -4.25019e-06 | 38  0.27567 -2.19816e-05 | 39  0.25787 -9.15871e-06
 40  2.09939 -5.88475e-06 | 41 -0.47096  7.33996e-06 | 42  1.49383  1.30538e-06
 43 -0.42302  4.67522e-06 | 44  0.36025  1.04667e-06 | 45 -0.38894  7.69150e-07
 46  0.19446 -1.90659e-06 | 47 -0.46405 -1.21644e-06 | 48 -0.15699  1.27816e-05
 49 -0.01571 -5.09511e-06 | 50  0.03334  5.96477e-07 |
Estimating row 1 out of 50 for hessian
Estimating row 2 out of 50 for hessian
Estimating row 3 out of 50 for hessian
Estimating row 4 out of 50 for hessian
Estimating row 5 out of 50 for hessian
Estimating row 6 out of 50 for hessian
Estimating row 7 out of 50 for hessian
Estimating row 8 out of 50 for hessian
Estimating row 9 out of 50 for hessian
Estimating row 10 out of 50 for hessian
Estimating row 11 out of 50 for hessian
Estimating row 12 out of 50 for hessian
Estimating row 13 out of 50 for hessian
Estimating row 14 out of 50 for hessian
Estimating row 15 out of 50 for hessian
Estimating row 16 out of 50 for hessian
Estimating row 17 out of 50 for hessian
Estimating row 18 out of 50 for hessian
Estimating row 19 out of 50 for hessian
Estimating row 20 out of 50 for hessian
Estimating row 21 out of 50 for hessian
Estimating row 22 out of 50 for hessian
Estimating row 23 out of 50 for hessian
Estimating row 24 out of 50 for hessian
Estimating row 25 out of 50 for hessian
Estimating row 26 out of 50 for hessian
Estimating row 27 out of 50 for hessian
Estimating row 28 out of 50 for hessian
Estimating row 29 out of 50 for hessian
Estimating row 30 out of 50 for hessian
Estimating row 31 out of 50 for hessian
Estimating row 32 out of 50 for hessian
Estimating row 33 out of 50 for hessian
Estimating row 34 out of 50 for hessian
Estimating row 35 out of 50 for hessian
Estimating row 36 out of 50 for hessian
Estimating row 37 out of 50 for hessian
Estimating row 38 out of 50 for hessian
Estimating row 39 out of 50 for hessian
Estimating row 40 out of 50 for hessian
Estimating row 41 out of 50 for hessian
Estimating row 42 out of 50 for hessian
Estimating row 43 out of 50 for hessian
Estimating row 44 out of 50 for hessian
Estimating row 45 out of 50 for hessian
Estimating row 46 out of 50 for hessian
Estimating row 47 out of 50 for hessian
Estimating row 48 out of 50 for hessian
Estimating row 49 out of 50 for hessian
Estimating row 50 out of 50 for hessian
size of file gradfil1.tmp = 0
size of file gradfil2.tmp = 0
size of file varssave.tmp = 0
size of file cmpdiff.tmp = 0
