
Initial statistics: 36 variables; iteration 0; function evaluation 0; phase 1
Function value 3.5107642e+04; maximum gradient component mag 1.8967e+05
Var    Value     Gradient |Var    Value     Gradient |Var    Value     Gradient
  1  0.04362  1.89671e+05 |  2  0.03419 -2.74048e+03 |  3 -0.00067 -2.92334e+03
  4 -0.01011 -2.78714e+03 |  5 -0.09861 -2.62405e+03 |  6 -0.02671 -2.79444e+03
  7 -0.07811 -2.57281e+03 |  8 -0.03654 -2.44417e+03 |  9  0.04025 -1.78984e+03
 10  0.06932 -9.88331e+02 | 11  0.01135 -1.08401e+03 | 12  0.02470 -1.01046e+03
 13  0.01656 -6.06230e+02 | 14  0.10950  1.69623e+03 | 15 -0.03266 -1.49728e+03
 16 -0.02643 -1.06931e+03 | 17  0.01525  1.33905e+03 | 18 -0.00290 -4.74866e+02
 19  0.07743  2.39551e+03 | 20 -0.07585 -6.96064e+02 | 21 -0.18966 -2.01363e+03
 22 -0.06577 -1.12217e+03 | 23  0.04427 -2.00712e+02 | 24  0.03406  2.98884e+02
 25 -0.03240  1.78825e+02 | 26  0.07614  5.78345e+03 | 27  0.07081  5.16642e+03
 28  0.00351  2.35704e+03 | 29 -0.05909  1.18303e+02 | 30 -0.01041  1.74844e+03
 31  0.06396  5.14921e+03 | 32  0.03706  3.46683e+03 | 33 -0.00698  1.88326e+03
 34 -0.01711  1.02141e+03 | 35  0.03231  5.05999e+02 | 36  0.00695 -1.64145e+03

Intermediate statistics: 36 variables; iteration 20; function evaluation 27; phase 1
Function value 2.8526131e+04; maximum gradient component mag 5.6169e+04
Var    Value     Gradient |Var    Value     Gradient |Var    Value     Gradient
  1  0.01182  5.61692e+04 |  2  0.06274 -7.09461e+02 |  3  0.24100 -6.24628e+02
  4  0.07425 -8.87910e+02 |  5  0.33098 -2.11612e+02 |  6  0.25241 -5.68575e+02
  7  0.27842  1.73728e+02 |  8  0.14044 -2.03990e+01 |  9  0.01385 -3.40219e+02
 10  0.00243 -2.01526e+02 | 11 -0.01189  2.05980e+02 | 12 -0.00725 -2.24541e+02
 13 -0.13506 -6.73716e+02 | 14  0.07426  2.28541e+02 | 15  0.01391 -5.53258e+01
 16  0.04806  1.31743e+02 | 17 -0.07631  3.98085e+02 | 18 -0.01643 -1.64988e+02
 19 -0.02342 -9.19252e+01 | 20 -0.12427 -2.83028e+00 | 21 -0.14573 -6.98640e+02
 22 -0.10565 -1.86336e+02 | 23  0.05153 -4.23386e+02 | 24  0.02796 -4.40226e+02
 25 -0.15035 -2.58858e+02 | 26  0.05266  1.37584e+03 | 27  0.00095  7.98769e+02
 28  0.02917  1.10050e+03 | 29 -0.09102 -2.43988e+02 | 30 -0.08316  4.65064e+02
 31 -0.08721  7.32681e+02 | 32  0.04786  2.23918e+03 | 33  0.08125  2.79062e+03
 34 -0.01425  1.02169e+03 | 35 -0.01315  3.29136e+02 | 36 -1.23395  3.09347e+02
36 variables; iteration 40; function evaluation 58; phase 1
Function value 2.7456447e+04; maximum gradient component mag 9.1231e+03
Var    Value     Gradient |Var    Value     Gradient |Var    Value     Gradient
  1 -0.02518  9.12313e+03 |  2  0.18940 -7.19777e+01 |  3  0.20296 -9.56063e+01
  4  0.11877 -8.35691e+01 |  5 -0.20456 -2.13189e+02 |  6  0.17475 -1.67374e+02
  7  0.15589  1.22042e+02 |  8  0.17343  2.17237e+02 |  9  0.11633  1.08686e+02
 10  0.13879  2.33285e+02 | 11  0.04505  1.72045e+02 | 12  0.00745 -4.14315e+02
 13 -0.07181 -4.33454e+02 | 14  0.03683 -9.37132e+02 | 15  0.04821 -1.69974e+02
 16  0.10844 -5.63260e+02 | 17 -0.29780 -1.89815e+02 | 18  0.08702  5.51161e+02
 19 -0.01692 -9.12187e+01 | 20 -0.05642  5.56071e+02 | 21 -0.00803  5.83815e+02
 22 -0.28244 -1.22699e+02 | 23  0.14954 -2.87485e+02 | 24  0.03108 -6.74645e+02
 25 -0.17966 -4.35495e+01 | 26  0.02547  3.23532e+02 | 27  0.00694  3.71720e+02
 28  0.06252  5.99681e+02 | 29 -0.04643 -2.18309e+02 | 30 -0.11903 -1.71534e+02
 31 -0.18233 -3.56703e+02 | 32  0.10539  1.70146e+03 | 33  0.07028  1.43254e+03
 34 -0.16317 -6.73928e+01 | 35  0.01444 -8.28636e+01 | 36 -1.54316  1.73048e+02
36 variables; iteration 60; function evaluation 79; phase 1
Function value 2.7070398e+04; maximum gradient component mag -1.8768e+02
Var    Value     Gradient |Var    Value     Gradient |Var    Value     Gradient
  1 -0.02643 -1.87680e+02 |  2  0.18637  2.62962e+00 |  3  0.23764  6.87225e+00
  4  0.15695  2.38791e+00 |  5  0.00969  1.77523e+00 |  6  0.15040  8.88410e+00
  7  0.03075  9.73998e+00 |  8  0.05324  9.15141e+00 |  9  0.10524  7.16892e+00
 10  0.16749  1.13617e+01 | 11 -0.01415 -1.50237e+00 | 12  0.04819 -2.97774e+00
 13 -0.01939  1.61333e+00 | 14  0.09827 -1.83213e+01 | 15  0.03078  1.82253e+01
 16  0.12377  1.04289e+02 | 17 -0.21757  1.73197e+01 | 18  0.03886 -1.20351e+01
 19  0.03398  8.08178e+00 | 20 -0.16831 -1.47600e+01 | 21 -0.06131 -1.20888e+01
 22 -0.38487  2.84317e+01 | 23  0.13291 -9.30285e+00 | 24  0.10991 -6.22917e-02
 25 -0.07907  1.40684e+01 | 26 -0.15263  6.88038e+01 | 27 -0.00596 -4.04687e+01
 28 -0.00694 -1.59025e+02 | 29 -0.00365  6.75758e-01 | 30 -0.18668 -2.94781e+00
 31 -0.09985 -3.04490e+01 | 32  0.03148 -4.16651e+01 | 33 -0.03725 -3.82283e+01
 34 -0.10360  1.41943e+00 | 35  0.00538  4.06966e+01 | 36 -1.76611  8.63075e+00
36 variables; iteration 80; function evaluation 99; phase 1
Function value 2.7063827e+04; maximum gradient component mag 9.5107e+01
Var    Value     Gradient |Var    Value     Gradient |Var    Value     Gradient
  1 -0.02792  9.51067e+01 |  2  0.19113 -1.09392e+00 |  3  0.23516 -4.10488e+00
  4  0.15574 -1.07266e-01 |  5  0.00560 -4.52839e+00 |  6  0.14211 -2.21362e+00
  7  0.01773 -5.40399e+00 |  8  0.04324 -6.25276e+00 |  9  0.10700 -4.44064e+00
 10  0.17285 -6.68221e+00 | 11 -0.00931 -4.88707e+00 | 12  0.05109 -4.25092e+00
 13 -0.01666 -4.45223e-01 | 14  0.10297 -5.48900e+00 | 15  0.03186 -6.56132e+00
 16  0.12665 -3.57940e+00 | 17 -0.21697 -1.15322e-01 | 18  0.04359  3.84388e+00
 19  0.03556 -1.63131e+00 | 20 -0.16266 -9.64294e+00 | 21 -0.05630 -1.07794e+00
 22 -0.39234 -2.63936e+00 | 23  0.13660 -3.22962e-01 | 24  0.11381 -1.02734e+00
 25 -0.08617  1.31197e+00 | 26 -0.25187  5.67609e+00 | 27  0.00244  1.30156e+01
 28  0.01434  1.20937e+01 | 29 -0.00453 -1.92238e+00 | 30 -0.18227 -2.41414e+00
 31 -0.09285  2.87000e+00 | 32  0.03620  2.53244e+00 | 33 -0.02704  1.17701e+01
 34 -0.10166 -2.59725e-01 | 35  0.00054 -2.04747e-01 | 36 -1.80707 -6.26653e+00
Maximum number of function evaluations exceeded

 - final statistics:
36 variables; iteration 82; function evaluation 100
Function value 2.7064e+04; maximum gradient component mag 8.5644e+01
Exit code = 3;  converg criter 1.0000e+01
Var    Value     Gradient |Var    Value     Gradient |Var    Value     Gradient
  1 -0.02792  8.56445e+01 |  2  0.19108 -1.02048e+00 |  3  0.23568 -3.00159e+00
  4  0.15591 -2.36319e-01 |  5  0.00604 -4.37634e+00 |  6  0.14183 -2.57041e+00
  7  0.01710 -6.47979e+00 |  8  0.04347 -6.07763e+00 |  9  0.10694 -5.12984e+00
 10  0.17284 -7.94585e+00 | 11 -0.00954 -5.60958e+00 | 12  0.05127 -3.31410e+00
 13 -0.01686 -1.39241e+00 | 14  0.10277 -8.07127e+00 | 15  0.03205 -5.37964e+00
 16  0.12662  1.28436e+00 | 17 -0.21657  1.13835e+00 | 18  0.04370  4.90937e+00
 19  0.03521 -4.42065e+00 | 20 -0.16202 -8.48660e+00 | 21 -0.05627 -9.19717e-01
 22 -0.39275 -3.85898e+00 | 23  0.13648 -2.57427e+00 | 24  0.11389 -1.73514e+00
 25 -0.08630  5.79191e-01 | 26 -0.25188  5.40349e+00 | 27  0.00202  8.59889e+00
 28  0.01429  1.04678e+01 | 29 -0.00447 -3.82535e-01 | 30 -0.18177 -9.83216e-01
 31 -0.09289  3.20023e+00 | 32  0.03616  1.56748e+00 | 33 -0.02713  1.06941e+01
 34 -0.10183 -1.09855e+00 | 35  0.00065  1.53182e-01 | 36 -1.80662 -5.90483e+00

Initial statistics: 46 variables; iteration 0; function evaluation 0; phase 2
Function value 2.7063815e+04; maximum gradient component mag 4.7630e+04
Var    Value     Gradient |Var    Value     Gradient |Var    Value     Gradient
  1 -0.02792  8.56445e+01 |  2  0.19110 -1.35301e-01 |  3  0.23571 -2.13772e+00
  4  0.15593  6.62629e-01 |  5  0.00607 -3.44978e+00 |  6  0.14186 -1.66669e+00
  7  0.01713 -5.55352e+00 |  8  0.04350 -5.15318e+00 |  9  0.10696 -4.21625e+00
 10  0.17286 -7.05310e+00 | 11 -0.00952 -4.68309e+00 | 12  0.05129 -2.39049e+00
 13 -0.01684 -4.66130e-01 | 14  0.10280 -7.15667e+00 | 15  0.03207 -4.45420e+00
 16  0.12665  2.19268e+00 | 17 -0.21654  2.01188e+00 | 18  0.04373  5.83377e+00
 19  0.03524 -3.49546e+00 | 20 -0.16200 -7.58993e+00 | 21 -0.05624  3.26871e-03
 22 -0.39271 -3.10330e+00 | 23  0.13650 -1.66886e+00 | 24  0.11392 -8.23321e-01
 25 -0.08628  1.49730e+00 | 26 -0.25186  6.25862e+00 | 27  0.00205  9.52549e+00
 28  0.01432  1.13942e+01 | 29 -0.00444  5.44045e-01 | 30 -0.18174 -9.41271e-02
 31 -0.09287  4.11701e+00 | 32  0.03618  2.49259e+00 | 33 -0.02710  1.16199e+01
 34 -0.10180 -1.83775e-01 | 35  0.00068  1.07978e+00 | 36 -0.19335  6.78910e+00
 37  0.71426  4.76300e+04 | 38  0.31606 -1.15388e+03 | 39  0.57716  6.42303e+03
 40  0.45345  2.28123e+04 | 41 -0.08603  3.77231e+03 | 42 -0.32031  7.67354e+02
 43 -0.04812  4.23041e+01 | 44 -0.07141  5.46053e+03 | 45 -0.22172  1.34014e+02
 46 -0.28013  4.74787e+02 |

Intermediate statistics: 46 variables; iteration 20; function evaluation 36; phase 2
Function value 5.2052810e+03; maximum gradient component mag -8.7116e+03
Var    Value     Gradient |Var    Value     Gradient |Var    Value     Gradient
  1  0.08899 -5.95008e+03 |  2 -0.10491  1.68949e+02 |  3 -0.10621  1.59380e+02
  4 -0.15635  1.12066e+02 |  5 -0.24490  1.79612e+02 |  6 -0.17162  6.90939e+01
  7 -0.21921  2.39155e+02 |  8 -0.17965  1.88371e+02 |  9 -0.03503  2.30001e+02
 10  0.11977  1.53015e+02 | 11  0.02466  2.04641e+02 | 12  0.13835  2.11251e+02
 13  0.13168  1.97285e+02 | 14  0.15113  1.57025e+02 | 15  0.09489  2.63042e+02
 16  0.27416  6.43320e+02 | 17  0.08182  1.40169e+02 | 18  0.13240 -1.30519e+02
 19  0.12485 -3.86118e+01 | 20  0.01291  1.27219e+02 | 21  0.03905  2.56549e+02
 22  0.17469  6.05171e+02 | 23  0.12401  2.96792e+02 | 24 -0.88518  1.53633e+01
 25  0.14751  3.05510e+02 | 26  0.19171  6.41617e+02 | 27  0.10492 -4.66884e+01
 28 -0.18733 -1.60098e+02 | 29  0.05187 -3.18835e+01 | 30  0.07845  7.90718e+01
 31  0.10921 -6.08725e+01 | 32  0.06860 -3.27866e+02 | 33 -0.00558 -1.07235e+02
 34 -0.01932  8.43218e+01 | 35  0.06956  8.12566e+01 | 36 -0.23962  1.85709e+02
 37  0.17139 -8.71160e+03 | 38  0.22867 -6.03450e+02 | 39  0.22806  1.92971e+03
 40  0.18133 -3.63676e+03 | 41  0.32132 -7.22170e+02 | 42 -0.85216  2.44960e+02
 43 -0.15079  5.18721e+02 | 44 -0.41507 -1.37807e+03 | 45 -0.09708 -3.69842e+02
 46 -0.39931  9.59600e+02 |
46 variables; iteration 40; function evaluation 63; phase 2
Function value 5.0354059e+03; maximum gradient component mag -2.1664e+03
Var    Value     Gradient |Var    Value     Gradient |Var    Value     Gradient
  1  0.08677 -5.05413e+02 |  2 -0.09053  8.90518e+01 |  3 -0.10637  3.57994e+01
  4 -0.11937  1.21963e+02 |  5 -0.21342  1.54669e+02 |  6 -0.13372  3.54873e+01
  7 -0.14604  2.14792e+02 |  8 -0.10809  1.57463e+02 |  9 -0.01649  1.38930e+02
 10  0.10774  6.85295e+01 | 11  0.00496  1.24525e+02 | 12  0.11997  1.79282e+02
 13  0.09658  1.39344e+02 | 14  0.10904  5.65192e+01 | 15  0.08277  2.21233e+02
 16  0.19730  3.40776e+02 | 17  0.06873  8.54491e+01 | 18  0.16670 -3.29353e+01
 19  0.16592  2.62612e+01 | 20  0.04987  1.34792e+02 | 21  0.05440  2.07515e+02
 22  0.17610  5.72217e+02 | 23  0.09233  1.51237e+02 | 24 -0.68557 -1.33539e+01
 25  0.12309  2.56051e+02 | 26  0.15970  5.25897e+02 | 27  0.23587  3.47203e+02
 28 -0.63376  4.17689e+00 | 29  0.13572  1.70800e+02 | 30  0.02673  6.24437e+01
 31  0.06587 -2.27977e+01 | 32  0.11427 -8.78975e+01 | 33  0.00493 -2.65248e+01
 34 -0.01983  8.92772e+01 | 35  0.08924  1.40610e+02 | 36 -0.25378  9.39073e+01
 37  0.18805 -2.16637e+03 | 38  0.23119 -5.66054e+02 | 39  0.20495  5.50929e+02
 40  0.19339  4.33821e+02 | 41  0.77063 -2.56348e+02 | 42 -0.83343  3.04539e+02
 43 -0.38905  2.39798e+02 | 44 -0.71934 -5.76273e+02 | 45 -0.07134 -1.58738e+02
 46 -0.40836  8.46709e+02 |
46 variables; iteration 60; function evaluation 93; phase 2
Function value 4.5744534e+03; maximum gradient component mag 1.0027e+03
Var    Value     Gradient |Var    Value     Gradient |Var    Value     Gradient
  1  0.06357  1.00266e+03 |  2 -0.05340 -4.99073e+01 |  3 -0.03307 -4.36870e+01
  4 -0.06364  1.43849e+01 |  5 -0.18041 -1.01831e+01 |  6 -0.08351 -3.75486e+01
  7 -0.16662 -3.96397e+01 |  8 -0.09296  6.83976e+00 |  9 -0.01915 -2.49176e+01
 10  0.09875 -1.53758e+01 | 11 -0.02311 -2.54763e+00 | 12  0.03522 -5.84214e+01
 13  0.04441 -1.49543e+01 | 14  0.06988 -2.62544e+01 | 15 -0.02937 -1.85190e+01
 16  0.08241  2.43131e+00 | 17  0.00693 -2.34494e+01 | 18  0.13373 -4.67584e+01
 19  0.12182 -1.92505e+01 | 20 -0.02493 -4.19104e+01 | 21 -0.06146 -3.27274e+01
 22  0.01910  7.31098e+01 | 23  0.01552  3.27839e+01 | 24  0.03490  1.55266e+01
 25  0.01597  6.50602e+00 | 26  0.05145  9.07676e+01 | 27  0.07093  6.38241e+01
 28  0.02471  4.11232e+01 | 29  0.04508 -6.93370e+00 | 30  0.00037 -2.33412e+01
 31  0.04400 -4.26570e+01 | 32  0.10230 -4.13670e+01 | 33  0.00672 -2.22696e+01
 34 -0.04517 -3.60553e+01 | 35  0.03979 -8.04485e+00 | 36 -0.20220  5.12664e-01
 37  0.22202 -1.36749e+02 | 38  0.25383  2.31602e+02 | 39  0.22965  6.98267e+01
 40  0.22294  3.58544e+02 | 41  0.81613 -1.47048e+02 | 42 -0.74367 -1.30494e+02
 43 -0.45675  2.81626e+02 | 44 -0.72869 -4.64975e+02 | 45 -0.17627 -2.46193e+02
 46 -0.49159  1.59155e+00 |
Maximum number of function evaluations exceeded

 - final statistics:
46 variables; iteration 68; function evaluation 100
Function value 4.5236e+03; maximum gradient component mag 1.8644e+02
Exit code = 3;  converg criter 1.0000e+01
Var    Value     Gradient |Var    Value     Gradient |Var    Value     Gradient
  1  0.05375  1.86437e+02 |  2 -0.00246 -3.58344e+00 |  3  0.05114  1.19072e+01
  4  0.00777  1.48896e+01 |  5 -0.10901  5.77592e+00 |  6  0.00154  9.78979e+00
  7 -0.09180 -9.80843e+00 |  8 -0.05299  6.37243e+00 |  9  0.01251  2.68421e+00
 10  0.11254  1.64892e+00 | 11 -0.03235  1.00331e+00 | 12  0.02235 -4.97206e+00
 13  0.02101  4.33687e+00 | 14  0.05884  9.53421e+00 | 15 -0.05679 -4.75271e+00
 16  0.04924  8.97005e-01 | 17 -0.02378 -2.39622e+00 | 18  0.10847 -6.25706e+00
 19  0.09096 -4.98952e+00 | 20 -0.04406 -6.80995e+00 | 21 -0.08669 -1.02982e+01
 22 -0.03034 -6.50475e-01 | 23 -0.00594  1.64776e+00 | 24  0.01540 -6.35584e+00
 25  0.00518 -4.91660e+00 | 26  0.03275 -4.87889e+00 | 27  0.04818 -4.30240e+00
 28  0.00395 -1.49122e+00 | 29  0.01734 -7.65347e+00 | 30 -0.01011 -4.13148e+00
 31  0.03253 -6.27118e+00 | 32  0.09461  5.24380e-01 | 33 -0.00210 -7.61090e+00
 34 -0.04177 -3.11632e+00 | 35  0.02827 -3.20436e+00 | 36 -0.22969  9.61256e-01
 37  0.23522 -7.79523e+00 | 38  0.26277  2.43066e+01 | 39  0.24377  6.06611e+00
 40  0.23531 -1.76224e+00 | 41  0.73596 -4.77358e+00 | 42 -0.85145 -9.40811e+00
 43 -0.58450  2.25613e+01 | 44 -0.60613 -3.15619e+01 | 45 -0.16789 -2.19237e+01
 46 -0.40082 -6.66848e+00 |

Initial statistics: 52 variables; iteration 0; function evaluation 0; phase 3
Function value 4.5236159e+03; maximum gradient component mag -3.6250e+03
Var    Value     Gradient |Var    Value     Gradient |Var    Value     Gradient
  1  0.05375  1.86437e+02 |  2 -0.00243 -2.53745e+00 |  3  0.05117  1.29498e+01
  4  0.00780  1.59355e+01 |  5 -0.10898  6.80667e+00 |  6  0.00157  1.08358e+01
  7 -0.09177 -8.77335e+00 |  8 -0.05296  7.41484e+00 |  9  0.01254  3.73001e+00
 10  0.11257  2.67860e+00 | 11 -0.03232  2.04796e+00 | 12  0.02238 -3.92670e+00
 13  0.02104  5.38229e+00 | 14  0.05887  1.05757e+01 | 15 -0.05676 -3.71089e+00
 16  0.04927  1.93987e+00 | 17 -0.02376 -1.35095e+00 | 18  0.10850 -5.22617e+00
 19  0.09099 -3.95416e+00 | 20 -0.04403 -5.76647e+00 | 21 -0.08666 -9.26193e+00
 22 -0.03031  3.94337e-01 | 23 -0.00591  2.69371e+00 | 24  0.01543 -5.31014e+00
 25  0.00521 -3.87064e+00 | 26  0.03278 -3.83427e+00 | 27  0.04821 -3.25938e+00
 28  0.00398 -4.45244e-01 | 29  0.01737 -6.60785e+00 | 30 -0.01008 -3.08562e+00
 31  0.03256 -5.22654e+00 | 32  0.09464  1.55884e+00 | 33 -0.00207 -6.56491e+00
 34 -0.04174 -2.07258e+00 | 35  0.02830 -2.15939e+00 | 36 -0.22965  1.93995e+00
 37  0.23522 -7.79523e+00 | 38  0.26277  2.43066e+01 | 39  0.24377  6.06611e+00
 40  0.23531 -1.76224e+00 | 41  0.73596 -4.77358e+00 | 42 -0.85145 -9.40811e+00
 43  0.25122 -4.98928e+02 | 44 -0.40968 -3.18081e+02 | 45  0.12861 -3.62497e+03
 46 -0.89706  9.26596e+02 | 47  0.22419 -4.83741e+02 | 48 -0.35323  5.99845e+02
 49 -0.58450  2.25613e+01 | 50 -0.60613 -3.15619e+01 | 51 -0.16789 -2.19237e+01
 52 -0.40082 -6.66848e+00 |

Intermediate statistics: 52 variables; iteration 20; function evaluation 30; phase 3
Function value 2.9012489e+03; maximum gradient component mag 1.1004e+03
Var    Value     Gradient |Var    Value     Gradient |Var    Value     Gradient
  1  0.10109  4.84763e+02 |  2 -0.02029  2.70653e+00 |  3  0.01449 -4.31264e+00
  4 -0.02057 -2.95217e+00 |  5 -0.13991 -5.12385e+00 |  6 -0.02561 -5.68320e+00
  7 -0.11285 -6.50123e+00 |  8 -0.08312 -7.24425e-01 |  9 -0.01551 -1.67719e+00
 10  0.09285 -3.72615e+00 | 11 -0.03012  2.18164e+00 | 12  0.01869 -8.02299e+00
 13  0.00978 -8.47765e+00 | 14  0.06529  1.00112e+01 | 15  0.04097  6.03512e+01
 16 -0.08128 -5.49476e+01 | 17  0.01116 -7.87039e+00 | 18  0.09466  4.13158e+01
 19  0.13171  7.63060e+00 | 20 -0.03557 -1.18517e+01 | 21  0.01116  6.31127e+01
 22 -0.01942  6.55349e+00 | 23 -0.07567 -1.20881e+01 | 24  0.02245  1.90118e+01
 25  0.04579  1.46624e+01 | 26  0.03167  1.88457e+01 | 27  0.04347 -2.62721e+01
 28  0.03877  2.84009e+01 | 29  0.04885  1.08942e+01 | 30  0.04886  3.56334e+01
 31  0.06699  1.00782e+01 | 32  0.07881  3.74850e+00 | 33 -0.02925  1.32328e+01
 34 -0.03142  5.82281e+00 | 35  0.03578 -5.03676e+00 | 36 -0.23133  2.94237e+00
 37  0.20607 -1.66159e+02 | 38  0.20543  1.10040e+03 | 39  0.20707 -1.82828e+02
 40  0.19658 -5.82943e+02 | 41  0.70715 -8.95581e+01 | 42 -0.84209  1.23438e+02
 43  0.31857 -1.06816e+01 | 44 -0.35862 -4.78976e+01 | 45  0.75523 -5.15827e+02
 46 -0.79030  2.98887e+02 | 47  0.20650  7.30389e+01 | 48 -0.48115 -5.36159e+01
 49 -0.63646 -1.37772e+00 | 50 -0.63371 -1.58300e+02 | 51 -0.16625  8.47382e+00
 52 -0.40530  3.01012e+02 |
52 variables; iteration 40; function evaluation 55; phase 3
Function value 2.8494568e+03; maximum gradient component mag 1.3640e+03
Var    Value     Gradient |Var    Value     Gradient |Var    Value     Gradient
  1  0.08260  1.36402e+03 |  2 -0.02309 -2.60633e+01 |  3  0.01848 -2.19883e+01
  4 -0.01993 -2.03593e+01 |  5 -0.14502 -3.16312e+01 |  6 -0.01257 -8.47498e+00
  7 -0.09685 -7.32468e+00 |  8 -0.07623 -2.01499e+01 |  9 -0.01082 -1.96896e+01
 10  0.09136 -2.77797e+01 | 11 -0.03268 -1.51309e+01 | 12  0.02103 -1.36416e+00
 13  0.01607  1.21713e+00 | 14  0.06126  3.76462e+00 | 15  0.01217 -2.93034e+01
 16 -0.05967 -3.64230e+01 | 17  0.00871 -7.20092e+00 | 18  0.08269 -2.66416e+01
 19  0.12756 -1.02567e+01 | 20 -0.02906 -1.37570e+01 | 21 -0.01294 -2.29464e+01
 22 -0.01281 -4.89795e+00 | 23 -0.05667 -1.03001e+01 | 24  0.02898  7.14959e+00
 25  0.05465  3.65330e+01 | 26  0.02889  2.87748e+01 | 27  0.06362  7.28184e+01
 28  0.03796  2.97548e+01 | 29  0.05640  3.55558e+01 | 30  0.03487 -1.21103e+00
 31  0.06404  1.87622e+01 | 32  0.08907  8.42009e+01 | 33 -0.02490  3.86766e+01
 34 -0.02832  2.98129e+01 | 35  0.04325  4.37493e+01 | 36 -0.31134 -5.39022e+01
 37  0.21992  8.69809e+02 | 38  0.20350 -6.69406e+02 | 39  0.22061 -2.40396e+01
 40  0.21273  8.87431e+02 | 41  0.73715  1.54491e+01 | 42 -0.82596 -2.03044e+01
 43  0.32495 -8.86419e+01 | 44 -0.35140 -1.92028e+01 | 45  0.84145 -2.15028e+02
 46 -0.85056  7.14718e+01 | 47  0.20774 -6.36292e+01 | 48 -0.48025  2.24160e+01
 49 -0.63535 -4.77187e+00 | 50 -0.63878  3.48070e+01 | 51 -0.17624  4.08011e+00
 52 -0.42106 -4.85410e+01 |
52 variables; iteration 60; function evaluation 89; phase 3
Function value 2.8137270e+03; maximum gradient component mag 5.7330e+02
Var    Value     Gradient |Var    Value     Gradient |Var    Value     Gradient
  1  0.05179  5.73301e+02 |  2 -0.02428 -3.96040e+01 |  3  0.03279 -1.06937e+01
  4 -0.02723 -2.53721e+01 |  5 -0.14787 -1.59060e+01 |  6 -0.01685  6.43197e-01
  7 -0.09924  2.01895e+01 |  8 -0.09373 -3.75295e+01 |  9 -0.00830 -2.41734e+01
 10  0.10738 -8.64953e+00 | 11 -0.01665  9.32667e+00 | 12  0.01541 -1.39781e+01
 13  0.02536 -1.33303e+01 | 14  0.06788 -3.06675e+01 | 15  0.02142  7.72934e+00
 16 -0.06280 -2.10607e+01 | 17 -0.00867 -1.50360e+01 | 18  0.06230 -3.84958e+01
 19  0.12247  3.83527e+01 | 20 -0.04442 -9.17149e+00 | 21 -0.01405  1.63059e+01
 22 -0.01660 -3.09395e+00 | 23 -0.03845  8.50696e+00 | 24  0.04544  2.58831e+01
 25  0.04885 -1.00847e+01 | 26  0.03276  1.68490e+01 | 27  0.05505  2.31762e+01
 28  0.02678  7.76356e+00 | 29  0.03560  2.25411e+01 | 30  0.02569  1.10872e+01
 31  0.05304 -1.31423e+01 | 32  0.08768  2.84128e+01 | 33 -0.02195  9.09022e+00
 34 -0.01424  2.88638e+01 | 35  0.03756  4.10209e+01 | 36 -0.25584 -1.03406e+01
 37  0.24297  1.83034e+02 | 38  0.22757  4.03039e+02 | 39  0.24503  4.98342e+01
 40  0.23524  1.09918e+02 | 41  0.80893  4.64216e+00 | 42 -0.80498 -8.92803e+00
 43  0.35518 -2.21982e+01 | 44 -0.34197  2.46407e+01 | 45  1.00086  6.27223e-01
 46 -0.93137  7.97767e+00 | 47  0.21159 -9.55370e+01 | 48 -0.47929  5.02249e+01
 49 -0.59993 -1.94728e+01 | 50 -0.63629  3.02255e+01 | 51 -0.16203  3.61283e+01
 52 -0.42085 -4.72545e+01 |
52 variables; iteration 80; function evaluation 109; phase 3
Function value 2.8101865e+03; maximum gradient component mag -1.8898e-01
Var    Value     Gradient |Var    Value     Gradient |Var    Value     Gradient
  1  0.05065 -1.88978e-01 |  2 -0.00674  5.43957e-03 |  3  0.03420 -1.19364e-03
  4 -0.01844  3.44237e-03 |  5 -0.13881  4.12639e-03 |  6 -0.02353  4.46989e-03
  7 -0.11428  1.26063e-04 |  8 -0.07533  1.91172e-03 |  9  0.00137  5.10161e-03
 10  0.10557  6.40366e-05 | 11 -0.02569 -1.42407e-03 | 12  0.01509 -1.37855e-03
 13  0.02799 -5.85101e-03 | 14  0.07209 -4.55348e-03 | 15  0.01686 -2.74541e-03
 16 -0.05498  8.70496e-05 | 17 -0.00677 -1.85780e-03 | 18  0.07218  4.46090e-03
 19  0.11283  1.48808e-04 | 20 -0.04471  2.04136e-03 | 21 -0.02326 -4.41372e-04
 22 -0.01505  4.48231e-03 | 23 -0.04127 -1.38528e-03 | 24  0.03743 -7.35833e-03
 25  0.05305 -9.17019e-03 | 26  0.02985 -9.71897e-03 | 27  0.05218  2.26996e-03
 28  0.02532  3.27378e-03 | 29  0.02970  4.92251e-03 | 30  0.02106  4.19901e-04
 31  0.05678  1.09660e-02 | 32  0.08487  7.01178e-03 | 33 -0.02240  1.09478e-03
 34 -0.01782 -1.11623e-02 | 35  0.03060 -1.07369e-02 | 36 -0.25702  2.65310e-03
 37  0.24402 -5.24723e-02 | 38  0.22629 -6.74142e-02 | 39  0.24557 -9.14221e-02
 40  0.23728  1.59009e-02 | 41  0.77034  6.57101e-03 | 42 -0.79183  1.05587e-02
 43  0.35649 -1.26789e-02 | 44 -0.34721  4.77359e-03 | 45  0.99999  7.73389e-03
 46 -0.99572  2.14785e-04 | 47  0.21409 -2.46247e-02 | 48 -0.47937  1.72927e-02
 49 -0.58791 -1.98130e-03 | 50 -0.61760 -1.07103e-02 | 51 -0.18636  5.06424e-03
 52 -0.42518  2.95067e-02 |
52 variables; iteration 100; function evaluation 134; phase 3
Function value 2.8101858e+03; maximum gradient component mag -2.0671e+00
Var    Value     Gradient |Var    Value     Gradient |Var    Value     Gradient
  1  0.05065 -2.06714e+00 |  2 -0.00675  4.46699e-03 |  3  0.03419 -1.69537e-02
  4 -0.01845  1.72744e-02 |  5 -0.13882  2.71948e-02 |  6 -0.02354  7.26464e-03
  7 -0.11430  2.20709e-02 |  8 -0.07532  4.65912e-02 |  9  0.00137  2.27642e-02
 10  0.10558  3.56924e-02 | 11 -0.02568  1.98396e-02 | 12  0.01510  6.44613e-03
 13  0.02800  1.20120e-03 | 14  0.07210  6.10113e-04 | 15  0.01686 -7.64761e-03
 16 -0.05498  6.76671e-03 | 17 -0.00676  2.20387e-02 | 18  0.07218  1.16411e-03
 19  0.11283 -2.78437e-03 | 20 -0.04471  1.28533e-02 | 21 -0.02327 -1.16938e-02
 22 -0.01505  8.09281e-03 | 23 -0.04127  1.06478e-02 | 24  0.03743 -5.21779e-03
 25  0.05306  7.26623e-03 | 26  0.02985 -3.47289e-02 | 27  0.05218 -4.76414e-02
 28  0.02532 -5.13128e-02 | 29  0.02969 -3.88447e-02 | 30  0.02107 -2.20223e-02
 31  0.05678 -4.60993e-02 | 32  0.08487 -1.00881e-01 | 33 -0.02240 -3.75531e-02
 34 -0.01781  1.81026e-02 | 35  0.03062  1.09767e-01 | 36 -0.25702  2.51856e-02
 37  0.24402 -1.49966e-01 | 38  0.22629 -3.22900e-01 | 39  0.24558  2.84173e-01
 40  0.23728 -5.66466e-01 | 41  0.70535 -5.73011e-01 | 42 -0.78179  5.72988e-01
 43  0.35650  6.31377e-02 | 44 -0.34721 -1.91121e-02 | 45  1.00009  6.53161e-02
 46 -0.99581 -9.24386e-03 | 47  0.21409  6.22167e-02 | 48 -0.47937 -6.45337e-02
 49 -0.55915 -8.06624e-02 | 50 -0.58707 -1.07149e+00 | 51 -0.19089  6.67791e-02
 52 -0.43071  9.70560e-01 |
52 variables; iteration 120; function evaluation 157; phase 3
Function value 2.8101850e+03; maximum gradient component mag -1.5311e+00
Var    Value     Gradient |Var    Value     Gradient |Var    Value     Gradient
  1  0.05065 -1.53107e+00 |  2 -0.00674  4.28052e-03 |  3  0.03420 -1.12635e-02
  4 -0.01845  1.11876e-02 |  5 -0.13882  2.08336e-02 |  6 -0.02354  1.30165e-03
  7 -0.11429  2.26630e-02 |  8 -0.07532  3.12896e-02 |  9  0.00137  1.46608e-02
 10  0.10557  1.05893e-02 | 11 -0.02568  1.66322e-02 | 12  0.01510  6.04802e-03
 13  0.02800  6.23136e-03 | 14  0.07210 -1.17923e-03 | 15  0.01686 -3.16651e-03
 16 -0.05498  8.07100e-03 | 17 -0.00677  1.27046e-02 | 18  0.07218  2.03441e-03
 19  0.11283 -8.15393e-03 | 20 -0.04471  9.58880e-03 | 21 -0.02327 -6.24259e-03
 22 -0.01505 -8.72412e-03 | 23 -0.04127 -4.48767e-03 | 24  0.03743 -7.25390e-03
 25  0.05306  5.79288e-03 | 26  0.02985 -1.66594e-02 | 27  0.05218 -3.03177e-02
 28  0.02532 -2.68399e-02 | 29  0.02969 -2.52074e-02 | 30  0.02106 -1.02583e-02
 31  0.05677 -3.77071e-02 | 32  0.08487 -7.39200e-02 | 33 -0.02240 -2.37228e-02
 34 -0.01781  1.98640e-02 | 35  0.03061  7.72507e-02 | 36 -0.25702  2.12769e-02
 37  0.24402 -7.88634e-02 | 38  0.22629 -1.14526e-01 | 39  0.24558  2.01382e-01
 40  0.23728 -3.34240e-01 | 41  0.62962 -5.91198e-01 | 42 -0.77981  4.56514e-01
 43  0.35650  4.30659e-02 | 44 -0.34721 -1.25123e-02 | 45  1.00004  2.75859e-02
 46 -0.99578 -6.02801e-03 | 47  0.21409  5.88581e-02 | 48 -0.47937 -4.75820e-02
 49 -0.51993 -8.07387e-02 | 50 -0.54583 -9.62003e-01 | 51 -0.19181  5.43471e-02
 52 -0.43184  7.66458e-01 |
52 variables; iteration 140; function evaluation 183; phase 3
Function value 2.8101843e+03; maximum gradient component mag -1.4721e+00
Var    Value     Gradient |Var    Value     Gradient |Var    Value     Gradient
  1  0.05065 -1.47213e+00 |  2 -0.00674  8.34353e-03 |  3  0.03420 -1.44642e-03
  4 -0.01844  1.74944e-02 |  5 -0.13881  2.11550e-02 |  6 -0.02353  8.92172e-03
  7 -0.11428  2.59012e-02 |  8 -0.07532  2.62679e-02 |  9  0.00137  1.35522e-02
 10  0.10557 -3.03075e-03 | 11 -0.02568  1.72442e-02 | 12  0.01510  4.23930e-04
 13  0.02800 -8.13525e-03 | 14  0.07210 -1.29514e-02 | 15  0.01686 -5.26395e-03
 16 -0.05498  4.54305e-03 | 17 -0.00677  6.40507e-03 | 18  0.07218  3.10496e-03
 19  0.11283 -1.10452e-02 | 20 -0.04471  1.06487e-02 | 21 -0.02327  4.16925e-03
 22 -0.01505 -2.20089e-03 | 23 -0.04127 -1.27534e-03 | 24  0.03743 -9.91642e-03
 25  0.05305 -7.60366e-03 | 26  0.02985 -1.95783e-02 | 27  0.05218 -2.72907e-02
 28  0.02532 -2.12152e-02 | 29  0.02969 -1.36339e-02 | 30  0.02106 -4.19058e-03
 31  0.05678 -2.16150e-02 | 32  0.08487 -5.52455e-02 | 33 -0.02240 -1.51605e-02
 34 -0.01781  5.37496e-03 | 35  0.03060  3.79720e-02 | 36 -0.25702  2.38586e-02
 37  0.24402 -6.18177e-02 | 38  0.22629 -7.74213e-02 | 39  0.24557  7.15283e-02
 40  0.23728 -2.06464e-01 | 41  0.53031 -7.11682e-01 | 42 -0.78415  4.31685e-01
 43  0.35650  1.47642e-02 | 44 -0.34721 -7.89113e-04 | 45  0.99998 -1.25089e-02
 46 -0.99575 -2.81621e-03 | 47  0.21409  2.07840e-02 | 48 -0.47937 -1.68546e-02
 49 -0.46160 -4.16782e-02 | 50 -0.48519 -1.08404e+00 | 51 -0.18980  3.39099e-02
 52 -0.42939  7.57292e-01 |
52 variables; iteration 160; function evaluation 206; phase 3
Function value 2.8101835e+03; maximum gradient component mag -1.0647e+00
Var    Value     Gradient |Var    Value     Gradient |Var    Value     Gradient
  1  0.05065 -1.06470e+00 |  2 -0.00673  2.10101e-02 |  3  0.03421  1.40671e-02
  4 -0.01843  9.06233e-03 |  5 -0.13880  1.60877e-02 |  6 -0.02352  1.84942e-02
  7 -0.11427  1.82172e-02 |  8 -0.07533 -1.45050e-03 |  9  0.00137  6.94806e-03
 10  0.10556 -3.80884e-02 | 11 -0.02569 -2.27487e-03 | 12  0.01509 -1.27404e-02
 13  0.02799 -2.92785e-02 | 14  0.07209 -4.51566e-02 | 15  0.01686 -3.93484e-03
 16 -0.05498 -2.11188e-03 | 17 -0.00677 -7.80722e-03 | 18  0.07218  7.94708e-03
 19  0.11284  1.10656e-02 | 20 -0.04470  1.27059e-02 | 21 -0.02326  1.75536e-02
 22 -0.01505  1.28173e-02 | 23 -0.04127  1.16584e-03 | 24  0.03743 -1.70131e-02
 25  0.05304 -3.81497e-02 | 26  0.02985 -2.33186e-02 | 27  0.05217  1.21670e-03
 28  0.02532  1.26451e-02 | 29  0.02970  2.63258e-02 | 30  0.02106  1.07026e-02
 31  0.05678  3.22429e-02 | 32  0.08487  2.74607e-02 | 33 -0.02240  6.32574e-03
 34 -0.01783 -3.97326e-02 | 35  0.03059 -5.50280e-02 | 36 -0.25702  1.89661e-02
 37  0.24402 -1.04630e-01 | 38  0.22629  7.44014e-02 | 39  0.24556 -2.94169e-01
 40  0.23728  1.54349e-01 | 41  0.40200 -4.83848e-01 | 42 -0.79233  2.17134e-01
 43  0.35648 -4.61076e-02 | 44 -0.34721  2.03519e-02 | 45  0.99989 -7.42153e-02
 46 -0.99566  6.82960e-03 | 47  0.21409 -9.44704e-02 | 48 -0.47937  6.98493e-02
 49 -0.37866 -7.55954e-02 | 50 -0.39983 -6.39378e-01 | 51 -0.18613  5.73068e-02
 52 -0.42491  3.72554e-01 |
52 variables; iteration 180; function evaluation 227; phase 3
Function value 2.8101827e+03; maximum gradient component mag -9.3155e-01
Var    Value     Gradient |Var    Value     Gradient |Var    Value     Gradient
  1  0.05066 -9.31549e-01 |  2 -0.00673  1.71530e-02 |  3  0.03421  5.23245e-03
  4 -0.01843  4.55677e-03 |  5 -0.13880  1.47944e-02 |  6 -0.02352  1.37829e-02
  7 -0.11427  1.65914e-02 |  8 -0.07533 -5.36358e-03 |  9  0.00137  1.29141e-03
 10  0.10556 -5.40674e-02 | 11 -0.02569 -6.94436e-03 | 12  0.01509 -1.00858e-02
 13  0.02799 -2.45546e-02 | 14  0.07209 -4.47667e-02 | 15  0.01686 -6.74484e-03
 16 -0.05498 -7.00582e-03 | 17 -0.00677 -1.13872e-02 | 18  0.07218  1.05809e-02
 19  0.11284  1.64601e-02 | 20 -0.04470  1.22003e-02 | 21 -0.02326  2.09752e-02
 22 -0.01505  2.00471e-02 | 23 -0.04127  6.90955e-03 | 24  0.03743 -1.63686e-02
 25  0.05304 -4.20930e-02 | 26  0.02985 -2.32838e-02 | 27  0.05217  1.13830e-02
 28  0.02532  2.20248e-02 | 29  0.02970  3.43104e-02 | 30  0.02106  1.35539e-02
 31  0.05678  4.08700e-02 | 32  0.08488  4.10261e-02 | 33 -0.02240  1.10557e-02
 34 -0.01783 -4.46706e-02 | 35  0.03059 -6.87623e-02 | 36 -0.25703  1.60201e-02
 37  0.24402 -1.11388e-01 | 38  0.22629  7.03927e-02 | 39  0.24556 -3.48206e-01
 40  0.23728  2.11771e-01 | 41  0.18513 -4.11905e-01 | 42 -0.79980  1.42400e-01
 43  0.35648 -5.22788e-02 | 44 -0.34721  2.00614e-02 | 45  0.99998 -6.45164e-03
 46 -0.99565  7.98244e-03 | 47  0.21409 -1.10574e-01 | 48 -0.47937  8.28054e-02
 49 -0.22874 -1.20796e-01 | 50 -0.24736 -4.63132e-01 | 51 -0.18291  8.10919e-02
 52 -0.42099  2.25649e-01 |
52 variables; iteration 200; function evaluation 250; phase 3
Function value 2.8101824e+03; maximum gradient component mag 1.9317e-01
Var    Value     Gradient |Var    Value     Gradient |Var    Value     Gradient
  1  0.05065  1.93174e-01 |  2 -0.00674 -2.03185e-03 |  3  0.03420  2.34025e-04
  4 -0.01844 -1.70540e-03 |  5 -0.13881 -2.72993e-03 |  6 -0.02353 -6.39511e-04
  7 -0.11428 -2.67627e-03 |  8 -0.07533 -3.20581e-03 |  9  0.00137 -2.03862e-03
 10  0.10557 -4.48417e-04 | 11 -0.02569 -6.04901e-04 | 12  0.01509 -2.92733e-04
 13  0.02799  1.00132e-03 | 14  0.07209  3.25654e-03 | 15  0.01686  4.15589e-04
 16 -0.05498  2.68866e-04 | 17 -0.00677  1.56422e-04 | 18  0.07218 -2.97685e-04
 19  0.11283  1.32869e-03 | 20 -0.04471 -2.93460e-03 | 21 -0.02327 -1.04047e-03
 22 -0.01505  1.71390e-03 | 23 -0.04127  1.41879e-03 | 24  0.03743  9.62385e-04
 25  0.05305 -1.48111e-04 | 26  0.02985  2.55585e-03 | 27  0.05218  4.75595e-03
 28  0.02532  2.69874e-03 | 29  0.02969 -1.75693e-04 | 30  0.02106 -6.82569e-04
 31  0.05678  2.81497e-03 | 32  0.08487  5.57002e-03 | 33 -0.02240  1.44718e-03
 34 -0.01782  3.29513e-04 | 35  0.03060 -5.89740e-03 | 36 -0.25702 -3.02443e-03
 37  0.24402  1.42123e-03 | 38  0.22629  8.90333e-03 | 39  0.24557 -6.93784e-03
 40  0.23728  1.45290e-02 | 41  0.00242  1.36930e-01 | 42 -0.80425 -5.33292e-02
 43  0.35649 -2.20596e-03 | 44 -0.34721  1.28700e-03 | 45  1.00007  4.61563e-02
 46 -0.99572 -1.90159e-04 | 47  0.21409 -3.48797e-03 | 48 -0.47937  1.90147e-03
 49 -0.10041  1.29197e-02 | 50 -0.11801  1.81798e-01 | 51 -0.18106 -5.08334e-03
 52 -0.41873 -8.55280e-02 |
52 variables; iteration 220; function evaluation 273; phase 3
Function value 2.8101824e+03; maximum gradient component mag 2.9005e-01
Var    Value     Gradient |Var    Value     Gradient |Var    Value     Gradient
  1  0.05065  2.90055e-01 |  2 -0.00674 -3.05824e-03 |  3  0.03420 -1.78988e-04
  4 -0.01844 -2.64652e-03 |  5 -0.13881 -4.14371e-03 |  6 -0.02353 -1.63647e-03
  7 -0.11428 -4.07919e-03 |  8 -0.07533 -4.57133e-03 |  9  0.00137 -2.78822e-03
 10  0.10557 -7.31160e-05 | 11 -0.02569 -1.40829e-03 | 12  0.01509 -3.24056e-04
 13  0.02799  1.69815e-03 | 14  0.07209  5.00343e-03 | 15  0.01686  8.14642e-04
 16 -0.05498  3.55464e-04 | 17 -0.00677 -1.97231e-04 | 18  0.07218 -1.11500e-03
 19  0.11283  1.38864e-03 | 20 -0.04471 -3.96363e-03 | 21 -0.02327 -1.75675e-03
 22 -0.01505  1.34817e-03 | 23 -0.04127  1.08003e-03 | 24  0.03743  2.32538e-03
 25  0.05305  1.65559e-03 | 26  0.02985  4.62760e-03 | 27  0.05218  5.21667e-03
 28  0.02532  3.04067e-03 | 29  0.02969  3.04139e-04 | 30  0.02106  4.30743e-04
 31  0.05678  4.45953e-03 | 32  0.08487  8.58178e-03 | 33 -0.02240  1.85481e-03
 34 -0.01782 -9.72396e-04 | 35  0.03060 -5.92608e-03 | 36 -0.25702 -4.68598e-03
 37  0.24402  3.56857e-03 | 38  0.22629  1.12863e-02 | 39  0.24557 -3.57156e-03
 40  0.23728  2.28208e-02 | 41 -0.05825  2.04984e-01 | 42 -0.80453 -7.78451e-02
 43  0.35649 -8.95573e-04 | 44 -0.34721  3.77654e-04 | 45  0.99997 -1.74897e-02
 46 -0.99572 -2.68213e-04 | 47  0.21409 -1.26646e-03 | 48 -0.47937  5.27043e-04
 49 -0.05842  1.83301e-02 | 50 -0.07586  2.78764e-01 | 51 -0.18094 -7.46425e-03
 52 -0.41859 -1.32584e-01 |
52 variables; iteration 240; function evaluation 297; phase 3
Function value 2.8101824e+03; maximum gradient component mag -8.7013e-02
Var    Value     Gradient |Var    Value     Gradient |Var    Value     Gradient
  1  0.05065 -6.86843e-02 |  2 -0.00674  5.66510e-04 |  3  0.03420  8.71441e-04
  4 -0.01844  5.51165e-04 |  5 -0.13881  9.26393e-04 |  6 -0.02353  1.11019e-03
  7 -0.11428  1.31738e-03 |  8 -0.07533  4.60190e-04 |  9  0.00137  6.35485e-04
 10  0.10557 -1.25080e-03 | 11 -0.02569  9.61215e-04 | 12  0.01509 -6.84485e-04
 13  0.02799 -1.13757e-03 | 14  0.07209 -4.18632e-04 | 15  0.01686 -4.95233e-04
 16 -0.05498  3.45630e-04 | 17 -0.00677  1.81454e-04 | 18  0.07218  2.51851e-04
 19  0.11283  9.34638e-04 | 20 -0.04471 -6.54451e-04 | 21 -0.02327 -5.03719e-04
 22 -0.01505  5.77937e-04 | 23 -0.04127  3.69692e-05 | 24  0.03743 -7.71696e-04
 25  0.05305 -1.42733e-03 | 26  0.02985 -1.08721e-03 | 27  0.05218 -6.14531e-04
 28  0.02532 -3.66102e-04 | 29  0.02969 -5.50446e-04 | 30  0.02106  2.22348e-06
 31  0.05678  1.20704e-03 | 32  0.08487 -7.31712e-04 | 33 -0.02240 -1.07503e-03
 34 -0.01782 -1.65237e-03 | 35  0.03060  1.22973e-03 | 36 -0.25702  1.04289e-03
 37  0.24402 -1.39628e-02 | 38  0.22629  3.01055e-03 | 39  0.24557 -3.21670e-03
 40  0.23728 -6.83160e-03 | 41 -0.13380 -6.30592e-02 | 42 -0.79453  3.65102e-02
 43  0.35649  8.30068e-04 | 44 -0.34721  2.82174e-04 | 45  1.00010  6.87604e-02
 46 -0.99572 -3.13552e-04 | 47  0.21409 -7.62853e-04 | 48 -0.47937 -1.05770e-04
 49 -0.00703 -5.86754e-03 | 50 -0.02437 -8.70130e-02 | 51 -0.18518  5.21370e-03
 52 -0.42374  7.92103e-02 |
52 variables; iteration 260; function evaluation 323; phase 3
Function value 2.8101822e+03; maximum gradient component mag 1.0305e-01
Var    Value     Gradient |Var    Value     Gradient |Var    Value     Gradient
  1  0.05065  9.68077e-02 |  2 -0.00673  2.77097e-03 |  3  0.03421  4.50837e-03
  4 -0.01844 -1.53136e-04 |  5 -0.13881 -7.51459e-04 |  6 -0.02353  2.65332e-03
  7 -0.11428 -1.15643e-03 |  8 -0.07533 -5.42870e-03 |  9  0.00137 -1.52919e-03
 10  0.10557 -7.42690e-03 | 11 -0.02569 -3.21070e-03 | 12  0.01509 -2.83172e-03
 13  0.02799 -5.52026e-03 | 14  0.07209 -5.86941e-03 | 15  0.01686 -1.01464e-03
 16 -0.05498 -3.17782e-03 | 17 -0.00677 -4.48446e-03 | 18  0.07218  8.01225e-04
 19  0.11283  3.78261e-03 | 20 -0.04471 -3.16007e-04 | 21 -0.02326  3.47909e-03
 22 -0.01505  4.88756e-03 | 23 -0.04127  1.10980e-03 | 24  0.03743 -2.79961e-03
 25  0.05305 -8.92129e-03 | 26  0.02985 -2.82006e-03 | 27  0.05218  7.01619e-03
 28  0.02532  8.18148e-03 | 29  0.02970  1.00402e-02 | 30  0.02106  4.22719e-03
 31  0.05678  1.21082e-02 | 32  0.08487  1.73562e-02 | 33 -0.02240  4.40983e-03
 34 -0.01782 -1.15807e-02 | 35  0.03060 -1.99281e-02 | 36 -0.25702 -7.99187e-04
 37  0.24402 -4.71887e-03 | 38  0.22629  2.46154e-02 | 39  0.24557 -8.30832e-02
 40  0.23728  7.87817e-02 | 41 -0.21108  7.32348e-02 | 42 -0.76975 -1.90473e-02
 43  0.35649 -1.41021e-02 | 44 -0.34721  5.24811e-03 | 45  1.00006  4.31553e-02
 46 -0.99570  2.10089e-03 | 47  0.21409 -2.47445e-02 | 48 -0.47937  2.01806e-02
 49  0.04418  1.15079e-02 | 50  0.02681  1.03048e-01 | 51 -0.19660  5.27865e-04
 52 -0.43773 -2.16992e-02 |
52 variables; iteration 280; function evaluation 346; phase 3
Function value 2.8101822e+03; maximum gradient component mag 7.4071e-02
Var    Value     Gradient |Var    Value     Gradient |Var    Value     Gradient
  1  0.05065  7.40714e-02 |  2 -0.00674  2.39983e-04 |  3  0.03420  1.24234e-03
  4 -0.01844 -5.69595e-04 |  5 -0.13881 -9.83837e-04 |  6 -0.02353  2.87577e-04
  7 -0.11428 -1.15205e-03 |  8 -0.07533 -2.11870e-03 |  9  0.00137 -9.60391e-04
 10  0.10557 -2.00022e-03 | 11 -0.02569 -1.14311e-03 | 12  0.01509 -8.50699e-04
 13  0.02799 -1.57314e-03 | 14  0.07209 -1.65461e-04 | 15  0.01686 -5.64057e-04
 16 -0.05498 -1.70538e-03 | 17 -0.00677 -1.85493e-03 | 18  0.07218  1.89637e-04
 19  0.11283  1.67992e-03 | 20 -0.04471 -1.24562e-03 | 21 -0.02326  4.30381e-05
 22 -0.01505  1.10661e-03 | 23 -0.04127 -2.26730e-04 | 24  0.03743 -4.82368e-04
 25  0.05305 -1.71153e-03 | 26  0.02985  4.53117e-05 | 27  0.05218  3.19784e-03
 28  0.02532  2.55462e-03 | 29  0.02969  2.75433e-03 | 30  0.02106  8.75077e-04
 31  0.05678  4.19687e-03 | 32  0.08487  6.45538e-03 | 33 -0.02240  1.24710e-03
 34 -0.01782 -2.99799e-03 | 35  0.03060 -3.90246e-03 | 36 -0.25702 -8.88111e-04
 37  0.24402  3.90846e-03 | 38  0.22629  9.65511e-03 | 39  0.24557 -1.99562e-02
 40  0.23728  2.86564e-02 | 41 -0.27342  8.79137e-03 | 42 -0.74388  4.06229e-02
 43  0.35649 -4.20928e-03 | 44 -0.34721  1.68964e-03 | 45  1.00001 -6.65321e-03
 46 -0.99572  4.30229e-04 | 47  0.21409 -5.24931e-03 | 48 -0.47937  4.32658e-03
 49  0.08416  4.35971e-03 | 50  0.06669  1.26526e-02 | 51 -0.20994  3.03275e-03
 52 -0.45429  6.46174e-02 |
52 variables; iteration 300; function evaluation 369; phase 3
Function value 2.8101822e+03; maximum gradient component mag -4.9757e-02
Var    Value     Gradient |Var    Value     Gradient |Var    Value     Gradient
  1  0.05065 -4.97574e-02 |  2 -0.00674  1.02432e-03 |  3  0.03420  9.70151e-04
  4 -0.01844  7.32167e-04 |  5 -0.13881  7.51367e-04 |  6 -0.02353  1.16618e-03
  7 -0.11428  7.04487e-04 |  8 -0.07533 -2.36782e-06 |  9  0.00137  3.76775e-04
 10  0.10557 -1.41402e-03 | 11 -0.02569 -3.32581e-05 | 12  0.01509 -8.15546e-04
 13  0.02799 -1.66531e-03 | 14  0.07209 -2.42117e-03 | 15  0.01686 -6.29995e-04
 16 -0.05498 -4.04754e-04 | 17 -0.00677 -4.88578e-04 | 18  0.07218  4.63307e-04
 19  0.11283  9.78154e-04 | 20 -0.04471  4.37657e-04 | 21 -0.02326  8.35310e-04
 22 -0.01505  1.28498e-03 | 23 -0.04127  6.06547e-04 | 24  0.03743 -4.85287e-04
 25  0.05305 -1.97592e-03 | 26  0.02985 -1.19829e-03 | 27  0.05218  1.00035e-04
 28  0.02532  5.27691e-04 | 29  0.02969  1.44129e-03 | 30  0.02106  5.51947e-04
 31  0.05678  1.93360e-03 | 32  0.08487  1.41263e-03 | 33 -0.02240  1.31915e-04
 34 -0.01782 -2.54147e-03 | 35  0.03060 -3.52331e-03 | 36 -0.25702  8.64383e-04
 37  0.24402 -8.49279e-03 | 38  0.22629 -1.00478e-03 | 39  0.24557 -1.59795e-02
 40  0.23728  4.99005e-03 | 41 -0.29330 -2.07290e-02 | 42 -0.73484  3.72024e-03
 43  0.35649 -2.05177e-03 | 44 -0.34721  7.39208e-04 | 45  1.00002  8.82369e-03
 46 -0.99572  2.95275e-04 | 47  0.21409 -5.36772e-03 | 48 -0.47937  3.61778e-03
 49  0.09662 -1.82046e-03 | 50  0.07911 -2.81865e-02 | 51 -0.21494  1.36629e-03
 52 -0.46057  1.05383e-02 |
52 variables; iteration 320; function evaluation 390; phase 3
Function value 2.8101821e+03; maximum gradient component mag 8.6189e-01
Var    Value     Gradient |Var    Value     Gradient |Var    Value     Gradient
  1  0.05065  8.61892e-01 |  2 -0.00674 -6.21997e-03 |  3  0.03421  1.49608e-03
  4 -0.01844 -7.47470e-03 |  5 -0.13881 -1.22335e-02 |  6 -0.02353 -4.71555e-03
  7 -0.11428 -1.33180e-02 |  8 -0.07533 -1.38659e-02 |  9  0.00137 -8.53529e-03
 10  0.10557  7.12997e-05 | 11 -0.02569 -7.11154e-03 | 12  0.01509 -8.10481e-04
 13  0.02799  7.52379e-04 | 14  0.07209  1.15050e-02 | 15  0.01686  7.96959e-04
 16 -0.05498 -5.97747e-03 | 17 -0.00677 -6.34617e-03 | 18  0.07218 -1.67686e-03
 19  0.11283  5.36267e-03 | 20 -0.04471 -9.55958e-03 | 21 -0.02326 -3.38584e-03
 22 -0.01505  1.15610e-03 | 23 -0.04127 -1.26548e-03 | 24  0.03743  4.21395e-03
 25  0.05305  3.53445e-03 | 26  0.02985  1.08229e-02 | 27  0.05218  1.85277e-02
 28  0.02532  1.15952e-02 | 29  0.02969  6.79968e-03 | 30  0.02106  1.34433e-03
 31  0.05678  1.37355e-02 | 32  0.08487  3.22746e-02 | 33 -0.02240  8.41730e-03
 34 -0.01782 -2.85590e-03 | 35  0.03060 -1.60670e-02 | 36 -0.25702 -1.24880e-02
 37  0.24402  5.74356e-02 | 38  0.22629  4.43129e-02 | 39  0.24557 -3.32641e-02
 40  0.23728  1.33267e-01 | 41 -0.26200  3.95094e-01 | 42 -0.71974 -2.84817e-02
 43  0.35649 -1.03320e-02 | 44 -0.34721  2.26775e-03 | 45  0.99994 -4.20574e-02
 46 -0.99571  9.71213e-04 | 47  0.21409 -7.21132e-03 | 48 -0.47937  7.22194e-03
 49  0.07695  5.59185e-02 | 50  0.05951  5.71062e-01 | 51 -0.22367 -1.09943e-02
 52 -0.47162 -2.39155e-02 |
52 variables; iteration 340; function evaluation 417; phase 3
Function value 2.8101818e+03; maximum gradient component mag 1.7038e-01
Var    Value     Gradient |Var    Value     Gradient |Var    Value     Gradient
  1  0.05065  1.70375e-01 |  2 -0.00674  1.81928e-04 |  3  0.03420  2.08850e-03
  4 -0.01844 -1.25396e-03 |  5 -0.13881 -2.35943e-03 |  6 -0.02353  2.00446e-04
  7 -0.11428 -3.00504e-03 |  8 -0.07533 -4.07125e-03 |  9  0.00137 -1.96945e-03
 10  0.10557 -2.42813e-03 | 11 -0.02569 -2.65821e-03 | 12  0.01509 -1.23667e-03
 13  0.02799 -2.28950e-03 | 14  0.07209 -1.62279e-04 | 15  0.01686 -9.43454e-04
 16 -0.05498 -3.35042e-03 | 17 -0.00677 -3.43424e-03 | 18  0.07218 -1.70583e-04
 19  0.11283  2.39748e-03 | 20 -0.04471 -1.84158e-03 | 21 -0.02326  2.36602e-04
 22 -0.01505  1.79519e-03 | 23 -0.04127 -2.81620e-04 | 24  0.03743 -4.69730e-04
 25  0.05305 -2.18745e-03 | 26  0.02985  7.05909e-04 | 27  0.05218  6.25041e-03
 28  0.02532  4.60379e-03 | 29  0.02969  5.03363e-03 | 30  0.02106  1.16487e-03
 31  0.05678  7.17241e-03 | 32  0.08487  1.23540e-02 | 33 -0.02240  2.77008e-03
 34 -0.01782 -4.88117e-03 | 35  0.03060 -7.82170e-03 | 36 -0.25702 -2.21851e-03
 37  0.24402  1.27348e-02 | 38  0.22629  1.36088e-02 | 39  0.24557 -3.45694e-02
 40  0.23728  5.30608e-02 | 41 -0.16290  5.95648e-02 | 42 -0.68472  5.24356e-02
 43  0.35649 -7.88924e-03 | 44 -0.34721  2.66722e-03 | 45  0.99999 -1.25135e-03
 46 -0.99571  9.37368e-04 | 47  0.21409 -9.98031e-03 | 48 -0.47937  7.70382e-03
 49  0.01244  1.16013e-02 | 50 -0.00490  7.92228e-02 | 51 -0.24589  2.03292e-03
 52 -0.50031  6.03320e-02 |
52 variables; iteration 360; function evaluation 442; phase 3
Function value 2.8101818e+03; maximum gradient component mag 1.2157e-01
Var    Value     Gradient |Var    Value     Gradient |Var    Value     Gradient
  1  0.05065  1.21568e-01 |  2 -0.00674  3.40600e-04 |  3  0.03420  1.64514e-03
  4 -0.01844 -8.18954e-04 |  5 -0.13881 -1.57393e-03 |  6 -0.02353  4.02485e-04
  7 -0.11428 -2.02220e-03 |  8 -0.07533 -3.28440e-03 |  9  0.00137 -1.43351e-03
 10  0.10557 -2.53370e-03 | 11 -0.02569 -2.04101e-03 | 12  0.01509 -1.19211e-03
 13  0.02799 -2.47226e-03 | 14  0.07209 -7.81826e-04 | 15  0.01686 -7.57692e-04
 16 -0.05498 -2.69680e-03 | 17 -0.00677 -2.83907e-03 | 18  0.07218  2.66754e-04
 19  0.11283  2.68224e-03 | 20 -0.04471 -1.40370e-03 | 21 -0.02326  4.33751e-04
 22 -0.01505  1.72716e-03 | 23 -0.04127 -2.15026e-04 | 24  0.03743 -4.12782e-04
 25  0.05305 -2.38932e-03 | 26  0.02985  1.65414e-04 | 27  0.05218  4.76805e-03
 28  0.02532  3.90959e-03 | 29  0.02969  4.67714e-03 | 30  0.02106  1.44591e-03
 31  0.05678  6.16989e-03 | 32  0.08487  1.00719e-02 | 33 -0.02240  2.22541e-03
 34 -0.01782 -4.45814e-03 | 35  0.03060 -7.34934e-03 | 36 -0.25702 -1.47839e-03
 37  0.24402  7.72350e-03 | 38  0.22629  1.11510e-02 | 39  0.24557 -3.16017e-02
 40  0.23728  4.45477e-02 | 41 -0.07780  4.01123e-02 | 42 -0.65796  5.51744e-02
 43  0.35649 -6.41208e-03 | 44 -0.34721  2.11354e-03 | 45  0.99998 -5.41348e-03
 46 -0.99571  8.12904e-04 | 47  0.21409 -8.88978e-03 | 48 -0.47937  7.03293e-03
 49 -0.04502  8.78696e-03 | 50 -0.06243  4.97661e-02 | 51 -0.26473  1.75032e-03
 52 -0.52534  5.53183e-02 |
52 variables; iteration 380; function evaluation 462; phase 3
Function value 2.8101818e+03; maximum gradient component mag 5.2921e-03
Var    Value     Gradient |Var    Value     Gradient |Var    Value     Gradient
  1  0.05065  3.88600e-03 |  2 -0.00674  6.77113e-05 |  3  0.03420  1.37216e-04
  4 -0.01844 -1.17867e-05 |  5 -0.13881 -4.72044e-05 |  6 -0.02353  7.64490e-05
  7 -0.11428 -6.96662e-05 |  8 -0.07533 -1.65516e-04 |  9  0.00137 -5.02352e-05
 10  0.10557 -1.72758e-04 | 11 -0.02569 -1.02535e-04 | 12  0.01510 -8.61727e-05
 13  0.02799 -2.07933e-04 | 14  0.07209 -1.24705e-04 | 15  0.01686 -6.33816e-05
 16 -0.05498 -1.69082e-04 | 17 -0.00677 -1.76076e-04 | 18  0.07218  3.88555e-05
 19  0.11283  1.79455e-04 | 20 -0.04471 -4.71186e-05 | 21 -0.02327  5.09969e-05
 22 -0.01505  1.00072e-04 | 23 -0.04127 -2.45471e-05 | 24  0.03743 -7.69218e-05
 25  0.05305 -2.07419e-04 | 26  0.02985 -6.19633e-05 | 27  0.05218  2.56522e-04
 28  0.02532  2.26749e-04 | 29  0.02969  2.75877e-04 | 30  0.02106  6.98466e-05
 31  0.05678  3.60060e-04 | 32  0.08487  5.59794e-04 | 33 -0.02240  1.21850e-04
 34 -0.01782 -2.89055e-04 | 35  0.03060 -4.42058e-04 | 36 -0.25702 -2.91010e-05
 37  0.24402  1.89156e-04 | 38  0.22629  7.29402e-04 | 39  0.24557 -2.17641e-03
 40  0.23728  2.65197e-03 | 41 -0.05860  4.16326e-08 | 42 -0.65235  4.91409e-03
 43  0.35649 -3.80022e-04 | 44 -0.34721  1.15964e-04 | 45  0.99999  1.63564e-03
 46 -0.99572  5.43105e-05 | 47  0.21409 -6.40190e-04 | 48 -0.47937  4.88599e-04
 49 -0.05819  3.23935e-04 | 50 -0.07563 -5.64469e-04 | 51 -0.26888  1.95026e-04
 52 -0.53097  5.29212e-03 |
52 variables; iteration 400; function evaluation 484; phase 3
Function value 2.8101818e+03; maximum gradient component mag -5.1440e-02
Var    Value     Gradient |Var    Value     Gradient |Var    Value     Gradient
  1  0.05065 -4.60075e-02 |  2 -0.00674  6.36382e-04 |  3  0.03420  3.52619e-04
  4 -0.01844  4.62766e-04 |  5 -0.13881  6.67419e-04 |  6 -0.02353  5.32227e-04
  7 -0.11428  6.75321e-04 |  8 -0.07533  4.22134e-04 |  9  0.00137  3.87842e-04
 10  0.10557 -5.70830e-04 | 11 -0.02569  1.52624e-04 | 12  0.01510 -2.35573e-04
 13  0.02799 -7.94873e-04 | 14  0.07209 -1.07347e-03 | 15  0.01686 -3.38984e-04
 16 -0.05498 -2.92071e-04 | 17 -0.00677 -2.60119e-04 | 18  0.07218  2.74640e-04
 19  0.11283  3.32221e-04 | 20 -0.04471  3.78656e-04 | 21 -0.02327  2.92124e-04
 22 -0.01505  2.02774e-04 | 23 -0.04127 -1.16999e-04 | 24  0.03743 -5.51516e-04
 25  0.05305 -8.83129e-04 | 26  0.02985 -9.24643e-04 | 27  0.05218 -3.12285e-04
 28  0.02532 -7.00532e-05 | 29  0.02969  4.12789e-04 | 30  0.02106  8.11655e-05
 31  0.05678  3.15584e-04 | 32  0.08487 -1.86315e-04 | 33 -0.02240 -1.89071e-04
 34 -0.01782 -7.68567e-04 | 35  0.03060 -3.93895e-05 | 36 -0.25702  7.81573e-04
 37  0.24402 -2.80981e-03 | 38  0.22629 -3.36787e-04 | 39  0.24557 -4.54995e-03
 40  0.23728  8.12071e-05 | 41 -0.08396 -3.73014e-02 | 42 -0.64631  3.48116e-02
 43  0.35649 -5.24654e-04 | 44 -0.34721  2.45343e-04 | 45  0.99999 -1.78855e-03
 46 -0.99572  9.49108e-05 | 47  0.21409 -1.42418e-03 | 48 -0.47937  1.04092e-03
 49 -0.04081 -2.95023e-03 | 50 -0.05821 -5.14396e-02 | 51 -0.27344  2.07792e-03
 52 -0.53718  3.21784e-02 |
52 variables; iteration 420; function evaluation 506; phase 3
Function value 2.8101818e+03; maximum gradient component mag -1.0870e-02
Var    Value     Gradient |Var    Value     Gradient |Var    Value     Gradient
  1  0.05065 -6.81254e-03 |  2 -0.00674 -1.39397e-04 |  3  0.03420 -2.51634e-04
  4 -0.01844  1.27554e-05 |  5 -0.13881  7.00959e-05 |  6 -0.02353 -1.68727e-04
  7 -0.11428  1.13818e-04 |  8 -0.07533  3.42881e-04 |  9  0.00137  9.23663e-05
 10  0.10557  4.13435e-04 | 11 -0.02569  1.99699e-04 | 12  0.01510  1.79799e-04
 13  0.02799  2.93625e-04 | 14  0.07209  3.27633e-04 | 15  0.01686  4.99715e-05
 16 -0.05498  1.37898e-04 | 17 -0.00677  2.12051e-04 | 18  0.07218 -4.29890e-06
 19  0.11283 -1.94301e-04 | 20 -0.04471  1.26518e-05 | 21 -0.02327 -1.86947e-04
 22 -0.01505 -3.33556e-04 | 23 -0.04127 -1.31253e-04 | 24  0.03743  1.62215e-04
 25  0.05305  5.00847e-04 | 26  0.02985  1.37317e-04 | 27  0.05218 -4.54258e-04
 28  0.02532 -4.74436e-04 | 29  0.02969 -5.51905e-04 | 30  0.02106 -1.93679e-04
 31  0.05678 -7.15521e-04 | 32  0.08487 -9.78723e-04 | 33 -0.02240 -2.35041e-04
 34 -0.01782  6.75461e-04 | 35  0.03060  1.17163e-03 | 36 -0.25702  9.20676e-05
 37  0.24402  6.32107e-04 | 38  0.22629 -9.92175e-04 | 39  0.24557  4.80997e-03
 40  0.23728 -4.11877e-03 | 41 -0.07337 -7.98927e-03 | 42 -0.64235  6.24552e-03
 43  0.35649  8.58258e-04 | 44 -0.34721 -3.12517e-04 | 45  0.99999  1.10532e-03
 46 -0.99572 -1.15150e-04 | 47  0.21409  1.54784e-03 | 48 -0.47937 -1.15408e-03
 49 -0.04806 -7.99997e-04 | 50 -0.06547 -1.08701e-02 | 51 -0.27648  1.11896e-04
 52 -0.54134  5.88278e-03 |
Estimating row 1 out of 52 for hessian
Estimating row 2 out of 52 for hessian
Estimating row 3 out of 52 for hessian
Estimating row 4 out of 52 for hessian
Estimating row 5 out of 52 for hessian
Estimating row 6 out of 52 for hessian
Estimating row 7 out of 52 for hessian
Estimating row 8 out of 52 for hessian
Estimating row 9 out of 52 for hessian
Estimating row 10 out of 52 for hessian
Estimating row 11 out of 52 for hessian
Estimating row 12 out of 52 for hessian
Estimating row 13 out of 52 for hessian
Estimating row 14 out of 52 for hessian
Estimating row 15 out of 52 for hessian
Estimating row 16 out of 52 for hessian
Estimating row 17 out of 52 for hessian
Estimating row 18 out of 52 for hessian
Estimating row 19 out of 52 for hessian
Estimating row 20 out of 52 for hessian
Estimating row 21 out of 52 for hessian
Estimating row 22 out of 52 for hessian
Estimating row 23 out of 52 for hessian
Estimating row 24 out of 52 for hessian
Estimating row 25 out of 52 for hessian
Estimating row 26 out of 52 for hessian
Estimating row 27 out of 52 for hessian
Estimating row 28 out of 52 for hessian
Estimating row 29 out of 52 for hessian
Estimating row 30 out of 52 for hessian
Estimating row 31 out of 52 for hessian
Estimating row 32 out of 52 for hessian
Estimating row 33 out of 52 for hessian
Estimating row 34 out of 52 for hessian
Estimating row 35 out of 52 for hessian
Estimating row 36 out of 52 for hessian
Estimating row 37 out of 52 for hessian
Estimating row 38 out of 52 for hessian
Estimating row 39 out of 52 for hessian
Estimating row 40 out of 52 for hessian
Estimating row 41 out of 52 for hessian
Estimating row 42 out of 52 for hessian
Estimating row 43 out of 52 for hessian
Estimating row 44 out of 52 for hessian
Estimating row 45 out of 52 for hessian
Estimating row 46 out of 52 for hessian
Estimating row 47 out of 52 for hessian
Estimating row 48 out of 52 for hessian
Estimating row 49 out of 52 for hessian
Estimating row 50 out of 52 for hessian
Estimating row 51 out of 52 for hessian
Estimating row 52 out of 52 for hessian
size of file gradfil1.tmp = 0
size of file gradfil2.tmp = 0
size of file varssave.tmp = 0
size of file cmpdiff.tmp = 0
