
Initial statistics: 36 variables; iteration 0; function evaluation 0; phase 1
Function value 6.0225562e+03; maximum gradient component mag -2.2959e+04
Var    Value     Gradient |Var    Value     Gradient |Var    Value     Gradient
  1  0.02505 -2.29591e+04 |  2 -0.00990  2.38909e+02 |  3  0.08305  1.87875e+02
  4 -0.00959  1.44773e+02 |  5 -0.21068  1.73893e+02 |  6 -0.08414 -3.33190e+01
  7 -0.07616  4.48217e+02 |  8 -0.13941  2.24030e+02 |  9  0.00561  1.98758e+02
 10  0.14370 -9.36781e+01 | 11 -0.02710  1.55959e+02 | 12  0.03263  1.25449e+02
 13  0.00978 -4.82177e+01 | 14  0.07728 -2.37237e+02 | 15  0.01133  4.83837e+01
 16 -0.02193 -7.05140e+02 | 17 -0.00798 -2.03620e+02 | 18  0.06786 -7.87761e+02
 19  0.00948 -2.55971e+02 | 20 -0.00301  1.95744e+02 | 21 -0.10063  1.55648e+02
 22 -0.02378  4.09679e+01 | 23  0.00532  7.90617e+01 | 24  0.02048 -1.98812e+02
 25 -0.09187 -1.89172e+02 | 26  0.02953 -5.29580e+02 | 27  0.04703 -6.06960e+02
 28 -0.00855 -4.98566e+02 | 29  0.03088  1.47723e+01 | 30 -0.01422  1.18443e+02
 31  0.08523  5.62490e+02 | 32  0.05884  1.04476e+02 | 33  0.02047  9.59210e+01
 34  0.02787  3.47570e+02 | 35  0.01927  1.22559e+02 | 36  0.03942  5.88153e+02

Intermediate statistics: 36 variables; iteration 20; function evaluation 27; phase 1
Function value 5.6806128e+03; maximum gradient component mag -2.0621e+03
Var    Value     Gradient |Var    Value     Gradient |Var    Value     Gradient
  1  0.04822 -2.06212e+03 |  2  0.01016  3.05663e+01 |  3  0.05157 -1.82591e+00
  4  0.00402  1.74714e+01 |  5 -0.13144  4.16565e+00 |  6  0.03159  6.42461e+01
  7 -0.08818 -5.94638e+00 |  8 -0.02338  6.06878e+01 |  9  0.02821  4.03447e+01
 10  0.12882  7.60714e+01 | 11 -0.00098  4.30137e+01 | 12  0.04479  9.59630e+01
 13  0.06237  1.44330e+02 | 14  0.07389  1.24045e+02 | 15 -0.03931  2.14725e+01
 16  0.08476  2.83970e+02 | 17 -0.09751 -1.04666e+02 | 18  0.15795  1.87227e+02
 19  0.08422  1.26823e+02 | 20 -0.03591 -3.09398e+01 | 21 -0.05319  4.06246e+01
 22  0.02246  8.83296e+01 | 23  0.00485  7.24603e+01 | 24  0.01647  6.61685e+01
 25  0.02231  9.78181e+01 | 26 -0.03886 -1.71075e+02 | 27 -0.00292 -5.64355e+02
 28 -0.02850 -4.29915e+02 | 29 -0.02728 -3.04586e+02 | 30 -0.02715 -9.82921e+01
 31 -0.03478 -2.34040e+02 | 32  0.04324 -3.59511e+01 | 33  0.01139  4.76110e+01
 34 -0.06610 -1.03977e+02 | 35 -0.00077  4.54805e+01 | 36 -0.19815 -4.24594e+01
36 variables; iteration 40; function evaluation 60; phase 1
Function value 5.6355850e+03; maximum gradient component mag -5.9714e+02
Var    Value     Gradient |Var    Value     Gradient |Var    Value     Gradient
  1  0.04534 -5.97138e+02 |  2  0.01170  1.74735e+01 |  3  0.06767  1.29948e+01
  4  0.01552  2.28064e+01 |  5 -0.11405  9.58123e+00 |  6  0.00244  3.92333e+00
  7 -0.09855 -1.17011e-01 |  8 -0.06215  7.78101e+00 |  9  0.01264  3.45371e+00
 10  0.12615  1.47533e+01 | 11 -0.00435  1.49236e+01 | 12  0.03236  1.94239e+01
 13  0.05035  2.79455e+01 | 14  0.06270  6.87077e+00 | 15 -0.04301  7.32901e+00
 16  0.04931  2.23840e+01 | 17 -0.07443 -1.09427e+01 | 18  0.13207 -5.68564e-02
 19  0.05742  7.64207e+00 | 20 -0.02765  1.91319e+01 | 21 -0.06444  1.69086e+01
 22  0.01275  3.37523e+01 | 23  0.00028  2.25725e+01 | 24  0.01196  1.20522e+01
 25  0.00633  3.69322e+01 | 26 -0.00754 -1.06792e+00 | 27  0.02588 -7.52595e+01
 28 -0.01210 -7.62945e+01 | 29  0.00086 -4.48765e+01 | 30 -0.02866 -1.69565e+01
 31 -0.00271 -3.70100e+01 | 32  0.04237 -2.46678e+01 | 33  0.00717 -1.04544e+01
 34 -0.03829 -1.85914e+01 | 35 -0.00095 -3.20149e+00 | 36 -0.14881  5.82159e+00

 - final statistics:
36 variables; iteration 47; function evaluation 70
Function value 5.6339e+03; maximum gradient component mag -2.3856e+00
Exit code = 1;  converg criter 1.0000e+01
Var    Value     Gradient |Var    Value     Gradient |Var    Value     Gradient
  1  0.04568 -1.00684e+00 |  2  0.00618  1.00891e-01 |  3  0.06521  2.34137e-01
  4  0.00934  2.58676e-01 |  5 -0.11617  1.17195e-01 |  6  0.00806  1.26956e-01
  7 -0.08933 -6.67475e-03 |  8 -0.05737  5.44937e-02 |  9  0.01716  8.16937e-02
 10  0.12373  4.28180e-01 | 11 -0.00744  3.90924e-02 | 12  0.02911  1.60161e-02
 13  0.04608 -3.10928e-02 | 14  0.06409  1.66320e-01 | 15 -0.04186  2.85627e-01
 16  0.04821  5.13887e-01 | 17 -0.06724  6.51802e-01 | 18  0.13211  5.48816e-01
 19  0.05650  4.16881e-01 | 20 -0.03118  3.90108e-01 | 21 -0.06926  1.05413e-01
 22  0.00579  1.80912e-01 | 23 -0.00319  9.58987e-02 | 24  0.01359  3.77359e-01
 25 -0.00008 -5.39692e-02 | 26 -0.00620  8.12267e-01 | 27  0.02767  3.73171e-01
 28 -0.00809  5.26321e-01 | 29  0.00322  1.42425e-01 | 30 -0.02929 -4.80358e-01
 31  0.00048 -6.15671e-01 | 32  0.04265 -1.98702e+00 | 33  0.00987 -2.38559e+00
 34 -0.03014 -1.95922e+00 | 35 -0.00510 -1.68714e-01 | 36 -0.14760  6.02000e-02

Initial statistics: 46 variables; iteration 0; function evaluation 0; phase 2
Function value 5.6339243e+03; maximum gradient component mag 8.6373e+03
Var    Value     Gradient |Var    Value     Gradient |Var    Value     Gradient
  1  0.04568 -1.00684e+00 |  2  0.00618  1.16773e-01 |  3  0.06521  2.49936e-01
  4  0.00934  2.74557e-01 |  5 -0.11617  1.32813e-01 |  6  0.00806  1.42837e-01
  7 -0.08933  9.05173e-03 |  8 -0.05737  7.03118e-02 |  9  0.01716  9.75705e-02
 10  0.12373  4.43764e-01 | 11 -0.00744  5.49739e-02 | 12  0.02911  3.18821e-02
 13  0.04608 -1.52519e-02 | 14  0.06410  1.82122e-01 | 15 -0.04186  3.01475e-01
 16  0.04821  5.29724e-01 | 17 -0.06724  6.67596e-01 | 18  0.13211  5.64358e-01
 19  0.05650  4.32701e-01 | 20 -0.03118  4.05971e-01 | 21 -0.06926  1.21202e-01
 22  0.00579  1.96794e-01 | 23 -0.00319  1.11781e-01 | 24  0.01359  3.93238e-01
 25 -0.00008 -3.80867e-02 | 26 -0.00620  8.28148e-01 | 27  0.02767  3.89038e-01
 28 -0.00809  5.42202e-01 | 29  0.00322  1.58308e-01 | 30 -0.02929 -4.64492e-01
 31  0.00048 -5.99788e-01 | 32  0.04265 -1.97117e+00 | 33  0.00987 -2.36971e+00
 34 -0.03014 -1.94336e+00 | 35 -0.00510 -1.52832e-01 | 36 -0.14760  7.56576e-02
 37  0.25108 -5.31801e+03 | 38  0.22810 -7.95191e+03 | 39  0.35497  4.49920e+03
 40  0.29715  8.63733e+03 | 41 -0.04711 -7.51386e+02 | 42 -0.31175  2.50830e+03
 43 -0.00917 -8.53506e+01 | 44 -0.02218 -1.00995e+03 | 45 -0.38218  1.05153e+02
 46 -0.85749  4.52437e+02 |

Intermediate statistics: 46 variables; iteration 20; function evaluation 29; phase 2
Function value 5.0059555e+03; maximum gradient component mag -7.6199e+03
Var    Value     Gradient |Var    Value     Gradient |Var    Value     Gradient
  1  0.03354 -5.41366e+03 |  2  0.00531  7.43949e+01 |  3  0.04604  7.09154e+01
  4 -0.02184  7.03868e+01 |  5 -0.15416  6.45614e+01 |  6 -0.03520  6.47327e+01
  7 -0.14027  6.15424e+01 |  8 -0.08316  5.79013e+01 |  9  0.01189  2.71449e+01
 10  0.12529 -1.09653e+02 | 11 -0.01976 -2.93268e+01 | 12 -0.02615 -2.07515e+02
 13  0.04949 -3.51175e+02 | 14  0.07038 -4.56089e+02 | 15 -0.05444 -3.59381e+01
 16  0.05714 -2.38463e+02 | 17 -0.00853  8.78203e+01 | 18  0.10437 -2.94571e+02
 19  0.07029 -6.37421e+01 | 20 -0.06223 -6.78648e+01 | 21 -0.09182  3.28555e+01
 22 -0.02137 -6.17451e+01 | 23  0.02094 -5.30249e+01 | 24  0.01506 -7.37028e+01
 25  0.01387 -2.22141e+01 | 26  0.05095  5.55129e+01 | 27  0.05272 -3.18186e+01
 28  0.01122 -4.81357e+01 | 29  0.00453 -1.15199e+02 | 30 -0.00100  7.07973e+01
 31  0.03697  2.18539e+02 | 32  0.09307  4.34458e+02 | 33  0.04569  4.25676e+02
 34  0.00072  2.92742e+02 | 35  0.01896  1.28624e+02 | 36 -0.18861  3.03933e+01
 37  0.25221 -7.61993e+03 | 38  0.25059 -4.64337e+03 | 39  0.28219  1.08349e+03
 40  0.28650  6.48503e+03 | 41 -0.09510 -8.84084e+02 | 42 -0.50520  8.75942e+01
 43 -0.02125  8.12097e+00 | 44 -0.06506 -1.30172e+03 | 45 -0.44956 -5.61756e+01
 46 -0.80317  5.14115e+01 |
46 variables; iteration 40; function evaluation 58; phase 2
Function value 4.7429926e+03; maximum gradient component mag -1.8302e+03
Var    Value     Gradient |Var    Value     Gradient |Var    Value     Gradient
  1  0.03353  2.13586e+02 |  2  0.00340 -5.93285e+00 |  3  0.03570 -2.43536e+01
  4 -0.03073 -2.02856e+01 |  5 -0.17071 -3.36957e+01 |  6 -0.03397 -4.74815e+01
  7 -0.08758  6.62621e+01 |  8 -0.05876  1.03954e+01 |  9  0.00891 -1.38510e+01
 10  0.11613  3.64494e+00 | 11 -0.01537 -1.79220e+00 | 12  0.01695 -1.19575e+01
 13  0.02945 -8.06376e+01 | 14  0.07897  5.77318e+00 | 15 -0.06153 -2.90279e+01
 16  0.05144 -7.69521e+01 | 17 -0.04889 -4.87996e+01 | 18  0.09522 -1.47250e+02
 19  0.03950 -1.08899e+02 | 20 -0.04742  4.02253e+01 | 21 -0.10792 -1.39915e+00
 22 -0.02843 -1.89706e+01 | 23  0.01603  1.24823e+01 | 24  0.02835  6.06645e+01
 25  0.01973  2.22194e+01 | 26  0.05265  5.30355e+01 | 27  0.04505 -1.03847e+01
 28  0.03552  2.01754e+02 | 29  0.00658 -8.71564e+00 | 30  0.00857  3.43708e+01
 31  0.02487 -5.00659e+01 | 32  0.08739  3.53330e+01 | 33  0.02266  1.94584e+01
 34 -0.00110  3.68346e+01 | 35  0.03970  6.72743e+01 | 36 -0.17629 -8.32539e+00
 37  0.26886 -1.83017e+03 | 38  0.27134 -1.23031e+03 | 39  0.26322  5.72665e+01
 40  0.26049  1.07726e+03 | 41 -0.35683  4.11929e+02 | 42 -0.47895 -5.02504e+02
 43  0.18271  4.33834e+01 | 44  0.14958  6.43992e+02 | 45 -0.43301 -3.30606e+01
 46 -0.80607 -1.44544e+02 |

 - final statistics:
46 variables; iteration 58; function evaluation 83
Function value 4.7187e+03; maximum gradient component mag -1.4920e+00
Exit code = 1;  converg criter 1.0000e+01
Var    Value     Gradient |Var    Value     Gradient |Var    Value     Gradient
  1  0.03176 -1.49200e+00 |  2  0.00439  7.52530e-02 |  3  0.04742  1.14562e-01
  4 -0.01496 -2.82022e-02 |  5 -0.13957  4.62291e-02 |  6 -0.02370 -1.16883e-02
  7 -0.12092  6.06883e-02 |  8 -0.07240  9.58453e-03 |  9  0.01142  3.60014e-02
 10  0.11415  2.50248e-03 | 11 -0.01974 -9.80201e-03 | 12  0.00901  5.89402e-02
 13  0.04406  5.52021e-02 | 14  0.07559 -2.71481e-01 | 15 -0.05207 -1.02370e-01
 16  0.05263 -1.23013e-01 | 17 -0.04256  2.12037e-02 | 18  0.10195 -1.43096e-02
 19  0.05221 -5.59842e-03 | 20 -0.07033  5.14268e-02 | 21 -0.11255  6.87249e-02
 22 -0.02844 -3.37079e-02 | 23  0.01870 -2.16928e-02 | 24  0.01742 -2.16835e-03
 25  0.01878  4.13387e-02 | 26  0.05509  5.40955e-02 | 27  0.05882 -6.90430e-03
 28  0.01269 -4.52826e-02 | 29  0.00856  2.68539e-02 | 30  0.00504  6.72979e-02
 31  0.03478 -9.03336e-02 | 32  0.08640  8.56457e-02 | 33  0.02503 -8.27773e-02
 34  0.00131 -7.80256e-02 | 35  0.03694 -2.05552e-01 | 36 -0.19934  6.87628e-02
 37  0.27626 -4.72171e-01 | 38  0.28047 -3.26569e-01 | 39  0.26386  5.88158e-02
 40  0.25830 -2.21602e-01 | 41 -0.37317 -3.66957e-01 | 42 -0.49538  2.97368e-01
 43  0.18698  1.15017e-02 | 44  0.15339 -6.28601e-01 | 45 -0.40688 -2.08892e-02
 46 -0.75645  1.20815e-01 |

Initial statistics: 52 variables; iteration 0; function evaluation 0; phase 3
Function value 4.7187284e+03; maximum gradient component mag -3.9808e+03
Var    Value     Gradient |Var    Value     Gradient |Var    Value     Gradient
  1  0.03176 -1.49200e+00 |  2  0.00439  8.04912e-02 |  3  0.04742  1.19786e-01
  4 -0.01496 -2.29654e-02 |  5 -0.13957  5.13420e-02 |  6 -0.02370 -6.45363e-03
  7 -0.12092  6.58323e-02 |  8 -0.07240  1.47890e-02 |  9  0.01142  4.12388e-02
 10  0.11415  7.65677e-03 | 11 -0.01974 -4.56627e-03 | 12  0.00901  6.41780e-02
 13  0.04406  6.04278e-02 | 14  0.07559 -2.66279e-01 | 15 -0.05207 -9.71496e-02
 16  0.05263 -1.17793e-01 | 17 -0.04256  2.64303e-02 | 18  0.10195 -9.13838e-03
 19  0.05221 -3.77766e-04 | 20 -0.07033  5.66331e-02 | 21 -0.11255  7.38815e-02
 22 -0.02844 -2.84749e-02 | 23  0.01871 -1.64568e-02 | 24  0.01742  3.06795e-03
 25  0.01878  4.65747e-02 | 26  0.05509  5.93141e-02 | 27  0.05882 -1.68838e-03
 28  0.01269 -4.00454e-02 | 29  0.00856  3.20917e-02 | 30  0.00504  7.25360e-02
 31  0.03478 -8.51031e-02 | 32  0.08640  9.08357e-02 | 33  0.02503 -7.75431e-02
 34  0.00131 -7.27873e-02 | 35  0.03694 -2.00322e-01 | 36 -0.19934  7.37464e-02
 37  0.27626 -4.72171e-01 | 38  0.28047 -3.26569e-01 | 39  0.26386  5.88158e-02
 40  0.25830 -2.21602e-01 | 41 -0.37317 -3.66957e-01 | 42 -0.49538  2.97368e-01
 43  0.51415  1.13836e+02 | 44 -0.23329  5.90796e+01 | 45  0.06613 -3.98079e+03
 46 -0.89706  1.05604e+03 | 47  0.28224 -2.57186e+02 | 48 -0.33826  6.40104e+02
 49  0.18698  1.15017e-02 | 50  0.15339 -6.28601e-01 | 51 -0.40688 -2.08892e-02
 52 -0.75645  1.20815e-01 |

Intermediate statistics: 52 variables; iteration 20; function evaluation 28; phase 3
Function value 3.3921402e+03; maximum gradient component mag -7.6336e+03
Var    Value     Gradient |Var    Value     Gradient |Var    Value     Gradient
  1  0.02815 -7.63359e+03 |  2  0.00017  3.48779e+01 |  3  0.04487  8.92231e-01
  4 -0.01926  6.71143e+01 |  5 -0.15354  7.67096e+01 |  6 -0.02870  6.78545e+01
  7 -0.13102  8.58303e+01 |  8 -0.07055  8.67954e+01 |  9  0.02869  7.48074e+01
 10  0.14340  8.53305e+00 | 11 -0.01873  5.13502e+01 | 12  0.06645  7.04046e+01
 13  0.03160 -3.94209e+01 | 14  0.12099  1.35895e+01 | 15  0.15540  2.28252e+02
 16 -0.48773 -7.15611e+01 | 17  0.11710  2.07268e+02 | 18 -0.18430 -3.20181e+02
 19  0.16948  8.17539e+01 | 20  0.00606  1.31166e+02 | 21  0.02275  1.07881e+02
 22  0.07329  1.49709e+02 | 23 -0.01290  3.55634e+01 | 24  0.09724  1.33053e+02
 25  0.12417  1.45826e+02 | 26  0.05699 -9.48803e+01 | 27  0.08670 -1.86411e+02
 28  0.07756 -1.87514e+02 | 29 -0.09702 -3.78971e+02 | 30  0.05555 -2.38360e+02
 31  0.10071 -1.61653e+02 | 32  0.14593 -2.57415e+02 | 33 -0.01882 -1.65582e+02
 34 -0.02802 -1.64670e+02 | 35  0.08613 -1.04902e+01 | 36 -0.83756 -7.44123e+00
 37  0.24906  1.63225e+03 | 38  0.21765 -3.10691e+03 | 39  0.23485 -4.43446e+02
 40  0.22978 -3.35179e+03 | 41 -0.42139 -8.42131e+02 | 42 -0.49252  1.23760e+03
 43  0.27403 -1.46170e+02 | 44 -0.02471  5.74684e+01 | 45  0.63854 -1.43348e+03
 46 -0.76887  7.14064e+02 | 47  0.21295  1.23662e+03 | 48 -0.50910 -1.31389e+03
 49  0.20982 -8.14168e+01 | 50  0.14302 -1.42994e+03 | 51 -0.38635  6.29714e+01
 52 -0.75559  4.64990e+02 |
52 variables; iteration 40; function evaluation 52; phase 3
Function value 3.2664380e+03; maximum gradient component mag -8.1157e+03
Var    Value     Gradient |Var    Value     Gradient |Var    Value     Gradient
  1  0.02793 -8.11567e+03 |  2  0.00865  2.70084e+02 |  3  0.06054  2.83934e+02
  4 -0.02806  2.15049e+02 |  5 -0.14004  2.67400e+02 |  6 -0.03817  1.79638e+02
  7 -0.09359  3.31373e+02 |  8 -0.03709  3.14082e+02 |  9  0.03939  2.88921e+02
 10  0.16206  3.29629e+02 | 11 -0.02007  2.48857e+02 | 12  0.03655  2.01361e+02
 13  0.05350  2.09163e+02 | 14  0.15687  3.79284e+02 | 15  0.15146  3.72730e+02
 16 -0.60369  6.43329e+01 | 17  0.08608  3.93375e+02 | 18  0.10205  1.88344e+02
 19  0.13110  8.68110e+01 | 20 -0.03207  2.34160e+02 | 21 -0.00552  2.28064e+02
 22  0.09562  3.99313e+02 | 23 -0.00838  2.37374e+02 | 24  0.07963  2.38957e+02
 25  0.13481  2.49558e+02 | 26  0.04026  5.70748e+00 | 27  0.08785 -8.25333e+01
 28  0.06495 -9.76262e+01 | 29 -0.00224 -1.78643e+02 | 30  0.01088 -1.76851e+02
 31  0.11370  4.16644e+01 | 32  0.17131 -5.65980e+01 | 33 -0.19134 -5.28430e+01
 34  0.04275  7.04549e+01 | 35  0.05595 -5.42976e+01 | 36 -1.22305 -5.44584e+01
 37  0.24793  1.39453e+02 | 38  0.21092 -3.81579e+03 | 39  0.23944 -3.68416e+02
 40  0.23482 -2.82526e+03 | 41 -0.74001 -6.10434e-01 | 42 -0.52424 -5.20140e+02
 43  0.33757 -8.34920e+01 | 44 -0.03608  9.87439e+01 | 45  0.69481 -9.41326e+02
 46 -0.77826  4.95808e+02 | 47  0.20987  4.03031e+02 | 48 -0.50286 -7.22302e+02
 49  0.34430  6.79344e+01 | 50  0.29081 -7.30978e+01 | 51 -0.42818 -1.01621e+02
 52 -0.74996 -1.73444e+02 |
52 variables; iteration 60; function evaluation 86; phase 3
Function value 2.9955037e+03; maximum gradient component mag 1.7778e+03
Var    Value     Gradient |Var    Value     Gradient |Var    Value     Gradient
  1  0.03410  3.27411e+02 |  2  0.00278 -5.28968e+01 |  3  0.05983 -2.42032e+01
  4 -0.01095 -6.88832e+01 |  5 -0.11771 -3.94819e+01 |  6 -0.00302 -7.15661e+01
  7 -0.05357  2.70569e+01 |  8 -0.04144 -3.48862e+01 |  9  0.02967 -2.11040e+01
 10  0.12843  3.06452e+01 | 11 -0.00060 -1.25874e+01 | 12  0.05373  4.58711e+01
 13  0.05566  1.73653e+01 | 14  0.10115 -3.66576e+00 | 15  0.10672  6.80818e+01
 16 -0.38463 -2.28234e+02 | 17 -0.04628 -2.01256e+02 | 18  0.04488 -2.05431e+02
 19  0.12520 -2.71924e+00 | 20 -0.01429  4.61301e+01 | 21 -0.03088 -6.25406e+01
 22 -0.00830 -7.04533e+01 | 23  0.03097  7.32074e+01 | 24  0.04305 -8.24340e+01
 25  0.04487 -1.83001e+02 | 26  0.03036 -2.35391e+02 | 27  0.08874  9.31660e+01
 28  0.01231 -1.34214e+02 | 29  0.06854  1.71366e+02 | 30  0.03629  4.87571e+01
 31  0.06215  1.20853e+01 | 32  0.11786  9.71047e+01 | 33 -0.04181 -1.58135e+02
 34  0.00551 -3.87530e+01 | 35  0.03766  1.21475e+01 | 36 -0.76241 -6.70530e+01
 37  0.25637  1.77777e+03 | 38  0.22693 -1.33426e+03 | 39  0.26204  2.33423e+02
 40  0.25185  1.00523e+03 | 41 -0.59320 -4.98180e+01 | 42 -0.48556 -9.11954e-01
 43  0.34235 -3.41290e+02 | 44 -0.36098  1.69694e+01 | 45  0.76870 -4.27384e+02
 46 -0.79742  1.96950e+02 | 47  0.20848 -6.34885e+02 | 48 -0.47862  3.32150e+02
 49  0.30597  4.80451e+01 | 50  0.24414 -1.62912e+02 | 51 -0.40283 -9.99121e+00
 52 -0.82089  3.16236e+00 |
52 variables; iteration 80; function evaluation 107; phase 3
Function value 2.8132627e+03; maximum gradient component mag -2.3296e+02
Var    Value     Gradient |Var    Value     Gradient |Var    Value     Gradient
  1  0.05554  1.16294e+02 |  2 -0.00649  7.71945e+00 |  3  0.03749  1.41030e+01
  4 -0.01241  8.18160e+00 |  5 -0.13187  5.60551e+00 |  6 -0.01693  8.88541e+00
  7 -0.10725  4.14285e+00 |  8 -0.07102  6.68912e+00 |  9  0.00142  6.60273e+00
 10  0.10302  1.70823e+00 | 11 -0.02539  7.51226e+00 | 12  0.01584  4.65423e+00
 13  0.02617  7.27400e+00 | 14  0.06498 -1.13589e+01 | 15  0.01041 -6.79084e+00
 16 -0.05501  4.11101e+00 | 17 -0.00364  7.61586e+00 | 18  0.07117 -5.28713e+00
 19  0.11502  4.96910e+00 | 20 -0.04447  6.75406e-01 | 21 -0.02207  3.79352e+00
 22 -0.01553  6.76326e+00 | 23 -0.04667  5.57049e+00 | 24  0.03316  5.99721e+00
 25  0.05167  7.37299e+00 | 26  0.03041  1.11942e+01 | 27  0.05083  6.29032e+00
 28  0.02748  1.62831e+01 | 29  0.03250  8.18600e+00 | 30  0.02402  6.94311e+00
 31  0.05738  6.58246e+00 | 32  0.08475  2.08085e+01 | 33 -0.02667  7.04722e+00
 34 -0.02011  2.02662e+01 | 35  0.03231  2.07473e+01 | 36 -0.26556 -2.63778e+00
 37  0.23931 -2.32963e+02 | 38  0.22338 -1.38884e+01 | 39  0.24157 -9.56302e+00
 40  0.23250 -1.33683e+01 | 41 -0.65015  1.60792e+01 | 42 -0.46492 -8.06712e+00
 43  0.35228  2.84131e+01 | 44 -0.34830 -1.09564e+01 | 45  0.99534 -4.36654e+00
 46 -0.84576  4.27727e+01 | 47  0.21253 -2.00097e+01 | 48 -0.47893  2.47755e+01
 49  0.27488  7.84153e+00 | 50  0.26205  3.31416e+01 | 51 -0.46068 -5.98667e+00
 52 -0.90102 -6.07004e-02 |
52 variables; iteration 100; function evaluation 127; phase 3
Function value 2.8102429e+03; maximum gradient component mag 5.2288e+01
Var    Value     Gradient |Var    Value     Gradient |Var    Value     Gradient
  1  0.05055  5.22876e+01 |  2 -0.00718 -2.87487e+00 |  3  0.03373 -4.23869e+00
  4 -0.01745  3.88666e-01 |  5 -0.13774 -6.84514e-01 |  6 -0.02210  9.76668e-01
  7 -0.11350 -1.82524e+00 |  8 -0.07496 -1.63089e+00 |  9  0.00134 -1.36689e+00
 10  0.10505 -1.67961e+00 | 11 -0.02617 -1.57482e+00 | 12  0.01479 -3.75713e-01
 13  0.02758 -1.60067e+00 | 14  0.07180 -9.67030e-01 | 15  0.01447 -8.39531e+00
 16 -0.05577 -4.04259e+00 | 17 -0.00763 -2.27806e+00 | 18  0.07165 -8.27318e-01
 19  0.11193 -1.70462e+00 | 20 -0.04523 -7.79989e-01 | 21 -0.02431 -2.25541e+00
 22 -0.01634 -4.35619e+00 | 23 -0.04108 -1.43350e+00 | 24  0.03685 -1.85822e+00
 25  0.05285 -2.39767e-01 | 26  0.02927 -1.79116e+00 | 27  0.05261  4.33490e+00
 28  0.02526  2.07927e+00 | 29  0.02967  1.35202e+00 | 30  0.02082  4.29697e-01
 31  0.05627 -1.08144e+00 | 32  0.08426 -1.48840e+00 | 33 -0.02226  1.08794e+00
 34 -0.01776  1.80033e+00 | 35  0.03278  1.20247e+01 | 36 -0.25080  1.03704e+00
 37  0.24446  4.89394e+01 | 38  0.22641 -2.68702e+00 | 39  0.24588  3.71097e-01
 40  0.23749  2.69622e+01 | 41 -0.70487  1.71135e+00 | 42 -0.46584 -5.29544e+00
 43  0.35719 -2.87734e+00 | 44 -0.34683  1.69008e+00 | 45  1.00007  4.90006e-02
 46 -0.98537  9.99662e-01 | 47  0.21441  4.53043e+00 | 48 -0.47923  5.48608e-01
 49  0.30486  1.14140e+00 | 50  0.28565  3.87849e+00 | 51 -0.45484 -1.04421e+00
 52 -0.89049 -7.09786e-01 |
52 variables; iteration 120; function evaluation 147; phase 3
Function value 2.8101862e+03; maximum gradient component mag 9.8165e-01
Var    Value     Gradient |Var    Value     Gradient |Var    Value     Gradient
  1  0.05065  8.59643e-01 |  2 -0.00675 -4.33245e-02 |  3  0.03420 -7.09507e-02
  4 -0.01841  2.73030e-02 |  5 -0.13877  2.50246e-02 |  6 -0.02349  3.74518e-02
  7 -0.11424  5.53523e-03 |  8 -0.07530 -1.49552e-03 |  9  0.00137 -1.39812e-02
 10  0.10555 -8.07666e-02 | 11 -0.02569 -7.31338e-03 | 12  0.01507 -4.57325e-02
 13  0.02796 -9.91403e-02 | 14  0.07210  2.16166e-02 | 15  0.01686  4.49087e-03
 16 -0.05498  9.33362e-03 | 17 -0.00677  1.60649e-02 | 18  0.07219  7.05804e-02
 19  0.11282 -1.14387e-02 | 20 -0.04472 -4.87449e-03 | 21 -0.02326  3.11515e-02
 22 -0.01505  7.83466e-03 | 23 -0.04127  1.34427e-02 | 24  0.03742 -1.00408e-02
 25  0.05304 -2.47038e-02 | 26  0.02984 -4.05266e-02 | 27  0.05217  1.71089e-03
 28  0.02532  3.53050e-02 | 29  0.02968  1.48922e-02 | 30  0.02107  9.52946e-02
 31  0.05678  1.24364e-01 | 32  0.08488  2.13365e-01 | 33 -0.02240  8.13125e-02
 34 -0.01781  9.64084e-02 | 35  0.03057 -9.88881e-02 | 36 -0.25707 -1.63416e-02
 37  0.24402  9.81654e-01 | 38  0.22629  3.05417e-01 | 39  0.24557 -4.30912e-02
 40  0.23728  2.95000e-01 | 41 -0.70933 -3.94106e-02 | 42 -0.46618 -1.47266e-02
 43  0.35650 -8.21253e-02 | 44 -0.34721  1.50406e-02 | 45  0.99995 -3.43554e-02
 46 -0.99567  5.71857e-03 | 47  0.21409 -5.03045e-02 | 48 -0.47937 -2.97405e-03
 49  0.30616 -6.55424e-02 | 50  0.28676 -2.83223e-02 | 51 -0.45386  2.54858e-02
 52 -0.88883 -2.63900e-02 |
52 variables; iteration 140; function evaluation 169; phase 3
Function value 2.8101852e+03; maximum gradient component mag 2.3447e+00
Var    Value     Gradient |Var    Value     Gradient |Var    Value     Gradient
  1  0.05065 -2.35073e-01 |  2 -0.00676 -3.69151e-02 |  3  0.03420 -5.51464e-02
  4 -0.01841  4.89875e-02 |  5 -0.13877  4.73444e-02 |  6 -0.02349  6.23178e-02
  7 -0.11425  2.26289e-02 |  8 -0.07531  2.03870e-02 |  9  0.00137  9.55322e-03
 10  0.10556 -3.51662e-02 | 11 -0.02569  1.35463e-02 | 12  0.01508 -2.16564e-02
 13  0.02797 -8.04189e-02 | 14  0.07210  3.70363e-02 | 15  0.01686  9.87072e-03
 16 -0.05498  5.29224e-03 | 17 -0.00676  3.22084e-02 | 18  0.07219  8.39357e-02
 19  0.11282  1.35930e-02 | 20 -0.04471  3.40409e-03 | 21 -0.02326  3.08572e-02
 22 -0.01506 -1.40822e-02 | 23 -0.04127 -2.33972e-03 | 24  0.03743 -1.79574e-03
 25  0.05305 -2.65047e-03 | 26  0.02985 -2.97597e-02 | 27  0.05217  2.07513e-02
 28  0.02532  4.77102e-02 | 29  0.02969  3.91128e-02 | 30  0.02107  9.72265e-02
 31  0.05678  7.84055e-02 | 32  0.08487  8.21057e-02 | 33 -0.02240  4.48120e-02
 34 -0.01782  2.17207e-02 | 35  0.03058 -5.20536e-02 | 36 -0.25707  5.54321e-03
 37  0.24402  8.19050e-01 | 38  0.22629  2.98335e-01 | 39  0.24557 -9.92342e-02
 40  0.23728  1.43697e-01 | 41 -0.67604 -6.41073e-01 | 42 -0.47914  2.34466e+00
 43  0.35649 -6.48115e-02 | 44 -0.34721  7.94253e-03 | 45  0.99981 -1.37476e-01
 46 -0.99555  1.83531e-02 | 47  0.21409  4.45258e-02 | 48 -0.47937 -5.51808e-02
 49  0.29424 -4.26337e-02 | 50  0.27501 -1.67655e+00 | 51 -0.43745  2.62270e-02
 52 -0.83112  6.21148e-01 |
52 variables; iteration 160; function evaluation 192; phase 3
Function value 2.8101845e+03; maximum gradient component mag 1.1594e+00
Var    Value     Gradient |Var    Value     Gradient |Var    Value     Gradient
  1  0.05065 -5.47159e-02 |  2 -0.00673  1.65012e-02 |  3  0.03421  8.61753e-03
  4 -0.01843  1.32552e-02 |  5 -0.13880  9.44576e-04 |  6 -0.02352  1.16710e-02
  7 -0.11427  7.84339e-03 |  8 -0.07532  8.44232e-03 |  9  0.00137 -4.81575e-03
 10  0.10556 -5.73405e-02 | 11 -0.02570 -1.64379e-02 | 12  0.01508 -3.40696e-02
 13  0.02798 -7.83975e-02 | 14  0.07209 -3.63341e-02 | 15  0.01688  5.19050e-02
 16 -0.05498 -2.43980e-03 | 17 -0.00677 -2.00828e-03 | 18  0.07218  1.25434e-02
 19  0.11283 -2.89076e-03 | 20 -0.04471  3.65087e-03 | 21 -0.02327 -7.07019e-03
 22 -0.01505 -6.80111e-03 | 23 -0.04127 -6.44096e-03 | 24  0.03743 -2.31983e-02
 25  0.05305 -3.38845e-02 | 26  0.02985 -4.58070e-02 | 27  0.05217 -6.27289e-02
 28  0.02531 -5.92996e-02 | 29  0.02968 -3.61789e-02 | 30  0.02105 -1.71722e-02
 31  0.05678  7.05719e-02 | 32  0.08489  2.12874e-01 | 33 -0.02240  6.21606e-02
 34 -0.01780  1.27933e-01 | 35  0.03060  6.50469e-02 | 36 -0.25701  1.02041e-02
 37  0.24402  1.08135e-01 | 38  0.22629  6.86559e-02 | 39  0.24557 -1.30352e-02
 40  0.23728  2.36930e-01 | 41 -0.66120 -3.25528e-01 | 42 -0.49438  1.15945e+00
 43  0.35650 -1.27277e-02 | 44 -0.34721  5.14446e-03 | 45  1.00001 -5.81608e-04
 46 -0.99570  2.54095e-03 | 47  0.21409 -2.74560e-02 | 48 -0.47937  4.83506e-02
 49  0.28859 -1.00917e-03 | 50  0.26944 -8.32876e-01 | 51 -0.41901  3.73488e-03
 52 -0.78285  4.03933e-01 |
52 variables; iteration 180; function evaluation 216; phase 3
Function value 2.8101842e+03; maximum gradient component mag 8.7917e-01
Var    Value     Gradient |Var    Value     Gradient |Var    Value     Gradient
  1  0.05065 -2.00671e-01 |  2 -0.00674 -7.43465e-03 |  3  0.03420 -1.41681e-02
  4 -0.01844  9.65368e-04 |  5 -0.13881  6.76870e-04 |  6 -0.02353  2.51703e-03
  7 -0.11428 -6.91233e-04 |  8 -0.07533 -1.36604e-03 |  9  0.00136 -5.25097e-03
 10  0.10557 -1.85367e-02 | 11 -0.02569 -3.53696e-03 | 12  0.01509 -1.62006e-02
 13  0.02799 -3.58300e-02 | 14  0.07209 -1.70213e-02 | 15  0.01686 -1.95412e-02
 16 -0.05498 -1.22846e-02 | 17 -0.00677  2.11840e-05 | 18  0.07218  7.24925e-03
 19  0.11283  7.35397e-03 | 20 -0.04471 -5.23989e-03 | 21 -0.02326  1.14243e-04
 22 -0.01505 -7.50953e-03 | 23 -0.04127 -7.49953e-03 | 24  0.03743 -9.72293e-03
 25  0.05305 -4.67561e-03 | 26  0.02985 -1.31161e-02 | 27  0.05218 -4.04391e-03
 28  0.02532 -2.35722e-03 | 29  0.02969  4.25978e-03 | 30  0.02106  1.19847e-02
 31  0.05678  1.87596e-02 | 32  0.08487  2.52161e-02 | 33 -0.02240  5.53384e-03
 34 -0.01781  9.62267e-03 | 35  0.03060 -6.17854e-03 | 36 -0.25702  4.40652e-03
 37  0.24402  2.51618e-01 | 38  0.22629 -3.18738e-02 | 39  0.24557  8.21918e-03
 40  0.23728  8.37132e-02 | 41 -0.65929 -2.73651e-01 | 42 -0.51186  8.79172e-01
 43  0.35649 -1.86261e-02 | 44 -0.34721  3.67003e-03 | 45  1.00001 -1.19272e-02
 46 -0.99573 -8.98037e-04 | 47  0.21409 -2.84873e-02 | 48 -0.47937  2.42244e-02
 49  0.28785 -2.54967e-02 | 50  0.26871 -6.69372e-01 | 51 -0.39885  1.94301e-02
 52 -0.73885  3.68542e-01 |
52 variables; iteration 200; function evaluation 240; phase 3
Function value 2.8101840e+03; maximum gradient component mag 4.8570e-01
Var    Value     Gradient |Var    Value     Gradient |Var    Value     Gradient
  1  0.05065 -2.02678e-01 |  2 -0.00674 -6.76997e-03 |  3  0.03420 -6.59153e-03
  4 -0.01844  3.26016e-03 |  5 -0.13881 -4.28730e-04 |  6 -0.02353  3.40864e-03
  7 -0.11429 -3.69854e-03 |  8 -0.07533  1.46511e-03 |  9  0.00137 -2.44599e-04
 10  0.10557 -2.84975e-03 | 11 -0.02569 -1.14688e-03 | 12  0.01509 -5.87850e-03
 13  0.02799 -1.43062e-02 | 14  0.07209 -9.77035e-03 | 15  0.01686 -1.10997e-02
 16 -0.05498 -6.15110e-03 | 17 -0.00677 -2.90307e-03 | 18  0.07218  3.08646e-03
 19  0.11283  2.99818e-03 | 20 -0.04471 -4.40892e-04 | 21 -0.02327 -4.86549e-03
 22 -0.01505 -1.23320e-03 | 23 -0.04127  1.30662e-03 | 24  0.03743 -1.42036e-02
 25  0.05305  4.29345e-03 | 26  0.02985  3.22608e-03 | 27  0.05218  4.85967e-03
 28  0.02532 -1.10776e-02 | 29  0.02969  1.72397e-03 | 30  0.02107  1.58875e-02
 31  0.05678  9.20108e-03 | 32  0.08487 -1.51069e-02 | 33 -0.02240 -4.50942e-03
 34 -0.01782 -3.81974e-03 | 35  0.03060 -1.28923e-02 | 36 -0.25702  3.37284e-03
 37  0.24402  9.96710e-02 | 38  0.22629 -1.51501e-02 | 39  0.24557  1.14182e-02
 40  0.23728 -1.43683e-02 | 41 -0.66675 -1.63337e-01 | 42 -0.53059  4.85703e-01
 43  0.35649 -3.13324e-03 | 44 -0.34721 -8.89813e-04 | 45  0.99999 -1.49741e-03
 46 -0.99570  2.86630e-03 | 47  0.21409  1.30630e-02 | 48 -0.47937 -2.62345e-03
 49  0.29073 -1.53690e-02 | 50  0.27155 -3.99689e-01 | 51 -0.37836  1.12804e-02
 52 -0.69954  2.38511e-01 |
52 variables; iteration 220; function evaluation 266; phase 3
Function value 2.8101839e+03; maximum gradient component mag 2.9992e-01
Var    Value     Gradient |Var    Value     Gradient |Var    Value     Gradient
  1  0.05065 -1.20820e-01 |  2 -0.00674 -3.86378e-03 |  3  0.03420 -6.37544e-03
  4 -0.01844  4.01966e-04 |  5 -0.13881 -6.13975e-06 |  6 -0.02353  1.64763e-03
  7 -0.11428 -6.50911e-04 |  8 -0.07533 -1.14212e-03 |  9  0.00137 -1.67124e-03
 10  0.10557 -3.00058e-03 | 11 -0.02568  1.93933e-04 | 12  0.01509 -3.13194e-03
 13  0.02799 -8.75808e-03 | 14  0.07209 -5.98325e-03 | 15  0.01686 -6.51579e-03
 16 -0.05498 -3.39517e-03 | 17 -0.00677 -2.45106e-03 | 18  0.07218  1.53660e-03
 19  0.11283  3.04002e-03 | 20 -0.04471 -2.23234e-03 | 21 -0.02326 -3.50013e-05
 22 -0.01505 -4.21041e-03 | 23 -0.04127 -3.77059e-03 | 24  0.03743 -2.74782e-03
 25  0.05305 -1.10429e-03 | 26  0.02985 -4.67670e-03 | 27  0.05218 -3.22515e-03
 28  0.02532 -2.06467e-03 | 29  0.02969  1.03733e-03 | 30  0.02106  1.94910e-03
 31  0.05678  1.96794e-03 | 32  0.08487 -2.04021e-03 | 33 -0.02240 -1.13531e-03
 34 -0.01782 -4.76076e-05 | 35  0.03060 -4.88467e-03 | 36 -0.25702  2.16696e-03
 37  0.24402  6.47776e-02 | 38  0.22629 -4.32924e-03 | 39  0.24557  1.44240e-03
 40  0.23728  5.48708e-03 | 41 -0.67786 -1.02949e-01 | 42 -0.54781  2.99917e-01
 43  0.35649 -5.34991e-03 | 44 -0.34721  8.14661e-04 | 45  0.99998 -3.64438e-03
 46 -0.99569  3.39876e-03 | 47  0.21409 -3.17412e-03 | 48 -0.47937  1.79906e-03
 49  0.29492 -1.06118e-02 | 50  0.27568 -2.51171e-01 | 51 -0.36046  8.79310e-03
 52 -0.66812  1.64814e-01 |
52 variables; iteration 240; function evaluation 293; phase 3
Function value 2.8101839e+03; maximum gradient component mag 1.6629e-01
Var    Value     Gradient |Var    Value     Gradient |Var    Value     Gradient
  1  0.05065 -7.80250e-02 |  2 -0.00674 -2.18649e-03 |  3  0.03420 -3.41043e-03
  4 -0.01844 -2.72461e-04 |  5 -0.13881 -3.96757e-04 |  6 -0.02353  2.58016e-04
  7 -0.11428 -7.87562e-04 |  8 -0.07533 -8.06576e-04 |  9  0.00137 -1.11230e-03
 10  0.10557 -2.18732e-03 | 11 -0.02569 -8.46240e-04 | 12  0.01509 -2.23957e-03
 13  0.02799 -4.93544e-03 | 14  0.07209 -4.01547e-03 | 15  0.01686 -1.67401e-03
 16 -0.05498 -1.32486e-03 | 17 -0.00677 -2.75089e-03 | 18  0.07218 -5.72733e-04
 19  0.11283  5.06171e-04 | 20 -0.04471 -1.63085e-03 | 21 -0.02327 -1.25263e-03
 22 -0.01505 -3.58417e-03 | 23 -0.04127 -2.76692e-03 | 24  0.03743 -2.23753e-03
 25  0.05305 -5.68228e-04 | 26  0.02985 -2.52526e-03 | 27  0.05218 -2.30642e-03
 28  0.02532 -1.76147e-03 | 29  0.02969 -5.65288e-04 | 30  0.02106 -3.68293e-04
 31  0.05678 -3.46924e-04 | 32  0.08487 -1.23990e-03 | 33 -0.02240 -9.02916e-04
 34 -0.01782 -2.66750e-04 | 35  0.03060 -1.52299e-03 | 36 -0.25702  1.80331e-03
 37  0.24402  2.10096e-02 | 38  0.22629 -9.83189e-04 | 39  0.24557 -7.76488e-04
 40  0.23728  3.91098e-03 | 41 -0.68780 -6.05815e-02 | 42 -0.56175  1.66289e-01
 43  0.35649 -1.55837e-03 | 44 -0.34721  3.75836e-05 | 45  0.99998 -3.27581e-03
 46 -0.99569  3.55192e-03 | 47  0.21409 -9.13934e-04 | 48 -0.47937  1.82999e-03
 49  0.29858 -4.65650e-03 | 50  0.27928 -1.45112e-01 | 51 -0.34660  4.54813e-03
 52 -0.64520  9.88723e-02 |
52 variables; iteration 260; function evaluation 319; phase 3
Function value 2.8101839e+03; maximum gradient component mag -4.9368e-02
Var    Value     Gradient |Var    Value     Gradient |Var    Value     Gradient
  1  0.05065 -3.66143e-02 |  2 -0.00674 -1.88287e-03 |  3  0.03420 -2.44479e-03
  4 -0.01844 -7.81482e-04 |  5 -0.13881 -1.01184e-03 |  6 -0.02353 -4.50603e-04
  7 -0.11428 -1.19193e-03 |  8 -0.07533 -1.11341e-03 |  9  0.00137 -1.20688e-03
 10  0.10557 -1.88658e-03 | 11 -0.02569 -1.34059e-03 | 12  0.01510 -1.64846e-03
 13  0.02799 -2.67856e-03 | 14  0.07209 -3.13975e-03 | 15  0.01686  6.15863e-04
 16 -0.05498  5.57079e-06 | 17 -0.00677 -2.22778e-03 | 18  0.07218 -1.73563e-03
 19  0.11283 -9.46513e-04 | 20 -0.04471 -1.40112e-03 | 21 -0.02327 -1.59148e-03
 22 -0.01505 -3.09254e-03 | 23 -0.04127 -1.92693e-03 | 24  0.03743 -1.75062e-03
 25  0.05305 -1.89642e-04 | 26  0.02985 -1.44474e-03 | 27  0.05218 -2.13988e-03
 28  0.02532 -1.78959e-03 | 29  0.02969 -1.42109e-03 | 30  0.02106 -1.41618e-03
 31  0.05678 -1.21431e-03 | 32  0.08487 -1.00373e-03 | 33 -0.02240 -6.55576e-04
 34 -0.01782 -4.57742e-05 | 35  0.03060 -8.40766e-04 | 36 -0.25702  1.15855e-03
 37  0.24402  4.06086e-03 | 38  0.22629  1.47096e-04 | 39  0.24557 -1.26096e-03
 40  0.23728  9.86518e-04 | 41 -0.69482 -2.48189e-02 | 42 -0.57252  4.24228e-02
 43  0.35649 -4.82213e-04 | 44 -0.34721 -7.06186e-05 | 45  0.99998 -3.50838e-03
 46 -0.99569  3.69728e-03 | 47  0.21409 -5.17441e-06 | 48 -0.47937  1.81356e-03
 49  0.30111 -1.00238e-03 | 50  0.28177 -4.93681e-02 | 51 -0.33626  1.17436e-03
 52 -0.62874  2.45952e-02 |
52 variables; iteration 280; function evaluation 346; phase 3
Function value 2.8101838e+03; maximum gradient component mag 2.1071e-01
Var    Value     Gradient |Var    Value     Gradient |Var    Value     Gradient
  1  0.05065 -1.36427e-01 |  2 -0.00674  3.30123e-05 |  3  0.03420 -7.19960e-04
  4 -0.01844  1.79403e-04 |  5 -0.13881  2.72723e-04 |  6 -0.02353  4.05518e-05
  7 -0.11428  3.67676e-04 |  8 -0.07533  5.11528e-04 |  9  0.00137  3.26983e-05
 10  0.10557 -1.73041e-03 | 11 -0.02569 -9.78148e-04 | 12  0.01510 -1.44686e-03
 13  0.02799 -3.50518e-03 | 14  0.07209 -4.22694e-03 | 15  0.01686  1.48946e-03
 16 -0.05498 -7.80350e-04 | 17 -0.00677 -3.40096e-03 | 18  0.07218 -1.61145e-03
 19  0.11283 -1.87425e-04 | 20 -0.04471 -7.99500e-04 | 21 -0.02327 -2.24482e-03
 22 -0.01505 -3.42611e-03 | 23 -0.04127 -3.09183e-03 | 24  0.03743 -2.53686e-03
 25  0.05305 -9.93492e-04 | 26  0.02985 -2.74859e-03 | 27  0.05218 -3.22212e-03
 28  0.02532 -3.29293e-03 | 29  0.02969 -2.04394e-03 | 30  0.02106 -3.08482e-03
 31  0.05678 -2.28114e-03 | 32  0.08487 -1.76229e-03 | 33 -0.02240 -1.48007e-03
 34 -0.01782 -3.97462e-04 | 35  0.03060  4.09939e-03 | 36 -0.25702  3.19402e-03
 37  0.24402 -1.46070e-02 | 38  0.22629 -6.98033e-05 | 39  0.24557 -2.81495e-03
 40  0.23728 -2.33817e-03 | 41 -0.70063 -7.64599e-02 | 42 -0.58564  2.10713e-01
 43  0.35649  1.50212e-03 | 44 -0.34721 -6.05447e-04 | 45  0.99998 -3.70966e-03
 46 -0.99569  3.95355e-03 | 47  0.21409  1.68802e-03 | 48 -0.47937  1.34044e-03
 49  0.30316 -4.96963e-03 | 50  0.28380 -1.95370e-01 | 51 -0.32408  5.90888e-03
 52 -0.60994  1.45848e-01 |
52 variables; iteration 300; function evaluation 373; phase 3
Function value 2.8101838e+03; maximum gradient component mag 3.8091e-01
Var    Value     Gradient |Var    Value     Gradient |Var    Value     Gradient
  1  0.05065 -2.31167e-01 |  2 -0.00674 -2.65369e-04 |  3  0.03420 -2.48660e-03
  4 -0.01844  7.91996e-04 |  5 -0.13881  1.46931e-03 |  6 -0.02353  7.35796e-04
  7 -0.11428  1.36357e-03 |  8 -0.07533  1.23792e-03 |  9  0.00137  1.39374e-04
 10  0.10557 -3.24594e-03 | 11 -0.02569 -4.99894e-04 | 12  0.01509 -2.69694e-03
 13  0.02799 -7.17632e-03 | 14  0.07209 -6.16879e-03 | 15  0.01686 -2.11217e-03
 16 -0.05498 -2.79714e-03 | 17 -0.00677 -4.38872e-03 | 18  0.07218 -1.35280e-04
 19  0.11283  1.51781e-03 | 20 -0.04471 -1.05933e-03 | 21 -0.02327 -1.87601e-03
 22 -0.01505 -4.32361e-03 | 23 -0.04127 -4.44735e-03 | 24  0.03743 -3.61332e-03
 25  0.05305 -1.73915e-03 | 26  0.02985 -4.61792e-03 | 27  0.05218 -3.42096e-03
 28  0.02532 -3.10103e-03 | 29  0.02969 -8.65256e-04 | 30  0.02106 -1.51016e-03
 31  0.05678 -1.28442e-03 | 32  0.08487 -2.78362e-03 | 33 -0.02240 -2.13675e-03
 34 -0.01782 -1.29674e-03 | 35  0.03060  3.31107e-03 | 36 -0.25702  4.67156e-03
 37  0.24402  7.74400e-03 | 38  0.22629 -3.88061e-03 | 39  0.24557 -2.63810e-03
 40  0.23728  1.29477e-03 | 41 -0.70099 -1.36081e-01 | 42 -0.60481  3.80911e-01
 43  0.35649  1.27330e-04 | 44 -0.34721 -4.89536e-04 | 45  0.99998 -2.32926e-03
 46 -0.99569  3.79341e-03 | 47  0.21409 -1.03667e-03 | 48 -0.47937  2.54167e-03
 49  0.30328 -1.42928e-02 | 50  0.28392 -3.58951e-01 | 51 -0.30710  1.42380e-02
 52 -0.58467  2.91408e-01 |
52 variables; iteration 320; function evaluation 399; phase 3
Function value 2.8101836e+03; maximum gradient component mag 1.4841e-01
Var    Value     Gradient |Var    Value     Gradient |Var    Value     Gradient
  1  0.05065 -1.43469e-02 |  2 -0.00674 -1.71256e-03 |  3  0.03420 -1.50072e-03
  4 -0.01844 -7.94374e-04 |  5 -0.13881 -9.45805e-04 |  6 -0.02353 -9.14196e-04
  7 -0.11428 -1.15426e-03 |  8 -0.07533 -9.03388e-04 |  9  0.00137 -1.12677e-03
 10  0.10557 -2.36689e-03 | 11 -0.02569 -2.03478e-03 | 12  0.01509 -1.55721e-03
 13  0.02799 -3.32069e-03 | 14  0.07209 -1.50565e-03 | 15  0.01686  1.41579e-03
 16 -0.05498 -8.00719e-04 | 17 -0.00677 -2.93621e-03 | 18  0.07218 -1.42679e-03
 19  0.11283 -6.56826e-04 | 20 -0.04471 -1.92875e-03 | 21 -0.02327 -2.40820e-03
 22 -0.01505 -3.54025e-03 | 23 -0.04127 -3.19915e-03 | 24  0.03743 -1.27907e-03
 25  0.05305  6.86247e-04 | 26  0.02985 -7.86404e-04 | 27  0.05218  6.28375e-04
 28  0.02532  1.89153e-05 | 29  0.02969 -5.80103e-04 | 30  0.02106 -9.29398e-04
 31  0.05678 -5.02977e-04 | 32  0.08487  1.84324e-03 | 33 -0.02240 -3.06211e-05
 34 -0.01782 -1.14499e-03 | 35  0.03060  1.21196e-03 | 36 -0.25702  1.45814e-03
 37  0.24402  4.76443e-03 | 38  0.22629  6.74519e-03 | 39  0.24557 -1.47687e-03
 40  0.23728  1.19084e-02 | 41 -0.68469 -4.39030e-02 | 42 -0.63165  1.48407e-01
 43  0.35649  1.66111e-04 | 44 -0.34721 -7.75267e-04 | 45  0.99998 -3.24739e-03
 46 -0.99569  3.60955e-03 | 47  0.21409  5.83567e-04 | 48 -0.47937  2.24294e-03
 49  0.29745  2.01349e-04 | 50  0.27817 -1.02741e-01 | 51 -0.28485  4.97117e-03
 52 -0.55294  1.29531e-01 |
52 variables; iteration 340; function evaluation 426; phase 3
Function value 2.8101834e+03; maximum gradient component mag 5.7164e-01
Var    Value     Gradient |Var    Value     Gradient |Var    Value     Gradient
  1  0.05065  5.71639e-01 |  2 -0.00674 -3.44589e-03 |  3  0.03420  3.27677e-03
  4 -0.01844 -4.01372e-03 |  5 -0.13881 -7.11499e-03 |  6 -0.02353 -4.62078e-03
  7 -0.11428 -7.37624e-03 |  8 -0.07533 -5.71504e-03 |  9  0.00137 -3.91936e-03
 10  0.10557  4.07549e-03 | 11 -0.02569 -4.44001e-03 | 12  0.01510  1.97320e-03
 13  0.02799  1.73406e-03 | 14  0.07209  1.31442e-02 | 15  0.01686  3.09986e-03
 16 -0.05498 -5.65478e-03 | 17 -0.00677 -3.65560e-03 | 18  0.07218  1.82624e-04
 19  0.11283  5.64609e-03 | 20 -0.04471 -7.01997e-03 | 21 -0.02327 -5.36522e-03
 22 -0.01505 -1.28474e-03 | 23 -0.04127 -4.93509e-03 | 24  0.03743  5.53133e-03
 25  0.05305  7.90951e-03 | 26  0.02985  1.00143e-02 | 27  0.05218  1.48277e-02
 28  0.02532  7.25411e-03 | 29  0.02969  3.47550e-03 | 30  0.02106 -4.14982e-04
 31  0.05678  6.06455e-03 | 32  0.08487  2.24623e-02 | 33 -0.02240  5.52898e-03
 34 -0.01782  2.87866e-05 | 35  0.03060  5.25215e-03 | 36 -0.25702 -6.40675e-03
 37  0.24402  4.38530e-02 | 38  0.22629  3.30761e-02 | 39  0.24557  8.94952e-03
 40  0.23728  8.77307e-02 | 41 -0.63611  5.16606e-02 | 42 -0.66982  3.18815e-01
 43  0.35649  7.64382e-04 | 44 -0.34721 -2.77160e-03 | 45  0.99999 -1.08794e-03
 46 -0.99573 -1.15207e-03 | 47  0.21409  9.04228e-03 | 48 -0.47937 -3.15617e-03
 49  0.27858  3.45324e-02 | 50  0.25957  1.07417e-01 | 51 -0.25617  2.05143e-03
 52 -0.51387  3.38888e-01 |
52 variables; iteration 360; function evaluation 451; phase 3
Function value 2.8101831e+03; maximum gradient component mag 8.4610e-01
Var    Value     Gradient |Var    Value     Gradient |Var    Value     Gradient
  1  0.05065  8.46099e-01 |  2 -0.00674 -6.12391e-03 |  3  0.03420  1.85723e-03
  4 -0.01844 -7.53986e-03 |  5 -0.13881 -1.20898e-02 |  6 -0.02353 -7.49388e-03
  7 -0.11428 -1.23015e-02 |  8 -0.07533 -1.02603e-02 |  9  0.00137 -6.97798e-03
 10  0.10557  5.80512e-03 | 11 -0.02569 -5.55580e-03 | 12  0.01510  1.78591e-03
 13  0.02799  3.51512e-03 | 14  0.07209  1.54142e-02 | 15  0.01686  1.85549e-03
 16 -0.05498 -5.99258e-03 | 17 -0.00677 -3.92455e-03 | 18  0.07218 -1.06870e-03
 19  0.11283  5.83041e-03 | 20 -0.04471 -9.82503e-03 | 21 -0.02327 -5.75319e-03
 22 -0.01505 -1.55915e-03 | 23 -0.04127 -3.34474e-03 | 24  0.03743  7.71642e-03
 25  0.05305  1.02603e-02 | 26  0.02985  1.47590e-02 | 27  0.05218  1.73765e-02
 28  0.02532  7.96328e-03 | 29  0.02969  3.66496e-03 | 30  0.02106 -4.17558e-04
 31  0.05678  6.84679e-03 | 32  0.08487  2.63614e-02 | 33 -0.02240  6.73572e-03
 34 -0.01782  2.23898e-03 | 35  0.03060 -1.62075e-03 | 36 -0.25702 -1.15195e-02
 37  0.24402  6.36610e-02 | 38  0.22629  3.10592e-02 | 39  0.24557  1.43858e-02
 40  0.23728  1.08222e-01 | 41 -0.56340  2.09134e-01 | 42 -0.71177  1.02306e-01
 43  0.35649 -5.38099e-04 | 44 -0.34721 -2.28713e-03 | 45  0.99999  1.92074e-04
 46 -0.99574 -1.71174e-03 | 47  0.21409  7.73435e-03 | 48 -0.47937 -3.50399e-03
 49  0.24651  4.98869e-02 | 50  0.22789  4.10152e-01 | 51 -0.22849 -8.74521e-03
 52 -0.47776  1.41530e-01 |
52 variables; iteration 380; function evaluation 477; phase 3
Function value 2.8101829e+03; maximum gradient component mag 1.3839e-01
Var    Value     Gradient |Var    Value     Gradient |Var    Value     Gradient
  1  0.05065  1.38392e-01 |  2 -0.00674 -1.91515e-03 |  3  0.03420 -9.14377e-04
  4 -0.01844 -1.61629e-03 |  5 -0.13881 -2.64248e-03 |  6 -0.02353 -1.37432e-03
  7 -0.11428 -2.86541e-03 |  8 -0.07533 -2.32064e-03 |  9  0.00137 -1.79347e-03
 10  0.10557  5.72847e-04 | 11 -0.02569 -1.44566e-03 | 12  0.01510 -2.23489e-04
 13  0.02799  2.24059e-04 | 14  0.07209  1.62245e-03 | 15  0.01686  1.16661e-03
 16 -0.05498 -6.81589e-04 | 17 -0.00677 -2.00632e-03 | 18  0.07218 -1.12920e-03
 19  0.11283  3.67903e-04 | 20 -0.04471 -2.02002e-03 | 21 -0.02327 -1.50488e-03
 22 -0.01505 -1.59018e-03 | 23 -0.04127 -1.06838e-03 | 24  0.03743  7.04386e-04
 25  0.05305  1.45952e-03 | 26  0.02985  1.79399e-03 | 27  0.05218  1.06336e-03
 28  0.02532 -1.04899e-04 | 29  0.02969 -6.14712e-04 | 30  0.02106 -1.14605e-03
 31  0.05678  4.61111e-04 | 32  0.08487  3.98897e-03 | 33 -0.02240  9.84272e-04
 34 -0.01782  1.37496e-03 | 35  0.03060 -1.20007e-03 | 36 -0.25702 -1.90082e-03
 37  0.24402  4.76594e-03 | 38  0.22629  6.61931e-03 | 39  0.24557  1.72293e-03
 40  0.23728  1.64083e-02 | 41 -0.50073  4.05489e-02 | 42 -0.74391 -5.74772e-04
 43  0.35649  3.27859e-04 | 44 -0.34721 -4.91418e-04 | 45  0.99999 -9.13182e-04
 46 -0.99571  1.59310e-03 | 47  0.21409  2.55321e-03 | 48 -0.47937 -1.01367e-03
 49  0.21560  8.67402e-03 | 50  0.19731  7.90694e-02 | 51 -0.20992 -1.74532e-03
 52 -0.45427  7.83284e-03 |
52 variables; iteration 400; function evaluation 503; phase 3
Function value 2.8101828e+03; maximum gradient component mag 2.9636e-01
Var    Value     Gradient |Var    Value     Gradient |Var    Value     Gradient
  1  0.05065  2.96362e-01 |  2 -0.00674 -4.44416e-03 |  3  0.03420 -1.80023e-03
  4 -0.01844 -3.43213e-03 |  5 -0.13881 -4.93212e-03 |  6 -0.02353 -2.65731e-03
  7 -0.11428 -6.63495e-03 |  8 -0.07533 -4.44000e-03 |  9  0.00137 -3.08828e-03
 10  0.10557  1.53367e-03 | 11 -0.02569 -2.85396e-03 | 12  0.01509 -1.24968e-03
 13  0.02799 -3.22679e-04 | 14  0.07209  3.78413e-03 | 15  0.01686  4.71281e-04
 16 -0.05498 -1.94642e-03 | 17 -0.00677 -3.08801e-03 | 18  0.07218 -1.91230e-03
 19  0.11283  1.52091e-03 | 20 -0.04471 -4.10406e-03 | 21 -0.02327 -2.28137e-03
 22 -0.01505 -2.46829e-03 | 23 -0.04127 -1.89039e-03 | 24  0.03743  2.29923e-03
 25  0.05305  3.05617e-03 | 26  0.02985  3.53833e-03 | 27  0.05218  5.18332e-03
 28  0.02532  5.24443e-04 | 29  0.02969 -3.32373e-04 | 30  0.02106 -1.08282e-03
 31  0.05678  1.12400e-03 | 32  0.08487  8.97702e-03 | 33 -0.02240  2.37069e-03
 34 -0.01782  1.29700e-03 | 35  0.03060 -2.54167e-03 | 36 -0.25702 -4.47878e-03
 37  0.24402  2.25666e-02 | 38  0.22629  1.71239e-02 | 39  0.24557  2.24327e-03
 40  0.23728  3.76997e-02 | 41 -0.44427  9.61094e-02 | 42 -0.77127  5.40424e-03
 43  0.35649 -4.36237e-04 | 44 -0.34721 -8.28779e-04 | 45  0.99999 -1.37016e-03
 46 -0.99571  1.75164e-03 | 47  0.21409  3.49351e-03 | 48 -0.47937 -8.85122e-04
 49  0.18552  1.67283e-02 | 50  0.16749  1.65933e-01 | 51 -0.19587 -4.52457e-03
 52 -0.43682  2.33721e-02 |
52 variables; iteration 420; function evaluation 527; phase 3
Function value 2.8101828e+03; maximum gradient component mag 1.5600e-02
Var    Value     Gradient |Var    Value     Gradient |Var    Value     Gradient
  1  0.05065  1.36066e-02 |  2 -0.00674 -2.82437e-04 |  3  0.03420 -1.27628e-04
  4 -0.01844 -2.75325e-04 |  5 -0.13881 -3.13220e-04 |  6 -0.02353 -2.86679e-04
  7 -0.11428 -2.98463e-04 |  8 -0.07533 -3.04615e-04 |  9  0.00137 -2.51412e-04
 10  0.10557 -2.29150e-04 | 11 -0.02569 -3.43587e-04 | 12  0.01510 -1.29802e-04
 13  0.02799 -1.15589e-05 | 14  0.07209 -2.14657e-05 | 15  0.01686  2.27884e-04
 16 -0.05498  1.22294e-04 | 17 -0.00677 -3.69467e-05 | 18  0.07218 -3.61472e-04
 19  0.11283 -3.36073e-04 | 20 -0.04471 -2.53022e-04 | 21 -0.02327 -2.80549e-04
 22 -0.01505 -2.13051e-04 | 23 -0.04127 -1.21886e-04 | 24  0.03743 -2.54837e-05
 25  0.05305  2.28595e-04 | 26  0.02985  2.23091e-04 | 27  0.05218  3.05831e-04
 28  0.02532  2.35606e-04 | 29  0.02969 -5.06549e-05 | 30  0.02106 -6.47776e-05
 31  0.05678 -5.70361e-05 | 32  0.08487  2.09242e-04 | 33 -0.02240  5.38847e-05
 34 -0.01782 -2.26321e-04 | 35  0.03060 -1.98014e-04 | 36 -0.25702 -9.63651e-05
 37  0.24402  1.00820e-03 | 38  0.22629  4.57270e-05 | 39  0.24557  8.40450e-05
 40  0.23728  1.51367e-03 | 41 -0.41442  6.12713e-03 | 42 -0.78525 -1.37236e-02
 43  0.35649 -9.50768e-05 | 44 -0.34721 -1.02503e-05 | 45  0.99999 -2.45270e-04
 46 -0.99572  2.67759e-04 | 47  0.21409 -3.30281e-04 | 48 -0.47937  5.97049e-04
 49  0.16885  1.15335e-03 | 50  0.15094  1.56003e-02 | 51 -0.18931 -6.63122e-04
 52 -0.42878 -1.13306e-02 |
52 variables; iteration 440; function evaluation 547; phase 3
Function value 2.8101828e+03; maximum gradient component mag 4.0421e-01
Var    Value     Gradient |Var    Value     Gradient |Var    Value     Gradient
  1  0.05065  4.04206e-01 |  2 -0.00674 -2.66511e-03 |  3  0.03420  8.25822e-04
  4 -0.01844 -2.75533e-03 |  5 -0.13881 -4.91924e-03 |  6 -0.02353 -2.52429e-03
  7 -0.11428 -5.33562e-03 |  8 -0.07533 -4.28777e-03 |  9  0.00137 -2.83541e-03
 10  0.10557  3.20880e-03 | 11 -0.02569 -2.10360e-03 | 12  0.01510  1.44943e-03
 13  0.02799  4.14386e-03 | 14  0.07209  7.90697e-03 | 15  0.01686  1.32200e-03
 16 -0.05498 -9.36626e-04 | 17 -0.00677  6.34716e-04 | 18  0.07218 -4.54234e-04
 19  0.11283  1.17950e-03 | 20 -0.04471 -2.85744e-03 | 21 -0.02327 -1.19229e-03
 22 -0.01505  1.24808e-03 | 23 -0.04127  7.67387e-04 | 24  0.03743  4.12285e-03
 25  0.05305  4.40621e-03 | 26  0.02985  6.48970e-03 | 27  0.05218  7.03042e-03
 28  0.02532  4.73846e-03 | 29  0.02969  1.53658e-03 | 30  0.02106  8.82646e-04
 31  0.05678  3.29342e-03 | 32  0.08487  9.72062e-03 | 33 -0.02240  3.24064e-03
 34 -0.01782  1.39872e-03 | 35  0.03060 -3.64042e-03 | 36 -0.25702 -6.15950e-03
 37  0.24402  2.59218e-02 | 38  0.22629  1.19345e-02 | 39  0.24557  6.69805e-03
 40  0.23728  3.54182e-02 | 41 -0.39189  2.04148e-01 | 42 -0.79404 -8.59889e-02
 43  0.35649 -9.80293e-04 | 44 -0.34721 -4.66234e-04 | 45  0.99999  9.71679e-04
 46 -0.99574 -1.75948e-03 | 47  0.21409  2.93222e-03 | 48 -0.47937 -1.92877e-03
 49  0.15595  2.73296e-02 | 50  0.13813  3.33015e-01 | 51 -0.18540 -1.19346e-02
 52 -0.42400 -1.37830e-01 |
52 variables; iteration 460; function evaluation 574; phase 3
Function value 2.8101826e+03; maximum gradient component mag 1.5242e+00
Var    Value     Gradient |Var    Value     Gradient |Var    Value     Gradient
  1  0.05065  1.52418e+00 |  2 -0.00674 -1.53923e-02 |  3  0.03420 -3.12273e-03
  4 -0.01844 -1.44399e-02 |  5 -0.13881 -2.24825e-02 |  6 -0.02353 -1.28023e-02
  7 -0.11428 -2.38553e-02 |  8 -0.07533 -2.06712e-02 |  9  0.00137 -1.46500e-02
 10  0.10557  7.55546e-03 | 11 -0.02569 -1.10504e-02 | 12  0.01509  1.12186e-03
 13  0.02799  9.09966e-03 | 14  0.07209  2.39293e-02 | 15  0.01686  4.70766e-03
 16 -0.05498 -3.90956e-03 | 17 -0.00677 -3.97086e-03 | 18  0.07218 -6.06245e-03
 19  0.11283  1.31757e-03 | 20 -0.04471 -1.54732e-02 | 21 -0.02327 -8.01879e-03
 22 -0.01505 -2.83354e-03 | 23 -0.04127 -8.48038e-04 | 24  0.03743  1.21690e-02
 25  0.05305  1.65178e-02 | 26  0.02985  2.40418e-02 | 27  0.05218  2.35438e-02
 28  0.02532  1.31667e-02 | 29  0.02969  2.76134e-03 | 30  0.02106  6.95049e-04
 31  0.05678  9.81128e-03 | 32  0.08487  3.67473e-02 | 33 -0.02240  1.13142e-02
 34 -0.01782  5.52685e-03 | 35  0.03060 -1.81847e-02 | 36 -0.25702 -2.30023e-02
 37  0.24402  1.06906e-01 | 38  0.22629  4.39131e-02 | 39  0.24557  2.22323e-02
 40  0.23728  1.50239e-01 | 41 -0.32044  8.28125e-01 | 42 -0.79334 -2.95623e-01
 43  0.35649 -3.91084e-03 | 44 -0.34721 -1.90495e-03 | 45  0.99999 -1.75766e-03
 46 -0.99572  7.17223e-04 | 47  0.21409  8.79536e-03 | 48 -0.47937 -2.91381e-03
 49  0.11340  1.02146e-01 | 50  0.09582  1.26082e+00 | 51 -0.18570 -4.40450e-02
 52 -0.42437 -5.04590e-01 |
52 variables; iteration 480; function evaluation 596; phase 3
Function value 2.8101822e+03; maximum gradient component mag 8.7875e-01
Var    Value     Gradient |Var    Value     Gradient |Var    Value     Gradient
  1  0.05065  1.29777e-02 |  2 -0.00674 -2.09947e-03 |  3  0.03420 -5.00744e-03
  4 -0.01844 -2.86720e-03 |  5 -0.13881 -2.66776e-03 |  6 -0.02353 -3.06458e-03
  7 -0.11428 -2.71705e-03 |  8 -0.07533 -2.25589e-03 |  9  0.00137 -3.38055e-03
 10  0.10557  5.47135e-04 | 11 -0.02568 -8.90855e-04 | 12  0.01510 -1.52058e-03
 13  0.02799 -5.78462e-03 | 14  0.07209 -8.97017e-05 | 15  0.01686 -5.55188e-03
 16 -0.05498 -1.08715e-02 | 17 -0.00677 -1.78440e-02 | 18  0.07218  1.85111e-03
 19  0.11283  1.03911e-02 | 20 -0.04471 -5.66742e-03 | 21 -0.02326 -3.81656e-03
 22 -0.01505 -6.55848e-03 | 23 -0.04127 -8.66176e-03 | 24  0.03743 -1.73671e-03
 25  0.05305 -1.76195e-03 | 26  0.02985 -1.27268e-03 | 27  0.05218 -3.37949e-03
 28  0.02532 -4.87552e-03 | 29  0.02969 -1.63946e-03 | 30  0.02106 -6.64373e-03
 31  0.05677  1.84819e-03 | 32  0.08487  1.40436e-02 | 33 -0.02240  1.35823e-03
 34 -0.01782  7.74682e-03 | 35  0.03060  6.63578e-03 | 36 -0.25702  3.38478e-04
 37  0.24402  1.56539e-02 | 38  0.22629  2.43410e-02 | 39  0.24557  3.58701e-03
 40  0.23728  6.32306e-02 | 41 -0.24222 -3.76682e-01 | 42 -0.74646  6.10203e-01
 43  0.35649  3.37694e-03 | 44 -0.34721 -2.75001e-03 | 45  0.99998 -1.13179e-02
 46 -0.99570  2.37492e-03 | 47  0.21409  1.05772e-02 | 48 -0.47937 -8.24359e-03
 49  0.06432 -2.39142e-02 | 50  0.04691 -5.62015e-01 | 51 -0.20852  4.66131e-02
 52 -0.45251  8.78752e-01 |
52 variables; iteration 500; function evaluation 618; phase 3
Function value 2.8101819e+03; maximum gradient component mag 4.0576e-01
Var    Value     Gradient |Var    Value     Gradient |Var    Value     Gradient
  1  0.05065  4.05755e-01 |  2 -0.00674 -9.27847e-03 |  3  0.03420 -9.76808e-03
  4 -0.01844 -6.41388e-03 |  5 -0.13881 -8.06399e-03 |  6 -0.02353 -4.99278e-03
  7 -0.11428 -1.04538e-02 |  8 -0.07533 -8.16613e-03 |  9  0.00137 -6.93944e-03
 10  0.10557  1.79601e-03 | 11 -0.02569 -4.99942e-03 | 12  0.01509 -4.03591e-03
 13  0.02799 -2.21100e-03 | 14  0.07209  3.19532e-03 | 15  0.01686  5.87218e-04
 16 -0.05498 -4.36212e-03 | 17 -0.00677 -1.29733e-02 | 18  0.07218 -2.44822e-03
 19  0.11283  4.36595e-03 | 20 -0.04471 -7.55850e-03 | 21 -0.02326 -4.88470e-03
 22 -0.01505 -9.71240e-03 | 23 -0.04127 -5.74904e-03 | 24  0.03743 -2.14642e-04
 25  0.05305  2.72709e-03 | 26  0.02985  5.48658e-03 | 27  0.05218 -2.09287e-03
 28  0.02532  3.45413e-05 | 29  0.02969 -2.30100e-03 | 30  0.02106 -4.05985e-03
 31  0.05677 -1.01858e-03 | 32  0.08487  1.42679e-02 | 33 -0.02240  3.01949e-03
 34 -0.01782  8.04728e-03 | 35  0.03060 -7.00463e-03 | 36 -0.25702 -6.01938e-03
 37  0.24402  3.64951e-02 | 38  0.22629  2.55724e-02 | 39  0.24557  2.71676e-03
 40  0.23728  7.12741e-02 | 41 -0.19071  8.75491e-02 | 42 -0.70882  1.51136e-01
 43  0.35649  8.29192e-04 | 44 -0.34721 -2.09922e-03 | 45  0.99997 -2.10219e-02
 46 -0.99565  7.88703e-03 | 47  0.21409  1.30194e-02 | 48 -0.47937 -5.58198e-03
 49  0.03084  1.60264e-02 | 50  0.01349  1.18904e-01 | 51 -0.23031  6.04758e-03
 52 -0.48010  1.89495e-01 |
52 variables; iteration 520; function evaluation 641; phase 3
Function value 2.8101818e+03; maximum gradient component mag -4.2321e-01
Var    Value     Gradient |Var    Value     Gradient |Var    Value     Gradient
  1  0.05065 -2.53414e-01 |  2 -0.00674  1.00156e-02 |  3  0.03421  1.42566e-02
  4 -0.01844  7.63207e-03 |  5 -0.13881  1.04389e-02 |  6 -0.02353  3.98517e-03
  7 -0.11428  1.11416e-02 |  8 -0.07532  1.09751e-02 |  9  0.00137  9.19072e-03
 10  0.10557 -2.07066e-03 | 11 -0.02569  2.63572e-03 | 12  0.01509  4.68259e-03
 13  0.02799 -4.27707e-04 | 14  0.07210  7.04363e-03 | 15  0.01686 -2.33248e-03
 16 -0.05498 -2.10789e-03 | 17 -0.00676  1.84796e-02 | 18  0.07218  8.35153e-03
 19  0.11283  2.34626e-03 | 20 -0.04471  6.49147e-03 | 21 -0.02327  1.71989e-03
 22 -0.01505  1.39042e-02 | 23 -0.04127  2.72543e-03 | 24  0.03743  4.49154e-03
 25  0.05305  6.59544e-03 | 26  0.02985  8.64486e-04 | 27  0.05218  2.46456e-02
 28  0.02532  1.17510e-02 | 29  0.02970  1.26400e-02 | 30  0.02106  1.44022e-02
 31  0.05678  9.61243e-03 | 32  0.08487 -5.92102e-03 | 33 -0.02240 -1.23964e-03
 34 -0.01782 -1.98156e-02 | 35  0.03060  1.20891e-02 | 36 -0.25703  5.89994e-03
 37  0.24402  3.37197e-02 | 38  0.22629 -1.75976e-02 | 39  0.24557  2.75159e-03
 40  0.23728 -1.78582e-02 | 41 -0.14765 -2.93432e-01 | 42 -0.67891  3.50360e-01
 43  0.35649 -1.26841e-03 | 44 -0.34721  4.49999e-04 | 45  1.00004  2.18575e-02
 46 -0.99585 -1.40019e-02 | 47  0.21409 -1.46826e-02 | 48 -0.47937  7.47527e-03
 49  0.00226 -1.41808e-02 | 50 -0.01508 -4.23208e-01 | 51 -0.24984  1.33437e-02
 52 -0.50550  3.79188e-01 |
52 variables; iteration 540; function evaluation 664; phase 3
Function value 2.8101818e+03; maximum gradient component mag 2.1069e-01
Var    Value     Gradient |Var    Value     Gradient |Var    Value     Gradient
  1  0.05065 -4.94594e-02 |  2 -0.00674  1.98392e-03 |  3  0.03420  1.76610e-03
  4 -0.01844  1.27972e-03 |  5 -0.13881  2.47702e-03 |  6 -0.02353  3.06361e-04
  7 -0.11428  2.14738e-03 |  8 -0.07533  2.36120e-03 |  9  0.00137  1.51737e-03
 10  0.10557 -6.19046e-04 | 11 -0.02569  1.68155e-04 | 12  0.01509  9.30143e-05
 13  0.02799 -1.21836e-03 | 14  0.07209  2.15180e-03 | 15  0.01686 -2.40696e-03
 16 -0.05498 -2.76517e-03 | 17 -0.00677  1.69581e-03 | 18  0.07218  2.63919e-03
 19  0.11283  2.23702e-03 | 20 -0.04471  7.44377e-04 | 21 -0.02327  2.27935e-04
 22 -0.01505  1.72090e-03 | 23 -0.04127 -6.65049e-04 | 24  0.03743  9.28142e-04
 25  0.05305  9.51798e-04 | 26  0.02985  3.15583e-04 | 27  0.05218  5.78823e-03
 28  0.02532  4.41701e-03 | 29  0.02969  3.26457e-03 | 30  0.02106  2.71927e-03
 31  0.05678  1.70717e-03 | 32  0.08487  7.37056e-04 | 33 -0.02240 -1.80988e-04
 34 -0.01782 -4.08866e-03 | 35  0.03060  4.17182e-03 | 36 -0.25702  1.30379e-03
 37  0.24402  1.72484e-02 | 38  0.22629 -2.70593e-03 | 39  0.24557 -6.60600e-05
 40  0.23728  1.31501e-02 | 41 -0.11999 -1.31370e-01 | 42 -0.66111  2.10691e-01
 43  0.35649  2.51439e-05 | 44 -0.34721 -4.09759e-04 | 45  0.99999 -5.61573e-04
 46 -0.99576 -3.58120e-03 | 47  0.21409 -2.16444e-03 | 48 -0.47937  2.21636e-03
 49 -0.01633 -6.70995e-03 | 50 -0.03369 -1.86915e-01 | 51 -0.26243  9.65706e-03
 52 -0.52224  2.09575e-01 |
52 variables; iteration 560; function evaluation 689; phase 3
Function value 2.8101818e+03; maximum gradient component mag 6.6253e-02
Var    Value     Gradient |Var    Value     Gradient |Var    Value     Gradient
  1  0.05065 -1.54947e-02 |  2 -0.00674  1.50789e-03 |  3  0.03420  1.84570e-03
  4 -0.01844  8.58022e-04 |  5 -0.13881  1.88670e-03 |  6 -0.02353  1.20575e-04
  7 -0.11428  1.64690e-03 |  8 -0.07533  1.72405e-03 |  9  0.00137  1.27575e-03
 10  0.10557 -2.20704e-04 | 11 -0.02569  1.51011e-04 | 12  0.01509  3.63234e-04
 13  0.02799  4.36837e-04 | 14  0.07209  2.23186e-03 | 15  0.01686 -1.46371e-03
 16 -0.05498 -1.05885e-03 | 17 -0.00677  2.37885e-03 | 18  0.07218  1.62690e-03
 19  0.11283  6.03126e-04 | 20 -0.04471  9.99708e-04 | 21 -0.02327  6.32632e-04
 22 -0.01505  2.25620e-03 | 23 -0.04127  5.65535e-04 | 24  0.03743  1.10622e-03
 25  0.05305  7.96078e-04 | 26  0.02985  8.53258e-04 | 27  0.05218  4.73555e-03
 28  0.02532  4.10423e-03 | 29  0.02969  2.46905e-03 | 30  0.02106  2.46872e-03
 31  0.05678  1.00701e-03 | 32  0.08487 -2.27792e-04 | 33 -0.02240 -8.08515e-06
 34 -0.01782 -3.54053e-03 | 35  0.03060  2.24200e-03 | 36 -0.25702  3.57757e-04
 37  0.24402  1.00765e-02 | 38  0.22629 -2.08171e-03 | 39  0.24557 -4.32866e-04
 40  0.23728  4.62578e-03 | 41 -0.09288 -4.04177e-02 | 42 -0.64469  6.62532e-02
 43  0.35649 -2.24367e-04 | 44 -0.34721 -8.69171e-05 | 45  0.99999 -5.81091e-04
 46 -0.99575 -3.32469e-03 | 47  0.21409 -2.56033e-03 | 48 -0.47937  2.02053e-03
 49 -0.03473 -2.27986e-03 | 50 -0.05211 -5.66986e-02 | 51 -0.27468  3.00384e-03
 52 -0.53887  6.11603e-02 |
52 variables; iteration 580; function evaluation 711; phase 3
Function value 2.8101818e+03; maximum gradient component mag 1.2181e-03
Var    Value     Gradient |Var    Value     Gradient |Var    Value     Gradient
  1  0.05065  1.21812e-03 |  2 -0.00674 -1.33334e-05 |  3  0.03420 -4.09289e-06
  4 -0.01844 -1.15268e-05 |  5 -0.13881 -1.95562e-05 |  6 -0.02353 -9.03950e-06
  7 -0.11428 -2.03476e-05 |  8 -0.07533 -1.79694e-05 |  9  0.00137 -1.26126e-05
 10  0.10557  8.13651e-06 | 11 -0.02569 -7.10113e-06 | 12  0.01510  1.80269e-06
 13  0.02799  8.82991e-06 | 14  0.07209  1.74276e-05 | 15  0.01686  5.89299e-06
 16 -0.05498 -1.05645e-06 | 17 -0.00677 -6.64990e-06 | 18  0.07218 -5.78287e-06
 19  0.11283  9.62837e-07 | 20 -0.04471 -1.25248e-05 | 21 -0.02327 -5.50289e-06
 22 -0.01505 -3.86824e-06 | 23 -0.04127  4.57965e-08 | 24  0.03743  8.91742e-06
 25  0.05305  1.07857e-05 | 26  0.02985  1.75816e-05 | 27  0.05218  1.02692e-05
 28  0.02532  3.52734e-06 | 29  0.02969 -1.65531e-06 | 30  0.02106 -3.14889e-06
 31  0.05678  6.60070e-06 | 32  0.08487  2.89538e-05 | 33 -0.02240  9.34604e-06
 34 -0.01782  1.15057e-05 | 35  0.03060 -1.77312e-05 | 36 -0.25702 -1.95843e-05
 37  0.24402  5.54806e-05 | 38  0.22629  4.39471e-05 | 39  0.24557  1.72297e-05
 40  0.23728  1.01826e-04 | 41 -0.08262  7.39803e-04 | 42 -0.63875 -4.32492e-04
 43  0.35649 -1.98900e-06 | 44 -0.34721 -1.40222e-06 | 45  0.99999  5.07375e-06
 46 -0.99572  3.96189e-06 | 47  0.21409  1.36949e-05 | 48 -0.47937 -9.84774e-06
 49 -0.04173  8.08275e-05 | 50 -0.05913  1.10031e-03 | 51 -0.27926 -3.72299e-05
 52 -0.54518 -4.86243e-04 |
52 variables; iteration 600; function evaluation 732; phase 3
Function value 2.8101818e+03; maximum gradient component mag 2.5021e-02
Var    Value     Gradient |Var    Value     Gradient |Var    Value     Gradient
  1  0.05065  2.50206e-02 |  2 -0.00674 -2.97589e-04 |  3  0.03420 -5.43813e-04
  4 -0.01844 -5.52205e-04 |  5 -0.13881 -4.92076e-04 |  6 -0.02353 -5.03364e-04
  7 -0.11428 -6.13127e-04 |  8 -0.07533 -4.77672e-04 |  9  0.00137 -4.39987e-04
 10  0.10557  2.06576e-04 | 11 -0.02569 -3.36172e-04 | 12  0.01510 -3.30347e-04
 13  0.02799  1.21873e-04 | 14  0.07209  2.55912e-04 | 15  0.01686 -2.31483e-04
 16 -0.05498 -4.13090e-04 | 17 -0.00677 -1.16355e-03 | 18  0.07218 -2.68962e-04
 19  0.11283  2.52258e-04 | 20 -0.04471 -3.75594e-04 | 21 -0.02327 -1.58172e-04
 22 -0.01505 -5.98327e-04 | 23 -0.04127 -2.94102e-04 | 24  0.03743  1.48015e-05
 25  0.05305 -1.85357e-04 | 26  0.02985  3.83123e-04 | 27  0.05218 -4.81998e-04
 28  0.02532  3.25343e-04 | 29  0.02969 -3.36559e-04 | 30  0.02106 -6.17805e-04
 31  0.05678 -5.12415e-04 | 32  0.08487  9.98641e-04 | 33 -0.02240  1.45336e-04
 34 -0.01782  7.11625e-04 | 35  0.03060 -1.08830e-04 | 36 -0.25702 -4.32828e-04
 37  0.24402 -2.90350e-04 | 38  0.22629  8.59356e-04 | 39  0.24557  3.65128e-05
 40  0.23728  5.42766e-03 | 41 -0.07895  8.35000e-03 | 42 -0.64230  6.34740e-03
 43  0.35649  2.69052e-04 | 44 -0.34721 -1.84396e-04 | 45  0.99999  1.63852e-04
 46 -0.99572  1.80509e-04 | 47  0.21409  5.64939e-04 | 48 -0.47937 -8.64903e-06
 49 -0.04424  9.31877e-04 | 50 -0.06164  1.13004e-02 | 51 -0.27651  2.76841e-04
 52 -0.54139  5.85525e-03 |
52 variables; iteration 620; function evaluation 753; phase 3
Function value 2.8101818e+03; maximum gradient component mag 2.5481e-03
Var    Value     Gradient |Var    Value     Gradient |Var    Value     Gradient
  1  0.05065 -1.00817e-04 |  2 -0.00674 -6.10812e-05 |  3  0.03420 -8.03724e-05
  4 -0.01844 -7.20762e-05 |  5 -0.13881 -4.72086e-05 |  6 -0.02353 -9.55504e-05
  7 -0.11428 -4.80638e-05 |  8 -0.07533 -7.34206e-05 |  9  0.00137 -8.83082e-05
 10  0.10557 -8.65126e-05 | 11 -0.02569 -2.96671e-05 | 12  0.01510 -1.07902e-04
 13  0.02799 -1.28586e-04 | 14  0.07209 -4.57540e-05 | 15  0.01686 -2.01447e-04
 16 -0.05498 -1.16824e-04 | 17 -0.00677 -2.94294e-04 | 18  0.07218 -7.02610e-05
 19  0.11283 -5.90107e-05 | 20 -0.04471 -1.06614e-04 | 21 -0.02327 -4.45502e-05
 22 -0.01505 -8.13002e-05 | 23 -0.04127 -3.00073e-05 | 24  0.03743 -4.53343e-05
 25  0.05305 -7.64310e-05 | 26  0.02985  2.64106e-05 | 27  0.05218 -2.01274e-06
 28  0.02532  4.11106e-05 | 29  0.02969 -4.62535e-05 | 30  0.02106 -5.20607e-05
 31  0.05678 -4.21293e-05 | 32  0.08487  1.60235e-05 | 33 -0.02240 -1.95735e-05
 34 -0.01782  8.42660e-06 | 35  0.03060 -1.21327e-04 | 36 -0.25702 -6.10228e-05
 37  0.24402 -5.78914e-04 | 38  0.22629 -1.29838e-05 | 39  0.24557 -6.64186e-05
 40  0.23728  6.83359e-04 | 41 -0.07565 -1.09517e-03 | 42 -0.64109  2.54810e-03
 43  0.35649  9.69485e-05 | 44 -0.34721 -4.50988e-05 | 45  0.99999 -1.67099e-04
 46 -0.99572 -5.70951e-05 | 47  0.21409 -3.02767e-04 | 48 -0.47937  1.21191e-04
 49 -0.04649 -1.31355e-04 | 50 -0.06390 -1.46415e-03 | 51 -0.27745  1.98713e-04
 52 -0.54268  2.25340e-03 |
Warning: the following parameters had issues
  selparm[5] is within 0.1% of upper bound: -1.00000e+00 < 1.50000e+01 < 1.50000e+01
  selparm[6] is within 0.1% of lower bound: -1.00000e+00 < -9.99763e-01 < 2.00000e+01


 - final statistics:
52 variables; iteration 624; function evaluation 757
Function value 2.8102e+03; maximum gradient component mag 9.2005e-05
Exit code = 1;  converg criter 1.0000e-04
Var    Value     Gradient |Var    Value     Gradient |Var    Value     Gradient
  1  0.05065  9.20053e-05 |  2 -0.00674  2.02580e-06 |  3  0.03420  3.60497e-06
  4 -0.01844 -4.15625e-06 |  5 -0.13881 -4.35428e-06 |  6 -0.02353 -5.91999e-06
  7 -0.11428 -2.39667e-06 |  8 -0.07533 -2.47009e-06 |  9  0.00137 -2.40044e-06
 10  0.10557  6.93310e-07 | 11 -0.02569 -2.34326e-06 | 12  0.01510 -3.93630e-07
 13  0.02799  3.29640e-06 | 14  0.07209  3.30899e-07 | 15  0.01686 -1.70729e-07
 16 -0.05498 -3.23222e-06 | 17 -0.00677 -9.20617e-06 | 18  0.07218 -6.19157e-06
 19  0.11283 -1.21133e-06 | 20 -0.04471 -2.97754e-06 | 21 -0.02327 -3.45118e-06
 22 -0.01505 -9.74831e-07 | 23 -0.04127 -1.06543e-06 | 24  0.03743  1.83482e-07
 25  0.05305 -1.93764e-06 | 26  0.02985  3.17189e-06 | 27  0.05218 -3.11264e-06
 28  0.02532 -2.37672e-06 | 29  0.02969 -5.47902e-06 | 30  0.02106 -1.03359e-05
 31  0.05678 -5.80141e-06 | 32  0.08487  3.22259e-06 | 33 -0.02240 -1.45339e-06
 34 -0.01782  2.95072e-06 | 35  0.03060  9.56198e-06 | 36 -0.25702 -2.48080e-06
 37  0.24402 -7.81685e-05 | 38  0.22629 -2.60896e-06 | 39  0.24557  9.10421e-07
 40  0.23728  1.66745e-05 | 41 -0.07558  5.50668e-05 | 42 -0.64095  4.03293e-05
 43  0.35649  8.04371e-06 | 44 -0.34721 -2.10608e-06 | 45  0.99999 -2.97320e-05
 46 -0.99572 -2.04849e-06 | 47  0.21409 -2.69084e-06 | 48 -0.47937  1.61457e-06
 49 -0.04654  8.78297e-06 | 50 -0.06395  7.14474e-05 | 51 -0.27756  1.23879e-06
 52 -0.54283  3.66400e-05 |
Estimating row 1 out of 52 for hessian
Estimating row 2 out of 52 for hessian
Estimating row 3 out of 52 for hessian
Estimating row 4 out of 52 for hessian
Estimating row 5 out of 52 for hessian
Estimating row 6 out of 52 for hessian
Estimating row 7 out of 52 for hessian
Estimating row 8 out of 52 for hessian
Estimating row 9 out of 52 for hessian
Estimating row 10 out of 52 for hessian
Estimating row 11 out of 52 for hessian
Estimating row 12 out of 52 for hessian
Estimating row 13 out of 52 for hessian
Estimating row 14 out of 52 for hessian
Estimating row 15 out of 52 for hessian
Estimating row 16 out of 52 for hessian
Estimating row 17 out of 52 for hessian
Estimating row 18 out of 52 for hessian
Estimating row 19 out of 52 for hessian
Estimating row 20 out of 52 for hessian
Estimating row 21 out of 52 for hessian
Estimating row 22 out of 52 for hessian
Estimating row 23 out of 52 for hessian
Estimating row 24 out of 52 for hessian
Estimating row 25 out of 52 for hessian
Estimating row 26 out of 52 for hessian
Estimating row 27 out of 52 for hessian
Estimating row 28 out of 52 for hessian
Estimating row 29 out of 52 for hessian
Estimating row 30 out of 52 for hessian
Estimating row 31 out of 52 for hessian
Estimating row 32 out of 52 for hessian
Estimating row 33 out of 52 for hessian
Estimating row 34 out of 52 for hessian
Estimating row 35 out of 52 for hessian
Estimating row 36 out of 52 for hessian
Estimating row 37 out of 52 for hessian
Estimating row 38 out of 52 for hessian
Estimating row 39 out of 52 for hessian
Estimating row 40 out of 52 for hessian
Estimating row 41 out of 52 for hessian
Estimating row 42 out of 52 for hessian
Estimating row 43 out of 52 for hessian
Estimating row 44 out of 52 for hessian
Estimating row 45 out of 52 for hessian
Estimating row 46 out of 52 for hessian
Estimating row 47 out of 52 for hessian
Estimating row 48 out of 52 for hessian
Estimating row 49 out of 52 for hessian
Estimating row 50 out of 52 for hessian
Estimating row 51 out of 52 for hessian
Estimating row 52 out of 52 for hessian
size of file gradfil1.tmp = 0
size of file gradfil2.tmp = 0
size of file varssave.tmp = 0
size of file cmpdiff.tmp = 0
