
Initial statistics: 36 variables; iteration 0; function evaluation 0; phase 1
Function value 1.0375136e+04; maximum gradient component mag -4.5008e+04
Var    Value     Gradient |Var    Value     Gradient |Var    Value     Gradient
  1  0.00100 -4.50080e+04 |  2 -0.04595  2.75891e+01 |  3  0.04588 -6.60814e+02
  4  0.00154  1.28026e+02 |  5 -0.10745  4.38646e+02 |  6 -0.03270  6.18056e+01
  7 -0.09099  6.43195e+02 |  8 -0.09005  5.12494e+02 |  9  0.01845  3.37492e+02
 10  0.14836 -3.07348e+02 | 11  0.02089  8.29535e+02 | 12  0.02913  8.73276e+01
 13  0.00440  5.85876e+02 | 14  0.12821  5.24059e+02 | 15  0.06065  2.62743e+02
 16 -0.08205 -2.47109e+02 | 17 -0.02123 -4.46834e+02 | 18 -0.01912 -1.29665e+02
 19  0.04012 -2.80484e+02 | 20 -0.09358  2.45642e+02 | 21 -0.09200 -8.03971e+01
 22 -0.06487  7.53093e+01 | 23  0.00532 -4.87184e+02 | 24  0.04543 -3.97727e+02
 25  0.00891  7.15627e+02 | 26  0.10842 -2.24981e+02 | 27  0.03243  2.88580e+02
 28 -0.00775 -6.52809e+02 | 29 -0.04603 -4.86662e+02 | 30 -0.00633 -5.91777e+01
 31  0.00802  1.14958e+02 | 32  0.05020 -1.49849e+03 | 33  0.02331 -5.49906e+02
 34 -0.03764  5.32862e+01 | 35  0.02794 -2.85864e+02 | 36  0.03089  8.52675e+02

Intermediate statistics: 36 variables; iteration 20; function evaluation 27; phase 1
Function value 8.9520843e+03; maximum gradient component mag 7.2003e+03
Var    Value     Gradient |Var    Value     Gradient |Var    Value     Gradient
  1  0.00207  7.20029e+03 |  2  0.17422  3.29924e+02 |  3  0.17320  2.10296e+02
  4  0.13695  2.48760e+02 |  5 -0.00592  2.21233e+02 |  6  0.17588  3.22442e+02
  7  0.04286  2.26085e+02 |  8  0.07810  2.84441e+02 |  9  0.13255  3.46489e+02
 10  0.17353  4.91946e+02 | 11 -1.16668 -2.09728e+01 | 12  0.38430  7.33465e+02
 13 -0.25675  8.17372e+01 | 14 -0.01247  3.41526e+02 | 15 -0.13298  4.25990e+02
 16  0.25073  6.05776e+02 | 17 -0.04130  4.48770e+02 | 18 -0.12168  2.77012e+02
 19  0.21573  2.73552e+02 | 20 -0.05615  3.42269e+02 | 21 -0.02684  4.68196e+02
 22 -0.57375  1.06786e+02 | 23  0.35916  3.55740e+02 | 24  0.28843  4.12184e+02
 25 -0.92930  1.02738e+01 | 26  0.17855  3.82892e+02 | 27 -0.11411  2.12898e+02
 28  0.18693  2.12580e+02 | 29  0.05379  3.36601e+02 | 30  0.08626  1.38585e+02
 31 -0.14046  1.82360e+02 | 32  0.28248  8.26232e+02 | 33 -0.01848  3.41857e+02
 34 -0.20193  2.20953e+02 | 35  0.11813  3.12052e+02 | 36 -0.21679  6.45102e+01
36 variables; iteration 40; function evaluation 58; phase 1
Function value 8.7842034e+03; maximum gradient component mag -2.6609e+03
Var    Value     Gradient |Var    Value     Gradient |Var    Value     Gradient
  1  0.00377 -2.66091e+03 |  2  0.09928  2.53520e+02 |  3  0.16799  2.41096e+02
  4  0.10715  2.64209e+02 |  5 -0.01428  2.74628e+02 |  6  0.11135  2.61159e+02
  7  0.00961  2.53161e+02 |  8  0.05822  2.69774e+02 |  9  0.11416  1.94047e+02
 10  0.15909  7.12960e+01 | 11 -1.41778 -9.19868e+01 | 12  0.35590  5.25679e+01
 13 -0.04423  2.43174e+02 | 14 -0.05490  2.18470e+02 | 15 -0.23695  2.97263e+02
 16  0.23211  2.27005e+02 | 17 -0.10379  3.38529e+02 | 18 -0.11664  2.81725e+02
 19  0.22144  2.44639e+02 | 20 -0.10324  2.93268e+02 | 21 -0.05261  3.54321e+02
 22 -0.39458  2.18496e+02 | 23  0.21510  1.99042e+02 | 24  0.13298  2.19481e+02
 25 -0.42123  1.59179e+02 | 26  0.24126  2.45581e+02 | 27 -0.07920  2.87776e+02
 28  0.16116  6.93097e+01 | 29 -0.01614  1.89452e+02 | 30  0.10388 -5.39993e+01
 31 -0.15343  1.65638e+02 | 32  0.25106 -1.29845e+01 | 33 -0.01120  2.79350e+02
 34 -0.20452  2.26194e+02 | 35  0.11224  2.62767e+02 | 36 -0.13763  2.42663e+02
36 variables; iteration 60; function evaluation 78; phase 1
Function value 8.7163487e+03; maximum gradient component mag 5.2216e+02
Var    Value     Gradient |Var    Value     Gradient |Var    Value     Gradient
  1  0.00524  5.22159e+02 |  2  0.08725 -8.65636e+00 |  3  0.15265 -1.05316e+01
  4  0.08266 -5.54191e+00 |  5 -0.04862 -7.11279e+00 |  6  0.08157 -5.51928e+00
  7 -0.02082 -5.64166e+00 |  8  0.01259 -5.63055e+00 |  9  0.09183 -6.84198e+00
 10  0.16519 -1.05511e+01 | 11 -1.63180 -6.82235e-01 | 12  0.35253 -2.71205e+00
 13 -0.04979 -5.51783e+00 | 14 -0.07059 -6.38389e+00 | 15 -0.32022 -6.98522e-01
 16  0.22792  3.80053e+00 | 17 -0.16197  5.56050e+00 | 18 -0.14281 -6.79055e+00
 19  0.22609 -6.32114e+00 | 20 -0.10330 -2.39352e+00 | 21 -0.13541  1.32613e+00
 22 -0.44168  6.05577e-01 | 23  0.28655  5.05994e+00 | 24  0.25410  6.37942e+00
 25 -0.18891  6.03477e-02 | 26  0.10191  4.15997e+01 | 27 -0.13076 -1.05900e+00
 28  0.20516  1.58840e+01 | 29 -0.02331 -5.70990e+00 | 30  0.03962 -7.19764e+00
 31 -0.14838 -6.03549e+00 | 32  0.25218  7.47760e-01 | 33 -0.04636 -6.24992e+00
 34 -0.20416 -6.44501e+00 | 35  0.10064 -7.83670e+00 | 36 -0.14045 -5.46671e+00

 - final statistics:
36 variables; iteration 72; function evaluation 90
Function value 8.7158e+03; maximum gradient component mag 7.7312e+00
Exit code = 1;  converg criter 1.0000e+01
Var    Value     Gradient |Var    Value     Gradient |Var    Value     Gradient
  1  0.00418  7.73117e+00 |  2  0.09012  1.93758e-01 |  3  0.15431  3.32535e-01
  4  0.08152  1.05053e-01 |  5 -0.05028  3.43470e-02 |  6  0.07884  2.03714e-02
  7 -0.02500 -4.04861e-02 |  8  0.00962 -4.48683e-02 |  9  0.09263 -1.29354e-01
 10  0.16866 -1.26225e-01 | 11 -1.62298  4.03939e-02 | 12  0.35579 -2.07696e-01
 13 -0.04884  3.23423e-02 | 14 -0.07051 -2.28325e-02 | 15 -0.32781 -1.38545e-01
 16  0.23032 -3.67759e-01 | 17 -0.17169 -1.23277e-02 | 18 -0.13819  1.03401e-02
 19  0.22979  1.34577e-01 | 20 -0.10361 -9.54107e-02 | 21 -0.14023 -1.78285e-01
 22 -0.45668 -1.29514e-02 | 23  0.29427  6.30406e-02 | 24  0.26561  3.46349e-02
 25 -0.18202  4.97181e-02 | 26  0.09007  1.58128e-01 | 27 -0.12833  5.24676e-03
 28  0.20604  4.62672e-01 | 29 -0.02168  3.22760e-01 | 30  0.04437  9.43948e-01
 31 -0.14716  2.91322e-01 | 32  0.25443  2.44263e-01 | 33 -0.04451  5.73557e-02
 34 -0.20250  5.60781e-02 | 35  0.10293  4.72992e-02 | 36 -0.13973 -2.24769e-02

Initial statistics: 46 variables; iteration 0; function evaluation 0; phase 2
Function value 8.7157756e+03; maximum gradient component mag 3.8347e+04
Var    Value     Gradient |Var    Value     Gradient |Var    Value     Gradient
  1  0.00418  7.73117e+00 |  2  0.09012  1.32972e-01 |  3  0.15430  2.72929e-01
  4  0.08152  4.41552e-02 |  5 -0.05028 -2.68623e-02 |  6  0.07884 -4.05591e-02
  7 -0.02500 -1.01840e-01 |  8  0.00962 -1.06262e-01 |  9  0.09263 -1.90106e-01
 10  0.16866 -1.85484e-01 | 11 -0.37703 -9.13378e-02 | 12  0.35579 -2.59755e-01
 13 -0.04885 -2.88779e-02 | 14 -0.07051 -8.38571e-02 | 15 -0.32781 -1.91984e-01
 16  0.23032 -4.25185e-01 | 17 -0.17169 -7.15090e-02 | 18 -0.13819 -4.96198e-02
 19  0.22979  7.71328e-02 | 20 -0.10361 -1.56000e-01 | 21 -0.14023 -2.38202e-01
 22 -0.45668 -5.92199e-02 | 23  0.29427  8.08341e-03 | 24  0.26561 -2.14989e-02
 25 -0.18202 -9.18997e-03 | 26  0.09007  9.73406e-02 | 27 -0.12833 -5.49107e-02
 28  0.20604  4.04460e-01 | 29 -0.02168  2.61394e-01 | 30  0.04437  8.82696e-01
 31 -0.14716  2.31554e-01 | 32  0.25443  1.87701e-01 | 33 -0.04451 -3.89505e-03
 34 -0.20250 -2.24249e-03 | 35  0.10293 -1.33008e-02 | 36 -0.13973 -8.24045e-02
 37  0.44714  3.83475e+04 | 38  0.18803 -1.02515e+04 | 39  0.22705 -8.91395e+02
 40  0.26697 -3.09899e+03 | 41 -0.01392 -1.78007e+02 | 42 -0.38041  6.82066e+02
 43 -0.04048 -7.25637e+01 | 44 -0.03618 -1.85970e+02 | 45 -0.27352  8.39688e+01
 46 -0.27887  4.85600e+02 |

Intermediate statistics: 46 variables; iteration 20; function evaluation 32; phase 2
Function value 4.2148189e+03; maximum gradient component mag 1.6286e+04
Var    Value     Gradient |Var    Value     Gradient |Var    Value     Gradient
  1  0.13858  4.62667e+03 |  2 -0.05847 -1.10021e+02 |  3 -0.02205 -9.53161e+01
  4 -0.05061 -1.10953e+02 |  5 -0.16776 -1.03366e+02 |  6  0.01689 -6.30668e+01
  7 -0.03952 -5.84899e+01 |  8  0.02978 -3.49890e+01 |  9  0.14087 -2.98921e+00
 10  0.27723  1.04015e+02 | 11  0.01593  1.16968e+02 | 12  0.18798  2.24958e+02
 13 -0.03374 -5.06561e+01 | 14 -0.01909 -6.40623e+01 | 15  0.00087  1.38103e+02
 16 -0.00978 -4.32372e+01 | 17 -0.02625  4.24518e+01 | 18  0.06559  6.53757e+01
 19  0.14436  1.86331e+02 | 20 -0.02231 -2.59978e+01 | 21 -0.07362 -7.10407e+01
 22 -0.06370  1.29263e+02 | 23 -0.08856 -1.59999e+02 | 24  0.02509 -1.02886e+02
 25  0.01067  6.65258e+01 | 26  0.02055 -3.77513e+01 | 27 -0.03449  1.38225e+01
 28  0.07095  1.55024e+02 | 29 -0.02061 -6.40911e+01 | 30  0.04661 -1.07734e+01
 31  0.01054  1.04345e+02 | 32  0.10372  1.55025e+02 | 33 -0.06223 -1.17234e+02
 34 -0.09738  5.07685e-01 | 35 -0.05600 -1.27689e+02 | 36 -0.21688 -1.50516e+02
 37  0.26683  1.62858e+04 | 38  0.16092 -4.65870e+03 | 39  0.18313 -6.35790e+02
 40  0.21285 -1.58749e+03 | 41 -0.05742  9.43881e+02 | 42 -0.86762  8.71640e+01
 43 -0.09325  1.67296e+02 | 44 -0.06189  1.20370e+03 | 45 -0.18259 -9.53732e+01
 46 -0.34513  3.60775e+02 |
46 variables; iteration 40; function evaluation 60; phase 2
Function value 3.7221931e+03; maximum gradient component mag 2.5067e+03
Var    Value     Gradient |Var    Value     Gradient |Var    Value     Gradient
  1  0.16709 -2.31174e+02 |  2  0.09785  1.21645e+02 |  3  0.11620 -6.55857e-01
  4  0.09795 -1.89809e+01 |  5 -0.00280  8.52247e+00 |  6  0.19044  1.15966e+02
  7  0.06798 -1.25824e+00 |  8  0.10867  5.84662e+01 |  9  0.15201  8.20101e+01
 10  0.20897  2.91011e+01 | 11 -0.04549  2.63297e+01 | 12  0.09530  9.31891e+01
 13 -0.05344 -5.43937e+01 | 14 -0.04540 -9.31034e+01 | 15 -0.05606  1.55420e+01
 16 -0.04704  5.64693e+01 | 17 -0.07179 -3.81160e+01 | 18  0.00126 -6.48738e+01
 19  0.07665 -1.69089e+01 | 20 -0.03130  9.38365e+00 | 21 -0.08448 -6.43141e+01
 22 -0.12907 -2.10187e+01 | 23 -0.11498 -5.04451e+01 | 24 -0.02015 -4.84582e+01
 25 -0.04361 -3.41368e+01 | 26 -0.02239 -1.11177e+02 | 27 -0.04853  4.58442e+01
 28  0.01243 -2.83310e+01 | 29 -0.02224  3.19204e+01 | 30  0.03875  1.82157e+01
 31 -0.05847 -8.49148e+01 | 32  0.04972 -6.88425e+01 | 33 -0.05333 -2.95824e+01
 34 -0.11020  1.11603e+01 | 35 -0.03224  3.67149e+01 | 36 -0.22085 -4.29188e+01
 37  0.22290  2.50671e+03 | 38  0.17265 -1.73203e+03 | 39  0.18554 -3.01396e+02
 40  0.20827 -6.61461e+02 | 41  0.01322 -2.24069e+01 | 42 -0.83885 -6.76264e+01
 43 -0.17663  3.81099e+01 | 44 -0.16703 -6.97545e+01 | 45 -0.17604 -1.72042e+01
 46 -0.43278 -1.46066e+02 |
46 variables; iteration 60; function evaluation 89; phase 2
Function value 3.6497979e+03; maximum gradient component mag -1.0131e+01
Var    Value     Gradient |Var    Value     Gradient |Var    Value     Gradient
  1  0.15831 -1.01306e+01 |  2 -0.01911  6.08974e-02 |  3  0.02667 -4.29884e-01
  4  0.00030 -1.40735e-01 |  5 -0.11556  2.44658e-01 |  6  0.00160  1.22032e-01
  7 -0.08226  4.22130e-01 |  8 -0.05951  1.41845e-02 |  9  0.00912 -1.38450e-01
 10  0.13586  3.39443e-01 | 11 -0.04840  1.58734e-01 | 12  0.04524 -3.51977e-02
 13 -0.01156  4.25161e-02 | 14  0.01751 -9.91745e-02 | 15 -0.02112  1.36975e-01
 16 -0.04723 -3.01668e-01 | 17 -0.01196  1.53423e-01 | 18  0.06876 -5.88141e-02
 19  0.12673 -7.07809e-01 | 20  0.01520  1.15269e-02 | 21 -0.00923  8.49423e-02
 22 -0.06639  1.51277e-01 | 23 -0.04182 -1.47727e-01 | 24  0.04070 -1.09456e-01
 25  0.01003 -1.01559e-01 | 26  0.04530 -2.55499e-01 | 27 -0.01843  7.17590e-02
 28  0.05479 -5.79231e-01 | 29  0.00956 -8.71056e-03 | 30  0.07242 -1.35925e-01
 31  0.00569 -8.61870e-02 | 32  0.10150 -5.90721e-01 | 33 -0.00194 -3.78198e-02
 34 -0.06922  7.13665e-02 | 35 -0.00008 -2.06332e-01 | 36 -0.16359 -9.87108e-02
 37  0.20924  8.40948e-01 | 38  0.17448 -5.33358e+00 | 39  0.18220 -1.20963e+00
 40  0.20452 -2.83954e+00 | 41  0.15973  5.78238e-01 | 42 -0.85468 -3.21842e-01
 43 -0.28655 -3.72385e+00 | 44 -0.26660  4.56757e+00 | 45 -0.16705  2.53418e+00
 46 -0.41589 -2.91118e+00 |

 - final statistics:
46 variables; iteration 61; function evaluation 90
Function value 3.6498e+03; maximum gradient component mag -8.8409e+00
Exit code = 1;  converg criter 1.0000e+01
Var    Value     Gradient |Var    Value     Gradient |Var    Value     Gradient
  1  0.15975 -8.84090e+00 |  2 -0.01913  4.36869e-02 |  3  0.02668 -5.22528e-01
  4  0.00038 -1.99444e-01 |  5 -0.11548  2.30772e-01 |  6  0.00171  7.71529e-02
  7 -0.08215  4.46579e-01 |  8 -0.05950 -3.86566e-03 |  9  0.00908 -2.12226e-01
 10  0.13591  3.18706e-01 | 11 -0.04839  1.78833e-01 | 12  0.04541  2.11303e-01
 13 -0.01160  4.98314e-02 | 14  0.01750 -1.46494e-01 | 15 -0.02106  1.20605e-01
 16 -0.04707 -2.47234e-01 | 17 -0.01192  1.22518e-01 | 18  0.06876 -1.13263e-01
 19  0.12674 -6.45059e-01 | 20  0.01520 -1.73941e-02 | 21 -0.00924  8.54914e-02
 22 -0.06642  1.54285e-01 | 23 -0.04191 -1.28566e-01 | 24  0.04057 -6.43123e-02
 25  0.00992 -1.34145e-01 | 26  0.04515 -2.74113e-01 | 27 -0.01847  6.64861e-02
 28  0.05476 -5.17439e-01 | 29  0.00956  7.75363e-03 | 30  0.07237 -1.61261e-01
 31  0.00565 -9.16685e-02 | 32  0.10143 -5.33536e-01 | 33 -0.00198 -5.31969e-02
 34 -0.06924  1.73154e-02 | 35 -0.00005 -1.43886e-01 | 36 -0.16360 -1.33080e-01
 37  0.20858  1.02078e+00 | 38  0.17380 -4.85858e+00 | 39  0.18151 -1.02658e+00
 40  0.20387 -2.77070e+00 | 41  0.16159  6.33913e-01 | 42 -0.85461 -3.34121e-01
 43 -0.28837 -4.66379e+00 | 44 -0.26809  5.59903e+00 | 45 -0.16678  3.15808e+00
 46 -0.41599 -3.45588e+00 |

Initial statistics: 52 variables; iteration 0; function evaluation 0; phase 3
Function value 3.6497922e+03; maximum gradient component mag -3.1780e+03
Var    Value     Gradient |Var    Value     Gradient |Var    Value     Gradient
  1  0.15975 -8.84090e+00 |  2 -0.01913  1.07218e-01 |  3  0.02668 -4.59024e-01
  4  0.00039 -1.35885e-01 |  5 -0.11548  2.93289e-01 |  6  0.00171  1.40712e-01
  7 -0.08215  5.09610e-01 |  8 -0.05950  5.94166e-02 |  9  0.00908 -1.48673e-01
 10  0.13591  3.80822e-01 | 11 -0.04839  2.42209e-01 | 12  0.04541  2.74701e-01
 13 -0.01160  1.13380e-01 | 14  0.01750 -8.29580e-02 | 15 -0.02105  1.84130e-01
 16 -0.04707 -1.83849e-01 | 17 -0.01191  1.86066e-01 | 18  0.06876 -5.00737e-02
 19  0.12674 -5.82754e-01 | 20  0.01520  4.61474e-02 | 21 -0.00924  1.49044e-01
 22 -0.06641  2.17499e-01 | 23 -0.04191 -6.51443e-02 | 24  0.04057 -8.81772e-04
 25  0.00992 -7.05929e-02 | 26  0.04515 -2.10713e-01 | 27 -0.01847  1.30019e-01
 28  0.05476 -4.54114e-01 | 29  0.00956  7.13060e-02 | 30  0.07237 -9.81117e-02
 31  0.00565 -2.81114e-02 | 32  0.10143 -4.70781e-01 | 33 -0.00198  1.03624e-02
 34 -0.06924  8.04994e-02 | 35 -0.00005 -8.03259e-02 | 36 -0.16360 -7.16073e-02
 37  0.20858  1.02078e+00 | 38  0.17380 -4.85858e+00 | 39  0.18151 -1.02658e+00
 40  0.20387 -2.77070e+00 | 41  0.16159  6.33913e-01 | 42 -0.85461 -3.34121e-01
 43  0.35728 -3.17802e+03 | 44 -0.72108  2.34757e+03 | 45  0.09178 -8.43345e+02
 46 -0.29109  5.85533e+02 | 47  0.15922 -1.14575e+03 | 48 -0.83901  5.59741e+02
 49 -0.28837 -4.66379e+00 | 50 -0.26809  5.59903e+00 | 51 -0.16678  3.15808e+00
 52 -0.41599 -3.45588e+00 |

Intermediate statistics: 52 variables; iteration 20; function evaluation 31; phase 3
Function value 2.7486852e+03; maximum gradient component mag -1.0718e+04
Var    Value     Gradient |Var    Value     Gradient |Var    Value     Gradient
  1  0.08318 -4.66406e+03 |  2 -0.00775  6.24581e+01 |  3  0.05299  7.82685e+01
  4  0.02477  8.20005e+01 |  5 -0.08586  7.85508e+01 |  6  0.03471  1.02923e+02
  7 -0.04524  1.09761e+02 |  8 -0.06368  4.47871e+01 |  9 -0.02916 -5.05898e+00
 10  0.11660 -3.00022e+01 | 11 -0.05618 -5.92751e+00 | 12  0.05065  6.18698e+01
 13  0.01264 -2.50404e+01 | 14  0.00716 -1.72632e+02 | 15 -0.02128 -8.62739e+00
 16 -0.06888  4.39010e+01 | 17 -0.01060 -3.66211e+01 | 18  0.05287 -4.21771e+01
 19  0.05446 -1.75873e+02 | 20  0.00858 -8.99784e+01 | 21 -0.09869 -6.63344e+01
 22 -0.05935 -3.71804e+01 | 23  0.06740  1.69044e+02 | 24  0.05671  1.13426e+02
 25 -0.05929 -7.15171e+01 | 26  0.09730  1.92409e+02 | 27  0.00540 -2.13974e+00
 28  0.06867  1.65425e+01 | 29  0.03580  4.75211e+01 | 30  0.06347 -6.95485e+01
 31  0.01793 -7.17079e+01 | 32  0.11293 -1.72827e+02 | 33  0.01367 -5.11982e+01
 34 -0.05630  4.79164e+00 | 35 -0.00243 -7.57193e+01 | 36 -0.29989  2.39368e+00
 37  0.19769 -1.07182e+04 | 38  0.22256  1.15933e+03 | 39  0.21628 -2.44509e+02
 40  0.20735 -9.85065e+01 | 41  0.09492  2.34113e+01 | 42 -0.88221  8.39623e+01
 43  0.64154 -1.11495e+03 | 44 -0.63753  4.04956e+02 | 45  0.08960 -1.27913e+02
 46 -0.62146  3.24815e+02 | 47  0.59148 -2.16572e+02 | 48 -0.82713  2.67467e+01
 49 -0.21036  4.75442e+01 | 50 -0.19505 -1.50941e+01 | 51 -0.18964 -6.47971e+01
 52 -0.37814  3.44393e+02 |
52 variables; iteration 40; function evaluation 57; phase 3
Function value 2.5083147e+03; maximum gradient component mag -1.3437e+03
Var    Value     Gradient |Var    Value     Gradient |Var    Value     Gradient
  1  0.07835 -8.32227e+02 |  2 -0.02903 -1.04468e+01 |  3  0.02609  2.61479e+01
  4 -0.03072 -2.08513e+01 |  5 -0.15211 -1.19905e+01 |  6 -0.01211 -3.48865e+00
  7 -0.07789  4.06003e+01 |  8 -0.05951  4.20810e+00 |  9  0.02890  3.77490e+01
 10  0.12784  2.65667e+01 | 11 -0.04626  9.74757e+00 | 12  0.02242 -2.82876e+01
 13 -0.00648 -1.18119e+01 | 14  0.04404  7.22404e+00 | 15 -0.02017 -2.30377e+00
 16 -0.06145  2.67753e+00 | 17 -0.02085 -1.16331e+01 | 18  0.06050  4.24033e+00
 19  0.09728  1.23928e+00 | 20  0.02321  7.71077e+00 | 21 -0.06043  3.53618e+01
 22 -0.05960 -2.22871e+01 | 23  0.03647  1.67294e+01 | 24  0.03053  6.36943e+00
 25 -0.02879 -4.74069e+00 | 26  0.05743 -1.30754e+01 | 27  0.00236 -4.75373e+01
 28  0.06791 -3.26756e+00 | 29  0.01570 -3.02548e+01 | 30  0.07547 -6.35692e+00
 31  0.03620 -2.69397e+01 | 32  0.14034 -5.25317e-01 | 33  0.01595 -3.79667e+01
 34 -0.07849 -4.22595e+01 | 35  0.01651 -3.53180e+01 | 36 -0.18804 -2.13775e+01
 37  0.22467  6.21966e+01 | 38  0.21469 -5.33567e+02 | 39  0.22470  1.24729e+01
 40  0.19935 -1.34374e+03 | 41 -0.09298 -2.87570e+00 | 42 -0.88576 -1.98948e+01
 43  0.72378 -3.40918e+02 | 44 -0.61932  3.30732e+02 | 45  0.06763 -5.54473e+01
 46 -0.66382  8.50247e+01 | 47  0.72323 -1.45576e+02 | 48 -0.70359  3.49960e+01
 49 -0.07563 -4.55011e+00 | 50 -0.07253  3.52212e-01 | 51 -0.16438 -7.54603e+00
 52 -0.40074 -6.22819e+01 |
52 variables; iteration 60; function evaluation 88; phase 3
Function value 2.4624589e+03; maximum gradient component mag 5.6522e+02
Var    Value     Gradient |Var    Value     Gradient |Var    Value     Gradient
  1  0.07174  5.65221e+02 |  2 -0.01061 -6.19926e+00 |  3  0.03324 -6.70313e+00
  4 -0.00457  2.33152e+00 |  5 -0.12526 -7.61322e+00 |  6 -0.00929 -1.15663e+00
  7 -0.10315 -1.83170e+01 |  8 -0.06883 -1.24530e+01 |  9  0.00899 -7.01920e+00
 10  0.12515  8.28387e+00 | 11 -0.05336 -2.23939e+01 | 12  0.04059  7.00790e+00
 13  0.00468 -3.29047e+00 | 14  0.04515 -2.65582e+00 | 15 -0.02350 -1.40198e+01
 16 -0.06777 -1.10585e+01 | 17 -0.01775 -4.59120e+00 | 18  0.04905 -1.79768e+01
 19  0.09740  2.28973e+01 | 20  0.01681  2.38592e+00 | 21 -0.08299 -1.98268e+00
 22 -0.04407  1.66386e+01 | 23  0.03492  1.56156e+00 | 24  0.03079  1.45672e+01
 25 -0.04222 -2.32692e+01 | 26  0.05789  2.00800e+01 | 27  0.00984  1.31771e+01
 28  0.05160  3.20838e+00 | 29  0.01201  3.22280e+00 | 30  0.06751  9.13800e+00
 31  0.03353 -6.02693e+00 | 32  0.12528 -6.24436e-01 | 33  0.01274 -3.07364e+00
 34 -0.06072  2.07423e+01 | 35  0.01004  1.58798e+01 | 36 -0.15467 -7.25024e+00
 37  0.22773  1.68590e+02 | 38  0.22546  3.09922e+02 | 39  0.23032  2.39772e+01
 40  0.20773  1.78493e+02 | 41 -0.12673  7.11221e+01 | 42 -0.89587 -2.20714e+01
 43  0.80783 -1.28031e+02 | 44 -0.66801  6.29487e+01 | 45  0.06434  3.76068e+01
 46 -0.68566 -1.05932e+02 | 47  0.94189 -2.05886e+01 | 48 -0.61609  3.59629e+01
 49 -0.04232  4.96175e+00 | 50 -0.04425  1.00319e+02 | 51 -0.15497 -2.91766e+00
 52 -0.39483 -8.15254e+01 |
52 variables; iteration 80; function evaluation 108; phase 3
Function value 2.4481614e+03; maximum gradient component mag -9.3840e-02
Var    Value     Gradient |Var    Value     Gradient |Var    Value     Gradient
  1  0.06680 -1.91598e-02 |  2 -0.01262  7.70567e-03 |  3  0.02953  4.89945e-03
  4 -0.01410  4.29413e-03 |  5 -0.13219  3.90532e-03 |  6 -0.01487  7.72204e-03
  7 -0.10189 -5.25790e-03 |  8 -0.06730 -3.70428e-03 |  9  0.00880  7.00989e-04
 10  0.12165  1.45249e-03 | 11 -0.04418 -4.19436e-03 | 12  0.03626  3.98824e-03
 13  0.00792  4.80037e-04 | 14  0.05039 -3.05678e-03 | 15 -0.01721  2.66614e-03
 16 -0.06218 -1.21003e-03 | 17 -0.01561 -2.45342e-04 | 18  0.05592 -5.28642e-03
 19  0.09182  1.26571e-02 | 20  0.01313  1.65544e-03 | 21 -0.08746 -1.08842e-02
 22 -0.05068  8.26511e-03 | 23  0.03504  3.37416e-03 | 24  0.02794  2.15962e-03
 25 -0.03021 -6.73788e-03 | 26  0.05971  3.03851e-03 | 27  0.00863  1.18396e-03
 28  0.05308 -7.94196e-03 | 29  0.01176 -9.10888e-04 | 30  0.06752  6.26935e-03
 31  0.03586 -5.08043e-04 | 32  0.12730 -4.00375e-03 | 33  0.01636 -1.75124e-03
 34 -0.06689 -2.58813e-03 | 35  0.01002  7.43721e-03 | 36 -0.15241 -2.64751e-03
 37  0.22850  7.59629e-02 | 38  0.22670 -2.45025e-02 | 39  0.23294 -3.16599e-03
 40  0.20981 -9.38402e-02 | 41 -0.10787 -1.57006e-02 | 42 -0.82338  1.01496e-02
 43  0.99998  2.45293e-03 | 44 -0.69608  4.34498e-03 | 45  0.06675 -4.96664e-02
 46 -0.67247  5.05612e-02 | 47  0.99984 -5.46908e-03 | 48 -0.69632 -3.05427e-03
 49 -0.04884 -6.73999e-04 | 50 -0.05504 -2.21324e-02 | 51 -0.17478  7.67035e-04
 52 -0.41739  4.29235e-02 |
52 variables; iteration 100; function evaluation 129; phase 3
Function value 2.4481612e+03; maximum gradient component mag 4.1798e-01
Var    Value     Gradient |Var    Value     Gradient |Var    Value     Gradient
  1  0.06680  2.79414e-01 |  2 -0.01262 -5.09587e-04 |  3  0.02954  9.89115e-03
  4 -0.01410  3.18124e-03 |  5 -0.13218 -6.91224e-04 |  6 -0.01486  8.79771e-03
  7 -0.10189 -1.36798e-02 |  8 -0.06729 -9.01726e-03 |  9  0.00880 -6.13099e-03
 10  0.12166  1.28954e-02 | 11 -0.04419 -1.95147e-02 | 12  0.03626  8.28412e-03
 13  0.00791 -1.73824e-02 | 14  0.05039  5.43991e-04 | 15 -0.01721 -1.33845e-02
 16 -0.06218 -5.62748e-03 | 17 -0.01562 -2.10731e-03 | 18  0.05591 -1.44257e-02
 19  0.09182  2.69309e-02 | 20  0.01313 -2.08647e-03 | 21 -0.08747 -1.92955e-02
 22 -0.05068  3.11687e-03 | 23  0.03505  2.88503e-02 | 24  0.02795  1.52141e-02
 25 -0.03022 -2.73085e-02 | 26  0.05972  3.70913e-02 | 27  0.00863  2.46999e-06
 28  0.05308 -9.44214e-03 | 29  0.01175 -1.15551e-02 | 30  0.06752  7.92831e-03
 31  0.03585 -1.52738e-02 | 32  0.12730 -1.92230e-03 | 33  0.01635 -1.16567e-02
 34 -0.06688  9.61494e-03 | 35  0.01001  8.63781e-03 | 36 -0.15241 -6.14366e-03
 37  0.22850  1.33591e-01 | 38  0.22671  2.41699e-01 | 39  0.23294  1.79790e-01
 40  0.20981 -2.08416e-01 | 41 -0.08938 -1.24825e-01 | 42 -0.80399  2.09023e-01
 43  0.99996 -4.66763e-03 | 44 -0.69609 -2.46192e-03 | 45  0.06676 -1.62579e-01
 46 -0.67245  2.54391e-01 | 47  0.99995  5.70229e-04 | 48 -0.69636 -1.12000e-02
 49 -0.06144  1.00319e-02 | 50 -0.06765 -1.92346e-01 | 51 -0.18241  1.23273e-02
 52 -0.42668  4.17981e-01 |
52 variables; iteration 120; function evaluation 151; phase 3
Function value 2.4481610e+03; maximum gradient component mag 6.0971e-01
Var    Value     Gradient |Var    Value     Gradient |Var    Value     Gradient
  1  0.06680 -8.21716e-02 |  2 -0.01262  3.47361e-03 |  3  0.02953  4.49660e-03
  4 -0.01410  2.19065e-03 |  5 -0.13219  2.62710e-03 |  6 -0.01487  5.92554e-03
  7 -0.10189 -2.73978e-03 |  8 -0.06730 -1.18863e-03 |  9  0.00880 -6.84713e-04
 10  0.12165  3.19251e-03 | 11 -0.04418 -5.00740e-03 | 12  0.03626  3.40194e-03
 13  0.00791 -7.82773e-03 | 14  0.05039 -1.48411e-03 | 15 -0.01721 -5.39560e-03
 16 -0.06218 -5.27149e-03 | 17 -0.01561 -3.21226e-03 | 18  0.05591 -3.09741e-03
 19  0.09182  1.41990e-02 | 20  0.01313 -2.28670e-04 | 21 -0.08746 -1.06882e-02
 22 -0.05068  1.12011e-03 | 23  0.03504  1.08021e-02 | 24  0.02794  3.24968e-03
 25 -0.03021 -1.04790e-02 | 26  0.05971  1.00987e-02 | 27  0.00863 -2.11404e-03
 28  0.05308 -6.28125e-03 | 29  0.01175 -5.08958e-03 | 30  0.06752  4.78755e-03
 31  0.03586 -5.54083e-03 | 32  0.12730  5.04565e-04 | 33  0.01636 -5.33380e-03
 34 -0.06689 -9.00015e-04 | 35  0.01001  6.89352e-03 | 36 -0.15241  2.12830e-03
 37  0.22850  1.36000e-02 | 38  0.22670  5.06787e-02 | 39  0.23294  4.88393e-02
 40  0.20981 -1.09292e-01 | 41 -0.04874 -3.40871e-01 | 42 -0.76795  3.80405e-01
 43  1.00030  5.46858e-02 | 44 -0.69608  3.44510e-03 | 45  0.06675 -6.62394e-02
 46 -0.67246  8.93649e-02 | 47  0.99996  1.32788e-03 | 48 -0.69632 -4.30789e-03
 49 -0.08941 -1.52131e-02 | 50 -0.09565 -4.77047e-01 | 51 -0.19873  2.62846e-02
 52 -0.44685  6.09712e-01 |
52 variables; iteration 140; function evaluation 174; phase 3
Function value 2.4481608e+03; maximum gradient component mag 9.3455e-02
Var    Value     Gradient |Var    Value     Gradient |Var    Value     Gradient
  1  0.06680 -4.48610e-02 |  2 -0.01262  3.33342e-03 |  3  0.02953  2.99386e-03
  4 -0.01411  2.95435e-03 |  5 -0.13219  1.48127e-03 |  6 -0.01488  4.29329e-03
  7 -0.10189 -2.19903e-03 |  8 -0.06730 -1.14709e-03 |  9  0.00880 -1.27206e-03
 10  0.12165  1.49376e-03 | 11 -0.04418 -2.03157e-03 | 12  0.03626  3.41901e-03
 13  0.00792 -3.05828e-04 | 14  0.05039  6.44876e-04 | 15 -0.01721 -2.72533e-04
 16 -0.06218 -1.00888e-03 | 17 -0.01561  3.37307e-04 | 18  0.05592 -2.43091e-03
 19  0.09182  6.92437e-03 | 20  0.01313 -6.39014e-05 | 21 -0.08746 -6.79455e-03
 22 -0.05068  3.71969e-03 | 23  0.03504  5.45418e-03 | 24  0.02794  1.33909e-03
 25 -0.03020 -2.62599e-03 | 26  0.05971  4.22983e-03 | 27  0.00863 -4.98709e-04
 28  0.05309 -6.42917e-03 | 29  0.01176 -2.13675e-03 | 30  0.06752  2.67998e-03
 31  0.03586 -2.35147e-03 | 32  0.12730 -4.89917e-03 | 33  0.01636 -3.21702e-03
 34 -0.06689  2.43915e-04 | 35  0.01001  9.40284e-04 | 36 -0.15241 -2.87692e-04
 37  0.22850 -3.79803e-02 | 38  0.22670  8.96864e-03 | 39  0.23294  1.52088e-02
 40  0.20981 -8.07617e-02 | 41 -0.01305 -4.03180e-02 | 42 -0.74139  6.17674e-02
 43  0.99990 -1.74626e-02 | 44 -0.69608  5.22768e-03 | 45  0.06675 -3.75868e-02
 46 -0.67247  4.55748e-02 | 47  0.99992 -1.80767e-03 | 48 -0.69631 -2.15633e-03
 49 -0.11423 -4.74489e-04 | 50 -0.12052 -5.82138e-02 | 51 -0.21257  2.77185e-03
 52 -0.46423  9.34547e-02 |
52 variables; iteration 160; function evaluation 198; phase 3
Function value 2.4481608e+03; maximum gradient component mag 2.4863e-01
Var    Value     Gradient |Var    Value     Gradient |Var    Value     Gradient
  1  0.06680 -8.23694e-02 |  2 -0.01263  1.47571e-03 |  3  0.02953  2.43572e-04
  4 -0.01411  1.04799e-03 |  5 -0.13219  1.27691e-03 |  6 -0.01488  1.84284e-03
  7 -0.10189  5.41252e-04 |  8 -0.06730  7.67589e-04 |  9  0.00880  1.14181e-04
 10  0.12165  7.83246e-04 | 11 -0.04418 -9.55174e-05 | 12  0.03626  8.14005e-04
 13  0.00792 -1.77187e-03 | 14  0.05039 -1.40033e-03 | 15 -0.01721 -1.91341e-03
 16 -0.06218 -2.73774e-03 | 17 -0.01561 -1.55581e-03 | 18  0.05592 -1.35320e-05
 19  0.09182  3.81925e-03 | 20  0.01313  5.87452e-04 | 21 -0.08746 -2.74388e-03
 22 -0.05068  6.32925e-04 | 23  0.03504  1.37260e-03 | 24  0.02794 -2.35759e-04
 25 -0.03020 -1.43587e-03 | 26  0.05971 -2.07950e-04 | 27  0.00863 -1.37526e-03
 28  0.05309 -2.20771e-03 | 29  0.01176 -1.04992e-03 | 30  0.06752  1.18682e-03
 31  0.03586 -6.55895e-04 | 32  0.12730  1.04133e-03 | 33  0.01636 -2.70037e-04
 34 -0.06689 -7.01610e-04 | 35  0.01001  2.51865e-03 | 36 -0.15241  1.90889e-03
 37  0.22850 -2.15585e-02 | 38  0.22670 -3.37491e-05 | 39  0.23294  2.89730e-03
 40  0.20981 -2.56657e-02 | 41  0.02126 -1.64615e-01 | 42 -0.71821  1.94835e-01
 43  0.99991 -1.59041e-02 | 44 -0.69608  2.19923e-03 | 45  0.06675 -9.82750e-03
 46 -0.67247  1.41040e-02 | 47  1.00007  1.27063e-03 | 48 -0.69630 -5.27529e-04
 49 -0.13829 -9.15044e-03 | 50 -0.14463 -2.25854e-01 | 51 -0.22587  1.06494e-02
 52 -0.48123  2.48631e-01 |
52 variables; iteration 180; function evaluation 226; phase 3
Function value 2.4481608e+03; maximum gradient component mag -5.5430e-02
Var    Value     Gradient |Var    Value     Gradient |Var    Value     Gradient
  1  0.06680  2.79905e-02 |  2 -0.01263 -2.10097e-03 |  3  0.02952 -3.31390e-04
  4 -0.01411 -1.96056e-04 |  5 -0.13219 -4.93666e-04 |  6 -0.01488 -3.64050e-03
  7 -0.10189 -5.11568e-04 |  8 -0.06730  4.58397e-05 |  9  0.00880  2.19766e-04
 10  0.12165 -2.71683e-03 | 11 -0.04418  4.36976e-04 | 12  0.03626 -1.21936e-03
 13  0.00792 -3.53359e-05 | 14  0.05039  9.66021e-04 | 15 -0.01721 -4.47120e-04
 16 -0.06218  1.18007e-03 | 17 -0.01561  4.96403e-04 | 18  0.05592  1.78865e-03
 19  0.09182 -1.34263e-03 | 20  0.01313 -1.13663e-03 | 21 -0.08746  3.31864e-03
 22 -0.05068 -4.24553e-03 | 23  0.03504  1.13652e-04 | 24  0.02794  7.62266e-04
 25 -0.03020 -9.61772e-04 | 26  0.05971  1.66898e-03 | 27  0.00863  4.28436e-04
 28  0.05309  3.77686e-03 | 29  0.01176  5.04746e-04 | 30  0.06752 -1.05380e-03
 31  0.03586 -7.04784e-04 | 32  0.12730  1.84642e-03 | 33  0.01636 -9.87840e-04
 34 -0.06689 -4.75666e-04 | 35  0.01001 -1.19821e-03 | 36 -0.15240  3.74068e-04
 37  0.22850  1.04214e-02 | 38  0.22670  2.40431e-02 | 39  0.23294  1.79158e-03
 40  0.20981  2.41256e-02 | 41  0.04662 -3.99784e-02 | 42 -0.70111  3.78474e-02
 43  0.99998  2.69097e-03 | 44 -0.69609 -2.09122e-03 | 45  0.06675  1.62077e-02
 46 -0.67247 -1.94758e-02 | 47  0.99975 -9.44772e-03 | 48 -0.69629  1.16734e-03
 49 -0.15618 -2.92405e-03 | 50 -0.16256 -5.54295e-02 | 51 -0.23645  1.40867e-03
 52 -0.49497  4.77475e-02 |
52 variables; iteration 200; function evaluation 255; phase 3
Function value 2.4481607e+03; maximum gradient component mag -8.5254e-02
Var    Value     Gradient |Var    Value     Gradient |Var    Value     Gradient
  1  0.06680 -3.41292e-02 |  2 -0.01263  3.68567e-04 |  3  0.02953  2.97412e-04
  4 -0.01411  8.50018e-05 |  5 -0.13219  5.02551e-04 |  6 -0.01488  8.09866e-04
  7 -0.10189  4.82801e-04 |  8 -0.06730  2.17252e-05 |  9  0.00880 -1.83204e-04
 10  0.12165  2.61207e-04 | 11 -0.04418 -1.00803e-04 | 12  0.03626  2.96226e-04
 13  0.00792 -6.84188e-04 | 14  0.05039 -3.23548e-04 | 15 -0.01721 -7.67282e-04
 16 -0.06218 -9.97763e-04 | 17 -0.01561 -5.62639e-04 | 18  0.05592  3.49807e-05
 19  0.09182  1.32388e-03 | 20  0.01313  4.81764e-04 | 21 -0.08746 -1.05888e-03
 22 -0.05068  5.21124e-04 | 23  0.03504  8.85125e-04 | 24  0.02794 -2.21587e-04
 25 -0.03020 -1.89142e-04 | 26  0.05971 -7.69481e-05 | 27  0.00863 -3.44369e-04
 28  0.05309 -7.56965e-04 | 29  0.01176 -3.03848e-04 | 30  0.06752  7.39993e-04
 31  0.03586 -2.27752e-04 | 32  0.12730 -2.06960e-04 | 33  0.01636 -6.22073e-04
 34 -0.06689 -3.11904e-05 | 35  0.01001  4.01545e-04 | 36 -0.15240  9.95703e-04
 37  0.22850 -6.12218e-03 | 38  0.22670  3.57355e-04 | 39  0.23294  2.90204e-03
 40  0.20981 -8.71301e-03 | 41  0.06057 -6.15588e-02 | 42 -0.68972  7.42365e-02
 43  1.00003  1.49834e-03 | 44 -0.69609  2.55051e-04 | 45  0.06675 -4.93099e-03
 46 -0.67247  6.94214e-03 | 47  0.99995  2.50076e-04 | 48 -0.69630 -4.14340e-04
 49 -0.16605 -3.55307e-03 | 50 -0.17246 -8.52543e-02 | 51 -0.24385  3.58532e-03
 52 -0.50469  8.46765e-02 |
52 variables; iteration 220; function evaluation 276; phase 3
Function value 2.4481607e+03; maximum gradient component mag -3.3303e-01
Var    Value     Gradient |Var    Value     Gradient |Var    Value     Gradient
  1  0.06680 -1.28681e-01 |  2 -0.01263  1.14308e-03 |  3  0.02952 -6.73961e-04
  4 -0.01411  7.81557e-04 |  5 -0.13219  1.86414e-03 |  6 -0.01488  1.57990e-04
  7 -0.10189  2.40763e-03 |  8 -0.06730  1.91746e-03 |  9  0.00880  1.04184e-03
 10  0.12165 -1.25681e-03 | 11 -0.04418  1.26904e-03 | 12  0.03626 -1.16175e-03
 13  0.00792 -1.64828e-03 | 14  0.05039 -1.87239e-03 | 15 -0.01721 -1.81918e-03
 16 -0.06218 -2.64595e-03 | 17 -0.01561 -1.75431e-03 | 18  0.05592  1.47295e-03
 19  0.09182  1.47538e-03 | 20  0.01313  6.84026e-04 | 21 -0.08746 -1.32190e-06
 22 -0.05068 -9.28750e-04 | 23  0.03504 -1.14802e-03 | 24  0.02794 -1.36437e-03
 25 -0.03020 -7.07856e-04 | 26  0.05971 -2.71390e-03 | 27  0.00863 -1.43166e-03
 28  0.05309 -2.40731e-05 | 29  0.01176  1.33776e-04 | 30  0.06752  6.29264e-04
 31  0.03586  2.98529e-05 | 32  0.12730  1.21553e-03 | 33  0.01636 -1.38913e-04
 34 -0.06689 -9.82963e-04 | 35  0.01001  3.02767e-03 | 36 -0.15240  3.93982e-03
 37  0.22850 -1.33237e-02 | 38  0.22670 -7.36093e-03 | 39  0.23294 -6.50671e-03
 40  0.20981  5.70302e-03 | 41  0.06705 -2.46179e-01 | 42 -0.67088  2.88738e-01
 43  1.00002 -3.59647e-03 | 44 -0.69609  2.17958e-04 | 45  0.06675  6.21216e-03
 46 -0.67247 -8.57206e-03 | 47  1.00035  1.38630e-02 | 48 -0.69630  3.91674e-04
 49 -0.17064 -1.54765e-02 | 50 -0.17706 -3.33029e-01 | 51 -0.25673  1.33791e-02
 52 -0.52188  2.95259e-01 |
52 variables; iteration 240; function evaluation 303; phase 3
Function value 2.4481607e+03; maximum gradient component mag 1.8235e-01
Var    Value     Gradient |Var    Value     Gradient |Var    Value     Gradient
  1  0.06680 -2.40799e-02 |  2 -0.01263  2.03291e-04 |  3  0.02952 -2.80862e-04
  4 -0.01411  7.42250e-04 |  5 -0.13219  6.69893e-04 |  6 -0.01488 -1.29071e-03
  7 -0.10189  3.32363e-04 |  8 -0.06730  5.06247e-04 |  9  0.00880  2.98042e-04
 10  0.12165 -1.50384e-03 | 11 -0.04418  1.15758e-03 | 12  0.03626  2.25758e-04
 13  0.00792  1.19022e-03 | 14  0.05039  1.47074e-03 | 15 -0.01721  2.73304e-04
 16 -0.06218 -1.37480e-03 | 17 -0.01561 -7.08831e-04 | 18  0.05592  1.99117e-03
 19  0.09182  8.04161e-04 | 20  0.01313  2.76032e-05 | 21 -0.08746  2.84722e-04
 22 -0.05068 -2.01411e-03 | 23  0.03504 -9.08515e-04 | 24  0.02794 -5.01322e-04
 25 -0.03020  4.87331e-04 | 26  0.05971 -6.07348e-04 | 27  0.00863 -3.10333e-04
 28  0.05309  1.32655e-03 | 29  0.01176 -8.04361e-06 | 30  0.06752 -3.99643e-05
 31  0.03586 -8.96597e-05 | 32  0.12730  2.01545e-03 | 33  0.01636  2.91919e-04
 34 -0.06689 -2.47483e-03 | 35  0.01001  9.41699e-05 | 36 -0.15240  1.48395e-03
 37  0.22850 -1.43684e-02 | 38  0.22670 -1.26498e-02 | 39  0.23294 -1.51803e-02
 40  0.20981  1.02532e-02 | 41  0.03139 -8.80943e-02 | 42 -0.64817  1.82353e-01
 43  1.00002 -1.69602e-03 | 44 -0.69608  1.42536e-03 | 45  0.06675  1.45524e-02
 46 -0.67247 -2.29680e-02 | 47  0.99938 -2.90009e-02 | 48 -0.69629  1.27760e-03
 49 -0.14542 -1.74516e-03 | 50 -0.15178 -1.24635e-01 | 51 -0.27335  5.17301e-03
 52 -0.54459  1.70054e-01 |
52 variables; iteration 260; function evaluation 328; phase 3
Function value 2.4481606e+03; maximum gradient component mag 8.9230e-02
Var    Value     Gradient |Var    Value     Gradient |Var    Value     Gradient
  1  0.06680  8.92298e-02 |  2 -0.01263 -1.62407e-03 |  3  0.02952 -1.17282e-03
  4 -0.01411 -6.92327e-04 |  5 -0.13219 -1.56802e-03 |  6 -0.01488 -1.60756e-03
  7 -0.10189 -5.79488e-04 |  8 -0.06730 -8.77880e-04 |  9  0.00880 -2.05224e-03
 10  0.12165  1.23887e-03 | 11 -0.04418 -9.40710e-04 | 12  0.03626  8.00429e-04
 13  0.00792  4.42240e-04 | 14  0.05039  3.13208e-03 | 15 -0.01721 -9.93072e-04
 16 -0.06218 -1.65222e-03 | 17 -0.01561  1.44487e-04 | 18  0.05592  9.25610e-04
 19  0.09182  5.73187e-06 | 20  0.01313  1.03017e-04 | 21 -0.08746  1.85210e-04
 22 -0.05068 -1.55812e-03 | 23  0.03504  4.28955e-04 | 24  0.02794  8.06826e-04
 25 -0.03020  7.36349e-04 | 26  0.05971  3.37739e-03 | 27  0.00863  7.78532e-04
 28  0.05309  3.44749e-03 | 29  0.01176 -3.10984e-04 | 30  0.06752  1.83627e-04
 31  0.03586 -7.07136e-04 | 32  0.12730  2.73740e-03 | 33  0.01636  7.43220e-04
 34 -0.06689 -9.44250e-05 | 35  0.01001 -1.99270e-03 | 36 -0.15240 -2.21385e-05
 37  0.22850  3.30752e-02 | 38  0.22670  1.85034e-02 | 39  0.23294  5.39201e-03
 40  0.20981  2.16921e-02 | 41 -0.03721  1.43400e-02 | 42 -0.62844  8.49403e-02
 43  1.00003  1.95962e-04 | 44 -0.69609 -1.42231e-03 | 45  0.06675  5.27192e-03
 46 -0.67247 -6.36719e-03 | 47  0.99994 -2.13237e-04 | 48 -0.69630  7.44450e-05
 49 -0.09740  6.71966e-03 | 50 -0.10366  1.31729e-02 | 51 -0.28876  4.70938e-04
 52 -0.56626  7.28292e-02 |
52 variables; iteration 280; function evaluation 348; phase 3
Function value 2.4481606e+03; maximum gradient component mag -1.5654e-02
Var    Value     Gradient |Var    Value     Gradient |Var    Value     Gradient
  1  0.06680  8.57451e-04 |  2 -0.01263 -2.57518e-04 |  3  0.02953  2.82262e-04
  4 -0.01411 -1.86246e-04 |  5 -0.13219 -3.47734e-06 |  6 -0.01488 -3.82748e-04
  7 -0.10189 -1.88592e-04 |  8 -0.06729 -5.63743e-05 |  9  0.00880  5.53766e-04
 10  0.12165 -4.69289e-04 | 11 -0.04418  9.11287e-05 | 12  0.03626 -2.87529e-04
 13  0.00792 -3.76711e-04 | 14  0.05039 -3.68827e-04 | 15 -0.01721  8.36103e-05
 16 -0.06218  5.41165e-04 | 17 -0.01561 -8.08463e-05 | 18  0.05592  3.60956e-05
 19  0.09182 -1.74677e-04 | 20  0.01313 -3.12989e-04 | 21 -0.08746  4.61664e-04
 22 -0.05068 -5.77404e-04 | 23  0.03504  9.25621e-05 | 24  0.02794  8.93442e-05
 25 -0.03020 -5.37198e-04 | 26  0.05971 -6.84804e-05 | 27  0.00863  5.11444e-05
 28  0.05309  1.51304e-04 | 29  0.01176  1.31338e-04 | 30  0.06752 -1.29071e-04
 31  0.03586 -3.11200e-05 | 32  0.12730  2.58075e-04 | 33  0.01636 -2.69234e-04
 34 -0.06689 -1.55016e-04 | 35  0.01001  1.34865e-04 | 36 -0.15240 -2.69831e-04
 37  0.22850 -3.75665e-03 | 38  0.22670  1.90824e-03 | 39  0.23294 -2.41006e-06
 40  0.20981  2.56078e-03 | 41 -0.06096  4.29357e-03 | 42 -0.62289 -1.56544e-02
 43  1.00002 -5.22404e-04 | 44 -0.69609 -3.18800e-04 | 45  0.06675  1.92456e-03
 46 -0.67247 -1.64720e-03 | 47  0.99995  6.89764e-04 | 48 -0.69630  2.08076e-04
 49 -0.08097 -3.16067e-04 | 50 -0.08720  6.13334e-03 | 51 -0.29327 -4.17797e-04
 52 -0.57272 -1.40719e-02 |
52 variables; iteration 300; function evaluation 373; phase 3
Function value 2.4481606e+03; maximum gradient component mag 5.9000e-02
Var    Value     Gradient |Var    Value     Gradient |Var    Value     Gradient
  1  0.06680  1.28324e-02 |  2 -0.01263 -1.47110e-03 |  3  0.02953  2.52504e-03
  4 -0.01411 -1.03772e-03 |  5 -0.13219 -3.42417e-05 |  6 -0.01488 -2.56178e-03
  7 -0.10189 -1.68371e-03 |  8 -0.06729 -6.48756e-06 |  9  0.00881  4.28738e-03
 10  0.12165 -2.62608e-03 | 11 -0.04418  8.12580e-04 | 12  0.03626 -2.14103e-03
 13  0.00792 -3.67100e-03 | 14  0.05039 -2.28349e-03 | 15 -0.01721  1.53118e-04
 16 -0.06218  2.05903e-03 | 17 -0.01561 -1.75945e-03 | 18  0.05592  8.74386e-04
 19  0.09182  3.89561e-04 | 20  0.01313 -2.56246e-03 | 21 -0.08746  2.00232e-03
 22 -0.05068 -5.49869e-03 | 23  0.03504  1.32282e-03 | 24  0.02794  6.67167e-04
 25 -0.03021 -5.61481e-03 | 26  0.05971  5.66689e-04 | 27  0.00863 -6.15820e-04
 28  0.05309  1.73404e-03 | 29  0.01176  4.09900e-04 | 30  0.06752 -1.02853e-03
 31  0.03586 -1.00880e-03 | 32  0.12730  4.31822e-03 | 33  0.01636 -1.58604e-03
 34 -0.06689 -2.53300e-03 | 35  0.01001  3.35313e-03 | 36 -0.15241 -9.42447e-04
 37  0.22850 -1.98273e-02 | 38  0.22670  6.87599e-03 | 39  0.23294 -1.07387e-03
 40  0.20981  2.17509e-02 | 41 -0.10036 -3.46542e-02 | 42 -0.63128  5.89999e-02
 43  1.00002 -3.59307e-03 | 44 -0.69609 -2.01526e-03 | 45  0.06675  1.35985e-02
 46 -0.67247 -1.07229e-02 | 47  0.99996  1.39947e-03 | 48 -0.69629  1.45249e-03
 49 -0.05395  2.34846e-04 | 50 -0.06015 -5.08781e-02 | 51 -0.28648  1.44749e-03
 52 -0.56302  5.03670e-02 |
52 variables; iteration 320; function evaluation 396; phase 3
Function value 2.4481606e+03; maximum gradient component mag -6.4101e-02
Var    Value     Gradient |Var    Value     Gradient |Var    Value     Gradient
  1  0.06680 -4.67384e-02 |  2 -0.01263  5.13769e-04 |  3  0.02952 -8.82440e-04
  4 -0.01411  4.99627e-04 |  5 -0.13219  7.72426e-04 |  6 -0.01488  4.97800e-04
  7 -0.10189  1.13851e-03 |  8 -0.06730  8.94273e-04 |  9  0.00880 -3.90411e-04
 10  0.12165  4.39783e-04 | 11 -0.04418  1.83256e-04 | 12  0.03626 -4.29613e-04
 13  0.00792  6.60688e-04 | 14  0.05039 -7.86780e-04 | 15 -0.01721 -5.46810e-04
 16 -0.06218 -8.77803e-04 | 17 -0.01561  1.84167e-04 | 18  0.05592 -9.42095e-05
 19  0.09182 -1.71268e-04 | 20  0.01313  9.79059e-04 | 21 -0.08746  3.70349e-04
 22 -0.05068  1.39384e-03 | 23  0.03504 -9.84822e-04 | 24  0.02794 -1.81967e-04
 25 -0.03020  1.20705e-03 | 26  0.05971 -1.73119e-03 | 27  0.00863 -6.66329e-04
 28  0.05309 -5.27798e-04 | 29  0.01176  2.77920e-04 | 30  0.06752 -3.61372e-05
 31  0.03586  3.96840e-04 | 32  0.12730 -1.61493e-03 | 33  0.01636  6.06710e-04
 34 -0.06689  1.28845e-03 | 35  0.01001  7.12252e-04 | 36 -0.15240  1.59974e-03
 37  0.22850  3.86495e-03 | 38  0.22670 -2.50681e-05 | 39  0.23294  1.17701e-03
 40  0.20981 -4.05983e-03 | 41 -0.11282 -4.78418e-02 | 42 -0.63814  1.57958e-02
 43  1.00002 -6.91551e-04 | 44 -0.69609 -1.02908e-04 | 45  0.06675 -1.75951e-03
 46 -0.67247  2.28436e-03 | 47  0.99997  2.65010e-03 | 48 -0.69630 -4.01493e-04
 49 -0.04547 -6.01724e-03 | 50 -0.05167 -6.41014e-02 | 51 -0.28107  1.85524e-03
 52 -0.55536  1.27358e-02 |
52 variables; iteration 340; function evaluation 417; phase 3
Function value 2.4481606e+03; maximum gradient component mag 2.3005e-04
Var    Value     Gradient |Var    Value     Gradient |Var    Value     Gradient
  1  0.06680  1.92112e-05 |  2 -0.01263  1.22914e-06 |  3  0.02953  1.86322e-07
  4 -0.01411  1.30111e-06 |  5 -0.13219 -3.09382e-08 |  6 -0.01488  5.87795e-07
  7 -0.10189 -1.07064e-06 |  8 -0.06729 -4.67564e-07 |  9  0.00880 -5.77650e-07
 10  0.12165 -1.07474e-06 | 11 -0.04418  9.20971e-07 | 12  0.03626  1.51305e-06
 13  0.00792  4.29702e-06 | 14  0.05039  1.38339e-06 | 15 -0.01721  3.22355e-06
 16 -0.06218  2.24928e-06 | 17 -0.01561  1.80198e-06 | 18  0.05592 -3.07215e-07
 19  0.09182 -1.25308e-06 | 20  0.01313 -1.70008e-07 | 21 -0.08746 -5.32190e-07
 22 -0.05068  2.08351e-06 | 23  0.03504 -9.36044e-07 | 24  0.02794 -5.42393e-07
 25 -0.03020  2.79391e-06 | 26  0.05971 -1.46837e-06 | 27  0.00863  7.57691e-07
 28  0.05309 -2.21905e-06 | 29  0.01176  2.69459e-07 | 30  0.06752 -6.87040e-07
 31  0.03586  1.05057e-06 | 32  0.12730 -2.87156e-06 | 33  0.01636  5.27506e-07
 34 -0.06689 -8.36936e-07 | 35  0.01001 -2.61748e-06 | 36 -0.15240 -2.41553e-06
 37  0.22850 -3.20214e-05 | 38  0.22670 -2.79834e-05 | 39  0.23294 -1.74686e-05
 40  0.20981 -1.91277e-05 | 41 -0.08883  1.61581e-04 | 42 -0.64452 -2.24958e-04
 43  1.00002  3.59447e-07 | 44 -0.69609  3.84619e-06 | 45  0.06675  1.97674e-06
 46 -0.67247 -1.06235e-05 | 47  0.99995 -1.55948e-06 | 48 -0.69630  6.44951e-07
 49 -0.06182  7.56697e-06 | 50 -0.06803  2.30054e-04 | 51 -0.27613 -8.36865e-06
 52 -0.54846 -1.99505e-04 |
Estimating row 1 out of 52 for hessian
Estimating row 2 out of 52 for hessian
Estimating row 3 out of 52 for hessian
Estimating row 4 out of 52 for hessian
Estimating row 5 out of 52 for hessian
Estimating row 6 out of 52 for hessian
Estimating row 7 out of 52 for hessian
Estimating row 8 out of 52 for hessian
Estimating row 9 out of 52 for hessian
Estimating row 10 out of 52 for hessian
Estimating row 11 out of 52 for hessian
Estimating row 12 out of 52 for hessian
Estimating row 13 out of 52 for hessian
Estimating row 14 out of 52 for hessian
Estimating row 15 out of 52 for hessian
Estimating row 16 out of 52 for hessian
Estimating row 17 out of 52 for hessian
Estimating row 18 out of 52 for hessian
Estimating row 19 out of 52 for hessian
Estimating row 20 out of 52 for hessian
Estimating row 21 out of 52 for hessian
Estimating row 22 out of 52 for hessian
Estimating row 23 out of 52 for hessian
Estimating row 24 out of 52 for hessian
Estimating row 25 out of 52 for hessian
Estimating row 26 out of 52 for hessian
Estimating row 27 out of 52 for hessian
Estimating row 28 out of 52 for hessian
Estimating row 29 out of 52 for hessian
Estimating row 30 out of 52 for hessian
Estimating row 31 out of 52 for hessian
Estimating row 32 out of 52 for hessian
Estimating row 33 out of 52 for hessian
Estimating row 34 out of 52 for hessian
Estimating row 35 out of 52 for hessian
Estimating row 36 out of 52 for hessian
Estimating row 37 out of 52 for hessian
Estimating row 38 out of 52 for hessian
Estimating row 39 out of 52 for hessian
Estimating row 40 out of 52 for hessian
Estimating row 41 out of 52 for hessian
Estimating row 42 out of 52 for hessian
Estimating row 43 out of 52 for hessian
Estimating row 44 out of 52 for hessian
Estimating row 45 out of 52 for hessian
Estimating row 46 out of 52 for hessian
Estimating row 47 out of 52 for hessian
Estimating row 48 out of 52 for hessian
Estimating row 49 out of 52 for hessian
Estimating row 50 out of 52 for hessian
Estimating row 51 out of 52 for hessian
Estimating row 52 out of 52 for hessian
size of file gradfil1.tmp = 0
size of file gradfil2.tmp = 0
size of file varssave.tmp = 0
size of file cmpdiff.tmp = 0
