
Initial statistics: 36 variables; iteration 0; function evaluation 0; phase 1
Function value 1.3698209e+04; maximum gradient component mag -5.5237e+04
Var    Value     Gradient |Var    Value     Gradient |Var    Value     Gradient
  1  0.02711 -5.52365e+04 |  2  0.03506  7.53011e+02 |  3 -0.00079  7.77295e+02
  4 -0.00931  7.90965e+02 |  5 -0.08298  8.33050e+02 |  6 -0.06057  9.08440e+02
  7 -0.14727  7.57492e+02 |  8 -0.06795  6.63360e+02 |  9  0.03062  8.70661e+02
 10  0.13404  6.98251e+02 | 11 -0.02861  8.31727e+02 | 12 -0.01599  6.33064e+02
 13  0.01832 -2.31878e+01 | 14  0.10087 -4.32552e+02 | 15  0.02774 -1.18233e+03
 16 -0.07410 -1.39853e+03 | 17 -0.03330 -1.39782e+03 | 18  0.06127 -3.21197e+02
 19  0.03581 -4.11615e+02 | 20 -0.02940 -1.04766e+03 | 21 -0.17107 -1.13587e+03
 22 -0.02485  1.62523e+02 | 23  0.02674 -1.51944e+02 | 24 -0.02947 -6.09966e+02
 25 -0.01985 -2.76518e+02 | 26  0.04330 -1.49834e+03 | 27  0.04954 -3.10443e+01
 28  0.05798  5.09363e+01 | 29 -0.01617 -1.42743e+02 | 30  0.05470  5.13312e+02
 31  0.03375  1.25732e+03 | 32  0.03877 -9.04446e+02 | 33 -0.01374 -1.67233e+03
 34  0.04622  5.27754e+02 | 35  0.00729 -7.28876e+02 | 36  0.02125  2.34651e+03

Intermediate statistics: 36 variables; iteration 20; function evaluation 29; phase 1
Function value 1.1745751e+04; maximum gradient component mag -1.1791e+04
Var    Value     Gradient |Var    Value     Gradient |Var    Value     Gradient
  1  0.05275 -1.17912e+04 |  2 -0.01186 -1.41490e+02 |  3 -0.15752 -1.56369e+02
  4 -0.05096 -1.24203e+02 |  5 -0.14825 -9.31677e+01 |  6 -0.18282 -9.59906e+01
  7 -0.21705 -4.59475e+01 |  8  0.05198 -3.40652e+01 |  9 -0.15217 -9.92678e+01
 10  0.21213 -9.79216e+01 | 11 -0.08655 -7.93050e+01 | 12  0.77824 -1.46142e+01
 13 -0.19030 -9.85304e+01 | 14  0.16963 -4.95448e+01 | 15  0.02343  1.39520e+02
 16  0.46162  1.85125e+02 | 17 -0.53441 -1.03187e+02 | 18  0.46545  1.65034e+02
 19  0.45434  1.41783e+02 | 20 -0.33904 -7.55988e+01 | 21  0.02124 -2.53880e+02
 22 -0.07557 -1.84837e+02 | 23 -0.02923 -4.74125e+02 | 24  0.12937 -6.11115e+02
 25 -0.11060 -4.42553e+02 | 26  0.04789 -7.62302e+02 | 27 -0.00679 -5.55696e+02
 28 -0.02175 -1.10147e+03 | 29  0.04399  6.52925e+02 | 30  0.08727 -8.38660e+01
 31 -0.08445  1.07047e+02 | 32  0.00975 -7.44964e+02 | 33 -0.02970 -1.09116e+03
 34 -0.05051 -6.68454e+02 | 35  0.03646 -7.35822e+02 | 36 -0.60804 -6.66190e+01
36 variables; iteration 40; function evaluation 60; phase 1
Function value 1.1511404e+04; maximum gradient component mag 8.4615e+02
Var    Value     Gradient |Var    Value     Gradient |Var    Value     Gradient
  1  0.06729 -5.49235e+02 |  2 -0.03060  5.60348e-01 |  3 -0.11044 -3.38613e+00
  4 -0.07144  1.75016e+01 |  5 -0.16568  1.69635e+01 |  6 -0.16807  2.43687e+01
  7 -0.17026  2.56813e+01 |  8  0.12412  2.08731e+01 |  9  0.02240  1.61224e+01
 10  0.35774  2.10829e+01 | 11 -0.14636  9.34577e+00 | 12  0.80047  5.18858e+00
 13 -0.08673 -6.83831e+00 | 14  0.19102 -6.58518e+01 | 15 -0.06737 -1.51211e+02
 16  0.36041 -8.65626e+01 | 17 -0.34254 -7.86236e+01 | 18  0.22215  1.24351e+00
 19  0.36980  1.00294e+01 | 20 -0.33315 -2.05891e+01 | 21 -0.06609 -1.89716e+02
 22 -0.07154 -1.47073e+01 | 23 -0.02804 -6.25436e+00 | 24  0.35224 -1.60874e+02
 25 -0.24244 -5.04647e+00 | 26  0.06405 -2.48504e+01 | 27 -0.02550 -2.58741e+01
 28 -0.00327  1.78210e+02 | 29  0.03878  8.46149e+02 | 30  0.09174 -2.59585e+01
 31 -0.15741 -5.62456e+01 | 32  0.01951  4.32412e+01 | 33 -0.01620 -1.12732e+02
 34 -0.05602 -2.49232e+01 | 35  0.02937  1.36834e+01 | 36 -0.49524  4.97235e+01
36 variables; iteration 60; function evaluation 80; phase 1
Function value 1.1365763e+04; maximum gradient component mag -1.4768e+02
Var    Value     Gradient |Var    Value     Gradient |Var    Value     Gradient
  1  0.08141 -1.47676e+02 |  2 -0.01154 -4.42024e+00 |  3 -0.08041 -6.10974e+00
  4 -0.05308 -8.30641e+00 |  5 -0.13963 -9.83851e+00 |  6 -0.14941 -8.56833e+00
  7 -0.14133 -1.25562e+01 |  8  0.11498 -1.16973e+01 |  9  0.01028 -1.13671e+01
 10  0.32469 -1.37388e+01 | 11 -0.15575 -1.12722e+01 | 12  1.02171  5.48500e-01
 13  0.00479 -1.52228e+01 | 14  0.07508 -3.27034e+01 | 15 -0.04373 -5.11710e+01
 16  0.31272  7.01445e-01 | 17 -0.17185 -1.54561e+01 | 18  0.20578 -1.43312e+01
 19  0.26474 -5.80277e+00 | 20 -0.36906 -1.86556e+01 | 21  0.28464  4.73759e+00
 22 -0.26147 -3.76531e+00 | 23 -0.06504 -2.85330e+01 | 24  0.49280 -5.83644e+00
 25 -0.15866 -2.47540e+01 | 26  0.02316 -3.89440e+01 | 27 -0.05098 -4.81525e+00
 28 -0.03352  1.40868e+01 | 29 -0.06550  2.69592e+01 | 30  0.10727  1.18153e+00
 31 -0.20071 -1.19287e+01 | 32 -0.01532 -3.55005e+01 | 33 -0.03526 -5.38388e+00
 34 -0.08313  7.02919e+00 | 35  0.00395 -2.70136e+01 | 36 -0.63116 -9.97417e+00

 - final statistics:
36 variables; iteration 75; function evaluation 95
Function value 1.1365e+04; maximum gradient component mag -6.0317e+00
Exit code = 1;  converg criter 1.0000e+01
Var    Value     Gradient |Var    Value     Gradient |Var    Value     Gradient
  1  0.08323 -6.03168e+00 |  2 -0.01829 -1.26078e+00 |  3 -0.08747 -5.81908e-01
  4 -0.05805 -8.36551e-01 |  5 -0.14319 -5.60362e-01 |  6 -0.15219 -5.51304e-01
  7 -0.13985 -9.32713e-02 |  8  0.11968 -2.72057e-01 |  9  0.01555 -8.18375e-02
 10  0.33052 -1.62458e-01 | 11 -0.15921 -1.76524e-01 | 12  1.07206 -4.84355e-02
 13  0.00588 -3.61607e-01 | 14  0.08514 -2.96487e-01 | 15 -0.04573 -7.91444e-01
 16  0.30264  1.59758e-01 | 17 -0.16621 -1.85404e-02 | 18  0.20741 -1.09862e-01
 19  0.25777  4.76647e-01 | 20 -0.35409  4.00201e-01 | 21  0.27756  6.06229e-01
 22 -0.26677  3.34304e-01 | 23 -0.06687 -9.99217e-02 | 24  0.50941 -2.39878e-01
 25 -0.11041 -3.26419e-01 | 26  0.01857 -2.03701e+00 | 27 -0.05462 -5.04437e-01
 28 -0.03767  9.46827e-01 | 29 -0.07019 -7.16163e-01 | 30  0.09945  2.32931e-01
 31 -0.20050  4.07256e-01 | 32 -0.01697 -9.87594e-01 | 33 -0.03890  4.93347e-03
 34 -0.08744 -9.32487e-03 | 35  0.00089 -1.44273e-02 | 36 -0.62130  3.55479e-01

Initial statistics: 46 variables; iteration 0; function evaluation 0; phase 2
Function value 1.1364728e+04; maximum gradient component mag 2.1800e+04
Var    Value     Gradient |Var    Value     Gradient |Var    Value     Gradient
  1  0.08323 -6.03168e+00 |  2 -0.01828 -1.07766e+00 |  3 -0.08747 -4.00437e-01
  4 -0.05805 -6.54114e-01 |  5 -0.14318 -3.81778e-01 |  6 -0.15218 -3.73316e-01
  7 -0.13984  8.55247e-02 |  8  0.11968 -9.20862e-02 |  9  0.01556  1.01306e-01
 10  0.33053 -3.40112e-03 | 11 -0.15920  9.75713e-04 | 12  0.92799  6.90832e-02
 13  0.00589 -1.78416e-01 | 14  0.08515 -1.14925e-01 | 15 -0.04572 -6.08718e-01
 16  0.30264  3.22642e-01 | 17 -0.16620  1.58450e-01 | 18  0.20742  6.36991e-02
 19  0.25777  6.45030e-01 | 20 -0.35408  5.55789e-01 | 21  0.27757  7.72286e-01
 22 -0.26676  5.01655e-01 | 23 -0.06687  8.22670e-02 | 24  0.50941 -1.12264e-01
 25 -0.11041 -1.45969e-01 | 26  0.01858 -1.85389e+00 | 27 -0.05461 -3.21913e-01
 28 -0.03767  1.12970e+00 | 29 -0.07018 -5.34077e-01 | 30  0.09945  4.13898e-01
 31 -0.20049  5.81445e-01 | 32 -0.01696 -8.04461e-01 | 33 -0.03890  1.87790e-01
 34 -0.08743  1.72149e-01 | 35  0.00090  1.68771e-01 | 36 -0.62129  4.58152e-01
 37  0.27676  3.43323e+02 | 38  0.29946  4.98297e+03 | 39  0.22446  1.49343e+03
 40  0.35837  2.18002e+04 | 41 -0.02547 -6.40837e+03 | 42 -0.88721  7.96743e+02
 43 -0.06112  6.88251e+03 | 44 -0.03094 -1.62239e+04 | 45 -0.48609 -7.90308e+03
 46 -0.85749  3.19323e+03 |

Intermediate statistics: 46 variables; iteration 20; function evaluation 29; phase 2
Function value 8.2041010e+03; maximum gradient component mag 1.5206e+04
Var    Value     Gradient |Var    Value     Gradient |Var    Value     Gradient
  1  0.08223  6.98705e+03 |  2 -0.08253  1.26435e+02 |  3 -0.11008  8.58544e+01
  4 -0.15240  1.05599e+02 |  5 -0.30485  1.18214e+02 |  6 -0.10898  1.77110e+02
  7 -0.18994  1.90159e+02 |  8 -0.15291  8.81081e+01 |  9  0.11288  1.79715e+02
 10  0.48870  3.26108e+02 | 11  0.02801  2.58865e+02 | 12  0.41060  8.84751e+01
 13  0.21662  2.94458e+02 | 14  0.16890  4.89052e+02 | 15 -1.27616 -2.33240e+00
 16  0.27841  8.45354e+01 | 17 -0.03685  2.52399e+02 | 18  0.30439  2.24287e+02
 19  0.29102  2.47999e+02 | 20  0.08635  3.56995e+02 | 21 -0.27123  3.85548e+01
 22  0.01890  2.13753e+02 | 23 -0.09356  1.77343e+02 | 24  0.38618  1.48835e+02
 25  0.06631  3.21018e+02 | 26  0.13549  4.75670e+02 | 27 -0.18533  1.60926e+02
 28  0.14053  8.90318e+02 | 29 -0.13534  2.59812e+02 | 30  0.12705  4.26399e+02
 31 -0.14870  3.64798e+02 | 32  0.28073  9.30951e+02 | 33  0.07156  6.79637e+02
 34 -0.27234  2.34527e+02 | 35 -0.03093  1.98917e+01 | 36 -0.40206  1.34751e+02
 37  0.28853  7.82224e+03 | 38  0.23722 -1.41860e+03 | 39  0.20679  7.10751e+02
 40  0.30861  1.52060e+04 | 41  0.07368 -3.40073e+03 | 42 -0.80333  6.15728e+02
 43 -0.16332  1.01516e+03 | 44  0.07664 -5.98571e+03 | 45 -0.35613 -1.24348e+03
 46 -0.84339  7.33055e+02 |
46 variables; iteration 40; function evaluation 52; phase 2
Function value 7.3847853e+03; maximum gradient component mag 5.3728e+03
Var    Value     Gradient |Var    Value     Gradient |Var    Value     Gradient
  1  0.10120  3.77330e+02 |  2 -0.21849 -9.05172e+01 |  3 -0.21270 -1.18867e+02
  4 -0.03524  3.86274e+02 |  5 -0.14658  2.52380e+02 |  6 -0.18768 -3.87211e+01
  7 -0.16035  2.55887e+02 |  8 -0.41106 -6.07504e+01 |  9 -0.08013  1.19825e+02
 10  0.10535  1.39979e+02 | 11  0.00741  2.49146e+02 | 12  0.06218 -2.57382e+01
 13  0.08623 -3.48367e+01 | 14  0.03493 -1.54575e+02 | 15 -1.54718  6.32317e+01
 16  0.88729  1.02328e+02 | 17  0.27868  2.95157e+02 | 18  0.42532  3.19203e+02
 19  0.19350  1.71893e+01 | 20  0.01260  1.25340e+02 | 21  0.17054  3.69099e+02
 22 -0.03058  1.55904e+02 | 23 -0.24434  6.53485e+01 | 24  0.49298  6.93865e+01
 25  0.19218  2.68000e+02 | 26  0.07042  1.80350e+02 | 27  0.03509  3.73593e+02
 28  0.05236  2.12114e+02 | 29  0.02238  2.84516e+02 | 30  0.10119  2.21073e+02
 31 -0.15453  5.53767e+00 | 32  0.27983  4.07704e+02 | 33  0.05547  1.15827e+02
 34 -0.52048 -8.52208e+00 | 35 -0.01657 -2.28281e+02 | 36 -0.34816  7.10553e+01
 37  0.25787  2.63646e+03 | 38  0.22273 -1.01146e+03 | 39  0.16599  5.11019e+02
 40  0.24687  5.37279e+03 | 41  0.05161 -1.38415e+03 | 42 -0.73982  4.02079e+02
 43 -0.11314  1.06671e+03 | 44  0.16278 -3.00282e+03 | 45 -0.33509 -9.56713e+02
 46 -0.82004  5.23638e+02 |
46 variables; iteration 60; function evaluation 79; phase 2
Function value 6.5642863e+03; maximum gradient component mag -7.1223e+02
Var    Value     Gradient |Var    Value     Gradient |Var    Value     Gradient
  1  0.17956 -7.12231e+02 |  2 -0.05275 -7.07191e+01 |  3  0.00043 -5.11132e+01
  4 -0.03354 -6.67626e+01 |  5 -0.13904 -3.29248e+01 |  6 -0.01691 -4.27301e+01
  7 -0.10381 -4.50887e+01 |  8 -0.08605 -6.56827e+01 |  9  0.02942 -4.41624e+01
 10  0.21586 -4.56452e+01 | 11 -0.02370 -6.07301e+01 | 12  0.22747 -1.39410e+01
 13  0.09020 -4.15016e+01 | 14  0.04278 -6.27711e+01 | 15 -1.96735 -4.48500e+01
 16  0.16387 -6.35624e+01 | 17 -0.03627 -5.93841e+01 | 18  0.21118 -5.35499e+01
 19  0.20777 -3.70808e+01 | 20 -0.01222 -5.41515e+01 | 21 -0.03251 -3.44286e+01
 22 -0.10300 -8.08576e+01 | 23 -0.17641 -1.19174e+02 | 24  0.13753 -4.67511e+01
 25 -0.02232 -4.05853e+01 | 26  0.02040 -4.05569e+01 | 27 -0.04722 -4.05591e+01
 28  0.02147 -4.78216e+01 | 29 -0.03588 -7.57249e+01 | 30 -0.00717 -4.82177e+01
 31 -0.07048 -4.76702e+01 | 32  0.15346  5.24762e+00 | 33 -0.03029 -5.86914e+01
 34 -0.12110 -3.28991e+01 | 35 -0.05341 -1.29534e+02 | 36 -0.33492 -3.21332e+01
 37  0.22267 -8.31390e+01 | 38  0.21137  1.74782e+02 | 39  0.16745  6.60627e+01
 40  0.19178  9.52941e+01 | 41  0.01173 -4.10036e+01 | 42 -0.86878 -1.07505e+01
 43 -0.17251 -6.99701e+01 | 44  0.34287  1.11333e+01 | 45 -0.04823  7.82340e+01
 46 -0.88164 -2.19067e+01 |
46 variables; iteration 80; function evaluation 99; phase 2
Function value 6.4903638e+03; maximum gradient component mag -5.7897e+01
Var    Value     Gradient |Var    Value     Gradient |Var    Value     Gradient
  1  0.43990 -5.22505e+01 |  2 -0.01388  8.55906e-01 |  3  0.03633  1.63942e+00
  4  0.01785  2.83079e+00 |  5 -0.09446  2.24071e+00 |  6  0.02604  2.22291e+00
  7 -0.05278  2.79407e-01 |  8 -0.02459 -4.51694e-01 |  9  0.06026  1.07504e-01
 10  0.22069  1.50723e+00 | 11 -0.01326  8.54143e-02 | 12  0.20376  1.95128e+00
 13  0.08066  2.78827e-02 | 14  0.02039  4.73457e-01 | 15 -1.88977 -1.23952e+00
 16  0.18392 -5.04425e-01 | 17 -0.02498  5.87452e-01 | 18  0.21051 -4.64463e-01
 19  0.19468 -8.87410e-01 | 20 -0.01605 -1.87389e+00 | 21 -0.05599 -1.37127e+00
 22 -0.10164 -4.33535e+00 | 23 -0.07562  7.40745e-02 | 24  0.05018 -8.54072e-02
 25 -0.05891 -1.41665e+00 | 26  0.00010  1.73038e+00 | 27 -0.06357 -3.11154e+00
 28  0.00456 -9.66718e-01 | 29 -0.03706 -1.56129e+00 | 30 -0.02478 -1.58766e+00
 31 -0.07440 -7.30027e-01 | 32  0.12164 -2.11241e+00 | 33 -0.03812  4.82783e-01
 34 -0.15063 -1.28859e+00 | 35 -0.04993  7.45096e+00 | 36 -0.35366  4.37372e-01
 37  0.12029 -5.78969e+01 | 38  0.10599  1.96320e+00 | 39  0.06307 -1.70228e+01
 40  0.08945 -2.43994e+01 | 41 -0.34600  5.28154e-01 | 42 -0.76542  7.36705e+00
 43  0.06242  5.04572e+00 | 44  0.65423 -2.14943e+00 | 45 -0.20901 -5.32877e+00
 46 -0.87124  4.24900e+00 |
Maximum number of function evaluations exceeded

 - final statistics:
46 variables; iteration 82; function evaluation 100
Function value 6.4902e+03; maximum gradient component mag -7.1896e+01
Exit code = 3;  converg criter 1.0000e+01
Var    Value     Gradient |Var    Value     Gradient |Var    Value     Gradient
  1  0.44645 -6.06156e+01 |  2 -0.01407 -8.46540e-01 |  3  0.03611  1.43256e-01
  4  0.01731  8.90160e-01 |  5 -0.09643 -1.58978e+00 |  6  0.02618  3.19884e-01
  7 -0.05193 -3.00203e-01 |  8 -0.02348 -1.48672e+00 |  9  0.06145 -1.09212e+00
 10  0.22212  8.40739e-01 | 11 -0.01464 -3.49610e+00 | 12  0.20414  5.38463e-01
 13  0.08127 -6.92491e-01 | 14  0.02034 -1.69245e+00 | 15 -1.89037 -5.23242e-01
 16  0.18409 -1.47143e+00 | 17 -0.02515 -1.25156e+00 | 18  0.21067 -1.61339e+00
 19  0.19429 -2.97753e+00 | 20 -0.01629 -4.00024e+00 | 21 -0.05596 -2.93663e+00
 22 -0.10072 -4.03796e+00 | 23 -0.07676 -2.39014e+00 | 24  0.05210 -1.31219e+00
 25 -0.05721 -1.73402e+00 | 26 -0.00071 -4.51288e-01 | 27 -0.06356 -4.29722e+00
 28  0.00306 -6.38856e+00 | 29 -0.03758 -4.19577e+00 | 30 -0.02594 -5.20727e+00
 31 -0.07510 -3.34590e+00 | 32  0.12172 -2.55028e+00 | 33 -0.03905 -2.99240e+00
 34 -0.15060 -2.45265e+00 | 35 -0.05228  7.27347e-01 | 36 -0.35231 -4.03557e-02
 37  0.11802 -7.18962e+01 | 38  0.10371 -1.21610e+01 | 39  0.06092 -1.10909e+01
 40  0.08731 -3.16512e+01 | 41 -0.34745 -9.73702e-01 | 42 -0.76866  2.06400e+00
 43  0.06091  7.68014e-01 | 44  0.65590 -1.24262e+00 | 45 -0.21190 -9.03281e+00
 46 -0.87112  2.79923e+00 |

Initial statistics: 52 variables; iteration 0; function evaluation 0; phase 3
Function value 6.4902394e+03; maximum gradient component mag -3.0931e+03
Var    Value     Gradient |Var    Value     Gradient |Var    Value     Gradient
  1  0.44645 -6.06156e+01 |  2 -0.01402  9.63891e-01 |  3  0.03616  1.95121e+00
  4  0.01736  2.70036e+00 |  5 -0.09638  2.00361e-01 |  6  0.02623  2.12922e+00
  7 -0.05188  1.50466e+00 |  8 -0.02343  3.22924e-01 |  9  0.06150  7.10317e-01
 10  0.22217  2.54242e+00 | 11 -0.01459 -1.68571e+00 | 12  0.20420  2.25696e+00
 13  0.08132  1.10363e+00 | 14  0.02039  1.17502e-01 | 15 -0.10958  2.30736e+00
 16  0.18415  2.64248e-01 | 17 -0.02510  5.57905e-01 | 18  0.21072  9.92259e-02
 19  0.19434 -1.25031e+00 | 20 -0.01624 -2.18996e+00 | 21 -0.05591 -1.13276e+00
 22 -0.10066 -2.24973e+00 | 23 -0.07671 -5.92424e-01 | 24  0.05215  4.92621e-01
 25 -0.05715  6.95502e-02 | 26 -0.00066  1.35958e+00 | 27 -0.06351 -2.49538e+00
 28  0.00311 -4.57771e+00 | 29 -0.03753 -2.38807e+00 | 30 -0.02589 -3.39792e+00
 31 -0.07505 -1.54763e+00 | 32  0.12178 -7.72400e-01 | 33 -0.03899 -1.18494e+00
 34 -0.15054 -6.92226e-01 | 35 -0.05223  2.53213e+00 | 36 -0.35225  1.50031e+00
 37  0.11802 -7.18962e+01 | 38  0.10371 -1.21610e+01 | 39  0.06092 -1.10909e+01
 40  0.08731 -3.16512e+01 | 41 -0.34745 -9.73702e-01 | 42 -0.76866  2.06400e+00
 43  0.24432 -2.24679e+03 | 44 -0.80278  2.03928e+03 | 45  0.10875 -3.09305e+03
 46 -0.89706  8.97729e+02 | 47  0.28251 -1.16276e+03 | 48 -0.83901  3.12525e+02
 49  0.06091  7.68014e-01 | 50  0.65590 -1.24262e+00 | 51 -0.21190 -9.03281e+00
 52 -0.87112  2.79923e+00 |

Intermediate statistics: 52 variables; iteration 20; function evaluation 27; phase 3
Function value 4.5289683e+03; maximum gradient component mag -8.6326e+03
Var    Value     Gradient |Var    Value     Gradient |Var    Value     Gradient
  1  0.41209 -4.16890e+03 |  2 -0.01846  2.16400e+02 |  3  0.02663  2.24334e+02
  4  0.00660  2.20016e+02 |  5 -0.10537  2.16301e+02 |  6  0.01520  2.22331e+02
  7 -0.06160  2.15072e+02 |  8 -0.02808  2.18000e+02 |  9  0.06717  2.25008e+02
 10  0.22867  1.90354e+02 | 11  0.02591  1.48860e+02 | 12  0.24726  2.10710e+02
 13  0.15326  1.17023e+02 | 14  0.11836  1.37599e+02 | 15 -0.00089  1.08090e+02
 16  0.03435  2.64076e+02 | 17  0.00509  1.66865e+02 | 18  0.18513  1.28561e+02
 19  0.23904  6.92587e+01 | 20 -0.02998  1.10185e+02 | 21 -0.00323  4.41640e+01
 22 -0.29382  1.29390e+01 | 23 -0.74909  6.22204e+01 | 24  0.52213  3.06531e+02
 25  0.26294  9.54171e+01 | 26 -0.62366  3.75607e+01 | 27  0.10107  2.08545e+02
 28  0.07593  7.06267e+01 | 29  0.04421  1.35248e+02 | 30  0.09348  4.50563e+01
 31 -0.08106  6.83666e+01 | 32  0.20029  5.28463e+01 | 33 -0.08340  3.39059e+01
 34 -0.13556  8.49141e+01 | 35 -0.02916  4.08231e+01 | 36 -0.48479  1.43892e+02
 37  0.05911 -8.63264e+03 | 38  0.04622 -4.19800e+03 | 39  0.08561  1.48428e+03
 40  0.07008 -3.05336e+02 | 41 -0.37618  1.28536e+02 | 42 -0.79309 -3.85927e+01
 43  0.53044 -1.29913e+03 | 44 -0.90603  8.48197e+01 | 45  0.61381 -1.41818e+03
 46 -1.01352 -3.59499e+01 | 47  0.54100 -3.31173e+02 | 48 -0.81430  5.23891e+01
 49  0.10024  7.95799e+01 | 50  0.61553  8.20978e+01 | 51 -0.20328 -3.72895e+01
 52 -0.88367 -9.60909e+00 |
52 variables; iteration 40; function evaluation 49; phase 3
Function value 4.1833679e+03; maximum gradient component mag -4.7548e+03
Var    Value     Gradient |Var    Value     Gradient |Var    Value     Gradient
  1  0.41931 -3.93123e+03 |  2  0.01377 -6.76958e+01 |  3  0.11095 -5.10416e+01
  4  0.10024 -6.08726e+01 |  5  0.01386 -2.59806e+01 |  6  0.13312 -5.19966e+01
  7  0.07113 -1.12136e+01 |  8  0.08543 -1.56211e+01 |  9  0.12187 -2.12617e+01
 10  0.17605 -1.44084e+02 | 11 -0.00129 -1.00250e+02 | 12  0.16526 -6.55627e+01
 13  0.05549 -1.66222e+02 | 14 -0.07435 -3.17088e+02 | 15  0.00364 -8.44310e+01
 16 -0.14240 -1.42570e+02 | 17 -0.05942 -1.77233e+02 | 18  0.09572 -1.46669e+02
 19  0.18803 -1.89170e+02 | 20 -0.06959 -1.66549e+02 | 21 -0.01457 -1.42371e+02
 22 -0.09607 -7.64541e+01 | 23 -0.12513 -1.03648e+01 | 24  0.15115 -1.18466e+02
 25  0.10381 -1.24248e+01 | 26 -0.00417 -1.34552e+02 | 27 -0.11922 -2.61219e+02
 28 -0.00113 -3.58643e+02 | 29 -0.11064 -3.07524e+02 | 30 -0.03026 -3.55778e+02
 31 -0.15963 -2.36805e+02 | 32  0.11187 -3.21399e+02 | 33 -0.14624 -2.33451e+02
 34 -0.23946 -1.75072e+02 | 35 -0.06247 -1.67022e+02 | 36 -0.41659 -1.58888e+01
 37  0.07932 -4.75478e+03 | 38  0.06340 -2.56384e+03 | 39  0.04489 -1.90474e+03
 40  0.07514 -1.77342e+03 | 41 -0.35434 -1.74705e+02 | 42 -0.78876  2.92649e+01
 43  0.57499 -8.35591e+02 | 44 -0.87581  5.42285e+01 | 45  0.74876 -4.76348e+02
 46 -0.97733  1.61226e+01 | 47  0.64458 -1.83570e+02 | 48 -1.13332 -1.12183e+01
 49  0.04260 -9.20741e+01 | 50  0.61726 -1.17086e+02 | 51 -0.22179 -1.13909e+01
 52 -1.18726 -2.33534e+01 |
52 variables; iteration 60; function evaluation 79; phase 3
Function value 3.9343524e+03; maximum gradient component mag -1.6272e+03
Var    Value     Gradient |Var    Value     Gradient |Var    Value     Gradient
  1  0.41402 -1.42212e+03 |  2 -0.03269 -4.15814e+01 |  3 -0.00246 -3.32543e+01
  4 -0.04406 -6.41595e+01 |  5 -0.18511 -8.45606e+01 |  6 -0.06607 -9.75542e+01
  7 -0.12813 -4.48595e+01 |  8 -0.12310 -9.53540e+01 |  9  0.01962 -4.28229e+01
 10  0.19750  2.16986e+00 | 11  0.02814 -5.87564e+01 | 12  0.18187 -5.93501e+01
 13  0.15211 -3.11663e+01 | 14  0.12303 -3.33841e+01 | 15  0.05644 -2.79638e+01
 16 -0.04645 -3.98734e+01 | 17  0.01030 -6.18984e+01 | 18  0.10690 -1.03556e+02
 19  0.21983 -1.09413e+02 | 20  0.00623 -7.54051e+01 | 21 -0.01618 -1.04260e+02
 22 -0.12772 -8.68818e+01 | 23 -0.20846 -1.57730e+01 | 24  0.11117 -1.06185e+02
 25  0.05110 -1.04620e+02 | 26  0.01387 -1.16713e+02 | 27 -0.05328 -1.41699e+02
 28  0.08039 -1.04642e+02 | 29 -0.00147 -1.19569e+02 | 30  0.06199 -1.07466e+02
 31 -0.01030 -7.98739e+01 | 32  0.14832 -1.40141e+02 | 33 -0.03316 -2.69496e+01
 34 -0.09893 -4.27915e+01 | 35 -0.04737 -8.74745e+01 | 36 -0.44677 -3.18826e+01
 37  0.07154 -1.62723e+03 | 38  0.06267 -1.11536e+03 | 39  0.06321 -5.31556e+02
 40  0.06346 -6.51467e+02 | 41 -0.17075 -5.93893e+01 | 42 -0.72268  5.90480e+01
 43  0.71266 -2.44389e+02 | 44 -0.82549 -1.14998e+01 | 45  0.89069 -1.26630e+02
 46 -0.98932  3.18623e+00 | 47  0.81556 -4.57672e+01 | 48 -1.07617  2.01751e+00
 49 -0.04293 -4.18695e+00 | 50  0.46765 -6.33660e+01 | 51 -0.20512  3.16099e+01
 52 -0.96378  4.11316e+00 |
52 variables; iteration 80; function evaluation 99; phase 3
Function value 3.8753328e+03; maximum gradient component mag -2.4825e+01
Var    Value     Gradient |Var    Value     Gradient |Var    Value     Gradient
  1  0.54642 -2.35159e+01 |  2 -0.01620  7.40478e-01 |  3  0.03002  4.68202e-01
  4  0.01001  4.49895e-01 |  5 -0.10288  5.81513e-01 |  6  0.01421  3.67010e-01
  7 -0.06496  6.99146e-01 |  8 -0.04090  7.70895e-01 |  9  0.03276  7.23923e-01
 10  0.15988 -6.48317e-01 | 11  0.02030  9.26398e-01 | 12  0.15999  1.33345e+00
 13  0.12289  5.06807e-01 | 14  0.09024  4.19703e-02 | 15  0.01912  3.60187e-01
 16 -0.08323  5.28781e-01 | 17 -0.00860  9.36470e-02 | 18  0.11988 -1.79328e-01
 19  0.21101  4.53565e-01 | 20  0.00376  8.25039e-01 | 21 -0.02742  1.93548e-01
 22 -0.14520  2.24481e-01 | 23 -0.31380  7.89964e-02 | 24  0.15875  4.98710e-01
 25  0.06530 -1.97290e+00 | 26  0.01142 -1.15918e+00 | 27 -0.01041 -4.27848e-01
 28  0.05474 -1.69654e-01 | 29  0.01003 -3.06377e-01 | 30  0.05548 -3.83003e-01
 31 -0.01060  8.54046e-02 | 32  0.13475 -7.45860e-02 | 33 -0.06068 -5.05038e-01
 34 -0.12010 -8.98417e-02 | 35 -0.05712 -4.19802e-01 | 36 -0.46664 -5.37093e-01
 37  0.03085 -2.39404e+01 | 38  0.02706 -1.40523e+01 | 39  0.03126 -2.31777e+00
 40  0.02339 -2.48253e+01 | 41 -0.15310  4.16553e+00 | 42 -0.77201 -4.63682e-01
 43  1.01060  2.14775e+00 | 44 -0.71771  2.16637e+00 | 45  0.99912 -7.00756e-01
 46 -1.00528 -1.17932e+00 | 47  0.99281 -1.24158e+00 | 48 -0.72575  8.87284e-01
 49 -0.05759 -1.94287e+00 | 50  0.45712  6.17077e+00 | 51 -0.20804 -2.41811e-01
 52 -1.12924  1.63535e-01 |
52 variables; iteration 100; function evaluation 121; phase 3
Function value 3.8749983e+03; maximum gradient component mag -2.2190e+01
Var    Value     Gradient |Var    Value     Gradient |Var    Value     Gradient
  1  0.67542 -1.08338e+01 |  2 -0.01637  2.72802e-01 |  3  0.02989  1.65465e-01
  4  0.00996  3.32755e-01 |  5 -0.10307  1.16285e-01 |  6  0.01419  2.72362e-01
  7 -0.06496  5.74695e-01 |  8 -0.04125  6.25880e-02 |  9  0.03261  1.26008e-01
 10  0.16046  6.36535e-01 | 11  0.02028  5.43588e-01 | 12  0.15942 -2.64183e-01
 13  0.12269  1.09652e-02 | 14  0.09001 -3.42010e-01 | 15  0.01854 -5.60719e-01
 16 -0.08353  3.83080e-01 | 17 -0.00833  3.41490e-01 | 18  0.11998 -2.39231e-01
 19  0.21098  5.57779e-02 | 20  0.00330 -1.51772e-02 | 21 -0.02759  2.48573e-02
 22 -0.14567  1.97773e-01 | 23 -0.31463  6.37865e-02 | 24  0.15907 -2.25373e-01
 25  0.06621 -1.53503e-02 | 26  0.01180 -1.66957e-01 | 27 -0.01030  7.10903e-02
 28  0.05467 -2.03475e-01 | 29  0.01019  9.37618e-02 | 30  0.05552 -5.84781e-01
 31 -0.01075 -7.88117e-03 | 32  0.13479 -5.36648e-01 | 33 -0.06025  7.26004e-01
 34 -0.12085 -5.40818e-01 | 35 -0.05678 -1.44040e-01 | 36 -0.46390  6.09466e-01
 37 -0.00201 -2.21905e+01 | 38 -0.00577 -7.15625e+00 | 39 -0.00161 -1.88456e+00
 40 -0.00943 -1.37787e+01 | 41 -0.12310  1.47227e-01 | 42 -0.79680 -1.94264e-01
 43  1.00445  6.56842e-01 | 44 -0.72293 -9.40190e-01 | 45  1.00041  3.20111e-01
 46 -1.00068 -2.39021e-02 | 47  0.99955  8.32471e-03 | 48 -0.73528 -2.49499e-01
 49 -0.07749 -4.79781e-01 | 50  0.42959  5.50735e-01 | 51 -0.19615 -7.88474e-02
 52 -1.17490  1.10680e-01 |
52 variables; iteration 120; function evaluation 144; phase 3
Function value 3.8749290e+03; maximum gradient component mag -1.8803e+01
Var    Value     Gradient |Var    Value     Gradient |Var    Value     Gradient
  1  0.77396 -7.07617e+00 |  2 -0.01621  2.46858e-01 |  3  0.03017  2.40166e-01
  4  0.01023  2.55270e-01 |  5 -0.10265  2.40893e-01 |  6  0.01444  2.46969e-01
  7 -0.06484  2.17919e-01 |  8 -0.04088  2.27274e-01 |  9  0.03286  2.73108e-01
 10  0.16031  1.84948e-01 | 11  0.02015  1.97354e-01 | 12  0.15970  1.57154e-01
 13  0.12280  5.07396e-02 | 14  0.09026  7.88504e-04 | 15  0.01897  1.01237e-01
 16 -0.08365  9.02682e-02 | 17 -0.00868 -2.86172e-02 | 18  0.12009 -1.32832e-01
 19  0.21080 -3.17604e-01 | 20  0.00334  8.77018e-02 | 21 -0.02766 -7.02305e-02
 22 -0.14569  7.91300e-02 | 23 -0.31434  2.00568e-01 | 24  0.15911 -2.16860e-03
 25  0.06615 -1.12396e-01 | 26  0.01165 -2.33053e-01 | 27 -0.01053 -2.99816e-01
 28  0.05443 -5.60628e-01 | 29  0.00995 -1.83728e-01 | 30  0.05554 -2.32498e-01
 31 -0.01090 -2.55397e-01 | 32  0.13451 -9.25616e-01 | 33 -0.06073 -8.64324e-02
 34 -0.12049 -7.21948e-02 | 35 -0.05722 -3.66215e-01 | 36 -0.46497  1.47896e-01
 37 -0.02033 -1.88030e+01 | 38 -0.02410 -8.87634e+00 | 39 -0.01995 -3.11860e+00
 40 -0.02773 -1.23882e+01 | 41 -0.08881 -1.59170e-01 | 42 -0.83173  9.79429e-02
 43  0.99626 -4.86742e-01 | 44 -0.72077  3.18353e-01 | 45  1.00030  2.34126e-01
 46 -0.99816  1.83681e-01 | 47  1.00208  1.03774e-01 | 48 -0.73303  1.21270e-02
 49 -0.10076 -6.22152e-02 | 50  0.40021 -1.35740e-01 | 51 -0.18210  9.22901e-02
 52 -1.21860 -6.60603e-02 |
52 variables; iteration 140; function evaluation 168; phase 3
Function value 3.8749032e+03; maximum gradient component mag -1.0250e+01
Var    Value     Gradient |Var    Value     Gradient |Var    Value     Gradient
  1  0.86865 -2.34764e+00 |  2 -0.01619  1.14261e-01 |  3  0.03020  8.07439e-02
  4  0.01027  1.19205e-01 |  5 -0.10260  1.12396e-01 |  6  0.01449  1.01879e-01
  7 -0.06478  1.04785e-01 |  8 -0.04082  1.15551e-01 |  9  0.03288  1.17161e-01
 10  0.16030  4.42188e-02 | 11  0.02015  1.04207e-01 | 12  0.15969  5.30345e-02
 13  0.12279  1.35713e-02 | 14  0.09026 -8.90883e-03 | 15  0.01895  2.04073e-02
 16 -0.08364  2.69002e-02 | 17 -0.00869 -4.86212e-02 | 18  0.12009 -9.60333e-02
 19  0.21080 -1.66358e-01 | 20  0.00329 -1.88117e-02 | 21 -0.02768 -5.85213e-02
 22 -0.14572 -6.90127e-04 | 23 -0.31436  9.93148e-02 | 24  0.15916  2.26034e-02
 25  0.06616 -6.13988e-02 | 26  0.01163 -1.55340e-01 | 27 -0.01056 -1.94118e-01
 28  0.05442 -3.22285e-01 | 29  0.00991 -1.71617e-01 | 30  0.05550 -2.01321e-01
 31 -0.01088 -1.63125e-01 | 32  0.13449 -5.46686e-01 | 33 -0.06076 -9.16308e-02
 34 -0.12054 -9.19682e-02 | 35 -0.05726 -2.91417e-01 | 36 -0.46495  7.01783e-02
 37 -0.03196 -1.02504e+01 | 38 -0.03574 -4.97252e+00 | 39 -0.03159 -1.67940e+00
 40 -0.03937 -7.13430e+00 | 41 -0.04332  4.33699e-02 | 42 -0.88412  1.21148e-02
 43  1.00184  1.01154e-01 | 44 -0.72129  2.82819e-02 | 45  1.00000 -1.67457e-01
 46 -1.00120 -7.35156e-02 | 47  1.00023 -5.26036e-03 | 48 -0.73332 -1.12145e-02
 49 -0.13241 -1.51638e-01 | 50  0.36258  1.85468e-01 | 51 -0.16628  1.47214e-01
 52 -1.25992  1.93574e-02 |
52 variables; iteration 160; function evaluation 191; phase 3
Function value 3.8748971e+03; maximum gradient component mag -1.4010e+00
Var    Value     Gradient |Var    Value     Gradient |Var    Value     Gradient
  1  0.92447 -2.50523e-01 |  2 -0.01617  2.35835e-02 |  3  0.03022  1.85106e-02
  4  0.01029  2.05982e-02 |  5 -0.10258  2.18849e-02 |  6  0.01451  1.99089e-02
  7 -0.06475  2.07790e-02 |  8 -0.04080  2.78507e-02 |  9  0.03288  1.97755e-02
 10  0.16030  1.35053e-02 | 11  0.02014  2.08962e-02 | 12  0.15969  1.24658e-02
 13  0.12280  1.06122e-02 | 14  0.09026  3.63540e-03 | 15  0.01894  2.18258e-04
 16 -0.08364  1.47499e-02 | 17 -0.00868  3.55241e-04 | 18  0.12008 -8.27744e-03
 19  0.21080 -2.05551e-02 | 20  0.00330  7.99562e-03 | 21 -0.02771 -4.35286e-05
 22 -0.14575  4.95118e-03 | 23 -0.31442  1.84514e-02 | 24  0.15915 -1.67927e-03
 25  0.06614  3.14121e-03 | 26  0.01162 -2.30754e-02 | 27 -0.01056 -2.86033e-02
 28  0.05443 -2.86119e-02 | 29  0.00993 -7.41191e-03 | 30  0.05549 -1.56123e-02
 31 -0.01087 -1.43474e-02 | 32  0.13449 -5.53291e-02 | 33 -0.06076 -9.05770e-03
 34 -0.12056 -1.11375e-02 | 35 -0.05725 -2.40438e-02 | 36 -0.46492  2.10926e-02
 37 -0.03596 -1.40104e+00 | 38 -0.03973 -6.33958e-01 | 39 -0.03558 -2.57378e-01
 40 -0.04337 -9.79871e-01 | 41 -0.00400 -1.52180e-02 | 42 -0.92296 -2.05401e-02
 43  1.00106  1.91843e-02 | 44 -0.72134  1.06653e-02 | 45  1.00010  7.38529e-02
 46 -1.00013 -2.08349e-03 | 47  1.00204  9.72727e-02 | 48 -0.73338 -4.47520e-03
 49 -0.16014 -1.06298e-02 | 50  0.33096 -8.58623e-03 | 51 -0.15840  1.26543e-02
 52 -1.27869 -1.47902e-03 |
52 variables; iteration 180; function evaluation 213; phase 3
Function value 3.8748957e+03; maximum gradient component mag -5.7272e-01
Var    Value     Gradient |Var    Value     Gradient |Var    Value     Gradient
  1  0.96354 -6.99272e-02 |  2 -0.01617  8.55297e-03 |  3  0.03023  1.33974e-02
  4  0.01030  7.15378e-03 |  5 -0.10257  9.05644e-03 |  6  0.01452  7.86656e-03
  7 -0.06475  1.05641e-02 |  8 -0.04080  6.60417e-03 |  9  0.03288  9.49246e-03
 10  0.16030  7.66689e-03 | 11  0.02013  1.92921e-03 | 12  0.15969  5.66507e-03
 13  0.12280  2.83516e-03 | 14  0.09026  9.57294e-04 | 15  0.01894 -4.33359e-04
 16 -0.08364  7.88297e-03 | 17 -0.00869  4.18980e-04 | 18  0.12009  2.10896e-03
 19  0.21080 -3.95130e-03 | 20  0.00330  1.11587e-04 | 21 -0.02771 -5.47122e-03
 22 -0.14576 -5.85363e-03 | 23 -0.31443  7.84499e-03 | 24  0.15916  7.95793e-03
 25  0.06614 -7.48458e-03 | 26  0.01163 -5.45428e-03 | 27 -0.01056 -8.82534e-03
 28  0.05442 -1.81715e-02 | 29  0.00993 -9.51561e-06 | 30  0.05549 -1.05217e-02
 31 -0.01087 -8.33052e-03 | 32  0.13449 -2.37744e-02 | 33 -0.06076 -5.27294e-03
 34 -0.12055 -4.93217e-03 | 35 -0.05726 -1.79968e-02 | 36 -0.46493  8.90562e-03
 37 -0.03748 -5.72719e-01 | 38 -0.04126 -3.00660e-01 | 39 -0.03710 -5.18492e-02
 40 -0.04489 -4.15430e-01 | 41  0.03058  1.56661e-02 | 42 -0.95200 -3.51154e-02
 43  1.00011 -1.70773e-03 | 44 -0.72141 -2.97249e-02 | 45  1.00006  4.40084e-02
 46 -0.99941  1.86071e-02 | 47  0.99901  9.44635e-04 | 48 -0.73337 -3.01717e-03
 49 -0.18480  1.22266e-02 | 50  0.30390  9.48888e-03 | 51 -0.15456 -1.23807e-02
 52 -1.28740 -2.67067e-02 |
52 variables; iteration 200; function evaluation 235; phase 3
Function value 3.8748956e+03; maximum gradient component mag -1.0653e+00
Var    Value     Gradient |Var    Value     Gradient |Var    Value     Gradient
  1  0.96780 -8.76600e-02 |  2 -0.01617  1.92168e-02 |  3  0.03023  1.60398e-02
  4  0.01030  1.46702e-02 |  5 -0.10257  1.53936e-02 |  6  0.01451  7.77868e-03
  7 -0.06475  1.55147e-02 |  8 -0.04080  2.34196e-02 |  9  0.03288  1.13195e-02
 10  0.16030  3.87157e-03 | 11  0.02013  9.76711e-03 | 12  0.15969  9.66927e-03
 13  0.12280  9.32302e-03 | 14  0.09026  2.74254e-03 | 15  0.01894  4.20814e-03
 16 -0.08363  1.35863e-02 | 17 -0.00868  5.67874e-04 | 18  0.12008 -6.28846e-03
 19  0.21080 -1.85332e-02 | 20  0.00330  1.03668e-02 | 21 -0.02771 -5.33828e-03
 22 -0.14575 -1.42192e-03 | 23 -0.31441  1.62175e-02 | 24  0.15915 -1.62074e-03
 25  0.06614 -1.05192e-02 | 26  0.01162 -2.61719e-02 | 27 -0.01056 -2.14148e-02
 28  0.05442 -2.85169e-02 | 29  0.00992 -1.23275e-02 | 30  0.05549 -1.69263e-02
 31 -0.01087 -1.39200e-02 | 32  0.13449 -4.93806e-02 | 33 -0.06076 -7.41581e-03
 34 -0.12056 -1.10283e-02 | 35 -0.05726 -2.31719e-02 | 36 -0.46493  1.50617e-02
 37 -0.03758 -1.06525e+00 | 38 -0.04136 -4.73285e-01 | 39 -0.03721 -2.07917e-01
 40 -0.04500 -7.48478e-01 | 41  0.03752 -1.18364e-02 | 42 -0.95108 -2.28773e-02
 43  0.99841 -6.68722e-02 | 44 -0.72144 -4.99194e-02 | 45  0.99981 -1.49506e-01
 46 -1.00090 -4.02540e-02 | 47  1.00020 -4.97109e-03 | 48 -0.73342 -9.02560e-03
 49 -0.18978 -1.22036e-02 | 50  0.29855 -3.54617e-03 | 51 -0.15463  3.34567e-02
 52 -1.28722 -5.51507e-02 |
52 variables; iteration 220; function evaluation 256; phase 3
Function value 3.8748936e+03; maximum gradient component mag -1.4987e+00
Var    Value     Gradient |Var    Value     Gradient |Var    Value     Gradient
  1  0.99059 -3.43613e-02 |  2 -0.01617  3.75480e-02 |  3  0.03023  3.38994e-02
  4  0.01030  3.65406e-02 |  5 -0.10257  2.94214e-02 |  6  0.01451  2.71142e-02
  7 -0.06475  2.90995e-02 |  8 -0.04079  4.56944e-02 |  9  0.03290  4.85477e-02
 10  0.16029  3.33601e-03 | 11  0.02014  3.06136e-02 | 12  0.15971  3.54176e-02
 13  0.12281  2.75096e-02 | 14  0.09026  1.63529e-02 | 15  0.01895  2.92806e-02
 16 -0.08363  3.32435e-02 | 17 -0.00868  1.41409e-02 | 18  0.12008  7.38052e-04
 19  0.21080 -1.66949e-02 | 20  0.00330  2.04929e-02 | 21 -0.02770  2.02356e-02
 22 -0.14575  2.35318e-02 | 23 -0.31441  3.51610e-02 | 24  0.15914  8.10362e-03
 25  0.06612 -3.10192e-02 | 26  0.01162 -2.16666e-02 | 27 -0.01058 -3.93311e-02
 28  0.05442 -3.78119e-02 | 29  0.00992 -1.38379e-02 | 30  0.05549 -1.92316e-02
 31 -0.01088 -1.22304e-02 | 32  0.13449 -7.17102e-02 | 33 -0.06077 -3.31134e-03
 34 -0.12056  2.43547e-03 | 35 -0.05726 -6.16110e-03 | 36 -0.46495  1.68090e-02
 37 -0.03792 -1.49871e+00 | 38 -0.04169 -7.50840e-01 | 39 -0.03754 -3.67070e-01
 40 -0.04533 -1.22033e+00 | 41  0.11303 -1.21125e-01 | 42 -0.88745  6.75207e-02
 43  0.99929 -3.55423e-03 | 44 -0.72140 -2.76186e-02 | 45  1.00022  1.72539e-01
 46 -1.00034 -7.85788e-03 | 47  0.99905  2.49778e-03 | 48 -0.73337 -4.39861e-03
 49 -0.24444  1.29566e-02 | 50  0.24197 -1.79987e-01 | 51 -0.16548  8.79630e-02
 52 -1.26203 -1.03533e-01 |
52 variables; iteration 240; function evaluation 282; phase 3
Function value 3.8748932e+03; maximum gradient component mag 1.6935e-01
Var    Value     Gradient |Var    Value     Gradient |Var    Value     Gradient
  1  1.00659  4.67549e-03 |  2 -0.01617 -2.20052e-03 |  3  0.03023 -2.34211e-03
  4  0.01030 -1.95712e-03 |  5 -0.10257 -2.19198e-03 |  6  0.01451 -2.74766e-03
  7 -0.06475 -2.04969e-03 |  8 -0.04080 -2.07255e-03 |  9  0.03288 -2.06373e-03
 10  0.16030 -9.37951e-04 | 11  0.02014 -1.34602e-03 | 12  0.15969 -1.10408e-03
 13  0.12280 -2.94462e-04 | 14  0.09026 -2.58867e-04 | 15  0.01894  3.02282e-04
 16 -0.08364 -6.34131e-04 | 17 -0.00868  3.63666e-04 | 18  0.12009  1.22239e-03
 19  0.21080  1.13034e-03 | 20  0.00330  4.55051e-04 | 21 -0.02771  1.21649e-03
 22 -0.14575 -8.63133e-04 | 23 -0.31442 -1.27734e-03 | 24  0.15915 -1.00984e-03
 25  0.06614  4.26719e-05 | 26  0.01162  1.71728e-03 | 27 -0.01056  1.73614e-03
 28  0.05442  3.88878e-03 | 29  0.00992  2.36610e-03 | 30  0.05549  2.83540e-03
 31 -0.01087  8.94044e-04 | 32  0.13449  7.51181e-03 | 33 -0.06076  1.55340e-03
 34 -0.12055  8.14288e-04 | 35 -0.05726  4.35018e-03 | 36 -0.46494 -1.57649e-03
 37 -0.03793  1.69352e-01 | 38 -0.04171  7.29169e-02 | 39 -0.03755  1.81336e-02
 40 -0.04534  1.02296e-01 | 41  0.16758 -2.99714e-03 | 42 -0.84219 -6.22629e-04
 43  0.99953  8.63081e-04 | 44 -0.72137 -2.51320e-03 | 45  1.00001 -5.38844e-03
 46 -1.00024 -5.00766e-03 | 47  0.99897 -6.39876e-04 | 48 -0.73336 -2.09315e-05
 49 -0.28446 -1.90050e-04 | 50  0.20304 -5.84599e-03 | 51 -0.17854  2.41950e-03
 52 -1.22860 -3.27885e-03 |
52 variables; iteration 260; function evaluation 306; phase 3
Function value 3.8748932e+03; maximum gradient component mag -9.9474e-02
Var    Value     Gradient |Var    Value     Gradient |Var    Value     Gradient
  1  1.00631  6.83365e-03 |  2 -0.01617  2.11516e-03 |  3  0.03023  3.60027e-03
  4  0.01030  4.27820e-03 |  5 -0.10257  3.14857e-03 |  6  0.01451  2.09250e-03
  7 -0.06475  4.15711e-03 |  8 -0.04080  8.05255e-04 |  9  0.03288  2.37201e-03
 10  0.16030  7.04646e-03 | 11  0.02014  4.17212e-03 | 12  0.15969 -6.54426e-04
 13  0.12280 -1.31522e-03 | 14  0.09026 -6.14590e-04 | 15  0.01894  5.48513e-03
 16 -0.08364  4.77008e-03 | 17 -0.00868  4.36737e-03 | 18  0.12009  3.19680e-03
 19  0.21080 -6.93670e-03 | 20  0.00330  5.14685e-03 | 21 -0.02771  4.91576e-04
 22 -0.14575  1.64182e-03 | 23 -0.31443  5.39310e-03 | 24  0.15915 -2.91577e-03
 25  0.06614 -1.70337e-03 | 26  0.01163  3.53335e-03 | 27 -0.01056  4.28784e-04
 28  0.05443  1.83849e-03 | 29  0.00993  6.85242e-03 | 30  0.05549 -6.29052e-04
 31 -0.01087  1.14145e-03 | 32  0.13449 -2.38871e-03 | 33 -0.06076  5.70236e-03
 34 -0.12055  2.29681e-03 | 35 -0.05726  5.08026e-03 | 36 -0.46493  4.03191e-03
 37 -0.03793 -4.55068e-02 | 38 -0.04171 -3.00510e-02 | 39 -0.03755 -1.70109e-02
 40 -0.04534 -7.80386e-02 | 41  0.17285 -5.78236e-02 | 42 -0.83336 -1.06376e-02
 43  1.00077  5.37815e-03 | 44 -0.72138 -1.18725e-02 | 45  1.00002  1.30821e-02
 46 -0.99956  1.14769e-02 | 47  0.99872 -1.46206e-02 | 48 -0.73337 -1.27450e-03
 49 -0.28834  1.37586e-02 | 50  0.19936 -9.94737e-02 | 51 -0.18159 -1.18046e-02
 52 -1.22012  3.79256e-03 |
52 variables; iteration 280; function evaluation 326; phase 3
Function value 3.8748931e+03; maximum gradient component mag 6.2135e-02
Var    Value     Gradient |Var    Value     Gradient |Var    Value     Gradient
  1  0.99747 -2.18535e-03 |  2 -0.01617 -3.56428e-04 |  3  0.03023 -4.40562e-04
  4  0.01030 -8.39999e-05 |  5 -0.10257 -3.96845e-04 |  6  0.01451 -7.22521e-04
  7 -0.06475 -1.91739e-04 |  8 -0.04080 -4.54686e-04 |  9  0.03288 -7.03800e-04
 10  0.16030  1.18842e-03 | 11  0.02014 -6.34869e-05 | 12  0.15969 -6.24235e-04
 13  0.12280  9.99040e-06 | 14  0.09026 -2.84567e-04 | 15  0.01894  1.48333e-04
 16 -0.08364  5.91283e-04 | 17 -0.00868  7.63387e-04 | 18  0.12009  8.95639e-04
 19  0.21080  9.12619e-05 | 20  0.00330  5.79619e-04 | 21 -0.02771  6.22362e-04
 22 -0.14575  2.72534e-04 | 23 -0.31442  3.74089e-04 | 24  0.15915 -6.23795e-04
 25  0.06614  1.43128e-04 | 26  0.01162  1.15790e-03 | 27 -0.01056  5.89495e-04
 28  0.05442  2.06473e-03 | 29  0.00992  1.29091e-03 | 30  0.05549  1.16201e-03
 31 -0.01087  8.49082e-04 | 32  0.13449  2.87470e-03 | 33 -0.06076  1.40257e-03
 34 -0.12055  7.38323e-04 | 35 -0.05726  2.80035e-03 | 36 -0.46494  2.66042e-04
 37 -0.03794  6.21348e-02 | 38 -0.04172  2.55777e-02 | 39 -0.03757  4.45154e-03
 40 -0.04535  3.07370e-02 | 41  0.16461 -1.05947e-02 | 42 -0.82474 -5.90551e-04
 43  1.00057  3.59486e-04 | 44 -0.72137 -2.61830e-03 | 45  1.00002  5.86507e-03
 46 -1.00006  1.44734e-04 | 47  0.99901  1.08282e-03 | 48 -0.73336 -3.45021e-04
 49 -0.28228  7.05713e-04 | 50  0.20512 -1.75651e-02 | 51 -0.18471 -3.91897e-04
 52 -1.21110 -2.99711e-04 |
52 variables; iteration 300; function evaluation 346; phase 3
Function value 3.8748931e+03; maximum gradient component mag -1.5459e-01
Var    Value     Gradient |Var    Value     Gradient |Var    Value     Gradient
  1  0.99785 -2.36191e-03 |  2 -0.01617 -3.16377e-03 |  3  0.03023 -2.20729e-03
  4  0.01030 -6.28246e-03 |  5 -0.10257 -3.79022e-03 |  6  0.01452 -2.40547e-03
  7 -0.06474 -5.77246e-03 |  8 -0.04080 -2.55911e-04 |  9  0.03288 -2.89049e-03
 10  0.16029 -2.01741e-02 | 11  0.02013 -7.34397e-03 | 12  0.15969  4.20753e-04
 13  0.12280 -6.28847e-03 | 14  0.09026 -2.65739e-04 | 15  0.01894 -3.29502e-03
 16 -0.08364 -4.30089e-03 | 17 -0.00869 -8.38346e-03 | 18  0.12008 -6.76201e-03
 19  0.21080 -8.50451e-03 | 20  0.00330 -3.85584e-03 | 21 -0.02771 -3.83071e-03
 22 -0.14575 -3.30174e-03 | 23 -0.31441 -2.30506e-03 | 24  0.15915 -1.78665e-03
 25  0.06614 -3.74939e-03 | 26  0.01162 -1.33532e-02 | 27 -0.01055 -2.42519e-03
 28  0.05442 -1.34899e-02 | 29  0.00992 -1.23017e-02 | 30  0.05549 -7.02800e-03
 31 -0.01087 -5.27246e-03 | 32  0.13448 -1.65187e-02 | 33 -0.06077 -1.35492e-02
 34 -0.12055 -2.77788e-03 | 35 -0.05727 -1.66563e-02 | 36 -0.46495 -7.14385e-03
 37 -0.03794 -1.54589e-01 | 38 -0.04172 -5.87798e-02 | 39 -0.03757  2.34807e-03
 40 -0.04535 -1.23832e-02 | 41  0.15931  2.91031e-02 | 42 -0.81955 -1.12522e-02
 43  1.00057  5.22602e-04 | 44 -0.72135  5.22690e-03 | 45  1.00001 -4.66329e-03
 46 -1.00005  7.03241e-04 | 47  0.99883 -7.69863e-03 | 48 -0.73334  9.52457e-04
 49 -0.27837  8.53987e-03 | 50  0.20885  3.08318e-02 | 51 -0.18668 -6.54302e-03
 52 -1.20524  7.95629e-03 |
52 variables; iteration 320; function evaluation 370; phase 3
Function value 3.8748931e+03; maximum gradient component mag -1.0723e-01
Var    Value     Gradient |Var    Value     Gradient |Var    Value     Gradient
  1  1.00161  1.32153e-03 |  2 -0.01617  7.02287e-04 |  3  0.03023  1.24802e-03
  4  0.01030  2.51834e-03 |  5 -0.10257  1.10021e-03 |  6  0.01451  1.21728e-03
  7 -0.06475  1.94180e-03 |  8 -0.04080 -8.91186e-04 |  9  0.03288  7.81190e-04
 10  0.16030  9.66915e-03 | 11  0.02014  2.65838e-03 | 12  0.15969 -2.59834e-03
 13  0.12280  2.64746e-04 | 14  0.09026 -1.20780e-03 | 15  0.01894  2.16914e-03
 16 -0.08364  3.62866e-03 | 17 -0.00868  4.71079e-03 | 18  0.12009  2.28793e-03
 19  0.21080 -1.02904e-03 | 20  0.00330  1.57639e-03 | 21 -0.02771  1.83616e-03
 22 -0.14575  4.40960e-03 | 23 -0.31443  4.15954e-03 | 24  0.15915 -2.40642e-03
 25  0.06614  1.20289e-03 | 26  0.01163  7.43487e-03 | 27 -0.01056  2.26005e-03
 28  0.05443  6.22375e-03 | 29  0.00993  6.18621e-03 | 30  0.05549  2.84310e-03
 31 -0.01087  3.40987e-03 | 32  0.13449  4.43214e-03 | 33 -0.06076  7.24313e-03
 34 -0.12055  3.83209e-03 | 35 -0.05725  1.03069e-02 | 36 -0.46493  3.35838e-03
 37 -0.03794  9.77516e-02 | 38 -0.04172  3.32466e-02 | 39 -0.03757  2.95812e-03
 40 -0.04536  1.76959e-02 | 41  0.10807 -7.27595e-02 | 42 -0.82541  3.79609e-03
 43  1.00036 -1.57151e-03 | 44 -0.72137 -2.17294e-03 | 45  0.99999  5.38232e-03
 46 -1.00008 -6.16182e-04 | 47  0.99914  5.15968e-03 | 48 -0.73336 -3.01893e-04
 49 -0.24085  7.05809e-03 | 50  0.24560 -1.07226e-01 | 51 -0.18447 -2.54695e-03
 52 -1.21183 -5.20739e-03 |
52 variables; iteration 340; function evaluation 394; phase 3
Function value 3.8748931e+03; maximum gradient component mag -4.9877e-03
Var    Value     Gradient |Var    Value     Gradient |Var    Value     Gradient
  1  0.99965 -5.97832e-05 |  2 -0.01617  1.99230e-04 |  3  0.03023  1.45696e-04
  4  0.01030  2.58577e-04 |  5 -0.10257  1.90494e-04 |  6  0.01451  1.64736e-04
  7 -0.06475  2.43648e-04 |  8 -0.04080  1.91371e-04 |  9  0.03288  1.36313e-04
 10  0.16030  3.75234e-04 | 11  0.02014  2.27042e-04 | 12  0.15969  1.32269e-04
 13  0.12280  2.18064e-04 | 14  0.09026  5.69828e-05 | 15  0.01894 -5.91738e-06
 16 -0.08364  9.92760e-05 | 17 -0.00869  1.29373e-04 | 18  0.12009  1.40967e-04
 19  0.21080  2.70280e-04 | 20  0.00330  1.47033e-04 | 21 -0.02771  9.09337e-05
 22 -0.14575  4.40970e-05 | 23 -0.31442  5.81279e-05 | 24  0.15915  1.25507e-04
 25  0.06614  1.42101e-04 | 26  0.01162  8.18014e-05 | 27 -0.01056 -1.03078e-04
 28  0.05442  8.56201e-05 | 29  0.00992  1.54597e-04 | 30  0.05549  4.73418e-05
 31 -0.01087  5.12092e-05 | 32  0.13449  1.34569e-04 | 33 -0.06076  1.75406e-04
 34 -0.12055 -7.90480e-05 | 35 -0.05726  1.05090e-04 | 36 -0.46494  2.38940e-04
 37 -0.03794 -4.98766e-03 | 38 -0.04172 -1.83715e-03 | 39 -0.03757 -1.06129e-03
 40 -0.04536 -4.76409e-03 | 41  0.06759  1.53498e-03 | 42 -0.82181  5.37291e-05
 43  1.00055  1.67057e-04 | 44 -0.72136 -1.55336e-04 | 45  0.99999 -9.53136e-04
 46 -1.00007  5.39943e-06 | 47  0.99898 -1.07859e-05 | 48 -0.73335 -4.11557e-05
 49 -0.21145 -3.99663e-04 | 50  0.27566  2.38902e-03 | 51 -0.18581  3.69375e-04
 52 -1.20784  4.65139e-06 |
Warning: the following parameters had issues
  SR_parm[1] is within 0.1% of upper bound: 5.00000e+00 < 2.50000e+01 < 2.50000e+01
  selparm[3] is within 0.1% of upper bound: -3.00000e+00 < 1.50000e+01 < 1.50000e+01
  selparm[5] is within 0.1% of upper bound: -1.00000e+00 < 1.50000e+01 < 1.50000e+01
  selparm[6] is within 0.1% of lower bound: -1.00000e+00 < -1.00000e+00 < 2.00000e+01
  selparm[7] is within 0.1% of upper bound: -3.00000e+00 < 1.50000e+01 < 1.50000e+01


 - final statistics:
52 variables; iteration 348; function evaluation 402
Function value 3.8749e+03; maximum gradient component mag -7.2698e-05
Exit code = 1;  converg criter 1.0000e-04
Var    Value     Gradient |Var    Value     Gradient |Var    Value     Gradient
  1  0.99968 -2.09422e-07 |  2 -0.01617 -2.05037e-06 |  3  0.03023 -4.18173e-07
  4  0.01030 -1.72306e-06 |  5 -0.10257 -1.89216e-06 |  6  0.01451 -7.12590e-07
  7 -0.06475 -2.63668e-06 |  8 -0.04080 -9.34539e-07 |  9  0.03288 -2.41863e-06
 10  0.16030 -6.76851e-06 | 11  0.02014 -3.52202e-06 | 12  0.15969 -2.53989e-06
 13  0.12280 -6.08461e-06 | 14  0.09026 -2.05123e-06 | 15  0.01894 -6.08021e-07
 16 -0.08364 -3.92207e-07 | 17 -0.00869 -2.39909e-06 | 18  0.12009 -3.09524e-06
 19  0.21080 -9.81551e-06 | 20  0.00330 -5.84232e-07 | 21 -0.02771 -7.10733e-07
 22 -0.14575  1.61374e-06 | 23 -0.31442  3.04502e-06 | 24  0.15915 -5.33789e-06
 25  0.06614 -4.77370e-07 | 26  0.01162 -5.97441e-06 | 27 -0.01056 -2.30546e-06
 28  0.05442 -7.61408e-06 | 29  0.00992 -4.78979e-06 | 30  0.05549 -4.52573e-06
 31 -0.01087 -1.50732e-06 | 32  0.13449 -1.10839e-05 | 33 -0.06076 -3.66119e-06
 34 -0.12055  5.40052e-07 | 35 -0.05726 -4.36312e-06 | 36 -0.46494 -1.79156e-06
 37 -0.03794 -4.67184e-05 | 38 -0.04172 -3.85729e-05 | 39 -0.03757 -7.10409e-06
 40 -0.04536 -3.30283e-05 | 41  0.06557 -3.93088e-05 | 42 -0.82147 -1.67797e-05
 43  1.00054  1.72560e-06 | 44 -0.72136 -7.42385e-07 | 45  0.99999 -4.07091e-06
 46 -1.00007  9.61263e-08 | 47  0.99898  8.00095e-07 | 48 -0.73335  3.13446e-07
 49 -0.20999  2.14811e-05 | 50  0.27718 -7.26978e-05 | 51 -0.18594 -1.20032e-05
 52 -1.20746  1.08980e-05 |
Estimating row 1 out of 52 for hessian
Estimating row 2 out of 52 for hessian
Estimating row 3 out of 52 for hessian
Estimating row 4 out of 52 for hessian
Estimating row 5 out of 52 for hessian
Estimating row 6 out of 52 for hessian
Estimating row 7 out of 52 for hessian
Estimating row 8 out of 52 for hessian
Estimating row 9 out of 52 for hessian
Estimating row 10 out of 52 for hessian
Estimating row 11 out of 52 for hessian
Estimating row 12 out of 52 for hessian
Estimating row 13 out of 52 for hessian
Estimating row 14 out of 52 for hessian
Estimating row 15 out of 52 for hessian
Estimating row 16 out of 52 for hessian
Estimating row 17 out of 52 for hessian
Estimating row 18 out of 52 for hessian
Estimating row 19 out of 52 for hessian
Estimating row 20 out of 52 for hessian
Estimating row 21 out of 52 for hessian
Estimating row 22 out of 52 for hessian
Estimating row 23 out of 52 for hessian
Estimating row 24 out of 52 for hessian
Estimating row 25 out of 52 for hessian
Estimating row 26 out of 52 for hessian
Estimating row 27 out of 52 for hessian
Estimating row 28 out of 52 for hessian
Estimating row 29 out of 52 for hessian
Estimating row 30 out of 52 for hessian
Estimating row 31 out of 52 for hessian
Estimating row 32 out of 52 for hessian
Estimating row 33 out of 52 for hessian
Estimating row 34 out of 52 for hessian
Estimating row 35 out of 52 for hessian
Estimating row 36 out of 52 for hessian
Estimating row 37 out of 52 for hessian
Estimating row 38 out of 52 for hessian
Estimating row 39 out of 52 for hessian
Estimating row 40 out of 52 for hessian
Estimating row 41 out of 52 for hessian
Estimating row 42 out of 52 for hessian
Estimating row 43 out of 52 for hessian
Estimating row 44 out of 52 for hessian
Estimating row 45 out of 52 for hessian
Estimating row 46 out of 52 for hessian
Estimating row 47 out of 52 for hessian
Estimating row 48 out of 52 for hessian
Estimating row 49 out of 52 for hessian
Estimating row 50 out of 52 for hessian
Estimating row 51 out of 52 for hessian
Estimating row 52 out of 52 for hessian
size of file gradfil1.tmp = 0
size of file gradfil2.tmp = 0
size of file varssave.tmp = 0
size of file cmpdiff.tmp = 0
