
Initial statistics: 36 variables; iteration 0; function evaluation 0; phase 1
Function value 4.6778012e+03; maximum gradient component mag -1.7922e+04
Var    Value     Gradient |Var    Value     Gradient |Var    Value     Gradient
  1  0.05660 -1.79217e+04 |  2 -0.04417  1.87701e+02 |  3  0.02819  1.61984e+02
  4 -0.04200  1.56712e+02 |  5 -0.07939  3.64056e+02 |  6  0.02797  3.64138e+02
  7 -0.16470  1.42245e+02 |  8 -0.11738  1.69361e+02 |  9  0.04082  1.09796e+02
 10  0.07809 -3.16892e+02 | 11 -0.01003 -1.41062e+01 | 12 -0.02457 -2.51615e+02
 13 -0.00425 -4.54519e+02 | 14  0.06183 -6.42261e+02 | 15 -0.00574 -1.79642e+02
 16 -0.06223 -9.15102e+01 | 17 -0.04481 -3.37327e+02 | 18  0.06290 -2.59427e+02
 19  0.03130 -3.37792e+02 | 20  0.01459  1.48855e+02 | 21 -0.16830 -1.54437e+01
 22 -0.08451  5.39156e+01 | 23  0.03749  2.10195e+02 | 24  0.06004 -8.71375e+01
 25  0.00372 -2.25253e+02 | 26  0.05079 -4.44731e+02 | 27  0.01771 -5.70492e+01
 28 -0.01244 -2.09033e+02 | 29  0.04259  1.17491e+02 | 30  0.02532 -1.19945e+02
 31  0.04804  2.62537e+02 | 32  0.10941  5.37969e+01 | 33  0.03520  1.10583e+02
 34 -0.02626  1.46340e+02 | 35  0.06158  3.71354e+02 | 36  0.04946  9.04080e+02

Intermediate statistics: 36 variables; iteration 20; function evaluation 33; phase 1
Function value 4.2176317e+03; maximum gradient component mag -3.1077e+03
Var    Value     Gradient |Var    Value     Gradient |Var    Value     Gradient
  1  0.07778 -3.10771e+03 |  2 -0.00300  7.83112e+01 |  3  0.04867  5.96960e+01
  4  0.01043  6.74484e+01 |  5 -0.11965  6.07369e+01 |  6  0.02283  6.56969e+01
  7 -0.07133  6.94148e+01 |  8 -0.03381  8.19865e+01 |  9  0.02304  3.89389e+01
 10  0.14795 -2.61613e+00 | 11  0.01087  5.02533e+00 | 12  0.07120 -2.17748e+00
 13  0.08691  6.23569e+00 | 14  0.05954 -5.06435e+01 | 15 -0.00564 -1.25098e+01
 16 -0.05517  5.39559e+01 | 17  0.03584  4.99794e+00 | 18  0.06853  2.23351e+01
 19  0.10830  2.35369e+01 | 20 -0.02235  2.87251e+01 | 21 -0.03909  6.30938e+01
 22 -0.03781  3.96848e+01 | 23 -0.06413  4.65895e+00 | 24  0.04751 -1.64849e+00
 25  0.06004  4.11829e+01 | 26  0.06194 -1.74414e+00 | 27 -0.03926  1.08857e+01
 28  0.01178  2.23765e+01 | 29 -0.01908 -1.03374e+01 | 30  0.07279 -2.61031e+00
 31 -0.03733 -4.82957e+00 | 32  0.07465 -4.70580e+01 | 33  0.01114  1.88280e+01
 34 -0.06177  1.58803e+01 | 35 -0.06304  1.22202e+01 | 36 -0.35643 -7.15483e-02
36 variables; iteration 40; function evaluation 65; phase 1
Function value 4.1998526e+03; maximum gradient component mag -3.4309e+02
Var    Value     Gradient |Var    Value     Gradient |Var    Value     Gradient
  1  0.08654 -3.43091e+02 |  2 -0.01468  1.03729e+00 |  3  0.04392 -3.80607e+00
  4  0.01068  1.00962e+01 |  5 -0.11960 -1.71475e+00 |  6  0.01844  2.22143e-01
  7 -0.07093  1.22394e+01 |  8 -0.05319 -5.61921e+00 |  9  0.02900 -7.12716e+00
 10  0.16417 -5.91710e+00 | 11  0.05022  4.93864e+00 | 12  0.09203  5.18340e-02
 13  0.08832 -1.68006e+01 | 14  0.08268 -8.04380e+00 | 15  0.02424  1.65696e+01
 16 -0.06505 -2.10019e+01 | 17  0.03131 -1.02118e+01 | 18  0.06554  2.18623e+00
 19  0.10205  7.67803e+00 | 20 -0.02704 -1.52333e+01 | 21 -0.05010 -2.56397e+00
 22 -0.03881  2.88386e+00 | 23 -0.04791 -3.10015e-01 | 24  0.04393 -1.81816e+00
 25  0.04341  3.44868e-01 | 26  0.05150 -6.55631e+00 | 27 -0.04821 -1.13915e+01
 28 -0.00303 -7.25779e+00 | 29 -0.02525 -1.87507e+01 | 30  0.06500  6.00313e-01
 31 -0.03815 -3.36266e+00 | 32  0.06820  1.77641e-01 | 33 -0.00521 -6.24755e+00
 34 -0.07161 -3.77015e+00 | 35 -0.06679  1.17337e+01 | 36 -0.34719 -2.53903e+01

 - final statistics:
36 variables; iteration 43; function evaluation 68
Function value 4.1990e+03; maximum gradient component mag 1.8354e+00
Exit code = 1;  converg criter 1.0000e+01
Var    Value     Gradient |Var    Value     Gradient |Var    Value     Gradient
  1  0.08799  1.33049e-01 |  2 -0.01516 -3.79058e-02 |  3  0.04482  3.45559e-01
  4  0.00676  6.80774e-02 |  5 -0.11837  1.17547e-01 |  6  0.01740  2.14888e-01
  7 -0.07697  2.35253e-01 |  8 -0.04764  2.20959e-01 |  9  0.03519  2.99134e-01
 10  0.16491 -2.03403e-02 | 11  0.04776 -1.92542e-01 | 12  0.09088 -7.43326e-01
 13  0.09276 -2.73485e-01 | 14  0.08452  1.26848e+00 | 15  0.01970  1.05633e+00
 16 -0.05533  1.83536e+00 | 17  0.03168 -1.81780e+00 | 18  0.06360  6.44189e-01
 19  0.09878  3.85779e-02 | 20 -0.02378  2.72432e-01 | 21 -0.05098 -2.51955e-01
 22 -0.04079  7.53019e-02 | 23 -0.04931 -3.39544e-02 | 24  0.04185 -5.36526e-02
 25  0.04064  5.50701e-01 | 26  0.04976 -1.25371e-01 | 27 -0.04799 -7.13822e-02
 28 -0.00463  2.44619e-01 | 29 -0.02327  1.62152e-01 | 30  0.06201  4.45110e-02
 31 -0.03936  3.15919e-02 | 32  0.06522  1.02616e-02 | 33 -0.00650 -2.71598e-02
 34 -0.07285  1.65774e-01 | 35 -0.07275 -7.35952e-01 | 36 -0.32409  1.65645e+00

Initial statistics: 46 variables; iteration 0; function evaluation 0; phase 2
Function value 4.1989558e+03; maximum gradient component mag -1.1981e+04
Var    Value     Gradient |Var    Value     Gradient |Var    Value     Gradient
  1  0.08799  1.33049e-01 |  2 -0.01516 -1.92850e-01 |  3  0.04482  1.90955e-01
  4  0.00676 -8.69020e-02 |  5 -0.11838 -3.47691e-02 |  6  0.01739  5.99578e-02
  7 -0.07698  8.13967e-02 |  8 -0.04765  6.64043e-02 |  9  0.03519  1.44382e-01
 10  0.16490 -1.70158e-01 | 11  0.04775 -3.47094e-01 | 12  0.09088 -8.96739e-01
 13  0.09276 -4.26831e-01 | 14  0.08451  1.11486e+00 | 15  0.01970  9.01418e-01
 16 -0.05534  1.68096e+00 | 17  0.03168 -1.97259e+00 | 18  0.06359  4.89974e-01
 19  0.09877 -1.14548e-01 | 20 -0.02379  1.17552e-01 | 21 -0.05098 -4.06446e-01
 22 -0.04079 -7.93682e-02 | 23 -0.04931 -1.88478e-01 | 24  0.04185 -2.08306e-01
 25  0.04063  3.96029e-01 | 26  0.04976 -2.79886e-01 | 27 -0.04799 -2.25930e-01
 28 -0.00463  8.96348e-02 | 29 -0.02328  7.26739e-03 | 30  0.06201 -1.09743e-01
 31 -0.03936 -1.23100e-01 | 32  0.06521 -1.43914e-01 | 33 -0.00651 -1.82140e-01
 34 -0.07286  1.17995e-02 | 35 -0.07275 -8.89929e-01 | 36 -0.32409  1.52111e+00
 37  0.19268 -1.19810e+04 | 38  0.28083  1.06359e+04 | 39  0.22340  1.21371e+02
 40  0.24928  3.12125e+03 | 41 -0.01686 -3.39089e+02 | 42 -0.30967  8.92102e+02
 43 -0.00782 -3.46795e+01 | 44 -0.00484 -4.58698e+02 | 45 -0.18197  7.73616e+01
 46 -0.26877  6.27815e+02 |

Intermediate statistics: 46 variables; iteration 20; function evaluation 30; phase 2
Function value 3.2411105e+03; maximum gradient component mag -8.5064e+03
Var    Value     Gradient |Var    Value     Gradient |Var    Value     Gradient
  1  0.10077 -5.51975e+03 |  2 -0.03378  1.10402e+02 |  3  0.02435  2.36490e+02
  4 -0.05114  1.23286e+02 |  5 -0.29934 -1.52024e+01 |  6 -0.08457  1.36734e+02
  7 -0.26006 -2.06674e+01 |  8 -0.16423  6.62936e+01 |  9 -0.04584  7.62738e+01
 10  0.07232 -5.08205e+01 | 11  0.00017  1.03121e+02 | 12 -0.01239 -7.58723e+01
 13 -0.04525 -1.29591e+02 | 14  0.06265 -4.20933e+01 | 15  0.00954 -2.83542e+00
 16 -0.05563 -1.27181e+00 | 17  0.00238 -1.53046e+02 | 18  0.10874 -3.73501e+01
 19  0.16153 -1.65672e+01 | 20  0.06609  1.26364e+02 | 21  0.00793  5.04043e+01
 22  0.06027  1.71700e+02 | 23 -0.04621 -2.49030e+01 | 24 -0.01089 -7.72073e+01
 25  0.09798  1.41189e+01 | 26  0.09417 -7.41693e+01 | 27  0.03385  8.32854e+01
 28  0.07209  4.29334e+01 | 29  0.09828  1.86886e+02 | 30  0.12833  3.07395e+01
 31  0.02872  1.71033e+01 | 32  0.09469 -1.11104e+02 | 33 -0.00291 -1.22037e+02
 34 -0.05789 -1.11019e+02 | 35  0.11070  2.55583e+02 | 36 -0.15534  1.25353e+02
 37  0.18897 -8.50638e+03 | 38  0.19169 -1.30970e+02 | 39  0.15806 -2.52510e+03
 40  0.21234  6.18330e+02 | 41  0.15730 -4.20969e+02 | 42 -0.88893  2.16855e+02
 43 -0.15186  1.31519e+02 | 44 -0.25574 -7.05805e+02 | 45  0.00013  9.16940e+00
 46 -0.37136  7.86864e+02 |
46 variables; iteration 40; function evaluation 58; phase 2
Function value 3.0312072e+03; maximum gradient component mag -1.3079e+03
Var    Value     Gradient |Var    Value     Gradient |Var    Value     Gradient
  1  0.09716 -1.30793e+03 |  2 -0.04180 -2.28791e+00 |  3  0.02331  4.96061e+01
  4 -0.00123  1.04480e+02 |  5 -0.18817 -2.29076e+01 |  6 -0.04110  2.75958e+01
  7 -0.14687  9.82120e-01 |  8 -0.09436  4.34269e+01 |  9 -0.03259  2.89600e+01
 10  0.06552 -6.93035e+00 | 11 -0.03972  3.55623e+01 | 12 -0.04186 -5.89084e+01
 13  0.01080  4.86359e+01 | 14  0.06660  7.29039e+01 | 15  0.01380  3.21794e+01
 16 -0.07627 -1.35060e+01 | 17  0.02236  5.01725e+00 | 18  0.09439  5.27094e+01
 19  0.10922  1.34489e+00 | 20 -0.03752 -5.46874e+01 | 21 -0.04565 -1.96682e+01
 22 -0.00070  5.36950e+01 | 23 -0.04999 -1.09854e+01 | 24 -0.00060 -1.82334e+01
 25  0.04986 -2.99626e+00 | 26  0.08357  2.97126e+01 | 27  0.00850  1.64849e-01
 28  0.05171  1.40031e+01 | 29  0.04642  1.45822e+01 | 30  0.08016 -2.00169e+01
 31  0.04119  7.21411e+01 | 32  0.09364 -3.23912e+01 | 33  0.01568 -4.97667e+01
 34 -0.00153 -2.33451e+00 | 35  0.08978  8.80659e+01 | 36 -0.11443  7.08029e+01
 37  0.21571 -8.98638e+02 | 38  0.19790 -5.82774e+02 | 39  0.18820 -1.23104e+03
 40  0.20796 -1.00554e+03 | 41  0.10756  7.63638e+01 | 42 -0.86022  4.75353e+01
 43 -0.24588 -1.62264e+01 | 44 -0.20623  1.23421e+02 | 45 -0.21551 -6.44821e+01
 46 -0.39200  1.91591e+02 |
46 variables; iteration 60; function evaluation 88; phase 2
Function value 2.9593699e+03; maximum gradient component mag -1.1915e+01
Var    Value     Gradient |Var    Value     Gradient |Var    Value     Gradient
  1  0.04781 -7.96695e+00 |  2 -0.00574  3.49839e-01 |  3  0.03436  4.55531e-01
  4 -0.02057  1.44881e-01 |  5 -0.14166  1.74795e-01 |  6 -0.02751  1.58179e-01
  7 -0.11980  1.01553e-01 |  8 -0.08010  8.25200e-02 |  9 -0.00417  1.59952e-01
 10  0.09518  1.85954e-01 | 11 -0.02438  6.10837e-02 | 12 -0.00195 -1.18431e-01
 13  0.02799 -8.13014e-02 | 14  0.06978  2.40471e-01 | 15  0.00936  5.57567e-02
 16 -0.06605  1.09794e-01 | 17 -0.00849  7.80451e-02 | 18  0.05555 -2.99230e-01
 19  0.08489 -1.57777e-01 | 20 -0.04040 -1.62319e-01 | 21 -0.05413 -2.94922e-02
 22 -0.01385  2.27392e-01 | 23 -0.01940  5.30148e-01 | 24  0.02351 -1.99707e-01
 25  0.04979 -5.97213e-01 | 26  0.08084 -1.29074e+00 | 27  0.00451 -7.81652e-01
 28  0.03346 -1.09602e+00 | 29  0.01293 -3.81212e-01 | 30  0.06685 -5.38362e-01
 31  0.00626 -1.41605e-02 | 32  0.08770 -3.95817e-02 | 33  0.01780  6.71340e-01
 34 -0.00578  8.90268e-01 | 35  0.04190  5.49119e-01 | 36 -0.17149  1.31862e-01
 37  0.25664 -1.19149e+01 | 38  0.23672 -1.80815e+00 | 39  0.24721  1.50994e-01
 40  0.24112  8.10648e-02 | 41 -0.18778  3.61622e-01 | 42 -0.87248 -6.42294e-01
 43  0.03566 -2.17559e-01 | 44  0.01722  7.69070e-01 | 45 -0.15811 -4.70701e-01
 46 -0.38745 -1.57370e+00 |

 - final statistics:
46 variables; iteration 61; function evaluation 89
Function value 2.9594e+03; maximum gradient component mag -5.0158e+00
Exit code = 1;  converg criter 1.0000e+01
Var    Value     Gradient |Var    Value     Gradient |Var    Value     Gradient
  1  0.04777 -3.33751e+00 |  2 -0.00592 -4.59148e-02 |  3  0.03418 -9.75097e-03
  4 -0.02070  1.66391e-01 |  5 -0.14189  2.98336e-02 |  6 -0.02768  1.93845e-02
  7 -0.11999  1.11249e-02 |  8 -0.08016  6.83382e-02 |  9 -0.00417  7.64780e-02
 10  0.09520  1.45623e-02 | 11 -0.02435  2.83722e-02 | 12 -0.00193 -1.02408e-01
 13  0.02809  1.81712e-01 | 14  0.06983  3.10920e-01 | 15  0.00938 -1.75062e-01
 16 -0.06605 -1.10797e-01 | 17 -0.00853 -2.10997e-01 | 18  0.05567  9.89678e-02
 19  0.08495  1.01732e-01 | 20 -0.04021  2.79963e-01 | 21 -0.05407 -9.55845e-03
 22 -0.01381  1.27737e-01 | 23 -0.01952  1.66833e-02 | 24  0.02353 -1.92998e-01
 25  0.04988  5.97995e-02 | 26  0.08103  2.55225e-01 | 27  0.00464  1.08061e-01
 28  0.03359 -7.50642e-02 | 29  0.01301 -4.61470e-02 | 30  0.06695 -1.35745e-01
 31  0.00632  7.81546e-02 | 32  0.08774 -2.79058e-01 | 33  0.01770 -3.10448e-01
 34 -0.00590 -1.73895e-01 | 35  0.04186  4.43868e-02 | 36 -0.17148  3.72404e-02
 37  0.25666 -5.01576e+00 | 38  0.23673  1.77703e-01 | 39  0.24721 -2.63201e-01
 40  0.24113 -7.78205e-01 | 41 -0.18825  7.08401e-01 | 42 -0.87248 -4.99042e-01
 43  0.03619 -4.99579e-01 | 44  0.01755  1.57866e+00 | 45 -0.15785  2.64486e-03
 46 -0.38742 -1.52440e+00 |

Initial statistics: 52 variables; iteration 0; function evaluation 0; phase 3
Function value 2.9593692e+03; maximum gradient component mag -1.0794e+03
Var    Value     Gradient |Var    Value     Gradient |Var    Value     Gradient
  1  0.04777 -3.33751e+00 |  2 -0.00592 -5.28356e-02 |  3  0.03418 -1.66622e-02
  4 -0.02070  1.59473e-01 |  5 -0.14189  2.30836e-02 |  6 -0.02768  1.24699e-02
  7 -0.12000  4.32627e-03 |  8 -0.08016  6.14718e-02 |  9 -0.00417  6.95570e-02
 10  0.09520  7.71838e-03 | 11 -0.02435  2.14560e-02 | 12 -0.00193 -1.09329e-01
 13  0.02809  1.74797e-01 | 14  0.06983  3.04041e-01 | 15  0.00937 -1.81983e-01
 16 -0.06605 -1.17681e-01 | 17 -0.00853 -2.17918e-01 | 18  0.05567  9.20731e-02
 19  0.08495  9.48724e-02 | 20 -0.04021  2.73055e-01 | 21 -0.05407 -1.64547e-02
 22 -0.01381  1.20817e-01 | 23 -0.01952  9.76536e-03 | 24  0.02352 -1.99914e-01
 25  0.04988  5.28995e-02 | 26  0.08103  2.48360e-01 | 27  0.00464  1.01140e-01
 28  0.03359 -8.19757e-02 | 29  0.01301 -5.30667e-02 | 30  0.06695 -1.42628e-01
 31  0.00632  7.12338e-02 | 32  0.08774 -2.85913e-01 | 33  0.01770 -3.17366e-01
 34 -0.00590 -1.80815e-01 | 35  0.04186  3.74806e-02 | 36 -0.17148  3.05688e-02
 37  0.25666 -5.01576e+00 | 38  0.23673  1.77703e-01 | 39  0.24721 -2.63201e-01
 40  0.24113 -7.78205e-01 | 41 -0.18825  7.08401e-01 | 42 -0.87248 -4.99042e-01
 43  0.45876  7.51965e+02 | 44 -0.34161 -6.77805e+02 | 45  0.08072 -9.42333e+02
 46 -0.27947  5.92368e+02 | 47  0.27247 -1.07936e+03 | 48 -0.83901  2.77841e+02
 49  0.03619 -4.99579e-01 | 50  0.01755  1.57866e+00 | 51 -0.15785  2.64486e-03
 52 -0.38742 -1.52440e+00 |

Intermediate statistics: 52 variables; iteration 20; function evaluation 26; phase 3
Function value 2.4291150e+03; maximum gradient component mag -4.6345e+03
Var    Value     Gradient |Var    Value     Gradient |Var    Value     Gradient
  1  0.03995 -4.63449e+03 |  2 -0.01440  1.11526e+02 |  3  0.01819  7.22691e+01
  4 -0.01788  1.53591e+02 |  5 -0.13892  1.50369e+02 |  6 -0.02155  1.48200e+02
  7 -0.11279  1.45092e+02 |  8 -0.06638  1.41464e+02 |  9  0.01299  1.14832e+02
 10  0.10189 -1.47081e+01 | 11 -0.02962  7.57624e+01 | 12  0.00499  5.73264e+01
 13  0.00370 -3.16778e+01 | 14  0.09889  9.42428e+01 | 15  0.01720  1.17513e+02
 16 -0.06998  1.01132e+02 | 17  0.02123  1.95528e+02 | 18  0.05709  9.71833e+01
 19  0.06861  6.52359e+01 | 20 -0.01670  1.05600e+02 | 21 -0.11871  1.07071e+02
 22 -0.03020  1.24288e+02 | 23  0.04115  1.25786e+02 | 24  0.04651  1.70028e+02
 25 -0.00941  6.00597e+01 | 26  0.07874 -5.95329e+01 | 27  0.03550  5.20955e+01
 28  0.03903 -1.28277e+01 | 29 -0.02474 -6.42484e+01 | 30  0.06216  1.23486e+01
 31  0.03044  7.25369e+01 | 32  0.12369  7.89533e+01 | 33  0.03851  3.34300e+01
 34 -0.03118  6.45784e+00 | 35  0.02784  1.97175e+01 | 36 -0.14921  1.21330e+02
 37  0.24517 -3.93404e+03 | 38  0.24530 -4.23601e+02 | 39  0.25351  8.72165e+01
 40  0.22087 -1.02637e+03 | 41 -0.17557  3.37975e+02 | 42 -0.91175 -1.05328e+02
 43  0.36776  7.29958e+02 | 44 -0.39447 -5.88958e+02 | 45  0.13779  1.05308e+02
 46 -0.58520  1.74565e+02 | 47  1.01185  3.77764e+00 | 48 -0.64139  3.59442e+00
 49  0.05790 -8.47154e+00 | 50  0.01660  5.19237e+02 | 51 -0.13118  9.62600e+00
 52 -0.38488 -4.85828e+02 |
52 variables; iteration 40; function evaluation 51; phase 3
Function value 2.4049290e+03; maximum gradient component mag -2.7418e+03
Var    Value     Gradient |Var    Value     Gradient |Var    Value     Gradient
  1  0.03683 -2.74176e+03 |  2 -0.00765  3.44920e+01 |  3  0.03918  3.53428e+01
  4 -0.02393  5.53080e+01 |  5 -0.16333  3.62345e+01 |  6 -0.01579  7.75147e+01
  7 -0.11494  5.69815e+01 |  8 -0.05299  7.96851e+01 |  9  0.02341  5.96798e+01
 10  0.10938 -3.45475e+01 | 11 -0.05193 -3.19194e+01 | 12 -0.00241 -3.09101e+01
 13  0.03333 -6.63691e+01 | 14  0.09395  5.06327e+01 | 15  0.01821  5.59205e+01
 16 -0.04721  6.02012e+01 | 17  0.00345  6.15679e+01 | 18  0.05212  2.11053e+01
 19  0.06850  9.77699e+00 | 20 -0.01506  4.77253e+01 | 21 -0.10477  6.15117e+01
 22 -0.02442  5.80109e+01 | 23  0.04163  2.30378e+01 | 24  0.01594 -2.80766e+00
 25 -0.00445  2.68268e+01 | 26  0.09203  1.47495e+01 | 27  0.03253  4.58665e+01
 28  0.04186  9.38395e+00 | 29 -0.00430 -2.88281e+01 | 30  0.05863 -1.84733e+01
 31  0.02650  1.10435e+01 | 32  0.11517  1.59782e+01 | 33  0.03751  6.94144e+00
 34 -0.01218  1.40015e+01 | 35  0.03849  2.66411e+01 | 36 -0.28232  1.60096e+00
 37  0.25218 -2.08692e+03 | 38  0.24976 -1.32541e+02 | 39  0.25252 -6.42160e+01
 40  0.22515 -3.07787e+02 | 41 -0.06353 -1.97020e-01 | 42 -1.00514 -1.65996e+00
 43  0.37194  2.82227e+02 | 44 -0.36554 -1.58126e+02 | 45  0.19364  1.01926e+02
 46 -0.54604 -5.78535e-01 | 47  0.95850 -1.59577e+01 | 48 -0.59645  3.92689e+01
 49 -0.03273  4.17937e+00 | 50 -0.05384 -4.45689e+00 | 51 -0.15048 -2.31603e+01
 52 -0.35465  1.77230e+02 |
52 variables; iteration 60; function evaluation 81; phase 3
Function value 2.3685284e+03; maximum gradient component mag 6.0360e+02
Var    Value     Gradient |Var    Value     Gradient |Var    Value     Gradient
  1  0.04168  1.79657e+02 |  2 -0.02782 -5.35782e+01 |  3  0.04323 -1.47009e+00
  4 -0.02196 -1.41705e+01 |  5 -0.13101  1.16090e+01 |  6 -0.02027  2.40776e+00
  7 -0.10755  1.04282e+01 |  8 -0.07338 -4.62731e-01 |  9 -0.00189 -9.85118e+00
 10  0.10504  1.84700e+01 | 11 -0.00643  5.56159e+01 | 12 -0.00685 -3.30082e+01
 13  0.04388  7.19270e+01 | 14  0.07868  5.79650e+01 | 15  0.02460  5.74964e+01
 16 -0.07630 -1.29495e+01 | 17 -0.01212  1.66342e+01 | 18  0.04972  2.82424e+01
 19  0.05988 -5.75009e-01 | 20 -0.02438  8.04432e+00 | 21 -0.12031 -9.68763e-03
 22 -0.05058 -3.72584e+01 | 23  0.03651 -5.64926e+00 | 24  0.02429  2.17244e+01
 25 -0.00397  1.36867e+01 | 26  0.07306 -7.46650e+01 | 27  0.02345 -2.75136e+00
 28  0.03309 -3.47740e+01 | 29 -0.00138 -1.73383e+01 | 30  0.06127  1.18539e+01
 31  0.01172 -4.03617e+01 | 32  0.11076  3.73275e+01 | 33  0.04006  2.07166e+01
 34 -0.02671 -3.92508e+01 | 35  0.02320 -4.46264e+01 | 36 -0.13060  7.58499e-01
 37  0.25742  6.03603e+02 | 38  0.24613 -2.66911e+02 | 39  0.25330 -1.90049e+01
 40  0.22247 -5.75326e+02 | 41 -0.19864  6.21809e+01 | 42 -0.92233 -3.59791e+00
 43  0.37305 -2.43546e+00 | 44 -0.35495 -4.16977e+01 | 45  0.09019  6.82159e+01
 46 -0.63774  1.46851e+02 | 47  1.01531  3.86531e+00 | 48 -0.72531 -9.07593e+00
 49  0.07042  1.42277e+01 | 50  0.02869  8.06386e+01 | 51 -0.11927  2.19389e+01
 52 -0.37465 -3.71789e+01 |
52 variables; iteration 80; function evaluation 101; phase 3
Function value 2.3583843e+03; maximum gradient component mag -6.7436e-01
Var    Value     Gradient |Var    Value     Gradient |Var    Value     Gradient
  1  0.04165 -6.74356e-01 |  2  0.00010 -1.61189e-02 |  3  0.04228 -4.36075e-02
  4 -0.01588  1.37797e-02 |  5 -0.13769  1.05811e-02 |  6 -0.02274  1.63932e-02
  7 -0.11577  9.03786e-03 |  8 -0.07337  6.88540e-03 |  9  0.00562  1.03339e-02
 10  0.10759  1.12391e-02 | 11 -0.02413  3.31713e-03 | 12  0.01046  2.35714e-03
 13  0.03325 -8.15804e-03 | 14  0.07554  2.28286e-02 | 15  0.01091  7.32178e-03
 16 -0.06278 -1.05779e-03 | 17 -0.01206  1.59504e-02 | 18  0.04501  6.08113e-03
 19  0.06272  1.03056e-02 | 20 -0.02486  1.19680e-02 | 21 -0.12044  1.30754e-02
 22 -0.03929  2.16058e-02 | 23  0.03800  1.18638e-02 | 24  0.01784  2.86305e-03
 25 -0.01439 -1.74665e-02 | 26  0.08181 -5.08955e-02 | 27  0.01775 -1.48614e-02
 28  0.03648 -9.67406e-03 | 29 -0.00002  1.04239e-02 | 30  0.05746  1.40240e-02
 31  0.02185  1.86294e-02 | 32  0.10400  1.43343e-02 | 33  0.03285  6.86890e-03
 34 -0.01767 -4.75695e-03 | 35  0.02556 -1.79090e-02 | 36 -0.14834  8.30088e-03
 37  0.25565  9.78132e-02 | 38  0.24774 -1.20535e-01 | 39  0.25340 -4.74540e-03
 40  0.22474  3.24941e-02 | 41 -0.19256  5.55282e-02 | 42 -0.90752 -3.38281e-02
 43  0.36909 -7.32562e-02 | 44 -0.34910  1.21980e-01 | 45  0.06926 -5.12483e-02
 46 -0.67226 -6.02604e-03 | 47  1.00029  1.48828e-02 | 48 -0.67202  3.53344e-03
 49  0.04666  1.92946e-03 | 50  0.02377  8.44585e-02 | 51 -0.14769  4.35523e-03
 52 -0.37778 -6.04512e-02 |
52 variables; iteration 100; function evaluation 126; phase 3
Function value 2.3583840e+03; maximum gradient component mag -1.9640e+00
Var    Value     Gradient |Var    Value     Gradient |Var    Value     Gradient
  1  0.04165 -1.96397e+00 |  2  0.00011  2.37953e-02 |  3  0.04230  7.00329e-02
  4 -0.01594 -8.60855e-02 |  5 -0.13774 -1.65685e-02 |  6 -0.02282 -1.36588e-01
  7 -0.11580  6.26096e-02 |  8 -0.07338  3.28994e-02 |  9  0.00562 -5.71122e-03
 10  0.10760 -4.82204e-02 | 11 -0.02412  4.96009e-03 | 12  0.01046 -5.00346e-02
 13  0.03327 -3.78184e-02 | 14  0.07554 -9.03521e-02 | 15  0.01092 -2.91769e-03
 16 -0.06277 -4.74967e-02 | 17 -0.01207 -7.71832e-02 | 18  0.04503  3.46957e-02
 19  0.06273  3.37905e-02 | 20 -0.02485  1.35212e-02 | 21 -0.12042  1.90022e-02
 22 -0.03929  2.00209e-03 | 23  0.03800 -5.95959e-03 | 24  0.01784 -2.32129e-02
 25 -0.01436  5.43163e-02 | 26  0.08183  5.90042e-02 | 27  0.01776  2.50251e-02
 28  0.03649  1.04517e-02 | 29 -0.00001  1.34984e-02 | 30  0.05745 -6.96781e-02
 31  0.02184 -4.62886e-02 | 32  0.10401 -2.54429e-02 | 33  0.03286 -7.51284e-03
 34 -0.01766 -8.25984e-03 | 35  0.02556 -3.92005e-02 | 36 -0.14836  4.31862e-03
 37  0.25565  2.76845e-01 | 38  0.24774 -3.50499e-01 | 39  0.25341  4.25630e-02
 40  0.22475 -8.02343e-02 | 41 -0.23652 -5.48882e-01 | 42 -0.88470  3.15564e-01
 43  0.36908 -2.86281e-01 | 44 -0.34908  3.09807e-01 | 45  0.06927  1.92514e-02
 46 -0.67223  1.68688e-01 | 47  1.00050  2.85217e-02 | 48 -0.67201  5.96423e-03
 49  0.07532 -1.03420e-01 | 50  0.05235 -7.47602e-01 | 51 -0.15267  1.00333e-01
 52 -0.38363  1.07154e+00 |
52 variables; iteration 120; function evaluation 149; phase 3
Function value 2.3583836e+03; maximum gradient component mag 2.2369e-01
Var    Value     Gradient |Var    Value     Gradient |Var    Value     Gradient
  1  0.04166  2.23692e-01 |  2  0.00011 -4.11778e-03 |  3  0.04230 -1.88534e-03
  4 -0.01587 -9.14801e-03 |  5 -0.13767 -6.64021e-03 |  6 -0.02274 -1.12300e-02
  7 -0.11576 -6.01450e-03 |  8 -0.07336 -7.30772e-03 |  9  0.00562 -9.22673e-03
 10  0.10759 -1.72494e-02 | 11 -0.02413 -6.71345e-03 | 12  0.01046 -2.33882e-03
 13  0.03325  6.57717e-03 | 14  0.07553  1.71146e-02 | 15  0.01090  2.17661e-03
 16 -0.06278 -3.84739e-03 | 17 -0.01207 -9.29385e-03 | 18  0.04501  1.36136e-03
 19  0.06272  4.47017e-03 | 20 -0.02487 -7.18381e-03 | 21 -0.12044 -5.31762e-03
 22 -0.03929 -1.14633e-02 | 23  0.03799 -2.16102e-02 | 24  0.01783 -1.74346e-02
 25 -0.01439 -1.70790e-02 | 26  0.08181 -8.84827e-03 | 27  0.01774 -5.71046e-03
 28  0.03648 -1.11405e-03 | 29 -0.00003 -5.27187e-03 | 30  0.05746 -5.99281e-03
 31  0.02184 -4.12642e-03 | 32  0.10400  1.56586e-02 | 33  0.03285  1.22711e-02
 34 -0.01767  1.56575e-02 | 35  0.02556  1.44900e-02 | 36 -0.14834 -5.53228e-03
 37  0.25565  1.61733e-02 | 38  0.24773  3.17940e-02 | 39  0.25340 -7.99434e-03
 40  0.22474 -2.09279e-02 | 41 -0.33141 -1.72438e-03 | 42 -0.83870  6.73146e-02
 43  0.36908 -1.22117e-02 | 44 -0.34912  1.14190e-02 | 45  0.06926  4.93555e-03
 46 -0.67225  7.40560e-05 | 47  0.99925 -4.77431e-02 | 48 -0.67203  3.75811e-03
 49  0.13493  8.01480e-03 | 50  0.11165 -6.70796e-03 | 51 -0.16613  5.61729e-03
 52 -0.39959  1.87753e-01 |
52 variables; iteration 140; function evaluation 170; phase 3
Function value 2.3583834e+03; maximum gradient component mag 2.4862e-01
Var    Value     Gradient |Var    Value     Gradient |Var    Value     Gradient
  1  0.04166  2.48617e-01 |  2  0.00011 -8.64900e-03 |  3  0.04229 -6.88886e-03
  4 -0.01587 -1.19138e-02 |  5 -0.13767 -7.75909e-03 |  6 -0.02274 -1.65383e-02
  7 -0.11576 -5.16888e-03 |  8 -0.07336 -8.44106e-03 |  9  0.00562 -1.19746e-02
 10  0.10759 -2.14457e-02 | 11 -0.02413 -8.59479e-03 | 12  0.01046 -1.03823e-02
 13  0.03325 -5.45009e-03 | 14  0.07553  2.60951e-02 | 15  0.01090  3.45525e-03
 16 -0.06278 -2.33821e-03 | 17 -0.01207 -4.78091e-03 | 18  0.04501  5.55929e-04
 19  0.06272  5.87335e-03 | 20 -0.02487 -9.33684e-03 | 21 -0.12044 -2.75289e-03
 22 -0.03929 -1.34828e-02 | 23  0.03799 -2.50941e-02 | 24  0.01783 -2.37027e-02
 25 -0.01439 -2.24987e-02 | 26  0.08181 -2.63154e-02 | 27  0.01774 -1.27113e-02
 28  0.03648 -8.38978e-03 | 29 -0.00002 -5.58109e-03 | 30  0.05746 -5.17470e-03
 31  0.02184 -1.28574e-03 | 32  0.10400  3.07419e-02 | 33  0.03285  2.52531e-02
 34 -0.01767  2.74929e-02 | 35  0.02556  3.57008e-02 | 36 -0.14834 -7.19289e-03
 37  0.25565  8.29329e-03 | 38  0.24773  5.25628e-02 | 39  0.25340 -1.66275e-02
 40  0.22474 -4.62211e-02 | 41 -0.38338  3.12800e-02 | 42 -0.81210  5.30532e-03
 43  0.36908 -1.18655e-02 | 44 -0.34912  2.64957e-02 | 45  0.06926  3.10913e-02
 46 -0.67226 -1.93624e-02 | 47  1.00035  1.85912e-02 | 48 -0.67205  1.38213e-04
 49  0.16602 -1.94948e-03 | 50  0.14249  6.10786e-02 | 51 -0.17594  5.74500e-03
 52 -0.41136  2.48226e-02 |
52 variables; iteration 160; function evaluation 192; phase 3
Function value 2.3583834e+03; maximum gradient component mag 2.4426e-01
Var    Value     Gradient |Var    Value     Gradient |Var    Value     Gradient
  1  0.04166  3.40997e-02 |  2  0.00012  3.71625e-03 |  3  0.04230  7.33760e-03
  4 -0.01587  2.26582e-04 |  5 -0.13767 -3.08426e-04 |  6 -0.02273  1.33844e-03
  7 -0.11576 -3.81104e-04 |  8 -0.07336 -1.03655e-04 |  9  0.00562 -5.52346e-04
 10  0.10759 -1.11945e-03 | 11 -0.02413  8.54448e-04 | 12  0.01046  6.41399e-03
 13  0.03325  8.50089e-03 | 14  0.07552 -1.91580e-02 | 15  0.01090 -3.97589e-03
 16 -0.06278 -8.58398e-03 | 17 -0.01207 -4.61146e-03 | 18  0.04501 -5.96893e-04
 19  0.06271 -3.55709e-03 | 20 -0.02487  1.54072e-03 | 21 -0.12044 -2.23516e-03
 22 -0.03929  2.76005e-03 | 23  0.03799  1.00430e-02 | 24  0.01783  9.54637e-03
 25 -0.01439  9.15364e-03 | 26  0.08181  2.63837e-02 | 27  0.01774  7.66268e-03
 28  0.03647  4.80958e-03 | 29 -0.00003 -1.40630e-03 | 30  0.05746 -2.17515e-03
 31  0.02184 -3.87323e-03 | 32  0.10399 -6.28900e-03 | 33  0.03285 -5.38557e-03
 34 -0.01767 -9.24211e-03 | 35  0.02555 -6.98167e-03 | 36 -0.14834  1.96035e-03
 37  0.25565  2.30859e-02 | 38  0.24773 -3.76835e-02 | 39  0.25340  1.65505e-02
 40  0.22474  7.25019e-02 | 41 -0.42937 -4.81226e-02 | 42 -0.78566  1.32777e-01
 43  0.36908 -4.90957e-03 | 44 -0.34912 -5.97002e-03 | 45  0.06926 -2.48114e-02
 46 -0.67225  2.19774e-02 | 47  0.99993 -1.77811e-03 | 48 -0.67204  2.27951e-03
 49  0.19246  3.97737e-03 | 50  0.16867 -8.41553e-02 | 51 -0.18716  1.12537e-02
 52 -0.42496  2.44262e-01 |
52 variables; iteration 180; function evaluation 216; phase 3
Function value 2.3583834e+03; maximum gradient component mag 6.2519e-02
Var    Value     Gradient |Var    Value     Gradient |Var    Value     Gradient
  1  0.04166  3.19734e-02 |  2  0.00011 -1.18160e-03 |  3  0.04230 -1.61737e-03
  4 -0.01587 -5.87235e-04 |  5 -0.13767 -8.40755e-04 |  6 -0.02273 -6.32312e-04
  7 -0.11576 -7.53856e-04 |  8 -0.07336 -4.00285e-04 |  9  0.00562 -6.75357e-04
 10  0.10759 -8.27960e-04 | 11 -0.02413 -6.57818e-04 | 12  0.01046 -1.02481e-03
 13  0.03325 -6.37955e-04 | 14  0.07553  5.30011e-03 | 15  0.01090  8.05974e-04
 16 -0.06278  8.16929e-04 | 17 -0.01207 -2.73564e-04 | 18  0.04501  7.30210e-04
 19  0.06272  2.13145e-03 | 20 -0.02487 -7.45925e-04 | 21 -0.12044 -9.71922e-04
 22 -0.03929 -1.71534e-03 | 23  0.03799 -1.99038e-03 | 24  0.01783 -3.19354e-03
 25 -0.01439 -3.46271e-03 | 26  0.08181 -4.07906e-03 | 27  0.01774 -1.89520e-03
 28  0.03647 -1.02819e-03 | 29 -0.00003 -2.97564e-04 | 30  0.05746  1.84218e-03
 31  0.02184  6.62795e-04 | 32  0.10400  4.87900e-03 | 33  0.03285  2.98047e-03
 34 -0.01767  2.42811e-03 | 35  0.02556  2.70317e-03 | 36 -0.14834 -3.24503e-04
 37  0.25565  8.63127e-03 | 38  0.24773  1.19748e-02 | 39  0.25340 -7.52993e-04
 40  0.22474 -8.43616e-03 | 41 -0.46067 -2.07563e-02 | 42 -0.76610  3.34835e-02
 43  0.36908  6.68266e-04 | 44 -0.34912  1.62599e-03 | 45  0.06926  3.02227e-03
 46 -0.67225 -2.64806e-03 | 47  0.99995 -3.13719e-04 | 48 -0.67205  2.06287e-04
 49  0.20978 -1.60496e-03 | 50  0.18579 -2.97674e-02 | 51 -0.19644  3.05931e-03
 52 -0.43632  6.25195e-02 |
52 variables; iteration 200; function evaluation 239; phase 3
Function value 2.3583833e+03; maximum gradient component mag -6.1221e-02
Var    Value     Gradient |Var    Value     Gradient |Var    Value     Gradient
  1  0.04166 -6.12208e-02 |  2  0.00011  5.59059e-04 |  3  0.04230  2.59351e-04
  4 -0.01587  5.71491e-04 |  5 -0.13767  8.98428e-04 |  6 -0.02273  6.02412e-04
  7 -0.11576  1.01837e-03 |  8 -0.07336  8.01697e-04 |  9  0.00562  4.89782e-04
 10  0.10759 -5.14731e-04 | 11 -0.02413  4.08215e-04 | 12  0.01046 -2.55814e-05
 13  0.03325 -1.12247e-04 | 14  0.07553 -3.19518e-04 | 15  0.01090 -6.36998e-05
 16 -0.06278 -7.94118e-06 | 17 -0.01207 -5.18806e-04 | 18  0.04501  5.47529e-04
 19  0.06272  5.94995e-04 | 20 -0.02487  3.63314e-04 | 21 -0.12044  2.77617e-04
 22 -0.03929 -1.10177e-04 | 23  0.03799 -8.33159e-04 | 24  0.01783 -9.00126e-04
 25 -0.01439 -7.48147e-04 | 26  0.08181 -2.27329e-03 | 27  0.01774 -9.93039e-04
 28  0.03647 -1.02140e-03 | 29 -0.00003 -1.88219e-04 | 30  0.05746  5.45540e-04
 31  0.02184  3.72233e-04 | 32  0.10399  4.22837e-04 | 33  0.03285  2.31511e-04
 34 -0.01767  4.05019e-04 | 35  0.02556  7.86999e-04 | 36 -0.14834  1.25435e-03
 37  0.25565 -1.56849e-03 | 38  0.24773 -4.65063e-04 | 39  0.25340 -1.17911e-03
 40  0.22474 -5.01019e-03 | 41 -0.47553 -3.58699e-02 | 42 -0.75580  2.95405e-02
 43  0.36908  2.85473e-04 | 44 -0.34912  4.27809e-04 | 45  0.06926 -7.69239e-04
 46 -0.67225  4.35483e-04 | 47  0.99995 -7.06774e-04 | 48 -0.67204  4.34173e-04
 49  0.21780 -3.62997e-03 | 50  0.19372 -5.65417e-02 | 51 -0.20166  3.06413e-03
 52 -0.44276  5.24063e-02 |
52 variables; iteration 220; function evaluation 263; phase 3
Function value 2.3583833e+03; maximum gradient component mag -3.9810e-01
Var    Value     Gradient |Var    Value     Gradient |Var    Value     Gradient
  1  0.04166 -3.98097e-01 |  2  0.00011  3.63892e-03 |  3  0.04230  1.03016e-03
  4 -0.01587  3.43707e-03 |  5 -0.13767  5.39104e-03 |  6 -0.02273  2.97085e-03
  7 -0.11576  5.75861e-03 |  8 -0.07336  4.95987e-03 |  9  0.00562  2.80829e-03
 10  0.10759 -3.44156e-03 | 11 -0.02413  2.11486e-03 | 12  0.01046  3.06515e-04
 13  0.03325 -3.18151e-03 | 14  0.07553 -7.02009e-03 | 15  0.01090 -3.61506e-03
 16 -0.06278 -3.14912e-03 | 17 -0.01207 -3.37474e-03 | 18  0.04501  1.48695e-03
 19  0.06272  1.18477e-03 | 20 -0.02487  1.09221e-03 | 21 -0.12044  1.18490e-03
 22 -0.03929 -2.76783e-04 | 23  0.03799 -3.77187e-03 | 24  0.01783 -3.93812e-03
 25 -0.01439 -3.73754e-03 | 26  0.08181 -1.02087e-02 | 27  0.01774 -4.40622e-03
 28  0.03647 -5.18123e-03 | 29 -0.00003 -5.45555e-04 | 30  0.05746  1.53847e-03
 31  0.02184  1.51841e-03 | 32  0.10399  2.79344e-04 | 33  0.03285  3.37806e-04
 34 -0.01767  1.56949e-03 | 35  0.02556  5.88242e-03 | 36 -0.14834  7.57251e-03
 37  0.25565 -1.23443e-02 | 38  0.24773 -1.19422e-02 | 39  0.25340 -5.03270e-03
 40  0.22474 -1.07704e-02 | 41 -0.49639 -2.00485e-01 | 42 -0.73306  2.32687e-01
 43  0.36908  2.05753e-04 | 44 -0.34912  1.99485e-03 | 45  0.06926 -2.67559e-03
 46 -0.67225  1.51225e-03 | 47  0.99994 -9.20148e-04 | 48 -0.67204  6.76551e-04
 49  0.22883 -2.23095e-02 | 50  0.20460 -3.58205e-01 | 51 -0.21396  1.96502e-02
 52 -0.45809  3.18138e-01 |
52 variables; iteration 240; function evaluation 288; phase 3
Function value 2.3583832e+03; maximum gradient component mag -1.8331e-01
Var    Value     Gradient |Var    Value     Gradient |Var    Value     Gradient
  1  0.04166 -1.83313e-01 |  2  0.00011  1.75091e-03 |  3  0.04230  8.87154e-04
  4 -0.01587  1.57157e-03 |  5 -0.13767  2.55517e-03 |  6 -0.02273  1.50507e-03
  7 -0.11576  2.78708e-03 |  8 -0.07336  2.19525e-03 |  9  0.00562  1.32140e-03
 10  0.10759 -1.69854e-03 | 11 -0.02413  1.11130e-03 | 12  0.01046  1.18732e-04
 13  0.03325 -6.71021e-04 | 14  0.07553 -2.69160e-03 | 15  0.01090 -8.81736e-04
 16 -0.06278 -6.23282e-04 | 17 -0.01207 -1.50350e-03 | 18  0.04501  8.16069e-04
 19  0.06272  5.13368e-04 | 20 -0.02487  6.66552e-04 | 21 -0.12044  9.89887e-04
 22 -0.03929 -9.99754e-05 | 23  0.03799 -2.53496e-03 | 24  0.01783 -2.29368e-03
 25 -0.01439 -1.89264e-03 | 26  0.08181 -6.19623e-03 | 27  0.01774 -2.62851e-03
 28  0.03647 -3.01761e-03 | 29 -0.00003 -4.56628e-04 | 30  0.05746  4.95915e-04
 31  0.02184  8.15869e-04 | 32  0.10399  6.80114e-05 | 33  0.03285  3.46293e-04
 34 -0.01767  1.23945e-03 | 35  0.02556  2.65753e-03 | 36 -0.14834  3.31992e-03
 37  0.25565 -8.51409e-03 | 38  0.24773 -5.78139e-03 | 39  0.25340 -3.34175e-03
 40  0.22474 -9.98344e-03 | 41 -0.49241 -8.37262e-02 | 42 -0.70474  8.74833e-02
 43  0.36908 -8.86822e-05 | 44 -0.34912  1.68710e-03 | 45  0.06926 -1.95118e-03
 46 -0.67225  1.28578e-03 | 47  0.99994 -1.26447e-03 | 48 -0.67204  7.80729e-04
 49  0.22675 -8.58684e-03 | 50  0.20255 -1.44824e-01 | 51 -0.23087  6.04659e-03
 52 -0.47954  1.07899e-01 |
52 variables; iteration 260; function evaluation 314; phase 3
Function value 2.3583828e+03; maximum gradient component mag 1.6874e+00
Var    Value     Gradient |Var    Value     Gradient |Var    Value     Gradient
  1  0.04166  1.68744e+00 |  2  0.00011 -1.65125e-02 |  3  0.04230 -5.54669e-03
  4 -0.01587 -1.58803e-02 |  5 -0.13767 -2.35814e-02 |  6 -0.02273 -1.49566e-02
  7 -0.11576 -2.54092e-02 |  8 -0.07336 -2.18337e-02 |  9  0.00562 -1.56632e-02
 10  0.10759  8.48115e-03 | 11 -0.02413 -1.07572e-02 | 12  0.01046  4.73206e-04
 13  0.03325  1.12502e-02 | 14  0.07553  3.53191e-02 | 15  0.01090  7.80305e-03
 16 -0.06278 -4.27592e-03 | 17 -0.01207  1.60338e-03 | 18  0.04501  7.65732e-04
 19  0.06272  1.01770e-02 | 20 -0.02487 -7.56732e-03 | 21 -0.12044 -1.67566e-02
 22 -0.03929 -9.40852e-03 | 23  0.03799  1.37304e-02 | 24  0.01783  7.10627e-03
 25 -0.01439 -2.50275e-03 | 26  0.08181  4.70945e-02 | 27  0.01774  1.43266e-02
 28  0.03647  2.21058e-02 | 29 -0.00003 -1.99223e-03 | 30  0.05746  3.24834e-03
 31  0.02184 -7.24505e-03 | 32  0.10399  2.97757e-02 | 33  0.03285  1.36418e-02
 34 -0.01767 -2.34109e-04 | 35  0.02556 -5.61812e-03 | 36 -0.14834 -2.45260e-02
 37  0.25565  1.39604e-01 | 38  0.24773  8.37072e-02 | 39  0.25340  2.72718e-02
 40  0.22474  1.00363e-01 | 41 -0.42043  4.90563e-01 | 42 -0.66567 -9.50222e-02
 43  0.36908 -4.94669e-03 | 44 -0.34912 -2.17790e-03 | 45  0.06926  7.35043e-03
 46 -0.67225 -3.10954e-03 | 47  0.99996  2.80331e-04 | 48 -0.67205  4.37921e-04
 49  0.18742  7.86225e-02 | 50  0.16369  8.00501e-01 | 51 -0.25709 -2.71368e-02
 52 -0.51375 -7.80603e-02 |
52 variables; iteration 280; function evaluation 341; phase 3
Function value 2.3583826e+03; maximum gradient component mag 1.4073e+00
Var    Value     Gradient |Var    Value     Gradient |Var    Value     Gradient
  1  0.04166  1.40728e+00 |  2  0.00011 -1.36063e-02 |  3  0.04230 -4.37126e-03
  4 -0.01587 -1.30769e-02 |  5 -0.13767 -1.95219e-02 |  6 -0.02273 -1.21249e-02
  7 -0.11576 -2.09233e-02 |  8 -0.07336 -1.81195e-02 |  9  0.00562 -1.27121e-02
 10  0.10759  7.22072e-03 | 11 -0.02413 -8.71404e-03 | 12  0.01046  3.62126e-04
 13  0.03325  1.05924e-02 | 14  0.07553  2.90418e-02 | 15  0.01090  7.95760e-03
 16 -0.06278 -9.15118e-04 | 17 -0.01207  2.88776e-03 | 18  0.04501  5.73960e-05
 19  0.06272  6.94669e-03 | 20 -0.02487 -5.82832e-03 | 21 -0.12044 -1.23596e-02
 22 -0.03929 -6.51777e-03 | 23  0.03799  1.15093e-02 | 24  0.01783  6.81734e-03
 25 -0.01439 -3.23043e-05 | 26  0.08181  3.82467e-02 | 27  0.01774  1.22030e-02
 28  0.03647  1.79757e-02 | 29 -0.00003 -1.34062e-03 | 30  0.05746  1.73021e-03
 31  0.02184 -5.72704e-03 | 32  0.10399  2.14847e-02 | 33  0.03285  1.01133e-02
 34 -0.01767 -5.74124e-04 | 35  0.02556 -6.76352e-03 | 36 -0.14834 -2.13404e-02
 37  0.25565  1.05246e-01 | 38  0.24773  6.55724e-02 | 39  0.25340  2.17440e-02
 40  0.22474  7.55266e-02 | 41 -0.33469  5.10178e-01 | 42 -0.64093 -2.42410e-01
 43  0.36908 -3.64813e-03 | 44 -0.34912 -2.34374e-03 | 45  0.06926  5.59745e-03
 46 -0.67225 -2.04779e-03 | 47  0.99996  3.08001e-04 | 48 -0.67205  3.19500e-04
 49  0.13693  6.84992e-02 | 50  0.11364  7.79575e-01 | 51 -0.27551 -2.90640e-02
 52 -0.53859 -2.07737e-01 |
52 variables; iteration 300; function evaluation 367; phase 3
Function value 2.3583824e+03; maximum gradient component mag 5.6413e-01
Var    Value     Gradient |Var    Value     Gradient |Var    Value     Gradient
  1  0.04166  5.64134e-01 |  2  0.00011 -5.43208e-03 |  3  0.04230 -1.56763e-03
  4 -0.01587 -5.25819e-03 |  5 -0.13767 -7.73747e-03 |  6 -0.02273 -4.64889e-03
  7 -0.11576 -8.21478e-03 |  8 -0.07336 -7.27412e-03 |  9  0.00562 -4.93469e-03
 10  0.10759  2.78583e-03 | 11 -0.02413 -3.31085e-03 | 12  0.01046  1.35602e-04
 13  0.03325  5.42748e-03 | 14  0.07553  1.15624e-02 | 15  0.01090  4.50013e-03
 16 -0.06278  1.80631e-03 | 17 -0.01207  2.34987e-03 | 18  0.04501 -4.05593e-04
 19  0.06272  1.56251e-03 | 20 -0.02487 -1.93900e-03 | 21 -0.12044 -3.63350e-03
 22 -0.03929 -1.67970e-03 | 23  0.03799  4.26199e-03 | 24  0.01783  3.00254e-03
 25 -0.01439  1.17617e-03 | 26  0.08181  1.37034e-02 | 27  0.01774  4.74423e-03
 28  0.03647  6.63737e-03 | 29 -0.00003 -3.05354e-04 | 30  0.05746 -9.91354e-05
 31  0.02184 -1.97996e-03 | 32  0.10399  6.52560e-03 | 33  0.03285  3.32232e-03
 34 -0.01767 -1.28292e-04 | 35  0.02556 -4.19043e-03 | 36 -0.14834 -9.30713e-03
 37  0.25565  3.32500e-02 | 38  0.24773  2.30791e-02 | 39  0.25340  7.74299e-03
 40  0.22474  2.30232e-02 | 41 -0.25438  2.70085e-01 | 42 -0.62276 -2.33354e-01
 43  0.36908 -1.51236e-03 | 44 -0.34912 -5.11549e-04 | 45  0.06926  1.39961e-03
 46 -0.67225 -2.96151e-04 | 47  0.99995 -4.34696e-04 | 48 -0.67205  3.39820e-04
 49  0.08676  2.94626e-02 | 50  0.06376  3.97551e-01 | 51 -0.28995 -1.69826e-02
 52 -0.55863 -1.92174e-01 |
52 variables; iteration 320; function evaluation 393; phase 3
Function value 2.3583823e+03; maximum gradient component mag 6.5141e-01
Var    Value     Gradient |Var    Value     Gradient |Var    Value     Gradient
  1  0.04166  6.51407e-01 |  2  0.00011 -6.37084e-03 |  3  0.04230 -2.16635e-03
  4 -0.01587 -6.12997e-03 |  5 -0.13767 -9.03081e-03 |  6 -0.02273 -5.67630e-03
  7 -0.11576 -9.65596e-03 |  8 -0.07336 -8.39793e-03 |  9  0.00562 -5.91333e-03
 10  0.10759  3.20868e-03 | 11 -0.02413 -4.05380e-03 | 12  0.01046  1.81701e-04
 13  0.03325  4.93649e-03 | 14  0.07553  1.35679e-02 | 15  0.01090  3.77380e-03
 16 -0.06278 -3.37462e-04 | 17 -0.01207  1.34086e-03 | 18  0.04501  7.00302e-05
 19  0.06272  3.27661e-03 | 20 -0.02487 -2.66392e-03 | 21 -0.12044 -5.69735e-03
 22 -0.03929 -3.00897e-03 | 23  0.03799  5.34516e-03 | 24  0.01783  3.18607e-03
 25 -0.01439  3.92829e-05 | 26  0.08181  1.77182e-02 | 27  0.01774  5.66499e-03
 28  0.03647  8.36030e-03 | 29 -0.00003 -5.99139e-04 | 30  0.05746  8.31193e-04
 31  0.02184 -2.64653e-03 | 32  0.10399  9.92324e-03 | 33  0.03285  4.65873e-03
 34 -0.01767 -2.79696e-04 | 35  0.02556 -3.22200e-03 | 36 -0.14834 -9.89780e-03
 37  0.25565  4.85831e-02 | 38  0.24773  3.05737e-02 | 39  0.25340  1.00372e-02
 40  0.22474  3.45653e-02 | 41 -0.16981  2.65056e-01 | 42 -0.60637 -1.22751e-01
 43  0.36908 -1.64323e-03 | 44 -0.34912 -1.08906e-03 | 45  0.06926  2.65113e-03
 46 -0.67225 -9.57319e-04 | 47  0.99995  3.08592e-05 | 48 -0.67205  1.77812e-04
 49  0.03160  3.19169e-02 | 50  0.00875  3.69172e-01 | 51 -0.30366 -1.33031e-02
 52 -0.57815 -9.16254e-02 |
52 variables; iteration 340; function evaluation 419; phase 3
Function value 2.3583823e+03; maximum gradient component mag 6.0545e-02
Var    Value     Gradient |Var    Value     Gradient |Var    Value     Gradient
  1  0.04166  6.05449e-02 |  2  0.00011 -5.94761e-04 |  3  0.04230 -1.83840e-04
  4 -0.01587 -5.78414e-04 |  5 -0.13767 -8.34476e-04 |  6 -0.02273 -5.15473e-04
  7 -0.11576 -8.83022e-04 |  8 -0.07336 -7.84119e-04 |  9  0.00562 -5.47462e-04
 10  0.10759  2.65104e-04 | 11 -0.02413 -3.64514e-04 | 12  0.01046  2.42828e-05
 13  0.03325  5.66453e-04 | 14  0.07553  1.27536e-03 | 15  0.01090  4.52149e-04
 16 -0.06278  1.14115e-04 | 17 -0.01207  1.85347e-04 | 18  0.04501 -4.75740e-06
 19  0.06272  2.49907e-04 | 20 -0.02487 -2.20476e-04 | 21 -0.12044 -4.46365e-04
 22 -0.03929 -2.29414e-04 | 23  0.03799  4.58110e-04 | 24  0.01783  2.86476e-04
 25 -0.01439  5.55315e-05 | 26  0.08181  1.50695e-03 | 27  0.01774  5.00509e-04
 28  0.03647  7.26564e-04 | 29 -0.00003 -5.15805e-05 | 30  0.05746  3.99570e-05
 31  0.02184 -2.20208e-04 | 32  0.10399  8.32735e-04 | 33  0.03285  4.14614e-04
 34 -0.01767  9.76511e-07 | 35  0.02556 -3.84087e-04 | 36 -0.14834 -9.63714e-04
 37  0.25565  3.98483e-03 | 38  0.24773  2.65025e-03 | 39  0.25340  8.64478e-04
 40  0.22474  2.70508e-03 | 41 -0.11429  2.81447e-02 | 42 -0.59676 -1.88057e-02
 43  0.36908 -1.72306e-04 | 44 -0.34912 -3.53615e-05 | 45  0.06926  1.43090e-04
 46 -0.67225 -1.51633e-05 | 47  0.99995 -6.17770e-05 | 48 -0.67205  5.29981e-05
 49 -0.00563  3.06784e-03 | 50 -0.02848  3.91736e-02 | 51 -0.31200 -1.59217e-03
 52 -0.59031 -1.54664e-02 |
52 variables; iteration 360; function evaluation 445; phase 3
Function value 2.3583823e+03; maximum gradient component mag -2.7728e-01
Var    Value     Gradient |Var    Value     Gradient |Var    Value     Gradient
  1  0.04166 -2.77279e-01 |  2  0.00011  2.74414e-03 |  3  0.04230  3.63875e-04
  4 -0.01587  2.94293e-03 |  5 -0.13767  4.06314e-03 |  6 -0.02273  2.16436e-03
  7 -0.11576  4.40876e-03 |  8 -0.07336  3.51169e-03 |  9  0.00562  2.39990e-03
 10  0.10759 -1.82353e-03 | 11 -0.02413  1.60387e-03 | 12  0.01046 -2.03952e-04
 13  0.03325 -2.88146e-03 | 14  0.07553 -5.48630e-03 | 15  0.01090 -2.16814e-03
 16 -0.06278 -1.06558e-03 | 17 -0.01207 -6.52246e-04 | 18  0.04501  2.77233e-04
 19  0.06272 -8.36954e-04 | 20 -0.02487  1.23028e-03 | 21 -0.12044  2.03683e-03
 22 -0.03929  9.09229e-04 | 23  0.03799 -2.44648e-03 | 24  0.01783 -1.15017e-03
 25 -0.01439 -3.56524e-04 | 26  0.08181 -5.90901e-03 | 27  0.01774 -2.44608e-03
 28  0.03647 -3.54541e-03 | 29 -0.00003  2.00128e-04 | 30  0.05746 -1.89288e-04
 31  0.02184  9.60133e-04 | 32  0.10399 -3.12817e-03 | 33  0.03285 -9.82427e-04
 34 -0.01767  7.08917e-04 | 35  0.02556  4.09435e-03 | 36 -0.14834  4.77142e-03
 37  0.25565 -1.67386e-02 | 38  0.24773 -9.32763e-03 | 39  0.25340 -4.43231e-03
 40  0.22474 -1.13470e-02 | 41 -0.13308 -1.45651e-01 | 42 -0.60488  1.26217e-01
 43  0.36908  8.42187e-04 | 44 -0.34912 -3.17799e-04 | 45  0.06926  3.02302e-04
 46 -0.67225 -6.88641e-04 | 47  0.99995  1.00429e-04 | 48 -0.67205 -2.97931e-04
 49  0.00704 -1.58655e-02 | 50 -0.01580 -1.99694e-01 | 51 -0.30493  9.47200e-03
 52 -0.57999  9.31602e-02 |
52 variables; iteration 380; function evaluation 468; phase 3
Function value 2.3583822e+03; maximum gradient component mag 4.5103e-01
Var    Value     Gradient |Var    Value     Gradient |Var    Value     Gradient
  1  0.04166  4.51028e-01 |  2  0.00011 -4.38484e-03 |  3  0.04230 -1.96543e-03
  4 -0.01587 -4.13550e-03 |  5 -0.13767 -6.12647e-03 |  6 -0.02273 -4.17142e-03
  7 -0.11576 -6.47003e-03 |  8 -0.07336 -5.80924e-03 |  9  0.00562 -4.04606e-03
 10  0.10759  2.33070e-03 | 11 -0.02413 -2.79025e-03 | 12  0.01046  2.11092e-04
 13  0.03325  2.77087e-03 | 14  0.07553  9.87463e-03 | 15  0.01090  1.98840e-03
 16 -0.06278 -1.60677e-03 | 17 -0.01207  1.66529e-04 | 18  0.04501  5.27619e-04
 19  0.06272  3.19673e-03 | 20 -0.02487 -1.78301e-03 | 21 -0.12044 -4.72713e-03
 22 -0.03929 -2.69198e-03 | 23  0.03799  3.67041e-03 | 24  0.01783  2.35186e-03
 25 -0.01439 -3.16328e-04 | 26  0.08181  1.38668e-02 | 27  0.01774  4.03390e-03
 28  0.03647  6.22196e-03 | 29 -0.00003 -4.72627e-04 | 30  0.05746  1.02810e-03
 31  0.02184 -2.19227e-03 | 32  0.10399  7.87554e-03 | 33  0.03285  3.65168e-03
 34 -0.01767 -3.48358e-04 | 35  0.02556 -1.13334e-03 | 36 -0.14834 -6.35396e-03
 37  0.25565  4.04798e-02 | 38  0.24773  2.47198e-02 | 39  0.25340  7.03142e-03
 40  0.22474  2.60204e-02 | 41 -0.09087  1.50179e-01 | 42 -0.62289  1.14204e-02
 43  0.36908 -1.24196e-03 | 44 -0.34912 -1.13422e-03 | 45  0.06926  2.60286e-03
 46 -0.67225 -1.18944e-03 | 47  0.99995  1.36882e-05 | 48 -0.67205  1.22731e-04
 49 -0.02152  2.04935e-02 | 50 -0.04439  2.00031e-01 | 51 -0.28984 -6.16338e-03
 52 -0.55847  1.35485e-02 |
52 variables; iteration 400; function evaluation 489; phase 3
Function value 2.3583822e+03; maximum gradient component mag -2.4357e-02
Var    Value     Gradient |Var    Value     Gradient |Var    Value     Gradient
  1  0.04166 -2.43572e-02 |  2  0.00011  2.62807e-04 |  3  0.04230  1.03174e-04
  4 -0.01587  2.69360e-04 |  5 -0.13767  3.66448e-04 |  6 -0.02273  2.56322e-04
  7 -0.11576  3.74660e-04 |  8 -0.07336  3.09495e-04 |  9  0.00562  2.29282e-04
 10  0.10759 -1.19326e-04 | 11 -0.02413  1.77581e-04 | 12  0.01046  6.78343e-05
 13  0.03325 -7.97618e-05 | 14  0.07553 -5.66306e-04 | 15  0.01090 -1.39527e-04
 16 -0.06278 -7.55999e-06 | 17 -0.01207 -3.50120e-05 | 18  0.04501 -4.34655e-06
 19  0.06272 -1.53598e-04 | 20 -0.02487  1.26400e-04 | 21 -0.12044  2.20141e-04
 22 -0.03929  1.27374e-04 | 23  0.03799 -2.09958e-04 | 24  0.01783 -1.06360e-04
 25 -0.01439 -2.21687e-05 | 26  0.08181 -6.89294e-04 | 27  0.01774 -2.28433e-04
 28  0.03647 -3.36915e-04 | 29 -0.00003  1.40369e-05 | 30  0.05746 -2.77783e-05
 31  0.02184  1.14107e-04 | 32  0.10399 -3.21645e-04 | 33  0.03285 -1.27117e-04
 34 -0.01767  3.15444e-05 | 35  0.02556  1.59037e-04 | 36 -0.14834  3.88328e-04
 37  0.25565 -1.84869e-03 | 38  0.24773 -1.31044e-03 | 39  0.25340 -4.21054e-04
 40  0.22474 -1.11398e-03 | 41 -0.05661 -1.01793e-02 | 42 -0.62795  5.13205e-03
 43  0.36908  2.24943e-05 | 44 -0.34912  7.05393e-05 | 45  0.06926 -2.52381e-04
 46 -0.67225  1.11509e-04 | 47  0.99995 -6.43750e-06 | 48 -0.67205  1.74464e-05
 49 -0.04495 -1.07115e-03 | 50 -0.06788 -1.38639e-02 | 51 -0.28575  4.31363e-04
 52 -0.55274  3.71223e-03 |
52 variables; iteration 420; function evaluation 513; phase 3
Function value 2.3583822e+03; maximum gradient component mag 1.9294e-02
Var    Value     Gradient |Var    Value     Gradient |Var    Value     Gradient
  1  0.04166 -4.88808e-03 |  2  0.00011  6.37016e-05 |  3  0.04230  7.79567e-05
  4 -0.01587  7.18520e-05 |  5 -0.13767  6.50632e-05 |  6 -0.02273  7.98454e-05
  7 -0.11576  4.39580e-05 |  8 -0.07336  6.38919e-05 |  9  0.00562 -3.06590e-06
 10  0.10759 -9.94197e-05 | 11 -0.02413  1.00040e-05 | 12  0.01046  3.85016e-05
 13  0.03325 -1.34738e-04 | 14  0.07553 -1.55091e-04 | 15  0.01090 -1.90000e-04
 16 -0.06278 -2.77149e-04 | 17 -0.01207 -1.56513e-04 | 18  0.04501  7.07876e-05
 19  0.06272  1.50726e-04 | 20 -0.02487 -3.67550e-05 | 21 -0.12044 -1.32939e-04
 22 -0.03929 -1.01269e-04 | 23  0.03799  2.32082e-05 | 24  0.01783 -1.24263e-04
 25 -0.01439 -2.37808e-04 | 26  0.08181  1.08947e-06 | 27  0.01774 -6.91079e-05
 28  0.03647 -6.21165e-05 | 29 -0.00003 -7.69550e-05 | 30  0.05746  1.53694e-04
 31  0.02184  2.14130e-05 | 32  0.10399  3.80803e-04 | 33  0.03285  1.80688e-04
 34 -0.01767  7.05225e-05 | 35  0.02556  3.59166e-04 | 36 -0.14834  2.17778e-04
 37  0.25565  7.25376e-04 | 38  0.24773  1.22271e-04 | 39  0.25340  1.13330e-04
 40  0.22474  1.07771e-03 | 41 -0.07048 -1.04058e-02 | 42 -0.63543  1.92938e-02
 43  0.36908  1.07277e-04 | 44 -0.34912 -9.60220e-05 | 45  0.06926 -1.12529e-04
 46 -0.67225  7.16441e-05 | 47  0.99995 -5.74365e-07 | 48 -0.67205  1.11032e-05
 49 -0.03544 -3.82213e-04 | 50 -0.05834 -1.47382e-02 | 51 -0.27980  7.53739e-04
 52 -0.54450  1.70584e-02 |
52 variables; iteration 440; function evaluation 534; phase 3
Function value 2.3583822e+03; maximum gradient component mag -1.7256e-02
Var    Value     Gradient |Var    Value     Gradient |Var    Value     Gradient
  1  0.04166 -1.72559e-02 |  2  0.00011  2.79632e-04 |  3  0.04230  2.64611e-04
  4 -0.01587  3.72202e-04 |  5 -0.13767  4.74516e-04 |  6 -0.02273  4.02397e-04
  7 -0.11576  3.53438e-04 |  8 -0.07336  1.34729e-04 |  9  0.00562 -2.85655e-04
 10  0.10759 -1.54784e-03 | 11 -0.02413  2.72636e-05 | 12  0.01046  5.36753e-04
 13  0.03325  5.59466e-04 | 14  0.07553 -1.43395e-03 | 15  0.01090 -1.78250e-04
 16 -0.06278 -1.02144e-04 | 17 -0.01207  6.67653e-04 | 18  0.04501 -4.09235e-05
 19  0.06272 -4.25773e-04 | 20 -0.02487  1.56412e-04 | 21 -0.12044  3.20338e-04
 22 -0.03929  3.06465e-04 | 23  0.03799 -1.26385e-04 | 24  0.01783 -4.20726e-04
 25 -0.01439 -7.78502e-04 | 26  0.08181 -9.91483e-04 | 27  0.01774 -5.20745e-04
 28  0.03647 -9.33392e-04 | 29 -0.00003 -2.58547e-04 | 30  0.05746  1.56336e-04
 31  0.02184  5.76012e-04 | 32  0.10399  1.70298e-03 | 33  0.03285  1.52222e-03
 34 -0.01767  1.30367e-03 | 35  0.02556  2.43214e-03 | 36 -0.14834  5.70460e-04
 37  0.25565 -2.75394e-03 | 38  0.24773 -2.28410e-03 | 39  0.25340 -3.84472e-04
 40  0.22474  4.05596e-03 | 41 -0.06587 -8.74109e-03 | 42 -0.63867  3.01566e-03
 43  0.36908  2.71354e-04 | 44 -0.34912 -1.16861e-04 | 45  0.06926 -1.48404e-03
 46 -0.67225  8.66597e-04 | 47  0.99995  8.43926e-06 | 48 -0.67205  4.77794e-05
 49 -0.03860 -1.56545e-03 | 50 -0.06152 -1.11819e-02 | 51 -0.27727  1.05686e-03
 52 -0.54101  2.02271e-03 |
Warning: the following parameters had issues
  selparm[7] is within 0.1% of upper bound: -3.00000e+00 < 1.50000e+01 < 1.50000e+01


 - final statistics:
52 variables; iteration 449; function evaluation 543
Function value 2.3584e+03; maximum gradient component mag 9.9170e-05
Exit code = 1;  converg criter 1.0000e-04
Var    Value     Gradient |Var    Value     Gradient |Var    Value     Gradient
  1  0.04166  9.91697e-05 |  2  0.00011 -2.99841e-06 |  3  0.04230 -2.72421e-06
  4 -0.01587 -5.94463e-06 |  5 -0.13767 -5.15217e-06 |  6 -0.02273 -8.11584e-06
  7 -0.11576 -2.13264e-06 |  8 -0.07336 -4.86846e-07 |  9  0.00562  2.29427e-06
 10  0.10759  1.27676e-05 | 11 -0.02413 -1.16875e-06 | 12  0.01046 -9.05860e-06
 13  0.03325 -1.20798e-05 | 14  0.07553  1.45034e-05 | 15  0.01090  4.21501e-07
 16 -0.06278 -1.08145e-06 | 17 -0.01207 -8.45762e-06 | 18  0.04501  1.69096e-06
 19  0.06272  6.78399e-06 | 20 -0.02487 -2.01319e-06 | 21 -0.12044 -3.65491e-06
 22 -0.03929 -4.32732e-06 | 23  0.03799 -4.42173e-07 | 24  0.01783  2.18151e-06
 25 -0.01439  7.42331e-06 | 26  0.08181  1.25000e-05 | 27  0.01774  5.67019e-06
 28  0.03647  1.02478e-05 | 29 -0.00003  2.96643e-06 | 30  0.05746 -3.40994e-06
 31  0.02184 -7.10089e-06 | 32  0.10399 -1.67100e-05 | 33  0.03285 -1.46631e-05
 34 -0.01767 -1.19567e-05 | 35  0.02556 -2.20446e-05 | 36 -0.14834 -5.06530e-06
 37  0.25565  3.77489e-05 | 38  0.24773  2.59556e-05 | 39  0.25340  3.24683e-06
 40  0.22474 -4.76996e-05 | 41 -0.06726  1.16336e-05 | 42 -0.63925  8.74367e-05
 43  0.36908 -7.82168e-06 | 44 -0.34912  5.63143e-06 | 45  0.06926  2.27863e-05
 46 -0.67225 -9.52643e-06 | 47  0.99995  2.29019e-07 | 48 -0.67205 -1.52942e-06
 49 -0.03765  9.78887e-06 | 50 -0.06056  7.06464e-06 | 51 -0.27682 -3.54362e-06
 52 -0.54039  8.44530e-05 |
Estimating row 1 out of 52 for hessian
Estimating row 2 out of 52 for hessian
Estimating row 3 out of 52 for hessian
Estimating row 4 out of 52 for hessian
Estimating row 5 out of 52 for hessian
Estimating row 6 out of 52 for hessian
Estimating row 7 out of 52 for hessian
Estimating row 8 out of 52 for hessian
Estimating row 9 out of 52 for hessian
Estimating row 10 out of 52 for hessian
Estimating row 11 out of 52 for hessian
Estimating row 12 out of 52 for hessian
Estimating row 13 out of 52 for hessian
Estimating row 14 out of 52 for hessian
Estimating row 15 out of 52 for hessian
Estimating row 16 out of 52 for hessian
Estimating row 17 out of 52 for hessian
Estimating row 18 out of 52 for hessian
Estimating row 19 out of 52 for hessian
Estimating row 20 out of 52 for hessian
Estimating row 21 out of 52 for hessian
Estimating row 22 out of 52 for hessian
Estimating row 23 out of 52 for hessian
Estimating row 24 out of 52 for hessian
Estimating row 25 out of 52 for hessian
Estimating row 26 out of 52 for hessian
Estimating row 27 out of 52 for hessian
Estimating row 28 out of 52 for hessian
Estimating row 29 out of 52 for hessian
Estimating row 30 out of 52 for hessian
Estimating row 31 out of 52 for hessian
Estimating row 32 out of 52 for hessian
Estimating row 33 out of 52 for hessian
Estimating row 34 out of 52 for hessian
Estimating row 35 out of 52 for hessian
Estimating row 36 out of 52 for hessian
Estimating row 37 out of 52 for hessian
Estimating row 38 out of 52 for hessian
Estimating row 39 out of 52 for hessian
Estimating row 40 out of 52 for hessian
Estimating row 41 out of 52 for hessian
Estimating row 42 out of 52 for hessian
Estimating row 43 out of 52 for hessian
Estimating row 44 out of 52 for hessian
Estimating row 45 out of 52 for hessian
Estimating row 46 out of 52 for hessian
Estimating row 47 out of 52 for hessian
Estimating row 48 out of 52 for hessian
Estimating row 49 out of 52 for hessian
Estimating row 50 out of 52 for hessian
Estimating row 51 out of 52 for hessian
Estimating row 52 out of 52 for hessian
size of file gradfil1.tmp = 0
size of file gradfil2.tmp = 0
size of file varssave.tmp = 0
size of file cmpdiff.tmp = 0
