
Initial statistics: 36 variables; iteration 0; function evaluation 0; phase 1
Function value 1.2366605e+04; maximum gradient component mag -3.2441e+04
Var    Value     Gradient |Var    Value     Gradient |Var    Value     Gradient
  1  0.03412 -3.24405e+04 |  2  0.04489  4.94786e+02 |  3  0.04031  3.78747e+02
  4 -0.03460  3.91745e+02 |  5 -0.16013  4.39159e+02 |  6 -0.02626  4.13168e+02
  7 -0.13379  4.26837e+02 |  8 -0.03553  4.55071e+02 |  9 -0.02758  2.41313e+02
 10  0.13190 -3.78970e+02 | 11  0.02127  7.43839e+01 | 12  0.04597 -3.85223e+02
 13  0.04266 -8.36471e+02 | 14  0.04328 -1.23015e+03 | 15  0.04519 -9.77138e+02
 16 -0.05424 -1.09896e+03 | 17 -0.05111 -7.28195e+02 | 18  0.07882 -1.73816e+03
 19 -0.00228 -1.03927e+03 | 20 -0.08597 -4.54333e+02 | 21 -0.15014 -4.30910e+01
 22 -0.02135 -8.33546e+02 | 23  0.01578 -8.34061e+02 | 24  0.02571 -6.78024e+02
 25 -0.06504 -1.49742e+02 | 26  0.10717 -1.37062e+03 | 27  0.03745  8.17259e+02
 28  0.05136  4.93712e+02 | 29 -0.05180  7.73245e+02 | 30  0.04395 -4.39107e+02
 31 -0.00718  1.14326e+03 | 32  0.07534  5.86679e+02 | 33 -0.00930  1.09692e+03
 34  0.02359  1.35301e+03 | 35  0.00098  1.30207e+03 | 36  0.03821  2.35524e+03

Intermediate statistics: 36 variables; iteration 20; function evaluation 30; phase 1
Function value 1.0133211e+04; maximum gradient component mag 1.3732e+03
Var    Value     Gradient |Var    Value     Gradient |Var    Value     Gradient
  1  0.03359  1.37318e+03 |  2 -0.03925  7.44358e+01 |  3  0.07722  1.20440e+02
  4 -0.00055  1.34175e+02 |  5 -0.13093  1.58546e+02 |  6  0.00261  1.51850e+02
  7 -0.11096  1.47008e+02 |  8 -0.07117  1.35424e+02 |  9  0.05470  1.32278e+02
 10  0.25267  9.52470e+01 | 11  0.13697  1.58068e+02 | 12  0.23163  1.95698e+02
 13  0.23778  1.87017e+02 | 14  0.29153  1.62983e+02 | 15 -1.26471 -8.45116e+00
 16  0.27215  1.99170e+02 | 17  0.16840  1.12094e+02 | 18  0.23214 -1.28361e+02
 19  0.26293  1.14697e+02 | 20  0.08838  1.16474e+02 | 21  0.08973  1.60035e+02
 22  0.06238  3.94454e+01 | 23  0.06860  1.04252e+02 | 24  0.06841  8.09321e+00
 25  0.26511  4.55193e+01 | 26  0.27532 -1.43403e+02 | 27 -0.18623  1.87510e+02
 28 -0.37655  1.94924e+01 | 29 -0.45100 -7.93055e+00 | 30  0.12784  5.79073e+01
 31 -0.41216  2.08803e+02 | 32  0.32407  1.10554e+03 | 33  0.01557  6.38349e+02
 34 -0.17354  6.42628e+02 | 35 -0.34572  3.36688e+02 | 36 -0.70160  1.91063e+02
36 variables; iteration 40; function evaluation 63; phase 1
Function value 9.9850560e+03; maximum gradient component mag -4.5637e+02
Var    Value     Gradient |Var    Value     Gradient |Var    Value     Gradient
  1  0.03518 -4.56374e+02 |  2 -0.00533  7.13337e+01 |  3  0.06068  4.56473e+01
  4  0.02623  1.07109e+02 |  5 -0.08187  1.43787e+02 |  6  0.02406  9.05763e+01
  7 -0.06682  1.08465e+02 |  8 -0.02921  9.71352e+01 |  9  0.07280  8.08907e+01
 10  0.28191  1.36921e+02 | 11  0.15142  1.21829e+02 | 12  0.19490  7.07128e+01
 13  0.21190  1.01372e+02 | 14  0.26907  1.36123e+02 | 15 -1.55269  5.30449e+01
 16  0.24256  3.78618e+01 | 17  0.20097  1.38698e+02 | 18  0.35067  2.41097e+02
 19  0.27329  8.34286e+01 | 20  0.09076  6.00185e+01 | 21  0.05431  9.72137e+00
 22  0.02522 -1.22066e+02 | 23 -0.05120 -1.47686e+02 | 24  0.07349 -3.73494e+01
 25  0.29784  5.39167e+01 | 26  0.25718 -3.42094e+01 | 27 -0.26756  3.86877e+01
 28 -0.33055  1.66422e+01 | 29 -0.36185  8.73043e+01 | 30  0.16002  2.54212e+02
 31 -0.41483  1.34669e+02 | 32  0.33031  3.63445e+02 | 33 -0.09054  2.14268e+02
 34 -0.49228  1.63361e+02 | 35 -0.35934  1.66049e+02 | 36 -0.90290  3.52569e+01
36 variables; iteration 60; function evaluation 85; phase 1
Function value 9.8073732e+03; maximum gradient component mag -5.1754e+02
Var    Value     Gradient |Var    Value     Gradient |Var    Value     Gradient
  1  0.04506 -5.17536e+02 |  2 -0.00352 -1.58685e+01 |  3  0.05638 -2.28136e+01
  4  0.00056 -9.13273e+00 |  5 -0.12833 -5.80374e+00 |  6  0.01037 -8.71366e+00
  7 -0.08521 -4.86847e+00 |  8 -0.03997 -6.42259e+00 |  9  0.07119 -7.13040e+00
 10  0.23577 -1.10549e+01 | 11  0.10723 -1.06353e+01 | 12  0.17735 -1.42796e+01
 13  0.18944 -1.73406e+01 | 14  0.21194 -2.63223e+01 | 15 -2.14374 -1.52359e+01
 16  0.21461 -1.50585e+01 | 17  0.15823 -2.00541e+01 | 18  0.28129 -3.04305e+01
 19  0.25116 -2.17033e+01 | 20  0.08482 -1.66543e+01 | 21  0.07531 -1.38073e+01
 22  0.07730 -4.58799e+01 | 23  0.05147 -4.77128e+01 | 24  0.15585 -2.60932e+01
 25  0.24414  3.48266e+00 | 26  0.23979  1.04046e+01 | 27 -0.27734 -2.00121e+01
 28 -0.31651 -2.22822e+01 | 29 -0.39787 -1.05661e+01 | 30  0.10653 -4.99773e+00
 31 -0.50725 -2.32432e+00 | 32  0.30909  1.55408e+01 | 33 -0.15193  1.23687e+01
 34 -0.64610  1.49822e+01 | 35 -0.45040 -1.28793e+00 | 36 -0.96252  9.30413e+00

 - final statistics:
36 variables; iteration 74; function evaluation 99
Function value 9.8039e+03; maximum gradient component mag -5.5802e+00
Exit code = 1;  converg criter 1.0000e+01
Var    Value     Gradient |Var    Value     Gradient |Var    Value     Gradient
  1  0.04881 -5.37310e+00 |  2  0.00025 -3.72848e-01 |  3  0.06083 -2.43376e-01
  4  0.00709 -4.41593e-01 |  5 -0.11939 -5.03496e-01 |  6  0.01731 -4.54950e-01
  7 -0.07622 -5.55737e-01 |  8 -0.03290 -5.39306e-01 |  9  0.07383 -4.42681e-01
 10  0.23418 -1.51559e-01 | 11  0.10882 -4.19535e-01 | 12  0.17850 -2.11468e-01
 13  0.19032  1.62370e-01 | 14  0.21485  1.46895e-01 | 15 -2.13364  3.87560e-01
 16  0.21446  2.09686e-01 | 17  0.16188 -3.00553e-01 | 18  0.28522 -3.87510e-01
 19  0.25537 -4.49290e-01 | 20  0.08828 -5.62140e-01 | 21  0.08187 -5.30845e-01
 22  0.09225 -7.97978e-01 | 23  0.07082 -8.35937e-01 | 24  0.16687 -8.44764e-01
 25  0.23685 -9.85294e-01 | 26  0.22860 -5.58022e+00 | 27 -0.27971 -1.08852e+00
 28 -0.31062 -9.93073e-01 | 29 -0.40252 -4.92521e-01 | 30  0.09946 -3.85207e-01
 31 -0.51764 -5.07537e-01 | 32  0.30101  4.56277e-01 | 33 -0.16725 -6.13278e-03
 34 -0.74578  6.40169e-02 | 35 -0.44704 -5.60657e-01 | 36 -1.00209 -5.75210e-01

Initial statistics: 46 variables; iteration 0; function evaluation 0; phase 2
Function value 9.8038899e+03; maximum gradient component mag 2.6874e+04
Var    Value     Gradient |Var    Value     Gradient |Var    Value     Gradient
  1  0.04881 -7.95027e+00 |  2  0.00012 -4.53191e+00 |  3  0.06070 -4.38478e+00
  4  0.00696 -4.59290e+00 |  5 -0.11952 -4.57914e+00 |  6  0.01718 -4.60499e+00
  7 -0.07635 -4.67385e+00 |  8 -0.03302 -4.68354e+00 |  9  0.07371 -4.56746e+00
 10  0.23405 -4.03626e+00 | 11  0.10869 -4.51243e+00 | 12  0.17837 -4.20682e+00
 13  0.19019 -3.81368e+00 | 14  0.21472 -3.77783e+00 | 15  0.13351 -4.44904e+00
 16  0.21433 -3.72076e+00 | 17  0.16175 -4.32449e+00 | 18  0.28508 -4.14579e+00
 19  0.25523 -4.28336e+00 | 20  0.08815 -4.68265e+00 | 21  0.08174 -4.65188e+00
 22  0.09212 -4.91598e+00 | 23  0.07069 -4.97437e+00 | 24  0.16674 -4.88988e+00
 25  0.23671 -5.00320e+00 | 26  0.22846 -9.87460e+00 | 27 -0.27985 -4.87236e+00
 28 -0.31076 -4.70037e+00 | 29 -0.40268 -3.86568e+00 | 30  0.09933 -4.57269e+00
 31 -0.51783 -3.36345e+00 | 32  0.30087 -3.86907e+00 | 33 -0.16738 -4.07334e+00
 34 -0.74611 -1.55041e+00 | 35 -0.44720 -3.74349e+00 | 36 -0.98727  3.43860e+00
 37  0.18957 -8.79996e+03 | 38  0.25894 -4.21832e+03 | 39  0.21623  4.13966e+02
 40  0.48987  2.68742e+04 | 41 -0.01928 -4.91938e+01 | 42 -0.40207  7.82458e+02
 43 -0.00412 -6.85565e+01 | 44 -0.04268 -3.02279e+00 | 45 -0.21346  1.14075e+02
 46 -0.32797  5.37647e+02 |

Intermediate statistics: 46 variables; iteration 20; function evaluation 40; phase 2
Function value 5.7498477e+03; maximum gradient component mag 1.2210e+04
Var    Value     Gradient |Var    Value     Gradient |Var    Value     Gradient
  1  0.23700  3.42370e+03 |  2  0.10041  2.25531e+02 |  3  0.19162  2.23169e+02
  4  0.16123  1.57122e+02 |  5  0.09180  2.44493e+02 |  6  0.17901  2.48685e+02
  7  0.07100  2.10113e+02 |  8  0.03516  1.76521e+02 |  9 -0.00604  1.18960e+02
 10  0.08590  1.45313e+02 | 11 -0.07916  8.27836e+01 | 12 -0.00985  9.37315e+01
 13  0.00757  1.54393e+02 | 14 -0.00452  2.91374e+01 | 15 -0.07880  6.67837e+01
 16  0.07333  8.51759e+01 | 17  0.01214  7.21579e+01 | 18  0.16230  1.67817e+02
 19  0.09294  3.83532e+01 | 20 -0.05065  8.98438e+01 | 21 -0.09620  8.53818e+01
 22 -0.05400  1.04055e+02 | 23 -0.05850  1.50914e+02 | 24 -0.08237  5.53990e+01
 25 -0.05807  8.74711e+01 | 26  0.09834  4.88938e+02 | 27 -0.12974  1.51610e+02
 28 -0.14159  2.02060e+01 | 29 -0.03564  3.87694e+02 | 30  0.06173  2.97362e+02
 31  0.02557  7.28790e+02 | 32  0.10188  6.51726e+02 | 33  0.01049  4.68757e+02
 34 -0.09232  3.38372e+02 | 35  0.03362  5.18241e+02 | 36 -0.43406  1.22860e+02
 37  0.14220 -2.97942e+03 | 38  0.18758 -5.37173e+02 | 39  0.12448 -1.28683e+03
 40  0.23177  1.22097e+04 | 41  0.63533  2.34754e+02 | 42 -0.89045 -2.44750e+02
 43 -0.63684  4.29928e+02 | 44 -0.62282 -9.28048e+01 | 45 -0.32480 -9.08227e+02
 46 -0.41502 -3.82829e+01 |
46 variables; iteration 40; function evaluation 71; phase 2
Function value 5.2593406e+03; maximum gradient component mag 6.2475e+02
Var    Value     Gradient |Var    Value     Gradient |Var    Value     Gradient
  1  0.24936  3.62087e+02 |  2 -0.00662  9.13658e+01 |  3  0.06481  1.17252e+02
  4  0.06623  1.65430e+02 |  5 -0.05502  1.21918e+02 |  6  0.03730  8.40410e+01
  7 -0.01448  1.64036e+02 |  8 -0.02319  1.24427e+02 |  9  0.02836  1.95087e+02
 10  0.05791  4.25822e+01 | 11 -0.06184  6.94959e+01 | 12  0.00569  1.15888e+02
 13 -0.01505  7.36124e+01 | 14  0.04895  1.21524e+02 | 15 -0.03181  7.37551e+01
 16  0.05732  1.75012e-01 | 17  0.03794  1.26214e+02 | 18  0.15910  1.47563e+02
 19  0.11222  8.89707e+01 | 20 -0.04373  6.56897e+01 | 21 -0.08006  4.91591e+01
 22 -0.00273  1.75776e+02 | 23 -0.03365  1.26070e+02 | 24  0.03071  1.99793e+02
 25  0.02591  1.66627e+02 | 26  0.04998  2.43242e+02 | 27 -0.03893  8.79645e+01
 28 -0.00303  1.39932e+02 | 29 -0.01447  4.69496e+01 | 30 -0.01735  6.90220e+01
 31 -0.01243  1.86587e+02 | 32  0.10141  2.27823e+02 | 33  0.02201  8.82829e+01
 34 -0.01614  1.07632e+02 | 35  0.13183  9.14575e+01 | 36 -0.49982 -9.49803e+00
 37  0.14235  6.24755e+02 | 38  0.18346  1.70646e+02 | 39  0.13468 -1.63692e+02
 40  0.16627  4.27044e+01 | 41  0.67081  1.71870e+02 | 42 -0.83585 -1.60548e+02
 43 -0.64511  1.66631e+02 | 44 -0.62717  1.05398e+02 | 45 -0.26012 -2.88565e+02
 46 -0.42812 -1.29248e+02 |
46 variables; iteration 60; function evaluation 98; phase 2
Function value 5.1953471e+03; maximum gradient component mag 1.7330e+02
Var    Value     Gradient |Var    Value     Gradient |Var    Value     Gradient
  1  0.22957  1.73296e+02 |  2 -0.02204 -3.43679e+00 |  3  0.02568  1.94367e+00
  4  0.00059  3.64097e+00 |  5 -0.11947 -2.78928e+00 |  6 -0.00701 -1.25542e+00
  7 -0.09346 -2.19996e-02 |  8 -0.07923  1.00855e+00 |  9 -0.02528  1.70947e+00
 10  0.07478 -3.30462e+00 | 11 -0.03742 -1.81177e+00 | 12  0.00982 -3.48543e+00
 13 -0.00475 -7.80130e+00 | 14  0.06136  2.34523e+00 | 15 -0.00072 -2.37950e+00
 16  0.09809  2.39268e-02 | 17  0.04217 -4.23588e+00 | 18  0.16256  4.07885e+00
 19  0.12421 -3.83769e+00 | 20 -0.01894 -1.18625e+00 | 21 -0.04684  1.20381e+00
 22 -0.01780  2.26597e+00 | 23 -0.04332 -1.80310e+00 | 24 -0.01524  3.12396e+00
 25 -0.00447  3.70491e+00 | 26  0.01989  1.48091e+01 | 27 -0.02711  2.15065e+00
 28 -0.00117  5.75004e+00 | 29  0.00813  5.48864e+00 | 30  0.00959  2.26928e+00
 31 -0.02491 -1.09468e+00 | 32  0.08780  2.34500e+01 | 33  0.02947  5.72966e+00
 34 -0.02317 -4.95304e+00 | 35  0.06076  1.18950e+01 | 36 -0.20185  9.31715e+00
 37  0.14852  3.60223e+01 | 38  0.18600  6.81523e+01 | 39  0.14639  1.85605e+01
 40  0.17286  9.82132e+01 | 41  0.78816 -1.85348e+01 | 42 -0.79374  2.99272e+01
 43 -0.74175 -3.38465e+00 | 44 -0.69975 -3.36340e+01 | 45 -0.17540  1.99991e+01
 46 -0.44433  3.89666e+01 |
Maximum number of function evaluations exceeded

 - final statistics:
46 variables; iteration 61; function evaluation 100
Function value 5.1946e+03; maximum gradient component mag 1.7330e+02
Exit code = 3;  converg criter 1.0000e+01
Var    Value     Gradient |Var    Value     Gradient |Var    Value     Gradient
  1  0.21511  1.73296e+02 |  2 -0.02227 -3.43679e+00 |  3  0.02815  1.94367e+00
  4  0.00233  3.64097e+00 |  5 -0.11878 -2.78928e+00 |  6 -0.00562 -1.25542e+00
  7 -0.09352 -2.19996e-02 |  8 -0.07934  1.00855e+00 |  9 -0.02484  1.70947e+00
 10  0.07504 -3.30462e+00 | 11 -0.03839 -1.81177e+00 | 12  0.00793 -3.48543e+00
 13 -0.00732 -7.80130e+00 | 14  0.06033  2.34523e+00 | 15 -0.00211 -2.37950e+00
 16  0.09736  2.39268e-02 | 17  0.04097 -4.23588e+00 | 18  0.16225  4.07885e+00
 19  0.12353 -3.83769e+00 | 20 -0.01932 -1.18625e+00 | 21 -0.04668  1.20381e+00
 22 -0.01781  2.26597e+00 | 23 -0.04317 -1.80310e+00 | 24 -0.01454  3.12396e+00
 25 -0.00396  3.70491e+00 | 26  0.02110  1.48091e+01 | 27 -0.02689  2.15065e+00
 28 -0.00084  5.75004e+00 | 29  0.00849  5.48864e+00 | 30  0.00980  2.26928e+00
 31 -0.02482 -1.09468e+00 | 32  0.08821  2.34500e+01 | 33  0.02999  5.72966e+00
 34 -0.02305 -4.95304e+00 | 35  0.06237  1.18950e+01 | 36 -0.20222  9.31715e+00
 37  0.15488  3.60223e+01 | 38  0.19235  6.81523e+01 | 39  0.15276  1.85605e+01
 40  0.17910  9.82132e+01 | 41  0.79084 -1.85348e+01 | 42 -0.78729  2.99272e+01
 43 -0.75160 -3.38465e+00 | 44 -0.69962 -3.36340e+01 | 45 -0.16668  1.99991e+01
 46 -0.44694  3.89666e+01 |

Initial statistics: 52 variables; iteration 0; function evaluation 0; phase 3
Function value 5.1945945e+03; maximum gradient component mag -3.5229e+03
Var    Value     Gradient |Var    Value     Gradient |Var    Value     Gradient
  1  0.21511  1.80417e+02 |  2 -0.02237 -6.21084e+00 |  3  0.02805  1.09672e+00
  4  0.00223  3.01193e+00 |  5 -0.11889 -4.20442e+00 |  6 -0.00572 -2.79091e+00
  7 -0.09362 -2.10843e+00 |  8 -0.07944 -9.84632e-01 |  9 -0.02494  5.99286e-02
 10  0.07494 -5.90422e+00 | 11 -0.03849 -3.95012e+00 | 12  0.00783 -6.85921e+00
 13 -0.00743 -1.12924e+01 | 14  0.06023  2.61043e-01 | 15 -0.00221 -4.72616e+00
 16  0.09726 -1.85403e+00 | 17  0.04087 -7.57354e+00 | 18  0.16215  3.21559e+00
 19  0.12342 -7.04670e+00 | 20 -0.01942 -3.57260e+00 | 21 -0.04678  3.92740e-01
 22 -0.01791  3.18731e-01 | 23 -0.04327 -4.27363e+00 | 24 -0.01464  1.91219e+00
 25 -0.00406  1.89219e+00 | 26  0.02100  1.45023e+01 | 27 -0.02699 -8.19895e-02
 28 -0.00094  4.16888e+00 | 29  0.00839  5.02609e+00 | 30  0.00970  3.60877e-01
 31 -0.02492 -3.57195e+00 | 32  0.08811  2.22344e+01 | 33  0.02989  5.14658e+00
 34 -0.02315 -7.46097e+00 | 35  0.06227  1.34013e+01 | 36 -0.20233  7.04004e+00
 37  0.15488 -4.11060e+00 | 38  0.19235  7.57314e+01 | 39  0.15276  1.72740e+01
 40  0.17910  1.07916e+02 | 41  0.79084 -2.54053e+01 | 42 -0.78729  4.56931e+01
 43  0.36066  4.71176e+02 | 44 -0.35299 -1.99988e+02 | 45  0.09020 -3.52293e+03
 46 -0.89706  9.59950e+02 | 47  0.16233 -1.14134e+03 | 48 -0.83901  5.57342e+02
 49 -0.75160 -1.23005e+01 | 50 -0.69962 -3.73879e+01 | 51 -0.16668  3.47780e+01
 52 -0.44694  5.35772e+01 |

Intermediate statistics: 52 variables; iteration 20; function evaluation 28; phase 3
Function value 3.7208094e+03; maximum gradient component mag -9.3855e+03
Var    Value     Gradient |Var    Value     Gradient |Var    Value     Gradient
  1  0.12803 -6.93662e+03 |  2 -0.01578  2.11046e+02 |  3  0.03005  2.07672e+02
  4  0.00255  2.14803e+02 |  5 -0.11404  2.11097e+02 |  6  0.00115  2.11923e+02
  7 -0.08440  2.12813e+02 |  8 -0.06434  2.10273e+02 |  9 -0.00162  2.03076e+02
 10  0.10053  1.40906e+02 | 11 -0.00794  2.16324e+02 | 12  0.03759  1.68805e+02
 13  0.02646  1.77550e+02 | 14  0.08476  1.82882e+02 | 15  0.05413  1.62069e+02
 16 -0.06752  1.59725e+00 | 17  0.06163  1.72673e+02 | 18  0.09007 -2.69109e+01
 19  0.14693  1.30029e+01 | 20 -0.02881  1.29381e+02 | 21  0.02401  1.31475e+02
 22  0.03173  6.15929e+01 | 23 -0.08525  9.07389e+01 | 24  0.04173  1.54867e+02
 25  0.16559  9.44526e+01 | 26 -0.34569 -9.48705e+01 | 27  0.03207 -1.31533e+02
 28  0.03419 -7.88546e+01 | 29  0.06189  2.97380e+01 | 30  0.06325 -6.91386e+01
 31 -0.02491 -8.19275e+01 | 32  0.10440 -2.38107e+02 | 33 -0.00687  1.11329e+02
 34  0.02085  2.50416e+02 | 35  0.13933  4.89849e+02 | 36 -0.44542  8.89327e+01
 37  0.19685 -3.65737e+03 | 38  0.13657 -9.38549e+03 | 39  0.17216 -1.10600e+03
 40  0.17465 -4.01529e+02 | 41  0.80654 -2.18177e+02 | 42 -0.78647  2.56506e+02
 43  0.75956  1.44286e+02 | 44  0.00946 -1.34951e+02 | 45  0.58712 -1.74153e+03
 46 -0.92064  1.99405e+02 | 47  0.82659 -6.65869e+01 | 48 -1.35898 -5.11859e+01
 49 -0.74489 -2.66859e+01 | 50 -0.73020 -4.08035e+02 | 51 -0.18694  2.91278e+01
 52 -0.44582  4.30747e+02 |
52 variables; iteration 40; function evaluation 52; phase 3
Function value 3.3560761e+03; maximum gradient component mag -3.6600e+03
Var    Value     Gradient |Var    Value     Gradient |Var    Value     Gradient
  1  0.17966 -1.41736e+03 |  2 -0.00048  2.69995e+01 |  3  0.05710  7.17019e+01
  4  0.00815 -5.00743e+00 |  5 -0.08806  3.66591e+01 |  6 -0.00689  1.52903e+01
  7 -0.10929 -2.73400e+01 |  8 -0.09408 -2.76416e+01 |  9  0.01075  5.33594e+01
 10  0.10251 -4.90178e+01 | 11  0.07449  1.92751e+02 | 12  0.09976  9.37861e+01
 13  0.08386  1.01986e+02 | 14  0.11354  7.33416e+01 | 15  0.10558  1.54266e+02
 16 -0.20515 -1.81553e+02 | 17  0.05203  4.59672e+01 | 18  0.07550 -6.40190e+01
 19  0.13004  1.84498e+01 | 20 -0.01785  3.60560e+01 | 21 -0.05487 -1.15562e+02
 22 -0.00763  1.17886e+01 | 23 -0.20318 -1.32951e+02 | 24  0.02913  3.70397e+01
 25  0.04412 -3.91844e+01 | 26  0.00417 -1.41455e+02 | 27  0.00069 -8.13110e+01
 28 -0.01938 -1.85604e+02 | 29  0.02140 -9.44838e+01 | 30 -0.12196 -3.58555e+02
 31  0.03441 -1.43080e+01 | 32  0.11856  4.33249e+01 | 33  0.01113  8.94865e+01
 34 -0.00110  8.36679e+01 | 35  0.03119  1.66733e+01 | 36 -0.30319  1.22886e+01
 37  0.18805  1.57121e+03 | 38  0.14912 -3.66004e+03 | 39  0.16166 -5.28348e+02
 40  0.15548 -5.99967e+02 | 41  1.06305  9.44981e+01 | 42 -0.70799  3.61310e+02
 43  0.80624  1.99927e+01 | 44  0.04239 -9.88557e+01 | 45  0.67487 -8.39833e+02
 46 -0.94192  6.75015e+01 | 47  0.85727 -3.90674e+01 | 48 -1.27303 -4.86309e-02
 49 -1.32991 -8.89328e+01 | 50 -0.85396 -3.57059e+02 | 51 -0.22683 -5.72083e+01
 52 -0.51019  4.75008e+02 |
52 variables; iteration 60; function evaluation 83; phase 3
Function value 3.0872889e+03; maximum gradient component mag 2.6120e+02
Var    Value     Gradient |Var    Value     Gradient |Var    Value     Gradient
  1  0.15971  1.98587e+02 |  2 -0.01812 -2.69247e+00 |  3  0.01673 -1.90494e+01
  4 -0.01060 -1.46460e+01 |  5 -0.12301 -3.79451e+00 |  6 -0.01800 -1.51240e+01
  7 -0.10700 -1.75980e+01 |  8 -0.08939 -2.09673e+01 |  9 -0.01849 -7.27321e+00
 10  0.09710  1.10317e-01 | 11 -0.03842 -1.52258e+01 | 12  0.01775 -2.20604e+01
 13  0.00726  2.75117e+00 | 14  0.05701 -1.08616e+00 | 15  0.00998 -2.64178e+01
 16 -0.05609 -2.98293e+01 | 17  0.03012  1.37169e-01 | 18  0.10353  1.58800e+01
 19  0.13159 -1.86600e+01 | 20 -0.02508 -1.35350e+01 | 21  0.00979  1.59547e+01
 22 -0.02653 -2.11604e+01 | 23 -0.06754 -1.80138e+00 | 24  0.03663 -1.44661e+00
 25  0.06280  2.84946e+00 | 26  0.03564 -1.15607e+01 | 27  0.00866 -1.90068e+01
 28  0.04289 -8.73774e-01 | 29  0.04006  9.08909e-01 | 30  0.06970  1.99478e+01
 31  0.01801 -3.14189e+01 | 32  0.09911 -1.11069e+01 | 33 -0.02112 -1.85882e+01
 34 -0.03384 -1.31056e+01 | 35  0.03112  8.59142e+00 | 36 -0.28963 -7.48032e-02
 37  0.19285 -1.33381e+02 | 38  0.17170  2.61202e+02 | 39  0.17907  2.20129e+01
 40  0.16475  3.20158e+00 | 41  1.02625 -4.34620e+00 | 42 -0.75557 -3.16176e+01
 43  0.79726  3.66135e+01 | 44  0.09167 -6.79221e+01 | 45  0.92333 -7.61351e+01
 46 -0.95816  8.42473e+00 | 47  0.94076 -1.17919e+01 | 48 -0.77086 -3.24682e+00
 49 -1.16856  9.41395e+00 | 50 -0.73867  7.44858e+01 | 51 -0.22303 -2.83053e+00
 52 -0.46446 -4.56857e+01 |
52 variables; iteration 80; function evaluation 104; phase 3
Function value 3.0694367e+03; maximum gradient component mag -2.8173e+01
Var    Value     Gradient |Var    Value     Gradient |Var    Value     Gradient
  1  0.08364 -1.49255e+01 |  2 -0.01809 -3.93105e-01 |  3  0.02217 -4.18232e-01
  4 -0.01610 -4.71188e-01 |  5 -0.13344 -6.06277e-01 |  6 -0.01844 -6.36331e-01
  7 -0.10503 -8.50704e-01 |  8 -0.07593 -5.47358e-01 |  9 -0.00651 -2.83800e-01
 10  0.10526  9.79799e-01 | 11 -0.03498 -1.25885e+00 | 12  0.02567 -6.67689e-01
 13  0.01303 -9.75724e-01 | 14  0.05909 -1.06729e+00 | 15  0.00760 -8.04180e-01
 16 -0.05028 -1.57695e+00 | 17  0.01140 -1.07235e+00 | 18  0.08747 -1.14016e+00
 19  0.12679 -8.14275e-01 | 20 -0.03227 -8.16186e-01 | 21 -0.00658 -3.93371e-01
 22 -0.02224 -1.69040e+00 | 23 -0.06100 -8.28547e-01 | 24  0.04442 -7.63135e-01
 25  0.06763 -5.99082e-01 | 26  0.05009 -1.67389e+00 | 27  0.01611  1.27815e+00
 28  0.04430 -1.17051e+00 | 29  0.03220 -5.06779e-01 | 30  0.06125 -2.52079e+00
 31  0.02464  1.29965e+00 | 32  0.10776  6.73279e-01 | 33 -0.01602 -1.60101e+00
 34 -0.03240 -2.24852e+00 | 35  0.02818 -4.69222e+00 | 36 -0.31899  3.20564e-01
 37  0.23427 -2.81734e+01 | 38  0.20677 -1.51695e+01 | 39  0.21940 -5.01874e+00
 40  0.20132  6.91378e+00 | 41  1.03311 -3.59997e-02 | 42 -0.75983 -1.54302e+00
 43  0.83605  1.14881e+01 | 44  0.17852 -5.81707e+00 | 45  1.00296  2.44716e+00
 46 -1.01977 -2.47789e+00 | 47  0.99927 -2.13487e-02 | 48 -0.70669  7.87221e-01
 49 -1.28857 -1.91639e-01 | 50 -0.71337 -4.90149e-01 | 51 -0.20650 -8.49898e-01
 52 -0.45496 -1.72448e+00 |
52 variables; iteration 100; function evaluation 130; phase 3
Function value 3.0273327e+03; maximum gradient component mag -2.0714e+02
Var    Value     Gradient |Var    Value     Gradient |Var    Value     Gradient
  1  0.08024 -1.53819e+02 |  2 -0.01849  1.02572e+00 |  3  0.02045 -1.41795e+00
  4 -0.01831  1.32368e+00 |  5 -0.13541  2.23227e+00 |  6 -0.02081  1.08621e+00
  7 -0.10718  2.91400e+00 |  8 -0.07903  4.47575e-01 |  9 -0.00982 -7.46135e-01
 10  0.09768 -4.22334e+00 | 11 -0.02991  1.64422e+00 | 12  0.01958 -1.13763e+00
 13  0.01522  4.58476e-01 | 14  0.06149  4.04353e-01 | 15  0.01712  3.00065e+00
 16 -0.05115  4.09978e+00 | 17  0.00828 -4.04188e+00 | 18  0.08791  7.39117e-01
 19  0.12916 -1.30600e+00 | 20 -0.02838  5.12111e-01 | 21 -0.01024  8.69353e-01
 22 -0.02170 -1.29464e+00 | 23 -0.05931 -3.95248e-01 | 24  0.03904 -1.36562e+00
 25  0.06371 -7.20977e+00 | 26  0.05024 -1.09686e+01 | 27  0.01934  1.14367e+00
 28  0.04488  2.75278e-01 | 29  0.03090 -1.85030e+00 | 30  0.06343 -9.00870e-01
 31  0.02543 -2.05783e+00 | 32  0.10855 -4.24735e+00 | 33 -0.01606 -5.00488e-01
 34 -0.02682 -1.86129e-01 | 35  0.03360 -4.48725e+00 | 36 -0.31626  2.94273e+00
 37  0.21854 -2.07142e+02 | 38  0.20827 -1.62371e+01 | 39  0.22120 -1.53791e+01
 40  0.20318 -9.53897e+00 | 41  0.95112  9.01127e-01 | 42 -0.82985 -6.28834e+00
 43  0.32943  3.12638e+00 | 44 -0.33923  1.95212e+01 | 45  1.01121  1.02624e+01
 46 -1.02229 -2.74561e+00 | 47  1.01207  2.14621e+00 | 48 -0.98340 -9.55705e-01
 49 -1.29491  3.99723e+00 | 50 -0.70795  1.11744e+01 | 51 -0.17550  3.33959e+00
 52 -0.41688 -1.71182e+01 |
52 variables; iteration 120; function evaluation 157; phase 3
Function value 3.0258839e+03; maximum gradient component mag -1.1375e-01
Var    Value     Gradient |Var    Value     Gradient |Var    Value     Gradient
  1  0.07850 -3.34649e-02 |  2 -0.01778 -8.30962e-05 |  3  0.02182 -3.08116e-03
  4 -0.01823 -4.39957e-04 |  5 -0.13582 -1.33628e-03 |  6 -0.02106 -1.71417e-03
  7 -0.10806 -1.01189e-03 |  8 -0.07820 -5.61215e-05 |  9 -0.00854 -1.37826e-03
 10  0.09827  5.81393e-04 | 11 -0.03004 -4.40143e-03 | 12  0.01948  1.65562e-03
 13  0.01545  5.52365e-03 | 14  0.06108  4.50249e-03 | 15  0.01582 -2.79103e-03
 16 -0.05341  4.10181e-05 | 17  0.00837  3.54347e-03 | 18  0.08639  1.60970e-03
 19  0.12807  3.15140e-03 | 20 -0.02931  1.96398e-03 | 21 -0.01113 -8.58789e-04
 22 -0.02066  4.85143e-03 | 23 -0.05779 -2.41250e-03 | 24  0.03959 -4.15748e-03
 25  0.06534  1.59037e-03 | 26  0.05159 -2.01361e-03 | 27  0.01996 -5.82866e-03
 28  0.04408 -4.01478e-03 | 29  0.03100  1.14880e-03 | 30  0.06176 -1.62109e-03
 31  0.02636 -9.00491e-03 | 32  0.10865 -7.87859e-03 | 33 -0.01559  8.44888e-05
 34 -0.02618 -4.37495e-03 | 35  0.03407 -1.59194e-03 | 36 -0.31781 -1.74897e-03
 37  0.22031  1.18084e-02 | 38  0.20931  4.08545e-02 | 39  0.22257  7.75854e-03
 40  0.20350 -1.13747e-01 | 41  0.94472  4.04343e-02 | 42 -0.83020 -2.79129e-02
 43  0.33098 -5.96003e-03 | 44 -0.34483 -1.12089e-03 | 45  1.00001 -5.00061e-03
 46 -0.99702  8.43151e-04 | 47  1.00015  1.95527e-03 | 48 -0.71027  2.38275e-03
 49 -1.30251  3.78077e-03 | 50 -0.70616  2.51731e-02 | 51 -0.17509  4.27809e-03
 52 -0.41604 -4.43460e-02 |
52 variables; iteration 140; function evaluation 181; phase 3
Function value 3.0258824e+03; maximum gradient component mag 1.2071e+00
Var    Value     Gradient |Var    Value     Gradient |Var    Value     Gradient
  1  0.07850  1.47357e-01 |  2 -0.01777  3.87695e-02 |  3  0.02183 -4.27288e-03
  4 -0.01821  2.20851e-02 |  5 -0.13579  3.66471e-02 |  6 -0.02104  2.28531e-02
  7 -0.10804  4.59055e-02 |  8 -0.07820  6.48326e-03 |  9 -0.00854  1.70347e-02
 10  0.09827  3.00689e-02 | 11 -0.03004  3.43333e-02 | 12  0.01947 -1.20927e-02
 13  0.01546  4.40209e-02 | 14  0.06108  3.84100e-02 | 15  0.01580 -2.13797e-02
 16 -0.05340  6.38695e-02 | 17  0.00837  2.68245e-02 | 18  0.08639  4.87950e-02
 19  0.12808  7.35942e-02 | 20 -0.02931  2.14602e-02 | 21 -0.01114  1.02507e-02
 22 -0.02065  7.52036e-02 | 23 -0.05778  4.88187e-02 | 24  0.03958  1.00329e-02
 25  0.06530 -8.40695e-02 | 26  0.05161  9.93736e-02 | 27  0.01994 -2.73152e-02
 28  0.04409  6.97770e-02 | 29  0.03099  9.45672e-03 | 30  0.06177  1.01200e-01
 31  0.02633 -6.27772e-02 | 32  0.10865 -1.83334e-02 | 33 -0.01559  1.74987e-02
 34 -0.02618  2.76494e-02 | 35  0.03407  6.54293e-02 | 36 -0.31781  2.48598e-02
 37  0.22031 -3.05068e-02 | 38  0.20931  1.20711e+00 | 39  0.22257  1.07266e-01
 40  0.20350 -3.15748e-01 | 41  0.89630 -1.19247e-01 | 42 -0.81116  3.18036e-01
 43  0.33098  3.38614e-02 | 44 -0.34485 -6.53924e-02 | 45  0.99983 -1.20943e-01
 46 -0.99723 -2.50096e-02 | 47  0.99972 -4.97306e-03 | 48 -0.71031 -1.28354e-03
 49 -1.31141  5.29553e-02 | 50 -0.69702 -5.28677e-01 | 51 -0.18229  8.09218e-02
 52 -0.42483  6.02713e-01 |
52 variables; iteration 160; function evaluation 205; phase 3
Function value 3.0258809e+03; maximum gradient component mag 1.0836e+00
Var    Value     Gradient |Var    Value     Gradient |Var    Value     Gradient
  1  0.07850 -2.85127e-01 |  2 -0.01778  2.21209e-02 |  3  0.02182 -6.52190e-03
  4 -0.01822  1.34471e-02 |  5 -0.13581  2.24488e-02 |  6 -0.02105  1.16447e-02
  7 -0.10805  2.87921e-02 |  8 -0.07820  7.74255e-03 |  9 -0.00854  1.05518e-02
 10  0.09827  8.20618e-03 | 11 -0.03004  1.33831e-02 | 12  0.01947 -5.94051e-03
 13  0.01546  1.92974e-02 | 14  0.06108  1.68079e-02 | 15  0.01581 -1.96948e-02
 16 -0.05340  3.02689e-02 | 17  0.00837  1.86407e-02 | 18  0.08639  2.64129e-02
 19  0.12808  3.86599e-02 | 20 -0.02931  1.13521e-02 | 21 -0.01114  3.78265e-03
 22 -0.02065  3.83104e-02 | 23 -0.05778  2.11010e-02 | 24  0.03959  2.67311e-03
 25  0.06532 -4.56966e-02 | 26  0.05160  5.07088e-02 | 27  0.01995 -1.83118e-02
 28  0.04409  3.19854e-02 | 29  0.03099  5.59089e-03 | 30  0.06176  3.88862e-02
 31  0.02635 -3.79422e-02 | 32  0.10865 -1.73947e-02 | 33 -0.01559  7.95677e-03
 34 -0.02618  1.56483e-02 | 35  0.03407  5.30198e-02 | 36 -0.31781  1.82424e-02
 37  0.22031 -3.93082e-02 | 38  0.20931  6.15902e-01 | 39  0.22257  4.30311e-02
 40  0.20350 -2.06980e-01 | 41  0.83156 -3.00584e-01 | 42 -0.77435  6.79766e-01
 43  0.33098  1.92764e-02 | 44 -0.34484 -3.25591e-02 | 45  0.99994 -3.94685e-02
 46 -0.99712 -1.19403e-02 | 47  1.00063  1.65154e-02 | 48 -0.71030 -7.85159e-04
 49 -1.33093  6.20227e-02 | 50 -0.67703 -7.93961e-01 | 51 -0.19845  8.69649e-02
 52 -0.44472  1.08356e+00 |
52 variables; iteration 180; function evaluation 229; phase 3
Function value 3.0258800e+03; maximum gradient component mag 5.2398e-01
Var    Value     Gradient |Var    Value     Gradient |Var    Value     Gradient
  1  0.07850 -1.12739e-01 |  2 -0.01778  8.61105e-03 |  3  0.02183 -1.12948e-03
  4 -0.01822  8.32455e-03 |  5 -0.13581  1.17038e-02 |  6 -0.02105  8.14164e-03
  7 -0.10806  7.37124e-03 |  8 -0.07820  2.94276e-03 |  9 -0.00854  4.90099e-03
 10  0.09827  1.42330e-02 | 11 -0.03005 -5.46079e-03 | 12  0.01948 -6.28297e-03
 13  0.01545  3.19478e-03 | 14  0.06107 -8.10774e-03 | 15  0.01581 -1.38766e-02
 16 -0.05341  8.53963e-03 | 17  0.00837  1.20708e-02 | 18  0.08639  1.32295e-02
 19  0.12808  2.34259e-02 | 20 -0.02930  9.56275e-03 | 21 -0.01113  1.27923e-02
 22 -0.02066  1.37297e-02 | 23 -0.05779  8.16550e-03 | 24  0.03959 -5.38397e-04
 25  0.06533 -1.40055e-02 | 26  0.05160  2.23668e-02 | 27  0.01995 -1.09162e-02
 28  0.04408  1.35036e-02 | 29  0.03100  2.74618e-03 | 30  0.06176  3.56118e-02
 31  0.02636 -1.57235e-02 | 32  0.10865 -1.16994e-03 | 33 -0.01559 -7.81251e-03
 34 -0.02618 -1.21282e-03 | 35  0.03407  1.98714e-02 | 36 -0.31782  1.08093e-03
 37  0.22031  2.47259e-02 | 38  0.20931  3.35411e-01 | 39  0.22257  2.01184e-02
 40  0.20350 -1.68619e-01 | 41  0.78252 -1.76046e-01 | 42 -0.73729  3.84161e-01
 43  0.33097 -1.14665e-02 | 44 -0.34483 -2.20341e-03 | 45  0.99991 -6.38238e-02
 46 -0.99712 -1.16637e-02 | 47  1.00108  4.58560e-02 | 48 -0.71028  1.67749e-03
 49 -1.35068  1.90790e-02 | 50 -0.65687 -4.03556e-01 | 51 -0.21769  2.93035e-02
 52 -0.46889  5.23982e-01 |
52 variables; iteration 200; function evaluation 253; phase 3
Function value 3.0258793e+03; maximum gradient component mag 8.3683e-01
Var    Value     Gradient |Var    Value     Gradient |Var    Value     Gradient
  1  0.07850 -6.17765e-01 |  2 -0.01779 -7.60433e-03 |  3  0.02183 -4.70584e-03
  4 -0.01823 -4.06422e-03 |  5 -0.13582 -1.56511e-03 |  6 -0.02106 -8.20012e-03
  7 -0.10807 -3.85515e-03 |  8 -0.07820  5.57178e-03 |  9 -0.00854 -1.03596e-03
 10  0.09827 -1.67700e-02 | 11 -0.03004 -7.62940e-03 | 12  0.01948 -2.97523e-03
 13  0.01545 -2.52140e-02 | 14  0.06107 -2.23945e-02 | 15  0.01583  4.13668e-03
 16 -0.05342 -2.81809e-02 | 17  0.00837 -1.20593e-02 | 18  0.08639 -1.66717e-02
 19  0.12807 -1.89031e-02 | 20 -0.02931 -7.68651e-03 | 21 -0.01113 -3.13943e-03
 22 -0.02066 -2.68159e-02 | 23 -0.05779 -1.94044e-02 | 24  0.03959 -7.08965e-03
 25  0.06535  2.23265e-02 | 26  0.05159 -4.09560e-02 | 27  0.01997  9.03342e-03
 28  0.04408 -2.86478e-02 | 29  0.03100 -1.71986e-03 | 30  0.06175 -2.99327e-02
 31  0.02638  2.53969e-02 | 32  0.10866  2.56662e-03 | 33 -0.01559 -1.17018e-02
 34 -0.02618 -9.92284e-03 | 35  0.03407 -1.27752e-03 | 36 -0.31781  2.84621e-03
 37  0.22031 -5.46458e-02 | 38  0.20930 -4.10435e-01 | 39  0.22257 -3.24390e-02
 40  0.20350  9.36608e-02 | 41  0.73870 -3.33100e-01 | 42 -0.70144  7.18312e-01
 43  0.33098 -1.60923e-03 | 44 -0.34483  1.95031e-02 | 45  0.99988 -8.83070e-02
 46 -0.99696  9.15692e-03 | 47  0.99965 -6.69983e-03 | 48 -0.71028  3.98690e-04
 49 -1.37125  5.03998e-02 | 50 -0.63589 -6.31487e-01 | 51 -0.23915  3.58502e-02
 52 -0.49653  8.36832e-01 |
52 variables; iteration 220; function evaluation 277; phase 3
Function value 3.0258788e+03; maximum gradient component mag 4.2435e-01
Var    Value     Gradient |Var    Value     Gradient |Var    Value     Gradient
  1  0.07850 -3.22924e-01 |  2 -0.01779 -1.71502e-03 |  3  0.02182 -1.37470e-03
  4 -0.01823 -9.06856e-04 |  5 -0.13582  2.25120e-03 |  6 -0.02106 -1.84853e-03
  7 -0.10806  2.13126e-03 |  8 -0.07820  4.69712e-03 |  9 -0.00854  2.33739e-03
 10  0.09827 -6.83571e-03 | 11 -0.03004  2.25287e-04 | 12  0.01948 -1.72674e-03
 13  0.01545 -1.11808e-02 | 14  0.06107 -1.18296e-02 | 15  0.01583  5.35112e-03
 16 -0.05341 -8.33331e-03 | 17  0.00837 -5.71284e-03 | 18  0.08639 -3.74123e-03
 19  0.12807 -8.12926e-03 | 20 -0.02931 -2.10091e-03 | 21 -0.01113 -4.93159e-04
 22 -0.02066 -1.02850e-02 | 23 -0.05779 -6.04616e-03 | 24  0.03959 -1.61091e-03
 25  0.06534  8.65840e-03 | 26  0.05159 -1.44881e-02 | 27  0.01996 -1.84593e-03
 28  0.04408 -1.39070e-02 | 29  0.03100 -2.13081e-03 | 30  0.06176 -9.55648e-03
 31  0.02637  1.12815e-02 | 32  0.10866  7.00152e-04 | 33 -0.01559 -1.01739e-03
 34 -0.02618 -1.16350e-03 | 35  0.03407  9.94205e-03 | 36 -0.31781  2.15880e-03
 37  0.22031 -2.58929e-02 | 38  0.20930 -1.82678e-01 | 39  0.22257 -1.91131e-02
 40  0.20350  2.56606e-02 | 41  0.69999 -2.00456e-01 | 42 -0.67297  4.15760e-01
 43  0.33098 -3.66597e-03 | 44 -0.34483  7.04487e-03 | 45  1.00000  2.79219e-02
 46 -0.99700  3.64361e-03 | 47  1.00002 -5.32737e-03 | 48 -0.71029 -7.36278e-05
 49 -1.39141  2.61386e-02 | 50 -0.61542 -3.59209e-01 | 51 -0.25820  2.30226e-02
 52 -0.52184  4.24346e-01 |
52 variables; iteration 240; function evaluation 300; phase 3
Function value 3.0258781e+03; maximum gradient component mag 2.7106e-01
Var    Value     Gradient |Var    Value     Gradient |Var    Value     Gradient
  1  0.07850 -7.74126e-02 |  2 -0.01778  6.28905e-03 |  3  0.02183 -1.42118e-03
  4 -0.01822  4.04595e-03 |  5 -0.13581  6.53641e-03 |  6 -0.02105  3.77332e-03
  7 -0.10806  7.23553e-03 |  8 -0.07820  1.54674e-03 |  9 -0.00854  2.48497e-03
 10  0.09827  2.37890e-03 | 11 -0.03004  1.87250e-03 | 12  0.01948 -6.00807e-04
 13  0.01545  6.37389e-03 | 14  0.06108  4.22372e-03 | 15  0.01582 -6.23177e-03
 16 -0.05341  7.32776e-03 | 17  0.00837  6.02951e-03 | 18  0.08639  6.72304e-03
 19  0.12807  1.25671e-02 | 20 -0.02931  3.69011e-03 | 21 -0.01113  4.20953e-03
 22 -0.02066  9.73754e-03 | 23 -0.05779  4.47537e-03 | 24  0.03959  6.56888e-04
 25  0.06533 -1.12921e-02 | 26  0.05160  1.21792e-02 | 27  0.01995 -4.48921e-03
 28  0.04408  8.64007e-03 | 29  0.03100  1.73458e-03 | 30  0.06176  1.38174e-02
 31  0.02636 -8.09277e-03 | 32  0.10865 -4.17805e-03 | 33 -0.01559  1.37301e-04
 34 -0.02618  4.49078e-03 | 35  0.03407  1.35679e-02 | 36 -0.31781  4.50215e-03
 37  0.22031 -1.83580e-02 | 38  0.20931  1.82006e-01 | 39  0.22257  1.17071e-02
 40  0.20350 -6.88186e-02 | 41  0.63980 -1.50454e-01 | 42 -0.63950  2.71065e-01
 43  0.33098  5.06417e-03 | 44 -0.34483 -7.04527e-03 | 45  0.99996 -2.45116e-02
 46 -0.99706 -4.24828e-03 | 47  1.00009  2.37989e-04 | 48 -0.71029 -3.38416e-04
 49 -1.42566  2.72143e-02 | 50 -0.58068 -2.39184e-01 | 51 -0.28299  2.38120e-02
 52 -0.55593  2.30028e-01 |
52 variables; iteration 260; function evaluation 324; phase 3
Function value 3.0258775e+03; maximum gradient component mag -4.0935e-01
Var    Value     Gradient |Var    Value     Gradient |Var    Value     Gradient
  1  0.07850 -2.57175e-01 |  2 -0.01778 -1.93720e-03 |  3  0.02183 -1.78614e-03
  4 -0.01822  3.55820e-04 |  5 -0.13582 -5.44335e-04 |  6 -0.02105 -2.11927e-03
  7 -0.10806 -1.42195e-03 |  8 -0.07820  9.53037e-04 |  9 -0.00854 -8.80781e-04
 10  0.09827 -2.83840e-03 | 11 -0.03004 -4.16662e-03 | 12  0.01948 -5.23945e-03
 13  0.01545 -1.00654e-02 | 14  0.06108 -7.73103e-03 | 15  0.01582 -2.98007e-03
 16 -0.05342 -1.20897e-02 | 17  0.00837 -3.90634e-03 | 18  0.08639 -7.92750e-03
 19  0.12807 -2.38345e-03 | 20 -0.02931 -3.38152e-03 | 21 -0.01113 -1.07369e-03
 22 -0.02066 -8.00790e-03 | 23 -0.05779 -6.91166e-03 | 24  0.03959 -5.50561e-03
 25  0.06534  5.34509e-03 | 26  0.05159 -1.44295e-02 | 27  0.01996  8.03802e-03
 28  0.04408 -8.53308e-03 | 29  0.03100 -2.50139e-04 | 30  0.06176 -9.78597e-03
 31  0.02637  6.71078e-03 | 32  0.10866  2.48591e-05 | 33 -0.01559 -9.28136e-03
 34 -0.02618 -5.80376e-03 | 35  0.03406 -3.19021e-03 | 36 -0.31781  2.82671e-03
 37  0.22031 -3.08853e-02 | 38  0.20931 -7.41954e-02 | 39  0.22257  3.57011e-03
 40  0.20350  3.43039e-02 | 41  0.56090 -2.72322e-01 | 42 -0.61025  3.86122e-01
 43  0.33098  2.31118e-03 | 44 -0.34483  5.30963e-03 | 45  0.99992 -5.97119e-02
 46 -0.99701  2.06536e-03 | 47  1.00032  6.14682e-03 | 48 -0.71029 -9.20920e-05
 49 -1.47468  2.16813e-02 | 50 -0.53111 -4.09347e-01 | 51 -0.30685  6.38271e-03
 52 -0.59027  3.01123e-01 |
52 variables; iteration 280; function evaluation 349; phase 3
Function value 3.0258769e+03; maximum gradient component mag -1.3878e+00
Var    Value     Gradient |Var    Value     Gradient |Var    Value     Gradient
  1  0.07850 -6.74609e-01 |  2 -0.01778  6.52601e-03 |  3  0.02182 -2.53765e-03
  4 -0.01822  5.27097e-03 |  5 -0.13581  9.42329e-03 |  6 -0.02105  1.27044e-03
  7 -0.10806  1.05182e-02 |  8 -0.07820  8.14250e-03 |  9 -0.00854  4.80260e-03
 10  0.09827 -7.80509e-03 | 11 -0.03004  1.17718e-03 | 12  0.01948 -1.01341e-02
 13  0.01545 -1.35949e-02 | 14  0.06108 -1.05423e-02 | 15  0.01582 -7.27387e-03
 16 -0.05341 -7.07786e-03 | 17  0.00837 -1.07948e-03 | 18  0.08639 -2.03595e-03
 19  0.12807  2.92401e-03 | 20 -0.02931  5.19187e-05 | 21 -0.01113 -1.53158e-03
 22 -0.02066 -2.64925e-03 | 23 -0.05779 -6.05647e-03 | 24  0.03959 -7.93577e-03
 25  0.06534 -5.56236e-03 | 26  0.05159 -1.32568e-02 | 27  0.01996  3.70910e-04
 28  0.04408 -7.97152e-03 | 29  0.03100 -7.55481e-04 | 30  0.06176 -7.89099e-03
 31  0.02636 -2.06145e-04 | 32  0.10865 -1.02670e-02 | 33 -0.01559 -6.47669e-03
 34 -0.02618  2.02770e-04 | 35  0.03407  2.48174e-02 | 36 -0.31781  1.18326e-02
 37  0.22031 -5.84025e-02 | 38  0.20931 -1.08847e-02 | 39  0.22257  1.83178e-03
 40  0.20350 -1.88762e-02 | 41  0.47009 -9.93824e-01 | 42 -0.58806  1.23018e+00
 43  0.33098  6.96096e-03 | 44 -0.34483 -2.38396e-04 | 45  0.99979 -1.53664e-01
 46 -0.99702  8.28795e-04 | 47  1.00003 -3.14831e-03 | 48 -0.71029 -2.71767e-04
 49 -1.53507  6.78216e-02 | 50 -0.47020 -1.38783e+00 | 51 -0.32636  4.23198e-02
 52 -0.61975  8.44268e-01 |
52 variables; iteration 300; function evaluation 373; phase 3
Function value 3.0258763e+03; maximum gradient component mag -2.9336e-01
Var    Value     Gradient |Var    Value     Gradient |Var    Value     Gradient
  1  0.07850 -2.55108e-01 |  2 -0.01778 -2.46143e-03 |  3  0.02183  7.19729e-04
  4 -0.01822 -1.23126e-03 |  5 -0.13582 -5.89079e-04 |  6 -0.02105 -1.73098e-03
  7 -0.10806 -2.38246e-03 |  8 -0.07820  2.57399e-03 |  9 -0.00854 -3.58297e-04
 10  0.09827 -8.93398e-03 | 11 -0.03004 -1.55208e-03 | 12  0.01948 -3.28323e-04
 13  0.01545 -9.84340e-03 | 14  0.06108 -9.77744e-03 | 15  0.01583  4.52654e-03
 16 -0.05341 -7.71856e-03 | 17  0.00837 -5.69050e-03 | 18  0.08639 -5.62266e-03
 19  0.12807 -1.11409e-02 | 20 -0.02931 -8.05423e-04 | 21 -0.01113  3.01767e-04
 22 -0.02066 -1.20945e-02 | 23 -0.05779 -7.87482e-03 | 24  0.03959 -2.77540e-03
 25  0.06534  9.91297e-03 | 26  0.05159 -1.91093e-02 | 27  0.01996  8.27884e-04
 28  0.04408 -1.25106e-02 | 29  0.03100 -2.38299e-03 | 30  0.06176 -1.32079e-02
 31  0.02637  1.06713e-02 | 32  0.10865 -2.20653e-03 | 33 -0.01559 -2.87147e-03
 34 -0.02618 -1.91034e-03 | 35  0.03407 -2.18229e-03 | 36 -0.31781  1.33641e-04
 37  0.22031 -1.40248e-02 | 38  0.20930 -2.00953e-01 | 39  0.22257 -2.47305e-02
 40  0.20350  2.71700e-02 | 41  0.36459 -2.14189e-01 | 42 -0.57054  2.45016e-01
 43  0.33098 -2.92932e-03 | 44 -0.34483  1.05155e-02 | 45  0.99996 -2.31684e-02
 46 -0.99700  3.40933e-03 | 47  0.99980 -3.22589e-03 | 48 -0.71029  5.68193e-05
 49 -1.60855  1.52126e-02 | 50 -0.39625 -2.93355e-01 | 51 -0.34267  5.06930e-03
 52 -0.64564  1.51119e-01 |
52 variables; iteration 320; function evaluation 395; phase 3
Function value 3.0258757e+03; maximum gradient component mag 7.7407e-01
Var    Value     Gradient |Var    Value     Gradient |Var    Value     Gradient
  1  0.07850  3.76648e-01 |  2 -0.01779 -1.33883e-02 |  3  0.02181  1.25842e-03
  4 -0.01823 -6.33047e-03 |  5 -0.13582 -1.48784e-02 |  6 -0.02106 -5.94222e-03
  7 -0.10807 -1.71052e-02 |  8 -0.07820 -4.49704e-03 |  9 -0.00854 -5.68758e-03
 10  0.09827  4.64175e-03 | 11 -0.03004 -4.28911e-03 | 12  0.01948  4.26736e-03
 13  0.01545 -2.33006e-02 | 14  0.06107 -1.06744e-02 | 15  0.01583  8.63713e-03
 16 -0.05341 -1.90653e-02 | 17  0.00837 -1.95030e-02 | 18  0.08639  1.87841e-03
 19  0.12807 -1.92102e-02 | 20 -0.02930 -5.19068e-03 | 21 -0.01113 -1.31234e-02
 22 -0.02066 -2.65613e-02 | 23 -0.05779 -1.45327e-02 | 24  0.03960  7.02707e-03
 25  0.06535  3.04210e-02 | 26  0.05159 -1.30588e-02 | 27  0.01996 -4.82239e-03
 28  0.04408 -9.22871e-03 | 29  0.03100 -1.32965e-03 | 30  0.06176 -9.12673e-03
 31  0.02637  7.31633e-03 | 32  0.10866  2.28436e-02 | 33 -0.01559  3.55102e-03
 34 -0.02618 -9.78071e-03 | 35  0.03407 -1.28987e-02 | 36 -0.31782 -1.31067e-02
 37  0.22031  7.83046e-02 | 38  0.20930 -3.63670e-01 | 39  0.22257 -4.95148e-02
 40  0.20350  2.12515e-01 | 41  0.14662  2.94147e-01 | 42 -0.54627  7.74071e-01
 43  0.33098 -1.10264e-02 | 44 -0.34483  1.55529e-02 | 45  1.00005  3.31646e-02
 46 -0.99698  6.81799e-03 | 47  1.00030  5.50421e-03 | 48 -0.71030 -1.20044e-03
 49 -1.76476 -1.70422e-01 | 50 -0.23946  2.35271e-01 | 51 -0.36663 -2.51177e-02
 52 -0.68623  4.35933e-01 |
52 variables; iteration 340; function evaluation 421; phase 3
Function value 3.0258755e+03; maximum gradient component mag 7.7377e-02
Var    Value     Gradient |Var    Value     Gradient |Var    Value     Gradient
  1  0.07850  1.24972e-02 |  2 -0.01778 -3.01484e-04 |  3  0.02182 -8.94449e-04
  4 -0.01822 -5.33620e-04 |  5 -0.13581 -2.43440e-04 |  6 -0.02105 -6.96531e-04
  7 -0.10806  3.54012e-05 |  8 -0.07820  2.35204e-04 |  9 -0.00854 -4.92485e-04
 10  0.09827 -2.46245e-03 | 11 -0.03004  4.32853e-04 | 12  0.01948  2.10294e-03
 13  0.01545  2.00949e-03 | 14  0.06108  3.89296e-04 | 15  0.01582  8.82668e-04
 16 -0.05341  1.57277e-03 | 17  0.00837 -7.59030e-04 | 18  0.08639  9.57277e-04
 19  0.12807 -2.50345e-03 | 20 -0.02931  7.28679e-04 | 21 -0.01113 -8.14168e-04
 22 -0.02066 -1.22111e-03 | 23 -0.05779 -1.99348e-04 | 24  0.03959  4.63098e-04
 25  0.06534  2.07656e-03 | 26  0.05159 -4.55929e-05 | 27  0.01996 -2.89799e-03
 28  0.04408 -5.45457e-04 | 29  0.03100 -6.22392e-04 | 30  0.06176 -1.55238e-03
 31  0.02636 -5.23518e-05 | 32  0.10865 -5.25812e-04 | 33 -0.01559  2.32238e-03
 34 -0.02618  1.62386e-03 | 35  0.03407  8.21319e-04 | 36 -0.31781 -8.40123e-04
 37  0.22031 -7.21049e-04 | 38  0.20930 -2.77133e-02 | 39  0.22257 -5.99047e-03
 40  0.20350  2.71441e-03 | 41  0.02485  5.76459e-02 | 42 -0.53536 -3.14259e-02
 43  0.33098 -9.95219e-04 | 44 -0.34483  1.43615e-03 | 45  0.99999  6.41908e-04
 46 -0.99703  5.28419e-04 | 47  0.99986 -1.59939e-03 | 48 -0.71029 -4.91209e-05
 49 -1.85151 -2.45684e-03 | 50 -0.15251  7.73771e-02 | 51 -0.37800  5.99215e-03
 52 -0.70693 -2.48546e-02 |
52 variables; iteration 360; function evaluation 442; phase 3
Function value 3.0258755e+03; maximum gradient component mag -7.7343e-02
Var    Value     Gradient |Var    Value     Gradient |Var    Value     Gradient
  1  0.07850 -4.04944e-03 |  2 -0.01778 -2.64227e-03 |  3  0.02183  2.48905e-03
  4 -0.01822 -1.08552e-03 |  5 -0.13581 -2.61060e-03 |  6 -0.02105 -4.21054e-04
  7 -0.10806 -3.63383e-03 |  8 -0.07820 -1.08662e-03 |  9 -0.00854 -5.80481e-04
 10  0.09827  1.01151e-03 | 11 -0.03004 -2.30251e-03 | 12  0.01948 -1.33045e-03
 13  0.01545 -5.81831e-03 | 14  0.06107 -2.68478e-03 | 15  0.01582  1.75771e-03
 16 -0.05342 -6.02450e-03 | 17  0.00837 -1.74091e-03 | 18  0.08639 -5.04432e-03
 19  0.12807 -2.64348e-03 | 20 -0.02931 -2.91798e-03 | 21 -0.01113  4.07079e-04
 22 -0.02066 -4.86287e-03 | 23 -0.05779 -3.31260e-03 | 24  0.03959 -8.07343e-04
 25  0.06534  3.47308e-03 | 26  0.05159 -7.95728e-03 | 27  0.01996  5.91650e-03
 28  0.04408 -4.66275e-03 | 29  0.03100 -3.62900e-04 | 30  0.06176 -5.28699e-03
 31  0.02637  6.19202e-03 | 32  0.10865  2.84237e-03 | 33 -0.01559 -3.55216e-03
 34 -0.02618 -3.68856e-03 | 35  0.03407 -7.38143e-03 | 36 -0.31781 -1.06510e-03
 37  0.22031  3.86633e-03 | 38  0.20930 -7.73428e-02 | 39  0.22257 -4.45202e-03
 40  0.20350  2.56538e-02 | 41 -0.00794  5.69106e-02 | 42 -0.53276 -6.75576e-02
 43  0.33098 -8.16554e-04 | 44 -0.34483  3.63066e-03 | 45  0.99999  6.25305e-03
 46 -0.99702  1.59526e-03 | 47  0.99991 -4.54735e-04 | 48 -0.71029  1.02618e-04
 49 -1.87458 -1.12254e-02 | 50 -0.12941  6.86520e-02 | 51 -0.38079 -1.74657e-02
 52 -0.71212 -3.02109e-02 |
52 variables; iteration 380; function evaluation 465; phase 3
Function value 3.0258754e+03; maximum gradient component mag 2.8159e-01
Var    Value     Gradient |Var    Value     Gradient |Var    Value     Gradient
  1  0.07850  2.81591e-01 |  2 -0.01778  4.45770e-04 |  3  0.02182  3.69783e-04
  4 -0.01822 -1.47071e-04 |  5 -0.13581 -1.88544e-03 |  6 -0.02105  5.99199e-04
  7 -0.10806 -1.14068e-03 |  8 -0.07820 -2.73999e-03 |  9 -0.00854 -1.16433e-03
 10  0.09827  5.59583e-03 | 11 -0.03004  1.25533e-03 | 12  0.01948  4.39049e-03
 13  0.01545  5.15248e-03 | 14  0.06108  9.23047e-03 | 15  0.01582 -1.53102e-03
 16 -0.05341  2.85154e-03 | 17  0.00837  1.70458e-04 | 18  0.08639  7.02593e-03
 19  0.12807  8.34533e-03 | 20 -0.02931 -5.07605e-04 | 21 -0.01113 -2.03968e-03
 22 -0.02066  4.11652e-03 | 23 -0.05779  6.90809e-04 | 24  0.03959  4.72198e-03
 25  0.06533 -6.61845e-04 | 26  0.05160  1.39498e-02 | 27  0.01995 -5.05139e-03
 28  0.04408  9.00164e-03 | 29  0.03100  4.90050e-04 | 30  0.06176  7.67593e-03
 31  0.02636 -8.84656e-03 | 32  0.10865  7.48864e-03 | 33 -0.01559  3.30992e-03
 34 -0.02618  7.32828e-04 | 35  0.03407  3.21775e-03 | 36 -0.31781 -2.59709e-03
 37  0.22031  2.58055e-02 | 38  0.20930  9.31089e-02 | 39  0.22257  7.32639e-03
 40  0.20350 -3.41239e-03 | 41 -0.10842  2.03358e-01 | 42 -0.54503  2.33538e-01
 43  0.33098  4.33643e-04 | 44 -0.34483 -4.37083e-03 | 45  0.99998 -6.56382e-03
 46 -0.99704 -1.76926e-03 | 47  0.99993  4.30107e-04 | 48 -0.71029  1.21488e-04
 49 -1.94406 -4.36984e-02 | 50 -0.05987  2.55357e-01 | 51 -0.36792  3.39829e-03
 52 -0.68854  1.20614e-01 |
52 variables; iteration 400; function evaluation 489; phase 3
Function value 3.0258752e+03; maximum gradient component mag 1.7637e-01
Var    Value     Gradient |Var    Value     Gradient |Var    Value     Gradient
  1  0.07850  1.34700e-01 |  2 -0.01778 -9.35075e-04 |  3  0.02183  3.49486e-04
  4 -0.01822 -6.79883e-04 |  5 -0.13581 -2.22669e-03 |  6 -0.02105 -4.17392e-04
  7 -0.10806 -2.20439e-03 |  8 -0.07820 -1.84485e-03 |  9 -0.00854 -1.16997e-03
 10  0.09827  2.89651e-03 | 11 -0.03004 -5.51093e-04 | 12  0.01948  1.15994e-03
 13  0.01545 -1.41731e-04 | 14  0.06108  3.22219e-03 | 15  0.01582 -6.55245e-04
 16 -0.05341 -2.23931e-03 | 17  0.00837 -1.50321e-03 | 18  0.08639  1.39435e-03
 19  0.12807  3.46916e-03 | 20 -0.02931 -1.75010e-03 | 21 -0.01113 -1.22816e-03
 22 -0.02066 -4.96639e-05 | 23 -0.05779 -1.75422e-03 | 24  0.03959  1.89003e-03
 25  0.06534  2.30056e-03 | 26  0.05159  3.83289e-03 | 27  0.01996 -5.59027e-05
 28  0.04408  2.69958e-03 | 29  0.03100  3.24863e-04 | 30  0.06176  1.63699e-03
 31  0.02636 -2.32864e-03 | 32  0.10865  5.46615e-03 | 33 -0.01559 -5.34641e-04
 34 -0.02618 -1.70393e-03 | 35  0.03407 -1.15269e-03 | 36 -0.31781 -1.56536e-03
 37  0.22031  1.35683e-02 | 38  0.20930  2.45496e-02 | 39  0.22257  6.27431e-03
 40  0.20350  1.35421e-02 | 41 -0.18703  7.05781e-02 | 42 -0.56856  1.76373e-01
 43  0.33098  4.56280e-04 | 44 -0.34483 -1.20852e-03 | 45  0.99999 -7.83394e-04
 46 -0.99703 -2.81981e-04 | 47  0.99992  6.88573e-05 | 48 -0.71029  5.45338e-05
 49 -1.99668 -2.27662e-02 | 50 -0.00723  8.58745e-02 | 51 -0.34457 -8.03774e-04
 52 -0.64873  1.09063e-01 |
52 variables; iteration 420; function evaluation 513; phase 3
Function value 3.0258752e+03; maximum gradient component mag 1.0236e-01
Var    Value     Gradient |Var    Value     Gradient |Var    Value     Gradient
  1  0.07850  7.19309e-03 |  2 -0.01778 -9.09417e-04 |  3  0.02183  7.27834e-04
  4 -0.01822 -3.27516e-04 |  5 -0.13581 -1.02287e-03 |  6 -0.02105 -2.66035e-04
  7 -0.10806 -1.33889e-03 |  8 -0.07820 -3.54078e-04 |  9 -0.00854 -3.37480e-04
 10  0.09827  5.45788e-04 | 11 -0.03004 -7.02684e-04 | 12  0.01948 -1.57330e-04
 13  0.01545 -2.52706e-03 | 14  0.06108 -3.24623e-04 | 15  0.01582  2.99910e-04
 16 -0.05341 -2.73630e-03 | 17  0.00837 -1.15420e-03 | 18  0.08639 -9.82094e-04
 19  0.12807  2.44869e-04 | 20 -0.02931 -1.30921e-03 | 21 -0.01113 -3.91175e-04
 22 -0.02066 -2.02360e-03 | 23 -0.05779 -1.96351e-03 | 24  0.03959  5.04382e-05
 25  0.06534  1.53118e-03 | 26  0.05159 -2.07414e-03 | 27  0.01996  1.40920e-03
 28  0.04408 -1.20122e-03 | 29  0.03100 -1.64867e-04 | 30  0.06176 -1.64032e-03
 31  0.02636  1.26907e-03 | 32  0.10865  2.17563e-03 | 33 -0.01559 -1.26104e-03
 34 -0.02618 -1.54239e-03 | 35  0.03407 -1.16243e-03 | 36 -0.31781 -4.06120e-04
 37  0.22031  4.37323e-03 | 38  0.20930 -2.44767e-02 | 39  0.22257 -1.77962e-03
 40  0.20350  1.06677e-02 | 41 -0.23574 -2.13852e-02 | 42 -0.58656  1.02363e-01
 43  0.33098 -3.57692e-04 | 44 -0.34483  1.13100e-03 | 45  0.99999  1.62363e-03
 46 -0.99703  5.10479e-04 | 47  0.99992 -1.25925e-04 | 48 -0.71029  6.07608e-05
 49 -2.02834 -5.42864e-03 | 50  0.02443 -3.66107e-02 | 51 -0.32772 -2.61049e-03
 52 -0.62188  7.09759e-02 |
52 variables; iteration 440; function evaluation 534; phase 3
Function value 3.0258752e+03; maximum gradient component mag -2.5845e-02
Var    Value     Gradient |Var    Value     Gradient |Var    Value     Gradient
  1  0.07850 -2.33726e-02 |  2 -0.01778 -1.37552e-04 |  3  0.02183  2.04071e-04
  4 -0.01822 -5.13085e-05 |  5 -0.13581  1.97957e-05 |  6 -0.02105 -4.33700e-05
  7 -0.10806 -1.10404e-04 |  8 -0.07820  1.83479e-04 |  9 -0.00854  7.99385e-05
 10  0.09827 -4.54833e-04 | 11 -0.03004 -2.08433e-04 | 12  0.01948 -3.50242e-04
 13  0.01545 -8.47911e-04 | 14  0.06108 -8.38169e-04 | 15  0.01582  2.38225e-04
 16 -0.05341 -6.39164e-04 | 17  0.00837 -1.50917e-04 | 18  0.08639 -7.78561e-04
 19  0.12807 -7.23260e-04 | 20 -0.02931 -1.81489e-04 | 21 -0.01113  2.15827e-04
 22 -0.02066 -6.48911e-04 | 23 -0.05779 -4.01153e-04 | 24  0.03959 -3.80575e-04
 25  0.06534  3.21613e-04 | 26  0.05159 -1.59662e-03 | 27  0.01996  6.05670e-04
 28  0.04408 -9.75563e-04 | 29  0.03100 -8.06375e-05 | 30  0.06176 -9.41054e-04
 31  0.02636  1.02171e-03 | 32  0.10865 -3.30329e-04 | 33 -0.01559 -4.35772e-04
 34 -0.02618 -2.35287e-04 | 35  0.03407 -4.08877e-04 | 36 -0.31781  1.59344e-04
 37  0.22031 -1.68713e-03 | 38  0.20930 -1.23868e-02 | 39  0.22257 -1.04278e-03
 40  0.20350  1.45271e-03 | 41 -0.25301 -1.95513e-02 | 42 -0.59381 -4.01495e-03
 43  0.33098 -5.89510e-05 | 44 -0.34483  5.87577e-04 | 45  0.99999  9.21554e-04
 46 -0.99703  2.47693e-04 | 47  0.99992 -5.37197e-05 | 48 -0.71029 -3.64357e-06
 49 -2.03936  2.50159e-03 | 50  0.03544 -2.58450e-02 | 51 -0.32119 -9.48131e-04
 52 -0.61181 -4.84931e-03 |
52 variables; iteration 460; function evaluation 559; phase 3
Function value 3.0258752e+03; maximum gradient component mag -3.8056e-01
Var    Value     Gradient |Var    Value     Gradient |Var    Value     Gradient
  1  0.07850 -8.10012e-02 |  2 -0.01778  2.52107e-03 |  3  0.02183 -7.71773e-04
  4 -0.01822  1.28634e-03 |  5 -0.13581  2.78806e-03 |  6 -0.02105  7.29935e-04
  7 -0.10806  3.22464e-03 |  8 -0.07820  1.79817e-03 |  9 -0.00854  1.18640e-03
 10  0.09827 -1.25104e-03 | 11 -0.03004  1.48049e-03 | 12  0.01948 -3.18866e-04
 13  0.01545 -1.21760e-04 | 14  0.06108  4.08872e-04 | 15  0.01582 -1.60953e-03
 16 -0.05341  1.03842e-03 | 17  0.00837  3.89397e-04 | 18  0.08639  3.27929e-03
 19  0.12807  3.68369e-03 | 20 -0.02931  9.40849e-04 | 21 -0.01113 -1.53538e-04
 22 -0.02066  1.88913e-03 | 23 -0.05779 -3.65577e-04 | 24  0.03959  1.36825e-04
 25  0.06534 -2.12002e-03 | 26  0.05159  2.76814e-03 | 27  0.01996 -3.59012e-03
 28  0.04408  1.88965e-03 | 29  0.03100  1.76067e-04 | 30  0.06176  2.71294e-03
 31  0.02636 -3.58846e-03 | 32  0.10865 -6.58122e-04 | 33 -0.01559  1.02770e-03
 34 -0.02618  1.68794e-03 | 35  0.03407  9.56889e-03 | 36 -0.31781  2.11887e-03
 37  0.22031 -3.09390e-03 | 38  0.20930  3.76454e-02 | 39  0.22257  1.48691e-03
 40  0.20350 -1.73493e-02 | 41 -0.26268 -2.53615e-01 | 42 -0.61005  3.55935e-01
 43  0.33098  1.05924e-03 | 44 -0.34483 -2.00289e-03 | 45  0.99998 -2.92963e-03
 46 -0.99704 -8.12398e-04 | 47  0.99993  2.08459e-04 | 48 -0.71029 -6.78788e-05
 49 -2.04548  1.86521e-02 | 50  0.04157 -3.80564e-01 | 51 -0.30701  1.77570e-02
 52 -0.59051  2.69136e-01 |
52 variables; iteration 480; function evaluation 581; phase 3
Function value 3.0258751e+03; maximum gradient component mag 3.8983e-01
Var    Value     Gradient |Var    Value     Gradient |Var    Value     Gradient
  1  0.07850  2.07965e-01 |  2 -0.01778 -2.98547e-03 |  3  0.02183  2.03722e-03
  4 -0.01822 -1.84493e-03 |  5 -0.13581 -4.62020e-03 |  6 -0.02105 -8.11428e-04
  7 -0.10806 -5.20189e-03 |  8 -0.07820 -3.31937e-03 |  9 -0.00854 -2.07034e-03
 10  0.09827  3.71787e-03 | 11 -0.03004 -1.84918e-03 | 12  0.01948  2.04502e-03
 13  0.01545 -5.55318e-04 | 14  0.06108  3.56373e-03 | 15  0.01582  1.24741e-03
 16 -0.05341 -3.71884e-03 | 17  0.00837 -1.79115e-03 | 18  0.08639 -1.28704e-03
 19  0.12807  1.24846e-03 | 20 -0.02931 -3.24467e-03 | 21 -0.01113 -5.96408e-04
 22 -0.02066 -2.18551e-03 | 23 -0.05779 -2.56203e-03 | 24  0.03959  2.27848e-03
 25  0.06534  4.22221e-03 | 26  0.05159  9.98995e-04 | 27  0.01996  2.84416e-03
 28  0.04408  9.24119e-04 | 29  0.03100  4.21244e-05 | 30  0.06176 -9.35267e-04
 31  0.02636  1.16202e-03 | 32  0.10865  7.33188e-03 | 33 -0.01559 -1.30152e-03
 34 -0.02618 -3.15305e-03 | 35  0.03407 -8.39869e-03 | 36 -0.31781 -3.48274e-03
 37  0.22031  1.98650e-02 | 38  0.20930 -1.84954e-02 | 39  0.22257  1.83192e-03
 40  0.20350  2.62811e-02 | 41 -0.19178  2.81384e-01 | 42 -0.63171 -6.74431e-02
 43  0.33098 -6.75840e-04 | 44 -0.34483  9.73617e-04 | 45  0.99999  1.94816e-03
 46 -0.99703  5.96906e-04 | 47  0.99992 -1.32835e-04 | 48 -0.71029  1.36687e-04
 49 -1.99980 -4.02142e-02 | 50 -0.00410  3.89830e-01 | 51 -0.28915 -1.41650e-02
 52 -0.56463 -5.01135e-02 |
52 variables; iteration 500; function evaluation 606; phase 3
Function value 3.0258750e+03; maximum gradient component mag -9.9050e-02
Var    Value     Gradient |Var    Value     Gradient |Var    Value     Gradient
  1  0.07850 -5.47591e-02 |  2 -0.01778 -3.19935e-04 |  3  0.02183 -1.21582e-03
  4 -0.01822  2.42238e-04 |  5 -0.13581  3.48444e-04 |  6 -0.02105 -4.75903e-04
  7 -0.10806  4.88990e-04 |  8 -0.07820  6.06032e-04 |  9 -0.00854  6.75642e-05
 10  0.09827 -4.92384e-04 | 11 -0.03004 -1.22504e-04 | 12  0.01948 -1.05016e-03
 13  0.01545 -1.26122e-03 | 14  0.06108 -2.05491e-03 | 15  0.01582 -3.58069e-04
 16 -0.05341 -6.70634e-04 | 17  0.00837 -5.18297e-04 | 18  0.08639 -4.18869e-04
 19  0.12807 -1.58263e-03 | 20 -0.02931  4.44336e-04 | 21 -0.01113 -1.04280e-03
 22 -0.02066 -1.15110e-03 | 23 -0.05779  2.28656e-04 | 24  0.03959 -9.43385e-04
 25  0.06534 -4.79023e-05 | 26  0.05159 -1.60981e-03 | 27  0.01996  6.29578e-04
 28  0.04408 -1.45624e-03 | 29  0.03100 -1.14205e-04 | 30  0.06176 -1.04481e-03
 31  0.02636  4.84979e-04 | 32  0.10865 -1.10433e-03 | 33 -0.01559 -5.91657e-04
 34 -0.02618 -6.40753e-04 | 35  0.03407  6.26972e-05 | 36 -0.31781  5.24295e-04
 37  0.22031 -4.39048e-03 | 38  0.20930 -1.50054e-02 | 39  0.22257 -1.27632e-03
 40  0.20350  5.67144e-03 | 41 -0.11542 -7.35408e-02 | 42 -0.64715  2.33479e-02
 43  0.33098 -3.20095e-04 | 44 -0.34483  6.99435e-04 | 45  0.99999  9.16721e-04
 46 -0.99703  2.09055e-04 | 47  0.99992 -6.76399e-05 | 48 -0.71029  3.88757e-05
 49 -1.94879  8.97550e-03 | 50 -0.05513 -9.90499e-02 | 51 -0.27711  1.35163e-03
 52 -0.54771  2.11600e-02 |
52 variables; iteration 520; function evaluation 629; phase 3
Function value 3.0258750e+03; maximum gradient component mag 6.3582e-03
Var    Value     Gradient |Var    Value     Gradient |Var    Value     Gradient
  1  0.07850  2.24866e-03 |  2 -0.01778  2.28204e-04 |  3  0.02183 -4.89691e-05
  4 -0.01822  8.42208e-05 |  5 -0.13581  2.01595e-04 |  6 -0.02105  1.10809e-04
  7 -0.10806  2.59645e-04 |  8 -0.07820  5.00068e-05 |  9 -0.00854  8.17710e-05
 10  0.09827  1.45076e-05 | 11 -0.03004  1.74644e-04 | 12  0.01948  1.06490e-04
 13  0.01545  4.53232e-04 | 14  0.06108  2.76921e-04 | 15  0.01582 -9.43724e-05
 16 -0.05341  4.96786e-04 | 17  0.00837  2.10336e-04 | 18  0.08639  3.41576e-04
 19  0.12807  2.94096e-04 | 20 -0.02931  2.01406e-04 | 21 -0.01113  7.76227e-05
 22 -0.02066  4.53186e-04 | 23 -0.05779  2.79124e-04 | 24  0.03959  8.93950e-05
 25  0.06534 -3.31198e-04 | 26  0.05159  6.07968e-04 | 27  0.01996 -3.81163e-04
 28  0.04408  4.13046e-04 | 29  0.03100  2.70379e-05 | 30  0.06176  4.43072e-04
 31  0.02636 -4.15525e-04 | 32  0.10865 -2.17189e-04 | 33 -0.01559  2.70364e-04
 34 -0.02618  3.13611e-04 | 35  0.03407  5.20042e-04 | 36 -0.31781  7.26973e-05
 37  0.22031 -1.33392e-04 | 38  0.20930  6.35817e-03 | 39  0.22257  3.56099e-04
 40  0.20350 -2.45904e-03 | 41 -0.09851  3.81415e-04 | 42 -0.65035 -1.37755e-03
 43  0.33098  8.16663e-05 | 44 -0.34483 -3.01680e-04 | 45  0.99999 -5.08190e-04
 46 -0.99703 -1.31652e-04 | 47  0.99992  3.06860e-05 | 48 -0.71029 -9.64560e-06
 49 -1.93729  3.65045e-04 | 50 -0.06664  1.00039e-03 | 51 -0.27467  7.54863e-04
 52 -0.54433 -1.60625e-03 |
52 variables; iteration 540; function evaluation 650; phase 3
Function value 3.0258750e+03; maximum gradient component mag -1.3492e-02
Var    Value     Gradient |Var    Value     Gradient |Var    Value     Gradient
  1  0.07850 -5.05923e-03 |  2 -0.01778  1.94221e-04 |  3  0.02183 -5.30556e-05
  4 -0.01822  9.39894e-05 |  5 -0.13581  2.20993e-04 |  6 -0.02105  7.69363e-05
  7 -0.10806  2.57662e-04 |  8 -0.07820  1.17785e-04 |  9 -0.00854  9.66892e-05
 10  0.09827 -9.94813e-05 | 11 -0.03004  1.25727e-04 | 12  0.01948 -1.37056e-05
 13  0.01545  1.76284e-04 | 14  0.06108  3.49665e-05 | 15  0.01582 -8.11343e-05
 16 -0.05341  2.80591e-04 | 17  0.00837  1.36305e-04 | 18  0.08639  1.88265e-04
 19  0.12807  1.42065e-04 | 20 -0.02931  1.51028e-04 | 21 -0.01113  6.17336e-05
 22 -0.02066  2.51387e-04 | 23 -0.05779  1.48506e-04 | 24  0.03959 -1.66804e-05
 25  0.06534 -2.55595e-04 | 26  0.05159  2.35578e-04 | 27  0.01996 -2.48959e-04
 28  0.04408  1.55448e-04 | 29  0.03100  1.56340e-05 | 30  0.06176  2.29819e-04
 31  0.02636 -2.18096e-04 | 32  0.10865 -2.48424e-04 | 33 -0.01559  1.39703e-04
 34 -0.02618  2.14917e-04 | 35  0.03407  5.08408e-04 | 36 -0.31781  1.39249e-04
 37  0.22031 -5.55894e-04 | 38  0.20930  3.37392e-03 | 39  0.22257  1.21424e-04
 40  0.20350 -1.84087e-03 | 41 -0.09110 -1.01021e-02 | 42 -0.64625  5.04103e-03
 43  0.33098  6.55906e-05 | 44 -0.34483 -1.65453e-04 | 45  0.99999 -1.79952e-04
 46 -0.99703 -7.40233e-05 | 47  0.99992  1.91010e-05 | 48 -0.71029 -8.35072e-06
 49 -1.93222  1.28987e-03 | 50 -0.07171 -1.34925e-02 | 51 -0.27779  8.09564e-04
 52 -0.54866  4.20087e-03 |
Warning: the following parameters had issues
  selparm[5] is within 0.1% of upper bound: -1.00000e+00 < 1.50000e+01 < 1.50000e+01
  selparm[6] is within 0.1% of lower bound: -1.00000e+00 < -9.99886e-01 < 2.00000e+01
  selparm[7] is within 0.1% of upper bound: -3.00000e+00 < 1.50000e+01 < 1.50000e+01


 - final statistics:
52 variables; iteration 552; function evaluation 662
Function value 3.0259e+03; maximum gradient component mag 9.4795e-05
Exit code = 1;  converg criter 1.0000e-04
Var    Value     Gradient |Var    Value     Gradient |Var    Value     Gradient
  1  0.07850  4.15003e-05 |  2 -0.01778  9.00179e-07 |  3  0.02183 -2.78738e-07
  4 -0.01822  1.10829e-07 |  5 -0.13581  6.03691e-07 |  6 -0.02105  4.67600e-07
  7 -0.10806  8.57386e-07 |  8 -0.07820 -7.95074e-08 |  9 -0.00854  1.55042e-07
 10  0.09827  2.40828e-07 | 11 -0.03004  8.50090e-07 | 12  0.01948  1.07470e-06
 13  0.01545  3.09856e-06 | 14  0.06108  1.91750e-06 | 15  0.01582 -2.19913e-07
 16 -0.05341  3.01506e-06 | 17  0.00837  1.08124e-06 | 18  0.08639  1.78885e-06
 19  0.12807  1.26123e-06 | 20 -0.02931  1.20947e-06 | 21 -0.01113  4.69955e-07
 22 -0.02066  2.56685e-06 | 23 -0.05779  1.71664e-06 | 24  0.03959  7.06796e-07
 25  0.06534 -1.27753e-06 | 26  0.05159  3.54863e-06 | 27  0.01996 -1.98134e-06
 28  0.04408  2.54560e-06 | 29  0.03100  1.19467e-07 | 30  0.06176  2.25400e-06
 31  0.02636 -2.09143e-06 | 32  0.10865 -1.14855e-06 | 33 -0.01559  1.69620e-06
 34 -0.02618  1.74163e-06 | 35  0.03407  1.52621e-06 | 36 -0.31781 -1.57325e-07
 37  0.22031  1.27132e-06 | 38  0.20930  3.41165e-05 | 39  0.22257  2.15680e-06
 40  0.20350 -1.17440e-05 | 41 -0.09317  6.71539e-05 | 42 -0.64544 -6.50509e-05
 43  0.33098  2.04023e-07 | 44 -0.34483 -1.53499e-06 | 45  0.99999  1.55378e-06
 46 -0.99703 -6.70992e-07 | 47  0.99992  2.64412e-07 | 48 -0.71029 -5.23621e-08
 49 -1.93364 -3.31255e-06 | 50 -0.07029  9.47953e-05 | 51 -0.27841  1.81173e-06
 52 -0.54952 -6.21931e-05 |
Estimating row 1 out of 52 for hessian
Estimating row 2 out of 52 for hessian
Estimating row 3 out of 52 for hessian
Estimating row 4 out of 52 for hessian
Estimating row 5 out of 52 for hessian
Estimating row 6 out of 52 for hessian
Estimating row 7 out of 52 for hessian
Estimating row 8 out of 52 for hessian
Estimating row 9 out of 52 for hessian
Estimating row 10 out of 52 for hessian
Estimating row 11 out of 52 for hessian
Estimating row 12 out of 52 for hessian
Estimating row 13 out of 52 for hessian
Estimating row 14 out of 52 for hessian
Estimating row 15 out of 52 for hessian
Estimating row 16 out of 52 for hessian
Estimating row 17 out of 52 for hessian
Estimating row 18 out of 52 for hessian
Estimating row 19 out of 52 for hessian
Estimating row 20 out of 52 for hessian
Estimating row 21 out of 52 for hessian
Estimating row 22 out of 52 for hessian
Estimating row 23 out of 52 for hessian
Estimating row 24 out of 52 for hessian
Estimating row 25 out of 52 for hessian
Estimating row 26 out of 52 for hessian
Estimating row 27 out of 52 for hessian
Estimating row 28 out of 52 for hessian
Estimating row 29 out of 52 for hessian
Estimating row 30 out of 52 for hessian
Estimating row 31 out of 52 for hessian
Estimating row 32 out of 52 for hessian
Estimating row 33 out of 52 for hessian
Estimating row 34 out of 52 for hessian
Estimating row 35 out of 52 for hessian
Estimating row 36 out of 52 for hessian
Estimating row 37 out of 52 for hessian
Estimating row 38 out of 52 for hessian
Estimating row 39 out of 52 for hessian
Estimating row 40 out of 52 for hessian
Estimating row 41 out of 52 for hessian
Estimating row 42 out of 52 for hessian
Estimating row 43 out of 52 for hessian
Estimating row 44 out of 52 for hessian
Estimating row 45 out of 52 for hessian
Estimating row 46 out of 52 for hessian
Estimating row 47 out of 52 for hessian
Estimating row 48 out of 52 for hessian
Estimating row 49 out of 52 for hessian
Estimating row 50 out of 52 for hessian
Estimating row 51 out of 52 for hessian
Estimating row 52 out of 52 for hessian
size of file gradfil1.tmp = 0
size of file gradfil2.tmp = 0
size of file varssave.tmp = 0
size of file cmpdiff.tmp = 0
