
Initial statistics: 36 variables; iteration 0; function evaluation 0; phase 1
Function value 1.7976995e+04; maximum gradient component mag -6.6168e+04
Var    Value     Gradient |Var    Value     Gradient |Var    Value     Gradient
  1  0.00657 -6.61679e+04 |  2  0.03772  6.87628e+02 |  3  0.09371  4.97781e+02
  4 -0.05170  5.16344e+02 |  5 -0.21119  6.96610e+02 |  6 -0.05144  2.87721e+02
  7 -0.08467  9.82835e+02 |  8 -0.04631  8.43536e+02 |  9  0.03699  6.02278e+02
 10  0.10207 -9.76897e+01 | 11 -0.06809  3.53439e+02 | 12  0.04847  9.23052e+02
 13  0.03990 -5.49808e+01 | 14  0.04328 -2.40126e+03 | 15  0.02595 -1.68616e+03
 16 -0.01470 -1.92518e+03 | 17 -0.05869 -1.69795e+03 | 18  0.00777 -8.75825e+02
 19  0.02954 -1.47929e+02 | 20  0.01037 -6.62451e+02 | 21 -0.14870 -1.04515e+02
 22 -0.03348 -2.14235e+02 | 23  0.07588 -3.15292e+02 | 24  0.00800 -9.02708e+02
 25 -0.06051 -8.21108e+02 | 26  0.06072 -9.64342e+02 | 27 -0.00376  3.02112e+02
 28 -0.00046 -2.09827e+03 | 29  0.03397  7.89886e+02 | 30  0.03710  1.96392e+02
 31  0.03270  1.69379e+03 | 32  0.03932  4.10610e+02 | 33 -0.00631  9.25937e+02
 34  0.03600  9.42936e+02 | 35  0.07298  1.01389e+03 | 36 -0.03692  2.25047e+03

Intermediate statistics: 36 variables; iteration 20; function evaluation 31; phase 1
Function value 1.5490860e+04; maximum gradient component mag 2.6814e+03
Var    Value     Gradient |Var    Value     Gradient |Var    Value     Gradient
  1  0.04378  2.68141e+03 |  2 -0.01251  2.05842e+00 |  3  0.03408 -9.30192e+00
  4  0.01568  9.09497e+01 |  5 -0.08826  8.26058e+01 |  6  0.01634  1.42581e+02
  7 -0.12336 -1.66204e+01 |  8 -0.09351  7.55333e+00 |  9 -0.03569 -2.46933e+00
 10  0.08411  9.96501e+01 | 11 -0.08083  5.96028e+01 | 12 -0.10796 -5.86650e+01
 13  0.06771  4.58498e+01 | 14  0.11168 -5.13552e+01 | 15  0.08184 -2.73882e+01
 16  0.13664 -1.09825e+02 | 17  0.04574 -5.24044e+01 | 18  0.16542  8.86557e+00
 19  0.07027  3.13177e+01 | 20 -0.00228  1.27718e+02 | 21 -0.01167 -6.91305e+01
 22  0.01949  6.25368e+01 | 23  0.08678  7.35494e+01 | 24  0.07632 -3.38786e+01
 25  0.01615  8.90879e+01 | 26  0.11613  1.00378e+02 | 27 -0.06014  3.35749e+02
 28  0.04392  8.30459e+02 | 29 -0.04322  2.72246e+02 | 30  0.10169  4.80593e+02
 31 -0.20639  4.59331e+02 | 32  0.01843 -1.24028e+02 | 33  0.01179  4.88616e+01
 34 -0.10041  1.66946e+02 | 35 -0.00660 -7.49066e+02 | 36 -0.28795  9.03852e+01
36 variables; iteration 40; function evaluation 59; phase 1
Function value 1.5437943e+04; maximum gradient component mag -1.2007e+03
Var    Value     Gradient |Var    Value     Gradient |Var    Value     Gradient
  1  0.04097 -1.20075e+03 |  2 -0.01369  2.26016e+01 |  3  0.02669  1.39870e+01
  4 -0.01095  9.57873e+01 |  5 -0.14367  5.24293e+01 |  6 -0.03040  7.21630e+01
  7 -0.13486  3.70418e+01 |  8 -0.09055  4.39186e+01 |  9 -0.00008  9.24259e+01
 10  0.07974  7.63369e+01 | 11 -0.06477  1.05750e+02 | 12 -0.05930  3.49588e+01
 13  0.06242 -1.70680e+01 | 14  0.12702  1.06507e+02 | 15  0.09711  1.17040e+02
 16  0.16444  3.00306e+01 | 17  0.05602  3.72128e+01 | 18  0.15631 -6.19657e+01
 19  0.07866  7.13210e+01 | 20 -0.00432  7.80092e+01 | 21 -0.00868 -7.45221e+01
 22  0.01806  3.78805e+01 | 23  0.09157  9.38852e+01 | 24  0.08575  3.14646e+01
 25  0.01287  4.76786e+01 | 26  0.12110  5.53470e+01 | 27 -0.05861  1.48577e+02
 28  0.00863 -2.65416e+02 | 29 -0.03925  9.89449e+01 | 30  0.09174  1.07356e+02
 31 -0.23319  1.62595e+02 | 32  0.02204 -1.81941e+02 | 33  0.01394  1.47783e+01
 34 -0.10062  1.44088e+02 | 35  0.01688 -4.49656e+02 | 36 -0.32216  8.03537e+01

 - final statistics:
36 variables; iteration 60; function evaluation 84
Function value 1.5406e+04; maximum gradient component mag 4.0054e+00
Exit code = 1;  converg criter 1.0000e+01
Var    Value     Gradient |Var    Value     Gradient |Var    Value     Gradient
  1  0.03823  4.00539e+00 |  2 -0.00219 -1.28316e-02 |  3  0.03552 -1.61046e-03
  4 -0.02716 -1.88373e-01 |  5 -0.15196 -7.04418e-02 |  6 -0.03854 -2.89280e-01
  7 -0.13639 -6.74950e-02 |  8 -0.08809  7.99924e-02 |  9 -0.00860 -1.21014e-02
 10  0.08985  1.70139e-01 | 11 -0.07528 -6.41180e-01 | 12 -0.04917  1.21037e-01
 13  0.07498 -8.56823e-02 | 14  0.12743 -1.06976e-01 | 15  0.09528 -2.34256e-01
 16  0.17536 -5.63174e-01 | 17  0.06092 -6.58929e-02 | 18  0.18089 -3.74260e-01
 19  0.08072 -2.32116e-01 | 20 -0.00267 -2.12558e-02 | 21  0.00812 -3.14379e-01
 22  0.02414 -1.99809e-01 | 23  0.09035 -9.59557e-02 | 24  0.09244 -1.73875e-01
 25  0.01697 -2.51472e-01 | 26  0.12946 -3.36775e-01 | 27 -0.06881 -2.06298e-02
 28  0.02347  7.69897e-01 | 29 -0.03844 -2.95171e-01 | 30  0.11046  7.90919e-01
 31 -0.34314 -2.38399e-01 | 32  0.03565  2.22775e-01 | 33  0.02220  2.64506e-01
 34 -0.10926  1.69432e-01 | 35  0.06172  1.34509e+00 | 36 -0.44220  4.33827e-01

Initial statistics: 46 variables; iteration 0; function evaluation 0; phase 2
Function value 1.5406248e+04; maximum gradient component mag 3.4132e+04
Var    Value     Gradient |Var    Value     Gradient |Var    Value     Gradient
  1  0.03823  4.00539e+00 |  2 -0.00219  7.25574e-04 |  3  0.03552  1.19257e-02
  4 -0.02716 -1.74828e-01 |  5 -0.15196 -5.72689e-02 |  6 -0.03854 -2.75748e-01
  7 -0.13639 -5.42477e-02 |  8 -0.08809  9.34201e-02 |  9 -0.00860  1.45462e-03
 10  0.08985  1.83562e-01 | 11 -0.07528 -6.27718e-01 | 12 -0.04916  1.34554e-01
 13  0.07498 -7.22190e-02 | 14  0.12743 -9.36898e-02 | 15  0.09528 -2.20850e-01
 16  0.17536 -5.50127e-01 | 17  0.06092 -5.23977e-02 | 18  0.18089 -3.61246e-01
 19  0.08073 -2.18668e-01 | 20 -0.00267 -7.69865e-03 | 21  0.00812 -3.00823e-01
 22  0.02414 -1.86261e-01 | 23  0.09035 -8.25347e-02 | 24  0.09245 -1.60460e-01
 25  0.01697 -2.37920e-01 | 26  0.12946 -3.23497e-01 | 27 -0.06881 -7.15166e-03
 28  0.02347  7.83445e-01 | 29 -0.03844 -2.81639e-01 | 30  0.11046  8.04273e-01
 31 -0.34314 -2.26764e-01 | 32  0.03565  2.36311e-01 | 33  0.02220  2.78055e-01
 34 -0.10926  1.82791e-01 | 35  0.06172  1.35858e+00 | 36 -0.44220  4.44243e-01
 37  0.29891  1.90504e+04 | 38  0.23446 -7.53808e+03 | 39  0.24074 -6.08184e+01
 40  0.47889  3.41317e+04 | 41 -0.11284 -1.66820e+04 | 42 -0.88721  5.00741e+03
 43 -0.00326  3.23991e+01 | 44 -0.01889 -2.46725e+04 | 45 -0.19184 -8.27081e+01
 46 -0.85749  4.82479e+03 |

Intermediate statistics: 46 variables; iteration 20; function evaluation 34; phase 2
Function value 1.0751671e+04; maximum gradient component mag 1.3943e+04
Var    Value     Gradient |Var    Value     Gradient |Var    Value     Gradient
  1  0.27281  6.58804e+02 |  2 -0.01705  2.10029e+02 |  3  0.09247  2.73798e+02
  4  0.02034  1.75850e+02 |  5 -0.14427  1.66119e+02 |  6  0.08843  2.25066e+02
  7 -0.03910  1.78790e+02 |  8  0.06182  2.43663e+02 |  9  0.34447  3.23781e+02
 10  0.34333  3.75811e+01 | 11  0.36235  3.50507e+02 | 12  0.43986  2.15826e+02
 13  0.19637  5.77323e+01 | 14  0.01194  5.14409e+01 | 15 -0.20197  3.82642e+02
 16  0.36036  1.54193e+02 | 17 -0.47523  1.31615e+02 | 18  0.41349 -1.13537e+02
 19  0.24330  1.65633e+02 | 20 -1.42245 -8.65996e+01 | 21  0.53759  3.05232e+02
 22 -0.62799  6.70339e+01 | 23  0.42244  5.59313e+02 | 24 -0.57483  9.14720e+01
 25  0.32404 -3.26146e+02 | 26 -0.33362  2.44468e+02 | 27 -0.17896  5.92080e+02
 28  0.18369  1.24184e+02 | 29 -0.68161  3.07635e+00 | 30  0.12366 -3.22260e+01
 31  0.07443  8.59748e+02 | 32  0.18212 -1.87134e+01 | 33 -0.37266  7.22314e+01
 34 -0.04389  2.67556e+02 | 35 -0.19536  3.05049e+02 | 36 -1.63421 -4.63227e+02
 37  0.06328 -1.02412e+04 | 38  0.19007  1.17576e+03 | 39  0.09754  2.65572e+02
 40  0.21740  1.39431e+04 | 41  1.17959  2.35701e+03 | 42 -1.14768 -7.35902e+03
 43 -1.08844  9.15649e+00 | 44 -1.22783  4.29097e+03 | 45  0.43671  3.54235e+01
 46 -1.02564 -9.80108e+02 |
46 variables; iteration 40; function evaluation 64; phase 2
Function value 9.8312776e+03; maximum gradient component mag -1.9223e+04
Var    Value     Gradient |Var    Value     Gradient |Var    Value     Gradient
  1  0.33761 -3.75285e+03 |  2  0.00244  1.96071e+02 |  3  0.08040  2.71874e+02
  4 -0.01212  8.72006e+01 |  5 -0.26209  3.80371e+01 |  6  0.09320  1.71779e+02
  7 -0.00286  1.71439e+02 |  8  0.07420  2.21825e+02 |  9  0.14776  1.79201e+02
 10  0.15092 -1.70193e+02 | 11  0.39495  1.24644e+02 | 12  1.52829 -3.60362e+01
 13  1.44256  3.36261e+00 | 14 -1.74428  8.62428e+00 | 15 -0.77884  4.47076e+01
 16  0.22365 -2.22155e+01 | 17  0.58541  5.91962e+01 | 18  0.47416  7.20659e+01
 19  0.65267 -1.46123e+02 | 20 -1.56996 -6.28795e+01 | 21  2.63495 -8.09914e+01
 22 -1.63002 -1.21326e+02 | 23  0.10576  2.75959e+02 | 24 -1.66748 -2.86915e+02
 25  0.89569 -5.13390e+01 | 26 -1.38979 -4.76544e+01 | 27  0.06943  6.40834e+02
 28  0.20775  3.06819e+02 | 29 -0.64472 -2.40823e+00 | 30  0.34716 -5.05225e+01
 31 -0.26673  2.55908e+02 | 32  0.56081  6.84909e-02 | 33 -0.40614  6.95487e+01
 34 -0.46826 -7.18739e+01 | 35 -0.16537 -2.13082e+02 | 36 -1.73432 -3.37235e+02
 37 -0.01927 -1.92230e+04 | 38  0.18801  7.56371e+03 | 39  0.04245  8.18311e+02
 40  0.12867  1.45329e+03 | 41  1.52679  5.32587e+03 | 42 -1.13719 -4.16626e+03
 43 -1.60400  4.43830e+01 | 44 -1.59244  8.39480e+03 | 45  0.41260  5.48995e+01
 46 -1.05494 -1.27360e+03 |
46 variables; iteration 60; function evaluation 85; phase 2
Function value 7.2646835e+03; maximum gradient component mag -4.9512e+03
Var    Value     Gradient |Var    Value     Gradient |Var    Value     Gradient
  1  0.43039 -1.73106e+03 |  2  0.11503  3.90912e+02 |  3  0.17222  2.86735e+02
  4  0.19865  3.97242e+02 |  5  0.01418  2.95228e+02 |  6  0.15758  2.45922e+02
  7  0.07927  3.13409e+02 |  8  0.18778  3.77393e+02 |  9  0.25533  3.31634e+02
 10  0.42254  3.31922e+02 | 11  0.19790  2.63676e+02 | 12  1.66558 -2.63427e+02
 13  1.80916 -1.72578e+02 | 14 -2.22733 -3.77102e+02 | 15 -0.13371  1.82624e+02
 16  0.41995  4.70910e+02 | 17  0.12783  1.85229e+02 | 18  0.35110  1.35207e+02
 19  0.31887  1.32531e+02 | 20 -1.38862 -5.20131e+01 | 21  3.26992  2.02615e+01
 22 -1.88049 -2.47841e+02 | 23 -0.39735  1.66439e+02 | 24 -1.20412 -9.42690e+01
 25  1.31451 -3.65206e+02 | 26 -1.51785 -1.67773e+02 | 27 -0.22139 -4.74105e+01
 28 -0.16681  5.41863e+01 | 29 -0.36629 -1.82864e+02 | 30  0.28642  3.11781e+02
 31 -0.07785  3.55594e+02 | 32  0.14663  3.17641e+02 | 33 -0.20583 -8.40304e+01
 34 -0.34259  7.12330e+01 | 35  0.27114  7.86883e+02 | 36 -1.40434 -1.54261e+02
 37  0.01239 -4.95119e+03 | 38  0.13788  7.76650e+02 | 39  0.02323 -4.29316e+02
 40  0.10486 -2.96861e+02 | 41  1.93368  1.93145e+03 | 42 -1.19817 -1.24209e+03
 43 -1.87700  3.85208e+01 | 44 -2.12829  2.72908e+03 | 45  0.62719  2.56892e+01
 46 -1.27078 -1.25578e+03 |
Maximum number of function evaluations exceeded

 - final statistics:
46 variables; iteration 75; function evaluation 100
Function value 6.1773e+03; maximum gradient component mag -1.5054e+03
Exit code = 3;  converg criter 1.0000e+01
Var    Value     Gradient |Var    Value     Gradient |Var    Value     Gradient
  1  0.43593 -3.55606e+02 |  2 -0.00072  2.97693e+01 |  3  0.06308  2.38414e+01
  4  0.04451  2.14375e+01 |  5 -0.06948  2.73385e+01 |  6  0.05925  2.41781e+01
  7 -0.02673  3.47760e+01 |  8 -0.01393  3.09154e+01 |  9  0.03129  9.89560e+00
 10  0.14943  1.54347e+01 | 11  0.04656  6.87545e+01 | 12  1.92415  8.69809e+01
 13  1.96807  8.35472e+01 | 14 -1.99630  1.26616e+02 | 15 -0.03646  7.00998e+01
 16  0.13807  8.12455e+00 | 17  0.01439  2.24455e+00 | 18  0.23567  2.04563e+01
 19  0.15726 -3.04391e+01 | 20 -1.93253  3.69415e+01 | 21  3.95335  1.08825e+02
 22 -1.87864  7.95300e+01 | 23 -0.10611  6.86397e+00 | 24 -1.82035  9.08113e+01
 25  2.01656  5.29525e+01 | 26 -1.99592  6.21888e+01 | 27 -0.05838  1.79746e+01
 28  0.00991  4.41702e+01 | 29  0.01051  6.63818e+01 | 30 -0.00581  3.45065e+01
 31 -0.07424  1.11455e+01 | 32  0.13465  8.51178e+01 | 33  0.06501  1.97238e+02
 34 -0.06073  4.72804e+01 | 35 -0.02065  4.79528e+01 | 36 -1.64117  1.08417e+02
 37  0.05658 -1.50544e+03 | 38  0.11423  7.18193e+02 | 39  0.06435 -1.36782e+02
 40  0.08409 -5.49841e+01 | 41  1.83825  4.49329e+02 | 42 -1.26420 -2.94424e+02
 43 -2.07579 -3.32060e+01 | 44 -2.17534  6.81981e+02 | 45  1.49589 -9.85394e+00
 46 -1.22492 -1.87651e+02 |

Initial statistics: 52 variables; iteration 0; function evaluation 0; phase 3
Function value 6.1772655e+03; maximum gradient component mag -3.1704e+03
Var    Value     Gradient |Var    Value     Gradient |Var    Value     Gradient
  1  0.43593 -3.55606e+02 |  2 -0.00094  2.18831e+01 |  3  0.06286  1.59944e+01
  4  0.04429  1.35709e+01 |  5 -0.06971  1.94984e+01 |  6  0.05903  1.63265e+01
  7 -0.02696  2.68963e+01 |  8 -0.01415  2.30309e+01 |  9  0.03107  2.01891e+00
 10  0.14920  7.76534e+00 | 11  0.04633  6.08909e+01 | 12  0.07562 -9.48152e+01
 13  0.03170 -9.14251e+01 | 14 -0.00392 -1.34501e+02 | 15 -0.03669  6.22253e+01
 16  0.13784  4.23092e-01 | 17  0.01416 -5.63973e+00 | 18  0.23543  1.31062e+01
 19  0.15703 -3.80895e+01 | 20 -0.06769 -4.47818e+01 | 21 -0.04688  1.00957e+02
 22 -0.12158 -8.72674e+01 | 23 -0.10634 -9.12935e-01 | 24 -0.17988 -9.83752e+01
 25 -0.01678 -6.08355e+01 | 26 -0.00430 -7.00747e+01 | 27 -0.05861  1.01212e+01
 28  0.00969  3.62851e+01 | 29  0.01029  5.84970e+01 | 30 -0.00603  2.66205e+01
 31 -0.07446  3.31273e+00 | 32  0.13442  7.74133e+01 | 33  0.06478  1.89400e+02
 34 -0.06095  3.94286e+01 | 35 -0.02088  4.00702e+01 | 36 -0.35910 -1.15054e+02
 37  0.05658 -1.50544e+03 | 38  0.11423  7.18193e+02 | 39  0.06435 -1.36782e+02
 40  0.08409 -5.49841e+01 | 41  0.16175 -4.49329e+02 | 42 -0.73580  2.94424e+02
 43  0.23132 -7.46201e+01 | 44 -0.32308  8.74888e+00 | 45  0.07720 -3.17036e+03
 46 -0.89706  9.34923e+02 | 47  0.28426 -2.13398e+03 | 48 -0.63714  1.26395e+03
 49  0.07579  3.32060e+01 | 50  0.17534 -6.81981e+02 | 51  0.50411  9.85394e+00
 52 -0.77508  1.87651e+02 |

Intermediate statistics: 52 variables; iteration 20; function evaluation 29; phase 3
Function value 4.0242138e+03; maximum gradient component mag 3.4356e+03
Var    Value     Gradient |Var    Value     Gradient |Var    Value     Gradient
  1  0.59246 -4.40266e+02 |  2 -0.03497  9.84775e+01 |  3 -0.00334  9.57791e+01
  4 -0.03289  9.03020e+01 |  5 -0.15914  8.24931e+01 |  6 -0.03524  9.52189e+01
  7 -0.12328  8.38746e+01 |  8 -0.09467  8.69177e+01 |  9 -0.00213  9.52450e+01
 10  0.15291  8.97307e+01 | 11  0.05450  1.22443e+02 | 12  0.13825  7.64341e+01
 13  0.14809  7.84533e+01 | 14  0.15909  1.23740e+02 | 15  0.06388  9.33900e+01
 16 -0.02926  1.91384e+02 | 17  0.04084  1.10429e+02 | 18  0.16016  1.34270e+02
 19  0.19690  5.69067e+01 | 20  0.02658  1.78239e+02 | 21 -0.02060  1.15168e+02
 22 -0.11275  1.13434e+02 | 23 -0.25953  1.40237e+02 | 24  0.17791  1.41056e+02
 25  0.05267 -7.77288e+00 | 26  0.03601  9.21462e+01 | 27  0.00626  8.80556e+01
 28  0.05653  6.14134e+01 | 29  0.05740  1.19191e+02 | 30  0.06625  7.30291e+01
 31  0.02410  1.26300e+02 | 32  0.15262  6.77253e+01 | 33  0.01089  1.17430e+02
 34 -0.06866  6.02506e+01 | 35 -0.08062  1.23496e+00 | 36 -0.88737 -3.02000e+00
 37  0.00069 -1.95759e+03 | 38  0.02948  3.43557e+03 | 39  0.01371 -2.56324e+01
 40  0.00146 -3.10497e+03 | 41  0.13734 -5.34035e+02 | 42 -0.79221  1.35080e+02
 43  0.28603  1.14313e+02 | 44 -0.32723  4.08207e+01 | 45  0.80365 -2.36960e+02
 46 -1.02697 -1.37249e+01 | 47  0.63655 -3.73521e+02 | 48 -0.66072  1.77288e+02
 49 -0.28068 -6.13028e+01 | 50  0.17589 -6.99839e+02 | 51 -0.19336  2.69080e+01
 52 -0.76832  1.04218e+02 |
52 variables; iteration 40; function evaluation 53; phase 3
Function value 3.9237064e+03; maximum gradient component mag -1.1792e+03
Var    Value     Gradient |Var    Value     Gradient |Var    Value     Gradient
  1  0.57189 -2.35580e+02 |  2 -0.03963 -1.89525e+01 |  3 -0.01532 -2.37236e+01
  4 -0.05454 -5.65230e+01 |  5 -0.17080 -3.38770e+01 |  6 -0.04388 -1.69393e+01
  7 -0.13962 -4.98897e+01 |  8 -0.09138 -1.73144e+01 |  9 -0.01167 -2.58190e+01
 10  0.13271 -4.48870e+01 | 11  0.04023 -1.94133e+00 | 12  0.14835  1.32746e+01
 13  0.12797 -6.24865e+01 | 14  0.16341  4.10544e+01 | 15  0.08038  1.75042e+01
 16 -0.07190 -1.54622e+01 | 17  0.07594  4.33870e+01 | 18  0.13761 -2.15277e+01
 19  0.19390 -3.58165e+01 | 20 -0.00605 -7.30581e+00 | 21 -0.00752  2.49157e-01
 22 -0.09073  4.96416e+00 | 23 -0.26461 -2.36693e+01 | 24  0.11197 -4.91472e+01
 25  0.07907 -6.24598e+01 | 26  0.03915 -6.85805e+00 | 27 -0.01750 -5.54412e+01
 28  0.05200 -5.07728e+01 | 29  0.04159 -1.67406e+01 | 30  0.09102  2.01039e+01
 31  0.01231  2.16929e+00 | 32  0.14623  4.38977e+00 | 33 -0.00736  5.63417e+00
 34 -0.08390 -4.19343e+01 | 35 -0.06976 -7.40358e+01 | 36 -0.58991 -4.77322e+01
 37  0.01001 -6.05930e+02 | 38  0.02136  9.48254e+02 | 39  0.01931 -4.02950e+00
 40  0.01390 -1.17922e+03 | 41  0.20028 -1.31378e+02 | 42 -0.80563  3.54716e+01
 43  0.27949 -1.06184e+00 | 44 -0.32604  3.13199e+01 | 45  0.87824 -1.28826e+02
 46 -0.95113  1.66640e+01 | 47  0.64744 -2.58725e+02 | 48 -0.67277  1.44574e+02
 49 -0.33099 -2.24777e+01 | 50  0.16981 -1.68871e+02 | 51 -0.23256 -4.86004e+01
 52 -0.75059  5.41999e+01 |
52 variables; iteration 60; function evaluation 87; phase 3
Function value 3.8715672e+03; maximum gradient component mag 1.6379e+02
Var    Value     Gradient |Var    Value     Gradient |Var    Value     Gradient
  1  0.53833  3.38576e+01 |  2 -0.01664 -1.88408e+01 |  3  0.03347 -1.70357e+01
  4  0.01669 -1.30862e+01 |  5 -0.08998 -5.09210e+00 |  6  0.02315 -7.01168e+00
  7 -0.05516 -2.62996e+00 |  8 -0.04288 -1.23430e+01 |  9  0.01198 -2.45008e+01
 10  0.13979 -5.69609e+00 | 11  0.02911 -1.25537e+01 | 12  0.12291 -9.17520e+00
 13  0.12441 -1.11234e+01 | 14  0.10170 -2.36215e+01 | 15  0.03131 -2.45889e+01
 16 -0.10032 -2.41744e+01 | 17  0.00231 -1.95117e+01 | 18  0.12976 -1.57922e+01
 19  0.18025 -6.17115e+00 | 20 -0.02402 -1.49512e+01 | 21 -0.02364 -1.52808e+01
 22 -0.09168 -8.88085e+00 | 23 -0.23282 -4.90563e+00 | 24  0.11307 -2.82727e+00
 25  0.08162 -4.87233e+00 | 26  0.00900 -2.67853e+01 | 27 -0.00912 -2.98658e+00
 28  0.03633 -5.35858e+00 | 29  0.02443 -1.36430e+01 | 30  0.05708 -1.54217e+01
 31 -0.01345 -2.35510e+01 | 32  0.11165 -2.10553e+01 | 33 -0.05693 -2.93146e+01
 34 -0.09953 -1.06904e+01 | 35 -0.06837  6.85434e+00 | 36 -0.52662 -3.29988e+01
 37  0.02610  1.63788e+02 | 38  0.02923 -8.30242e+01 | 39  0.03448  3.11280e+00
 40  0.02752  4.58391e+01 | 41  0.29834  1.56722e+01 | 42 -0.81731 -1.12271e+01
 43  0.28556  6.74132e+00 | 44 -0.34172 -4.61786e+00 | 45  1.01551  1.51728e+01
 46 -0.93103  2.02453e+01 | 47  0.87811 -4.05353e+01 | 48 -0.63969  4.16429e+01
 49 -0.38513  3.73770e+00 | 50  0.12721  2.05839e+01 | 51 -0.20064 -1.62698e+01
 52 -0.80489 -3.95622e+00 |
52 variables; iteration 80; function evaluation 108; phase 3
Function value 3.8655456e+03; maximum gradient component mag -3.2915e+01
Var    Value     Gradient |Var    Value     Gradient |Var    Value     Gradient
  1  0.63157 -1.72348e+01 |  2 -0.01765  9.78922e-01 |  3  0.02722  9.97842e-01
  4  0.00628  1.00763e+00 |  5 -0.10730  1.11267e+00 |  6  0.00703  1.13207e+00
  7 -0.07378  1.30953e+00 |  8 -0.05369  9.83932e-01 |  9  0.01223  7.92891e-01
 10  0.13672  7.46545e-01 | 11  0.02723  1.21273e+00 | 12  0.12261  7.09746e-01
 13  0.12625  6.64837e-01 | 14  0.11152  6.32317e-01 | 15  0.04137  4.49050e-01
 16 -0.08835  6.74342e-01 | 17  0.01010  9.52521e-01 | 18  0.13357  2.72653e-01
 19  0.18115 -2.19177e-01 | 20 -0.02208  1.07699e+00 | 21 -0.02377  6.49634e-01
 22 -0.10162  7.42013e-01 | 23 -0.25533  7.99991e-01 | 24  0.11303 -1.10871e-02
 25  0.07916  1.90018e-01 | 26  0.01846  2.61633e-01 | 27 -0.01017  2.46594e-01
 28  0.03801  1.52335e-01 | 29  0.02699  4.91130e-01 | 30  0.06285 -4.06651e-02
 31 -0.00468  5.78342e-01 | 32  0.11711 -3.13797e-01 | 33 -0.04714  8.14978e-01
 34 -0.09749  8.56022e-01 | 35 -0.06667  1.14446e-01 | 36 -0.47089  4.54028e-01
 37 -0.00018 -3.29153e+01 | 38  0.00392 -1.19039e+01 | 39  0.00862 -4.88180e+00
 40  0.00101 -1.50088e+01 | 41  0.32173  2.10572e+00 | 42 -0.77299 -1.52416e+00
 43  0.28308  8.72929e-01 | 44 -0.34028  4.03514e-01 | 45  1.00206  1.68739e+00
 46 -1.00388 -6.21650e-01 | 47  0.99834 -4.56797e-02 | 48 -0.73392 -1.61736e-01
 49 -0.40028 -1.20966e-01 | 50  0.10975  3.59083e+00 | 51 -0.20893  1.12746e-01
 52 -0.86794 -7.21011e-01 |
52 variables; iteration 100; function evaluation 130; phase 3
Function value 3.8654313e+03; maximum gradient component mag -7.0060e+00
Var    Value     Gradient |Var    Value     Gradient |Var    Value     Gradient
  1  0.76698 -2.30721e+00 |  2 -0.01763 -9.53200e-02 |  3  0.02720 -9.80160e-02
  4  0.00624 -1.06263e-01 |  5 -0.10740 -7.58027e-02 |  6  0.00689 -8.44657e-02
  7 -0.07399 -6.31639e-02 |  8 -0.05372 -9.53398e-02 |  9  0.01228 -1.27932e-01
 10  0.13670 -8.85186e-02 | 11  0.02705 -1.28385e-01 | 12  0.12265 -8.83301e-02
 13  0.12632 -1.45336e-01 | 14  0.11165 -1.66085e-01 | 15  0.04153 -1.29183e-01
 16 -0.08830 -1.27471e-01 | 17  0.00967 -2.37346e-01 | 18  0.13368 -1.52114e-01
 19  0.18131 -5.51336e-02 | 20 -0.02223 -1.83021e-01 | 21 -0.02383 -1.64684e-01
 22 -0.10185 -8.70281e-02 | 23 -0.25578 -4.13342e-02 | 24  0.11367 -6.05953e-02
 25  0.07929 -1.42563e-01 | 26  0.01842 -3.23046e-01 | 27 -0.01015 -1.59742e-01
 28  0.03793 -2.68554e-01 | 29  0.02687 -2.48953e-01 | 30  0.06295 -3.01441e-01
 31 -0.00482 -2.89942e-01 | 32  0.11705 -4.68719e-01 | 33 -0.04736 -3.23890e-01
 34 -0.09781 -2.58421e-01 | 35 -0.06658 -2.58642e-01 | 36 -0.47029 -8.19967e-02
 37 -0.02746 -2.92587e+00 | 38 -0.02336 -1.57627e+00 | 39 -0.01866 -6.33210e-01
 40 -0.02629 -7.00601e+00 | 41  0.34821 -3.26608e-01 | 42 -0.77295  4.01220e-01
 43  0.28311  2.12140e-01 | 44 -0.34036  6.29165e-03 | 45  1.00065  5.03702e-01
 46 -1.00008  2.03829e-03 | 47  0.99640 -3.76921e-01 | 48 -0.73658 -4.32987e-01
 49 -0.42000  1.92009e-02 | 50  0.09321 -5.80115e-01 | 51 -0.20912 -1.29233e-01
 52 -0.86347  2.04644e-01 |
52 variables; iteration 120; function evaluation 153; phase 3
Function value 3.8654095e+03; maximum gradient component mag -8.5286e+00
Var    Value     Gradient |Var    Value     Gradient |Var    Value     Gradient
  1  0.84512 -2.44872e+00 |  2 -0.01762  1.84129e-01 |  3  0.02721  1.77152e-01
  4  0.00625  1.78654e-01 |  5 -0.10741  1.59964e-01 |  6  0.00689  1.70139e-01
  7 -0.07401  1.63211e-01 |  8 -0.05370  1.77149e-01 |  9  0.01234  1.88707e-01
 10  0.13673  1.13731e-01 | 11  0.02709  1.60851e-01 | 12  0.12266  9.42952e-02
 13  0.12634  8.22557e-02 | 14  0.11169  1.16652e-01 | 15  0.04156  1.19169e-01
 16 -0.08827  1.13292e-01 | 17  0.00979  9.30314e-02 | 18  0.13366 -3.98014e-02
 19  0.18127 -1.03012e-01 | 20 -0.02221  1.22384e-01 | 21 -0.02382  9.01144e-02
 22 -0.10191  8.57969e-02 | 23 -0.25590  1.32534e-01 | 24  0.11362 -1.02030e-02
 25  0.07925 -1.03445e-01 | 26  0.01842 -3.57813e-02 | 27 -0.01014 -4.50019e-02
 28  0.03791 -1.57415e-01 | 29  0.02690 -5.26636e-02 | 30  0.06291 -1.12899e-01
 31 -0.00471  3.50043e-02 | 32  0.11702 -3.93042e-01 | 33 -0.04731 -3.14464e-03
 34 -0.09776 -8.91375e-03 | 35 -0.06662 -1.96309e-01 | 36 -0.47023  1.40948e-01
 37 -0.03790 -8.52860e+00 | 38 -0.03380 -3.99997e+00 | 39 -0.02909 -1.23850e+00
 40 -0.03673 -7.44145e+00 | 41  0.36616 -1.72699e-01 | 42 -0.77959 -1.25406e-01
 43  0.28310  3.09100e-01 | 44 -0.34034  9.33706e-02 | 45  1.00000  1.41422e-01
 46 -1.00061 -6.80306e-04 | 47  0.99715 -2.30419e-01 | 48 -0.73215  5.54656e-02
 49 -0.43329 -8.11278e-03 | 50  0.08268 -2.92829e-01 | 51 -0.20583  2.96604e-02
 52 -0.85127 -8.13505e-02 |
52 variables; iteration 140; function evaluation 177; phase 3
Function value 3.8654005e+03; maximum gradient component mag -5.8166e+00
Var    Value     Gradient |Var    Value     Gradient |Var    Value     Gradient
  1  0.91539 -8.85333e-01 |  2 -0.01760  1.37300e-01 |  3  0.02723  1.38112e-01
  4  0.00627  1.26237e-01 |  5 -0.10739  1.16152e-01 |  6  0.00691  1.28802e-01
  7 -0.07399  1.11790e-01 |  8 -0.05369  1.26780e-01 |  9  0.01233  1.36672e-01
 10  0.13672  7.66990e-02 | 11  0.02709  1.12479e-01 | 12  0.12265  6.27455e-02
 13  0.12632  5.70456e-02 | 14  0.11168  8.55685e-02 | 15  0.04155  8.18514e-02
 16 -0.08826  1.00645e-01 | 17  0.00980  7.84815e-02 | 18  0.13366 -9.27495e-03
 19  0.18127 -5.93392e-02 | 20 -0.02221  9.30401e-02 | 21 -0.02383  6.95316e-02
 22 -0.10190  6.33670e-02 | 23 -0.25588  9.03764e-02 | 24  0.11361 -7.24605e-03
 25  0.07926 -2.19972e-02 | 26  0.01841 -6.12231e-03 | 27 -0.01017 -3.91314e-02
 28  0.03790 -9.88223e-02 | 29  0.02689 -1.46405e-02 | 30  0.06291 -5.84901e-02
 31 -0.00475  2.11475e-02 | 32  0.11703 -1.98696e-01 | 33 -0.04731  4.41773e-02
 34 -0.09777  1.36443e-02 | 35 -0.06663 -1.14348e-01 | 36 -0.47024  1.05666e-01
 37 -0.04374 -5.81664e+00 | 38 -0.03963 -2.66272e+00 | 39 -0.03492 -8.27388e-01
 40 -0.04256 -4.36994e+00 | 41  0.37917  3.36854e-02 | 42 -0.79389 -2.45719e-01
 43  0.28309  2.01018e-01 | 44 -0.34035  5.65667e-02 | 45  0.99991 -6.34530e-02
 46 -1.00155 -7.89499e-02 | 47  0.99927  9.24240e-03 | 48 -0.73278 -1.06831e-02
 49 -0.44295 -5.98091e-03 | 50  0.07521  5.97775e-02 | 51 -0.19933  3.36253e-02
 52 -0.82686 -1.73109e-01 |
52 variables; iteration 160; function evaluation 199; phase 3
Function value 3.8653978e+03; maximum gradient component mag -4.3176e+00
Var    Value     Gradient |Var    Value     Gradient |Var    Value     Gradient
  1  0.96310 -2.58705e-01 |  2 -0.01760  7.54354e-02 |  3  0.02723  7.21207e-02
  4  0.00628  6.47444e-02 |  5 -0.10738  6.69959e-02 |  6  0.00692  6.98547e-02
  7 -0.07398  6.34970e-02 |  8 -0.05369  6.56014e-02 |  9  0.01232  5.88451e-02
 10  0.13672  2.91100e-02 | 11  0.02708  5.65514e-02 | 12  0.12266  2.71670e-02
 13  0.12633  2.88887e-02 | 14  0.11167  3.46582e-02 | 15  0.04154  3.33061e-02
 16 -0.08829  1.59481e-02 | 17  0.00979  3.44667e-02 | 18  0.13365 -4.52185e-02
 19  0.18127 -6.20092e-02 | 20 -0.02221  4.28635e-02 | 21 -0.02383  2.99138e-02
 22 -0.10189  3.73146e-02 | 23 -0.25585  5.07936e-02 | 24  0.11363  3.59829e-04
 25  0.07927 -2.69719e-02 | 26  0.01840 -2.88726e-02 | 27 -0.01018 -3.60691e-02
 28  0.03790 -6.17820e-02 | 29  0.02688 -2.77222e-02 | 30  0.06291 -4.74933e-02
 31 -0.00477 -1.11805e-02 | 32  0.11703 -1.18812e-01 | 33 -0.04732  1.63405e-02
 34 -0.09778  1.19280e-02 | 35 -0.06662 -4.09418e-02 | 36 -0.47028  3.95861e-02
 37 -0.04576 -4.31762e+00 | 38 -0.04165 -1.84656e+00 | 39 -0.03694 -6.74191e-01
 40 -0.04458 -1.95457e+00 | 41  0.37995 -8.91831e-03 | 42 -0.81669  1.50234e-02
 43  0.28310  1.56949e-01 | 44 -0.34035  4.22682e-02 | 45  1.00018  1.33803e-01
 46 -1.00165 -9.34237e-02 | 47  0.99909  5.86183e-03 | 48 -0.73268  5.73272e-03
 49 -0.44353 -3.27696e-02 | 50  0.07476  2.00957e-02 | 51 -0.18987  5.38505e-02
 52 -0.79556 -5.83922e-03 |
52 variables; iteration 180; function evaluation 221; phase 3
Function value 3.8653972e+03; maximum gradient component mag -1.1315e+00
Var    Value     Gradient |Var    Value     Gradient |Var    Value     Gradient
  1  0.98937 -2.92487e-02 |  2 -0.01760  1.20450e-02 |  3  0.02724  1.10887e-02
  4  0.00629  1.25824e-02 |  5 -0.10736  1.34909e-02 |  6  0.00693  1.20006e-02
  7 -0.07396  1.40964e-02 |  8 -0.05368  1.24439e-02 |  9  0.01233  7.83910e-03
 10  0.13672  4.55180e-03 | 11  0.02708  6.95919e-03 | 12  0.12266  3.59002e-03
 13  0.12632 -1.15086e-03 | 14  0.11166 -1.93355e-03 | 15  0.04154 -2.65036e-03
 16 -0.08827  9.92258e-03 | 17  0.00977 -6.41896e-03 | 18  0.13366 -9.84477e-03
 19  0.18127 -2.02800e-02 | 20 -0.02222 -1.07716e-03 | 21 -0.02384 -3.83637e-03
 22 -0.10189  2.61816e-03 | 23 -0.25584  1.05931e-02 | 24  0.11363 -2.24116e-03
 25  0.07927 -1.65114e-02 | 26  0.01839 -2.30689e-02 | 27 -0.01018 -2.13501e-02
 28  0.03789 -3.28660e-02 | 29  0.02687 -2.58468e-02 | 30  0.06290 -2.81529e-02
 31 -0.00478 -2.34309e-02 | 32  0.11701 -6.50198e-02 | 33 -0.04734 -1.81563e-02
 34 -0.09779 -1.13439e-02 | 35 -0.06662 -2.26925e-02 | 36 -0.47026  7.40590e-03
 37 -0.04619 -1.13148e+00 | 38 -0.04208 -5.47516e-01 | 39 -0.03737 -1.63329e-01
 40 -0.04501 -8.79183e-01 | 41  0.37220 -5.49812e-03 | 42 -0.83828  3.79019e-02
 43  0.28310  4.96168e-02 | 44 -0.34035  7.67888e-03 | 45  1.00000 -2.50696e-02
 46 -1.00085 -9.48705e-03 | 47  0.99898  2.44959e-03 | 48 -0.73282 -7.32071e-03
 49 -0.43778 -8.55438e-03 | 50  0.07922 -5.05082e-03 | 51 -0.18198  1.16252e-02
 52 -0.77268  3.99920e-02 |
52 variables; iteration 200; function evaluation 243; phase 3
Function value 3.8653971e+03; maximum gradient component mag 1.1102e+00
Var    Value     Gradient |Var    Value     Gradient |Var    Value     Gradient
  1  0.99954  6.72009e-04 |  2 -0.01760 -1.33327e-02 |  3  0.02724 -1.24860e-02
  4  0.00629 -1.25808e-02 |  5 -0.10737 -1.19184e-02 |  6  0.00693 -1.13118e-02
  7 -0.07397 -1.10871e-02 |  8 -0.05368 -1.26546e-02 |  9  0.01233 -1.15878e-02
 10  0.13672 -2.94554e-03 | 11  0.02709 -6.74249e-03 | 12  0.12266 -2.30879e-03
 13  0.12632  1.49308e-03 | 14  0.11166 -7.57377e-04 | 15  0.04154 -1.85781e-03
 16 -0.08827 -7.58515e-03 | 17  0.00978  3.29158e-03 | 18  0.13365  1.33165e-02
 19  0.18127  1.84469e-02 | 20 -0.02222  4.17832e-04 | 21 -0.02384  1.82705e-03
 22 -0.10189 -3.44037e-03 | 23 -0.25585 -1.03894e-02 | 24  0.11363  1.77139e-03
 25  0.07927  1.36380e-02 | 26  0.01840  1.80247e-02 | 27 -0.01018  1.89373e-02
 28  0.03789  3.19514e-02 | 29  0.02687  2.15629e-02 | 30  0.06290  2.43951e-02
 31 -0.00477  1.79375e-02 | 32  0.11701  5.93303e-02 | 33 -0.04734  1.26008e-02
 34 -0.09778  1.08299e-02 | 35 -0.06662  2.16373e-02 | 36 -0.47026 -1.04165e-02
 37 -0.04622  1.11019e+00 | 38 -0.04212  5.24517e-01 | 39 -0.03740  1.60784e-01
 40 -0.04504  8.21636e-01 | 41  0.36357  3.49527e-02 | 42 -0.84662 -2.27064e-02
 43  0.28310 -4.77877e-02 | 44 -0.34035 -7.06513e-03 | 45  0.99999 -3.00524e-03
 46 -1.00017  2.21518e-03 | 47  0.99893  3.68005e-04 | 48 -0.73274  5.49228e-03
 49 -0.43138  5.81631e-03 | 50  0.08423  4.62433e-02 | 51 -0.17920 -8.31221e-03
 52 -0.76522 -1.67729e-02 |
52 variables; iteration 220; function evaluation 264; phase 3
Function value 3.8653969e+03; maximum gradient component mag -2.6029e-01
Var    Value     Gradient |Var    Value     Gradient |Var    Value     Gradient
  1  1.00581  7.50905e-03 |  2 -0.01760  2.82267e-03 |  3  0.02724 -1.90661e-03
  4  0.00628 -4.24464e-04 |  5 -0.10737  2.67083e-03 |  6  0.00693 -6.63168e-04
  7 -0.07397  1.88674e-03 |  8 -0.05368 -6.30708e-05 |  9  0.01233 -4.52070e-04
 10  0.13672 -2.34205e-03 | 11  0.02708 -5.46749e-04 | 12  0.12266 -3.31354e-03
 13  0.12632 -2.54816e-03 | 14  0.11166 -5.68360e-03 | 15  0.04154 -4.80191e-04
 16 -0.08827  2.73304e-03 | 17  0.00977 -1.39048e-03 | 18  0.13366 -7.98252e-03
 19  0.18127 -8.73077e-03 | 20 -0.02222 -3.64860e-03 | 21 -0.02384 -2.22769e-03
 22 -0.10189  2.52052e-03 | 23 -0.25585  4.46230e-03 | 24  0.11363 -3.95172e-03
 25  0.07927 -3.11021e-03 | 26  0.01840 -6.95524e-03 | 27 -0.01017 -5.73514e-03
 28  0.03789 -1.24469e-02 | 29  0.02687 -7.78570e-03 | 30  0.06290 -1.17272e-02
 31 -0.00477 -5.34949e-03 | 32  0.11701 -2.61277e-02 | 33 -0.04734 -5.81684e-03
 34 -0.09778 -2.74279e-03 | 35 -0.06662 -3.99175e-03 | 36 -0.47025  7.02056e-04
 37 -0.04621 -2.21322e-01 | 38 -0.04211 -1.33988e-01 | 39 -0.03740 -2.52855e-02
 40 -0.04503 -2.60290e-01 | 41  0.31349 -8.55347e-02 | 42 -0.82266  1.55218e-02
 43  0.28310  9.15930e-03 | 44 -0.34035 -2.53947e-04 | 45  1.00002  5.49850e-03
 46 -0.99937  1.07479e-03 | 47  0.99884 -4.12042e-03 | 48 -0.73278 -1.44020e-03
 49 -0.39416 -1.61227e-02 | 50  0.11425 -1.24315e-01 | 51 -0.18761  1.91243e-02
 52 -0.78871  7.97639e-03 |
52 variables; iteration 240; function evaluation 287; phase 3
Function value 3.8653968e+03; maximum gradient component mag 4.9625e-02
Var    Value     Gradient |Var    Value     Gradient |Var    Value     Gradient
  1  1.00945  7.38996e-03 |  2 -0.01760 -2.72094e-03 |  3  0.02724 -2.89291e-03
  4  0.00629 -2.30718e-03 |  5 -0.10737 -1.85455e-03 |  6  0.00693 -2.38986e-03
  7 -0.07397 -1.43366e-03 |  8 -0.05368 -2.78288e-03 |  9  0.01233 -3.26956e-03
 10  0.13672 -1.78219e-03 | 11  0.02708 -2.48575e-03 | 12  0.12266 -1.98081e-03
 13  0.12632 -2.73371e-03 | 14  0.11166 -2.96708e-03 | 15  0.04154 -2.92623e-03
 16 -0.08827 -3.41521e-04 | 17  0.00977 -3.09082e-03 | 18  0.13366 -8.15097e-05
 19  0.18127 -7.96737e-04 | 20 -0.02222 -2.84924e-03 | 21 -0.02384 -2.92978e-03
 22 -0.10189 -1.31682e-03 | 23 -0.25585 -1.03825e-03 | 24  0.11363 -1.14075e-03
 25  0.07927 -1.04838e-03 | 26  0.01839 -2.54520e-03 | 27 -0.01018 -2.13453e-03
 28  0.03789 -2.17415e-03 | 29  0.02687 -2.70978e-03 | 30  0.06290 -2.49191e-03
 31 -0.00477 -3.69829e-03 | 32  0.11701 -3.21725e-03 | 33 -0.04734 -3.20437e-03
 34 -0.09779 -1.60471e-03 | 35 -0.06662  4.11331e-04 | 36 -0.47025 -1.78999e-03
 37 -0.04619  4.96255e-02 | 38 -0.04209  2.62698e-02 | 39 -0.03738  1.12856e-02
 40 -0.04501  4.72835e-03 | 41  0.25102  5.70348e-03 | 42 -0.79965  6.69784e-03
 43  0.28310 -1.69771e-03 | 44 -0.34035 -1.52268e-03 | 45  1.00005  3.19448e-02
 46 -0.99950 -1.38963e-03 | 47  0.99887 -2.86808e-03 | 48 -0.73278 -1.14658e-03
 49 -0.34770  2.01303e-03 | 50  0.15393  3.04229e-03 | 51 -0.19686 -2.47374e-03
 52 -0.81773  1.13004e-03 |
52 variables; iteration 260; function evaluation 311; phase 3
Function value 3.8653968e+03; maximum gradient component mag -1.1500e-01
Var    Value     Gradient |Var    Value     Gradient |Var    Value     Gradient
  1  1.00096  8.94392e-04 |  2 -0.01760 -4.50821e-04 |  3  0.02724  2.34249e-05
  4  0.00628 -1.01283e-03 |  5 -0.10737 -2.24759e-03 |  6  0.00693 -1.29101e-03
  7 -0.07397 -3.36736e-03 |  8 -0.05368 -1.21601e-03 |  9  0.01233  6.47117e-04
 10  0.13672 -2.05098e-03 | 11  0.02708 -2.74260e-03 | 12  0.12266 -2.37978e-03
 13  0.12632 -2.63835e-03 | 14  0.11167  1.55833e-04 | 15  0.04154  4.32967e-04
 16 -0.08827 -1.46257e-03 | 17  0.00977 -2.87216e-03 | 18  0.13366 -2.84339e-03
 19  0.18127 -9.95771e-04 | 20 -0.02222 -2.61014e-03 | 21 -0.02384 -2.11245e-03
 22 -0.10190 -3.27184e-03 | 23 -0.25585 -2.55506e-03 | 24  0.11363 -1.48171e-03
 25  0.07927 -2.40548e-03 | 26  0.01840 -3.08749e-03 | 27 -0.01017 -5.07668e-03
 28  0.03789 -7.32774e-03 | 29  0.02687 -4.18960e-03 | 30  0.06290 -4.12512e-03
 31 -0.00477 -3.36185e-03 | 32  0.11702 -6.01656e-03 | 33 -0.04734 -2.52053e-03
 34 -0.09779 -5.52272e-03 | 35 -0.06662 -7.67016e-03 | 36 -0.47025  1.67892e-03
 37 -0.04622 -9.91778e-02 | 38 -0.04212 -5.10152e-02 | 39 -0.03741 -1.33166e-02
 40 -0.04504 -1.14997e-01 | 41  0.22153  2.15136e-02 | 42 -0.79164 -2.13312e-02
 43  0.28310  3.85262e-03 | 44 -0.34035  2.30838e-04 | 45  1.00003  2.24045e-02
 46 -0.99952 -1.68412e-03 | 47  0.99890 -1.14769e-03 | 48 -0.73279 -2.15373e-03
 49 -0.32582  5.08012e-03 | 50  0.17346  2.36780e-02 | 51 -0.20035 -7.35292e-03
 52 -0.82992 -1.72746e-02 |
52 variables; iteration 280; function evaluation 336; phase 3
Function value 3.8653967e+03; maximum gradient component mag -2.5985e-01
Var    Value     Gradient |Var    Value     Gradient |Var    Value     Gradient
  1  0.99970 -5.30837e-05 |  2 -0.01760  1.01833e-03 |  3  0.02724 -1.43708e-03
  4  0.00628 -2.02120e-04 |  5 -0.10737  9.35233e-04 |  6  0.00693 -1.07469e-03
  7 -0.07397  9.37007e-04 |  8 -0.05368  9.18104e-04 |  9  0.01233 -9.39534e-04
 10  0.13672 -2.98725e-03 | 11  0.02708 -3.39425e-04 | 12  0.12266 -6.08430e-04
 13  0.12632  1.12914e-03 | 14  0.11166 -2.51490e-03 | 15  0.04154 -1.65251e-03
 16 -0.08827 -5.11189e-03 | 17  0.00977 -4.10391e-03 | 18  0.13366 -6.22470e-03
 19  0.18127 -5.11137e-03 | 20 -0.02222 -4.42207e-03 | 21 -0.02384 -2.81494e-03
 22 -0.10189 -1.79863e-03 | 23 -0.25585 -2.34476e-03 | 24  0.11363 -1.39236e-03
 25  0.07927 -3.99361e-03 | 26  0.01839 -8.16987e-03 | 27 -0.01017 -7.53131e-03
 28  0.03789 -9.82093e-03 | 29  0.02687 -8.08921e-03 | 30  0.06290 -8.13253e-03
 31 -0.00477 -7.97672e-03 | 32  0.11701 -1.46659e-02 | 33 -0.04734 -7.16639e-03
 34 -0.09779 -5.83099e-03 | 35 -0.06662 -8.26225e-03 | 36 -0.47025 -6.51233e-04
 37 -0.04623 -2.59853e-01 | 38 -0.04212 -1.36499e-01 | 39 -0.03741 -3.91898e-02
 40 -0.04505 -1.71371e-01 | 41  0.24726  1.18437e-02 | 42 -0.81347  4.68091e-02
 43  0.28310  1.04625e-02 | 44 -0.34035  1.52684e-03 | 45  1.00007  5.50510e-02
 46 -0.99936  1.53766e-03 | 47  0.99899  2.53172e-03 | 48 -0.73273  3.79187e-03
 49 -0.34491 -2.20677e-02 | 50  0.15639  3.97250e-02 | 51 -0.19116  2.59702e-02
 52 -0.79935  2.84120e-02 |
52 variables; iteration 300; function evaluation 357; phase 3
Function value 3.8653966e+03; maximum gradient component mag -3.8225e-01
Var    Value     Gradient |Var    Value     Gradient |Var    Value     Gradient
  1  0.99998  4.53148e-03 |  2 -0.01760  3.85223e-03 |  3  0.02724  4.65306e-03
  4  0.00628  3.49639e-03 |  5 -0.10737  1.77614e-03 |  6  0.00693  2.64320e-03
  7 -0.07397  7.21836e-04 |  8 -0.05368  2.76334e-03 |  9  0.01233  5.05996e-03
 10  0.13672 -1.53072e-06 | 11  0.02708  1.35166e-04 | 12  0.12266 -1.16155e-03
 13  0.12632 -3.87377e-03 | 14  0.11167  1.45801e-03 | 15  0.04154  1.93088e-03
 16 -0.08827  3.43773e-03 | 17  0.00977 -2.65318e-03 | 18  0.13366 -5.40078e-03
 19  0.18127 -7.30844e-03 | 20 -0.02222 -7.92354e-04 | 21 -0.02384 -1.40997e-03
 22 -0.10190  3.93765e-04 | 23 -0.25585  3.19403e-03 | 24  0.11363 -1.45535e-03
 25  0.07927 -6.41832e-03 | 26  0.01840 -5.86516e-03 | 27 -0.01017 -7.68202e-03
 28  0.03789 -1.35056e-02 | 29  0.02687 -8.75396e-03 | 30  0.06290 -8.39801e-03
 31 -0.00477 -5.90501e-03 | 32  0.11702 -2.25636e-02 | 33 -0.04734 -5.20774e-03
 34 -0.09779 -6.19909e-03 | 35 -0.06662 -1.00403e-02 | 36 -0.47025  5.42916e-03
 37 -0.04623 -3.82253e-01 | 38 -0.04212 -1.55536e-01 | 39 -0.03741 -5.26590e-02
 40 -0.04505 -3.23225e-01 | 41  0.17997 -1.44836e-02 | 42 -0.83600 -1.53577e-02
 43  0.28310  1.64207e-02 | 44 -0.34035  1.89684e-03 | 45  0.99996 -2.36936e-02
 46 -1.00048  1.68797e-03 | 47  0.99885 -3.49013e-03 | 48 -0.73278 -1.99990e-03
 49 -0.29507  8.59185e-03 | 50  0.20184 -3.19215e-02 | 51 -0.18278 -9.99730e-03
 52 -0.77494 -8.79593e-03 |
52 variables; iteration 320; function evaluation 382; phase 3
Function value 3.8653966e+03; maximum gradient component mag 1.7334e-01
Var    Value     Gradient |Var    Value     Gradient |Var    Value     Gradient
  1  1.00412  2.30644e-03 |  2 -0.01760  5.61440e-04 |  3  0.02724 -9.99475e-04
  4  0.00628 -5.63005e-04 |  5 -0.10737  1.55669e-04 |  6  0.00693 -9.79374e-04
  7 -0.07397 -1.18980e-04 |  8 -0.05368  1.91389e-04 |  9  0.01233 -4.61773e-05
 10  0.13672  5.65907e-04 | 11  0.02708  9.86794e-04 | 12  0.12266  1.34984e-03
 13  0.12632  3.23293e-03 | 14  0.11166  3.20168e-04 | 15  0.04154  8.40141e-04
 16 -0.08827  1.04364e-03 | 17  0.00977  3.40479e-03 | 18  0.13366  2.81120e-03
 19  0.18127  3.70897e-03 | 20 -0.02222  1.23606e-03 | 21 -0.02384  2.50389e-03
 22 -0.10189  1.99024e-03 | 23 -0.25585 -2.51978e-04 | 24  0.11363  1.11653e-03
 25  0.07927  4.32665e-03 | 26  0.01840  4.92819e-03 | 27 -0.01017  4.72223e-03
 28  0.03789  6.79158e-03 | 29  0.02687  5.53350e-03 | 30  0.06290  4.96018e-03
 31 -0.00477  4.38839e-03 | 32  0.11702  1.10002e-02 | 33 -0.04734  4.50221e-03
 34 -0.09778  3.73313e-03 | 35 -0.06662  4.88953e-03 | 36 -0.47026 -4.39381e-04
 37 -0.04622  1.73336e-01 | 38 -0.04211  7.84724e-02 | 39 -0.03740  2.56134e-02
 40 -0.04504  1.23491e-01 | 41  0.11731 -2.51157e-02 | 42 -0.83006  3.04888e-02
 43  0.28310 -7.30441e-03 | 44 -0.34035 -1.00834e-03 | 45  0.99979 -1.59484e-01
 46 -1.00072 -3.94740e-03 | 47  0.99893  1.73198e-04 | 48 -0.73278 -6.83308e-04
 49 -0.24903 -1.30336e-02 | 50  0.24649 -2.21744e-02 | 51 -0.18487  1.99998e-02
 52 -0.78079  2.47911e-02 |
52 variables; iteration 340; function evaluation 404; phase 3
Function value 3.8653965e+03; maximum gradient component mag -1.0694e-01
Var    Value     Gradient |Var    Value     Gradient |Var    Value     Gradient
  1  1.00010 -9.38921e-04 |  2 -0.01760 -4.83911e-04 |  3  0.02724 -5.06287e-04
  4  0.00629 -4.85583e-04 |  5 -0.10737 -5.36551e-04 |  6  0.00693 -5.41425e-04
  7 -0.07397 -4.73555e-04 |  8 -0.05368 -3.87812e-04 |  9  0.01233 -5.36388e-04
 10  0.13672 -4.46697e-04 | 11  0.02708 -3.69269e-04 | 12  0.12266 -7.70717e-04
 13  0.12632 -4.48771e-04 | 14  0.11167 -8.79175e-04 | 15  0.04154 -8.23346e-05
 16 -0.08827 -1.35534e-04 | 17  0.00977 -1.85093e-04 | 18  0.13366 -7.75458e-04
 19  0.18127 -1.16546e-03 | 20 -0.02222 -4.41185e-04 | 21 -0.02384 -2.53327e-04
 22 -0.10189  3.03389e-04 | 23 -0.25585  2.46820e-04 | 24  0.11363 -9.06779e-04
 25  0.07927 -4.60354e-04 | 26  0.01840 -1.24599e-04 | 27 -0.01018 -1.34225e-05
 28  0.03789 -2.00097e-04 | 29  0.02687 -2.98765e-04 | 30  0.06290 -2.74450e-04
 31 -0.00477 -2.07810e-04 | 32  0.11701 -6.11285e-04 | 33 -0.04734 -1.51960e-04
 34 -0.09778  4.85507e-05 | 35 -0.06662  4.75449e-04 | 36 -0.47026 -2.60982e-04
 37 -0.04622  8.22275e-03 | 38 -0.04212  2.96877e-03 | 39 -0.03741  8.19323e-04
 40 -0.04504  9.28708e-03 | 41  0.10799 -1.48343e-02 | 42 -0.81901  5.45528e-03
 43  0.28310 -5.40018e-04 | 44 -0.34035 -7.51006e-05 | 45  0.99986 -1.06945e-01
 46 -1.00028  2.57527e-03 | 47  0.99894  6.25678e-04 | 48 -0.73277  4.28045e-04
 49 -0.24222 -1.25556e-04 | 50  0.25331 -2.07156e-02 | 51 -0.18901  2.56200e-03
 52 -0.79284  3.58428e-03 |
52 variables; iteration 360; function evaluation 424; phase 3
Function value 3.8653965e+03; maximum gradient component mag -3.5306e-02
Var    Value     Gradient |Var    Value     Gradient |Var    Value     Gradient
  1  1.00157  1.29051e-03 |  2 -0.01760  2.03109e-03 |  3  0.02724  2.55264e-03
  4  0.00629  2.77759e-03 |  5 -0.10737  2.99600e-03 |  6  0.00693  3.38978e-03
  7 -0.07397  3.73896e-03 |  8 -0.05368  2.99096e-03 |  9  0.01233  1.63409e-03
 10  0.13672  3.18809e-03 | 11  0.02709  3.62594e-03 | 12  0.12266  2.16912e-03
 13  0.12632  2.55518e-03 | 14  0.11166  7.88909e-04 | 15  0.04154  1.10887e-03
 16 -0.08827  2.10296e-03 | 17  0.00977  3.77547e-03 | 18  0.13366  1.04651e-03
 19  0.18127 -6.73801e-04 | 20 -0.02222  3.73758e-03 | 21 -0.02384  2.79871e-03
 22 -0.10189  3.21871e-03 | 23 -0.25585  3.72929e-03 | 24  0.11363  8.57860e-07
 25  0.07927  9.54658e-04 | 26  0.01840  2.53598e-03 | 27 -0.01018  3.62196e-03
 28  0.03789  4.26392e-03 | 29  0.02687  3.47312e-03 | 30  0.06290  1.98282e-03
 31 -0.00477  3.17269e-03 | 32  0.11701  1.71620e-03 | 33 -0.04734  3.21493e-03
 34 -0.09778  4.56916e-03 | 35 -0.06662  4.37841e-03 | 36 -0.47026  2.50518e-04
 37 -0.04622 -2.37871e-02 | 38 -0.04212 -1.82615e-02 | 39 -0.03741 -6.20669e-03
 40 -0.04504  2.83101e-02 | 41  0.10089 -2.46124e-02 | 42 -0.81991  6.07841e-03
 43  0.28310  5.39652e-04 | 44 -0.34035  1.32818e-03 | 45  0.99999  7.52485e-03
 46 -1.00061 -6.20421e-04 | 47  0.99894  6.00951e-04 | 48 -0.73276  1.29884e-03
 49 -0.23704  1.48217e-03 | 50  0.25854 -3.53057e-02 | 51 -0.18866  2.83259e-03
 52 -0.79181  4.27043e-03 |
52 variables; iteration 380; function evaluation 444; phase 3
Function value 3.8653965e+03; maximum gradient component mag -5.8450e-02
Var    Value     Gradient |Var    Value     Gradient |Var    Value     Gradient
  1  1.00042  1.45972e-04 |  2 -0.01760 -9.62657e-04 |  3  0.02724 -1.04231e-03
  4  0.00628 -1.37490e-03 |  5 -0.10737 -1.79104e-03 |  6  0.00693 -1.79520e-03
  7 -0.07397 -2.25866e-03 |  8 -0.05368 -1.66704e-03 |  9  0.01233 -7.66474e-04
 10  0.13672 -1.88589e-03 | 11  0.02708 -2.29703e-03 | 12  0.12266 -2.36345e-03
 13  0.12632 -2.92106e-03 | 14  0.11167 -1.47145e-03 | 15  0.04154 -4.90345e-04
 16 -0.08827 -5.45973e-05 | 17  0.00977 -2.40539e-03 | 18  0.13366 -2.20341e-03
 19  0.18127 -2.35617e-03 | 20 -0.02222 -2.55519e-03 | 21 -0.02384 -1.94967e-03
 22 -0.10189 -8.87479e-04 | 23 -0.25585 -6.77023e-04 | 24  0.11363 -1.31186e-03
 25  0.07927 -1.96571e-03 | 26  0.01840 -2.35687e-03 | 27 -0.01018 -3.08795e-03
 28  0.03789 -4.63503e-03 | 29  0.02687 -3.58211e-03 | 30  0.06290 -2.91351e-03
 31 -0.00477 -2.91789e-03 | 32  0.11701 -5.84179e-03 | 33 -0.04734 -2.61764e-03
 34 -0.09779 -2.88750e-03 | 35 -0.06662 -2.77734e-03 | 36 -0.47025  4.55294e-04
 37 -0.04622 -3.68052e-02 | 38 -0.04212 -1.14896e-02 | 39 -0.03741 -3.19153e-03
 40 -0.04504 -5.84497e-02 | 41  0.06903 -1.20867e-02 | 42 -0.82044  3.66316e-03
 43  0.28310  1.66795e-03 | 44 -0.34035 -6.17755e-04 | 45  0.99998 -3.79242e-03
 46 -1.00057  2.34118e-04 | 47  0.99892 -3.36963e-04 | 48 -0.73278 -1.18416e-03
 49 -0.21390  3.21142e-03 | 50  0.28237 -1.90547e-02 | 51 -0.18846 -5.95607e-04
 52 -0.79120  3.43477e-03 |
Warning: the following parameters had issues
  SR_parm[1] is within 0.1% of upper bound: 5.00000e+00 < 2.50000e+01 < 2.50000e+01
  selparm[5] is within 0.1% of upper bound: -1.00000e+00 < 1.50000e+01 < 1.50000e+01
  selparm[6] is within 0.1% of lower bound: -1.00000e+00 < -9.99996e-01 < 2.00000e+01
  selparm[7] is within 0.1% of upper bound: -3.00000e+00 < 1.50000e+01 < 1.50000e+01


 - final statistics:
52 variables; iteration 388; function evaluation 452
Function value 3.8654e+03; maximum gradient component mag -1.9050e-05
Exit code = 1;  converg criter 1.0000e-04
Var    Value     Gradient |Var    Value     Gradient |Var    Value     Gradient
  1  1.00034 -4.62460e-08 |  2 -0.01760  2.51226e-07 |  3  0.02724  1.35600e-07
  4  0.00629  5.75244e-08 |  5 -0.10737 -6.90441e-08 |  6  0.00693 -1.33497e-07
  7 -0.07397 -2.64085e-07 |  8 -0.05368  2.93514e-08 |  9  0.01233  4.08623e-07
 10  0.13672 -3.94398e-07 | 11  0.02708 -1.34974e-07 | 12  0.12266 -9.46747e-08
 13  0.12632 -8.50268e-08 | 14  0.11167  4.37016e-07 | 15  0.04154  2.69968e-07
 16 -0.08827 -9.18239e-08 | 17  0.00977 -2.42702e-07 | 18  0.13366 -1.55668e-07
 19  0.18127  3.52480e-08 | 20 -0.02222 -2.05406e-07 | 21 -0.02384 -2.06390e-07
 22 -0.10189 -4.06253e-07 | 23 -0.25585 -4.98948e-07 | 24  0.11363 -1.06067e-08
 25  0.07927 -1.04896e-07 | 26  0.01840 -2.60766e-07 | 27 -0.01018 -8.05543e-07
 28  0.03789 -1.12761e-06 | 29  0.02687 -4.82551e-07 | 30  0.06290 -4.29006e-07
 31 -0.00477 -3.23068e-07 | 32  0.11701 -5.21077e-07 | 33 -0.04734 -1.06371e-07
 34 -0.09778 -8.00738e-07 | 35 -0.06662 -1.31363e-06 | 36 -0.47026  4.90997e-07
 37 -0.04622 -1.89835e-05 | 38 -0.04212 -4.86607e-06 | 39 -0.03741 -2.13732e-06
 40 -0.04504 -1.90496e-05 | 41  0.06848  7.84282e-06 | 42 -0.82042 -2.61504e-06
 43  0.28310  5.34630e-07 | 44 -0.34035 -4.94386e-08 | 45  0.99999 -1.07134e-06
 46 -1.00058  6.42624e-07 | 47  0.99892 -9.42657e-08 | 48 -0.73277 -3.04971e-07
 49 -0.21350 -6.34030e-07 | 50  0.28279  1.09895e-05 | 51 -0.18847 -5.68726e-07
 52 -0.79123 -2.14153e-06 |
Estimating row 1 out of 52 for hessian
Estimating row 2 out of 52 for hessian
Estimating row 3 out of 52 for hessian
Estimating row 4 out of 52 for hessian
Estimating row 5 out of 52 for hessian
Estimating row 6 out of 52 for hessian
Estimating row 7 out of 52 for hessian
Estimating row 8 out of 52 for hessian
Estimating row 9 out of 52 for hessian
Estimating row 10 out of 52 for hessian
Estimating row 11 out of 52 for hessian
Estimating row 12 out of 52 for hessian
Estimating row 13 out of 52 for hessian
Estimating row 14 out of 52 for hessian
Estimating row 15 out of 52 for hessian
Estimating row 16 out of 52 for hessian
Estimating row 17 out of 52 for hessian
Estimating row 18 out of 52 for hessian
Estimating row 19 out of 52 for hessian
Estimating row 20 out of 52 for hessian
Estimating row 21 out of 52 for hessian
Estimating row 22 out of 52 for hessian
Estimating row 23 out of 52 for hessian
Estimating row 24 out of 52 for hessian
Estimating row 25 out of 52 for hessian
Estimating row 26 out of 52 for hessian
Estimating row 27 out of 52 for hessian
Estimating row 28 out of 52 for hessian
Estimating row 29 out of 52 for hessian
Estimating row 30 out of 52 for hessian
Estimating row 31 out of 52 for hessian
Estimating row 32 out of 52 for hessian
Estimating row 33 out of 52 for hessian
Estimating row 34 out of 52 for hessian
Estimating row 35 out of 52 for hessian
Estimating row 36 out of 52 for hessian
Estimating row 37 out of 52 for hessian
Estimating row 38 out of 52 for hessian
Estimating row 39 out of 52 for hessian
Estimating row 40 out of 52 for hessian
Estimating row 41 out of 52 for hessian
Estimating row 42 out of 52 for hessian
Estimating row 43 out of 52 for hessian
Estimating row 44 out of 52 for hessian
Estimating row 45 out of 52 for hessian
Estimating row 46 out of 52 for hessian
Estimating row 47 out of 52 for hessian
Estimating row 48 out of 52 for hessian
Estimating row 49 out of 52 for hessian
Estimating row 50 out of 52 for hessian
Estimating row 51 out of 52 for hessian
Estimating row 52 out of 52 for hessian
size of file gradfil1.tmp = 0
size of file gradfil2.tmp = 0
size of file varssave.tmp = 0
size of file cmpdiff.tmp = 0
