
Initial statistics: 36 variables; iteration 0; function evaluation 0; phase 1
Function value 1.7579874e+04; maximum gradient component mag -1.3560e+04
Var    Value     Gradient |Var    Value     Gradient |Var    Value     Gradient
  1 -0.01121 -1.35601e+04 |  2  0.05584 -3.41030e+02 |  3  0.07605 -1.06141e+03
  4 -0.04640 -6.73359e+02 |  5 -0.19249 -1.94244e+02 |  6 -0.02228 -4.21235e+02
  7 -0.12052  1.02866e+02 |  8 -0.04488 -9.84132e+01 |  9 -0.02411 -4.84993e+02
 10  0.11346 -9.89712e+02 | 11 -0.00958  3.50330e+01 | 12 -0.01169 -2.06469e+02
 13  0.00563 -1.32928e+01 | 14  0.12135 -8.91303e+01 | 15 -0.02544 -5.01706e+02
 16 -0.06699 -9.74365e+02 | 17  0.00106 -3.08987e+01 | 18 -0.00155  8.55772e+02
 19  0.07870  8.56826e+02 | 20 -0.07107 -1.15727e+02 | 21 -0.19758 -4.09657e+02
 22 -0.08973  5.48942e+02 | 23  0.03038 -5.21155e+02 | 24  0.05398 -3.97178e+02
 25  0.01171  8.66699e+02 | 26  0.09844  9.60505e+02 | 27  0.08709  1.28903e+03
 28  0.02903  1.80031e+00 | 29 -0.03184  1.64347e+02 | 30  0.04356  1.27364e+03
 31  0.04494  7.73709e+02 | 32  0.05470 -4.31522e+02 | 33 -0.01480 -3.74949e+02
 34  0.01657 -5.99386e+01 | 35  0.04327  1.28793e+02 | 36  0.00042  5.58391e+02

Intermediate statistics: 36 variables; iteration 20; function evaluation 30; phase 1
Function value 1.6912179e+04; maximum gradient component mag -9.5251e+03
Var    Value     Gradient |Var    Value     Gradient |Var    Value     Gradient
  1 -0.01934 -9.52515e+03 |  2  0.11759 -9.40031e+01 |  3  0.11231 -2.93651e+02
  4  0.01428 -1.52223e+02 |  5 -0.10078  6.24357e+01 |  6  0.05345  2.04355e+01
  7 -0.10051  1.02740e+02 |  8 -0.15534 -3.58996e+01 |  9  0.08977 -2.68262e+00
 10  0.21462 -2.58439e+02 | 11 -0.13890  6.48843e-01 | 12 -0.02029 -3.63892e+02
 13 -0.02367 -4.44115e+02 | 14  0.09668 -2.16703e+02 | 15 -0.03607 -1.50022e+01
 16  0.07790  6.19278e+01 | 17  0.01824  4.71374e+01 | 18 -0.13819  1.31175e+02
 19  0.06079  1.83828e+02 | 20 -0.03952  2.27905e+02 | 21 -0.04728  1.91646e+02
 22 -0.25231  1.11846e+02 | 23  0.11694 -1.35748e+01 | 24  0.11159  8.65201e+01
 25 -0.11764  1.52943e+02 | 26  0.08066  1.10894e+02 | 27  0.02173  2.44455e+02
 28  0.07284  1.30506e+02 | 29 -0.01673  7.90511e+01 | 30 -0.02365  1.31477e+02
 31 -0.04834  1.02646e+02 | 32  0.14926 -4.58954e+00 | 33  0.01795 -4.25497e+01
 34  0.03752  9.27021e+01 | 35  0.05796  1.68736e+02 | 36 -0.25344  1.41090e+02
36 variables; iteration 40; function evaluation 57; phase 1
Function value 1.6839964e+04; maximum gradient component mag -5.9974e+02
Var    Value     Gradient |Var    Value     Gradient |Var    Value     Gradient
  1 -0.01219  2.19518e+02 |  2  0.12606  3.58861e+01 |  3  0.11672 -1.16170e+02
  4  0.02930 -9.88424e+01 |  5 -0.13391 -9.18418e+01 |  6  0.06393  1.19804e+01
  7 -0.08026 -6.46918e+01 |  8 -0.02484 -6.72557e+01 |  9  0.03034 -1.88469e+02
 10  0.20251  1.54004e+01 | 11 -0.14468 -1.20844e+02 | 12 -0.01295 -5.99743e+02
 13  0.02571 -3.38006e+02 | 14  0.10307  1.24520e+02 | 15 -0.02201  6.09542e+01
 16  0.07145  2.48146e+01 | 17 -0.00006 -7.75727e+01 | 18 -0.13862  1.00035e+01
 19  0.05321  8.81870e+01 | 20 -0.06968 -8.42842e+01 | 21 -0.06278 -2.31176e+01
 22 -0.24332 -9.89370e+00 | 23  0.11099  1.14897e+01 | 24  0.09680 -1.86883e+01
 25 -0.15105 -3.70720e+01 | 26  0.08263  1.73583e+02 | 27  0.00360  1.14135e+02
 28  0.06520  1.12592e+02 | 29 -0.02516  1.24984e+01 | 30 -0.03290  8.41063e+01
 31 -0.04469  1.01260e+02 | 32  0.13186  1.37000e+02 | 33  0.04378  1.14659e+02
 34  0.02499  5.90150e+01 | 35  0.03666 -7.84544e+01 | 36 -0.26358 -1.56763e+01
36 variables; iteration 60; function evaluation 77; phase 1
Function value 1.6784429e+04; maximum gradient component mag -2.3398e+01
Var    Value     Gradient |Var    Value     Gradient |Var    Value     Gradient
  1 -0.00932 -2.33978e+01 |  2  0.09908 -8.92256e-01 |  3  0.13379 -4.95862e-02
  4  0.05190  9.67024e-02 |  5 -0.07529 -8.73348e-02 |  6  0.04304 -7.77287e-01
  7 -0.05451  1.58640e-01 |  8  0.00877  1.13919e-01 |  9  0.11532  1.35920e-01
 10  0.16438 -1.06616e-01 | 11 -0.13396  2.80502e-01 | 12  0.08971 -3.76481e-02
 13 -0.00651  1.58648e+00 | 14  0.08313 -1.72569e+00 | 15 -0.03054 -1.08411e+00
 16  0.05365  2.13109e-01 | 17  0.02444  2.72225e-01 | 18 -0.17543  1.26734e-01
 19  0.04029 -8.74836e-01 | 20 -0.06547 -5.43643e-01 | 21 -0.07032 -1.17648e+00
 22 -0.25761 -6.89123e-03 | 23  0.10424 -1.88917e-01 | 24  0.09216  2.20803e-02
 25 -0.14407 -1.84013e-02 | 26  0.06527 -6.20846e-01 | 27 -0.01095 -2.99871e-01
 28  0.05426 -2.82313e-01 | 29 -0.03061  1.22582e-02 | 30 -0.04505 -8.75958e-03
 31 -0.06275 -5.76550e-01 | 32  0.12634 -1.51964e+00 | 33  0.02648 -1.97136e-01
 34  0.01253 -3.83357e-01 | 35  0.03648  8.54623e-01 | 36 -0.27674 -1.32919e-01

 - final statistics:
36 variables; iteration 62; function evaluation 79
Function value 1.6784e+04; maximum gradient component mag -4.6537e+00
Exit code = 1;  converg criter 1.0000e+01
Var    Value     Gradient |Var    Value     Gradient |Var    Value     Gradient
  1 -0.00931 -4.65375e+00 |  2  0.09928  9.40389e-02 |  3  0.13368 -1.71319e-01
  4  0.05175 -1.59610e-01 |  5 -0.07536 -2.76986e-02 |  6  0.04328  1.79920e-01
  7 -0.05446  7.75237e-02 |  8  0.00877  1.39554e-01 |  9  0.11514 -6.57254e-02
 10  0.16442  3.04055e-01 | 11 -0.13400  2.37433e-01 | 12  0.08981  6.51194e-01
 13 -0.00664  1.50371e+00 | 14  0.08318 -4.28353e-01 | 15 -0.03046 -2.38349e-01
 16  0.05360 -1.21953e-01 | 17  0.02441 -1.91217e-01 | 18 -0.17546  8.17171e-02
 19  0.04032 -1.75834e-01 | 20 -0.06549 -7.62145e-02 | 21 -0.07023  5.38219e-02
 22 -0.25758  3.69762e-02 | 23  0.10423 -8.56298e-03 | 24  0.09213 -8.61996e-02
 25 -0.14404  1.08188e-01 | 26  0.06529 -9.56591e-02 | 27 -0.01096 -2.13719e-01
 28  0.05426 -1.48000e-01 | 29 -0.03062  1.74473e-02 | 30 -0.04509 -8.45358e-02
 31 -0.06270 -9.84629e-02 | 32  0.12635 -3.26924e-01 | 33  0.02644  3.69432e-02
 34  0.01262  6.00577e-02 | 35  0.03640 -1.20996e-01 | 36 -0.27654  3.09306e-02

Initial statistics: 46 variables; iteration 0; function evaluation 0; phase 2
Function value 1.6784428e+04; maximum gradient component mag 5.6177e+04
Var    Value     Gradient |Var    Value     Gradient |Var    Value     Gradient
  1 -0.00931 -4.65375e+00 |  2  0.09928  7.17186e-02 |  3  0.13368 -1.93417e-01
  4  0.05175 -1.82130e-01 |  5 -0.07537 -5.01349e-02 |  6  0.04328  1.57377e-01
  7 -0.05446  5.50118e-02 |  8  0.00877  1.16962e-01 |  9  0.11514 -8.79514e-02
 10  0.16442  2.82210e-01 | 11 -0.13400  2.15337e-01 | 12  0.08981  6.28824e-01
 13 -0.00664  1.48112e+00 | 14  0.08318 -4.50755e-01 | 15 -0.03046 -2.60918e-01
 16  0.05360 -1.44468e-01 | 17  0.02441 -2.13795e-01 | 18 -0.17547  5.99754e-02
 19  0.04032 -1.98383e-01 | 20 -0.06549 -9.86895e-02 | 21 -0.07023  3.13648e-02
 22 -0.25758  1.62060e-02 | 23  0.10423 -3.08553e-02 | 24  0.09213 -1.08558e-01
 25 -0.14404  8.61689e-02 | 26  0.06529 -1.18135e-01 | 27 -0.01096 -2.36310e-01
 28  0.05426 -1.70513e-01 | 29 -0.03062 -5.12104e-03 | 30 -0.04509 -1.07074e-01
 31 -0.06270 -1.20948e-01 | 32  0.12635 -3.49075e-01 | 33  0.02644  1.43682e-02
 34  0.01262  3.74676e-02 | 35  0.03640 -1.43554e-01 | 36 -0.27654  1.04345e-02
 37  0.55827  5.61766e+04 | 38  0.48270  2.18172e+04 | 39  0.23266 -3.47608e+03
 40  0.24746 -9.66067e+03 | 41 -0.01693 -7.59218e+02 | 42 -0.88721  2.58685e+02
 43 -0.05692  3.66749e+02 | 44 -0.10242 -1.45391e+03 | 45 -0.21941 -4.00834e+02
 46 -0.28233  1.39489e+03 |

Intermediate statistics: 46 variables; iteration 20; function evaluation 31; phase 2
Function value 4.6378290e+03; maximum gradient component mag 1.4603e+04
Var    Value     Gradient |Var    Value     Gradient |Var    Value     Gradient
  1  0.02706 -4.47081e+02 |  2 -0.04254  6.58915e+01 |  3  0.10587  1.66388e+02
  4  0.00866  9.26808e+01 |  5 -0.09185  1.72098e+02 |  6  0.06920  1.70458e+02
  7 -0.00831  2.04199e+02 |  8  0.01610  1.65652e+02 |  9  0.02479  2.60879e+01
 10  0.03715 -2.74188e+02 | 11  0.03469  2.50359e+02 | 12  0.13892  2.43233e+02
 13  0.09992  2.42427e+02 | 14  0.15364  3.23088e+02 | 15 -0.00404 -5.06748e+01
 16 -0.33093 -9.07975e+01 | 17  0.08722  7.37471e+01 | 18  0.02403  2.73858e+01
 19  0.12367  3.31704e+01 | 20 -0.05348 -3.97967e+01 | 21 -0.30257 -9.61041e+01
 22 -0.02887  1.76188e+01 | 23  0.05980  6.46064e+00 | 24  0.13441  1.78379e+02
 25 -0.00274  1.20965e+02 | 26  0.08030  1.73625e+02 | 27  0.14987  2.83426e+02
 28 -0.90042 -1.20911e+01 | 29  0.08677  3.46341e+02 | 30  0.03860  2.74231e+02
 31  0.09598  4.88135e+02 | 32  0.12701  3.50009e+02 | 33  0.09023  6.89275e+02
 34  0.02340  4.49853e+02 | 35  0.05567  2.54738e+02 | 36 -0.23843  1.83790e+02
 37  0.29091  1.46033e+04 | 38  0.26795  3.36171e+03 | 39  0.22164 -1.74053e+03
 40  0.25341  3.56992e+03 | 41 -0.14469 -1.21373e+02 | 42 -0.18328  4.10802e+02
 43  0.07245 -1.91107e+02 | 44  1.35052 -5.83929e+00 | 45 -1.42311 -9.96020e+01
 46  0.72548  6.89435e+01 |
46 variables; iteration 40; function evaluation 58; phase 2
Function value 4.1066452e+03; maximum gradient component mag -1.0050e+04
Var    Value     Gradient |Var    Value     Gradient |Var    Value     Gradient
  1  0.02938 -1.00498e+04 |  2 -0.01130  5.06310e+01 |  3 -0.02851 -1.14244e+02
  4  0.03502  3.62543e+02 |  5 -0.07472  3.70778e+02 |  6 -0.09036  7.38514e+01
  7 -0.08421  3.96176e+02 |  8 -0.03224  3.48758e+02 |  9 -0.06689  1.23030e+02
 10  0.12187  3.32661e+01 | 11  0.04304  4.01862e+02 | 12  0.07632  2.28394e+02
 13  0.09914  1.88303e+02 | 14  0.12972  1.92271e+02 | 15  0.02275  9.99441e+01
 16 -0.15881  6.45005e+01 | 17  0.11065  2.02679e+02 | 18  0.01448  3.62080e+01
 19  0.10205  1.28865e+01 | 20  0.09884  3.37139e+02 | 21 -0.85578  2.99832e+01
 22  0.10013  4.32859e+02 | 23 -0.09266  8.47211e+01 | 24  0.11576  1.31450e+02
 25  0.12923  2.39643e+02 | 26  0.03173 -1.06309e+02 | 27  0.11852 -5.39231e+02
 28 -0.38284 -1.11578e+02 | 29  0.11672  1.83913e+02 | 30  0.07336  1.80011e+02
 31  0.15930  3.99626e+02 | 32  0.10500  2.46540e+01 | 33  0.11361  5.33714e+02
 34  0.05648  4.28442e+02 | 35  0.05456  2.44906e+02 | 36 -0.23563  2.87325e+02
 37  0.25586  5.99708e+03 | 38  0.24768  1.84870e+03 | 39  0.21894 -1.34685e+03
 40  0.21949 -2.61607e+03 | 41 -0.11720  6.13423e+01 | 42 -0.64866 -3.99087e+01
 43 -0.03425  7.08484e+01 | 44  1.22188 -6.77342e+00 | 45 -1.60654  3.08378e+02
 46  0.73926  1.27586e+02 |
46 variables; iteration 60; function evaluation 87; phase 2
Function value 2.8957459e+03; maximum gradient component mag -1.8176e+03
Var    Value     Gradient |Var    Value     Gradient |Var    Value     Gradient
  1  0.06353 -1.81760e+03 |  2 -0.03101 -1.68740e+01 |  3 -0.03603 -7.34681e+01
  4 -0.12877 -1.14930e+02 |  5 -0.45791 -1.40061e+02 |  6 -0.03657 -4.43285e+01
  7 -0.18828 -8.03604e+01 |  8 -0.09517 -3.64712e+01 |  9  0.05640 -2.00302e+01
 10  0.32931  4.73242e+02 | 11 -0.19024 -1.80188e+02 | 12  0.12601  3.55235e+01
 13 -0.09698 -2.59598e+02 | 14  0.04044 -1.60597e+02 | 15 -0.00752 -6.17441e+01
 16 -0.06277 -8.94221e+01 | 17 -0.02187 -1.16897e+02 | 18  0.04680 -1.95693e+02
 19  0.14537 -6.07416e+01 | 20 -0.03583 -1.43571e+02 | 21  0.04727  1.33453e+02
 22 -0.08811 -1.78473e+02 | 23  0.00085  9.78429e+00 | 24  0.03084 -1.25904e+02
 25  0.02689 -1.18093e+02 | 26  0.07838 -3.55144e+01 | 27  0.05501 -1.12157e+02
 28  0.12976  2.26010e+02 | 29  0.00089 -2.73177e+02 | 30  0.09009 -8.73241e+01
 31  0.12388  3.24643e+01 | 32  0.12002 -9.36826e+01 | 33 -0.06146 -2.25614e+02
 34 -0.01245 -7.30789e+00 | 35  0.08562  4.53460e+01 | 36 -0.06783  2.45505e+01
 37  0.21997 -1.18381e+03 | 38  0.21131 -8.75252e+02 | 39  0.23980  5.19918e+02
 40  0.20519 -1.11653e+03 | 41 -1.08261 -6.20477e+01 | 42 -1.35302 -2.12357e+02
 43  0.58709  3.23031e+01 | 44  0.34719  5.50782e+02 | 45 -2.14081 -1.91165e+01
 46 -0.50691  2.01211e+02 |
Maximum number of function evaluations exceeded

 - final statistics:
46 variables; iteration 74; function evaluation 100
Function value 2.6702e+03; maximum gradient component mag -3.3545e+02
Exit code = 3;  converg criter 1.0000e+01
Var    Value     Gradient |Var    Value     Gradient |Var    Value     Gradient
  1  0.07140 -3.35448e+02 |  2 -0.02094  1.51705e+00 |  3  0.01149 -9.01907e+00
  4 -0.03077 -1.49795e+00 |  5 -0.14895  1.85298e+00 |  6 -0.03291 -3.69467e+00
  7 -0.11868  2.67129e+00 |  8 -0.08239  5.94407e-01 |  9 -0.00427 -4.97039e+00
 10  0.11642 -1.46864e+01 | 11 -0.05215 -8.65002e+00 | 12  0.03674  2.00348e+00
 13  0.00999  2.68880e+00 | 14  0.05211 -7.33146e-01 | 15 -0.01480 -4.89414e+00
 16 -0.05056 -1.82199e+00 | 17 -0.00833 -3.58895e+00 | 18  0.07880  3.13969e+00
 19  0.13389 -2.56050e+00 | 20  0.00414 -7.87348e-01 | 21 -0.02593 -1.35189e+00
 22 -0.04308  1.11130e+01 | 23 -0.02339  4.75720e+00 | 24  0.05011  2.36556e+00
 25  0.02879  3.15303e+00 | 26  0.04526 -1.86615e-01 | 27  0.04329 -1.02360e+00
 28  0.05039 -1.75911e+00 | 29  0.02930 -9.39774e+00 | 30  0.05980 -2.91602e+00
 31  0.06671 -6.05550e-01 | 32  0.09993 -2.50039e+00 | 33 -0.02253 -8.10923e-01
 34 -0.06247  1.93988e+00 | 35  0.01929  1.69902e+00 | 36 -0.19831  3.92302e+00
 37  0.22513 -3.94373e+01 | 38  0.21775 -1.01063e+01 | 39  0.22855  3.00043e+00
 40  0.21612  3.85015e+01 | 41 -0.87915 -9.98765e-01 | 42 -1.25468 -4.83089e+00
 43  0.32244  5.37789e+00 | 44  0.31124 -1.21122e+01 | 45 -1.79001  1.66350e+00
 46 -0.46137  8.39933e+00 |

Initial statistics: 52 variables; iteration 0; function evaluation 0; phase 3
Function value 2.6701575e+03; maximum gradient component mag -8.5302e+02
Var    Value     Gradient |Var    Value     Gradient |Var    Value     Gradient
  1  0.07140 -3.35448e+02 |  2 -0.02092  2.49020e+00 |  3  0.01152 -8.04554e+00
  4 -0.03074 -5.25402e-01 |  5 -0.14892  2.80016e+00 |  6 -0.03288 -2.72229e+00
  7 -0.11865  3.62813e+00 |  8 -0.08236  1.55995e+00 |  9 -0.00424 -3.99674e+00
 10  0.11645 -1.37288e+01 | 11 -0.05212 -7.67963e+00 | 12  0.03677  2.97553e+00
 13  0.01001  3.66236e+00 | 14  0.05214  2.37274e-01 | 15 -0.01477 -3.92072e+00
 16 -0.05053 -8.51385e-01 | 17 -0.00830 -2.61536e+00 | 18  0.07883  4.10590e+00
 19  0.13391 -1.60825e+00 | 20  0.00416  1.86312e-01 | 21 -0.02591 -3.79016e-01
 22 -0.04305  1.20845e+01 | 23 -0.02336  5.73023e+00 | 24  0.05014  3.33622e+00
 25  0.02882  4.12571e+00 | 26  0.04529  7.84604e-01 | 27  0.04332 -5.21692e-02
 28  0.05042 -7.88473e-01 | 29  0.02933 -8.42508e+00 | 30  0.05983 -1.94662e+00
 31  0.06674  3.62789e-01 | 32  0.09996 -1.53867e+00 | 33 -0.02250  1.62149e-01
 34 -0.06245  2.90889e+00 | 35  0.01931  2.67225e+00 | 36 -0.19828  4.84991e+00
 37  0.22513 -3.94373e+01 | 38  0.21775 -1.01063e+01 | 39  0.22855  3.00043e+00
 40  0.21612  3.85015e+01 | 41 -0.87915 -9.98765e-01 | 42 -0.74532  4.83089e+00
 43  0.81459 -1.06271e+02 | 44 -0.80278 -2.93218e+01 | 45  0.07287 -8.53024e+02
 46 -0.26906  5.18579e+02 | 47  0.24227 -2.29551e+02 | 48 -0.26108  3.32268e+02
 49  0.32244  5.37789e+00 | 50  0.31124 -1.21122e+01 | 51 -0.20999 -1.66350e+00
 52 -0.46137  8.39933e+00 |

Intermediate statistics: 52 variables; iteration 20; function evaluation 40; phase 3
Function value 2.3181456e+03; maximum gradient component mag 2.0707e+03
Var    Value     Gradient |Var    Value     Gradient |Var    Value     Gradient
  1  0.05444  1.31036e+03 |  2 -0.01723 -2.81592e+01 |  3  0.02939 -5.20999e+01
  4 -0.00861  4.92755e-01 |  5 -0.12615  1.12916e+01 |  6 -0.00661 -3.68588e+00
  7 -0.09242  1.66515e+01 |  8 -0.06357  7.41709e-01 |  9  0.00794 -1.37626e+01
 10  0.12084 -3.14325e+01 | 11 -0.04331  1.04888e+01 | 12  0.03603  1.01131e+01
 13 -0.00160 -1.29259e+01 | 14  0.03706 -4.54432e+01 | 15 -0.03758  4.56092e+01
 16 -0.02826  9.23932e+01 | 17 -0.02824  1.15396e+02 | 18  0.05310  1.03635e+02
 19  0.08808  1.16644e+02 | 20 -0.01077  9.12561e+01 | 21 -0.08010  4.64906e+01
 22 -0.02815  7.47036e+01 | 23  0.01894  1.20086e+01 | 24 -0.01782 -9.53644e+01
 25 -0.03675 -6.93030e+01 | 26  0.03080 -1.32292e+02 | 27  0.04011  3.02909e+01
 28  0.03612  1.02764e+02 | 29  0.03510  1.64485e+02 | 30  0.04041  1.15711e+02
 31  0.07041  7.56409e+01 | 32  0.09905  1.06164e+01 | 33 -0.00727 -2.61513e+01
 34 -0.08006 -4.11499e+01 | 35  0.02638  8.25146e+01 | 36 -0.03356 -1.55724e+01
 37  0.24387  2.07074e+03 | 38  0.26772  7.82786e+02 | 39  0.26579  9.67593e+02
 40  0.23116 -1.43233e+03 | 41 -0.86953 -6.59940e+01 | 42 -0.75029 -3.22103e+01
 43  1.10131  3.97848e+01 | 44 -0.69995  3.65343e-01 | 45  0.51738  5.62993e+01
 46 -0.37364  2.46111e+02 | 47  0.22055  9.37979e+02 | 48 -0.49504 -1.18902e+03
 49  0.29708 -1.39598e+02 | 50  0.31539 -2.77369e+02 | 51 -0.21025  5.07701e+01
 52 -0.46550 -8.77302e+01 |
52 variables; iteration 40; function evaluation 68; phase 3
Function value 2.2704420e+03; maximum gradient component mag 1.8069e+03
Var    Value     Gradient |Var    Value     Gradient |Var    Value     Gradient
  1  0.04918  1.15931e+03 |  2 -0.00924 -2.21265e+01 |  3  0.03953 -9.58199e+00
  4 -0.02644 -3.23646e+01 |  5 -0.15737 -3.04187e+01 |  6 -0.02299 -1.14856e+01
  7 -0.12859 -3.33483e+01 |  8 -0.06946 -8.87134e+00 |  9  0.01985 -7.06445e+00
 10  0.12870 -1.98821e+01 | 11 -0.03954 -4.78949e+00 | 12  0.04521  1.65029e+01
 13  0.00791 -4.34320e+00 | 14  0.05907  3.40735e+01 | 15 -0.02294  4.03491e+01
 16 -0.02376  7.77307e+01 | 17 -0.02423  6.37029e+01 | 18  0.05265  5.20662e+01
 19  0.06846 -2.97692e+01 | 20 -0.01946 -9.98530e+00 | 21 -0.09984 -6.22325e+00
 22 -0.02600  8.93298e+01 | 23  0.03452  1.85532e-01 | 24  0.00305 -7.03327e+01
 25 -0.06930 -1.09551e+02 | 26  0.05461 -1.94992e+00 | 27  0.03410 -2.25320e+01
 28  0.03860  7.19891e+01 | 29  0.02090  7.97858e+01 | 30  0.03560  6.05993e+01
 31  0.07466  8.54559e+01 | 32  0.10691  3.22608e+01 | 33 -0.00130 -4.53590e+01
 34 -0.07282 -7.04072e+01 | 35  0.01819 -4.52126e-01 | 36 -0.02694 -2.38279e+01
 37  0.24587  1.80689e+03 | 38  0.25846  3.57036e+02 | 39  0.26006  5.56478e+02
 40  0.23589 -8.37494e+02 | 41 -0.76147 -3.17271e+01 | 42 -0.79891 -1.13702e+00
 43  1.14546  7.48007e+01 | 44 -0.67399  3.62269e+01 | 45  0.37425  2.03650e+01
 46 -0.44806 -5.27724e+00 | 47  0.21064  1.71289e+00 | 48 -0.48831 -2.92562e+02
 49  0.31387 -6.29092e+01 | 50  0.30233 -4.86004e+01 | 51 -0.15672  5.71268e+01
 52 -0.42707 -4.83077e+01 |
52 variables; iteration 60; function evaluation 99; phase 3
Function value 2.2409240e+03; maximum gradient component mag -9.0909e+01
Var    Value     Gradient |Var    Value     Gradient |Var    Value     Gradient
  1  0.04843 -9.09091e+01 |  2 -0.00338 -1.56729e+00 |  3  0.04123 -3.14678e+00
  4 -0.00933  4.14223e+00 |  5 -0.13121 -4.41833e-01 |  6 -0.01189  1.52932e+00
  7 -0.10084  2.52305e+00 |  8 -0.06136  1.32744e+00 |  9  0.01835  1.15803e-01
 10  0.12880 -3.12211e+00 | 11 -0.04177  1.10406e+00 | 12  0.03594 -1.74845e+00
 13  0.01777  6.52091e+00 | 14  0.05931 -2.50745e+00 | 15 -0.02569  3.88610e-03
 16 -0.04621  2.87434e+00 | 17 -0.02819 -1.08932e+00 | 18  0.04330  4.00857e-01
 19  0.07805 -3.88710e-02 | 20 -0.01168  1.37907e+00 | 21 -0.10110  9.12085e-01
 22 -0.05730  1.37861e+00 | 23  0.03092 -3.20383e+00 | 24  0.02000 -2.15492e+00
 25 -0.03455 -5.73571e+00 | 26  0.03993 -7.72305e+00 | 27  0.03210 -3.10805e+00
 28  0.02248 -4.54616e+00 | 29  0.00093  8.72856e-01 | 30  0.01477 -9.88541e-01
 31  0.04974 -3.40780e+00 | 32  0.09240 -4.18752e+00 | 33 -0.00030 -1.74124e-01
 34 -0.05501 -4.59298e-01 | 35  0.01132  1.05280e+01 | 36 -0.01831  1.68739e+00
 37  0.24221  1.61327e+01 | 38  0.25481 -8.88478e+01 | 39  0.25205 -1.87985e+01
 40  0.24483 -5.79967e+01 | 41 -0.73997 -3.94356e+00 | 42 -0.78937 -7.75487e+00
 43  0.99593 -1.62625e+00 | 44 -0.69126 -2.11871e+00 | 45  0.32039 -1.49892e+01
 46 -0.46717  1.65380e+01 | 47  0.21888  1.54788e+01 | 48 -0.47959 -3.69594e+01
 49  0.31121 -5.28067e+00 | 50  0.30270 -7.49517e+00 | 51 -0.18596  2.63436e+00
 52 -0.42714 -1.63869e+01 |
52 variables; iteration 80; function evaluation 119; phase 3
Function value 2.2404470e+03; maximum gradient component mag -4.3116e-01
Var    Value     Gradient |Var    Value     Gradient |Var    Value     Gradient
  1  0.04644 -2.37057e-01 |  2 -0.00091  1.11492e-04 |  3  0.04380 -2.74492e-03
  4 -0.00995  1.74625e-02 |  5 -0.13031  5.48594e-03 |  6 -0.01270  1.41348e-03
  7 -0.10257  6.44157e-03 |  8 -0.06146 -1.45813e-03 |  9  0.01998 -5.30055e-03
 10  0.13110 -2.80151e-03 | 11 -0.04082 -1.26260e-02 | 12  0.03760  5.04872e-03
 13  0.01723  2.08522e-02 | 14  0.06143  3.56920e-02 | 15 -0.02683  2.44180e-02
 16 -0.04393 -8.99340e-04 | 17 -0.02858  1.10061e-02 | 18  0.04139  1.60350e-03
 19  0.07614 -1.89944e-02 | 20 -0.01598 -1.56289e-03 | 21 -0.10302 -3.84882e-03
 22 -0.05779  1.45963e-02 | 23  0.03186  6.13034e-03 | 24  0.01887  1.13231e-02
 25 -0.03222  2.97287e-02 | 26  0.04115  3.88900e-02 | 27  0.03179 -1.36763e-02
 28  0.02206 -4.31547e-03 | 29 -0.00134 -2.47930e-02 | 30  0.01304 -1.29159e-02
 31  0.04837 -1.33080e-02 | 32  0.09319 -2.62126e-03 | 33  0.00126 -1.73645e-02
 34 -0.05174 -1.89982e-02 | 35  0.01214 -4.93396e-02 | 36 -0.02264 -1.16232e-02
 37  0.24347 -4.31158e-01 | 38  0.26002 -3.85919e-02 | 39  0.25436  1.53222e-03
 40  0.24736  9.61342e-02 | 41 -0.72332  2.33422e-02 | 42 -0.79110 -4.16675e-02
 43  1.00011  2.71038e-02 | 44 -0.68810  4.29068e-02 | 45  0.34981 -1.50370e-03
 46 -0.45738  2.07422e-02 | 47  0.21998  1.80289e-02 | 48 -0.47846 -9.35843e-02
 49  0.31002 -1.96974e-02 | 50  0.30123  1.15706e-01 | 51 -0.18444  1.76672e-02
 52 -0.42367 -7.80647e-02 |
52 variables; iteration 100; function evaluation 139; phase 3
Function value 2.2404467e+03; maximum gradient component mag 7.9308e-01
Var    Value     Gradient |Var    Value     Gradient |Var    Value     Gradient
  1  0.04644 -6.11518e-01 |  2 -0.00091  9.04655e-03 |  3  0.04379  1.28527e-02
  4 -0.00998 -1.28805e-02 |  5 -0.13033  3.26076e-03 |  6 -0.01271  9.15988e-03
  7 -0.10258  6.27723e-03 |  8 -0.06146  1.47568e-02 |  9  0.01998  1.27867e-02
 10  0.13110  1.93331e-03 | 11 -0.04081  1.64682e-02 | 12  0.03761  3.23393e-03
 13  0.01722 -2.04679e-02 | 14  0.06142 -3.33794e-02 | 15 -0.02684 -2.88517e-02
 16 -0.04392  1.35453e-03 | 17 -0.02858 -1.23013e-02 | 18  0.04139  5.90940e-03
 19  0.07615  2.93795e-02 | 20 -0.01598 -3.62404e-04 | 21 -0.10301  9.78876e-03
 22 -0.05780 -1.45589e-02 | 23  0.03186 -7.32282e-03 | 24  0.01888 -1.44031e-02
 25 -0.03224 -3.41292e-02 | 26  0.04115 -4.72638e-02 | 27  0.03179  1.76694e-02
 28  0.02206 -2.72166e-03 | 29 -0.00133  2.76231e-02 | 30  0.01305  1.69579e-02
 31  0.04838  8.06621e-03 | 32  0.09318 -2.46431e-02 | 33  0.00127 -4.98258e-03
 34 -0.05175 -1.97833e-03 | 35  0.01215  1.77110e-02 | 36 -0.02260  2.81397e-02
 37  0.24347  1.52893e-01 | 38  0.26002  4.62123e-02 | 39  0.25436 -9.65490e-03
 40  0.24736 -2.01500e-01 | 41 -0.70713 -2.31711e-01 | 42 -0.75917  5.03393e-01
 43  0.99990 -2.60917e-02 | 44 -0.68821 -5.87705e-02 | 45  0.34980  1.11560e-02
 46 -0.45739 -4.63683e-02 | 47  0.21998  6.59103e-03 | 48 -0.47845  1.10899e-01
 49  0.30461  1.29074e-02 | 50  0.29583 -6.69832e-01 | 51 -0.19960  1.70289e-02
 52 -0.44229  7.93078e-01 |
52 variables; iteration 120; function evaluation 164; phase 3
Function value 2.2404462e+03; maximum gradient component mag -9.6956e-01
Var    Value     Gradient |Var    Value     Gradient |Var    Value     Gradient
  1  0.04644 -9.69559e-01 |  2 -0.00092  1.25712e-02 |  3  0.04377  3.10403e-02
  4 -0.01001 -3.10623e-02 |  5 -0.13035 -2.09627e-04 |  6 -0.01272  2.06622e-02
  7 -0.10260  1.23235e-02 |  8 -0.06147  2.65107e-02 |  9  0.01998  1.88992e-02
 10  0.13110 -8.57149e-03 | 11 -0.04080  2.48636e-02 | 12  0.03761  1.07883e-02
 13  0.01722 -2.12680e-02 | 14  0.06143 -1.76715e-02 | 15 -0.02684 -3.12721e-02
 16 -0.04391  2.71732e-02 | 17 -0.02858 -6.95105e-03 | 18  0.04139  6.79380e-03
 19  0.07616  5.02523e-02 | 20 -0.01598 -1.39018e-02 | 21 -0.10301  2.11043e-02
 22 -0.05779 -9.10178e-03 | 23  0.03186 -1.08289e-02 | 24  0.01888 -2.07537e-02
 25 -0.03224 -5.59844e-02 | 26  0.04116 -6.30349e-02 | 27  0.03181  5.02214e-02
 28  0.02206 -1.86834e-02 | 29 -0.00132  4.37750e-02 | 30  0.01306  3.04910e-02
 31  0.04838 -1.07616e-02 | 32  0.09319 -7.39554e-02 | 33  0.00127 -1.12625e-02
 34 -0.05174  3.76964e-03 | 35  0.01215  7.80244e-02 | 36 -0.02261  1.27843e-02
 37  0.24347 -6.69424e-01 | 38  0.26002  1.45200e-01 | 39  0.25436  4.03303e-03
 40  0.24736 -5.48941e-01 | 41 -0.66672 -1.46773e-01 | 42 -0.71124  3.79431e-01
 43  0.99995 -1.02450e-02 | 44 -0.68828 -1.18821e-01 | 45  0.34979  2.68699e-02
 46 -0.45739 -1.22242e-01 | 47  0.21998  5.31318e-02 | 48 -0.47845  2.37503e-01
 49  0.28996  8.03495e-02 | 50  0.28124 -4.49575e-01 | 51 -0.22650 -5.92264e-03
 52 -0.47615  4.92668e-01 |
52 variables; iteration 140; function evaluation 187; phase 3
Function value 2.2404458e+03; maximum gradient component mag 6.7307e-01
Var    Value     Gradient |Var    Value     Gradient |Var    Value     Gradient
  1  0.04644  6.73074e-01 |  2 -0.00091 -5.87072e-03 |  3  0.04380  1.31942e-02
  4 -0.00997 -1.78810e-02 |  5 -0.13032 -1.71485e-02 |  6 -0.01270 -1.14933e-03
  7 -0.10258 -1.08475e-02 |  8 -0.06146 -6.47365e-03 |  9  0.01998 -1.35697e-02
 10  0.13110 -6.12778e-03 | 11 -0.04082 -1.78572e-02 | 12  0.03760  7.28406e-04
 13  0.01722 -7.96597e-03 | 14  0.06143  6.33218e-03 | 15 -0.02684 -1.62841e-02
 16 -0.04392  1.69263e-03 | 17 -0.02858 -1.87004e-02 | 18  0.04139 -3.09865e-03
 19  0.07614 -1.08189e-03 | 20 -0.01599 -2.22513e-02 | 21 -0.10302 -2.76947e-03
 22 -0.05780 -9.37511e-03 | 23  0.03186  3.49359e-03 | 24  0.01888  1.13987e-02
 25 -0.03223 -1.24780e-02 | 26  0.04116  2.96230e-02 | 27  0.03179  5.00277e-02
 28  0.02206  3.60134e-02 | 29 -0.00133  2.55207e-02 | 30  0.01305  2.32912e-02
 31  0.04838  7.08443e-03 | 32  0.09318 -1.16555e-02 | 33  0.00127 -1.09056e-02
 34 -0.05174 -9.25255e-03 | 35  0.01215  2.69034e-02 | 36 -0.02262 -1.41163e-02
 37  0.24347 -2.29565e-01 | 38  0.26002  3.89566e-02 | 39  0.25436 -1.33410e-02
 40  0.24736  1.55439e-01 | 41 -0.62046  2.24518e-01 | 42 -0.67141 -4.98828e-02
 43  1.00003  3.39869e-03 | 44 -0.68819 -3.45774e-02 | 45  0.34983  1.84379e-02
 46 -0.45737 -2.43646e-02 | 47  0.21998 -3.70264e-02 | 48 -0.47845  9.13173e-02
 49  0.27125  5.30775e-02 | 50  0.26271  4.93200e-01 | 51 -0.25272 -2.08835e-02
 52 -0.51024 -3.61101e-02 |
52 variables; iteration 160; function evaluation 209; phase 3
Function value 2.2404455e+03; maximum gradient component mag 7.7127e-01
Var    Value     Gradient |Var    Value     Gradient |Var    Value     Gradient
  1  0.04644  1.22865e-01 |  2 -0.00091  5.95848e-04 |  3  0.04379  6.67346e-03
  4 -0.00997 -5.89926e-03 |  5 -0.13032 -4.41214e-03 |  6 -0.01270  1.54663e-03
  7 -0.10258 -3.08515e-03 |  8 -0.06146  1.02357e-03 |  9  0.01998  1.38914e-03
 10  0.13110  5.39700e-03 | 11 -0.04081  2.31178e-03 | 12  0.03760  4.57624e-03
 13  0.01722 -5.83427e-03 | 14  0.06142  7.24424e-03 | 15 -0.02683 -9.37446e-03
 16 -0.04393 -2.20046e-03 | 17 -0.02858 -7.99747e-03 | 18  0.04139  5.61515e-03
 19  0.07615  2.00657e-02 | 20 -0.01598 -3.53805e-03 | 21 -0.10302 -3.58367e-03
 22 -0.05780 -9.44392e-03 | 23  0.03186  3.73294e-03 | 24  0.01888 -1.18464e-04
 25 -0.03223 -1.20653e-02 | 26  0.04115  7.54658e-03 | 27  0.03179  1.97561e-02
 28  0.02206  7.31597e-03 | 29 -0.00133  8.76805e-03 | 30  0.01305  6.67232e-03
 31  0.04837  4.72449e-03 | 32  0.09318  3.57972e-03 | 33  0.00127 -2.62858e-03
 34 -0.05174 -1.06998e-02 | 35  0.01214 -2.78595e-02 | 36 -0.02262  6.94121e-03
 37  0.24347 -2.90910e-02 | 38  0.26002  5.33471e-02 | 39  0.25436  1.40987e-02
 40  0.24736  5.05027e-02 | 41 -0.57166 -1.44232e-01 | 42 -0.63627  7.71269e-01
 43  0.99980 -5.15861e-02 | 44 -0.68817 -1.83857e-02 | 45  0.34980 -1.09973e-03
 46 -0.45738 -1.95612e-02 | 47  0.21998  3.87799e-02 | 48 -0.47845  5.28685e-03
 49  0.24958  3.13184e-02 | 50  0.24116 -3.33152e-01 | 51 -0.27880  8.29869e-03
 52 -0.54553  7.05339e-01 |
52 variables; iteration 180; function evaluation 230; phase 3
Function value 2.2404453e+03; maximum gradient component mag 3.1128e-01
Var    Value     Gradient |Var    Value     Gradient |Var    Value     Gradient
  1  0.04644  1.65464e-01 |  2 -0.00091 -8.79750e-04 |  3  0.04379  1.60851e-03
  4 -0.00996 -7.10603e-04 |  5 -0.13031 -2.67053e-03 |  6 -0.01270 -7.20439e-04
  7 -0.10257 -2.92393e-03 |  8 -0.06146 -2.09738e-03 |  9  0.01998 -1.50156e-03
 10  0.13110  3.31039e-03 | 11 -0.04081 -1.86284e-03 | 12  0.03760  1.50844e-03
 13  0.01722 -1.13290e-03 | 14  0.06142  5.79866e-03 | 15 -0.02683 -2.16984e-03
 16 -0.04393 -3.63574e-03 | 17 -0.02858 -3.74612e-03 | 18  0.04139  1.44739e-03
 19  0.07614  4.58210e-03 | 20 -0.01598 -1.43469e-03 | 21 -0.10302 -3.68157e-03
 22 -0.05780 -3.19857e-03 | 23  0.03186  3.73771e-03 | 24  0.01887  3.04381e-03
 25 -0.03223 -2.56008e-04 | 26  0.04115  1.21966e-02 | 27  0.03179  7.23213e-03
 28  0.02206  5.09974e-03 | 29 -0.00133  8.52698e-04 | 30  0.01305  6.06841e-04
 31  0.04837  1.53362e-03 | 32  0.09318  5.26020e-03 | 33  0.00126 -1.82147e-03
 34 -0.05175 -6.97722e-03 | 35  0.01214 -1.98535e-02 | 36 -0.02262  1.16729e-03
 37  0.24347  2.59104e-02 | 38  0.26002  1.13577e-02 | 39  0.25436  4.46314e-03
 40  0.24736  5.02535e-02 | 41 -0.52619 -3.41186e-02 | 42 -0.60784  3.11279e-01
 43  0.99997 -2.53197e-03 | 44 -0.68815  4.79353e-04 | 45  0.34980 -3.89937e-04
 46 -0.45738 -2.18729e-03 | 47  0.21998  6.97385e-04 | 48 -0.47846  3.85106e-05
 49  0.22771  1.41809e-02 | 50  0.21940 -7.39979e-02 | 51 -0.30208  1.74808e-03
 52 -0.57844  2.49620e-01 |
52 variables; iteration 200; function evaluation 255; phase 3
Function value 2.2404452e+03; maximum gradient component mag 2.8607e-01
Var    Value     Gradient |Var    Value     Gradient |Var    Value     Gradient
  1  0.04644  2.63160e-02 |  2 -0.00091  5.49499e-04 |  3  0.04379  2.13066e-03
  4 -0.00996 -2.89367e-04 |  5 -0.13031 -8.92878e-04 |  6 -0.01270  7.26306e-04
  7 -0.10257 -7.08289e-04 |  8 -0.06146  1.87448e-04 |  9  0.01998  7.60349e-04
 10  0.13110  2.75814e-03 | 11 -0.04081  9.58536e-04 | 12  0.03760  1.23618e-03
 13  0.01722 -1.67563e-03 | 14  0.06142  2.48329e-03 | 15 -0.02683 -2.16109e-03
 16 -0.04393 -1.61043e-03 | 17 -0.02858 -2.25948e-03 | 18  0.04139  1.85427e-03
 19  0.07614  5.47092e-03 | 20 -0.01598 -4.09850e-04 | 21 -0.10302 -1.50581e-03
 22 -0.05780 -2.53030e-03 | 23  0.03186  1.53445e-03 | 24  0.01887  1.49942e-04
 25 -0.03223 -2.62524e-03 | 26  0.04115  3.03574e-03 | 27  0.03179  3.49853e-03
 28  0.02206  1.19703e-03 | 29 -0.00133  9.27269e-04 | 30  0.01305  8.06132e-04
 31  0.04837  1.11461e-03 | 32  0.09318  2.28723e-03 | 33  0.00127 -8.64900e-04
 34 -0.05175 -3.81243e-03 | 35  0.01214 -1.22057e-02 | 36 -0.02262  2.73252e-03
 37  0.24347  2.53218e-04 | 38  0.26002  1.27129e-02 | 39  0.25436  3.84771e-03
 40  0.24736  1.61169e-02 | 41 -0.47136 -6.45215e-02 | 42 -0.57776  2.86065e-01
 43  0.99998 -1.52994e-03 | 44 -0.68815 -2.77569e-03 | 45  0.34980 -7.93890e-04
 46 -0.45738 -3.86466e-03 | 47  0.21998  7.60068e-03 | 48 -0.47846  9.08498e-04
 49  0.19943  1.12169e-02 | 50  0.19125 -1.25305e-01 | 51 -0.32886 -6.70307e-05
 52 -0.61840  1.96812e-01 |
52 variables; iteration 220; function evaluation 278; phase 3
Function value 2.2404451e+03; maximum gradient component mag 1.8934e-01
Var    Value     Gradient |Var    Value     Gradient |Var    Value     Gradient
  1  0.04644  9.05575e-02 |  2 -0.00091 -3.50075e-04 |  3  0.04379  9.14250e-04
  4 -0.00996  3.36446e-04 |  5 -0.13031 -1.23554e-03 |  6 -0.01270 -2.79232e-04
  7 -0.10257 -1.60533e-03 |  8 -0.06146 -1.32610e-03 |  9  0.01998 -6.95526e-04
 10  0.13110  2.40411e-03 | 11 -0.04081 -1.01046e-03 | 12  0.03760  7.01421e-04
 13  0.01722 -4.94206e-04 | 14  0.06142  3.49951e-03 | 15 -0.02683 -6.38242e-04
 16 -0.04393 -2.44353e-03 | 17 -0.02858 -1.82411e-03 | 18  0.04139  7.03841e-04
 19  0.07614  1.94850e-03 | 20 -0.01598 -4.68234e-04 | 21 -0.10302 -2.29681e-03
 22 -0.05780 -1.53356e-03 | 23  0.03186  2.23439e-03 | 24  0.01887  1.86871e-03
 25 -0.03223  8.73702e-04 | 26  0.04115  7.33252e-03 | 27  0.03179  2.86226e-03
 28  0.02206  2.20729e-03 | 29 -0.00133 -4.98459e-04 | 30  0.01305 -5.59320e-04
 31  0.04837  5.09465e-04 | 32  0.09318  3.43649e-03 | 33  0.00126 -1.01523e-03
 34 -0.05175 -4.08613e-03 | 35  0.01214 -1.29577e-02 | 36 -0.02262  7.40717e-04
 37  0.24347  2.05949e-02 | 38  0.26002  3.97392e-03 | 39  0.25436  2.72844e-03
 40  0.24736  2.67067e-02 | 41 -0.43989 -2.41839e-02 | 42 -0.56238  1.89345e-01
 43  1.00002 -1.35965e-03 | 44 -0.68815  2.00893e-03 | 45  0.34980 -4.72241e-04
 46 -0.45738 -2.43922e-04 | 47  0.21998 -9.63940e-04 | 48 -0.47846 -1.82462e-03
 49  0.18234  9.58736e-03 | 50  0.17422 -4.70386e-02 | 51 -0.34347 -4.43780e-04
 52 -0.64139  1.17986e-01 |
52 variables; iteration 240; function evaluation 302; phase 3
Function value 2.2404451e+03; maximum gradient component mag -2.9574e-02
Var    Value     Gradient |Var    Value     Gradient |Var    Value     Gradient
  1  0.04644  7.73063e-03 |  2 -0.00091  1.11151e-04 |  3  0.04379  1.67624e-03
  4 -0.00997 -1.77563e-03 |  5 -0.13031 -1.07922e-03 |  6 -0.01270  4.83164e-04
  7 -0.10257 -2.51149e-04 |  8 -0.06146  5.35361e-04 |  9  0.01998  1.37352e-04
 10  0.13110 -2.13115e-04 | 11 -0.04081  2.17903e-05 | 12  0.03760  3.21156e-04
 13  0.01722 -9.78781e-04 | 14  0.06142 -3.48213e-04 | 15 -0.02683 -1.63932e-03
 16 -0.04393  1.49780e-03 | 17 -0.02858 -9.84482e-04 | 18  0.04139  1.91672e-04
 19  0.07614  1.11705e-03 | 20 -0.01598 -1.78050e-03 | 21 -0.10302  6.21525e-04
 22 -0.05780 -1.37679e-03 | 23  0.03186 -1.11383e-03 | 24  0.01887 -4.43400e-04
 25 -0.03223 -2.81545e-03 | 26  0.04115 -1.63025e-03 | 27  0.03179  2.64501e-03
 28  0.02206  1.83493e-03 | 29 -0.00133  2.01185e-03 | 30  0.01305  2.15817e-03
 31  0.04837  1.05987e-03 | 32  0.09318 -1.10972e-03 | 33  0.00127 -1.41940e-04
 34 -0.05175  1.18660e-03 | 35  0.01214  5.01699e-03 | 36 -0.02262 -3.23042e-04
 37  0.24347 -2.95742e-02 | 38  0.26002  1.02977e-02 | 39  0.25436  9.32971e-04
 40  0.24736  4.92586e-03 | 41 -0.40830 -1.16315e-03 | 42 -0.54826  2.29452e-02
 43  1.00003  4.57366e-03 | 44 -0.68816 -5.67581e-03 | 45  0.34980  5.18576e-04
 46 -0.45738 -4.28101e-03 | 47  0.21998  8.25223e-03 | 48 -0.47846  2.75167e-03
 49  0.16462  4.41276e-03 | 50  0.15656 -7.22688e-04 | 51 -0.35746 -3.70926e-03
 52 -0.66437  1.12860e-02 |
52 variables; iteration 260; function evaluation 322; phase 3
Function value 2.2404451e+03; maximum gradient component mag 1.4723e-02
Var    Value     Gradient |Var    Value     Gradient |Var    Value     Gradient
  1  0.04644  1.37384e-02 |  2 -0.00091 -1.22296e-04 |  3  0.04379  1.71746e-05
  4 -0.00996  1.64457e-05 |  5 -0.13031 -2.25344e-04 |  6 -0.01270 -1.32651e-04
  7 -0.10257 -2.17998e-04 |  8 -0.06146 -2.52530e-04 |  9  0.01998 -2.44200e-04
 10  0.13110  1.15038e-04 | 11 -0.04081 -4.39847e-04 | 12  0.03760  3.33699e-05
 13  0.01722  3.73723e-04 | 14  0.06142  5.79335e-04 | 15 -0.02683  3.23911e-04
 16 -0.04393 -1.16485e-06 | 17 -0.02858  1.13495e-04 | 18  0.04139 -1.56354e-04
 19  0.07614 -7.90049e-04 | 20 -0.01598 -3.64684e-04 | 21 -0.10302 -1.72714e-04
 22 -0.05780  7.63928e-06 | 23  0.03186  9.29332e-05 | 24  0.01887  4.88592e-04
 25 -0.03223  6.77396e-04 | 26  0.04115  1.11826e-03 | 27  0.03179 -3.23817e-04
 28  0.02206 -8.53021e-06 | 29 -0.00133 -5.15498e-04 | 30  0.01305 -3.97115e-04
 31  0.04837 -1.11592e-04 | 32  0.09318  3.22607e-04 | 33  0.00126 -1.59822e-04
 34 -0.05175  2.19695e-05 | 35  0.01214 -8.17773e-04 | 36 -0.02262 -4.13244e-04
 37  0.24347 -8.50933e-04 | 38  0.26002 -5.26203e-04 | 39  0.25436  8.15041e-05
 40  0.24736 -3.95628e-04 | 41 -0.40720  5.47811e-03 | 42 -0.54782 -1.07286e-02
 43  1.00003  5.84210e-03 | 44 -0.68815  4.68363e-04 | 45  0.34980  3.91211e-04
 46 -0.45738 -4.21521e-04 | 47  0.21998 -2.26543e-03 | 48 -0.47846  1.56737e-03
 49  0.16398  6.36886e-04 | 50  0.15593  1.47225e-02 | 51 -0.35791 -3.25838e-04
 52 -0.66513 -1.05434e-02 |
52 variables; iteration 280; function evaluation 347; phase 3
Function value 2.2404450e+03; maximum gradient component mag 3.2993e-01
Var    Value     Gradient |Var    Value     Gradient |Var    Value     Gradient
  1  0.04644  1.94107e-01 |  2 -0.00091 -9.79628e-04 |  3  0.04379  3.39248e-03
  4 -0.00997 -2.92739e-03 |  5 -0.13031 -4.12156e-03 |  6 -0.01270  3.91051e-05
  7 -0.10257 -3.55336e-03 |  8 -0.06146 -1.85854e-03 |  9  0.01998 -1.27381e-03
 10  0.13110  3.88507e-03 | 11 -0.04081 -1.43617e-03 | 12  0.03760  1.71382e-03
 13  0.01722 -2.36699e-03 | 14  0.06142  6.37633e-03 | 15 -0.02683 -3.88695e-03
 16 -0.04393 -2.28617e-03 | 17 -0.02858 -5.18709e-03 | 18  0.04139  1.14269e-03
 19  0.07614  6.18566e-03 | 20 -0.01598 -3.35822e-03 | 21 -0.10302 -2.90142e-03
 22 -0.05780 -4.83344e-03 | 23  0.03186  1.53441e-03 | 24  0.01887  2.71572e-03
 25 -0.03223 -2.71607e-03 | 26  0.04115  1.03669e-02 | 27  0.03179  9.74376e-03
 28  0.02206  6.42184e-03 | 29 -0.00133  2.65849e-03 | 30  0.01305  3.08016e-03
 31  0.04837  1.80464e-03 | 32  0.09318  4.42260e-03 | 33  0.00127 -1.31253e-03
 34 -0.05174 -4.89177e-03 | 35  0.01214 -1.49866e-02 | 36 -0.02262  2.43578e-05
 37  0.24347 -1.11233e-02 | 38  0.26002  2.25460e-02 | 39  0.25436  7.43148e-03
 40  0.24736  3.72303e-02 | 41 -0.40419 -1.97360e-02 | 42 -0.56436  3.29929e-01
 43  0.99977 -6.06724e-02 | 44 -0.68816 -6.59137e-03 | 45  0.34981  1.09646e-04
 46 -0.45738 -6.59451e-03 | 47  0.21998  7.67035e-03 | 48 -0.47845  9.92284e-03
 49  0.16228  2.68486e-02 | 50  0.15422 -5.58923e-02 | 51 -0.34156 -6.14326e-03
 52 -0.63831  2.14219e-01 |
52 variables; iteration 300; function evaluation 369; phase 3
Function value 2.2404447e+03; maximum gradient component mag 2.5440e+00
Var    Value     Gradient |Var    Value     Gradient |Var    Value     Gradient
  1  0.04644  2.54396e+00 |  2 -0.00091 -2.61439e-02 |  3  0.04379 -1.02842e-02
  4 -0.00996 -2.39597e-02 |  5 -0.13031 -3.55604e-02 |  6 -0.01270 -2.31001e-02
  7 -0.10257 -3.89781e-02 |  8 -0.06146 -3.48817e-02 |  9  0.01998 -2.59359e-02
 10  0.13110  8.47541e-03 | 11 -0.04081 -2.20436e-02 | 12  0.03760  5.34590e-03
 13  0.01722  2.23585e-03 | 14  0.06142  4.75494e-02 | 15 -0.02683  1.80845e-03
 16 -0.04393 -2.52961e-03 | 17 -0.02858 -3.99189e-03 | 18  0.04139 -5.47935e-03
 19  0.07614  1.14482e-02 | 20 -0.01598 -1.31714e-02 | 21 -0.10302 -2.61886e-02
 22 -0.05780 -1.75170e-02 | 23  0.03186  2.24606e-02 | 24  0.01887  1.96174e-02
 25 -0.03223  8.06097e-03 | 26  0.04115  8.59977e-02 | 27  0.03179  5.08592e-02
 28  0.02206  3.26708e-02 | 29 -0.00133  1.46291e-03 | 30  0.01305 -6.34371e-04
 31  0.04837  7.05252e-03 | 32  0.09318  5.64953e-02 | 33  0.00126  2.41557e-02
 34 -0.05175  3.23685e-04 | 35  0.01214 -3.41504e-02 | 36 -0.02262 -4.16265e-02
 37  0.24347  2.11704e-01 | 38  0.26002  9.33530e-02 | 39  0.25436  3.97037e-02
 40  0.24736  2.65924e-01 | 41 -0.31392  8.03868e-01 | 42 -0.59078 -7.72771e-02
 43  1.00008  2.05080e-02 | 44 -0.68815  4.72359e-03 | 45  0.34980 -1.02208e-02
 46 -0.45738 -7.55500e-03 | 47  0.21998  2.03456e-02 | 48 -0.47846 -1.71968e-02
 49  0.10867  1.33453e-01 | 50  0.10076  1.18087e+00 | 51 -0.31697 -4.19913e-02
 52 -0.60034 -3.19569e-02 |
52 variables; iteration 320; function evaluation 393; phase 3
Function value 2.2404444e+03; maximum gradient component mag 1.0941e+00
Var    Value     Gradient |Var    Value     Gradient |Var    Value     Gradient
  1  0.04644  1.09415e+00 |  2 -0.00091 -1.06819e-02 |  3  0.04379 -1.68575e-03
  4 -0.00996 -1.11905e-02 |  5 -0.13031 -1.68178e-02 |  6 -0.01270 -9.13373e-03
  7 -0.10257 -1.69397e-02 |  8 -0.06146 -1.42541e-02 |  9  0.01998 -1.10984e-02
 10  0.13110  4.70955e-03 | 11 -0.04081 -1.07466e-02 | 12  0.03760  2.63300e-03
 13  0.01722  1.73373e-03 | 14  0.06142  2.26710e-02 | 15 -0.02683 -3.85825e-04
 16 -0.04393 -2.96218e-04 | 17 -0.02858 -3.86105e-03 | 18  0.04139 -1.57974e-03
 19  0.07614  4.57292e-03 | 20 -0.01598 -8.72385e-03 | 21 -0.10302 -1.11484e-02
 22 -0.05780 -1.03344e-02 | 23  0.03186  9.69315e-03 | 24  0.01887  1.03516e-02
 25 -0.03223  1.84110e-03 | 26  0.04115  3.92570e-02 | 27  0.03179  2.38909e-02
 28  0.02206  1.68997e-02 | 29 -0.00133  6.74665e-04 | 30  0.01305  4.99840e-04
 31  0.04837  4.44962e-03 | 32  0.09318  2.42704e-02 | 33  0.00127  8.41370e-03
 34 -0.05175 -8.91480e-04 | 35  0.01214 -1.89487e-02 | 36 -0.02262 -1.73230e-02
 37  0.24347  4.52000e-02 | 38  0.26002  5.24055e-02 | 39  0.25436  1.89585e-02
 40  0.24736  1.28706e-01 | 41 -0.22749  3.48982e-01 | 42 -0.61447  7.59584e-02
 43  0.99992 -2.10009e-02 | 44 -0.68815 -2.67971e-03 | 45  0.34981 -2.66911e-03
 46 -0.45738 -9.39814e-03 | 47  0.21998  1.05519e-02 | 48 -0.47846 -1.66281e-03
 49  0.05410  6.28942e-02 | 50  0.04627  4.79764e-01 | 51 -0.29647 -1.92275e-02
 52 -0.57037  7.57291e-02 |
52 variables; iteration 340; function evaluation 417; phase 3
Function value 2.2404443e+03; maximum gradient component mag 1.4028e-01
Var    Value     Gradient |Var    Value     Gradient |Var    Value     Gradient
  1  0.04644  1.40276e-01 |  2 -0.00091 -1.26067e-03 |  3  0.04379 -1.63546e-04
  4 -0.00996 -8.73408e-04 |  5 -0.13031 -2.16486e-03 |  6 -0.01270 -1.13231e-03
  7 -0.10257 -2.16431e-03 |  8 -0.06146 -1.92868e-03 |  9  0.01998 -1.29104e-03
 10  0.13110  1.23733e-03 | 11 -0.04081 -1.20056e-03 | 12  0.03760  6.04720e-04
 13  0.01722  3.12833e-04 | 14  0.06142  4.22339e-03 | 15 -0.02683 -1.98186e-04
 16 -0.04393 -1.11616e-03 | 17 -0.02858 -1.22013e-03 | 18  0.04139  7.68633e-05
 19  0.07614  1.66476e-03 | 20 -0.01598 -7.29635e-04 | 21 -0.10302 -2.12030e-03
 22 -0.05780 -1.34078e-03 | 23  0.03186  2.23257e-03 | 24  0.01887  1.83253e-03
 25 -0.03223  5.71742e-04 | 26  0.04115  7.54978e-03 | 27  0.03179  3.48775e-03
 28  0.02206  2.62776e-03 | 29 -0.00133 -6.63612e-04 | 30  0.01305 -2.30946e-04
 31  0.04837 -1.63047e-07 | 32  0.09318  3.80279e-03 | 33  0.00127  7.38281e-04
 34 -0.05175 -1.75850e-03 | 35  0.01214 -6.97589e-03 | 36 -0.02262 -1.70426e-03
 37  0.24347 -8.27757e-04 | 38  0.26002  7.54493e-03 | 39  0.25436  3.34906e-03
 40  0.24736  1.99492e-02 | 41 -0.13844  2.61361e-02 | 42 -0.63855  6.93673e-02
 43  1.00005  1.10787e-02 | 44 -0.68815  9.27352e-04 | 45  0.34980 -6.50461e-04
 46 -0.45738 -9.61206e-04 | 47  0.21998 -4.40927e-04 | 48 -0.47846  1.23252e-03
 49 -0.00464  8.74358e-03 | 50 -0.01244  3.11331e-02 | 51 -0.27705 -5.00170e-04
 52 -0.54312  6.49277e-02 |
52 variables; iteration 360; function evaluation 440; phase 3
Function value 2.2404443e+03; maximum gradient component mag 2.5364e-02
Var    Value     Gradient |Var    Value     Gradient |Var    Value     Gradient
  1  0.04644  2.53642e-02 |  2 -0.00091 -2.69661e-04 |  3  0.04379 -1.13310e-04
  4 -0.00996 -2.94678e-04 |  5 -0.13031 -3.48213e-04 |  6 -0.01270 -2.41038e-04
  7 -0.10257 -3.98445e-04 |  8 -0.06146 -3.37044e-04 |  9  0.01998 -2.73360e-04
 10  0.13110  5.06433e-05 | 11 -0.04081 -2.28815e-04 | 12  0.03760  8.68572e-05
 13  0.01722  1.07417e-05 | 14  0.06142  4.34626e-04 | 15 -0.02683 -4.00298e-06
 16 -0.04393 -1.15740e-05 | 17 -0.02858 -1.91745e-05 | 18  0.04139 -4.01579e-05
 19  0.07614  1.42510e-04 | 20 -0.01598 -1.56043e-04 | 21 -0.10302 -2.44967e-04
 22 -0.05780 -1.88839e-04 | 23  0.03186  2.15041e-04 | 24  0.01887  1.96734e-04
 25 -0.03223  5.93768e-05 | 26  0.04115  8.22939e-04 | 27  0.03179  5.77393e-04
 28  0.02206  2.87965e-04 | 29 -0.00133  1.03514e-04 | 30  0.01305  1.30643e-05
 31  0.04837  1.05156e-04 | 32  0.09318  4.96615e-04 | 33  0.00126  1.92857e-04
 34 -0.05175 -3.82878e-05 | 35  0.01214 -3.87623e-04 | 36 -0.02262 -3.78875e-04
 37  0.24347  3.19566e-03 | 38  0.26002  9.23674e-04 | 39  0.25436  3.57909e-04
 40  0.24736  2.21793e-03 | 41 -0.09001  8.77120e-03 | 42 -0.65138 -2.16543e-04
 43  1.00002 -5.02703e-05 | 44 -0.68815 -6.75156e-05 | 45  0.34980 -4.04403e-05
 46 -0.45738 -1.90274e-04 | 47  0.21998  1.62961e-04 | 48 -0.47846  5.11870e-05
 49 -0.03741  1.26743e-03 | 50 -0.04523  1.18349e-02 | 51 -0.26725 -3.04263e-04
 52 -0.52973  6.03447e-04 |
52 variables; iteration 380; function evaluation 465; phase 3
Function value 2.2404443e+03; maximum gradient component mag -1.0625e-01
Var    Value     Gradient |Var    Value     Gradient |Var    Value     Gradient
  1  0.04644 -1.06251e-01 |  2 -0.00091  1.26776e-03 |  3  0.04379  9.29727e-04
  4 -0.00996  1.42463e-03 |  5 -0.13031  1.18177e-03 |  6 -0.01270  1.17379e-03
  7 -0.10257  1.65301e-03 |  8 -0.06146  1.42191e-03 |  9  0.01998  1.21411e-03
 10  0.13110  3.40115e-04 | 11 -0.04081  8.44391e-04 | 12  0.03760  1.23028e-05
 13  0.01722  4.28559e-04 | 14  0.06142 -1.86215e-04 | 15 -0.02683  9.58357e-06
 16 -0.04393 -4.25176e-04 | 17 -0.02858 -4.69180e-04 | 18  0.04139  2.98674e-04
 19  0.07614 -3.52953e-04 | 20 -0.01598  2.98308e-04 | 21 -0.10302  6.35687e-04
 22 -0.05780  6.48117e-04 | 23  0.03186 -1.32858e-04 | 24  0.01887  9.08459e-05
 25 -0.03223  1.99347e-04 | 26  0.04115 -7.86375e-04 | 27  0.03179 -2.14503e-03
 28  0.02206 -9.67492e-04 | 29 -0.00133 -1.35947e-03 | 30  0.01305 -4.42902e-04
 31  0.04837 -1.23636e-03 | 32  0.09318 -2.24033e-03 | 33  0.00127 -1.58076e-03
 34 -0.05175 -1.17010e-03 | 35  0.01214 -2.17252e-03 | 36 -0.02262  1.64092e-03
 37  0.24347 -3.19929e-02 | 38  0.26002 -2.19667e-03 | 39  0.25436 -8.50509e-04
 40  0.24736 -1.51252e-02 | 41 -0.07377 -4.16485e-02 | 42 -0.64668  3.36686e-02
 43  1.00002 -3.97158e-04 | 44 -0.68815  3.44497e-04 | 45  0.34980  9.22148e-04
 46 -0.45738 -9.17264e-04 | 47  0.21998 -5.74711e-03 | 48 -0.47846  7.35466e-03
 49 -0.04852 -3.57415e-03 | 50 -0.05635 -5.71644e-02 | 51 -0.27079  2.10804e-03
 52 -0.53455  3.13069e-02 |
52 variables; iteration 400; function evaluation 487; phase 3
Function value 2.2404443e+03; maximum gradient component mag 8.2303e-02
Var    Value     Gradient |Var    Value     Gradient |Var    Value     Gradient
  1  0.04644  8.23033e-02 |  2 -0.00091 -9.35640e-04 |  3  0.04379 -7.83892e-04
  4 -0.00996 -4.55392e-04 |  5 -0.13031 -9.76879e-04 |  6 -0.01270 -1.02342e-03
  7 -0.10257 -1.11641e-03 |  8 -0.06146 -1.14551e-03 |  9  0.01998 -8.84871e-04
 10  0.13110 -2.10286e-04 | 11 -0.04081 -7.95283e-04 | 12  0.03760 -7.04982e-04
 13  0.01722 -5.66956e-04 | 14  0.06142 -1.13012e-04 | 15 -0.02683 -2.80659e-04
 16 -0.04393  1.59492e-04 | 17 -0.02858 -4.16524e-04 | 18  0.04139  3.42571e-05
 19  0.07614  5.78261e-04 | 20 -0.01598  1.45451e-04 | 21 -0.10302 -8.48717e-04
 22 -0.05780 -9.54449e-04 | 23  0.03186 -1.32124e-04 | 24  0.01887 -6.66912e-04
 25 -0.03223 -9.52272e-04 | 26  0.04115 -2.71488e-04 | 27  0.03179  1.52990e-03
 28  0.02206  2.69705e-03 | 29 -0.00133  8.55679e-04 | 30  0.01305  9.66725e-04
 31  0.04837  2.19902e-03 | 32  0.09318  4.33100e-03 | 33  0.00126  2.52017e-03
 34 -0.05175  2.05453e-03 | 35  0.01214  3.07358e-03 | 36 -0.02262 -1.07913e-03
 37  0.24347  2.23627e-02 | 38  0.26002  3.46837e-03 | 39  0.25436  2.06181e-03
 40  0.24736  4.63058e-02 | 41 -0.07143  5.70823e-03 | 42 -0.64059  1.05946e-02
 43  1.00002 -7.33706e-04 | 44 -0.68815  1.42597e-03 | 45  0.34980 -3.14085e-03
 46 -0.45738  4.26564e-03 | 47  0.21998  1.61250e-02 | 48 -0.47846 -2.37543e-02
 49 -0.05011  1.10614e-04 | 50 -0.05795  8.19204e-03 | 51 -0.27547 -8.04589e-04
 52 -0.54094  1.05791e-02 |
Estimating row 1 out of 52 for hessian
Estimating row 2 out of 52 for hessian
Estimating row 3 out of 52 for hessian
Estimating row 4 out of 52 for hessian
Estimating row 5 out of 52 for hessian
Estimating row 6 out of 52 for hessian
Estimating row 7 out of 52 for hessian
Estimating row 8 out of 52 for hessian
Estimating row 9 out of 52 for hessian
Estimating row 10 out of 52 for hessian
Estimating row 11 out of 52 for hessian
Estimating row 12 out of 52 for hessian
Estimating row 13 out of 52 for hessian
Estimating row 14 out of 52 for hessian
Estimating row 15 out of 52 for hessian
Estimating row 16 out of 52 for hessian
Estimating row 17 out of 52 for hessian
Estimating row 18 out of 52 for hessian
Estimating row 19 out of 52 for hessian
Estimating row 20 out of 52 for hessian
Estimating row 21 out of 52 for hessian
Estimating row 22 out of 52 for hessian
Estimating row 23 out of 52 for hessian
Estimating row 24 out of 52 for hessian
Estimating row 25 out of 52 for hessian
Estimating row 26 out of 52 for hessian
Estimating row 27 out of 52 for hessian
Estimating row 28 out of 52 for hessian
Estimating row 29 out of 52 for hessian
Estimating row 30 out of 52 for hessian
Estimating row 31 out of 52 for hessian
Estimating row 32 out of 52 for hessian
Estimating row 33 out of 52 for hessian
Estimating row 34 out of 52 for hessian
Estimating row 35 out of 52 for hessian
Estimating row 36 out of 52 for hessian
Estimating row 37 out of 52 for hessian
Estimating row 38 out of 52 for hessian
Estimating row 39 out of 52 for hessian
Estimating row 40 out of 52 for hessian
Estimating row 41 out of 52 for hessian
Estimating row 42 out of 52 for hessian
Estimating row 43 out of 52 for hessian
Estimating row 44 out of 52 for hessian
Estimating row 45 out of 52 for hessian
Estimating row 46 out of 52 for hessian
Estimating row 47 out of 52 for hessian
Estimating row 48 out of 52 for hessian
Estimating row 49 out of 52 for hessian
Estimating row 50 out of 52 for hessian
Estimating row 51 out of 52 for hessian
Estimating row 52 out of 52 for hessian
size of file gradfil1.tmp = 0
size of file gradfil2.tmp = 0
size of file varssave.tmp = 0
size of file cmpdiff.tmp = 0
