
Initial statistics: 36 variables; iteration 0; function evaluation 0; phase 1
Function value 2.0147876e+04; maximum gradient component mag 1.4884e+05
Var    Value     Gradient |Var    Value     Gradient |Var    Value     Gradient
  1  0.02666  1.48843e+05 |  2 -0.03584 -2.27718e+03 |  3  0.07454 -2.37980e+03
  4 -0.03815 -2.33876e+03 |  5 -0.11687 -2.12269e+03 |  6 -0.07345 -2.33636e+03
  7 -0.08899 -1.82277e+03 |  8 -0.05977 -1.58874e+03 |  9 -0.02355 -9.45709e+02
 10  0.11153  2.81811e+03 | 11  0.00235 -1.26945e+02 | 12  0.01233 -1.19981e+02
 13  0.00808 -9.83059e+02 | 14  0.06771 -8.70723e+02 | 15 -0.03180 -2.07449e+03
 16 -0.05027 -1.00876e+03 | 17  0.02591  1.52290e+03 | 18 -0.01831  3.82869e+02
 19  0.05985  4.04242e+03 | 20 -0.03934  9.94751e+02 | 21 -0.14254 -1.10398e+03
 22 -0.03250 -1.38720e+03 | 23  0.02648 -3.49482e+02 | 24  0.05057  1.76941e+03
 25 -0.04678 -9.55955e+02 | 26  0.01847 -5.72897e+02 | 27  0.05354  2.05741e+03
 28  0.02853  1.40150e+03 | 29  0.00209  1.25230e+03 | 30 -0.01242  1.41225e+02
 31  0.06818  4.01056e+03 | 32  0.10190  4.85435e+03 | 33  0.00273  1.22495e+03
 34  0.03519  6.58502e+02 | 35  0.02646 -1.11757e+03 | 36  0.03324 -6.66948e+02

Intermediate statistics: 36 variables; iteration 20; function evaluation 31; phase 1
Function value 1.6452712e+04; maximum gradient component mag 1.6801e+04
Var    Value     Gradient |Var    Value     Gradient |Var    Value     Gradient
  1 -0.00656  1.68007e+04 |  2  0.17836 -1.43670e+02 |  3  0.16035 -3.18961e+02
  4  0.26764  2.20574e+01 |  5  0.18912  7.20372e+01 |  6  0.04568 -4.28381e+02
  7  0.13471  2.11491e+02 |  8 -0.04831 -2.40916e+02 |  9 -0.10987 -3.48334e+02
 10  0.18868  8.29416e+02 | 11 -0.00466 -5.77566e+02 | 12 -0.41476 -4.56462e+02
 13  0.04925 -9.17950e+00 | 14 -0.01716 -9.45922e+02 | 15  0.10664  1.50961e+02
 16 -0.02176  3.31940e+02 | 17  0.00399  1.65481e+02 | 18 -0.10213 -4.21363e+02
 19  0.04477  4.97413e+02 | 20 -0.09582 -1.83590e+01 | 21 -0.07739 -2.28026e+02
 22 -0.01359 -1.74619e+02 | 23  0.10976  1.02498e+03 | 24  0.08779  1.68179e+03
 25 -0.04182  1.22886e+02 | 26  0.09409  3.35934e+02 | 27 -0.04662  1.90637e+02
 28  0.01930 -4.70488e+02 | 29 -0.17125 -5.22001e+02 | 30 -0.12805 -6.49028e+02
 31 -0.06820  3.62625e+02 | 32  0.06172  5.29284e+02 | 33 -0.02686  4.83040e+02
 34  0.00548  6.67372e+02 | 35  0.02807 -3.59693e+02 | 36 -1.61540 -7.29742e+01
36 variables; iteration 40; function evaluation 58; phase 1
Function value 1.6044490e+04; maximum gradient component mag 1.6359e+04
Var    Value     Gradient |Var    Value     Gradient |Var    Value     Gradient
  1 -0.00945  1.63586e+04 |  2  0.11201 -2.67436e+02 |  3  0.17125 -3.12991e+02
  4  0.18149 -1.17710e+02 |  5 -0.05816 -3.62951e+02 |  6  0.12358 -3.12020e+02
  7  0.13181  1.26295e+02 |  8  0.05025 -6.11718e+01 |  9 -0.03958 -2.48324e+02
 10  0.17146  1.13079e+03 | 11  0.00992 -3.30315e+02 | 12 -0.15440 -3.11339e+02
 13  0.04308  2.77580e+02 | 14  0.08155 -4.60437e+01 | 15  0.13086  4.02381e+02
 16 -0.05651  2.44702e+01 | 17 -0.01939 -2.05251e+02 | 18 -0.04675 -3.46990e+02
 19  0.05218  3.39031e+02 | 20 -0.15854 -4.09331e+02 | 21 -0.04976 -2.22822e+02
 22  0.02878 -7.31808e+01 | 23  0.09170  1.70398e+02 | 24  0.03800  4.25586e+02
 25 -0.05338 -1.80068e+02 | 26  0.10177 -6.32624e+01 | 27 -0.12044 -1.13918e+02
 28  0.06344 -1.35384e+02 | 29 -0.26135 -5.75716e+02 | 30 -0.00769  1.42297e+02
 31 -0.15701  4.72962e+01 | 32  0.06119 -2.04541e+02 | 33 -0.07580 -2.62046e+02
 34 -0.04864 -9.02444e+01 | 35  0.07419  1.91242e+02 | 36 -1.46159  1.36739e+02
36 variables; iteration 60; function evaluation 79; phase 1
Function value 1.5792372e+04; maximum gradient component mag 2.1211e+01
Var    Value     Gradient |Var    Value     Gradient |Var    Value     Gradient
  1 -0.01837  3.45525e+00 |  2  0.13647 -1.58281e+00 |  3  0.20040 -4.22796e+00
  4  0.11442  1.51878e-03 |  5 -0.02390 -2.23189e-01 |  6  0.09826  8.33792e-01
  7 -0.01778  8.76749e-01 |  8  0.01015  2.13299e-01 |  9  0.03372 -3.85780e+00
 10  0.10120  1.37882e+01 | 11  0.11205  4.50281e+00 | 12 -0.14340  3.68126e+00
 13  0.01482  4.09236e+00 | 14  0.08887  2.18811e+00 | 15  0.13289 -1.16162e+01
 16 -0.08099 -1.39822e+00 | 17  0.00946  2.12107e+01 | 18 -0.01726  6.47483e+00
 19  0.03001 -1.64107e+01 | 20 -0.07172 -1.04416e+01 | 21 -0.04593 -2.82421e+00
 22  0.03318 -1.19180e+00 | 23  0.10703  2.76750e+00 | 24 -0.02063 -1.29083e+00
 25 -0.03978 -1.89923e+00 | 26  0.11844 -2.00758e+01 | 27 -0.16510  1.39486e+00
 28  0.06100 -2.54444e+00 | 29 -0.08170  2.08939e+00 | 30  0.00550  2.60703e+00
 31 -0.21609  1.66890e+00 | 32  0.07887  2.65931e+00 | 33 -0.03339  7.60927e+00
 34 -0.06529  3.45303e+00 | 35  0.07663 -4.96709e-01 | 36 -1.35720 -4.91871e-01

 - final statistics:
36 variables; iteration 71; function evaluation 90
Function value 1.5792e+04; maximum gradient component mag 2.4626e+00
Exit code = 1;  converg criter 1.0000e+01
Var    Value     Gradient |Var    Value     Gradient |Var    Value     Gradient
  1 -0.01840  1.90835e+00 |  2  0.13664  8.48082e-02 |  3  0.20083 -6.46983e-01
  4  0.11468  1.65634e-01 |  5 -0.02345  5.35117e-02 |  6  0.09799 -1.34425e-01
  7 -0.01794  3.90221e-01 |  8  0.01100  6.18848e-01 |  9  0.03616  4.99979e-01
 10  0.09878  1.42608e+00 | 11  0.11258  8.64167e-01 | 12 -0.14418  4.48569e-01
 13  0.01495  7.01507e-01 | 14  0.08889 -1.34786e-01 | 15  0.13353 -4.13091e-01
 16 -0.08005 -2.65097e-01 | 17  0.00890 -1.92879e-01 | 18 -0.01721  6.04375e-02
 19  0.03050 -1.32837e+00 | 20 -0.07135  7.75035e-01 | 21 -0.04572 -5.32002e-02
 22  0.03347  4.20068e-01 | 23  0.10694  2.46263e+00 | 24 -0.02023  4.07351e-01
 25 -0.03969 -5.89521e-02 | 26  0.11980 -2.67257e-01 | 27 -0.16777  9.89634e-03
 28  0.06146  5.38698e-01 | 29 -0.08218  3.29587e-01 | 30  0.00554 -9.73821e-01
 31 -0.21701 -1.99342e-01 | 32  0.07928  4.65888e-01 | 33 -0.03602 -7.79010e-01
 34 -0.06404  4.16664e-01 | 35  0.07661 -2.90781e-02 | 36 -1.35470  1.50130e-01

Initial statistics: 46 variables; iteration 0; function evaluation 0; phase 2
Function value 1.5792308e+04; maximum gradient component mag 4.1141e+04
Var    Value     Gradient |Var    Value     Gradient |Var    Value     Gradient
  1 -0.01840  1.90835e+00 |  2  0.13664 -6.62797e-02 |  3  0.20082 -7.93991e-01
  4  0.11468  1.34999e-02 |  5 -0.02346 -1.01020e-01 |  6  0.09799 -2.87233e-01
  7 -0.01794  2.35646e-01 |  8  0.01100  4.64234e-01 |  9  0.03616  3.45592e-01
 10  0.09877  1.27331e+00 | 11  0.11257  7.11943e-01 | 12 -0.14418  2.97881e-01
 13  0.01494  5.46914e-01 | 14  0.08889 -2.87917e-01 | 15  0.13352 -5.64339e-01
 16 -0.08005 -4.18512e-01 | 17  0.00890 -3.47500e-01 | 18 -0.01722 -9.41422e-02
 19  0.03050 -1.48283e+00 | 20 -0.07135  6.21368e-01 | 21 -0.04573 -2.07438e-01
 22  0.03347  2.65645e-01 | 23  0.10694  2.31017e+00 | 24 -0.02023  2.52792e-01
 25 -0.03970 -2.13288e-01 | 26  0.11979 -4.19164e-01 | 27 -0.16777 -1.39401e-01
 28  0.06145  3.84782e-01 | 29 -0.08218  1.76237e-01 | 30  0.00554 -1.12845e+00
 31 -0.21701 -3.45079e-01 | 32  0.07928  3.12450e-01 | 33 -0.03603 -9.33398e-01
 34 -0.06404  2.62809e-01 | 35  0.07661 -1.82596e-01 | 36 -0.64530 -2.31894e-01
 37  0.66996  4.11411e+04 | 38  0.33404  5.96938e+03 | 39  0.31263  4.68323e+02
 40  0.40116  1.82811e+04 | 41 -0.01269  4.89157e+03 | 42 -0.29615  2.11146e+03
 43  0.00940  5.61559e+02 | 44 -0.03730  6.54356e+03 | 45 -0.26786  1.90869e+02
 46 -0.46742  1.18101e+03 |

Intermediate statistics: 46 variables; iteration 20; function evaluation 30; phase 2
Function value 3.5958958e+03; maximum gradient component mag 6.6802e+03
Var    Value     Gradient |Var    Value     Gradient |Var    Value     Gradient
  1  0.03013  6.68019e+03 |  2 -0.03232 -3.44226e+02 |  3  0.04074 -4.26025e+02
  4 -0.08561 -3.06804e+02 |  5 -0.16042 -1.51101e+02 |  6 -0.04062 -3.20868e+02
  7 -0.14359 -7.53574e+01 |  8 -0.11911 -1.11111e+02 |  9 -0.00766 -8.60931e+01
 10  0.13424 -1.27985e+01 | 11 -0.12194 -2.44624e+02 | 12  0.02315  1.96549e+02
 13  0.06707  2.28070e+02 | 14  0.09822  1.14665e+02 | 15 -0.13599 -3.62962e+02
 16 -0.00101 -1.25433e+02 | 17  0.00375 -7.36593e+01 | 18  0.03251  3.80953e+01
 19  0.04631  1.31188e+02 | 20 -0.05302  7.03901e+01 | 21 -0.04308  5.79709e+01
 22  0.00352 -1.49981e+02 | 23 -0.04246 -2.49634e+02 | 24  0.02242  6.49209e+01
 25  0.03981  2.17716e+02 | 26  0.11589  8.06535e+02 | 27  0.01683  3.01635e+02
 28  0.04981  5.29521e+02 | 29  0.02012  2.49106e+02 | 30  0.07952  4.21014e+02
 31  0.02669  2.61706e+02 | 32  0.07006  1.75077e+02 | 33  0.02612  9.46244e+01
 34  0.05374  2.59334e+02 | 35  0.12513  2.06804e+02 | 36 -0.07091  3.56429e+01
 37  0.31132  4.47164e+03 | 38  0.25059  8.84364e+02 | 39  0.27253  7.14608e+02
 40  0.25283  7.14323e+02 | 41  0.08993  1.64101e+03 | 42 -0.41979 -2.81192e+02
 43  0.12441  2.56683e+02 | 44 -0.04477  2.14396e+03 | 45 -0.17109  2.96154e+01
 46 -0.71858 -1.29111e+02 |
46 variables; iteration 40; function evaluation 51; phase 2
Function value 3.5582158e+03; maximum gradient component mag 3.9382e+03
Var    Value     Gradient |Var    Value     Gradient |Var    Value     Gradient
  1  0.03952  3.93824e+03 |  2  0.04586 -7.24534e+01 |  3  0.05142 -1.55267e+02
  4 -0.02673 -5.28037e+01 |  5 -0.33868 -1.18662e+02 |  6  0.15700  1.28133e+02
  7  0.03083  6.29245e+01 |  8 -0.01931 -4.55658e+01 |  9  0.00824 -5.67537e+01
 10  0.12350 -6.64128e+01 | 11 -0.16840 -1.97835e+02 | 12 -0.02646  9.29526e+01
 13  0.05653  3.43064e+02 | 14  0.09055  4.42177e+01 | 15 -0.09618 -3.21644e+02
 16 -0.05790 -2.31654e+02 | 17 -0.01341 -2.62649e+02 | 18 -0.01635 -2.72162e+02
 19  0.02744 -1.62206e+02 | 20 -0.07058  2.08201e+00 | 21 -0.13214 -1.17651e+02
 22 -0.00166  9.28002e+01 | 23 -0.01747  1.01127e+02 | 24  0.01064  2.25644e+02
 25  0.01681  1.19546e+02 | 26  0.10803  7.06086e+02 | 27 -0.00795  1.64038e+02
 28  0.02413  3.03958e+02 | 29  0.00694  2.15263e+02 | 30  0.07169  4.06552e+02
 31 -0.00913  1.01086e+02 | 32  0.04318 -3.40274e+00 | 33  0.01640  1.40393e+02
 34  0.03871  2.51062e+02 | 35  0.07457  5.72470e+01 | 36  0.03363  3.29696e+02
 37  0.30744  2.31169e+03 | 38  0.24903  9.60863e+01 | 39  0.27060  5.10601e+02
 40  0.24940  2.76491e+02 | 41  0.67548  4.05464e+01 | 42 -0.46950  8.54660e+02
 43  0.30024  1.16840e+02 | 44 -0.48708 -7.43827e+00 | 45  0.80527 -8.86451e+00
 46 -0.71075  3.99036e+02 |
46 variables; iteration 60; function evaluation 82; phase 2
Function value 3.2814162e+03; maximum gradient component mag 1.5100e+02
Var    Value     Gradient |Var    Value     Gradient |Var    Value     Gradient
  1  0.02782  1.51004e+02 |  2  0.00663 -2.15906e+01 |  3  0.05586 -5.56651e+00
  4 -0.01650 -6.95015e+00 |  5 -0.14189 -5.49548e+00 |  6 -0.03103 -1.03649e+01
  7 -0.13100 -3.05796e+00 |  8 -0.08119 -2.65099e+00 |  9  0.00508  1.52490e+01
 10  0.09630  1.47814e+01 | 11 -0.00788  1.74605e+01 | 12 -0.02813  1.55599e+01
 13  0.05782  4.06836e+01 | 14  0.08780  6.28631e+01 | 15  0.02837  1.62671e+01
 16 -0.05253  3.43654e+01 | 17  0.00010 -6.79502e+00 | 18  0.01796 -3.66293e+01
 19  0.04947 -1.04085e+01 | 20 -0.07089  2.49939e+00 | 21 -0.08649  5.92569e+00
 22 -0.00006 -1.29331e+01 | 23 -0.00297  5.72049e-01 | 24  0.00621 -6.82406e+00
 25  0.03990  7.04432e-01 | 26  0.09112 -8.07736e+00 | 27  0.02119 -7.19700e-01
 28  0.02331 -1.53921e+01 | 29  0.00120 -2.74431e+00 | 30  0.03951 -1.67550e+01
 31 -0.00505 -9.73434e+00 | 32  0.07437 -2.42176e+01 | 33  0.02673 -1.13556e+01
 34  0.02301 -1.84673e+01 | 35  0.04996 -8.80222e-01 | 36 -0.14952 -7.57204e+00
 37  0.31579  5.30990e+01 | 38  0.25596 -2.68567e+01 | 39  0.26809  7.89852e+00
 40  0.25770 -7.99272e+00 | 41  0.69810 -2.58892e+01 | 42 -0.55551  6.24960e+01
 43 -0.48082  9.61174e+00 | 44 -0.52658 -6.47831e+01 | 45 -0.34969 -2.02730e+00
 46 -0.63112  4.18556e+01 |

 - final statistics:
46 variables; iteration 68; function evaluation 90
Function value 3.2809e+03; maximum gradient component mag -4.2581e+00
Exit code = 1;  converg criter 1.0000e+01
Var    Value     Gradient |Var    Value     Gradient |Var    Value     Gradient
  1  0.02779 -4.25809e+00 |  2  0.01298 -6.36550e-01 |  3  0.05425  9.79562e-01
  4 -0.01548  9.63519e-01 |  5 -0.14080  5.11595e-01 |  6 -0.02918  9.47957e-01
  7 -0.12948  4.41150e-02 |  8 -0.07990  1.90911e-01 |  9  0.00043  8.89386e-03
 10  0.09774  1.06339e+00 | 11 -0.00971  7.57736e-01 | 12 -0.03025 -5.80139e-01
 13  0.05649 -4.75548e-01 | 14  0.08448  2.21234e+00 | 15  0.03266  4.89333e-01
 16 -0.05890  3.85613e-01 | 17  0.00143  1.94276e+00 | 18  0.01965  3.12439e+00
 19  0.04936  1.05063e+00 | 20 -0.07217  7.10400e-01 | 21 -0.08954  4.01453e-01
 22  0.00206 -3.19382e-01 | 23 -0.00396  5.93084e-02 | 24  0.00658 -3.33246e-01
 25  0.03854 -1.54467e+00 | 26  0.09152 -1.90007e+00 | 27  0.02010 -2.94768e+00
 28  0.02400 -3.13570e+00 | 29  0.00070 -1.98947e+00 | 30  0.04007 -1.64050e-01
 31 -0.00529  5.60179e-01 | 32  0.07522  1.25097e+00 | 33  0.02644  1.58514e-02
 34  0.02395 -1.29864e+00 | 35  0.04963 -7.95075e-01 | 36 -0.14622  2.84470e-01
 37  0.31602  1.89622e+00 | 38  0.25618  4.22914e+00 | 39  0.26796  1.54594e+00
 40  0.25765 -2.89050e+00 | 41  0.69627 -5.26672e-01 | 42 -0.55999  2.50896e-01
 43 -0.48265  2.64640e-01 | 44 -0.52391 -1.40164e+00 | 45 -0.34723 -4.22926e-01
 46 -0.62489  4.38148e-01 |

Initial statistics: 52 variables; iteration 0; function evaluation 0; phase 3
Function value 3.2808870e+03; maximum gradient component mag -4.0567e+03
Var    Value     Gradient |Var    Value     Gradient |Var    Value     Gradient
  1  0.02779 -4.25809e+00 |  2  0.01298 -6.90451e-01 |  3  0.05424  9.25844e-01
  4 -0.01548  9.09622e-01 |  5 -0.14080  4.58995e-01 |  6 -0.02918  8.94100e-01
  7 -0.12949 -8.68656e-03 |  8 -0.07990  1.37422e-01 |  9  0.00043 -4.50191e-02
 10  0.09774  1.01011e+00 | 11 -0.00971  7.03829e-01 | 12 -0.03025 -6.33991e-01
 13  0.05648 -5.29249e-01 | 14  0.08448  2.15890e+00 | 15  0.03266  4.35491e-01
 16 -0.05890  3.31931e-01 | 17  0.00142  1.88884e+00 | 18  0.01965  3.07051e+00
 19  0.04936  9.96880e-01 | 20 -0.07217  6.56833e-01 | 21 -0.08954  3.48072e-01
 22  0.00206 -3.73295e-01 | 23 -0.00396  5.39651e-03 | 24  0.00658 -3.87156e-01
 25  0.03854 -1.59848e+00 | 26  0.09152 -1.95342e+00 | 27  0.02010 -3.00156e+00
 28  0.02399 -3.18958e+00 | 29  0.00070 -2.04339e+00 | 30  0.04007 -2.17856e-01
 31 -0.00529  5.06268e-01 | 32  0.07522  1.19743e+00 | 33  0.02644 -3.80150e-02
 34  0.02395 -1.35251e+00 | 35  0.04963 -8.48825e-01 | 36 -0.14622  2.31973e-01
 37  0.31602  1.89622e+00 | 38  0.25618  4.22914e+00 | 39  0.26796  1.54594e+00
 40  0.25765 -2.89050e+00 | 41  0.69627 -5.26672e-01 | 42 -0.55999  2.50896e-01
 43  0.81459  5.44152e+02 | 44 -0.32598 -4.05667e+03 | 45  0.05599 -1.54420e+03
 46 -0.38658  8.47274e+02 | 47  0.19361 -1.10874e+03 | 48 -0.83901  4.15878e+02
 49 -0.48265  2.64640e-01 | 50 -0.52391 -1.40164e+00 | 51 -0.34723 -4.22926e-01
 52 -0.62489  4.38148e-01 |

Intermediate statistics: 52 variables; iteration 20; function evaluation 32; phase 3
Function value 2.5171538e+03; maximum gradient component mag -4.6548e+03
Var    Value     Gradient |Var    Value     Gradient |Var    Value     Gradient
  1  0.02454 -4.65481e+03 |  2  0.00428  2.40550e+01 |  3  0.05987  3.59975e+01
  4 -0.01973  3.82550e+01 |  5 -0.14128  6.29802e+01 |  6 -0.02214  5.54800e+01
  7 -0.11429  8.44202e+01 |  8 -0.06821  6.93010e+01 |  9  0.01379  6.35706e+01
 10  0.11280  5.56322e+01 | 11 -0.01043  6.80297e+01 | 12  0.01486  1.44945e+02
 13  0.05588  1.01147e+02 | 14  0.09339  2.04862e+02 | 15 -0.00651  1.88694e+01
 16 -0.00424  4.87828e+01 | 17 -0.01744 -6.51686e+01 | 18  0.02653 -5.88892e+01
 19  0.04788 -1.58163e+02 | 20 -0.06366 -1.20953e+02 | 21 -0.11770 -2.18770e+01
 22 -0.00688  1.38653e+02 | 23  0.03735  2.41025e+01 | 24 -0.01150 -4.69995e+01
 25  0.02219  1.65827e+02 | 26  0.10047  3.65806e+02 | 27  0.05447  1.42257e+02
 28  0.01027 -2.22760e+02 | 29 -0.01172 -1.73489e+02 | 30  0.03317 -1.44870e+02
 31  0.01277 -1.13602e+02 | 32  0.09042 -2.57567e+02 | 33  0.02627 -1.87963e+02
 34 -0.00964 -2.34315e+02 | 35  0.07041  1.44820e+01 | 36 -0.26636 -1.23037e+00
 37  0.28954  6.32930e+02 | 38  0.30212  5.24868e+02 | 39  0.28892  1.03071e+03
 40  0.22597 -3.25386e+03 | 41  0.62072  5.75289e+01 | 42 -0.55169  2.71687e+02
 43  0.49606  1.49753e+02 | 44 -0.30970 -8.33566e+01 | 45  0.56405 -1.36287e+02
 46 -0.36371  6.50616e+02 | 47  0.62661 -2.30318e+02 | 48 -0.98650 -8.34034e-01
 49 -0.46522  2.48153e+01 | 50 -0.46314  8.64655e+01 | 51 -0.38666 -5.88014e+01
 52 -0.60255  2.28746e+02 |
52 variables; iteration 40; function evaluation 55; phase 3
Function value 2.4801702e+03; maximum gradient component mag -2.6794e+03
Var    Value     Gradient |Var    Value     Gradient |Var    Value     Gradient
  1  0.02595 -2.67939e+03 |  2  0.01057  2.18208e+01 |  3  0.07452  7.68030e+01
  4 -0.00858  1.46188e+01 |  5 -0.11102  5.93926e+01 |  6 -0.02627  9.56479e+00
  7 -0.11763  3.38552e+01 |  8 -0.07323  2.40849e+01 |  9  0.01502  3.71885e+01
 10  0.11208  4.25632e+01 | 11 -0.01022  4.58343e+01 | 12 -0.00734  3.29503e+01
 13  0.05970  8.44228e+01 | 14  0.08545  1.31571e+02 | 15  0.01209  6.77786e+01
 16 -0.01289  3.33127e+01 | 17 -0.01744 -7.59267e+01 | 18  0.02069 -9.61828e+01
 19  0.05588 -9.22229e+01 | 20 -0.06317 -1.31106e+02 | 21 -0.13800 -8.43975e+01
 22 -0.01051  1.07646e+02 | 23  0.04085  3.75471e+01 | 24 -0.00717 -4.69327e+01
 25  0.00971  3.90723e+01 | 26  0.09294  1.66252e+02 | 27  0.03905  7.57672e+01
 28  0.03052 -6.09043e+01 | 29 -0.00697 -7.05411e+01 | 30  0.03807 -1.13604e+02
 31  0.00309 -1.57242e+02 | 32  0.08331 -2.65010e+02 | 33  0.03248 -8.12951e+01
 34  0.01037 -5.58695e+01 | 35  0.05999 -4.48096e+01 | 36 -0.29495 -4.03645e+01
 37  0.28787  1.36751e+03 | 38  0.29419 -5.75517e+01 | 39  0.28135  6.98970e+02
 40  0.22798 -2.58082e+03 | 41  0.54450 -3.33316e+01 | 42 -0.51485  5.57911e+02
 43  0.47138 -3.78041e+01 | 44 -0.30920  9.74718e+01 | 45  0.52268 -7.38260e+01
 46 -0.38309  4.91892e+02 | 47  0.63990 -2.01664e+02 | 48 -1.06957  3.05560e+00
 49 -0.42799  2.52925e+01 | 50 -0.41978 -8.39748e+01 | 51 -0.42025 -4.80723e+01
 52 -0.64651  3.56639e+02 |
52 variables; iteration 60; function evaluation 83; phase 3
Function value 2.3861367e+03; maximum gradient component mag 2.2082e+02
Var    Value     Gradient |Var    Value     Gradient |Var    Value     Gradient
  1  0.03357  1.70624e+01 |  2  0.01026  3.34980e+00 |  3  0.05321  4.33905e+00
  4 -0.01248 -6.17743e+00 |  5 -0.13310  1.15266e-01 |  6 -0.02187 -7.97502e+00
  7 -0.11410  2.19193e+00 |  8 -0.07102 -4.42858e+00 |  9  0.01392  3.66185e+00
 10  0.11135 -5.56568e+00 | 11 -0.02006  5.16671e+00 | 12  0.00624  3.30947e+00
 13  0.04483  3.80745e+01 | 14  0.07992  3.90315e+01 | 15 -0.00380  1.30135e+01
 16 -0.02899  1.51855e+01 | 17 -0.01520 -9.92163e+00 | 18  0.03184 -3.26879e+01
 19  0.06048  7.41082e+00 | 20 -0.04344  1.40381e+00 | 21 -0.12501 -3.38554e+00
 22 -0.03221  8.81152e+00 | 23  0.03912  5.81433e+00 | 24  0.00273 -1.10796e+01
 25 -0.01917 -1.69358e+01 | 26  0.08749  1.20490e+01 | 27  0.02257  1.02112e+01
 28  0.03250 -1.13652e+00 | 29 -0.00499 -4.20145e+00 | 30  0.04269 -4.63645e+01
 31  0.00939 -5.24544e+01 | 32  0.09836 -6.77082e+01 | 33  0.03107 -4.19687e+00
 34 -0.01289  3.66372e+01 | 35  0.03842  1.57583e+01 | 36 -0.16231 -8.79190e+00
 37  0.26761 -1.29099e+02 | 38  0.27835 -6.84147e+01 | 39  0.26054 -6.50687e+01
 40  0.23173  2.20819e+02 | 41  0.76497  2.90692e+00 | 42 -0.59986 -4.94423e+01
 43  0.40000 -4.70955e+01 | 44 -0.31027  1.59298e+02 | 45  0.43220  3.76000e+01
 46 -0.43882 -4.54985e+01 | 47  0.96665 -1.05275e+01 | 48 -0.61351  1.52275e+01
 49 -0.54511  2.67012e+00 | 50 -0.57322  4.72050e+00 | 51 -0.31426 -9.79074e+00
 52 -0.57687 -3.26610e+01 |
52 variables; iteration 80; function evaluation 103; phase 3
Function value 2.3810341e+03; maximum gradient component mag 1.6417e+00
Var    Value     Gradient |Var    Value     Gradient |Var    Value     Gradient
  1  0.03380  1.64172e+00 |  2  0.00790 -1.57430e-02 |  3  0.05144  2.46157e-02
  4 -0.01193 -5.52579e-03 |  5 -0.13505  5.15783e-04 |  6 -0.02054 -3.03647e-04
  7 -0.11591 -2.11000e-02 |  8 -0.07033 -2.63960e-02 |  9  0.01079 -1.96522e-02
 10  0.11047  5.77817e-02 | 11 -0.02000 -4.25493e-03 | 12  0.00495 -7.86641e-03
 13  0.03981  2.02119e-02 | 14  0.07821 -2.66230e-02 | 15 -0.00245 -4.29815e-02
 16 -0.03392 -1.38266e-02 | 17 -0.01311 -3.02479e-02 | 18  0.03646  7.55216e-03
 19  0.05696  8.85422e-02 | 20 -0.04378  3.22426e-02 | 21 -0.12469  1.23978e-02
 22 -0.03565 -2.09727e-02 | 23  0.03637 -9.64402e-02 | 24  0.00417 -6.62869e-02
 25 -0.01659  1.76840e-02 | 26  0.08608  4.17704e-02 | 27  0.02180  6.41329e-03
 28  0.03261 -1.10496e-02 | 29 -0.00592  1.50655e-02 | 30  0.04702  1.44819e-02
 31  0.01711 -1.16160e-03 | 32  0.10213  3.40099e-02 | 33  0.03054  5.05268e-02
 34 -0.01950  8.82371e-02 | 35  0.03812 -5.76967e-02 | 36 -0.14576 -1.45568e-02
 37  0.26737  3.33596e-02 | 38  0.27703  2.01994e-01 | 39  0.26178  5.02126e-02
 40  0.23035 -9.77278e-03 | 41  0.76014  7.03532e-03 | 42 -0.59517  5.96119e-02
 43  0.38809  8.30546e-03 | 44 -0.34977 -2.63187e-02 | 45  0.41878  3.78486e-02
 46 -0.43975 -7.27034e-02 | 47  1.00037  2.29593e-02 | 48 -0.65129 -1.67123e-02
 49 -0.53835  2.24702e-02 | 50 -0.56997 -3.06786e-02 | 51 -0.31156 -4.94892e-03
 52 -0.58075  4.83523e-02 |
52 variables; iteration 100; function evaluation 123; phase 3
Function value 2.3810339e+03; maximum gradient component mag -2.2671e+00
Var    Value     Gradient |Var    Value     Gradient |Var    Value     Gradient
  1  0.03380 -2.26710e+00 |  2  0.00791  2.56207e-02 |  3  0.05144  1.64991e-03
  4 -0.01194  1.44440e-02 |  5 -0.13508  1.91193e-02 |  6 -0.02054  2.43862e-02
  7 -0.11589  6.40186e-02 |  8 -0.07032  2.51177e-02 |  9  0.01081  3.41255e-02
 10  0.11046 -1.91423e-03 | 11 -0.01999  4.72211e-02 | 12  0.00495  3.26272e-02
 13  0.03981  5.97699e-02 | 14  0.07821  1.05894e-02 | 15 -0.00242  1.09975e-01
 16 -0.03392  7.16811e-02 | 17 -0.01311  2.35188e-02 | 18  0.03646 -2.66577e-02
 19  0.05695  1.49907e-02 | 20 -0.04378  1.41054e-02 | 21 -0.12468  5.30590e-02
 22 -0.03566 -2.61144e-02 | 23  0.03640  6.92585e-02 | 24  0.00417 -1.44097e-02
 25 -0.01660 -2.94743e-02 | 26  0.08608 -7.00345e-02 | 27  0.02180 -1.56986e-02
 28  0.03261 -3.82791e-02 | 29 -0.00594 -8.99804e-02 | 30  0.04701 -9.83617e-02
 31  0.01711  9.88608e-04 | 32  0.10214 -7.98431e-02 | 33  0.03055 -7.91701e-02
 34 -0.01956 -2.24852e-01 | 35  0.03814  4.28343e-02 | 36 -0.14579  2.91059e-02
 37  0.26737 -3.70356e-01 | 38  0.27703  2.41838e-02 | 39  0.26178 -2.52135e-02
 40  0.23035 -1.21229e-01 | 41  0.73880 -3.72139e-01 | 42 -0.60276  8.48376e-01
 43  0.38809  2.29932e-02 | 44 -0.34976  1.05053e-02 | 45  0.41879  4.78175e-02
 46 -0.43975 -1.90006e-03 | 47  1.00001 -1.02840e-02 | 48 -0.65125 -1.17247e-02
 49 -0.53000 -1.10720e-01 | 50 -0.56107 -7.82430e-01 | 51 -0.30497  5.91656e-02
 52 -0.57124  6.46899e-01 |
52 variables; iteration 120; function evaluation 145; phase 3
Function value 2.3810333e+03; maximum gradient component mag -1.6853e+00
Var    Value     Gradient |Var    Value     Gradient |Var    Value     Gradient
  1  0.03380 -1.68533e+00 |  2  0.00791  2.43397e-02 |  3  0.05144  3.86531e-02
  4 -0.01193  3.49960e-02 |  5 -0.13506  3.59538e-02 |  6 -0.02054  3.99150e-02
  7 -0.11591  1.48536e-02 |  8 -0.07032  2.41898e-02 |  9  0.01080  9.80163e-03
 10  0.11046 -9.68151e-03 | 11 -0.02000 -4.03951e-03 | 12  0.00495 -2.42613e-03
 13  0.03980 -4.07676e-02 | 14  0.07822 -4.59402e-02 | 15 -0.00244 -7.29584e-02
 16 -0.03394 -6.67586e-02 | 17 -0.01310 -1.90413e-02 | 18  0.03647 -1.36040e-02
 19  0.05694 -1.04433e-01 | 20 -0.04378 -5.37936e-02 | 21 -0.12472 -5.06138e-02
 22 -0.03565  2.60617e-02 | 23  0.03639 -9.51690e-03 | 24  0.00419  1.77069e-02
 25 -0.01659  1.11858e-02 | 26  0.08608 -3.13785e-02 | 27  0.02180 -2.36205e-02
 28  0.03261 -1.96041e-02 | 29 -0.00592  2.40135e-02 | 30  0.04702  4.24972e-02
 31  0.01710  2.42255e-03 | 32  0.10213  1.47565e-02 | 33  0.03054  3.64628e-02
 34 -0.01949  1.12229e-01 | 35  0.03812 -5.16632e-03 | 36 -0.14577  2.29892e-02
 37  0.26738  5.83213e-02 | 38  0.27703 -2.61392e-01 | 39  0.26178 -2.25084e-02
 40  0.23035 -2.77671e-02 | 41  0.68118 -2.67141e-01 | 42 -0.61375  4.72950e-01
 43  0.38810 -1.08979e-03 | 44 -0.34976 -5.38960e-03 | 45  0.41872 -3.29258e-02
 46 -0.43976  3.71425e-02 | 47  1.00000 -1.39571e-01 | 48 -0.65119  5.92289e-03
 49 -0.50461 -3.85515e-02 | 50 -0.53434 -5.22029e-01 | 51 -0.29560  2.90976e-02
 52 -0.55807  3.82461e-01 |
52 variables; iteration 140; function evaluation 168; phase 3
Function value 2.3810326e+03; maximum gradient component mag -7.6351e-01
Var    Value     Gradient |Var    Value     Gradient |Var    Value     Gradient
  1  0.03380 -7.63512e-01 |  2  0.00790 -9.52030e-04 |  3  0.05143 -3.98839e-03
  4 -0.01196  3.97832e-03 |  5 -0.13509  1.16504e-02 |  6 -0.02057  4.50096e-03
  7 -0.11595 -8.94318e-04 |  8 -0.07034  9.45481e-03 |  9  0.01080 -9.69717e-03
 10  0.11046 -5.42454e-02 | 11 -0.02000 -2.46908e-02 | 12  0.00495 -3.13925e-02
 13  0.03981 -6.70606e-02 | 14  0.07822 -8.09823e-03 | 15 -0.00244 -2.21162e-02
 16 -0.03392 -3.51923e-03 | 17 -0.01309  1.08939e-02 | 18  0.03646  1.98139e-02
 19  0.05696  9.59247e-02 | 20 -0.04377  5.99653e-02 | 21 -0.12468  4.53990e-02
 22 -0.03565  3.91415e-03 | 23  0.03638 -4.27931e-02 | 24  0.00419  7.16316e-03
 25 -0.01658  3.77238e-02 | 26  0.08609 -4.84136e-02 | 27  0.02180 -4.93420e-02
 28  0.03261 -5.76701e-02 | 29 -0.00592 -2.05767e-02 | 30  0.04702  9.28278e-03
 31  0.01711  1.07737e-02 | 32  0.10214  1.35623e-02 | 33  0.03055  3.13676e-02
 34 -0.01950  6.41632e-02 | 35  0.03813  1.01657e-02 | 36 -0.14576  1.72060e-02
 37  0.26738  3.78580e-02 | 38  0.27703  2.01623e-01 | 39  0.26178 -3.63030e-02
 40  0.23035 -2.25538e-02 | 41  0.60287 -1.79272e-01 | 42 -0.61358  3.11524e-01
 43  0.38810 -2.08462e-02 | 44 -0.34976  1.21011e-02 | 45  0.41878  8.38914e-03
 46 -0.43975 -2.31243e-02 | 47  0.99959 -2.58617e-02 | 48 -0.65120  1.83863e-03
 49 -0.46494 -2.36179e-02 | 50 -0.49287 -3.10050e-01 | 51 -0.29572  2.61885e-02
 52 -0.55827  2.46342e-01 |
52 variables; iteration 160; function evaluation 194; phase 3
Function value 2.3810321e+03; maximum gradient component mag -2.3374e+00
Var    Value     Gradient |Var    Value     Gradient |Var    Value     Gradient
  1  0.03380 -2.33739e+00 |  2  0.00790  2.09107e-02 |  3  0.05143  8.37490e-03
  4 -0.01195  2.31612e-02 |  5 -0.13508  3.46405e-02 |  6 -0.02056  2.30071e-02
  7 -0.11593  3.11758e-02 |  8 -0.07033  3.04119e-02 |  9  0.01080  2.09745e-02
 10  0.11047  1.40596e-03 | 11 -0.01999  1.51166e-02 | 12  0.00495 -1.53978e-03
 13  0.03981 -2.98548e-02 | 14  0.07822 -4.54987e-02 | 15 -0.00243 -7.79876e-03
 16 -0.03392 -2.48253e-03 | 17 -0.01310  1.16868e-02 | 18  0.03647 -2.99856e-03
 19  0.05695  1.79650e-03 | 20 -0.04378  1.48342e-02 | 21 -0.12469  1.92441e-02
 22 -0.03565 -2.89414e-03 | 23  0.03639 -3.44584e-02 | 24  0.00418 -1.15635e-02
 25 -0.01659  1.85687e-02 | 26  0.08609 -7.81673e-02 | 27  0.02180 -4.67832e-02
 28  0.03262 -4.97173e-02 | 29 -0.00592 -8.78350e-03 | 30  0.04702  3.99156e-05
 31  0.01711  5.11795e-03 | 32  0.10214 -2.44162e-02 | 33  0.03055 -2.94564e-03
 34 -0.01951  2.25350e-02 | 35  0.03813  1.33981e-02 | 36 -0.14577  3.66595e-02
 37  0.26737 -1.86246e-01 | 38  0.27703 -8.24580e-02 | 39  0.26178 -3.86532e-02
 40  0.23035 -1.22995e-01 | 41  0.52956 -6.64289e-01 | 42 -0.60170  9.17598e-01
 43  0.38810  9.88344e-03 | 44 -0.34976  1.46215e-03 | 45  0.41876  1.66665e-02
 46 -0.43975 -1.36145e-03 | 47  1.00025  1.45600e-02 | 48 -0.65122 -1.66873e-03
 49 -0.42355 -7.17897e-02 | 50 -0.44989 -1.03237e+00 | 51 -0.30584  5.80276e-02
 52 -0.57254  7.00408e-01 |
52 variables; iteration 180; function evaluation 218; phase 3
Function value 2.3810318e+03; maximum gradient component mag -1.3149e+00
Var    Value     Gradient |Var    Value     Gradient |Var    Value     Gradient
  1  0.03380 -1.31489e+00 |  2  0.00790  1.19595e-02 |  3  0.05143  5.70027e-03
  4 -0.01195  1.48833e-02 |  5 -0.13508  2.08741e-02 |  6 -0.02056  1.69283e-02
  7 -0.11593  1.88638e-02 |  8 -0.07033  1.76044e-02 |  9  0.01080  1.54952e-02
 10  0.11047  1.30738e-02 | 11 -0.01999  1.29124e-02 | 12  0.00495  1.20095e-03
 13  0.03981 -1.31533e-02 | 14  0.07822 -2.18672e-02 | 15 -0.00243 -2.62657e-03
 16 -0.03392 -3.63541e-03 | 17 -0.01310  5.57524e-05 | 18  0.03647 -5.18050e-03
 19  0.05695 -2.43809e-03 | 20 -0.04378  5.37878e-03 | 21 -0.12469  8.46887e-03
 22 -0.03565 -2.60428e-04 | 23  0.03639 -9.79800e-03 | 24  0.00418 -5.92835e-03
 25 -0.01659 -2.30777e-03 | 26  0.08609 -3.80215e-02 | 27  0.02180 -2.51610e-02
 28  0.03261 -2.56637e-02 | 29 -0.00592 -1.14134e-02 | 30  0.04702 -4.43187e-03
 31  0.01711 -1.46732e-03 | 32  0.10214 -1.56153e-02 | 33  0.03055 -2.87170e-03
 34 -0.01951 -2.31627e-03 | 35  0.03813  7.81162e-03 | 36 -0.14577  2.05471e-02
 37  0.26737 -1.28389e-01 | 38  0.27703 -6.59096e-02 | 39  0.26178 -1.20207e-02
 40  0.23035 -6.83036e-02 | 41  0.46201 -4.21725e-01 | 42 -0.58196  6.37532e-01
 43  0.38810  8.44365e-03 | 44 -0.34976  1.20857e-03 | 45  0.41876  1.07641e-02
 46 -0.43975  2.87963e-03 | 47  1.00002 -6.33433e-03 | 48 -0.65122 -1.45093e-03
 49 -0.38255 -3.44969e-02 | 50 -0.40761 -6.32877e-01 | 51 -0.32346  2.88053e-02
 52 -0.59811  4.47657e-01 |
52 variables; iteration 200; function evaluation 243; phase 3
Function value 2.3810316e+03; maximum gradient component mag -1.0788e+00
Var    Value     Gradient |Var    Value     Gradient |Var    Value     Gradient
  1  0.03380 -1.07881e+00 |  2  0.00790  1.02290e-02 |  3  0.05143  8.32403e-03
  4 -0.01195  1.55293e-02 |  5 -0.13508  1.98672e-02 |  6 -0.02055  2.01320e-02
  7 -0.11592  1.77530e-02 |  8 -0.07033  1.52856e-02 |  9  0.01080  1.65365e-02
 10  0.11047  3.60941e-02 | 11 -0.01999  2.12129e-02 | 12  0.00495  6.25097e-03
 13  0.03981 -1.72064e-03 | 14  0.07821 -9.13641e-03 | 15 -0.00243  7.81611e-03
 16 -0.03392  2.38718e-03 | 17 -0.01310  1.48506e-04 | 18  0.03647 -3.06805e-03
 19  0.05695  6.68788e-03 | 20 -0.04378  1.09832e-02 | 21 -0.12469  1.48699e-02
 22 -0.03565 -1.20236e-02 | 23  0.03639 -2.60310e-02 | 24  0.00418 -2.02160e-02
 25 -0.01659 -4.75843e-03 | 26  0.08609 -2.45067e-02 | 27  0.02180 -3.16087e-02
 28  0.03261 -2.35336e-02 | 29 -0.00592 -1.63769e-02 | 30  0.04702 -1.25297e-02
 31  0.01711 -6.07844e-03 | 32  0.10214 -2.42367e-02 | 33  0.03055 -1.16149e-02
 34 -0.01951 -1.96203e-02 | 35  0.03813  6.84001e-03 | 36 -0.14577  1.67436e-02
 37  0.26737 -1.82474e-01 | 38  0.27703 -6.02479e-02 | 39  0.26178 -2.87776e-03
 40  0.23035 -8.11641e-02 | 41  0.40655 -3.36992e-01 | 42 -0.56153  5.26101e-01
 43  0.38810  1.42283e-02 | 44 -0.34976 -2.15660e-03 | 45  0.41876  1.48262e-02
 46 -0.43975 -5.21569e-04 | 47  0.99985 -8.27306e-03 | 48 -0.65122 -2.92726e-03
 49 -0.34733 -1.73728e-02 | 50 -0.37145 -4.99976e-01 | 51 -0.34275  1.26837e-02
 52 -0.62735  3.36864e-01 |
52 variables; iteration 220; function evaluation 268; phase 3
Function value 2.3810314e+03; maximum gradient component mag -6.7507e-01
Var    Value     Gradient |Var    Value     Gradient |Var    Value     Gradient
  1  0.03380 -6.75072e-01 |  2  0.00790  7.37890e-03 |  3  0.05143  3.94637e-03
  4 -0.01195  6.84834e-03 |  5 -0.13508  1.00314e-02 |  6 -0.02056  7.19521e-03
  7 -0.11593  9.39654e-03 |  8 -0.07033  8.55894e-03 |  9  0.01080  7.45118e-03
 10  0.11047  2.98787e-03 | 11 -0.01999  5.56604e-03 | 12  0.00495  8.33482e-04
 13  0.03981 -5.43730e-03 | 14  0.07822 -1.47923e-02 | 15 -0.00243 -2.27968e-03
 16 -0.03392 -7.68494e-05 | 17 -0.01310  4.20053e-04 | 18  0.03647 -2.62238e-03
 19  0.05695 -6.42285e-04 | 20 -0.04378  3.69838e-03 | 21 -0.12469  3.49160e-03
 22 -0.03565  4.33514e-03 | 23  0.03639  7.81772e-04 | 24  0.00418  1.38250e-04
 25 -0.01659 -2.44913e-03 | 26  0.08609 -2.71955e-02 | 27  0.02180 -1.64099e-02
 28  0.03261 -1.76829e-02 | 29 -0.00592 -5.61511e-03 | 30  0.04702 -1.41534e-03
 31  0.01711  8.66951e-04 | 32  0.10214 -3.27671e-03 | 33  0.03055  2.49100e-03
 34 -0.01951  2.79392e-03 | 35  0.03813  3.30695e-03 | 36 -0.14577  1.09748e-02
 37  0.26737 -5.81195e-02 | 38  0.27703 -3.25600e-02 | 39  0.26178 -3.18817e-03
 40  0.23035 -2.48556e-02 | 41  0.35522 -2.58361e-01 | 42 -0.54444  3.84382e-01
 43  0.38810  3.97901e-03 | 44 -0.34976  1.23791e-03 | 45  0.41876  4.26844e-03
 46 -0.43975  4.43907e-03 | 47  0.99998  3.80022e-03 | 48 -0.65122 -5.55889e-04
 49 -0.31375 -2.11356e-02 | 50 -0.33712 -3.68004e-01 | 51 -0.35975  1.70236e-02
 52 -0.65445  2.15906e-01 |
52 variables; iteration 240; function evaluation 293; phase 3
Function value 2.3810313e+03; maximum gradient component mag 1.1652e-01
Var    Value     Gradient |Var    Value     Gradient |Var    Value     Gradient
  1  0.03380  1.16522e-01 |  2  0.00790 -9.14510e-04 |  3  0.05143 -2.53097e-03
  4 -0.01195 -3.80421e-03 |  5 -0.13509 -2.63607e-03 |  6 -0.02056 -4.94810e-03
  7 -0.11594 -3.32109e-03 |  8 -0.07033 -3.26326e-03 |  9  0.01080 -2.85243e-03
 10  0.11046 -1.30115e-02 | 11 -0.02000 -6.16538e-03 | 12  0.00495 -2.93914e-03
 13  0.03981 -1.37430e-03 | 14  0.07822 -7.25579e-03 | 15 -0.00243 -4.48437e-03
 16 -0.03392  1.69887e-03 | 17 -0.01309  1.03723e-03 | 18  0.03647 -1.66926e-03
 19  0.05695  3.13064e-03 | 20 -0.04378  2.92106e-03 | 21 -0.12470 -2.24609e-03
 22 -0.03565  1.57003e-02 | 23  0.03639  2.20918e-02 | 24  0.00418  1.28542e-02
 25 -0.01659 -5.46568e-03 | 26  0.08608 -1.48933e-02 | 27  0.02180 -4.27987e-03
 28  0.03261 -9.15538e-03 | 29 -0.00592  6.52364e-05 | 30  0.04702  3.72009e-03
 31  0.01711  2.28103e-03 | 32  0.10214  1.14029e-02 | 33  0.03055  1.14497e-02
 34 -0.01951  1.32470e-02 | 35  0.03813 -2.70923e-03 | 36 -0.14577 -1.52371e-03
 37  0.26737  2.85105e-02 | 38  0.27703  1.16246e-02 | 39  0.26178  6.74729e-03
 40  0.23035  2.39982e-02 | 41  0.29025  2.05724e-02 | 42 -0.52951 -3.01323e-02
 43  0.38810 -1.48274e-03 | 44 -0.34976  1.50013e-03 | 45  0.41876 -2.99462e-03
 46 -0.43975  5.95182e-03 | 47  0.99999  1.38768e-02 | 48 -0.65121  6.31130e-04
 49 -0.27020 -6.36257e-03 | 50 -0.29276  3.09334e-02 | 51 -0.37530  8.97599e-03
 52 -0.68057 -2.66539e-02 |
52 variables; iteration 260; function evaluation 316; phase 3
Function value 2.3810312e+03; maximum gradient component mag -5.3276e-01
Var    Value     Gradient |Var    Value     Gradient |Var    Value     Gradient
  1  0.03380 -5.32758e-01 |  2  0.00790  5.07255e-03 |  3  0.05143  3.73634e-04
  4 -0.01195  3.32443e-03 |  5 -0.13509  6.82528e-03 |  6 -0.02056  2.29360e-03
  7 -0.11594  5.56318e-03 |  8 -0.07033  4.96205e-03 |  9  0.01080  3.61609e-03
 10  0.11046 -1.37618e-02 | 11 -0.02000 -2.03524e-03 | 12  0.00495 -2.61960e-03
 13  0.03981 -9.11359e-03 | 14  0.07822 -1.97826e-02 | 15 -0.00243 -7.60935e-03
 16 -0.03392 -9.49900e-04 | 17 -0.01310  1.27222e-03 | 18  0.03647 -3.10173e-03
 19  0.05695  1.09469e-03 | 20 -0.04378  4.63284e-03 | 21 -0.12470  3.72431e-04
 22 -0.03565  1.71101e-02 | 23  0.03639  1.96160e-02 | 24  0.00418  1.25803e-02
 25 -0.01659 -2.89919e-03 | 26  0.08608 -3.67242e-02 | 27  0.02180 -1.60372e-02
 28  0.03261 -2.26977e-02 | 29 -0.00592 -3.80945e-03 | 30  0.04702  4.14062e-03
 31  0.01711  3.93147e-03 | 32  0.10214  7.39295e-03 | 33  0.03055  1.11692e-02
 34 -0.01951  1.73238e-02 | 35  0.03813  1.08623e-03 | 36 -0.14577  9.07765e-03
 37  0.26737 -1.90981e-03 | 38  0.27703 -1.12142e-02 | 39  0.26178 -2.67326e-03
 40  0.23035  2.19540e-03 | 41  0.20484 -2.70276e-01 | 42 -0.51760  3.51400e-01
 43  0.38810  6.34380e-04 | 44 -0.34976  1.92265e-03 | 45  0.41876 -4.27571e-04
 46 -0.43975  7.45674e-03 | 47  1.00021  1.24311e-02 | 48 -0.65121  3.78403e-04
 49 -0.21176 -3.25009e-02 | 50 -0.23345 -3.58523e-01 | 51 -0.38819  2.33669e-02
 52 -0.70344  1.56374e-01 |
52 variables; iteration 280; function evaluation 340; phase 3
Function value 2.3810310e+03; maximum gradient component mag -3.5960e-02
Var    Value     Gradient |Var    Value     Gradient |Var    Value     Gradient
  1  0.03380  2.33959e-02 |  2  0.00790  1.47391e-04 |  3  0.05143  3.77293e-04
  4 -0.01195 -2.72301e-04 |  5 -0.13509 -2.57048e-04 |  6 -0.02056 -1.00886e-04
  7 -0.11593 -2.99598e-04 |  8 -0.07033  9.13086e-05 |  9  0.01080  1.16266e-04
 10  0.11046  1.36292e-03 | 11 -0.02000  2.56690e-04 | 12  0.00495  3.63130e-04
 13  0.03981  1.71381e-03 | 14  0.07822  1.04353e-03 | 15 -0.00243  1.05296e-03
 16 -0.03392  1.27061e-03 | 17 -0.01310  5.22691e-04 | 18  0.03647 -6.20554e-04
 19  0.05695 -1.69451e-03 | 20 -0.04378 -5.80478e-04 | 21 -0.12469 -4.11814e-04
 22 -0.03565 -1.63706e-04 | 23  0.03639 -2.58018e-04 | 24  0.00418 -3.04536e-05
 25 -0.01659 -1.38433e-04 | 26  0.08609  3.59012e-06 | 27  0.02180 -5.28428e-04
 28  0.03261  3.98834e-04 | 29 -0.00592 -1.06193e-04 | 30  0.04702 -5.66251e-04
 31  0.01711 -4.47805e-05 | 32  0.10214 -2.69525e-04 | 33  0.03055  2.58405e-04
 34 -0.01951 -1.02807e-03 | 35  0.03813  2.59791e-04 | 36 -0.14577 -5.50385e-04
 37  0.26737 -1.72527e-03 | 38  0.27703 -3.91985e-03 | 39  0.26178 -3.83507e-04
 40  0.23035 -1.82731e-04 | 41  0.05339  1.87469e-02 | 42 -0.50500 -3.59604e-02
 43  0.38810 -3.97537e-04 | 44 -0.34976  8.94989e-04 | 45  0.41876  8.14463e-05
 46 -0.43975  3.12765e-04 | 47  1.00004  8.22930e-05 | 48 -0.65121  6.52707e-05
 49 -0.10662  1.38940e-03 | 50 -0.12735  2.38949e-02 | 51 -0.40231 -1.29052e-03
 52 -0.73014 -2.21142e-02 |
52 variables; iteration 300; function evaluation 363; phase 3
Function value 2.3810309e+03; maximum gradient component mag 7.5060e-01
Var    Value     Gradient |Var    Value     Gradient |Var    Value     Gradient
  1  0.03380  2.30672e-01 |  2  0.00790  5.15532e-03 |  3  0.05144  2.86257e-02
  4 -0.01194  1.25759e-02 |  5 -0.13507  7.20791e-03 |  6 -0.02054  2.49330e-02
  7 -0.11591  4.92391e-03 |  8 -0.07032  8.25153e-03 |  9  0.01080  1.59979e-02
 10  0.11047  8.38304e-02 | 11 -0.01999  3.05422e-02 | 12  0.00495  9.66432e-03
 13  0.03981  8.65071e-03 | 14  0.07821  2.88107e-02 | 15 -0.00244 -1.84038e-03
 16 -0.03393 -2.59430e-02 | 17 -0.01310 -3.19462e-02 | 18  0.03646  7.43973e-03
 19  0.05695  2.30232e-02 | 20 -0.04378  3.52447e-03 | 21 -0.12469  3.21908e-03
 22 -0.03566 -3.91839e-02 | 23  0.03638 -5.70658e-02 | 24  0.00418 -3.64238e-02
 25 -0.01659  1.27940e-02 | 26  0.08608  4.73251e-02 | 27  0.02179 -1.20199e-02
 28  0.03261  2.19479e-02 | 29 -0.00593 -1.16996e-02 | 30  0.04702 -7.74332e-03
 31  0.01711 -1.25222e-02 | 32  0.10213 -3.28441e-02 | 33  0.03054 -3.28497e-02
 34 -0.01952 -3.97408e-02 | 35  0.03813  1.27036e-02 | 36 -0.14577  5.89711e-03
 37  0.26737  8.16318e-02 | 38  0.27703  6.87799e-02 | 39  0.26178  9.89801e-03
 40  0.23035  2.43120e-02 | 41 -0.04794 -1.90750e-01 | 42 -0.51039  7.50597e-01
 43  0.38810 -5.28075e-03 | 44 -0.34976 -6.26474e-03 | 45  0.41876  7.26303e-03
 46 -0.43975 -2.56995e-02 | 47  1.00010  4.97288e-03 | 48 -0.65123 -3.49160e-03
 49 -0.03657  7.28630e-02 | 50 -0.05698 -3.49939e-01 | 51 -0.39625 -6.56894e-02
 52 -0.71831  3.80405e-01 |
52 variables; iteration 320; function evaluation 388; phase 3
Function value 2.3810307e+03; maximum gradient component mag 6.8720e-01
Var    Value     Gradient |Var    Value     Gradient |Var    Value     Gradient
  1  0.03380  6.87201e-01 |  2  0.00790 -5.30040e-03 |  3  0.05143  7.19754e-03
  4 -0.01194  1.74517e-03 |  5 -0.13508 -6.07675e-03 |  6 -0.02055  4.05357e-03
  7 -0.11592 -7.58273e-03 |  8 -0.07032 -4.71528e-03 |  9  0.01080  4.15714e-03
 10  0.11047  4.70834e-02 | 11 -0.01999  1.02118e-02 | 12  0.00495  3.69384e-03
 13  0.03981  6.48987e-03 | 14  0.07822  2.42550e-02 | 15 -0.00243 -1.89803e-04
 16 -0.03392 -1.71501e-02 | 17 -0.01310 -2.71562e-02 | 18  0.03647  4.20673e-03
 19  0.05695  1.73505e-02 | 20 -0.04378 -1.00639e-03 | 21 -0.12469 -1.73847e-03
 22 -0.03566 -2.46642e-02 | 23  0.03639 -2.16108e-02 | 24  0.00418 -1.89843e-02
 25 -0.01659 -3.11082e-03 | 26  0.08608  4.57314e-02 | 27  0.02180  7.18177e-03
 28  0.03261  2.27852e-02 | 29 -0.00592 -2.89301e-03 | 30  0.04702 -9.07028e-05
 31  0.01711 -5.64327e-03 | 32  0.10214 -2.24343e-03 | 33  0.03054 -1.44882e-02
 34 -0.01951 -3.42469e-02 | 35  0.03813 -4.05358e-04 | 36 -0.14577 -6.92931e-03
 37  0.26737  1.26729e-01 | 38  0.27703  8.15609e-02 | 39  0.26178  8.03330e-03
 40  0.23035  4.66952e-02 | 41 -0.14639  8.82961e-02 | 42 -0.53068  3.21857e-01
 43  0.38810 -5.54372e-03 | 44 -0.34976 -2.91434e-03 | 45  0.41876  5.46427e-04
 46 -0.43975 -1.92822e-02 | 47  1.00016  9.14245e-03 | 48 -0.65122 -7.74920e-04
 49  0.03031  5.66472e-02 | 50  0.00993  7.64795e-02 | 51 -0.37407 -3.86190e-02
 52 -0.67839  1.94008e-01 |
52 variables; iteration 340; function evaluation 413; phase 3
Function value 2.3810307e+03; maximum gradient component mag 2.0824e-01
Var    Value     Gradient |Var    Value     Gradient |Var    Value     Gradient
  1  0.03380  2.08244e-01 |  2  0.00790 -1.53395e-03 |  3  0.05143  1.74036e-03
  4 -0.01195  2.24570e-04 |  5 -0.13508 -1.96564e-03 |  6 -0.02056  7.78150e-04
  7 -0.11593 -2.52169e-03 |  8 -0.07033 -1.83233e-03 |  9  0.01080  3.49763e-04
 10  0.11047  1.03498e-02 | 11 -0.01999  1.64166e-03 | 12  0.00495  5.68553e-04
 13  0.03981  9.38330e-04 | 14  0.07822  7.00230e-03 | 15 -0.00243 -1.74909e-03
 16 -0.03392 -5.93792e-03 | 17 -0.01310 -8.83216e-03 | 18  0.03647  1.69582e-03
 19  0.05695  5.30529e-03 | 20 -0.04378 -4.75210e-04 | 21 -0.12469 -1.44958e-03
 22 -0.03565 -5.22154e-03 | 23  0.03639 -3.31436e-03 | 24  0.00418 -4.98936e-03
 25 -0.01659 -1.88014e-03 | 26  0.08609  1.39534e-02 | 27  0.02180  2.93436e-03
 28  0.03261  5.37268e-03 | 29 -0.00592 -9.86201e-04 | 30  0.04702  6.76711e-04
 31  0.01711 -1.84439e-03 | 32  0.10214  1.05311e-03 | 33  0.03055 -2.82638e-03
 34 -0.01951 -8.38271e-03 | 35  0.03813 -2.34544e-04 | 36 -0.14577 -2.39260e-03
 37  0.26737  3.65254e-02 | 38  0.27703  2.45758e-02 | 39  0.26178  3.21843e-03
 40  0.23035  1.91104e-02 | 41 -0.20967  3.24128e-02 | 42 -0.54778  9.45219e-02
 43  0.38810 -6.93397e-04 | 44 -0.34976 -1.10906e-03 | 45  0.41876 -1.08610e-03
 46 -0.43975 -5.30842e-03 | 47  0.99996  2.71572e-04 | 48 -0.65122 -2.72340e-04
 49  0.07225  1.66348e-02 | 50  0.05178  3.52325e-02 | 51 -0.35637 -9.59508e-03
 52 -0.64894  5.97048e-02 |
52 variables; iteration 360; function evaluation 437; phase 3
Function value 2.3810307e+03; maximum gradient component mag -6.9843e-02
Var    Value     Gradient |Var    Value     Gradient |Var    Value     Gradient
  1  0.03380 -6.98433e-02 |  2  0.00790  8.17126e-04 |  3  0.05143  6.10046e-04
  4 -0.01195  9.33207e-04 |  5 -0.13508  9.65669e-04 |  6 -0.02056  8.76408e-04
  7 -0.11593  8.92157e-04 |  8 -0.07033  9.25494e-04 |  9  0.01080  8.03937e-04
 10  0.11046  2.64228e-04 | 11 -0.02000  4.44160e-04 | 12  0.00495 -5.43283e-05
 13  0.03981 -1.07346e-03 | 14  0.07822 -1.34523e-03 | 15 -0.00243 -5.04002e-04
 16 -0.03392 -5.39069e-04 | 17 -0.01310 -3.20094e-04 | 18  0.03647 -2.33426e-04
 19  0.05695 -3.86524e-04 | 20 -0.04378 -4.07054e-05 | 21 -0.12469  1.02911e-04
 22 -0.03565 -4.12859e-05 | 23  0.03639 -2.67526e-04 | 24  0.00418 -1.78069e-04
 25 -0.01659  1.59118e-05 | 26  0.08609 -2.22299e-03 | 27  0.02180 -1.12521e-03
 28  0.03261 -1.48615e-03 | 29 -0.00592 -5.44300e-04 | 30  0.04702  5.90585e-05
 31  0.01711  1.85201e-04 | 32  0.10214 -1.95535e-04 | 33  0.03055  7.16932e-05
 34 -0.01951  3.45093e-06 | 35  0.03813  4.03093e-04 | 36 -0.14577  1.12485e-03
 37  0.26737 -1.91405e-03 | 38  0.27703 -2.16264e-03 | 39  0.26178 -1.19693e-03
 40  0.23035 -1.80615e-03 | 41 -0.24677 -3.40231e-02 | 42 -0.55964  4.74684e-02
 43  0.38810  1.42034e-04 | 44 -0.34976  1.52398e-04 | 45  0.41876  2.10466e-04
 46 -0.43975  8.07140e-05 | 47  0.99996  1.30371e-04 | 48 -0.65121  4.61287e-06
 49  0.09635 -1.47021e-03 | 50  0.07578 -4.87411e-02 | 51 -0.34459  1.21313e-03
 52 -0.63023  2.68264e-02 |
52 variables; iteration 380; function evaluation 460; phase 3
Function value 2.3810306e+03; maximum gradient component mag -3.4128e-01
Var    Value     Gradient |Var    Value     Gradient |Var    Value     Gradient
  1  0.03380 -3.41279e-01 |  2  0.00790  3.71881e-03 |  3  0.05143  1.56688e-03
  4 -0.01195  3.07267e-03 |  5 -0.13509  4.08215e-03 |  6 -0.02056  2.18735e-03
  7 -0.11593  4.35060e-03 |  8 -0.07033  3.95176e-03 |  9  0.01080  2.10313e-03
 10  0.11046 -5.59176e-03 | 11 -0.02000  2.48571e-04 | 12  0.00495 -5.18539e-04
 13  0.03981 -5.59445e-03 | 14  0.07822 -8.78094e-03 | 15 -0.00243 -3.97656e-03
 16 -0.03392 -2.38853e-03 | 17 -0.01310 -3.12431e-04 | 18  0.03647  3.54231e-04
 19  0.05695 -1.07141e-03 | 20 -0.04378  4.81936e-04 | 21 -0.12469  7.28465e-06
 22 -0.03565  2.26755e-03 | 23  0.03639  8.01250e-04 | 24  0.00418  1.12551e-03
 25 -0.01659  6.09075e-04 | 26  0.08609 -1.16360e-02 | 27  0.02180 -3.89488e-03
 28  0.03261 -6.99698e-03 | 29 -0.00592 -6.41225e-04 | 30  0.04702  1.45054e-03
 31  0.01711  1.73571e-03 | 32  0.10214  1.03414e-03 | 33  0.03055  2.11288e-03
 34 -0.01951  4.85925e-03 | 35  0.03813  1.54606e-03 | 36 -0.14577  5.81836e-03
 37  0.26737 -1.22469e-02 | 38  0.27703 -1.13943e-02 | 39  0.26178 -2.49363e-03
 40  0.23035 -6.81148e-03 | 41 -0.26638 -1.57007e-01 | 42 -0.56861  2.23832e-01
 43  0.38810  1.55071e-03 | 44 -0.34976 -2.75156e-04 | 45  0.41876  2.41042e-04
 46 -0.43975  2.16899e-03 | 47  0.99996 -1.47686e-04 | 48 -0.65121  1.36208e-04
 49  0.10891 -1.21805e-02 | 50  0.08828 -2.32108e-01 | 51 -0.33593  1.06787e-02
 52 -0.61686  1.43920e-01 |
52 variables; iteration 400; function evaluation 486; phase 3
Function value 2.3810305e+03; maximum gradient component mag 1.6835e+00
Var    Value     Gradient |Var    Value     Gradient |Var    Value     Gradient
  1  0.03380  1.68345e+00 |  2  0.00790 -1.69100e-02 |  3  0.05143 -1.05741e-02
  4 -0.01195 -1.91771e-02 |  5 -0.13509 -2.45796e-02 |  6 -0.02056 -1.97251e-02
  7 -0.11594 -2.61505e-02 |  8 -0.07033 -2.33571e-02 |  9  0.01080 -1.87032e-02
 10  0.11046 -9.31227e-03 | 11 -0.02000 -1.56601e-02 | 12  0.00495 -3.15326e-03
 13  0.03981  1.37481e-02 | 14  0.07822  2.67208e-02 | 15 -0.00243 -1.20490e-03
 16 -0.03392 -2.33739e-03 | 17 -0.01309 -9.97824e-03 | 18  0.03647  6.30016e-03
 19  0.05695  1.52400e-02 | 20 -0.04378 -1.31037e-03 | 21 -0.12469 -1.06761e-02
 22 -0.03565  5.03569e-03 | 23  0.03639  2.40349e-02 | 24  0.00419  9.93733e-03
 25 -0.01659 -1.49073e-02 | 26  0.08609  5.63226e-02 | 27  0.02180  3.16209e-02
 28  0.03262  3.25933e-02 | 29 -0.00592  1.00847e-02 | 30  0.04702  5.10467e-03
 31  0.01711 -4.52307e-03 | 32  0.10214  2.31461e-02 | 33  0.03055  9.91645e-03
 34 -0.01951 -4.99241e-03 | 35  0.03813 -1.36091e-02 | 36 -0.14577 -2.51095e-02
 37  0.26737  1.23040e-01 | 38  0.27703  7.39325e-02 | 39  0.26178  3.70192e-02
 40  0.23035  1.00205e-01 | 41 -0.23866  6.49927e-01 | 42 -0.59199 -5.47818e-01
 43  0.38810 -5.62716e-03 | 44 -0.34976 -2.26124e-03 | 45  0.41875 -1.07986e-02
 46 -0.43975  2.37751e-04 | 47  0.99995 -1.03270e-03 | 48 -0.65121  1.44694e-03
 49  0.09113  5.93106e-02 | 50  0.07058  9.52835e-01 | 51 -0.31438 -2.36382e-02
 52 -0.58483 -4.09389e-01 |
52 variables; iteration 420; function evaluation 511; phase 3
Function value 2.3810303e+03; maximum gradient component mag 8.7247e-01
Var    Value     Gradient |Var    Value     Gradient |Var    Value     Gradient
  1  0.03380  8.72475e-01 |  2  0.00790 -8.44294e-03 |  3  0.05143 -3.95324e-03
  4 -0.01195 -8.73183e-03 |  5 -0.13509 -1.21997e-02 |  6 -0.02056 -8.88857e-03
  7 -0.11593 -1.32073e-02 |  8 -0.07033 -1.17182e-02 |  9  0.01080 -8.75118e-03
 10  0.11046 -6.73338e-04 | 11 -0.02000 -6.71423e-03 | 12  0.00495 -9.52137e-04
 13  0.03981  6.54175e-03 | 14  0.07822  1.51360e-02 | 15 -0.00243 -3.69936e-03
 16 -0.03392 -6.48134e-03 | 17 -0.01310 -1.18740e-02 | 18  0.03647  5.10517e-03
 19  0.05695  1.16097e-02 | 20 -0.04378 -4.88977e-04 | 21 -0.12469 -6.70125e-03
 22 -0.03565  7.28625e-04 | 23  0.03639  1.13915e-02 | 24  0.00418  2.85286e-03
 25 -0.01659 -9.27838e-03 | 26  0.08609  3.46007e-02 | 27  0.02180  1.67141e-02
 28  0.03261  1.84719e-02 | 29 -0.00592  4.43780e-03 | 30  0.04702  3.68271e-03
 31  0.01711 -3.19868e-03 | 32  0.10214  1.37108e-02 | 33  0.03055  4.45084e-03
 34 -0.01951 -5.57783e-03 | 35  0.03813 -6.62727e-03 | 36 -0.14577 -1.19030e-02
 37  0.26737  8.15552e-02 | 38  0.27703  4.72167e-02 | 39  0.26178  2.34507e-02
 40  0.23035  6.40666e-02 | 41 -0.13736  3.07136e-01 | 42 -0.61408 -1.16782e-01
 43  0.38810 -2.72492e-03 | 44 -0.34976 -2.35392e-03 | 45  0.41876 -6.38460e-03
 46 -0.43975 -1.36103e-03 | 47  0.99995 -2.96727e-04 | 48 -0.65121  5.55984e-04
 49  0.02426  3.44861e-02 | 50  0.00387  4.23993e-01 | 51 -0.29531 -1.24774e-02
 52 -0.55768 -9.20658e-02 |
52 variables; iteration 440; function evaluation 536; phase 3
Function value 2.3810303e+03; maximum gradient component mag 3.5620e-02
Var    Value     Gradient |Var    Value     Gradient |Var    Value     Gradient
  1  0.03380  3.56201e-02 |  2  0.00790 -3.49790e-04 |  3  0.05143 -2.19709e-04
  4 -0.01195 -4.06843e-04 |  5 -0.13509 -5.34309e-04 |  6 -0.02056 -4.98171e-04
  7 -0.11593 -5.44700e-04 |  8 -0.07033 -5.30178e-04 |  9  0.01080 -4.50741e-04
 10  0.11046 -4.89789e-04 | 11 -0.02000 -4.55284e-04 | 12  0.00495 -9.55202e-05
 13  0.03981  1.51065e-04 | 14  0.07822  4.92934e-04 | 15 -0.00243 -4.31277e-04
 16 -0.03392 -4.48978e-04 | 17 -0.01310 -7.53579e-04 | 18  0.03647  3.08909e-04
 19  0.05695  5.83478e-04 | 20 -0.04378 -4.97127e-05 | 21 -0.12469 -3.80049e-04
 22 -0.03565  2.40260e-04 | 23  0.03639  7.71864e-04 | 24  0.00418  2.47336e-04
 25 -0.01659 -4.41095e-04 | 26  0.08609  1.49436e-03 | 27  0.02180  8.89731e-04
 28  0.03261  7.42842e-04 | 29 -0.00592  2.86772e-04 | 30  0.04702  3.11600e-04
 31  0.01711 -8.16996e-05 | 32  0.10214  9.04771e-04 | 33  0.03055  3.63194e-04
 34 -0.01951  2.01165e-05 | 35  0.03813 -3.20694e-04 | 36 -0.14577 -4.71288e-04
 37  0.26737  4.37617e-03 | 38  0.27703  2.34278e-03 | 39  0.26178  1.09421e-03
 40  0.23035  3.35394e-03 | 41 -0.05416  1.17257e-02 | 42 -0.62887 -5.86000e-04
 43  0.38810 -1.82338e-04 | 44 -0.34976 -8.38269e-05 | 45  0.41876 -3.80379e-04
 46 -0.43975 -5.28613e-05 | 47  0.99996 -4.27736e-05 | 48 -0.65121  2.73309e-05
 49 -0.03229  1.23245e-03 | 50 -0.05271  1.57989e-02 | 51 -0.28321 -2.15239e-04
 52 -0.54096 -6.94886e-04 |
52 variables; iteration 460; function evaluation 560; phase 3
Function value 2.3810303e+03; maximum gradient component mag 1.1681e-01
Var    Value     Gradient |Var    Value     Gradient |Var    Value     Gradient
  1  0.03380  1.16812e-01 |  2  0.00790 -1.50431e-03 |  3  0.05143 -7.82333e-05
  4 -0.01195 -4.40608e-04 |  5 -0.13508 -1.12530e-03 |  6 -0.02056  6.08587e-05
  7 -0.11593 -2.06795e-03 |  8 -0.07033 -2.17117e-03 |  9  0.01080 -1.96462e-03
 10  0.11046 -4.44932e-03 | 11 -0.02000 -2.76772e-03 | 12  0.00495 -1.11182e-03
 13  0.03981 -3.40905e-04 | 14  0.07822  3.11106e-03 | 15 -0.00243 -1.82901e-03
 16 -0.03392 -1.62616e-03 | 17 -0.01310 -2.70791e-03 | 18  0.03647 -5.42266e-04
 19  0.05695  1.43285e-03 | 20 -0.04378 -5.05472e-04 | 21 -0.12469 -1.19164e-03
 22 -0.03565  3.30207e-03 | 23  0.03639  6.71532e-03 | 24  0.00418  3.28897e-03
 25 -0.01659 -3.87056e-03 | 26  0.08609  4.48545e-03 | 27  0.02180  2.07078e-03
 28  0.03261  4.77835e-04 | 29 -0.00592 -1.54085e-03 | 30  0.04702 -2.75758e-04
 31  0.01711 -1.15307e-03 | 32  0.10214  4.00912e-03 | 33  0.03055  3.94057e-03
 34 -0.01951  9.95263e-04 | 35  0.03813 -1.50960e-03 | 36 -0.14577 -2.06312e-03
 37  0.26737  7.08673e-03 | 38  0.27703  1.93313e-03 | 39  0.26178  5.08869e-03
 40  0.23035  9.39942e-03 | 41 -0.05958  6.31694e-02 | 42 -0.63247 -4.29950e-02
 43  0.38810 -3.20498e-04 | 44 -0.34976  9.14714e-05 | 45  0.41876 -2.03715e-03
 46 -0.43975  2.41727e-03 | 47  0.99995 -3.35064e-04 | 48 -0.65121  1.65155e-04
 49 -0.02856  5.75765e-03 | 50 -0.04898  8.63139e-02 | 51 -0.28034 -2.62302e-03
 52 -0.53705 -3.81157e-02 |
52 variables; iteration 480; function evaluation 583; phase 3
Function value 2.3810303e+03; maximum gradient component mag -5.7109e-04
Var    Value     Gradient |Var    Value     Gradient |Var    Value     Gradient
  1  0.03380 -5.71088e-04 |  2  0.00790  2.97469e-06 |  3  0.05143  3.56205e-05
  4 -0.01195  4.70567e-05 |  5 -0.13509  3.05445e-05 |  6 -0.02056  9.33909e-05
  7 -0.11593  1.93139e-05 |  8 -0.07033  3.02368e-05 |  9  0.01080  5.60012e-05
 10  0.11046  1.85762e-04 | 11 -0.02000  5.94028e-05 | 12  0.00495  6.76587e-06
 13  0.03981 -1.96640e-05 | 14  0.07822  9.06904e-05 | 15 -0.00243  4.30389e-05
 16 -0.03392 -2.73979e-05 | 17 -0.01310 -1.74807e-05 | 18  0.03647 -4.29000e-05
 19  0.05695 -6.15096e-05 | 20 -0.04378 -4.30715e-05 | 21 -0.12469  5.05158e-06
 22 -0.03565 -6.99686e-05 | 23  0.03639 -5.40854e-05 | 24  0.00418 -2.35705e-05
 25 -0.01659  1.98408e-05 | 26  0.08609  5.76353e-05 | 27  0.02180 -3.05395e-05
 28  0.03261  1.02511e-05 | 29 -0.00592 -8.12169e-05 | 30  0.04702 -3.56321e-05
 31  0.01711 -3.14187e-05 | 32  0.10214 -1.13724e-04 | 33  0.03055 -9.42043e-05
 34 -0.01951 -1.49893e-04 | 35  0.03813  3.01825e-05 | 36 -0.14577  3.43814e-06
 37  0.26737  2.18966e-04 | 38  0.27703  4.40353e-05 | 39  0.26178 -1.35031e-04
 40  0.23035 -8.15401e-05 | 41 -0.05630 -8.59616e-05 | 42 -0.63535 -2.95773e-04
 43  0.38810 -5.14974e-05 | 44 -0.34976  3.06838e-05 | 45  0.41876  6.93380e-06
 46 -0.43975 -5.14359e-05 | 47  0.99996  1.16716e-05 | 48 -0.65121  2.92975e-07
 49 -0.03082  5.75330e-05 | 50 -0.05124 -1.82414e-04 | 51 -0.27808 -1.18281e-04
 52 -0.53397 -1.91670e-04 |
Warning: the following parameters had issues
  selparm[7] is within 0.1% of upper bound: -3.00000e+00 < 1.50000e+01 < 1.50000e+01


 - final statistics:
52 variables; iteration 482; function evaluation 585
Function value 2.3810e+03; maximum gradient component mag 5.0962e-05
Exit code = 1;  converg criter 1.0000e-04
Var    Value     Gradient |Var    Value     Gradient |Var    Value     Gradient
  1  0.03380 -1.45374e-05 |  2  0.00790 -1.79313e-06 |  3  0.05143  9.57542e-06
  4 -0.01195  1.28625e-05 |  5 -0.13509  7.06780e-06 |  6 -0.02056  2.40291e-05
  7 -0.11593  1.65205e-07 |  8 -0.07033  2.43804e-06 |  9  0.01080  6.27368e-06
 10  0.11046  1.80687e-05 | 11 -0.02000  3.19293e-06 | 12  0.00495 -2.83507e-06
 13  0.03981 -9.63427e-06 | 14  0.07822  2.37811e-05 | 15 -0.00243 -1.50218e-06
 16 -0.03392 -1.60447e-05 | 17 -0.01310 -1.54470e-05 | 18  0.03647 -1.21150e-05
 19  0.05695 -7.15422e-06 | 20 -0.04378 -7.85616e-06 | 21 -0.12469 -3.83541e-06
 22 -0.03565 -5.35375e-07 | 23  0.03639  1.53703e-05 | 24  0.00418  7.52054e-06
 25 -0.01659 -1.38417e-05 | 26  0.08609  1.76709e-05 | 27  0.02180 -5.45961e-06
 28  0.03261 -2.69687e-06 | 29 -0.00592 -2.58447e-05 | 30  0.04702 -8.58912e-06
 31  0.01711 -1.00183e-05 | 32  0.10214 -6.29877e-06 | 33  0.03055  1.19450e-06
 34 -0.01951 -2.30895e-05 | 35  0.03813  3.11036e-06 | 36 -0.14577 -1.00128e-06
 37  0.26737  5.09624e-05 | 38  0.27703 -1.49269e-06 | 39  0.26178 -3.91501e-06
 40  0.23035  1.02698e-05 | 41 -0.05629  3.63632e-05 | 42 -0.63537  2.53930e-05
 43  0.38810 -5.86414e-06 | 44 -0.34976  3.76064e-06 | 45  0.41876 -5.51948e-06
 46 -0.43975  3.78185e-06 | 47  0.99996  2.37156e-06 | 48 -0.65121  7.17922e-07
 49 -0.03083  2.23285e-05 | 50 -0.05125  3.06009e-05 | 51 -0.27806 -2.27752e-05
 52 -0.53395  4.06571e-05 |
Estimating row 1 out of 52 for hessian
Estimating row 2 out of 52 for hessian
Estimating row 3 out of 52 for hessian
Estimating row 4 out of 52 for hessian
Estimating row 5 out of 52 for hessian
Estimating row 6 out of 52 for hessian
Estimating row 7 out of 52 for hessian
Estimating row 8 out of 52 for hessian
Estimating row 9 out of 52 for hessian
Estimating row 10 out of 52 for hessian
Estimating row 11 out of 52 for hessian
Estimating row 12 out of 52 for hessian
Estimating row 13 out of 52 for hessian
Estimating row 14 out of 52 for hessian
Estimating row 15 out of 52 for hessian
Estimating row 16 out of 52 for hessian
Estimating row 17 out of 52 for hessian
Estimating row 18 out of 52 for hessian
Estimating row 19 out of 52 for hessian
Estimating row 20 out of 52 for hessian
Estimating row 21 out of 52 for hessian
Estimating row 22 out of 52 for hessian
Estimating row 23 out of 52 for hessian
Estimating row 24 out of 52 for hessian
Estimating row 25 out of 52 for hessian
Estimating row 26 out of 52 for hessian
Estimating row 27 out of 52 for hessian
Estimating row 28 out of 52 for hessian
Estimating row 29 out of 52 for hessian
Estimating row 30 out of 52 for hessian
Estimating row 31 out of 52 for hessian
Estimating row 32 out of 52 for hessian
Estimating row 33 out of 52 for hessian
Estimating row 34 out of 52 for hessian
Estimating row 35 out of 52 for hessian
Estimating row 36 out of 52 for hessian
Estimating row 37 out of 52 for hessian
Estimating row 38 out of 52 for hessian
Estimating row 39 out of 52 for hessian
Estimating row 40 out of 52 for hessian
Estimating row 41 out of 52 for hessian
Estimating row 42 out of 52 for hessian
Estimating row 43 out of 52 for hessian
Estimating row 44 out of 52 for hessian
Estimating row 45 out of 52 for hessian
Estimating row 46 out of 52 for hessian
Estimating row 47 out of 52 for hessian
Estimating row 48 out of 52 for hessian
Estimating row 49 out of 52 for hessian
Estimating row 50 out of 52 for hessian
Estimating row 51 out of 52 for hessian
Estimating row 52 out of 52 for hessian
size of file gradfil1.tmp = 0
size of file gradfil2.tmp = 0
size of file varssave.tmp = 0
size of file cmpdiff.tmp = 0
