
Initial statistics: 36 variables; iteration 0; function evaluation 0; phase 1
Function value 6.2451771e+03; maximum gradient component mag 2.6484e+04
Var    Value     Gradient |Var    Value     Gradient |Var    Value     Gradient
  1  0.26198  2.64839e+04 |  2  0.00000 -3.67119e+02 |  3  0.00000 -5.27109e+02
  4  0.00000 -4.26503e+02 |  5  0.00000 -2.67909e+02 |  6  0.00000 -4.98835e+02
  7  0.00000 -2.90467e+02 |  8  0.00000 -2.77947e+02 |  9  0.00000 -2.80869e+02
 10  0.00000 -5.31696e+02 | 11  0.00000 -1.88378e+01 | 12  0.00000 -2.76823e+02
 13  0.00000 -9.24922e+01 | 14  0.00000 -1.46921e+02 | 15  0.00000 -1.34464e+01
 16  0.00000  2.57139e+02 | 17  0.00000  3.51671e+01 | 18  0.00000 -2.65202e+00
 19  0.00000 -1.00327e+02 | 20  0.00000  1.44250e+02 | 21  0.00000  1.67821e+02
 22  0.00000  5.88987e+01 | 23  0.00000  3.73693e+01 | 24  0.00000  2.09750e+02
 25  0.00000  4.33763e+02 | 26  0.00000  4.70807e+02 | 27  0.00000  4.26529e+02
 28  0.00000  4.92033e+02 | 29  0.00000  2.60077e+02 | 30  0.00000  3.09044e+02
 31  0.00000  3.50094e+02 | 32  0.00000  2.07623e+02 | 33  0.00000  3.89208e+02
 34  0.00000  2.07878e+02 | 35  0.00000 -1.80444e+02 | 36  0.00000 -1.57053e+02

Intermediate statistics: 36 variables; iteration 20; function evaluation 29; phase 1
Function value 3.4874592e+03; maximum gradient component mag 9.2871e+03
Var    Value     Gradient |Var    Value     Gradient |Var    Value     Gradient
  1  0.06577  9.28714e+03 |  2 -0.00585  1.82754e+02 |  3 -0.10753 -2.33701e+02
  4 -0.25174 -3.90721e+02 |  5 -0.43437 -2.41082e+02 |  6 -0.19775 -2.17151e+02
  7 -0.34142 -1.73166e+02 |  8 -0.20804 -1.13213e+02 |  9 -0.06596 -3.94813e+01
 10  0.07494  6.19345e+01 | 11 -0.05528 -8.66003e+00 | 12  0.00697 -1.27913e+02
 13 -0.02446 -1.35592e+02 | 14  0.01057 -1.31917e+02 | 15 -0.00278 -1.50370e+02
 16  0.13263  4.97613e+02 | 17  0.13844  2.36244e+02 | 18  0.13940  1.09327e+02
 19  0.05771 -2.51780e+02 | 20  0.12503  4.21439e+02 | 21 -0.02860 -1.75846e+02
 22  0.06382  5.37291e+01 | 23  0.05141 -3.57051e+00 | 24  0.18425  6.96556e+02
 25  0.11566  2.87430e+02 | 26  0.04117 -4.49728e+01 | 27  0.07831  1.25045e+02
 28  0.10375  4.03298e+02 | 29  0.05016 -1.08700e+02 | 30  0.11506  1.91559e+02
 31  0.06187 -9.73792e+00 | 32  0.16359  6.84557e+02 | 33  0.02344 -1.73517e+01
 34  0.01295 -2.65375e+01 | 35  0.09295  1.49122e+02 | 36 -0.13416 -6.45503e+01
36 variables; iteration 40; function evaluation 60; phase 1
Function value 3.0619683e+03; maximum gradient component mag 1.1177e+03
Var    Value     Gradient |Var    Value     Gradient |Var    Value     Gradient
  1  0.03851  1.11767e+03 |  2 -0.09768 -8.85193e+01 |  3 -0.08587 -1.59621e+02
  4 -0.12789 -7.62264e+01 |  5 -0.28150 -1.12689e+02 |  6 -0.05863 -3.55149e+01
  7 -0.11274  5.82989e+01 |  8 -0.06941  3.21956e+01 |  9  0.02152  1.09883e+02
 10  0.07853 -2.27153e+01 | 11 -0.05418  9.41856e+00 | 12  0.05751 -1.77602e-01
 13 -0.04278 -1.84285e+02 | 14 -0.00650 -1.91154e+02 | 15 -0.00554 -8.56979e+01
 16  0.08299  3.30857e+02 | 17  0.12111  2.31456e+02 | 18  0.13825  1.88737e+02
 19  0.07330 -9.98144e+01 | 20  0.06072  1.78803e+02 | 21 -0.02766 -6.99147e+01
 22  0.00689  2.39316e+01 | 23  0.02576  8.43717e+01 | 24  0.08902  1.83793e+02
 25  0.06334  1.10148e+02 | 26  0.01736 -5.60394e+01 | 27  0.05898  8.50826e+01
 28  0.06753  2.18017e+02 | 29  0.05746  2.74203e+00 | 30  0.08924  8.54195e+01
 31  0.04038 -5.62264e+01 | 32  0.07322  7.22847e+01 | 33 -0.03948 -1.99272e+02
 34 -0.06252 -1.63529e+02 | 35  0.01568 -1.61177e+01 | 36 -0.16352  5.23505e+01

 - final statistics:
36 variables; iteration 47; function evaluation 68
Function value 2.9617e+03; maximum gradient component mag 7.9592e+00
Exit code = 1;  converg criter 1.0000e+01
Var    Value     Gradient |Var    Value     Gradient |Var    Value     Gradient
  1  0.03005  7.89350e+00 |  2 -0.05064 -1.45226e+00 |  3 -0.01883  2.83579e-02
  4 -0.08748 -3.15913e-01 |  5 -0.16762 -2.42519e+00 |  6 -0.07805  5.84401e+00
  7 -0.15529 -2.90363e+00 |  8 -0.10277  2.63340e-01 |  9 -0.02421  1.11663e+00
 10  0.09274  7.95924e+00 | 11 -0.05757 -1.36981e-01 | 12  0.05244 -5.82894e+00
 13  0.03348  4.04839e+00 | 14  0.04537 -7.50243e-01 | 15  0.03249  3.39553e+00
 16 -0.02777  2.13813e+00 | 17  0.05193 -2.62133e+00 | 18  0.08538 -5.50174e-01
 19  0.09050  1.87518e+00 | 20  0.00834  9.01155e-01 | 21 -0.00929 -6.08178e-01
 22 -0.01143 -1.27467e+00 | 23 -0.00154  1.58805e-01 | 24  0.06272 -1.58500e+00
 25  0.04834 -1.69498e+00 | 26  0.04611 -7.61152e-01 | 27  0.05381 -1.36959e+00
 28  0.02885 -2.39107e+00 | 29  0.06194 -9.39639e-01 | 30  0.08099 -2.10797e+00
 31  0.06714 -2.33969e+00 | 32  0.06923 -1.18894e+00 | 33  0.01493 -1.83107e+00
 34 -0.00677  9.18619e-01 | 35  0.00456 -1.44223e+00 | 36 -0.24063 -6.54259e-01

Initial statistics: 45 variables; iteration 0; function evaluation 0; phase 2
Function value 2.9616634e+03; maximum gradient component mag -1.8778e+03
Var    Value     Gradient |Var    Value     Gradient |Var    Value     Gradient
  1  0.03005  7.89350e+00 |  2 -0.05064 -1.20465e+00 |  3 -0.01882  2.76644e-01
  4 -0.08747 -6.98601e-02 |  5 -0.16761 -2.18537e+00 |  6 -0.07804  6.09054e+00
  7 -0.15528 -2.66260e+00 |  8 -0.10276  5.08505e-01 |  9 -0.02421  1.36484e+00
 10  0.09275  8.20499e+00 | 11 -0.05756  1.10398e-01 | 12  0.05245 -5.58139e+00
 13  0.03349  4.29644e+00 | 14  0.04538 -5.02479e-01 | 15  0.03249  3.64360e+00
 16 -0.02776  2.38628e+00 | 17  0.05194 -2.37376e+00 | 18  0.08539 -3.04010e-01
 19  0.09051  2.12106e+00 | 20  0.00835  1.14953e+00 | 21 -0.00928 -3.59810e-01
 22 -0.01142 -1.02632e+00 | 23 -0.00153  4.07199e-01 | 24  0.06273 -1.33781e+00
 25  0.04835 -1.44731e+00 | 26  0.04611 -5.13408e-01 | 27  0.05382 -1.12208e+00
 28  0.02886 -2.14293e+00 | 29  0.06194 -6.92419e-01 | 30  0.08100 -1.86158e+00
 31  0.06715 -2.09268e+00 | 32  0.06924 -9.42015e-01 | 33  0.01494 -1.58274e+00
 34 -0.00676  1.16700e+00 | 35  0.00457 -1.19385e+00 | 36 -0.24062 -4.23400e-01
 37  0.21935 -1.43378e+03 | 38  0.21935 -1.87778e+03 | 39  0.21935  1.02192e+03
 40  0.21935 -8.01022e+02 | 41  0.43912  2.08493e+02 | 42  0.03033 -2.23240e+02
 43  0.07979  1.31841e+02 | 44  0.24471  8.34168e+01 | 45  0.33333  1.47458e+02

Intermediate statistics: 45 variables; iteration 20; function evaluation 29; phase 2
Function value 2.8309748e+03; maximum gradient component mag -1.4685e+04
Var    Value     Gradient |Var    Value     Gradient |Var    Value     Gradient
  1 -0.00640 -1.46845e+04 |  2 -0.00530  1.24766e+02 |  3  0.05662  8.10212e+01
  4 -0.04952  1.44209e+02 |  5 -0.15422  1.60956e+02 |  6 -0.05946  1.33269e+02
  7 -0.16538  1.72749e+02 |  8 -0.09977  1.44935e+02 |  9  0.00332  1.04022e+02
 10  0.15007 -3.76091e+00 | 11 -0.04509  1.11805e+02 | 12  0.08201  1.54896e+01
 13 -0.00628 -1.11789e+02 | 14  0.07324 -2.14022e+02 | 15 -0.03230 -2.10465e+02
 16 -0.01630 -2.59283e+01 | 17  0.03339 -1.46644e+02 | 18  0.01451 -1.71146e+02
 19  0.04679 -1.50869e+02 | 20 -0.02598  4.38562e+01 | 21 -0.05754  4.50252e+01
 22 -0.02726  5.95404e+01 | 23  0.02486  6.98278e+01 | 24  0.05978 -7.30182e+01
 25 -0.02721 -1.70094e+02 | 26  0.09053 -1.77488e+02 | 27  0.04247 -1.70717e+02
 28  0.01931 -5.86568e+01 | 29  0.02886 -3.84242e+01 | 30  0.05254 -9.80418e+01
 31  0.05296 -7.49035e+01 | 32  0.06984 -1.30759e+02 | 33  0.01882 -1.21013e+01
 34  0.01980 -3.61155e+01 | 35  0.03547  8.31751e+01 | 36 -0.22001  1.85232e+02
 37  0.25219 -1.85265e+03 | 38  0.24870 -2.64172e+03 | 39  0.23540 -5.42489e+02
 40  0.27990  2.33652e+02 | 41  0.32169 -2.92460e+02 | 42 -0.17949  1.65435e+03
 43 -0.29303 -1.62583e+02 | 44 -0.04148 -1.22573e+02 | 45 -0.00997 -1.81836e+02
45 variables; iteration 40; function evaluation 55; phase 2
Function value 2.6626912e+03; maximum gradient component mag -1.6663e+04
Var    Value     Gradient |Var    Value     Gradient |Var    Value     Gradient
  1 -0.00497 -1.66629e+04 |  2 -0.07553  5.03434e+01 |  3  0.06453 -2.55314e+01
  4  0.06402  4.02468e+02 |  5 -0.09051  2.32922e+02 |  6 -0.07573  7.25799e+01
  7 -0.10533  2.73207e+02 |  8 -0.06849  2.05401e+02 |  9  0.01845  1.47371e+02
 10  0.13243 -1.14976e+02 | 11 -0.05489  1.48945e+02 | 12  0.12645  1.43991e+02
 13 -0.08686 -8.35745e+01 | 14  0.07845 -3.50932e+02 | 15 -0.01960 -2.68433e+02
 16 -0.04031 -6.28246e+01 | 17  0.02297 -1.17926e+02 | 18  0.00030 -2.36203e+02
 19  0.04435 -2.83388e+02 | 20 -0.04953 -8.11594e+00 | 21 -0.13513  4.66695e+01
 22  0.00952  3.52841e+02 | 23  0.00856  1.57405e+02 | 24  0.01578 -1.33274e+02
 25  0.04773 -6.07210e+01 | 26  0.05366 -1.83820e+02 | 27  0.02436 -3.24920e+02
 28  0.03491 -1.64375e+02 | 29 -0.00771 -1.39274e+02 | 30  0.02893 -1.78846e+02
 31  0.02212 -1.23451e+02 | 32  0.08755 -7.63632e+01 | 33 -0.00105  8.73249e+01
 34  0.02867  3.12551e+02 | 35  0.07480  3.51398e+02 | 36 -0.17130  2.34650e+02
 37  0.26117 -1.31027e+03 | 38  0.25583 -1.95513e+03 | 39  0.23071 -1.54841e+03
 40  0.27678 -1.95459e+02 | 41  0.52759 -4.67503e+02 | 42 -0.41012  1.09595e+03
 43 -0.67907 -1.85335e+02 | 44 -0.37384 -1.10400e+02 | 45 -0.32433 -4.27711e+02
45 variables; iteration 60; function evaluation 82; phase 2
Function value 2.4535884e+03; maximum gradient component mag -1.3045e+03
Var    Value     Gradient |Var    Value     Gradient |Var    Value     Gradient
  1  0.01070 -1.30454e+03 |  2  0.00758  2.29253e+01 |  3  0.07950  3.76775e+01
  4 -0.00425  3.34764e+01 |  5 -0.10590  1.90721e+01 |  6 -0.01464  2.10089e+01
  7 -0.11571  7.71081e+00 |  8 -0.06760  1.60178e+01 |  9  0.00255  1.09145e+01
 10  0.13070 -8.90063e+00 | 11 -0.03924  3.67650e+01 | 12  0.04353 -2.78189e+01
 13  0.03725 -4.66371e+00 | 14  0.04473 -6.95872e+01 | 15  0.01776 -1.37758e+01
 16 -0.06640 -1.38319e+00 | 17  0.01746 -1.81201e+01 | 18  0.05691 -1.64579e+01
 19  0.06469  1.15432e+01 | 20 -0.04099 -1.78510e+01 | 21 -0.06927  2.56777e+01
 22 -0.05345  1.91572e+01 | 23 -0.01325  6.15933e+00 | 24  0.05459 -2.87040e+01
 25  0.01186 -1.02071e+02 | 26  0.03960 -7.92240e+01 | 27  0.03162 -6.13986e+01
 28  0.00601 -2.06526e+00 | 29  0.01789 -8.63427e+00 | 30  0.05934  2.89704e+01
 31  0.05486  3.53913e+01 | 32  0.07031  3.85229e+01 | 33  0.00170  2.77720e+01
 34 -0.03533  3.79730e-01 | 35  0.00273  1.07596e+01 | 36 -0.23305  1.66122e+01
 37  0.25250 -4.22452e+01 | 38  0.24824 -2.42700e+01 | 39  0.23399  5.48382e+01
 40  0.26090 -1.99843e+01 | 41  0.78818  3.49369e+01 | 42 -0.46278 -3.03501e+01
 43 -0.94032  1.06502e+01 | 44 -0.62030 -2.54977e+01 | 45 -0.51408  5.99954e+01
Maximum number of function evaluations exceeded

 - final statistics:
45 variables; iteration 79; function evaluation 100
Function value 2.4420e+03; maximum gradient component mag 1.3244e+01
Exit code = 3;  converg criter 1.0000e+01
Var    Value     Gradient |Var    Value     Gradient |Var    Value     Gradient
  1  0.02346  1.32436e+01 |  2  0.00171  1.94045e-01 |  3  0.07115  3.50790e-01
  4 -0.01025 -4.63236e-02 |  5 -0.10784 -3.77525e-01 |  6 -0.01053 -3.94876e-01
  7 -0.10596  1.29475e-01 |  8 -0.06581 -2.81218e-01 |  9  0.00206 -1.84865e-01
 10  0.12993  7.14956e-01 | 11 -0.05104  2.71181e-01 | 12  0.04820  1.31630e+00
 13  0.01996  7.74824e-01 | 14  0.04715  1.91382e+00 | 15  0.01365  1.71624e+00
 16 -0.06567  1.29258e+00 | 17  0.02537  9.47066e-01 | 18  0.06595 -1.13447e-01
 19  0.06677 -2.74179e-01 | 20 -0.02800 -4.12954e-01 | 21 -0.06692 -1.18579e-01
 22 -0.05626  2.11165e-01 | 23 -0.02452  4.61830e-01 | 24  0.04991 -1.95209e-01
 25  0.03020 -9.19816e-01 | 26  0.03646  1.03580e-01 | 27  0.03632 -3.06995e-01
 28  0.00401 -6.90689e-02 | 29  0.03215  3.46081e-01 | 30  0.06143 -1.23292e-01
 31  0.05292 -9.11017e-01 | 32  0.06022 -2.02024e+00 | 33 -0.00979 -1.89089e+00
 34 -0.03817 -1.10702e+00 | 35 -0.00066  3.86279e-02 | 36 -0.21811 -2.76613e-01
 37  0.24116  9.64310e-01 | 38  0.23792  2.37146e+00 | 39  0.22348  7.39168e-01
 40  0.24907  5.77345e-01 | 41  0.66959  1.19607e+00 | 42 -0.47710 -7.22740e-01
 43 -0.97759 -1.02147e-01 | 44 -0.59348  2.63193e-02 | 45 -0.50542  2.70152e+00

Initial statistics: 51 variables; iteration 0; function evaluation 0; phase 3
Function value 2.4420258e+03; maximum gradient component mag 1.5270e+02
Var    Value     Gradient |Var    Value     Gradient |Var    Value     Gradient
  1  0.02346  1.32436e+01 |  2  0.00171  1.72524e-01 |  3  0.07115  3.29403e-01
  4 -0.01025 -6.78424e-02 |  5 -0.10784 -3.98739e-01 |  6 -0.01053 -4.16395e-01
  7 -0.10596  1.08251e-01 |  8 -0.06581 -3.02625e-01 |  9  0.00206 -2.06386e-01
 10  0.12993  6.93881e-01 | 11 -0.05104  2.49729e-01 | 12  0.04820  1.29484e+00
 13  0.01996  7.53313e-01 | 14  0.04715  1.89236e+00 | 15  0.01365  1.69472e+00
 16 -0.06567  1.27117e+00 | 17  0.02537  9.25561e-01 | 18  0.06595 -1.34854e-01
 19  0.06677 -2.95582e-01 | 20 -0.02800 -4.34455e-01 | 21 -0.06692 -1.39982e-01
 22 -0.05626  1.89728e-01 | 23 -0.02452  4.40324e-01 | 24  0.04991 -2.16664e-01
 25  0.03020 -9.41314e-01 | 26  0.03645  8.20941e-02 | 27  0.03631 -3.28481e-01
 28  0.00401 -9.05901e-02 | 29  0.03215  3.24587e-01 | 30  0.06143 -1.44713e-01
 31  0.05292 -9.32465e-01 | 32  0.06022 -2.04167e+00 | 33 -0.00979 -1.91241e+00
 34 -0.03817 -1.12850e+00 | 35 -0.00066  1.71063e-02 | 36 -0.21811 -2.96884e-01
 37  0.24116  9.64310e-01 | 38  0.23792  2.37146e+00 | 39  0.22348  7.39168e-01
 40  0.24907  5.77345e-01 | 41  0.66959  1.19607e+00 | 42 -0.47710 -7.22740e-01
 43  0.24471 -1.41586e+02 | 44  0.15305  1.52700e+02 | 45  0.29320 -7.96425e+01
 46  0.19688  8.53373e+01 | 47  0.00000 -1.20657e+02 | 48  0.08327  4.48352e+01
 49 -0.97759 -1.02147e-01 | 50 -0.59348  2.63193e-02 | 51 -0.50542  2.70152e+00

Intermediate statistics: 51 variables; iteration 20; function evaluation 32; phase 3
Function value 2.2159452e+03; maximum gradient component mag -1.2789e+04
Var    Value     Gradient |Var    Value     Gradient |Var    Value     Gradient
  1  0.01080 -1.27893e+04 |  2 -0.00164  1.58322e+02 |  3  0.06790  1.36211e+02
  4 -0.00959  1.79600e+02 |  5 -0.10441  1.87038e+02 |  6 -0.00881  1.73520e+02
  7 -0.10278  1.85419e+02 |  8 -0.06559  1.66214e+02 |  9 -0.00521  1.28134e+02
 10  0.10706 -2.46782e+01 | 11 -0.02583  1.25346e+02 | 12  0.01185  8.93408e+00
 13  0.03863 -5.03339e+01 | 14  0.02939 -2.00199e+02 | 15  0.00968 -9.98225e+01
 16 -0.04331  4.43546e+01 | 17  0.01585 -1.71880e+01 | 18  0.04427 -8.17335e+01
 19  0.03682 -7.49537e+01 | 20 -0.05261  3.73971e+01 | 21 -0.08379  1.12395e+02
 22 -0.01555  8.55373e+01 | 23  0.00084  3.87622e+01 | 24 -0.00681 -6.58909e+01
 25  0.06978  8.96432e+00 | 26  0.01984 -7.95820e+01 | 27  0.05718 -6.82331e+01
 28 -0.01188 -3.52734e+01 | 29  0.04027 -6.47251e+01 | 30  0.01301 -1.75267e+02
 31  0.05116 -2.10692e+02 | 32  0.03012 -3.19731e+02 | 33  0.00456 -1.46009e+02
 34 -0.00594 -9.48177e+01 | 35 -0.00155 -1.29124e+02 | 36 -0.10413  1.39471e+02
 37  0.25894 -3.87263e+03 | 38  0.23503 -5.03812e+03 | 39  0.23762 -3.52496e+03
 40  0.24736 -8.30036e+02 | 41  0.66961 -3.82687e+02 | 42 -0.48542  2.94258e+02
 43  0.92736  4.90061e+01 | 44 -0.19783  6.06569e+01 | 45  0.35998  7.32392e+02
 46 -0.38194 -2.31392e+02 | 47  0.56307  5.38382e+02 | 48 -0.26730 -6.69400e+02
 49 -0.97854 -3.77705e+00 | 50 -0.60304 -2.24471e+02 | 51 -0.51808 -4.31622e+02
51 variables; iteration 40; function evaluation 56; phase 3
Function value 1.9984118e+03; maximum gradient component mag -1.8468e+03
Var    Value     Gradient |Var    Value     Gradient |Var    Value     Gradient
  1  0.00498 -1.84681e+03 |  2  0.06028  9.61226e+01 |  3  0.09427  1.69193e+01
  4  0.02763  5.67061e+01 |  5 -0.03941  1.09270e+02 |  6 -0.02510 -1.57227e+01
  7 -0.12127  7.30719e+00 |  8 -0.08325  1.19923e+01 |  9 -0.02693 -8.96728e+00
 10  0.13551  1.65245e+02 | 11 -0.07110 -2.28486e+01 | 12  0.00623  2.85965e+01
 13  0.03372  9.28205e+01 | 14  0.07490  2.61917e+02 | 15  0.00776  7.96465e+01
 16 -0.00501  2.05508e+02 | 17 -0.06330 -1.72029e+02 | 18  0.04266 -1.12484e+02
 19  0.00592 -2.59192e+02 | 20 -0.09913 -1.92008e+02 | 21 -0.10582  2.51970e+01
 22 -0.03405 -3.32064e+01 | 23 -0.00772 -1.78590e+02 | 24 -0.02480 -2.87409e+02
 25  0.00651 -2.76062e+02 | 26  0.04308 -2.88015e+02 | 27  0.04435 -8.19157e+01
 28 -0.03002 -1.47904e+02 | 29 -0.03358 -1.38734e+02 | 30  0.05949  2.54374e+02
 31  0.01238  7.43166e-01 | 32  0.08573  3.57180e+02 | 33  0.01009  1.64582e+02
 34 -0.01573  1.42705e+02 | 35  0.05434  1.56993e+02 | 36 -0.01725  2.46262e+01
 37  0.27843 -7.70485e+02 | 38  0.26230 -4.89517e+02 | 39  0.26679 -7.31768e+02
 40  0.27439 -5.35100e+01 | 41  0.70560 -2.28865e+02 | 42 -0.47346  3.66777e+02
 43  0.45507 -2.77627e+01 | 44 -0.40719  1.60860e+02 | 45  0.34653 -1.77337e+02
 46 -0.36037  3.54629e+02 | 47  0.57505  4.19864e+01 | 48 -0.13969  1.99692e+02
 49 -1.11060 -5.26955e+00 | 50 -0.58071 -1.03088e+02 | 51 -0.49430 -4.34006e+02
51 variables; iteration 60; function evaluation 87; phase 3
Function value 1.8962411e+03; maximum gradient component mag 2.3830e+03
Var    Value     Gradient |Var    Value     Gradient |Var    Value     Gradient
  1 -0.00018  2.38300e+03 |  2  0.01073 -4.64811e+01 |  3  0.07921 -5.82441e+01
  4  0.00050 -1.10982e+01 |  5 -0.11236 -3.91078e+01 |  6 -0.00885 -2.76577e+01
  7 -0.11279 -3.39275e+01 |  8 -0.06623 -3.43435e+01 |  9  0.00808 -2.04791e+01
 10  0.11126 -4.71081e+01 | 11 -0.02530 -1.16982e+01 | 12  0.01393  8.57126e+00
 13  0.04562  3.03610e+01 | 14  0.04433 -7.71707e+01 | 15  0.02766  6.01930e+01
 16 -0.05915 -5.25835e+01 | 17 -0.01566 -9.94243e+01 | 18  0.03434 -7.58998e+01
 19  0.02366 -8.43259e+01 | 20 -0.06655 -6.26916e+01 | 21 -0.14034 -6.87309e+01
 22 -0.04622 -6.30260e+01 | 23  0.02005  1.15146e+01 | 24 -0.00146  7.45433e+01
 25  0.03257  1.30469e+02 | 26  0.03857  1.40414e+02 | 27  0.04959  3.18356e+02
 28 -0.01539  9.91068e+01 | 29  0.01369  1.10094e+02 | 30  0.00524 -1.13781e+01
 31  0.01473 -8.02913e+01 | 32  0.06971  1.09123e+02 | 33  0.00976  2.78868e+01
 34 -0.00890 -1.29808e+01 | 35  0.04685 -1.13290e+00 | 36 -0.02108 -5.13248e+01
 37  0.28520 -6.51640e+02 | 38  0.27128 -2.93487e+01 | 39  0.26759  4.83136e+02
 40  0.28067 -2.39390e+01 | 41  0.63514  3.25456e+01 | 42 -0.46650 -4.66254e+01
 43  0.45740  1.09717e+02 | 44 -0.45234 -2.36002e+02 | 45  0.36083  2.12373e+01
 46 -0.38028  8.14328e+01 | 47  0.34857 -2.07703e+01 | 48 -0.27918  2.92834e+02
 49 -1.24203  8.41834e+00 | 50 -0.50084  1.49792e+01 | 51 -0.43313  6.89740e+01
51 variables; iteration 80; function evaluation 109; phase 3
Function value 1.8136054e+03; maximum gradient component mag 1.9769e+01
Var    Value     Gradient |Var    Value     Gradient |Var    Value     Gradient
  1 -0.00074  1.97688e+01 |  2  0.01752 -2.48766e-01 |  3  0.08642 -3.47120e-01
  4 -0.00677 -2.41316e-01 |  5 -0.10748 -2.33870e-01 |  6 -0.01127 -2.44578e-01
  7 -0.11333 -2.60081e-01 |  8 -0.06643 -1.87550e-01 |  9  0.00054 -5.05535e-02
 10  0.11353  3.95440e-01 | 11 -0.03306 -5.33569e-02 | 12  0.00129 -5.24970e-02
 13  0.03588  1.02189e-01 | 14  0.05617  6.56766e-03 | 15  0.00804 -3.65473e-01
 16 -0.04860 -3.67882e-01 | 17 -0.00699 -5.35410e-01 | 18  0.02460 -5.21233e-01
 19  0.02222 -3.94154e-01 | 20 -0.07004 -3.27023e-01 | 21 -0.13630 -3.53623e-01
 22 -0.03819 -4.34170e-01 | 23  0.02293 -4.91683e-01 | 24 -0.02067  3.89283e-01
 25  0.02306  1.05923e+00 | 26  0.03370  1.71174e+00 | 27  0.03176 -1.27418e+00
 28 -0.00792 -1.07188e+00 | 29  0.00280  1.06783e-01 | 30 -0.00522 -1.70079e-02
 31  0.02502  3.11614e-01 | 32  0.05678  1.56418e+00 | 33  0.00901  2.06956e+00
 34 -0.00523  1.05591e+00 | 35  0.04454 -4.41403e-02 | 36  0.06042 -2.57112e-01
 37  0.29902  1.62501e-01 | 38  0.27561  5.46830e-01 | 39  0.25771  1.14510e+00
 40  0.28453 -2.57642e-01 | 41  0.61438  4.93933e-02 | 42 -0.47106 -7.47123e-02
 43  0.50631  8.73783e-02 | 44 -0.42288  6.55995e-02 | 45  0.36035  4.88217e-01
 46 -0.38889 -2.76005e-01 | 47  0.19432 -6.24368e-01 | 48 -0.46410 -4.10608e-01
 49 -1.26230 -2.38951e-01 | 50 -0.49061  3.72193e-02 | 51 -0.42615 -4.38639e-01
51 variables; iteration 100; function evaluation 130; phase 3
Function value 1.8136044e+03; maximum gradient component mag -3.8920e+00
Var    Value     Gradient |Var    Value     Gradient |Var    Value     Gradient
  1 -0.00075 -3.89201e+00 |  2  0.01753  6.91665e-02 |  3  0.08650  1.10355e-01
  4 -0.00673  7.35377e-02 |  5 -0.10746  4.77256e-02 |  6 -0.01123  7.64033e-02
  7 -0.11330  4.73246e-02 |  8 -0.06643  5.53048e-02 |  9  0.00052  5.02095e-02
 10  0.11350  6.32117e-03 | 11 -0.03308  2.79662e-02 | 12  0.00127 -2.41828e-02
 13  0.03587 -6.02457e-02 | 14  0.05618 -2.71063e-02 | 15  0.00807  9.40749e-03
 16 -0.04858  2.46935e-02 | 17 -0.00696 -1.65641e-02 | 18  0.02461 -1.02390e-01
 19  0.02222 -9.54258e-02 | 20 -0.07003  6.01775e-03 | 21 -0.13629 -7.56898e-03
 22 -0.03817 -9.49238e-03 | 23  0.02300 -3.53332e-02 | 24 -0.02075 -3.32378e-02
 25  0.02307  5.39019e-03 | 26  0.03349 -1.12871e-01 | 27  0.03182 -1.56496e-01
 28 -0.00787  2.70666e-02 | 29  0.00275 -1.94957e-02 | 30 -0.00522 -4.27812e-02
 31  0.02504 -2.93022e-02 | 32  0.05675 -7.57263e-02 | 33  0.00884 -3.49366e-02
 34 -0.00523  4.60639e-02 | 35  0.04455  7.73085e-02 | 36  0.06048  7.10615e-02
 37  0.29902 -4.07207e-01 | 38  0.27563 -4.38826e-01 | 39  0.25772 -3.23220e-01
 40  0.28454 -3.38642e-02 | 41  0.58412 -6.78124e-01 | 42 -0.47108  9.91888e-01
 43  0.50626  2.56895e-02 | 44 -0.42293 -8.32382e-03 | 45  0.36033 -7.19913e-02
 46 -0.38891  3.93318e-02 | 47  0.19438 -5.11794e-02 | 48 -0.46405  4.50402e-02
 49 -1.29126 -7.61258e-02 | 50 -0.47381 -3.88034e-01 | 51 -0.41070 -1.03784e+00
51 variables; iteration 120; function evaluation 155; phase 3
Function value 1.8136032e+03; maximum gradient component mag -2.7570e+00
Var    Value     Gradient |Var    Value     Gradient |Var    Value     Gradient
  1 -0.00075 -2.75702e+00 |  2  0.01753  5.28996e-02 |  3  0.08649  7.22273e-02
  4 -0.00674  5.90556e-02 |  5 -0.10747  4.09990e-02 |  6 -0.01124  5.82485e-02
  7 -0.11331  3.99823e-02 |  8 -0.06644  4.54413e-02 |  9  0.00051  4.53444e-02
 10  0.11350  5.91091e-02 | 11 -0.03308  3.22559e-02 | 12  0.00127  2.79311e-03
 13  0.03588 -9.04344e-03 | 14  0.05618  2.57543e-03 | 15  0.00807 -2.59659e-03
 16 -0.04858  1.94932e-02 | 17 -0.00695  1.27784e-02 | 18  0.02462 -6.12067e-02
 19  0.02222 -1.20928e-01 | 20 -0.07004 -2.57434e-02 | 21 -0.13628 -5.91883e-03
 22 -0.03817 -9.96513e-03 | 23  0.02300  7.07614e-03 | 24 -0.02074  6.69034e-03
 25  0.02306  1.06121e-03 | 26  0.03349 -1.11993e-01 | 27  0.03182 -1.78758e-01
 28 -0.00788 -2.03133e-02 | 29  0.00276 -3.84912e-02 | 30 -0.00522 -4.33138e-02
 31  0.02505  2.83149e-03 | 32  0.05676 -4.12988e-02 | 33  0.00884 -3.43667e-02
 34 -0.00523  2.98085e-02 | 35  0.04456  1.04309e-01 | 36  0.06049  6.44710e-02
 37  0.29903 -2.25698e-01 | 38  0.27563 -5.21734e-01 | 39  0.25772 -3.23556e-01
 40  0.28454 -7.23079e-02 | 41  0.47782 -9.27219e-01 | 42 -0.47108  1.14502e+00
 43  0.50629  4.17731e-02 | 44 -0.42292  1.98508e-02 | 45  0.36033  2.36200e-02
 46 -0.38891 -5.59904e-03 | 47  0.19438 -7.17846e-02 | 48 -0.46405  4.81839e-02
 49 -1.38784 -1.35930e-01 | 50 -0.40997 -4.24722e-01 | 51 -0.35132 -1.33657e+00
51 variables; iteration 140; function evaluation 176; phase 3
Function value 1.8136022e+03; maximum gradient component mag -1.7782e+00
Var    Value     Gradient |Var    Value     Gradient |Var    Value     Gradient
  1 -0.00075 -1.77818e+00 |  2  0.01753  2.85074e-02 |  3  0.08649  3.88762e-02
  4 -0.00674  2.48222e-02 |  5 -0.10747  2.53683e-02 |  6 -0.01124  3.09491e-02
  7 -0.11331  2.53802e-02 |  8 -0.06644  2.76981e-02 |  9  0.00052  3.02893e-02
 10  0.11350  2.85840e-02 | 11 -0.03307  2.33240e-02 | 12  0.00127  2.19642e-02
 13  0.03588  1.28517e-02 | 14  0.05618 -3.65214e-03 | 15  0.00807 -4.00927e-04
 16 -0.04858  2.37769e-02 | 17 -0.00695  2.33118e-03 | 18  0.02463 -1.81077e-02
 19  0.02222 -3.08089e-02 | 20 -0.07003 -5.82265e-03 | 21 -0.13629 -1.81774e-02
 22 -0.03817 -3.82162e-02 | 23  0.02300 -8.61114e-02 | 24 -0.02074 -4.04866e-02
 25  0.02307  1.41556e-02 | 26  0.03350  7.61450e-03 | 27  0.03183 -3.21045e-02
 28 -0.00788 -1.47104e-02 | 29  0.00276 -3.50995e-03 | 30 -0.00522 -1.69632e-02
 31  0.02505  1.75725e-02 | 32  0.05676 -1.82994e-02 | 33  0.00885  2.45091e-03
 34 -0.00523 -3.86376e-02 | 35  0.04454 -3.42130e-02 | 36  0.06046  2.32305e-02
 37  0.29901 -5.26267e-01 | 38  0.27563 -1.69575e-01 | 39  0.25772 -1.43419e-01
 40  0.28454  4.31533e-02 | 41  0.34850 -2.17861e-01 | 42 -0.47108  2.59519e-01
 43  0.50620 -1.40897e-02 | 44 -0.42295 -5.75005e-02 | 45  0.36034  1.29053e-01
 46 -0.38890 -4.80167e-02 | 47  0.19438  8.39365e-02 | 48 -0.46405 -9.35139e-02
 49 -1.49825 -5.98363e-02 | 50 -0.32548 -1.21064e-01 | 51 -0.27115 -2.99143e-01
51 variables; iteration 160; function evaluation 200; phase 3
Function value 1.8136014e+03; maximum gradient component mag -1.8388e+00
Var    Value     Gradient |Var    Value     Gradient |Var    Value     Gradient
  1 -0.00075 -1.83883e+00 |  2  0.01752  2.29471e-02 |  3  0.08649  5.21065e-02
  4 -0.00674  2.96062e-02 |  5 -0.10747  1.84547e-02 |  6 -0.01124  3.89199e-02
  7 -0.11331  2.28010e-02 |  8 -0.06644  2.77897e-02 |  9  0.00052  2.15687e-02
 10  0.11350 -3.30342e-03 | 11 -0.03307  1.51672e-02 | 12  0.00127  2.10755e-02
 13  0.03588  3.03081e-02 | 14  0.05618  4.79260e-02 | 15  0.00807  4.42455e-02
 16 -0.04858  5.81655e-02 | 17 -0.00695  3.66679e-03 | 18  0.02462 -9.26564e-03
 19  0.02222 -1.45472e-02 | 20 -0.07003  1.86748e-02 | 21 -0.13629 -2.03510e-02
 22 -0.03817 -6.38359e-02 | 23  0.02300 -1.19803e-01 | 24 -0.02075 -8.13898e-02
 25  0.02307 -4.69331e-03 | 26  0.03350 -1.43660e-02 | 27  0.03183 -7.11541e-03
 28 -0.00788  1.12204e-02 | 29  0.00276 -3.08528e-02 | 30 -0.00522 -3.86181e-02
 31  0.02505  1.39369e-02 | 32  0.05676 -4.43782e-02 | 33  0.00885 -2.19143e-02
 34 -0.00523 -5.07855e-02 | 35  0.04454 -3.51396e-02 | 36  0.06047  2.62127e-02
 37  0.29902 -3.19504e-01 | 38  0.27563 -1.54481e-01 | 39  0.25772 -1.25394e-01
 40  0.28455  7.52694e-02 | 41  0.20355 -1.59852e-01 | 42 -0.47108  1.53310e-01
 43  0.50622 -2.99072e-02 | 44 -0.42294 -3.70496e-02 | 45  0.36034  9.47996e-02
 46 -0.38890 -5.38007e-03 | 47  0.19439  7.89905e-02 | 48 -0.46405 -4.89129e-02
 49 -1.61598 -9.10788e-02 | 50 -0.22595  2.90836e-02 | 51 -0.17498 -3.78175e-01
51 variables; iteration 180; function evaluation 226; phase 3
Function value 1.8136009e+03; maximum gradient component mag 1.4247e+00
Var    Value     Gradient |Var    Value     Gradient |Var    Value     Gradient
  1 -0.00075  1.42471e+00 |  2  0.01753  7.86535e-04 |  3  0.08649  3.00344e-02
  4 -0.00674 -4.02767e-03 |  5 -0.10747 -1.79458e-02 |  6 -0.01124  2.85716e-03
  7 -0.11331 -1.87202e-02 |  8 -0.06644 -6.28647e-03 |  9  0.00052  1.67621e-02
 10  0.11350  8.09679e-02 | 11 -0.03307  1.99754e-02 | 12  0.00127  1.73077e-02
 13  0.03587  3.21839e-02 | 14  0.05618  6.05774e-02 | 15  0.00807  2.97963e-02
 16 -0.04858  1.38599e-02 | 17 -0.00695  3.32769e-03 | 18  0.02462  1.51372e-02
 19  0.02222  1.75429e-02 | 20 -0.07004  3.97436e-03 | 21 -0.13628 -1.49291e-02
 22 -0.03817 -2.85776e-02 | 23  0.02300 -3.36552e-02 | 24 -0.02075 -2.93786e-02
 25  0.02307 -2.10736e-02 | 26  0.03349 -1.46839e-02 | 27  0.03182  3.19333e-03
 28 -0.00788 -3.63004e-03 | 29  0.00276 -1.94363e-02 | 30 -0.00522 -1.77478e-02
 31  0.02504 -1.48120e-02 | 32  0.05676 -1.99828e-02 | 33  0.00884 -2.19827e-02
 34 -0.00523 -2.56337e-02 | 35  0.04455 -2.53092e-02 | 36  0.06048 -1.88562e-02
 37  0.29902  7.67458e-02 | 38  0.27563  1.22561e-01 | 39  0.25772  2.95728e-02
 40  0.28454  3.54760e-02 | 41  0.02304  4.05119e-01 | 42 -0.47108 -3.89592e-01
 43  0.50626 -7.94703e-03 | 44 -0.42292 -6.07275e-03 | 45  0.36033  8.54262e-03
 46 -0.38890 -9.40526e-03 | 47  0.19438  8.26255e-03 | 48 -0.46405  5.03427e-04
 49 -1.75456 -3.11450e-01 | 50 -0.09991  1.90546e-01 | 51 -0.05110  5.81228e-02
51 variables; iteration 200; function evaluation 252; phase 3
Function value 1.8136008e+03; maximum gradient component mag 2.3604e-02
Var    Value     Gradient |Var    Value     Gradient |Var    Value     Gradient
  1 -0.00075  2.36040e-02 |  2  0.01753 -2.79710e-04 |  3  0.08649  4.41542e-04
  4 -0.00674 -1.76673e-04 |  5 -0.10747 -4.67945e-04 |  6 -0.01124 -8.23014e-05
  7 -0.11331 -3.21071e-04 |  8 -0.06644 -2.10508e-04 |  9  0.00052 -2.34157e-04
 10  0.11350  1.16989e-04 | 11 -0.03307 -2.32016e-04 | 12  0.00127  1.91434e-04
 13  0.03587  8.22759e-04 | 14  0.05617  1.64774e-03 | 15  0.00807  1.25044e-03
 16 -0.04858  8.35637e-04 | 17 -0.00695  2.07307e-04 | 18  0.02462  3.40615e-04
 19  0.02222  5.43199e-04 | 20 -0.07004  7.10197e-04 | 21 -0.13628 -1.07376e-04
 22 -0.03817 -1.02581e-03 | 23  0.02300 -1.71237e-03 | 24 -0.02075 -1.38009e-03
 25  0.02307 -7.70513e-04 | 26  0.03349 -2.47981e-04 | 27  0.03182  1.76895e-03
 28 -0.00788  1.32503e-03 | 29  0.00276 -4.28874e-04 | 30 -0.00522 -2.26568e-04
 31  0.02504  5.18172e-05 | 32  0.05676 -4.73955e-04 | 33  0.00884 -7.87752e-04
 34 -0.00523 -6.18654e-04 | 35  0.04455 -5.47676e-04 | 36  0.06048 -3.44523e-04
 37  0.29902  8.03205e-03 | 38  0.27563  3.45555e-03 | 39  0.25772  3.17333e-03
 40  0.28454  1.39022e-03 | 41 -0.07487  1.01238e-02 | 42 -0.47108 -9.41096e-03
 43  0.50626 -5.81366e-04 | 44 -0.42292  8.71299e-05 | 45  0.36033 -1.78911e-04
 46 -0.38890  1.11889e-04 | 47  0.19438  2.10425e-04 | 48 -0.46405  7.87346e-04
 49 -1.82557 -3.65299e-03 | 50 -0.03233  4.81197e-03 | 51  0.01615  5.75965e-03
  ic > imax  in fminim is answer attained ?
Var    Value     Gradient |Var    Value     Gradient |Var    Value     Gradient
  1 -0.00075 -1.38777e-04 |  2  0.01753 -8.81103e-07 |  3  0.08649 -1.88903e-06
  4 -0.00674  7.88390e-06 |  5 -0.10747  2.00999e-06 |  6 -0.01124  4.79868e-06
  7 -0.11331  1.25773e-06 |  8 -0.06644  2.19293e-06 |  9  0.00052  4.12281e-06
 10  0.11350  8.91705e-06 | 11 -0.03307  7.33487e-06 | 12  0.00127  2.17835e-06
 13  0.03587  7.41789e-06 | 14  0.05617  2.11855e-05 | 15  0.00807 -1.20725e-07
 16 -0.04858 -1.04157e-05 | 17 -0.00695 -2.04450e-05 | 18  0.02462 -3.97343e-06
 19  0.02222 -1.51145e-05 | 20 -0.07004 -1.94680e-05 | 21 -0.13628  1.32305e-06
 22 -0.03817  1.10275e-05 | 23  0.02300  1.48099e-05 | 24 -0.02075  2.09477e-06
 25  0.02307  2.72954e-06 | 26  0.03349 -3.80704e-06 | 27  0.03182 -3.74296e-05
 28 -0.00788 -2.39204e-05 | 29  0.00276  5.39584e-06 | 30 -0.00522  2.82510e-06
 31  0.02504  1.92875e-05 | 32  0.05676 -7.84772e-07 | 33  0.00884  9.99032e-07
 34 -0.00523  5.04375e-06 | 35  0.04455  1.14316e-06 | 36  0.06048  7.08090e-07
 37  0.29902 -3.05892e-06 | 38  0.27563 -9.81120e-06 | 39  0.25772 -1.87435e-05
 40  0.28454 -7.45549e-06 | 41 -0.09954  6.77506e-06 | 42 -0.47108 -1.81731e-05
 43  0.50626 -8.71850e-06 | 44 -0.42292  2.18861e-05 | 45  0.36033 -8.41750e-06
 46 -0.38890  2.10899e-05 | 47  0.19438  1.47385e-05 | 48 -0.46405 -1.38858e-05
 49 -1.84296 -1.30586e-05 | 50 -0.01552 -2.68630e-05 | 51  0.03296  2.33126e-05
Function minimizer not making progress ... is minimum attained?
Minimprove criterion = 0.0000e+00

 - final statistics:
51 variables; iteration 217; function evaluation 302
Function value 1.8136e+03; maximum gradient component mag -1.3878e-04
Exit code = 1;  converg criter 1.0000e-04
Var    Value     Gradient |Var    Value     Gradient |Var    Value     Gradient
  1 -0.00075 -1.38777e-04 |  2  0.01753 -8.81103e-07 |  3  0.08649 -1.88903e-06
  4 -0.00674  7.88390e-06 |  5 -0.10747  2.00999e-06 |  6 -0.01124  4.79868e-06
  7 -0.11331  1.25773e-06 |  8 -0.06644  2.19293e-06 |  9  0.00052  4.12281e-06
 10  0.11350  8.91705e-06 | 11 -0.03307  7.33487e-06 | 12  0.00127  2.17835e-06
 13  0.03587  7.41789e-06 | 14  0.05617  2.11855e-05 | 15  0.00807 -1.20725e-07
 16 -0.04858 -1.04157e-05 | 17 -0.00695 -2.04450e-05 | 18  0.02462 -3.97343e-06
 19  0.02222 -1.51145e-05 | 20 -0.07004 -1.94680e-05 | 21 -0.13628  1.32305e-06
 22 -0.03817  1.10275e-05 | 23  0.02300  1.48099e-05 | 24 -0.02075  2.09477e-06
 25  0.02307  2.72954e-06 | 26  0.03349 -3.80704e-06 | 27  0.03182 -3.74296e-05
 28 -0.00788 -2.39204e-05 | 29  0.00276  5.39584e-06 | 30 -0.00522  2.82510e-06
 31  0.02504  1.92875e-05 | 32  0.05676 -7.84772e-07 | 33  0.00884  9.99032e-07
 34 -0.00523  5.04375e-06 | 35  0.04455  1.14316e-06 | 36  0.06048  7.08090e-07
 37  0.29902 -3.05892e-06 | 38  0.27563 -9.81120e-06 | 39  0.25772 -1.87435e-05
 40  0.28454 -7.45549e-06 | 41 -0.09954  6.77506e-06 | 42 -0.47108 -1.81731e-05
 43  0.50626 -8.71850e-06 | 44 -0.42292  2.18861e-05 | 45  0.36033 -8.41750e-06
 46 -0.38890  2.10899e-05 | 47  0.19438  1.47385e-05 | 48 -0.46405 -1.38858e-05
 49 -1.84296 -1.30586e-05 | 50 -0.01552 -2.68630e-05 | 51  0.03296  2.33126e-05
Estimating row 1 out of 51 for hessian
Estimating row 2 out of 51 for hessian
Estimating row 3 out of 51 for hessian
Estimating row 4 out of 51 for hessian
Estimating row 5 out of 51 for hessian
Estimating row 6 out of 51 for hessian
Estimating row 7 out of 51 for hessian
Estimating row 8 out of 51 for hessian
Estimating row 9 out of 51 for hessian
Estimating row 10 out of 51 for hessian
Estimating row 11 out of 51 for hessian
Estimating row 12 out of 51 for hessian
Estimating row 13 out of 51 for hessian
Estimating row 14 out of 51 for hessian
Estimating row 15 out of 51 for hessian
Estimating row 16 out of 51 for hessian
Estimating row 17 out of 51 for hessian
Estimating row 18 out of 51 for hessian
Estimating row 19 out of 51 for hessian
Estimating row 20 out of 51 for hessian
Estimating row 21 out of 51 for hessian
Estimating row 22 out of 51 for hessian
Estimating row 23 out of 51 for hessian
Estimating row 24 out of 51 for hessian
Estimating row 25 out of 51 for hessian
Estimating row 26 out of 51 for hessian
Estimating row 27 out of 51 for hessian
Estimating row 28 out of 51 for hessian
Estimating row 29 out of 51 for hessian
Estimating row 30 out of 51 for hessian
Estimating row 31 out of 51 for hessian
Estimating row 32 out of 51 for hessian
Estimating row 33 out of 51 for hessian
Estimating row 34 out of 51 for hessian
Estimating row 35 out of 51 for hessian
Estimating row 36 out of 51 for hessian
Estimating row 37 out of 51 for hessian
Estimating row 38 out of 51 for hessian
Estimating row 39 out of 51 for hessian
Estimating row 40 out of 51 for hessian
Estimating row 41 out of 51 for hessian
Estimating row 42 out of 51 for hessian
Estimating row 43 out of 51 for hessian
Estimating row 44 out of 51 for hessian
Estimating row 45 out of 51 for hessian
Estimating row 46 out of 51 for hessian
Estimating row 47 out of 51 for hessian
Estimating row 48 out of 51 for hessian
Estimating row 49 out of 51 for hessian
Estimating row 50 out of 51 for hessian
Estimating row 51 out of 51 for hessian
size of file gradfil1.tmp = 0
size of file gradfil2.tmp = 0
size of file varssave.tmp = 0
size of file cmpdiff.tmp = 0
