
Initial statistics: 36 variables; iteration 0; function evaluation 0; phase 1
Function value 9.9870043e+03; maximum gradient component mag -9.7737e+04
Var    Value     Gradient |Var    Value     Gradient |Var    Value     Gradient
  1  0.00080 -9.77366e+04 |  2  0.01167  8.72193e+02 |  3  0.03096  8.05604e+01
  4 -0.05781  7.09751e+02 |  5 -0.10887  9.71392e+02 |  6 -0.06100  5.66772e+02
  7 -0.14719  1.35111e+03 |  8 -0.11844  1.26917e+03 |  9  0.02578  9.04082e+02
 10  0.11783  1.26921e+02 | 11  0.03071  7.41551e+02 | 12  0.05639  7.67487e+02
 13  0.08904  3.70591e+02 | 14  0.13478 -5.27700e+02 | 15 -0.02582  7.67267e+02
 16 -0.04086 -6.78694e+02 | 17  0.01692  1.20359e+02 | 18  0.04793 -1.32299e+03
 19  0.05207 -2.08424e+03 | 20 -0.07916 -4.06430e+02 | 21 -0.12164 -6.87956e+01
 22 -0.03155  4.69194e+02 | 23 -0.00135  3.88261e+01 | 24  0.01469  4.82655e+02
 25 -0.06589  2.33114e+02 | 26  0.11155 -3.94663e+02 | 27  0.01281 -5.39582e+02
 28 -0.01916 -1.43518e+03 | 29 -0.03206 -8.88406e+02 | 30  0.04528 -7.71485e+01
 31 -0.00124 -1.96519e+02 | 32  0.09505 -1.85761e+03 | 33 -0.00804 -1.09847e+03
 34 -0.03448 -5.17285e+02 | 35  0.08059  3.35235e+02 | 36 -0.01999  8.78437e+02

Intermediate statistics: 36 variables; iteration 20; function evaluation 37; phase 1
Function value 6.1478744e+03; maximum gradient component mag -5.1151e+03
Var    Value     Gradient |Var    Value     Gradient |Var    Value     Gradient
  1  0.08300 -5.11515e+03 |  2 -0.05188  7.21765e+01 |  3 -0.07917 -4.56490e+01
  4 -0.12714 -1.58979e+01 |  5 -0.20631  1.24537e+02 |  6 -0.14819 -2.40932e+01
  7 -0.24458  7.88325e+01 |  8 -0.18421  7.42845e+01 |  9 -0.05658  6.66731e+01
 10  0.10276  3.90704e+01 | 11 -0.08109  1.70531e+01 | 12 -0.02856 -3.39142e+01
 13 -0.05200 -5.14893e+01 | 14  0.03558 -1.08739e+02 | 15 -0.02902  6.87962e+01
 16  0.25363  1.81760e+02 | 17  0.09649  7.68823e+01 | 18  0.36131  1.22227e+02
 19 -0.83485 -7.67347e+00 | 20  0.15906  3.15275e+02 | 21 -0.00866  7.10362e+01
 22  0.05370  2.60500e-01 | 23  0.04247  4.06110e+01 | 24 -0.02580  3.05225e+01
 25 -0.11481 -5.59999e+01 | 26  0.13167  1.32437e+02 | 27  0.08524  2.36523e+01
 28  0.08111 -1.27308e+02 | 29  0.11363  4.13742e+01 | 30  0.12289  4.71930e+01
 31  0.04873 -1.44280e+02 | 32  0.17647 -1.73781e+00 | 33  0.10429 -1.30371e+02
 34 -0.00238 -5.98894e+01 | 35  0.10060  4.87197e+01 | 36  0.03309  8.76295e+01
36 variables; iteration 40; function evaluation 70; phase 1
Function value 6.0902185e+03; maximum gradient component mag -3.7834e+03
Var    Value     Gradient |Var    Value     Gradient |Var    Value     Gradient
  1  0.09055 -3.78335e+03 |  2 -0.06109  3.75805e+01 |  3 -0.06599 -1.98321e+01
  4 -0.14130 -6.04555e+01 |  5 -0.25459  2.53665e+01 |  6 -0.15455 -8.34099e+01
  7 -0.23009  5.32567e+01 |  8 -0.15541  5.50265e+01 |  9 -0.02070  7.32482e+01
 10  0.08115 -2.04706e+01 | 11 -0.04318  6.14814e+01 | 12 -0.06126 -1.14884e+02
 13 -0.04306 -4.93998e+01 | 14  0.01451 -1.40466e+02 | 15 -0.04702  3.12848e+01
 16  0.19821  2.34862e+01 | 17  0.06397  4.02364e+01 | 18  0.30766 -3.36134e+01
 19 -0.81067 -2.51766e+01 | 20  0.10215  8.67920e+01 | 21 -0.00538  7.64742e+01
 22  0.06917  3.87761e+01 | 23  0.07109  7.50132e+01 | 24  0.01708  5.04752e+01
 25 -0.02922 -8.71194e+00 | 26  0.09711  1.99971e+01 | 27  0.08191  3.50541e+01
 28  0.11604  4.98806e+01 | 29  0.09174 -6.69208e+01 | 30  0.11329  2.59393e+00
 31  0.07860 -3.15111e+01 | 32  0.16687 -4.10396e+01 | 33  0.11337 -7.55365e+01
 34  0.03242  1.40016e+01 | 35  0.08924 -3.81580e+00 | 36  0.02277  5.31437e+01
36 variables; iteration 60; function evaluation 93; phase 1
Function value 6.0256021e+03; maximum gradient component mag -4.1631e+02
Var    Value     Gradient |Var    Value     Gradient |Var    Value     Gradient
  1  0.12318 -4.16306e+02 |  2 -0.01731  4.35243e+01 |  3  0.06095  9.58482e+01
  4  0.02423  8.07205e+01 |  5 -0.11733  3.31855e+01 |  6  0.00335  2.94764e+01
  7 -0.07380  6.49651e+01 |  8 -0.03744  1.03073e+02 |  9 -0.01416  4.91882e+01
 10  0.11294  2.24800e+02 | 11 -0.07822  2.24737e+01 | 12 -0.03909  5.52538e+00
 13 -0.07890 -1.41303e+01 | 14  0.00185  6.21061e+00 | 15 -0.06771  3.24507e+01
 16  0.14511  1.31442e+01 | 17  0.02106  5.78424e+01 | 18  0.23827  4.59230e+00
 19 -0.64830 -6.94597e+01 | 20  0.01333 -3.61878e+01 | 21 -0.07265  6.03746e+01
 22  0.01635  6.23261e+01 | 23  0.00813  3.58150e+01 | 24 -0.02972  4.86183e+01
 25 -0.03708  7.05945e+01 | 26  0.03787  1.69626e+01 | 27  0.02864  4.90981e+01
 28  0.06949  8.90620e+01 | 29  0.05315 -1.25924e+00 | 30  0.08809  8.30736e+01
 31  0.06078  1.09277e+02 | 32  0.13670  7.19284e+01 | 33  0.09978  9.91320e+01
 34  0.00930  7.52177e+01 | 35  0.06898  6.09073e+01 | 36 -0.03718  5.55662e+01
Maximum number of function evaluations exceeded

 - final statistics:
36 variables; iteration 62; function evaluation 100
Function value 6.0139e+03; maximum gradient component mag -1.5026e+03
Exit code = 3;  converg criter 1.0000e+01
Var    Value     Gradient |Var    Value     Gradient |Var    Value     Gradient
  1  0.12570 -1.50261e+03 |  2 -0.01692  3.16932e+02 |  3  0.10404  4.38391e+02
  4  0.05831  4.01134e+02 |  5 -0.11711  2.93083e+02 |  6  0.01403  2.83369e+02
  7 -0.04264  3.69999e+02 |  8  0.02525  4.61728e+02 |  9  0.01117  3.26927e+02
 10  0.18343  7.58109e+02 | 11 -0.08864  2.70360e+02 | 12 -0.06403  2.02585e+02
 13 -0.13100  1.64165e+02 | 14 -0.04424  1.96300e+02 | 15 -0.12074  2.90511e+02
 16  0.11093  2.30939e+02 | 17 -0.00370  3.53358e+02 | 18  0.19366  3.92206e+02
 19 -0.14851 -8.80001e+01 | 20 -0.03757  1.84064e+02 | 21 -0.09579  3.43724e+02
 22  0.00130  3.47734e+02 | 23 -0.01042  2.90506e+02 | 24 -0.04296  3.25858e+02
 25 -0.03587  3.75288e+02 | 26  0.01952  2.38077e+02 | 27  0.02161  3.13427e+02
 28  0.07454  4.05572e+02 | 29  0.03516  1.99048e+02 | 30  0.09774  3.98681e+02
 31  0.07715  4.58434e+02 | 32  0.14204  3.60404e+02 | 33  0.11253  4.33468e+02
 34  0.01911  3.86196e+02 | 35  0.07270  3.48088e+02 | 36 -0.04246  3.36416e+02

Initial statistics: 46 variables; iteration 0; function evaluation 0; phase 2
Function value 5.9601262e+03; maximum gradient component mag -1.1372e+04
Var    Value     Gradient |Var    Value     Gradient |Var    Value     Gradient
  1  0.12570 -1.50261e+03 |  2 -0.02626 -1.21765e+01 |  3  0.09459  1.13812e+02
  4  0.04893  7.33736e+01 |  5 -0.12662 -3.05047e+01 |  6  0.00469 -4.57923e+01
  7 -0.05201  4.14603e+01 |  8  0.01590  1.32818e+02 |  9  0.00183 -2.25397e+00
 10  0.17371  4.44401e+02 | 11 -0.09809 -5.55624e+01 | 12 -0.07343 -1.24783e+02
 13 -0.14055 -1.57607e+02 | 14 -0.05360 -1.31987e+02 | 15 -0.13026 -3.27196e+01
 16  0.10146 -9.35402e+01 | 17 -0.01304  2.41277e+01 | 18  0.18389  7.84577e+01
 19 -0.15813 -4.06801e+02 | 20 -0.04693 -1.44453e+02 | 21 -0.10525  1.81695e+01
 22 -0.00804  1.85022e+01 | 23 -0.01976 -3.86675e+01 | 24 -0.05233 -2.62104e+00
 25 -0.04523  4.65354e+01 | 26  0.01017 -9.10301e+01 | 27  0.01227 -1.56205e+01
 28  0.06514  7.87228e+01 | 29  0.02581 -1.29772e+02 | 30  0.08830  7.34828e+01
 31  0.06775  1.31840e+02 | 32  0.13248  3.94641e+01 | 33  0.10305  1.09646e+02
 34  0.00977  5.71317e+01 | 35  0.06330  2.10342e+01 | 36 -0.05182  7.90801e+00
 37  0.20563  3.77484e+03 | 38  0.16993 -1.13722e+04 | 39  0.23762  2.09186e+03
 40  0.19207  1.26242e+02 | 41 -0.05948  2.16607e+03 | 42 -0.49249 -2.04457e+03
 43 -0.06409  9.30415e+01 | 44 -0.06309  3.05587e+03 | 45 -0.22119  3.33716e+01
 46 -0.85749 -4.91273e+02 |

Intermediate statistics: 46 variables; iteration 20; function evaluation 29; phase 2
Function value 5.5106615e+03; maximum gradient component mag -8.3842e+03
Var    Value     Gradient |Var    Value     Gradient |Var    Value     Gradient
  1  0.05705 -4.32547e+03 |  2 -0.02653 -1.94283e+01 |  3  0.02164  1.20955e+01
  4 -0.03529  6.66345e+00 |  5 -0.17671 -2.46218e+01 |  6 -0.06641 -4.93702e+01
  7 -0.14965  4.81108e-01 |  8 -0.10015  6.71535e+00 |  9 -0.04720 -6.12884e+01
 10  0.17534  3.46255e+02 | 11 -0.05357 -4.99791e+01 | 12 -0.02063 -1.30872e+02
 13 -0.00203 -7.64838e+01 | 14  0.04240 -1.33233e+02 | 15 -0.01379  5.46083e+01
 16  0.11314 -2.16888e+02 | 17  0.03388  1.16307e+01 | 18  0.21426  6.97498e+01
 19  0.12812  3.99878e+01 | 20 -0.04363 -1.92598e+02 | 21 -0.04586  2.08804e+01
 22  0.00145 -5.72125e+01 | 23 -0.01230 -1.54869e+02 | 24  0.00047 -4.74446e+01
 25  0.00818 -4.06083e+01 | 26  0.04259 -3.02041e+02 | 27 -0.01656 -1.67363e+02
 28  0.02528 -1.35255e+02 | 29 -0.03109 -2.85470e+02 | 30  0.04368 -5.77068e+01
 31  0.01856 -1.60315e+01 | 32  0.10453 -1.25258e+02 | 33  0.05081 -8.29790e+01
 34 -0.05244 -1.02040e+02 | 35  0.02290 -1.11440e+02 | 36 -0.21817 -1.96153e+02
 37  0.23779  2.28772e+03 | 38  0.22295 -8.38422e+03 | 39  0.21517 -9.05005e+02
 40  0.23069 -1.48384e+03 | 41 -0.04274  5.02677e+02 | 42 -0.53628 -5.05046e+02
 43 -0.08158  8.60713e+01 | 44 -0.08464  6.40333e+02 | 45 -0.39033 -4.53166e+01
 46 -0.70291 -2.35149e+02 |
46 variables; iteration 40; function evaluation 58; phase 2
Function value 5.2492200e+03; maximum gradient component mag -7.7422e+02
Var    Value     Gradient |Var    Value     Gradient |Var    Value     Gradient
  1  0.06922 -7.74221e+02 |  2 -0.00873  2.34709e+01 |  3  0.00379 -3.73829e+01
  4 -0.03165 -1.89646e+01 |  5 -0.13667  9.78740e+00 |  6 -0.00216  1.15409e+01
  7 -0.06722  5.05141e+01 |  8 -0.04884  1.99993e+01 |  9  0.02062  4.53498e+01
 10  0.09321 -2.08151e+01 | 11 -0.07129 -4.79045e+01 | 12  0.01068 -8.20738e+00
 13  0.00435 -2.59108e+01 | 14  0.06388  3.59148e-02 | 15 -0.01610  2.33301e+01
 16  0.13920  4.79452e+01 | 17  0.04141  3.52321e+01 | 18  0.17173 -2.69902e+01
 19  0.10827  6.72579e+00 | 20 -0.03793  7.43173e-01 | 21 -0.07725 -1.51997e+01
 22 -0.04201 -1.07922e+01 | 23 -0.02996 -2.26013e+01 | 24  0.00549  9.42642e-01
 25  0.00015 -1.02436e+00 | 26  0.05995  1.70954e+01 | 27 -0.02095  1.42420e+01
 28  0.00284 -3.27875e+01 | 29 -0.01469 -4.84831e+01 | 30  0.01247 -3.29302e+01
 31 -0.03846 -5.06360e+01 | 32  0.09184 -4.15737e+01 | 33  0.02847  3.46378e+00
 34 -0.03156  1.01844e+01 | 35  0.03782  1.67806e+01 | 36 -0.22588 -1.41847e+01
 37  0.22662 -1.36197e+02 | 38  0.26633 -6.64984e+02 | 39  0.22433 -5.99629e+01
 40  0.23229 -1.62281e+02 | 41  0.60878  2.26346e+01 | 42 -0.54204  1.70472e+01
 43 -0.55304  4.72247e+00 | 44 -0.54735  3.24777e+01 | 45 -0.39617 -3.20998e+01
 46 -0.68334  2.82508e+01 |

 - final statistics:
46 variables; iteration 55; function evaluation 82
Function value 5.2409e+03; maximum gradient component mag -5.0430e+00
Exit code = 1;  converg criter 1.0000e+01
Var    Value     Gradient |Var    Value     Gradient |Var    Value     Gradient
  1  0.07714 -5.04298e+00 |  2 -0.01722  1.71537e-01 |  3  0.02267  2.11291e-01
  4 -0.01778  1.39007e-01 |  5 -0.13547  6.25034e-02 |  6 -0.02039  1.67058e-01
  7 -0.10743  1.34912e-01 |  8 -0.07715  3.54669e-02 |  9 -0.00690  7.29651e-03
 10  0.10179  9.88964e-02 | 11 -0.03603  2.51794e-02 | 12  0.02204 -4.03909e-02
 13  0.01263 -9.56801e-02 | 14  0.06091 -2.38213e-01 | 15 -0.02248  1.56617e-01
 16  0.12953  2.84499e-02 | 17  0.03201  6.71250e-02 | 18  0.18089  4.28844e-03
 19  0.11509  1.58099e-01 | 20 -0.03447  2.55760e-02 | 21 -0.06161  6.14847e-02
 22 -0.03743  6.32325e-02 | 23 -0.02689  6.05717e-02 | 24  0.00776  2.02153e-02
 25  0.00609 -4.04910e-02 | 26  0.04732 -1.75446e-01 | 27 -0.02946 -7.71283e-02
 28  0.00759 -1.09258e-01 | 29 -0.00489 -1.96332e-03 | 30  0.01870 -3.25059e-02
 31 -0.02734 -3.13461e-02 | 32  0.09349  4.47423e-02 | 33  0.02504  9.95754e-03
 34 -0.03507  1.05679e-04 | 35  0.02843  4.61680e-02 | 36 -0.21502  1.38688e-01
 37  0.22107 -4.66655e+00 | 38  0.26610 -4.57727e-01 | 39  0.22074 -7.21980e-01
 40  0.22894 -5.47676e-01 | 41  0.64848 -2.19394e-01 | 42 -0.54796 -6.39231e-01
 43 -0.57803  3.54540e-01 | 44 -0.58390 -7.36931e-01 | 45 -0.36409  6.20752e-02
 46 -0.68427 -3.95568e-01 |

Initial statistics: 52 variables; iteration 0; function evaluation 0; phase 3
Function value 5.2408895e+03; maximum gradient component mag -3.9775e+03
Var    Value     Gradient |Var    Value     Gradient |Var    Value     Gradient
  1  0.07714 -5.04298e+00 |  2 -0.01722  1.39762e-01 |  3  0.02267  1.79525e-01
  4 -0.01778  1.07233e-01 |  5 -0.13547  3.14344e-02 |  6 -0.02039  1.35288e-01
  7 -0.10743  1.03578e-01 |  8 -0.07715  3.91409e-03 |  9 -0.00690 -2.44876e-02
 10  0.10179  6.75158e-02 | 11 -0.03603 -6.55565e-03 | 12  0.02204 -7.21578e-02
 13  0.01262 -1.27460e-01 | 14  0.06091 -2.69854e-01 | 15 -0.02249  1.24851e-01
 16  0.12953 -2.68040e-03 | 17  0.03201  3.53792e-02 | 18  0.18089 -2.62230e-02
 19  0.11509  1.26831e-01 | 20 -0.03447 -6.16333e-03 | 21 -0.06161  2.98475e-02
 22 -0.03743  3.15015e-02 | 23 -0.02689  2.88141e-02 | 24  0.00776 -1.15683e-02
 25  0.00609 -7.22755e-02 | 26  0.04732 -2.07144e-01 | 27 -0.02946 -1.08880e-01
 28  0.00759 -1.41041e-01 | 29 -0.00489 -3.37483e-02 | 30  0.01870 -6.42781e-02
 31 -0.02734 -6.31027e-02 | 32  0.09349  1.32985e-02 | 33  0.02504 -2.18038e-02
 34 -0.03507 -3.16321e-02 | 35  0.02843  1.44137e-02 | 36 -0.21502  1.08698e-01
 37  0.22107 -4.66655e+00 | 38  0.26610 -4.57727e-01 | 39  0.22074 -7.21980e-01
 40  0.22894 -5.47676e-01 | 41  0.64848 -2.19394e-01 | 42 -0.54796 -6.39231e-01
 43  0.29316 -9.97362e+01 | 44 -0.26482  1.00929e+02 | 45  0.02375 -3.97749e+03
 46 -0.89706  1.26501e+03 | 47  0.30812 -9.88707e+02 | 48 -0.83901  2.22339e+02
 49 -0.57803  3.54540e-01 | 50 -0.58390 -7.36931e-01 | 51 -0.36409  6.20752e-02
 52 -0.68427 -3.95568e-01 |

Intermediate statistics: 52 variables; iteration 20; function evaluation 28; phase 3
Function value 4.1394886e+03; maximum gradient component mag -1.2662e+04
Var    Value     Gradient |Var    Value     Gradient |Var    Value     Gradient
  1  0.05088 -5.38199e+03 |  2 -0.00764  2.92471e+02 |  3  0.03415  2.87383e+02
  4 -0.02046  2.97283e+02 |  5 -0.14417  2.93982e+02 |  6 -0.02148  3.05035e+02
  7 -0.11749  2.96299e+02 |  8 -0.07600  2.95274e+02 |  9  0.00702  2.83128e+02
 10  0.10759  1.83681e+02 | 11 -0.01283  2.99682e+02 | 12  0.03094  2.79652e+02
 13  0.03733  2.76907e+02 | 14  0.08759  2.90231e+02 | 15  0.04361  4.31029e+02
 16 -0.01909  4.90472e+01 | 17  0.05018  5.02024e+02 | 18  0.05695  1.09962e+01
 19  0.13688  1.93195e+02 | 20 -0.03474  2.34880e+02 | 21  0.00980  3.43207e+02
 22  0.08318  2.18560e+02 | 23 -0.07378  1.31521e+02 | 24  0.02437  2.54428e+02
 25  0.08077  2.61997e+02 | 26  0.06921  5.32053e+01 | 27  0.05374  4.37231e+01
 28  0.03756 -2.37464e+00 | 29  0.05193  1.40357e+02 | 30  0.08014  9.10279e+01
 31  0.03643  1.66607e+02 | 32  0.15653  1.50384e+02 | 33 -0.00253  2.18171e+02
 34  0.02710  4.07405e+02 | 35  0.07818  2.76973e+02 | 36 -1.14740 -3.76384e+01
 37  0.23212 -2.36501e+02 | 38  0.15594 -1.26621e+04 | 39  0.26698  1.63887e+03
 40  0.21790  8.16902e+02 | 41  0.85756 -3.84231e+01 | 42 -0.61290  2.12308e+02
 43  0.30344 -3.08396e+02 | 44 -0.36886 -5.45652e+01 | 45  0.47181 -3.83418e+03
 46 -0.77441  1.63173e+03 | 47  0.74609 -9.78637e+01 | 48 -0.67837  5.38155e+01
 49 -0.62312 -4.22682e+01 | 50 -0.65749 -9.03099e+01 | 51 -0.28149  5.04087e+01
 52 -0.56903  1.42437e+02 |
52 variables; iteration 40; function evaluation 55; phase 3
Function value 3.3265108e+03; maximum gradient component mag -2.8301e+03
Var    Value     Gradient |Var    Value     Gradient |Var    Value     Gradient
  1  0.06250 -2.83012e+03 |  2 -0.04089  3.46382e+01 |  3  0.04133  1.24347e+02
  4 -0.01863  8.67290e+01 |  5 -0.16646  3.87481e+01 |  6 -0.06918 -8.95542e+01
  7 -0.01339  3.07506e+02 |  8 -0.09845  1.68772e+01 |  9  0.00966  7.48538e+01
 10  0.18941  3.74931e+02 | 11 -0.03676  1.31279e+01 | 12  0.02514  2.23977e+01
 13  0.03066  4.80807e+01 | 14  0.09827  8.57824e+01 | 15  0.11096  2.32028e+02
 16 -0.21841 -1.24781e+02 | 17  0.01072  2.06086e+01 | 18  0.03966 -1.14699e+02
 19  0.12786 -3.28491e+01 | 20 -0.06461  1.56767e+01 | 21  0.01696  1.17923e+02
 22  0.02039  3.98291e+01 | 23 -0.01825  9.20994e+01 | 24  0.07221  1.54839e+02
 25  0.04141 -4.94612e+01 | 26  0.09023 -1.30912e+01 | 27  0.03726 -2.92214e+01
 28  0.06251 -2.82476e+01 | 29  0.02618 -5.75116e+01 | 30  0.07168 -1.90588e+01
 31  0.07554  9.01377e+01 | 32  0.12413 -7.81199e+01 | 33 -0.01521 -6.22357e+00
 34  0.04980  1.81991e+02 | 35  0.06312  6.87971e+01 | 36 -1.08491  7.65306e+00
 37  0.22774 -1.67551e+02 | 38  0.20459 -2.36520e+03 | 39  0.21961 -5.04901e+02
 40  0.19927 -1.88309e+03 | 41  0.94627 -3.08767e+01 | 42 -0.55602 -1.56403e+02
 43  0.37130  1.46798e+02 | 44 -0.30944  4.05860e+01 | 45  0.63853 -1.30744e+03
 46 -0.79678  5.79674e+02 | 47  0.83994 -6.00945e+01 | 48 -1.25410  3.78471e+00
 49 -0.70034  2.34904e+01 | 50 -0.74046 -2.32046e+02 | 51 -0.39432 -5.75561e+01
 52 -0.69950 -5.22312e+01 |
52 variables; iteration 60; function evaluation 92; phase 3
Function value 3.0613383e+03; maximum gradient component mag -4.2839e+02
Var    Value     Gradient |Var    Value     Gradient |Var    Value     Gradient
  1  0.06971 -4.28387e+02 |  2 -0.01451  6.27331e+01 |  3  0.05199  1.04565e+02
  4  0.01316  1.03719e+02 |  5 -0.11126  7.63816e+01 |  6  0.00116  7.91434e+01
  7 -0.08605  7.36871e+01 |  8 -0.05494  7.62038e+01 |  9  0.04016  1.47748e+02
 10  0.10969  8.99206e+01 | 11 -0.04211  3.87471e+01 | 12  0.01922  5.46690e+01
 13  0.02867  8.42687e+01 | 14  0.06367  4.87849e+01 | 15  0.02217  7.99199e+01
 16 -0.03529  9.58996e+01 | 17  0.02077  9.42104e+01 | 18  0.09663  8.96269e+01
 19  0.13477  7.62068e+01 | 20 -0.01704  9.18002e+01 | 21 -0.00427  7.52140e+01
 22 -0.02168  4.49648e+01 | 23 -0.06840  4.04610e+01 | 24  0.06048  1.14550e+02
 25  0.06925  6.03566e+01 | 26  0.06052  6.82291e+01 | 27  0.02611  7.12964e+01
 28  0.04577  5.69787e+01 | 29  0.03657  7.87402e+01 | 30  0.06323  5.63359e+01
 31  0.02602  5.73469e+01 | 32  0.11406  5.78764e+01 | 33 -0.00511  8.83084e+01
 34 -0.02174  7.45283e+01 | 35  0.02058  4.83383e+01 | 36 -1.29709  2.24341e+01
 37  0.22385 -1.52961e+02 | 38  0.21183 -3.17735e+02 | 39  0.22629 -2.97222e+01
 40  0.20845 -8.11554e+01 | 41  0.82638 -1.00192e+01 | 42 -0.66193  1.42061e+02
 43  0.32884 -1.01954e+01 | 44 -0.34641 -2.30153e+00 | 45  0.90041 -1.13488e+02
 46 -0.85143  5.49883e+01 | 47  1.00976  2.25431e+00 | 48 -1.30256 -1.95861e+00
 49 -0.64099  1.84807e+01 | 50 -0.66485 -4.46002e+01 | 51 -0.25366 -2.55791e-01
 52 -0.52088  1.46282e+02 |
52 variables; iteration 80; function evaluation 113; phase 3
Function value 3.0258938e+03; maximum gradient component mag 1.9963e+01
Var    Value     Gradient |Var    Value     Gradient |Var    Value     Gradient
  1  0.07968  1.99632e+01 |  2 -0.01717  4.46374e-01 |  3  0.02271  2.86200e-01
  4 -0.01679  1.48567e-01 |  5 -0.13438 -2.54882e-01 |  6 -0.01938  8.38699e-01
  7 -0.10661 -1.77307e-01 |  8 -0.07764 -3.85910e-01 |  9 -0.00885 -5.94695e-01
 10  0.09770 -7.19685e-01 | 11 -0.03019  1.81291e-01 | 12  0.01921 -2.09125e-01
 13  0.01469 -3.23506e-01 | 14  0.06048 -3.41890e-01 | 15  0.01567  1.06936e-01
 16 -0.05376 -4.59378e-01 | 17  0.00833 -3.54603e-01 | 18  0.08640  1.31263e-02
 19  0.12804 -2.95119e-02 | 20 -0.02941 -4.72137e-01 | 21 -0.01127 -3.07533e-01
 22 -0.02083  6.58354e-01 | 23 -0.05850 -2.13661e-01 | 24  0.03903 -2.53289e-01
 25  0.06497  4.64565e-01 | 26  0.05093  1.98038e-01 | 27  0.01955  7.82362e-02
 28  0.04382  3.79983e-01 | 29  0.03073 -5.46624e-01 | 30  0.06149 -5.41442e-02
 31  0.02627  3.48577e-01 | 32  0.10819  2.73616e-01 | 33 -0.01605 -3.22958e-02
 34 -0.02657  3.52571e-01 | 35  0.03364 -1.12078e-01 | 36 -1.68326 -2.96623e-01
 37  0.21963  2.16036e+00 | 38  0.20877  1.05792e+00 | 39  0.22194  1.04174e+00
 40  0.20298  4.60081e+00 | 41  0.85433  1.70676e+00 | 42 -0.60378 -6.26802e+00
 43  0.33031 -9.05234e-01 | 44 -0.34493 -3.34765e-01 | 45  0.99839 -1.23517e+00
 46 -0.99368  5.06181e-01 | 47  1.00327  4.46335e-01 | 48 -1.28827  1.41589e-01
 49 -0.67938 -2.23573e-02 | 50 -0.68558  5.15814e+00 | 51 -0.31262 -7.19812e-02
 52 -0.59898 -4.77965e+00 |
52 variables; iteration 100; function evaluation 135; phase 3
Function value 3.0258809e+03; maximum gradient component mag 1.8920e-01
Var    Value     Gradient |Var    Value     Gradient |Var    Value     Gradient
  1  0.07850 -1.48363e-02 |  2 -0.01777  7.76340e-03 |  3  0.02184  1.69997e-02
  4 -0.01820  1.12108e-02 |  5 -0.13579  3.91104e-03 |  6 -0.02104  9.54594e-03
  7 -0.10805 -1.25416e-02 |  8 -0.07818  1.55695e-02 |  9 -0.00853  5.44645e-03
 10  0.09827  1.00102e-02 | 11 -0.03005 -7.47889e-03 | 12  0.01947 -7.90819e-03
 13  0.01544 -1.50842e-02 | 14  0.06107 -1.92931e-02 | 15  0.01582 -5.23141e-03
 16 -0.05342  7.95176e-05 | 17  0.00837  3.09636e-03 | 18  0.08638 -9.45354e-03
 19  0.12807  1.16607e-03 | 20 -0.02930  1.36112e-02 | 21 -0.01114  1.52401e-03
 22 -0.02067 -2.16698e-02 | 23 -0.05779  4.20088e-03 | 24  0.03959  2.77344e-03
 25  0.06533 -5.35686e-03 | 26  0.05159  4.94134e-03 | 27  0.01996  1.12565e-02
 28  0.04407 -2.31843e-03 | 29  0.03100  5.11772e-03 | 30  0.06175 -4.54745e-03
 31  0.02636 -6.87939e-03 | 32  0.10865  4.50273e-03 | 33 -0.01560 -7.99072e-03
 34 -0.02618 -1.04701e-02 | 35  0.03406  9.63697e-03 | 36 -1.68218  3.77752e-03
 37  0.22031  4.28628e-02 | 38  0.20930 -3.50470e-02 | 39  0.22257 -2.38459e-02
 40  0.20350  2.18403e-02 | 41  0.85397 -1.30054e-02 | 42 -0.60572  1.89196e-01
 43  0.33098 -9.61199e-04 | 44 -0.34483  7.08685e-03 | 45  0.99997 -1.50341e-02
 46 -0.99720 -2.13579e-02 | 47  1.00057  1.39990e-02 | 48 -1.28979 -1.11519e-02
 49 -0.67670  1.25064e-02 | 50 -0.68483 -1.03943e-01 | 51 -0.31073 -8.78146e-03
 52 -0.59603  1.51147e-01 |
52 variables; iteration 120; function evaluation 158; phase 3
Function value 3.0258799e+03; maximum gradient component mag 3.1331e-01
Var    Value     Gradient |Var    Value     Gradient |Var    Value     Gradient
  1  0.07850 -2.03837e-01 |  2 -0.01780 -7.99529e-03 |  3  0.02181 -2.03738e-02
  4 -0.01824 -1.01677e-02 |  5 -0.13583  9.18268e-03 |  6 -0.02106 -3.64148e-03
  7 -0.10806  1.79636e-02 |  8 -0.07820  3.15800e-03 |  9 -0.00854  4.03329e-03
 10  0.09827 -7.30932e-03 | 11 -0.03004  1.15454e-03 | 12  0.01948  4.80133e-03
 13  0.01545 -2.18739e-03 | 14  0.06108 -5.91958e-03 | 15  0.01583  7.46649e-03
 16 -0.05341 -8.04742e-04 | 17  0.00837 -3.29144e-03 | 18  0.08639  4.39242e-03
 19  0.12808  7.09221e-03 | 20 -0.02931 -1.00298e-04 | 21 -0.01113  1.24735e-02
 22 -0.02065  1.94949e-02 | 23 -0.05779 -1.80069e-03 | 24  0.03960  7.74630e-03
 25  0.06534  1.54355e-02 | 26  0.05160  1.69873e-03 | 27  0.01996  2.71128e-03
 28  0.04408  6.30215e-03 | 29  0.03100  3.26077e-03 | 30  0.06176  1.11906e-02
 31  0.02637  2.32180e-02 | 32  0.10866 -2.30336e-03 | 33 -0.01559  2.87036e-03
 34 -0.02617  1.65780e-02 | 35  0.03407  1.82392e-02 | 36 -1.68219 -6.52814e-03
 37  0.22031  9.28717e-02 | 38  0.20930 -1.13836e-02 | 39  0.22257  1.55646e-02
 40  0.20350  2.81289e-02 | 41  0.78859 -1.41471e-01 | 42 -0.62175  3.13312e-01
 43  0.33097 -2.17799e-02 | 44 -0.34484 -1.53237e-02 | 45  1.00000  2.81362e-02
 46 -0.99687  2.06830e-02 | 47  1.00018  2.57063e-03 | 48 -1.28963  1.19508e-02
 49 -0.65199 -5.91184e-02 | 50 -0.65957 -2.94784e-01 | 51 -0.29721  5.08612e-02
 52 -0.57621  2.26998e-01 |
52 variables; iteration 140; function evaluation 183; phase 3
Function value 3.0258788e+03; maximum gradient component mag -7.7663e-01
Var    Value     Gradient |Var    Value     Gradient |Var    Value     Gradient
  1  0.07850 -6.37649e-01 |  2 -0.01779  2.53066e-03 |  3  0.02182 -1.07145e-02
  4 -0.01823  6.91027e-04 |  5 -0.13582  1.42491e-02 |  6 -0.02106  2.74453e-03
  7 -0.10806  1.57622e-02 |  8 -0.07820  8.98153e-03 |  9 -0.00854  7.04377e-03
 10  0.09827 -1.29892e-02 | 11 -0.03004  2.60223e-03 | 12  0.01948 -2.81102e-03
 13  0.01545 -5.19106e-03 | 14  0.06108 -1.16940e-02 | 15  0.01582 -8.58264e-04
 16 -0.05341  1.56073e-04 | 17  0.00837 -6.73383e-04 | 18  0.08639  7.83355e-04
 19  0.12807 -9.25319e-04 | 20 -0.02931  3.84780e-03 | 21 -0.01113  5.84631e-03
 22 -0.02066  7.30712e-03 | 23 -0.05779 -5.32141e-04 | 24  0.03959 -2.43271e-03
 25  0.06534 -1.48663e-03 | 26  0.05159 -1.01656e-02 | 27  0.01996 -3.48484e-03
 28  0.04408 -4.31273e-03 | 29  0.03100  1.73628e-03 | 30  0.06176  1.76590e-03
 31  0.02637  7.90491e-03 | 32  0.10865 -1.50774e-02 | 33 -0.01559  6.91087e-05
 34 -0.02617  8.75888e-03 | 35  0.03407  2.52219e-02 | 36 -1.68219 -9.95016e-03
 37  0.22031 -2.99482e-02 | 38  0.20931 -2.63327e-02 | 39  0.22257 -3.24943e-03
 40  0.20350 -4.33363e-02 | 41  0.69953 -4.56629e-01 | 42 -0.62819  6.19688e-01
 43  0.33098 -3.22954e-03 | 44 -0.34483 -4.78533e-03 | 45  0.99999  1.91352e-03
 46 -0.99696  8.54560e-03 | 47  1.00102  4.09805e-02 | 48 -1.28968  3.96184e-03
 49 -0.60837 -7.48481e-02 | 50 -0.61519 -7.76632e-01 | 51 -0.29197  5.25048e-02
 52 -0.56866  4.99200e-01 |
52 variables; iteration 160; function evaluation 207; phase 3
Function value 3.0258778e+03; maximum gradient component mag -1.0330e+00
Var    Value     Gradient |Var    Value     Gradient |Var    Value     Gradient
  1  0.07850 -6.96661e-01 |  2 -0.01778  7.78094e-03 |  3  0.02183 -2.20897e-03
  4 -0.01822  6.71069e-03 |  5 -0.13581  1.12393e-02 |  6 -0.02105  6.01534e-04
  7 -0.10806  1.36967e-02 |  8 -0.07820  1.20159e-02 |  9 -0.00854  5.81672e-03
 10  0.09827 -1.17534e-02 | 11 -0.03004  4.66623e-03 | 12  0.01948 -7.63661e-03
 13  0.01545 -1.03485e-02 | 14  0.06107 -1.57576e-02 | 15  0.01582 -1.35703e-03
 16 -0.05341  1.65627e-03 | 17  0.00837  1.87293e-03 | 18  0.08639  2.65422e-03
 19  0.12807  1.52333e-04 | 20 -0.02931  6.92165e-03 | 21 -0.01113  1.53204e-03
 22 -0.02066 -8.18792e-04 | 23 -0.05779  1.26878e-03 | 24  0.03959 -6.49404e-03
 25  0.06534 -7.22944e-03 | 26  0.05159 -1.03464e-02 | 27  0.01996 -3.94029e-03
 28  0.04408 -7.55798e-03 | 29  0.03100  6.94068e-05 | 30  0.06176 -2.56053e-03
 31  0.02636  2.13082e-03 | 32  0.10865 -1.39831e-02 | 33 -0.01559  1.91412e-03
 34 -0.02618  5.14762e-03 | 35  0.03407  2.63556e-02 | 36 -1.68219 -1.11672e-02
 37  0.22031 -6.02730e-02 | 38  0.20931 -2.78450e-02 | 39  0.22257 -9.91524e-03
 40  0.20350 -4.15165e-02 | 41  0.60397 -6.87147e-01 | 42 -0.62279  8.10510e-01
 43  0.33098 -6.59791e-04 | 44 -0.34483  1.68035e-03 | 45  0.99999 -1.34072e-03
 46 -0.99706 -3.71606e-03 | 47  0.99938 -1.62901e-02 | 48 -1.28972 -7.87358e-04
 49 -0.55260 -7.83501e-02 | 50 -0.55868 -1.03301e+00 | 51 -0.29636  5.11433e-02
 52 -0.57497  6.48057e-01 |
52 variables; iteration 180; function evaluation 230; phase 3
Function value 3.0258770e+03; maximum gradient component mag -1.4748e+00
Var    Value     Gradient |Var    Value     Gradient |Var    Value     Gradient
  1  0.07850 -8.52348e-01 |  2 -0.01778  1.25323e-02 |  3  0.02183  3.59996e-03
  4 -0.01822  1.22351e-02 |  5 -0.13581  1.25185e-02 |  6 -0.02105  5.04512e-03
  7 -0.10806  1.07933e-02 |  8 -0.07819  1.34053e-02 |  9 -0.00854  7.07902e-03
 10  0.09827 -1.06049e-02 | 11 -0.03004  3.86475e-03 | 12  0.01948 -1.13509e-02
 13  0.01545 -1.39082e-02 | 14  0.06107 -1.69850e-02 | 15  0.01582 -6.31025e-03
 16 -0.05341 -9.02491e-04 | 17  0.00837  1.99995e-03 | 18  0.08639  1.98163e-03
 19  0.12807  7.07937e-04 | 20 -0.02931  6.69645e-03 | 21 -0.01114 -1.89493e-03
 22 -0.02066 -8.34336e-03 | 23 -0.05779 -2.10964e-03 | 24  0.03959 -9.98604e-03
 25  0.06534 -1.36292e-02 | 26  0.05159 -1.56637e-02 | 27  0.01996 -7.79449e-03
 28  0.04408 -1.29704e-02 | 29  0.03100 -6.24016e-04 | 30  0.06175 -7.08410e-03
 31  0.02636 -6.48250e-03 | 32  0.10865 -1.57376e-02 | 33 -0.01559 -1.00616e-03
 34 -0.02618 -7.90263e-04 | 35  0.03407  3.27452e-02 | 36 -1.68218 -1.12773e-02
 37  0.22031 -1.05204e-01 | 38  0.20931 -3.17481e-02 | 39  0.22257 -1.93163e-02
 40  0.20350 -8.12712e-02 | 41  0.49202 -1.05016e+00 | 42 -0.60566  1.21602e+00
 43  0.33098  8.14728e-03 | 44 -0.34483  6.03661e-03 | 45  0.99999  2.76282e-03
 46 -0.99708 -6.97721e-03 | 47  1.00004 -2.44115e-03 | 48 -1.28974 -3.98563e-03
 49 -0.47982 -7.95860e-02 | 50 -0.48521 -1.47484e+00 | 51 -0.31077  4.92114e-02
 52 -0.59609  9.10938e-01 |
52 variables; iteration 200; function evaluation 253; phase 3
Function value 3.0258764e+03; maximum gradient component mag 4.7229e-01
Var    Value     Gradient |Var    Value     Gradient |Var    Value     Gradient
  1  0.07850 -2.82731e-01 |  2 -0.01778  6.66728e-03 |  3  0.02183 -1.68506e-03
  4 -0.01822  4.74233e-03 |  5 -0.13581  7.53624e-03 |  6 -0.02105  2.24211e-03
  7 -0.10806  9.01104e-03 |  8 -0.07819  8.49513e-03 |  9 -0.00854  4.83950e-03
 10  0.09827 -8.98859e-03 | 11 -0.03004  4.44954e-03 | 12  0.01948  1.25687e-03
 13  0.01545 -2.96822e-03 | 14  0.06107 -4.14423e-03 | 15  0.01582 -1.08579e-04
 16 -0.05341  1.05577e-03 | 17  0.00837  5.56866e-03 | 18  0.08639  7.41131e-03
 19  0.12807  5.53356e-03 | 20 -0.02931  4.95506e-03 | 21 -0.01113  1.38315e-03
 22 -0.02066  6.02788e-03 | 23 -0.05779  3.48738e-03 | 24  0.03959  1.00812e-03
 25  0.06534 -1.07589e-03 | 26  0.05159 -1.88122e-03 | 27  0.01996  1.58554e-04
 28  0.04408 -1.09909e-03 | 29  0.03100  3.48792e-03 | 30  0.06176  3.26301e-03
 31  0.02636  2.99380e-03 | 32  0.10865 -1.45612e-03 | 33 -0.01559  7.05475e-03
 34 -0.02617  6.92370e-03 | 35  0.03407  1.24746e-02 | 36 -1.68218 -2.07081e-03
 37  0.22031 -8.18246e-02 | 38  0.20931  2.59551e-04 | 39  0.22257  1.85822e-03
 40  0.20350 -8.23313e-04 | 41  0.39001 -3.55424e-01 | 42 -0.58251  4.72290e-01
 43  0.33098  1.12674e-03 | 44 -0.34483  8.48965e-04 | 45  0.99999  3.37478e-03
 46 -0.99703 -8.64073e-05 | 47  0.99995  1.35295e-03 | 48 -1.28971 -4.12144e-04
 49 -0.40938 -4.85796e-02 | 50 -0.41427 -4.62316e-01 | 51 -0.33144  2.50901e-02
 52 -0.62768  3.06736e-01 |
52 variables; iteration 220; function evaluation 279; phase 3
Function value 3.0258761e+03; maximum gradient component mag 5.2177e-01
Var    Value     Gradient |Var    Value     Gradient |Var    Value     Gradient
  1  0.07850 -1.73059e-01 |  2 -0.01779  3.29932e-03 |  3  0.02182 -2.42082e-03
  4 -0.01823  1.70788e-03 |  5 -0.13582  6.70861e-03 |  6 -0.02106  2.58792e-03
  7 -0.10806  6.72001e-03 |  8 -0.07820  5.62793e-03 |  9 -0.00854  4.81004e-03
 10  0.09827 -1.59803e-03 | 11 -0.03004  3.22056e-03 | 12  0.01948  2.98413e-03
 13  0.01545 -1.61310e-03 | 14  0.06108 -1.44192e-03 | 15  0.01582  2.96836e-03
 16 -0.05341  9.86355e-04 | 17  0.00837  2.03216e-03 | 18  0.08639  4.76545e-03
 19  0.12807  6.12705e-03 | 20 -0.02931  3.82975e-03 | 21 -0.01113  5.56357e-03
 22 -0.02066  6.82754e-03 | 23 -0.05779  1.05371e-03 | 24  0.03959  3.22449e-03
 25  0.06534  6.09658e-03 | 26  0.05160  1.66991e-03 | 27  0.01996  3.27511e-03
 28  0.04408  3.66562e-03 | 29  0.03100  4.43543e-03 | 30  0.06176  5.59388e-03
 31  0.02637  7.02854e-03 | 32  0.10866  2.66852e-03 | 33 -0.01559  4.87208e-03
 34 -0.02617  5.41072e-03 | 35  0.03407  1.19906e-02 | 36 -1.68218 -2.04863e-03
 37  0.22031 -2.37849e-02 | 38  0.20931 -5.88948e-03 | 39  0.22257 -1.21164e-03
 40  0.20350 -2.62848e-03 | 41  0.30419 -3.16641e-01 | 42 -0.55955  5.21770e-01
 43  0.33098 -3.16950e-03 | 44 -0.34483 -2.43704e-03 | 45  0.99999  3.75726e-03
 46 -0.99701  3.11570e-03 | 47  0.99998  5.08749e-03 | 48 -1.28970  8.94465e-04
 49 -0.34848 -2.78100e-02 | 50 -0.35306 -4.19353e-01 | 51 -0.35332  2.27087e-02
 52 -0.66326  2.96719e-01 |
52 variables; iteration 240; function evaluation 302; phase 3
Function value 3.0258760e+03; maximum gradient component mag 4.6987e-01
Var    Value     Gradient |Var    Value     Gradient |Var    Value     Gradient
  1  0.07850 -1.16207e-01 |  2 -0.01779  1.27553e-03 |  3  0.02182 -1.18622e-03
  4 -0.01823  1.89364e-03 |  5 -0.13582  4.65655e-03 |  6 -0.02106  2.16428e-03
  7 -0.10806  5.38979e-03 |  8 -0.07820  4.08343e-03 |  9 -0.00854  3.15921e-03
 10  0.09827 -1.27037e-03 | 11 -0.03004  2.06453e-03 | 12  0.01948  1.92207e-03
 13  0.01545 -2.63391e-03 | 14  0.06108 -1.21209e-03 | 15  0.01582  1.64087e-03
 16 -0.05341 -8.06697e-04 | 17  0.00837  5.48468e-04 | 18  0.08639  4.61736e-03
 19  0.12807  5.72961e-03 | 20 -0.02931  1.66680e-03 | 21 -0.01113  3.98650e-03
 22 -0.02066  4.72363e-03 | 23 -0.05779  3.27689e-04 | 24  0.03959  3.52923e-03
 25  0.06534  3.38952e-03 | 26  0.05160  2.07075e-03 | 27  0.01996  1.33201e-03
 28  0.04408  2.08789e-03 | 29  0.03100  3.81923e-03 | 30  0.06176  3.88514e-03
 31  0.02637  4.76507e-03 | 32  0.10865  2.68410e-03 | 33 -0.01559  4.51820e-03
 34 -0.02617  3.37818e-03 | 35  0.03407  9.38438e-03 | 36 -1.68218 -1.15052e-03
 37  0.22031 -1.52079e-02 | 38  0.20931 -3.85029e-03 | 39  0.22257  3.97921e-03
 40  0.20350  3.18109e-05 | 41  0.23160 -2.61969e-01 | 42 -0.54117  4.69871e-01
 43  0.33098 -2.41234e-03 | 44 -0.34483 -1.19036e-03 | 45  0.99999  3.24137e-03
 46 -0.99701  2.05275e-03 | 47  0.99965 -6.86305e-03 | 48 -1.28971  7.00849e-04
 49 -0.29639 -1.20609e-02 | 50 -0.30078 -3.55882e-01 | 51 -0.37192  1.48297e-02
 52 -0.69572  2.36038e-01 |
52 variables; iteration 260; function evaluation 325; phase 3
Function value 3.0258759e+03; maximum gradient component mag 1.9190e-01
Var    Value     Gradient |Var    Value     Gradient |Var    Value     Gradient
  1  0.07850 -4.86183e-02 |  2 -0.01779  3.01600e-03 |  3  0.02182 -3.99789e-03
  4 -0.01823 -8.95677e-04 |  5 -0.13582  4.34553e-03 |  6 -0.02106  5.05541e-03
  7 -0.10807  1.44572e-03 |  8 -0.07820  1.77074e-03 |  9 -0.00854  4.44508e-03
 10  0.09827  2.08562e-03 | 11 -0.03004  1.76661e-03 | 12  0.01948  4.47282e-03
 13  0.01545  5.07894e-03 | 14  0.06108  1.01983e-04 | 15  0.01582  7.39943e-03
 16 -0.05341  4.16612e-03 | 17  0.00837  2.09482e-03 | 18  0.08639 -2.92322e-03
 19  0.12807  2.66192e-03 | 20 -0.02930  5.50130e-03 | 21 -0.01113  1.17208e-02
 22 -0.02066  9.25676e-03 | 23 -0.05779  1.35333e-03 | 24  0.03959 -9.02868e-04
 25  0.06534  1.23454e-02 | 26  0.05159  4.51360e-04 | 27  0.01996  6.17054e-03
 28  0.04408  8.85773e-03 | 29  0.03100  2.81344e-03 | 30  0.06176  8.13997e-03
 31  0.02637  8.30841e-03 | 32  0.10866  5.55180e-03 | 33 -0.01559  1.93636e-03
 34 -0.02617  6.99963e-03 | 35  0.03407  5.18051e-03 | 36 -1.68218 -1.55169e-03
 37  0.22031 -2.05738e-02 | 38  0.20930 -1.41460e-02 | 39  0.22257 -1.92798e-02
 40  0.20350 -3.37421e-03 | 41  0.15698 -4.95196e-02 | 42 -0.52655  1.91899e-01
 43  0.33098 -9.97650e-03 | 44 -0.34483 -9.77917e-04 | 45  0.99999  5.83920e-03
 46 -0.99700  4.17704e-03 | 47  0.99991 -2.76679e-04 | 48 -1.28970  1.69329e-03
 49 -0.24274 -9.43018e-03 | 50 -0.24695 -6.29895e-02 | 51 -0.38742  1.62951e-02
 52 -0.72493  7.57987e-02 |
52 variables; iteration 280; function evaluation 348; phase 3
Function value 3.0258759e+03; maximum gradient component mag -4.8214e-02
Var    Value     Gradient |Var    Value     Gradient |Var    Value     Gradient
  1  0.07850 -1.98303e-02 |  2 -0.01778  9.91695e-04 |  3  0.02183  3.15248e-04
  4 -0.01822  6.65769e-04 |  5 -0.13581  1.03758e-03 |  6 -0.02105  1.10860e-03
  7 -0.10806 -1.44388e-04 |  8 -0.07820  4.60637e-04 |  9 -0.00854  6.74751e-04
 10  0.09827  5.90567e-04 | 11 -0.03004  2.11661e-04 | 12  0.01948  1.15876e-04
 13  0.01545  1.31963e-03 | 14  0.06108 -1.23590e-05 | 15  0.01582  1.77543e-04
 16 -0.05341  1.06802e-03 | 17  0.00837  8.73481e-04 | 18  0.08639 -1.73128e-04
 19  0.12807 -6.47889e-04 | 20 -0.02931  9.14507e-04 | 21 -0.01113  7.55550e-04
 22 -0.02066  2.59742e-04 | 23 -0.05779  6.89674e-04 | 24  0.03959 -1.91956e-04
 25  0.06534  4.18340e-04 | 26  0.05159  4.34754e-04 | 27  0.01996  1.04158e-03
 28  0.04408  4.75434e-04 | 29  0.03100  6.17351e-04 | 30  0.06176  1.47643e-04
 31  0.02636  2.27920e-04 | 32  0.10865 -3.61588e-05 | 33 -0.01559  2.35756e-04
 34 -0.02618  5.27886e-05 | 35  0.03407  6.82819e-04 | 36 -1.68219  1.06388e-04
 37  0.22031 -4.01048e-03 | 38  0.20931 -9.35988e-04 | 39  0.22257 -2.61127e-03
 40  0.20350 -5.91303e-03 | 41  0.10557  1.72107e-02 | 42 -0.51899 -4.82140e-02
 43  0.33098  8.84842e-04 | 44 -0.34483  9.25394e-05 | 45  0.99999  1.39486e-03
 46 -0.99703 -2.59961e-05 | 47  0.99992 -2.58872e-05 | 48 -1.28971 -3.47993e-04
 49 -0.20588 -8.78970e-04 | 50 -0.21001  2.20303e-02 | 51 -0.39571 -3.52919e-04
 52 -0.74156 -2.79223e-02 |
52 variables; iteration 300; function evaluation 371; phase 3
Function value 3.0258759e+03; maximum gradient component mag -1.3906e-01
Var    Value     Gradient |Var    Value     Gradient |Var    Value     Gradient
  1  0.07850 -1.39060e-01 |  2 -0.01778  1.45662e-03 |  3  0.02182 -3.13864e-03
  4 -0.01822  2.53874e-04 |  5 -0.13581  2.87599e-03 |  6 -0.02105 -3.59405e-04
  7 -0.10806  3.60401e-03 |  8 -0.07820  2.86870e-03 |  9 -0.00854  3.51897e-04
 10  0.09827 -5.00407e-03 | 11 -0.03004  1.89192e-03 | 12  0.01948 -1.33044e-03
 13  0.01545 -2.14908e-03 | 14  0.06107 -4.84326e-03 | 15  0.01582 -7.24105e-04
 16 -0.05341  1.86425e-03 | 17  0.00837  1.23159e-03 | 18  0.08639  1.38437e-03
 19  0.12807 -2.45846e-03 | 20 -0.02931  1.69888e-03 | 21 -0.01113 -2.94838e-04
 22 -0.02066  4.15271e-03 | 23 -0.05779  2.91703e-03 | 24  0.03959 -7.07967e-04
 25  0.06534 -2.18682e-03 | 26  0.05159 -9.92523e-04 | 27  0.01996 -5.10298e-04
 28  0.04408 -2.20123e-03 | 29  0.03100  1.02379e-04 | 30  0.06176  1.88772e-04
 31  0.02636  2.82854e-03 | 32  0.10865 -5.75775e-03 | 33 -0.01559  2.39172e-03
 34 -0.02618  3.72490e-03 | 35  0.03407  7.01399e-04 | 36 -1.68218 -3.17458e-04
 37  0.22031 -1.73504e-02 | 38  0.20931 -2.75893e-03 | 39  0.22257  4.51591e-03
 40  0.20350 -7.41904e-03 | 41  0.01380 -1.11337e-01 | 42 -0.51322 -1.32335e-01
 43  0.33098 -7.57197e-04 | 44 -0.34483 -1.08090e-03 | 45  0.99999  1.53376e-04
 46 -0.99702  1.04303e-03 | 47  0.99993  3.13525e-04 | 48 -1.28971  5.86623e-04
 49 -0.14070 -2.79892e-02 | 50 -0.14471 -1.31395e-01 | 51 -0.40215  8.31078e-03
 52 -0.75511 -6.59938e-02 |
52 variables; iteration 320; function evaluation 396; phase 3
Function value 3.0258755e+03; maximum gradient component mag 3.7619e-01
Var    Value     Gradient |Var    Value     Gradient |Var    Value     Gradient
  1  0.07850 -4.90384e-02 |  2 -0.01778 -4.14640e-04 |  3  0.02182 -6.50227e-04
  4 -0.01822  2.85185e-05 |  5 -0.13581  1.04219e-03 |  6 -0.02105 -6.45808e-04
  7 -0.10806  1.05051e-03 |  8 -0.07820  3.86867e-04 |  9 -0.00854  5.11809e-04
 10  0.09827 -1.82414e-04 | 11 -0.03004 -8.68255e-04 | 12  0.01948  1.83855e-04
 13  0.01545 -1.08059e-03 | 14  0.06108  1.90691e-03 | 15  0.01582  3.86909e-04
 16 -0.05341 -1.82694e-03 | 17  0.00837 -9.59047e-04 | 18  0.08639  1.00375e-03
 19  0.12807  3.78874e-03 | 20 -0.02931 -2.19514e-04 | 21 -0.01113 -8.17954e-04
 22 -0.02066 -1.22890e-03 | 23 -0.05779 -1.99742e-03 | 24  0.03959 -7.17876e-05
 25  0.06534  2.64233e-04 | 26  0.05159 -1.02400e-03 | 27  0.01996 -9.04662e-04
 28  0.04408 -6.65106e-04 | 29  0.03100  5.46791e-04 | 30  0.06176 -8.62744e-04
 31  0.02636 -3.85568e-04 | 32  0.10865  1.54050e-03 | 33 -0.01559 -3.21823e-04
 34 -0.02618 -1.39991e-03 | 35  0.03407  5.39261e-03 | 36 -1.68219 -7.25819e-04
 37  0.22031  6.64529e-03 | 38  0.20930 -7.71436e-03 | 39  0.22257  2.27223e-04
 40  0.20350 -5.76132e-03 | 41 -0.09071 -1.98346e-01 | 42 -0.53065  3.76186e-01
 43  0.33098  4.48424e-04 | 44 -0.34483 -4.56638e-05 | 45  0.99999 -1.96941e-04
 46 -0.99703 -4.27662e-04 | 47  0.99991 -2.25751e-04 | 48 -1.28971 -4.62342e-04
 49 -0.06804 -1.09658e-02 | 50 -0.07197 -2.78673e-01 | 51 -0.38301  1.04796e-02
 52 -0.71636  1.72243e-01 |
52 variables; iteration 340; function evaluation 419; phase 3
Function value 3.0258753e+03; maximum gradient component mag -9.5409e-02
Var    Value     Gradient |Var    Value     Gradient |Var    Value     Gradient
  1  0.07850 -2.93162e-02 |  2 -0.01779 -1.89409e-03 |  3  0.02182 -2.06284e-03
  4 -0.01822  4.29674e-04 |  5 -0.13582  2.06309e-03 |  6 -0.02105 -2.22958e-04
  7 -0.10806  4.78896e-03 |  8 -0.07820  2.82007e-03 |  9 -0.00854  1.30978e-03
 10  0.09827 -3.89764e-03 | 11 -0.03004  1.07984e-03 | 12  0.01948  2.51828e-03
 13  0.01545 -1.21057e-03 | 14  0.06108 -1.07739e-03 | 15  0.01582  2.58444e-03
 16 -0.05341  8.99937e-04 | 17  0.00837  9.28396e-04 | 18  0.08639  3.32522e-03
 19  0.12807  3.96566e-03 | 20 -0.02931  1.21177e-03 | 21 -0.01113  1.43427e-03
 22 -0.02066  6.10790e-03 | 23 -0.05779  3.57752e-03 | 24  0.03959  3.47935e-03
 25  0.06534 -5.75837e-04 | 26  0.05159  1.08346e-04 | 27  0.01996 -4.23731e-04
 28  0.04408 -9.33497e-04 | 29  0.03100  2.88373e-03 | 30  0.06176  1.99456e-03
 31  0.02637  6.31116e-03 | 32  0.10865 -2.21035e-03 | 33 -0.01559  7.22600e-03
 34 -0.02618  3.90204e-03 | 35  0.03407 -2.85225e-03 | 36 -1.68218  1.44814e-03
 37  0.22031 -3.09031e-02 | 38  0.20930 -7.71609e-03 | 39  0.22257  1.22363e-02
 40  0.20350  2.97513e-03 | 41 -0.14439  1.88931e-02 | 42 -0.55558 -9.54085e-02
 43  0.33098 -2.95317e-03 | 44 -0.34483  4.38628e-05 | 45  0.99999  3.36117e-04
 46 -0.99702  1.12763e-03 | 47  0.99993  1.70015e-04 | 48 -1.28971  4.33834e-04
 49 -0.03166  1.33615e-03 | 50 -0.03557  2.75721e-02 | 51 -0.35726  6.32724e-03
 52 -0.66996 -6.42069e-02 |
52 variables; iteration 360; function evaluation 445; phase 3
Function value 3.0258752e+03; maximum gradient component mag 3.5026e-01
Var    Value     Gradient |Var    Value     Gradient |Var    Value     Gradient
  1  0.07850 -4.86902e-02 |  2 -0.01778 -5.09558e-04 |  3  0.02182 -1.42469e-03
  4 -0.01822  8.84790e-04 |  5 -0.13581  1.64852e-03 |  6 -0.02105  2.30630e-04
  7 -0.10806  3.24796e-03 |  8 -0.07820  2.38567e-03 |  9 -0.00854  1.15746e-03
 10  0.09827 -2.84000e-03 | 11 -0.03004  1.25539e-03 | 12  0.01948  1.30786e-03
 13  0.01545 -4.13131e-03 | 14  0.06108 -5.44938e-04 | 15  0.01582  5.98534e-04
 16 -0.05341 -1.99319e-03 | 17  0.00837 -6.77963e-04 | 18  0.08639  3.66064e-03
 19  0.12807  5.09319e-03 | 20 -0.02931 -4.30781e-04 | 21 -0.01113  4.22762e-05
 22 -0.02066  3.19119e-03 | 23 -0.05779 -6.07829e-04 | 24  0.03959  2.64464e-03
 25  0.06534  3.20833e-04 | 26  0.05159  2.33585e-04 | 27  0.01996 -1.14248e-03
 28  0.04408 -3.61555e-04 | 29  0.03100  1.76417e-03 | 30  0.06176  1.70541e-03
 31  0.02636  2.39850e-03 | 32  0.10865  1.56228e-03 | 33 -0.01559  3.60968e-03
 34 -0.02618  2.01448e-03 | 35  0.03407  3.54551e-03 | 36 -1.68218  1.26003e-04
 37  0.22031 -1.51694e-02 | 38  0.20930 -4.49597e-04 | 39  0.22257  8.15982e-03
 40  0.20350  6.39834e-03 | 41 -0.17859 -1.91620e-01 | 42 -0.57662  3.50263e-01
 43  0.33098 -1.11567e-03 | 44 -0.34483 -2.27232e-04 | 45  0.99999  8.91311e-05
 46 -0.99702  7.67250e-04 | 47  0.99993  2.43144e-04 | 48 -1.28971  2.77295e-04
 49 -0.00889 -6.90613e-03 | 50 -0.01280 -2.81832e-01 | 51 -0.33691  1.06044e-02
 52 -0.63636  2.23798e-01 |
52 variables; iteration 380; function evaluation 472; phase 3
Function value 3.0258751e+03; maximum gradient component mag 2.5105e-01
Var    Value     Gradient |Var    Value     Gradient |Var    Value     Gradient
  1  0.07850 -3.84599e-02 |  2 -0.01778  4.68139e-04 |  3  0.02183 -2.34275e-04
  4 -0.01822  5.35486e-04 |  5 -0.13581  7.52551e-04 |  6 -0.02105  1.64953e-04
  7 -0.10806  1.13867e-03 |  8 -0.07820  1.05546e-03 |  9 -0.00854  5.01425e-04
 10  0.09827 -6.99818e-04 | 11 -0.03004  6.31946e-04 | 12  0.01948 -1.20685e-04
 13  0.01545 -2.53790e-03 | 14  0.06108 -5.75524e-04 | 15  0.01582 -4.74606e-04
 16 -0.05341 -1.49862e-03 | 17  0.00837 -5.99443e-04 | 18  0.08639  1.43525e-03
 19  0.12807  2.08065e-03 | 20 -0.02931 -4.64116e-04 | 21 -0.01113 -2.81450e-04
 22 -0.02066  3.85329e-04 | 23 -0.05779 -1.28947e-03 | 24  0.03959  5.99565e-04
 25  0.06534  3.17978e-04 | 26  0.05159 -4.76848e-05 | 27  0.01996 -6.46747e-04
 28  0.04408 -9.32473e-05 | 29  0.03100  3.03552e-04 | 30  0.06176  5.54009e-04
 31  0.02636 -6.66946e-05 | 32  0.10865  1.07511e-03 | 33 -0.01559  3.13355e-04
 34 -0.02618  3.84559e-04 | 35  0.03407  3.55326e-03 | 36 -1.68219 -6.35733e-04
 37  0.22031 -2.03801e-03 | 38  0.20930  1.40718e-03 | 39  0.22257  1.51321e-03
 40  0.20350  2.91466e-03 | 41 -0.20488 -1.49862e-01 | 42 -0.59600  2.51047e-01
 43  0.33098 -2.57849e-06 | 44 -0.34483 -4.18647e-04 | 45  0.99999  3.41955e-05
 46 -0.99703  2.48807e-04 | 47  0.99992  4.35598e-05 | 48 -1.28971  1.21568e-04
 49  0.00837 -5.94243e-03 | 50  0.00446 -2.22160e-01 | 51 -0.31923  6.66510e-03
 52 -0.60882  1.79199e-01 |
52 variables; iteration 400; function evaluation 498; phase 3
Function value 3.0258751e+03; maximum gradient component mag -3.9911e-02
Var    Value     Gradient |Var    Value     Gradient |Var    Value     Gradient
  1  0.07850 -1.85841e-02 |  2 -0.01778  2.30107e-04 |  3  0.02183 -1.10746e-04
  4 -0.01822  8.63532e-05 |  5 -0.13581  3.00983e-04 |  6 -0.02105  4.34090e-05
  7 -0.10806  2.05382e-04 |  8 -0.07820  1.98531e-04 |  9 -0.00854  9.90830e-05
 10  0.09827 -2.23220e-04 | 11 -0.03004  5.13528e-05 | 12  0.01948 -3.02610e-04
 13  0.01545 -1.57536e-04 | 14  0.06108 -3.79461e-04 | 15  0.01582 -1.72025e-04
 16 -0.05341  2.54497e-05 | 17  0.00837  7.48572e-06 | 18  0.08639 -1.03371e-04
 19  0.12807 -2.61686e-04 | 20 -0.02931  1.12023e-04 | 21 -0.01113 -4.85658e-05
 22 -0.02066 -1.31392e-04 | 23 -0.05779 -6.12365e-05 | 24  0.03959 -3.08864e-04
 25  0.06534 -2.02999e-04 | 26  0.05159 -2.94787e-04 | 27  0.01996 -8.46294e-05
 28  0.04408 -1.92718e-04 | 29  0.03100 -8.24147e-05 | 30  0.06176 -1.66303e-04
 31  0.02636 -1.11614e-04 | 32  0.10865 -4.32216e-04 | 33 -0.01559 -2.00012e-04
 34 -0.02618  3.03088e-05 | 35  0.03407  6.79832e-04 | 36 -1.68219 -2.98160e-04
 37  0.22031 -1.82065e-04 | 38  0.20930 -7.02327e-04 | 39  0.22257 -5.51711e-04
 40  0.20350 -1.52233e-03 | 41 -0.22260 -2.90579e-02 | 42 -0.61142  1.74739e-02
 43  0.33098  1.62295e-04 | 44 -0.34483 -9.80577e-06 | 45  0.99999  2.41781e-05
 46 -0.99703 -1.78874e-05 | 47  0.99992 -1.12551e-05 | 48 -1.28971 -2.74125e-06
 49  0.01987 -3.11227e-03 | 50  0.01596 -3.99114e-02 | 51 -0.30586  1.14596e-03
 52 -0.58882  1.15168e-02 |
52 variables; iteration 420; function evaluation 525; phase 3
Function value 3.0258751e+03; maximum gradient component mag -6.2639e-02
Var    Value     Gradient |Var    Value     Gradient |Var    Value     Gradient
  1  0.07850 -2.04059e-02 |  2 -0.01778  2.52072e-04 |  3  0.02183 -1.00218e-04
  4 -0.01822  9.26448e-05 |  5 -0.13581  3.13054e-04 |  6 -0.02105  3.99387e-05
  7 -0.10806  1.72162e-04 |  8 -0.07820  1.94471e-04 |  9 -0.00854  9.39247e-05
 10  0.09827 -1.94978e-04 | 11 -0.03004  2.76426e-06 | 12  0.01948 -3.36155e-04
 13  0.01545 -3.34164e-04 | 14  0.06108 -3.12530e-04 | 15  0.01582 -2.50440e-04
 16 -0.05341 -2.22502e-04 | 17  0.00837 -1.26770e-04 | 18  0.08639 -5.72015e-05
 19  0.12807 -2.62605e-05 | 20 -0.02931  1.21890e-05 | 21 -0.01113 -1.39394e-04
 22 -0.02066 -3.03964e-04 | 23 -0.05779 -3.21316e-04 | 24  0.03959 -3.14587e-04
 25  0.06534 -1.48404e-04 | 26  0.05159 -3.18241e-04 | 27  0.01996 -1.49693e-04
 28  0.04408 -1.73251e-04 | 29  0.03100 -8.90993e-05 | 30  0.06176 -1.99161e-04
 31  0.02636 -2.76386e-04 | 32  0.10865 -1.72079e-04 | 33 -0.01559 -3.32219e-04
 34 -0.02618 -1.20982e-04 | 35  0.03407  1.06717e-03 | 36 -1.68219 -3.57233e-04
 37  0.22031  5.60524e-04 | 38  0.20930 -7.45925e-04 | 39  0.22257 -6.24400e-04
 40  0.20350 -1.43083e-03 | 41 -0.23337 -4.38255e-02 | 42 -0.62262  4.65095e-02
 43  0.33098  2.40669e-04 | 44 -0.34483  6.72102e-06 | 45  0.99999  1.68178e-05
 46 -0.99703 -4.41066e-05 | 47  0.99992 -1.31420e-05 | 48 -1.28971 -2.14533e-05
 49  0.02681 -3.47572e-03 | 50  0.02290 -6.26385e-02 | 51 -0.29651  2.00512e-03
 52 -0.57518  3.67194e-02 |
52 variables; iteration 440; function evaluation 552; phase 3
Function value 3.0258751e+03; maximum gradient component mag -4.7049e-02
Var    Value     Gradient |Var    Value     Gradient |Var    Value     Gradient
  1  0.07850 -1.88878e-02 |  2 -0.01778  2.23045e-04 |  3  0.02183 -1.06972e-04
  4 -0.01822  6.93354e-05 |  5 -0.13581  2.89055e-04 |  6 -0.02105  3.94405e-05
  7 -0.10806  1.31603e-04 |  8 -0.07820  1.49948e-04 |  9 -0.00854  7.78333e-05
 10  0.09827 -1.90016e-04 | 11 -0.03004 -1.57731e-05 | 12  0.01948 -3.30994e-04
 13  0.01545 -1.59633e-04 | 14  0.06108 -3.11013e-04 | 15  0.01582 -2.09464e-04
 16 -0.05341 -7.62984e-05 | 17  0.00837 -6.34054e-05 | 18  0.08639 -1.50736e-04
 19  0.12807 -2.10297e-04 | 20 -0.02931  6.26998e-05 | 21 -0.01113 -1.04787e-04
 22 -0.02066 -2.75732e-04 | 23 -0.05779 -1.91190e-04 | 24  0.03959 -3.57557e-04
 25  0.06534 -1.97504e-04 | 26  0.05159 -3.28628e-04 | 27  0.01996 -1.08476e-04
 28  0.04408 -1.89327e-04 | 29  0.03100 -1.03323e-04 | 30  0.06176 -2.30014e-04
 31  0.02636 -2.34677e-04 | 32  0.10865 -3.21132e-04 | 33 -0.01559 -3.17058e-04
 34 -0.02618 -9.70223e-05 | 35  0.03407  8.08178e-04 | 36 -1.68219 -3.19665e-04
 37  0.22031  4.32036e-04 | 38  0.20930 -8.60461e-04 | 39  0.22257 -6.95304e-04
 40  0.20350 -1.70454e-03 | 41 -0.23875 -3.36106e-02 | 42 -0.63012  2.65095e-02
 43  0.33098  2.35262e-04 | 44 -0.34483  2.95114e-05 | 45  0.99999  1.60961e-05
 46 -0.99703 -5.25636e-05 | 47  0.99992 -1.46042e-05 | 48 -1.28971 -2.51272e-05
 49  0.03026 -3.23408e-03 | 50  0.02635 -4.70486e-02 | 51 -0.29042  1.48362e-03
 52 -0.56645  2.13516e-02 |
52 variables; iteration 460; function evaluation 577; phase 3
Function value 3.0258751e+03; maximum gradient component mag -1.1344e-01
Var    Value     Gradient |Var    Value     Gradient |Var    Value     Gradient
  1  0.07850 -3.38288e-02 |  2 -0.01778  3.98654e-04 |  3  0.02183 -1.84301e-04
  4 -0.01822  1.75777e-04 |  5 -0.13581  5.30865e-04 |  6 -0.02105  4.80518e-05
  7 -0.10806  3.65127e-04 |  8 -0.07820  3.78773e-04 |  9 -0.00854  1.80458e-04
 10  0.09827 -3.82421e-04 | 11 -0.03004  2.56805e-05 | 12  0.01948 -4.89188e-04
 13  0.01545 -6.54440e-04 | 14  0.06108 -4.79697e-04 | 15  0.01582 -3.91207e-04
 16 -0.05341 -4.77645e-04 | 17  0.00837 -2.46506e-04 | 18  0.08639  3.34330e-05
 19  0.12807  1.96511e-04 | 20 -0.02931 -1.32206e-05 | 21 -0.01113 -2.17370e-04
 22 -0.02066 -4.56726e-04 | 23 -0.05779 -6.00995e-04 | 24  0.03959 -4.16371e-04
 25  0.06534 -1.92731e-04 | 26  0.05159 -5.09789e-04 | 27  0.01996 -2.93311e-04
 28  0.04408 -2.70417e-04 | 29  0.03100 -9.79680e-05 | 30  0.06176 -2.57534e-04
 31  0.02636 -4.22059e-04 | 32  0.10865 -1.39520e-04 | 33 -0.01559 -4.66534e-04
 34 -0.02618 -1.76335e-04 | 35  0.03407  1.91801e-03 | 36 -1.68219 -5.93887e-04
 37  0.22031  5.08370e-04 | 38  0.20930 -1.11865e-03 | 39  0.22257 -8.27231e-04
 40  0.20350 -1.96546e-03 | 41 -0.24049 -7.78737e-02 | 42 -0.64130  8.69025e-02
 43  0.33098  3.39381e-04 | 44 -0.34483  3.84329e-06 | 45  0.99999  1.69781e-05
 46 -0.99703 -5.90495e-05 | 47  0.99992 -1.59044e-05 | 48 -1.28971 -2.89402e-05
 49  0.03137 -6.06311e-03 | 50  0.02746 -1.13445e-01 | 51 -0.28160  4.00709e-03
 52 -0.55398  7.68471e-02 |
52 variables; iteration 480; function evaluation 602; phase 3
Function value 3.0258751e+03; maximum gradient component mag 2.5624e-02
Var    Value     Gradient |Var    Value     Gradient |Var    Value     Gradient
  1  0.07850  1.11237e-02 |  2 -0.01778 -8.68169e-05 |  3  0.02183  6.58010e-05
  4 -0.01822 -1.93252e-04 |  5 -0.13581 -2.56491e-04 |  6 -0.02105 -5.38033e-05
  7 -0.10806 -5.82022e-04 |  8 -0.07820 -3.88113e-04 |  9 -0.00854 -2.31770e-04
 10  0.09827  3.87290e-04 | 11 -0.03004 -3.12300e-04 | 12  0.01948 -5.60435e-05
 13  0.01545  1.70993e-04 | 14  0.06108  4.38916e-04 | 15  0.01582 -1.81190e-04
 16 -0.05341 -4.39963e-04 | 17  0.00837 -3.04216e-04 | 18  0.08639 -2.38872e-04
 19  0.12807  1.18813e-04 | 20 -0.02931 -3.26829e-04 | 21 -0.01113 -2.78502e-04
 22 -0.02066 -5.79210e-04 | 23 -0.05779 -5.46041e-04 | 24  0.03959 -1.09227e-04
 25  0.06534  2.06039e-04 | 26  0.05159  1.60999e-04 | 27  0.01996  3.62398e-05
 28  0.04408  1.93537e-04 | 29  0.03100 -1.30541e-04 | 30  0.06176 -2.07598e-04
 31  0.02636 -5.84117e-04 | 32  0.10865  7.23377e-04 | 33 -0.01559 -5.74262e-04
 34 -0.02618 -6.00225e-04 | 35  0.03407  7.82118e-05 | 36 -1.68219  8.60489e-05
 37  0.22031  4.26509e-03 | 38  0.20930  2.07178e-04 | 39  0.22257 -5.10592e-04
 40  0.20350  2.76632e-04 | 41 -0.22168 -2.44659e-05 | 42 -0.66001  2.55179e-02
 43  0.33098  2.93262e-04 | 44 -0.34483  2.91451e-05 | 45  0.99999  1.67383e-05
 46 -0.99703 -1.12775e-04 | 47  0.99992 -2.75997e-05 | 48 -1.28971 -7.60883e-05
 49  0.01928  1.59010e-03 | 50  0.01537  3.07182e-04 | 51 -0.26750  9.10228e-04
 52 -0.53446  2.56237e-02 |
52 variables; iteration 500; function evaluation 627; phase 3
Function value 3.0258751e+03; maximum gradient component mag 3.5378e-02
Var    Value     Gradient |Var    Value     Gradient |Var    Value     Gradient
  1  0.07850  1.78447e-02 |  2 -0.01778 -1.56803e-04 |  3  0.02183  1.56631e-04
  4 -0.01822 -1.22041e-04 |  5 -0.13581 -2.92922e-04 |  6 -0.02105 -7.12329e-06
  7 -0.10806 -2.47782e-04 |  8 -0.07820 -2.07080e-04 |  9 -0.00854 -9.74314e-05
 10  0.09827  2.10942e-04 | 11 -0.03004 -1.21586e-05 | 12  0.01948  2.24706e-04
 13  0.01545  1.75799e-04 | 14  0.06108  3.45285e-04 | 15  0.01582  1.02577e-04
 16 -0.05341 -6.05285e-05 | 17  0.00837 -3.66413e-05 | 18  0.08639  8.99391e-05
 19  0.12807  1.35475e-04 | 20 -0.02931 -1.71439e-04 | 21 -0.01113  9.69680e-05
 22 -0.02066  8.38609e-05 | 23 -0.05779 -5.10049e-06 | 24  0.03959  2.55011e-04
 25  0.06534  2.56150e-04 | 26  0.05159  3.36093e-04 | 27  0.01996  7.70496e-05
 28  0.04408  2.21281e-04 | 29  0.03100  4.68214e-05 | 30  0.06176  1.64583e-04
 31  0.02636 -1.71504e-05 | 32  0.10865  4.14072e-04 | 33 -0.01559  1.21679e-04
 34 -0.02618 -2.83846e-05 | 35  0.03407 -5.82187e-04 | 36 -1.68219  1.91096e-04
 37  0.22031  9.56267e-04 | 38  0.20930  1.26570e-03 | 39  0.22257  4.79056e-04
 40  0.20350  1.76455e-03 | 41 -0.17318  2.44949e-02 | 42 -0.68011 -1.22712e-02
 43  0.33098 -1.94461e-04 | 44 -0.34483 -2.14519e-05 | 45  0.99999 -3.02977e-05
 46 -0.99703  2.43294e-05 | 47  0.99992 -8.59547e-07 | 48 -1.28971  1.58199e-05
 49 -0.01247  2.77939e-03 | 50 -0.01638  3.53783e-02 | 51 -0.25326 -7.98293e-04
 52 -0.51521 -1.08411e-02 |
52 variables; iteration 520; function evaluation 653; phase 3
Function value 3.0258751e+03; maximum gradient component mag -3.2620e-02
Var    Value     Gradient |Var    Value     Gradient |Var    Value     Gradient
  1  0.07850 -1.47651e-02 |  2 -0.01778 -1.89771e-04 |  3  0.02183 -7.23950e-05
  4 -0.01822 -2.76338e-04 |  5 -0.13581  2.17991e-05 |  6 -0.02105  2.06591e-04
  7 -0.10806 -1.13799e-03 |  8 -0.07820 -8.69854e-04 |  9 -0.00854 -1.72568e-04
 10  0.09827  3.14822e-04 | 11 -0.03004 -1.01574e-03 | 12  0.01948 -7.46129e-04
 13  0.01545  1.47952e-03 | 14  0.06108  4.47893e-04 | 15  0.01582 -2.72386e-04
 16 -0.05341  2.15064e-04 | 17  0.00837 -2.88649e-04 | 18  0.08639 -1.86505e-03
 19  0.12807 -1.65455e-03 | 20 -0.02931 -5.12191e-05 | 21 -0.01113 -3.77192e-04
 22 -0.02066 -1.74497e-03 | 23 -0.05779 -5.34983e-04 | 24  0.03959 -1.56936e-03
 25  0.06534 -7.93770e-04 | 26  0.05159 -1.09244e-03 | 27  0.01996 -1.39596e-04
 28  0.04408 -5.11191e-04 | 29  0.03100 -5.49275e-04 | 30  0.06176 -1.43210e-03
 31  0.02636 -1.45068e-03 | 32  0.10865 -8.48279e-04 | 33 -0.01559 -1.71189e-03
 34 -0.02618 -1.38687e-03 | 35  0.03407  8.62498e-05 | 36 -1.68219 -3.68053e-04
 37  0.22031  6.06371e-03 | 38  0.20930 -4.28947e-03 | 39  0.22257 -3.58474e-03
 40  0.20350 -7.86819e-03 | 41 -0.14782  1.19943e-03 | 42 -0.68740 -3.15450e-02
 43  0.33098  1.10112e-03 | 44 -0.34483  6.22789e-04 | 45  0.99999 -9.89539e-05
 46 -0.99703 -6.16066e-04 | 47  0.99992 -9.49747e-05 | 48 -1.28971 -3.61684e-04
 49 -0.02936 -1.85254e-03 | 50 -0.03327  4.44185e-03 | 51 -0.24832 -6.75741e-04
 52 -0.50865 -3.26203e-02 |
52 variables; iteration 540; function evaluation 676; phase 3
Function value 3.0258750e+03; maximum gradient component mag 1.3224e-01
Var    Value     Gradient |Var    Value     Gradient |Var    Value     Gradient
  1  0.07850  5.54871e-02 |  2 -0.01778 -4.90050e-04 |  3  0.02183  3.32986e-04
  4 -0.01822 -3.74575e-04 |  5 -0.13581 -9.91942e-04 |  6 -0.02105 -2.57313e-04
  7 -0.10806 -1.08722e-03 |  8 -0.07820 -7.24859e-04 |  9 -0.00854 -5.26456e-04
 10  0.09827  1.06784e-03 | 11 -0.03004 -3.98819e-04 | 12  0.01948  6.97116e-04
 13  0.01545 -5.78841e-04 | 14  0.06108  1.57554e-03 | 15  0.01582 -1.70296e-04
 16 -0.05341 -1.83318e-03 | 17  0.00837 -9.48867e-04 | 18  0.08639  6.72289e-04
 19  0.12807  2.20410e-03 | 20 -0.02931 -1.21101e-03 | 21 -0.01113 -5.50220e-04
 22 -0.02066 -6.32319e-04 | 23 -0.05779 -1.61861e-03 | 24  0.03959  1.05651e-03
 25  0.06534  1.30200e-03 | 26  0.05159  1.25316e-03 | 27  0.01996  3.58214e-05
 28  0.04408  1.00633e-03 | 29  0.03100  1.30446e-04 | 30  0.06176  4.51317e-04
 31  0.02636 -8.52717e-04 | 32  0.10865  3.40101e-03 | 33 -0.01559 -4.28426e-04
 34 -0.02618 -1.08224e-03 | 35  0.03407  1.92457e-04 | 36 -1.68219  6.57168e-04
 37  0.22031  8.17956e-03 | 38  0.20930  3.55414e-03 | 39  0.22257  1.37242e-03
 40  0.20350  7.23803e-03 | 41 -0.09719  7.13792e-04 | 42 -0.67249  1.26026e-01
 43  0.33098  6.46905e-05 | 44 -0.34483 -2.17609e-04 | 45  0.99999 -5.59742e-06
 46 -0.99703  5.04794e-06 | 47  0.99992  1.04607e-06 | 48 -1.28971 -3.65633e-05
 49 -0.06361  8.18808e-03 | 50 -0.06754 -7.08018e-03 | 51 -0.25854  3.13612e-03
 52 -0.52230  1.32238e-01 |
52 variables; iteration 560; function evaluation 698; phase 3
Function value 3.0258750e+03; maximum gradient component mag -3.6647e-02
Var    Value     Gradient |Var    Value     Gradient |Var    Value     Gradient
  1  0.07850 -8.62908e-03 |  2 -0.01778  8.33991e-05 |  3  0.02183 -4.78523e-05
  4 -0.01822  4.00424e-05 |  5 -0.13581  1.24266e-04 |  6 -0.02105  1.14043e-05
  7 -0.10806  4.70706e-05 |  8 -0.07820  6.72900e-05 |  9 -0.00854  3.89010e-05
 10  0.09827 -7.68221e-05 | 11 -0.03004 -4.18525e-05 | 12  0.01948 -1.27842e-04
 13  0.01545 -1.90640e-04 | 14  0.06108 -4.98632e-05 | 15  0.01582 -1.22094e-04
 16 -0.05341 -2.29603e-04 | 17  0.00837 -1.30062e-04 | 18  0.08639 -4.09086e-06
 19  0.12807  1.48228e-04 | 20 -0.02931 -6.00746e-05 | 21 -0.01113 -9.59856e-05
 22 -0.02066 -2.14766e-04 | 23 -0.05779 -2.80664e-04 | 24  0.03959 -1.18865e-04
 25  0.06534 -3.19105e-05 | 26  0.05159 -1.53004e-04 | 27  0.01996 -1.09896e-04
 28  0.04408 -6.46075e-05 | 29  0.03100 -3.21845e-05 | 30  0.06176 -9.81183e-05
 31  0.02636 -2.04573e-04 | 32  0.10865  8.82810e-05 | 33 -0.01559 -1.96310e-04
 34 -0.02618 -1.40314e-04 | 35  0.03407  6.27655e-04 | 36 -1.68219 -1.67004e-04
 37  0.22031  5.16659e-04 | 38  0.20930 -3.57347e-04 | 39  0.22257 -2.84485e-04
 40  0.20350 -5.36240e-04 | 41 -0.06651 -2.61589e-02 | 42 -0.65669  3.20762e-02
 43  0.33098  1.32197e-04 | 44 -0.34483  1.94086e-05 | 45  0.99999 -4.77902e-06
 46 -0.99703 -4.10577e-05 | 47  0.99992 -6.53713e-06 | 48 -1.28971 -2.48823e-05
 49 -0.08468 -1.62554e-03 | 50 -0.08862 -3.66467e-02 | 51 -0.26994  1.43301e-03
 52 -0.53781  3.11509e-02 |
52 variables; iteration 580; function evaluation 720; phase 3
Function value 3.0258750e+03; maximum gradient component mag 9.4944e-02
Var    Value     Gradient |Var    Value     Gradient |Var    Value     Gradient
  1  0.07850  3.37090e-02 |  2 -0.01778 -2.35405e-04 |  3  0.02183  2.39279e-04
  4 -0.01822 -1.67395e-04 |  5 -0.13581 -6.02032e-04 |  6 -0.02105 -1.61695e-04
  7 -0.10806 -5.60674e-04 |  8 -0.07820 -3.39409e-04 |  9 -0.00854 -2.92176e-04
 10  0.09827  6.68591e-04 | 11 -0.03004 -1.04428e-04 | 12  0.01948  4.46768e-04
 13  0.01545 -6.51081e-04 | 14  0.06108  8.95446e-04 | 15  0.01582 -1.33495e-04
 16 -0.05341 -1.17972e-03 | 17  0.00837 -5.78076e-04 | 18  0.08639  6.18798e-04
 19  0.12807  1.51607e-03 | 20 -0.02931 -7.66462e-04 | 21 -0.01113 -3.53834e-04
 22 -0.02066 -2.41294e-04 | 23 -0.05779 -1.02151e-03 | 24  0.03959  7.72912e-04
 25  0.06534  8.56668e-04 | 26  0.05159  8.65201e-04 | 27  0.01996  6.75206e-06
 28  0.04408  6.47738e-04 | 29  0.03100  1.06059e-04 | 30  0.06176  4.09468e-04
 31  0.02636 -4.46048e-04 | 32  0.10865  2.18465e-03 | 33 -0.01559 -1.48889e-04
 34 -0.02618 -5.31398e-04 | 35  0.03407  2.80455e-04 | 36 -1.68219  4.06700e-04
 37  0.22031  4.65925e-03 | 38  0.20930  2.75315e-03 | 39  0.22257  1.11818e-03
 40  0.20350  5.21520e-03 | 41 -0.06820 -6.42104e-03 | 42 -0.64757  9.49442e-02
 43  0.33098 -1.74763e-06 | 44 -0.34483 -2.20451e-04 | 45  0.99999  2.39574e-06
 46 -0.99703  5.52878e-05 | 47  0.99992  8.17343e-06 | 48 -1.28971  3.59421e-06
 49 -0.08351  5.21618e-03 | 50 -0.08745 -1.48757e-02 | 51 -0.27678  1.81381e-03
 52 -0.54725  8.86157e-02 |
52 variables; iteration 600; function evaluation 741; phase 3
Function value 3.0258750e+03; maximum gradient component mag -5.5121e-03
Var    Value     Gradient |Var    Value     Gradient |Var    Value     Gradient
  1  0.07850 -5.51212e-03 |  2 -0.01778 -6.21001e-05 |  3  0.02183 -5.09367e-05
  4 -0.01822 -7.37378e-05 |  5 -0.13581  2.93726e-05 |  6 -0.02105  6.10055e-05
  7 -0.10806 -3.14397e-04 |  8 -0.07820 -2.39380e-04 |  9 -0.00854 -4.75330e-05
 10  0.09827  4.74097e-05 | 11 -0.03004 -3.16771e-04 | 12  0.01948 -2.22747e-04
 13  0.01545  4.06892e-04 | 14  0.06108  1.37138e-04 | 15  0.01582 -8.02627e-05
 16 -0.05341  2.07709e-05 | 17  0.00837 -1.10309e-04 | 18  0.08639 -5.33466e-04
 19  0.12807 -4.20547e-04 | 20 -0.02931 -2.33970e-05 | 21 -0.01113 -1.35232e-04
 22 -0.02066 -5.29173e-04 | 23 -0.05779 -1.89716e-04 | 24  0.03959 -4.63635e-04
 25  0.06534 -2.47303e-04 | 26  0.05159 -3.52466e-04 | 27  0.01996 -6.06455e-05
 28  0.04408 -1.65620e-04 | 29  0.03100 -1.51606e-04 | 30  0.06176 -4.37551e-04
 31  0.02636 -4.29987e-04 | 32  0.10865 -2.21199e-04 | 33 -0.01559 -4.98979e-04
 34 -0.02618 -4.25890e-04 | 35  0.03407  1.04555e-04 | 36 -1.68219 -1.12983e-04
 37  0.22031  1.71802e-03 | 38  0.20930 -1.42056e-03 | 39  0.22257 -1.02256e-03
 40  0.20350 -2.39968e-03 | 41 -0.09115 -3.13982e-03 | 42 -0.64228 -4.57759e-03
 43  0.33098  3.43688e-04 | 44 -0.34483  2.07926e-04 | 45  0.99999 -2.30137e-05
 46 -0.99703 -1.85854e-04 | 47  0.99992 -2.64030e-05 | 48 -1.28971 -1.11070e-04
 49 -0.06774 -7.94755e-04 | 50 -0.07167 -3.81993e-03 | 51 -0.28084  1.00662e-04
 52 -0.55291 -4.46355e-03 |
52 variables; iteration 620; function evaluation 761; phase 3
Function value 3.0258750e+03; maximum gradient component mag -2.5626e-04
Var    Value     Gradient |Var    Value     Gradient |Var    Value     Gradient
  1  0.07850 -2.02384e-04 |  2 -0.01778  3.60649e-08 |  3  0.02183 -1.10950e-06
  4 -0.01822 -1.03744e-06 |  5 -0.13581  1.94026e-06 |  6 -0.02105  1.47184e-06
  7 -0.10806 -5.40845e-06 |  8 -0.07820 -4.02090e-06 |  9 -0.00854 -3.96325e-07
 10  0.09827  3.13192e-07 | 11 -0.03004 -6.28368e-06 | 12  0.01948 -6.05339e-06
 13  0.01545  7.90807e-06 | 14  0.06108  9.29744e-07 | 15  0.01582 -2.35329e-06
 16 -0.05341  8.42078e-07 | 17  0.00837 -1.92629e-06 | 18  0.08639 -1.16703e-05
 19  0.12807 -1.00486e-05 | 20 -0.02931  4.03938e-07 | 21 -0.01113 -2.59521e-06
 22 -0.02066 -1.17866e-05 | 23 -0.05779 -3.93852e-06 | 24  0.03959 -1.12331e-05
 25  0.06534 -5.93022e-06 | 26  0.05159 -8.91372e-06 | 27  0.01996 -1.62842e-06
 28  0.04408 -4.32976e-06 | 29  0.03100 -3.66059e-06 | 30  0.06176 -9.75392e-06
 31  0.02636 -9.38050e-06 | 32  0.10865 -6.98545e-06 | 33 -0.01559 -1.14442e-05
 34 -0.02618 -8.61455e-06 | 35  0.03407  5.55159e-06 | 36 -1.68219 -4.02955e-06
 37  0.22031  3.28366e-05 | 38  0.20930 -3.25431e-05 | 39  0.22257 -2.48756e-05
 40  0.20350 -5.73597e-05 | 41 -0.09315 -1.96787e-04 | 42 -0.64545 -4.64434e-05
 43  0.33098  7.38784e-06 | 44 -0.34483  4.11235e-06 | 45  0.99999 -4.27578e-07
 46 -0.99703 -3.94606e-06 | 47  0.99992 -6.05623e-07 | 48 -1.28971 -2.26648e-06
 49 -0.06637 -3.16007e-05 | 50 -0.07030 -2.56262e-04 | 51 -0.27840  6.33599e-06
 52 -0.54951 -4.72785e-05 |
Warning: the following parameters had issues
  selparm[5] is within 0.1% of upper bound: -1.00000e+00 < 1.50000e+01 < 1.50000e+01
  selparm[6] is within 0.1% of lower bound: -1.00000e+00 < -9.99886e-01 < 2.00000e+01
  selparm[7] is within 0.1% of upper bound: -3.00000e+00 < 1.50000e+01 < 1.50000e+01


 - final statistics:
52 variables; iteration 623; function evaluation 764
Function value 3.0259e+03; maximum gradient component mag -9.7951e-05
Exit code = 1;  converg criter 1.0000e-04
Var    Value     Gradient |Var    Value     Gradient |Var    Value     Gradient
  1  0.07850 -4.54714e-05 |  2 -0.01778  1.00213e-06 |  3  0.02183 -3.20352e-07
  4 -0.01822  9.72695e-07 |  5 -0.13581  1.23405e-06 |  6 -0.02105 -1.32933e-07
  7 -0.10806  3.40458e-06 |  8 -0.07820  2.57728e-06 |  9 -0.00854  9.79382e-07
 10  0.09827 -1.88064e-06 | 11 -0.03004  2.30916e-06 | 12  0.01948  5.39544e-07
 13  0.01545 -2.79347e-06 | 14  0.06108 -2.48945e-06 | 15  0.01582  3.71378e-07
 16 -0.05341  6.95059e-07 | 17  0.00837  1.10237e-06 | 18  0.08639  3.02699e-06
 19  0.12807  1.49153e-06 | 20 -0.02931  1.03168e-06 | 21 -0.01113  1.10615e-06
 22 -0.02066  3.52457e-06 | 23 -0.05779  1.80808e-06 | 24  0.03959  1.85968e-06
 25  0.06534  2.81543e-07 | 26  0.05159  6.32205e-07 | 27  0.01996 -7.08916e-08
 28  0.04408 -8.59583e-08 | 29  0.03100  9.18354e-07 | 30  0.06176  2.20589e-06
 31  0.02636  3.10014e-06 | 32  0.10865 -1.31075e-06 | 33 -0.01559  3.29424e-06
 34 -0.02618  3.41994e-06 | 35  0.03407  1.22136e-06 | 36 -1.68219 -3.72785e-07
 37  0.22031 -1.83377e-05 | 38  0.20930  4.53566e-06 | 39  0.22257  5.11313e-06
 40  0.20350  7.56257e-06 | 41 -0.09317 -7.29095e-05 | 42 -0.64544  2.60057e-05
 43  0.33098 -1.92315e-06 | 44 -0.34483 -9.93496e-07 | 45  0.99999  1.22752e-07
 46 -0.99703  1.10923e-06 | 47  0.99992  1.71229e-07 | 48 -1.28971  6.93043e-07
 49 -0.06636 -8.64371e-06 | 50 -0.07029 -9.79511e-05 | 51 -0.27841  2.37038e-06
 52 -0.54952  2.26197e-05 |
Estimating row 1 out of 52 for hessian
Estimating row 2 out of 52 for hessian
Estimating row 3 out of 52 for hessian
Estimating row 4 out of 52 for hessian
Estimating row 5 out of 52 for hessian
Estimating row 6 out of 52 for hessian
Estimating row 7 out of 52 for hessian
Estimating row 8 out of 52 for hessian
Estimating row 9 out of 52 for hessian
Estimating row 10 out of 52 for hessian
Estimating row 11 out of 52 for hessian
Estimating row 12 out of 52 for hessian
Estimating row 13 out of 52 for hessian
Estimating row 14 out of 52 for hessian
Estimating row 15 out of 52 for hessian
Estimating row 16 out of 52 for hessian
Estimating row 17 out of 52 for hessian
Estimating row 18 out of 52 for hessian
Estimating row 19 out of 52 for hessian
Estimating row 20 out of 52 for hessian
Estimating row 21 out of 52 for hessian
Estimating row 22 out of 52 for hessian
Estimating row 23 out of 52 for hessian
Estimating row 24 out of 52 for hessian
Estimating row 25 out of 52 for hessian
Estimating row 26 out of 52 for hessian
Estimating row 27 out of 52 for hessian
Estimating row 28 out of 52 for hessian
Estimating row 29 out of 52 for hessian
Estimating row 30 out of 52 for hessian
Estimating row 31 out of 52 for hessian
Estimating row 32 out of 52 for hessian
Estimating row 33 out of 52 for hessian
Estimating row 34 out of 52 for hessian
Estimating row 35 out of 52 for hessian
Estimating row 36 out of 52 for hessian
Estimating row 37 out of 52 for hessian
Estimating row 38 out of 52 for hessian
Estimating row 39 out of 52 for hessian
Estimating row 40 out of 52 for hessian
Estimating row 41 out of 52 for hessian
Estimating row 42 out of 52 for hessian
Estimating row 43 out of 52 for hessian
Estimating row 44 out of 52 for hessian
Estimating row 45 out of 52 for hessian
Estimating row 46 out of 52 for hessian
Estimating row 47 out of 52 for hessian
Estimating row 48 out of 52 for hessian
Estimating row 49 out of 52 for hessian
Estimating row 50 out of 52 for hessian
Estimating row 51 out of 52 for hessian
Estimating row 52 out of 52 for hessian
size of file gradfil1.tmp = 0
size of file gradfil2.tmp = 0
size of file varssave.tmp = 0
size of file cmpdiff.tmp = 0
