
Initial statistics: 36 variables; iteration 0; function evaluation 0; phase 1
Function value 1.2827285e+04; maximum gradient component mag 6.9296e+04
Var    Value     Gradient |Var    Value     Gradient |Var    Value     Gradient
  1  0.07430  6.92960e+04 |  2  0.03813 -9.19228e+02 |  3  0.06152 -9.73664e+02
  4 -0.02368 -1.07552e+03 |  5 -0.10548 -9.47839e+02 |  6 -0.02819 -1.06680e+03
  7 -0.10312 -9.72424e+02 |  8 -0.04482 -9.41569e+02 |  9 -0.01667 -1.01513e+03
 10  0.15055 -6.60553e+02 | 11 -0.06855 -5.91843e+02 | 12 -0.03387 -1.04230e+03
 13  0.00783 -2.73024e+02 | 14  0.08073  4.40746e+02 | 15 -0.01320 -1.70237e+01
 16 -0.11192 -7.25542e+02 | 17 -0.01293  1.03287e+02 | 18  0.06419  6.92204e+02
 19  0.02706 -1.58197e+01 | 20 -0.00833  2.69316e+02 | 21 -0.19764 -6.62079e+02
 22 -0.04781  1.80250e+02 | 23  0.01801 -2.49287e+02 | 24  0.04385 -1.16598e+02
 25 -0.02323  3.54118e+02 | 26  0.02041  1.26193e+03 | 27  0.08115  2.48173e+03
 28 -0.00009  6.32480e+02 | 29  0.01238  8.04460e+02 | 30  0.03783  1.23593e+03
 31  0.02424  9.65492e+02 | 32  0.03477  7.66217e+02 | 33  0.03280  9.80913e+02
 34  0.03449  9.75298e+02 | 35  0.05574  7.31877e+02 | 36  0.01122 -5.42904e+02

Intermediate statistics: 36 variables; iteration 20; function evaluation 29; phase 1
Function value 9.0754603e+03; maximum gradient component mag 4.0880e+03
Var    Value     Gradient |Var    Value     Gradient |Var    Value     Gradient
  1  0.00410  4.08804e+03 |  2  0.09762 -7.57660e+01 |  3  0.19867 -1.01526e+02
  4  0.17905 -4.36755e+00 |  5  0.05411 -9.28249e+00 |  6  0.17644 -4.17452e+01
  7  0.09147  5.18085e+00 |  8  0.09159 -1.69164e+01 |  9  0.13437 -8.45536e+00
 10  0.15793 -7.86042e+01 | 11 -0.21588 -5.95814e+01 | 12  0.18330  9.50341e+01
 13 -0.09142 -7.01868e+01 | 14  0.13917  1.26815e+02 | 15 -0.00441  1.06626e+02
 16  0.01872  9.87082e+01 | 17  0.01861 -7.49790e+01 | 18 -0.06212  1.47697e+01
 19  0.08289  2.50161e+02 | 20 -0.15271 -3.71813e+01 | 21  0.01077  3.86613e+02
 22 -0.19187 -3.57656e+01 | 23  0.04608 -2.24460e+00 | 24  0.14743  7.34147e+01
 25 -0.34259 -1.91645e+02 | 26  0.10300 -2.09686e+02 | 27 -0.94838 -3.11446e+01
 28  0.05851 -3.42347e+02 | 29 -0.02686  6.14958e+01 | 30 -0.01576  1.86011e+02
 31 -0.06804 -3.00923e+01 | 32  0.07960 -1.76137e+01 | 33  0.03524  8.90594e+01
 34  0.02428  1.99213e+02 | 35  0.00173  2.89041e+02 | 36 -0.34678 -5.60557e+01
36 variables; iteration 40; function evaluation 57; phase 1
Function value 8.9996167e+03; maximum gradient component mag -4.3743e+03
Var    Value     Gradient |Var    Value     Gradient |Var    Value     Gradient
  1 -0.00061 -4.37427e+03 |  2  0.11941  8.85688e+01 |  3  0.22487  1.42151e+02
  4  0.15182  1.35659e+02 |  5 -0.04247  3.83970e+01 |  6  0.10876  6.66519e+01
  7 -0.01183  6.74113e+01 |  8  0.03089  1.01169e+02 |  9  0.05908  3.08202e+01
 10  0.21688  1.88977e+02 | 11 -0.17178  8.65098e+01 | 12  0.16724  5.51331e+01
 13 -0.02116  1.42128e+02 | 14  0.15498  9.47529e+01 | 15 -0.03103  6.83961e+01
 16 -0.00089  3.01645e+01 | 17  0.06122  1.52033e+02 | 18 -0.12877  2.69039e+00
 19  0.09290  6.85657e+01 | 20 -0.14883 -9.37851e+00 | 21 -0.00359  2.78084e+01
 22 -0.19183  2.36676e+01 | 23  0.05377  4.27845e+01 | 24  0.14247  5.60526e+01
 25 -0.11289  1.13959e+02 | 26  0.10626  2.74049e+01 | 27 -0.57192 -2.07530e+02
 28  0.07389 -1.84988e+02 | 29 -0.04675 -1.48681e+02 | 30 -0.04188 -1.60279e+02
 31 -0.06820 -9.62013e+01 | 32  0.08930 -1.21955e+02 | 33  0.02241 -1.26365e+02
 34  0.01468 -1.71553e+02 | 35 -0.01236 -2.25155e+02 | 36 -0.35658  5.46939e+01
36 variables; iteration 60; function evaluation 81; phase 1
Function value 8.7763967e+03; maximum gradient component mag 2.5218e+01
Var    Value     Gradient |Var    Value     Gradient |Var    Value     Gradient
  1  0.00622  2.52178e+01 |  2  0.09518 -9.04634e-01 |  3  0.17553 -6.99732e-01
  4  0.09955  1.55210e-02 |  5 -0.04523 -1.04649e-01 |  6  0.09787  6.98182e-02
  7 -0.01866 -1.41519e-01 |  8  0.01066  1.75762e-01 |  9  0.09220  1.69025e-01
 10  0.17855  1.36862e+00 | 11 -0.20290  3.44627e-01 | 12  0.14138  2.77588e-01
 13 -0.08192 -1.14501e-01 | 14  0.14746 -9.07091e-01 | 15 -0.05384  1.79889e-01
 16  0.00038 -1.83048e-01 | 17  0.03022  8.88011e-01 | 18 -0.08989  5.12880e-01
 19  0.06686  2.11268e+00 | 20 -0.11702 -2.82053e-01 | 21 -0.02325  2.94200e-01
 22 -0.18335 -2.59903e-01 | 23  0.04003  6.66636e-01 | 24  0.13210  4.77711e+00
 25 -0.14333  2.39593e-01 | 26  0.03580 -2.82438e-01 | 27 -0.02805 -1.08887e-01
 28  0.03134 -9.92342e-01 | 29 -0.03001 -1.28431e-01 | 30 -0.04302 -4.85321e-01
 31 -0.06728 -4.38968e-01 | 32  0.07657 -8.13821e-02 | 33  0.02372 -2.04363e-01
 34  0.00478  6.52258e-01 | 35 -0.01716  8.64266e-01 | 36 -0.35145 -1.12507e-01

 - final statistics:
36 variables; iteration 61; function evaluation 82
Function value 8.7764e+03; maximum gradient component mag 4.5551e+00
Exit code = 1;  converg criter 1.0000e+01
Var    Value     Gradient |Var    Value     Gradient |Var    Value     Gradient
  1  0.00621  4.55515e+00 |  2  0.09538 -4.79316e-01 |  3  0.17556 -3.24393e-01
  4  0.09953  1.64096e-01 |  5 -0.04532 -3.01190e-02 |  6  0.09774  6.42124e-02
  7 -0.01873  3.95213e-02 |  8  0.01048  8.37518e-02 |  9  0.09222 -4.33946e-02
 10  0.17847 -9.27357e-02 | 11 -0.20319  1.72377e-01 | 12  0.14140  1.10705e-02
 13 -0.08185  9.56933e-02 | 14  0.14751 -3.33062e-01 | 15 -0.05391  3.61278e-01
 16  0.00048  3.13788e-01 | 17  0.03021  6.42713e-01 | 18 -0.08991  2.77426e-01
 19  0.06678  4.76031e-01 | 20 -0.11674  5.03611e-02 | 21 -0.02330 -1.22116e-01
 22 -0.18326 -2.44828e-02 | 23  0.04005  2.37930e-01 | 24  0.13196  1.42126e+00
 25 -0.14327  1.65201e-01 | 26  0.03590 -2.91417e-01 | 27 -0.02816 -8.83014e-01
 28  0.03139 -6.86587e-01 | 29 -0.02999  2.46564e-01 | 30 -0.04296  1.10614e-01
 31 -0.06723  1.25670e-02 | 32  0.07657  4.26622e-02 | 33  0.02380  2.04511e-01
 34  0.00474  5.14360e-01 | 35 -0.01713  8.03203e-01 | 36 -0.35154 -4.59878e-02

Initial statistics: 46 variables; iteration 0; function evaluation 0; phase 2
Function value 8.7763956e+03; maximum gradient component mag 2.8214e+04
Var    Value     Gradient |Var    Value     Gradient |Var    Value     Gradient
  1  0.00621  4.55515e+00 |  2  0.09537 -5.68878e-01 |  3  0.17556 -4.11548e-01
  4  0.09952  7.46240e-02 |  5 -0.04532 -1.20466e-01 |  6  0.09774 -2.52988e-02
  7 -0.01874 -5.10162e-02 |  8  0.01048 -6.81258e-03 |  9  0.09222 -1.33023e-01
 10  0.17847 -1.79777e-01 | 11 -0.20319  8.63751e-02 | 12  0.14140 -7.72812e-02
 13 -0.08186  5.86430e-03 | 14  0.14751 -4.21219e-01 | 15 -0.05391  2.71026e-01
 16  0.00047  2.23211e-01 | 17  0.03021  5.52238e-01 | 18 -0.08992  1.87751e-01
 19  0.06678  3.85952e-01 | 20 -0.11675 -3.86969e-02 | 21 -0.02330 -2.12632e-01
 22 -0.18326 -1.11332e-01 | 23  0.04005  1.47533e-01 | 24  0.13196  1.33262e+00
 25 -0.14327  7.69082e-02 | 26  0.03589 -3.81850e-01 | 27 -0.02816 -9.73502e-01
 28  0.03139 -7.77054e-01 | 29 -0.02999  1.56088e-01 | 30 -0.04297  2.02439e-02
 31 -0.06723 -7.75050e-02 | 32  0.07657 -4.72601e-02 | 33  0.02380  1.13997e-01
 34  0.00474  4.23786e-01 | 35 -0.01713  7.12660e-01 | 36 -0.35154 -1.23102e-01
 37  0.39024  2.82135e+04 | 38  0.47742  2.30872e+04 | 39  0.29750  2.50446e+02
 40  0.31882  8.21923e+03 | 41 -0.04075 -1.30401e+02 | 42 -0.27301  2.38710e+03
 43 -0.05656 -9.90532e+01 | 44 -0.02199 -9.05646e+01 | 45 -0.20001  7.78164e+01
 46 -0.85749  4.25762e+02 |

Intermediate statistics: 46 variables; iteration 20; function evaluation 31; phase 2
Function value 3.9528316e+03; maximum gradient component mag 2.0535e+04
Var    Value     Gradient |Var    Value     Gradient |Var    Value     Gradient
  1  0.09693  2.05354e+04 |  2 -0.03569 -3.02231e+02 |  3  0.01654 -2.92607e+02
  4 -0.00949 -2.78393e+02 |  5 -0.13521 -2.86403e+02 |  6  0.02951 -2.68266e+02
  7 -0.04014 -2.62943e+02 |  8  0.02051 -2.50643e+02 |  9  0.13972 -1.86870e+02
 10  0.27018  5.39795e+01 | 11 -0.02516 -1.38893e+02 | 12  0.10720 -1.48329e+02
 13  0.00551 -5.96544e+01 | 14  0.06210  2.28316e+02 | 15 -0.05289 -1.03664e+02
 16 -0.06285 -1.83019e+02 | 17 -0.02651  7.60954e+01 | 18  0.04504  6.96290e+01
 19  0.12627  2.25915e+02 | 20 -0.00622  2.92436e+01 | 21 -0.01167  1.07502e+02
 22 -0.07935 -1.28153e+00 | 23 -0.04609 -1.73407e+02 | 24  0.05702  1.04840e+02
 25 -0.06135 -7.32925e+00 | 26 -0.00191  4.21465e+02 | 27 -0.03387  1.57609e+02
 28  0.02117  4.29426e+02 | 29 -0.02157  1.53870e+02 | 30 -0.00644  2.03912e+02
 31 -0.00882  1.82183e+02 | 32  0.05917  5.57847e+02 | 33 -0.04183  3.29592e+02
 34 -0.06750  3.31960e+02 | 35 -0.01390  2.97519e+02 | 36 -0.13958 -1.68531e+02
 37  0.29640  2.01331e+04 | 38  0.24275  5.33368e+03 | 39  0.25060  1.55099e+03
 40  0.24786  8.47509e+03 | 41 -0.07129  8.88422e+02 | 42 -0.43083 -4.35283e+01
 43 -0.12985  4.76116e+01 | 44 -0.04934  1.24802e+03 | 45 -0.64453 -1.04753e+02
 46 -0.93573  1.56085e+01 |
46 variables; iteration 40; function evaluation 58; phase 2
Function value 3.1490318e+03; maximum gradient component mag 4.0685e+03
Var    Value     Gradient |Var    Value     Gradient |Var    Value     Gradient
  1  0.11377  3.54191e+03 |  2 -0.09508 -1.81209e+02 |  3  0.08202  2.96108e+01
  4  0.04883 -1.97143e+01 |  5 -0.09088 -7.77061e+01 |  6  0.07481 -2.16775e+01
  7  0.01957  2.78596e+01 |  8  0.04590  6.87588e+01 |  9 -0.04396 -1.93226e+02
 10  0.14313 -3.28425e+01 | 11 -0.12345 -1.17579e+02 | 12  0.11189  1.37809e+02
 13 -0.00495 -2.77249e+01 | 14 -0.00658 -1.01229e+02 | 15  0.00588  1.18625e+02
 16 -0.04586 -1.91614e+01 | 17 -0.02750 -2.09259e+00 | 18  0.10084  1.56748e+02
 19  0.05381 -2.27932e+02 | 20  0.03238  1.39113e+02 | 21  0.00071  9.11145e+01
 22 -0.05401  5.95810e+01 | 23 -0.05465 -6.15498e+01 | 24  0.09688  1.96701e+02
 25 -0.07830 -1.63473e+02 | 26  0.01736  7.95472e+01 | 27  0.02183  1.07391e+02
 28  0.03690  9.65374e+01 | 29 -0.05987 -2.10981e+02 | 30  0.11241  4.51644e+02
 31 -0.00533 -1.29124e+02 | 32  0.06030  2.23452e+01 | 33 -0.08513 -5.61550e+01
 34 -0.09026  5.31271e+01 | 35 -0.04962 -1.26582e+02 | 36 -0.14691  3.74591e+01
 37  0.24061  4.06847e+03 | 38  0.20191  9.04230e+02 | 39  0.21760  4.51867e+02
 40  0.20394  1.48671e+03 | 41 -0.41427  2.95176e+01 | 42 -0.44435  6.02072e+02
 43  0.12263  2.09884e+02 | 44  0.13254 -1.56418e+02 | 45 -0.55911 -1.04663e+02
 46 -1.07114 -8.50212e+01 |

 - final statistics:
46 variables; iteration 54; function evaluation 82
Function value 3.0047e+03; maximum gradient component mag 7.6874e+00
Exit code = 1;  converg criter 1.0000e+01
Var    Value     Gradient |Var    Value     Gradient |Var    Value     Gradient
  1  0.10891  4.40161e+00 |  2 -0.01800  4.11195e-01 |  3  0.02666  2.74407e+00
  4 -0.00555  1.99534e+00 |  5 -0.12676 -6.42879e+00 |  6 -0.00426  5.28581e-01
  7 -0.08800  1.37702e+00 |  8 -0.06198 -1.55653e+00 |  9  0.01065 -2.32140e+00
 10  0.13934  1.65971e+00 | 11 -0.04699  6.29170e-01 | 12  0.04739 -1.76310e+00
 13 -0.00390  9.29853e-01 | 14  0.02902 -6.43703e-01 | 15 -0.02016 -1.00882e+00
 16 -0.04871 -1.28441e+00 | 17 -0.01147  1.17303e+00 | 18  0.07171 -1.00596e+00
 19  0.13450 -6.91266e-01 | 20  0.00939  1.82114e-01 | 21 -0.00999  2.23146e+00
 22 -0.06623 -4.57783e-01 | 23 -0.04307  1.44030e-01 | 24  0.04486  2.80037e+00
 25  0.01102  1.64565e+00 | 26  0.02782 -2.04077e+00 | 27  0.03185 -8.41352e-01
 28  0.05327 -1.12640e+00 | 29  0.02974  1.23255e-01 | 30  0.05547  2.50248e+00
 31  0.05922  2.58176e-02 | 32  0.09106 -1.84215e-01 | 33 -0.03999  1.29979e+00
 34 -0.08696 -2.26518e-01 | 35  0.00211  7.76816e-01 | 36 -0.19487  5.98430e-01
 37  0.22718  7.68744e+00 | 38  0.19628 -5.33139e+00 | 39  0.20800  3.11229e-02
 40  0.19492 -1.19451e+00 | 41 -0.44535  6.37377e-01 | 42 -0.47040  6.99267e+00
 43  0.12957  3.49733e+00 | 44  0.13981 -2.29643e+00 | 45 -0.45466 -1.29751e+00
 46 -1.05230 -6.94232e-01 |

Initial statistics: 52 variables; iteration 0; function evaluation 0; phase 3
Function value 3.0047161e+03; maximum gradient component mag -2.0550e+03
Var    Value     Gradient |Var    Value     Gradient |Var    Value     Gradient
  1  0.10891  4.40161e+00 |  2 -0.01800  3.50585e-01 |  3  0.02666  2.68349e+00
  4 -0.00555  1.93471e+00 |  5 -0.12677 -6.48823e+00 |  6 -0.00426  4.67949e-01
  7 -0.08800  1.31696e+00 |  8 -0.06198 -1.61687e+00 |  9  0.01065 -2.38202e+00
 10  0.13934  1.60052e+00 | 11 -0.04700  5.68701e-01 | 12  0.04738 -1.82357e+00
 13 -0.00390  8.69221e-01 | 14  0.02902 -7.04274e-01 | 15 -0.02016 -1.06942e+00
 16 -0.04871 -1.34486e+00 | 17 -0.01147  1.11241e+00 | 18  0.07171 -1.06621e+00
 19  0.13450 -7.50552e-01 | 20  0.00939  1.21487e-01 | 21 -0.00999  2.17083e+00
 22 -0.06623 -5.18089e-01 | 23 -0.04307  8.35355e-02 | 24  0.04485  2.73989e+00
 25  0.01102  1.58503e+00 | 26  0.02782 -2.10135e+00 | 27  0.03184 -9.01909e-01
 28  0.05327 -1.18682e+00 | 29  0.02974  6.26873e-02 | 30  0.05547  2.44208e+00
 31  0.05922 -3.45538e-02 | 32  0.09106 -2.44229e-01 | 33 -0.03999  1.23927e+00
 34 -0.08696 -2.86587e-01 | 35  0.00211  7.16183e-01 | 36 -0.19487  5.40615e-01
 37  0.22718  7.68744e+00 | 38  0.19628 -5.33139e+00 | 39  0.20800  3.11229e-02
 40  0.19492 -1.19451e+00 | 41 -0.44535  6.37377e-01 | 42 -0.47040  6.99267e+00
 43  0.39586 -2.05502e+03 | 44 -0.80278  8.44789e+02 | 45  0.02196 -1.05591e+03
 46 -0.33712  4.41978e+02 | 47  0.22690 -2.45267e+02 | 48 -0.29934  3.64887e+02
 49  0.12957  3.49733e+00 | 50  0.13981 -2.29643e+00 | 51 -0.45466 -1.29751e+00
 52 -0.94770  6.94232e-01 |

Intermediate statistics: 52 variables; iteration 20; function evaluation 34; phase 3
Function value 2.3614818e+03; maximum gradient component mag -7.2216e+03
Var    Value     Gradient |Var    Value     Gradient |Var    Value     Gradient
  1  0.05734 -6.01465e+03 |  2 -0.01411  7.54252e+01 |  3  0.03227  6.44283e+01
  4 -0.00690  9.50164e+01 |  5 -0.12226  9.90593e+01 |  6 -0.00398  9.40122e+01
  7 -0.08948  1.00852e+02 |  8 -0.05941  8.92118e+01 |  9  0.01361  7.62203e+01
 10  0.12877  6.43507e+00 | 11 -0.05477  3.44459e+01 | 12  0.04080  5.28755e+01
 13 -0.00236 -1.94268e+01 | 14  0.04884 -7.10483e+01 | 15 -0.03590  2.85309e+00
 16 -0.04407  4.36794e+01 | 17 -0.02363 -2.77284e+01 | 18  0.05361 -2.51854e+00
 19  0.08079 -5.11302e+01 | 20  0.00456  1.20258e+01 | 21 -0.10234 -6.24612e+00
 22 -0.04809  2.28204e+01 | 23  0.02954  4.44111e+01 | 24  0.00373 -2.03378e+01
 25 -0.05430 -8.74559e+01 | 26  0.03518 -1.78084e+02 | 27  0.03409 -5.76942e+01
 28  0.02774 -3.08440e+01 | 29  0.02050  2.28572e+01 | 30  0.02730  1.30170e+01
 31  0.06228 -2.15060e+01 | 32  0.09457 -1.01918e+02 | 33 -0.00477 -3.11225e+01
 34 -0.08550 -4.84513e+01 | 35  0.00652 -6.06057e+01 | 36  0.01342  9.67303e+01
 37  0.21927 -7.22157e+03 | 38  0.24382 -8.89724e+02 | 39  0.22877 -8.41861e+02
 40  0.23317 -7.50144e+02 | 41 -0.42397 -9.60803e+01 | 42 -0.46654 -9.38779e+01
 43  0.74811 -4.16025e+02 | 44 -0.63434  1.88429e+02 | 45  0.35341  2.08178e+02
 46 -0.46764 -1.91232e+02 | 47  0.22388  4.37096e+02 | 48 -0.48059 -3.07801e+02
 49  0.14276 -6.87564e+01 | 50  0.15147 -1.04184e+02 | 51 -0.46002  1.58653e+01
 52 -0.94508 -1.01495e+01 |
52 variables; iteration 40; function evaluation 61; phase 3
Function value 2.2743010e+03; maximum gradient component mag -1.3808e+03
Var    Value     Gradient |Var    Value     Gradient |Var    Value     Gradient
  1  0.05510 -1.37203e+03 |  2  0.00068  3.90603e+01 |  3  0.03263  2.23129e+01
  4 -0.01784  1.94965e+01 |  5 -0.14526  6.88884e+00 |  6 -0.02491  6.15201e-03
  7 -0.09751  4.54436e+01 |  8 -0.07946  1.89318e+00 |  9  0.01015  1.30573e+01
 10  0.12823 -1.92604e+00 | 11 -0.02084  4.99220e+01 | 12  0.04967  3.23269e+01
 13  0.01173  4.87655e+00 | 14  0.05239 -3.63726e+00 | 15 -0.02457  8.58398e+00
 16 -0.05469 -4.87109e-01 | 17 -0.03302 -2.72733e+01 | 18  0.03781 -3.29437e+01
 19  0.07807 -2.36205e+01 | 20 -0.00303  3.53186e+00 | 21 -0.08710  1.89091e+01
 22 -0.06161 -5.71847e+00 | 23  0.03016  1.65181e+01 | 24  0.01790  5.57487e-01
 25 -0.03115  2.09134e+00 | 26  0.03780 -3.42907e+01 | 27  0.03223 -3.04265e+01
 28  0.03081  2.70917e-01 | 29  0.00774 -8.35817e+00 | 30  0.02321 -1.63730e+01
 31  0.05953 -1.37379e+01 | 32  0.09468 -4.80193e+01 | 33 -0.00313 -1.95081e+01
 34 -0.06402 -1.35756e+01 | 35  0.00928 -1.64013e+01 | 36  0.00327  2.98176e+01
 37  0.23567 -1.38081e+03 | 38  0.24585 -1.49871e+02 | 39  0.24412 -1.29391e+02
 40  0.23324 -8.06836e+02 | 41 -0.36188 -1.23833e+02 | 42 -0.47098  2.48161e+02
 43  0.75638 -2.72053e+02 | 44 -0.64348  1.48259e+02 | 45  0.29880  4.87514e+01
 46 -0.48138 -7.00620e+01 | 47  0.21655  2.83203e+01 | 48 -0.47806  1.36796e+01
 49  0.13595  5.81064e+00 | 50  0.11918 -2.15835e+02 | 51 -0.42941  9.01488e+00
 52 -0.85615  5.47524e+01 |
52 variables; iteration 60; function evaluation 98; phase 3
Function value 2.2340136e+03; maximum gradient component mag 8.4916e+02
Var    Value     Gradient |Var    Value     Gradient |Var    Value     Gradient
  1  0.04756  2.78725e+02 |  2 -0.00463 -9.53458e+00 |  3  0.04662  3.20005e+00
  4 -0.00121  2.03570e+01 |  5 -0.14277 -2.39776e+01 |  6 -0.00356  2.23552e+01
  7 -0.10692 -1.72030e+01 |  8 -0.06466 -8.93733e+00 |  9  0.02041 -1.25116e+00
 10  0.13411  7.76365e+00 | 11 -0.03723  1.60334e+00 | 12  0.03065 -2.68981e+01
 13  0.02940  2.49246e+01 | 14  0.06580 -1.69944e+00 | 15 -0.01380 -1.65289e+01
 16 -0.07505 -4.29662e+01 | 17 -0.02535 -1.33570e+01 | 18  0.04709 -2.17160e+00
 19  0.07660 -2.40966e+01 | 20  0.00824  2.51768e+01 | 21 -0.10621 -1.57168e+01
 22 -0.06974 -3.03125e+01 | 23  0.02404 -3.45883e+01 | 24  0.03746  2.41069e+01
 25 -0.04821 -1.98548e+01 | 26  0.04061  4.88705e+01 | 27  0.03324  3.28731e+01
 28  0.02391  1.37440e+01 | 29 -0.00265 -7.63939e+00 | 30  0.01531  3.14043e+01
 31  0.04965  2.56268e+01 | 32  0.08885  3.27449e+01 | 33 -0.00142  1.23530e+01
 34 -0.05069  1.14772e+01 | 35  0.00675 -6.38248e+00 | 36 -0.02460 -2.31050e-01
 37  0.24094 -4.98518e+02 | 38  0.24603 -9.69226e+01 | 39  0.25723  1.91008e+02
 40  0.25044  8.49164e+02 | 41 -0.41000  3.40051e+01 | 42 -0.46037 -9.20585e+00
 43  1.03282  1.68353e+01 | 44 -0.67942  8.62218e+00 | 45  0.10807 -2.45541e+02
 46 -0.59410  4.92354e+02 | 47  0.22333  4.76317e+01 | 48 -0.47651  1.03048e+01
 49  0.16147  6.05692e+00 | 50  0.15550  5.39505e+01 | 51 -0.46197 -2.26997e+00
 52 -0.92536 -7.66136e-01 |
52 variables; iteration 80; function evaluation 118; phase 3
Function value 2.2124398e+03; maximum gradient component mag 1.0864e+00
Var    Value     Gradient |Var    Value     Gradient |Var    Value     Gradient
  1  0.05137  1.08636e+00 |  2 -0.00465 -1.28478e-02 |  3  0.03913 -2.33394e-02
  4 -0.01190 -8.56996e-03 |  5 -0.13161 -1.52814e-02 |  6 -0.01402 -9.64933e-03
  7 -0.10307 -2.08406e-02 |  8 -0.06361 -1.66175e-02 |  9  0.01646 -1.49178e-02
 10  0.12794 -1.95453e-02 | 11 -0.04223 -1.74498e-02 | 12  0.03732 -2.20889e-02
 13  0.01471 -7.43286e-03 | 14  0.06000 -7.77469e-03 | 15 -0.01577 -1.46923e-02
 16 -0.06128 -1.92396e-02 | 17 -0.02345 -7.72649e-03 | 18  0.04447 -1.21971e-05
 19  0.08039 -8.00706e-03 | 20  0.00095 -8.50995e-03 | 21 -0.10346 -1.26086e-02
 22 -0.06282 -1.41188e-02 | 23  0.03744 -2.11836e-02 | 24  0.02678 -1.08142e-02
 25 -0.04226 -6.53564e-03 | 26  0.03881  7.80668e-04 | 27  0.03246 -1.57588e-02
 28  0.02571 -8.90331e-03 | 29  0.00246 -5.63995e-03 | 30  0.01706  9.37831e-03
 31  0.05269  2.92090e-03 | 32  0.09098  3.85484e-02 | 33 -0.00148  4.57214e-02
 34 -0.05679  6.88921e-02 | 35  0.00615  1.89837e-01 | 36 -0.01407 -2.32732e-02
 37  0.24009  2.16614e-01 | 38  0.24272  1.58994e-01 | 39  0.24916  4.43802e-02
 40  0.24174  1.24004e-01 | 41 -0.38860 -6.14927e-02 | 42 -0.46528 -1.22026e-01
 43  0.99999  4.00531e-03 | 44 -0.69019  2.42010e-02 | 45  0.06908  4.48862e-02
 46 -0.67127 -2.11611e-02 | 47  0.21826  3.24805e-02 | 48 -0.47865 -1.08924e-02
 49  0.14691 -2.71296e-02 | 50  0.13753 -7.41576e-02 | 51 -0.45338  6.33043e-03
 52 -0.90635 -4.08088e-02 |
52 variables; iteration 100; function evaluation 140; phase 3
Function value 2.2124386e+03; maximum gradient component mag 8.7033e-01
Var    Value     Gradient |Var    Value     Gradient |Var    Value     Gradient
  1  0.05136  4.34080e-01 |  2 -0.00466 -8.34772e-03 |  3  0.03913  2.51596e-02
  4 -0.01192  4.01056e-03 |  5 -0.13163 -1.36642e-02 |  6 -0.01404  4.62949e-03
  7 -0.10308 -2.26003e-03 |  8 -0.06362 -8.11370e-03 |  9  0.01646 -2.99255e-03
 10  0.12795  5.04526e-02 | 11 -0.04223  7.73100e-03 | 12  0.03733  3.07038e-02
 13  0.01472  1.80955e-02 | 14  0.06001  3.85948e-02 | 15 -0.01576  8.26946e-03
 16 -0.06127  8.26021e-03 | 17 -0.02345 -1.67928e-02 | 18  0.04447  1.00209e-02
 19  0.08039  1.56340e-02 | 20  0.00095  4.00810e-03 | 21 -0.10346 -7.42355e-03
 22 -0.06282 -1.40319e-02 | 23  0.03746  5.66567e-02 | 24  0.02678  7.42227e-03
 25 -0.04226  2.89812e-03 | 26  0.03882  4.51131e-02 | 27  0.03247  3.62789e-02
 28  0.02572  1.07558e-02 | 29  0.00246 -6.07155e-03 | 30  0.01705 -1.67967e-04
 31  0.05269 -4.24723e-03 | 32  0.09098 -1.48620e-02 | 33 -0.00147 -2.05094e-02
 34 -0.05680 -7.95605e-02 | 35  0.00613 -1.78574e-01 | 36 -0.01409 -4.62027e-05
 37  0.24009  3.91943e-03 | 38  0.24273 -3.26170e-01 | 39  0.24917 -1.06147e-01
 40  0.24175 -1.71001e-01 | 41 -0.28129  6.60023e-01 | 42 -0.47736  5.09048e-01
 43  0.99935 -1.63012e-01 | 44 -0.69022  2.57351e-03 | 45  0.06908 -9.03608e-02
 46 -0.67127  2.05471e-02 | 47  0.21826 -6.19205e-03 | 48 -0.47865  3.14992e-02
 49  0.08218  1.87548e-01 | 50  0.07295  8.70330e-01 | 51 -0.43806 -5.99500e-02
 52 -0.84563  1.33124e-01 |
52 variables; iteration 120; function evaluation 163; phase 3
Function value 2.2124378e+03; maximum gradient component mag 3.5001e-01
Var    Value     Gradient |Var    Value     Gradient |Var    Value     Gradient
  1  0.05137 -9.53030e-02 |  2 -0.00465  2.40558e-03 |  3  0.03913  1.26533e-02
  4 -0.01191  1.12645e-03 |  5 -0.13162  1.36290e-03 |  6 -0.01403  1.43610e-03
  7 -0.10308  3.78912e-03 |  8 -0.06361  2.05909e-03 |  9  0.01646  2.79414e-03
 10  0.12795  1.66329e-02 | 11 -0.04223  3.39220e-03 | 12  0.03733  1.28217e-02
 13  0.01471  1.77018e-03 | 14  0.06001  1.08287e-02 | 15 -0.01576  5.21251e-03
 16 -0.06127  5.06732e-03 | 17 -0.02345 -3.37424e-03 | 18  0.04447  8.20826e-04
 19  0.08039  8.87217e-03 | 20  0.00095  3.45991e-04 | 21 -0.10346 -1.18295e-03
 22 -0.06282 -1.62223e-03 | 23  0.03745  2.25142e-02 | 24  0.02678  4.16955e-03
 25 -0.04226 -3.10771e-03 | 26  0.03881  9.70147e-03 | 27  0.03246  1.23693e-02
 28  0.02572  6.65953e-03 | 29  0.00246  4.75024e-04 | 30  0.01705 -3.14898e-03
 31  0.05268 -1.72971e-03 | 32  0.09098 -6.45872e-03 | 33 -0.00147 -1.06790e-02
 34 -0.05679 -3.64909e-02 | 35  0.00613 -8.03691e-02 | 36 -0.01409  6.35946e-03
 37  0.24009 -6.32685e-02 | 38  0.24273 -1.42244e-01 | 39  0.24917 -4.90434e-02
 40  0.24175 -4.00001e-02 | 41 -0.18147  1.35897e-01 | 42 -0.49294  3.50012e-01
 43  0.99965 -8.62036e-02 | 44 -0.69022 -2.88219e-04 | 45  0.06908 -4.50642e-02
 46 -0.67127  1.31072e-02 | 47  0.21826 -6.05713e-03 | 48 -0.47865  4.49227e-04
 49  0.01785  6.00512e-02 | 50  0.00869  1.47418e-01 | 51 -0.41915 -1.90341e-02
 52 -0.79289  1.17671e-01 |
52 variables; iteration 140; function evaluation 184; phase 3
Function value 2.2124374e+03; maximum gradient component mag -9.7993e-01
Var    Value     Gradient |Var    Value     Gradient |Var    Value     Gradient
  1  0.05136 -9.79927e-01 |  2 -0.00466  1.29105e-02 |  3  0.03913  2.32648e-02
  4 -0.01192 -9.57455e-04 |  5 -0.13163  1.51909e-02 |  6 -0.01404  5.70989e-04
  7 -0.10308  2.10838e-02 |  8 -0.06362  1.36996e-02 |  9  0.01646  7.11070e-03
 10  0.12795  1.92353e-02 | 11 -0.04223  4.41951e-03 | 12  0.03733  1.98143e-02
 13  0.01471 -3.59955e-04 | 14  0.06001 -2.77681e-03 | 15 -0.01576  1.40145e-02
 16 -0.06126  2.10717e-02 | 17 -0.02345  2.82403e-03 | 18  0.04446 -5.37589e-03
 19  0.08040  1.18643e-02 | 20  0.00094 -9.36058e-04 | 21 -0.10346  8.92317e-03
 22 -0.06282  9.66771e-03 | 23  0.03746  3.21909e-02 | 24  0.02679  1.28303e-02
 25 -0.04226 -5.63635e-03 | 26  0.03882 -9.19372e-03 | 27  0.03247  2.34544e-02
 28  0.02572  1.59142e-02 | 29  0.00246  3.10128e-03 | 30  0.01705 -1.64649e-02
 31  0.05269 -1.00288e-03 | 32  0.09099 -1.08693e-02 | 33 -0.00147 -2.53768e-02
 34 -0.05679 -6.31414e-02 | 35  0.00613 -1.46871e-01 | 36 -0.01409  2.49053e-02
 37  0.24009 -3.47831e-01 | 38  0.24273 -2.33821e-01 | 39  0.24917 -9.10448e-02
 40  0.24175 -3.12280e-02 | 41 -0.08129  6.50508e-03 | 42 -0.51168  3.71549e-01
 43  0.99999  7.82001e-03 | 44 -0.69023 -1.28155e-02 | 45  0.06908 -8.87915e-02
 46 -0.67127  1.87781e-02 | 47  0.21826 -4.85655e-02 | 48 -0.47865  4.30897e-03
 49 -0.04955  2.90081e-02 | 50 -0.05874 -1.94198e-02 | 51 -0.39752 -2.93215e-03
 52 -0.74416  1.53873e-01 |
52 variables; iteration 160; function evaluation 208; phase 3
Function value 2.2124371e+03; maximum gradient component mag -6.0947e-01
Var    Value     Gradient |Var    Value     Gradient |Var    Value     Gradient
  1  0.05136 -6.09470e-01 |  2 -0.00465  7.76445e-03 |  3  0.03913  1.26290e-02
  4 -0.01191  1.62104e-03 |  5 -0.13162  8.73445e-03 |  6 -0.01403  2.89496e-03
  7 -0.10308  1.16915e-02 |  8 -0.06361  8.07942e-03 |  9  0.01646  4.89456e-03
 10  0.12795  1.08652e-02 | 11 -0.04223  4.55883e-03 | 12  0.03733  9.35737e-03
 13  0.01471 -1.99223e-04 | 14  0.06001 -2.31532e-03 | 15 -0.01576  4.66795e-03
 16 -0.06127  7.32182e-03 | 17 -0.02345  9.00438e-04 | 18  0.04447 -1.38542e-04
 19  0.08039  8.21794e-03 | 20  0.00094  1.15985e-03 | 21 -0.10346  4.44361e-03
 22 -0.06282  3.90391e-03 | 23  0.03745  1.45391e-02 | 24  0.02679  4.25893e-03
 25 -0.04226 -3.89411e-03 | 26  0.03881 -7.54127e-03 | 27  0.03246  9.87563e-03
 28  0.02572  5.95293e-03 | 29  0.00246  2.08886e-03 | 30  0.01705 -7.89523e-03
 31  0.05269 -6.84304e-04 | 32  0.09098 -7.77490e-03 | 33 -0.00147 -1.50533e-02
 34 -0.05679 -3.34211e-02 | 35  0.00613 -7.54686e-02 | 36 -0.01408  1.69357e-02
 37  0.24009 -1.35693e-01 | 38  0.24273 -1.28359e-01 | 39  0.24917 -4.74520e-02
 40  0.24175 -2.78575e-02 | 41  0.02499 -1.35438e-01 | 42 -0.53369  4.23695e-01
 43  1.00002 -1.67177e-03 | 44 -0.69022 -6.30301e-03 | 45  0.06908 -4.56110e-02
 46 -0.67127  1.09835e-02 | 47  0.21826 -2.27446e-02 | 48 -0.47865 -1.25797e-03
 49 -0.12319  9.27612e-03 | 50 -0.13253 -2.03597e-01 | 51 -0.37357  3.39244e-03
 52 -0.69777  2.13359e-01 |
52 variables; iteration 180; function evaluation 234; phase 3
Function value 2.2124371e+03; maximum gradient component mag -6.8436e-02
Var    Value     Gradient |Var    Value     Gradient |Var    Value     Gradient
  1  0.05137 -6.84356e-02 |  2 -0.00465  8.85458e-04 |  3  0.03913  9.70453e-04
  4 -0.01191  5.00696e-04 |  5 -0.13162  1.05255e-03 |  6 -0.01403  4.12006e-04
  7 -0.10307  1.16579e-03 |  8 -0.06361  1.05832e-03 |  9  0.01646  8.17251e-04
 10  0.12795  6.35988e-04 | 11 -0.04223  7.31446e-04 | 12  0.03733  5.06232e-04
 13  0.01471 -3.65720e-04 | 14  0.06001 -6.45808e-04 | 15 -0.01577  1.06273e-04
 16 -0.06127  3.06174e-04 | 17 -0.02345 -3.38908e-04 | 18  0.04447  4.05946e-05
 19  0.08039  5.66710e-04 | 20  0.00094  9.74289e-05 | 21 -0.10347  4.39044e-04
 22 -0.06282  4.70257e-04 | 23  0.03745  8.35544e-04 | 24  0.02678 -1.78316e-04
 25 -0.04226 -4.15922e-04 | 26  0.03881 -1.31653e-03 | 27  0.03246  3.31292e-04
 28  0.02571  1.34321e-04 | 29  0.00246  2.26633e-04 | 30  0.01705 -2.50806e-04
 31  0.05268  8.28311e-05 | 32  0.09098 -1.08970e-03 | 33 -0.00147 -9.99620e-04
 34 -0.05679 -2.40758e-03 | 35  0.00614 -5.39041e-03 | 36 -0.01408  1.97292e-03
 37  0.24009 -1.09945e-02 | 38  0.24273 -7.32957e-03 | 39  0.24917 -5.32258e-03
 40  0.24174 -1.26816e-03 | 41  0.09070 -2.80047e-02 | 42 -0.54789  5.15363e-02
 43  1.00002 -1.67297e-04 | 44 -0.69022 -3.47572e-04 | 45  0.06908 -3.37359e-03
 46 -0.67126  8.84792e-04 | 47  0.21826 -3.56065e-03 | 48 -0.47865  6.31882e-04
 49 -0.16939 -8.85263e-04 | 50 -0.17890 -4.10511e-02 | 51 -0.35891  1.07836e-03
 52 -0.67189  2.44565e-02 |
52 variables; iteration 200; function evaluation 254; phase 3
Function value 2.2124371e+03; maximum gradient component mag -2.3635e+00
Var    Value     Gradient |Var    Value     Gradient |Var    Value     Gradient
  1  0.05136 -2.36347e+00 |  2 -0.00466  2.76452e-02 |  3  0.03912  5.02885e-02
  4 -0.01194  1.44067e-03 |  5 -0.13165  3.29612e-02 |  6 -0.01406  6.60947e-03
  7 -0.10310  4.72322e-02 |  8 -0.06363  3.06275e-02 |  9  0.01645  1.65618e-02
 10  0.12796  4.98972e-02 | 11 -0.04223  1.61908e-02 | 12  0.03734  4.64551e-02
 13  0.01472  1.76883e-02 | 14  0.06002 -4.00515e-04 | 15 -0.01575  3.46426e-02
 16 -0.06125  5.24749e-02 | 17 -0.02344  1.34174e-02 | 18  0.04447 -2.61056e-03
 19  0.08040  2.37108e-02 | 20  0.00095  4.66431e-03 | 21 -0.10346  2.63754e-02
 22 -0.06282  2.68593e-02 | 23  0.03747  7.33519e-02 | 24  0.02680  2.34589e-02
 25 -0.04226 -3.76533e-03 | 26  0.03882 -2.68592e-02 | 27  0.03247  4.45188e-02
 28  0.02572  2.55532e-02 | 29  0.00246  6.56736e-03 | 30  0.01704 -3.19941e-02
 31  0.05269 -8.93625e-03 | 32  0.09099 -4.59547e-02 | 33 -0.00146 -6.68657e-02
 34 -0.05680 -1.50542e-01 | 35  0.00612 -3.53362e-01 | 36 -0.01410  5.02289e-02
 37  0.24010 -6.33897e-01 | 38  0.24273 -6.28155e-01 | 39  0.24917 -2.10718e-01
 40  0.24175 -2.04971e-01 | 41  0.06790  2.75965e-01 | 42 -0.54937  1.10445e-01
 43  1.00003  3.81040e-03 | 44 -0.69025 -2.93682e-02 | 45  0.06907 -2.20822e-01
 46 -0.67127  5.26134e-02 | 47  0.21826 -1.16732e-01 | 48 -0.47865 -3.53490e-03
 49 -0.15328  3.95088e-02 | 50 -0.16274  3.49152e-01 | 51 -0.35739  1.59272e-03
 52 -0.66930  5.87956e-02 |
52 variables; iteration 220; function evaluation 276; phase 3
Function value 2.2124368e+03; maximum gradient component mag 1.7106e+00
Var    Value     Gradient |Var    Value     Gradient |Var    Value     Gradient
  1  0.05137  1.71056e+00 |  2 -0.00465 -1.92075e-02 |  3  0.03913 -1.89319e-02
  4 -0.01190 -8.81326e-03 |  5 -0.13161 -2.51641e-02 |  6 -0.01402 -1.01422e-02
  7 -0.10307 -3.02666e-02 |  8 -0.06360 -2.26237e-02 |  9  0.01647 -1.47830e-02
 10  0.12794 -1.00487e-02 | 11 -0.04223 -1.31227e-02 | 12  0.03733 -1.18160e-02
 13  0.01471 -5.01484e-03 | 14  0.06000  1.82180e-02 | 15 -0.01577 -1.05606e-02
 16 -0.06128 -2.09057e-02 | 17 -0.02345 -9.39245e-03 | 18  0.04447 -3.48712e-04
 19  0.08039 -4.86442e-03 | 20  0.00094 -7.03901e-03 | 21 -0.10347 -1.88522e-02
 22 -0.06282 -1.85619e-02 | 23  0.03744 -1.32670e-02 | 24  0.02678 -1.80861e-03
 25 -0.04226  8.81070e-04 | 26  0.03881  3.62521e-02 | 27  0.03246 -5.09024e-04
 28  0.02571 -8.49711e-04 | 29  0.00246 -4.20778e-03 | 30  0.01705  1.09585e-02
 31  0.05268  6.66410e-03 | 32  0.09098  3.75950e-02 | 33 -0.00148  3.34309e-02
 34 -0.05679  5.15052e-02 | 35  0.00614  1.19251e-01 | 36 -0.01408 -3.27845e-02
 37  0.24009  2.75412e-01 | 38  0.24273  2.46933e-01 | 39  0.24916  8.86220e-02
 40  0.24174  1.84716e-01 | 41 -0.06147  2.97172e-01 | 42 -0.56854  1.98161e-03
 43  1.00002 -5.48363e-05 | 44 -0.69021  9.95479e-03 | 45  0.06908  7.27171e-02
 46 -0.67126 -1.84887e-02 | 47  0.21826  4.65922e-02 | 48 -0.47865 -6.71936e-03
 49 -0.06316  4.57938e-02 | 50 -0.07236  3.85519e-01 | 51 -0.33860 -1.82659e-02
 52 -0.63826  9.17817e-03 |
52 variables; iteration 240; function evaluation 300; phase 3
Function value 2.2124367e+03; maximum gradient component mag 4.2381e-01
Var    Value     Gradient |Var    Value     Gradient |Var    Value     Gradient
  1  0.05137  4.23812e-01 |  2 -0.00465 -4.69168e-03 |  3  0.03913 -5.40892e-03
  4 -0.01190 -1.12898e-03 |  5 -0.13162 -6.56757e-03 |  6 -0.01402 -1.49424e-03
  7 -0.10307 -8.13485e-03 |  8 -0.06361 -5.79865e-03 |  9  0.01646 -3.46197e-03
 10  0.12794 -2.92655e-03 | 11 -0.04223 -2.96869e-03 | 12  0.03733 -4.31198e-03
 13  0.01471 -1.42034e-03 | 14  0.06001  4.07718e-03 | 15 -0.01577 -4.26394e-03
 16 -0.06128 -7.29825e-03 | 17 -0.02345 -2.98690e-03 | 18  0.04447  1.13278e-03
 19  0.08039 -1.23394e-03 | 20  0.00094 -1.32920e-03 | 21 -0.10347 -5.25407e-03
 22 -0.06282 -5.07194e-03 | 23  0.03744 -5.62930e-03 | 24  0.02678 -1.70717e-03
 25 -0.04226  2.28117e-05 | 26  0.03881  8.58932e-03 | 27  0.03246 -1.65838e-03
 28  0.02571 -1.62969e-03 | 29  0.00246 -1.06722e-03 | 30  0.01705  3.92377e-03
 31  0.05268  1.74811e-03 | 32  0.09098  9.10098e-03 | 33 -0.00148  8.77295e-03
 34 -0.05679  1.52630e-02 | 35  0.00614  3.57498e-02 | 36 -0.01408 -7.62026e-03
 37  0.24009  9.31340e-02 | 38  0.24273  7.02062e-02 | 39  0.24917  2.40862e-02
 40  0.24174  4.24187e-02 | 41 -0.14312  2.40157e-02 | 42 -0.58577  5.70928e-02
 43  1.00002 -5.73523e-05 | 44 -0.69021  3.23756e-03 | 45  0.06908  2.24821e-02
 46 -0.67126 -5.30918e-03 | 47  0.21826  1.25867e-02 | 48 -0.47865 -7.57338e-04
 49 -0.00769  8.30166e-03 | 50 -0.01684  2.84724e-02 | 51 -0.32255 -2.67998e-03
 52 -0.61313  4.00623e-02 |
52 variables; iteration 260; function evaluation 322; phase 3
Function value 2.2124367e+03; maximum gradient component mag -6.1098e-02
Var    Value     Gradient |Var    Value     Gradient |Var    Value     Gradient
  1  0.05137  9.84304e-03 |  2 -0.00465 -1.73825e-04 |  3  0.03913 -1.11665e-03
  4 -0.01191  7.64631e-04 |  5 -0.13162 -2.72160e-04 |  6 -0.01403  5.53704e-04
  7 -0.10307 -5.99607e-04 |  8 -0.06361 -1.38957e-04 |  9  0.01646  1.65071e-04
 10  0.12795 -1.10906e-03 | 11 -0.04223  1.89389e-04 | 12  0.03733 -1.47357e-03
 13  0.01471 -5.54099e-04 | 14  0.06001 -6.97349e-04 | 15 -0.01577 -1.38009e-03
 16 -0.06128 -1.80529e-03 | 17 -0.02345 -7.01565e-04 | 18  0.04447  6.46718e-04
 19  0.08039 -4.87820e-04 | 20  0.00094  2.87417e-04 | 21 -0.10347 -3.63790e-04
 22 -0.06282 -5.04398e-04 | 23  0.03745 -2.36644e-03 | 24  0.02678 -1.26212e-03
 25 -0.04226  1.01531e-05 | 26  0.03881 -6.04541e-04 | 27  0.03246 -2.10016e-03
 28  0.02571 -1.52325e-03 | 29  0.00246 -1.51294e-04 | 30  0.01705  1.16894e-03
 31  0.05268  4.58351e-05 | 32  0.09098 -8.67883e-05 | 33 -0.00148  1.04386e-03
 34 -0.05679  3.56825e-03 | 35  0.00614  9.10104e-03 | 36 -0.01408  1.33296e-05
 37  0.24009  1.89413e-02 | 38  0.24273  1.44872e-02 | 39  0.24917  4.80426e-03
 40  0.24174 -2.32860e-04 | 41 -0.16848 -4.40735e-02 | 42 -0.59209  3.38963e-02
 43  1.00002 -2.85243e-05 | 44 -0.69022  8.60310e-04 | 45  0.06908  5.77720e-03
 46 -0.67126 -1.28474e-03 | 47  0.21826  2.42401e-03 | 48 -0.47865  4.96661e-04
 49  0.00923 -3.99187e-03 | 50  0.00008 -6.10981e-02 | 51 -0.31686  1.30596e-03
 52 -0.60448  2.18874e-02 |
52 variables; iteration 280; function evaluation 343; phase 3
Function value 2.2124367e+03; maximum gradient component mag 1.0092e+00
Var    Value     Gradient |Var    Value     Gradient |Var    Value     Gradient
  1  0.05137  1.00922e+00 |  2 -0.00465 -1.03948e-02 |  3  0.03913 -3.26899e-03
  4 -0.01191 -9.67444e-03 |  5 -0.13162 -1.48004e-02 |  6 -0.01403 -8.71189e-03
  7 -0.10307 -1.57767e-02 |  8 -0.06361 -1.37538e-02 |  9  0.01646 -1.04244e-02
 10  0.12795  3.54179e-03 | 11 -0.04223 -9.36625e-03 | 12  0.03733  2.19497e-03
 13  0.01471  9.40968e-06 | 14  0.06001  1.71247e-02 | 15 -0.01577  3.62733e-04
 16 -0.06128 -4.46571e-03 | 17 -0.02345 -2.94654e-03 | 18  0.04447 -2.59088e-03
 19  0.08039  2.89057e-03 | 20  0.00094 -6.20453e-03 | 21 -0.10347 -1.13754e-02
 22 -0.06282 -9.84345e-03 | 23  0.03745  7.55808e-03 | 24  0.02678  6.91296e-03
 25 -0.04226 -1.35191e-03 | 26  0.03881  2.85235e-02 | 27  0.03246  1.59077e-02
 28  0.02571  1.00622e-02 | 29  0.00246 -1.32035e-03 | 30  0.01705 -7.29042e-04
 31  0.05268  4.81468e-03 | 32  0.09098  2.64359e-02 | 33 -0.00147  1.34762e-02
 34 -0.05679  6.11458e-03 | 35  0.00614  9.09278e-03 | 36 -0.01408 -1.78941e-02
 37  0.24009  7.42807e-02 | 38  0.24273  5.33297e-02 | 39  0.24917  1.80429e-02
 40  0.24174  1.24347e-01 | 41 -0.16710  3.93788e-01 | 42 -0.60875  1.12203e-02
 43  1.00002 -7.27006e-06 | 44 -0.69022  5.90052e-04 | 45  0.06908  5.49958e-03
 46 -0.67126 -2.02183e-03 | 47  0.21826  1.07792e-02 | 48 -0.47865 -6.48816e-03
 49  0.00833  6.01181e-02 | 50 -0.00082  5.34281e-01 | 51 -0.30231 -1.71681e-02
 52 -0.58290  1.91847e-02 |
52 variables; iteration 300; function evaluation 367; phase 3
Function value 2.2124366e+03; maximum gradient component mag 3.8983e-01
Var    Value     Gradient |Var    Value     Gradient |Var    Value     Gradient
  1  0.05137  3.89826e-01 |  2 -0.00465 -4.11114e-03 |  3  0.03913 -1.52203e-03
  4 -0.01191 -4.01691e-03 |  5 -0.13162 -5.61974e-03 |  6 -0.01403 -3.65379e-03
  7 -0.10307 -5.96563e-03 |  8 -0.06361 -5.30260e-03 |  9  0.01646 -4.10167e-03
 10  0.12795  1.02695e-03 | 11 -0.04223 -3.70948e-03 | 12  0.03733  1.01543e-03
 13  0.01471  6.35392e-04 | 14  0.06001  6.53564e-03 | 15 -0.01577  7.01257e-04
 16 -0.06128 -8.24853e-04 | 17 -0.02345 -5.79304e-04 | 18  0.04447 -1.29221e-03
 19  0.08039  6.02933e-04 | 20  0.00094 -2.40188e-03 | 21 -0.10347 -4.04998e-03
 22 -0.06282 -3.26946e-03 | 23  0.03745  3.04764e-03 | 24  0.02678  2.81348e-03
 25 -0.04226 -6.77350e-05 | 26  0.03881  1.09354e-02 | 27  0.03246  6.28267e-03
 28  0.02571  4.18152e-03 | 29  0.00246 -5.44089e-04 | 30  0.01705 -2.55047e-04
 31  0.05268  1.69824e-03 | 32  0.09098  9.71733e-03 | 33 -0.00147  5.33193e-03
 34 -0.05679  2.37173e-03 | 35  0.00614  2.40298e-03 | 36 -0.01408 -7.61847e-03
 37  0.24009  2.53889e-02 | 38  0.24273  1.77355e-02 | 39  0.24917  6.28575e-03
 40  0.24174  4.46626e-02 | 41 -0.07893  1.84629e-01 | 42 -0.62710 -5.26443e-02
 43  1.00002 -8.44894e-06 | 44 -0.69022  1.26601e-04 | 45  0.06908  1.41507e-03
 46 -0.67126 -6.25764e-04 | 47  0.21826  3.72086e-03 | 48 -0.47865 -2.42408e-03
 49 -0.05118  2.16939e-02 | 50 -0.06036  2.47767e-01 | 51 -0.28712 -6.75268e-03
 52 -0.56107 -4.21154e-02 |
52 variables; iteration 320; function evaluation 387; phase 3
Function value 2.2124366e+03; maximum gradient component mag -5.3125e-02
Var    Value     Gradient |Var    Value     Gradient |Var    Value     Gradient
  1  0.05137 -5.31254e-02 |  2 -0.00465  5.79368e-04 |  3  0.03913  2.85849e-04
  4 -0.01191  5.05539e-04 |  5 -0.13162  7.65506e-04 |  6 -0.01403  4.67377e-04
  7 -0.10307  8.30141e-04 |  8 -0.06361  7.25829e-04 |  9  0.01646  5.52507e-04
 10  0.12795 -3.41935e-05 | 11 -0.04223  4.86281e-04 | 12  0.03733 -7.08958e-05
 13  0.01471 -1.28867e-04 | 14  0.06001 -8.60402e-04 | 15 -0.01577 -8.37156e-05
 16 -0.06128  1.07452e-04 | 17 -0.02345  3.18218e-05 | 18  0.04447  1.45280e-04
 19  0.08039  2.21556e-05 | 20  0.00094  3.01960e-04 | 21 -0.10347  5.04381e-04
 22 -0.06282  4.11089e-04 | 23  0.03745 -2.55585e-04 | 24  0.02678 -3.35277e-04
 25 -0.04226 -6.16223e-05 | 26  0.03881 -1.41303e-03 | 27  0.03246 -6.76005e-04
 28  0.02571 -4.39867e-04 | 29  0.00246  7.38811e-05 | 30  0.01705 -2.74561e-05
 31  0.05268 -1.96147e-04 | 32  0.09098 -1.19329e-03 | 33 -0.00147 -7.16045e-04
 34 -0.05679 -5.24310e-04 | 35  0.00614 -8.48736e-04 | 36 -0.01408  1.12464e-03
 37  0.24009 -3.98251e-03 | 38  0.24273 -3.05859e-03 | 39  0.24917 -1.09628e-03
 40  0.24174 -5.36395e-03 | 41 -0.06197 -2.59594e-02 | 42 -0.63064  1.31738e-02
 43  1.00002  4.28541e-07 | 44 -0.69022 -5.30468e-05 | 45  0.06908 -4.99516e-04
 46 -0.67126  1.62710e-04 | 47  0.21826 -5.84495e-04 | 48 -0.47865  2.98206e-04
 49 -0.06282 -2.65947e-03 | 50 -0.07202 -3.52627e-02 | 51 -0.28428  9.29840e-04
 52 -0.55707  1.05142e-02 |
52 variables; iteration 340; function evaluation 412; phase 3
Function value 2.2124366e+03; maximum gradient component mag 5.9253e-03
Var    Value     Gradient |Var    Value     Gradient |Var    Value     Gradient
  1  0.05137  3.33528e-03 |  2 -0.00465 -3.23052e-05 |  3  0.03913 -2.94513e-05
  4 -0.01191 -2.42959e-05 |  5 -0.13162 -4.03250e-05 |  6 -0.01403 -3.48412e-05
  7 -0.10307 -5.56851e-05 |  8 -0.06361 -4.07196e-05 |  9  0.01646 -3.35278e-05
 10  0.12795 -1.84483e-05 | 11 -0.04223 -3.71629e-05 | 12  0.03733  3.13492e-06
 13  0.01471 -3.11494e-05 | 14  0.06001  6.10924e-05 | 15 -0.01577 -5.63354e-05
 16 -0.06128 -1.00647e-04 | 17 -0.02345 -6.34514e-05 | 18  0.04447  2.06186e-05
 19  0.08039  6.54962e-05 | 20  0.00094 -2.56623e-05 | 21 -0.10347 -7.64310e-05
 22 -0.06282 -8.61552e-05 | 23  0.03745  2.15093e-05 | 24  0.02678  1.91425e-05
 25 -0.04226 -4.78606e-05 | 26  0.03881  1.30037e-04 | 27  0.03246  4.48165e-05
 28  0.02571  2.94853e-05 | 29  0.00246 -3.93851e-06 | 30  0.01705  1.10025e-05
 31  0.05268  3.61213e-05 | 32  0.09098  1.48038e-04 | 33 -0.00147  6.13376e-05
 34 -0.05679  3.42233e-05 | 35  0.00614  1.39127e-04 | 36 -0.01408  6.94948e-06
 37  0.24009  3.91205e-04 | 38  0.24273  4.64319e-04 | 39  0.24917  1.99353e-04
 40  0.24174  9.05589e-04 | 41 -0.08043 -1.65088e-03 | 42 -0.63917  5.92531e-03
 43  1.00002  5.11284e-07 | 44 -0.69022  1.37592e-05 | 45  0.06908  1.16068e-04
 46 -0.67126 -3.97228e-05 | 47  0.21826  1.77815e-04 | 48 -0.47865 -8.52295e-05
 49 -0.05015  5.87006e-05 | 50 -0.05934 -2.42750e-03 | 51 -0.27757  2.43707e-04
 52 -0.54768  5.17231e-03 |
52 variables; iteration 360; function evaluation 435; phase 3
Function value 2.2124366e+03; maximum gradient component mag -6.3993e-03
Var    Value     Gradient |Var    Value     Gradient |Var    Value     Gradient
  1  0.05137 -6.39927e-03 |  2 -0.00465  7.36939e-05 |  3  0.03913  8.73779e-05
  4 -0.01191  3.25045e-05 |  5 -0.13162  8.77156e-05 |  6 -0.01403  4.47897e-05
  7 -0.10307  1.12282e-04 |  8 -0.06361  8.01423e-05 |  9  0.01646  5.34288e-05
 10  0.12795  6.73779e-05 | 11 -0.04223  5.28629e-05 | 12  0.03733  5.42233e-05
 13  0.01471  3.07080e-05 | 14  0.06001 -5.50304e-05 | 15 -0.01577  5.77513e-05
 16 -0.06128  1.01450e-04 | 17 -0.02345  4.92510e-05 | 18  0.04447  1.02489e-06
 19  0.08039  1.40381e-05 | 20  0.00094  2.87467e-05 | 21 -0.10347  7.72732e-05
 22 -0.06282  8.02506e-05 | 23  0.03745  6.95457e-05 | 24  0.02678  1.11626e-05
 25 -0.04226  3.67401e-06 | 26  0.03881 -1.38191e-04 | 27  0.03246  1.60440e-05
 28  0.02571  6.49284e-06 | 29  0.00246  1.56232e-05 | 30  0.01705 -5.19344e-05
 31  0.05268 -3.25193e-05 | 32  0.09098 -1.56372e-04 | 33 -0.00147 -1.42951e-04
 34 -0.05679 -2.27279e-04 | 35  0.00614 -5.44547e-04 | 36 -0.01408  1.11835e-04
 37  0.24009 -9.61036e-04 | 38  0.24273 -1.16184e-03 | 39  0.24917 -4.12697e-04
 40  0.24174 -8.78950e-04 | 41 -0.07741 -2.08431e-04 | 42 -0.64196 -1.16913e-03
 43  1.00002  7.17559e-07 | 44 -0.69022 -4.08908e-05 | 45  0.06908 -3.49044e-04
 46 -0.67126  1.04374e-04 | 47  0.21826 -2.35793e-04 | 48 -0.47865  4.19170e-05
 49 -0.05223 -7.62607e-05 | 50 -0.06142 -2.29931e-04 | 51 -0.27541 -3.71695e-05
 52 -0.54469 -1.06338e-03 |
Warning: the following parameters had issues
  selparm[3] is within 0.1% of upper bound: -3.00000e+00 < 1.50000e+01 < 1.50000e+01


 - final statistics:
52 variables; iteration 365; function evaluation 440
Function value 2.2124e+03; maximum gradient component mag -3.3540e-05
Exit code = 1;  converg criter 1.0000e-04
Var    Value     Gradient |Var    Value     Gradient |Var    Value     Gradient
  1  0.05137 -2.32505e-05 |  2 -0.00465  1.83422e-07 |  3  0.03913 -5.11603e-07
  4 -0.01191  4.68567e-07 |  5 -0.13162  4.50108e-07 |  6 -0.01403  2.71116e-07
  7 -0.10307  2.76531e-07 |  8 -0.06361  3.63721e-07 |  9  0.01646  3.34526e-07
 10  0.12795 -9.66653e-07 | 11 -0.04223  2.43483e-07 | 12  0.03733 -5.59653e-07
 13  0.01471 -1.09008e-07 | 14  0.06001 -7.86429e-07 | 15 -0.01577 -4.71477e-07
 16 -0.06128 -4.16237e-07 | 17 -0.02345 -7.21583e-08 | 18  0.04447  2.56137e-07
 19  0.08039 -3.69813e-07 | 20  0.00094  2.21365e-07 | 21 -0.10347  2.57280e-07
 22 -0.06282  1.11357e-07 | 23  0.03745 -1.15738e-06 | 24  0.02678 -5.49012e-07
 25 -0.04226  1.18267e-07 | 26  0.03881 -9.60431e-07 | 27  0.03246 -1.43569e-06
 28  0.02571 -8.41969e-07 | 29  0.00246 -2.79356e-08 | 30  0.01705  5.16075e-07
 31  0.05268 -1.58428e-07 | 32  0.09098 -8.56435e-07 | 33 -0.00147  8.54091e-08
 34 -0.05679  1.39182e-06 | 35  0.00614  3.79435e-06 | 36 -0.01408  3.36455e-07
 37  0.24009  1.90659e-06 | 38  0.24273  4.83189e-06 | 39  0.24917  2.10869e-06
 40  0.24174 -3.12940e-06 | 41 -0.07755 -2.58072e-05 | 42 -0.64185  3.74242e-06
 43  1.00002  1.38841e-09 | 44 -0.69022  3.28016e-07 | 45  0.06908  2.48106e-06
 46 -0.67126 -6.80549e-07 | 47  0.21826  1.44037e-06 | 48 -0.47865 -1.83453e-08
 49 -0.05213 -4.08371e-06 | 50 -0.06131 -3.35403e-05 | 51 -0.27549  2.13768e-06
 52 -0.54480  1.96363e-06 |
Estimating row 1 out of 52 for hessian
Estimating row 2 out of 52 for hessian
Estimating row 3 out of 52 for hessian
Estimating row 4 out of 52 for hessian
Estimating row 5 out of 52 for hessian
Estimating row 6 out of 52 for hessian
Estimating row 7 out of 52 for hessian
Estimating row 8 out of 52 for hessian
Estimating row 9 out of 52 for hessian
Estimating row 10 out of 52 for hessian
Estimating row 11 out of 52 for hessian
Estimating row 12 out of 52 for hessian
Estimating row 13 out of 52 for hessian
Estimating row 14 out of 52 for hessian
Estimating row 15 out of 52 for hessian
Estimating row 16 out of 52 for hessian
Estimating row 17 out of 52 for hessian
Estimating row 18 out of 52 for hessian
Estimating row 19 out of 52 for hessian
Estimating row 20 out of 52 for hessian
Estimating row 21 out of 52 for hessian
Estimating row 22 out of 52 for hessian
Estimating row 23 out of 52 for hessian
Estimating row 24 out of 52 for hessian
Estimating row 25 out of 52 for hessian
Estimating row 26 out of 52 for hessian
Estimating row 27 out of 52 for hessian
Estimating row 28 out of 52 for hessian
Estimating row 29 out of 52 for hessian
Estimating row 30 out of 52 for hessian
Estimating row 31 out of 52 for hessian
Estimating row 32 out of 52 for hessian
Estimating row 33 out of 52 for hessian
Estimating row 34 out of 52 for hessian
Estimating row 35 out of 52 for hessian
Estimating row 36 out of 52 for hessian
Estimating row 37 out of 52 for hessian
Estimating row 38 out of 52 for hessian
Estimating row 39 out of 52 for hessian
Estimating row 40 out of 52 for hessian
Estimating row 41 out of 52 for hessian
Estimating row 42 out of 52 for hessian
Estimating row 43 out of 52 for hessian
Estimating row 44 out of 52 for hessian
Estimating row 45 out of 52 for hessian
Estimating row 46 out of 52 for hessian
Estimating row 47 out of 52 for hessian
Estimating row 48 out of 52 for hessian
Estimating row 49 out of 52 for hessian
Estimating row 50 out of 52 for hessian
Estimating row 51 out of 52 for hessian
Estimating row 52 out of 52 for hessian
size of file gradfil1.tmp = 0
size of file gradfil2.tmp = 0
size of file varssave.tmp = 0
size of file cmpdiff.tmp = 0
