
Initial statistics: 36 variables; iteration 0; function evaluation 0; phase 1
Function value 8.9435537e+03; maximum gradient component mag -3.3033e+04
Var    Value     Gradient |Var    Value     Gradient |Var    Value     Gradient
  1  0.04833 -3.30333e+04 |  2 -0.01096  4.73972e+02 |  3  0.03629  5.00255e+02
  4  0.03818  6.80615e+02 |  5 -0.16226  4.15474e+02 |  6 -0.05734  4.09947e+02
  7 -0.12637  4.56543e+02 |  8 -0.05628  5.26944e+02 |  9  0.05666  7.90834e+02
 10  0.10525  8.02938e+02 | 11  0.00361  6.91029e+02 | 12  0.01644  6.79238e+02
 13 -0.00525 -1.47348e+02 | 14  0.05712 -6.38977e+02 | 15  0.04396 -2.61379e+02
 16 -0.04393 -5.42721e+02 | 17 -0.02627 -1.72183e+03 | 18  0.00725 -1.87255e+02
 19  0.07025  4.31874e+02 | 20 -0.05628 -1.92217e+02 | 21 -0.13642 -8.59389e+02
 22 -0.08742 -4.09349e+02 | 23  0.06110  4.36759e+02 | 24 -0.02319 -7.21472e+02
 25  0.00696  2.67112e+02 | 26  0.11345  7.43991e+02 | 27  0.06927  6.75528e+02
 28  0.00818 -9.13090e+02 | 29 -0.04778 -1.31487e+03 | 30  0.04366  4.41917e+02
 31  0.04266  8.22643e+02 | 32  0.03865 -3.38314e+02 | 33 -0.01227 -1.32572e+03
 34 -0.04015 -1.37410e+03 | 35  0.03899 -5.28319e+02 | 36  0.03179  1.19995e+03

Intermediate statistics: 36 variables; iteration 20; function evaluation 31; phase 1
Function value 8.1088791e+03; maximum gradient component mag -1.4574e+04
Var    Value     Gradient |Var    Value     Gradient |Var    Value     Gradient
  1  0.04509 -1.45744e+04 |  2 -0.01405  2.30633e+02 |  3  0.01380  2.43258e+02
  4 -0.05248  2.06996e+02 |  5 -0.13778  2.79938e+02 |  6 -0.08520  1.85674e+02
  7 -0.18664  1.87845e+02 |  8 -0.13411  1.87655e+02 |  9 -0.03231  2.22267e+02
 10  0.07215  2.51487e+02 | 11 -0.04845  2.81893e+02 | 12 -0.08227  1.96658e+02
 13  0.07296  2.08833e+02 | 14  0.10305 -9.49084e+01 | 15  0.07329 -7.08790e+01
 16 -0.00068 -7.84056e+01 | 17  0.04448 -1.35858e+02 | 18  0.04594 -7.51776e+01
 19  0.05790 -2.16526e+01 | 20 -0.04545 -1.39081e+02 | 21 -0.00864 -4.04592e+01
 22 -0.01162 -1.44325e+01 | 23  0.04621  1.54034e+02 | 24  0.04995 -5.92469e+01
 25  0.00508 -2.69132e+01 | 26  0.08049 -1.86983e+02 | 27  0.04896 -1.08934e+02
 28  0.04271 -3.73373e+02 | 29  0.00353 -1.07993e+03 | 30  0.03372 -7.48581e+00
 31 -0.00707  2.28415e+01 | 32  0.06126 -2.22308e+02 | 33  0.06389 -1.10271e+02
 34  0.03921 -5.94320e+01 | 35  0.10390 -3.53725e+01 | 36 -0.21923  1.90076e+02
36 variables; iteration 40; function evaluation 66; phase 1
Function value 8.0076468e+03; maximum gradient component mag -1.2165e+02
Var    Value     Gradient |Var    Value     Gradient |Var    Value     Gradient
  1  0.05168 -1.21651e+02 |  2 -0.03129  2.77089e-02 |  3 -0.01093 -1.18111e-01
  4 -0.06859 -3.31794e-01 |  5 -0.19205  2.75012e+00 |  6 -0.08019  7.78265e-01
  7 -0.17958  1.37676e+00 |  8 -0.12586  1.87990e+00 |  9 -0.04261  4.33065e+00
 10  0.05801  2.07787e+00 | 11 -0.07897  4.88972e-01 | 12 -0.08792  4.41821e+00
 13  0.05982 -6.12809e-01 | 14  0.11130 -5.36576e+00 | 15  0.08027 -4.01327e+00
 16  0.00725 -6.95380e+00 | 17  0.05250 -2.57178e+01 | 18  0.05998 -2.89182e+00
 19  0.06204 -9.30487e-01 | 20 -0.03339  5.99608e-01 | 21  0.00032  2.59895e+01
 22  0.00552 -2.70260e-01 | 23  0.03572 -2.57498e+00 | 24  0.05726 -6.07270e+00
 25  0.01477 -1.29937e+00 | 26  0.09179 -1.07599e+00 | 27  0.04830 -4.29258e+00
 28  0.05250 -4.99445e+00 | 29  0.04919  4.89701e+01 | 30  0.04017 -4.00540e-01
 31 -0.00781  1.87631e-01 | 32  0.07209 -5.02011e+00 | 33  0.07157 -7.44823e+00
 34  0.04453 -9.51822e+00 | 35  0.11129 -3.31897e+00 | 36 -0.25806  6.37721e+00

 - final statistics:
36 variables; iteration 43; function evaluation 69
Function value 8.0075e+03; maximum gradient component mag -2.4701e+00
Exit code = 1;  converg criter 1.0000e+01
Var    Value     Gradient |Var    Value     Gradient |Var    Value     Gradient
  1  0.05172 -2.47011e+00 |  2 -0.03057  2.05174e-01 |  3 -0.01054  3.76466e-01
  4 -0.06768  1.17570e+00 |  5 -0.19261  6.35566e-02 |  6 -0.08004  3.26571e-01
  7 -0.17894  1.81333e-01 |  8 -0.12542  6.57832e-01 |  9 -0.04378 -3.84874e-01
 10  0.05801  8.71499e-01 | 11 -0.07835  8.53322e-01 | 12 -0.08876  3.71456e-01
 13  0.06001 -3.80469e-01 | 14  0.11174 -7.31415e-01 | 15  0.08065 -4.63572e-01
 16  0.00783  1.64136e-01 | 17  0.05451  5.16268e-01 | 18  0.06035  3.69184e-01
 19  0.06217  2.89753e-02 | 20 -0.03328 -1.63085e+00 | 21 -0.00220 -8.63895e-01
 22  0.00579 -7.82418e-01 | 23  0.03604 -9.64917e-02 | 24  0.05784  2.63030e-01
 25  0.01506  5.10938e-01 | 26  0.09182 -7.52481e-01 | 27  0.04843 -3.54457e-01
 28  0.05292  8.93287e-01 | 29  0.04657  1.90275e+00 | 30  0.04048  1.47645e-01
 31 -0.00788 -8.46210e-01 | 32  0.07241 -6.23028e-01 | 33  0.07211 -5.73949e-01
 34  0.04531 -2.40125e-01 | 35  0.11281 -7.85648e-01 | 36 -0.26466 -2.27341e+00

Initial statistics: 46 variables; iteration 0; function evaluation 0; phase 2
Function value 8.0074864e+03; maximum gradient component mag -1.9500e+04
Var    Value     Gradient |Var    Value     Gradient |Var    Value     Gradient
  1  0.05172 -2.47011e+00 |  2 -0.03057  2.65267e-01 |  3 -0.01054  4.36621e-01
  4 -0.06768  1.23553e+00 |  5 -0.19261  1.20986e-01 |  6 -0.08003  3.86259e-01
  7 -0.17894  2.39134e-01 |  8 -0.12542  7.16832e-01 |  9 -0.04377 -3.24854e-01
 10  0.05802  9.31411e-01 | 11 -0.07834  9.13029e-01 | 12 -0.08876  4.31035e-01
 13  0.06001 -3.20573e-01 | 14  0.11174 -6.72177e-01 | 15  0.08065 -4.03891e-01
 16  0.00783  2.24294e-01 | 17  0.05451  5.76210e-01 | 18  0.06035  4.29076e-01
 19  0.06217  8.88511e-02 | 20 -0.03327 -1.57077e+00 | 21 -0.00220 -8.03733e-01
 22  0.00579 -7.22258e-01 | 23  0.03604 -3.64256e-02 | 24  0.05784  3.22944e-01
 25  0.01506  5.71083e-01 | 26  0.09182 -6.92943e-01 | 27  0.04843 -2.94469e-01
 28  0.05293  9.53242e-01 | 29  0.04658  1.96276e+00 | 30  0.04048  2.07686e-01
 31 -0.00788 -7.86052e-01 | 32  0.07241 -5.63254e-01 | 33  0.07211 -5.14172e-01
 34  0.04531 -1.80115e-01 | 35  0.11282 -7.26427e-01 | 36 -0.26466 -2.21837e+00
 37  0.30463  1.31498e+04 | 38  0.27075  6.12467e+03 | 39  0.22845 -7.08813e+02
 40  0.25998  4.06495e+03 | 41 -0.07762 -1.31276e+04 | 42 -0.88721  4.23312e+03
 43 -0.00461  3.04015e+02 | 44 -0.04129 -1.95004e+04 | 45 -0.20763 -3.09811e+02
 46 -0.85749  4.13508e+03 |

Intermediate statistics: 46 variables; iteration 20; function evaluation 28; phase 2
Function value 6.9830752e+03; maximum gradient component mag -2.8316e+04
Var    Value     Gradient |Var    Value     Gradient |Var    Value     Gradient
  1  0.01236 -2.83163e+04 |  2  0.08919  4.31133e+02 |  3  0.13041  4.04043e+02
  4  0.04594  3.46871e+02 |  5 -0.06660  3.88461e+02 |  6  0.07094  4.52450e+02
  7 -0.06316  3.47264e+02 |  8 -0.08770  2.72022e+02 |  9 -0.10070  1.35493e+02
 10  0.12449 -6.95714e+01 | 11  0.04115  2.64775e+02 | 12 -0.13925  1.85743e+02
 13  0.06439  2.86274e+02 | 14  0.09839 -2.19776e+02 | 15  0.07872  1.21754e+02
 16  0.02160  3.09807e+02 | 17  0.04017 -1.97949e+02 | 18  0.01828 -7.19623e+01
 19  0.19438  1.16029e+03 | 20 -1.10454 -3.92415e+01 | 21 -0.03098 -8.73629e+02
 22 -0.03880 -1.82020e+02 | 23 -0.00868 -6.71827e+02 | 24  0.05556 -1.94903e+02
 25 -0.01293  4.72719e+01 | 26  0.10275 -6.85011e+01 | 27  0.05223 -6.50989e+02
 28  0.05738 -7.03464e+02 | 29  0.03909 -6.81806e+02 | 30  0.02841 -1.44656e+02
 31 -0.05615 -7.97447e+02 | 32  0.07037 -4.74402e+02 | 33  0.07317 -1.07175e+02
 34  0.04429 -9.13000e+01 | 35  0.11665 -2.65583e+02 | 36 -0.48960  1.35910e+02
 37  0.33920  9.29495e+03 | 38  0.30362  4.94185e+03 | 39  0.29470  5.52152e+02
 40  0.26899 -6.33293e+02 | 41  0.08943 -1.10362e+04 | 42 -0.80172  3.74876e+03
 43 -0.15106 -2.31994e+02 | 44  0.02024 -1.59656e+04 | 45 -0.07226  1.70694e+02
 46 -0.70910  4.03636e+03 |
46 variables; iteration 40; function evaluation 49; phase 2
Function value 6.2882229e+03; maximum gradient component mag -2.0353e+04
Var    Value     Gradient |Var    Value     Gradient |Var    Value     Gradient
  1  0.01550 -2.03535e+04 |  2  0.00058  1.50574e+02 |  3  0.18462  4.29035e+02
  4  0.04426  1.43117e+02 |  5 -0.15318  9.35222e+01 |  6  0.06140  1.20091e+02
  7  0.05651  3.78647e+02 |  8  0.08539  4.04098e+02 |  9 -0.24933 -9.48294e+01
 10  0.14793  2.78717e+02 | 11 -0.03634  1.10979e+02 | 12 -0.10736  3.90573e+01
 13  0.06625  1.19911e+02 | 14  0.10164 -1.98139e+02 | 15  0.07950  3.95816e+01
 16  0.00959  5.05491e+01 | 17  0.05396  2.32113e+01 | 18  0.02723 -7.09121e+01
 19  0.18301  6.44768e+02 | 20 -1.03860 -3.78905e+00 | 21 -0.00190 -3.54810e+02
 22 -0.05502 -3.20374e+02 | 23 -0.00131 -5.31935e+02 | 24  0.07153  1.92656e+00
 25 -0.02405 -1.58828e+02 | 26  0.10535 -4.05794e+02 | 27  0.04357 -6.97128e+02
 28  0.06991 -3.69431e+02 | 29  0.02919 -6.81831e+02 | 30  0.13220  3.28903e+02
 31 -0.10891 -6.75216e+01 | 32  0.08119 -1.34875e+03 | 33  0.06988 -2.47336e+02
 34  0.03459 -2.96937e+02 | 35  0.10138 -7.22259e+02 | 36 -0.67294  1.00991e+01
 37  0.32136  6.95899e+03 | 38  0.28434  3.24191e+03 | 39  0.28144  1.69222e+02
 40  0.27323  4.76920e+02 | 41  0.09600 -7.67413e+03 | 42 -0.82279  1.93971e+03
 43 -0.10920 -9.82226e+01 | 44  0.03639 -1.11725e+04 | 45  0.01690  1.33581e+02
 46 -0.74326  2.05823e+03 |
46 variables; iteration 60; function evaluation 79; phase 2
Function value 4.3244980e+03; maximum gradient component mag -3.9243e+03
Var    Value     Gradient |Var    Value     Gradient |Var    Value     Gradient
  1  0.07333 -3.92429e+03 |  2 -0.01156  1.90298e+02 |  3 -0.01236  1.34313e+02
  4 -0.08040  8.91180e+01 |  5 -0.18987  1.40014e+02 |  6 -0.10148  6.53879e+01
  7 -0.18869  1.14892e+02 |  8 -0.10932  1.19466e+02 |  9  0.02279  2.67611e+01
 10 -0.00218 -3.87900e+02 | 11 -0.13828 -6.40332e+01 | 12 -0.02024  2.02403e+01
 13  0.14571  1.88566e+02 | 14  0.16961  2.35743e+02 | 15  0.06538  1.53615e+02
 16 -0.12812  5.62435e+01 | 17  0.07777  1.43463e+02 | 18  0.16165  2.38016e+02
 19  0.19075  2.54737e+02 | 20 -0.43977 -1.06384e+01 | 21  0.07296  1.43769e+02
 22  0.13102  3.28594e+02 | 23  0.03948  1.91967e+02 | 24  0.06561  1.39011e+02
 25  0.07980  1.17616e+02 | 26  0.14715  1.67769e+02 | 27 -0.02159  1.82292e+01
 28  0.06988  3.53473e+01 | 29  0.06995  1.41159e+02 | 30  0.09018 -5.97268e+01
 31 -0.08743 -8.49245e+01 | 32  0.14564  9.56550e+01 | 33  0.04039  9.24966e+01
 34  0.07616  2.69787e+02 | 35 -0.05227 -1.47397e+02 | 36 -0.21695  1.45224e+02
 37  0.23697 -2.87393e+02 | 38  0.20912  4.21777e+02 | 39  0.21536  1.14611e+02
 40  0.23118 -5.51813e+02 | 41  0.01665 -9.51851e+01 | 42 -0.74612  7.36717e+01
 43 -0.12848 -1.53262e+02 | 44  0.43991  1.38255e+01 | 45 -0.18440  9.81925e+01
 46 -0.74121  1.66404e+01 |
46 variables; iteration 80; function evaluation 100; phase 2
Function value 4.0536786e+03; maximum gradient component mag -6.2473e+02
Var    Value     Gradient |Var    Value     Gradient |Var    Value     Gradient
  1  0.17175 -6.24730e+02 |  2  0.01096  4.77624e+01 |  3  0.01904 -1.65101e+01
  4 -0.01746 -3.69574e+01 |  5 -0.12680 -1.09403e+01 |  6 -0.02367 -1.55566e+01
  7 -0.11202 -1.65995e+01 |  8 -0.09355 -1.61417e+00 |  9 -0.06277 -4.18908e+01
 10 -0.00854 -2.18117e+02 | 11 -0.06768 -6.43930e+01 | 12  0.03550 -2.98471e+01
 13  0.08047 -4.85580e+01 | 14  0.13197  4.69930e+01 | 15  0.02021 -3.56000e+01
 16 -0.07902 -5.98601e+00 | 17  0.03201 -2.96637e+01 | 18  0.12024 -1.38947e+01
 19  0.10390 -1.07084e+02 | 20 -0.00488  1.41965e+01 | 21 -0.16013 -1.49901e+02
 22 -0.00348 -4.31127e+01 | 23 -0.03394  3.27625e+01 | 24  0.06665  5.12055e+01
 25  0.05886 -1.53893e+01 | 26  0.10527  6.30545e+01 | 27 -0.00093  3.41443e+01
 28  0.05094  5.75714e+00 | 29  0.06074  7.79572e+01 | 30  0.09692 -5.67493e+01
 31 -0.01378 -3.75492e+01 | 32  0.09073 -5.25284e+01 | 33  0.00585 -7.61756e+01
 34 -0.06169 -4.96903e+01 | 35  0.00617  9.40255e+00 | 36 -0.25593 -8.42253e+00
 37  0.18915 -1.89784e+02 | 38  0.16324 -9.05259e+00 | 39  0.17079 -1.19352e+01
 40  0.18873  6.02865e+00 | 41 -0.45763 -1.46279e+01 | 42 -1.05083 -4.19816e+00
 43  0.12746 -1.63067e+01 | 44  0.93686 -1.11979e+00 | 45 -0.15616  7.85081e+00
 46 -0.68067  1.55641e+01 |
Maximum number of function evaluations exceeded

 - final statistics:
46 variables; iteration 81; function evaluation 100
Function value 4.0537e+03; maximum gradient component mag -6.2473e+02
Exit code = 3;  converg criter 1.0000e+01
Var    Value     Gradient |Var    Value     Gradient |Var    Value     Gradient
  1  0.17175 -6.24730e+02 |  2  0.01096  4.77624e+01 |  3  0.01904 -1.65101e+01
  4 -0.01746 -3.69574e+01 |  5 -0.12680 -1.09403e+01 |  6 -0.02367 -1.55566e+01
  7 -0.11202 -1.65995e+01 |  8 -0.09355 -1.61417e+00 |  9 -0.06277 -4.18908e+01
 10 -0.00854 -2.18117e+02 | 11 -0.06768 -6.43930e+01 | 12  0.03550 -2.98471e+01
 13  0.08047 -4.85580e+01 | 14  0.13197  4.69930e+01 | 15  0.02021 -3.56000e+01
 16 -0.07902 -5.98601e+00 | 17  0.03201 -2.96637e+01 | 18  0.12024 -1.38947e+01
 19  0.10390 -1.07084e+02 | 20 -0.00488  1.41965e+01 | 21 -0.16013 -1.49901e+02
 22 -0.00348 -4.31127e+01 | 23 -0.03394  3.27625e+01 | 24  0.06665  5.12055e+01
 25  0.05886 -1.53893e+01 | 26  0.10527  6.30545e+01 | 27 -0.00093  3.41443e+01
 28  0.05094  5.75714e+00 | 29  0.06074  7.79572e+01 | 30  0.09692 -5.67493e+01
 31 -0.01378 -3.75492e+01 | 32  0.09073 -5.25284e+01 | 33  0.00585 -7.61756e+01
 34 -0.06169 -4.96903e+01 | 35  0.00617  9.40255e+00 | 36 -0.25593 -8.42253e+00
 37  0.18915 -1.89784e+02 | 38  0.16324 -9.05259e+00 | 39  0.17079 -1.19352e+01
 40  0.18873  6.02865e+00 | 41 -0.45763 -1.46279e+01 | 42 -1.05083 -4.19816e+00
 43  0.12746 -1.63067e+01 | 44  0.93686 -1.11979e+00 | 45 -0.15616  7.85081e+00
 46 -0.68067  1.55641e+01 |

Initial statistics: 52 variables; iteration 0; function evaluation 0; phase 3
Function value 4.0534144e+03; maximum gradient component mag -1.5704e+03
Var    Value     Gradient |Var    Value     Gradient |Var    Value     Gradient
  1  0.17175 -6.24730e+02 |  2  0.01161  7.08249e+01 |  3  0.01970  6.54658e+00
  4 -0.01680 -1.38993e+01 |  5 -0.12613  1.16733e+01 |  6 -0.02301  7.49495e+00
  7 -0.11136  6.11262e+00 |  8 -0.09289  2.12077e+01 |  9 -0.06212 -1.89376e+01
 10 -0.00789 -1.95055e+02 | 11 -0.06703 -4.14606e+01 | 12  0.03616 -6.81538e+00
 13  0.08113 -2.56714e+01 | 14  0.13264  6.95509e+01 | 15  0.02086 -1.25440e+01
 16 -0.07836  1.69059e+01 | 17  0.03267 -6.62534e+00 | 18  0.12091  8.76052e+00
 19  0.10456 -8.43087e+01 | 20 -0.00422  3.72633e+01 | 21 -0.15945 -1.27594e+02
 22 -0.00282 -2.00460e+01 | 23 -0.03328  5.57999e+01 | 24  0.06731  7.41383e+01
 25  0.05952  7.57864e+00 | 26  0.10593  8.57921e+01 | 27 -0.00027  5.72115e+01
 28  0.05159  2.87481e+01 | 29  0.06140  1.00909e+02 | 30  0.09758 -3.39434e+01
 31 -0.01313 -1.44877e+01 | 32  0.09139 -2.96906e+01 | 33  0.00651 -5.31088e+01
 34 -0.06104 -2.67340e+01 | 35  0.00682  3.24683e+01 | 36 -0.25522  1.28117e+01
 37  0.18915 -1.89784e+02 | 38  0.16324 -9.05259e+00 | 39  0.17079 -1.19352e+01
 40  0.18873  6.02865e+00 | 41 -0.45763 -1.46279e+01 | 42 -0.94917  4.19816e+00
 43  0.81459  3.42833e+02 | 44 -0.21542 -1.57036e+03 | 45  0.07535 -1.16820e+03
 46 -0.38997  7.65181e+02 | 47  0.24256 -1.21103e+03 | 48 -0.83901  3.86419e+02
 49  0.12746 -1.63067e+01 | 50  0.93686 -1.11979e+00 | 51 -0.15616  7.85081e+00
 52 -0.68067  1.55641e+01 |

Intermediate statistics: 52 variables; iteration 20; function evaluation 31; phase 3
Function value 3.4407043e+03; maximum gradient component mag -3.3381e+03
Var    Value     Gradient |Var    Value     Gradient |Var    Value     Gradient
  1  0.22975 -2.30041e+03 |  2 -0.01757  6.24572e+01 |  3  0.03512  7.13118e+01
  4  0.01393  7.06082e+01 |  5 -0.09598  7.43209e+01 |  6  0.01679  7.22379e+01
  7 -0.06506  7.01943e+01 |  8 -0.04679  6.52910e+01 |  9  0.02169  6.42086e+01
 10  0.15120  4.85369e+01 | 11  0.03877  1.00905e+02 | 12  0.13305  5.24229e+01
 13  0.11010  4.49374e+01 | 14  0.07531  5.08249e+01 | 15 -0.00284  5.73687e+01
 16 -0.10315  4.81283e+01 | 17 -0.00357  6.14374e+01 | 18  0.10647  2.01052e+01
 19  0.13270  3.26105e+01 | 20  0.00144  4.96043e+01 | 21 -0.10653  6.63227e+01
 22 -0.02399  8.46035e+01 | 23  0.08705  1.50045e+02 | 24 -0.01756 -2.84263e+00
 25 -0.07301  2.09529e+01 | 26  0.08762  6.73302e+01 | 27 -0.00617 -2.60537e+01
 28  0.05471 -5.04538e+01 | 29  0.01374 -3.90581e+01 | 30  0.10043  1.22347e+01
 31  0.00233 -2.32792e+01 | 32  0.13681 -9.00055e+01 | 33  0.01134 -2.83915e+01
 34 -0.13746 -3.24888e+01 | 35 -0.04406 -3.32578e+01 | 36 -0.66406 -2.10053e+01
 37  0.13229 -1.20570e+03 | 38  0.13787 -7.04574e+02 | 39  0.15457  4.88538e+02
 40  0.13130 -3.33808e+03 | 41 -0.48237 -1.46578e+00 | 42 -0.95636  2.36172e-01
 43 -0.07497 -3.01012e+01 | 44 -0.20203 -2.50004e+01 | 45  0.04806 -2.94543e+02
 46 -0.68500  6.62913e+01 | 47  0.59097 -3.94079e+02 | 48 -0.73201  9.71228e+01
 49  0.13923 -1.40307e+01 | 50  0.93348  1.22358e+00 | 51 -0.15366  4.34076e+00
 52 -0.70996 -5.94799e-01 |
52 variables; iteration 40; function evaluation 60; phase 3
Function value 3.3669442e+03; maximum gradient component mag 5.7699e+02
Var    Value     Gradient |Var    Value     Gradient |Var    Value     Gradient
  1  0.27467 -1.76679e+02 |  2 -0.00243 -2.42582e+01 |  3  0.03809 -4.52622e+01
  4  0.01580 -5.52439e+01 |  5 -0.08759 -3.60998e+01 |  6  0.03100 -4.40054e+01
  7 -0.03729 -1.76804e+01 |  8 -0.01804 -1.49104e+01 |  9  0.02630 -2.69789e+01
 10  0.11476 -8.94259e+01 | 11  0.02585 -6.97354e+00 | 12  0.10323 -4.26913e+01
 13  0.09032 -5.24942e+01 | 14  0.07731 -2.16988e+01 | 15  0.00212 -3.29731e+01
 16 -0.14215 -8.97978e+01 | 17 -0.00543 -4.70051e+01 | 18  0.11043 -2.01100e+01
 19  0.11744 -1.43369e+01 | 20 -0.01635 -4.05301e+01 | 21 -0.14684 -7.63897e+01
 22 -0.07596 -8.39510e+01 | 23  0.04698 -2.66340e+01 | 24  0.00581 -4.70233e+01
 25 -0.02334 -2.04939e+01 | 26  0.05981  1.24774e+01 | 27 -0.01176 -5.04204e+01
 28  0.02174 -7.44530e+01 | 29  0.00738 -8.43614e+01 | 30  0.05986 -1.01265e+02
 31  0.01552 -2.90307e+01 | 32  0.09876 -1.08786e+02 | 33 -0.01495 -7.78612e+01
 34 -0.13035 -7.59647e+01 | 35 -0.05739 -2.90526e+01 | 36 -0.36544 -2.77651e+01
 37  0.12737  5.76995e+02 | 38  0.12445 -1.81973e+02 | 39  0.12325 -3.94131e+02
 40  0.12503 -1.34449e+02 | 41 -0.43441 -3.48785e+01 | 42 -1.00655  4.89930e-01
 43  0.28388  2.82759e+00 | 44 -0.16915  7.31576e+01 | 45  0.07152  1.46601e+02
 46 -0.66836 -1.96394e+01 | 47  0.65112 -1.86581e+02 | 48 -0.71541  7.79426e+01
 49  0.12255 -1.08104e+01 | 50  0.78131 -1.82971e+01 | 51 -0.12276  3.33235e+01
 52 -0.73170 -2.08995e+01 |
52 variables; iteration 60; function evaluation 91; phase 3
Function value 3.3178986e+03; maximum gradient component mag 1.8778e+02
Var    Value     Gradient |Var    Value     Gradient |Var    Value     Gradient
  1  0.37880  3.15830e+01 |  2 -0.03215 -7.84575e+00 |  3  0.02533  2.31936e+01
  4 -0.00125  1.08993e+01 |  5 -0.11827  7.95980e+00 |  6 -0.00152  1.31592e+01
  7 -0.08459  1.07628e+01 |  8 -0.06010  2.18339e+01 |  9 -0.01116 -9.33316e+00
 10  0.12759  2.57560e+01 | 11  0.00088 -1.13016e+01 | 12  0.11449  2.76263e+01
 13  0.10732  1.12537e+01 | 14  0.08324  1.97098e+01 | 15  0.00871  6.17213e+00
 16 -0.09097  2.10185e+01 | 17  0.00856  2.83855e+01 | 18  0.10172 -1.83146e+00
 19  0.11551  1.33260e+00 | 20 -0.01389 -2.66448e+00 | 21 -0.12855  7.48494e-01
 22 -0.01429  3.83184e+01 | 23  0.00780 -3.87253e+00 | 24  0.01390  1.92728e+01
 25 -0.02300  1.88495e+01 | 26  0.03672 -1.86805e+01 | 27  0.01591  4.13588e+01
 28  0.04665  1.50762e+01 | 29  0.04841  5.23097e+01 | 30  0.09970  4.46382e+01
 31  0.02459  5.28085e+00 | 32  0.13178  3.98096e+01 | 33  0.00625  1.02698e+01
 34 -0.09446  1.35968e+01 | 35 -0.06788 -3.93137e+00 | 36 -0.39164  3.60758e+00
 37  0.08073 -1.26379e+02 | 38  0.08248  1.71825e+02 | 39  0.09115  1.87783e+02
 40  0.07589 -8.64956e+01 | 41 -0.42555  4.28151e+00 | 42 -1.08420  1.11196e-01
 43  0.28238 -1.73759e+01 | 44 -0.31248  4.61960e+01 | 45  0.06376 -1.34368e+01
 46 -0.67141  2.86558e+01 | 47  0.90850 -2.09415e+01 | 48 -0.78651 -1.46400e+00
 49  0.10587  3.26559e+00 | 50  0.79119  1.50058e+00 | 51 -0.16410 -4.95648e+00
 52 -0.71555  1.98922e+00 |
52 variables; iteration 80; function evaluation 111; phase 3
Function value 3.3115735e+03; maximum gradient component mag -8.5935e+01
Var    Value     Gradient |Var    Value     Gradient |Var    Value     Gradient
  1  0.56284 -5.15967e+01 |  2 -0.01839  6.72705e-01 |  3  0.02602  6.76355e-02
  4  0.00444  2.31468e-01 |  5 -0.10956  8.48275e-01 |  6  0.00381  5.25468e-01
  7 -0.07807  9.17905e-01 |  8 -0.05983  1.60219e-01 |  9  0.00337 -1.46808e-01
 10  0.12437  2.76217e-01 | 11  0.01398 -1.39301e+00 | 12  0.10522 -5.45771e-01
 13  0.10413  1.27577e-01 | 14  0.07927  8.92942e-01 | 15  0.00920 -1.25496e+00
 16 -0.09950 -6.13948e-01 | 17 -0.00474 -1.35484e+00 | 18  0.10797 -1.06410e+00
 19  0.11884 -1.91453e+00 | 20 -0.00578 -5.07632e-01 | 21 -0.11595  3.93572e-01
 22 -0.03407 -7.63553e-01 | 23  0.01995 -2.18263e+00 | 24  0.00531  2.51847e-01
 25 -0.03209 -4.11363e-01 | 26  0.04568 -3.94138e+00 | 27  0.00271 -6.81972e-01
 28  0.04097 -1.64577e+00 | 29  0.03186  1.59966e-01 | 30  0.08716 -2.20566e+00
 31  0.02485 -1.98286e+00 | 32  0.12009 -3.47578e+00 | 33  0.00138 -1.07504e+00
 34 -0.10038 -3.78266e-01 | 35 -0.06488 -4.51814e-01 | 36 -0.37802 -1.87258e-01
 37  0.02112 -8.59353e+01 | 38  0.02165 -3.50203e+01 | 39  0.02753 -1.33954e+01
 40  0.01645 -4.10554e+01 | 41 -0.47761 -3.14197e+00 | 42 -0.97910  3.96690e-01
 43  0.28918  4.52907e+00 | 44 -0.33977  3.69993e+00 | 45  0.06278 -3.59707e+00
 46 -0.67517  4.65835e-01 | 47  1.00730  1.34705e+00 | 48 -0.76481 -1.39677e+00
 49  0.13451 -3.68284e+00 | 50  0.90014 -3.66658e-01 | 51 -0.15104  4.36900e+00
 52 -0.69905  3.13427e+00 |
52 variables; iteration 100; function evaluation 133; phase 3
Function value 3.3113748e+03; maximum gradient component mag -1.1775e+01
Var    Value     Gradient |Var    Value     Gradient |Var    Value     Gradient
  1  0.69655 -5.70280e+00 |  2 -0.01826  1.04537e-01 |  3  0.02641  1.93437e-01
  4  0.00477  4.71750e-02 |  5 -0.10948  1.07802e-01 |  6  0.00400  1.86866e-01
  7 -0.07797  1.17314e-01 |  8 -0.05928  7.82574e-02 |  9  0.00388  6.12445e-02
 10  0.12438 -7.99173e-02 | 11  0.01487 -3.02794e-01 | 12  0.10541  1.24547e-02
 13  0.10396  3.04069e-02 | 14  0.07870  7.52657e-02 | 15  0.00943 -1.81253e-01
 16 -0.09922 -1.37393e-01 | 17 -0.00434 -1.51324e-01 | 18  0.10741 -2.71086e-01
 19  0.11867 -2.85711e-01 | 20 -0.00601 -6.13405e-02 | 21 -0.11644 -8.30020e-03
 22 -0.03383 -2.01868e-02 | 23  0.02132 -2.07667e-01 | 24  0.00458 -8.52380e-02
 25 -0.03273 -1.58443e-01 | 26  0.04586 -5.02497e-01 | 27  0.00243 -1.55740e-02
 28  0.04053 -3.66970e-01 | 29  0.03116  6.50686e-02 | 30  0.08696 -1.89289e-01
 31  0.02501 -1.96448e-01 | 32  0.11985 -5.46257e-01 | 33  0.00104 -2.88223e-01
 34 -0.10065 -1.85617e-01 | 35 -0.06516 -1.35672e-01 | 36 -0.37728 -3.89778e-02
 37 -0.01129 -1.17752e+01 | 38 -0.01074 -4.46497e+00 | 39 -0.00488 -1.45920e+00
 40 -0.01602 -7.87830e+00 | 41 -0.48759 -4.81303e-01 | 42 -0.91008 -1.56649e-02
 43  0.28903  7.55257e-01 | 44 -0.34150 -7.83291e-01 | 45  0.06291 -2.65618e-01
 46 -0.67526 -1.14542e+00 | 47  0.99916 -1.24754e-02 | 48 -0.74784  2.09452e-02
 49  0.13955 -5.41319e-01 | 50  0.94203 -2.96818e-03 | 51 -0.16164  3.59193e-01
 52 -0.72108 -1.49779e-01 |
52 variables; iteration 120; function evaluation 156; phase 3
Function value 3.3113416e+03; maximum gradient component mag 1.2498e+00
Var    Value     Gradient |Var    Value     Gradient |Var    Value     Gradient
  1  0.80204  8.30971e-02 |  2 -0.01829 -5.59364e-02 |  3  0.02632 -2.68730e-02
  4  0.00472 -7.27742e-02 |  5 -0.10953 -4.19937e-02 |  6  0.00394 -3.07165e-04
  7 -0.07799 -2.26250e-02 |  8 -0.05926 -3.96707e-02 |  9  0.00392 -5.06775e-02
 10  0.12446 -3.54852e-02 | 11  0.01502 -2.17968e-01 | 12  0.10547 -2.54238e-03
 13  0.10397 -1.96290e-02 | 14  0.07867  8.03948e-03 | 15  0.00945 -1.45147e-01
 16 -0.09915 -1.11746e-01 | 17 -0.00431 -6.88700e-02 | 18  0.10742 -8.15838e-02
 19  0.11866 -1.19539e-01 | 20 -0.00602 -5.63745e-02 | 21 -0.11643 -3.97221e-02
 22 -0.03389 -1.12854e-01 | 23  0.02133 -2.22889e-01 | 24  0.00461 -4.29076e-02
 25 -0.03267 -2.49400e-02 | 26  0.04583 -1.59336e-01 | 27  0.00235  8.03458e-02
 28  0.04054 -1.93078e-02 | 29  0.03111  1.40527e-01 | 30  0.08693 -9.74125e-03
 31  0.02500 -1.92776e-02 | 32  0.11985 -3.19051e-02 | 33  0.00104 -4.34815e-02
 34 -0.10067 -8.67659e-02 | 35 -0.06519  5.27402e-02 | 36 -0.37713 -5.32842e-02
 37 -0.02924 -3.74432e-02 | 38 -0.02869  4.40789e-01 | 39 -0.02283  2.16445e-01
 40 -0.03397  1.24983e+00 | 41 -0.48415 -2.60756e-01 | 42 -0.84123 -2.44481e-01
 43  0.28899  1.27644e-01 | 44 -0.34123 -2.33829e-01 | 45  0.06294 -3.02637e-01
 46 -0.67517 -5.57738e-01 | 47  1.00323  3.79286e-01 | 48 -0.74838 -2.97646e-03
 49  0.13783 -8.01659e-02 | 50  0.92544 -2.41432e-02 | 51 -0.18005 -5.87822e-02
 52 -0.76601 -2.44002e-01 |
52 variables; iteration 140; function evaluation 179; phase 3
Function value 3.3113308e+03; maximum gradient component mag -5.1022e+00
Var    Value     Gradient |Var    Value     Gradient |Var    Value     Gradient
  1  0.87282 -1.05786e+00 |  2 -0.01831  7.24178e-02 |  3  0.02627  6.34676e-02
  4  0.00469  6.78871e-02 |  5 -0.10957  6.06688e-02 |  6  0.00387  6.56283e-02
  7 -0.07804  7.05772e-02 |  8 -0.05929  7.51080e-02 |  9  0.00391  6.28041e-02
 10  0.12448  3.27628e-02 | 11  0.01510  1.08622e-02 | 12  0.10549  3.22081e-02
 13  0.10397  1.71004e-02 | 14  0.07865 -1.02297e-02 | 15  0.00949  7.97109e-03
 16 -0.09910  3.85485e-02 | 17 -0.00430 -1.39494e-02 | 18  0.10744 -9.30005e-02
 19  0.11868 -1.39052e-01 | 20 -0.00601  1.26961e-02 | 21 -0.11643  6.66790e-02
 22 -0.03387 -8.03924e-03 | 23  0.02142 -5.98285e-02 | 24  0.00461  8.43162e-03
 25 -0.03267  1.90362e-02 | 26  0.04586 -1.60942e-01 | 27  0.00231 -7.12205e-02
 28  0.04054 -1.01253e-01 | 29  0.03106 -1.73019e-02 | 30  0.08692 -1.13609e-01
 31  0.02501 -3.79628e-02 | 32  0.11985 -2.40624e-01 | 33  0.00104 -5.71883e-02
 34 -0.10066 -1.69217e-02 | 35 -0.06522 -1.07763e-02 | 36 -0.37711  5.46525e-02
 37 -0.03721 -5.10221e+00 | 38 -0.03666 -2.21795e+00 | 39 -0.03080 -5.81826e-01
 40 -0.04194 -3.11866e+00 | 41 -0.45073 -6.49644e-01 | 42 -0.79827  5.47940e-02
 43  0.28897  2.50234e-01 | 44 -0.34115 -2.26717e-02 | 45  0.06297 -5.67933e-02
 46 -0.67509 -1.68102e-01 | 47  0.99946 -2.72912e-03 | 48 -0.74821  1.67163e-03
 49  0.12047 -4.10289e-02 | 50  0.83397 -2.96718e-01 | 51 -0.19639  7.78901e-02
 52 -0.81411  1.10248e-02 |
52 variables; iteration 160; function evaluation 203; phase 3
Function value 3.3113267e+03; maximum gradient component mag -3.4022e+00
Var    Value     Gradient |Var    Value     Gradient |Var    Value     Gradient
  1  0.91764 -4.95846e-01 |  2 -0.01832  4.69443e-02 |  3  0.02626  6.30229e-02
  4  0.00467  5.10252e-02 |  5 -0.10959  4.16453e-02 |  6  0.00385  5.89818e-02
  7 -0.07807  4.30770e-02 |  8 -0.05932  4.40045e-02 |  9  0.00389  4.33911e-02
 10  0.12447  2.97435e-02 | 11  0.01511  3.24299e-02 | 12  0.10546 -1.44201e-02
 13  0.10395 -3.15493e-02 | 14  0.07866 -4.17299e-03 | 15  0.00951  3.07603e-02
 16 -0.09908  5.59652e-02 | 17 -0.00428  1.29178e-02 | 18  0.10744 -5.22611e-02
 19  0.11870 -7.52714e-02 | 20 -0.00600  1.74696e-02 | 21 -0.11642  6.04142e-02
 22 -0.03384  3.32890e-02 | 23  0.02148  1.24995e-02 | 24  0.00461  1.03822e-02
 25 -0.03268  5.19375e-03 | 26  0.04588 -8.18875e-02 | 27  0.00231 -4.20157e-02
 28  0.04054 -7.04997e-02 | 29  0.03104 -4.32509e-02 | 30  0.08693 -7.57357e-02
 31  0.02500 -3.19412e-02 | 32  0.11986 -1.56939e-01 | 33  0.00104 -3.36476e-02
 34 -0.10064  1.71359e-02 | 35 -0.06522 -6.94734e-03 | 36 -0.37712  4.30844e-02
 37 -0.04048 -3.40221e+00 | 38 -0.03993 -1.57886e+00 | 39 -0.03407 -5.09758e-01
 40 -0.04521 -2.29156e+00 | 41 -0.36372 -4.41810e-01 | 42 -0.77537  2.47705e-02
 43  0.28896  1.41830e-01 | 44 -0.34113  2.28995e-02 | 45  0.06298  1.61438e-02
 46 -0.67506  8.32762e-03 | 47  0.99878 -3.66757e-02 | 48 -0.74832 -5.00326e-03
 49  0.07198  1.99835e-01 | 50  0.69987 -4.30408e-01 | 51 -0.20684 -6.09437e-02
 52 -0.85216  1.81606e-02 |
52 variables; iteration 180; function evaluation 226; phase 3
Function value 3.3113248e+03; maximum gradient component mag -9.0538e-01
Var    Value     Gradient |Var    Value     Gradient |Var    Value     Gradient
  1  0.95402 -9.17181e-02 |  2 -0.01832  9.92533e-03 |  3  0.02626  1.47281e-02
  4  0.00467  1.43793e-02 |  5 -0.10959  1.09230e-02 |  6  0.00385  1.57667e-02
  7 -0.07807  1.20744e-02 |  8 -0.05932  8.88418e-03 |  9  0.00389  1.10478e-02
 10  0.12447  5.76614e-03 | 11  0.01511  6.80037e-03 | 12  0.10547  2.16858e-03
 13  0.10395 -5.41436e-03 | 14  0.07865 -1.39454e-03 | 15  0.00951  6.86212e-03
 16 -0.09908  1.08797e-02 | 17 -0.00428 -1.23307e-03 | 18  0.10744 -1.19241e-02
 19  0.11870 -1.30109e-02 | 20 -0.00600  4.97632e-03 | 21 -0.11642  1.07675e-02
 22 -0.03384  5.95197e-03 | 23  0.02148  3.30869e-03 | 24  0.00461  8.57673e-04
 25 -0.03268  9.16416e-04 | 26  0.04588 -2.02266e-02 | 27  0.00231 -1.62749e-02
 28  0.04054 -1.91165e-02 | 29  0.03104 -1.40415e-02 | 30  0.08693 -1.57600e-02
 31  0.02500 -7.35176e-03 | 32  0.11986 -3.84875e-02 | 33  0.00104 -1.20058e-02
 34 -0.10064  5.50602e-03 | 35 -0.06523 -1.01846e-02 | 36 -0.37711  1.15335e-02
 37 -0.04210 -9.05383e-01 | 38 -0.04155 -4.26212e-01 | 39 -0.03569 -1.26653e-01
 40 -0.04683 -5.95779e-01 | 41 -0.23975 -7.39914e-03 | 42 -0.76065 -3.01535e-02
 43  0.28896  3.56518e-02 | 44 -0.34113  2.97675e-03 | 45  0.06298  1.91591e-02
 46 -0.67507 -5.78787e-03 | 47  1.00133  4.63908e-02 | 48 -0.74830  6.39810e-04
 49 -0.00392  6.23984e-02 | 50  0.56167 -4.19621e-02 | 51 -0.21414 -4.28118e-02
 52 -0.88604 -1.76819e-02 |
52 variables; iteration 200; function evaluation 247; phase 3
Function value 3.3113242e+03; maximum gradient component mag 3.6478e-01
Var    Value     Gradient |Var    Value     Gradient |Var    Value     Gradient
  1  0.97818 -3.57661e-04 |  2 -0.01832 -1.04178e-02 |  3  0.02626  2.08164e-03
  4  0.00468 -2.18317e-03 |  5 -0.10959 -4.99851e-03 |  6  0.00385 -5.83095e-04
  7 -0.07807 -5.44114e-03 |  8 -0.05932 -6.61331e-03 |  9  0.00389 -3.29439e-03
 10  0.12447 -7.50304e-04 | 11  0.01511 -5.00129e-03 | 12  0.10546 -4.84087e-03
 13  0.10395 -1.02391e-02 | 14  0.07865 -3.66956e-03 | 15  0.00951  3.50322e-03
 16 -0.09907  8.51842e-03 | 17 -0.00428  2.44893e-03 | 18  0.10744 -4.85666e-04
 19  0.11870  2.28964e-03 | 20 -0.00600  3.76176e-03 | 21 -0.11642  5.96955e-03
 22 -0.03384  2.58303e-03 | 23  0.02149  2.39457e-03 | 24  0.00461 -2.79985e-03
 25 -0.03269  5.23817e-04 | 26  0.04588  8.52920e-03 | 27  0.00231  5.97080e-03
 28  0.04054  3.11754e-03 | 29  0.03104  4.82568e-03 | 30  0.08693  7.55738e-03
 31  0.02500  7.01809e-03 | 32  0.11986  6.07097e-03 | 33  0.00104  4.97963e-03
 34 -0.10064  5.54091e-03 | 35 -0.06523  9.86361e-03 | 36 -0.37711  1.10374e-03
 37 -0.04267  3.64784e-01 | 38 -0.04212  1.48293e-01 | 39 -0.03626  6.27780e-02
 40 -0.04740  1.83487e-01 | 41 -0.13536 -3.88035e-02 | 42 -0.75423 -3.49125e-02
 43  0.28896 -2.15095e-02 | 44 -0.34113 -6.44360e-03 | 45  0.06298 -1.08770e-02
 46 -0.67506  9.94134e-03 | 47  1.00024 -5.17280e-04 | 48 -0.74831  1.22344e-03
 49 -0.07268  7.58950e-02 | 50  0.46264 -9.69704e-02 | 51 -0.21746 -5.01785e-02
 52 -0.90526 -2.13669e-02 |
52 variables; iteration 220; function evaluation 270; phase 3
Function value 3.3113240e+03; maximum gradient component mag -2.4205e-01
Var    Value     Gradient |Var    Value     Gradient |Var    Value     Gradient
  1  0.99543 -4.42860e-03 |  2 -0.01832  6.41259e-04 |  3  0.02626  6.65727e-03
  4  0.00467  3.00544e-03 |  5 -0.10959  2.73373e-03 |  6  0.00385  6.55148e-03
  7 -0.07807  1.46388e-03 |  8 -0.05932  2.38619e-04 |  9  0.00389  1.16987e-03
 10  0.12447  1.53197e-03 | 11  0.01511  2.38250e-03 | 12  0.10546 -5.29127e-03
 13  0.10395 -9.40079e-03 | 14  0.07866 -5.41466e-04 | 15  0.00951  3.30003e-03
 16 -0.09908  6.24950e-03 | 17 -0.00428  2.02086e-03 | 18  0.10744 -5.46176e-03
 19  0.11870 -5.39582e-03 | 20 -0.00600  2.80813e-04 | 21 -0.11642  5.93630e-03
 22 -0.03384  6.48582e-03 | 23  0.02149  9.91077e-03 | 24  0.00461 -1.64976e-03
 25 -0.03269 -2.88200e-03 | 26  0.04588 -7.82215e-04 | 27  0.00231 -2.66784e-03
 28  0.04054 -6.62763e-03 | 29  0.03104 -7.85566e-03 | 30  0.08693 -4.29201e-03
 31  0.02500 -5.30030e-03 | 32  0.11986 -1.19190e-02 | 33  0.00104 -3.75374e-03
 34 -0.10064  2.99310e-03 | 35 -0.06523 -1.88369e-03 | 36 -0.37711  3.56306e-03
 37 -0.04283 -2.42053e-01 | 38 -0.04228 -1.35272e-01 | 39 -0.03642 -5.84018e-02
 40 -0.04757 -1.76621e-01 | 41 -0.04947 -3.08001e-02 | 42 -0.75288 -3.02501e-03
 43  0.28896  5.22751e-03 | 44 -0.34113 -1.18665e-03 | 45  0.06298  5.15861e-03
 46 -0.67506  1.43034e-02 | 47  0.99923 -9.06887e-03 | 48 -0.74832 -2.41365e-04
 49 -0.13185  4.58106e-02 | 50  0.38822 -7.32751e-02 | 51 -0.21816 -3.19302e-02
 52 -0.90978 -1.60495e-02 |
52 variables; iteration 240; function evaluation 295; phase 3
Function value 3.3113235e+03; maximum gradient component mag -2.6933e-01
Var    Value     Gradient |Var    Value     Gradient |Var    Value     Gradient
  1  1.02002  1.49385e-02 |  2 -0.01832 -2.64119e-03 |  3  0.02626  4.84763e-03
  4  0.00467  1.15010e-03 |  5 -0.10959  2.49015e-03 |  6  0.00385  4.05914e-03
  7 -0.07807  1.95135e-04 |  8 -0.05933 -1.49787e-03 |  9  0.00389 -1.95926e-03
 10  0.12447  1.99786e-03 | 11  0.01511  1.03371e-03 | 12  0.10546 -7.47457e-03
 13  0.10395 -1.37000e-02 | 14  0.07866 -3.59188e-03 | 15  0.00951  4.35844e-03
 16 -0.09907  1.28877e-02 | 17 -0.00428  3.91008e-03 | 18  0.10744 -7.39755e-03
 19  0.11870 -9.00509e-03 | 20 -0.00600  1.79269e-03 | 21 -0.11642  1.13142e-02
 22 -0.03383  9.48192e-03 | 23  0.02150  1.21313e-02 | 24  0.00461 -3.23618e-03
 25 -0.03269 -3.14133e-03 | 26  0.04588  2.46017e-03 | 27  0.00231  6.84012e-04
 28  0.04054 -4.30639e-03 | 29  0.03104 -4.34303e-03 | 30  0.08693  7.58755e-04
 31  0.02500 -5.90634e-03 | 32  0.11986 -1.44754e-02 | 33  0.00104 -2.34546e-03
 34 -0.10064  6.67261e-03 | 35 -0.06523  5.84796e-03 | 36 -0.37711  3.95683e-03
 37 -0.04270 -6.72794e-02 | 38 -0.04215 -5.92903e-02 | 39 -0.03629 -3.27690e-02
 40 -0.04743 -1.25335e-01 | 41  0.09755 -1.72034e-01 | 42 -0.76318  7.81046e-02
 43  0.28896 -1.97458e-03 | 44 -0.34112  3.06213e-03 | 45  0.06298 -3.20248e-03
 46 -0.67506  1.99017e-02 | 47  0.99965 -1.59753e-04 | 48 -0.74833 -1.11065e-03
 49 -0.23713  3.93695e-02 | 50  0.27199 -2.69326e-01 | 51 -0.21284 -2.07106e-02
 52 -0.87915  2.16564e-02 |
52 variables; iteration 260; function evaluation 320; phase 3
Function value 3.3113233e+03; maximum gradient component mag 1.9131e-01
Var    Value     Gradient |Var    Value     Gradient |Var    Value     Gradient
  1  1.03290  8.35297e-03 |  2 -0.01832 -2.93647e-03 |  3  0.02626 -2.74537e-03
  4  0.00467 -2.83447e-03 |  5 -0.10959 -2.47387e-03 |  6  0.00385 -2.65616e-03
  7 -0.07807 -2.60577e-03 |  8 -0.05932 -2.87379e-03 |  9  0.00389 -2.33338e-03
 10  0.12447 -2.09163e-03 | 11  0.01511 -1.90302e-03 | 12  0.10547 -1.16108e-04
 13  0.10395  6.22686e-04 | 14  0.07865  4.58646e-04 | 15  0.00951 -1.36023e-03
 16 -0.09908 -2.93726e-03 | 17 -0.00428 -1.69121e-04 | 18  0.10744  3.07633e-03
 19  0.11870  4.66704e-03 | 20 -0.00600 -9.62630e-04 | 21 -0.11642 -3.23351e-03
 22 -0.03384 -1.20933e-03 | 23  0.02148  3.54051e-04 | 24  0.00461 -5.73114e-04
 25 -0.03268 -8.46667e-04 | 26  0.04588  4.89292e-03 | 27  0.00231  2.86686e-03
 28  0.04054  3.51024e-03 | 29  0.03104  1.66920e-03 | 30  0.08693  4.14235e-03
 31  0.02500  1.90982e-03 | 32  0.11986  9.31122e-03 | 33  0.00104  1.92800e-03
 34 -0.10064 -1.07777e-03 | 35 -0.06523  2.03037e-04 | 36 -0.37711 -2.36173e-03
 37 -0.04246  1.91313e-01 | 38 -0.04191  8.59829e-02 | 39 -0.03605  2.54629e-02
 40 -0.04719  1.23051e-01 | 41  0.19371  3.58524e-02 | 42 -0.78803 -9.86720e-03
 43  0.28896 -8.72916e-03 | 44 -0.34113 -2.07134e-03 | 45  0.06298 -1.98964e-04
 46 -0.67507  1.78112e-03 | 47  0.99971  2.62909e-04 | 48 -0.74832  4.05269e-04
 49 -0.30789 -5.44028e-03 | 50  0.20294  5.55802e-02 | 51 -0.20095 -3.56699e-03
 52 -0.82969 -1.12351e-02 |
52 variables; iteration 280; function evaluation 345; phase 3
Function value 3.3113232e+03; maximum gradient component mag -4.7532e-01
Var    Value     Gradient |Var    Value     Gradient |Var    Value     Gradient
  1  1.03178  4.21508e-02 |  2 -0.01832  1.74009e-03 |  3  0.02626  5.14747e-03
  4  0.00467  3.11056e-03 |  5 -0.10959  6.14363e-03 |  6  0.00385  7.51528e-03
  7 -0.07807  5.33589e-03 |  8 -0.05933  2.26805e-03 |  9  0.00389 -8.44492e-04
 10  0.12447  7.00028e-04 | 11  0.01511  2.92417e-03 | 12  0.10546 -2.76800e-03
 13  0.10395 -5.68370e-03 | 14  0.07866  2.49876e-03 | 15  0.00951  8.98623e-04
 16 -0.09907  3.76242e-03 | 17 -0.00428 -3.76278e-03 | 18  0.10744 -8.01370e-03
 19  0.11870 -4.56025e-03 | 20 -0.00600 -4.28457e-03 | 21 -0.11642  1.64201e-03
 22 -0.03383  9.92878e-03 | 23  0.02149  1.41251e-02 | 24  0.00461 -6.83957e-03
 25 -0.03269 -8.53406e-03 | 26  0.04588 -6.15123e-03 | 27  0.00231 -8.80202e-03
 28  0.04054 -1.46660e-02 | 29  0.03104 -1.07457e-02 | 30  0.08693 -5.53907e-03
 31  0.02500 -1.39095e-02 | 32  0.11986 -1.76306e-02 | 33  0.00104 -9.08326e-03
 34 -0.10064  1.93013e-03 | 35 -0.06523 -1.16924e-02 | 36 -0.37711  4.61322e-03
 37 -0.04248 -4.75317e-01 | 38 -0.04194 -2.36816e-01 | 39 -0.03608 -8.43218e-02
 40 -0.04722 -3.11734e-01 | 41  0.22064  3.63705e-02 | 42 -0.81619 -3.08993e-02
 43  0.28896  1.81366e-02 | 44 -0.34112  8.52190e-03 | 45  0.06298 -1.03708e-03
 46 -0.67506  1.67028e-02 | 47  0.99883 -3.22104e-02 | 48 -0.74834 -2.48651e-03
 49 -0.32787  3.85442e-03 | 50  0.18455  4.69539e-02 | 51 -0.18910 -8.18302e-03
 52 -0.79120 -2.43175e-02 |
52 variables; iteration 300; function evaluation 369; phase 3
Function value 3.3113228e+03; maximum gradient component mag -2.1923e-01
Var    Value     Gradient |Var    Value     Gradient |Var    Value     Gradient
  1  1.00499  4.21067e-03 |  2 -0.01832  1.01734e-03 |  3  0.02626  1.96162e-03
  4  0.00468  1.95595e-03 |  5 -0.10958  2.81394e-03 |  6  0.00386  1.97003e-03
  7 -0.07806  2.65507e-03 |  8 -0.05932  2.48652e-03 |  9  0.00389 -3.01966e-04
 10  0.12448  1.92087e-03 | 11  0.01511 -1.24941e-03 | 12  0.10547 -9.88113e-04
 13  0.10395 -7.85064e-04 | 14  0.07865 -1.79344e-03 | 15  0.00951 -2.13490e-04
 16 -0.09908 -4.27075e-03 | 17 -0.00428 -1.81372e-03 | 18  0.10744 -4.47415e-03
 19  0.11869 -4.92659e-03 | 20 -0.00600 -1.76579e-03 | 21 -0.11642  1.47622e-03
 22 -0.03384  5.45854e-04 | 23  0.02148 -9.07176e-04 | 24  0.00461 -2.07372e-03
 25 -0.03268 -8.91615e-04 | 26  0.04588 -5.15439e-03 | 27  0.00231 -4.06322e-03
 28  0.04054 -6.00905e-03 | 29  0.03105 -2.05320e-04 | 30  0.08693  3.43871e-03
 31  0.02500 -5.24950e-03 | 32  0.11986 -1.01303e-02 | 33  0.00104 -2.39769e-03
 34 -0.10064 -1.20763e-03 | 35 -0.06523 -2.74778e-03 | 36 -0.37712 -1.29184e-03
 37 -0.04283 -2.19227e-01 | 38 -0.04228 -9.34344e-02 | 39 -0.03642 -2.59339e-02
 40 -0.04756 -9.51358e-02 | 41  0.13710 -1.78517e-03 | 42 -0.83946 -1.10910e-02
 43  0.28896  1.65759e-02 | 44 -0.34113  2.85256e-03 | 45  0.06298 -6.44674e-04
 46 -0.67507 -5.25573e-03 | 47  0.99979  6.47077e-04 | 48 -0.74833 -1.37978e-03
 49 -0.26610 -3.23143e-03 | 50  0.24296 -2.91208e-04 | 51 -0.18057  3.64185e-03
 52 -0.76715 -8.69946e-03 |
52 variables; iteration 320; function evaluation 393; phase 3
Function value 3.3113228e+03; maximum gradient component mag 7.0701e-02
Var    Value     Gradient |Var    Value     Gradient |Var    Value     Gradient
  1  0.99543 -2.01555e-03 |  2 -0.01832 -1.37889e-03 |  3  0.02626 -1.10473e-03
  4  0.00467 -1.56868e-03 |  5 -0.10959 -8.30269e-04 |  6  0.00385 -6.37572e-04
  7 -0.07807 -1.09571e-03 |  8 -0.05932 -1.27481e-03 |  9  0.00389 -1.13237e-03
 10  0.12447 -5.55837e-04 | 11  0.01511 -7.38859e-04 | 12  0.10547 -2.89979e-04
 13  0.10395 -3.03323e-04 | 14  0.07866  1.31331e-03 | 15  0.00951 -1.22763e-03
 16 -0.09908 -1.27815e-04 | 17 -0.00428  1.46191e-04 | 18  0.10744  9.24583e-04
 19  0.11870  1.95017e-03 | 20 -0.00600 -6.18578e-04 | 21 -0.11642 -1.44483e-03
 22 -0.03384 -5.42798e-04 | 23  0.02148  6.20291e-04 | 24  0.00461 -4.15477e-04
 25 -0.03268 -8.90953e-04 | 26  0.04588  1.78227e-03 | 27  0.00231  1.53413e-03
 28  0.04054  1.41845e-03 | 29  0.03104  6.26658e-04 | 30  0.08693  1.14302e-03
 31  0.02500 -2.51167e-04 | 32  0.11986  3.21955e-03 | 33  0.00104 -3.90688e-04
 34 -0.10064 -4.02014e-04 | 35 -0.06523 -3.36489e-04 | 36 -0.37711 -5.47309e-04
 37 -0.04283  7.07009e-02 | 38 -0.04228  3.00467e-02 | 39 -0.03642  5.87881e-03
 40 -0.04756  3.55041e-02 | 41  0.07648  1.42207e-02 | 42 -0.81869 -5.28454e-03
 43  0.28896 -4.70233e-03 | 44 -0.34113 -9.74297e-04 | 45  0.06298 -8.54065e-04
 46 -0.67507  4.94197e-04 | 47  0.99990  1.22757e-03 | 48 -0.74832 -1.80113e-04
 49 -0.22180 -1.11237e-03 | 50  0.28791  1.97393e-02 | 51 -0.18812 -1.64129e-03
 52 -0.78828 -4.03989e-03 |
52 variables; iteration 340; function evaluation 413; phase 3
Function value 3.3113228e+03; maximum gradient component mag -3.4078e-03
Var    Value     Gradient |Var    Value     Gradient |Var    Value     Gradient
  1  0.99846 -7.85049e-04 |  2 -0.01832  1.18383e-04 |  3  0.02626  7.92766e-05
  4  0.00468  8.92552e-05 |  5 -0.10959  2.71465e-05 |  6  0.00385  6.79393e-05
  7 -0.07807  5.24268e-05 |  8 -0.05932  5.82419e-05 |  9  0.00390  1.17413e-04
 10  0.12447  2.13100e-05 | 11  0.01511  1.90323e-05 | 12  0.10547  8.72002e-05
 13  0.10395  9.85275e-05 | 14  0.07865  2.22484e-05 | 15  0.00951  2.21988e-05
 16 -0.09908 -2.98493e-07 | 17 -0.00428 -1.56684e-05 | 18  0.10744  1.31815e-05
 19  0.11869 -1.99892e-05 | 20 -0.00600  5.18043e-05 | 21 -0.11642  1.75795e-05
 22 -0.03384 -4.21872e-05 | 23  0.02148 -1.31186e-04 | 24  0.00461  9.01636e-05
 25 -0.03268  9.46190e-05 | 26  0.04588 -1.45377e-04 | 27  0.00231 -3.33636e-05
 28  0.04054 -2.98454e-05 | 29  0.03104 -3.06351e-05 | 30  0.08693 -1.90207e-04
 31  0.02500  1.05955e-04 | 32  0.11986 -8.80216e-05 | 33  0.00104 -1.59869e-05
 34 -0.10064 -3.95112e-05 | 35 -0.06523 -9.76040e-05 | 36 -0.37711  6.27201e-05
 37 -0.04284 -3.40781e-03 | 38 -0.04229 -1.28137e-03 | 39 -0.03643 -1.73421e-04
 40 -0.04757 -2.97038e-03 | 41  0.08696  4.09096e-04 | 42 -0.81730 -8.11343e-04
 43  0.28896  1.27375e-04 | 44 -0.34113 -4.19938e-05 | 45  0.06298  4.64073e-05
 46 -0.67507 -2.67633e-04 | 47  0.99967  4.07461e-05 | 48 -0.74832  4.95017e-05
 49 -0.22942  1.29383e-05 | 50  0.27998  2.90768e-04 | 51 -0.18866 -2.19233e-04
 52 -0.78986 -8.41926e-04 |
52 variables; iteration 360; function evaluation 436; phase 3
Function value 3.3113228e+03; maximum gradient component mag -9.3558e-02
Var    Value     Gradient |Var    Value     Gradient |Var    Value     Gradient
  1  0.99916 -4.70272e-04 |  2 -0.01831  3.61752e-03 |  3  0.02626  3.04256e-03
  4  0.00468  3.49230e-03 |  5 -0.10959  1.00271e-03 |  6  0.00385  1.71766e-03
  7 -0.07807  1.26676e-03 |  8 -0.05932  1.78518e-03 |  9  0.00390  3.63902e-03
 10  0.12447  5.82891e-04 | 11  0.01511  4.55090e-03 | 12  0.10547  2.72286e-04
 13  0.10395  1.02673e-03 | 14  0.07865 -1.04948e-03 | 15  0.00951  3.95607e-03
 16 -0.09908  2.39484e-03 | 17 -0.00428  1.72142e-03 | 18  0.10744  1.11673e-03
 19  0.11870  4.13989e-04 | 20 -0.00600  2.35237e-03 | 21 -0.11642  1.95446e-03
 22 -0.03384  2.02256e-03 | 23  0.02148  1.48720e-03 | 24  0.00461  2.63964e-03
 25 -0.03268  2.24546e-03 | 26  0.04588 -4.95377e-04 | 27  0.00231 -2.14259e-03
 28  0.04054 -8.62492e-04 | 29  0.03104 -4.33091e-03 | 30  0.08693 -4.75970e-03
 31  0.02500  2.85722e-03 | 32  0.11986 -2.42384e-03 | 33  0.00104  7.42474e-04
 34 -0.10064  8.41306e-04 | 35 -0.06523 -2.46990e-03 | 36 -0.37711  2.10916e-03
 37 -0.04284 -8.16915e-02 | 38 -0.04229 -4.15580e-02 | 39 -0.03643 -1.00712e-02
 40 -0.04757 -9.35575e-02 | 41  0.07635 -7.06190e-03 | 42 -0.81999 -6.90323e-03
 43  0.28896  1.75218e-03 | 44 -0.34112  2.82418e-03 | 45  0.06298  7.76821e-03
 46 -0.67506  5.50002e-03 | 47  0.99964 -2.09255e-04 | 48 -0.74830  1.53394e-03
 49 -0.22170  5.41512e-03 | 50  0.28800 -1.45502e-02 | 51 -0.18762 -2.13807e-03
 52 -0.78682 -5.11330e-03 |
Warning: the following parameters had issues
  SR_parm[1] is within 0.1% of upper bound: 5.00000e+00 < 2.50000e+01 < 2.50000e+01
  selparm[7] is within 0.1% of upper bound: -3.00000e+00 < 1.50000e+01 < 1.50000e+01


 - final statistics:
52 variables; iteration 375; function evaluation 451
Function value 3.3113e+03; maximum gradient component mag 3.5933e-05
Exit code = 1;  converg criter 1.0000e-04
Var    Value     Gradient |Var    Value     Gradient |Var    Value     Gradient
  1  0.99957  3.13935e-08 |  2 -0.01832  1.41749e-06 |  3  0.02626  7.53433e-08
  4  0.00468  3.33574e-07 |  5 -0.10959  2.83520e-07 |  6  0.00385  3.64399e-07
  7 -0.07807  6.81377e-07 |  8 -0.05932  5.01038e-07 |  9  0.00390  4.91319e-07
 10  0.12447 -2.17604e-07 | 11  0.01511 -2.29508e-07 | 12  0.10547  9.37488e-07
 13  0.10395  2.49090e-06 | 14  0.07865  1.17317e-06 | 15  0.00951 -3.38827e-07
 16 -0.09908 -2.08639e-06 | 17 -0.00428 -9.88558e-07 | 18  0.10744  7.73133e-07
 19  0.11869  8.37651e-07 | 20 -0.00600 -2.91643e-07 | 21 -0.11642 -1.15841e-06
 22 -0.03384  8.50282e-08 | 23  0.02148 -1.79323e-07 | 24  0.00461  7.40337e-07
 25 -0.03268  4.85237e-07 | 26  0.04588 -6.19087e-07 | 27  0.00231  1.23280e-07
 28  0.04054  7.82697e-08 | 29  0.03104  1.26213e-07 | 30  0.08693 -1.33562e-06
 31  0.02500  4.09128e-07 | 32  0.11986  8.44718e-07 | 33  0.00104  4.14550e-07
 34 -0.10064 -5.57935e-07 | 35 -0.06523 -1.52761e-06 | 36 -0.37711 -2.58867e-07
 37 -0.04284 -2.73219e-05 | 38 -0.04229 -1.05134e-05 | 39 -0.03643 -5.92151e-06
 40 -0.04757 -1.07585e-05 | 41  0.07251  1.91181e-05 | 42 -0.81831 -3.40680e-06
 43  0.28896  1.77965e-06 | 44 -0.34113  2.85370e-06 | 45  0.06298 -9.53759e-07
 46 -0.67507 -1.40308e-07 | 47  0.99967  9.58482e-08 | 48 -0.74832 -8.14508e-07
 49 -0.21892 -1.11868e-05 | 50  0.29092  3.59333e-05 | 51 -0.18827  6.34252e-06
 52 -0.78870 -5.18446e-06 |
Estimating row 1 out of 52 for hessian
Estimating row 2 out of 52 for hessian
Estimating row 3 out of 52 for hessian
Estimating row 4 out of 52 for hessian
Estimating row 5 out of 52 for hessian
Estimating row 6 out of 52 for hessian
Estimating row 7 out of 52 for hessian
Estimating row 8 out of 52 for hessian
Estimating row 9 out of 52 for hessian
Estimating row 10 out of 52 for hessian
Estimating row 11 out of 52 for hessian
Estimating row 12 out of 52 for hessian
Estimating row 13 out of 52 for hessian
Estimating row 14 out of 52 for hessian
Estimating row 15 out of 52 for hessian
Estimating row 16 out of 52 for hessian
Estimating row 17 out of 52 for hessian
Estimating row 18 out of 52 for hessian
Estimating row 19 out of 52 for hessian
Estimating row 20 out of 52 for hessian
Estimating row 21 out of 52 for hessian
Estimating row 22 out of 52 for hessian
Estimating row 23 out of 52 for hessian
Estimating row 24 out of 52 for hessian
Estimating row 25 out of 52 for hessian
Estimating row 26 out of 52 for hessian
Estimating row 27 out of 52 for hessian
Estimating row 28 out of 52 for hessian
Estimating row 29 out of 52 for hessian
Estimating row 30 out of 52 for hessian
Estimating row 31 out of 52 for hessian
Estimating row 32 out of 52 for hessian
Estimating row 33 out of 52 for hessian
Estimating row 34 out of 52 for hessian
Estimating row 35 out of 52 for hessian
Estimating row 36 out of 52 for hessian
Estimating row 37 out of 52 for hessian
Estimating row 38 out of 52 for hessian
Estimating row 39 out of 52 for hessian
Estimating row 40 out of 52 for hessian
Estimating row 41 out of 52 for hessian
Estimating row 42 out of 52 for hessian
Estimating row 43 out of 52 for hessian
Estimating row 44 out of 52 for hessian
Estimating row 45 out of 52 for hessian
Estimating row 46 out of 52 for hessian
Estimating row 47 out of 52 for hessian
Estimating row 48 out of 52 for hessian
Estimating row 49 out of 52 for hessian
Estimating row 50 out of 52 for hessian
Estimating row 51 out of 52 for hessian
Estimating row 52 out of 52 for hessian
size of file gradfil1.tmp = 0
size of file gradfil2.tmp = 0
size of file varssave.tmp = 0
size of file cmpdiff.tmp = 0
