
Initial statistics: 37 variables; iteration 0; function evaluation 0; phase 1
Function value 2.3078682e+04; maximum gradient component mag 2.5489e+04
Var    Value     Gradient |Var    Value     Gradient |Var    Value     Gradient
  1  0.26198  2.54886e+04 |  2  0.00000 -1.89253e+02 |  3  0.00000 -1.41996e+03
  4  0.00000 -1.39274e+02 |  5  0.00000 -8.93506e+01 |  6  0.00000 -4.87161e+02
  7  0.00000  1.25767e+02 |  8  0.00000 -3.81163e+02 |  9  0.00000  3.07401e+02
 10  0.00000 -1.46573e+03 | 11  0.00000  7.96976e+02 | 12  0.00000 -1.19297e+03
 13  0.00000  2.68351e+02 | 14  0.00000 -1.01725e+02 | 15  0.00000 -4.67484e+02
 16  0.00000  8.05676e+02 | 17  0.00000 -3.82833e+02 | 18  0.00000 -3.29996e+02
 19  0.00000 -5.79903e+02 | 20  0.00000  2.42852e+02 | 21  0.00000  4.70339e+02
 22  0.00000  3.82876e+02 | 23  0.00000 -8.06813e+01 | 24  0.00000 -2.87726e+02
 25  0.00000  5.45599e+02 | 26  0.00000  7.96188e+02 | 27  0.00000  4.85144e+01
 28  0.00000  9.27974e+02 | 29  0.00000 -5.23773e+01 | 30  0.00000  1.60632e+02
 31  0.00000  1.66057e+01 | 32  0.00000  1.66738e+02 | 33  0.00000  4.27972e+02
 34  0.00000  5.73272e+02 | 35  0.00000  3.89353e+02 | 36  0.00000  5.79149e+02
 37  0.00000 -3.84658e+02 |

Intermediate statistics: 37 variables; iteration 20; function evaluation 33; phase 1
Function value 2.0627697e+04; maximum gradient component mag 1.6071e+04
Var    Value     Gradient |Var    Value     Gradient |Var    Value     Gradient
  1  0.13645  1.60708e+04 |  2  0.00083  3.08282e+02 |  3  0.02668 -4.42282e+02
  4 -0.03192  2.27860e+02 |  5 -0.04983  2.43566e+02 |  6 -0.04186  4.92793e+01
  7 -0.07470  2.21956e+02 |  8 -0.01659  1.21926e+01 |  9 -0.00631  4.53965e+02
 10  0.13268  1.43097e+02 | 11  0.02891  4.72042e+02 | 12  0.14168  1.94459e+02
 13  0.06317  2.28560e+02 | 14  0.07900  7.97832e+01 | 15  0.11041  2.78321e+02
 16  0.07442  7.01502e+02 | 17  0.13512  4.56273e+02 | 18  0.12420  2.76290e+02
 19  0.13041  3.40314e+02 | 20  0.07878  4.12605e+02 | 21  0.06478  5.01130e+02
 22  0.05522  4.33825e+02 | 23  0.09185  4.51945e+02 | 24  0.09991  2.92081e+02
 25  0.08819  7.47509e+02 | 26  0.07004  6.09534e+02 | 27  0.11766  1.18125e+03
 28  0.05307  4.79254e+02 | 29  0.10013  9.14831e+02 | 30  0.06947  8.42618e+02
 31  0.03724  4.41490e+02 | 32 -0.00831  3.92399e+02 | 33 -0.05051  6.04282e+02
 34 -0.10513  4.20751e+02 | 35 -0.14641  5.27145e+02 | 36 -0.43923 -5.45539e+01
 37 -1.06230 -4.01495e+00 |
37 variables; iteration 40; function evaluation 67; phase 1
Function value 1.9725380e+04; maximum gradient component mag 3.9525e+02
Var    Value     Gradient |Var    Value     Gradient |Var    Value     Gradient
  1  0.06595  3.91778e+02 |  2  0.02378  1.87216e+02 |  3  0.09716 -2.35854e+02
  4  0.03412  3.95249e+02 |  5  0.00659  3.39739e+02 |  6 -0.01706 -1.02860e+02
  7 -0.06710  3.14758e+01 |  8 -0.01200  2.07792e+01 |  9 -0.05018  4.88627e+01
 10  0.09859 -1.16561e+02 | 11 -0.03650  2.81004e+01 | 12  0.11984 -9.59900e+01
 13  0.06240  2.70427e+02 | 14  0.07538  1.61920e+02 | 15  0.08447  1.07180e+02
 16  0.00779  1.12333e+01 | 17  0.10404  7.50569e+01 | 18  0.10707  1.13024e+02
 19  0.12086  2.88467e+02 | 20  0.05969  2.72435e+02 | 21  0.03799  2.90575e+02
 22  0.00080 -8.73116e+01 | 23  0.04663 -2.86441e+01 | 24  0.08708  2.56685e+02
 25  0.04602  9.48103e+01 | 26  0.04422  3.36436e+02 | 27  0.05735  9.58937e+01
 28  0.01345  1.09660e+02 | 29  0.05716  1.30138e+02 | 30  0.04662  9.41240e+01
 31  0.03688 -3.76527e+01 | 32 -0.00060 -2.15475e+02 | 33 -0.04090 -1.81106e+02
 34 -0.08091 -3.92249e+01 | 35 -0.13562  1.13276e+02 | 36 -0.38753 -9.16974e+00
 37 -0.75357 -1.59778e+01 |

 - final statistics:
37 variables; iteration 51; function evaluation 82
Function value 1.9641e+04; maximum gradient component mag -1.7342e+00
Exit code = 1;  converg criter 1.0000e+01
Var    Value     Gradient |Var    Value     Gradient |Var    Value     Gradient
  1  0.06934 -1.73423e+00 |  2 -0.00404 -7.23089e-02 |  3  0.09137  1.72580e-01
  4 -0.01335  4.21151e-02 |  5 -0.03918 -1.02310e-01 |  6 -0.02379  8.77666e-02
  7 -0.07828 -8.77680e-02 |  8 -0.01204  1.23641e-02 |  9 -0.05024 -2.28579e-02
 10  0.11046 -5.01080e-02 | 11 -0.02941  4.37199e-02 | 12  0.11476  1.19195e-01
 13  0.03133 -9.39670e-02 | 14  0.04679 -1.27972e-02 | 15  0.05514  5.27990e-02
 16 -0.01735 -3.43040e-02 | 17  0.06802 -6.98177e-02 | 18  0.06408  1.55985e-01
 19  0.06536 -1.12502e-02 | 20  0.00284  1.26232e-01 | 21 -0.01915 -1.81923e-01
 22 -0.02733 -1.31089e-01 | 23  0.02669 -3.26210e-02 | 24  0.05335 -4.48561e-02
 25  0.01922 -1.13733e-01 | 26  0.00658 -1.21161e-01 | 27  0.03362  7.98466e-02
 28 -0.00961  2.07759e-01 | 29  0.03790  1.22413e-01 | 30  0.03525 -5.77863e-02
 31  0.03325 -1.53467e-01 | 32  0.00538 -2.17686e-01 | 33 -0.03681 -2.57091e-01
 34 -0.08435 -4.88603e-01 | 35 -0.14524 -3.96981e-01 | 36 -0.36498 -4.01789e-02
 37  0.03434 -4.88577e-03 |

Initial statistics: 44 variables; iteration 0; function evaluation 0; phase 2
Function value 1.9641082e+04; maximum gradient component mag 3.3983e+03
Var    Value     Gradient |Var    Value     Gradient |Var    Value     Gradient
  1  0.06934 -1.73423e+00 |  2 -0.00404 -2.79322e-02 |  3  0.09137  2.16501e-01
  4 -0.01335  8.64829e-02 |  5 -0.03918 -5.80166e-02 |  6 -0.02379  1.32113e-01
  7 -0.07828 -4.37255e-02 |  8 -0.01204  5.67338e-02 |  9 -0.05024  2.13816e-02
 10  0.11046 -6.39674e-03 | 11 -0.02941  8.80502e-02 | 12  0.11476  1.62854e-01
 13  0.03133 -4.96432e-02 | 14  0.04679  3.14606e-02 | 15  0.05514  9.70102e-02
 16 -0.01735  1.00572e-02 | 17  0.06802 -2.56932e-02 | 18  0.06409  2.00138e-01
 19  0.06536  3.28938e-02 | 20  0.00284  1.70609e-01 | 21 -0.01915 -1.37566e-01
 22 -0.02733 -8.67523e-02 | 23  0.02669  1.17176e-02 | 24  0.05335 -6.34186e-04
 25  0.01922 -6.93757e-02 | 26  0.00658 -7.67853e-02 | 27  0.03362  1.24162e-01
 28 -0.00961  2.52131e-01 | 29  0.03790  1.66712e-01 | 30  0.03525 -1.34767e-02
 31  0.03325 -1.09150e-01 | 32  0.00538 -1.73310e-01 | 33 -0.03681 -2.12788e-01
 34 -0.08435 -4.44615e-01 | 35 -0.14524 -3.53754e-01 | 36 -0.36498 -2.89697e-03
 37  0.03435  3.94273e-02 | 38  0.21935  1.64702e+03 | 39  0.21935  3.39827e+03
 40  0.21935  2.55271e+03 | 41  0.43912 -1.18989e+02 | 42  0.03033  1.00105e+03
 43  0.07979  9.64577e-01 | 44  0.24471 -2.08899e+02 |

Intermediate statistics: 44 variables; iteration 20; function evaluation 35; phase 2
Function value 1.8795137e+04; maximum gradient component mag 4.2095e+03
Var    Value     Gradient |Var    Value     Gradient |Var    Value     Gradient
  1  0.03486  9.83669e+02 |  2 -0.01711 -1.40991e+02 |  3  0.03577 -5.85281e+02
  4 -0.02512  1.15929e+02 |  5 -0.05323 -4.68089e+01 |  6 -0.03176 -1.16858e+02
  7 -0.05752  9.24138e+01 |  8  0.00948  8.50814e+01 |  9 -0.01506  1.39229e+02
 10  0.06633 -4.54351e+02 | 11 -0.04523  1.85032e+02 | 12  0.06896  2.50947e+02
 13 -0.01501 -1.53366e+02 | 14 -0.00631 -2.39352e+02 | 15  0.00819  2.01851e+01
 16 -0.05528 -6.79493e+01 | 17  0.03317  8.08148e+01 | 18  0.04041  1.88304e+02
 19  0.03629 -4.36655e+01 | 20 -0.01213  7.16068e+00 | 21 -0.02862  3.21563e+01
 22 -0.03539 -1.36533e+02 | 23  0.00963 -3.49710e+02 | 24  0.05972 -1.03175e+02
 25  0.05841  6.14472e+02 | 26  0.01384 -2.60288e+02 | 27  0.03970 -3.43499e+02
 28  0.01006 -2.37758e+02 | 29  0.11496  1.04565e+03 | 30  0.11261  1.02701e+03
 31  0.05763 -2.77344e+02 | 32  0.02750 -2.00812e+02 | 33 -0.05099 -9.96454e+02
 34 -0.10909 -1.14381e+03 | 35 -0.10100 -5.08930e+02 | 36 -0.18908  1.75049e+02
 37 -0.02752 -8.28615e+01 | 38  0.23630  1.55073e+03 | 39  0.24250  4.20954e+03
 40  0.20056 -1.42688e+03 | 41  0.69530  5.07150e+01 | 42 -1.08330 -3.75525e+02
 43 -0.46648 -5.95706e+01 | 44 -0.11355  2.36474e+02 |
44 variables; iteration 40; function evaluation 64; phase 2
Function value 1.8629161e+04; maximum gradient component mag -3.2819e+03
Var    Value     Gradient |Var    Value     Gradient |Var    Value     Gradient
  1  0.02680 -3.28193e+03 |  2 -0.01816 -1.80824e+02 |  3  0.07399 -2.24010e+02
  4 -0.01547  6.05113e+01 |  5 -0.03995  1.31137e+01 |  6 -0.01766  4.30960e+01
  7 -0.06460  3.05867e+01 |  8 -0.00062  6.95304e+00 |  9 -0.02445  8.91427e+01
 10  0.07853 -2.35268e+02 | 11 -0.07299 -6.26618e+01 | 12  0.04990 -1.27307e+02
 13 -0.01533 -1.32515e+02 | 14  0.00117 -8.41143e+01 | 15  0.00707  1.74831e+02
 16 -0.07456 -1.60282e+02 | 17  0.00702 -1.28862e+02 | 18  0.00116 -2.50403e+02
 19  0.01790 -1.10880e+02 | 20 -0.02370  2.05981e+01 | 21 -0.03145  1.72768e+02
 22 -0.02756  5.45855e+01 | 23  0.01689 -2.41204e+02 | 24  0.06554  2.25456e+01
 25  0.05304  4.69219e+02 | 26  0.02451 -1.54359e+01 | 27  0.03072 -4.02119e+02
 28 -0.01457 -4.56276e+02 | 29  0.08415  6.07037e+02 | 30  0.10232  8.32990e+02
 31  0.05901 -3.09460e+02 | 32  0.04267 -1.57541e+02 | 33 -0.02432 -8.88931e+02
 34 -0.03670 -5.38820e+02 | 35 -0.06874 -4.34557e+02 | 36 -0.23664  4.91078e+01
 37  0.01395 -2.49924e+01 | 38  0.23795  5.75666e+02 | 39  0.23561  6.48957e+02
 40  0.20214 -1.62878e+03 | 41  0.57518 -2.18639e+00 | 42 -1.03251 -1.59787e+02
 43 -0.45523 -1.66123e+02 | 44 -0.01439  2.14811e+02 |

 - final statistics:
44 variables; iteration 57; function evaluation 90
Function value 1.8505e+04; maximum gradient component mag -4.6095e+00
Exit code = 1;  converg criter 1.0000e+01
Var    Value     Gradient |Var    Value     Gradient |Var    Value     Gradient
  1  0.03261  3.93492e+00 |  2 -0.00762 -4.55256e-01 |  3  0.06741 -4.54383e-01
  4 -0.03553  2.01956e-01 |  5 -0.06142 -7.04088e-02 |  6 -0.04501 -1.33933e-01
  7 -0.09140 -4.65746e-01 |  8 -0.02288 -1.27238e-01 |  9 -0.04802  2.82337e-01
 10  0.08973  5.59298e-01 | 11 -0.05952 -3.38133e-01 | 12  0.06725  7.15575e-01
 13  0.00217  7.69021e-01 | 14  0.01508  8.51845e-01 | 15  0.01686 -1.07821e-01
 16 -0.04433  4.93561e-01 | 17  0.03571  5.96963e-02 | 18  0.03718 -2.64619e-01
 19  0.04339  2.99369e-01 | 20 -0.00839  4.29883e-02 | 21 -0.02652 -3.92385e-01
 22 -0.02338 -7.76566e-02 | 23  0.03497 -4.27923e-02 | 24  0.06535 -7.56813e-01
 25  0.03588 -6.58358e-01 | 26  0.02885 -1.33995e-01 | 27  0.04961 -1.63501e+00
 28  0.01095 -1.02091e+00 | 29  0.05328 -1.56576e+00 | 30  0.06110  3.04156e-01
 31  0.06369 -8.03665e-01 | 32  0.04400 -7.24155e-01 | 33  0.01137 -1.56378e-01
 34 -0.02494 -1.01641e+00 | 35 -0.06623 -1.43532e+00 | 36 -0.26577 -8.03920e-01
 37 -0.01045 -4.63264e-01 | 38  0.22931  2.13188e+00 | 39  0.22707 -4.60946e+00
 40  0.21141 -4.35731e+00 | 41  0.73724  7.11442e-01 | 42 -1.00002 -8.22748e-02
 43 -0.47264  8.89422e-01 | 44 -0.16048  1.29959e+00 |

Initial statistics: 52 variables; iteration 0; function evaluation 0; phase 3
Function value 1.8505219e+04; maximum gradient component mag 2.7718e+03
Var    Value     Gradient |Var    Value     Gradient |Var    Value     Gradient
  1  0.03261  3.93492e+00 |  2 -0.00761 -1.87871e-01 |  3  0.06742 -1.88477e-01
  4 -0.03553  4.68944e-01 |  5 -0.06141  1.95752e-01 |  6 -0.04500  1.32804e-01
  7 -0.09140 -2.01094e-01 |  8 -0.02287  1.39994e-01 |  9 -0.04801  5.48981e-01
 10  0.08973  8.24049e-01 | 11 -0.05951 -7.18964e-02 | 12  0.06726  9.81487e-01
 13  0.00218  1.03642e+00 | 14  0.01509  1.11917e+00 | 15  0.01687  1.59489e-01
 16 -0.04432  7.60318e-01 | 17  0.03571  3.26680e-01 | 18  0.03719  2.32924e-03
 19  0.04339  5.66152e-01 | 20 -0.00838  3.10369e-01 | 21 -0.02651 -1.25213e-01
 22 -0.02337  1.89567e-01 | 23  0.03497  2.24209e-01 | 24  0.06536 -4.90816e-01
 25  0.03588 -3.91378e-01 | 26  0.02886  1.33135e-01 | 27  0.04962 -1.36842e+00
 28  0.01096 -7.53543e-01 | 29  0.05329 -1.29929e+00 | 30  0.06111  5.70329e-01
 31  0.06370 -5.37598e-01 | 32  0.04401 -4.57389e-01 | 33  0.01138  1.10984e-01
 34 -0.02493 -7.49211e-01 | 35 -0.06622 -1.16936e+00 | 36 -0.26577 -5.59485e-01
 37 -0.01044 -1.95896e-01 | 38  0.22931  2.13188e+00 | 39  0.22707 -4.60946e+00
 40  0.21141 -4.35731e+00 | 41  0.73724  7.11442e-01 | 42 -0.99998  8.22749e-02
 43  0.24471 -1.47328e+02 | 44  0.15305  1.28748e+02 | 45  0.29320 -3.87901e+02
 46  0.19688  4.59549e+02 | 47  0.00000 -6.90762e+02 | 48  0.08327  2.94299e+02
 49 -0.47264  8.89422e-01 | 50 -0.16048  1.29959e+00 | 51  0.03033  4.15309e+02
 52  0.09126  2.77184e+03 |

Intermediate statistics: 52 variables; iteration 20; function evaluation 45; phase 3
Function value 1.5721421e+04; maximum gradient component mag -1.6043e+04
Var    Value     Gradient |Var    Value     Gradient |Var    Value     Gradient
  1  0.09957 -2.13822e+03 |  2  0.00773  4.63664e+01 |  3  0.10286  7.88239e+02
  4 -0.04612 -2.17913e+02 |  5 -0.07840 -6.77388e+01 |  6 -0.07058 -3.92940e+00
  7 -0.13664 -2.54644e+02 |  8 -0.05332  1.51311e+02 |  9 -0.09947 -2.80399e+02
 10  0.12885  1.21584e+03 | 11 -0.12790 -7.02351e+02 | 12  0.05308 -2.81328e+02
 13  0.01393  1.57293e+02 | 14  0.04536  3.74801e+02 | 15  0.03543 -2.72944e+02
 16 -0.02073  6.04891e+01 | 17  0.04013 -2.14531e+02 | 18  0.05121 -2.75273e+02
 19  0.06001 -1.49540e+02 | 20 -0.00484 -2.01431e+01 | 21 -0.02357 -5.08865e+01
 22 -0.01616  1.35182e+02 | 23 -0.01137  6.25256e+01 | 24  0.02283  4.80295e+02
 25 -0.01040 -4.27301e+02 | 26 -0.00460  3.81409e+02 | 27  0.02403 -1.78066e+01
 28 -0.00449  1.20228e+01 | 29  0.03011 -3.23159e+02 | 30  0.00899 -2.82310e+02
 31  0.03518 -3.28464e+02 | 32  0.04926  2.49782e+01 | 33  0.04766  4.63215e+02
 34  0.03404  3.98128e+02 | 35  0.02640 -2.24649e+02 | 36 -0.09831 -3.45658e+02
 37 -0.00974  4.49394e+01 | 38  0.20015 -4.01121e+02 | 39  0.13213 -1.60428e+04
 40  0.22339  4.17910e+03 | 41  0.99040  8.85437e+00 | 42 -1.00034  4.65850e-01
 43  0.55946  3.93770e+02 | 44 -0.19289 -1.18244e+02 | 45  0.31960  5.22447e+02
 46 -0.29465  1.95324e+03 | 47  0.46759  4.01738e+02 | 48 -0.16846  2.27452e+02
 49 -0.72424  1.61316e+03 | 50 -0.77339 -1.04770e+03 | 51 -0.34066 -3.14036e+03
 52 -0.45089  2.23630e+03 |
52 variables; iteration 40; function evaluation 76; phase 3
Function value 1.5449530e+04; maximum gradient component mag -1.4942e+04
Var    Value     Gradient |Var    Value     Gradient |Var    Value     Gradient
  1  0.10002 -4.10875e+03 |  2 -0.04803 -3.12899e+02 |  3  0.07555  6.51195e+02
  4 -0.07151 -3.58698e+02 |  5 -0.06713  8.68245e+00 |  6 -0.02677  2.15809e+02
  7 -0.05490  2.24184e+02 |  8 -0.00964  2.74511e+02 |  9 -0.04924  2.42987e+01
 10  0.11648  1.27496e+03 | 11 -0.31638 -8.06843e+02 | 12  0.01392 -1.09842e+02
 13 -0.02897  2.76454e+02 | 14 -0.01671  2.71665e+02 | 15 -0.03886 -4.00140e+02
 16 -0.13018 -2.76091e+02 | 17 -0.02246 -2.99857e+02 | 18  0.00534 -1.75364e+02
 19  0.01881 -2.69265e+01 | 20 -0.05972 -1.61543e+02 | 21 -0.05998  2.52392e+02
 22 -0.09414 -2.00469e+02 | 23 -0.14077 -8.49462e+02 | 24 -0.00651  5.19938e+02
 25 -0.01572 -5.51485e+02 | 26  0.02279  5.94977e+02 | 27  0.06243 -2.56029e+02
 28  0.07512  2.54835e+02 | 29  0.15230  1.47085e+02 | 30  0.12652  1.39756e+02
 31  0.15931  2.31840e+02 | 32  0.16349  5.60823e+02 | 33  0.12048  3.50454e+02
 34  0.08701  1.36976e+02 | 35  0.06254 -5.23484e+02 | 36  0.09066 -2.68336e+02
 37 -0.07831  9.22138e+01 | 38  0.18966 -3.04008e+03 | 39  0.13318 -1.49416e+04
 40  0.18621  3.04065e+03 | 41  0.97010  1.32084e+01 | 42 -1.13345  1.77306e+02
 43  1.03608 -2.49000e+01 | 44 -0.02551 -1.06164e+02 | 45  0.29770  4.35691e+03
 46 -0.43502 -4.87965e+03 | 47  0.19823  6.03087e+02 | 48 -0.37752  2.09177e+03
 49 -0.70785  1.86556e+03 | 50 -0.77658 -1.30789e+03 | 51 -0.35695 -3.32977e+03
 52 -0.47396  2.26499e+03 |
52 variables; iteration 60; function evaluation 107; phase 3
Function value 1.4016406e+04; maximum gradient component mag 4.3220e+03
Var    Value     Gradient |Var    Value     Gradient |Var    Value     Gradient
  1  0.05953  3.40898e+03 |  2 -0.08088 -3.98735e+02 |  3 -0.01504 -7.06915e+01
  4 -0.15471 -4.32876e+02 |  5 -0.15158  6.53187e+01 |  6 -0.16194 -1.45944e+02
  7 -0.22360 -2.14324e+02 |  8 -0.15725 -4.71070e+02 |  9 -0.10323  2.88017e+02
 10  0.00444  2.36113e+02 | 11 -0.24518 -8.49681e+02 | 12 -0.06055 -1.18042e+02
 13 -0.13619 -6.07904e+02 | 14 -0.06546 -1.74056e+02 | 15 -0.05919 -1.95103e+02
 16 -0.16018 -1.73264e+02 | 17 -0.04333 -1.28902e+02 | 18 -0.01298 -2.13500e+02
 19  0.02964  2.31497e+02 | 20 -0.02483  1.65178e+02 | 21 -0.04159  1.90796e+02
 22 -0.04799 -1.01225e+02 | 23 -0.05168 -4.03745e+02 | 24 -0.00118  3.58371e+02
 25  0.00989 -1.23572e+02 | 26 -0.00757  2.54727e+02 | 27  0.05482  2.12628e+01
 28  0.05859  3.95673e+02 | 29  0.11610 -1.67418e+02 | 30  0.10840  1.07493e+02
 31  0.15341  7.06151e-01 | 32  0.20494  7.20614e+02 | 33  0.17067 -6.17493e+00
 34  0.17944 -2.60526e+01 | 35  0.28586  7.55879e+01 | 36  0.69162  7.75304e+01
 37  0.01051 -7.18580e+01 | 38  0.20735 -7.81655e+02 | 39  0.22758  4.32199e+03
 40  0.17800  1.59863e+02 | 41  0.74171  2.50996e+02 | 42 -0.95165 -8.34035e+01
 43  0.32782 -4.49693e+02 | 44 -0.26942  4.88440e+02 | 45  0.31097  6.20991e+02
 46 -0.41825 -1.19304e+03 | 47  0.15373  9.29351e+02 | 48 -0.46689  8.34738e+02
 49 -0.72892  1.43576e+02 | 50 -0.62569  3.20245e+02 | 51 -0.30977 -7.45051e+02
 52 -0.45756 -1.92536e+02 |
52 variables; iteration 80; function evaluation 131; phase 3
Function value 1.3022513e+04; maximum gradient component mag 4.4930e+02
Var    Value     Gradient |Var    Value     Gradient |Var    Value     Gradient
  1  0.00006  4.49296e+02 |  2  0.01026 -1.43001e-01 |  3  0.07881 -9.67902e+00
  4 -0.03147  1.15577e+01 |  5 -0.05937 -2.80439e+00 |  6 -0.04564 -2.79165e+00
  7 -0.09005 -1.65035e+01 |  8 -0.00880  1.75848e+00 |  9 -0.02441 -1.49658e+01
 10  0.09333 -3.61901e+01 | 11 -0.03496 -2.04278e+00 | 12  0.02782  1.03875e+01
 13 -0.00239 -1.29446e+01 | 14  0.02963  9.23778e+00 | 15  0.01805  5.40176e+01
 16 -0.06214  3.37197e+01 | 17 -0.00855  1.43237e+01 | 18  0.00924  1.23030e+01
 19  0.01243  5.49087e+00 | 20 -0.06628 -1.36645e+01 | 21 -0.08580 -1.93930e+01
 22 -0.01987 -3.31504e+00 | 23  0.02024  3.37693e+00 | 24 -0.01042 -1.22195e+01
 25  0.04265 -4.69105e+00 | 26  0.00094 -2.08595e+01 | 27  0.03101  5.19273e+01
 28 -0.02085  1.82583e+01 | 29  0.01159  9.75454e+00 | 30 -0.01228 -1.49778e+00
 31  0.02976 -1.45835e+01 | 32  0.04950 -1.32989e+01 | 33  0.01635 -8.98969e+00
 34 -0.02283  1.18304e+01 | 35 -0.00747 -1.38771e+00 | 36  0.12755 -1.77301e+00
 37  0.00581 -5.18553e+00 | 38  0.28794  6.51784e+01 | 39  0.26885  9.41113e+01
 40  0.25250 -5.82209e+01 | 41  0.61766  8.64406e+01 | 42 -0.91482 -5.01932e+00
 43  0.46185  9.04254e+00 | 44 -0.43819  1.98472e+01 | 45  0.32975  1.58563e+00
 46 -0.40919 -5.52914e+00 | 47  0.12907 -4.53326e+01 | 48 -0.49233  4.86186e+01
 49 -0.53199 -2.24198e+01 | 50 -0.50156  1.80499e+02 | 51 -0.24481  1.83280e+01
 52 -0.44174 -4.39933e+01 |
52 variables; iteration 100; function evaluation 151; phase 3
Function value 1.3021974e+04; maximum gradient component mag 5.4338e-02
Var    Value     Gradient |Var    Value     Gradient |Var    Value     Gradient
  1 -0.00019  2.26246e-02 |  2  0.00896  1.90496e-03 |  3  0.07733 -6.69186e-03
  4 -0.03460  4.19934e-04 |  5 -0.06143  9.08687e-04 |  6 -0.04743 -1.22135e-03
  7 -0.09067 -2.55918e-03 |  8 -0.01020 -5.89194e-03 |  9 -0.02395 -3.04981e-03
 10  0.09451 -1.04473e-02 | 11 -0.03489 -8.25027e-03 | 12  0.02822  5.62216e-03
 13 -0.00058 -1.47406e-02 | 14  0.03045 -8.12995e-03 | 15  0.01797  8.61924e-03
 16 -0.06250 -7.74472e-04 | 17 -0.00762  4.47782e-03 | 18  0.01014 -1.08268e-03
 19  0.01372 -1.91407e-03 | 20 -0.06419 -6.27395e-03 | 21 -0.08311 -4.51144e-03
 22 -0.01878 -2.73648e-03 | 23  0.02054  8.22801e-03 | 24 -0.00904  1.17465e-03
 25  0.04337  2.19875e-03 | 26  0.00242  2.39288e-03 | 27  0.03089 -2.09381e-03
 28 -0.02023 -7.23028e-03 | 29  0.01244 -2.13494e-03 | 30 -0.01136  2.94641e-03
 31  0.03111  3.36005e-03 | 32  0.05054 -3.47165e-03 | 33  0.01727  7.71174e-03
 34 -0.02329 -7.31172e-03 | 35 -0.00866  1.24338e-02 | 36  0.12288 -1.14130e-03
 37  0.00025 -1.68290e-03 | 38  0.28694  5.43385e-02 | 39  0.26832  2.31989e-02
 40  0.25293 -7.74243e-03 | 41  0.61896  2.68610e-03 | 42 -0.91683 -1.92880e-02
 43  0.45782 -7.50223e-03 | 44 -0.44046  2.11001e-03 | 45  0.32958 -8.18207e-03
 46 -0.40914 -4.45817e-03 | 47  0.12910  4.85612e-02 | 48 -0.49272 -1.28113e-02
 49 -0.52864 -1.69108e-03 | 50 -0.50513 -8.48572e-03 | 51 -0.24418  2.37662e-02
 52 -0.44272  3.74391e-03 |
52 variables; iteration 120; function evaluation 172; phase 3
Function value 1.3021974e+04; maximum gradient component mag -1.0177e+00
Var    Value     Gradient |Var    Value     Gradient |Var    Value     Gradient
  1 -0.00019 -1.01774e+00 |  2  0.00896  8.02945e-03 |  3  0.07732 -5.57910e-02
  4 -0.03461 -4.51340e-03 |  5 -0.06144  8.79848e-03 |  6 -0.04744 -5.27087e-04
  7 -0.09068 -2.16835e-02 |  8 -0.01021 -3.14044e-02 |  9 -0.02395  9.82656e-03
 10  0.09451 -6.19505e-02 | 11 -0.03489 -8.35088e-02 | 12  0.02823  4.03663e-02
 13 -0.00058 -1.21734e-01 | 14  0.03046 -7.86349e-02 | 15  0.01797  3.30223e-02
 16 -0.06250 -3.44404e-02 | 17 -0.00762 -5.36147e-03 | 18  0.01014 -3.03607e-03
 19  0.01372 -2.49441e-03 | 20 -0.06419 -4.85526e-02 | 21 -0.08311 -3.10610e-02
 22 -0.01878 -1.22905e-02 | 23  0.02055  3.84213e-02 | 24 -0.00904 -2.25923e-02
 25  0.04337  1.79228e-02 | 26  0.00242  5.33823e-03 | 27  0.03089 -2.97110e-02
 28 -0.02023 -5.45949e-02 | 29  0.01244 -5.69954e-03 | 30 -0.01136  1.66085e-02
 31  0.03111 -1.29591e-02 | 32  0.05054 -2.67314e-02 | 33  0.01727  1.04105e-02
 34 -0.02329 -5.44922e-02 | 35 -0.00865  1.09008e-01 | 36  0.12291  1.49025e-02
 37  0.00024  4.68788e-04 | 38  0.28694  3.11046e-01 | 39  0.26832  3.59406e-01
 40  0.25293 -1.94689e-01 | 41  0.62422 -1.99799e-01 | 42 -0.89974  6.51735e-02
 43  0.45782 -5.55509e-02 | 44 -0.44046  1.97443e-02 | 45  0.32958  2.13788e-02
 46 -0.40914 -3.37999e-01 | 47  0.12911  3.26863e-01 | 48 -0.49272  5.78538e-03
 49 -0.53163  8.13092e-03 | 50 -0.50803 -3.88365e-01 | 51 -0.24681  1.35306e-01
 52 -0.44592  2.98607e-01 |
52 variables; iteration 140; function evaluation 196; phase 3
Function value 1.3021973e+04; maximum gradient component mag -2.1816e+00
Var    Value     Gradient |Var    Value     Gradient |Var    Value     Gradient
  1 -0.00019 -2.18162e+00 |  2  0.00896  2.46039e-02 |  3  0.07733  2.35630e-02
  4 -0.03460  2.81413e-02 |  5 -0.06143  2.91623e-02 |  6 -0.04743  2.80677e-02
  7 -0.09067  3.30633e-02 |  8 -0.01020  2.28127e-02 |  9 -0.02395  2.04882e-02
 10  0.09451 -9.22895e-03 | 11 -0.03488  1.85242e-02 | 12  0.02822 -3.41225e-02
 13 -0.00058 -1.89065e-02 | 14  0.03045 -4.95109e-02 | 15  0.01797 -3.35936e-02
 16 -0.06250 -1.18969e-02 | 17 -0.00762  3.57967e-03 | 18  0.01014  1.12225e-02
 19  0.01372  2.49836e-03 | 20 -0.06419  1.41806e-02 | 21 -0.08311  1.44164e-02
 22 -0.01878  8.74588e-03 | 23  0.02054 -1.16344e-02 | 24 -0.00904 -8.59363e-03
 25  0.04337 -3.27529e-02 | 26  0.00242 -4.17288e-02 | 27  0.03089 -4.51961e-02
 28 -0.02023 -1.97233e-02 | 29  0.01244  2.53748e-03 | 30 -0.01136  2.95174e-04
 31  0.03111 -4.84333e-03 | 32  0.05054 -1.08036e-02 | 33  0.01727 -1.13386e-02
 34 -0.02329  1.20355e-02 | 35 -0.00866  7.87127e-03 | 36  0.12287  4.71422e-02
 37  0.00026  3.09087e-02 | 38  0.28694 -4.59744e-02 | 39  0.26832 -7.15668e-02
 40  0.25294  9.21636e-03 | 41  0.63335 -5.24330e-01 | 42 -0.87902  3.84133e-01
 43  0.45782  8.07049e-03 | 44 -0.44046 -2.04900e-03 | 45  0.32958  1.29689e-03
 46 -0.40914  3.99495e-02 | 47  0.12910 -4.71485e-02 | 48 -0.49272 -4.61177e-03
 49 -0.53684 -5.17613e-02 | 50 -0.51300 -9.31777e-01 | 51 -0.25070  6.58203e-02
 52 -0.45061  1.55288e+00 |
52 variables; iteration 160; function evaluation 221; phase 3
Function value 1.3021973e+04; maximum gradient component mag -2.4448e+00
Var    Value     Gradient |Var    Value     Gradient |Var    Value     Gradient
  1 -0.00019 -2.44479e+00 |  2  0.00896  2.76519e-02 |  3  0.07733  3.11085e-02
  4 -0.03460  2.96239e-02 |  5 -0.06143  3.60941e-02 |  6 -0.04743  3.23407e-02
  7 -0.09067  4.00395e-02 |  8 -0.01020  2.90889e-02 |  9 -0.02395  2.17048e-02
 10  0.09451 -7.84049e-03 | 11 -0.03488  2.63808e-02 | 12  0.02822 -4.03940e-02
 13 -0.00057 -1.03052e-02 | 14  0.03045 -5.37750e-02 | 15  0.01797 -3.92245e-02
 16 -0.06250 -1.00800e-02 | 17 -0.00762  7.15043e-03 | 18  0.01014  9.42357e-03
 19  0.01372  6.97802e-04 | 20 -0.06419  2.14288e-02 | 21 -0.08311  1.97772e-02
 22 -0.01878  1.11250e-02 | 23  0.02054 -1.60878e-02 | 24 -0.00904 -7.70787e-03
 25  0.04337 -4.02366e-02 | 26  0.00242 -5.01498e-02 | 27  0.03089 -5.09809e-02
 28 -0.02023 -1.77606e-02 | 29  0.01244  3.65133e-03 | 30 -0.01136 -2.30802e-03
 31  0.03111 -3.95202e-03 | 32  0.05054 -1.10654e-02 | 33  0.01727 -1.01201e-02
 34 -0.02329  1.96290e-02 | 35 -0.00867  1.83893e-03 | 36  0.12287  5.28490e-02
 37  0.00026  3.56947e-02 | 38  0.28694 -6.72563e-02 | 39  0.26832 -1.15335e-01
 40  0.25294  2.92337e-02 | 41  0.64570 -5.68505e-01 | 42 -0.85783  5.05904e-01
 43  0.45782  1.06611e-02 | 44 -0.44046 -3.46583e-03 | 45  0.32958 -1.03503e-03
 46 -0.40914  7.68115e-02 | 47  0.12910 -7.43582e-02 | 48 -0.49272 -1.09272e-02
 49 -0.54373 -6.07294e-02 | 50 -0.51961 -1.02558e+00 | 51 -0.25542  6.56403e-02
 52 -0.45636  1.71157e+00 |
52 variables; iteration 180; function evaluation 245; phase 3
Function value 1.3021973e+04; maximum gradient component mag -8.9053e-01
Var    Value     Gradient |Var    Value     Gradient |Var    Value     Gradient
  1 -0.00019 -8.90534e-01 |  2  0.00896  6.29265e-03 |  3  0.07733  2.80014e-02
  4 -0.03460  8.17116e-03 |  5 -0.06143  3.24312e-03 |  6 -0.04742  1.81810e-02
  7 -0.09067  2.77365e-02 |  8 -0.01020  1.67238e-02 |  9 -0.02395  1.21951e-02
 10  0.09451  1.21547e-03 | 11 -0.03488  4.28709e-02 | 12  0.02822 -5.32918e-02
 13 -0.00057  6.01453e-03 | 14  0.03046  1.54732e-02 | 15  0.01796 -2.52633e-02
 16 -0.06250 -9.03558e-03 | 17 -0.00762  2.04471e-02 | 18  0.01014  2.39798e-02
 19  0.01372 -3.65287e-03 | 20 -0.06419  5.29917e-03 | 21 -0.08311  1.42938e-02
 22 -0.01878  1.21625e-03 | 23  0.02054 -1.77634e-02 | 24 -0.00904 -1.58106e-03
 25  0.04337 -4.41457e-02 | 26  0.00242 -5.02121e-02 | 27  0.03089 -3.90087e-02
 28 -0.02023 -7.49599e-03 | 29  0.01244  3.46003e-03 | 30 -0.01136  1.88489e-03
 31  0.03111  1.13538e-02 | 32  0.05054  2.97249e-02 | 33  0.01727  2.64125e-02
 34 -0.02329  4.26127e-02 | 35 -0.00867 -2.87795e-02 | 36  0.12287  2.11203e-02
 37  0.00026  1.63627e-02 | 38  0.28694 -1.03834e-01 | 39  0.26832 -1.14762e-01
 40  0.25294  9.13855e-02 | 41  0.65905 -2.39216e-01 | 42 -0.83885  2.68347e-01
 43  0.45782  2.62040e-02 | 44 -0.44045 -1.12171e-02 | 45  0.32958 -5.18097e-03
 46 -0.40914  1.53456e-01 | 47  0.12910 -1.29135e-01 | 48 -0.49272 -6.80245e-03
 49 -0.55104 -3.61701e-02 | 50 -0.52661 -4.41263e-01 | 51 -0.26030 -1.30426e-04
 52 -0.46232  8.33623e-01 |
52 variables; iteration 200; function evaluation 270; phase 3
Function value 1.3021973e+04; maximum gradient component mag -6.3483e-01
Var    Value     Gradient |Var    Value     Gradient |Var    Value     Gradient
  1 -0.00019 -6.34833e-01 |  2  0.00896  5.75666e-03 |  3  0.07733  1.44430e-02
  4 -0.03460  8.06156e-03 |  5 -0.06143  1.13978e-02 |  6 -0.04743  1.09715e-02
  7 -0.09067  1.56177e-02 |  8 -0.01020  1.21947e-02 |  9 -0.02395  5.35732e-03
 10  0.09451  3.16498e-04 | 11 -0.03488  1.84208e-02 | 12  0.02822 -2.25305e-02
 13 -0.00057  7.79455e-03 | 14  0.03045 -1.29178e-02 | 15  0.01797 -1.72307e-02
 16 -0.06250 -1.30909e-03 | 17 -0.00762  7.93721e-03 | 18  0.01014  4.26109e-03
 19  0.01372 -1.95109e-03 | 20 -0.06419  1.01433e-02 | 21 -0.08311  9.67677e-03
 22 -0.01878  5.15772e-03 | 23  0.02054 -6.22789e-03 | 24 -0.00904  2.39039e-03
 25  0.04337 -1.16508e-02 | 26  0.00242 -1.31944e-02 | 27  0.03089 -1.11227e-02
 28 -0.02023  4.29056e-03 | 29  0.01244  4.59512e-03 | 30 -0.01136 -2.79016e-03
 31  0.03111 -2.44548e-03 | 32  0.05054 -4.21708e-04 | 33  0.01727  1.30046e-04
 34 -0.02329  1.75487e-02 | 35 -0.00866 -7.59321e-03 | 36  0.12287  1.31777e-02
 37  0.00026  1.10722e-02 | 38  0.28694 -4.80821e-02 | 39  0.26832 -8.80631e-02
 40  0.25294  4.26445e-02 | 41  0.66984 -1.49599e-01 | 42 -0.82493  1.85458e-01
 43  0.45782  9.38490e-03 | 44 -0.44046 -3.99619e-03 | 45  0.32958  6.83255e-03
 46 -0.40914  6.71088e-02 | 47  0.12910 -5.86411e-02 | 48 -0.49272 -1.76322e-02
 49 -0.55682 -2.43882e-02 | 50 -0.53215 -2.87086e-01 | 51 -0.26426  1.10760e-02
 52 -0.46720  5.24675e-01 |
52 variables; iteration 220; function evaluation 296; phase 3
Function value 1.3021973e+04; maximum gradient component mag -6.1324e-01
Var    Value     Gradient |Var    Value     Gradient |Var    Value     Gradient
  1 -0.00019 -6.13238e-01 |  2  0.00896  5.70802e-03 |  3  0.07733  1.15212e-02
  4 -0.03460  7.09113e-03 |  5 -0.06143  1.05220e-02 |  6 -0.04743  9.73305e-03
  7 -0.09067  1.33595e-02 |  8 -0.01020  1.05487e-02 |  9 -0.02395  5.78563e-03
 10  0.09451 -9.44968e-05 | 11 -0.03488  1.44152e-02 | 12  0.02822 -1.89798e-02
 13 -0.00058  3.61697e-03 | 14  0.03045 -1.16660e-02 | 15  0.01797 -1.49133e-02
 16 -0.06250 -1.42059e-03 | 17 -0.00762  4.06835e-03 | 18  0.01014  5.49539e-03
 19  0.01372 -5.28649e-04 | 20 -0.06419  6.59579e-03 | 21 -0.08311  7.49627e-03
 22 -0.01878  4.42544e-03 | 23  0.02054 -5.22198e-03 | 24 -0.00904 -5.40409e-05
 25  0.04337 -1.22548e-02 | 26  0.00242 -1.35506e-02 | 27  0.03089 -1.14806e-02
 28 -0.02023 -9.23333e-04 | 29  0.01244  1.75025e-03 | 30 -0.01136 -1.27760e-03
 31  0.03111 -8.21281e-04 | 32  0.05054  7.89550e-04 | 33  0.01727 -5.35872e-04
 34 -0.02329  1.34963e-02 | 35 -0.00866 -4.55793e-03 | 36  0.12287  1.26169e-02
 37  0.00026  1.01122e-02 | 38  0.28694 -3.96870e-02 | 39  0.26832 -6.88635e-02
 40  0.25294  2.96642e-02 | 41  0.67995 -1.36436e-01 | 42 -0.81221  1.86656e-01
 43  0.45782  8.40046e-03 | 44 -0.44046 -3.61573e-03 | 45  0.32958  7.76955e-03
 46 -0.40914  4.64626e-02 | 47  0.12910 -4.52221e-02 | 48 -0.49272 -1.10481e-02
 49 -0.56214 -2.16615e-02 | 50 -0.53724 -2.70037e-01 | 51 -0.26818  1.45866e-02
 52 -0.47204  4.83912e-01 |
52 variables; iteration 240; function evaluation 321; phase 3
Function value 1.3021973e+04; maximum gradient component mag -6.3227e-01
Var    Value     Gradient |Var    Value     Gradient |Var    Value     Gradient
  1 -0.00019 -6.32272e-01 |  2  0.00896  8.45773e-03 |  3  0.07733  3.12001e-03
  4 -0.03460  7.64744e-03 |  5 -0.06143  6.61836e-03 |  6 -0.04743  6.32482e-03
  7 -0.09067  6.77979e-03 |  8 -0.01020  5.92528e-03 |  9 -0.02395  7.42618e-03
 10  0.09451 -5.63882e-03 | 11 -0.03489 -4.34502e-04 | 12  0.02822 -4.71332e-03
 13 -0.00058 -9.16466e-03 | 14  0.03045 -1.36362e-02 | 15  0.01797 -6.88596e-03
 16 -0.06250 -3.01981e-03 | 17 -0.00762 -5.79267e-03 | 18  0.01014  2.18748e-03
 19  0.01372  3.69004e-03 | 20 -0.06419  1.42496e-03 | 21 -0.08311  5.62383e-04
 22 -0.01878  9.36193e-04 | 23  0.02054 -2.93183e-03 | 24 -0.00904 -5.29541e-03
 25  0.04337 -6.88872e-03 | 26  0.00242 -1.05657e-02 | 27  0.03089 -1.35747e-02
 28 -0.02023 -1.13460e-02 | 29  0.01244 -1.99311e-03 | 30 -0.01136  2.47648e-03
 31  0.03111 -3.41200e-03 | 32  0.05054 -4.43196e-03 | 33  0.01727 -6.06061e-03
 34 -0.02329  9.57736e-04 | 35 -0.00866  7.36025e-03 | 36  0.12288  1.33006e-02
 37  0.00025  8.01899e-03 | 38  0.28694  2.55702e-03 | 39  0.26832 -2.97339e-03
 40  0.25293 -1.78885e-02 | 41  0.68778 -1.10064e-01 | 42 -0.80192  1.45221e-01
 43  0.45782 -7.15707e-04 | 44 -0.44046  1.62634e-03 | 45  0.32958  4.57004e-04
 46 -0.40914 -2.11446e-02 | 47  0.12910  1.90040e-03 | 48 -0.49272  1.25291e-02
 49 -0.56620 -1.34065e-02 | 50 -0.54111 -2.29911e-01 | 51 -0.27154  2.70112e-02
 52 -0.47621  3.45284e-01 |
52 variables; iteration 260; function evaluation 345; phase 3
Function value 1.3021973e+04; maximum gradient component mag -1.1548e+00
Var    Value     Gradient |Var    Value     Gradient |Var    Value     Gradient
  1 -0.00019 -1.15482e+00 |  2  0.00896  1.59696e-02 |  3  0.07733  6.58132e-03
  4 -0.03460  1.44176e-02 |  5 -0.06143  1.23629e-02 |  6 -0.04743  1.20570e-02
  7 -0.09067  1.22491e-02 |  8 -0.01020  1.04372e-02 |  9 -0.02395  1.24628e-02
 10  0.09451 -8.82118e-03 | 11 -0.03489 -1.22491e-03 | 12  0.02822 -8.04215e-03
 13 -0.00058 -1.75174e-02 | 14  0.03045 -2.62394e-02 | 15  0.01797 -1.11442e-02
 16 -0.06250 -5.63704e-03 | 17 -0.00762 -7.76000e-03 | 18  0.01014  3.29168e-03
 19  0.01372  5.34164e-03 | 20 -0.06419  3.77669e-03 | 21 -0.08311  1.32786e-03
 22 -0.01878  1.70968e-03 | 23  0.02054 -3.41294e-03 | 24 -0.00904 -9.07165e-03
 25  0.04337 -1.35322e-02 | 26  0.00242 -2.07125e-02 | 27  0.03089 -2.59063e-02
 28 -0.02023 -2.12361e-02 | 29  0.01244 -2.88264e-03 | 30 -0.01136  3.73708e-03
 31  0.03111 -3.29059e-03 | 32  0.05054 -9.41311e-03 | 33  0.01727 -9.60180e-03
 34 -0.02329 -1.60107e-03 | 35 -0.00866  1.39087e-02 | 36  0.12288  2.50646e-02
 37  0.00025  1.47344e-02 | 38  0.28694  7.32540e-03 | 39  0.26832 -1.29448e-03
 40  0.25293 -3.19199e-02 | 41  0.69631 -2.01035e-01 | 42 -0.78898  2.94873e-01
 43  0.45782 -2.21748e-03 | 44 -0.44046  2.61637e-03 | 45  0.32958 -9.16710e-03
 46 -0.40914 -2.72306e-02 | 47  0.12910  9.22134e-03 | 48 -0.49272  1.73494e-02
 49 -0.57054 -1.90486e-02 | 50 -0.54526 -4.17577e-01 | 51 -0.27604  4.41385e-02
 52 -0.48181  6.39642e-01 |
52 variables; iteration 280; function evaluation 368; phase 3
Function value 1.3021973e+04; maximum gradient component mag -5.3008e-01
Var    Value     Gradient |Var    Value     Gradient |Var    Value     Gradient
  1 -0.00019 -5.30078e-01 |  2  0.00896  8.66127e-03 |  3  0.07733  5.91848e-05
  4 -0.03460  6.67304e-03 |  5 -0.06143  4.16054e-03 |  6 -0.04743  4.08941e-03
  7 -0.09067  2.73401e-03 |  8 -0.01020  4.46220e-03 |  9 -0.02395  7.14324e-03
 10  0.09451 -6.07697e-03 | 11 -0.03489 -5.11288e-03 | 12  0.02822  2.10866e-04
 13 -0.00058 -1.17650e-02 | 14  0.03045 -1.23679e-02 | 15  0.01797 -3.19658e-03
 16 -0.06250 -3.10830e-03 | 17 -0.00762 -9.41029e-03 | 18  0.01014  1.18863e-03
 19  0.01372  5.39140e-03 | 20 -0.06419 -9.38502e-04 | 21 -0.08311 -3.22252e-03
 22 -0.01878 -2.22040e-04 | 23  0.02054 -3.29795e-04 | 24 -0.00904 -7.14683e-03
 25  0.04337 -3.12449e-03 | 26  0.00242 -8.27297e-03 | 27  0.03089 -1.17831e-02
 28 -0.02023 -1.43962e-02 | 29  0.01244 -3.15495e-03 | 30 -0.01136  3.48878e-03
 31  0.03111 -4.31236e-03 | 32  0.05054 -6.46968e-03 | 33  0.01727 -8.29838e-03
 34 -0.02329 -3.02594e-03 | 35 -0.00866  1.05068e-02 | 36  0.12288  1.15233e-02
 37  0.00025  5.90364e-03 | 38  0.28694  1.48043e-02 | 39  0.26832  1.24276e-02
 40  0.25293 -3.34246e-02 | 41  0.70252 -7.82650e-02 | 42 -0.77624  1.24859e-01
 43  0.45782 -3.09746e-03 | 44 -0.44046  3.39028e-03 | 45  0.32958 -4.64339e-03
 46 -0.40914 -3.89977e-02 | 47  0.12910  1.54318e-02 | 48 -0.49272  1.89360e-02
 49 -0.57366 -6.51785e-03 | 50 -0.54823 -1.78739e-01 | 51 -0.28074  2.80407e-02
 52 -0.48770  2.52725e-01 |
52 variables; iteration 300; function evaluation 394; phase 3
Function value 1.3021973e+04; maximum gradient component mag -1.2274e+00
Var    Value     Gradient |Var    Value     Gradient |Var    Value     Gradient
  1 -0.00019 -1.22736e+00 |  2  0.00896  1.25328e-02 |  3  0.07733  1.66494e-02
  4 -0.03460  1.50931e-02 |  5 -0.06143  1.84019e-02 |  6 -0.04743  1.68449e-02
  7 -0.09067  2.16569e-02 |  8 -0.01020  1.43157e-02 |  9 -0.02395  1.14846e-02
 10  0.09451 -2.42247e-03 | 11 -0.03488  1.56105e-02 | 12  0.02822 -2.30447e-02
 13 -0.00058 -4.74138e-03 | 14  0.03045 -2.43103e-02 | 15  0.01797 -1.89477e-02
 16 -0.06250 -5.47942e-03 | 17 -0.00762  4.96442e-03 | 18  0.01014  8.20358e-03
 19  0.01372  2.80911e-03 | 20 -0.06419  1.11219e-02 | 21 -0.08311  1.13529e-02
 22 -0.01878  5.41175e-03 | 23  0.02054 -9.96850e-03 | 24 -0.00904 -3.09754e-03
 25  0.04337 -2.18635e-02 | 26  0.00242 -2.64473e-02 | 27  0.03089 -2.67807e-02
 28 -0.02023 -8.82699e-03 | 29  0.01244  2.32617e-03 | 30 -0.01136 -1.19982e-03
 31  0.03111 -1.59348e-03 | 32  0.05054 -2.72573e-03 | 33  0.01727 -4.36282e-03
 34 -0.02329  1.09548e-02 | 35 -0.00866 -3.46974e-03 | 36  0.12287  2.77786e-02
 37  0.00026  1.83552e-02 | 38  0.28694 -3.89396e-02 | 39  0.26832 -5.56186e-02
 40  0.25294  2.54259e-02 | 41  0.70662 -2.56743e-01 | 42 -0.75989  5.03719e-01
 43  0.45782  6.72454e-03 | 44 -0.44046 -3.03864e-03 | 45  0.32958  1.21111e-02
 46 -0.40914  3.74729e-02 | 47  0.12910 -4.31931e-02 | 48 -0.49272 -6.50319e-03
 49 -0.57570 -3.33551e-02 | 50 -0.55017 -5.31490e-01 | 51 -0.28721  3.39283e-02
 52 -0.49584  9.57623e-01 |
52 variables; iteration 320; function evaluation 421; phase 3
Function value 1.3021973e+04; maximum gradient component mag -2.0453e+00
Var    Value     Gradient |Var    Value     Gradient |Var    Value     Gradient
  1 -0.00019 -2.04526e+00 |  2  0.00896  2.51207e-02 |  3  0.07733  1.96490e-02
  4 -0.03460  2.60013e-02 |  5 -0.06143  2.65324e-02 |  6 -0.04743  2.48498e-02
  7 -0.09067  2.80430e-02 |  8 -0.01020  2.06854e-02 |  9 -0.02395  1.99380e-02
 10  0.09451 -8.46981e-03 | 11 -0.03488  1.08779e-02 | 12  0.02822 -2.46789e-02
 13 -0.00058 -2.10028e-02 | 14  0.03045 -4.45700e-02 | 15  0.01797 -2.45278e-02
 16 -0.06250 -9.79807e-03 | 17 -0.00762 -1.92007e-03 | 18  0.01014  9.02742e-03
 19  0.01372  6.32728e-03 | 20 -0.06419  1.29285e-02 | 21 -0.08311  1.01066e-02
 22 -0.01878  5.98811e-03 | 23  0.02054 -1.01558e-02 | 24 -0.00904 -1.11612e-02
 25  0.04337 -3.10328e-02 | 26  0.00242 -4.17243e-02 | 27  0.03089 -4.56383e-02
 28 -0.02023 -2.71028e-02 | 29  0.01244 -4.25983e-04 | 30 -0.01136  1.97782e-03
 31  0.03111 -2.18108e-03 | 32  0.05054 -1.20329e-02 | 33  0.01727 -1.23006e-02
 34 -0.02329  4.00636e-03 | 35 -0.00866  1.01929e-02 | 36  0.12288  4.59183e-02
 37  0.00025  2.81931e-02 | 38  0.28694 -2.31293e-02 | 39  0.26832 -4.08104e-02
 40  0.25294 -1.13151e-02 | 41  0.70505 -3.91146e-01 | 42 -0.74034  7.75181e-01
 43  0.45782  2.85205e-03 | 44 -0.44046 -9.53792e-05 | 45  0.32958 -6.46857e-03
 46 -0.40914  1.17943e-02 | 47  0.12910 -2.23069e-02 | 48 -0.49272  8.40840e-03
 49 -0.57492 -3.88599e-02 | 50 -0.54943 -8.08008e-01 | 51 -0.29554  6.12911e-02
 52 -0.50643  1.32830e+00 |
52 variables; iteration 340; function evaluation 447; phase 3
Function value 1.3021973e+04; maximum gradient component mag -9.3872e-01
Var    Value     Gradient |Var    Value     Gradient |Var    Value     Gradient
  1 -0.00019 -9.38718e-01 |  2  0.00896  1.28007e-02 |  3  0.07733  5.30856e-03
  4 -0.03460  1.20591e-02 |  5 -0.06143  1.01500e-02 |  6 -0.04743  9.81872e-03
  7 -0.09067  1.01903e-02 |  8 -0.01020  8.88891e-03 |  9 -0.02395  1.01975e-02
 10  0.09451 -7.17072e-03 | 11 -0.03489  3.99354e-04 | 12  0.02822 -7.30055e-03
 13 -0.00058 -1.31779e-02 | 14  0.03045 -2.07806e-02 | 15  0.01797 -1.09860e-02
 16 -0.06250 -4.35292e-03 | 17 -0.00762 -7.09600e-03 | 18  0.01014  2.15763e-03
 19  0.01372  3.69921e-03 | 20 -0.06419  3.16833e-03 | 21 -0.08311  1.20699e-03
 22 -0.01878  1.52612e-03 | 23  0.02054 -4.14033e-03 | 24 -0.00904 -7.53879e-03
 25  0.04337 -1.15029e-02 | 26  0.00242 -1.66413e-02 | 27  0.03089 -1.96990e-02
 28 -0.02023 -1.54686e-02 | 29  0.01244 -2.17732e-03 | 30 -0.01136  3.14487e-03
 31  0.03111 -3.38829e-03 | 32  0.05054 -7.44019e-03 | 33  0.01727 -8.38226e-03
 34 -0.02329  3.20911e-04 | 35 -0.00866  1.07805e-02 | 36  0.12288  1.96354e-02
 37  0.00025  1.20119e-02 | 38  0.28694  6.88752e-04 | 39  0.26832 -8.82298e-03
 40  0.25293 -2.57520e-02 | 41  0.69412 -1.55606e-01 | 42 -0.71939  2.86230e-01
 43  0.45782 -3.99077e-04 | 44 -0.44046  2.00945e-03 | 45  0.32958 -8.46387e-03
 46 -0.40914 -1.69545e-02 | 47  0.12910  1.19232e-04 | 48 -0.49272  1.56443e-02
 49 -0.56944 -1.62295e-02 | 50 -0.54421 -3.24558e-01 | 51 -0.30522  3.18112e-02
 52 -0.51888  4.41633e-01 |
52 variables; iteration 360; function evaluation 472; phase 3
Function value 1.3021972e+04; maximum gradient component mag -5.5220e+00
Var    Value     Gradient |Var    Value     Gradient |Var    Value     Gradient
  1 -0.00019 -5.52197e+00 |  2  0.00896  6.95564e-02 |  3  0.07733  3.63972e-02
  4 -0.03460  6.93076e-02 |  5 -0.06143  6.45231e-02 |  6 -0.04743  6.05455e-02
  7 -0.09068  6.65028e-02 |  8 -0.01020  4.44163e-02 |  9 -0.02395  5.21840e-02
 10  0.09451 -3.57782e-02 | 11 -0.03489  6.92541e-03 | 12  0.02823 -3.74710e-02
 13 -0.00058 -7.18009e-02 | 14  0.03045 -1.18427e-01 | 15  0.01797 -6.73497e-02
 16 -0.06250 -2.24703e-02 | 17 -0.00762 -2.36306e-02 | 18  0.01014  2.42915e-03
 19  0.01372  2.39574e-03 | 20 -0.06419  2.63006e-02 | 21 -0.08311  2.44659e-02
 22 -0.01878  1.16226e-02 | 23  0.02054 -2.66232e-02 | 24 -0.00904 -3.36692e-02
 25  0.04337 -7.97069e-02 | 26  0.00242 -9.92704e-02 | 27  0.03089 -1.21189e-01
 28 -0.02023 -7.79431e-02 | 29  0.01244 -1.23140e-02 | 30 -0.01136  1.13711e-02
 31  0.03111 -5.21552e-03 | 32  0.05054 -3.83148e-02 | 33  0.01727 -3.46728e-02
 34 -0.02329 -5.74800e-03 | 35 -0.00866  6.07238e-02 | 36  0.12288  1.10914e-01
 37  0.00025  7.20292e-02 | 38  0.28694 -8.53431e-03 | 39  0.26832 -2.12171e-02
 40  0.25293 -1.11778e-01 | 41  0.66768 -9.80973e-01 | 42 -0.69677  1.54615e+00
 43  0.45782 -2.08541e-03 | 44 -0.44046  5.75267e-03 | 45  0.32958 -7.97400e-02
 46 -0.40914 -1.79189e-02 | 47  0.12910  7.88095e-03 | 48 -0.49272  5.55457e-02
 49 -0.55567 -9.37875e-02 | 50 -0.53106 -1.84244e+00 | 51 -0.31655  1.34064e-01
 52 -0.53366  2.15722e+00 |
52 variables; iteration 380; function evaluation 498; phase 3
Function value 1.3021972e+04; maximum gradient component mag -5.7231e+00
Var    Value     Gradient |Var    Value     Gradient |Var    Value     Gradient
  1 -0.00019 -5.72311e+00 |  2  0.00896  6.79983e-02 |  3  0.07733  3.81577e-02
  4 -0.03460  7.18568e-02 |  5 -0.06143  7.13926e-02 |  6 -0.04743  6.58088e-02
  7 -0.09067  7.41827e-02 |  8 -0.01020  4.84485e-02 |  9 -0.02395  5.23540e-02
 10  0.09451 -3.63252e-02 | 11 -0.03489  1.68871e-02 | 12  0.02822 -4.55185e-02
 13 -0.00058 -6.39868e-02 | 14  0.03045 -1.18294e-01 | 15  0.01797 -7.65553e-02
 16 -0.06250 -2.06428e-02 | 17 -0.00762 -1.79898e-02 | 18  0.01014  8.90949e-04
 19  0.01372 -7.11007e-03 | 20 -0.06419  3.08617e-02 | 21 -0.08311  3.23910e-02
 22 -0.01878  1.28376e-02 | 23  0.02054 -2.84759e-02 | 24 -0.00904 -2.62655e-02
 25  0.04337 -8.68433e-02 | 26  0.00242 -1.02799e-01 | 27  0.03089 -1.26802e-01
 28 -0.02023 -7.14741e-02 | 29  0.01244 -8.35306e-03 | 30 -0.01136  1.20777e-02
 31  0.03111 -2.86626e-03 | 32  0.05054 -3.82882e-02 | 33  0.01727 -2.65876e-02
 34 -0.02329  4.96777e-03 | 35 -0.00866  6.35282e-02 | 36  0.12288  1.09851e-01
 37  0.00025  7.65498e-02 | 38  0.28694 -2.52027e-02 | 39  0.26832 -6.53118e-02
 40  0.25293 -8.55931e-02 | 41  0.63048 -1.05951e+00 | 42 -0.67981  1.43417e+00
 43  0.45782  7.95239e-04 | 44 -0.44046  2.53283e-03 | 45  0.32958 -9.21370e-02
 46 -0.40914  3.90557e-02 | 47  0.12910 -1.68481e-02 | 48 -0.49272  4.07743e-02
 49 -0.53522 -1.06031e-01 | 50 -0.51145 -1.85643e+00 | 51 -0.32567  1.14826e-01
 52 -0.54572  1.86413e+00 |
52 variables; iteration 400; function evaluation 524; phase 3
Function value 1.3021972e+04; maximum gradient component mag -1.2972e+00
Var    Value     Gradient |Var    Value     Gradient |Var    Value     Gradient
  1 -0.00019 -1.29719e+00 |  2  0.00896  1.49983e-02 |  3  0.07733  1.18553e-02
  4 -0.03460  1.65749e-02 |  5 -0.06143  1.71132e-02 |  6 -0.04743  1.60758e-02
  7 -0.09067  1.88455e-02 |  8 -0.01020  1.33601e-02 |  9 -0.02395  1.17326e-02
 10  0.09451 -6.35359e-03 | 11 -0.03488  9.86449e-03 | 12  0.02822 -1.54967e-02
 13 -0.00058 -9.18119e-03 | 14  0.03045 -2.53426e-02 | 15  0.01797 -2.19997e-02
 16 -0.06250 -3.95818e-03 | 17 -0.00762 -2.03900e-03 | 18  0.01014 -2.58948e-04
 19  0.01372 -4.17027e-03 | 20 -0.06419  8.87278e-03 | 21 -0.08311  9.42885e-03
 22 -0.01878  4.21373e-03 | 23  0.02054 -7.84743e-03 | 24 -0.00904 -4.66858e-03
 25  0.04337 -2.14627e-02 | 26  0.00242 -2.45471e-02 | 27  0.03089 -2.77590e-02
 28 -0.02023 -1.16052e-02 | 29  0.01244 -7.32702e-04 | 30 -0.01136  1.66942e-03
 31  0.03111 -1.15937e-03 | 32  0.05054 -7.67920e-03 | 33  0.01727 -5.25737e-03
 34 -0.02329  7.10066e-03 | 35 -0.00866  1.10505e-02 | 36  0.12288  2.38200e-02
 37  0.00025  1.80748e-02 | 38  0.28694 -2.33560e-02 | 39  0.26832 -4.50445e-02
 40  0.25294 -6.08169e-03 | 41  0.58478 -2.48876e-01 | 42 -0.66803  2.96700e-01
 43  0.45782  4.19984e-03 | 44 -0.44046 -7.70716e-04 | 45  0.32958 -2.42400e-02
 46 -0.40914  3.78193e-02 | 47  0.12910 -2.57801e-02 | 48 -0.49272  3.85382e-03
 49 -0.50860 -2.61699e-02 | 50 -0.48582 -4.17378e-01 | 51 -0.33232  1.66722e-02
 52 -0.55461  3.73134e-01 |
52 variables; iteration 420; function evaluation 551; phase 3
Function value 1.3021971e+04; maximum gradient component mag -5.4973e+00
Var    Value     Gradient |Var    Value     Gradient |Var    Value     Gradient
  1 -0.00019 -5.49731e+00 |  2  0.00896  6.32335e-02 |  3  0.07733  4.32106e-02
  4 -0.03460  6.86322e-02 |  5 -0.06143  7.14189e-02 |  6 -0.04743  6.61972e-02
  7 -0.09067  7.68147e-02 |  8 -0.01020  5.06197e-02 |  9 -0.02395  4.93345e-02
 10  0.09451 -3.12437e-02 | 11 -0.03488  2.91460e-02 | 12  0.02822 -5.33092e-02
 13 -0.00058 -4.89775e-02 | 14  0.03045 -1.08851e-01 | 15  0.01797 -8.39216e-02
 16 -0.06250 -1.72206e-02 | 17 -0.00762 -1.12519e-02 | 18  0.01014 -2.67292e-03
 19  0.01372 -1.64757e-02 | 20 -0.06419  3.41794e-02 | 21 -0.08311  3.86383e-02
 22 -0.01878  1.46809e-02 | 23  0.02054 -3.01888e-02 | 24 -0.00904 -1.94787e-02
 25  0.04337 -8.81119e-02 | 26  0.00242 -1.00259e-01 | 27  0.03089 -1.21891e-01
 28 -0.02023 -5.73497e-02 | 29  0.01244 -5.93336e-03 | 30 -0.01136  9.42994e-03
 31  0.03111 -2.32978e-03 | 32  0.05054 -3.41201e-02 | 33  0.01727 -1.99871e-02
 34 -0.02329  1.80923e-02 | 35 -0.00866  5.69868e-02 | 36  0.12288  1.00839e-01
 37  0.00025  7.53480e-02 | 38  0.28694 -5.68920e-02 | 39  0.26832 -1.21315e-01
 40  0.25294 -4.84925e-02 | 41  0.53038 -1.19450e+00 | 42 -0.66073  1.22743e+00
 43  0.45782  7.76679e-03 | 44 -0.44046 -1.04717e-03 | 45  0.32958 -1.00346e-01
 46 -0.40914  1.06835e-01 | 47  0.12910 -5.70899e-02 | 48 -0.49272  2.29665e-02
 49 -0.47517 -1.15552e-01 | 50 -0.45347 -1.84743e+00 | 51 -0.33656  8.16732e-02
 52 -0.56034  1.48025e+00 |
52 variables; iteration 440; function evaluation 578; phase 3
Function value 1.3021971e+04; maximum gradient component mag -6.4647e+00
Var    Value     Gradient |Var    Value     Gradient |Var    Value     Gradient
  1 -0.00019 -6.46475e+00 |  2  0.00896  7.46191e-02 |  3  0.07733  4.83894e-02
  4 -0.03460  8.08031e-02 |  5 -0.06143  8.29855e-02 |  6 -0.04743  7.69508e-02
  7 -0.09067  8.92324e-02 |  8 -0.01020  5.74951e-02 |  9 -0.02395  5.80586e-02
 10  0.09451 -3.84225e-02 | 11 -0.03488  3.00514e-02 | 12  0.02822 -5.84830e-02
 13 -0.00058 -6.12973e-02 | 14  0.03045 -1.28711e-01 | 15  0.01797 -9.69574e-02
 16 -0.06250 -2.03874e-02 | 17 -0.00762 -1.49349e-02 | 18  0.01014 -4.49876e-03
 19  0.01372 -1.97482e-02 | 20 -0.06419  3.86946e-02 | 21 -0.08311  4.48020e-02
 22 -0.01878  1.64911e-02 | 23  0.02054 -3.52292e-02 | 24 -0.00904 -2.32168e-02
 25  0.04337 -1.02580e-01 | 26  0.00242 -1.15729e-01 | 27  0.03089 -1.43879e-01
 28 -0.02023 -6.97140e-02 | 29  0.01244 -8.37988e-03 | 30 -0.01136  1.21380e-02
 31  0.03111 -2.08959e-03 | 32  0.05054 -4.03315e-02 | 33  0.01727 -2.29890e-02
 34 -0.02329  1.75842e-02 | 35 -0.00866  7.12137e-02 | 36  0.12288  1.18000e-01
 37  0.00025  8.80763e-02 | 38  0.28694 -5.37451e-02 | 39  0.26832 -1.21071e-01
 40  0.25294 -6.71060e-02 | 41  0.46788 -1.53477e+00 | 42 -0.65796  1.40125e+00
 43  0.45782  6.25698e-03 | 44 -0.44046 -4.79147e-04 | 45  0.32958 -1.19109e-01
 46 -0.40914  1.07280e-01 | 47  0.12910 -5.09658e-02 | 48 -0.49272  3.10059e-02
 49 -0.43490 -1.41548e-01 | 50 -0.41430 -2.25833e+00 | 51 -0.33820  9.83679e-02
 52 -0.56257  1.66565e+00 |
52 variables; iteration 460; function evaluation 604; phase 3
Function value 1.3021970e+04; maximum gradient component mag -1.6506e+00
Var    Value     Gradient |Var    Value     Gradient |Var    Value     Gradient
  1 -0.00019 -1.65064e+00 |  2  0.00896  1.90207e-02 |  3  0.07733  1.13361e-02
  4 -0.03460  2.04038e-02 |  5 -0.06143  2.09936e-02 |  6 -0.04743  1.93246e-02
  7 -0.09067  2.23163e-02 |  8 -0.01020  1.36286e-02 |  9 -0.02395  1.47604e-02
 10  0.09451 -1.03709e-02 | 11 -0.03489  5.59045e-03 | 12  0.02822 -1.29597e-02
 13 -0.00058 -1.75295e-02 | 14  0.03045 -3.33271e-02 | 15  0.01797 -2.31037e-02
 16 -0.06250 -5.41256e-03 | 17 -0.00762 -4.08946e-03 | 18  0.01014 -1.13068e-03
 19  0.01372 -4.51607e-03 | 20 -0.06419  9.32077e-03 | 21 -0.08311  1.11711e-02
 22 -0.01878  3.67108e-03 | 23  0.02054 -8.67972e-03 | 24 -0.00904 -6.02399e-03
 25  0.04337 -2.58159e-02 | 26  0.00242 -2.90213e-02 | 27  0.03089 -3.73201e-02
 28 -0.02023 -1.91335e-02 | 29  0.01244 -2.54323e-03 | 30 -0.01136  3.40010e-03
 31  0.03111 -5.55866e-05 | 32  0.05054 -1.04237e-02 | 33  0.01727 -5.60246e-03
 34 -0.02329  2.24457e-03 | 35 -0.00866  1.93779e-02 | 36  0.12288  3.03630e-02
 37  0.00025  2.22762e-02 | 38  0.28694 -6.95762e-03 | 39  0.26832 -1.84265e-02
 40  0.25294 -2.06260e-02 | 41  0.40042 -4.19332e-01 | 42 -0.65961  3.63841e-01
 43  0.45782 -2.35637e-05 | 44 -0.44046  2.06041e-04 | 45  0.32958 -2.87466e-02
 46 -0.40914  1.75253e-02 | 47  0.12910 -4.40761e-03 | 48 -0.49272  9.03578e-03
 49 -0.38976 -3.68642e-02 | 50 -0.37019 -6.00425e-01 | 51 -0.33722  2.75322e-02
 52 -0.56124  4.35217e-01 |
52 variables; iteration 480; function evaluation 631; phase 3
Function value 1.3021970e+04; maximum gradient component mag -5.0453e+00
Var    Value     Gradient |Var    Value     Gradient |Var    Value     Gradient
  1 -0.00019 -5.04532e+00 |  2  0.00896  5.91827e-02 |  3  0.07733  3.91802e-02
  4 -0.03460  6.24978e-02 |  5 -0.06143  6.49338e-02 |  6 -0.04743  6.02599e-02
  7 -0.09067  6.92032e-02 |  8 -0.01020  4.55923e-02 |  9 -0.02395  4.50055e-02
 10  0.09451 -2.86218e-02 | 11 -0.03489  2.28076e-02 | 12  0.02822 -4.64634e-02
 13 -0.00058 -4.80208e-02 | 14  0.03045 -1.01034e-01 | 15  0.01797 -7.11864e-02
 16 -0.06250 -1.59499e-02 | 17 -0.00762 -9.37689e-03 | 18  0.01014 -2.17515e-03
 19  0.01372 -1.30082e-02 | 20 -0.06419  3.13368e-02 | 21 -0.08311  3.40723e-02
 22 -0.01878  1.31145e-02 | 23  0.02054 -2.52442e-02 | 24 -0.00904 -1.90620e-02
 25  0.04337 -8.07264e-02 | 26  0.00242 -9.36641e-02 | 27  0.03089 -1.14591e-01
 28 -0.02023 -5.77843e-02 | 29  0.01244 -6.38132e-03 | 30 -0.01136  8.69152e-03
 31  0.03111  3.74572e-04 | 32  0.05054 -3.24768e-02 | 33  0.01727 -1.83399e-02
 34 -0.02329  1.16785e-02 | 35 -0.00866  5.35454e-02 | 36  0.12288  9.42797e-02
 37  0.00025  6.87924e-02 | 38  0.28694 -3.94038e-02 | 39  0.26832 -9.67856e-02
 40  0.25294 -5.13288e-02 | 41  0.32273 -1.44515e+00 | 42 -0.66604  1.18088e+00
 43  0.45782  4.35320e-03 | 44 -0.44046 -1.12554e-03 | 45  0.32958 -9.51793e-02
 46 -0.40914  8.63107e-02 | 47  0.12910 -3.58703e-02 | 48 -0.49272  2.16621e-02
 49 -0.33629 -1.25007e-01 | 50 -0.31771 -1.99023e+00 | 51 -0.33346  8.18784e-02
 52 -0.55616  1.45496e+00 |
52 variables; iteration 500; function evaluation 658; phase 3
Function value 1.3021970e+04; maximum gradient component mag -4.1547e+00
Var    Value     Gradient |Var    Value     Gradient |Var    Value     Gradient
  1 -0.00019 -4.15466e+00 |  2  0.00896  5.04906e-02 |  3  0.07733  3.89797e-02
  4 -0.03460  5.30795e-02 |  5 -0.06143  5.49963e-02 |  6 -0.04743  5.16822e-02
  7 -0.09067  5.71673e-02 |  8 -0.01020  4.03833e-02 |  9 -0.02395  3.84400e-02
 10  0.09451 -1.47463e-02 | 11 -0.03488  2.15124e-02 | 12  0.02822 -4.22501e-02
 13 -0.00058 -4.10894e-02 | 14  0.03045 -8.65262e-02 | 15  0.01797 -5.77023e-02
 16 -0.06250 -1.57140e-02 | 17 -0.00762 -4.71999e-03 | 18  0.01014  2.25966e-03
 19  0.01372 -7.73771e-03 | 20 -0.06419  2.65601e-02 | 21 -0.08311  2.71826e-02
 22 -0.01878  1.10647e-02 | 23  0.02054 -1.98466e-02 | 24 -0.00904 -1.67239e-02
 25  0.04337 -6.76197e-02 | 26  0.00242 -8.11947e-02 | 27  0.03089 -9.66686e-02
 28 -0.02023 -4.99803e-02 | 29  0.01244 -3.98617e-03 | 30 -0.01136  5.07329e-03
 31  0.03111  6.83489e-04 | 32  0.05054 -2.78154e-02 | 33  0.01727 -1.64881e-02
 34 -0.02329  6.76287e-03 | 35 -0.00866  3.87770e-02 | 36  0.12288  8.22175e-02
 37  0.00025  5.72445e-02 | 38  0.28694 -3.63921e-02 | 39  0.26832 -7.71805e-02
 40  0.25294 -3.33957e-02 | 41  0.23841 -1.36643e+00 | 42 -0.67791  1.18558e+00
 43  0.45782  3.61995e-03 | 44 -0.44046 -1.03595e-03 | 45  0.32958 -6.94391e-02
 46 -0.40914  7.23865e-02 | 47  0.12910 -3.07342e-02 | 48 -0.49272  1.05372e-02
 49 -0.27714 -8.82732e-02 | 50 -0.25941 -1.87592e+00 | 51 -0.32672  6.41927e-02
 52 -0.54712  1.55178e+00 |
52 variables; iteration 520; function evaluation 684; phase 3
Function value 1.3021970e+04; maximum gradient component mag -8.0919e-01
Var    Value     Gradient |Var    Value     Gradient |Var    Value     Gradient
  1 -0.00019 -8.09187e-01 |  2  0.00896  1.01332e-02 |  3  0.07733  9.46616e-03
  4 -0.03460  1.05745e-02 |  5 -0.06143  1.15334e-02 |  6 -0.04743  1.08427e-02
  7 -0.09067  1.13841e-02 |  8 -0.01020  7.99616e-03 |  9 -0.02395  6.96189e-03
 10  0.09451 -3.48546e-04 | 11 -0.03489  4.48682e-03 | 12  0.02822 -9.05860e-03
 13 -0.00058 -8.61015e-03 | 14  0.03045 -1.81622e-02 | 15  0.01797 -9.06211e-03
 16 -0.06250 -3.58884e-03 | 17 -0.00762  2.26233e-03 | 18  0.01014  1.74722e-03
 19  0.01372 -9.50339e-04 | 20 -0.06419  6.27005e-03 | 21 -0.08311  5.66233e-03
 22 -0.01878  2.30394e-03 | 23  0.02054 -2.37576e-03 | 24 -0.00904 -2.80953e-03
 25  0.04337 -1.41530e-02 | 26  0.00242 -1.77693e-02 | 27  0.03089 -2.03928e-02
 28 -0.02023 -1.09049e-02 | 29  0.01244 -1.64182e-05 | 30 -0.01136 -1.14032e-04
 31  0.03111  2.43353e-03 | 32  0.05054 -5.86824e-03 | 33  0.01727 -2.19100e-03
 34 -0.02329 -1.28396e-03 | 35 -0.00866  5.83473e-03 | 36  0.12288  1.78947e-02
 37  0.00025  1.14217e-02 | 38  0.28694 -5.95345e-03 | 39  0.26832 -1.13269e-02
 40  0.25294 -1.30655e-03 | 41  0.16094 -3.01012e-01 | 42 -0.69381  3.06892e-01
 43  0.45782 -2.29047e-05 | 44 -0.44046 -7.75955e-04 | 45  0.32958 -1.43007e-02
 46 -0.40914  1.99503e-02 | 47  0.12910 -1.99798e-03 | 48 -0.49272 -4.15076e-03
 49 -0.22233 -1.27224e-02 | 50 -0.20519 -4.19442e-01 | 51 -0.31811  1.18822e-02
 52 -0.53570  4.36878e-01 |
52 variables; iteration 540; function evaluation 711; phase 3
Function value 1.3021970e+04; maximum gradient component mag -8.4500e-01
Var    Value     Gradient |Var    Value     Gradient |Var    Value     Gradient
  1 -0.00019 -8.45001e-01 |  2  0.00896  1.10639e-02 |  3  0.07733  9.30638e-03
  4 -0.03460  1.12116e-02 |  5 -0.06143  1.12650e-02 |  6 -0.04743  1.06426e-02
  7 -0.09067  1.11015e-02 |  8 -0.01020  7.63505e-03 |  9 -0.02395  7.56500e-03
 10  0.09451 -8.01991e-04 | 11 -0.03489  2.96851e-03 | 12  0.02822 -8.24460e-03
 13 -0.00058 -1.11551e-02 | 14  0.03045 -2.00466e-02 | 15  0.01797 -8.14013e-03
 16 -0.06250 -4.52876e-03 | 17 -0.00762  1.26850e-03 | 18  0.01014  3.05932e-03
 19  0.01372  1.68836e-03 | 20 -0.06419  5.76912e-03 | 21 -0.08311  4.43026e-03
 22 -0.01878  2.23790e-03 | 23  0.02054 -3.25542e-03 | 24 -0.00904 -4.79303e-03
 25  0.04337 -1.43385e-02 | 26  0.00242 -1.86869e-02 | 27  0.03089 -2.03737e-02
 28 -0.02023 -1.26442e-02 | 29  0.01244 -3.20401e-04 | 30 -0.01136 -2.69436e-05
 31  0.03111  2.03724e-03 | 32  0.05054 -5.81101e-03 | 33  0.01727 -4.24851e-03
 34 -0.02329 -3.51139e-03 | 35 -0.00866  4.62454e-03 | 36  0.12288  2.00435e-02
 37  0.00025  1.15583e-02 | 38  0.28694 -4.07446e-03 | 39  0.26832 -2.04639e-03
 40  0.25294 -6.72786e-03 | 41  0.10593 -3.60507e-01 | 42 -0.70939  3.79554e-01
 43  0.45782 -3.49667e-04 | 44 -0.44046 -2.96669e-04 | 45  0.32958 -8.41245e-03
 46 -0.40914  6.33157e-03 | 47  0.12910  1.20898e-03 | 48 -0.49272  2.67122e-05
 49 -0.18338 -1.35949e-02 | 50 -0.16657 -5.02455e-01 | 51 -0.31012  1.91390e-02
 52 -0.52524  5.74712e-01 |
52 variables; iteration 560; function evaluation 738; phase 3
Function value 1.3021970e+04; maximum gradient component mag -1.3953e-01
Var    Value     Gradient |Var    Value     Gradient |Var    Value     Gradient
  1 -0.00019 -1.39526e-01 |  2  0.00896  1.76294e-03 |  3  0.07733  1.51973e-03
  4 -0.03460  1.90275e-03 |  5 -0.06143  1.98870e-03 |  6 -0.04743  1.82478e-03
  7 -0.09067  1.85818e-03 |  8 -0.01020  7.33414e-04 |  9 -0.02395  6.99179e-04
 10  0.09451  7.64763e-05 | 11 -0.03489  2.14859e-04 | 12  0.02822 -7.63467e-04
 13 -0.00058 -2.11082e-03 | 14  0.03045 -3.59443e-03 | 15  0.01797 -9.85434e-04
 16 -0.06250 -7.07326e-04 | 17 -0.00762  1.20865e-03 | 18  0.01014  7.95791e-05
 19  0.01372 -4.94671e-04 | 20 -0.06419  1.30086e-03 | 21 -0.08311  1.14031e-03
 22 -0.01878  4.47000e-04 | 23  0.02054 -1.15309e-04 | 24 -0.00904 -5.01913e-04
 25  0.04337 -2.87047e-03 | 26  0.00242 -3.36868e-03 | 27  0.03089 -3.56174e-03
 28 -0.02023 -1.91749e-03 | 29  0.01244  7.84729e-05 | 30 -0.01136 -3.05477e-04
 31  0.03111  1.52377e-03 | 32  0.05054 -1.10833e-03 | 33  0.01727 -7.51702e-05
 34 -0.02329 -1.90176e-03 | 35 -0.00866  9.44910e-04 | 36  0.12288  3.34665e-03
 37  0.00025  1.90683e-03 | 38  0.28694  1.70712e-05 | 39  0.26832  2.62892e-03
 40  0.25294 -8.15945e-04 | 41  0.08176 -4.64957e-02 | 42 -0.71823  5.23496e-02
 43  0.45782 -3.26254e-04 | 44 -0.44046 -2.38153e-04 | 45  0.32958 -4.62212e-03
 46 -0.40914  4.83827e-03 | 47  0.12910  2.41892e-03 | 48 -0.49272 -1.89422e-03
 49 -0.16630 -1.00628e-03 | 50 -0.14961 -6.74807e-02 | 51 -0.30578  1.23027e-03
 52 -0.51960  8.87713e-02 |
52 variables; iteration 580; function evaluation 762; phase 3
Function value 1.3021969e+04; maximum gradient component mag 2.3279e-01
Var    Value     Gradient |Var    Value     Gradient |Var    Value     Gradient
  1 -0.00019 -1.52848e-01 |  2  0.00896  1.89643e-03 |  3  0.07733  5.34285e-03
  4 -0.03460  1.71166e-03 |  5 -0.06143  4.41241e-03 |  6 -0.04743  3.97401e-03
  7 -0.09067  3.31223e-03 |  8 -0.01020  3.91421e-03 |  9 -0.02395  1.52150e-03
 10  0.09451  4.16578e-03 | 11 -0.03488  3.30146e-03 | 12  0.02822 -5.07859e-03
 13 -0.00058  8.28347e-04 | 14  0.03045 -3.17318e-03 | 15  0.01797  9.10728e-04
 16 -0.06250 -8.64487e-04 | 17 -0.00762  4.67573e-03 | 18  0.01014  2.57099e-03
 19  0.01372  4.25640e-04 | 20 -0.06419  3.28799e-03 | 21 -0.08311  2.30828e-03
 22 -0.01878  8.67114e-04 | 23  0.02054  3.43433e-03 | 24 -0.00904  1.91710e-03
 25  0.04337 -2.85901e-03 | 26  0.00242 -6.75239e-03 | 27  0.03089 -8.61744e-03
 28 -0.02023 -4.62415e-03 | 29  0.01244  1.39584e-03 | 30 -0.01136 -1.12390e-03
 31  0.03111  2.23756e-03 | 32  0.05054 -2.31060e-03 | 33  0.01727  2.17231e-03
 34 -0.02329  4.02596e-04 | 35 -0.00866 -5.88346e-04 | 36  0.12288  5.51222e-03
 37  0.00025  3.09237e-03 | 38  0.28694 -1.15864e-04 | 39  0.26832 -9.69220e-03
 40  0.25294  1.44116e-02 | 41  0.05649 -1.04359e-01 | 42 -0.72579  1.37389e-01
 43  0.45782 -1.38964e-03 | 44 -0.44046 -9.37660e-04 | 45  0.32958 -2.86976e-03
 46 -0.40914  1.81256e-02 | 47  0.12910  1.36840e-03 | 48 -0.49272 -1.24911e-02
 49 -0.14849  1.24188e-03 | 50 -0.13191 -1.52194e-01 | 51 -0.30219  1.42763e-03
 52 -0.51496  2.32790e-01 |
52 variables; iteration 600; function evaluation 787; phase 3
Function value 1.3021969e+04; maximum gradient component mag -1.0182e-01
Var    Value     Gradient |Var    Value     Gradient |Var    Value     Gradient
  1 -0.00019  9.75181e-02 |  2  0.00896 -1.36257e-03 |  3  0.07733 -1.16403e-03
  4 -0.03460 -1.18754e-03 |  5 -0.06143 -1.55000e-03 |  6 -0.04743 -1.28328e-03
  7 -0.09067 -1.48973e-03 |  8 -0.01020 -1.20579e-03 |  9 -0.02395 -1.08232e-03
 10  0.09451  4.84683e-04 | 11 -0.03489 -7.95516e-04 | 12  0.02822  1.73229e-03
 13 -0.00058  1.42404e-03 | 14  0.03045  2.32569e-03 | 15  0.01797  5.64109e-04
 16 -0.06250  3.62672e-04 | 17 -0.00762 -2.38615e-04 | 18  0.01014 -1.22536e-03
 19  0.01372 -1.39659e-03 | 20 -0.06419 -6.29642e-04 | 21 -0.08311 -1.87143e-04
 22 -0.01878  9.36687e-05 | 23  0.02054  8.40107e-04 | 24 -0.00904  7.34520e-04
 25  0.04337  1.49283e-03 | 26  0.00242  2.04448e-03 | 27  0.03089  2.38110e-03
 28 -0.02023  1.73320e-03 | 29  0.01244  1.44420e-04 | 30 -0.01136  2.44463e-05
 31  0.03111  1.97076e-04 | 32  0.05054  4.94330e-04 | 33  0.01727  6.21349e-04
 34 -0.02329 -4.88317e-04 | 35 -0.00866  1.05277e-04 | 36  0.12288 -2.45883e-03
 37  0.00025 -1.39683e-03 | 38  0.28694  5.01253e-04 | 39  0.26832  4.20452e-03
 40  0.25294 -2.64511e-04 | 41  0.00797  5.84570e-02 | 42 -0.73533 -6.52987e-02
 43  0.45782  1.71285e-05 | 44 -0.44046  8.35218e-05 | 45  0.32958 -2.30288e-03
 46 -0.40914  1.22907e-03 | 47  0.12910  1.26797e-03 | 48 -0.49272 -2.00589e-04
 49 -0.11446  2.21393e-03 | 50 -0.09805  8.06871e-02 | 51 -0.29779 -3.87352e-03
 52 -0.50931 -1.01818e-01 |
52 variables; iteration 620; function evaluation 809; phase 3
Function value 1.3021969e+04; maximum gradient component mag 9.7026e-01
Var    Value     Gradient |Var    Value     Gradient |Var    Value     Gradient
  1 -0.00019  6.86840e-01 |  2  0.00896 -3.32511e-04 |  3  0.07733  8.43398e-03
  4 -0.03460 -3.40778e-03 |  5 -0.06143 -1.11630e-02 |  6 -0.04743 -7.77614e-03
  7 -0.09067 -1.14383e-02 |  8 -0.01020 -5.61599e-03 |  9 -0.02395 -3.06735e-03
 10  0.09451  2.04288e-02 | 11 -0.03489 -7.46301e-03 | 12  0.02822  4.02825e-03
 13 -0.00058 -7.79691e-03 | 14  0.03045  2.37830e-03 | 15  0.01797  2.19533e-02
 16 -0.06250 -4.38963e-03 | 17 -0.00762  6.73936e-03 | 18  0.01014  1.09300e-02
 19  0.01372  1.76640e-02 | 20 -0.06419 -4.66713e-03 | 21 -0.08311 -1.03553e-02
 22 -0.01878 -4.44311e-04 | 23  0.02054  1.29282e-03 | 24 -0.00904 -6.59502e-03
 25  0.04337  8.23499e-03 | 26  0.00242  7.21920e-03 | 27  0.03089  1.13167e-02
 28 -0.02023 -6.96886e-03 | 29  0.01244 -2.44023e-03 | 30 -0.01136 -7.86250e-03
 31  0.03111  2.92119e-03 | 32  0.05054  6.08512e-03 | 33  0.01727 -5.58183e-03
 34 -0.02329 -1.94816e-02 | 35 -0.00866 -2.23754e-02 | 36  0.12288  2.23735e-03
 37  0.00025 -9.89290e-03 | 38  0.28694  1.00618e-02 | 39  0.26832  5.39917e-02
 40  0.25293  2.47911e-03 | 41 -0.04998 -1.24251e-01 | 42 -0.73160  5.71063e-01
 43  0.45782 -8.29254e-04 | 44 -0.44046 -2.02862e-03 | 45  0.32958  4.76819e-02
 46 -0.40914 -6.62479e-02 | 47  0.12910  2.95575e-02 | 48 -0.49272 -3.79356e-03
 49 -0.07420  6.82288e-02 | 50 -0.05793 -2.49244e-01 | 51 -0.29948  7.58363e-03
 52 -0.51148  9.70263e-01 |
52 variables; iteration 640; function evaluation 832; phase 3
Function value 1.3021969e+04; maximum gradient component mag 7.0131e-01
Var    Value     Gradient |Var    Value     Gradient |Var    Value     Gradient
  1 -0.00019 -5.07133e-01 |  2  0.00896  7.88878e-03 |  3  0.07733  8.46419e-03
  4 -0.03460  7.05205e-03 |  5 -0.06143  6.53817e-03 |  6 -0.04743  6.28758e-03
  7 -0.09067  5.04196e-03 |  8 -0.01020  5.39235e-03 |  9 -0.02395  5.62199e-03
 10  0.09451  3.60898e-03 | 11 -0.03489  5.40830e-04 | 12  0.02822 -5.93336e-03
 13 -0.00058 -8.48817e-03 | 14  0.03045 -1.35357e-02 | 15  0.01797 -1.66310e-03
 16 -0.06250 -4.66210e-03 | 17 -0.00762  4.92833e-05 | 18  0.01014  5.75858e-03
 19  0.01372  7.31691e-03 | 20 -0.06419  3.37255e-03 | 21 -0.08311  6.75676e-05
 22 -0.01878  1.78039e-03 | 23  0.02054 -1.63830e-03 | 24 -0.00904 -6.28892e-03
 25  0.04337 -8.06320e-03 | 26  0.00242 -1.44774e-02 | 27  0.03089 -1.23191e-02
 28 -0.02023 -1.11340e-02 | 29  0.01244 -1.50619e-04 | 30 -0.01136 -1.66565e-03
 31  0.03111 -3.43297e-04 | 32  0.05054 -4.03469e-03 | 33  0.01727 -7.67513e-03
 34 -0.02329 -5.93256e-03 | 35 -0.00866 -3.31761e-03 | 36  0.12288  1.70064e-02
 37  0.00025  6.71111e-03 | 38  0.28694 -6.27880e-03 | 39  0.26832  9.92779e-03
 40  0.25293 -6.47411e-03 | 41 -0.10196 -3.34873e-01 | 42 -0.71166  4.58916e-01
 43  0.45782  1.85606e-04 | 44 -0.44046  8.98835e-04 | 45  0.32958  7.24190e-03
 46 -0.40914 -1.23685e-02 | 47  0.12910  1.18567e-03 | 48 -0.49272  2.77156e-03
 49 -0.03859 -4.63412e-03 | 50 -0.02239 -4.88012e-01 | 51 -0.30899  2.26480e-02
 52 -0.52377  7.01312e-01 |
52 variables; iteration 660; function evaluation 859; phase 3
Function value 1.3021969e+04; maximum gradient component mag 3.9692e-01
Var    Value     Gradient |Var    Value     Gradient |Var    Value     Gradient
  1 -0.00019 -1.21950e-01 |  2  0.00896  3.01918e-03 |  3  0.07733  5.57251e-03
  4 -0.03460  2.41097e-03 |  5 -0.06143  2.15089e-03 |  6 -0.04743  2.43077e-03
  7 -0.09067  1.25818e-03 |  8 -0.01020  3.24438e-03 |  9 -0.02395  1.88827e-03
 10  0.09451  4.86050e-03 | 11 -0.03488  2.04439e-03 | 12  0.02822 -4.63538e-03
 13 -0.00058 -2.01972e-03 | 14  0.03045 -4.89145e-03 | 15  0.01797  8.93555e-04
 16 -0.06250 -2.23860e-03 | 17 -0.00762  1.93853e-03 | 18  0.01014  4.23074e-03
 19  0.01372  4.63147e-03 | 20 -0.06419  1.72893e-03 | 21 -0.08311 -1.04850e-03
 22 -0.01878  9.33648e-04 | 23  0.02054  2.96881e-04 | 24 -0.00904 -2.74903e-03
 25  0.04337 -2.66127e-03 | 26  0.00242 -6.65532e-03 | 27  0.03089 -3.73135e-03
 28 -0.02023 -4.21174e-03 | 29  0.01244  8.78503e-04 | 30 -0.01136 -1.65284e-03
 31  0.03111  2.68012e-04 | 32  0.05054 -1.46039e-03 | 33  0.01727 -3.30801e-03
 34 -0.02329 -2.13381e-03 | 35 -0.00866 -5.23149e-03 | 36  0.12288  7.13592e-03
 37  0.00025  1.93241e-03 | 38  0.28694 -6.68163e-03 | 39  0.26832 -4.37695e-03
 40  0.25294  3.71386e-03 | 41 -0.13910 -1.51794e-01 | 42 -0.69582  2.74257e-01
 43  0.45782  1.00256e-03 | 44 -0.44046 -1.66095e-04 | 45  0.32958  6.26210e-03
 46 -0.40914  8.30922e-04 | 47  0.12910 -4.61721e-03 | 48 -0.49272 -2.62222e-03
 49 -0.01349  4.95535e-03 | 50  0.00269 -2.30136e-01 | 51 -0.31706  7.22117e-03
 52 -0.53432  3.96922e-01 |
52 variables; iteration 680; function evaluation 885; phase 3
Function value 1.3021969e+04; maximum gradient component mag -1.3891e-01
Var    Value     Gradient |Var    Value     Gradient |Var    Value     Gradient
  1 -0.00019 -1.38913e-01 |  2  0.00896  1.69544e-03 |  3  0.07733  1.47635e-03
  4 -0.03460  1.87241e-03 |  5 -0.06143  1.80980e-03 |  6 -0.04743  1.76281e-03
  7 -0.09067  2.01286e-03 |  8 -0.01020  1.53707e-03 |  9 -0.02395  1.22518e-03
 10  0.09451 -4.58505e-04 | 11 -0.03489  1.16629e-03 | 12  0.02822 -1.82245e-03
 13 -0.00058 -8.86080e-04 | 14  0.03045 -2.81588e-03 | 15  0.01797 -2.25356e-03
 16 -0.06250 -4.74024e-04 | 17 -0.00762  5.54358e-07 | 18  0.01014  8.91361e-05
 19  0.01372 -3.46053e-04 | 20 -0.06419  1.09033e-03 | 21 -0.08311  9.58594e-04
 22 -0.01878  6.13591e-04 | 23  0.02054 -5.98758e-04 | 24 -0.00904 -5.59597e-04
 25  0.04337 -2.32940e-03 | 26  0.00242 -2.89323e-03 | 27  0.03089 -3.05061e-03
 28 -0.02023 -1.40168e-03 | 29  0.01244 -6.45152e-07 | 30 -0.01136  5.98205e-05
 31  0.03111  3.44323e-05 | 32  0.05054 -8.75437e-04 | 33  0.01727 -6.37186e-04
 34 -0.02329  6.27765e-04 | 35 -0.00866  9.02751e-04 | 36  0.12288  2.79034e-03
 37  0.00025  1.95673e-03 | 38  0.28694 -3.05022e-03 | 39  0.26832 -5.55986e-03
 40  0.25294 -2.83188e-04 | 41 -0.16361 -4.90141e-02 | 42 -0.68480  3.90766e-02
 43  0.45782  5.72752e-04 | 44 -0.44046 -1.47642e-04 | 45  0.32958 -3.04769e-03
 46 -0.40914  5.16997e-03 | 47  0.12910 -3.04060e-03 | 48 -0.49272 -3.59980e-05
 49  0.00288 -3.97630e-03 | 50  0.01907 -6.83569e-02 | 51 -0.32294  1.90879e-03
 52 -0.54208  5.59110e-02 |
52 variables; iteration 700; function evaluation 910; phase 3
Function value 1.3021969e+04; maximum gradient component mag -9.3231e-02
Var    Value     Gradient |Var    Value     Gradient |Var    Value     Gradient
  1 -0.00019 -9.32314e-02 |  2  0.00896  9.97761e-04 |  3  0.07733  7.23426e-04
  4 -0.03460  1.20154e-03 |  5 -0.06143  1.19905e-03 |  6 -0.04743  1.14123e-03
  7 -0.09067  1.40456e-03 |  8 -0.01020  9.43903e-04 |  9 -0.02395  7.41768e-04
 10  0.09451 -6.60787e-04 | 11 -0.03489  8.67986e-04 | 12  0.02822 -1.12070e-03
 13 -0.00058 -3.16529e-04 | 14  0.03045 -1.63694e-03 | 15  0.01797 -1.92067e-03
 16 -0.06250 -1.79952e-04 | 17 -0.00762 -1.43968e-04 | 18  0.01014 -3.31129e-04
 19  0.01372 -7.95937e-04 | 20 -0.06419  6.92819e-04 | 21 -0.08311  8.44654e-04
 22 -0.01878  4.40758e-04 | 23  0.02054 -4.64915e-04 | 24 -0.00904 -1.58989e-04
 25  0.04337 -1.54447e-03 | 26  0.00242 -1.63726e-03 | 27  0.03089 -1.90146e-03
 28 -0.02023 -5.26034e-04 | 29  0.01244 -3.97461e-05 | 30 -0.01136  1.31549e-04
 31  0.03111 -6.08861e-05 | 32  0.05054 -5.72201e-04 | 33  0.01727 -2.41473e-04
 34 -0.02329  8.11359e-04 | 35 -0.00866  1.07684e-03 | 36  0.12288  1.42976e-03
 37  0.00025  1.30829e-03 | 38  0.28694 -2.37495e-03 | 39  0.26832 -4.77713e-03
 40  0.25294 -2.94694e-04 | 41 -0.17443 -2.26395e-02 | 42 -0.67972  1.73818e-03
 43  0.45782  4.87775e-04 | 44 -0.44046 -9.87080e-05 | 45  0.32958 -3.21532e-03
 46 -0.40914  4.91410e-03 | 47  0.12910 -2.62935e-03 | 48 -0.49272  3.13943e-05
 49  0.01006 -3.42177e-03 | 50  0.02625 -2.92455e-02 | 51 -0.32572  4.43813e-04
 52 -0.54579  4.82146e-03 |
52 variables; iteration 720; function evaluation 932; phase 3
Function value 1.3021969e+04; maximum gradient component mag -1.0351e+00
Var    Value     Gradient |Var    Value     Gradient |Var    Value     Gradient
  1 -0.00019 -1.03512e+00 |  2  0.00896  1.21515e-02 |  3  0.07733  9.39829e-03
  4 -0.03460  1.33114e-02 |  5 -0.06143  1.34365e-02 |  6 -0.04743  1.27763e-02
  7 -0.09067  1.47966e-02 |  8 -0.01020  1.05495e-02 |  9 -0.02395  9.17372e-03
 10  0.09451 -4.99752e-03 | 11 -0.03488  7.23605e-03 | 12  0.02822 -1.18388e-02
 13 -0.00058 -7.44818e-03 | 14  0.03045 -2.03153e-02 | 15  0.01797 -1.67365e-02
 16 -0.06250 -3.05651e-03 | 17 -0.00762 -1.30210e-03 | 18  0.01014 -3.21242e-04
 19  0.01372 -3.12445e-03 | 20 -0.06419  7.39994e-03 | 21 -0.08311  7.36739e-03
 22 -0.01878  3.64892e-03 | 23  0.02054 -5.10181e-03 | 24 -0.00904 -3.77500e-03
 25  0.04337 -1.69124e-02 | 26  0.00242 -2.01013e-02 | 27  0.03089 -2.27225e-02
 28 -0.02023 -1.02811e-02 | 29  0.01244 -6.28168e-04 | 30 -0.01136  1.19630e-03
 31  0.03111 -2.16056e-04 | 32  0.05054 -6.43796e-03 | 33  0.01727 -4.18677e-03
 34 -0.02329  4.55093e-03 | 35 -0.00866  8.94836e-03 | 36  0.12288  1.95487e-02
 37  0.00025  1.43981e-02 | 38  0.28694 -1.74471e-02 | 39  0.26832 -3.37054e-02
 40  0.25294 -5.54311e-03 | 41 -0.18389 -3.33721e-01 | 42 -0.67209  2.47398e-01
 43  0.45782  3.03872e-03 | 44 -0.44046 -6.03144e-04 | 45  0.32958 -2.18162e-02
 46 -0.40914  3.09350e-02 | 47  0.12910 -1.77164e-02 | 48 -0.49272  2.20641e-03
 49  0.01631 -3.12433e-02 | 50  0.03250 -4.72863e-01 | 51 -0.32999  1.39340e-02
 52 -0.55149  3.17153e-01 |
52 variables; iteration 740; function evaluation 957; phase 3
Function value 1.3021969e+04; maximum gradient component mag 2.0379e+00
Var    Value     Gradient |Var    Value     Gradient |Var    Value     Gradient
  1 -0.00019  2.03788e+00 |  2  0.00896 -2.01983e-02 |  3  0.07733 -3.99817e-03
  4 -0.03460 -2.29681e-02 |  5 -0.06143 -2.47378e-02 |  6 -0.04743 -2.13138e-02
  7 -0.09067 -2.77970e-02 |  8 -0.01020 -1.15997e-02 |  9 -0.02395 -1.61519e-02
 10  0.09451  2.52601e-02 | 11 -0.03488 -2.60400e-03 | 12  0.02822  1.00584e-02
 13 -0.00058  2.16402e-02 | 14  0.03045  3.82328e-02 | 15  0.01797  2.93342e-02
 16 -0.06250  4.69757e-03 | 17 -0.00762  7.79731e-03 | 18  0.01014  4.84902e-03
 19  0.01372  9.22143e-03 | 20 -0.06419 -9.66415e-03 | 21 -0.08311 -1.54041e-02
 22 -0.01878 -3.39916e-03 | 23  0.02054  1.15177e-02 | 24 -0.00904  4.51037e-03
 25  0.04337  2.90018e-02 | 26  0.00242  2.83816e-02 | 27  0.03089  4.28363e-02
 28 -0.02023  1.98357e-02 | 29  0.01244  3.92568e-03 | 30 -0.01136 -7.15317e-03
 31  0.03111  4.43257e-04 | 32  0.05054  1.13176e-02 | 33  0.01727  3.33511e-03
 34 -0.02329 -4.86312e-03 | 35 -0.00866 -3.19803e-02 | 36  0.12288 -3.16858e-02
 37  0.00025 -2.68147e-02 | 38  0.28694 -3.17338e-03 | 39  0.26832  1.18470e-02
 40  0.25294  3.36800e-02 | 41 -0.14963  5.22729e-01 | 42 -0.65571 -1.56864e-01
 43  0.45782  2.36426e-03 | 44 -0.44046 -1.04108e-03 | 45  0.32958  3.97509e-02
 46 -0.40914 -1.09183e-02 | 47  0.12910 -3.83294e-03 | 48 -0.49272 -1.67016e-02
 49 -0.00644  8.17786e-02 | 50  0.00975  7.01106e-01 | 51 -0.33954 -4.26703e-02
 52 -0.56439 -1.60062e-01 |
52 variables; iteration 760; function evaluation 980; phase 3
Function value 1.3021969e+04; maximum gradient component mag 9.1731e-01
Var    Value     Gradient |Var    Value     Gradient |Var    Value     Gradient
  1 -0.00019  9.17312e-01 |  2  0.00896 -1.03920e-02 |  3  0.07733 -8.97440e-03
  4 -0.03460 -1.17231e-02 |  5 -0.06143 -1.29925e-02 |  6 -0.04743 -1.18871e-02
  7 -0.09067 -1.34873e-02 |  8 -0.01020 -1.06327e-02 |  9 -0.02395 -7.75852e-03
 10  0.09451  4.30304e-03 | 11 -0.03489 -1.08526e-02 | 12  0.02822  1.40225e-02
 13 -0.00058  2.83941e-03 | 14  0.03045  1.66074e-02 | 15  0.01797  1.93384e-02
 16 -0.06250  3.50558e-03 | 17 -0.00762  9.28226e-04 | 18  0.01014  1.68275e-03
 19  0.01372  7.87276e-03 | 20 -0.06419 -6.23721e-03 | 21 -0.08311 -7.45407e-03
 22 -0.01878 -4.37725e-03 | 23  0.02054  3.58586e-03 | 24 -0.00904  1.73706e-03
 25  0.04337  1.48738e-02 | 26  0.00242  1.72343e-02 | 27  0.03089  1.86200e-02
 28 -0.02023  4.34192e-03 | 29  0.01244 -3.04194e-04 | 30 -0.01136 -6.42918e-04
 31  0.03111  2.23724e-03 | 32  0.05054  7.76965e-03 | 33  0.01727  4.01486e-03
 34 -0.02329 -8.98234e-03 | 35 -0.00866 -1.05124e-02 | 36  0.12288 -1.41973e-02
 37  0.00025 -1.30299e-02 | 38  0.28694  2.73849e-02 | 39  0.26832  5.90599e-02
 40  0.25293  9.28804e-04 | 41 -0.09526  2.29637e-01 | 42 -0.64257 -5.90851e-02
 43  0.45782 -5.32661e-03 | 44 -0.44046  3.06694e-04 | 45  0.32958  3.37582e-02
 46 -0.40914 -5.66669e-02 | 47  0.12910  3.27395e-02 | 48 -0.49272  2.90098e-03
 49 -0.04315  2.96272e-02 | 50 -0.02695  3.08170e-01 | 51 -0.34756 -1.70525e-03
 52 -0.57539 -6.69845e-02 |
  ic > imax  in fminim is answer attained ?
Var    Value     Gradient |Var    Value     Gradient |Var    Value     Gradient
  1 -0.00019  6.23493e-04 |  2  0.00896 -1.40599e-05 |  3  0.07733 -8.40816e-06
  4 -0.03460 -1.08600e-05 |  5 -0.06143 -4.62106e-06 |  6 -0.04743 -1.13412e-05
  7 -0.09067 -1.20208e-05 |  8 -0.01020 -2.53442e-05 |  9 -0.02395 -2.38697e-06
 10  0.09451  1.13291e-05 | 11 -0.03489 -2.05240e-05 | 12  0.02822  2.28030e-05
 13 -0.00058 -2.47118e-05 | 14  0.03045  1.02240e-05 | 15  0.01797  3.70918e-05
 16 -0.06250 -1.56526e-05 | 17 -0.00762  7.07917e-06 | 18  0.01014  1.72302e-05
 19  0.01372  1.54537e-05 | 20 -0.06419 -1.83032e-05 | 21 -0.08311 -2.56049e-07
 22 -0.01878 -3.05505e-06 | 23  0.02054 -1.43084e-05 | 24 -0.00904 -3.80888e-06
 25  0.04337  5.55553e-06 | 26  0.00242  1.33091e-05 | 27  0.03089  4.84408e-06
 28 -0.02023  1.11564e-07 | 29  0.01244 -6.83121e-06 | 30 -0.01136 -5.12412e-06
 31  0.03111 -5.29027e-06 | 32  0.05054  1.39271e-05 | 33  0.01727 -5.87254e-06
 34 -0.02329 -2.90625e-05 | 35 -0.00866 -1.53767e-05 | 36  0.12288 -2.92852e-06
 37  0.00025 -1.14945e-05 | 38  0.28694  7.15737e-05 | 39  0.26832  2.17011e-04
 40  0.25294 -3.82322e-06 | 41 -0.06878 -1.80642e-04 | 42 -0.63685  6.32092e-04
 43  0.45782 -1.92742e-05 | 44 -0.44046  2.82138e-06 | 45  0.32958  1.32288e-04
 46 -0.40914 -2.02411e-04 | 47  0.12910  8.67781e-05 | 48 -0.49272  1.52175e-05
 49 -0.06127  2.96198e-05 | 50 -0.04503 -3.22566e-04 | 51 -0.35115  3.23935e-05
 52 -0.58038  8.02030e-04 |
Function minimizer not making progress ... is minimum attained?
Minimprove criterion = 0.0000e+00

 - final statistics:
52 variables; iteration 780; function evaluation 1031
Function value 1.3022e+04; maximum gradient component mag 8.0203e-04
Exit code = 1;  converg criter 1.0000e-04
Var    Value     Gradient |Var    Value     Gradient |Var    Value     Gradient
  1 -0.00019  6.23493e-04 |  2  0.00896 -1.40599e-05 |  3  0.07733 -8.40816e-06
  4 -0.03460 -1.08600e-05 |  5 -0.06143 -4.62106e-06 |  6 -0.04743 -1.13412e-05
  7 -0.09067 -1.20208e-05 |  8 -0.01020 -2.53442e-05 |  9 -0.02395 -2.38697e-06
 10  0.09451  1.13291e-05 | 11 -0.03489 -2.05240e-05 | 12  0.02822  2.28030e-05
 13 -0.00058 -2.47118e-05 | 14  0.03045  1.02240e-05 | 15  0.01797  3.70918e-05
 16 -0.06250 -1.56526e-05 | 17 -0.00762  7.07917e-06 | 18  0.01014  1.72302e-05
 19  0.01372  1.54537e-05 | 20 -0.06419 -1.83032e-05 | 21 -0.08311 -2.56049e-07
 22 -0.01878 -3.05505e-06 | 23  0.02054 -1.43084e-05 | 24 -0.00904 -3.80888e-06
 25  0.04337  5.55553e-06 | 26  0.00242  1.33091e-05 | 27  0.03089  4.84408e-06
 28 -0.02023  1.11564e-07 | 29  0.01244 -6.83121e-06 | 30 -0.01136 -5.12412e-06
 31  0.03111 -5.29027e-06 | 32  0.05054  1.39271e-05 | 33  0.01727 -5.87254e-06
 34 -0.02329 -2.90625e-05 | 35 -0.00866 -1.53767e-05 | 36  0.12288 -2.92852e-06
 37  0.00025 -1.14945e-05 | 38  0.28694  7.15737e-05 | 39  0.26832  2.17011e-04
 40  0.25294 -3.82322e-06 | 41 -0.06878 -1.80642e-04 | 42 -0.63685  6.32092e-04
 43  0.45782 -1.92742e-05 | 44 -0.44046  2.82138e-06 | 45  0.32958  1.32288e-04
 46 -0.40914 -2.02411e-04 | 47  0.12910  8.67781e-05 | 48 -0.49272  1.52175e-05
 49 -0.06127  2.96198e-05 | 50 -0.04503 -3.22566e-04 | 51 -0.35115  3.23935e-05
 52 -0.58038  8.02030e-04 |
Estimating row 1 out of 52 for hessian
Estimating row 2 out of 52 for hessian
Estimating row 3 out of 52 for hessian
Estimating row 4 out of 52 for hessian
Estimating row 5 out of 52 for hessian
Estimating row 6 out of 52 for hessian
Estimating row 7 out of 52 for hessian
Estimating row 8 out of 52 for hessian
Estimating row 9 out of 52 for hessian
Estimating row 10 out of 52 for hessian
Estimating row 11 out of 52 for hessian
Estimating row 12 out of 52 for hessian
Estimating row 13 out of 52 for hessian
Estimating row 14 out of 52 for hessian
Estimating row 15 out of 52 for hessian
Estimating row 16 out of 52 for hessian
Estimating row 17 out of 52 for hessian
Estimating row 18 out of 52 for hessian
Estimating row 19 out of 52 for hessian
Estimating row 20 out of 52 for hessian
Estimating row 21 out of 52 for hessian
Estimating row 22 out of 52 for hessian
Estimating row 23 out of 52 for hessian
Estimating row 24 out of 52 for hessian
Estimating row 25 out of 52 for hessian
Estimating row 26 out of 52 for hessian
Estimating row 27 out of 52 for hessian
Estimating row 28 out of 52 for hessian
Estimating row 29 out of 52 for hessian
Estimating row 30 out of 52 for hessian
Estimating row 31 out of 52 for hessian
Estimating row 32 out of 52 for hessian
Estimating row 33 out of 52 for hessian
Estimating row 34 out of 52 for hessian
Estimating row 35 out of 52 for hessian
Estimating row 36 out of 52 for hessian
Estimating row 37 out of 52 for hessian
Estimating row 38 out of 52 for hessian
Estimating row 39 out of 52 for hessian
Estimating row 40 out of 52 for hessian
Estimating row 41 out of 52 for hessian
Estimating row 42 out of 52 for hessian
Estimating row 43 out of 52 for hessian
Estimating row 44 out of 52 for hessian
Estimating row 45 out of 52 for hessian
Estimating row 46 out of 52 for hessian
Estimating row 47 out of 52 for hessian
Estimating row 48 out of 52 for hessian
Estimating row 49 out of 52 for hessian
Estimating row 50 out of 52 for hessian
Estimating row 51 out of 52 for hessian
Estimating row 52 out of 52 for hessian
size of file gradfil1.tmp = 0
size of file gradfil2.tmp = 0
size of file varssave.tmp = 0
size of file cmpdiff.tmp = 0
