
Initial statistics: 36 variables; iteration 0; function evaluation 0; phase 1
Function value 9.3491497e+03; maximum gradient component mag -1.2064e+05
Var    Value     Gradient |Var    Value     Gradient |Var    Value     Gradient
  1 -0.01190 -1.20637e+05 |  2  0.03186  1.21595e+03 |  3  0.01101  6.32147e+02
  4  0.01418  6.36197e+02 |  5 -0.19305  1.19264e+03 |  6 -0.03224  4.80578e+02
  7 -0.13387  1.62659e+03 |  8 -0.05309  1.53531e+03 |  9  0.00763  1.21607e+03
 10  0.11069 -6.61980e+02 | 11 -0.05338  3.55615e+02 | 12 -0.02389  3.30337e+02
 13  0.03877 -2.00631e+03 | 14  0.03284 -1.17312e+03 | 15  0.06375 -7.09901e+02
 16 -0.03231  4.58519e+02 | 17 -0.00356 -4.77997e+02 | 18  0.08410 -3.18392e+02
 19  0.00139  5.97200e+01 | 20  0.00572  2.05062e+02 | 21 -0.13612  6.98584e+02
 22 -0.00324  8.14893e+02 | 23  0.08168  7.59975e+02 | 24  0.04677  4.56818e+02
 25 -0.05311  8.16449e+02 | 26  0.08249 -9.24870e+02 | 27  0.00325 -4.62003e+02
 28  0.02420 -1.05031e+03 | 29 -0.00972 -3.67763e+02 | 30 -0.02147 -7.18486e+02
 31 -0.00289 -9.66612e+02 | 32  0.03550 -2.02731e+03 | 33  0.01805 -1.38451e+03
 34  0.02670 -1.31582e+03 | 35  0.00173 -6.02668e+02 | 36  0.02593  1.58076e+03

Intermediate statistics: 36 variables; iteration 20; function evaluation 35; phase 1
Function value 4.0624070e+03; maximum gradient component mag 9.9293e+02
Var    Value     Gradient |Var    Value     Gradient |Var    Value     Gradient
  1  0.06446  9.92927e+02 |  2 -0.01236 -2.93639e+01 |  3  0.01979 -5.88938e+01
  4 -0.04139 -8.94800e+01 |  5 -0.14040 -2.47826e+01 |  6 -0.01854 -7.95141e+01
  7 -0.07696 -1.05711e+00 |  8 -0.02837 -7.68654e+00 |  9  0.06363 -7.19170e-01
 10  0.21443  1.37976e+02 | 11  0.07649  5.08300e+01 | 12  0.18505  1.10964e+02
 13 -0.80144 -7.09930e+01 | 14  0.08295  5.65367e+01 | 15 -0.01887 -3.05654e+01
 16 -0.10396 -3.68243e+01 | 17  0.01213 -1.95363e+01 | 18  0.00536 -1.63512e+01
 19  0.07059  2.09760e+01 | 20 -0.03539 -9.43398e+00 | 21 -0.11585 -3.73342e+01
 22 -0.08042 -4.15001e+01 | 23  0.00473 -2.81824e+01 | 24  0.03196 -2.48768e+01
 25 -0.01202 -1.46500e+01 | 26  0.08940  1.95239e+01 | 27  0.08206  1.85777e+01
 28  0.04425 -3.24755e+01 | 29  0.03052 -2.72317e+01 | 30  0.07716 -6.80880e+00
 31  0.11269  1.24837e+00 | 32  0.14682  1.22376e+00 | 33  0.07008 -3.09999e+01
 34  0.00842 -5.54799e+01 | 35  0.03238 -3.71433e+01 | 36 -0.18191 -3.37780e+01
36 variables; iteration 40; function evaluation 65; phase 1
Function value 4.0440910e+03; maximum gradient component mag -9.2500e+02
Var    Value     Gradient |Var    Value     Gradient |Var    Value     Gradient
  1  0.06083 -9.25000e+02 |  2  0.00585  3.67725e+01 |  3  0.05130  3.14391e+01
  4 -0.01168 -1.50782e+01 |  5 -0.12130  2.03954e+01 |  6 -0.00081  1.01519e+01
  7 -0.09032  1.67092e+01 |  8 -0.04945  2.59744e+01 |  9  0.02123  4.08462e+00
 10  0.17770  1.08814e+02 | 11  0.02551  2.32649e+01 | 12  0.15288  2.89577e+01
 13 -0.72736 -8.53487e+01 | 14  0.06508 -7.31291e+01 | 15 -0.02233 -5.63938e+00
 16 -0.10676  1.36614e+01 | 17  0.02465 -5.72911e+00 | 18  0.00787  1.97967e+00
 19  0.06683 -1.16981e+01 | 20 -0.04121 -1.27316e+01 | 21 -0.10711  1.80827e+01
 22 -0.07383  1.02089e+01 | 23  0.02148  3.87822e+01 | 24  0.03010 -4.37941e+00
 25 -0.00685  2.54618e+01 | 26  0.09914  5.85710e+01 | 27  0.07841 -1.65978e+00
 28  0.05510  2.55322e+01 | 29  0.03144 -8.31555e+00 | 30  0.07553 -8.32949e+00
 31  0.11190 -3.77777e+00 | 32  0.14476 -2.50136e+01 | 33  0.07971  1.64792e+01
 34  0.01814 -7.07064e+00 | 35  0.03319 -2.21519e+01 | 36 -0.16007  2.68075e+01
36 variables; iteration 60; function evaluation 90; phase 1
Function value 3.8565270e+03; maximum gradient component mag -2.0839e+01
Var    Value     Gradient |Var    Value     Gradient |Var    Value     Gradient
  1  0.07033 -2.08389e+01 |  2 -0.01102 -7.53982e-01 |  3  0.03920  3.61102e-01
  4 -0.00421  7.11051e-01 |  5 -0.12489  3.07945e-01 |  6 -0.00383  1.55332e+00
  7 -0.09526  7.45726e-04 |  8 -0.06556  5.18159e-01 |  9  0.00752  7.36606e-01
 10  0.11910  2.95520e-01 | 11 -0.01674  3.91434e-01 | 12  0.05072  3.77183e+00
 13  0.05286  1.22261e+00 | 14  0.04077  3.65629e+00 | 15 -0.03376 -5.04209e-01
 16 -0.11723 -6.70636e-01 | 17  0.00308 -1.79778e-01 | 18 -0.00742  1.27240e-01
 19  0.05185  5.30829e-01 | 20 -0.05150 -1.14504e+00 | 21 -0.12473 -2.48300e-01
 22 -0.08807 -1.12531e-01 | 23 -0.00623  1.60266e-01 | 24  0.02114 -2.34445e-02
 25 -0.02494  1.09645e-01 | 26  0.07323 -5.59951e-01 | 27  0.06421 -2.30162e-01
 28  0.03502 -1.24285e+00 | 29  0.01858 -8.43595e-01 | 30  0.06139 -1.06285e+00
 31  0.09568 -8.45763e-01 | 32  0.13091 -1.76020e+00 | 33  0.05891 -1.32135e+00
 34  0.00605 -1.54036e+00 | 35  0.02453 -1.09178e+00 | 36 -0.18224 -1.29194e-01

 - final statistics:
36 variables; iteration 63; function evaluation 93
Function value 3.8565e+03; maximum gradient component mag -5.6674e+00
Exit code = 1;  converg criter 1.0000e+01
Var    Value     Gradient |Var    Value     Gradient |Var    Value     Gradient
  1  0.07030 -5.66739e+00 |  2 -0.01054 -1.68228e-02 |  3  0.03888 -1.46368e-02
  4 -0.00475  4.38601e-02 |  5 -0.12536  3.02743e-02 |  6 -0.00493 -1.08881e-01
  7 -0.09586  8.77203e-02 |  8 -0.06625  3.36153e-02 |  9  0.00702  6.12244e-02
 10  0.11897 -1.59447e-02 | 11 -0.01701 -4.26501e-02 | 12  0.04936 -1.94436e-01
 13  0.05281 -9.48208e-02 | 14  0.04014 -3.35564e-01 | 15 -0.03361 -1.74596e-01
 16 -0.11693 -2.09715e-02 | 17  0.00329 -1.63785e-01 | 18 -0.00732 -5.27968e-02
 19  0.05186  1.22802e-02 | 20 -0.05101  3.52837e-02 | 21 -0.12444 -3.94603e-02
 22 -0.08783 -5.32574e-02 | 23 -0.00621 -6.78746e-02 | 24  0.02124 -4.88879e-02
 25 -0.02487 -2.42569e-02 | 26  0.07334 -1.84199e-01 | 27  0.06430 -6.18797e-02
 28  0.03536 -1.67706e-01 | 29  0.01892 -8.79072e-02 | 30  0.06168 -7.17444e-02
 31  0.09587 -9.01724e-02 | 32  0.13121 -1.09800e-01 | 33  0.05923 -1.59503e-01
 34  0.00661 -1.41228e-01 | 35  0.02506 -6.39508e-02 | 36 -0.18114  1.40815e-02

Initial statistics: 46 variables; iteration 0; function evaluation 0; phase 2
Function value 3.8565195e+03; maximum gradient component mag 1.3696e+04
Var    Value     Gradient |Var    Value     Gradient |Var    Value     Gradient
  1  0.07030 -5.66739e+00 |  2 -0.01054  4.87980e-02 |  3  0.03888  5.08707e-02
  4 -0.00474  1.09488e-01 |  5 -0.12536  9.46357e-02 |  6 -0.00493 -4.32528e-02
  7 -0.09586  1.52608e-01 |  8 -0.06625  9.88901e-02 |  9  0.00702  1.26850e-01
 10  0.11897  4.85424e-02 | 11 -0.01701  2.29563e-02 | 12  0.04936 -1.29004e-01
 13  0.05281 -2.94167e-02 | 14  0.04014 -2.70064e-01 | 15 -0.03361 -1.09057e-01
 16 -0.11692  4.35544e-02 | 17  0.00329 -9.81560e-02 | 18 -0.00732  1.28287e-02
 19  0.05186  7.76924e-02 | 20 -0.05101  1.00703e-01 | 21 -0.12444  2.49197e-02
 22 -0.08783  1.17488e-02 | 23 -0.00621 -2.24793e-03 | 24  0.02124  1.67054e-02
 25 -0.02487  4.13228e-02 | 26  0.07334 -1.19004e-01 | 27  0.06430  3.41566e-03
 28  0.03536 -1.02177e-01 | 29  0.01892 -2.23063e-02 | 30  0.06169 -6.42238e-03
 31  0.09587 -2.52853e-02 | 32  0.13121 -4.55589e-02 | 33  0.05923 -9.41572e-02
 34  0.00662 -7.56013e-02 | 35  0.02507  1.62814e-03 | 36 -0.18114  7.70726e-02
 37  0.22177 -9.44326e+02 | 38  0.31250  1.36960e+04 | 39  0.21287 -1.17266e+03
 40  0.17253 -9.92047e+03 | 41 -0.06544 -6.59294e+02 | 42 -0.31655  9.95154e+02
 43 -0.07177 -8.87058e+01 | 44 -0.07175 -8.69239e+02 | 45 -0.56008  6.46857e+01
 46 -0.33221  6.59866e+02 |

Intermediate statistics: 46 variables; iteration 20; function evaluation 35; phase 2
Function value 2.9871745e+03; maximum gradient component mag 6.9676e+03
Var    Value     Gradient |Var    Value     Gradient |Var    Value     Gradient
  1  0.13455 -1.75099e+03 |  2  0.00221  2.54361e+02 |  3  0.04154  2.44254e+02
  4  0.00861  2.49001e+02 |  5 -0.13727  1.99409e+02 |  6 -0.01243  2.13218e+02
  7 -0.10477  2.04360e+02 |  8 -0.05852  2.29231e+02 |  9  0.03908  2.58485e+02
 10  0.15050  2.14668e+02 | 11  0.04969  2.99348e+02 | 12  0.08164  2.70459e+02
 13  0.04441  2.29675e+02 | 14  0.07306  2.40547e+02 | 15  0.01351  2.11792e+02
 16 -0.03830  2.34264e+02 | 17  0.00787  1.25990e+02 | 18  0.09179  2.59709e+02
 19  0.13771  3.00448e+02 | 20  0.00634  1.88920e+02 | 21 -0.03587  2.54164e+02
 22 -0.02619  2.24184e+02 | 23 -0.03097  1.56113e+02 | 24  0.03355  1.86632e+02
 25  0.10071  2.03935e+02 | 26 -0.30800 -1.51643e+02 | 27  0.06729  1.63042e+02
 28  0.07496  2.20766e+02 | 29  0.09155  2.73632e+02 | 30  0.11222  2.84648e+02
 31  0.09742  1.31478e+02 | 32  0.16354  1.21786e+02 | 33 -0.82012  1.75594e+01
 34  0.03743  2.01551e+02 | 35  0.07254  1.99825e+02 | 36 -0.03728  2.14190e+02
 37  0.17053 -4.32070e+03 | 38  0.21982  6.96757e+03 | 39  0.15879 -1.90932e+03
 40  0.15613 -5.10629e+03 | 41 -0.13604  7.87855e+02 | 42 -0.47183  4.37459e+01
 43 -0.09580 -9.30989e+01 | 44 -0.01748  1.26633e+03 | 45 -0.50310 -1.78822e+01
 46 -0.79992  2.18138e+01 |
46 variables; iteration 40; function evaluation 61; phase 2
Function value 2.6481141e+03; maximum gradient component mag -3.3645e+03
Var    Value     Gradient |Var    Value     Gradient |Var    Value     Gradient
  1  0.11269 -3.36446e+03 |  2  0.08464  2.70994e+02 |  3  0.07289  1.77247e+02
  4  0.03681  2.23323e+02 |  5 -0.16622  3.45350e+01 |  6 -0.12261 -8.46528e+01
  7 -0.18732  2.77893e+01 |  8 -0.13342  7.28596e+01 |  9 -0.04681  7.62084e+01
 10  0.07105  2.53681e+01 | 11 -0.04121  7.02414e+01 | 12  0.05602  1.43576e+02
 13  0.03217  9.43934e+01 | 14  0.06983  7.50953e+01 | 15  0.04734  1.38790e+02
 16 -0.03647  6.76268e+01 | 17  0.00370 -2.64820e+00 | 18  0.07961 -7.11430e+00
 19  0.13118  2.38675e+01 | 20  0.03572  9.06442e+01 | 21  0.00285  1.40547e+02
 22  0.02283  1.53994e+02 | 23 -0.02576  6.94959e+00 | 24  0.00127 -2.20875e+01
 25  0.04486  2.99684e+01 | 26  0.03045 -1.21350e+02 | 27  0.00775 -2.24998e+02
 28  0.05863 -2.10557e+01 | 29  0.06887  1.23803e+01 | 30  0.09931  8.88643e+01
 31  0.09594  1.89031e+01 | 32  0.11805 -1.38791e+02 | 33 -0.70951 -4.81899e+01
 34  0.00160  2.17103e+01 | 35  0.07181  4.42581e+01 | 36  0.02700  1.24255e+02
 37  0.19241 -1.14389e+03 | 38  0.17786 -2.33661e+03 | 39  0.18137 -1.06104e+03
 40  0.17808 -2.96222e+03 | 41 -0.29431  7.75008e+02 | 42 -0.50810 -9.41668e+02
 43  0.10409  3.59941e+02 | 44  0.05825  8.90949e+02 | 45 -0.41692 -1.41560e+02
 46 -0.81881 -2.38488e+02 |
46 variables; iteration 60; function evaluation 86; phase 2
Function value 2.3594357e+03; maximum gradient component mag -1.0514e+03
Var    Value     Gradient |Var    Value     Gradient |Var    Value     Gradient
  1  0.06617 -6.68907e+02 |  2  0.00539 -3.56659e+01 |  3  0.03916 -5.28589e+01
  4 -0.00351 -5.16869e+01 |  5 -0.12282 -5.76716e+01 |  6 -0.03315 -1.03902e+02
  7 -0.09851 -3.03959e+01 |  8 -0.09829 -8.70865e+01 |  9 -0.04164 -1.22482e+02
 10  0.10394 -5.69646e+01 | 11 -0.09534 -1.58037e+02 | 12  0.01016 -7.31573e+01
 13  0.02341 -3.66630e+01 | 14  0.05679 -6.47016e+01 | 15  0.00706 -2.84519e+01
 16 -0.08548 -1.03946e+02 | 17 -0.04723 -1.63624e+02 | 18  0.06920 -4.58487e+01
 19  0.10124 -3.53727e+01 | 20 -0.00644 -5.10634e+01 | 21 -0.08181 -1.15413e+02
 22 -0.01034  1.73083e+01 | 23 -0.00816 -6.21140e+01 | 24  0.00455 -1.25565e+02
 25  0.00434 -9.62763e+01 | 26  0.04803 -3.45861e+01 | 27  0.04394 -9.46352e+01
 28  0.02205 -1.37015e+02 | 29  0.05149  1.80667e+01 | 30  0.00510 -2.24813e+02
 31  0.05443 -1.24207e+02 | 32  0.08867 -3.64527e+01 | 33 -0.03431 -1.71435e+02
 34 -0.03778 -6.68361e+01 | 35  0.04529  2.52842e+01 | 36 -0.05571 -5.85709e+01
 37  0.22531 -1.04641e+03 | 38  0.22481  7.64743e+01 | 39  0.23306 -1.14593e+02
 40  0.21920 -1.05135e+03 | 41  0.14370  1.85877e+02 | 42 -0.46618 -2.13981e+02
 43 -0.23009 -1.46745e+01 | 44 -0.22486  2.74995e+02 | 45 -0.46982 -1.74498e+00
 46 -0.93794 -2.11399e+01 |

 - final statistics:
46 variables; iteration 71; function evaluation 97
Function value 2.3238e+03; maximum gradient component mag 5.2347e+00
Exit code = 1;  converg criter 1.0000e+01
Var    Value     Gradient |Var    Value     Gradient |Var    Value     Gradient
  1  0.04929 -1.96986e+00 |  2 -0.00515  8.40266e-01 |  3  0.03689  1.25263e+00
  4 -0.01630  1.10109e+00 |  5 -0.13693  7.07775e-01 |  6 -0.02108  9.50824e-01
  7 -0.11188  7.14755e-01 |  8 -0.07226  8.81003e-01 |  9  0.00555  1.10212e+00
 10  0.11199  3.65418e-02 | 11 -0.03199  1.59095e+00 | 12  0.02065  9.66470e-01
 13  0.02411  1.28362e+00 | 14  0.06819  1.88175e+00 | 15 -0.00127  7.08429e-01
 16 -0.06200  9.88953e-01 | 17 -0.01718 -4.14818e-01 | 18  0.05382  2.10261e-01
 19  0.08737 -1.09193e-01 | 20 -0.02225  1.36500e-01 | 21 -0.07222  9.40676e-01
 22 -0.03845  3.80852e-01 | 23  0.00015  5.77206e-01 | 24  0.03456  1.48877e-01
 25  0.01389  8.30884e-01 | 26  0.03966 -4.40149e-01 | 27  0.04196  1.51396e+00
 28  0.02664  1.06509e+00 | 29  0.01687  8.71456e-01 | 30  0.02634  1.57185e+00
 31  0.05234  2.07848e+00 | 32  0.08002  4.54570e+00 | 33 -0.00329 -6.31754e-01
 34 -0.03099  4.81853e-02 | 35  0.01651  1.80855e+00 | 36 -0.11463  8.95736e-01
 37  0.24095  2.57194e-02 | 38  0.23894 -2.06186e+00 | 39  0.24949 -2.82452e+00
 40  0.24039  5.23474e+00 | 41  0.22459  2.68210e+00 | 42 -0.45575 -1.24327e+00
 43 -0.25608 -3.30655e-01 | 44 -0.27167  4.10716e+00 | 45 -0.46649  9.00352e-02
 46 -0.97915 -1.38816e-01 |

Initial statistics: 52 variables; iteration 0; function evaluation 0; phase 3
Function value 2.3238270e+03; maximum gradient component mag -1.7084e+03
Var    Value     Gradient |Var    Value     Gradient |Var    Value     Gradient
  1  0.04929 -1.96986e+00 |  2 -0.00518 -5.00531e-02 |  3  0.03687  3.63781e-01
  4 -0.01633  2.11036e-01 |  5 -0.13696 -1.62056e-01 |  6 -0.02110  6.09638e-02
  7 -0.11191 -1.61877e-01 |  8 -0.07229 -3.61612e-03 |  9  0.00552  2.11810e-01
 10  0.11196 -8.40073e-01 | 11 -0.03201  7.01724e-01 | 12  0.02063  7.65905e-02
 13  0.02408  3.93909e-01 | 14  0.06816  9.96513e-01 | 15 -0.00130 -1.81918e-01
 16 -0.06202  1.02823e-01 | 17 -0.01721 -1.30484e+00 | 18  0.05380 -6.76909e-01
 19  0.08734 -9.91175e-01 | 20 -0.02228 -7.53304e-01 | 21 -0.07224  5.60500e-02
 22 -0.03848 -5.07872e-01 | 23  0.00012 -3.13142e-01 | 24  0.03453 -7.40161e-01
 25  0.01387 -5.92528e-02 | 26  0.03964 -1.32877e+00 | 27  0.04193  6.25547e-01
 28  0.02661  1.75526e-01 | 29  0.01685 -1.85792e-02 | 30  0.02631  6.82267e-01
 31  0.05231  1.19114e+00 | 32  0.07999  3.66239e+00 | 33 -0.00332 -1.52209e+00
 34 -0.03102 -8.41107e-01 | 35  0.01648  9.18501e-01 | 36 -0.11466  1.97833e-02
 37  0.24095  2.57194e-02 | 38  0.23894 -2.06186e+00 | 39  0.24949 -2.82452e+00
 40  0.24039  5.23474e+00 | 41  0.22459  2.68210e+00 | 42 -0.45575 -1.24327e+00
 43  0.27371 -4.94602e+02 | 44 -0.38273 -1.47064e+02 | 45  0.07818 -1.70838e+03
 46 -0.47422  1.23909e+03 | 47  0.21342 -2.78966e+02 | 48 -0.47115  3.03307e+02
 49 -0.25608 -3.30655e-01 | 50 -0.27167  4.10716e+00 | 51 -0.46649  9.00352e-02
 52 -0.97915 -1.38816e-01 |

Intermediate statistics: 52 variables; iteration 20; function evaluation 26; phase 3
Function value 2.1205442e+03; maximum gradient component mag -8.2710e+02
Var    Value     Gradient |Var    Value     Gradient |Var    Value     Gradient
  1  0.03931 -7.19176e+02 |  2  0.00477  1.28206e+01 |  3  0.04692  1.26998e+01
  4 -0.01262  9.77121e+00 |  5 -0.13444  8.97053e+00 |  6 -0.02174  6.81314e+00
  7 -0.11576  5.64676e+00 |  8 -0.07231  5.13423e+00 |  9  0.00593 -4.01593e+00
 10  0.10237 -5.17874e+01 | 11 -0.02508 -1.82060e+00 | 12  0.00088 -3.17716e+01
 13  0.03367 -3.02266e+01 | 14  0.07610 -3.70371e+01 | 15  0.01400  6.34605e+00
 16 -0.06375 -1.30808e+00 | 17 -0.01837 -2.20988e+01 | 18  0.03630 -7.83912e+00
 19  0.06080  5.33162e+00 | 20 -0.04020 -3.80976e+01 | 21 -0.11380  4.75473e+01
 22 -0.04543  1.10014e+01 | 23  0.02469 -6.04971e+01 | 24  0.02135  3.73405e+01
 25  0.00021  1.23976e+02 | 26  0.05288  8.67285e+01 | 27  0.05193  1.16196e+02
 28  0.02137  5.73320e+01 | 29 -0.00046 -7.77473e+00 | 30  0.01084 -6.16225e+01
 31  0.03907 -1.07120e+02 | 32  0.06622 -1.77057e+02 | 33  0.01361 -6.56317e+01
 34  0.00539  9.24670e+01 | 35  0.01394 -1.17279e+01 | 36 -0.04306 -8.14544e+00
 37  0.25903 -8.27100e+02 | 38  0.25793  7.50083e+02 | 39  0.25806 -1.41513e+02
 40  0.25021 -7.63596e+02 | 41  0.22845 -3.80380e+02 | 42 -0.45656  2.91851e+02
 43  0.36700 -8.00715e+01 | 44 -0.34428  8.33252e+01 | 45  0.10345  7.52926e+02
 46 -0.67012 -4.71365e+02 | 47  0.22105  3.24164e+02 | 48 -0.48634 -4.60998e+02
 49 -0.24194 -8.95801e+00 | 50 -0.27359 -5.28425e+02 | 51 -0.46789  1.18829e-01
 52 -0.97897  9.64545e+00 |
52 variables; iteration 40; function evaluation 54; phase 3
Function value 2.0997859e+03; maximum gradient component mag -5.1709e+02
Var    Value     Gradient |Var    Value     Gradient |Var    Value     Gradient
  1  0.03766  2.44153e+02 |  2  0.00461 -6.98900e+00 |  3  0.04233 -2.37399e+01
  4 -0.01674 -9.23167e+00 |  5 -0.13787 -1.97650e+00 |  6 -0.03329 -3.24749e+01
  7 -0.12575 -1.10231e+01 |  8 -0.05965  2.21051e+01 |  9  0.00975  6.52310e-01
 10  0.10792  7.90513e+00 | 11 -0.02605 -4.41993e+00 | 12 -0.00674 -3.04492e+01
 13  0.04401  3.98614e+01 | 14  0.07375 -1.70705e+01 | 15  0.01895  2.05375e+01
 16 -0.06250 -2.94373e+00 | 17 -0.02178 -4.17671e+01 | 18  0.02938 -5.82875e+01
 19  0.05316 -4.93128e+01 | 20 -0.04088 -5.11235e+01 | 21 -0.13820 -1.37142e+01
 22 -0.05260 -1.00613e+01 | 23  0.04556  5.39211e+01 | 24  0.02207  6.89915e+01
 25 -0.00736  8.45425e+01 | 26  0.05191  8.43803e+01 | 27  0.04331  4.42680e+01
 28  0.02340  6.87082e+01 | 29 -0.00593 -1.97702e+01 | 30  0.01188 -2.19603e+01
 31  0.04389 -3.81221e+01 | 32  0.06447 -1.20444e+02 | 33  0.01122 -4.69293e+01
 34  0.00797  1.08917e+02 | 35  0.01697 -3.39378e+01 | 36  0.00546 -5.66330e-01
 37  0.26409 -5.17089e+02 | 38  0.25650  1.12762e+02 | 39  0.26041 -9.39616e+01
 40  0.25438 -2.94540e+02 | 41 -0.16334  5.02827e+01 | 42 -0.45255 -2.02950e+01
 43  0.38544 -1.63889e+01 | 44 -0.33899  7.77400e+01 | 45  0.06623  2.76491e+02
 46 -0.69976 -1.12403e+02 | 47  0.22646  4.28863e+02 | 48 -0.48407 -4.86086e+02
 49  0.03248 -4.26978e+01 | 50  0.01423  1.18339e+02 | 51 -0.45977  2.64899e+01
 52 -0.98897 -1.13282e+00 |
52 variables; iteration 60; function evaluation 82; phase 3
Function value 2.0889962e+03; maximum gradient component mag 1.4074e+02
Var    Value     Gradient |Var    Value     Gradient |Var    Value     Gradient
  1  0.03532  1.18828e+02 |  2  0.00687  1.54062e+00 |  3  0.04878  1.34655e+00
  4 -0.01443 -1.78131e+00 |  5 -0.13833 -3.08560e+00 |  6 -0.02318 -1.68379e+00
  7 -0.11864 -1.76040e+00 |  8 -0.07271 -8.06660e-02 |  9  0.00483 -6.42904e+00
 10  0.10563 -2.45512e+00 | 11 -0.02271 -4.18386e-01 | 12  0.00060  8.11134e-01
 13  0.03591 -2.32707e+00 | 14  0.07953  4.20867e+00 | 15  0.01640  2.92744e+00
 16 -0.06158  4.96976e-01 | 17 -0.01465  5.67826e+00 | 18  0.03365  1.57142e+00
 19  0.05414  6.45461e+00 | 20 -0.03486 -4.20621e+00 | 21 -0.13580  6.88873e-01
 22 -0.04590  3.66133e+00 | 23  0.03964 -3.91270e+00 | 24  0.00990 -2.38938e+00
 25 -0.03145 -9.43936e-01 | 26  0.06208 -3.91096e+00 | 27  0.04282  1.08075e-01
 28  0.01823 -2.58551e+00 | 29 -0.00473  2.29072e+00 | 30  0.01168 -2.55671e+00
 31  0.03991  1.81523e+00 | 32  0.07384  7.95724e+00 | 33  0.01826  5.44728e+00
 34 -0.00540  1.07369e+00 | 35  0.02539 -3.74315e-01 | 36 -0.00552 -2.92804e+00
 37  0.26966  1.97027e+01 | 38  0.25855  1.23926e+01 | 39  0.26404  3.47928e+00
 40  0.25800  4.36724e+00 | 41 -0.12396  1.29718e+01 | 42 -0.45560 -2.17293e+01
 43  0.39360  3.19680e+00 | 44 -0.35118 -3.12040e+00 | 45  0.07225  1.40737e+02
 46 -0.67767 -1.09745e+02 | 47  0.22407 -2.84297e+01 | 48 -0.47720  3.27005e+01
 49  0.01398  1.84344e+00 | 50 -0.01174  1.73855e+01 | 51 -0.46460 -1.81316e+00
 52 -0.94958 -1.58263e+00 |
52 variables; iteration 80; function evaluation 102; phase 3
Function value 2.0885476e+03; maximum gradient component mag 2.2063e+00
Var    Value     Gradient |Var    Value     Gradient |Var    Value     Gradient
  1  0.03534 -6.59545e-01 |  2  0.00565 -8.14567e-03 |  3  0.04835 -1.33067e-02
  4 -0.01427 -1.39666e-02 |  5 -0.13728  3.01542e-02 |  6 -0.02304  1.04699e-02
  7 -0.11838  1.76627e-02 |  8 -0.07332  1.31609e-03 |  9  0.00697  6.76027e-03
 10  0.10553  2.09043e-03 | 11 -0.02333  1.69756e-02 | 12  0.00001 -1.86700e-02
 13  0.03644 -2.51885e-02 | 14  0.07914 -3.86495e-02 | 15  0.01592 -4.47066e-02
 16 -0.06096 -1.37133e-02 | 17 -0.01540 -2.94625e-02 | 18  0.03362 -2.28465e-02
 19  0.05324 -4.97189e-02 | 20 -0.03381  6.19283e-03 | 21 -0.13616  2.39652e-03
 22 -0.04727 -1.51088e-02 | 23  0.03988  3.89665e-02 | 24  0.01017 -1.60856e-02
 25 -0.03145 -2.92804e-02 | 26  0.06208 -3.34438e-02 | 27  0.04260 -6.03070e-02
 28  0.01849 -1.18749e-02 | 29 -0.00515 -7.28695e-03 | 30  0.01193 -1.05399e-02
 31  0.03988 -1.47535e-02 | 32  0.07332  5.14430e-02 | 33  0.01783  1.37604e-02
 34 -0.00534  1.36145e-01 | 35  0.02541  9.55252e-02 | 36 -0.00322  3.55347e-02
 37  0.26958 -6.18150e-02 | 38  0.25849  3.55769e-01 | 39  0.26403  2.89544e-02
 40  0.25805 -2.67369e-04 | 41 -0.12070 -1.16457e+00 | 42 -0.45688  2.20630e+00
 43  0.39300  1.59926e-02 | 44 -0.35111 -5.67471e-02 | 45  0.07159  1.69966e-01
 46 -0.67117  5.08027e-02 | 47  0.22432 -2.23919e-01 | 48 -0.47773  2.75704e-01
 49  0.01211  7.59461e-03 | 50 -0.01386 -1.73113e+00 | 51 -0.46165 -9.62021e-03
 52 -0.93235  2.08527e-01 |
52 variables; iteration 100; function evaluation 127; phase 3
Function value 2.0885463e+03; maximum gradient component mag 1.8832e+00
Var    Value     Gradient |Var    Value     Gradient |Var    Value     Gradient
  1  0.03534 -9.81024e-02 |  2  0.00565 -1.43097e-02 |  3  0.04835 -1.24012e-02
  4 -0.01427 -7.42881e-03 |  5 -0.13729  1.09507e-02 |  6 -0.02304  8.61623e-03
  7 -0.11838  7.69027e-03 |  8 -0.07332 -1.30712e-02 |  9  0.00697  4.55254e-03
 10  0.10553  2.09810e-02 | 11 -0.02334  2.63705e-04 | 12  0.00001 -2.07737e-02
 13  0.03644  5.75350e-04 | 14  0.07914 -1.92131e-02 | 15  0.01592 -3.59283e-02
 16 -0.06096 -1.93634e-02 | 17 -0.01540 -4.24194e-02 | 18  0.03362 -1.76430e-02
 19  0.05325 -3.33009e-02 | 20 -0.03381  9.33412e-03 | 21 -0.13616 -7.13221e-03
 22 -0.04727 -3.62220e-03 | 23  0.03988  4.96816e-02 | 24  0.01017 -6.56892e-03
 25 -0.03144 -1.52332e-02 | 26  0.06208 -4.90434e-02 | 27  0.04261  4.78605e-04
 28  0.01849  3.70029e-02 | 29 -0.00516 -7.18792e-03 | 30  0.01193  4.58199e-03
 31  0.03989  1.76556e-02 | 32  0.07331  4.83109e-03 | 33  0.01783  8.69306e-03
 34 -0.00534  7.80888e-02 | 35  0.02540  3.85008e-02 | 36 -0.00322  2.15585e-02
 37  0.26958  1.63846e-01 | 38  0.25849  2.56691e-01 | 39  0.26403  1.03475e-02
 40  0.25805  1.73702e-01 | 41 -0.17729 -7.70196e-01 | 42 -0.46654  1.88322e+00
 43  0.39301 -4.51576e-02 | 44 -0.35110  3.10978e-02 | 45  0.07159  2.38390e-01
 46 -0.67117  2.24217e-02 | 47  0.22432 -8.53582e-02 | 48 -0.47773  1.07889e-01
 49  0.05000  2.12522e-02 | 50  0.02399 -1.18393e+00 | 51 -0.44908 -1.01773e-02
 52 -0.87075  3.76558e-01 |
52 variables; iteration 120; function evaluation 152; phase 3
Function value 2.0885457e+03; maximum gradient component mag 8.9377e-01
Var    Value     Gradient |Var    Value     Gradient |Var    Value     Gradient
  1  0.03534  1.98748e-01 |  2  0.00565 -1.15684e-02 |  3  0.04835 -1.17674e-02
  4 -0.01427 -9.39889e-03 |  5 -0.13729  4.13211e-03 |  6 -0.02304  3.31103e-04
  7 -0.11838  1.69017e-03 |  8 -0.07332 -9.88449e-03 |  9  0.00697  3.89057e-03
 10  0.10553  2.05621e-02 | 11 -0.02333  4.63374e-03 | 12  0.00001 -7.25323e-03
 13  0.03644  1.32992e-02 | 14  0.07914 -1.25586e-02 | 15  0.01592 -3.07321e-02
 16 -0.06096 -1.78570e-02 | 17 -0.01540 -3.45787e-02 | 18  0.03362 -1.11573e-02
 19  0.05325 -1.85338e-02 | 20 -0.03381  1.04739e-02 | 21 -0.13616 -1.89812e-03
 22 -0.04727 -3.07762e-03 | 23  0.03988  3.87256e-02 | 24  0.01017  1.71879e-04
 25 -0.03144 -1.15849e-02 | 26  0.06208 -3.39603e-02 | 27  0.04261  2.65841e-03
 28  0.01849  2.37050e-02 | 29 -0.00516 -4.52587e-03 | 30  0.01193  3.58884e-03
 31  0.03989  9.98591e-03 | 32  0.07331  1.49259e-02 | 33  0.01783  6.38389e-03
 34 -0.00534  4.61416e-02 | 35  0.02540  1.77057e-02 | 36 -0.00322  5.70937e-03
 37  0.26958  1.09863e-01 | 38  0.25849  1.71627e-01 | 39  0.26403  1.33592e-02
 40  0.25805  1.42700e-01 | 41 -0.25962 -2.70868e-01 | 42 -0.48239  8.93774e-01
 43  0.39301 -2.11699e-02 | 44 -0.35110  6.21672e-03 | 45  0.07159  1.48807e-01
 46 -0.67117  9.69941e-03 | 47  0.22432 -3.92829e-02 | 48 -0.47773  5.48072e-02
 49  0.10367  2.12657e-02 | 50  0.07744 -4.44370e-01 | 51 -0.42926 -9.47350e-03
 52 -0.80930  2.70010e-01 |
52 variables; iteration 140; function evaluation 179; phase 3
Function value 2.0885454e+03; maximum gradient component mag 7.2070e-01
Var    Value     Gradient |Var    Value     Gradient |Var    Value     Gradient
  1  0.03534 -6.20735e-02 |  2  0.00566  3.09829e-03 |  3  0.04835  7.33491e-03
  4 -0.01427  2.19752e-03 |  5 -0.13729  2.58639e-03 |  6 -0.02304  4.06534e-03
  7 -0.11838  7.92862e-04 |  8 -0.07331  1.53108e-03 |  9  0.00697  2.66000e-03
 10  0.10553  9.45592e-03 | 11 -0.02333  4.89774e-03 | 12  0.00001 -2.62084e-03
 13  0.03644 -8.35780e-03 | 14  0.07914  6.38445e-04 | 15  0.01592 -9.29258e-03
 16 -0.06096 -1.25005e-02 | 17 -0.01540 -1.68563e-02 | 18  0.03362  1.36184e-03
 19  0.05325  2.41817e-03 | 20 -0.03381  9.95694e-04 | 21 -0.13616 -5.04329e-03
 22 -0.04727 -3.59365e-03 | 23  0.03987  9.40301e-03 | 24  0.01017  1.04322e-03
 25 -0.03144 -5.57044e-03 | 26  0.06208 -4.72182e-04 | 27  0.04261 -3.99851e-03
 28  0.01849 -5.03210e-03 | 29 -0.00516 -7.35210e-04 | 30  0.01193  2.31021e-03
 31  0.03989  1.41567e-03 | 32  0.07331  7.68892e-03 | 33  0.01783  1.61634e-03
 34 -0.00535 -6.17597e-04 | 35  0.02540  2.26270e-04 | 36 -0.00322  7.94196e-03
 37  0.26958  5.44869e-02 | 38  0.25849  5.25669e-02 | 39  0.26403  1.02334e-02
 40  0.25805  9.31936e-02 | 41 -0.32860 -1.94990e-01 | 42 -0.49987  7.20701e-01
 43  0.39301 -4.40144e-04 | 44 -0.35111 -6.36709e-03 | 45  0.07158  7.57662e-03
 46 -0.67118  1.20535e-03 | 47  0.22432  6.35441e-03 | 48 -0.47773 -1.17397e-03
 49  0.14694  3.14882e-02 | 50  0.12039 -3.47788e-01 | 51 -0.40847 -1.56618e-02
 52 -0.75977  2.85519e-01 |
52 variables; iteration 160; function evaluation 204; phase 3
Function value 2.0885453e+03; maximum gradient component mag -1.4346e-01
Var    Value     Gradient |Var    Value     Gradient |Var    Value     Gradient
  1  0.03534 -1.43461e-01 |  2  0.00566  3.08947e-03 |  3  0.04835  2.85259e-03
  4 -0.01426  2.78878e-03 |  5 -0.13729  1.19201e-03 |  6 -0.02304  1.36765e-03
  7 -0.11838  1.14537e-03 |  8 -0.07331  3.26239e-03 |  9  0.00697  2.02404e-03
 10  0.10553  1.99363e-04 | 11 -0.02333  1.64125e-03 | 12  0.00001  1.91947e-03
 13  0.03644 -2.87612e-03 | 14  0.07914 -3.31291e-03 | 15  0.01592 -1.51323e-03
 16 -0.06097 -2.30536e-03 | 17 -0.01540 -2.94290e-04 | 18  0.03362  1.81734e-03
 19  0.05325  2.94648e-03 | 20 -0.03381 -3.58874e-04 | 21 -0.13616  6.39168e-04
 22 -0.04727 -1.15613e-04 | 23  0.03987 -3.73785e-03 | 24  0.01017  4.93094e-04
 25 -0.03144  1.16224e-03 | 26  0.06208  2.70430e-03 | 27  0.04261 -3.01779e-03
 28  0.01849 -5.24078e-03 | 29 -0.00516 -2.36140e-05 | 30  0.01193 -1.40260e-04
 31  0.03989 -1.13261e-03 | 32  0.07331 -2.01680e-03 | 33  0.01783 -2.05832e-03
 34 -0.00535 -5.37245e-03 | 35  0.02540 -7.43909e-04 | 36 -0.00322  2.85815e-03
 37  0.26958 -5.69497e-03 | 38  0.25849 -1.23640e-02 | 39  0.26403  3.50744e-04
 40  0.25805 -1.39398e-02 | 41 -0.38179 -4.98164e-02 | 42 -0.51711  7.84641e-02
 43  0.39301  3.53628e-03 | 44 -0.35110 -3.87165e-03 | 45  0.07158 -1.82791e-02
 46 -0.67118 -4.27632e-04 | 47  0.22432  4.71957e-03 | 48 -0.47773 -5.97080e-03
 49  0.17900 -4.67123e-04 | 50  0.15213 -7.94510e-02 | 51 -0.38899  4.83673e-04
 52 -0.72007  3.04869e-02 |
52 variables; iteration 180; function evaluation 231; phase 3
Function value 2.0885452e+03; maximum gradient component mag 2.4768e-01
Var    Value     Gradient |Var    Value     Gradient |Var    Value     Gradient
  1  0.03534 -5.52545e-02 |  2  0.00566  2.07528e-03 |  3  0.04835  3.04637e-03
  4 -0.01426  2.02005e-03 |  5 -0.13729  4.56864e-04 |  6 -0.02304  1.29968e-03
  7 -0.11838  7.43473e-05 |  8 -0.07331  1.54823e-03 |  9  0.00697  1.37422e-03
 10  0.10553  1.97394e-03 | 11 -0.02333  1.00667e-03 | 12  0.00001  6.60917e-04
 13  0.03644 -3.65951e-03 | 14  0.07914 -2.01928e-03 | 15  0.01592 -3.84572e-03
 16 -0.06097 -5.63665e-03 | 17 -0.01540 -5.94407e-03 | 18  0.03362  2.04386e-03
 19  0.05325  3.73693e-03 | 20 -0.03381 -4.12473e-04 | 21 -0.13616 -1.65034e-03
 22 -0.04727 -1.74030e-03 | 23  0.03987 -1.80365e-03 | 24  0.01017 -9.88354e-04
 25 -0.03144 -1.79005e-03 | 26  0.06208  1.54496e-03 | 27  0.04261  2.75327e-03
 28  0.01849 -1.22638e-04 | 29 -0.00516  3.64356e-04 | 30  0.01193  8.75698e-04
 31  0.03989  1.03429e-03 | 32  0.07331  1.82459e-03 | 33  0.01783  6.95570e-04
 34 -0.00535 -2.92392e-03 | 35  0.02540 -5.70691e-04 | 36 -0.00322  2.86185e-03
 37  0.26958  2.21858e-02 | 38  0.25849  5.74810e-03 | 39  0.26403  3.90090e-03
 40  0.25805  3.01269e-02 | 41 -0.41874 -7.37780e-02 | 42 -0.53172  2.47678e-01
 43  0.39301  5.81376e-04 | 44 -0.35110 -2.08616e-03 | 45  0.07158 -7.25594e-03
 46 -0.67118 -4.96201e-04 | 47  0.22432  4.83390e-03 | 48 -0.47773 -4.37930e-03
 49  0.20049  5.38298e-03 | 50  0.17336 -1.29851e-01 | 51 -0.37321 -9.23104e-05
 52 -0.69086  1.26028e-01 |
52 variables; iteration 200; function evaluation 258; phase 3
Function value 2.0885452e+03; maximum gradient component mag 1.3640e-01
Var    Value     Gradient |Var    Value     Gradient |Var    Value     Gradient
  1  0.03534 -9.46115e-02 |  2  0.00566  1.44529e-03 |  3  0.04835  1.37738e-03
  4 -0.01426  1.51893e-03 |  5 -0.13729  1.17751e-03 |  6 -0.02304  1.03779e-03
  7 -0.11838  7.63428e-04 |  8 -0.07331  1.62986e-03 |  9  0.00697  1.32283e-03
 10  0.10553  4.09745e-04 | 11 -0.02333  7.88284e-04 | 12  0.00001  3.27461e-04
 13  0.03644 -1.99261e-03 | 14  0.07914 -2.19107e-03 | 15  0.01592 -1.94668e-03
 16 -0.06097 -2.30628e-03 | 17 -0.01540 -2.34324e-03 | 18  0.03362  9.58251e-04
 19  0.05325  1.14957e-03 | 20 -0.03381  3.43470e-04 | 21 -0.13616 -4.05924e-05
 22 -0.04727 -3.74102e-04 | 23  0.03987 -9.16269e-04 | 24  0.01017 -5.35014e-04
 25 -0.03144 -3.74532e-04 | 26  0.06208 -1.11711e-03 | 27  0.04261 -5.00460e-04
 28  0.01849 -1.12212e-03 | 29 -0.00516 -2.20371e-04 | 30  0.01193  1.08272e-04
 31  0.03989  2.97610e-04 | 32  0.07331 -4.61526e-04 | 33  0.01783 -4.50731e-04
 34 -0.00535 -8.61908e-04 | 35  0.02540  4.17333e-04 | 36 -0.00322  2.67369e-03
 37  0.26958  7.07576e-03 | 38  0.25849  3.19653e-03 | 39  0.26403  8.99917e-04
 40  0.25805  5.14237e-03 | 41 -0.44334 -5.88869e-02 | 42 -0.54327  1.36399e-01
 43  0.39301 -1.61579e-04 | 44 -0.35110 -7.05396e-04 | 45  0.07158 -2.88707e-03
 46 -0.67118  3.19360e-04 | 47  0.22432  5.44273e-04 | 48 -0.47773 -4.51817e-04
 49  0.21440 -6.52449e-04 | 50  0.18709 -9.93690e-02 | 51 -0.36119  1.81591e-03
 52 -0.66993  7.26514e-02 |
52 variables; iteration 220; function evaluation 284; phase 3
Function value 2.0885452e+03; maximum gradient component mag -6.0502e-02
Var    Value     Gradient |Var    Value     Gradient |Var    Value     Gradient
  1  0.03534 -6.05020e-02 |  2  0.00566  4.50474e-04 |  3  0.04835 -2.14588e-05
  4 -0.01426  5.65948e-04 |  5 -0.13729  8.18513e-04 |  6 -0.02304  2.84829e-04
  7 -0.11838  4.48419e-04 |  8 -0.07331  9.17766e-04 |  9  0.00697  6.93542e-04
 10  0.10553 -5.65460e-04 | 11 -0.02333  2.83586e-04 | 12  0.00001  1.41950e-04
 13  0.03644 -7.62938e-05 | 14  0.07914 -9.84868e-04 | 15  0.01592  1.92371e-04
 16 -0.06097  5.95127e-04 | 17 -0.01540  7.29483e-04 | 18  0.03362  1.39951e-04
 19  0.05325 -4.88345e-04 | 20 -0.03381  6.48719e-04 | 21 -0.13616  9.09714e-04
 22 -0.04727  5.57878e-04 | 23  0.03987 -3.20717e-04 | 24  0.01017 -1.53995e-04
 25 -0.03144  4.20219e-04 | 26  0.06208 -1.96423e-03 | 27  0.04261 -1.57881e-03
 28  0.01849 -9.16708e-04 | 29 -0.00516 -2.58648e-04 | 30  0.01193 -3.26867e-04
 31  0.03989 -2.59150e-04 | 32  0.07331 -1.53167e-03 | 33  0.01783 -9.15147e-04
 34 -0.00535  1.07867e-04 | 35  0.02540  3.79517e-04 | 36 -0.00322  1.01490e-03
 37  0.26958 -3.35208e-03 | 38  0.25849  1.03975e-03 | 39  0.26403 -8.57141e-04
 40  0.25805 -1.07329e-02 | 41 -0.45946 -2.03621e-02 | 42 -0.55232  4.41166e-03
 43  0.39301 -6.03476e-04 | 44 -0.35110  2.90276e-04 | 45  0.07158 -6.69749e-04
 46 -0.67118  6.72933e-04 | 47  0.22432 -1.89893e-03 | 48 -0.47773  1.65301e-03
 49  0.22333 -2.62354e-03 | 50  0.19589 -2.76679e-02 | 51 -0.35206  1.20713e-03
 52 -0.65464 -2.18281e-03 |
52 variables; iteration 240; function evaluation 311; phase 3
Function value 2.0885452e+03; maximum gradient component mag 1.2559e-01
Var    Value     Gradient |Var    Value     Gradient |Var    Value     Gradient
  1  0.03534  1.08055e-02 |  2  0.00566  2.09918e-04 |  3  0.04835  7.69037e-04
  4 -0.01426  2.48715e-04 |  5 -0.13729 -1.12267e-04 |  6 -0.02304  4.21287e-04
  7 -0.11838  1.70861e-05 |  8 -0.07331 -2.17407e-04 |  9  0.00697  6.30045e-05
 10  0.10553  1.24947e-03 | 11 -0.02333  1.50701e-04 | 12  0.00001 -2.74177e-04
 13  0.03644 -1.43543e-03 | 14  0.07914 -7.50042e-04 | 15  0.01592 -2.41206e-03
 16 -0.06097 -3.04878e-03 | 17 -0.01540 -3.64107e-03 | 18  0.03362  3.36763e-04
 19  0.05325  1.19787e-03 | 20 -0.03381 -4.66535e-04 | 21 -0.13616 -1.41553e-03
 22 -0.04727 -1.15720e-03 | 23  0.03987  3.89210e-04 | 24  0.01017 -3.44820e-04
 25 -0.03144 -1.14326e-03 | 26  0.06208  1.16057e-03 | 27  0.04261  2.33617e-03
 28  0.01849  1.37325e-03 | 29 -0.00516  1.29590e-04 | 30  0.01193  6.55720e-04
 31  0.03989  9.48141e-04 | 32  0.07331  2.03840e-03 | 33  0.01783  1.19915e-03
 34 -0.00535  2.51984e-04 | 35  0.02540  3.56191e-04 | 36 -0.00322  9.23622e-04
 37  0.26958  1.34670e-02 | 38  0.25849  5.06847e-03 | 39  0.26403  2.20914e-03
 40  0.25805  2.26281e-02 | 41 -0.47498 -3.28824e-02 | 42 -0.56402  1.25591e-01
 43  0.39301 -8.06925e-05 | 44 -0.35110 -3.86738e-04 | 45  0.07158  2.25335e-03
 46 -0.67118 -4.54244e-04 | 47  0.22432  2.15297e-03 | 48 -0.47773 -1.41426e-03
 49  0.23179  2.48377e-03 | 50  0.20423 -5.66129e-02 | 51 -0.34058  5.37200e-05
 52 -0.63605  7.82667e-02 |
52 variables; iteration 260; function evaluation 336; phase 3
Function value 2.0885452e+03; maximum gradient component mag -4.8315e-01
Var    Value     Gradient |Var    Value     Gradient |Var    Value     Gradient
  1  0.03534 -4.83154e-01 |  2  0.00566  5.32350e-03 |  3  0.04835  3.15252e-03
  4 -0.01426  5.40379e-03 |  5 -0.13729  6.39318e-03 |  6 -0.02304  4.57336e-03
  7 -0.11838  6.11392e-03 |  8 -0.07331  6.62459e-03 |  9  0.00697  4.75676e-03
 10  0.10553 -1.18526e-03 | 11 -0.02333  2.95971e-03 | 12  0.00001  7.92171e-04
 13  0.03644 -5.75865e-03 | 14  0.07914 -8.96309e-03 | 15  0.01592 -3.94721e-03
 16 -0.06097 -2.67792e-03 | 17 -0.01540 -1.42756e-03 | 18  0.03362  7.99117e-04
 19  0.05325 -5.56436e-04 | 20 -0.03381  9.89902e-04 | 21 -0.13616  1.77006e-03
 22 -0.04727  4.93063e-04 | 23  0.03987 -2.50345e-03 | 24  0.01017 -3.42864e-04
 25 -0.03144  2.32652e-03 | 26  0.06208 -7.16600e-03 | 27  0.04261 -1.00891e-02
 28  0.01849 -9.31056e-03 | 29 -0.00516 -2.72057e-03 | 30  0.01193 -1.21328e-03
 31  0.03989 -6.79822e-04 | 32  0.07331 -5.36095e-03 | 33  0.01783 -3.29357e-03
 34 -0.00535  5.70546e-04 | 35  0.02540  2.99154e-03 | 36 -0.00322  1.09930e-02
 37  0.26958 -1.22138e-02 | 38  0.25849 -1.09689e-02 | 39  0.26403 -4.44212e-03
 40  0.25805 -2.46123e-02 | 41 -0.48442 -1.92056e-01 | 42 -0.57794  3.29060e-01
 43  0.39301  1.04002e-03 | 44 -0.35110 -6.24578e-04 | 45  0.07158 -3.91774e-03
 46 -0.67118  1.04038e-03 | 47  0.22432 -1.48358e-03 | 48 -0.47773  1.10074e-03
 49  0.23686 -1.52127e-02 | 50  0.20922 -3.41638e-01 | 51 -0.32740  1.22000e-02
 52 -0.61549  2.20512e-01 |
52 variables; iteration 280; function evaluation 362; phase 3
Function value 2.0885451e+03; maximum gradient component mag -6.0223e-01
Var    Value     Gradient |Var    Value     Gradient |Var    Value     Gradient
  1  0.03534 -6.02231e-01 |  2  0.00566  6.79211e-03 |  3  0.04835  4.28585e-03
  4 -0.01426  6.87372e-03 |  5 -0.13729  7.93469e-03 |  6 -0.02304  5.93766e-03
  7 -0.11838  7.84698e-03 |  8 -0.07331  8.17796e-03 |  9  0.00697  5.81946e-03
 10  0.10553 -9.82881e-04 | 11 -0.02333  3.69005e-03 | 12  0.00001  8.30009e-04
 13  0.03644 -8.38587e-03 | 14  0.07914 -1.17448e-02 | 15  0.01592 -6.86298e-03
 16 -0.06097 -5.90405e-03 | 17 -0.01540 -4.69641e-03 | 18  0.03362  1.35736e-03
 19  0.05325  5.20242e-04 | 20 -0.03381  6.87226e-04 | 21 -0.13616  9.71198e-04
 22 -0.04727 -3.97328e-04 | 23  0.03987 -2.95608e-03 | 24  0.01017 -5.92225e-04
 25 -0.03144  2.05664e-03 | 26  0.06208 -7.51049e-03 | 27  0.04261 -1.07279e-02
 28  0.01849 -1.07995e-02 | 29 -0.00516 -3.21671e-03 | 30  0.01193 -9.11686e-04
 31  0.03989 -6.34495e-05 | 32  0.07331 -4.74448e-03 | 33  0.01783 -2.95290e-03
 34 -0.00535  8.83674e-04 | 35  0.02540  3.99844e-03 | 36 -0.00322  1.46236e-02
 37  0.26958 -5.14842e-03 | 38  0.25849 -1.07086e-02 | 39  0.26403 -3.70878e-03
 40  0.25805 -1.13328e-02 | 41 -0.48093 -2.64478e-01 | 42 -0.59791  4.94869e-01
 43  0.39301  1.66080e-03 | 44 -0.35110 -1.37306e-03 | 45  0.07158 -4.00377e-03
 46 -0.67118  7.98169e-04 | 47  0.22432  7.57219e-05 | 48 -0.47773  2.56730e-05
 49  0.23500 -1.89152e-02 | 50  0.20738 -4.73550e-01 | 51 -0.30938  1.78906e-02
 52 -0.58847  3.70507e-01 |
52 variables; iteration 300; function evaluation 388; phase 3
Function value 2.0885449e+03; maximum gradient component mag 5.4049e-01
Var    Value     Gradient |Var    Value     Gradient |Var    Value     Gradient
  1  0.03534  5.40493e-01 |  2  0.00566 -4.65683e-03 |  3  0.04835 -5.62435e-04
  4 -0.01426 -4.25634e-03 |  5 -0.13729 -7.41021e-03 |  6 -0.02304 -3.73696e-03
  7 -0.11838 -6.95536e-03 |  8 -0.07331 -7.06560e-03 |  9  0.00697 -4.37901e-03
 10  0.10553  5.69174e-03 | 11 -0.02333 -2.46900e-03 | 12  0.00001 -1.19516e-03
 13  0.03644  2.25614e-04 | 14  0.07914  5.41276e-03 | 15  0.01592 -6.26590e-03
 16 -0.06097 -1.05512e-02 | 17 -0.01540 -1.38976e-02 | 18  0.03362  1.41770e-03
 19  0.05325  6.94464e-03 | 20 -0.03381 -2.62670e-03 | 21 -0.13616 -7.07893e-03
 22 -0.04727 -5.11923e-03 | 23  0.03987  2.80012e-03 | 24  0.01017 -9.89096e-04
 25 -0.03144 -7.11457e-03 | 26  0.06208  1.27334e-02 | 27  0.04261  2.21212e-02
 28  0.01849  1.65492e-02 | 29 -0.00516  4.17638e-03 | 30  0.01193  4.41210e-03
 31  0.03989  4.66464e-03 | 32  0.07331  1.33172e-02 | 33  0.01783  7.85310e-03
 34 -0.00535 -1.62717e-03 | 35  0.02540 -2.49468e-03 | 36 -0.00322 -7.79759e-03
 37  0.26958  7.28011e-02 | 38  0.25849  3.79488e-02 | 39  0.26403  1.52192e-02
 40  0.25805  1.15064e-01 | 41 -0.44419  8.46805e-02 | 42 -0.62644  1.35881e-01
 43  0.39301 -2.12625e-03 | 44 -0.35110 -1.31587e-03 | 45  0.07158  6.59466e-03
 46 -0.67118 -2.49726e-03 | 47  0.22432  1.03329e-02 | 48 -0.47773 -7.32675e-03
 49  0.21488  2.48404e-02 | 50  0.18757  1.35474e-01 | 51 -0.28539 -9.86186e-03
 52 -0.55412  1.26946e-01 |
52 variables; iteration 320; function evaluation 413; phase 3
Function value 2.0885446e+03; maximum gradient component mag 2.5884e+00
Var    Value     Gradient |Var    Value     Gradient |Var    Value     Gradient
  1  0.03534  2.58840e+00 |  2  0.00566 -2.60770e-02 |  3  0.04835 -1.13715e-02
  4 -0.01426 -2.49075e-02 |  5 -0.13729 -3.53307e-02 |  6 -0.02304 -2.42030e-02
  7 -0.11838 -3.79259e-02 |  8 -0.07331 -3.23957e-02 |  9  0.00697 -2.27437e-02
 10  0.10553  1.29752e-02 | 11 -0.02333 -1.53698e-02 | 12  0.00001 -4.94742e-03
 13  0.03644  1.41448e-02 | 14  0.07914  3.82656e-02 | 15  0.01592 -1.00617e-02
 16 -0.06097 -2.91355e-02 | 17 -0.01540 -4.43063e-02 | 18  0.03362  1.08316e-02
 19  0.05325  2.89328e-02 | 20 -0.03381 -3.61747e-03 | 21 -0.13616 -2.22191e-02
 22 -0.04727 -1.51012e-02 | 23  0.03987  1.52541e-02 | 24  0.01017 -5.31320e-03
 25 -0.03144 -3.08273e-02 | 26  0.06208  5.03061e-02 | 27  0.04261  8.92664e-02
 28  0.01849  7.03810e-02 | 29 -0.00516  2.11730e-02 | 30  0.01193  1.66119e-02
 31  0.03989  1.77964e-02 | 32  0.07331  5.18870e-02 | 33  0.01783  2.91538e-02
 34 -0.00535 -1.22051e-02 | 35  0.02540 -1.28527e-02 | 36 -0.00322 -4.48841e-02
 37  0.26958  2.89176e-01 | 38  0.25849  1.90192e-01 | 39  0.26403  6.63182e-02
 40  0.25805  4.15965e-01 | 41 -0.35998  6.96140e-01 | 42 -0.66170 -5.80193e-02
 43  0.39301 -1.26240e-02 | 44 -0.35110 -8.09339e-03 | 45  0.07158  1.50711e-02
 46 -0.67118 -6.41721e-03 | 47  0.22432  2.52231e-02 | 48 -0.47773 -1.72677e-02
 49  0.16603  9.40403e-02 | 50  0.13930  1.08052e+00 | 51 -0.25841 -3.16691e-02
 52 -0.51726 -3.50860e-02 |
52 variables; iteration 340; function evaluation 436; phase 3
Function value 2.0885445e+03; maximum gradient component mag 3.2459e-01
Var    Value     Gradient |Var    Value     Gradient |Var    Value     Gradient
  1  0.03534  3.24586e-01 |  2  0.00566 -2.71105e-03 |  3  0.04835 -1.03391e-03
  4 -0.01426 -2.83776e-03 |  5 -0.13729 -4.54060e-03 |  6 -0.02304 -2.96271e-03
  7 -0.11838 -5.19833e-03 |  8 -0.07331 -4.09805e-03 |  9  0.00697 -2.68965e-03
 10  0.10553  1.13538e-03 | 11 -0.02333 -1.89994e-03 | 12  0.00001  1.58887e-05
 13  0.03644  1.97091e-03 | 14  0.07914  2.82258e-03 | 15  0.01592 -2.10502e-03
 16 -0.06097 -3.82229e-03 | 17 -0.01540 -6.39375e-03 | 18  0.03362  1.18886e-03
 19  0.05325  3.62797e-03 | 20 -0.03381  3.56719e-04 | 21 -0.13616 -2.56358e-03
 22 -0.04727 -1.69231e-03 | 23  0.03987  7.76756e-04 | 24  0.01017 -9.92034e-04
 25 -0.03144 -3.77536e-03 | 26  0.06208  5.76194e-03 | 27  0.04261  1.34807e-02
 28  0.01849  1.08117e-02 | 29 -0.00516  2.19237e-03 | 30  0.01193  2.54844e-03
 31  0.03989  1.83413e-03 | 32  0.07331  5.11746e-03 | 33  0.01783  3.08444e-03
 34 -0.00535 -8.02559e-04 | 35  0.02540 -8.03985e-04 | 36 -0.00322 -5.83577e-03
 37  0.26958  3.56237e-02 | 38  0.25849  1.95724e-02 | 39  0.26403  6.40115e-03
 40  0.25805  5.18023e-02 | 41 -0.28194  9.48608e-02 | 42 -0.68706 -2.66612e-02
 43  0.39301 -2.04664e-03 | 44 -0.35110 -6.54094e-04 | 45  0.07158  6.10813e-04
 46 -0.67118  5.36886e-04 | 47  0.22432  6.70340e-03 | 48 -0.47773 -3.16712e-03
 49  0.11785  1.38450e-02 | 50  0.09153  1.40618e-01 | 51 -0.24080 -8.87388e-03
 52 -0.49404 -2.11821e-02 |
52 variables; iteration 360; function evaluation 463; phase 3
Function value 2.0885444e+03; maximum gradient component mag 6.2073e-01
Var    Value     Gradient |Var    Value     Gradient |Var    Value     Gradient
  1  0.03534  6.20730e-01 |  2  0.00566 -6.38398e-03 |  3  0.04835 -3.23407e-03
  4 -0.01426 -6.25379e-03 |  5 -0.13729 -8.50625e-03 |  6 -0.02304 -6.06058e-03
  7 -0.11838 -9.07302e-03 |  8 -0.07331 -7.88781e-03 |  9  0.00697 -5.68454e-03
 10  0.10553  2.43031e-03 | 11 -0.02333 -3.84606e-03 | 12  0.00001 -1.07528e-03
 13  0.03644  4.07876e-03 | 14  0.07914  9.29285e-03 | 15  0.01592 -1.65699e-03
 16 -0.06097 -5.90384e-03 | 17 -0.01540 -9.47695e-03 | 18  0.03362  2.28073e-03
 19  0.05325  6.39065e-03 | 20 -0.03381 -6.56805e-04 | 21 -0.13616 -4.93505e-03
 22 -0.04727 -3.16700e-03 | 23  0.03987  3.57694e-03 | 24  0.01017 -1.11558e-03
 25 -0.03144 -6.91684e-03 | 26  0.06208  1.19067e-02 | 27  0.04261  2.10723e-02
 28  0.01849  1.68786e-02 | 29 -0.00516  4.99493e-03 | 30  0.01193  3.90352e-03
 31  0.03989  3.91776e-03 | 32  0.07331  1.18167e-02 | 33  0.01783  6.66686e-03
 34 -0.00535 -2.78466e-03 | 35  0.02540 -3.10886e-03 | 36 -0.00322 -1.12243e-02
 37  0.26958  6.41537e-02 | 38  0.25849  4.10557e-02 | 39  0.26403  1.45685e-02
 40  0.25805  9.36043e-02 | 41 -0.21073  2.02012e-01 | 42 -0.70781 -4.93867e-02
 43  0.39301 -2.92199e-03 | 44 -0.35110 -1.55305e-03 | 45  0.07158  3.47432e-03
 46 -0.67118 -1.35749e-03 | 47  0.22432  6.88877e-03 | 48 -0.47773 -4.70416e-03
 49  0.07202  2.12032e-02 | 50  0.04594  2.90850e-01 | 51 -0.22744 -7.82155e-03
 52 -0.47680 -5.19206e-02 |
52 variables; iteration 380; function evaluation 489; phase 3
Function value 2.0885444e+03; maximum gradient component mag 2.3207e-02
Var    Value     Gradient |Var    Value     Gradient |Var    Value     Gradient
  1  0.03534  2.32072e-02 |  2  0.00566 -2.71764e-04 |  3  0.04835 -2.00974e-04
  4 -0.01426 -2.51069e-04 |  5 -0.13729 -3.24940e-04 |  6 -0.02304 -2.94198e-04
  7 -0.11838 -4.02825e-04 |  8 -0.07331 -2.64865e-04 |  9  0.00697 -1.99168e-04
 10  0.10553 -1.86570e-05 | 11 -0.02333 -1.62549e-04 | 12  0.00001 -1.18794e-05
 13  0.03644  2.79252e-04 | 14  0.07914  3.90478e-04 | 15  0.01592  9.83275e-05
 16 -0.06097 -2.61555e-05 | 17 -0.01540 -1.34569e-04 | 18  0.03362  1.07870e-04
 19  0.05325  1.86148e-04 | 20 -0.03381  6.26808e-05 | 21 -0.13616 -4.12504e-05
 22 -0.04727 -1.64736e-05 | 23  0.03987  8.94507e-05 | 24  0.01017 -5.17985e-05
 25 -0.03144 -2.18962e-04 | 26  0.06208  2.85042e-04 | 27  0.04261  7.19741e-04
 28  0.01849  6.37313e-04 | 29 -0.00516  2.20876e-04 | 30  0.01193  1.20758e-04
 31  0.03989  1.03437e-04 | 32  0.07331  2.74152e-04 | 33  0.01783  1.51237e-04
 34 -0.00535 -1.56104e-04 | 35  0.02540 -1.65441e-04 | 36 -0.00322 -5.07140e-04
 37  0.26958  1.85908e-03 | 38  0.25849  1.76091e-03 | 39  0.26403  4.80154e-04
 40  0.25805  1.83270e-03 | 41 -0.16670  9.39981e-03 | 42 -0.71984 -1.06267e-02
 43  0.39301 -2.10308e-04 | 44 -0.35110 -7.82273e-06 | 45  0.07158 -1.23304e-04
 46 -0.67118  3.83145e-05 | 47  0.22432 -3.78378e-05 | 48 -0.47773  4.91527e-05
 49  0.04295  6.09446e-04 | 50  0.01696  1.51032e-02 | 51 -0.22013 -3.16291e-04
 52 -0.46750 -8.73024e-03 |
52 variables; iteration 400; function evaluation 509; phase 3
Function value 2.0885444e+03; maximum gradient component mag 1.3553e+00
Var    Value     Gradient |Var    Value     Gradient |Var    Value     Gradient
  1  0.03534  1.35530e+00 |  2  0.00566 -1.41263e-02 |  3  0.04835 -7.39751e-03
  4 -0.01426 -1.37125e-02 |  5 -0.13729 -1.88013e-02 |  6 -0.02304 -1.38458e-02
  7 -0.11838 -2.04583e-02 |  8 -0.07331 -1.69826e-02 |  9  0.00697 -1.28131e-02
 10  0.10553  4.78816e-03 | 11 -0.02333 -8.97771e-03 | 12  0.00001 -2.17780e-03
 13  0.03644  7.58788e-03 | 14  0.07914  2.03791e-02 | 15  0.01592 -6.54938e-03
 16 -0.06097 -1.79810e-02 | 17 -0.01540 -2.72942e-02 | 18  0.03362  7.23561e-03
 19  0.05325  1.79798e-02 | 20 -0.03381 -1.18260e-03 | 21 -0.13616 -1.27894e-02
 22 -0.04727 -8.48627e-03 | 23  0.03987  8.06597e-03 | 24  0.01017 -3.38749e-03
 25 -0.03144 -1.74770e-02 | 26  0.06208  2.85194e-02 | 27  0.04261  5.12590e-02
 28  0.01849  3.99808e-02 | 29 -0.00516  1.16193e-02 | 30  0.01193  9.30232e-03
 31  0.03989  1.04007e-02 | 32  0.07331  2.91480e-02 | 33  0.01783  1.61935e-02
 34 -0.00535 -8.19653e-03 | 35  0.02540 -6.17444e-03 | 36 -0.00322 -2.29246e-02
 37  0.26958  1.70616e-01 | 38  0.25849  1.05623e-01 | 39  0.26403  3.71892e-02
 40  0.25805  2.45791e-01 | 41 -0.16564  3.83580e-01 | 42 -0.71736  5.94297e-02
 43  0.39301 -6.97990e-03 | 44 -0.35110 -5.16965e-03 | 45  0.07158  5.35712e-03
 46 -0.67118 -3.51645e-03 | 47  0.22432  2.01046e-02 | 48 -0.47773 -1.40740e-02
 49  0.04226  4.20797e-02 | 50  0.01627  5.36570e-01 | 51 -0.22160 -7.15775e-03
 52 -0.46936  8.86005e-02 |
52 variables; iteration 420; function evaluation 533; phase 3
Function value 2.0885442e+03; maximum gradient component mag -1.4103e-01
Var    Value     Gradient |Var    Value     Gradient |Var    Value     Gradient
  1  0.03534 -8.59646e-02 |  2  0.00566  5.52259e-04 |  3  0.04835  3.54998e-04
  4 -0.01426  6.37548e-04 |  5 -0.13729  1.53858e-03 |  6 -0.02304  9.56284e-04
  7 -0.11838  1.23831e-03 |  8 -0.07331  9.62066e-04 |  9  0.00697  9.68788e-04
 10  0.10553 -1.94152e-04 | 11 -0.02333  5.39827e-04 | 12  0.00001  3.01247e-04
 13  0.03644  1.79207e-03 | 14  0.07914  1.26094e-03 | 15  0.01592  5.13115e-03
 16 -0.06096  6.73795e-03 | 17 -0.01540  7.43743e-03 | 18  0.03362 -1.50728e-03
 19  0.05325 -3.82877e-03 | 20 -0.03381  6.71015e-04 | 21 -0.13616  2.35756e-03
 22 -0.04727  2.04778e-03 | 23  0.03987 -4.53848e-04 | 24  0.01017  2.38037e-04
 25 -0.03144  2.52847e-03 | 26  0.06208 -5.12426e-03 | 27  0.04261 -7.45483e-03
 28  0.01849 -4.43233e-03 | 29 -0.00516 -1.94193e-03 | 30  0.01193 -3.01994e-03
 31  0.03989 -2.39361e-03 | 32  0.07331 -5.53171e-03 | 33  0.01783 -3.35412e-03
 34 -0.00535  2.36385e-04 | 35  0.02540  7.63811e-04 | 36 -0.00322 -4.09161e-05
 37  0.26958 -2.86141e-02 | 38  0.25849 -1.06719e-02 | 39  0.26403 -6.40228e-03
 40  0.25805 -4.79818e-02 | 41 -0.09536  2.27850e-02 | 42 -0.68965 -1.27300e-01
 43  0.39301 -1.16642e-04 | 44 -0.35110  1.34646e-03 | 45  0.07158  5.67263e-04
 46 -0.67118  6.11927e-04 | 47  0.22432 -4.38559e-03 | 48 -0.47773  3.28128e-03
 49 -0.00507 -6.21779e-04 | 50 -0.03104  3.46167e-02 | 51 -0.23909 -5.66883e-03
 52 -0.49182 -1.41032e-01 |
52 variables; iteration 440; function evaluation 556; phase 3
Function value 2.0885442e+03; maximum gradient component mag 2.7745e-02
Var    Value     Gradient |Var    Value     Gradient |Var    Value     Gradient
  1  0.03534  1.89481e-02 |  2  0.00566 -1.16198e-03 |  3  0.04835 -1.43170e-03
  4 -0.01426 -9.10249e-04 |  5 -0.13729  9.77048e-05 |  6 -0.02304 -3.30492e-04
  7 -0.11838 -7.30984e-05 |  8 -0.07331 -8.66067e-04 |  9  0.00697 -3.24081e-04
 10  0.10553  2.79238e-05 | 11 -0.02333 -3.95647e-04 | 12  0.00001 -9.15188e-04
 13  0.03644  7.21686e-04 | 14  0.07914 -2.26788e-04 | 15  0.01592 -7.80907e-04
 16 -0.06096 -1.62398e-04 | 17 -0.01540 -1.20769e-03 | 18  0.03362 -6.23346e-04
 19  0.05325 -1.24679e-03 | 20 -0.03381  6.67200e-04 | 21 -0.13616 -1.52644e-04
 22 -0.04727 -2.40523e-06 | 23  0.03987  2.21751e-03 | 24  0.01017 -1.66862e-04
 25 -0.03144 -4.81697e-04 | 26  0.06208 -1.47826e-03 | 27  0.04261  7.83779e-04
 28  0.01849  2.32493e-03 | 29 -0.00516 -1.79175e-04 | 30  0.01193  9.13228e-05
 31  0.03989  6.04791e-04 | 32  0.07331  4.38633e-04 | 33  0.01783  3.35915e-04
 34 -0.00535  2.61500e-03 | 35  0.02540  1.97076e-03 | 36 -0.00322  1.95347e-05
 37  0.26958  6.43823e-03 | 38  0.25849  1.06291e-02 | 39  0.26403  5.07899e-04
 40  0.25805  6.10744e-03 | 41 -0.02178 -1.29199e-02 | 42 -0.66621  2.61289e-02
 43  0.39301 -1.80813e-03 | 44 -0.35110  1.05861e-03 | 45  0.07158  9.52447e-03
 46 -0.67118  5.22459e-04 | 47  0.22432 -2.37071e-03 | 48 -0.47773  3.25841e-03
 49 -0.05548 -1.69649e-03 | 50 -0.08160 -1.74833e-02 | 51 -0.25519  1.65687e-03
 52 -0.51297  2.77455e-02 |
52 variables; iteration 460; function evaluation 576; phase 3
Function value 2.0885442e+03; maximum gradient component mag 6.1179e-01
Var    Value     Gradient |Var    Value     Gradient |Var    Value     Gradient
  1  0.03534  6.11795e-01 |  2  0.00565 -3.00749e-02 |  3  0.04835 -3.53041e-02
  4 -0.01427 -2.42064e-02 |  5 -0.13729  1.49767e-03 |  6 -0.02304 -8.56508e-03
  7 -0.11838 -2.99088e-03 |  8 -0.07332 -2.33797e-02 |  9  0.00697 -7.82120e-03
 10  0.10553  2.98966e-03 | 11 -0.02334 -9.55279e-03 | 12  0.00001 -2.29603e-02
 13  0.03644  2.37837e-02 | 14  0.07914  9.88611e-04 | 15  0.01592 -6.30471e-03
 16 -0.06096  1.26891e-02 | 17 -0.01540 -1.05473e-02 | 18  0.03362 -2.08795e-02
 19  0.05325 -4.13021e-02 | 20 -0.03381  1.62290e-02 | 21 -0.13616  1.03090e-03
 22 -0.04727  3.78597e-03 | 23  0.03988  5.34399e-02 | 24  0.01017 -3.47393e-03
 25 -0.03144 -7.47467e-03 | 26  0.06208 -4.39921e-02 | 27  0.04261  8.88813e-03
 28  0.01849  5.29583e-02 | 29 -0.00516 -5.34131e-03 | 30  0.01193 -1.85221e-03
 31  0.03989  8.97033e-03 | 32  0.07331  1.99259e-03 | 33  0.01783  2.88213e-03
 34 -0.00534  6.71806e-02 | 35  0.02540  4.88441e-02 | 36 -0.00322 -7.42769e-03
 37  0.26958  9.12313e-02 | 38  0.25849  2.40747e-01 | 39  0.26403 -5.04655e-04
 40  0.25805  4.71068e-02 | 41 -0.02740 -7.27429e-02 | 42 -0.66213  1.17663e-01
 43  0.39301 -4.53380e-02 | 44 -0.35110  2.99559e-02 | 45  0.07159  2.34976e-01
 46 -0.67117  1.46813e-02 | 47  0.22432 -7.36162e-02 | 48 -0.47773  9.35653e-02
 49 -0.05161 -2.53190e-02 | 50 -0.07771 -8.03486e-02 | 51 -0.25811  1.36562e-02
 52 -0.51687  1.12872e-01 |
52 variables; iteration 480; function evaluation 597; phase 3
Function value 2.0885442e+03; maximum gradient component mag -3.1744e-02
Var    Value     Gradient |Var    Value     Gradient |Var    Value     Gradient
  1  0.03534 -3.17436e-02 |  2  0.00566  6.11173e-04 |  3  0.04835  5.44910e-04
  4 -0.01426  5.59439e-04 |  5 -0.13729  2.99658e-04 |  6 -0.02304  3.37912e-04
  7 -0.11838  3.64999e-04 |  8 -0.07331  5.88235e-04 |  9  0.00697  2.87659e-04
 10  0.10553 -1.43295e-04 | 11 -0.02333  2.49961e-04 | 12  0.00001  2.62190e-04
 13  0.03644 -6.43198e-04 | 14  0.07914 -6.16763e-04 | 15  0.01592 -3.74727e-04
 16 -0.06097 -5.27717e-04 | 17 -0.01540 -2.03669e-04 | 18  0.03362  3.05365e-04
 19  0.05325  5.32341e-04 | 20 -0.03381 -1.63063e-04 | 21 -0.13616  2.73401e-05
 22 -0.04727 -5.15181e-05 | 23  0.03987 -6.52411e-04 | 24  0.01017  6.17470e-05
 25 -0.03144  1.62986e-04 | 26  0.06208  3.12442e-04 | 27  0.04261 -5.20257e-04
 28  0.01849 -1.03522e-03 | 29 -0.00516 -7.42838e-05 | 30  0.01193  5.23891e-05
 31  0.03989 -2.09597e-05 | 32  0.07331 -8.13134e-05 | 33  0.01783 -2.75432e-05
 34 -0.00535 -5.89750e-04 | 35  0.02540 -5.09560e-04 | 36 -0.00322  7.23405e-04
 37  0.26958 -1.17865e-03 | 38  0.25849 -3.33001e-03 | 39  0.26403 -3.45813e-05
 40  0.25805 -5.22520e-04 | 41 -0.07504 -1.41316e-02 | 42 -0.65110  1.74115e-02
 43  0.39301  5.99274e-04 | 44 -0.35110 -3.59549e-04 | 45  0.07158 -2.59175e-03
 46 -0.67118 -1.07436e-04 | 47  0.22432  7.67284e-04 | 48 -0.47773 -1.01090e-03
 49 -0.01892 -7.00911e-04 | 50 -0.04491 -1.97193e-02 | 51 -0.26622  8.02087e-04
 52 -0.52777  1.72326e-02 |
52 variables; iteration 500; function evaluation 619; phase 3
Function value 2.0885442e+03; maximum gradient component mag 1.3158e-01
Var    Value     Gradient |Var    Value     Gradient |Var    Value     Gradient
  1  0.03534  1.31577e-01 |  2  0.00566 -1.29694e-03 |  3  0.04835 -6.34846e-04
  4 -0.01426 -1.30649e-03 |  5 -0.13729 -1.82068e-03 |  6 -0.02304 -1.28548e-03
  7 -0.11838 -1.88734e-03 |  8 -0.07331 -1.63040e-03 |  9  0.00697 -1.19242e-03
 10  0.10553  3.89894e-04 | 11 -0.02333 -7.67492e-04 | 12  0.00001 -8.37555e-05
 13  0.03644  1.22381e-03 | 14  0.07914  2.27975e-03 | 15  0.01592  5.50372e-04
 16 -0.06097 -1.49435e-04 | 17 -0.01540 -5.82061e-04 | 18  0.03362  2.61464e-04
 19  0.05325  9.15711e-04 | 20 -0.03381 -1.82694e-04 | 21 -0.13616 -6.44885e-04
 22 -0.04727 -3.23937e-04 | 23  0.03987  4.59316e-04 | 24  0.01017 -6.41848e-05
 25 -0.03144 -9.87117e-04 | 26  0.06208  2.32084e-03 | 27  0.04261  3.55274e-03
 28  0.01849  2.87095e-03 | 29 -0.00516  9.57553e-04 | 30  0.01193  5.57434e-04
 31  0.03989  4.29981e-04 | 32  0.07331  1.79446e-03 | 33  0.01783  1.02352e-03
 34 -0.00535 -8.35934e-04 | 35  0.02540 -1.05039e-03 | 36 -0.00322 -2.79215e-03
 37  0.26958  7.86043e-03 | 38  0.25849  5.02712e-03 | 39  0.26403  2.12937e-03
 40  0.25805  1.16386e-02 | 41 -0.06124  6.22562e-02 | 42 -0.64344 -5.38704e-02
 43  0.39301 -3.74430e-04 | 44 -0.35110 -1.55776e-04 | 45  0.07158 -3.96244e-04
 46 -0.67118 -2.96449e-04 | 47  0.22432  1.15801e-03 | 48 -0.47773 -1.04280e-03
 49 -0.02835  4.84777e-03 | 50 -0.05437  8.58413e-02 | 51 -0.27203 -3.15655e-03
 52 -0.53566 -4.89481e-02 |
52 variables; iteration 520; function evaluation 641; phase 3
Function value 2.0885442e+03; maximum gradient component mag -2.7205e-02
Var    Value     Gradient |Var    Value     Gradient |Var    Value     Gradient
  1  0.03534 -2.72047e-02 |  2  0.00566  3.64722e-04 |  3  0.04835  2.64406e-04
  4 -0.01426  3.40260e-04 |  5 -0.13729  3.35046e-04 |  6 -0.02304  2.75981e-04
  7 -0.11838  3.68386e-04 |  8 -0.07331  3.99934e-04 |  9  0.00697  2.54979e-04
 10  0.10553 -8.34160e-05 | 11 -0.02333  1.81994e-04 | 12  0.00001  9.98501e-05
 13  0.03644 -3.44964e-04 | 14  0.07914 -4.49417e-04 | 15  0.01592 -1.14567e-04
 16 -0.06097 -7.61704e-05 | 17 -0.01540  9.58262e-05 | 18  0.03362  4.48177e-05
 19  0.05325  1.17179e-05 | 20 -0.03381 -3.77344e-05 | 21 -0.13616  1.03715e-04
 22 -0.04727  2.79391e-05 | 23  0.03987 -2.97001e-04 | 24  0.01017  1.92866e-05
 25 -0.03144  1.98017e-04 | 26  0.06208 -2.43417e-04 | 27  0.04261 -6.66479e-04
 28  0.01849 -7.30687e-04 | 29 -0.00516 -1.44064e-04 | 30  0.01193 -7.99695e-05
 31  0.03989 -9.79798e-05 | 32  0.07331 -3.06969e-04 | 33  0.01783 -1.75940e-04
 34 -0.00535 -9.24609e-05 | 35  0.02540 -5.16443e-06 | 36 -0.00322  5.71991e-04
 37  0.26958 -1.65021e-03 | 38  0.25849 -1.76411e-03 | 39  0.26403 -3.53079e-04
 40  0.25805 -2.03145e-03 | 41 -0.05983 -1.20250e-02 | 42 -0.63986  1.12618e-02
 43  0.39301  2.44378e-04 | 44 -0.35110 -9.67881e-05 | 45  0.07158 -8.60046e-04
 46 -0.67118  6.42017e-06 | 47  0.22432  5.81396e-05 | 48 -0.47773 -1.44355e-04
 49 -0.02932 -8.30275e-04 | 50 -0.05534 -1.66613e-02 | 51 -0.27479  5.93297e-04
 52 -0.53944  1.02081e-02 |

 - final statistics:
52 variables; iteration 531; function evaluation 653
Function value 2.0885e+03; maximum gradient component mag 4.4035e-05
Exit code = 1;  converg criter 1.0000e-04
Var    Value     Gradient |Var    Value     Gradient |Var    Value     Gradient
  1  0.03534  4.33714e-05 |  2  0.00566  2.64357e-07 |  3  0.04835  7.01029e-07
  4 -0.01426  2.05134e-08 |  5 -0.13729 -8.08549e-07 |  6 -0.02304 -3.66727e-07
  7 -0.11838 -7.65639e-07 |  8 -0.07331 -5.55690e-08 |  9  0.00697 -2.78558e-07
 10  0.10553 -2.97561e-07 | 11 -0.02333 -1.61881e-07 | 12  0.00001  6.54195e-07
 13  0.03644 -2.36326e-07 | 14  0.07914  1.14447e-06 | 15  0.01592  8.04810e-07
 16 -0.06097 -7.04769e-09 | 17 -0.01540  5.79924e-07 | 18  0.03362  6.22601e-07
 19  0.05325  1.26893e-06 | 20 -0.03381 -7.22976e-07 | 21 -0.13616 -1.34384e-07
 22 -0.04727 -3.41787e-07 | 23  0.03987 -1.86926e-06 | 24  0.01017 -1.67351e-07
 25 -0.03144 -3.39986e-07 | 26  0.06208  1.89171e-06 | 27  0.04261  1.19480e-06
 28  0.01849 -4.17676e-07 | 29 -0.00516  7.41541e-07 | 30  0.01193  2.20060e-07
 31  0.03989 -3.07965e-07 | 32  0.07331  8.80496e-07 | 33  0.01783  5.93923e-07
 34 -0.00535 -1.19844e-06 | 35  0.02540 -1.71039e-06 | 36 -0.00322 -1.12375e-06
 37  0.26958 -2.06319e-06 | 38  0.25849 -2.34525e-06 | 39  0.26403  8.26682e-07
 40  0.25805  1.53598e-06 | 41 -0.05892  3.23222e-05 | 42 -0.63898 -3.94007e-05
 43  0.39301  1.17682e-06 | 44 -0.35110 -1.18999e-06 | 45  0.07158 -8.17351e-06
 46 -0.67118  1.53215e-07 | 47  0.22432 -4.87323e-07 | 48 -0.47773  3.08215e-07
 49 -0.02994  2.97873e-06 | 50 -0.05597  4.40352e-05 | 51 -0.27547 -2.18376e-06
 52 -0.54037 -3.54429e-05 |
Estimating row 1 out of 52 for hessian
Estimating row 2 out of 52 for hessian
Estimating row 3 out of 52 for hessian
Estimating row 4 out of 52 for hessian
Estimating row 5 out of 52 for hessian
Estimating row 6 out of 52 for hessian
Estimating row 7 out of 52 for hessian
Estimating row 8 out of 52 for hessian
Estimating row 9 out of 52 for hessian
Estimating row 10 out of 52 for hessian
Estimating row 11 out of 52 for hessian
Estimating row 12 out of 52 for hessian
Estimating row 13 out of 52 for hessian
Estimating row 14 out of 52 for hessian
Estimating row 15 out of 52 for hessian
Estimating row 16 out of 52 for hessian
Estimating row 17 out of 52 for hessian
Estimating row 18 out of 52 for hessian
Estimating row 19 out of 52 for hessian
Estimating row 20 out of 52 for hessian
Estimating row 21 out of 52 for hessian
Estimating row 22 out of 52 for hessian
Estimating row 23 out of 52 for hessian
Estimating row 24 out of 52 for hessian
Estimating row 25 out of 52 for hessian
Estimating row 26 out of 52 for hessian
Estimating row 27 out of 52 for hessian
Estimating row 28 out of 52 for hessian
Estimating row 29 out of 52 for hessian
Estimating row 30 out of 52 for hessian
Estimating row 31 out of 52 for hessian
Estimating row 32 out of 52 for hessian
Estimating row 33 out of 52 for hessian
Estimating row 34 out of 52 for hessian
Estimating row 35 out of 52 for hessian
Estimating row 36 out of 52 for hessian
Estimating row 37 out of 52 for hessian
Estimating row 38 out of 52 for hessian
Estimating row 39 out of 52 for hessian
Estimating row 40 out of 52 for hessian
Estimating row 41 out of 52 for hessian
Estimating row 42 out of 52 for hessian
Estimating row 43 out of 52 for hessian
Estimating row 44 out of 52 for hessian
Estimating row 45 out of 52 for hessian
Estimating row 46 out of 52 for hessian
Estimating row 47 out of 52 for hessian
Estimating row 48 out of 52 for hessian
Estimating row 49 out of 52 for hessian
Estimating row 50 out of 52 for hessian
Estimating row 51 out of 52 for hessian
Estimating row 52 out of 52 for hessian
size of file gradfil1.tmp = 0
size of file gradfil2.tmp = 0
size of file varssave.tmp = 0
size of file cmpdiff.tmp = 0
