
Initial statistics: 37 variables; iteration 0; function evaluation 0; phase 1
Function value 2.0416578e+04; maximum gradient component mag 2.4809e+04
Var    Value     Gradient |Var    Value     Gradient |Var    Value     Gradient
  1  0.26198  2.48087e+04 |  2  0.00000 -1.23193e+02 |  3  0.00000 -1.12619e+03
  4  0.00000 -4.90197e+02 |  5  0.00000  4.46750e+02 |  6  0.00000 -8.89277e+02
  7  0.00000  3.18753e+02 |  8  0.00000  1.79816e+02 |  9  0.00000 -1.24565e+02
 10  0.00000 -1.68759e+03 | 11  0.00000  7.83775e+02 | 12  0.00000 -8.15959e+02
 13  0.00000 -1.02923e+02 | 14  0.00000 -3.56265e+02 | 15  0.00000 -1.64817e+02
 16  0.00000  7.57573e+02 | 17  0.00000 -6.25474e+01 | 18  0.00000 -4.71784e+02
 19  0.00000 -1.20700e+03 | 20  0.00000  4.06190e+02 | 21  0.00000  4.70101e+02
 22  0.00000  2.20721e+02 | 23  0.00000  1.07374e+02 | 24  0.00000 -2.17571e+02
 25  0.00000  4.06094e+02 | 26  0.00000  5.24771e+02 | 27  0.00000  3.41035e+02
 28  0.00000  8.88345e+02 | 29  0.00000 -1.17397e+02 | 30  0.00000  2.45581e+01
 31  0.00000  3.57568e+02 | 32  0.00000 -1.79015e+02 | 33  0.00000  6.98143e+02
 34  0.00000  8.45011e+02 | 35  0.00000 -1.26958e+02 | 36  0.00000  8.66481e+02
 37  0.00000 -3.79819e+02 |

Intermediate statistics: 37 variables; iteration 20; function evaluation 33; phase 1
Function value 1.7933369e+04; maximum gradient component mag 1.5152e+04
Var    Value     Gradient |Var    Value     Gradient |Var    Value     Gradient
  1  0.12640  1.51522e+04 |  2 -0.03926  1.61384e+02 |  3 -0.01067 -1.36996e+02
  4 -0.06421  1.84535e+02 |  5 -0.15924  1.97009e+02 |  6 -0.10533 -3.66400e+02
  7 -0.16659  1.35150e+02 |  8 -0.10355  2.48482e+02 |  9 -0.01541  3.04666e+02
 10  0.09385 -2.18715e+02 | 11  0.01057  6.17550e+02 | 12  0.07336 -2.26812e+02
 13  0.07113  2.72997e+02 | 14  0.07925  2.58630e+01 | 15  0.08642  2.16591e+02
 16  0.06933  6.17941e+02 | 17  0.12942  4.08666e+02 | 18  0.15752  2.83919e+02
 19  0.19326  1.80475e+02 | 20  0.11988  4.52106e+02 | 21  0.10790  4.82789e+02
 22  0.10905  4.25125e+02 | 23  0.11348  4.27872e+02 | 24  0.13789  4.73905e+02
 25  0.11249  5.38240e+02 | 26  0.11077  7.06237e+02 | 27  0.11572  7.95574e+02
 28  0.08145  7.54472e+02 | 29  0.10673  6.51327e+02 | 30  0.07635  5.11682e+02
 31  0.03794  4.31877e+02 | 32  0.04117  9.45166e+02 | 33 -0.05769  1.76624e+02
 34 -0.08865  6.19169e+02 | 35 -0.11783  2.36905e+02 | 36 -0.33660  1.99876e+01
 37 -1.01357 -1.25754e-01 |
37 variables; iteration 40; function evaluation 65; phase 1
Function value 1.7145966e+04; maximum gradient component mag 2.2190e+03
Var    Value     Gradient |Var    Value     Gradient |Var    Value     Gradient
  1  0.07247  2.21904e+03 |  2 -0.02402  6.85273e+01 |  3  0.02059 -2.31663e+02
  4 -0.03020  7.77930e+01 |  5 -0.12798  7.70029e+01 |  6 -0.01850  3.39901e+01
  7 -0.11862 -1.54284e+01 |  8 -0.04783  2.23789e+02 |  9  0.00514 -1.12305e+01
 10  0.14671 -2.84582e+01 | 11  0.01246  1.33040e+02 | 12  0.11929 -9.33412e+01
 13  0.10496  3.12804e+02 | 14  0.09152 -1.97720e+01 | 15  0.07384 -5.41097e+01
 16  0.02539  1.50587e+02 | 17  0.09786  1.74299e+02 | 18  0.12143  1.07356e+02
 19  0.14784  4.34551e+01 | 20  0.05806  1.55603e+02 | 21  0.02793 -1.04524e+01
 22  0.02711 -2.50771e+01 | 23  0.04722  1.74892e+02 | 24  0.06108 -1.93116e+02
 25  0.04558  4.20441e+01 | 26  0.05872  2.87134e+02 | 27  0.05860  2.52038e+02
 28  0.01901  9.20219e+01 | 29  0.06218  6.84889e+01 | 30  0.05929  1.44467e+02
 31  0.02696  2.14162e+01 | 32  0.03578  1.80127e+02 | 33 -0.04024 -1.99331e+01
 34 -0.08530  1.23242e+02 | 35 -0.10893 -7.46077e+01 | 36 -0.32339  2.59260e+01
 37 -0.72344 -3.33673e+01 |

 - final statistics:
37 variables; iteration 53; function evaluation 84
Function value 1.7053e+04; maximum gradient component mag -3.2673e+00
Exit code = 1;  converg criter 1.0000e+01
Var    Value     Gradient |Var    Value     Gradient |Var    Value     Gradient
  1  0.07204  2.07219e-01 |  2 -0.02975 -1.51752e+00 |  3  0.03540 -2.28531e+00
  4 -0.03740 -2.53045e+00 |  5 -0.13958 -2.26442e+00 |  6 -0.03307 -1.44981e+00
  7 -0.13119 -1.49065e+00 |  8 -0.09077 -2.22271e+00 |  9 -0.01298 -2.76000e+00
 10  0.12813 -2.09215e+00 | 11 -0.02065 -1.45397e+00 | 12  0.10199 -1.06976e+00
 13  0.06022 -1.03835e+00 | 14  0.06782 -1.24493e+00 | 15  0.04927 -1.96944e+00
 16 -0.01524 -2.09593e+00 | 17  0.05916 -1.74637e+00 | 18  0.08919 -1.79845e+00
 19  0.12353 -1.84493e+00 | 20  0.02790 -2.21931e+00 | 21  0.00949 -1.94785e+00
 22  0.01232 -2.12937e+00 | 23  0.02248 -2.39394e+00 | 24  0.06189 -2.25724e+00
 25  0.03313 -2.12710e+00 | 26  0.02996 -1.39468e+00 | 27  0.03087 -1.52914e+00
 28 -0.00256 -2.11448e+00 | 29  0.04381 -1.37551e+00 | 30  0.04012 -1.91919e+00
 31  0.01482 -1.55201e+00 | 32  0.01794 -1.67232e+00 | 33 -0.05084 -2.07345e+00
 34 -0.10994 -2.69235e+00 | 35 -0.13187 -3.26726e+00 | 36 -0.37700 -1.52750e+00
 37  0.09909 -2.79161e+00 |

Initial statistics: 44 variables; iteration 0; function evaluation 0; phase 2
Function value 1.7052646e+04; maximum gradient component mag 3.3215e+03
Var    Value     Gradient |Var    Value     Gradient |Var    Value     Gradient
  1  0.07204  2.07219e-01 |  2 -0.02969  4.41857e-01 |  3  0.03546 -3.26824e-01
  4 -0.03734 -5.72324e-01 |  5 -0.13952 -3.49875e-01 |  6 -0.03301  5.09057e-01
  7 -0.13113  4.29370e-01 |  8 -0.09071 -2.81106e-01 |  9 -0.01292 -7.98897e-01
 10  0.12818 -1.70231e-01 | 11 -0.02059  5.06513e-01 | 12  0.10205  8.66623e-01
 13  0.06028  9.14386e-01 | 14  0.06788  7.05457e-01 | 15  0.04933 -1.38033e-02
 16 -0.01519 -1.34979e-01 | 17  0.05921  2.06674e-01 | 18  0.08925  1.43842e-01
 19  0.12359  7.97749e-02 | 20  0.02796 -2.59684e-01 | 21  0.00955  1.34475e-02
 22  0.01238 -1.68226e-01 | 23  0.02254 -4.33648e-01 | 24  0.06195 -3.04990e-01
 25  0.03319 -1.68244e-01 | 26  0.03002  5.64659e-01 | 27  0.03093  4.30059e-01
 28 -0.00250 -1.52989e-01 | 29  0.04387  5.81355e-01 | 30  0.04017  3.84330e-02
 31  0.01487  4.08969e-01 | 32  0.01799  2.88414e-01 | 33 -0.05078 -1.18194e-01
 34 -0.10989 -7.60029e-01 | 35 -0.13181 -1.34770e+00 | 36 -0.37693  1.00012e-01
 37  0.09914 -8.53801e-01 | 38  0.21935  1.88122e+03 | 39  0.21935  3.32145e+03
 40  0.21935  2.32169e+03 | 41  0.43912 -1.91445e+02 | 42  0.03033  1.28400e+03
 43  0.07979 -2.91557e+01 | 44  0.24471 -3.07411e+02 |

Intermediate statistics: 44 variables; iteration 20; function evaluation 30; phase 2
Function value 1.6225949e+04; maximum gradient component mag -5.9407e+03
Var    Value     Gradient |Var    Value     Gradient |Var    Value     Gradient
  1  0.03892  4.07593e+01 |  2 -0.02611 -6.79559e+01 |  3  0.03051 -2.06538e+02
  4 -0.03332 -2.82594e+01 |  5 -0.10081  2.40074e+02 |  6 -0.02228  5.26148e+01
  7 -0.10522  1.45841e+02 |  8 -0.07996  6.51528e+01 |  9 -0.03219 -1.28603e+02
 10  0.06949 -4.03316e+02 | 11 -0.07368  6.19727e+01 | 12  0.03947  3.21747e+02
 13 -0.01373 -1.84119e+02 | 14 -0.00054 -1.68940e+02 | 15 -0.01379  1.62794e+02
 16 -0.06641  8.10592e+01 | 17  0.00263  3.89858e+01 | 18  0.05085  2.57170e+02
 19  0.11361  9.17423e+02 | 20 -0.00489 -1.00690e+02 | 21 -0.01728 -9.50349e+01
 22 -0.00382 -2.10069e+01 | 23  0.01445 -2.16866e+01 | 24  0.06611  1.92342e+02
 25  0.04376  2.22559e+02 | 26  0.01190 -3.88096e+02 | 27  0.04457  2.83462e+02
 28 -0.05713 -9.34233e+02 | 29  0.08011  5.89453e+02 | 30  0.12612  1.67205e+03
 31  0.06831  3.60446e+02 | 32 -0.02763 -1.69786e+03 | 33 -0.07318 -1.23600e+03
 34 -0.08906 -5.04975e+02 | 35 -0.05022  3.36249e+01 | 36 -0.26350  6.92245e+01
 37  0.40264  4.23198e+01 | 38  0.25890  5.06228e+03 | 39  0.24814  4.72726e+03
 40  0.16898 -5.94068e+03 | 41  0.81517 -2.43487e+01 | 42 -1.07616 -4.18572e+02
 43 -0.56318 -1.45291e+02 | 44 -0.11300  1.03884e+02 |
44 variables; iteration 40; function evaluation 59; phase 2
Function value 1.6054026e+04; maximum gradient component mag -4.8583e+03
Var    Value     Gradient |Var    Value     Gradient |Var    Value     Gradient
  1  0.03055 -2.08385e+03 |  2 -0.00454  2.09345e+02 |  3  0.02074 -1.76608e+02
  4 -0.05306 -7.94299e+01 |  5 -0.12396  2.07201e+02 |  6 -0.05297  1.16090e+01
  7 -0.15815 -1.16996e+02 |  8 -0.10192 -2.82788e+01 |  9 -0.01362  7.15153e+01
 10  0.08404 -2.43617e+02 | 11 -0.07812 -9.12984e+01 | 12  0.04089  1.05966e+02
 13 -0.00981 -3.54157e+02 | 14 -0.00066 -3.74469e+02 | 15 -0.02862 -1.69124e+02
 16 -0.07476  8.51916e+00 | 17 -0.01112  5.11224e-01 | 18  0.01409  2.58728e+00
 19  0.08321  8.80805e+02 | 20 -0.04824 -3.23436e+02 | 21 -0.06257 -3.64053e+02
 22 -0.03714 -2.26739e+02 | 23 -0.00078 -1.28235e+02 | 24  0.06561  1.29025e+02
 25  0.04415  1.94842e+02 | 26  0.01603 -4.21377e+02 | 27  0.04022  8.40400e+01
 28 -0.06227 -1.02507e+03 | 29  0.08428  6.58004e+02 | 30  0.12287  1.43579e+03
 31  0.06749  2.28554e+02 | 32  0.00331 -1.31477e+03 | 33 -0.04497 -9.17519e+02
 34 -0.04541 -9.44729e+01 | 35 -0.04049 -8.31913e+01 | 36 -0.21827  1.55822e+02
 37  0.60606  3.48262e+01 | 38  0.25996  3.92063e+03 | 39  0.24582  2.49042e+03
 40  0.17984 -4.85830e+03 | 41  0.89357 -2.92273e+01 | 42 -1.04584 -2.86649e+02
 43 -0.50451 -7.38475e+01 | 44 -0.09762 -1.48694e+02 |
44 variables; iteration 60; function evaluation 86; phase 2
Function value 1.5690933e+04; maximum gradient component mag -1.7363e+03
Var    Value     Gradient |Var    Value     Gradient |Var    Value     Gradient
  1  0.02495 -1.73626e+03 |  2 -0.03740 -2.40022e+01 |  3  0.01371  1.68734e+01
  4 -0.06731  6.84391e+01 |  5 -0.17106  1.66246e+01 |  6 -0.07149  4.13845e+01
  7 -0.17114  1.90728e+01 |  8 -0.11573 -6.40384e-01 |  9 -0.02287  2.54116e+01
 10  0.09611 -4.29999e+00 | 11 -0.07186 -2.50976e+01 | 12  0.03596 -2.77046e+01
 13  0.01935  1.74520e+01 | 14  0.02162 -1.29631e+01 | 15 -0.01241 -3.04622e+01
 16 -0.07123 -4.82532e+01 | 17 -0.00449 -2.50208e+01 | 18  0.02612  3.15497e+01
 19  0.05916 -4.51596e+01 | 20 -0.02002  4.95190e+01 | 21 -0.03028  2.70757e+01
 22 -0.01063  5.21487e+01 | 23  0.01348  2.66572e+01 | 24  0.05679 -3.98609e+01
 25  0.03338 -7.72968e+00 | 26  0.03894 -5.84286e+00 | 27  0.03239  2.64295e+01
 28  0.00355  3.22589e+01 | 29  0.03980 -6.94137e-01 | 30  0.04961 -6.96583e+01
 31  0.03461 -8.50906e+01 | 32  0.05336 -1.38278e+02 | 33 -0.00184 -1.31546e+02
 34 -0.04417 -8.52099e+01 | 35 -0.02968  7.86171e+01 | 36 -0.24545  3.50925e+01
 37  0.67849  6.10560e+01 | 38  0.24103  7.07669e+00 | 39  0.23942 -1.42685e+02
 40  0.22266 -1.04193e+01 | 41  1.03521  1.04283e+00 | 42 -1.00424 -2.56718e+01
 43 -0.42660  9.45027e+00 | 44 -0.05771 -4.08082e+01 |
Maximum number of function evaluations exceeded

 - final statistics:
44 variables; iteration 72; function evaluation 100
Function value 1.5666e+04; maximum gradient component mag -2.0799e+01
Exit code = 3;  converg criter 1.0000e+01
Var    Value     Gradient |Var    Value     Gradient |Var    Value     Gradient
  1  0.02353 -2.07992e+01 |  2 -0.03183  1.28839e+00 |  3  0.01590  3.83105e+00
  4 -0.06880  5.98936e-01 |  5 -0.16930 -3.34174e-01 |  6 -0.07069  1.93177e+00
  7 -0.16985 -1.51165e+00 |  8 -0.11059  1.32197e-01 |  9 -0.01915  1.78041e+00
 10  0.10249  1.45326e+00 | 11 -0.06033  1.88925e+00 | 12  0.04558  1.34249e+00
 13  0.02481 -1.49059e+00 | 14  0.02905 -6.27118e-01 | 15 -0.00242 -1.70998e+00
 16 -0.05722  2.59057e-01 | 17  0.00766 -1.64293e-01 | 18  0.03655  1.66330e+00
 19  0.07338  1.45263e+00 | 20 -0.01004  3.62507e-01 | 21 -0.01977 -1.15448e+00
 22 -0.00328  3.17535e-01 | 23  0.02116  6.24836e-01 | 24  0.06753  3.09028e-01
 25  0.04280 -9.36842e-01 | 26  0.04748  1.90818e+00 | 27  0.04091  2.34651e-01
 28  0.01208 -1.89144e+00 | 29  0.05108  1.03048e+00 | 30  0.06277 -1.16026e+00
 31  0.04716  7.36556e-01 | 32  0.06387  7.37610e-01 | 33  0.00826 -1.76003e+00
 34 -0.03410  1.18796e+00 | 35 -0.03008 -1.73569e+00 | 36 -0.24784  1.49715e-01
 37  0.30686  9.43884e-01 | 38  0.23836 -1.53320e+00 | 39  0.23749 -7.28709e+00
 40  0.22050 -2.31597e-01 | 41  0.97662  6.69830e-02 | 42 -1.00026 -1.48261e+00
 43 -0.42659  9.28439e-01 | 44 -0.08177 -1.81890e+00 |

Initial statistics: 52 variables; iteration 0; function evaluation 0; phase 3
Function value 1.5666237e+04; maximum gradient component mag 3.3486e+03
Var    Value     Gradient |Var    Value     Gradient |Var    Value     Gradient
  1  0.02353 -2.07992e+01 |  2 -0.03184  9.60282e-01 |  3  0.01589  3.50263e+00
  4 -0.06881  2.72332e-01 |  5 -0.16931 -6.51143e-01 |  6 -0.07070  1.60527e+00
  7 -0.16986 -1.82854e+00 |  8 -0.11060 -1.91379e-01 |  9 -0.01916  1.45204e+00
 10  0.10248  1.12899e+00 | 11 -0.06034  1.56220e+00 | 12  0.04557  1.01481e+00
 13  0.02480 -1.81886e+00 | 14  0.02904 -9.55298e-01 | 15 -0.00243 -2.03850e+00
 16 -0.05723 -6.81374e-02 | 17  0.00765 -4.92791e-01 | 18  0.03654  1.33532e+00
 19  0.07337  1.12629e+00 | 20 -0.01005  3.40271e-02 | 21 -0.01978 -1.48284e+00
 22 -0.00329 -1.09822e-02 | 23  0.02115  2.96496e-01 | 24  0.06752 -1.76463e-02
 25  0.04279 -1.26462e+00 | 26  0.04747  1.58058e+00 | 27  0.04090 -9.31923e-02
 28  0.01207 -2.21990e+00 | 29  0.05107  7.03017e-01 | 30  0.06276 -1.48719e+00
 31  0.04715  4.08937e-01 | 32  0.06386  4.10741e-01 | 33  0.00825 -2.08853e+00
 34 -0.03411  8.59906e-01 | 35 -0.03009 -2.06384e+00 | 36 -0.24785 -1.54222e-01
 37  0.30685  6.52798e-01 | 38  0.23836 -1.53320e+00 | 39  0.23749 -7.28709e+00
 40  0.22050 -2.31597e-01 | 41  0.97662  6.69830e-02 | 42 -0.99974  1.48261e+00
 43  0.24471 -5.18766e+02 | 44  0.15305  5.63975e+02 | 45  0.29320 -3.53696e+02
 46  0.19688  3.92687e+02 | 47  0.00000 -6.31034e+02 | 48  0.08327  2.43690e+02
 49 -0.42659  9.28439e-01 | 50 -0.08177 -1.81890e+00 | 51  0.03033  3.73343e+02
 52  0.09126  3.34863e+03 |

Intermediate statistics: 52 variables; iteration 20; function evaluation 42; phase 3
Function value 1.3015078e+04; maximum gradient component mag -2.7053e+04
Var    Value     Gradient |Var    Value     Gradient |Var    Value     Gradient
  1 -0.00137 -2.70527e+04 |  2 -0.06559 -1.85853e+03 |  3 -0.16667 -2.46930e+03
  4 -0.03182 -2.83060e+03 |  5 -0.23214 -1.25522e+02 |  6 -0.13563 -1.53113e+03
  7 -0.19834  6.83276e+02 |  8 -0.12494  1.00006e+02 |  9 -0.06004 -4.88175e+02
 10  0.10868 -1.34584e+03 | 11  0.03106  7.45017e+02 | 12  0.13377  2.06438e+03
 13  0.10109  1.43036e+03 | 14  0.08609  1.19235e+03 | 15  0.01468  2.23605e+02
 16 -0.07788  1.00783e+02 | 17 -0.00578  9.04485e+01 | 18  0.11299  8.88184e+02
 19  0.21416  2.82533e+03 | 20 -0.00211 -2.90065e+02 | 21 -0.02008 -1.78120e+02
 22  0.07139  7.24571e+02 | 23  0.02593  4.80119e+02 | 24  0.00838  2.46317e+02
 25  0.03557  1.23350e+02 | 26  0.04573  4.08915e+02 | 27  0.06755  1.64743e+03
 28  0.00801  5.27174e+02 | 29  0.05962  8.44058e+02 | 30  0.05440  5.98983e+02
 31  0.06085  2.47379e+02 | 32  0.12684  1.26501e+02 | 33 -0.00716 -1.67093e+03
 34 -0.19637 -1.31857e+03 | 35 -0.11624 -2.23449e+03 | 36  0.00047  4.26218e+02
 37  0.08857  3.19073e+02 | 38  0.28042 -1.87569e+02 | 39  0.25777 -4.03952e+03
 40  0.27695  5.62383e+01 | 41  0.55702 -4.66591e+03 | 42 -1.14625  5.88568e+02
 43  1.25717 -2.19148e+02 | 44 -0.26131  7.34208e+02 | 45  0.65307  1.92421e+03
 46 -0.22434 -2.39289e+03 | 47  1.42344 -6.15696e+02 | 48 -0.21356 -1.16930e+02
 49 -0.57560 -1.95311e+03 | 50 -0.53699 -4.93914e+03 | 51 -0.37672 -2.70347e+03
 52 -0.48726  4.85088e+02 |
52 variables; iteration 40; function evaluation 79; phase 3
Function value 1.2669809e+04; maximum gradient component mag -1.0462e+04
Var    Value     Gradient |Var    Value     Gradient |Var    Value     Gradient
  1 -0.01339 -1.04617e+04 |  2 -0.03209 -1.11267e+03 |  3  0.06953 -2.24626e+03
  4 -0.01276 -3.14026e+02 |  5 -0.35873 -4.53510e+02 |  6 -0.09277 -1.23080e+03
  7 -0.19519  2.65819e+02 |  8 -0.07258  6.35495e+01 |  9 -0.05235 -7.20639e+02
 10  0.12922 -1.91792e+03 | 11  0.11223  1.14813e+03 | 12  0.16149  1.75024e+03
 13  0.12613  1.25344e+03 | 14  0.09947  7.54575e+02 | 15  0.02242 -3.88301e+02
 16 -0.07438 -3.33316e+02 | 17 -0.05583 -8.02693e+02 | 18  0.08637  3.03081e+02
 19  0.18468  2.19569e+03 | 20 -0.02443 -5.71292e+02 | 21 -0.03468 -2.77413e+02
 22  0.12048  1.33201e+03 | 23  0.06035  3.83403e+02 | 24 -0.01918 -6.09001e+02
 25  0.06249  3.70278e+01 | 26  0.07183  3.11428e+02 | 27  0.07848  1.14355e+03
 28  0.03478  5.41689e+02 | 29  0.06408  3.26158e+02 | 30  0.07220  4.87077e+02
 31  0.08676  5.02345e+02 | 32  0.18260  2.16881e+03 | 33  0.06914 -6.77519e+02
 34 -0.43791 -7.33111e+02 | 35 -0.06629 -2.38042e+03 | 36  0.07314  8.75971e+02
 37 -0.50191  2.29404e+01 | 38  0.28639  4.06370e+02 | 39  0.26341 -5.48558e+02
 40  0.28554  2.88066e+03 | 41  0.54917 -3.68889e+03 | 42 -1.13158  1.55079e+03
 43  1.35284  6.12222e+01 | 44 -0.26040  1.67000e+03 | 45  0.46062  1.78476e+03
 46 -0.29587  2.57957e+02 | 47  1.60877 -3.09925e+02 | 48 -0.26070  1.41801e+03
 49 -0.68369 -1.63117e+03 | 50 -0.52999 -3.24893e+03 | 51 -0.40817 -3.73887e+03
 52 -0.49323 -2.06633e+03 |
Maximum number of function evaluations exceeded

 - final statistics:
52 variables; iteration 53; function evaluation 100
Function value 1.1685e+04; maximum gradient component mag -6.4428e+03
Exit code = 3;  converg criter 1.0000e+00
Var    Value     Gradient |Var    Value     Gradient |Var    Value     Gradient
  1 -0.01788  2.13075e+03 |  2  0.04565  2.92243e+02 |  3  0.07030 -1.95317e+02
  4 -0.02758  1.18906e+02 |  5 -0.27921 -4.90620e+02 |  6 -0.12911 -7.40942e+02
  7 -0.29799 -1.72838e+02 |  8 -0.16948 -1.81561e+02 |  9  0.05038  2.85728e+02
 10  0.14359 -3.10571e+02 | 11 -0.00271  1.01278e+02 | 12  0.04774 -1.53694e+02
 13  0.05519 -5.57430e+02 | 14  0.12422  6.55080e+02 | 15  0.04045 -5.98756e+02
 16 -0.05621 -5.57577e+02 | 17  0.02429 -1.23437e+02 | 18  0.07791  8.68615e+01
 19  0.15491  1.22241e+03 | 20  0.03660  2.03875e+02 | 21 -0.05136 -4.94698e+02
 22  0.13369  1.60450e+03 | 23  0.06409  4.45837e+02 | 24 -0.04929 -9.86836e+02
 25  0.05662 -2.56420e+01 | 26  0.11651  1.96058e+03 | 27  0.05782  2.42546e+02
 28  0.04348  4.55863e+02 | 29  0.06561  1.14693e+02 | 30  0.01953 -5.41772e+02
 31  0.06915  3.28188e+02 | 32  0.15452  1.54664e+03 | 33  0.08599  2.87065e+02
 34 -0.20108 -1.14894e+03 | 35  0.03246 -8.93810e+02 | 36  0.09217  4.95671e+02
 37 -0.66793 -3.58215e+01 | 38  0.25452 -6.44282e+03 | 39  0.27641  7.94456e+02
 40  0.29956  3.33175e+03 | 41  0.58733 -1.89551e+03 | 42 -1.19105  5.66777e+02
 43  1.27301 -3.53659e+02 | 44 -0.26898  1.02659e+03 | 45  0.44463  5.80303e+02
 46 -0.29924  1.49193e+03 | 47  1.56530 -6.56051e+02 | 48 -0.27526  3.20370e+02
 49 -0.55402  5.76592e+02 | 50 -0.51556 -3.76596e+03 | 51 -0.39651 -4.98791e+03
 52 -0.47782  3.08893e+03 |

Initial statistics: 53 variables; iteration 0; function evaluation 0; phase 4
Function value 1.1683100e+04; maximum gradient component mag -6.4428e+03
Var    Value     Gradient |Var    Value     Gradient |Var    Value     Gradient
  1  0.12819 -1.77011e+03 |  2 -0.01788  2.13075e+03 |  3  0.04386  2.31071e+02
  4  0.06850 -2.56399e+02 |  5 -0.02937  5.75805e+01 |  6 -0.28119 -5.45388e+02
  7 -0.13094 -8.00584e+02 |  8 -0.29999 -2.27249e+02 |  9 -0.17133 -2.40583e+02
 10  0.04858  2.24594e+02 | 11  0.14175 -3.70636e+02 | 12 -0.00450  3.99021e+01
 13  0.04595 -2.14942e+02 | 14  0.05339 -6.18725e+02 | 15  0.12239  5.95204e+02
 16  0.03865 -6.60124e+02 | 17 -0.05801 -6.18557e+02 | 18  0.02249 -1.84787e+02
 19  0.07610  2.59534e+01 | 20  0.15307  1.16367e+03 | 21  0.03481  1.42623e+02
 22 -0.05316 -5.55745e+02 | 23  0.13186  1.54541e+03 | 24  0.06229  3.84880e+02
 25 -0.05109 -1.04779e+03 | 26  0.05482 -8.67970e+01 | 27  0.11469  1.90123e+03
 28  0.05602  1.81469e+02 | 29  0.04168  3.94704e+02 | 30  0.06381  5.36580e+01
 31  0.01774 -6.03169e+02 | 32  0.06735  2.67255e+02 | 33  0.15268  1.48812e+03
 34  0.08418  2.26334e+02 | 35 -0.20297 -1.20611e+03 | 36  0.03067 -9.55240e+02
 37  0.09036  4.35116e+02 | 38 -0.67154 -6.57472e+01 | 39  0.25452 -6.44282e+03
 40  0.27641  7.94456e+02 | 41  0.29956  3.33175e+03 | 42  0.58733 -1.89551e+03
 43 -0.80895 -5.66777e+02 | 44  0.72699  3.53659e+02 | 45 -0.26898  1.02659e+03
 46  0.44463  5.80303e+02 | 47 -0.29924  1.49193e+03 | 48  0.43470  6.56051e+02
 49 -0.27526  3.20370e+02 | 50 -0.55402  5.76592e+02 | 51 -0.51556 -3.76596e+03
 52 -0.39651 -4.98791e+03 | 53 -0.47782  3.08893e+03 |

Intermediate statistics: 53 variables; iteration 20; function evaluation 25; phase 4
Function value 1.0144971e+04; maximum gradient component mag 6.1065e+03
Var    Value     Gradient |Var    Value     Gradient |Var    Value     Gradient
  1  0.26510  1.81116e+03 |  2 -0.03020  6.10646e+03 |  3 -0.00340 -2.19222e+02
  4  0.04303 -3.67189e+02 |  5 -0.00636  6.68288e+01 |  6 -0.13052  1.34459e+02
  7  0.00668  4.07572e+02 |  8 -0.09877  1.66567e+02 |  9 -0.04944 -8.79145e+01
 10  0.02759  5.06078e+01 | 11  0.11606 -3.97754e+02 | 12  0.00307  6.94074e+01
 13 -0.02979 -6.52535e+02 | 14  0.05070 -6.78927e+02 | 15  0.11322  4.77749e+02
 16 -0.02182 -1.84709e+02 | 17  0.01691  5.56803e+01 | 18 -0.03923 -6.09248e+02
 19 -0.01892 -9.93971e+02 | 20  0.07074 -1.51068e+03 | 21 -0.05776 -9.40003e+02
 22 -0.09159 -9.80718e+01 | 23 -0.01141 -1.02876e+02 | 24  0.04838 -3.61682e+02
 25  0.02693  2.27843e+02 | 26  0.01431  2.54629e+02 | 27  0.09343  8.07041e+02
 28  0.03793  1.27098e+03 | 29  0.06740  1.73100e+03 | 30 -0.01449 -7.95115e+02
 31  0.04246  2.97328e+01 | 32 -0.01763 -6.75065e+02 | 33  0.11462  5.08568e+02
 34  0.06420  6.97488e+02 | 35  0.04556  1.67595e+03 | 36  0.05345  3.04901e+02
 37  0.05673 -1.38135e+02 | 38 -0.61166 -9.75950e+01 | 39  0.30841  1.43388e+02
 40  0.27116 -2.59002e+03 | 41  0.30445  4.77328e+03 | 42  0.60300 -2.13123e+03
 43 -0.82139  1.15593e+03 | 44  0.51900  1.87462e+02 | 45 -0.43026 -1.12275e+03
 46  0.38713 -6.00008e+02 | 47 -0.34587 -3.70634e+01 | 48  0.21367 -2.36946e+03
 49 -0.46101  1.88203e+01 | 50 -0.34045  9.57613e+02 | 51 -0.48070 -4.67629e+03
 52 -0.20202 -1.74177e+03 | 53 -0.45202  4.55610e+03 |
53 variables; iteration 40; function evaluation 49; phase 4
Function value 1.0118818e+04; maximum gradient component mag -8.8670e+03
Var    Value     Gradient |Var    Value     Gradient |Var    Value     Gradient
  1  0.27667  4.33983e+02 |  2 -0.02857 -8.86701e+03 |  3 -0.00981 -1.28139e+01
  4  0.03481 -1.83301e+02 |  5 -0.01102  2.77874e+02 |  6 -0.13714  3.48240e+02
  7 -0.00785  5.13032e+02 |  8 -0.11687  3.40039e+02 |  9 -0.06020  6.83733e+01
 10  0.00862  8.79190e+00 | 11  0.10657 -6.91662e+02 | 12  0.00605  2.20551e+02
 13 -0.04157 -5.14562e+02 | 14  0.04634 -6.03722e+02 | 15  0.10401  3.64427e+02
 16 -0.03460 -1.53890e+01 | 17  0.01636  4.98688e+02 | 18 -0.06147 -5.65481e+02
 19 -0.02218 -8.96385e+02 | 20  0.05690 -2.05327e+03 | 21 -0.05903 -1.02668e+03
 22 -0.09892 -4.90395e+01 | 23 -0.02137  1.07107e+01 | 24  0.04240 -4.11405e+02
 25  0.01642  1.55965e+01 | 26  0.00455  2.55106e+02 | 27  0.08658  1.66366e+02
 28  0.03016  1.21250e+03 | 29  0.05758  1.44001e+03 | 30 -0.02248 -6.29237e+02
 31  0.03922  1.03074e+02 | 32 -0.02616 -5.60798e+02 | 33  0.10689  3.55154e+02
 34  0.06151  6.41850e+02 | 35  0.02798  1.08508e+03 | 36  0.04958  1.82689e+02
 37  0.05305  1.05302e+02 | 38 -0.22690  9.01985e+01 | 39  0.30477  2.52044e+02
 40  0.27100 -3.10359e+03 | 41  0.30088  4.26672e+03 | 42  0.56385 -2.48961e+03
 43 -0.80807  1.37066e+03 | 44  0.46710 -1.59418e+02 | 45 -0.43937 -8.10211e+02
 46  0.39037 -7.15277e+02 | 47 -0.33698  1.87250e+02 | 48  0.21315 -2.79066e+03
 49 -0.46155  5.84097e+01 | 50 -0.32693  9.46099e+02 | 51 -0.45249 -5.16040e+03
 52 -0.20968 -1.73617e+03 | 53 -0.45431  4.87667e+03 |
53 variables; iteration 60; function evaluation 81; phase 4
Function value 9.6020884e+03; maximum gradient component mag 4.2939e+02
Var    Value     Gradient |Var    Value     Gradient |Var    Value     Gradient
  1  0.27990  1.50191e+02 |  2 -0.02520  4.29395e+02 |  3 -0.00177 -6.93508e+01
  4  0.05999 -2.07165e+01 |  5 -0.02025 -4.04688e+01 |  6 -0.17964 -2.01026e+01
  7 -0.04652 -3.74625e+01 |  8 -0.18630 -1.11925e+01 |  9 -0.08202 -1.41474e+01
 10  0.01072  2.09417e+01 | 11  0.12659  1.68872e+02 | 12 -0.00522  5.94396e+01
 13 -0.00881 -1.51014e+01 | 14  0.04642 -3.40203e+01 | 15  0.08259  3.17026e+01
 16 -0.03748 -1.12635e+02 | 17 -0.01145 -1.50302e+02 | 18 -0.03464  1.80027e+01
 19 -0.00286  2.55405e+01 | 20  0.05501  6.63086e+01 | 21 -0.05602 -4.99516e+01
 22 -0.12768  1.07252e+01 | 23 -0.03499  1.04112e+01 | 24  0.04104 -1.49275e+01
 25 -0.00645 -6.35130e+01 | 26 -0.00578 -6.01043e+01 | 27  0.07290 -1.60544e+02
 28 -0.00163 -7.75163e+01 | 29  0.03886  4.54443e+01 | 30 -0.00702 -4.82781e+01
 31  0.01834  9.41090e+01 | 32 -0.00588  3.59329e+01 | 33  0.09209  9.80763e+01
 34  0.04122 -3.20015e+00 | 35 -0.00979 -8.48711e+00 | 36  0.03640  1.95282e+01
 37  0.05380 -5.51768e+01 | 38  0.08119 -1.20280e+01 | 39  0.31460 -3.23026e+01
 40  0.28883 -4.47164e+01 | 41  0.27092  1.03616e+02 | 42  0.57485  1.34906e+02
 43 -0.80879 -1.80389e+02 | 44  0.57683 -1.81551e+01 | 45 -0.39205  3.07177e+01
 46  0.45032  7.77006e+01 | 47 -0.31029 -8.72356e+00 | 48  0.24738  1.80628e+02
 49 -0.44259 -4.58615e+01 | 50 -0.31314  4.33791e+01 | 51 -0.44001  2.06212e+02
 52 -0.03000 -1.31999e+02 | 53 -0.46452 -3.55950e+02 |
53 variables; iteration 80; function evaluation 101; phase 4
Function value 9.5944946e+03; maximum gradient component mag -2.9633e+01
Var    Value     Gradient |Var    Value     Gradient |Var    Value     Gradient
  1  0.28317 -2.86927e+00 |  2 -0.02459 -2.96326e+01 |  3  0.00470  2.27413e-01
  4  0.06277  2.31755e-01 |  5 -0.01375  3.78729e-01 |  6 -0.17382  3.34246e-01
  7 -0.03697  6.19303e-01 |  8 -0.17735  1.37501e-01 |  9 -0.07463  4.61777e-01
 10  0.01291  2.90354e-01 | 11  0.12467 -2.54127e-01 | 12 -0.00719  4.18579e-01
 13 -0.00912  8.29711e-01 | 14  0.04517  1.32134e+00 | 15  0.08037 -8.16048e-01
 16 -0.03472 -3.24415e-01 | 17 -0.00796 -1.41090e+00 | 18 -0.03853 -1.75697e-02
 19 -0.00624  7.52462e-02 | 20  0.05207 -1.27013e+00 | 21 -0.05437 -9.21262e-01
 22 -0.13069 -1.04082e+00 | 23 -0.03838 -2.02686e-01 | 24  0.03847 -1.21463e+00
 25 -0.00516 -8.76500e-01 | 26 -0.00613 -1.58123e+00 | 27  0.07408 -1.58168e+00
 28 -0.00257 -1.21822e-01 | 29  0.03655 -3.06095e-01 | 30 -0.00664 -6.60445e-01
 31  0.01546 -2.55400e-01 | 32 -0.00840  2.15311e-01 | 33  0.08918  1.12843e+00
 34  0.04103  1.61127e+00 | 35 -0.01076  3.13197e+00 | 36  0.03384  2.13055e+00
 37  0.05441 -1.91976e-01 | 38  0.07400  2.96343e-01 | 39  0.31486 -1.56149e-01
 40  0.28825  2.03309e+00 | 41  0.26969 -6.99651e-01 | 42  0.57694  2.09417e-01
 43 -0.82107 -2.67225e-01 | 44  0.58066 -4.11556e-01 | 45 -0.39096  4.74884e-01
 46  0.44485 -1.44203e+00 | 47 -0.31156 -6.80507e-01 | 48  0.24604  1.65283e+00
 49 -0.44321  7.54513e-01 | 50 -0.25339  2.72766e-01 | 51 -0.44014  1.41568e-01
 52  0.08288  5.43429e-02 | 53 -0.45783 -7.38986e-01 |
53 variables; iteration 100; function evaluation 121; phase 4
Function value 9.5944937e+03; maximum gradient component mag -3.2050e+00
Var    Value     Gradient |Var    Value     Gradient |Var    Value     Gradient
  1  0.28315 -2.84806e-01 |  2 -0.02457 -3.20496e+00 |  3  0.00469  5.56240e-02
  4  0.06276  4.01443e-02 |  5 -0.01378  2.62978e-02 |  6 -0.17383  3.54058e-02
  7 -0.03701  1.89287e-02 |  8 -0.17736  4.59460e-02 |  9 -0.07468  4.27842e-02
 10  0.01289  3.88160e-02 | 11  0.12466  1.56233e-04 | 12 -0.00723 -9.28337e-05
 13 -0.00918 -8.02740e-02 | 14  0.04508 -1.89067e-01 | 15  0.08036 -3.06946e-01
 16 -0.03473 -1.58643e-01 | 17 -0.00798 -1.81317e-01 | 18 -0.03853 -1.40710e-02
 19 -0.00625  3.26588e-02 | 20  0.05205 -2.04011e-01 | 21 -0.05438 -1.35511e-01
 22 -0.13065 -1.69215e-01 | 23 -0.03838  4.23626e-02 | 24  0.03846  4.59972e-02
 25 -0.00518  7.70632e-02 | 26 -0.00603  1.04592e-01 | 27  0.07407  2.34845e-01
 28 -0.00261  6.96476e-02 | 29  0.03654  5.41456e-02 | 30 -0.00662  6.37373e-02
 31  0.01545  7.24220e-02 | 32 -0.00840  3.11340e-02 | 33  0.08916  2.09510e-02
 34  0.04100  1.32843e-02 | 35 -0.01091  1.68174e-02 | 36  0.03371 -7.15791e-02
 37  0.05439  1.87659e-02 | 38  0.07475  4.23476e-02 | 39  0.31486 -7.23633e-04
 40  0.28825 -3.74715e-02 | 41  0.26969 -9.92242e-03 | 42  0.57556 -8.74088e-02
 43 -0.82038  6.58726e-02 | 44  0.58077  3.71764e-02 | 45 -0.39093 -9.21270e-02
 46  0.44496 -2.92883e-02 | 47 -0.31148 -2.33056e-02 | 48  0.24600 -1.85633e-02
 49 -0.44324 -2.28961e-03 | 50 -0.25319 -2.22146e-02 | 51 -0.43939 -1.50898e-01
 52  0.08231  1.12738e-02 | 53 -0.45808  1.96226e-01 |
53 variables; iteration 120; function evaluation 143; phase 4
Function value 9.5944934e+03; maximum gradient component mag -6.3871e+00
Var    Value     Gradient |Var    Value     Gradient |Var    Value     Gradient
  1  0.28315 -6.58850e-01 |  2 -0.02457 -6.38712e+00 |  3  0.00469  8.98076e-02
  4  0.06276  6.72904e-02 |  5 -0.01377  1.02470e-01 |  6 -0.17383  9.67913e-02
  7 -0.03700  1.38356e-01 |  8 -0.17736  6.59479e-02 |  9 -0.07468  8.88856e-02
 10  0.01289  5.44067e-02 | 11  0.12466 -5.65785e-02 | 12 -0.00723  3.61581e-02
 13 -0.00917  3.54007e-02 | 14  0.04509 -1.38976e-02 | 15  0.08037 -2.70189e-01
 16 -0.03473 -1.01209e-01 | 17 -0.00798 -2.74027e-01 | 18 -0.03853 -1.92551e-02
 19 -0.00625 -1.66672e-02 | 20  0.05205 -1.98536e-01 | 21 -0.05438 -9.48817e-02
 22 -0.13064 -9.57112e-02 | 23 -0.03838  2.10599e-03 | 24  0.03846 -2.35908e-02
 25 -0.00518  2.73028e-02 | 26 -0.00603  1.26278e-01 | 27  0.07407  1.87456e-01
 28 -0.00261  3.22513e-02 | 29  0.03654 -1.33496e-03 | 30 -0.00662  1.56111e-02
 31  0.01545 -6.71402e-02 | 32 -0.00840 -7.49734e-03 | 33  0.08916 -8.60776e-02
 34  0.04100 -3.24623e-02 | 35 -0.01091  2.81717e-02 | 36  0.03372  3.55181e-02
 37  0.05439  1.06884e-01 | 38  0.07470  8.66973e-02 | 39  0.31486 -1.50667e-01
 40  0.28824 -1.46128e-01 | 41  0.26969 -6.35160e-02 | 42  0.54421 -1.05844e+00
 43 -0.80389  7.88034e-01 | 44  0.58077  2.34082e-02 | 45 -0.39093 -7.16499e-03
 46  0.44496 -2.06629e-02 | 47 -0.31148  1.93896e-02 | 48  0.24600 -7.70187e-03
 49 -0.44324  3.07432e-02 | 50 -0.23836 -4.68373e-02 | 51 -0.42177 -1.81954e+00
 52  0.07749  3.37439e-02 | 53 -0.46449  1.93380e+00 |
53 variables; iteration 140; function evaluation 167; phase 4
Function value 9.5944930e+03; maximum gradient component mag 8.5637e-01
Var    Value     Gradient |Var    Value     Gradient |Var    Value     Gradient
  1  0.28315  1.02198e-01 |  2 -0.02457  5.08001e-01 |  3  0.00469 -7.95021e-03
  4  0.06275  1.05730e-03 |  5 -0.01378 -4.64358e-02 |  6 -0.17384 -2.94473e-02
  7 -0.03702 -1.03385e-01 |  8 -0.17736  2.11526e-02 |  9 -0.07469 -1.43494e-02
 10  0.01289  1.43381e-02 | 11  0.12466  5.53046e-02 | 12 -0.00723 -9.27602e-03
 13 -0.00917 -6.45707e-02 | 14  0.04509 -1.04022e-01 | 15  0.08037  1.37542e-01
 16 -0.03472  8.93204e-02 | 17 -0.00798  1.80610e-01 | 18 -0.03853  3.90511e-02
 19 -0.00625  3.60378e-02 | 20  0.05205  1.46475e-02 | 21 -0.05438  9.35187e-03
 22 -0.13063  3.66268e-02 | 23 -0.03838 -4.38412e-02 | 24  0.03846 -8.30721e-02
 25 -0.00518 -5.92704e-02 | 26 -0.00604 -5.40686e-02 | 27  0.07406 -2.18661e-01
 28 -0.00261 -1.79887e-02 | 29  0.03654 -6.14503e-02 | 30 -0.00662 -4.28766e-02
 31  0.01545  2.39936e-02 | 32 -0.00840  1.09426e-03 | 33  0.08916  8.02652e-03
 34  0.04100  9.07034e-03 | 35 -0.01091  4.16209e-02 | 36  0.03372  1.37648e-02
 37  0.05438 -5.10792e-03 | 38  0.07475 -4.28446e-03 | 39  0.31486  1.02078e-01
 40  0.28824  5.51069e-02 | 41  0.26969  1.30348e-02 | 42  0.51120 -4.10128e-01
 43 -0.78656  3.69697e-01 | 44  0.58075 -1.18044e-02 | 45 -0.39093 -2.31112e-02
 46  0.44496  9.58112e-03 | 47 -0.31148 -2.54198e-02 | 48  0.24600 -8.11204e-02
 49 -0.44324 -1.01360e-02 | 50 -0.22194  2.48389e-02 | 51 -0.40256 -7.22929e-01
 52  0.07198 -1.34164e-02 | 53 -0.47188  8.56368e-01 |
53 variables; iteration 160; function evaluation 192; phase 4
Function value 9.5944927e+03; maximum gradient component mag -2.3410e+00
Var    Value     Gradient |Var    Value     Gradient |Var    Value     Gradient
  1  0.28315 -2.26081e-01 |  2 -0.02457 -2.34104e+00 |  3  0.00469  3.57035e-02
  4  0.06276  3.70117e-02 |  5 -0.01378  2.94390e-02 |  6 -0.17384  2.97564e-02
  7 -0.03701  1.51076e-02 |  8 -0.17736  4.08340e-02 |  9 -0.07468  2.73038e-02
 10  0.01289  3.42099e-02 | 11  0.12466  1.90932e-02 | 12 -0.00723  1.18810e-02
 13 -0.00917 -1.48274e-02 | 14  0.04509 -5.47408e-02 | 15  0.08037 -1.32366e-02
 16 -0.03472  2.26606e-02 | 17 -0.00798  2.55433e-03 | 18 -0.03853  1.30900e-02
 19 -0.00625  1.13589e-02 | 20  0.05205 -4.47303e-02 | 21 -0.05438 -4.83035e-03
 22 -0.13063  1.69786e-02 | 23 -0.03838 -4.09575e-02 | 24  0.03846 -8.74063e-02
 25 -0.00518 -5.66650e-02 | 26 -0.00603 -4.63945e-03 | 27  0.07406 -1.09199e-01
 28 -0.00261 -1.97994e-02 | 29  0.03654 -5.36450e-02 | 30 -0.00662 -3.01799e-02
 31  0.01545 -3.17347e-02 | 32 -0.00840 -8.93053e-03 | 33  0.08916 -4.81911e-02
 34  0.04100 -1.27947e-02 | 35 -0.01091  4.42831e-02 | 36  0.03372  4.77497e-02
 37  0.05439  5.06087e-02 | 38  0.07473  3.45885e-02 | 39  0.31486  7.68208e-03
 40  0.28824 -4.36527e-03 | 41  0.26969 -2.12886e-02 | 42  0.47157 -9.44198e-01
 43 -0.76620  7.99406e-01 | 44  0.58075 -7.95086e-04 | 45 -0.39093 -9.82093e-03
 46  0.44496 -8.35853e-03 | 47 -0.31148  1.06159e-03 | 48  0.24600 -6.41328e-02
 49 -0.44324  1.08418e-02 | 50 -0.20130 -5.97409e-03 | 51 -0.37867 -1.54389e+00
 52  0.06493  4.46517e-03 | 53 -0.48143  1.63014e+00 |
53 variables; iteration 180; function evaluation 216; phase 4
Function value 9.5944924e+03; maximum gradient component mag -4.6431e+00
Var    Value     Gradient |Var    Value     Gradient |Var    Value     Gradient
  1  0.28315 -4.49215e-01 |  2 -0.02457 -4.64307e+00 |  3  0.00469  4.37390e-02
  4  0.06276  1.67477e-02 |  5 -0.01378  2.59584e-02 |  6 -0.17384  5.39189e-02
  7 -0.03701  2.22949e-02 |  8 -0.17737  6.43718e-02 |  9 -0.07468  6.10682e-02
 10  0.01289  3.58257e-02 | 11  0.12466 -6.51050e-03 | 12 -0.00722  4.69768e-02
 13 -0.00917  5.68804e-02 | 14  0.04510  4.72041e-02 | 15  0.08037 -8.23354e-02
 16 -0.03472 -4.48743e-03 | 17 -0.00798 -5.58396e-02 | 18 -0.03853  2.65559e-02
 19 -0.00625 -5.76867e-04 | 20  0.05205 -1.63673e-01 | 21 -0.05437 -8.79521e-02
 22 -0.13063 -5.83064e-02 | 23 -0.03838 -4.85788e-03 | 24  0.03847 -5.54329e-02
 25 -0.00517  3.26047e-03 | 26 -0.00603  7.04517e-02 | 27  0.07407  3.22332e-02
 28 -0.00261  4.00529e-03 | 29  0.03655 -1.19542e-02 | 30 -0.00662 -1.28645e-02
 31  0.01545 -3.66082e-02 | 32 -0.00840 -2.62581e-03 | 33  0.08916 -5.59265e-02
 34  0.04100 -4.58652e-02 | 35 -0.01091 -7.30498e-03 | 36  0.03372  1.77425e-02
 37  0.05439  9.49105e-02 | 38  0.07467  5.89684e-02 | 39  0.31486 -8.06942e-02
 40  0.28824 -1.04157e-01 | 41  0.26969 -4.02922e-02 | 42  0.43402 -1.16439e+00
 43 -0.74799  9.17550e-01 | 44  0.58076  8.53049e-04 | 45 -0.39093  3.53444e-02
 46  0.44497  4.02806e-03 | 47 -0.31147  1.93466e-02 | 48  0.24600 -2.54223e-02
 49 -0.44324  3.73309e-02 | 50 -0.18083 -2.32883e-02 | 51 -0.35535 -1.83640e+00
 52  0.05813  2.82235e-02 | 53 -0.49082  1.69751e+00 |
53 variables; iteration 200; function evaluation 243; phase 4
Function value 9.5944922e+03; maximum gradient component mag -4.3218e+00
Var    Value     Gradient |Var    Value     Gradient |Var    Value     Gradient
  1  0.28315 -4.17310e-01 |  2 -0.02457 -4.32183e+00 |  3  0.00469  4.80848e-02
  4  0.06276  2.89007e-02 |  5 -0.01378  4.01517e-02 |  6 -0.17384  5.70005e-02
  7 -0.03701  4.13802e-02 |  8 -0.17736  6.09435e-02 |  9 -0.07468  5.67069e-02
 10  0.01289  3.92972e-02 | 11  0.12466 -1.50520e-03 | 12 -0.00723  3.85242e-02
 13 -0.00917  3.74339e-02 | 14  0.04509  1.52860e-02 | 15  0.08037 -8.61386e-02
 16 -0.03472 -4.33818e-03 | 17 -0.00798 -6.19486e-02 | 18 -0.03853  1.77787e-02
 19 -0.00625  4.69466e-04 | 20  0.05205 -1.30336e-01 | 21 -0.05437 -5.92609e-02
 22 -0.13063 -3.26386e-02 | 23 -0.03838 -1.81069e-02 | 24  0.03846 -6.91745e-02
 25 -0.00518 -1.72082e-02 | 26 -0.00603  5.10616e-02 | 27  0.07407  2.75368e-03
 28 -0.00261 -1.55619e-03 | 29  0.03654 -3.20253e-02 | 30 -0.00662 -1.98229e-02
 31  0.01545 -4.49634e-02 | 32 -0.00840 -6.99080e-03 | 33  0.08916 -6.44235e-02
 34  0.04100 -3.92080e-02 | 35 -0.01091  1.64706e-02 | 36  0.03372  3.60334e-02
 37  0.05439  8.82798e-02 | 38  0.07469  5.73112e-02 | 39  0.31486 -6.86572e-02
 40  0.28824 -8.55078e-02 | 41  0.26969 -4.27452e-02 | 42  0.39353 -1.26440e+00
 43 -0.73001  1.01260e+00 | 44  0.58076  6.90519e-03 | 45 -0.39093  1.84281e-02
 46  0.44496 -3.21508e-03 | 47 -0.31147  1.81052e-02 | 48  0.24600 -4.04182e-02
 49 -0.44324  3.36307e-02 | 50 -0.15787 -2.35561e-02 | 51 -0.32955 -1.94593e+00
 52  0.05093  2.22219e-02 | 53 -0.50089  1.73080e+00 |
53 variables; iteration 220; function evaluation 269; phase 4
Function value 9.5944919e+03; maximum gradient component mag -1.9722e+00
Var    Value     Gradient |Var    Value     Gradient |Var    Value     Gradient
  1  0.28315 -1.91201e-01 |  2 -0.02457 -1.97217e+00 |  3  0.00469  2.37283e-02
  4  0.06276  1.63430e-02 |  5 -0.01377  2.16092e-02 |  6 -0.17383  2.75187e-02
  7 -0.03701  2.31639e-02 |  8 -0.17736  2.85108e-02 |  9 -0.07468  2.56088e-02
 10  0.01289  1.95829e-02 | 11  0.12466  2.09326e-03 | 12 -0.00723  1.71975e-02
 13 -0.00917  1.57895e-02 | 14  0.04509  3.73028e-03 | 15  0.08037 -4.40783e-02
 16 -0.03472 -3.98303e-03 | 17 -0.00798 -2.57037e-02 | 18 -0.03853  8.15830e-03
 19 -0.00625 -5.20665e-04 | 20  0.05205 -6.01196e-02 | 21 -0.05438 -2.45939e-02
 22 -0.13063 -1.08321e-02 | 23 -0.03838 -1.29397e-02 | 24  0.03846 -3.88034e-02
 25 -0.00518 -1.35626e-02 | 26 -0.00603  2.10396e-02 | 27  0.07407 -3.82402e-03
 28 -0.00261  4.72994e-04 | 29  0.03654 -1.66138e-02 | 30 -0.00662 -9.36968e-03
 31  0.01545 -2.34410e-02 | 32 -0.00840 -5.32489e-03 | 33  0.08916 -3.27656e-02
 34  0.04100 -1.79292e-02 | 35 -0.01091  1.13614e-02 | 36  0.03372  2.24167e-02
 37  0.05439  4.13143e-02 | 38  0.07470  2.69554e-02 | 39  0.31486 -3.22360e-02
 40  0.28824 -3.33540e-02 | 41  0.26969 -2.32692e-02 | 42  0.35160 -6.52593e-01
 43 -0.71341  5.16681e-01 | 44  0.58076  2.87939e-03 | 45 -0.39093  7.47757e-03
 46  0.44496 -4.04365e-03 | 47 -0.31147  9.96087e-03 | 48  0.24600 -2.41981e-02
 49 -0.44324  1.75452e-02 | 50 -0.13320 -1.18802e-02 | 51 -0.30223 -9.86059e-01
 52  0.04388  9.92845e-03 | 53 -0.51093  8.25475e-01 |
53 variables; iteration 240; function evaluation 296; phase 4
Function value 9.5944917e+03; maximum gradient component mag -2.8865e+00
Var    Value     Gradient |Var    Value     Gradient |Var    Value     Gradient
  1  0.28315 -2.84743e-01 |  2 -0.02457 -2.88647e+00 |  3  0.00469  3.87284e-02
  4  0.06276  3.09814e-02 |  5 -0.01377  3.61087e-02 |  6 -0.17383  4.09305e-02
  7 -0.03701  3.67521e-02 |  8 -0.17736  4.28547e-02 |  9 -0.07468  3.62605e-02
 10  0.01289  3.08021e-02 | 11  0.12466  3.06886e-03 | 12 -0.00723  2.13304e-02
 13 -0.00917  1.76000e-02 | 14  0.04509 -5.32617e-03 | 15  0.08037 -6.33744e-02
 16 -0.03472 -4.26740e-03 | 17 -0.00798 -3.15148e-02 | 18 -0.03853  1.26959e-02
 19 -0.00625 -7.04972e-04 | 20  0.05205 -8.70965e-02 | 21 -0.05438 -3.03329e-02
 22 -0.13063 -8.22346e-03 | 23 -0.03838 -2.83888e-02 | 24  0.03846 -6.97441e-02
 25 -0.00518 -3.00540e-02 | 26 -0.00603  2.72656e-02 | 27  0.07407 -2.42665e-02
 28 -0.00261 -2.24455e-03 | 29  0.03654 -3.02794e-02 | 30 -0.00662 -1.49619e-02
 31  0.01545 -3.92881e-02 | 32 -0.00840 -1.17373e-02 | 33  0.08916 -5.34425e-02
 34  0.04100 -2.35399e-02 | 35 -0.01091  2.45870e-02 | 36  0.03372  4.51646e-02
 37  0.05439  6.17404e-02 | 38  0.07471  4.09065e-02 | 39  0.31486 -4.38799e-02
 40  0.28824 -3.60383e-02 | 41  0.26969 -3.80242e-02 | 42  0.30509 -1.11145e+00
 43 -0.69730  8.92459e-01 | 44  0.58076  1.03386e-03 | 45 -0.39093  8.44348e-03
 46  0.44496 -9.31446e-03 | 47 -0.31147  1.42658e-02 | 48  0.24600 -4.56455e-02
 49 -0.44324  2.72638e-02 | 50 -0.10489 -1.87297e-02 | 51 -0.27133 -1.64596e+00
 52  0.03667  1.43424e-02 | 53 -0.52137  1.32759e+00 |
53 variables; iteration 260; function evaluation 320; phase 4
Function value 9.5944915e+03; maximum gradient component mag -1.4518e+00
Var    Value     Gradient |Var    Value     Gradient |Var    Value     Gradient
  1  0.28315 -1.48813e-01 |  2 -0.02457 -1.45178e+00 |  3  0.00469  2.07017e-02
  4  0.06276  1.75153e-02 |  5 -0.01377  2.06388e-02 |  6 -0.17383  2.23967e-02
  7 -0.03701  2.26548e-02 |  8 -0.17736  2.13780e-02 |  9 -0.07468  1.79540e-02
 10  0.01289  1.52626e-02 | 11  0.12466 -6.20043e-04 | 12 -0.00723  9.25485e-03
 13 -0.00917  5.24373e-03 | 14  0.04509 -9.56713e-03 | 15  0.08037 -3.13852e-02
 16 -0.03472 -2.39981e-03 | 17 -0.00798 -2.01627e-02 | 18 -0.03853  5.32405e-03
 19 -0.00625  1.24090e-03 | 20  0.05205 -3.44283e-02 | 21 -0.05438 -9.08643e-03
 22 -0.13063  1.25598e-03 | 23 -0.03838 -1.65557e-02 | 24  0.03846 -3.82505e-02
 25 -0.00518 -1.84326e-02 | 26 -0.00603  9.71180e-03 | 27  0.07407 -1.96337e-02
 28 -0.00261 -7.49057e-03 | 29  0.03654 -2.03298e-02 | 30 -0.00662 -1.03314e-02
 31  0.01545 -2.08058e-02 | 32 -0.00840 -6.19242e-03 | 33  0.08916 -2.79307e-02
 34  0.04100 -1.01231e-02 | 35 -0.01091  1.81701e-02 | 36  0.03372  2.72066e-02
 37  0.05439  3.09864e-02 | 38  0.07471  2.07663e-02 | 39  0.31486 -1.94553e-02
 40  0.28824 -1.14021e-02 | 41  0.26969 -1.82507e-02 | 42  0.24761 -6.16381e-01
 43 -0.68028  5.35435e-01 | 44  0.58076  3.66183e-03 | 45 -0.39093 -2.90296e-04
 46  0.44496 -4.41489e-03 | 47 -0.31147  4.99348e-03 | 48  0.24600 -2.00211e-02
 49 -0.44324  1.15684e-02 | 50 -0.06871 -1.05751e-02 | 51 -0.23248 -8.98506e-01
 52  0.02867  6.83963e-03 | 53 -0.53319  7.44460e-01 |
53 variables; iteration 280; function evaluation 346; phase 4
Function value 9.5944913e+03; maximum gradient component mag -2.9193e+00
Var    Value     Gradient |Var    Value     Gradient |Var    Value     Gradient
  1  0.28315 -2.95571e-01 |  2 -0.02457 -2.91930e+00 |  3  0.00469  3.96240e-02
  4  0.06276  2.95293e-02 |  5 -0.01377  4.03306e-02 |  6 -0.17383  4.60408e-02
  7 -0.03700  4.77797e-02 |  8 -0.17736  4.13281e-02 |  9 -0.07468  3.67368e-02
 10  0.01289  2.69837e-02 | 11  0.12466 -1.34723e-02 | 12 -0.00723  1.53800e-02
 13 -0.00917  7.20015e-03 | 14  0.04509 -2.23466e-02 | 15  0.08037 -5.79534e-02
 16 -0.03472  1.20989e-03 | 17 -0.00798 -5.77979e-02 | 18 -0.03853  5.82640e-03
 19 -0.00625  4.27064e-03 | 20  0.05205 -5.55109e-02 | 21 -0.05438 -1.25175e-02
 22 -0.13063  1.81337e-03 | 23 -0.03838 -2.52860e-02 | 24  0.03846 -6.25838e-02
 25 -0.00518 -2.71641e-02 | 26 -0.00603  2.17036e-02 | 27  0.07407 -2.25077e-02
 28 -0.00261 -1.81056e-02 | 29  0.03654 -4.96072e-02 | 30 -0.00662 -2.47455e-02
 31  0.01545 -4.17789e-02 | 32 -0.00840 -8.45500e-03 | 33  0.08916 -5.40417e-02
 34  0.04100 -1.87660e-02 | 35 -0.01091  4.10425e-02 | 36  0.03372  4.96474e-02
 37  0.05439  5.91409e-02 | 38  0.07471  4.07123e-02 | 39  0.31486 -4.26294e-02
 40  0.28824 -4.00801e-02 | 41  0.26969 -3.17931e-02 | 42  0.18744 -1.16653e+00
 43 -0.66514  1.03648e+00 | 44  0.58076  1.63346e-02 | 45 -0.39093 -7.21173e-03
 46  0.44496 -4.52908e-03 | 47 -0.31147  6.25667e-03 | 48  0.24600 -3.01208e-02
 49 -0.44324  1.88684e-02 | 50 -0.02964 -2.40461e-02 | 51 -0.19126 -1.67316e+00
 52  0.02121  1.48055e-02 | 53 -0.54442  1.34821e+00 |
53 variables; iteration 300; function evaluation 372; phase 4
Function value 9.5944912e+03; maximum gradient component mag -4.5129e-01
Var    Value     Gradient |Var    Value     Gradient |Var    Value     Gradient
  1  0.28315 -5.70771e-02 |  2 -0.02457 -4.51288e-01 |  3  0.00469  5.18029e-03
  4  0.06276  4.08560e-03 |  5 -0.01377  6.82040e-03 |  6 -0.17383  6.47691e-03
  7 -0.03701  6.50552e-03 |  8 -0.17736  6.53524e-03 |  9 -0.07468  5.68846e-03
 10  0.01289  5.85643e-03 | 11  0.12466  2.16382e-03 | 12 -0.00723  4.28780e-03
 13 -0.00917  5.09186e-03 | 14  0.04509  2.42581e-03 | 15  0.08037 -1.58754e-02
 16 -0.03472 -7.81953e-03 | 17 -0.00798 -8.51579e-03 | 18 -0.03853 -3.66130e-04
 19 -0.00625 -2.40628e-03 | 20  0.05205 -1.59664e-02 | 21 -0.05438 -7.13866e-03
 22 -0.13063 -3.70415e-03 | 23 -0.03838 -3.21043e-03 | 24  0.03846 -9.53958e-03
 25 -0.00518 -9.41126e-03 | 26 -0.00603  3.37699e-03 | 27  0.07407 -6.12365e-03
 28 -0.00261  7.64235e-04 | 29  0.03654  7.58682e-03 | 30 -0.00662  3.94010e-03
 31  0.01545 -3.76513e-03 | 32 -0.00840 -6.36175e-04 | 33  0.08916 -6.17499e-03
 34  0.04100 -2.97927e-03 | 35 -0.01091 -3.31253e-03 | 36  0.03372  3.96687e-03
 37  0.05439  9.99835e-03 | 38  0.07471  6.27306e-03 | 39  0.31486  8.93805e-04
 40  0.28824  4.83951e-04 | 41  0.26969 -2.79250e-03 | 42  0.12127 -1.69170e-01
 43 -0.65086  1.60420e-01 | 44  0.58075 -7.38675e-03 | 45 -0.39093  5.88846e-03
 46  0.44496 -5.09505e-03 | 47 -0.31147  3.82372e-03 | 48  0.24600 -9.20387e-03
 49 -0.44324  1.65688e-03 | 50  0.01453 -5.70417e-03 | 51 -0.14551 -2.40059e-01
 52  0.01391  4.94086e-03 | 53 -0.55567  1.97207e-01 |
53 variables; iteration 320; function evaluation 399; phase 4
Function value 9.5944911e+03; maximum gradient component mag -7.8359e-01
Var    Value     Gradient |Var    Value     Gradient |Var    Value     Gradient
  1  0.28315 -1.40835e-01 |  2 -0.02457 -7.83588e-01 |  3  0.00469  4.96462e-03
  4  0.06276 -8.72034e-03 |  5 -0.01377  1.18623e-03 |  6 -0.17383  1.23714e-02
  7 -0.03701  2.20393e-03 |  8 -0.17736  1.47914e-02 |  9 -0.07468  8.71275e-03
 10  0.01289  1.94627e-04 | 11  0.12466 -2.54010e-02 | 12 -0.00723 -1.50500e-03
 13 -0.00917  8.11284e-03 | 14  0.04509  1.71839e-03 | 15  0.08037 -8.01861e-03
 16 -0.03472 -8.79281e-03 | 17 -0.00798 -2.64962e-02 | 18 -0.03853  1.85285e-03
 19 -0.00625  3.35697e-03 | 20  0.05205 -3.27969e-04 | 21 -0.05438 -2.20107e-03
 22 -0.13063 -5.54345e-03 | 23 -0.03838 -6.58259e-03 | 24  0.03846 -9.52150e-03
 25 -0.00518 -5.66670e-03 | 26 -0.00603  6.33273e-03 | 27  0.07407 -2.24868e-03
 28 -0.00261 -1.71571e-02 | 29  0.03654  8.74100e-03 | 30 -0.00662  4.02833e-03
 31  0.01545  2.05620e-03 | 32 -0.00840  2.28137e-04 | 33  0.08916  2.74980e-03
 34  0.04100  4.44317e-03 | 35 -0.01091  6.17396e-03 | 36  0.03372  8.89447e-03
 37  0.05439  1.31471e-02 | 38  0.07471  1.02836e-02 | 39  0.31486  6.23643e-03
 40  0.28824  1.16962e-02 | 41  0.26969  5.94051e-03 | 42  0.03771 -3.19349e-01
 43 -0.63526  5.43264e-01 | 44  0.58076 -5.36859e-04 | 45 -0.39093 -3.38386e-03
 46  0.44496  7.15252e-03 | 47 -0.31147 -9.22528e-03 | 48  0.24600  1.59339e-02
 49 -0.44324 -6.75970e-03 | 50  0.07163 -2.47948e-02 | 51 -0.08756 -4.36563e-01
 52  0.00562  1.99599e-02 | 53 -0.56874  6.17374e-01 |
53 variables; iteration 340; function evaluation 423; phase 4
Function value 9.5944911e+03; maximum gradient component mag -1.4406e-02
Var    Value     Gradient |Var    Value     Gradient |Var    Value     Gradient
  1  0.28315 -1.41696e-03 |  2 -0.02457 -1.44056e-02 |  3  0.00469  1.82279e-04
  4  0.06276  1.41579e-04 |  5 -0.01377  2.78224e-04 |  6 -0.17383  2.11515e-04
  7 -0.03701  2.71050e-04 |  8 -0.17736  1.71869e-04 |  9 -0.07468  2.53948e-04
 10  0.01289  1.91360e-04 | 11  0.12466  1.11112e-04 | 12 -0.00723  1.84228e-04
 13 -0.00917  9.90266e-05 | 14  0.04509 -7.68933e-06 | 15  0.08037 -4.74815e-04
 16 -0.03472 -1.94770e-04 | 17 -0.00798 -7.70846e-04 | 18 -0.03853 -9.71899e-05
 19 -0.00625  5.47539e-05 | 20  0.05205 -4.09534e-05 | 21 -0.05438  2.20259e-05
 22 -0.13063 -4.66275e-05 | 23 -0.03838  1.25074e-04 | 24  0.03846  6.00092e-05
 25 -0.00518 -1.11418e-04 | 26 -0.00603 -2.46054e-05 | 27  0.07407 -2.09420e-04
 28 -0.00261  5.80044e-05 | 29  0.03654  6.89018e-05 | 30 -0.00662  1.98184e-05
 31  0.01545 -3.11411e-05 | 32 -0.00840  9.81388e-05 | 33  0.08916 -1.71549e-04
 34  0.04100 -1.30892e-04 | 35 -0.01091 -1.31012e-04 | 36  0.03372 -2.13152e-04
 37  0.05439  1.95823e-04 | 38  0.07470  1.72302e-04 | 39  0.31486  1.49406e-04
 40  0.28824 -3.92106e-04 | 41  0.26969  1.46094e-04 | 42 -0.00698 -1.83081e-03
 43 -0.62767  1.35332e-03 | 44  0.58076 -3.91127e-05 | 45 -0.39093  3.31940e-05
 46  0.44496 -6.17431e-05 | 47 -0.31147  8.22724e-05 | 48  0.24600 -9.71327e-05
 49 -0.44324 -1.18542e-04 | 50  0.10264 -5.51907e-06 | 51 -0.05665 -2.36184e-03
 52  0.00146  1.88218e-06 | 53 -0.57541  2.84559e-03 |
53 variables; iteration 360; function evaluation 444; phase 4
Function value 9.5944911e+03; maximum gradient component mag 3.0294e-01
Var    Value     Gradient |Var    Value     Gradient |Var    Value     Gradient
  1  0.28315 -1.32606e-02 |  2 -0.02457  1.48413e-01 |  3  0.00469 -7.46237e-03
  4  0.06276 -1.56977e-02 |  5 -0.01377 -6.71200e-03 |  6 -0.17383 -2.82345e-04
  7 -0.03701 -3.89583e-03 |  8 -0.17736 -1.31265e-03 |  9 -0.07468 -1.63828e-03
 10  0.01289 -6.97780e-03 | 11  0.12466 -1.76366e-02 | 12 -0.00723 -5.12364e-03
 13 -0.00917 -5.01744e-04 | 14  0.04509  1.77444e-03 | 15  0.08037  5.93140e-03
 16 -0.03472 -2.51277e-03 | 17 -0.00798 -1.66896e-02 | 18 -0.03853 -5.85972e-03
 19 -0.00625  1.65102e-03 | 20  0.05205  2.27197e-02 | 21 -0.05438  6.64013e-03
 22 -0.13063 -2.02724e-03 | 23 -0.03838  9.70340e-03 | 24  0.03846  1.89509e-02
 25 -0.00518  6.49369e-03 | 26 -0.00603 -2.05146e-03 | 27  0.07407  1.26557e-02
 28 -0.00261 -5.29107e-03 | 29  0.03654  9.66185e-03 | 30 -0.00662  4.86671e-03
 31  0.01545  9.73163e-03 | 32 -0.00840  6.64789e-03 | 33  0.08916  1.31098e-02
 34  0.04100  6.05398e-03 | 35 -0.01091 -3.45544e-03 | 36  0.03372 -1.10137e-02
 37  0.05439 -7.03425e-03 | 38  0.07470 -3.51493e-03 | 39  0.31486  1.27422e-02
 40  0.28824 -9.66373e-04 | 41  0.26969  1.32407e-02 | 42  0.01408  2.01128e-01
 43 -0.62475 -6.29003e-02 | 44  0.58076  1.87088e-03 | 45 -0.39093 -4.31133e-03
 46  0.44496  4.91246e-03 | 47 -0.31147 -6.63882e-03 | 48  0.24600  1.72844e-02
 49 -0.44324 -1.14624e-02 | 50  0.08799 -1.21197e-02 | 51 -0.07120  3.02938e-01
 52 -0.00016  9.09051e-03 | 53 -0.57803 -7.40456e-02 |
53 variables; iteration 380; function evaluation 465; phase 4
Function value 9.5944911e+03; maximum gradient component mag -1.0497e+00
Var    Value     Gradient |Var    Value     Gradient |Var    Value     Gradient
  1  0.28315 -9.96874e-02 |  2 -0.02457 -1.04966e+00 |  3  0.00469  1.29385e-02
  4  0.06276  1.38820e-02 |  5 -0.01377  1.80175e-02 |  6 -0.17383  1.40438e-02
  7 -0.03701  1.88818e-02 |  8 -0.17736  1.12680e-02 |  9 -0.07468  1.49763e-02
 10  0.01289  1.45134e-02 | 11  0.12466  1.05156e-02 | 12 -0.00723  1.29330e-02
 13 -0.00917  8.75515e-03 | 14  0.04509  3.23281e-03 | 15  0.08037 -3.37615e-02
 16 -0.03472 -1.03303e-02 | 17 -0.00798 -3.18085e-02 | 18 -0.03853 -3.72521e-03
 19 -0.00625 -3.98911e-03 | 20  0.05205 -3.21567e-02 | 21 -0.05438 -1.49512e-02
 22 -0.13063 -1.05064e-02 | 23 -0.03838  8.35717e-04 | 24  0.03846 -1.09444e-02
 25 -0.00518 -1.12158e-02 | 26 -0.00603  9.91093e-03 | 27  0.07407 -1.82862e-03
 28 -0.00261  3.23740e-03 | 29  0.03654  4.26076e-03 | 30 -0.00662  1.40916e-03
 31  0.01545 -1.14153e-02 | 32 -0.00840  1.31955e-03 | 33  0.08916 -1.70984e-02
 34  0.04100 -1.07266e-02 | 35 -0.01091 -6.04483e-03 | 36  0.03372  5.54230e-04
 37  0.05439  2.10609e-02 | 38  0.07470  1.35877e-02 | 39  0.31486 -5.64996e-03
 40  0.28824 -2.38675e-02 | 41  0.26969 -5.63926e-03 | 42  0.03532 -2.83070e-01
 43 -0.61907  2.40714e-01 | 44  0.58075 -7.38261e-03 | 45 -0.39093  9.28351e-03
 46  0.44496 -8.51802e-03 | 47 -0.31147  8.79533e-03 | 48  0.24600 -1.65557e-02
 49 -0.44324  3.31269e-03 | 50  0.07329 -6.84004e-05 | 51 -0.08591 -4.08871e-01
 52 -0.00334  1.16618e-03 | 53 -0.58323  2.60367e-01 |
53 variables; iteration 400; function evaluation 490; phase 4
Function value 9.5944911e+03; maximum gradient component mag -2.9667e-01
Var    Value     Gradient |Var    Value     Gradient |Var    Value     Gradient
  1  0.28315 -1.26203e-02 |  2 -0.02457 -2.96667e-01 |  3  0.00469  4.71469e-03
  4  0.06276  3.84456e-03 |  5 -0.01377  3.98934e-03 |  6 -0.17383  4.77245e-03
  7 -0.03701  6.49064e-03 |  8 -0.17736  2.78846e-03 |  9 -0.07468  4.07774e-03
 10  0.01289  1.11964e-03 | 11  0.12466 -5.55089e-03 | 12 -0.00723  1.66814e-04
 13 -0.00917 -2.78331e-03 | 14  0.04509 -6.13332e-03 | 15  0.08037  2.81280e-04
 16 -0.03472  8.41526e-03 | 17 -0.00798 -9.54250e-03 | 18 -0.03853  2.68076e-04
 19 -0.00625  1.98969e-03 | 20  0.05205 -1.01855e-03 | 21 -0.05438  1.88805e-03
 22 -0.13063  1.57273e-03 | 23 -0.03838 -2.66150e-04 | 24  0.03846 -1.66885e-03
 25 -0.00518  5.53684e-03 | 26 -0.00603  4.67337e-03 | 27  0.07407  5.96402e-03
 28 -0.00261 -3.38937e-03 | 29  0.03654 -1.88963e-02 | 30 -0.00662 -9.41475e-03
 31  0.01545 -7.88578e-03 | 32 -0.00840 -8.15663e-04 | 33  0.08916 -7.84132e-03
 34  0.04100 -2.60658e-03 | 35 -0.01091  1.10274e-02 | 36  0.03372  5.59744e-03
 37  0.05439  4.75086e-03 | 38  0.07470  3.87076e-03 | 39  0.31486 -1.35662e-02
 40  0.28824 -1.71390e-02 | 41  0.26969 -5.71116e-03 | 42  0.00273 -9.18701e-02
 43 -0.61402  5.80845e-02 | 44  0.58076  1.07948e-02 | 45 -0.39093 -6.28461e-03
 46  0.44496  3.04375e-03 | 47 -0.31147 -1.32783e-03 | 48  0.24600  1.37683e-03
 49 -0.44324  3.02215e-03 | 50  0.09588  1.58897e-03 | 51 -0.06336 -1.34422e-01
 52 -0.00620 -2.21574e-03 | 53 -0.58795  6.34208e-02 |
53 variables; iteration 420; function evaluation 511; phase 4
Function value 9.5944911e+03; maximum gradient component mag -4.7297e-01
Var    Value     Gradient |Var    Value     Gradient |Var    Value     Gradient
  1  0.28315 -3.50182e-02 |  2 -0.02457 -4.72972e-01 |  3  0.00469  7.49662e-03
  4  0.06276  9.19095e-03 |  5 -0.01377  8.61361e-03 |  6 -0.17383  6.47336e-03
  7 -0.03701  9.53923e-03 |  8 -0.17736  4.97266e-03 |  9 -0.07468  6.56679e-03
 10  0.01289  6.63332e-03 | 11  0.12466  5.57387e-03 | 12 -0.00723  5.26863e-03
 13 -0.00917  1.42436e-03 | 14  0.04509 -2.88720e-03 | 15  0.08037 -1.14292e-02
 16 -0.03472  3.60111e-04 | 17 -0.00798 -1.03571e-02 | 18 -0.03853  3.38818e-05
 19 -0.00625 -5.60097e-04 | 20  0.05205 -1.37090e-02 | 21 -0.05438 -4.69401e-03
 22 -0.13063 -1.83159e-03 | 23 -0.03838 -2.70839e-03 | 24  0.03846 -9.09208e-03
 25 -0.00518 -3.65401e-03 | 26 -0.00603  4.73333e-03 | 27  0.07407 -1.38390e-03
 28 -0.00261 -7.89503e-04 | 29  0.03654 -8.61487e-03 | 30 -0.00662 -4.49492e-03
 31  0.01545 -8.35092e-03 | 32 -0.00840 -1.33064e-03 | 33  0.08916 -1.09896e-02
 34  0.04100 -5.27064e-03 | 35 -0.01091  4.11742e-03 | 36  0.03372  5.92640e-03
 37  0.05439  9.91466e-03 | 38  0.07470  6.52378e-03 | 39  0.31486 -9.68163e-03
 40  0.28824 -1.20410e-02 | 41  0.26969 -6.02267e-03 | 42  0.02090 -1.79189e-01
 43 -0.60836  1.42006e-01 | 44  0.58076  2.20712e-03 | 45 -0.39093  4.52524e-04
 46  0.44496 -1.67910e-03 | 47 -0.31147  2.40215e-03 | 48  0.24600 -7.40164e-03
 49 -0.44324  4.04995e-03 | 50  0.08327  2.84884e-03 | 51 -0.07592 -2.61892e-01
 52 -0.00944 -2.43765e-03 | 53 -0.59336  1.48490e-01 |
53 variables; iteration 440; function evaluation 532; phase 4
Function value 9.5944911e+03; maximum gradient component mag -1.5465e-01
Var    Value     Gradient |Var    Value     Gradient |Var    Value     Gradient
  1  0.28315 -1.13830e-02 |  2 -0.02457 -1.54649e-01 |  3  0.00469  2.37290e-03
  4  0.06276  3.02689e-03 |  5 -0.01377  2.36242e-03 |  6 -0.17383  1.87663e-03
  7 -0.03701  2.16676e-03 |  8 -0.17736  1.90106e-03 |  9 -0.07468  2.07638e-03
 10  0.01289  2.36342e-03 | 11  0.12466  2.97879e-03 | 12 -0.00723  2.18427e-03
 13 -0.00917  1.04911e-03 | 14  0.04509 -6.88546e-05 | 15  0.08037 -3.84882e-03
 16 -0.03472 -1.22432e-04 | 17 -0.00798 -1.13499e-03 | 18 -0.03853  8.45688e-04
 19 -0.00625 -1.42422e-04 | 20  0.05205 -6.19927e-03 | 21 -0.05438 -2.52188e-03
 22 -0.13063 -8.66150e-04 | 23 -0.03838 -1.32531e-03 | 24  0.03846 -4.22467e-03
 25 -0.00518 -1.66053e-03 | 26 -0.00603  1.45622e-03 | 27  0.07407 -1.52670e-03
 28 -0.00261  5.32598e-04 | 29  0.03654 -1.93742e-03 | 30 -0.00662 -1.39844e-03
 31  0.01545 -2.42046e-03 | 32 -0.00840 -6.28006e-04 | 33  0.08916 -3.46842e-03
 34  0.04100 -2.11837e-03 | 35 -0.01091  7.79781e-04 | 36  0.03372  1.63360e-03
 37  0.05439  3.55967e-03 | 38  0.07471  2.16017e-03 | 39  0.31486 -2.70194e-03
 40  0.28824 -2.84700e-03 | 41  0.26969 -2.36905e-03 | 42  0.01603 -6.78170e-02
 43 -0.60430  5.20675e-02 | 44  0.58076  8.70281e-05 | 45 -0.39093  9.26986e-04
 46  0.44496 -7.81872e-04 | 47 -0.31147  1.46373e-03 | 48  0.24600 -3.02090e-03
 49 -0.44324  1.86220e-03 | 50  0.08665  1.27943e-03 | 51 -0.07255 -9.93595e-02
 52 -0.01180 -8.47933e-04 | 53 -0.59733  5.34940e-02 |
53 variables; iteration 460; function evaluation 553; phase 4
Function value 9.5944911e+03; maximum gradient component mag -3.7912e-03
Var    Value     Gradient |Var    Value     Gradient |Var    Value     Gradient
  1  0.28315 -3.81293e-04 |  2 -0.02457 -2.26470e-03 |  3  0.00469 -7.12169e-05
  4  0.06276 -2.21906e-04 |  5 -0.01377 -2.24454e-04 |  6 -0.17383  1.11427e-05
  7 -0.03701 -2.57212e-04 |  8 -0.17736  1.36392e-04 |  9 -0.07468  4.64827e-05
 10  0.01289 -3.51247e-06 | 11  0.12466  2.45100e-04 | 12 -0.00723  2.09310e-04
 13 -0.00917  2.76493e-04 | 14  0.04509  3.87591e-04 | 15  0.08037 -3.31773e-05
 16 -0.03472 -1.37039e-04 | 17 -0.00798  3.85682e-04 | 18 -0.03853  2.61533e-04
 19 -0.00625  9.25835e-05 | 20  0.05205 -2.59056e-04 | 21 -0.05438 -2.59577e-04
 22 -0.13063 -1.30909e-04 | 23 -0.03838 -4.76376e-05 | 24  0.03846 -2.27613e-04
 25 -0.00518  6.27890e-05 | 26 -0.00603 -5.41578e-05 | 27  0.07407  1.37493e-04
 28 -0.00261  1.13442e-04 | 29  0.03654  1.96622e-04 | 30 -0.00662 -6.06183e-05
 31  0.01545  1.95803e-04 | 32 -0.00840  4.35387e-06 | 33  0.08916  1.76673e-04
 34  0.04100 -1.22529e-04 | 35 -0.01091 -5.47395e-05 | 36  0.03372 -2.34785e-04
 37  0.05439  1.07123e-04 | 38  0.07470  1.82841e-05 | 39  0.31486 -1.14489e-04
 40  0.28824  3.31314e-04 | 41  0.26969  1.53891e-05 | 42  0.01309 -2.64352e-03
 43 -0.60173  3.56908e-03 | 44  0.58076  1.80851e-04 | 45 -0.39093  4.77613e-05
 46  0.44496  1.59641e-04 | 47 -0.31147  4.97013e-05 | 48  0.24600  3.02681e-04
 49 -0.44324  8.13992e-05 | 50  0.08869 -3.18241e-05 | 51 -0.07052 -3.79119e-03
 52 -0.01330  7.22585e-05 | 53 -0.59988  3.54636e-03 |
  ic > imax  in fminim is answer attained ?
Var    Value     Gradient |Var    Value     Gradient |Var    Value     Gradient
  1  0.28315 -1.86755e-04 |  2 -0.02457 -1.54545e-03 |  3  0.00469  3.51748e-05
  4  0.06276  4.37220e-05 |  5 -0.01377  4.27134e-05 |  6 -0.17383  2.17803e-05
  7 -0.03701  4.79432e-05 |  8 -0.17736  5.83992e-06 |  9 -0.07468  1.60272e-05
 10  0.01289  3.40564e-06 | 11  0.12466 -6.74047e-05 | 12 -0.00723 -1.89567e-05
 13 -0.00917 -3.45502e-06 | 14  0.04509 -2.18499e-05 | 15  0.08037 -1.88677e-05
 16 -0.03472  6.12334e-06 | 17 -0.00798 -9.49000e-05 | 18 -0.03853 -1.40390e-05
 19 -0.00625 -3.52580e-06 | 20  0.05205 -8.83906e-07 | 21 -0.05438  1.56833e-05
 22 -0.13063 -1.65708e-06 | 23 -0.03838 -7.83632e-06 | 24  0.03846  4.08180e-06
 25 -0.00518 -1.41531e-06 | 26 -0.00603  3.64283e-05 | 27  0.07407 -1.25153e-05
 28 -0.00261 -4.64064e-05 | 29  0.03654 -3.00431e-05 | 30 -0.00662  1.10555e-05
 31  0.01545 -3.39631e-05 | 32 -0.00840 -1.09550e-05 | 33  0.08916 -3.59754e-05
 34  0.04100  9.84317e-06 | 35 -0.01091  7.34004e-06 | 36  0.03372  5.75741e-05
 37  0.05439  2.02557e-05 | 38  0.07471  2.25957e-05 | 39  0.31486 -1.94234e-05
 40  0.28824 -4.32403e-05 | 41  0.26969 -1.29317e-05 | 42  0.01304 -4.06514e-04
 43 -0.60162  6.29947e-04 | 44  0.58076 -1.99077e-05 | 45 -0.39093  6.17623e-07
 46  0.44496 -2.58776e-06 | 47 -0.31147 -1.67130e-05 | 48  0.24600 -1.02062e-05
 49 -0.44324  2.84562e-07 | 50  0.08872 -7.58065e-06 | 51 -0.07048 -5.80171e-04
 52 -0.01336  3.98265e-06 | 53 -0.59998  6.30002e-04 |
Function minimizer not making progress ... is minimum attained?
Minimprove criterion = 0.0000e+00

 - final statistics:
53 variables; iteration 465; function evaluation 588
Function value 9.5945e+03; maximum gradient component mag -1.5454e-03
Exit code = 1;  converg criter 1.0000e-04
Var    Value     Gradient |Var    Value     Gradient |Var    Value     Gradient
  1  0.28315 -1.86755e-04 |  2 -0.02457 -1.54545e-03 |  3  0.00469  3.51748e-05
  4  0.06276  4.37220e-05 |  5 -0.01377  4.27134e-05 |  6 -0.17383  2.17803e-05
  7 -0.03701  4.79432e-05 |  8 -0.17736  5.83992e-06 |  9 -0.07468  1.60272e-05
 10  0.01289  3.40564e-06 | 11  0.12466 -6.74047e-05 | 12 -0.00723 -1.89567e-05
 13 -0.00917 -3.45502e-06 | 14  0.04509 -2.18499e-05 | 15  0.08037 -1.88677e-05
 16 -0.03472  6.12334e-06 | 17 -0.00798 -9.49000e-05 | 18 -0.03853 -1.40390e-05
 19 -0.00625 -3.52580e-06 | 20  0.05205 -8.83906e-07 | 21 -0.05438  1.56833e-05
 22 -0.13063 -1.65708e-06 | 23 -0.03838 -7.83632e-06 | 24  0.03846  4.08180e-06
 25 -0.00518 -1.41531e-06 | 26 -0.00603  3.64283e-05 | 27  0.07407 -1.25153e-05
 28 -0.00261 -4.64064e-05 | 29  0.03654 -3.00431e-05 | 30 -0.00662  1.10555e-05
 31  0.01545 -3.39631e-05 | 32 -0.00840 -1.09550e-05 | 33  0.08916 -3.59754e-05
 34  0.04100  9.84317e-06 | 35 -0.01091  7.34004e-06 | 36  0.03372  5.75741e-05
 37  0.05439  2.02557e-05 | 38  0.07471  2.25957e-05 | 39  0.31486 -1.94234e-05
 40  0.28824 -4.32403e-05 | 41  0.26969 -1.29317e-05 | 42  0.01304 -4.06514e-04
 43 -0.60162  6.29947e-04 | 44  0.58076 -1.99077e-05 | 45 -0.39093  6.17623e-07
 46  0.44496 -2.58776e-06 | 47 -0.31147 -1.67130e-05 | 48  0.24600 -1.02062e-05
 49 -0.44324  2.84562e-07 | 50  0.08872 -7.58065e-06 | 51 -0.07048 -5.80171e-04
 52 -0.01336  3.98265e-06 | 53 -0.59998  6.30002e-04 |
Estimating row 1 out of 53 for hessian
Estimating row 2 out of 53 for hessian
Estimating row 3 out of 53 for hessian
Estimating row 4 out of 53 for hessian
Estimating row 5 out of 53 for hessian
Estimating row 6 out of 53 for hessian
Estimating row 7 out of 53 for hessian
Estimating row 8 out of 53 for hessian
Estimating row 9 out of 53 for hessian
Estimating row 10 out of 53 for hessian
Estimating row 11 out of 53 for hessian
Estimating row 12 out of 53 for hessian
Estimating row 13 out of 53 for hessian
Estimating row 14 out of 53 for hessian
Estimating row 15 out of 53 for hessian
Estimating row 16 out of 53 for hessian
Estimating row 17 out of 53 for hessian
Estimating row 18 out of 53 for hessian
Estimating row 19 out of 53 for hessian
Estimating row 20 out of 53 for hessian
Estimating row 21 out of 53 for hessian
Estimating row 22 out of 53 for hessian
Estimating row 23 out of 53 for hessian
Estimating row 24 out of 53 for hessian
Estimating row 25 out of 53 for hessian
Estimating row 26 out of 53 for hessian
Estimating row 27 out of 53 for hessian
Estimating row 28 out of 53 for hessian
Estimating row 29 out of 53 for hessian
Estimating row 30 out of 53 for hessian
Estimating row 31 out of 53 for hessian
Estimating row 32 out of 53 for hessian
Estimating row 33 out of 53 for hessian
Estimating row 34 out of 53 for hessian
Estimating row 35 out of 53 for hessian
Estimating row 36 out of 53 for hessian
Estimating row 37 out of 53 for hessian
Estimating row 38 out of 53 for hessian
Estimating row 39 out of 53 for hessian
Estimating row 40 out of 53 for hessian
Estimating row 41 out of 53 for hessian
Estimating row 42 out of 53 for hessian
Estimating row 43 out of 53 for hessian
Estimating row 44 out of 53 for hessian
Estimating row 45 out of 53 for hessian
Estimating row 46 out of 53 for hessian
Estimating row 47 out of 53 for hessian
Estimating row 48 out of 53 for hessian
Estimating row 49 out of 53 for hessian
Estimating row 50 out of 53 for hessian
Estimating row 51 out of 53 for hessian
Estimating row 52 out of 53 for hessian
Estimating row 53 out of 53 for hessian
size of file gradfil1.tmp = 0
size of file gradfil2.tmp = 0
size of file varssave.tmp = 0
size of file cmpdiff.tmp = 0
