
Initial statistics: 36 variables; iteration 0; function evaluation 0; phase 1
Function value 4.7212782e+03; maximum gradient component mag -2.4784e+04
Var    Value     Gradient |Var    Value     Gradient |Var    Value     Gradient
  1  0.01674 -2.47836e+04 |  2  0.03350  2.20909e+02 |  3  0.06412  7.75239e+01
  4  0.02213  2.34875e+02 |  5 -0.10062  3.58426e+02 |  6 -0.00289  2.25482e+02
  7 -0.11886  3.30789e+02 |  8 -0.06631  3.06810e+02 |  9  0.02737  1.99257e+02
 10  0.13496 -2.05378e+02 | 11 -0.01259  9.16329e+01 | 12  0.03360  1.11811e+02
 13  0.02499 -1.69697e+02 | 14  0.10549 -4.34828e+02 | 15 -0.00637 -1.72045e+02
 16 -0.02414 -2.98900e+02 | 17  0.00467 -4.40545e+02 | 18 -0.00356 -5.73817e+02
 19  0.08984 -1.16495e+03 | 20 -0.05632 -5.37461e+02 | 21 -0.14849 -3.34619e+02
 22 -0.07120 -1.92284e+02 | 23 -0.01352 -5.40411e+02 | 24 -0.03899 -7.26328e+02
 25 -0.07498 -9.53669e+02 | 26  0.00094 -9.23165e+02 | 27  0.08682  6.08086e+02
 28 -0.03746 -2.70157e+02 | 29  0.03361  1.19819e+02 | 30 -0.04374  1.38343e+02
 31  0.08034  1.78869e+03 | 32  0.09502  1.36939e+03 | 33  0.01307  6.10030e+02
 34  0.02643  5.82258e+02 | 35 -0.01030 -3.39827e+01 | 36 -0.04683  5.90760e+02

Intermediate statistics: 36 variables; iteration 20; function evaluation 29; phase 1
Function value 4.2372819e+03; maximum gradient component mag -8.6611e+03
Var    Value     Gradient |Var    Value     Gradient |Var    Value     Gradient
  1  0.02511 -8.66112e+03 |  2  0.02330  6.31685e+01 |  3  0.11737  7.01237e+01
  4  0.02818  5.63358e+01 |  5 -0.11564  7.40440e+01 |  6  0.02867  5.65828e+01
  7 -0.08198  8.44153e+01 |  8 -0.05467  5.54204e+01 |  9 -0.00891 -4.47063e+01
 10  0.10522 -3.22794e+02 | 11  0.00424 -6.50594e+01 | 12 -0.02474 -1.97607e+00
 13  0.07559  8.06836e+01 | 14  0.09475 -6.64090e+01 | 15  0.06067  1.75638e+01
 16 -0.07187 -5.48454e+01 | 17  0.00270 -7.00169e+01 | 18  0.10632  1.82216e+02
 19  0.01465 -3.48968e+02 | 20 -0.09907 -1.88090e+02 | 21 -0.05888 -5.37286e+01
 22  0.04501  8.54502e+01 | 23 -0.03503 -7.94223e+01 | 24  0.03559 -9.18565e+00
 25  0.09635 -6.26092e+01 | 26 -0.01437 -2.96562e+02 | 27 -0.03171 -4.28757e+02
 28  0.02484 -2.14106e+02 | 29 -0.00416 -3.13733e+02 | 30 -0.04979 -1.64335e+02
 31  0.00049  2.09835e+02 | 32  0.06301  4.50098e+02 | 33  0.00335  1.53732e+02
 34 -0.02588 -4.72605e+01 | 35 -0.00980  6.46142e+00 | 36 -0.28433  4.37792e+01
36 variables; iteration 40; function evaluation 54; phase 1
Function value 4.1874713e+03; maximum gradient component mag -4.2596e+03
Var    Value     Gradient |Var    Value     Gradient |Var    Value     Gradient
  1  0.02881 -4.25955e+03 |  2  0.02758  4.76535e+01 |  3  0.10535  2.79241e+01
  4  0.03019  4.23363e+01 |  5 -0.10349  6.80083e+01 |  6  0.02378  4.32101e+01
  7 -0.09457  5.03289e+01 |  8 -0.04833  6.26153e+01 |  9  0.01077  1.64098e+01
 10  0.10854 -1.38845e+02 | 11 -0.01672 -3.40016e+01 | 12 -0.00616  1.93307e+01
 13  0.05161 -2.32508e+01 | 14  0.09206 -1.71515e+01 | 15  0.03974  3.81949e+01
 16 -0.05041  2.22692e+01 | 17  0.01030  1.79444e+01 | 18  0.06648 -9.16376e+01
 19  0.02158 -4.27967e+02 | 20 -0.08941 -2.11258e+02 | 21 -0.07373 -9.88559e+01
 22  0.00619 -4.01941e+01 | 23  0.01602  4.77793e+01 | 24  0.01497  5.32851e+01
 25  0.05986  1.12430e+02 | 26  0.02427  9.41107e+01 | 27 -0.00398 -4.44247e+01
 28  0.02071  2.39264e+01 | 29  0.01298  1.34658e+02 | 30 -0.03942  1.40215e+02
 31 -0.01322  5.14541e+01 | 32  0.05219  1.82592e+01 | 33 -0.01412  4.13484e-01
 34 -0.01860  6.56023e+01 | 35 -0.00889  6.05572e+01 | 36 -0.21158  8.14087e+01

 - final statistics:
36 variables; iteration 54; function evaluation 69
Function value 4.1636e+03; maximum gradient component mag 5.7960e+00
Exit code = 1;  converg criter 1.0000e+01
Var    Value     Gradient |Var    Value     Gradient |Var    Value     Gradient
  1  0.03240  5.79596e+00 |  2  0.03280 -2.00356e-01 |  3  0.11663  1.54439e-01
  4  0.04760 -1.10697e-01 |  5 -0.09154 -7.53090e-02 |  6  0.03764 -3.99868e-02
  7 -0.07652 -5.49442e-02 |  8 -0.05426  2.07489e-01 |  9  0.00346 -2.73899e-02
 10  0.11282 -4.35588e-02 | 11 -0.00831  3.36107e-01 | 12 -0.01486 -1.75693e-01
 13  0.04504 -5.81212e-02 | 14  0.08800 -4.64738e-01 | 15  0.02855 -2.86264e-01
 16 -0.05194 -9.22572e-02 | 17  0.00136  2.81683e-01 | 18  0.04786  5.01501e-01
 19  0.06036  2.05841e-01 | 20 -0.04934  1.08146e-01 | 21 -0.05227  2.72624e-01
 22  0.02131  6.36293e-01 | 23 -0.00109  7.93137e-01 | 24  0.00622  1.84885e-01
 25  0.04554  2.42546e+00 | 26  0.01318  7.98150e-01 | 27 -0.00226 -3.98145e-01
 28  0.01413 -5.71965e-01 | 29  0.00111 -1.10953e+00 | 30 -0.05545 -1.52455e+00
 31 -0.01768 -3.81716e-01 | 32  0.04564  2.59965e-01 | 33 -0.01559  1.14398e-01
 34 -0.02702  7.65642e-02 | 35 -0.01676 -1.69975e-01 | 36 -0.23881 -1.69916e-02

Initial statistics: 46 variables; iteration 0; function evaluation 0; phase 2
Function value 4.1635847e+03; maximum gradient component mag 2.1026e+04
Var    Value     Gradient |Var    Value     Gradient |Var    Value     Gradient
  1  0.03240  5.79596e+00 |  2  0.03280 -2.44692e-01 |  3  0.11662  1.10787e-01
  4  0.04760 -1.54967e-01 |  5 -0.09154 -1.19245e-01 |  6  0.03764 -8.43039e-02
  7 -0.07652 -9.90186e-02 |  8 -0.05426  1.63255e-01 |  9  0.00346 -7.17839e-02
 10  0.11282 -8.72582e-02 | 11 -0.00831  2.91716e-01 | 12 -0.01486 -2.20076e-01
 13  0.04504 -1.02405e-01 | 14  0.08800 -5.08709e-01 | 15  0.02855 -3.30614e-01
 16 -0.05194 -1.36504e-01 | 17  0.00136  2.37288e-01 | 18  0.04786  4.57232e-01
 19  0.06036  1.61645e-01 | 20 -0.04934  6.38845e-02 | 21 -0.05227  2.28378e-01
 22  0.02131  5.91923e-01 | 23 -0.00109  7.48743e-01 | 24  0.00621  1.40493e-01
 25  0.04553  2.38118e+00 | 26  0.01318  7.53765e-01 | 27 -0.00226 -4.42540e-01
 28  0.01412 -6.16349e-01 | 29  0.00111 -1.15393e+00 | 30 -0.05546 -1.56878e+00
 31 -0.01769 -4.26093e-01 | 32  0.04563  2.15684e-01 | 33 -0.01559  7.00171e-02
 34 -0.02702  3.22095e-02 | 35 -0.01676 -2.14354e-01 | 36 -0.23881 -5.82992e-02
 37  0.30214 -4.05975e+03 | 38  0.22730 -5.85987e+03 | 39  0.25159 -8.95809e+02
 40  0.38136  2.10257e+04 | 41 -0.06247  2.23410e+01 | 42 -0.41637  1.95669e+03
 43 -0.08194 -1.85888e+02 | 44 -0.02917  2.19860e+02 | 45 -0.18767  1.25947e+02
 46 -0.85749  3.87763e+02 |

Intermediate statistics: 46 variables; iteration 20; function evaluation 29; phase 2
Function value 3.7338427e+03; maximum gradient component mag 1.8559e+04
Var    Value     Gradient |Var    Value     Gradient |Var    Value     Gradient
  1  0.02797 -4.01703e+03 |  2  0.02458  8.29917e+01 |  3  0.05014  6.16124e+01
  4 -0.02185  4.23512e+01 |  5 -0.13692  5.56991e+01 |  6 -0.02289  6.27404e+01
  7 -0.12091  4.13278e+01 |  8 -0.06874  3.12192e+01 |  9  0.00711 -5.16812e+01
 10  0.09578 -2.90948e+02 | 11 -0.01122 -3.88235e+01 | 12  0.00147  3.63679e+01
 13  0.10635  1.48624e+02 | 14  0.06071 -3.66378e+02 | 15 -0.02507 -3.48574e+02
 16 -0.04717 -3.10629e+02 | 17  0.01550 -2.32893e+02 | 18  0.03606 -2.85991e+02
 19  0.05447 -3.52889e+02 | 20 -0.06082 -1.78075e+02 | 21 -0.12373 -1.85894e+02
 22 -0.02253 -1.54872e+02 | 23  0.00092 -1.10423e+02 | 24  0.00738 -2.32786e+02
 25  0.00713 -2.79175e+02 | 26  0.07166  2.86519e+02 | 27  0.02482  8.86851e+01
 28  0.02212 -3.20361e+01 | 29 -0.03350 -3.66673e+02 | 30  0.01186  4.34273e+02
 31  0.01468  3.76555e+02 | 32  0.05888  4.21878e+02 | 33  0.02781  4.61051e+02
 34  0.01566  4.24564e+02 | 35  0.03687  4.43154e+02 | 36 -0.06241  1.72905e+02
 37  0.28682 -8.96144e+03 | 38  0.23515 -4.53014e+03 | 39  0.25737 -5.67617e+02
 40  0.35176  1.85589e+04 | 41 -0.03060  1.34505e+03 | 42 -0.43855  4.80083e+01
 43 -0.00617  1.26450e+02 | 44 -0.02198  1.83114e+03 | 45 -0.48926 -6.48100e+01
 46 -0.81552  3.92862e+01 |
46 variables; iteration 40; function evaluation 55; phase 2
Function value 2.8987446e+03; maximum gradient component mag 7.8707e+03
Var    Value     Gradient |Var    Value     Gradient |Var    Value     Gradient
  1  0.02662  7.87074e+03 |  2  0.02385 -8.32117e+01 |  3  0.06771 -6.07526e+01
  4  0.00577 -7.54584e+01 |  5 -0.15210 -1.53101e+02 |  6 -0.05887 -1.98888e+02
  7 -0.16624 -1.53962e+02 |  8 -0.08495 -1.12696e+02 |  9  0.00455 -1.25705e+02
 10  0.10539 -1.39575e+02 | 11  0.02455 -5.00563e+01 | 12 -0.03952 -2.72572e+02
 13  0.01144 -4.74120e+02 | 14  0.13587  5.12908e+02 | 15  0.02697  6.39497e+01
 16 -0.09410 -5.52295e+01 | 17  0.06414  4.64530e+02 | 18 -0.00813 -1.57513e+02
 19  0.07797  1.38172e+02 | 20 -0.06964 -1.38597e+02 | 21 -0.13568 -2.10071e+02
 22 -0.00345 -1.33803e+02 | 23 -0.01481 -2.11319e+02 | 24  0.05094  2.21758e+02
 25  0.00916 -8.65227e+01 | 26  0.09820  4.90470e+02 | 27  0.02392 -1.39034e+02
 28  0.07156  4.27520e+02 | 29 -0.07395 -5.09424e+02 | 30  0.00920 -2.89424e+02
 31  0.04433  2.10248e+01 | 32  0.14061  7.65885e+02 | 33 -0.12267 -3.52379e+02
 34  0.09082  9.93845e+02 | 35  0.02867  1.82317e+01 | 36 -0.09816 -1.04442e+02
 37  0.30547  2.77737e+02 | 38  0.25764  2.69777e+02 | 39  0.25347 -3.25534e+02
 40  0.26090  1.83549e+03 | 41 -0.55766  1.80996e+03 | 42 -0.47584 -3.75865e+03
 43  0.32374  1.14435e+02 | 44  0.29570  3.55914e+03 | 45 -0.41828 -4.96652e+01
 46 -0.86365 -8.16610e+02 |
46 variables; iteration 60; function evaluation 78; phase 2
Function value 2.6192126e+03; maximum gradient component mag -1.8666e+01
Var    Value     Gradient |Var    Value     Gradient |Var    Value     Gradient
  1  0.02853 -1.86659e+01 |  2  0.01135  6.97162e-01 |  3  0.05390  2.21698e+00
  4 -0.01282  9.64094e-01 |  5 -0.13715  4.47901e-01 |  6 -0.02439  1.60184e+00
  7 -0.12496  5.54560e-02 |  8 -0.07781  1.19315e-01 |  9  0.00112  4.17275e-01
 10  0.09835 -1.28564e+00 | 11 -0.01245 -2.41535e-01 | 12 -0.02491  8.03909e-01
 13  0.05409 -7.24632e-01 | 14  0.08377  1.91753e+00 | 15  0.02998  1.17209e+00
 16 -0.05601  1.13862e+00 | 17 -0.00128 -1.76828e+00 | 18  0.02014 -2.72138e+00
 19  0.04947  1.88667e+00 | 20 -0.06673  8.91317e-01 | 21 -0.09061  3.71348e-01
 22 -0.00603  6.53768e-01 | 23 -0.00195  1.02717e+00 | 24  0.00865 -6.53994e-01
 25  0.03654 -7.48541e-01 | 26  0.06498  1.81884e+00 | 27  0.05009 -1.39099e+00
 28  0.01796 -2.35981e-01 | 29  0.00157 -6.73278e-01 | 30  0.01777 -1.32161e+00
 31  0.03259  4.49443e-01 | 32  0.06908 -4.40181e-01 | 33  0.01803  4.59098e-01
 34  0.02161 -3.02813e+00 | 35  0.03978 -2.92111e+00 | 36 -0.14630  5.00511e-01
 37  0.31355  6.50817e+00 | 38  0.25971  1.96913e+00 | 39  0.26950  4.12785e+00
 40  0.26218  1.28606e+00 | 41 -0.52301 -4.35282e-02 | 42 -0.50574 -9.67739e-01
 43  0.27768 -4.00451e-01 | 44  0.24278  3.33251e-01 | 45 -0.40408 -6.35310e-01
 46 -0.73098 -1.14711e-01 |

 - final statistics:
46 variables; iteration 64; function evaluation 82
Function value 2.6192e+03; maximum gradient component mag -1.1300e+00
Exit code = 1;  converg criter 1.0000e+01
Var    Value     Gradient |Var    Value     Gradient |Var    Value     Gradient
  1  0.02858 -7.54053e-01 |  2  0.01143  1.47000e-01 |  3  0.05344 -4.31430e-02
  4 -0.01301 -6.48173e-02 |  5 -0.13717 -3.86716e-02 |  6 -0.02465 -1.44273e-01
  7 -0.12506 -1.28090e-02 |  8 -0.07789  7.96039e-03 |  9  0.00087 -2.95337e-02
 10  0.09850  4.19279e-01 | 11 -0.01247  3.14537e-01 | 12 -0.02497  4.77499e-01
 13  0.05419  1.12350e+00 | 14  0.08377  1.04125e+00 | 15  0.03005  1.03560e+00
 16 -0.05644  5.29026e-02 | 17 -0.00091  2.23327e-01 | 18  0.02162 -2.53360e-01
 19  0.04893 -1.81072e-01 | 20 -0.06684 -2.07776e-01 | 21 -0.09042  2.40077e-03
 22 -0.00604 -1.09979e-01 | 23 -0.00221  6.23432e-02 | 24  0.00879 -3.05843e-02
 25  0.03682 -3.26075e-01 | 26  0.06473 -3.81457e-01 | 27  0.05027  1.20817e-01
 28  0.01790 -3.09572e-01 | 29  0.00166 -5.06504e-01 | 30  0.01795 -5.43859e-01
 31  0.03259 -2.91386e-01 | 32  0.06913 -6.82090e-01 | 33  0.01780 -3.58672e-01
 34  0.02175 -8.05181e-01 | 35  0.03982 -6.90074e-01 | 36 -0.14661 -7.55357e-02
 37  0.31335  8.91565e-01 | 38  0.25959 -3.22856e-01 | 39  0.26937  1.03239e+00
 40  0.26210 -1.12997e+00 | 41 -0.52253  3.83603e-01 | 42 -0.50578 -7.23073e-01
 43  0.27776  2.21850e-01 | 44  0.24239  5.42135e-01 | 45 -0.40349 -1.57600e-01
 46 -0.73096 -2.48998e-01 |

Initial statistics: 52 variables; iteration 0; function evaluation 0; phase 3
Function value 2.6192047e+03; maximum gradient component mag -2.7187e+03
Var    Value     Gradient |Var    Value     Gradient |Var    Value     Gradient
  1  0.02858 -7.54053e-01 |  2  0.01143  1.77055e-01 |  3  0.05344 -1.31893e-02
  4 -0.01301 -3.47640e-02 |  5 -0.13717 -9.30718e-03 |  6 -0.02465 -1.14236e-01
  7 -0.12506  1.66724e-02 |  8 -0.07789  3.77953e-02 |  9  0.00087  5.25853e-04
 10  0.09850  4.48980e-01 | 11 -0.01247  3.44591e-01 | 12 -0.02497  5.07535e-01
 13  0.05419  1.15345e+00 | 14  0.08377  1.07105e+00 | 15  0.03005  1.06562e+00
 16 -0.05644  8.28441e-02 | 17 -0.00091  2.53386e-01 | 18  0.02162 -2.23318e-01
 19  0.04893 -1.51101e-01 | 20 -0.06684 -1.77882e-01 | 21 -0.09042  3.21577e-02
 22 -0.00604 -7.99210e-02 | 23 -0.00221  9.24026e-02 | 24  0.00879 -5.27605e-04
 25  0.03682 -2.96065e-01 | 26  0.06473 -3.51553e-01 | 27  0.05028  1.50783e-01
 28  0.01790 -2.79525e-01 | 29  0.00166 -4.76445e-01 | 30  0.01795 -5.13811e-01
 31  0.03259 -2.61365e-01 | 32  0.06913 -6.52207e-01 | 33  0.01780 -3.28625e-01
 34  0.02175 -7.75139e-01 | 35  0.03982 -6.60073e-01 | 36 -0.14661 -4.62696e-02
 37  0.31335  8.91565e-01 | 38  0.25959 -3.22856e-01 | 39  0.26937  1.03239e+00
 40  0.26210 -1.12997e+00 | 41 -0.52253  3.83603e-01 | 42 -0.50578 -7.23073e-01
 43  0.81459  4.06188e+02 | 44 -0.30401 -2.71870e+03 | 45  0.11872 -1.29369e+03
 46 -0.35588  1.03056e+03 | 47  0.26957 -2.53970e+02 | 48 -0.37523  7.28205e+02
 49  0.27776  2.21850e-01 | 50  0.24239  5.42135e-01 | 51 -0.40349 -1.57600e-01
 52 -0.73096 -2.48998e-01 |

Intermediate statistics: 52 variables; iteration 20; function evaluation 31; phase 3
Function value 2.1805450e+03; maximum gradient component mag 2.6207e+03
Var    Value     Gradient |Var    Value     Gradient |Var    Value     Gradient
  1  0.04399  2.34454e+03 |  2  0.00022 -1.40380e+01 |  3  0.04216 -1.15586e+01
  4 -0.00894 -3.80003e+00 |  5 -0.13170 -1.71305e+01 |  6 -0.01552 -4.30109e+00
  7 -0.11231 -2.75965e+01 |  8 -0.06871 -1.98469e+01 |  9  0.01224 -1.38940e+01
 10  0.11163 -3.98170e+01 | 11 -0.03318 -4.01853e+01 | 12  0.02033 -6.22366e+01
 13  0.00261 -1.60308e+02 | 14  0.06242 -1.80317e+02 | 15 -0.00491 -3.93248e+01
 16 -0.05299  7.69050e+00 | 17 -0.01974 -1.23076e+01 | 18  0.04438 -2.36907e-01
 19  0.05598 -5.57295e+00 | 20 -0.01008  8.68015e+01 | 21 -0.23389 -1.69135e+02
 22 -0.07209 -6.77144e+01 | 23  0.05557  1.09909e+02 | 24  0.01747  4.66853e+01
 25 -0.02302  7.21600e+01 | 26  0.04308  1.88567e+02 | 27  0.03836  1.62981e+02
 28  0.02394  1.71623e+02 | 29  0.00755  1.00569e+02 | 30  0.02484  1.76600e+02
 31  0.05342  1.63015e+02 | 32  0.07842  1.24134e+02 | 33 -0.00685 -4.07070e+01
 34 -0.03034 -3.37334e+01 | 35  0.01398 -1.75012e+01 | 36  0.12511  9.37038e+01
 37  0.25081 -2.06376e+03 | 38  0.25427  5.67866e+02 | 39  0.26350  3.83855e+02
 40  0.26000  2.62068e+03 | 41 -0.52819  1.20899e+02 | 42 -0.51415 -4.61458e+02
 43  0.35634  1.18021e+01 | 44 -0.23194  1.89596e+02 | 45  0.10522  4.84895e+02
 46 -0.64953 -2.04241e+02 | 47  0.21588 -1.00658e+02 | 48 -0.49617 -8.04095e+02
 49  0.25088  6.10535e+01 | 50  0.21573  1.83314e+02 | 51 -0.39312 -3.39139e+01
 52 -0.76636 -1.67598e+02 |
52 variables; iteration 40; function evaluation 60; phase 3
Function value 2.1303062e+03; maximum gradient component mag -8.2860e+02
Var    Value     Gradient |Var    Value     Gradient |Var    Value     Gradient
  1  0.04064 -7.79150e+02 |  2  0.00533  5.05825e+01 |  3  0.04679  7.81093e+01
  4 -0.03415  1.53856e+00 |  5 -0.15966  1.16320e+01 |  6 -0.04082  1.74401e+01
  7 -0.13996  1.85050e+01 |  8 -0.08902  2.11656e+01 |  9  0.00553  4.04601e+01
 10  0.11850  8.54215e+01 | 11 -0.02064  3.89675e+01 | 12  0.00414 -3.15142e+01
 13  0.02620 -6.41831e+01 | 14  0.06411 -1.52349e+02 | 15  0.00275 -4.06087e+01
 16 -0.06126 -2.01151e+01 | 17 -0.00538  2.12297e+01 | 18  0.03906  1.25731e+01
 19  0.07564  1.20907e+02 | 20 -0.02297  5.42552e+01 | 21 -0.14714 -2.52568e+01
 22 -0.05990 -3.53135e+01 | 23  0.04828  5.61525e+01 | 24  0.02982  6.02374e+01
 25 -0.03507 -4.60286e+01 | 26  0.05152 -5.36145e+01 | 27  0.04121  3.84132e+01
 28  0.03543  1.71706e+02 | 29  0.00816  6.27724e+01 | 30  0.02625  1.02183e+02
 31  0.06250  1.19146e+02 | 32  0.07783 -7.16875e+00 | 33 -0.00074 -9.60663e+01
 34 -0.01882 -8.32580e+01 | 35  0.01631 -5.68268e+01 | 36  0.06278  7.73233e+01
 37  0.26262 -3.33373e+02 | 38  0.24641 -8.28604e+02 | 39  0.25076 -3.35541e+02
 40  0.25199  3.08144e+02 | 41 -0.41517 -5.80788e+01 | 42 -0.49188 -7.84668e+01
 43  0.43820  5.44130e+01 | 44 -0.22589  1.51117e+02 | 45  0.09191  1.70005e+02
 46 -0.64426  5.51450e+01 | 47  0.22182  2.24725e+01 | 48 -0.48237 -1.61683e+02
 49  0.19390  5.98993e+01 | 50  0.15925 -1.63812e+02 | 51 -0.42633 -3.54246e+01
 52 -0.80156 -1.17581e+01 |
52 variables; iteration 60; function evaluation 89; phase 3
Function value 2.1024322e+03; maximum gradient component mag 7.5702e+02
Var    Value     Gradient |Var    Value     Gradient |Var    Value     Gradient
  1  0.03508  7.57020e+02 |  2  0.01120 -8.16411e+00 |  3  0.04829 -1.94058e+01
  4 -0.01301 -1.79064e+01 |  5 -0.13667 -1.93572e+01 |  6 -0.02236 -1.79091e+01
  7 -0.11882 -2.06684e+01 |  8 -0.07403 -2.08324e+01 |  9  0.00764 -1.73076e+01
 10  0.10554 -2.54802e+01 | 11 -0.02536 -1.54540e+01 | 12  0.00280 -9.17918e+00
 13  0.03537 -1.00254e+01 | 14  0.07837 -1.43845e+01 | 15  0.01212 -1.66346e+01
 16 -0.05941 -1.34815e+01 | 17 -0.01277 -9.50313e+00 | 18  0.02894 -3.42959e+01
 19  0.04793 -3.99784e+01 | 20 -0.03804 -2.71884e+01 | 21 -0.13900 -1.58217e+01
 22 -0.04633 -8.51518e+00 | 23  0.03835 -2.07355e+01 | 24  0.01391 -2.08878e+01
 25 -0.01942 -1.98606e+01 | 26  0.05835 -1.11637e+00 | 27  0.04323  2.60202e+01
 28  0.01731  1.22330e+01 | 29 -0.00557  7.13497e+00 | 30  0.01264  1.53692e+01
 31  0.04014  1.97162e+01 | 32  0.07327  4.26579e+01 | 33  0.01947  3.79127e+01
 34  0.00013  5.02517e+01 | 35  0.02111 -3.59321e+01 | 36 -0.01590 -3.01361e+01
 37  0.27489  1.85935e+02 | 38  0.26024  2.44837e+02 | 39  0.26504  3.43857e+01
 40  0.25838  1.48378e+02 | 41 -0.29261  2.55708e+02 | 42 -0.51316 -3.08119e+02
 43  0.45977  8.99006e+00 | 44 -0.26181  1.77310e+02 | 45  0.07014  2.84941e+01
 46 -0.67622 -5.31276e+01 | 47  0.22367 -2.43342e+01 | 48 -0.47772  1.44667e+01
 49  0.12285 -4.55550e-01 | 50  0.10273  4.10080e+02 | 51 -0.39585 -2.44937e+00
 52 -0.73153 -1.37565e+02 |
52 variables; iteration 80; function evaluation 109; phase 3
Function value 2.0883389e+03; maximum gradient component mag -1.3624e+00
Var    Value     Gradient |Var    Value     Gradient |Var    Value     Gradient
  1  0.03583 -1.36243e+00 |  2  0.00513  2.14988e-02 |  3  0.04772  1.25943e-02
  4 -0.01457  1.95787e-02 |  5 -0.13751  2.60711e-02 |  6 -0.02325  2.07202e-02
  7 -0.11845  2.67786e-02 |  8 -0.07359  2.39496e-02 |  9  0.00653  2.46861e-02
 10  0.10518  2.26080e-02 | 11 -0.02382  2.69353e-02 | 12  0.00008  3.30819e-02
 13  0.03579  6.33903e-02 | 14  0.07858  6.71061e-02 | 15  0.01521  6.03878e-02
 16 -0.06166  5.28187e-02 | 17 -0.01633  7.42185e-02 | 18  0.03403  1.36350e-02
 19  0.05326  2.26247e-02 | 20 -0.03389  1.52524e-02 | 21 -0.13568  2.99642e-02
 22 -0.04698  1.71619e-02 | 23  0.04042 -5.16743e-03 | 24  0.01408 -1.18337e-02
 25 -0.02026 -3.65127e-02 | 26  0.05742 -2.08087e-01 | 27  0.04241 -8.57154e-03
 28  0.01810 -6.37024e-03 | 29 -0.00511 -4.35192e-03 | 30  0.01171 -1.63353e-02
 31  0.03976 -2.88027e-02 | 32  0.07295 -8.51257e-02 | 33  0.01700 -1.06722e-01
 34 -0.00650 -1.17712e-01 | 35  0.02477  8.55424e-02 | 36 -0.00444  2.49562e-02
 37  0.26891 -1.16888e-01 | 38  0.25785 -8.12214e-02 | 39  0.26371  4.15777e-02
 40  0.25778 -6.94453e-02 | 41 -0.35095 -1.28358e-01 | 42 -0.51700  2.25923e-01
 43  0.39206  5.55715e-03 | 44 -0.35095  1.01418e-02 | 45  0.07128  3.00763e-03
 46 -0.67117  1.14447e-02 | 47  0.22424 -2.41430e-01 | 48 -0.47775 -2.62628e-02
 49  0.15964 -1.63788e-02 | 50  0.13329 -1.93140e-01 | 51 -0.38921  1.45689e-02
 52 -0.72035  9.25689e-02 |
52 variables; iteration 100; function evaluation 131; phase 3
Function value 2.0883387e+03; maximum gradient component mag 3.6909e+00
Var    Value     Gradient |Var    Value     Gradient |Var    Value     Gradient
  1  0.03583  3.69095e+00 |  2  0.00513 -5.19275e-02 |  3  0.04773 -3.14281e-02
  4 -0.01457 -6.01593e-02 |  5 -0.13751 -6.46588e-02 |  6 -0.02324 -5.02874e-02
  7 -0.11844 -6.25285e-02 |  8 -0.07359 -4.82923e-02 |  9  0.00653 -4.15931e-02
 10  0.10518  5.70820e-03 | 11 -0.02382 -3.61457e-02 | 12  0.00008 -2.48722e-03
 13  0.03578  5.81997e-03 | 14  0.07858  5.92363e-02 | 15  0.01520 -3.23431e-02
 16 -0.06166 -4.09715e-02 | 17 -0.01635 -9.76683e-02 | 18  0.03403 -2.01969e-02
 19  0.05326 -6.20534e-03 | 20 -0.03390 -7.17274e-02 | 21 -0.13567 -3.20254e-02
 22 -0.04697 -1.60524e-02 | 23  0.04041 -6.90154e-02 | 24  0.01407 -6.30286e-03
 25 -0.02026  4.65091e-02 | 26  0.05743  2.19328e-01 | 27  0.04241  1.32331e-01
 28  0.01809  2.98110e-02 | 29 -0.00511  9.84449e-03 | 30  0.01171 -3.34931e-02
 31  0.03976 -6.01692e-04 | 32  0.07295  3.80065e-02 | 33  0.01700  2.11038e-02
 34 -0.00649  4.72681e-03 | 35  0.02476  1.83770e-02 | 36 -0.00443 -4.38875e-02
 37  0.26891  8.18965e-01 | 38  0.25785  2.78651e-01 | 39  0.26371 -5.54233e-03
 40  0.25777  7.46097e-01 | 41 -0.32524  8.36097e-02 | 42 -0.52775  7.28582e-01
 43  0.39207 -4.34280e-02 | 44 -0.35095 -6.35472e-03 | 45  0.07128  6.92356e-02
 46 -0.67118 -4.59719e-02 | 47  0.22423 -5.44851e-01 | 48 -0.47775  3.38575e-02
 49  0.14394  1.92611e-02 | 50  0.11776  1.21814e-01 | 51 -0.37755 -1.32166e-02
 52 -0.69847  3.76508e-01 |
52 variables; iteration 120; function evaluation 153; phase 3
Function value 2.0883383e+03; maximum gradient component mag 9.9294e-01
Var    Value     Gradient |Var    Value     Gradient |Var    Value     Gradient
  1  0.03583  9.25690e-01 |  2  0.00513 -1.03611e-02 |  3  0.04772 -5.19442e-03
  4 -0.01457 -1.04023e-02 |  5 -0.13751 -1.31621e-02 |  6 -0.02325 -8.28885e-03
  7 -0.11845 -1.53470e-02 |  8 -0.07359 -1.10056e-02 |  9  0.00653 -7.19349e-03
 10  0.10518  6.33168e-03 | 11 -0.02382 -7.43416e-03 | 12  0.00008 -1.30162e-03
 13  0.03578 -8.08480e-03 | 14  0.07858  1.24160e-02 | 15  0.01520 -2.16402e-02
 16 -0.06166 -3.19009e-02 | 17 -0.01634 -4.83053e-02 | 18  0.03403  5.26737e-03
 19  0.05326  1.50701e-02 | 20 -0.03389 -1.34312e-02 | 21 -0.13568 -1.42886e-02
 22 -0.04698 -1.15214e-02 | 23  0.04042 -1.06166e-02 | 24  0.01407 -2.19170e-03
 25 -0.02026  6.37223e-03 | 26  0.05743  4.88811e-02 | 27  0.04241  4.97746e-02
 28  0.01810  2.10687e-02 | 29 -0.00511  5.59547e-03 | 30  0.01171 -1.53515e-03
 31  0.03976  5.90543e-03 | 32  0.07295  2.13882e-02 | 33  0.01700  1.35101e-02
 34 -0.00649  9.43889e-05 | 35  0.02476 -5.34227e-04 | 36 -0.00443 -5.32413e-03
 37  0.26891  2.64559e-01 | 38  0.25785  1.27638e-01 | 39  0.26371  2.11448e-02
 40  0.25777  3.34606e-01 | 41 -0.24849 -1.60056e-01 | 42 -0.55598  9.92940e-01
 43  0.39206 -1.04715e-02 | 44 -0.35095 -5.11914e-03 | 45  0.07128  2.12024e-02
 46 -0.67118 -7.77130e-03 | 47  0.22425 -7.43272e-02 | 48 -0.47775 -7.99090e-03
 49  0.09563  3.15130e-02 | 50  0.06976 -2.79070e-01 | 51 -0.34852 -2.58373e-03
 52 -0.64868  6.15164e-01 |
52 variables; iteration 140; function evaluation 174; phase 3
Function value 2.0883380e+03; maximum gradient component mag -7.1175e-01
Var    Value     Gradient |Var    Value     Gradient |Var    Value     Gradient
  1  0.03583 -7.11753e-01 |  2  0.00513  1.13150e-02 |  3  0.04772  8.79769e-03
  4 -0.01457  1.74894e-02 |  5 -0.13752  8.42124e-03 |  6 -0.02326  1.06789e-02
  7 -0.11846  4.80818e-03 |  8 -0.07360  4.06760e-03 |  9  0.00652  5.74601e-03
 10  0.10518  3.36626e-04 | 11 -0.02381  9.05782e-03 | 12  0.00007 -1.39566e-02
 13  0.03579 -4.15732e-03 | 14  0.07858 -3.34791e-02 | 15  0.01521 -9.18135e-03
 16 -0.06166 -1.59818e-02 | 17 -0.01633 -1.45935e-03 | 18  0.03403  7.50859e-03
 19  0.05326 -1.96606e-03 | 20 -0.03389  1.46185e-02 | 21 -0.13569 -3.32058e-04
 22 -0.04698 -5.20411e-03 | 23  0.04043  2.65173e-02 | 24  0.01408  5.47134e-03
 25 -0.02026 -5.65292e-03 | 26  0.05743 -3.25197e-02 | 27  0.04241 -2.71585e-02
 28  0.01810 -2.41556e-03 | 29 -0.00511  6.41534e-04 | 30  0.01171  1.26820e-02
 31  0.03976  3.06623e-03 | 32  0.07295  1.32085e-03 | 33  0.01700 -2.70586e-03
 34 -0.00649 -6.01211e-03 | 35  0.02476 -2.71657e-02 | 36 -0.00443  3.66972e-03
 37  0.26891 -1.69097e-01 | 38  0.25785 -3.84040e-02 | 39  0.26371  3.11540e-02
 40  0.25777 -1.17983e-01 | 41 -0.16254  1.49900e-02 | 42 -0.58589  1.39548e-01
 43  0.39206  1.45478e-02 | 44 -0.35095 -5.27147e-03 | 45  0.07127 -3.09876e-02
 46 -0.67118  9.37519e-03 | 47  0.22425  1.46666e-01 | 48 -0.47774 -3.86289e-02
 49  0.03931  4.27041e-02 | 50  0.01362 -1.87527e-02 | 51 -0.32020 -1.01921e-02
 52 -0.60444  1.06466e-01 |
52 variables; iteration 160; function evaluation 199; phase 3
Function value 2.0883379e+03; maximum gradient component mag 2.1084e-01
Var    Value     Gradient |Var    Value     Gradient |Var    Value     Gradient
  1  0.03583  6.29722e-02 |  2  0.00513 -9.16808e-04 |  3  0.04772 -3.76364e-04
  4 -0.01457 -1.21634e-03 |  5 -0.13751 -1.28257e-03 |  6 -0.02325 -1.42267e-03
  7 -0.11845 -1.27775e-03 |  8 -0.07360 -1.22463e-03 |  9  0.00653 -9.59368e-04
 10  0.10518  7.19125e-04 | 11 -0.02382 -1.25179e-03 | 12  0.00008 -1.93674e-03
 13  0.03578 -5.66162e-03 | 14  0.07858  1.42019e-03 | 15  0.01520 -3.72560e-03
 16 -0.06166 -6.64429e-03 | 17 -0.01633 -9.26284e-03 | 18  0.03403  1.44011e-03
 19  0.05326  3.88625e-03 | 20 -0.03389 -6.14293e-04 | 21 -0.13568 -1.82440e-03
 22 -0.04698 -3.23738e-03 | 23  0.04042 -6.53795e-04 | 24  0.01408 -6.17373e-04
 25 -0.02027 -2.36927e-03 | 26  0.05743  3.67632e-03 | 27  0.04241  5.71916e-03
 28  0.01810  4.22141e-03 | 29 -0.00511  1.04949e-03 | 30  0.01171  1.02156e-03
 31  0.03976  9.57141e-04 | 32  0.07295  2.87992e-03 | 33  0.01700  1.47418e-03
 34 -0.00649 -6.43422e-04 | 35  0.02476  2.03719e-03 | 36 -0.00443  8.97759e-04
 37  0.26891  3.72268e-02 | 38  0.25785  2.07730e-02 | 39  0.26371  4.56263e-03
 40  0.25777  5.27490e-02 | 41 -0.08158 -6.30234e-02 | 42 -0.61355  2.10837e-01
 43  0.39206 -1.34854e-03 | 44 -0.35095 -7.71718e-04 | 45  0.07128  4.90637e-03
 46 -0.67118 -1.99543e-03 | 47  0.22425 -1.18322e-03 | 48 -0.47774 -2.86425e-03
 49 -0.01533 -1.69648e-03 | 50 -0.04102 -9.02289e-02 | 51 -0.29608  9.72019e-03
 52 -0.56912  1.68337e-01 |
52 variables; iteration 180; function evaluation 223; phase 3
Function value 2.0883379e+03; maximum gradient component mag 2.9484e-03
Var    Value     Gradient |Var    Value     Gradient |Var    Value     Gradient
  1  0.03583  2.42319e-04 |  2  0.00513 -2.71031e-05 |  3  0.04772 -6.14982e-05
  4 -0.01457 -1.82371e-05 |  5 -0.13751  4.01532e-06 |  6 -0.02325  1.51865e-05
  7 -0.11845  3.65340e-05 |  8 -0.07360  6.33809e-05 |  9  0.00652  7.08380e-05
 10  0.10518  1.96898e-04 | 11 -0.02382  7.75716e-05 | 12  0.00008  1.43535e-05
 13  0.03578  5.91263e-05 | 14  0.07858 -3.83300e-05 | 15  0.01520 -2.78059e-05
 16 -0.06166  6.10880e-07 | 17 -0.01633  1.41043e-05 | 18  0.03403 -1.96292e-04
 19  0.05326 -1.67552e-04 | 20 -0.03389 -1.61247e-04 | 21 -0.13568 -1.00270e-05
 22 -0.04698 -2.04092e-04 | 23  0.04042 -3.65449e-04 | 24  0.01408 -1.61876e-04
 25 -0.02027  1.14366e-05 | 26  0.05743 -1.76440e-05 | 27  0.04241  3.13725e-04
 28  0.01810  3.04268e-04 | 29 -0.00511  1.24003e-04 | 30  0.01171 -1.71730e-05
 31  0.03976 -5.07444e-05 | 32  0.07295  7.30772e-05 | 33  0.01700  5.15500e-04
 34 -0.00649 -1.18454e-04 | 35  0.02476  1.98799e-04 | 36 -0.00443  6.63397e-05
 37  0.26891  1.24877e-05 | 38  0.25785 -6.73187e-04 | 39  0.26371 -3.74123e-04
 40  0.25777  7.72223e-04 | 41 -0.03884 -1.54614e-03 | 42 -0.62793  2.94840e-03
 43  0.39206  3.00224e-05 | 44 -0.35095 -3.02975e-05 | 45  0.07128  9.18253e-04
 46 -0.67118 -4.69043e-04 | 47  0.22425 -3.44897e-04 | 48 -0.47774  5.07015e-05
 49 -0.04462 -2.10979e-04 | 50 -0.07039 -2.31976e-03 | 51 -0.28429  1.64438e-04
 52 -0.55249  1.96799e-03 |
52 variables; iteration 200; function evaluation 243; phase 3
Function value 2.0883379e+03; maximum gradient component mag -3.2987e-01
Var    Value     Gradient |Var    Value     Gradient |Var    Value     Gradient
  1  0.03583 -3.29872e-01 |  2  0.00513  9.33256e-03 |  3  0.04772  1.09252e-02
  4 -0.01457  1.13547e-02 |  5 -0.13751  3.35294e-03 |  6 -0.02325  4.93530e-03
  7 -0.11845  2.52200e-03 |  8 -0.07360  8.53871e-04 |  9  0.00652 -3.59964e-03
 10  0.10518 -1.99704e-02 | 11 -0.02382 -2.30552e-03 | 12  0.00007 -7.37337e-03
 13  0.03578  3.31479e-04 | 14  0.07858 -9.07550e-03 | 15  0.01520 -1.76444e-03
 16 -0.06166 -3.89088e-03 | 17 -0.01633  1.13147e-03 | 18  0.03403  8.00538e-03
 19  0.05326 -1.18148e-03 | 20 -0.03389  5.71004e-03 | 21 -0.13569 -1.68997e-04
 22 -0.04698  4.25319e-03 | 23  0.04043  1.31586e-02 | 24  0.01408  4.77093e-03
 25 -0.02027 -8.74584e-04 | 26  0.05743 -1.14028e-02 | 27  0.04241 -1.68769e-02
 28  0.01810 -7.98538e-03 | 29 -0.00511  9.30693e-04 | 30  0.01171  7.98965e-03
 31  0.03976  3.56384e-03 | 32  0.07295 -2.97518e-03 | 33  0.01700 -1.19976e-02
 34 -0.00649 -1.65474e-03 | 35  0.02476 -1.08621e-02 | 36 -0.00443  3.23793e-03
 37  0.26891 -8.10304e-02 | 38  0.25785  6.63736e-03 | 39  0.26371  1.25143e-02
 40  0.25777 -7.80469e-02 | 41 -0.03725 -9.02927e-03 | 42 -0.62943 -3.52252e-03
 43  0.39206  5.55132e-03 | 44 -0.35095 -4.34109e-03 | 45  0.07127 -3.88572e-02
 46 -0.67118  2.02677e-02 | 47  0.22425  4.08279e-02 | 48 -0.47774 -1.18736e-02
 49 -0.04571  1.16764e-02 | 50 -0.07148 -2.50189e-02 | 51 -0.28309 -2.34471e-03
 52 -0.55082 -1.95497e-03 |
52 variables; iteration 220; function evaluation 265; phase 3
Function value 2.0883379e+03; maximum gradient component mag -6.7365e-03
Var    Value     Gradient |Var    Value     Gradient |Var    Value     Gradient
  1  0.03583 -6.57478e-03 |  2  0.00513  1.12344e-04 |  3  0.04772  1.11650e-04
  4 -0.01457  6.95546e-05 |  5 -0.13751  7.97931e-05 |  6 -0.02325  5.50428e-05
  7 -0.11845  8.78675e-05 |  8 -0.07360  8.59539e-05 |  9  0.00652 -4.32083e-05
 10  0.10518 -3.97359e-04 | 11 -0.02382 -1.12853e-04 | 12  0.00008  4.52584e-05
 13  0.03578 -6.53917e-05 | 14  0.07858  8.81774e-05 | 15  0.01520  3.51925e-05
 16 -0.06166  1.29414e-04 | 17 -0.01633  4.82229e-05 | 18  0.03403  7.25175e-05
 19  0.05326 -4.19656e-05 | 20 -0.03389 -8.54160e-05 | 21 -0.13568  4.69174e-05
 22 -0.04698  1.68307e-04 | 23  0.04042 -2.34989e-04 | 24  0.01408 -3.32079e-05
 25 -0.02027  1.35459e-04 | 26  0.05743  3.06652e-04 | 27  0.04241 -1.25947e-04
 28  0.01810 -3.63842e-04 | 29 -0.00511 -8.81253e-05 | 30  0.01171 -1.41324e-04
 31  0.03976 -6.86998e-05 | 32  0.07295 -2.60786e-04 | 33  0.01700 -2.44173e-04
 34 -0.00649  1.39864e-04 | 35  0.02476  1.02931e-04 | 36 -0.00443  1.84558e-04
 37  0.26891  6.65086e-04 | 38  0.25785  2.85235e-04 | 39  0.26371 -4.15559e-04
 40  0.25777 -5.55389e-04 | 41 -0.06285 -5.08773e-03 | 42 -0.63656  2.81985e-03
 43  0.39206 -8.99469e-05 | 44 -0.35095  3.79153e-05 | 45  0.07128 -3.88415e-04
 46 -0.67118  2.66779e-04 | 47  0.22425 -1.65312e-03 | 48 -0.47774  5.29877e-04
 49 -0.02814 -6.26883e-04 | 50 -0.05385 -6.73651e-03 | 51 -0.27745  2.60760e-04
 52 -0.54300  2.30361e-03 |
52 variables; iteration 240; function evaluation 287; phase 3
Function value 2.0883379e+03; maximum gradient component mag 2.7652e-04
Var    Value     Gradient |Var    Value     Gradient |Var    Value     Gradient
  1  0.03583  2.62004e-06 |  2  0.00513  1.01469e-06 |  3  0.04772  2.13405e-06
  4 -0.01457  2.42183e-07 |  5 -0.13751  9.74353e-07 |  6 -0.02325  2.77827e-07
  7 -0.11845  2.11189e-06 |  8 -0.07360  1.58936e-06 |  9  0.00652  8.09099e-07
 10  0.10518  2.39827e-06 | 11 -0.02382  1.12670e-06 | 12  0.00008  3.65436e-06
 13  0.03578  4.23040e-07 | 14  0.07858 -2.51538e-07 | 15  0.01520 -4.37919e-06
 16 -0.06166 -4.64608e-06 | 17 -0.01633 -4.79712e-06 | 18  0.03403  1.69263e-06
 19  0.05326  6.62526e-06 | 20 -0.03389  5.70192e-07 | 21 -0.13568 -3.24123e-06
 22 -0.04698 -3.97271e-07 | 23  0.04042  2.35616e-06 | 24  0.01408 -1.91875e-06
 25 -0.02027 -7.79838e-06 | 26  0.05743 -5.81556e-06 | 27  0.04241  7.36365e-06
 28  0.01810  7.78399e-06 | 29 -0.00511  1.33584e-06 | 30  0.01171  6.20140e-06
 31  0.03976  6.26073e-06 | 32  0.07295  9.07126e-06 | 33  0.01700  3.27036e-06
 34 -0.00649 -3.49006e-06 | 35  0.02476  6.61380e-06 | 36 -0.00443  2.96799e-06
 37  0.26891  3.48677e-05 | 38  0.25785  1.78681e-05 | 39  0.26371  4.12120e-06
 40  0.25777  5.81264e-05 | 41 -0.05944 -1.07390e-04 | 42 -0.63901  2.76524e-04
 43  0.39206  1.43458e-07 | 44 -0.35095 -2.06344e-06 | 45  0.07128 -1.58524e-06
 46 -0.67118 -2.09245e-07 | 47  0.22425  4.35112e-05 | 48 -0.47774 -7.85638e-06
 49 -0.03048 -7.81785e-06 | 50 -0.05620 -1.48558e-04 | 51 -0.27555  1.24794e-05
 52 -0.54038  2.49945e-04 |
  ic > imax  in fminim is answer attained ?
Var    Value     Gradient |Var    Value     Gradient |Var    Value     Gradient
  1  0.03583  1.10447e-04 |  2  0.00513 -2.55013e-07 |  3  0.04772  1.30290e-06
  4 -0.01457 -1.00700e-06 |  5 -0.13751 -8.88650e-07 |  6 -0.02325 -8.21019e-07
  7 -0.11845 -2.31605e-07 |  8 -0.07360 -6.73006e-07 |  9  0.00652 -7.14348e-07
 10  0.10518  8.42689e-07 | 11 -0.02382 -3.86847e-07 | 12  0.00008  1.54265e-06
 13  0.03578  9.18693e-07 | 14  0.07858  2.87367e-06 | 15  0.01520  9.60735e-07
 16 -0.06166  8.42320e-07 | 17 -0.01633  1.23382e-06 | 18  0.03403  5.25037e-07
 19  0.05326  3.40543e-06 | 20 -0.03389  6.42418e-07 | 21 -0.13568 -6.65840e-07
 22 -0.04698  6.76276e-07 | 23  0.04042  1.97924e-06 | 24  0.01408 -6.17206e-08
 25 -0.02027 -3.79295e-06 | 26  0.05743 -3.42309e-06 | 27  0.04241  3.32259e-06
 28  0.01810  4.62363e-06 | 29 -0.00511  1.43893e-06 | 30  0.01171  3.59252e-06
 31  0.03976  2.54816e-06 | 32  0.07295  3.07446e-06 | 33  0.01700  2.21601e-07
 34 -0.00649 -2.70340e-06 | 35  0.02476  2.89034e-06 | 36 -0.00443 -1.67978e-06
 37  0.26891  1.25071e-05 | 38  0.25785  9.68525e-06 | 39  0.26371  1.91564e-06
 40  0.25777  1.76792e-05 | 41 -0.05944  2.40349e-05 | 42 -0.63901  6.19499e-06
 43  0.39206 -4.38104e-07 | 44 -0.35095 -8.73831e-07 | 45  0.07128  2.25532e-07
 46 -0.67118  1.04428e-06 | 47  0.22425  2.43864e-05 | 48 -0.47774 -3.15097e-06
 49 -0.03048  3.47209e-07 | 50 -0.05620  3.45927e-05 | 51 -0.27555  1.65920e-07
 52 -0.54038  5.66956e-06 |
Function minimizer not making progress ... is minimum attained?
Minimprove criterion = 0.0000e+00

 - final statistics:
52 variables; iteration 242; function evaluation 318
Function value 2.0883e+03; maximum gradient component mag 1.1045e-04
Exit code = 1;  converg criter 1.0000e-04
Var    Value     Gradient |Var    Value     Gradient |Var    Value     Gradient
  1  0.03583  1.10447e-04 |  2  0.00513 -2.55013e-07 |  3  0.04772  1.30290e-06
  4 -0.01457 -1.00700e-06 |  5 -0.13751 -8.88650e-07 |  6 -0.02325 -8.21019e-07
  7 -0.11845 -2.31605e-07 |  8 -0.07360 -6.73006e-07 |  9  0.00652 -7.14348e-07
 10  0.10518  8.42689e-07 | 11 -0.02382 -3.86847e-07 | 12  0.00008  1.54265e-06
 13  0.03578  9.18693e-07 | 14  0.07858  2.87367e-06 | 15  0.01520  9.60735e-07
 16 -0.06166  8.42320e-07 | 17 -0.01633  1.23382e-06 | 18  0.03403  5.25037e-07
 19  0.05326  3.40543e-06 | 20 -0.03389  6.42418e-07 | 21 -0.13568 -6.65840e-07
 22 -0.04698  6.76276e-07 | 23  0.04042  1.97924e-06 | 24  0.01408 -6.17206e-08
 25 -0.02027 -3.79295e-06 | 26  0.05743 -3.42309e-06 | 27  0.04241  3.32259e-06
 28  0.01810  4.62363e-06 | 29 -0.00511  1.43893e-06 | 30  0.01171  3.59252e-06
 31  0.03976  2.54816e-06 | 32  0.07295  3.07446e-06 | 33  0.01700  2.21601e-07
 34 -0.00649 -2.70340e-06 | 35  0.02476  2.89034e-06 | 36 -0.00443 -1.67978e-06
 37  0.26891  1.25071e-05 | 38  0.25785  9.68525e-06 | 39  0.26371  1.91564e-06
 40  0.25777  1.76792e-05 | 41 -0.05944  2.40349e-05 | 42 -0.63901  6.19499e-06
 43  0.39206 -4.38104e-07 | 44 -0.35095 -8.73831e-07 | 45  0.07128  2.25532e-07
 46 -0.67118  1.04428e-06 | 47  0.22425  2.43864e-05 | 48 -0.47774 -3.15097e-06
 49 -0.03048  3.47209e-07 | 50 -0.05620  3.45927e-05 | 51 -0.27555  1.65920e-07
 52 -0.54038  5.66956e-06 |
Estimating row 1 out of 52 for hessian
Estimating row 2 out of 52 for hessian
Estimating row 3 out of 52 for hessian
Estimating row 4 out of 52 for hessian
Estimating row 5 out of 52 for hessian
Estimating row 6 out of 52 for hessian
Estimating row 7 out of 52 for hessian
Estimating row 8 out of 52 for hessian
Estimating row 9 out of 52 for hessian
Estimating row 10 out of 52 for hessian
Estimating row 11 out of 52 for hessian
Estimating row 12 out of 52 for hessian
Estimating row 13 out of 52 for hessian
Estimating row 14 out of 52 for hessian
Estimating row 15 out of 52 for hessian
Estimating row 16 out of 52 for hessian
Estimating row 17 out of 52 for hessian
Estimating row 18 out of 52 for hessian
Estimating row 19 out of 52 for hessian
Estimating row 20 out of 52 for hessian
Estimating row 21 out of 52 for hessian
Estimating row 22 out of 52 for hessian
Estimating row 23 out of 52 for hessian
Estimating row 24 out of 52 for hessian
Estimating row 25 out of 52 for hessian
Estimating row 26 out of 52 for hessian
Estimating row 27 out of 52 for hessian
Estimating row 28 out of 52 for hessian
Estimating row 29 out of 52 for hessian
Estimating row 30 out of 52 for hessian
Estimating row 31 out of 52 for hessian
Estimating row 32 out of 52 for hessian
Estimating row 33 out of 52 for hessian
Estimating row 34 out of 52 for hessian
Estimating row 35 out of 52 for hessian
Estimating row 36 out of 52 for hessian
Estimating row 37 out of 52 for hessian
Estimating row 38 out of 52 for hessian
Estimating row 39 out of 52 for hessian
Estimating row 40 out of 52 for hessian
Estimating row 41 out of 52 for hessian
Estimating row 42 out of 52 for hessian
Estimating row 43 out of 52 for hessian
Estimating row 44 out of 52 for hessian
Estimating row 45 out of 52 for hessian
Estimating row 46 out of 52 for hessian
Estimating row 47 out of 52 for hessian
Estimating row 48 out of 52 for hessian
Estimating row 49 out of 52 for hessian
Estimating row 50 out of 52 for hessian
Estimating row 51 out of 52 for hessian
Estimating row 52 out of 52 for hessian
size of file gradfil1.tmp = 0
size of file gradfil2.tmp = 0
size of file varssave.tmp = 0
size of file cmpdiff.tmp = 0
