
Initial statistics: 36 variables; iteration 0; function evaluation 0; phase 1
Function value 7.9833447e+03; maximum gradient component mag -8.7947e+04
Var    Value     Gradient |Var    Value     Gradient |Var    Value     Gradient
  1 -0.00768 -8.79469e+04 |  2  0.01892  5.33965e+02 |  3  0.07998 -6.25854e+02
  4 -0.06102  1.94424e+02 |  5 -0.20706  7.96719e+02 |  6 -0.00175  4.60343e+02
  7 -0.10238  1.12643e+03 |  8 -0.06166  9.37286e+02 |  9 -0.03214  6.83212e+02
 10  0.10178 -4.24120e+01 | 11  0.02885  3.44548e+02 | 12 -0.03304  6.93549e+02
 13  0.05998  5.86499e+00 | 14  0.13479 -3.40194e+02 | 15 -0.01659 -1.96235e+01
 16 -0.10736  2.42121e+00 | 17  0.03723  3.66787e+02 | 18  0.00885  1.78018e+02
 19  0.00552 -1.74540e+02 | 20 -0.05358  3.34588e+02 | 21 -0.13542 -1.61424e+02
 22 -0.05731  1.35787e+02 | 23  0.07929  3.42875e+02 | 24  0.00133  1.31449e+02
 25 -0.07340  3.14248e+02 | 26  0.08259 -3.38095e+02 | 27  0.08480 -6.36747e+02
 28  0.06914 -9.46839e+02 | 29  0.01977  1.95898e+02 | 30  0.05131 -7.53174e+02
 31  0.05875 -1.35033e+03 | 32  0.03684 -1.35731e+03 | 33  0.03167 -1.20967e+03
 34 -0.03330 -5.81916e+02 | 35  0.03249 -5.92019e+02 | 36 -0.05127  1.31838e+03

Intermediate statistics: 36 variables; iteration 20; function evaluation 30; phase 1
Function value 5.7794990e+03; maximum gradient component mag 1.3329e+04
Var    Value     Gradient |Var    Value     Gradient |Var    Value     Gradient
  1  0.05283  1.33286e+04 |  2  0.04583 -2.30762e+02 |  3 -0.48798 -2.92763e+02
  4 -0.05050 -2.72199e+02 |  5 -0.21721 -1.43394e+02 |  6 -0.02847 -1.55354e+02
  7 -0.13671 -1.28389e+02 |  8 -0.06206 -1.14677e+02 |  9  0.07768 -6.92460e+01
 10  0.23442  1.25621e+02 | 11 -0.13196 -1.50386e+02 | 12  0.08193 -1.20731e+02
 13 -0.02916 -1.28479e+02 | 14  0.07178  1.93339e+02 | 15 -0.01184  1.10181e+02
 16 -0.04638  6.04944e+01 | 17 -0.21262 -1.70120e+02 | 18  0.10343  2.10014e+02
 19  0.12116  3.69236e+02 | 20  0.02515  3.36094e+02 | 21 -0.00969  1.70376e+02
 22 -0.12346 -5.22209e+01 | 23 -0.13634 -9.45290e+01 | 24  0.12417  1.54814e+02
 25 -0.03322 -2.09347e+01 | 26  0.03127  2.34733e+02 | 27  0.23733  6.73829e+02
 28  0.20453  5.18483e+02 | 29  0.12199  1.92710e+02 | 30  0.17894  3.79401e+02
 31  0.19533  4.51426e+02 | 32  0.17919  3.80629e+02 | 33  0.02571  3.09161e+01
 34 -0.03023  5.54160e+01 | 35  0.04824  1.77582e+02 | 36 -0.33776 -1.56357e+02
36 variables; iteration 40; function evaluation 58; phase 1
Function value 5.4143811e+03; maximum gradient component mag -3.5171e+03
Var    Value     Gradient |Var    Value     Gradient |Var    Value     Gradient
  1  0.03936 -3.51710e+03 |  2  0.03459 -1.11375e+02 |  3 -0.09509 -3.30388e+02
  4 -0.03939 -1.11424e+02 |  5 -0.30072 -1.04539e+02 |  6 -0.01496 -5.74945e+01
  7 -0.10829  3.91051e+01 |  8 -0.10051 -4.24269e+01 |  9  0.03848 -1.04788e+00
 10  0.20528  8.13980e+01 | 11 -0.14368 -6.68921e+01 | 12  0.11788  3.98090e+00
 13 -0.01994 -8.59710e+01 | 14  0.05747 -1.23033e+01 | 15  0.00675  7.91835e+01
 16 -0.01632  3.60335e+01 | 17 -0.15942 -4.47968e+01 | 18  0.03480 -1.01033e+02
 19  0.07239  6.00597e+01 | 20 -0.02834  1.48481e+02 | 21 -0.04675 -1.31993e+02
 22 -0.10129 -1.06226e+02 | 23 -0.09911 -6.95131e+01 | 24  0.08892 -2.18470e+02
 25 -0.02297 -6.81847e+01 | 26  0.04127  4.76276e+01 | 27  0.16294  1.07643e+02
 28  0.10134  5.69332e+01 | 29  0.05503  9.85200e+01 | 30  0.09230 -6.67534e+01
 31  0.07596 -2.04913e+02 | 32  0.14247 -1.82941e+02 | 33  0.05077 -1.29068e+02
 34 -0.05943 -1.34737e+02 | 35  0.03945 -1.93104e+02 | 36 -0.11979  8.18919e+01

 - final statistics:
36 variables; iteration 56; function evaluation 75
Function value 5.3328e+03; maximum gradient component mag 5.1423e+00
Exit code = 1;  converg criter 1.0000e+01
Var    Value     Gradient |Var    Value     Gradient |Var    Value     Gradient
  1  0.04720 -7.90767e-01 |  2  0.00733  5.14226e+00 |  3  0.06157  2.88887e+00
  4  0.00798 -3.90735e-01 |  5 -0.11488 -1.11114e+00 |  6  0.00884 -3.60834e+00
  7 -0.08303 -8.62339e-01 |  8 -0.04696 -1.35131e+00 |  9  0.03690 -7.83189e-01
 10  0.16152 -9.68181e-02 | 11 -0.09840 -1.58817e+00 | 12  0.09417 -9.29189e-01
 13  0.00862  1.14909e+00 | 14  0.04562 -9.61580e-01 | 15 -0.03020 -2.05235e+00
 16 -0.03088  1.97580e-01 | 17 -0.15636 -1.02925e+00 | 18  0.04661  1.10712e+00
 19  0.02318  1.15732e-01 | 20 -0.11484 -8.65703e-01 | 21 -0.01487  8.29009e-01
 22 -0.10076 -1.46329e+00 | 23 -0.10430 -8.31782e-01 | 24  0.11283 -4.72021e+00
 25 -0.02594 -2.50835e+00 | 26  0.00333 -3.99813e+00 | 27  0.13225 -1.63513e+00
 28  0.07117 -1.91085e+00 | 29 -0.00139  5.95756e-01 | 30  0.08715 -4.46402e-01
 31  0.10896 -6.41592e-02 | 32  0.13190  1.29483e-01 | 33  0.02968 -2.55596e+00
 34 -0.04244  1.57090e-01 | 35  0.02346  1.64244e+00 | 36 -0.24305 -1.11003e+00

Initial statistics: 46 variables; iteration 0; function evaluation 0; phase 2
Function value 5.3328490e+03; maximum gradient component mag 1.2248e+04
Var    Value     Gradient |Var    Value     Gradient |Var    Value     Gradient
  1  0.04720 -7.90767e-01 |  2  0.00734  5.80684e+00 |  3  0.06159  3.55038e+00
  4  0.00800  2.73837e-01 |  5 -0.11486 -4.57314e-01 |  6  0.00886 -2.94377e+00
  7 -0.08301 -2.03360e-01 |  8 -0.04694 -6.88492e-01 |  9  0.03692 -1.19681e-01
 10  0.16154  5.46526e-01 | 11 -0.09838 -9.31468e-01 | 12  0.09419 -2.71822e-01
 13  0.00864  1.81365e+00 | 14  0.04564 -2.98660e-01 | 15 -0.03018 -1.38847e+00
 16 -0.03086  8.61424e-01 | 17 -0.15634 -3.84579e-01 | 18  0.04663  1.76996e+00
 19  0.02320  7.79915e-01 | 20 -0.11482 -2.11863e-01 | 21 -0.01485  1.49345e+00
 22 -0.10074 -8.06977e-01 | 23 -0.10428 -1.76059e-01 | 24  0.11285 -4.06597e+00
 25 -0.02592 -1.84428e+00 | 26  0.00335 -3.33352e+00 | 27  0.13227 -9.84784e-01
 28  0.07119 -1.25037e+00 | 29 -0.00137  1.26038e+00 | 30  0.08717  2.12005e-01
 31  0.10898  5.90752e-01 | 32  0.13192  7.79888e-01 | 33  0.02970 -1.89205e+00
 34 -0.04242  8.20240e-01 | 35  0.02348  2.30661e+00 | 36 -0.24303 -4.93267e-01
 37  0.30309  1.22479e+04 | 38  0.21711 -3.04828e+03 | 39  0.48456  8.03671e+03
 40  0.20040 -7.87379e+03 | 41 -0.02185 -5.58395e+02 | 42 -0.44805  1.45977e+03
 43 -0.03233 -4.45418e+01 | 44 -0.01628 -7.67839e+02 | 45 -0.25715  9.13199e+01
 46 -0.36098  1.14676e+03 |

Intermediate statistics: 46 variables; iteration 20; function evaluation 28; phase 2
Function value 3.7982738e+03; maximum gradient component mag 1.0003e+04
Var    Value     Gradient |Var    Value     Gradient |Var    Value     Gradient
  1  0.07353  4.96167e+00 |  2 -0.02783  5.28135e+01 |  3  0.00026  4.47769e+01
  4 -0.04442  5.09692e+01 |  5 -0.16665  5.19151e+01 |  6 -0.04865  4.86106e+01
  7 -0.13813  4.88394e+01 |  8 -0.09104  5.15295e+01 |  9  0.00613  6.53066e+01
 10  0.14151  8.36975e+01 | 11 -0.03810  1.57735e+02 | 12  0.03904  1.18381e+01
 13  0.00321  1.17103e+02 | 14  0.03294  8.79068e+01 | 15 -0.01210  1.21868e+02
 16 -0.02046  5.12053e+01 | 17  0.02177  2.75655e+02 | 18  0.03010 -5.04145e+01
 19  0.12842  3.79990e+01 | 20  0.05875  2.41530e+02 | 21 -0.06415 -1.78617e+01
 22 -0.05458  1.02862e+02 | 23  0.02524  1.37332e+02 | 24 -0.12836 -2.03938e+02
 25  0.06635  1.06170e+02 | 26  0.07935  8.63541e+01 | 27 -0.03324 -3.18119e+02
 28  0.10701  7.83860e+01 | 29  0.05817  1.11077e+02 | 30  0.03461 -5.50563e+01
 31  0.10020  4.36854e+01 | 32  0.12983  9.67923e+01 | 33 -0.02519  7.42621e+01
 34 -0.03960  1.77370e+02 | 35  0.03314  7.35439e+01 | 36 -0.10325  8.84922e+01
 37  0.27624  1.00034e+04 | 38  0.17690 -6.55520e+03 | 39  0.26303  2.13874e+03
 40  0.20657 -2.43521e+03 | 41 -0.08136 -7.73538e+02 | 42 -0.85191 -3.79064e+01
 43 -0.08244  8.53181e+01 | 44 -0.10878 -1.20266e+03 | 45 -0.22227 -1.33667e+02
 46 -0.43560  1.31759e+01 |
46 variables; iteration 40; function evaluation 61; phase 2
Function value 3.3794005e+03; maximum gradient component mag -5.9172e+02
Var    Value     Gradient |Var    Value     Gradient |Var    Value     Gradient
  1  0.07400 -5.91720e+02 |  2 -0.01666  2.55906e+01 |  3  0.00598  3.80896e+00
  4 -0.04264 -1.26831e+01 |  5 -0.15571  5.44901e+00 |  6 -0.03903 -1.69835e+01
  7 -0.10914  2.00080e+01 |  8 -0.06446  1.72254e+01 |  9  0.02822  2.82905e+01
 10  0.15385  2.43127e+01 | 11 -0.03209  2.30239e+01 | 12  0.05740 -5.73398e+00
 13  0.00717  3.34126e+00 | 14  0.03816  3.19293e+00 | 15 -0.02396 -1.02639e+01
 16 -0.06393 -1.64684e+01 | 17 -0.02179 -1.23691e+01 | 18  0.06508 -7.52988e+00
 19  0.11610 -4.28803e+01 | 20  0.01214 -6.47066e+00 | 21 -0.02548 -2.13596e+01
 22 -0.05314  2.21388e+01 | 23 -0.01750  6.75468e+00 | 24  0.07074  3.85399e+01
 25  0.00677 -2.31607e+00 | 26  0.02894 -1.89261e+01 | 27  0.05964  9.55130e+00
 28  0.05699  3.36274e+00 | 29  0.01702 -9.34632e+00 | 30  0.04555  1.25403e+01
 31  0.07599  7.75229e+00 | 32  0.10106  1.74514e+00 | 33 -0.02302  1.59473e+01
 34 -0.08015  2.62857e+00 | 35  0.01659  2.79956e+01 | 36 -0.19351  2.55306e+00
 37  0.24984  1.11497e+02 | 38  0.21463 -3.19066e+02 | 39  0.22935  2.92246e+00
 40  0.21975 -2.83181e+02 | 41  0.61941 -1.87956e+02 | 42 -0.87015  3.99964e+01
 43 -0.52839  3.90645e+01 | 44 -0.58474 -3.29993e+02 | 45 -0.14296 -7.16253e+00
 46 -0.40742  1.26610e+02 |

 - final statistics:
46 variables; iteration 60; function evaluation 94
Function value 3.3724e+03; maximum gradient component mag -5.9843e+00
Exit code = 1;  converg criter 1.0000e+01
Var    Value     Gradient |Var    Value     Gradient |Var    Value     Gradient
  1  0.08179 -1.81792e+00 |  2 -0.01506 -3.09565e-01 |  3  0.02932 -2.74557e-01
  4 -0.00810  3.06290e-01 |  5 -0.12503  2.78548e-01 |  6 -0.00580  3.22942e-01
  7 -0.09089  3.02369e-01 |  8 -0.05866 -1.29325e-02 |  9  0.01829 -5.78353e-02
 10  0.14593 -4.48047e-01 | 11 -0.04470  2.41990e-01 | 12  0.05002  2.70277e-01
 13 -0.00136  1.72093e-01 | 14  0.03068  2.72064e-01 | 15 -0.02402  3.79302e-01
 16 -0.05551  4.02804e-01 | 17 -0.01755  5.04808e-01 | 18  0.06469  3.04939e-01
 19  0.12405  7.37683e-01 | 20  0.01458  4.33384e-01 | 21 -0.01871  3.07947e-01
 22 -0.06185  2.05307e-01 | 23 -0.02530  7.50746e-03 | 24  0.04553  1.39098e-01
 25  0.00047  2.57130e-01 | 26  0.02340  4.97596e-01 | 27  0.04758 -1.34247e-01
 28  0.04823  4.09349e-01 | 29  0.01421  4.59371e-01 | 30  0.03482  2.60333e-01
 31  0.06497  1.97422e-02 | 32  0.08913 -1.00337e-02 | 33 -0.03693 -2.07417e-01
 34 -0.08675 -3.65509e-02 | 35  0.00515 -2.50890e-01 | 36 -0.17579  2.26930e-01
 37  0.24699  2.82698e+00 | 38  0.21336  3.10294e+00 | 39  0.22514  1.21303e+00
 40  0.21882  5.46020e+00 | 41  0.58407 -5.45687e+00 | 42 -0.85713  1.15307e+00
 43 -0.55511 -2.51559e+00 | 44 -0.54731 -5.98430e+00 | 45 -0.16494  1.15021e+00
 46 -0.40640  2.24937e+00 |

Initial statistics: 52 variables; iteration 0; function evaluation 0; phase 3
Function value 3.3724474e+03; maximum gradient component mag -3.5908e+03
Var    Value     Gradient |Var    Value     Gradient |Var    Value     Gradient
  1  0.08179 -1.81792e+00 |  2 -0.01506 -4.81084e-01 |  3  0.02931 -4.45943e-01
  4 -0.00810  1.34736e-01 |  5 -0.12503  1.10279e-01 |  6 -0.00581  1.51382e-01
  7 -0.09090  1.32547e-01 |  8 -0.05866 -1.83772e-01 |  9  0.01828 -2.29332e-01
 10  0.14592 -6.15128e-01 | 11 -0.04470  7.08453e-02 | 12  0.05002  9.92391e-02
 13 -0.00136  5.25707e-04 | 14  0.03068  1.00696e-01 | 15 -0.02402  2.07856e-01
 16 -0.05551  2.31888e-01 | 17 -0.01755  3.33305e-01 | 18  0.06469  1.34257e-01
 19  0.12404  5.69364e-01 | 20  0.01457  2.61861e-01 | 21 -0.01872  1.36453e-01
 22 -0.06186  3.45480e-02 | 23 -0.02530 -1.63925e-01 | 24  0.04553 -3.20307e-02
 25  0.00046  8.55626e-02 | 26  0.02339  3.26144e-01 | 27  0.04758 -3.05336e-01
 28  0.04822  2.38274e-01 | 29  0.01421  2.87846e-01 | 30  0.03482  8.90215e-02
 31  0.06496 -1.50933e-01 | 32  0.08912 -1.79923e-01 | 33 -0.03694 -3.78696e-01
 34 -0.08676 -2.06528e-01 | 35  0.00515 -4.22452e-01 | 36 -0.17580  6.18617e-02
 37  0.24699  2.82698e+00 | 38  0.21336  3.10294e+00 | 39  0.22514  1.21303e+00
 40  0.21882  5.46020e+00 | 41  0.58407 -5.45687e+00 | 42 -0.85713  1.15307e+00
 43  0.34850 -2.29449e+03 | 44 -0.80278  1.18078e+03 | 45  0.03508 -1.71823e+03
 46 -0.45877  8.66453e+02 | 47  0.37087  2.58326e+03 | 48 -0.49161 -3.59075e+03
 49 -0.55511 -2.51559e+00 | 50 -0.54731 -5.98430e+00 | 51 -0.16494  1.15021e+00
 52 -0.40640  2.24937e+00 |

Intermediate statistics: 52 variables; iteration 20; function evaluation 33; phase 3
Function value 2.4468229e+03; maximum gradient component mag -1.2984e+03
Var    Value     Gradient |Var    Value     Gradient |Var    Value     Gradient
  1  0.06178 -4.25330e+02 |  2 -0.01119  1.96923e+00 |  3  0.03092 -1.62859e+00
  4 -0.01357  4.23606e+00 |  5 -0.13199  4.90142e+00 |  6 -0.01479  3.34887e+00
  7 -0.10245  4.94073e+00 |  8 -0.06756  2.90870e+00 |  9  0.00770 -2.59875e+00
 10  0.12122 -1.98663e+01 | 11 -0.04346  1.31168e+01 | 12  0.03266 -1.63335e+01
 13  0.00730 -2.12687e+00 | 14  0.04684 -2.07778e+01 | 15 -0.01515  4.13291e+00
 16 -0.06417 -1.72381e+01 | 17 -0.01578 -3.12589e+01 | 18  0.05239  2.98931e+01
 19  0.09865  3.35890e+01 | 20  0.00651 -2.02760e+01 | 21 -0.07581  2.77763e+01
 22 -0.05880  4.23912e+00 | 23  0.02927 -3.53434e+01 | 24  0.02309 -3.33013e+01
 25 -0.02976  3.87836e+00 | 26  0.04341 -9.90149e+01 | 27  0.04611  1.45229e+02
 28  0.04567  5.73471e+01 | 29  0.00680  1.09619e+01 | 30  0.04157 -4.38722e+01
 31  0.06460  3.90261e+01 | 32  0.08738 -1.53551e+02 | 33 -0.00590 -4.12556e+01
 34 -0.06480  1.55670e+01 | 35  0.01259  2.95449e+01 | 36 -0.09226  2.53891e+01
 37  0.23874  9.34287e+02 | 38  0.23828  1.22556e+03 | 39  0.21478 -1.29845e+03
 40  0.22335 -1.38163e+02 | 41  0.58637 -2.00302e+02 | 42 -0.85783  5.14309e+01
 43  0.68087 -3.88914e+02 | 44 -0.71599  5.02607e+01 | 45  0.07803 -6.61572e+02
 46 -0.60774  6.95107e+02 | 47  0.21514 -2.11551e+02 | 48 -0.15372  2.02086e+02
 49 -0.52928 -1.25890e+01 | 50 -0.54498 -3.03412e+02 | 51 -0.16492  4.55492e+00
 52 -0.40481  1.38596e+02 |
52 variables; iteration 40; function evaluation 59; phase 3
Function value 2.3317955e+03; maximum gradient component mag -1.0084e+03
Var    Value     Gradient |Var    Value     Gradient |Var    Value     Gradient
  1  0.05371 -7.60053e+02 |  2  0.01119  5.49446e+01 |  3 -0.01548 -8.68106e+01
  4 -0.05574 -3.21827e+01 |  5 -0.17752 -9.85720e-01 |  6 -0.04302 -7.91656e+00
  7 -0.13615  7.63032e+00 |  8 -0.07459  2.13193e+01 |  9  0.01467  1.08506e+01
 10  0.13400 -1.35975e+01 | 11  0.00410  7.69715e+01 | 12  0.05906  2.54584e+01
 13  0.01687 -5.62168e+00 | 14  0.07160  3.59305e+01 | 15 -0.00248  2.11834e+01
 16 -0.04600  2.64858e+01 | 17  0.00097  4.31292e+01 | 18  0.05307 -2.79633e+01
 19  0.10704  3.71915e+01 | 20  0.02260  1.71647e+01 | 21 -0.08022  7.90566e+00
 22 -0.04931 -3.53330e+00 | 23  0.04097  2.85062e+00 | 24  0.02759 -1.77900e+01
 25 -0.04005 -1.73558e+01 | 26  0.06581  1.76245e+01 | 27  0.04287  2.45646e+00
 28  0.03437 -5.53600e+01 | 29  0.00111 -5.06787e+01 | 30  0.04792 -4.13869e+01
 31  0.06406 -8.98427e+00 | 32  0.10290 -4.04977e+01 | 33  0.01532  3.30317e+01
 34 -0.03800  6.40763e+01 | 35  0.00641  1.06700e+01 | 36 -0.18830 -4.35450e+01
 37  0.23227 -1.00841e+03 | 38  0.23224 -5.06403e+02 | 39  0.24386  1.75251e+02
 40  0.23095  1.82254e+01 | 41  0.62378  4.92508e+01 | 42 -0.83235 -3.88334e+01
 43  0.86557 -7.98534e+01 | 44 -0.75338 -3.10615e+01 | 45  0.07925  2.00174e+02
 46 -0.66161 -3.04548e+01 | 47  0.25515 -2.55416e+02 | 48 -0.28586  4.16456e+02
 49 -0.52226 -3.99457e+01 | 50 -0.55025  1.21475e+02 | 51 -0.15571  4.01509e+01
 52 -0.41181 -1.23697e+02 |
52 variables; iteration 60; function evaluation 90; phase 3
Function value 2.2238637e+03; maximum gradient component mag 3.4847e+02
Var    Value     Gradient |Var    Value     Gradient |Var    Value     Gradient
  1  0.05381 -2.38543e+02 |  2 -0.03295 -5.10056e+01 |  3  0.05159  3.89241e+00
  4  0.01048  2.56610e+01 |  5 -0.09290  4.31316e+01 |  6 -0.00754  8.27040e-01
  7 -0.10394 -1.15714e+01 |  8 -0.06321 -1.45650e-01 |  9  0.01639 -3.79480e-01
 10  0.14823  8.27846e+01 | 11 -0.05365 -2.07942e+01 | 12  0.05252  4.08196e+01
 13  0.00156 -2.53419e+01 | 14  0.05510 -3.71027e-01 | 15 -0.01534  1.38795e+01
 16 -0.05736  1.68580e+01 | 17 -0.03697 -2.83377e+01 | 18  0.04807  1.86911e+01
 19  0.06651 -4.80882e+01 | 20 -0.00838 -2.21475e+01 | 21 -0.10346  1.10038e+01
 22 -0.06748  7.81185e-01 | 23  0.03834  8.51625e+00 | 24  0.02953  1.51765e+01
 25 -0.02951  3.26895e+01 | 26  0.02893 -4.14817e+01 | 27  0.02788 -2.80642e+01
 28  0.02787  1.04284e+01 | 29  0.00803  2.58287e+01 | 30  0.01356 -1.85220e+01
 31  0.03842 -5.85287e+01 | 32  0.10122  6.27387e+01 | 33 -0.00340 -2.17091e+00
 34 -0.06949 -2.81943e+01 | 35  0.00336 -8.32550e+00 | 36 -0.02090  1.82753e+00
 37  0.23986  1.82396e+02 | 38  0.24114 -7.62900e+01 | 39  0.24943  4.16083e+01
 40  0.23898 -2.93472e+02 | 41  0.45319 -1.06890e+02 | 42 -0.81544  4.96221e+01
 43  1.06053  2.74159e+01 | 44 -0.68755  7.31983e+00 | 45  0.08281  3.48474e+02
 46 -0.66696 -1.55822e+02 | 47  0.22138 -6.06518e+01 | 48 -0.46806  2.63173e+02
 49 -0.45216 -1.99556e+00 | 50 -0.43763 -1.56683e+02 | 51 -0.20607 -4.11751e+01
 52 -0.41441  1.39779e+02 |
52 variables; iteration 80; function evaluation 110; phase 3
Function value 2.2124387e+03; maximum gradient component mag -1.6602e-01
Var    Value     Gradient |Var    Value     Gradient |Var    Value     Gradient
  1  0.05137 -6.79644e-02 |  2 -0.00466 -3.96292e-03 |  3  0.03913 -4.12406e-03
  4 -0.01191  1.76440e-04 |  5 -0.13162  4.04848e-03 |  6 -0.01403  6.96392e-03
  7 -0.10308 -3.98970e-03 |  8 -0.06361  2.33730e-03 |  9  0.01646 -4.37350e-03
 10  0.12795  3.80164e-03 | 11 -0.04223 -2.13748e-03 | 12  0.03733  6.42919e-03
 13  0.01471  6.48301e-03 | 14  0.06001  1.39528e-02 | 15 -0.01576  1.52799e-02
 16 -0.06127  7.32229e-03 | 17 -0.02345  4.89031e-03 | 18  0.04447  5.09796e-03
 19  0.08039 -1.52394e-03 | 20  0.00094 -4.43651e-03 | 21 -0.10347 -9.38720e-03
 22 -0.06282 -7.49961e-04 | 23  0.03745  1.78238e-03 | 24  0.02678 -5.47573e-03
 25 -0.04226 -2.37628e-03 | 26  0.03881 -1.34389e-02 | 27  0.03246 -1.65664e-02
 28  0.02571 -1.09488e-02 | 29  0.00246 -3.86289e-04 | 30  0.01705  5.97005e-03
 31  0.05269 -1.06002e-04 | 32  0.09098  1.16363e-03 | 33 -0.00147  2.52971e-03
 34 -0.05679 -8.35358e-04 | 35  0.00614 -2.08874e-02 | 36 -0.01407  5.95097e-03
 37  0.24009  3.86022e-02 | 38  0.24273 -9.98546e-03 | 39  0.24916 -1.30613e-03
 40  0.24174 -1.66020e-01 | 41  0.43952  1.75331e-03 | 42 -0.80111 -2.10947e-03
 43  1.00003  2.09902e-03 | 44 -0.69022  8.60982e-04 | 45  0.06908 -6.74713e-02
 46 -0.67126  3.12198e-02 | 47  0.21826  3.58581e-02 | 48 -0.47865 -9.46772e-03
 49 -0.41218  9.21157e-04 | 50 -0.42374 -6.96671e-03 | 51 -0.18108 -1.54976e-03
 52 -0.42277  1.29245e-02 |
52 variables; iteration 100; function evaluation 132; phase 3
Function value 2.2124382e+03; maximum gradient component mag -3.0466e+00
Var    Value     Gradient |Var    Value     Gradient |Var    Value     Gradient
  1  0.05137 -3.04660e+00 |  2 -0.00468 -4.82653e-03 |  3  0.03911 -2.43169e-02
  4 -0.01192  2.31649e-02 |  5 -0.13161  7.14210e-02 |  6 -0.01402  6.73954e-02
  7 -0.10309  1.98636e-02 |  8 -0.06362  4.69695e-02 |  9  0.01643 -7.02790e-03
 10  0.12794  1.03973e-03 | 11 -0.04224  1.42457e-02 | 12  0.03733  3.29792e-02
 13  0.01471  2.71259e-02 | 14  0.06001  3.11629e-02 | 15 -0.01574  8.59042e-02
 16 -0.06128  3.27253e-02 | 17 -0.02345  2.61800e-02 | 18  0.04447  3.61743e-02
 19  0.08039 -7.42971e-03 | 20  0.00094 -1.19301e-02 | 21 -0.10349 -3.88853e-02
 22 -0.06282  1.35312e-02 | 23  0.03745 -8.01205e-04 | 24  0.02678 -3.84635e-02
 25 -0.04226 -7.32516e-03 | 26  0.03881 -1.16714e-01 | 27  0.03246 -1.15511e-01
 28  0.02571 -8.19263e-02 | 29  0.00246 -3.23197e-03 | 30  0.01707  3.60204e-02
 31  0.05269 -1.51364e-02 | 32  0.09099 -4.28083e-02 | 33 -0.00147 -1.19177e-02
 34 -0.05679 -2.31805e-02 | 35  0.00613 -1.65749e-01 | 36 -0.01402  1.02045e-01
 37  0.24009 -2.65420e-02 | 38  0.24272 -2.50806e-01 | 39  0.24916 -4.37339e-03
 40  0.24173 -1.19403e+00 | 41  0.32728 -1.32848e+00 | 42 -0.80324  5.55572e-01
 43  1.00018  4.32624e-02 | 44 -0.69021  8.24539e-03 | 45  0.06907 -3.64958e-01
 46 -0.67126  1.73528e-01 | 47  0.21826  1.42509e-01 | 48 -0.47865  2.35519e-04
 49 -0.33587 -1.50030e-01 | 50 -0.34652 -1.75618e+00 | 51 -0.18018  8.94842e-02
 52 -0.42168  1.04010e+00 |
52 variables; iteration 120; function evaluation 153; phase 3
Function value 2.2124375e+03; maximum gradient component mag 6.2579e-01
Var    Value     Gradient |Var    Value     Gradient |Var    Value     Gradient
  1  0.05137  6.25788e-01 |  2 -0.00466 -1.55721e-02 |  3  0.03913 -1.56854e-02
  4 -0.01191 -1.01277e-02 |  5 -0.13162 -4.35076e-03 |  6 -0.01402 -4.46213e-04
  7 -0.10308 -1.28848e-02 |  8 -0.06361 -8.07268e-03 |  9  0.01646 -1.42112e-02
 10  0.12795  7.65782e-04 | 11 -0.04223 -6.53254e-03 | 12  0.03733  1.08978e-02
 13  0.01471  1.06314e-02 | 14  0.06001  2.54358e-02 | 15 -0.01576  2.22943e-02
 16 -0.06127  1.03934e-02 | 17 -0.02345  5.32646e-03 | 18  0.04447 -6.86663e-04
 19  0.08039 -1.97967e-03 | 20  0.00094 -9.06462e-03 | 21 -0.10347 -1.50679e-02
 22 -0.06282 -5.44602e-03 | 23  0.03745  1.00248e-02 | 24  0.02678 -1.94040e-03
 25 -0.04226 -3.27771e-03 | 26  0.03881  2.48697e-03 | 27  0.03246 -4.42773e-03
 28  0.02571  1.80477e-03 | 29  0.00246  1.30100e-04 | 30  0.01705  6.44492e-03
 31  0.05268 -6.11260e-03 | 32  0.09098  1.64950e-02 | 33 -0.00147  1.07415e-02
 34 -0.05679  8.47998e-03 | 35  0.00614 -1.41128e-02 | 36 -0.01407 -9.07403e-03
 37  0.24009  7.63678e-02 | 38  0.24273  7.57705e-03 | 39  0.24916  1.24822e-02
 40  0.24174 -1.17676e-01 | 41  0.08253  4.07512e-01 | 42 -0.81560 -1.34678e-01
 43  1.00001 -3.87581e-03 | 44 -0.69022  1.90097e-03 | 45  0.06908 -6.45642e-02
 46 -0.67126  2.71513e-02 | 47  0.21826  2.33474e-02 | 48 -0.47865  7.45470e-03
 49 -0.16363  8.33217e-03 | 50 -0.17310  5.65223e-01 | 51 -0.17521 -3.99919e-03
 52 -0.41563 -2.62881e-01 |
52 variables; iteration 140; function evaluation 175; phase 3
Function value 2.2124374e+03; maximum gradient component mag -1.7005e-01
Var    Value     Gradient |Var    Value     Gradient |Var    Value     Gradient
  1  0.05137 -1.70055e-01 |  2 -0.00465  4.00435e-03 |  3  0.03913  5.80083e-03
  4 -0.01191  2.40460e-03 |  5 -0.13162  1.27276e-03 |  6 -0.01403  1.32472e-03
  7 -0.10307  3.59210e-03 |  8 -0.06361  2.98413e-03 |  9  0.01646  6.25927e-03
 10  0.12794 -2.15623e-04 | 11 -0.04223  1.66531e-03 | 12  0.03733 -2.78890e-03
 13  0.01471 -1.45133e-03 | 14  0.06001 -2.08564e-04 | 15 -0.01577  1.87881e-04
 16 -0.06127  4.91005e-03 | 17 -0.02345  3.00126e-03 | 18  0.04446 -2.09710e-03
 19  0.08039  1.07365e-03 | 20  0.00094  2.14088e-04 | 21 -0.10346  3.57413e-03
 22 -0.06282 -1.17204e-03 | 23  0.03745 -2.35532e-03 | 24  0.02678 -5.33424e-03
 25 -0.04226 -4.21219e-03 | 26  0.03881 -1.41313e-02 | 27  0.03246  3.66750e-03
 28  0.02572  3.97233e-03 | 29  0.00246 -6.26036e-04 | 30  0.01705  5.03492e-04
 31  0.05268 -5.09985e-03 | 32  0.09098 -1.11575e-02 | 33 -0.00148 -3.41514e-03
 34 -0.05679  1.34184e-04 | 35  0.00614  4.99949e-03 | 36 -0.01408  5.05837e-03
 37  0.24009 -2.60720e-02 | 38  0.24273 -6.51216e-03 | 39  0.24917 -7.98789e-03
 40  0.24174  4.07630e-03 | 41 -0.03101 -1.07137e-01 | 42 -0.81988  3.33247e-02
 43  1.00002 -6.00731e-04 | 44 -0.69021  3.71272e-03 | 45  0.06908  9.33359e-04
 46 -0.67127 -5.13886e-03 | 47  0.21826 -1.54371e-02 | 48 -0.47865  1.24665e-02
 49 -0.08418  3.82820e-03 | 50 -0.09343 -1.58825e-01 | 51 -0.17356  1.42281e-03
 52 -0.41364  9.16064e-02 |
52 variables; iteration 160; function evaluation 200; phase 3
Function value 2.2124374e+03; maximum gradient component mag 6.0744e-01
Var    Value     Gradient |Var    Value     Gradient |Var    Value     Gradient
  1  0.05137  6.07442e-01 |  2 -0.00465 -6.08494e-03 |  3  0.03913 -2.79045e-03
  4 -0.01191 -6.00774e-03 |  5 -0.13162 -9.84774e-03 |  6 -0.01403 -5.92462e-03
  7 -0.10307 -9.15713e-03 |  8 -0.06361 -8.77599e-03 |  9  0.01646 -4.96889e-03
 10  0.12795  1.54941e-03 | 11 -0.04223 -5.29153e-03 | 12  0.03733  9.39627e-05
 13  0.01471  1.52121e-03 | 14  0.06001  8.91701e-03 | 15 -0.01577  1.05018e-03
 16 -0.06128 -3.76853e-05 | 17 -0.02345 -3.64764e-04 | 18  0.04447 -2.40456e-03
 19  0.08039  6.38339e-04 | 20  0.00095 -3.17746e-03 | 21 -0.10346 -4.80786e-03
 22 -0.06282 -3.79415e-03 | 23  0.03745  4.87360e-03 | 24  0.02678  4.73400e-03
 25 -0.04226  1.21555e-04 | 26  0.03881  1.64260e-02 | 27  0.03246  9.07583e-03
 28  0.02571  4.77033e-03 | 29  0.00246 -7.84700e-05 | 30  0.01705 -2.10577e-05
 31  0.05268  2.78490e-03 | 32  0.09098  1.51640e-02 | 33 -0.00147  8.97735e-03
 34 -0.05679  5.40596e-03 | 35  0.00614  9.58951e-04 | 36 -0.01408 -1.33634e-02
 37  0.24009  4.64379e-02 | 38  0.24273  3.30751e-02 | 39  0.24917  2.22369e-03
 40  0.24174  5.76255e-02 | 41 -0.10912  3.31800e-01 | 42 -0.81628 -1.05596e-01
 43  1.00002 -3.27716e-04 | 44 -0.69022 -2.97346e-04 | 45  0.06908 -3.41725e-03
 46 -0.67126  4.31299e-03 | 47  0.21826  1.05705e-02 | 48 -0.47865 -1.15988e-02
 49 -0.03061  3.11335e-02 | 50 -0.03977  4.58186e-01 | 51 -0.17495 -1.40579e-02
 52 -0.41531 -1.93659e-01 |
52 variables; iteration 180; function evaluation 226; phase 3
Function value 2.2124373e+03; maximum gradient component mag 2.2272e-01
Var    Value     Gradient |Var    Value     Gradient |Var    Value     Gradient
  1  0.05137  2.22723e-01 |  2 -0.00465 -2.17404e-03 |  3  0.03913 -7.19927e-04
  4 -0.01191 -1.86059e-03 |  5 -0.13162 -3.87809e-03 |  6 -0.01403 -1.98164e-03
  7 -0.10307 -3.82832e-03 |  8 -0.06361 -3.19270e-03 |  9  0.01646 -1.38595e-03
 10  0.12795  6.50426e-04 | 11 -0.04223 -2.50548e-03 | 12  0.03733 -6.53926e-05
 13  0.01471  4.74938e-04 | 14  0.06001  4.50581e-03 | 15 -0.01577  1.24913e-04
 16 -0.06128 -6.73582e-04 | 17 -0.02345 -7.20275e-04 | 18  0.04447 -5.90070e-05
 19  0.08039  1.21853e-03 | 20  0.00094 -1.30732e-03 | 21 -0.10347 -2.82059e-03
 22 -0.06282 -2.15655e-03 | 23  0.03745  1.17804e-03 | 24  0.02678  1.05255e-03
 25 -0.04226 -6.27447e-04 | 26  0.03881  5.66076e-03 | 27  0.03246  3.65971e-03
 28  0.02571  1.72741e-03 | 29  0.00246 -4.80462e-04 | 30  0.01705 -2.41621e-04
 31  0.05268  2.51502e-03 | 32  0.09098  5.25901e-03 | 33 -0.00147  3.00700e-03
 34 -0.05679  8.40940e-04 | 35  0.00614  3.97031e-03 | 36 -0.01408 -4.17696e-03
 37  0.24009  2.10512e-02 | 38  0.24273  1.45350e-02 | 39  0.24917  3.22423e-03
 40  0.24174  3.12592e-02 | 41 -0.19481  8.26377e-02 | 42 -0.79821 -9.80510e-04
 43  1.00002 -1.16741e-03 | 44 -0.69022 -6.29576e-04 | 45  0.06908 -2.79487e-03
 46 -0.67126  2.88925e-03 | 47  0.21826  7.08465e-03 | 48 -0.47865 -7.56006e-03
 49  0.02661  1.09032e-02 | 50  0.01745  1.16831e-01 | 51 -0.18231 -2.35742e-03
 52 -0.42426  1.52171e-02 |
52 variables; iteration 200; function evaluation 250; phase 3
Function value 2.2124372e+03; maximum gradient component mag 1.4418e-01
Var    Value     Gradient |Var    Value     Gradient |Var    Value     Gradient
  1  0.05137  1.44184e-01 |  2 -0.00465 -5.87239e-04 |  3  0.03913 -1.12257e-03
  4 -0.01191 -1.14660e-03 |  5 -0.13162 -2.45773e-03 |  6 -0.01403 -1.36579e-03
  7 -0.10307 -2.58240e-03 |  8 -0.06361 -1.82586e-03 |  9  0.01646 -1.10615e-03
 10  0.12795 -2.11392e-05 | 11 -0.04223 -1.10549e-03 | 12  0.03733  2.90000e-04
 13  0.01471  5.59110e-04 | 14  0.06001  3.31242e-03 | 15 -0.01577 -2.24242e-04
 16 -0.06128 -1.08129e-03 | 17 -0.02345 -1.30458e-03 | 18  0.04447 -5.29278e-04
 19  0.08039  9.29343e-04 | 20  0.00094 -1.51112e-03 | 21 -0.10347 -2.44834e-03
 22 -0.06282 -1.74801e-03 | 23  0.03745  9.72927e-04 | 24  0.02678  1.35359e-04
 25 -0.04226 -1.17623e-03 | 26  0.03881  3.67194e-03 | 27  0.03246  4.02714e-03
 28  0.02571  2.20984e-03 | 29  0.00246  1.86688e-04 | 30  0.01705 -1.29554e-05
 31  0.05268  4.12267e-04 | 32  0.09098  2.93841e-03 | 33 -0.00148  1.12545e-03
 34 -0.05679  8.57703e-04 | 35  0.00614  4.13531e-03 | 36 -0.01408 -2.44289e-03
 37  0.24009  1.54821e-02 | 38  0.24273  8.98185e-03 | 39  0.24917 -3.60185e-04
 40  0.24174  2.17504e-02 | 41 -0.26755  3.28645e-02 | 42 -0.77360  2.27573e-02
 43  1.00002 -2.97140e-04 | 44 -0.69022 -5.10231e-04 | 45  0.06908  1.09799e-03
 46 -0.67127 -1.43905e-03 | 47  0.21826  5.67440e-03 | 48 -0.47865 -3.82082e-03
 49  0.07349  5.55295e-03 | 50  0.06428  4.94396e-02 | 51 -0.19345  8.00501e-04
 52 -0.43794  4.87422e-02 |
52 variables; iteration 220; function evaluation 275; phase 3
Function value 2.2124372e+03; maximum gradient component mag -9.0156e-02
Var    Value     Gradient |Var    Value     Gradient |Var    Value     Gradient
  1  0.05137 -9.01556e-02 |  2 -0.00465  1.12292e-03 |  3  0.03913  5.68456e-04
  4 -0.01191  9.40232e-04 |  5 -0.13162  1.05693e-03 |  6 -0.01403  7.48907e-04
  7 -0.10307  1.50284e-03 |  8 -0.06361  1.19416e-03 |  9  0.01646  1.26862e-03
 10  0.12795 -2.60761e-04 | 11 -0.04223  8.42391e-04 | 12  0.03733 -4.70303e-04
 13  0.01471 -1.73230e-04 | 14  0.06001 -1.60490e-03 | 15 -0.01577 -1.98361e-04
 16 -0.06128  3.54798e-04 | 17 -0.02345  1.34708e-04 | 18  0.04447  1.67049e-04
 19  0.08039  4.34569e-05 | 20  0.00094  6.15961e-04 | 21 -0.10347  1.07053e-03
 22 -0.06282  7.65992e-04 | 23  0.03745 -5.21440e-04 | 24  0.02678 -6.92357e-04
 25 -0.04226 -2.49836e-04 | 26  0.03881 -2.60593e-03 | 27  0.03246 -1.34700e-03
 28  0.02571 -1.02075e-03 | 29  0.00246  6.18632e-05 | 30  0.01705  7.21414e-06
 31  0.05268 -3.40561e-04 | 32  0.09098 -2.31026e-03 | 33 -0.00147 -1.09724e-03
 34 -0.05679 -4.48922e-04 | 35  0.00614 -7.21609e-04 | 36 -0.01408  1.79584e-03
 37  0.24009 -5.39365e-03 | 38  0.24273 -3.67792e-03 | 39  0.24917 -2.24225e-03
 40  0.24174 -9.13377e-03 | 41 -0.31161 -4.08828e-02 | 42 -0.75585  4.52402e-03
 43  1.00002 -1.33063e-04 | 44 -0.69022 -7.58466e-05 | 45  0.06908 -1.12008e-03
 46 -0.67126  6.98107e-04 | 47  0.21826 -4.91022e-04 | 48 -0.47865 -4.96147e-04
 49  0.10095 -5.08292e-03 | 50  0.09169 -5.78968e-02 | 51 -0.20228  1.52809e-03
 52 -0.44891  1.43601e-02 |
52 variables; iteration 240; function evaluation 302; phase 3
Function value 2.2124372e+03; maximum gradient component mag 1.0980e-01
Var    Value     Gradient |Var    Value     Gradient |Var    Value     Gradient
  1  0.05137 -9.30122e-03 |  2 -0.00465 -3.18774e-04 |  3  0.03913  2.71722e-04
  4 -0.01191 -3.38995e-05 |  5 -0.13162 -9.37244e-05 |  6 -0.01403 -1.05799e-05
  7 -0.10307  2.34470e-04 |  8 -0.06361  1.86591e-04 |  9  0.01646 -7.22162e-05
 10  0.12795  5.07288e-05 | 11 -0.04223 -1.72301e-04 | 12  0.03733 -6.27011e-05
 13  0.01471 -7.24204e-04 | 14  0.06001  6.40754e-05 | 15 -0.01577 -6.06242e-04
 16 -0.06128 -8.33191e-04 | 17 -0.02345 -7.90598e-04 | 18  0.04447  4.71301e-04
 19  0.08039  1.28863e-03 | 20  0.00095  4.42388e-04 | 21 -0.10347 -6.08898e-04
 22 -0.06282 -7.02651e-04 | 23  0.03745 -3.53526e-04 | 24  0.02678 -7.04979e-04
 25 -0.04226 -1.33373e-03 | 26  0.03881 -8.39452e-04 | 27  0.03246  9.49628e-04
 28  0.02571  1.08000e-03 | 29  0.00246  9.88601e-05 | 30  0.01705  2.57017e-04
 31  0.05268  7.55345e-04 | 32  0.09098  1.70975e-03 | 33 -0.00147  4.93740e-04
 34 -0.05679 -4.36985e-04 | 35  0.00614 -6.52042e-04 | 36 -0.01408  1.58654e-03
 37  0.24009  2.23849e-03 | 38  0.24273  2.00144e-03 | 39  0.24917  1.94320e-03
 40  0.24174  9.11909e-03 | 41 -0.33549 -4.80204e-02 | 42 -0.74445  7.22085e-02
 43  1.00002 -2.82322e-04 | 44 -0.69022  1.07520e-04 | 45  0.06908 -8.33220e-04
 46 -0.67126  8.01622e-04 | 47  0.21826  5.72502e-04 | 48 -0.47865 -7.93708e-04
 49  0.11550 -2.44607e-03 | 50  0.10621 -7.30970e-02 | 51 -0.20831  4.55320e-03
 52 -0.45645  1.09804e-01 |
52 variables; iteration 260; function evaluation 328; phase 3
Function value 2.2124372e+03; maximum gradient component mag -1.4307e-01
Var    Value     Gradient |Var    Value     Gradient |Var    Value     Gradient
  1  0.05137 -9.81596e-02 |  2 -0.00465  3.19536e-03 |  3  0.03913 -3.00670e-04
  4 -0.01191  1.80659e-03 |  5 -0.13162  1.91823e-03 |  6 -0.01403  7.79541e-04
  7 -0.10307  8.55813e-04 |  8 -0.06361  1.24342e-03 |  9  0.01646  2.05887e-03
 10  0.12795  1.45497e-04 | 11 -0.04223  6.05404e-04 | 12  0.03733  2.74340e-04
 13  0.01471  3.60833e-04 | 14  0.06001 -3.88163e-04 | 15 -0.01577 -1.15449e-03
 16 -0.06128 -3.28772e-03 | 17 -0.02345 -1.74658e-03 | 18  0.04447  4.77518e-04
 19  0.08039  3.45916e-04 | 20  0.00094 -2.22569e-03 | 21 -0.10347 -3.89297e-04
 22 -0.06282 -9.88414e-04 | 23  0.03745  4.91283e-03 | 24  0.02678  3.56922e-03
 25 -0.04226  2.53991e-03 | 26  0.03881  7.41871e-03 | 27  0.03246 -6.25421e-03
 28  0.02571 -9.31822e-03 | 29  0.00246 -1.38914e-03 | 30  0.01705 -2.20373e-03
 31  0.05268 -9.11739e-04 | 32  0.09098 -3.48079e-03 | 33 -0.00147 -2.42627e-03
 34 -0.05679 -2.28839e-03 | 35  0.00614  2.50288e-05 | 36 -0.01408  3.52715e-03
 37  0.24009  2.01477e-03 | 38  0.24273 -1.89218e-03 | 39  0.24917 -5.67584e-03
 40  0.24174 -6.36697e-03 | 41 -0.36022 -8.88540e-02 | 42 -0.72188  1.05870e-01
 43  1.00002  4.94404e-04 | 44 -0.69022 -2.83086e-04 | 45  0.06908 -4.72898e-04
 46 -0.67127 -2.51493e-03 | 47  0.21826  6.91126e-05 | 48 -0.47865  1.35962e-03
 49  0.13030 -2.63307e-03 | 50  0.12097 -1.43074e-01 | 51 -0.22109  6.49931e-03
 52 -0.47263  1.40535e-01 |
52 variables; iteration 280; function evaluation 355; phase 3
Function value 2.2124371e+03; maximum gradient component mag -5.9520e-01
Var    Value     Gradient |Var    Value     Gradient |Var    Value     Gradient
  1  0.05137 -4.39461e-01 |  2 -0.00465  5.25466e-03 |  3  0.03913  2.31340e-03
  4 -0.01191  4.73489e-03 |  5 -0.13162  5.99104e-03 |  6 -0.01403  3.72432e-03
  7 -0.10307  6.49874e-03 |  8 -0.06361  6.20970e-03 |  9  0.01646  4.98607e-03
 10  0.12795  1.16855e-04 | 11 -0.04223  3.93537e-03 | 12  0.03733 -1.09165e-03
 13  0.01471 -3.88466e-03 | 14  0.06001 -6.46799e-03 | 15 -0.01577 -4.77281e-03
 16 -0.06128 -5.45640e-03 | 17 -0.02345 -4.31396e-03 | 18  0.04447  2.85352e-03
 19  0.08039  4.96317e-03 | 20  0.00094  2.22733e-03 | 21 -0.10347  1.12228e-03
 22 -0.06282 -5.47423e-04 | 23  0.03745 -7.96639e-04 | 24  0.02678 -3.18716e-03
 25 -0.04226 -4.10965e-03 | 26  0.03881 -8.66792e-03 | 27  0.03246 -4.49625e-03
 28  0.02571 -3.90304e-03 | 29  0.00246  6.12151e-04 | 30  0.01705  4.16468e-05
 31  0.05268  3.48849e-05 | 32  0.09098 -4.78528e-03 | 33 -0.00147 -4.77258e-03
 34 -0.05679 -5.04733e-03 | 35  0.00614 -4.32252e-03 | 36 -0.01408  1.48074e-02
 37  0.24009 -1.34621e-02 | 38  0.24273 -8.93954e-03 | 39  0.24917 -4.77339e-03
 40  0.24174 -5.53826e-03 | 41 -0.35390 -3.71975e-01 | 42 -0.69332  4.78181e-01
 43  1.00002 -8.45156e-05 | 44 -0.69022 -3.84966e-05 | 45  0.06908 -1.13135e-03
 46 -0.67126  3.96677e-04 | 47  0.21826  6.86824e-04 | 48 -0.47865 -8.03948e-04
 49  0.12655 -2.64252e-02 | 50  0.11722 -5.95195e-01 | 51 -0.23885  2.47668e-02
 52 -0.49555  5.43936e-01 |
52 variables; iteration 300; function evaluation 381; phase 3
Function value 2.2124368e+03; maximum gradient component mag 1.1502e+00
Var    Value     Gradient |Var    Value     Gradient |Var    Value     Gradient
  1  0.05137  1.15018e+00 |  2 -0.00465 -1.23588e-02 |  3  0.03913 -4.78827e-03
  4 -0.01191 -1.15791e-02 |  5 -0.13162 -1.67212e-02 |  6 -0.01403 -1.03299e-02
  7 -0.10307 -1.76612e-02 |  8 -0.06361 -1.57419e-02 |  9  0.01646 -1.22646e-02
 10  0.12795  2.60081e-03 | 11 -0.04223 -1.07353e-02 | 12  0.03733  2.69601e-03
 13  0.01471  2.92244e-03 | 14  0.06001  1.90375e-02 | 15 -0.01577  3.05792e-03
 16 -0.06128 -1.00066e-03 | 17 -0.02345 -2.51277e-04 | 18  0.04447 -3.76703e-03
 19  0.08039  3.55125e-04 | 20  0.00094 -6.98699e-03 | 21 -0.10347 -1.08879e-02
 22 -0.06282 -8.68324e-03 | 23  0.03745  7.97687e-03 | 24  0.02678  8.34005e-03
 25 -0.04226  9.20245e-04 | 26  0.03881  3.05574e-02 | 27  0.03246  1.71607e-02
 28  0.02571  1.14440e-02 | 29  0.00246 -1.65666e-03 | 30  0.01705 -9.45910e-04
 31  0.05268  4.86903e-03 | 32  0.09098  2.65937e-02 | 33 -0.00147  1.47638e-02
 34 -0.05679  7.95680e-03 | 35  0.00614  9.66696e-03 | 36 -0.01408 -2.40584e-02
 37  0.24009  7.34606e-02 | 38  0.24273  5.27832e-02 | 39  0.24917  1.83113e-02
 40  0.24174  1.16750e-01 | 41 -0.27541  5.47007e-01 | 42 -0.66510 -2.66482e-01
 43  1.00002 -2.35256e-05 | 44 -0.69022  5.74205e-04 | 45  0.06908  4.46886e-03
 46 -0.67126 -1.49160e-03 | 47  0.21826  9.79826e-03 | 48 -0.47865 -6.35922e-03
 49  0.07845  6.48996e-02 | 50  0.06924  8.09239e-01 | 51 -0.25819 -2.51033e-02
 52 -0.52119 -2.56332e-01 |
52 variables; iteration 320; function evaluation 407; phase 3
Function value 2.2124367e+03; maximum gradient component mag 2.7656e-01
Var    Value     Gradient |Var    Value     Gradient |Var    Value     Gradient
  1  0.05137  2.76558e-01 |  2 -0.00465 -2.98881e-03 |  3  0.03913 -1.15078e-03
  4 -0.01191 -2.80030e-03 |  5 -0.13162 -4.00290e-03 |  6 -0.01403 -2.49581e-03
  7 -0.10307 -4.25458e-03 |  8 -0.06361 -3.79118e-03 |  9  0.01646 -2.96380e-03
 10  0.12795  6.47504e-04 | 11 -0.04223 -2.58020e-03 | 12  0.03733  6.59383e-04
 13  0.01471  6.89793e-04 | 14  0.06001  4.61769e-03 | 15 -0.01577  7.54638e-04
 16 -0.06128 -1.92856e-04 | 17 -0.02345 -4.04358e-05 | 18  0.04447 -9.39464e-04
 19  0.08039 -6.28657e-07 | 20  0.00094 -1.64354e-03 | 21 -0.10347 -2.59620e-03
 22 -0.06282 -2.04433e-03 | 23  0.03745  1.85820e-03 | 24  0.02678  1.98786e-03
 25 -0.04226  2.67566e-04 | 26  0.03881  7.37863e-03 | 27  0.03246  4.11108e-03
 28  0.02571  2.74947e-03 | 29  0.00246 -3.49360e-04 | 30  0.01705 -1.72063e-04
 31  0.05268  1.05646e-03 | 32  0.09098  6.35476e-03 | 33 -0.00147  3.54265e-03
 34 -0.05679  1.92951e-03 | 35  0.00614  2.34555e-03 | 36 -0.01408 -5.85940e-03
 37  0.24009  1.75347e-02 | 38  0.24273  1.24699e-02 | 39  0.24917  4.35183e-03
 40  0.24174  2.77529e-02 | 41 -0.20108  1.38809e-01 | 42 -0.65311 -7.00625e-02
 43  1.00002  9.95719e-06 | 44 -0.69022  1.18441e-04 | 45  0.06908  1.18296e-03
 46 -0.67126 -4.45373e-04 | 47  0.21826  2.22728e-03 | 48 -0.47865 -1.36405e-03
 49  0.03072  1.55824e-02 | 50  0.02156  1.98526e-01 | 51 -0.26696 -6.03725e-03
 52 -0.53307 -6.39303e-02 |
52 variables; iteration 340; function evaluation 434; phase 3
Function value 2.2124366e+03; maximum gradient component mag 4.3811e-01
Var    Value     Gradient |Var    Value     Gradient |Var    Value     Gradient
  1  0.05137  4.38107e-01 |  2 -0.00465 -4.72328e-03 |  3  0.03913 -1.82842e-03
  4 -0.01191 -4.45578e-03 |  5 -0.13162 -6.35507e-03 |  6 -0.01403 -3.96007e-03
  7 -0.10307 -6.69940e-03 |  8 -0.06361 -6.03495e-03 |  9  0.01646 -4.63520e-03
 10  0.12795  9.10678e-04 | 11 -0.04223 -4.06208e-03 | 12  0.03733  9.96200e-04
 13  0.01471  1.31418e-03 | 14  0.06001  7.25297e-03 | 15 -0.01577  1.48027e-03
 16 -0.06128  1.92195e-04 | 17 -0.02345  2.95242e-04 | 18  0.04447 -1.65098e-03
 19  0.08039 -3.94186e-04 | 20  0.00094 -2.57698e-03 | 21 -0.10347 -3.83606e-03
 22 -0.06282 -2.92495e-03 | 23  0.03745  2.83246e-03 | 24  0.02678  3.17394e-03
 25 -0.04226  7.12076e-04 | 26  0.03881  1.15716e-02 | 27  0.03246  6.31487e-03
 28  0.02571  4.15648e-03 | 29  0.00246 -5.68130e-04 | 30  0.01705 -2.92450e-04
 31  0.05268  1.48903e-03 | 32  0.09098  9.62135e-03 | 33 -0.00147  5.53811e-03
 34 -0.05679  3.23092e-03 | 35  0.00614  3.79099e-03 | 36 -0.01408 -9.74094e-03
 37  0.24009  2.68803e-02 | 38  0.24273  1.89944e-02 | 39  0.24917  6.46737e-03
 40  0.24174  4.09539e-02 | 41 -0.13180  2.44051e-01 | 42 -0.64506 -1.48345e-01
 43  1.00002  4.48792e-07 | 44 -0.69022  1.60961e-04 | 45  0.06908  1.70290e-03
 46 -0.67126 -6.44984e-04 | 47  0.21826  3.11119e-03 | 48 -0.47865 -1.98156e-03
 49 -0.01529  2.48176e-02 | 50 -0.02444  3.38439e-01 | 51 -0.27303 -1.07469e-02
 52 -0.54140 -1.32954e-01 |
52 variables; iteration 360; function evaluation 461; phase 3
Function value 2.2124366e+03; maximum gradient component mag 8.3521e-02
Var    Value     Gradient |Var    Value     Gradient |Var    Value     Gradient
  1  0.05137  8.35205e-02 |  2 -0.00465 -9.02789e-04 |  3  0.03913 -3.56373e-04
  4 -0.01191 -8.52960e-04 |  5 -0.13162 -1.21173e-03 |  6 -0.01403 -7.59737e-04
  7 -0.10307 -1.27606e-03 |  8 -0.06361 -1.15068e-03 |  9  0.01646 -8.84481e-04
 10  0.12795  1.65220e-04 | 11 -0.04223 -7.75407e-04 | 12  0.03733  1.92031e-04
 13  0.01471  2.53020e-04 | 14  0.06001  1.38591e-03 | 15 -0.01577  2.81770e-04
 16 -0.06128  3.50384e-05 | 17 -0.02345  5.50894e-05 | 18  0.04447 -3.14481e-04
 19  0.08039 -7.21754e-05 | 20  0.00094 -4.91470e-04 | 21 -0.10347 -7.32689e-04
 22 -0.06282 -5.59536e-04 | 23  0.03745  5.42598e-04 | 24  0.02678  6.06388e-04
 25 -0.04226  1.34755e-04 | 26  0.03881  2.21255e-03 | 27  0.03246  1.20655e-03
 28  0.02571  7.91839e-04 | 29  0.00246 -1.08147e-04 | 30  0.01705 -5.57612e-05
 31  0.05268  2.84842e-04 | 32  0.09098  1.83963e-03 | 33 -0.00147  1.05810e-03
 34 -0.05679  6.16214e-04 | 35  0.00614  7.24262e-04 | 36 -0.01408 -1.85524e-03
 37  0.24009  5.13579e-03 | 38  0.24273  3.62929e-03 | 39  0.24917  1.23283e-03
 40  0.24174  7.83547e-03 | 41 -0.08257  4.71040e-02 | 42 -0.64029 -2.83310e-02
 43  1.00002 -3.76958e-07 | 44 -0.69022  3.07531e-05 | 45  0.06908  3.24347e-04
 46 -0.67126 -1.23277e-04 | 47  0.21826  5.92747e-04 | 48 -0.47865 -3.77964e-04
 49 -0.04869  4.67040e-03 | 50 -0.05788  6.42169e-02 | 51 -0.27670 -2.01680e-03
 52 -0.54648 -2.49767e-02 |
52 variables; iteration 380; function evaluation 482; phase 3
Function value 2.2124366e+03; maximum gradient component mag -1.3417e-02
Var    Value     Gradient |Var    Value     Gradient |Var    Value     Gradient
  1  0.05137 -1.21434e-02 |  2 -0.00465  1.32753e-04 |  3  0.03913  5.12106e-05
  4 -0.01191  1.28954e-04 |  5 -0.13162  1.78251e-04 |  6 -0.01403  1.10519e-04
  7 -0.10307  1.78924e-04 |  8 -0.06361  1.71365e-04 |  9  0.01646  1.22147e-04
 10  0.12795 -5.43388e-06 | 11 -0.04223  1.10886e-04 | 12  0.03733 -1.95354e-05
 13  0.01471 -7.74912e-05 | 14  0.06001 -1.93672e-04 | 15 -0.01577 -9.30041e-05
 16 -0.06128 -9.11656e-05 | 17 -0.02345 -7.16113e-05 | 18  0.04447  7.15679e-05
 19  0.08039  8.13892e-05 | 20  0.00094  6.76075e-05 | 21 -0.10347  5.96177e-05
 22 -0.06282  2.70732e-05 | 23  0.03745 -5.97948e-05 | 24  0.02678 -9.51176e-05
 25 -0.04226 -7.42996e-05 | 26  0.03881 -3.00485e-04 | 27  0.03246 -1.42063e-04
 28  0.02571 -8.26452e-05 | 29  0.00246  2.31742e-05 | 30  0.01705  1.14579e-05
 31  0.05268 -1.56748e-05 | 32  0.09098 -1.88833e-04 | 33 -0.00147 -1.41029e-04
 34 -0.05679 -1.17653e-04 | 35  0.00614 -1.12742e-04 | 36 -0.01408  3.46648e-04
 37  0.24009 -5.94920e-04 | 38  0.24273 -3.91576e-04 | 39  0.24917 -1.18124e-04
 40  0.24174 -6.09419e-04 | 41 -0.07769 -9.67946e-03 | 42 -0.63994  1.04993e-02
 43  1.00002  5.18875e-06 | 44 -0.69022 -2.51082e-06 | 45  0.06908 -2.88160e-05
 46 -0.67126  1.43177e-05 | 47  0.21826 -3.33225e-06 | 48 -0.47865  1.00688e-05
 49 -0.05203 -7.00932e-04 | 50 -0.06122 -1.34172e-02 | 51 -0.27697  5.00363e-04
 52 -0.54686  9.29222e-03 |
Warning: the following parameters had issues
  selparm[3] is within 0.1% of upper bound: -3.00000e+00 < 1.50000e+01 < 1.50000e+01


 - final statistics:
52 variables; iteration 396; function evaluation 500
Function value 2.2124e+03; maximum gradient component mag 7.1177e-05
Exit code = 1;  converg criter 1.0000e-04
Var    Value     Gradient |Var    Value     Gradient |Var    Value     Gradient
  1  0.05137  7.11769e-05 |  2 -0.00465 -7.76179e-07 |  3  0.03913 -3.46650e-07
  4 -0.01191 -7.34990e-07 |  5 -0.13162 -1.04792e-06 |  6 -0.01403 -6.46181e-07
  7 -0.10307 -1.10151e-06 |  8 -0.06361 -9.66365e-07 |  9  0.01646 -7.70617e-07
 10  0.12795  1.81528e-07 | 11 -0.04223 -7.35072e-07 | 12  0.03733  2.18297e-07
 13  0.01471  6.30554e-08 | 14  0.06001  1.26847e-06 | 15 -0.01577  5.22063e-08
 16 -0.06128 -3.79955e-07 | 17 -0.02345 -2.33827e-07 | 18  0.04447 -1.32272e-07
 19  0.08039  2.98653e-07 | 20  0.00094 -4.59053e-07 | 21 -0.10347 -8.69795e-07
 22 -0.06282 -7.72483e-07 | 23  0.03745  5.68500e-07 | 24  0.02678  5.43994e-07
 25 -0.04226 -1.36768e-07 | 26  0.03881  2.12095e-06 | 27  0.03246  1.15770e-06
 28  0.02571  7.78778e-07 | 29  0.00246 -1.51997e-07 | 30  0.01705 -7.64914e-08
 31  0.05268  4.21666e-07 | 32  0.09098  1.95587e-06 | 33 -0.00147  9.91071e-07
 34 -0.05679  3.69497e-07 | 35  0.00614  5.77918e-07 | 36 -0.01408 -1.16602e-06
 37  0.24009  4.87515e-06 | 38  0.24273  3.70615e-06 | 39  0.24917  1.50553e-06
 40  0.24174  9.16613e-06 | 41 -0.07755  2.63344e-05 | 42 -0.64185  6.60170e-06
 43  1.00002 -1.08810e-08 | 44 -0.69022  5.37655e-08 | 45  0.06908  5.23418e-07
 46 -0.67126 -1.33435e-07 | 47  0.21826  9.03552e-07 | 48 -0.47865 -6.23218e-07
 49 -0.05213  3.85256e-06 | 50 -0.06132  3.45605e-05 | 51 -0.27549 -6.90810e-07
 52 -0.54480  6.66638e-06 |
Estimating row 1 out of 52 for hessian
Estimating row 2 out of 52 for hessian
Estimating row 3 out of 52 for hessian
Estimating row 4 out of 52 for hessian
Estimating row 5 out of 52 for hessian
Estimating row 6 out of 52 for hessian
Estimating row 7 out of 52 for hessian
Estimating row 8 out of 52 for hessian
Estimating row 9 out of 52 for hessian
Estimating row 10 out of 52 for hessian
Estimating row 11 out of 52 for hessian
Estimating row 12 out of 52 for hessian
Estimating row 13 out of 52 for hessian
Estimating row 14 out of 52 for hessian
Estimating row 15 out of 52 for hessian
Estimating row 16 out of 52 for hessian
Estimating row 17 out of 52 for hessian
Estimating row 18 out of 52 for hessian
Estimating row 19 out of 52 for hessian
Estimating row 20 out of 52 for hessian
Estimating row 21 out of 52 for hessian
Estimating row 22 out of 52 for hessian
Estimating row 23 out of 52 for hessian
Estimating row 24 out of 52 for hessian
Estimating row 25 out of 52 for hessian
Estimating row 26 out of 52 for hessian
Estimating row 27 out of 52 for hessian
Estimating row 28 out of 52 for hessian
Estimating row 29 out of 52 for hessian
Estimating row 30 out of 52 for hessian
Estimating row 31 out of 52 for hessian
Estimating row 32 out of 52 for hessian
Estimating row 33 out of 52 for hessian
Estimating row 34 out of 52 for hessian
Estimating row 35 out of 52 for hessian
Estimating row 36 out of 52 for hessian
Estimating row 37 out of 52 for hessian
Estimating row 38 out of 52 for hessian
Estimating row 39 out of 52 for hessian
Estimating row 40 out of 52 for hessian
Estimating row 41 out of 52 for hessian
Estimating row 42 out of 52 for hessian
Estimating row 43 out of 52 for hessian
Estimating row 44 out of 52 for hessian
Estimating row 45 out of 52 for hessian
Estimating row 46 out of 52 for hessian
Estimating row 47 out of 52 for hessian
Estimating row 48 out of 52 for hessian
Estimating row 49 out of 52 for hessian
Estimating row 50 out of 52 for hessian
Estimating row 51 out of 52 for hessian
Estimating row 52 out of 52 for hessian
size of file gradfil1.tmp = 0
size of file gradfil2.tmp = 0
size of file varssave.tmp = 0
size of file cmpdiff.tmp = 0
