
Initial statistics: 36 variables; iteration 0; function evaluation 0; phase 1
Function value 7.5326041e+03; maximum gradient component mag 3.4864e+04
Var    Value     Gradient |Var    Value     Gradient |Var    Value     Gradient
  1  0.26198  3.48637e+04 |  2  0.00000 -5.03573e+02 |  3  0.00000 -6.01701e+02
  4  0.00000 -5.97466e+02 |  5  0.00000 -3.73377e+02 |  6  0.00000 -6.45682e+02
  7  0.00000 -4.25417e+02 |  8  0.00000 -3.92800e+02 |  9  0.00000 -3.71348e+02
 10  0.00000 -5.95796e+02 | 11  0.00000 -9.98802e+01 | 12  0.00000 -2.63648e+02
 13  0.00000 -1.63571e+02 | 14  0.00000 -2.67657e+02 | 15  0.00000 -8.25889e+01
 16  0.00000  1.44199e+02 | 17  0.00000  1.02570e+02 | 18  0.00000 -1.46885e+02
 19  0.00000 -2.94926e+02 | 20  0.00000  1.89312e+02 | 21  0.00000 -1.67778e+01
 22  0.00000 -9.74958e+01 | 23  0.00000  1.27712e+01 | 24  0.00000  9.01483e+01
 25  0.00000  3.85206e+02 | 26  0.00000  6.67872e+02 | 27  0.00000  7.18305e+02
 28  0.00000  6.39645e+02 | 29  0.00000  5.02965e+02 | 30  0.00000  4.47713e+02
 31  0.00000  6.71835e+02 | 32  0.00000  4.65630e+02 | 33  0.00000  7.08824e+02
 34  0.00000  4.30773e+02 | 35  0.00000 -1.85205e+02 | 36  0.00000 -5.19715e+01

Intermediate statistics: 36 variables; iteration 20; function evaluation 26; phase 1
Function value 5.0983798e+03; maximum gradient component mag 2.1714e+04
Var    Value     Gradient |Var    Value     Gradient |Var    Value     Gradient
  1  0.11901  2.17143e+04 |  2 -0.12725  3.66703e+02 |  3 -0.13707  3.66326e+02
  4 -0.19370  2.23136e+02 |  5 -1.20254 -7.25196e+01 |  6 -0.15516  4.21094e+02
  7 -0.30321  2.87133e+02 |  8 -0.21609  3.48591e+02 |  9 -0.04644  4.87007e+02
 10  0.11361  6.49320e+02 | 11  0.01741  6.09320e+02 | 12  0.06656  5.70399e+02
 13  0.09020  7.09244e+02 | 14  0.07426  5.25520e+02 | 15  0.07701  6.66508e+02
 16  0.05798  6.74604e+02 | 17  0.09702  7.11680e+02 | 18  0.17422  8.72330e+02
 19  0.19290  8.49040e+02 | 20  0.13346  9.55887e+02 | 21  0.07865  6.10298e+02
 22  0.08022  5.97873e+02 | 23  0.01795  4.82135e+02 | 24  0.11161  7.91961e+02
 25  0.12226  1.00848e+03 | 26  0.16225  1.54100e+03 | 27  0.10849  1.03812e+03
 28  0.10182  9.27041e+02 | 29  0.12898  1.06174e+03 | 30  0.15134  1.16704e+03
 31  0.11935  1.11686e+03 | 32  0.17912  1.73501e+03 | 33  0.04323  8.28920e+02
 34  0.02642  7.13125e+02 | 35  0.02740  4.06739e+02 | 36 -0.04472  6.60390e+02
36 variables; iteration 40; function evaluation 55; phase 1
Function value 3.6565714e+03; maximum gradient component mag 3.2201e+03
Var    Value     Gradient |Var    Value     Gradient |Var    Value     Gradient
  1  0.05352  3.22008e+03 |  2 -0.05418  1.18898e+02 |  3  0.01095  3.07075e+02
  4 -0.08162  1.90005e+01 |  5 -0.96446 -6.12684e-01 |  6  0.00163  2.37377e+02
  7 -0.12608  1.21201e+02 |  8 -0.04862  1.93372e+02 |  9  0.06475  3.46457e+02
 10  0.09058  1.37343e+02 | 11 -0.03418  1.59094e+02 | 12  0.00614  3.59722e+01
 13  0.05392  1.36338e+02 | 14  0.01594 -9.39263e+00 | 15 -0.01641  9.39547e+01
 16  0.01334  2.55916e+02 | 17  0.09020  3.74857e+02 | 18  0.10185  1.91249e+02
 19  0.14570  2.46609e+02 | 20  0.04019  2.68615e+02 | 21  0.08361  4.18266e+02
 22  0.01380  1.46174e+02 | 23  0.01288  2.08093e+02 | 24  0.04048  1.49402e+02
 25  0.05739  1.93346e+02 | 26  0.08649  3.50289e+02 | 27  0.04566  2.31419e+02
 28  0.07333  3.09139e+02 | 29  0.09352  3.97985e+02 | 30  0.11246  3.80828e+02
 31  0.07450  3.25882e+02 | 32  0.10924  3.92946e+02 | 33 -0.01488  1.05914e+02
 34 -0.03251  1.08241e+02 | 35  0.01890  8.46364e+01 | 36 -0.20606  2.12227e+02

 - final statistics:
36 variables; iteration 54; function evaluation 72
Function value 3.4977e+03; maximum gradient component mag -9.8249e+00
Exit code = 1;  converg criter 1.0000e+01
Var    Value     Gradient |Var    Value     Gradient |Var    Value     Gradient
  1  0.05119 -9.82493e+00 |  2 -0.02917  1.67149e+00 |  3 -0.02007  1.68953e+00
  4 -0.05879  2.60601e+00 |  5 -0.16365  2.85944e+00 |  6 -0.05233  1.52140e+00
  7 -0.12874  2.20248e+00 |  8 -0.08976  2.35271e+00 |  9 -0.01325  2.24023e+00
 10  0.09625  2.02341e+00 | 11 -0.03975  2.88052e+00 | 12  0.03590  3.27237e+00
 13  0.03992  2.52867e+00 | 14  0.04866  1.38393e+00 | 15  0.00373  2.79374e+00
 16 -0.02322  2.20977e+00 | 17  0.02850  1.47411e+00 | 18  0.07984  1.58383e+00
 19  0.10672  1.92176e+00 | 20 -0.01134  1.99985e+00 | 21 -0.00311  2.29517e+00
 22 -0.00387  3.03615e+00 | 23 -0.02099  2.65214e+00 | 24  0.04263  2.21812e+00
 25  0.05631  2.74722e+00 | 26  0.05452 -5.47561e-01 | 27  0.03262  2.21716e+00
 28  0.04031  1.37311e+00 | 29  0.04201  1.40399e+00 | 30  0.07221  1.58168e+00
 31  0.04363  2.65194e+00 | 32  0.08084 -2.59001e-01 | 33 -0.00297  9.81080e-01
 34 -0.01931  1.95223e+00 | 35  0.03434  1.54801e+00 | 36 -0.26557  3.20959e+00

Initial statistics: 44 variables; iteration 0; function evaluation 0; phase 2
Function value 3.4977114e+03; maximum gradient component mag -3.4194e+03
Var    Value     Gradient |Var    Value     Gradient |Var    Value     Gradient
  1  0.05119 -9.82493e+00 |  2 -0.02922 -3.51846e-01 |  3 -0.02012 -3.34928e-01
  4 -0.05884  5.89170e-01 |  5 -0.16371  9.00510e-01 |  6 -0.05239 -4.97215e-01
  7 -0.12880  2.18290e-01 |  8 -0.08982  3.47340e-01 |  9 -0.01330  2.15205e-01
 10  0.09619  2.10494e-02 | 11 -0.03981  8.58999e-01 | 12  0.03584  1.25014e+00
 13  0.03986  5.07191e-01 | 14  0.04860 -6.35622e-01 | 15  0.00367  7.68315e-01
 16 -0.02327  1.85658e-01 | 17  0.02844 -5.49325e-01 | 18  0.07978 -4.25732e-01
 19  0.10666 -7.53181e-02 | 20 -0.01140 -2.52910e-02 | 21 -0.00317  2.69736e-01
 22 -0.00392  1.01073e+00 | 23 -0.02105  6.27781e-01 | 24  0.04257  1.97193e-01
 25  0.05625  7.29685e-01 | 26  0.05446 -2.56562e+00 | 27  0.03256  1.94354e-01
 28  0.04026 -6.48296e-01 | 29  0.04195 -6.17066e-01 | 30  0.07215 -4.30771e-01
 31  0.04357  6.31233e-01 | 32  0.08078 -2.26818e+00 | 33 -0.00302 -1.04436e+00
 34 -0.01937 -7.23059e-02 | 35  0.03428 -4.74515e-01 | 36 -0.26563  1.35776e+00
 37  0.21935 -3.41945e+03 | 38  0.21935 -1.26975e+03 | 39  0.21935 -4.38307e+02
 40  0.21935  1.91895e+03 | 41  0.43912  2.72481e+02 | 42  0.03033 -3.00897e+02
 43  0.07979  1.85637e+02 | 44  0.24471  3.02847e+02 |

Intermediate statistics: 44 variables; iteration 20; function evaluation 30; phase 2
Function value 3.3243546e+03; maximum gradient component mag -1.6349e+04
Var    Value     Gradient |Var    Value     Gradient |Var    Value     Gradient
  1  0.02011 -1.63486e+04 |  2  0.01565  2.28718e+02 |  3  0.04825  1.92892e+02
  4 -0.03025  1.92838e+02 |  5 -0.15981  2.17395e+02 |  6 -0.02502  2.23578e+02
  7 -0.15155  1.96700e+02 |  8 -0.10221  1.79326e+02 |  9 -0.01506  9.47877e+01
 10  0.13847 -1.99552e+02 | 11 -0.03387  9.74984e+01 | 12  0.02884 -9.99495e+00
 13  0.00804 -1.16275e+02 | 14  0.08895 -1.58951e+02 | 15 -0.03546 -7.43963e+01
 16  0.05154  1.33452e+01 | 17 -0.10030 -1.65871e+02 | 18  0.05875 -1.63175e+02
 19  0.05626 -2.09849e+02 | 20 -0.04413  9.63691e+01 | 21 -0.03801  7.14375e+01
 22 -0.03385  3.43211e+01 | 23 -0.02156  3.33238e+01 | 24  0.04592 -1.16324e+02
 25  0.03292 -1.12053e+02 | 26  0.06925 -1.51216e+02 | 27  0.06112 -6.86849e+01
 28  0.04682 -7.90357e+01 | 29  0.02918  2.11626e+01 | 30  0.06212 -4.90573e+01
 31  0.05051 -3.53539e+01 | 32  0.09338 -2.67752e+02 | 33 -0.00528 -1.25634e+01
 34 -0.00516  7.13572e+01 | 35  0.06786  1.28941e+02 | 36 -0.25012  2.30037e+02
 37  0.24519 -4.42073e+03 | 38  0.24674 -1.27155e+03 | 39  0.25916 -7.61688e+01
 40  0.23085 -9.38646e+02 | 41  0.49125 -3.15948e+02 | 42 -0.18631  1.74288e+03
 43 -0.42861 -1.29030e+02 | 44 -0.19493 -4.53985e+02 |
44 variables; iteration 40; function evaluation 59; phase 2
Function value 3.1555120e+03; maximum gradient component mag -2.4278e+04
Var    Value     Gradient |Var    Value     Gradient |Var    Value     Gradient
  1  0.01340 -2.42781e+04 |  2  0.06970  3.58127e+02 |  3  0.02486  1.88141e+02
  4  0.01864  4.10656e+02 |  5 -0.28354  2.30962e+02 |  6  0.01218  3.15522e+02
  7 -0.08225  4.14294e+02 |  8 -0.07565  3.18290e+02 |  9 -0.05241  1.99820e+02
 10  0.16784 -1.24143e+02 | 11 -0.06747  1.89480e+02 | 12  0.04440  7.72365e+01
 13 -0.00557 -7.97107e+01 | 14  0.10803 -4.82397e+02 | 15 -0.08878 -1.12210e+01
 16  0.05241  2.65846e+01 | 17 -0.02680 -6.24461e+01 | 18  0.00763 -2.88165e+02
 19  0.05835 -5.05930e+02 | 20 -0.00295  1.65967e+02 | 21 -0.13405  8.74279e+01
 22 -0.00956  2.19303e+02 | 23 -0.00320  1.21705e+02 | 24  0.00079 -1.93558e+02
 25  0.11397 -4.43589e+01 | 26  0.02016 -1.74832e+02 | 27  0.04852 -1.88192e+02
 28  0.08470 -7.55251e+01 | 29  0.01525  3.84165e+01 | 30  0.05652 -9.34777e+01
 31  0.04899 -8.22377e+01 | 32  0.07460 -3.95630e+02 | 33  0.01680  1.22676e+02
 34  0.05771  1.25741e+02 | 35  0.04328  1.64021e+02 | 36 -0.29195  3.21952e+02
 37  0.25499 -3.84919e+03 | 38  0.25711 -1.12518e+03 | 39  0.26836 -6.02840e+01
 40  0.23197 -2.76762e+03 | 41  0.65836 -1.03236e+03 | 42 -0.45288  1.93307e+03
 43 -0.80570 -1.48196e+02 | 44 -0.50676 -1.70971e+03 |
44 variables; iteration 60; function evaluation 85; phase 2
Function value 2.8714660e+03; maximum gradient component mag -1.3647e+03
Var    Value     Gradient |Var    Value     Gradient |Var    Value     Gradient
  1  0.02949 -1.36472e+03 |  2  0.01520  3.66137e+01 |  3  0.03623 -4.28548e-02
  4 -0.01592  1.81910e+01 |  5 -0.14400  1.29672e+01 |  6 -0.01923  2.57601e+01
  7 -0.12921 -4.37080e+00 |  8 -0.06215  2.10709e+01 |  9  0.00681  1.35958e+01
 10  0.12497  7.03771e+00 | 11 -0.04422  1.29575e+01 | 12 -0.01022 -3.94505e+01
 13  0.03434  2.97422e+01 | 14  0.09135  1.85278e+02 | 15  0.00557  6.62695e+01
 16 -0.05389  3.17184e-01 | 17  0.00279  4.37320e+01 | 18  0.04953 -3.26399e+01
 19  0.08053 -3.84868e+01 | 20 -0.06157 -2.84942e+01 | 21 -0.04269  2.92965e+00
 22 -0.05380 -7.30248e+01 | 23 -0.01242 -2.28747e+01 | 24  0.04976 -5.67460e+01
 25  0.02435 -1.67594e+02 | 26  0.05957 -1.51470e+02 | 27  0.04057 -1.42877e+01
 28  0.03875 -1.88130e+01 | 29  0.02715  3.82743e+01 | 30  0.05653 -5.47717e+00
 31  0.03877 -1.10198e+00 | 32  0.09482 -4.01663e+01 | 33 -0.00732 -1.74856e+01
 34 -0.02257 -9.77099e+00 | 35  0.04342 -2.07955e+01 | 36 -0.25492  1.68166e+01
 37  0.25087 -6.80965e+01 | 38  0.24946 -6.34320e+01 | 39  0.25373  3.43781e+01
 40  0.23163 -8.26552e+01 | 41  0.84698  3.31139e+01 | 42 -0.48854 -4.71951e+00
 43 -1.12826 -1.56071e+01 | 44 -0.58979  7.45920e+01 |
Maximum number of function evaluations exceeded

 - final statistics:
44 variables; iteration 76; function evaluation 100
Function value 2.8574e+03; maximum gradient component mag -3.0253e+01
Exit code = 3;  converg criter 1.0000e+01
Var    Value     Gradient |Var    Value     Gradient |Var    Value     Gradient
  1  0.03887 -3.02527e+01 |  2 -0.00025  5.75335e-01 |  3  0.04166  2.67222e+00
  4 -0.01110  1.05121e+00 |  5 -0.13574  2.31716e-01 |  6 -0.01404 -8.18781e-01
  7 -0.10898  7.02199e-01 |  8 -0.06277  1.54085e+00 |  9  0.00189  6.60582e-02
 10  0.12113  1.99364e-01 | 11 -0.04283  1.87514e+00 | 12  0.01324 -2.11054e+00
 13  0.02472 -2.06974e+00 | 14  0.05818 -4.71278e+00 | 15 -0.01103  9.72776e-01
 16 -0.04462  8.19974e+00 | 17 -0.00421  1.27535e+00 | 18  0.06067  1.37888e+00
 19  0.08848 -1.65591e+00 | 20 -0.04401  9.32861e-01 | 21 -0.03973  4.21223e-01
 22 -0.03160 -2.91064e+00 | 23 -0.02797 -7.92012e-01 | 24  0.03990  2.99726e+00
 25  0.05028  5.97816e+00 | 26  0.06148  1.37977e+01 | 27  0.03049  4.99428e+00
 28  0.03598  7.03450e+00 | 29  0.02265 -8.84220e-01 | 30  0.06069 -1.68395e+00
 31  0.03814 -4.65145e+00 | 32  0.09008 -7.56948e+00 | 33 -0.01273 -7.22724e+00
 34 -0.03962 -2.33404e+01 | 35  0.03890 -3.92673e+00 | 36 -0.25423  7.12792e-01
 37  0.24317 -3.36972e+00 | 38  0.24161  3.38900e-01 | 39  0.24424 -1.84813e+00
 40  0.22475  4.79995e-01 | 41  0.79339  2.32473e+00 | 42 -0.50013  5.61948e+00
 43 -1.01655 -1.33406e-02 | 44 -0.60597  3.22471e+00 |

Initial statistics: 50 variables; iteration 0; function evaluation 0; phase 3
Function value 2.8573514e+03; maximum gradient component mag 2.5172e+02
Var    Value     Gradient |Var    Value     Gradient |Var    Value     Gradient
  1  0.03887 -3.02527e+01 |  2 -0.00025  7.66759e-01 |  3  0.04166  2.86324e+00
  4 -0.01110  1.24260e+00 |  5 -0.13573  4.18807e-01 |  6 -0.01403 -6.27402e-01
  7 -0.10897  8.90828e-01 |  8 -0.06277  1.73135e+00 |  9  0.00190  2.57482e-01
 10  0.12114  3.87333e-01 | 11 -0.04283  2.06613e+00 | 12  0.01325 -1.91916e+00
 13  0.02473 -1.87846e+00 | 14  0.05818 -4.52215e+00 | 15 -0.01102  1.16417e+00
 16 -0.04461  8.39070e+00 | 17 -0.00421  1.46677e+00 | 18  0.06068  1.56944e+00
 19  0.08849 -1.46633e+00 | 20 -0.04400  1.12383e+00 | 21 -0.03972  6.12275e-01
 22 -0.03160 -2.71945e+00 | 23 -0.02796 -6.00772e-01 | 24  0.03990  3.18831e+00
 25  0.05029  6.16898e+00 | 26  0.06149  1.39882e+01 | 27  0.03050  5.18549e+00
 28  0.03599  7.22562e+00 | 29  0.02266 -6.92916e-01 | 30  0.06069 -1.49339e+00
 31  0.03815 -4.46037e+00 | 32  0.09008 -7.37996e+00 | 33 -0.01272 -7.03585e+00
 34 -0.03961 -2.31493e+01 | 35  0.03891 -3.73566e+00 | 36 -0.25422  8.89159e-01
 37  0.24317 -3.36972e+00 | 38  0.24161  3.38900e-01 | 39  0.24424 -1.84813e+00
 40  0.22475  4.79995e-01 | 41  0.79339  2.32473e+00 | 42 -0.50013  5.61948e+00
 43  0.29320 -1.96446e+01 | 44  0.19688  3.22102e+01 | 45  0.24471 -2.18647e+02
 46  0.15305  2.51716e+02 | 47  0.00000 -7.90050e+01 | 48  0.08327  1.91138e+01
 49 -0.98345  1.33406e-02 | 50 -0.60597  3.22471e+00 |

Intermediate statistics: 50 variables; iteration 20; function evaluation 36; phase 3
Function value 2.5451311e+03; maximum gradient component mag -3.2545e+03
Var    Value     Gradient |Var    Value     Gradient |Var    Value     Gradient
  1  0.02544 -3.25449e+03 |  2  0.00822  6.13455e+01 |  3  0.05588  3.76151e+01
  4 -0.00950  6.34686e+01 |  5 -0.13352  9.44751e+01 |  6 -0.00361  9.19022e+01
  7 -0.10927  9.84982e+01 |  8 -0.06675  9.05156e+01 |  9 -0.00176  7.66267e+01
 10  0.13078  1.30292e+02 | 11 -0.03566  5.05571e+01 | 12  0.00149  9.20433e+01
 13  0.03881  4.19950e+01 | 14  0.07059 -7.47122e+01 | 15 -0.03500 -1.23062e+02
 16 -0.01020 -6.42261e+01 | 17 -0.03697 -1.93260e+02 | 18  0.02837 -2.83076e+02
 19  0.01003 -3.68073e+02 | 20 -0.06314 -4.05438e+01 | 21 -0.09688  4.27372e+01
 22  0.02879  3.57942e+02 | 23  0.04423  2.76098e+02 | 24 -0.06469 -1.06611e+02
 25 -0.00753 -5.45428e+01 | 26  0.09708  1.73035e+02 | 27  0.04736 -7.23110e+01
 28  0.00408 -1.07649e+02 | 29 -0.00701 -6.72281e+01 | 30  0.03473 -9.14657e+00
 31  0.04629  1.39093e+02 | 32  0.10733  5.56706e+02 | 33  0.01644  2.59030e+02
 34 -0.00079  2.21173e+02 | 35  0.09161  3.26266e+02 | 36 -0.13018  3.58117e+01
 37  0.26422 -6.98057e+02 | 38  0.28393 -1.59377e+03 | 39  0.27813  8.99238e+02
 40  0.25181 -2.58882e+03 | 41  0.74558  1.07767e+02 | 42 -0.47922 -7.16370e+01
 43  0.41244  2.50752e+02 | 44 -0.32148 -4.38424e+01 | 45  1.01369 -1.87705e+00
 46 -0.20344  7.27262e+02 | 47  0.56798  2.31772e+02 | 48 -0.19119 -4.76973e+01
 49 -0.98637 -8.17948e+00 | 50 -0.50602  5.45269e+02 |
50 variables; iteration 40; function evaluation 61; phase 3
Function value 2.4237325e+03; maximum gradient component mag -5.7147e+03
Var    Value     Gradient |Var    Value     Gradient |Var    Value     Gradient
  1  0.03071 -5.71465e+03 |  2  0.04042  1.19257e+02 |  3  0.09982  9.28819e+01
  4  0.09612  1.87767e+02 |  5 -0.01781  1.52043e+02 |  6  0.07893  1.44029e+02
  7  0.00546  1.85922e+02 |  8 -0.03489  8.18179e+01 |  9 -0.01095  7.85569e+01
 10  0.09422  1.10583e+02 | 11 -0.03147  1.15572e+02 | 12 -0.06799 -1.81571e+01
 13  0.05523  1.34911e+02 | 14  0.04934 -1.45819e+02 | 15 -0.06135 -1.23261e+02
 16 -0.04444  3.70714e+01 | 17  0.02324  5.68449e+02 | 18 -0.00802  7.77303e+01
 19  0.03717  2.05686e+02 | 20 -0.10693  2.14897e+01 | 21 -0.10842  1.66623e+02
 22 -0.02709  1.66181e+02 | 23  0.01543  1.63682e+02 | 24 -0.02338  5.93892e+01
 25 -0.02663 -1.23757e+01 | 26  0.06857 -1.07398e+02 | 27  0.02615 -2.66810e+02
 28 -0.01482 -3.52227e+02 | 29 -0.02178 -1.79649e+02 | 30  0.00219 -1.52642e+02
 31  0.02950  6.82788e+00 | 32  0.06200 -2.00662e+02 | 33 -0.02318 -2.13854e+02
 34 -0.01522 -1.06028e+02 | 35 -0.00391 -2.85548e+02 | 36 -0.11208  1.11284e+02
 37  0.26921  2.21466e+02 | 38  0.28970 -1.91984e+03 | 39  0.26846  2.83965e+02
 40  0.28199 -1.06903e+03 | 41  0.70191 -6.96339e+01 | 42 -0.50012 -6.31309e+00
 43  0.37815 -2.89382e+01 | 44 -0.35556 -3.41383e+01 | 45  0.72496  1.66189e+02
 46 -0.32648  2.37652e+02 | 47  0.92182  9.49160e+00 | 48 -0.03238  1.35129e+02
 49 -1.16791  8.23070e+00 | 50 -0.52253 -1.31505e+02 |
50 variables; iteration 60; function evaluation 90; phase 3
Function value 2.2961039e+03; maximum gradient component mag -5.4632e+02
Var    Value     Gradient |Var    Value     Gradient |Var    Value     Gradient
  1  0.02268 -1.71005e+02 |  2  0.01450  3.13225e-01 |  3  0.05841 -3.45794e+00
  4 -0.00425  6.48162e+00 |  5 -0.14049 -2.76967e+00 |  6 -0.00904  8.82266e+00
  7 -0.11175  9.93007e+00 |  8 -0.06335  3.60617e+00 |  9  0.00295  1.05581e+00
 10  0.11703  6.09900e+00 | 11 -0.02641 -7.84252e+00 | 12 -0.00996 -4.04862e+00
 13  0.03921 -1.49349e+01 | 14  0.07547  2.39038e+01 | 15 -0.00490  1.53813e+01
 16 -0.02771  8.96791e-01 | 17 -0.01249 -2.15150e+01 | 18  0.02242  5.13227e+00
 19  0.03191 -3.25413e+01 | 20 -0.05553  2.93057e+01 | 21 -0.13075  1.11125e+01
 22 -0.03678  2.08057e+01 | 23  0.03450  3.96270e+01 | 24 -0.00304  1.88605e+01
 25 -0.00569  4.64932e+01 | 26  0.06915  6.12274e-01 | 27  0.03975  2.19658e+01
 28  0.01872  6.53585e+01 | 29 -0.01330  1.34325e+01 | 30  0.02037 -6.52837e+00
 31  0.02740 -3.54390e+01 | 32  0.06927 -4.18768e+01 | 33  0.01447 -4.58495e+01
 34  0.00555  1.98752e+01 | 35  0.03406 -3.14443e+01 | 36 -0.03766  5.62132e+00
 37  0.27095 -5.18358e+02 | 38  0.28466  1.10285e+02 | 39  0.26721 -1.75386e+01
 40  0.29101 -5.46320e+02 | 41  0.84418 -4.18001e+01 | 42 -0.49983  6.97810e+01
 43  0.39165  4.02617e+01 | 44 -0.33905  4.00572e+01 | 45  0.43622  1.72791e+01
 46 -0.43257 -8.40640e+00 | 47  0.76428  5.42180e+01 | 48 -0.19172 -2.32369e+01
 49 -1.05331  6.68686e+00 | 50 -0.57829 -1.05463e+02 |
50 variables; iteration 80; function evaluation 112; phase 3
Function value 2.1757018e+03; maximum gradient component mag 5.9983e+02
Var    Value     Gradient |Var    Value     Gradient |Var    Value     Gradient
  1  0.02165  5.99830e+02 |  2  0.01427 -8.58324e+00 |  3  0.05465 -1.24812e+01
  4 -0.01018 -9.20452e+00 |  5 -0.14027 -8.19917e+00 |  6 -0.01923 -9.45553e+00
  7 -0.12497 -1.03527e+01 |  8 -0.06889 -1.10299e+01 |  9  0.00139 -1.22385e+01
 10  0.11357 -1.66439e+01 | 11 -0.02096 -8.63216e+00 | 12 -0.01245 -1.36239e+01
 13  0.04561 -1.34540e+01 | 14  0.07309 -2.08733e+01 | 15 -0.00638 -2.01863e+01
 16 -0.02548 -1.06644e+01 | 17 -0.00691 -1.09329e+01 | 18  0.01798 -1.61596e+01
 19  0.03747  6.72315e-01 | 20 -0.06055 -3.17176e+00 | 21 -0.13362 -9.21909e+00
 22 -0.03813 -3.08602e+00 | 23  0.03406  4.33514e+00 | 24  0.00084  7.26885e+00
 25 -0.00672  1.37315e+01 | 26  0.06753  6.91852e+01 | 27  0.03809  4.71902e+01
 28  0.01604  3.93379e+01 | 29 -0.00376  3.51056e+00 | 30  0.00836  1.58920e+01
 31  0.03173  1.21843e+01 | 32  0.07113  2.63717e+01 | 33  0.02056  1.40387e+01
 34  0.00040 -1.23106e+01 | 35  0.03576 -6.58755e+00 | 36 -0.00605 -9.28244e+00
 37  0.27438  2.88887e+01 | 38  0.28502 -5.38506e+01 | 39  0.26847  3.93976e+00
 40  0.26203  1.70245e+02 | 41  1.00944 -4.61508e-01 | 42 -0.49926  2.36533e+00
 43  0.39312  6.42500e+00 | 44 -0.34874 -4.59339e+00 | 45  0.43063  5.45501e+00
 46 -0.43513  5.56598e+00 | 47  0.22198  1.47005e+01 | 48 -0.47814 -1.12982e+01
 49 -1.01785 -2.59033e-01 | 50 -0.59507  8.50379e+00 |
50 variables; iteration 100; function evaluation 134; phase 3
Function value 2.1753696e+03; maximum gradient component mag -4.1391e+01
Var    Value     Gradient |Var    Value     Gradient |Var    Value     Gradient
  1  0.02171 -4.13907e+01 |  2  0.01416  4.70272e-01 |  3  0.05621 -4.26436e-02
  4 -0.00885  7.28936e-01 |  5 -0.13872  9.26998e-01 |  6 -0.01726  6.85844e-01
  7 -0.12143  9.68653e-01 |  8 -0.06653  4.60800e-01 |  9  0.00220  2.63716e-01
 10  0.11353 -4.99461e-01 | 11 -0.02218 -1.02881e-01 | 12 -0.01166  4.21859e-02
 13  0.04496 -2.61485e+00 | 14  0.07269 -5.16966e+00 | 15 -0.00528 -1.61323e+00
 16 -0.02672 -1.21230e+00 | 17 -0.00710  1.91683e+00 | 18  0.01845  9.64268e-01
 19  0.03593 -8.79529e-01 | 20 -0.06149  5.45075e-01 | 21 -0.13355  6.89295e-01
 22 -0.03899  1.64751e+00 | 23  0.03415  2.17530e+00 | 24  0.00009  9.21355e-01
 25 -0.00791  1.60400e+00 | 26  0.06277 -1.19226e+00 | 27  0.03782 -4.19202e+00
 28  0.01651 -2.41052e+00 | 29 -0.00349  7.70361e-02 | 30  0.00659  6.64591e-01
 31  0.03111  1.31086e+00 | 32  0.07004  2.92094e+00 | 33  0.01949  1.38658e+00
 34  0.00216  1.68324e+00 | 35  0.03550  2.42569e+00 | 36 -0.00489  6.20113e-01
 37  0.27461  8.59760e+00 | 38  0.28577 -5.38617e+00 | 39  0.26888  2.33178e+00
 40  0.26181  2.67987e+00 | 41  1.03321 -1.65830e-01 | 42 -0.49930  5.22262e+00
 43  0.39263 -4.28416e-01 | 44 -0.34906 -1.02212e+00 | 45  0.43073 -2.72027e-01
 46 -0.43572  1.32494e+00 | 47  0.22178  1.23937e+00 | 48 -0.47813 -1.54780e+00
 49 -0.98911  3.53669e-02 | 50 -0.59333 -5.36558e+00 |
50 variables; iteration 120; function evaluation 154; phase 3
Function value 2.1753503e+03; maximum gradient component mag 3.4624e+00
Var    Value     Gradient |Var    Value     Gradient |Var    Value     Gradient
  1  0.02185  3.46244e+00 |  2  0.01463  4.77837e-03 |  3  0.05715  5.09498e-02
  4 -0.00794 -8.63173e-02 |  5 -0.13782 -3.86275e-02 |  6 -0.01621  6.26216e-02
  7 -0.12033  4.36181e-02 |  8 -0.06583  1.64052e-03 |  9  0.00238  3.44463e-02
 10  0.11338  1.77710e-02 | 11 -0.02211  1.77981e-02 | 12 -0.01192  6.90758e-02
 13  0.04466  3.90972e-01 | 14  0.07263  3.09731e-01 | 15 -0.00551  3.55081e-01
 16 -0.02681  2.89229e-01 | 17 -0.00775  3.56333e-01 | 18  0.01819  6.17101e-01
 19  0.03590  3.36745e-01 | 20 -0.06185 -1.35979e-01 | 21 -0.13378  1.18375e-01
 22 -0.03942 -4.12483e-02 | 23  0.03375  1.43737e-01 | 24 -0.00002  3.59697e-01
 25 -0.00833  3.11832e-01 | 26  0.06259 -1.56095e-01 | 27  0.03767 -8.49190e-01
 28  0.01613 -5.05546e-01 | 29 -0.00376 -8.17512e-02 | 30  0.00640 -5.73569e-02
 31  0.03089 -8.79726e-02 | 32  0.06967 -3.17688e-01 | 33  0.01928 -1.53291e-01
 34  0.00184  9.00365e-02 | 35  0.03515 -1.35002e-02 | 36 -0.00468 -4.28910e-02
 37  0.27452  2.63667e-01 | 38  0.28580  2.96231e-01 | 39  0.26884  3.00725e-02
 40  0.26180  1.22928e+00 | 41  1.10424  2.57953e-01 | 42 -0.49971  6.70884e-01
 43  0.39246 -9.46100e-02 | 44 -0.34898 -3.87628e-01 | 45  0.43091  1.84066e-01
 46 -0.43578 -3.52345e-01 | 47  0.22178 -1.23818e-01 | 48 -0.47810  4.69183e-02
 49 -0.93152 -6.14849e-02 | 50 -0.58488 -1.32024e+00 |
50 variables; iteration 140; function evaluation 174; phase 3
Function value 2.1753474e+03; maximum gradient component mag -5.8937e+00
Var    Value     Gradient |Var    Value     Gradient |Var    Value     Gradient
  1  0.02184 -5.89373e+00 |  2  0.01462  9.37727e-02 |  3  0.05712  1.20221e-01
  4 -0.00794  1.11912e-01 |  5 -0.13784  6.00215e-02 |  6 -0.01627  1.44683e-01
  7 -0.12044  5.51570e-02 |  8 -0.06588  7.27304e-02 |  9  0.00237  9.84237e-02
 10  0.11340  1.25026e-01 | 11 -0.02209  1.24336e-01 | 12 -0.01189  1.19682e-01
 13  0.04465  1.31383e-01 | 14  0.07264 -2.30385e-02 | 15 -0.00554  4.85089e-02
 16 -0.02679  1.71834e-01 | 17 -0.00772  3.01094e-01 | 18  0.01819  3.49990e-01
 19  0.03589  1.45309e-01 | 20 -0.06180  1.03479e-02 | 21 -0.13383 -2.75273e-02
 22 -0.03941 -1.05724e-01 | 23  0.03377 -9.23901e-02 | 24 -0.00004  1.42124e-02
 25 -0.00835  1.43970e-02 | 26  0.06260 -3.12525e-01 | 27  0.03770 -7.29471e-01
 28  0.01613 -6.28367e-01 | 29 -0.00375 -1.27115e-01 | 30  0.00641 -1.05247e-01
 31  0.03090 -1.41076e-01 | 32  0.06969 -3.04237e-01 | 33  0.01929 -1.48002e-01
 34  0.00183  2.43146e-02 | 35  0.03517  1.20396e-01 | 36 -0.00460  1.06846e-01
 37  0.27452 -1.10836e+00 | 38  0.28580  5.09281e-02 | 39  0.26884 -1.45839e-01
 40  0.26179  5.44775e-02 | 41  1.19298  6.27282e-01 | 42 -0.49969  1.38073e+00
 43  0.39249 -2.68600e-02 | 44 -0.34891 -2.53618e-02 | 45  0.43090  1.06799e-01
 46 -0.43577 -7.78213e-02 | 47  0.22178 -8.79890e-02 | 48 -0.47810  4.19087e-02
 49 -0.84894  2.79428e-02 | 50 -0.56217 -2.08565e+00 |
50 variables; iteration 160; function evaluation 196; phase 3
Function value 2.1753458e+03; maximum gradient component mag -1.9187e+00
Var    Value     Gradient |Var    Value     Gradient |Var    Value     Gradient
  1  0.02184 -1.91874e+00 |  2  0.01461  3.48478e-02 |  3  0.05712  5.75674e-02
  4 -0.00794  3.29414e-02 |  5 -0.13783  2.38977e-02 |  6 -0.01629  3.69406e-02
  7 -0.12043  2.34829e-02 |  8 -0.06587  2.98670e-02 |  9  0.00237  3.31487e-02
 10  0.11340  4.31685e-02 | 11 -0.02210  3.38248e-02 | 12 -0.01190  2.21054e-02
 13  0.04464  1.20046e-02 | 14  0.07264 -3.32766e-02 | 15 -0.00553 -2.52179e-03
 16 -0.02682 -2.86501e-02 | 17 -0.00772  4.67629e-02 | 18  0.01817 -2.62503e-02
 19  0.03588 -2.25858e-02 | 20 -0.06179 -9.14648e-03 | 21 -0.13381  6.27161e-03
 22 -0.03940 -1.83992e-02 | 23  0.03376 -3.42413e-02 | 24 -0.00005 -1.38122e-02
 25 -0.00835 -7.53849e-03 | 26  0.06261 -3.87763e-02 | 27  0.03771 -1.27750e-01
 28  0.01612 -1.29097e-01 | 29 -0.00375 -1.48077e-02 | 30  0.00641 -1.07000e-02
 31  0.03091 -4.41571e-04 | 32  0.06969 -2.60585e-02 | 33  0.01929 -4.64093e-03
 34  0.00183  2.59386e-03 | 35  0.03516 -4.63237e-03 | 36 -0.00459  3.59012e-02
 37  0.27453 -3.60822e-01 | 38  0.28579  6.42532e-02 | 39  0.26884 -5.30644e-02
 40  0.26178 -1.31820e-01 | 41  1.27282  1.71628e-01 | 42 -0.49968  2.98662e-01
 43  0.39251  9.36676e-03 | 44 -0.34889  9.90090e-03 | 45  0.43084 -3.20071e-03
 46 -0.43578  1.84074e-02 | 47  0.22178 -2.09844e-02 | 48 -0.47810  1.78495e-02
 49 -0.78051  2.01117e-02 | 50 -0.53205 -4.79762e-01 |
50 variables; iteration 180; function evaluation 222; phase 3
Function value 2.1753445e+03; maximum gradient component mag -7.3148e+00
Var    Value     Gradient |Var    Value     Gradient |Var    Value     Gradient
  1  0.02184 -7.31477e+00 |  2  0.01461  1.13080e-01 |  3  0.05710  1.17356e-01
  4 -0.00795  1.19642e-01 |  5 -0.13784  1.06791e-01 |  6 -0.01631  1.05803e-01
  7 -0.12046  9.12921e-02 |  8 -0.06589  9.91594e-02 |  9  0.00237  1.00599e-01
 10  0.11340  7.35973e-02 | 11 -0.02209  8.74558e-02 | 12 -0.01189  5.35835e-02
 13  0.04464 -6.23051e-02 | 14  0.07265 -1.92947e-01 | 15 -0.00553 -5.17698e-02
 16 -0.02679  1.04320e-02 | 17 -0.00773 -3.70500e-03 | 18  0.01818  1.20277e-02
 19  0.03588 -7.68421e-02 | 20 -0.06179  2.68567e-02 | 21 -0.13381  3.55381e-02
 22 -0.03939  3.98732e-02 | 23  0.03377 -2.12148e-02 | 24 -0.00004  3.27726e-02
 25 -0.00834  8.14513e-02 | 26  0.06261 -1.27278e-01 | 27  0.03771 -4.09450e-01
 28  0.01613 -3.65818e-01 | 29 -0.00375 -6.61597e-04 | 30  0.00642 -1.89460e-02
 31  0.03090 -6.06187e-02 | 32  0.06970 -1.10172e-01 | 33  0.01929 -5.41795e-02
 34  0.00184  5.23484e-02 | 35  0.03517  6.16088e-02 | 36 -0.00458  1.32907e-01
 37  0.27453 -6.29447e-01 | 38  0.28580 -2.96391e-01 | 39  0.26884 -1.14527e-01
 40  0.26178 -6.81802e-01 | 41  1.36581  7.02603e-01 | 42 -0.49968  1.05775e+00
 43  0.39251  2.41165e-02 | 44 -0.34889  1.65809e-02 | 45  0.43086  3.73963e-02
 46 -0.43577  2.60538e-02 | 47  0.22178 -2.78177e-02 | 48 -0.47810 -9.51280e-05
 49 -0.70264  8.47130e-02 | 50 -0.48793 -1.51241e+00 |
50 variables; iteration 200; function evaluation 248; phase 3
Function value 2.1753436e+03; maximum gradient component mag -2.3106e+00
Var    Value     Gradient |Var    Value     Gradient |Var    Value     Gradient
  1  0.02184 -2.31059e+00 |  2  0.01461  1.83991e-02 |  3  0.05710 -1.51293e-02
  4 -0.00795  3.22962e-02 |  5 -0.13784  3.26277e-02 |  6 -0.01630  2.91282e-02
  7 -0.12045  2.85345e-02 |  8 -0.06589  2.35823e-02 |  9  0.00237  2.04826e-02
 10  0.11340  9.26956e-03 | 11 -0.02209  2.21726e-02 | 12 -0.01189  3.12177e-02
 13  0.04465  1.70761e-02 | 14  0.07265 -3.33892e-02 | 15 -0.00553  2.40696e-04
 16 -0.02679  7.33864e-02 | 17 -0.00773  9.44638e-03 | 18  0.01819  6.96016e-02
 19  0.03588 -1.11022e-02 | 20 -0.06179  1.15509e-02 | 21 -0.13381 -6.14727e-03
 22 -0.03939  8.38958e-03 | 23  0.03377  5.69884e-03 | 24 -0.00004 -3.32090e-04
 25 -0.00834  1.07283e-02 | 26  0.06261 -8.66408e-02 | 27  0.03771 -1.52941e-01
 28  0.01613 -1.26543e-01 | 29 -0.00375 -3.40095e-02 | 30  0.00642 -4.33479e-02
 31  0.03091 -2.50837e-02 | 32  0.06970 -3.57055e-02 | 33  0.01930 -1.34812e-02
 34  0.00184  1.18114e-02 | 35  0.03517  5.63093e-02 | 36 -0.00460  3.37122e-02
 37  0.27453 -7.59769e-02 | 38  0.28579 -3.36590e-01 | 39  0.26884 -1.84612e-02
 40  0.26178 -1.72570e-01 | 41  1.45786  3.28721e-01 | 42 -0.49968  4.59909e-01
 43  0.39251 -1.84075e-03 | 44 -0.34889  8.53284e-03 | 45  0.43083  2.00954e-02
 46 -0.43578  4.52073e-03 | 47  0.22178  8.87954e-03 | 48 -0.47810 -6.65246e-03
 49 -0.62680 -1.62161e-02 | 50 -0.43692 -5.54104e-01 |
50 variables; iteration 220; function evaluation 275; phase 3
Function value 2.1753428e+03; maximum gradient component mag -6.0188e+00
Var    Value     Gradient |Var    Value     Gradient |Var    Value     Gradient
  1  0.02184 -6.01875e+00 |  2  0.01462  9.66627e-02 |  3  0.05711  1.05874e-01
  4 -0.00794  9.59838e-02 |  5 -0.13783  8.61896e-02 |  6 -0.01629  9.46536e-02
  7 -0.12043  8.39535e-02 |  8 -0.06588  8.66157e-02 |  9  0.00237  9.09012e-02
 10  0.11340  8.99757e-02 | 11 -0.02210  8.41676e-02 | 12 -0.01190  5.81202e-02
 13  0.04464  1.74647e-02 | 14  0.07264 -1.10846e-01 | 15 -0.00553 -5.46358e-03
 16 -0.02680  2.16889e-02 | 17 -0.00773  2.73100e-02 | 18  0.01818  3.82750e-03
 19  0.03587 -7.83096e-02 | 20 -0.06179 -6.17767e-05 | 21 -0.13381  3.38744e-02
 22 -0.03939  1.70669e-02 | 23  0.03376 -2.63389e-02 | 24 -0.00005  1.56949e-02
 25 -0.00835  5.61229e-02 | 26  0.06261 -1.20956e-01 | 27  0.03771 -3.82032e-01
 28  0.01612 -3.54922e-01 | 29 -0.00375 -4.61112e-02 | 30  0.00641 -5.14923e-02
 31  0.03090 -3.95209e-02 | 32  0.06969 -9.27239e-02 | 33  0.01929 -3.67571e-02
 34  0.00183  2.94792e-02 | 35  0.03516  3.81330e-02 | 36 -0.00459  1.05574e-01
 37  0.27453 -4.91064e-01 | 38  0.28579 -3.37389e-01 | 39  0.26884 -1.00755e-01
 40  0.26178 -5.98522e-01 | 41  1.56394  9.75920e-01 | 42 -0.49968  9.58034e-01
 43  0.39251  2.16808e-02 | 44 -0.34889  1.18614e-02 | 45  0.43084  2.42573e-02
 46 -0.43578  2.44888e-02 | 47  0.22178 -3.65307e-02 | 48 -0.47810  2.51131e-02
 49 -0.54063  6.19814e-02 | 50 -0.37184 -1.61798e+00 |
50 variables; iteration 240; function evaluation 301; phase 3
Function value 2.1753421e+03; maximum gradient component mag -8.4773e-01
Var    Value     Gradient |Var    Value     Gradient |Var    Value     Gradient
  1  0.02184 -8.47727e-01 |  2  0.01462  3.16720e-02 |  3  0.05713  6.53805e-02
  4 -0.00794  2.27087e-02 |  5 -0.13782  1.36585e-02 |  6 -0.01629  2.15065e-02
  7 -0.12042  1.19105e-02 |  8 -0.06587  2.02226e-02 |  9  0.00237  2.80877e-02
 10  0.11340  3.93409e-02 | 11 -0.02210  2.22296e-02 | 12 -0.01190  1.43361e-03
 13  0.04464 -2.15111e-02 | 14  0.07264 -3.77427e-02 | 15 -0.00553 -9.49101e-03
 16 -0.02682 -5.07265e-02 | 17 -0.00772 -3.70262e-03 | 18  0.01817 -4.93226e-02
 19  0.03587 -2.08310e-02 | 20 -0.06180 -6.35253e-03 | 21 -0.13381  1.81338e-02
 22 -0.03939  1.28765e-03 | 23  0.03376 -1.67056e-02 | 24 -0.00005  1.17552e-02
 25 -0.00835  1.97418e-02 | 26  0.06261  1.66225e-02 | 27  0.03771 -4.60828e-02
 28  0.01612 -5.62223e-02 | 29 -0.00375  7.33240e-03 | 30  0.00641  1.19882e-02
 31  0.03090 -8.26625e-04 | 32  0.06969 -2.07025e-02 | 33  0.01929 -1.08510e-02
 34  0.00183  5.13044e-03 | 35  0.03516 -2.80153e-02 | 36 -0.00459  2.16012e-02
 37  0.27453 -1.71667e-01 | 38  0.28580  1.54959e-01 | 39  0.26884 -3.42061e-02
 40  0.26178 -1.26956e-01 | 41  1.68400  1.30999e-01 | 42 -0.49969  4.03923e-02
 43  0.39251  1.22637e-02 | 44 -0.34889  2.83892e-03 | 45  0.43085 -3.00539e-03
 46 -0.43578  3.94432e-03 | 47  0.22178 -2.56985e-02 | 48 -0.47810  1.74545e-02
 49 -0.44482  5.30646e-02 | 50 -0.29279 -2.63451e-01 |
50 variables; iteration 260; function evaluation 328; phase 3
Function value 2.1753414e+03; maximum gradient component mag -2.1261e+00
Var    Value     Gradient |Var    Value     Gradient |Var    Value     Gradient
  1  0.02184 -2.12613e+00 |  2  0.01461  5.79718e-02 |  3  0.05710  7.52743e-02
  4 -0.00795  6.02763e-02 |  5 -0.13784  3.58970e-02 |  6 -0.01630  6.34808e-02
  7 -0.12044  3.27266e-02 |  8 -0.06589  3.68139e-02 |  9  0.00237  6.22107e-02
 10  0.11340  1.18735e-01 | 11 -0.02210  6.51607e-02 | 12 -0.01190  3.82717e-02
 13  0.04465  1.63666e-02 | 14  0.07265 -3.80443e-02 | 15 -0.00553 -3.96943e-03
 16 -0.02680  3.14728e-02 | 17 -0.00773  1.22980e-02 | 18  0.01818  1.29444e-02
 19  0.03588 -5.32553e-02 | 20 -0.06179 -1.10593e-02 | 21 -0.13381 -2.33032e-03
 22 -0.03939  2.92718e-04 | 23  0.03377 -1.43724e-02 | 24 -0.00004 -9.96179e-03
 25 -0.00835  8.98153e-03 | 26  0.06261 -9.17582e-02 | 27  0.03771 -2.16770e-01
 28  0.01613 -1.88123e-01 | 29 -0.00375 -4.00167e-02 | 30  0.00642 -4.59032e-02
 31  0.03091 -2.92211e-02 | 32  0.06970 -4.39383e-02 | 33  0.01930 -2.06606e-02
 34  0.00183  6.59134e-03 | 35  0.03517  3.20095e-02 | 36 -0.00460  3.90855e-02
 37  0.27453 -1.69796e-01 | 38  0.28579 -2.88169e-01 | 39  0.26884 -3.44343e-02
 40  0.26178 -2.73685e-01 | 41  1.85253  3.13487e-01 | 42 -0.49968  2.69969e-01
 43  0.39251  6.80382e-04 | 44 -0.34889  4.60190e-03 | 45  0.43083  1.34567e-02
 46 -0.43578  1.65016e-02 | 47  0.22178 -1.47983e-03 | 48 -0.47810  3.03116e-04
 49 -0.31409  4.32800e-01 | 50 -0.17689 -9.26887e-01 |
50 variables; iteration 280; function evaluation 354; phase 3
Function value 2.1753412e+03; maximum gradient component mag -1.0795e+00
Var    Value     Gradient |Var    Value     Gradient |Var    Value     Gradient
  1  0.02184 -1.07946e+00 |  2  0.01461 -3.06389e-03 |  3  0.05710 -2.98554e-02
  4 -0.00795  2.43997e-03 |  5 -0.13784  1.27292e-02 |  6 -0.01630  2.77360e-03
  7 -0.12044  1.52121e-02 |  8 -0.06589  7.86696e-03 |  9  0.00237 -3.79186e-03
 10  0.11340 -2.86760e-02 | 11 -0.02210 -2.76222e-03 | 12 -0.01190  1.00599e-02
 13  0.04465  1.91885e-02 | 14  0.07265 -3.56638e-03 | 15 -0.00552  5.69315e-03
 16 -0.02680  3.13828e-02 | 17 -0.00773  1.06279e-02 | 18  0.01818  2.41394e-02
 19  0.03588 -4.97222e-03 | 20 -0.06179  5.95450e-03 | 21 -0.13381  4.27517e-04
 22 -0.03939  7.46957e-03 | 23  0.03377  7.67551e-03 | 24 -0.00004 -1.52015e-03
 25 -0.00834  3.86194e-03 | 26  0.06261 -2.94659e-02 | 27  0.03771 -5.33418e-02
 28  0.01613 -3.79104e-02 | 29 -0.00375 -8.64607e-03 | 30  0.00642 -1.33639e-02
 31  0.03091 -2.17711e-03 | 32  0.06970  5.26857e-04 | 33  0.01930  4.83153e-03
 34  0.00183  7.58075e-03 | 35  0.03517  2.77383e-02 | 36 -0.00460  1.32303e-02
 37  0.27453 -2.77076e-02 | 38  0.28579 -1.57322e-01 | 39  0.26884  3.16330e-04
 40  0.26178 -5.22146e-02 | 41  2.00607  2.38188e-01 | 42 -0.49968  2.52899e-01
 43  0.39251 -1.87325e-03 | 44 -0.34889 -3.03712e-04 | 45  0.43083  4.40440e-03
 46 -0.43578  5.32907e-03 | 47  0.22178  8.93786e-03 | 48 -0.47810 -5.36255e-03
 49 -0.20017 -1.09634e-01 | 50 -0.07011 -2.31156e-01 |
50 variables; iteration 300; function evaluation 377; phase 3
Function value 2.1753411e+03; maximum gradient component mag 7.5415e-01
Var    Value     Gradient |Var    Value     Gradient |Var    Value     Gradient
  1  0.02184  7.54150e-01 |  2  0.01461 -5.21022e-03 |  3  0.05711  8.80665e-04
  4 -0.00795 -6.63547e-03 |  5 -0.13783 -9.73426e-03 |  6 -0.01629 -5.21109e-03
  7 -0.12043 -9.44554e-03 |  8 -0.06588 -8.31366e-03 |  9  0.00237 -3.78940e-03
 10  0.11340  9.66531e-03 | 11 -0.02210 -2.17712e-03 | 12 -0.01190 -4.57410e-03
 13  0.04464  3.59984e-04 | 14  0.07264  1.53059e-02 | 15 -0.00553  1.40834e-03
 16 -0.02681 -2.58853e-03 | 17 -0.00773 -1.68479e-03 | 18  0.01818 -2.55831e-03
 19  0.03588  4.71348e-03 | 20 -0.06179 -2.65689e-03 | 21 -0.13381 -4.46848e-03
 22 -0.03939 -4.68459e-03 | 23  0.03376 -8.65194e-04 | 24 -0.00004 -4.60341e-03
 25 -0.00835 -7.99645e-03 | 26  0.06261  8.13666e-03 | 27  0.03771  3.24258e-02
 28  0.01612  2.86839e-02 | 29 -0.00375  1.45702e-03 | 30  0.00641  2.15016e-03
 31  0.03091  1.36701e-03 | 32  0.06970  6.10951e-03 | 33  0.01929  1.11503e-03
 34  0.00183 -6.25775e-03 | 35  0.03516 -7.80517e-03 | 36 -0.00459 -1.21251e-02
 37  0.27453  5.52222e-02 | 38  0.28579  2.67565e-02 | 39  0.26884  8.78109e-03
 40  0.26178  5.09496e-02 | 41  2.07938 -1.64026e-01 | 42 -0.49968 -1.37393e-01
 43  0.39251 -2.34382e-03 | 44 -0.34889 -1.96471e-03 | 45  0.43083 -2.36228e-03
 46 -0.43578 -2.19904e-03 | 47  0.22178  2.52985e-03 | 48 -0.47810 -1.66188e-03
 49 -0.14795  6.13728e-02 | 50 -0.01970  1.77013e-01 |

 - final statistics:
50 variables; iteration 320; function evaluation 400
Function value 2.1753e+03; maximum gradient component mag 3.4861e-05
Exit code = 1;  converg criter 1.0000e-04
Var    Value     Gradient |Var    Value     Gradient |Var    Value     Gradient
  1  0.02184  3.48607e-05 |  2  0.01461  2.24316e-07 |  3  0.05711  1.57198e-06
  4 -0.00795  5.03699e-07 |  5 -0.13783 -3.34389e-07 |  6 -0.01630 -4.75936e-07
  7 -0.12044 -1.26641e-06 |  8 -0.06588 -4.23723e-07 |  9  0.00237  1.68368e-07
 10  0.11340 -6.78361e-07 | 11 -0.02210 -5.15016e-07 | 12 -0.01190 -1.12151e-06
 13  0.04464 -5.16363e-06 | 14  0.07264 -4.47730e-06 | 15 -0.00553 -2.21486e-06
 16 -0.02680 -4.18689e-06 | 17 -0.00773 -2.89957e-06 | 18  0.01818 -1.78304e-06
 19  0.03588  7.97221e-07 | 20 -0.06179  2.44896e-07 | 21 -0.13381 -1.45979e-07
 22 -0.03939  5.90485e-07 | 23  0.03376  4.85942e-07 | 24 -0.00004  1.81345e-06
 25 -0.00835  8.99599e-07 | 26  0.06261  3.88321e-06 | 27  0.03771  4.81934e-06
 28  0.01612  4.03963e-06 | 29 -0.00375  1.75008e-06 | 30  0.00641  2.38071e-06
 31  0.03091  5.57015e-07 | 32  0.06970 -2.24255e-07 | 33  0.01929 -4.09208e-07
 34  0.00183  1.04840e-06 | 35  0.03516 -4.07540e-07 | 36 -0.00459 -8.76680e-08
 37  0.27453 -4.64151e-06 | 38  0.28579  2.11879e-05 | 39  0.26884 -1.93120e-07
 40  0.26178  5.80403e-06 | 41  2.09859 -1.48346e-05 | 42 -0.49968 -1.45631e-05
 43  0.39251  2.15857e-07 | 44 -0.34889  1.08699e-06 | 45  0.43083 -6.33666e-08
 46 -0.43578 -4.99293e-07 | 47  0.22178 -5.87382e-07 | 48 -0.47810  1.17271e-07
 49 -0.13455  5.64711e-06 | 50 -0.00662  1.60516e-05 |
Estimating row 1 out of 50 for hessian
Estimating row 2 out of 50 for hessian
Estimating row 3 out of 50 for hessian
Estimating row 4 out of 50 for hessian
Estimating row 5 out of 50 for hessian
Estimating row 6 out of 50 for hessian
Estimating row 7 out of 50 for hessian
Estimating row 8 out of 50 for hessian
Estimating row 9 out of 50 for hessian
Estimating row 10 out of 50 for hessian
Estimating row 11 out of 50 for hessian
Estimating row 12 out of 50 for hessian
Estimating row 13 out of 50 for hessian
Estimating row 14 out of 50 for hessian
Estimating row 15 out of 50 for hessian
Estimating row 16 out of 50 for hessian
Estimating row 17 out of 50 for hessian
Estimating row 18 out of 50 for hessian
Estimating row 19 out of 50 for hessian
Estimating row 20 out of 50 for hessian
Estimating row 21 out of 50 for hessian
Estimating row 22 out of 50 for hessian
Estimating row 23 out of 50 for hessian
Estimating row 24 out of 50 for hessian
Estimating row 25 out of 50 for hessian
Estimating row 26 out of 50 for hessian
Estimating row 27 out of 50 for hessian
Estimating row 28 out of 50 for hessian
Estimating row 29 out of 50 for hessian
Estimating row 30 out of 50 for hessian
Estimating row 31 out of 50 for hessian
Estimating row 32 out of 50 for hessian
Estimating row 33 out of 50 for hessian
Estimating row 34 out of 50 for hessian
Estimating row 35 out of 50 for hessian
Estimating row 36 out of 50 for hessian
Estimating row 37 out of 50 for hessian
Estimating row 38 out of 50 for hessian
Estimating row 39 out of 50 for hessian
Estimating row 40 out of 50 for hessian
Estimating row 41 out of 50 for hessian
Estimating row 42 out of 50 for hessian
Estimating row 43 out of 50 for hessian
Estimating row 44 out of 50 for hessian
Estimating row 45 out of 50 for hessian
Estimating row 46 out of 50 for hessian
Estimating row 47 out of 50 for hessian
Estimating row 48 out of 50 for hessian
Estimating row 49 out of 50 for hessian
Estimating row 50 out of 50 for hessian
size of file gradfil1.tmp = 0
size of file gradfil2.tmp = 0
size of file varssave.tmp = 0
size of file cmpdiff.tmp = 0
