
Initial statistics: 36 variables; iteration 0; function evaluation 0; phase 1
Function value 1.5618832e+04; maximum gradient component mag -1.1592e+04
Var    Value     Gradient |Var    Value     Gradient |Var    Value     Gradient
  1 -0.00717 -1.15919e+04 |  2  0.05725 -9.31109e+01 |  3  0.09771 -6.97035e+02
  4 -0.02763 -3.58422e+02 |  5 -0.15852 -1.20833e+02 |  6 -0.05832 -7.15698e+02
  7 -0.10965  1.52075e+02 |  8 -0.08994  3.01741e+01 |  9  0.01204 -2.11273e+02
 10  0.10665 -1.45372e+03 | 11 -0.02271 -1.68745e+02 | 12 -0.03542 -7.55934e+02
 13  0.01410 -9.05924e+02 | 14  0.08091  1.06582e+02 | 15  0.06680  7.71689e+02
 16 -0.01726 -3.15801e+02 | 17 -0.04461  1.11068e+02 | 18  0.08870  1.41137e+03
 19  0.02790  6.92925e+02 | 20 -0.02879  4.72227e+02 | 21 -0.17849 -2.33841e+02
 22 -0.08233  4.76073e+02 | 23  0.04651 -5.55247e+02 | 24 -0.00370 -6.10894e+02
 25  0.01979  4.85359e+02 | 26  0.01215 -1.65368e+02 | 27  0.08231  9.77489e+02
 28  0.02291  7.42864e+01 | 29  0.04617  1.09090e+03 | 30  0.00443  7.90975e+02
 31  0.02275  5.67427e+02 | 32  0.02719 -6.71880e+02 | 33  0.04299 -4.58278e+02
 34 -0.04908 -2.59879e+02 | 35  0.05682  2.32768e+02 | 36 -0.03285  3.20037e+02

Intermediate statistics: 36 variables; iteration 20; function evaluation 31; phase 1
Function value 1.4757972e+04; maximum gradient component mag 8.9395e+03
Var    Value     Gradient |Var    Value     Gradient |Var    Value     Gradient
  1  0.00083  8.93955e+03 |  2  0.09555 -1.57719e+02 |  3  0.17170 -1.42786e+02
  4  0.09485 -1.36123e+02 |  5 -0.02204 -1.03932e+02 |  6  0.02495 -2.50249e+02
  7 -0.04316 -1.08825e+02 |  8 -0.01091 -1.17453e+02 |  9  0.06734 -1.11722e+02
 10  0.16935  3.53405e+02 | 11 -0.39963 -1.81386e+02 | 12  0.17733  2.41573e+02
 13 -0.05439  1.06284e+02 | 14  0.10439  2.60501e+02 | 15 -0.08154 -3.86401e+01
 16  0.06391 -1.93146e+02 | 17 -0.01400 -7.23322e+00 | 18 -0.08975  2.22358e+01
 19 -0.01322 -4.47247e+02 | 20 -0.06283  2.28918e+01 | 21 -0.08411 -8.93325e+01
 22 -0.13733  9.00542e+01 | 23  0.07461 -7.91152e+01 | 24  0.12345 -1.07306e+02
 25 -0.18953 -4.80139e+01 | 26  0.05888  3.44123e+01 | 27  0.02820  3.47814e+02
 28  0.05699  2.37727e+02 | 29 -0.01773  3.87618e+02 | 30 -0.03163  1.85241e+02
 31 -0.00793  2.09506e+02 | 32  0.08044 -1.74002e+02 | 33  0.03185 -1.57316e+02
 34 -0.00172 -7.82352e+01 | 35  0.03673  8.68591e+01 | 36 -0.23541 -1.51377e+02
36 variables; iteration 40; function evaluation 60; phase 1
Function value 1.4655089e+04; maximum gradient component mag 1.3466e+03
Var    Value     Gradient |Var    Value     Gradient |Var    Value     Gradient
  1 -0.00140  1.34665e+03 |  2  0.12398 -5.25576e+00 |  3  0.18618 -5.21182e+00
  4  0.11245 -1.83583e+01 |  5 -0.02964 -2.69671e+01 |  6  0.11910  8.40834e-01
  7 -0.00117 -3.10852e+01 |  8  0.04808  1.09156e+01 |  9  0.12490  2.02935e+01
 10  0.14408  1.94395e+02 | 11 -0.30621 -1.32852e+01 | 12  0.15585 -4.42869e+01
 13 -0.12190 -4.75678e+01 | 14  0.08181 -7.73036e+01 | 15 -0.08758 -3.24604e+01
 16  0.07611  7.82536e+01 | 17  0.01348  7.19612e+01 | 18 -0.25251  1.60633e+01
 19  0.05865 -5.99831e+01 | 20 -0.09078  1.84856e+02 | 21 -0.06992 -2.88577e+01
 22 -0.18690 -1.31317e+01 | 23  0.08001  8.02917e-01 | 24  0.12929 -3.54137e+01
 25 -0.23593 -2.25575e+01 | 26  0.06567 -1.96030e+00 | 27 -0.01165 -6.82241e+01
 28  0.06300 -2.25035e+01 | 29 -0.07282 -5.17836e+01 | 30 -0.04514 -3.24294e+01
 31 -0.02539 -1.60940e+01 | 32  0.08995 -3.91517e+01 | 33  0.03714  3.22820e+00
 34  0.00941  4.61164e+01 | 35  0.01375 -4.16692e+01 | 36 -0.22120 -2.84912e+01

 - final statistics:
36 variables; iteration 58; function evaluation 78
Function value 1.4645e+04; maximum gradient component mag -3.9194e+00
Exit code = 1;  converg criter 1.0000e+01
Var    Value     Gradient |Var    Value     Gradient |Var    Value     Gradient
  1 -0.00340 -3.91940e+00 |  2  0.11846 -4.11246e-03 |  3  0.18136  5.38904e-02
  4  0.10562  2.04157e-01 |  5 -0.03483  1.19097e-01 |  6  0.10927  1.05199e-01
  7  0.00029  8.07428e-02 |  8  0.04214  9.06792e-02 |  9  0.16990  1.09275e-01
 10  0.12082  8.85048e-01 | 11 -0.32922 -3.40504e-01 | 12  0.16053  1.06825e-01
 13 -0.10875 -1.87159e-01 | 14  0.08796  4.82042e-01 | 15 -0.08181  6.34788e-02
 16  0.07535  6.39939e-01 | 17  0.01640 -1.97921e-02 | 18 -0.27783 -1.04926e-01
 19  0.08430 -3.49939e-01 | 20 -0.15961 -2.45791e-01 | 21 -0.05138 -3.28105e-01
 22 -0.19670 -1.61501e-01 | 23  0.08255  2.65143e-03 | 24  0.13430 -1.20221e-01
 25 -0.23280 -2.27846e-01 | 26  0.06679 -7.72602e-02 | 27 -0.00190 -2.06052e-01
 28  0.06484  1.41917e-01 | 29 -0.06337  7.09365e-02 | 30 -0.04090 -1.41265e-01
 31 -0.02268 -2.17059e-01 | 32  0.09542 -6.39493e-02 | 33  0.04172 -2.47220e-01
 34  0.00455 -3.36598e-01 | 35  0.02324  8.90614e-02 | 36 -0.21082  7.28473e-02

Initial statistics: 46 variables; iteration 0; function evaluation 0; phase 2
Function value 1.4644623e+04; maximum gradient component mag 5.4750e+04
Var    Value     Gradient |Var    Value     Gradient |Var    Value     Gradient
  1 -0.00340 -3.91940e+00 |  2  0.11846 -6.93461e-04 |  3  0.18136  5.72292e-02
  4  0.10562  2.07588e-01 |  5 -0.03483  1.22571e-01 |  6  0.10927  1.08627e-01
  7  0.00029  8.42218e-02 |  8  0.04214  9.41506e-02 |  9  0.16990  1.12631e-01
 10  0.12082  8.88465e-01 | 11 -0.32922 -3.37480e-01 | 12  0.16053  1.10194e-01
 13 -0.10875 -1.83731e-01 | 14  0.08796  4.85488e-01 | 15 -0.08181  6.69291e-02
 16  0.07535  6.43394e-01 | 17  0.01640 -1.63142e-02 | 18 -0.27783 -1.01773e-01
 19  0.08430 -3.46491e-01 | 20 -0.15961 -2.42420e-01 | 21 -0.05138 -3.24637e-01
 22 -0.19670 -1.58187e-01 | 23  0.08255  6.10128e-03 | 24  0.13430 -1.16819e-01
 25 -0.23280 -2.24597e-01 | 26  0.06679 -7.38003e-02 | 27 -0.00190 -2.02573e-01
 28  0.06484  1.45378e-01 | 29 -0.06337  7.43984e-02 | 30 -0.04090 -1.37793e-01
 31 -0.02268 -2.13582e-01 | 32  0.09542 -6.05093e-02 | 33  0.04172 -2.43749e-01
 34  0.00455 -3.33119e-01 | 35  0.02324  9.25381e-02 | 36 -0.21082  7.61373e-02
 37  0.54181  5.47504e+04 | 38  0.43398  1.94425e+04 | 39  0.24191 -2.44409e+03
 40  0.21889 -1.26940e+04 | 41 -0.06128  2.93404e+03 | 42 -0.46932 -2.92260e+03
 43 -0.07054 -9.49181e+01 | 44 -0.00452  4.38293e+03 | 45 -0.18272  8.81037e+01
 46 -0.85749 -6.88078e+02 |

Intermediate statistics: 46 variables; iteration 20; function evaluation 32; phase 2
Function value 4.5873534e+03; maximum gradient component mag 1.7555e+04
Var    Value     Gradient |Var    Value     Gradient |Var    Value     Gradient
  1  0.07350  1.14437e+03 |  2 -0.08539  4.70472e+02 |  3 -0.04543  4.94130e+02
  4 -0.11045  4.76947e+02 |  5 -0.23018  5.09387e+02 |  6 -0.02026  5.88989e+02
  7 -0.06488  6.43804e+02 |  8 -0.00705  6.45515e+02 |  9  0.04614  5.73790e+02
 10  0.16980  5.07791e+02 | 11  0.07633  7.75038e+02 | 12  0.37081  1.04780e+03
 13  0.18775  7.45848e+02 | 14  0.24511  1.09622e+03 | 15  0.19984  7.95619e+02
 16 -1.16906 -1.17579e+02 | 17  0.12257  8.72235e+02 | 18  0.13088  8.33975e+02
 19  0.12359  6.25280e+02 | 20  0.00993  6.31393e+02 | 21  0.00465  7.02921e+02
 22 -0.02249  7.10329e+02 | 23  0.04596  6.30263e+02 | 24  0.03258  4.30822e+02
 25  0.14005  8.79621e+02 | 26  0.01200  3.46671e+02 | 27  0.10210  5.11434e+02
 28 -0.10846  9.15505e+01 | 29  0.01640  4.65433e+02 | 30  0.04201  3.92589e+02
 31  0.08792  4.47857e+02 | 32  0.13921  3.40526e+02 | 33  0.00461  5.12024e+02
 34 -0.05732  5.04614e+02 | 35  0.01723  3.86847e+02 | 36 -0.34261  4.42664e+02
 37  0.27637  1.75546e+04 | 38  0.21040 -2.15639e+02 | 39  0.17506 -2.34513e+03
 40  0.17137 -1.02524e+04 | 41 -1.32484 -2.99764e+02 | 42 -0.29378 -1.10239e+02
 43  0.31073  1.29276e+02 | 44  1.31121 -3.50520e+02 | 45 -0.95998 -9.50174e+00
 46 -0.45972  4.25109e+01 |
46 variables; iteration 40; function evaluation 58; phase 2
Function value 3.7308495e+03; maximum gradient component mag -7.1151e+03
Var    Value     Gradient |Var    Value     Gradient |Var    Value     Gradient
  1  0.07387 -5.73729e+03 |  2 -0.05144  2.22103e+02 |  3 -0.02329  1.98579e+02
  4 -0.05918  2.21501e+02 |  5 -0.14030  2.95037e+02 |  6 -0.00241  3.03270e+02
  7 -0.07527  3.14384e+02 |  8 -0.02509  3.78587e+02 |  9 -0.11272  8.15484e+01
 10  0.15091  2.85776e+02 | 11  0.04285  4.32830e+02 | 12  0.08444  3.39337e+02
 13 -0.00069  1.42810e+02 | 14  0.03901  1.84356e+02 | 15  0.02801  1.30939e+02
 16 -0.81628  2.06806e+01 | 17  0.04646  2.67515e+02 | 18  0.16500  4.08625e+02
 19  0.18149  2.40097e+02 | 20  0.09863  3.66181e+02 | 21  0.13949  5.91518e+02
 22  0.03950  3.53064e+02 | 23  0.04186  2.79019e+02 | 24  0.02838  7.74522e+01
 25  0.05415  1.36360e+02 | 26  0.02984 -5.19622e+01 | 27  0.12395  2.77411e+02
 28  0.13005  2.42802e+02 | 29  0.09119  1.39459e+02 | 30  0.01069 -1.79276e+02
 31  0.11015 -1.08805e+02 | 32  0.02214 -4.40065e+02 | 33 -0.09311 -7.03404e+01
 34  0.06117  3.45484e+02 | 35  0.03111  8.40146e+01 | 36 -0.37653  1.52707e+02
 37  0.22662  2.80482e+02 | 38  0.18808 -3.15212e+03 | 39  0.22025  9.27424e+01
 40  0.17657 -7.11508e+03 | 41 -1.33903 -1.92516e+02 | 42 -0.23507  4.98288e+02
 43  0.32445  5.35233e+01 | 44  1.37363 -2.71477e+02 | 45 -1.24908 -1.10220e+01
 46 -0.58162  2.31015e+02 |
46 variables; iteration 60; function evaluation 86; phase 2
Function value 3.2284986e+03; maximum gradient component mag -7.0169e+02
Var    Value     Gradient |Var    Value     Gradient |Var    Value     Gradient
  1  0.05270 -5.14846e+02 |  2 -0.00336 -2.17543e+00 |  3  0.03523 -1.36825e+01
  4 -0.00525  1.08221e+01 |  5 -0.12566 -3.95198e+00 |  6 -0.01430 -6.98489e+00
  7 -0.10386 -1.25720e+01 |  8 -0.06588 -8.75122e+00 |  9  0.00974 -1.61356e+01
 10  0.13493  9.27547e+00 | 11 -0.06332 -2.71958e+01 | 12  0.01417 -1.00504e+01
 13  0.02498  2.25603e+01 | 14  0.03291 -2.90882e+01 | 15 -0.00399  2.47900e+01
 16 -0.03614 -2.96640e+01 | 17 -0.00751 -2.44885e+01 | 18  0.04727 -2.15148e+01
 19  0.08890 -5.44239e+01 | 20 -0.00803 -1.67764e+01 | 21 -0.02376 -2.87872e+01
 22 -0.05125 -1.49338e+01 | 23 -0.02462 -2.48628e+01 | 24  0.04942 -2.22073e+00
 25  0.02668  2.55775e+00 | 26  0.04237 -4.54223e+00 | 27  0.02391 -2.79436e+01
 28  0.04185 -3.74013e+01 | 29  0.01221 -2.60225e+01 | 30  0.04071 -4.57381e+01
 31  0.04680 -2.72964e+01 | 32  0.10521  2.26317e+00 | 33 -0.02008 -5.52883e+01
 34 -0.02757 -2.77788e+00 | 35  0.02192 -3.90582e+01 | 36 -0.23535 -1.43611e+01
 37  0.24466 -7.01687e+02 | 38  0.22957 -3.18500e+02 | 39  0.23613 -3.34346e+02
 40  0.22453 -2.53560e+00 | 41 -1.31904 -2.99592e+02 | 42 -0.26127  2.47028e+02
 43  0.32635  3.47034e+01 | 44  1.33988 -4.41327e+02 | 45 -1.25380 -1.30446e+01
 46 -0.70470  7.67834e+01 |
Maximum number of function evaluations exceeded

 - final statistics:
46 variables; iteration 70; function evaluation 100
Function value 3.1588e+03; maximum gradient component mag 1.7171e+03
Exit code = 3;  converg criter 1.0000e+01
Var    Value     Gradient |Var    Value     Gradient |Var    Value     Gradient
  1  0.06512 -1.21777e+03 |  2 -0.03228 -1.37004e+02 |  3  0.05650 -8.27530e+01
  4  0.00919 -1.03705e+02 |  5 -0.07882 -4.75356e+01 |  6  0.01514 -7.51963e+01
  7 -0.09726 -1.30897e+02 |  8 -0.05868 -1.09318e+02 |  9  0.03820 -7.00480e+01
 10  0.13221 -1.43871e+02 | 11 -0.04357 -1.02815e+02 | 12  0.06396 -5.45465e+01
 13  0.03055 -6.15877e+01 | 14  0.02853 -1.56001e+02 | 15 -0.03448 -1.76230e+02
 16 -0.09173 -2.14159e+02 | 17 -0.05047 -2.12021e+02 | 18  0.08436 -2.44022e+00
 19  0.09320 -1.69682e+02 | 20  0.00486 -7.65625e+01 | 21 -0.05530 -2.05777e+02
 22 -0.05625 -1.02258e+02 | 23 -0.06310 -1.91052e+02 | 24  0.01611 -2.14036e+02
 25  0.05163 -3.20242e+00 | 26  0.00885 -2.21706e+02 | 27  0.03075 -8.46967e+01
 28  0.03447 -1.61703e+02 | 29  0.01076 -1.19932e+02 | 30  0.03432 -1.56551e+02
 31  0.04016 -1.25662e+02 | 32  0.09008 -1.14669e+02 | 33 -0.00892 -1.79502e+01
 34 -0.07322 -9.25007e+01 | 35  0.01063 -9.17442e+00 | 36 -0.26253 -9.66503e+01
 37  0.24018 -3.81112e+02 | 38  0.22361 -2.87111e+02 | 39  0.24212  1.41461e+02
 40  0.22043  3.02185e+02 | 41 -2.64042  1.02444e+02 | 42 -0.25355  1.71706e+03
 43 -0.46040 -1.56822e+01 | 44  2.39775  2.08838e+02 | 45 -0.50390  6.37730e+01
 46 -0.89201  2.24277e+02 |

Initial statistics: 52 variables; iteration 0; function evaluation 0; phase 3
Function value 3.1521023e+03; maximum gradient component mag 1.7171e+03
Var    Value     Gradient |Var    Value     Gradient |Var    Value     Gradient
  1  0.06512 -1.21777e+03 |  2 -0.02898 -2.08860e+01 |  3  0.05981  3.30461e+01
  4  0.01249  1.25543e+01 |  5 -0.07550  6.78899e+01 |  6  0.01844  4.10377e+01
  7 -0.09392 -1.59919e+01 |  8 -0.05537  6.46382e+00 |  9  0.04150  4.60002e+01
 10  0.13558 -3.00627e+01 | 11 -0.04027  1.31895e+01 | 12  0.06727  6.11067e+01
 13  0.03386  5.45365e+01 | 14  0.03183 -3.98356e+01 | 15 -0.03117 -6.01439e+01
 16 -0.08839 -9.91649e+01 | 17 -0.04716 -9.61519e+01 | 18  0.08769  1.12733e+02
 19  0.09653 -5.46103e+01 | 20  0.00816  3.97044e+01 | 21 -0.05199 -8.99827e+01
 22 -0.05294  1.35669e+01 | 23 -0.05978 -7.53885e+01 | 24  0.01941 -9.77864e+01
 25  0.05494  1.12639e+02 | 26  0.01215 -1.05435e+02 | 27  0.03405  3.14318e+01
 28  0.03777 -4.55876e+01 | 29  0.01406 -3.67543e+00 | 30  0.03763 -4.04353e+01
 31  0.04346 -9.61721e+00 | 32  0.09341  4.40718e-01 | 33 -0.00562  9.83166e+01
 34 -0.06990  2.30170e+01 | 35  0.01393  1.07071e+02 | 36 -0.25894  9.89907e+00
 37  0.24018 -3.81112e+02 | 38  0.22361 -2.87111e+02 | 39  0.24212  1.41461e+02
 40  0.22043  3.02185e+02 | 41  0.64042 -1.02444e+02 | 42 -0.25355  1.71706e+03
 43  0.49415 -1.36185e+03 | 44 -0.80278  3.24394e+02 | 45  0.05571 -8.79879e+02
 46 -0.27788  4.81699e+02 | 47  0.16313 -5.78226e+02 | 48 -0.33214  3.18497e+02
 49 -0.46040 -1.56822e+01 | 50 -0.39775 -2.08838e+02 | 51 -0.50390  6.37730e+01
 52 -0.89201  2.24277e+02 |

Intermediate statistics: 52 variables; iteration 20; function evaluation 31; phase 3
Function value 2.3355502e+03; maximum gradient component mag -6.2635e+03
Var    Value     Gradient |Var    Value     Gradient |Var    Value     Gradient
  1  0.05717 -6.26352e+03 |  2 -0.00451  1.66843e+02 |  3  0.03219  1.54669e+02
  4 -0.01777  1.56316e+02 |  5 -0.14766  1.40164e+02 |  6 -0.01331  1.60869e+02
  7 -0.10157  1.61581e+02 |  8 -0.06239  1.63056e+02 |  9  0.01306  1.50773e+02
 10  0.12959  1.22336e+02 | 11 -0.04796  1.28700e+02 | 12  0.04246  1.35833e+02
 13 -0.00231  9.00854e+01 | 14  0.06960  1.37580e+02 | 15 -0.03950  7.97209e+01
 16 -0.04258  1.44574e+02 | 17 -0.02385  1.03625e+02 | 18  0.04394  5.80161e+01
 19  0.08421  6.68205e+01 | 20 -0.00331  9.04856e+01 | 21 -0.11423  7.12576e+01
 22 -0.05888  9.74922e+01 | 23  0.05107  1.76991e+02 | 24  0.02279  7.66771e+01
 25 -0.15957 -9.52393e+01 | 26  0.07397  2.96491e+01 | 27  0.04830  3.18277e+00
 28  0.03178 -1.07400e+01 | 29  0.01449  3.67289e+01 | 30  0.03152 -2.20945e+01
 31  0.07542 -3.27536e+01 | 32  0.09483 -2.07335e+02 | 33  0.00143 -7.11292e+01
 34 -0.06796 -4.13236e+01 | 35 -0.00197 -1.84873e+02 | 36  0.11785  2.43407e+02
 37  0.22776 -3.59635e+03 | 38  0.23597 -1.30456e+03 | 39  0.24501  1.02169e+02
 40  0.21829 -3.29304e+03 | 41  0.46229 -3.41145e+02 | 42 -0.47615  1.65021e+02
 43  0.83934 -1.44796e+02 | 44 -1.33129 -3.83330e+01 | 45  0.28350  1.09697e+02
 46 -0.49102  3.09143e+01 | 47  0.20999 -1.19106e+02 | 48 -0.47676  1.43681e+02
 49 -0.42012 -2.43053e+01 | 50 -0.46138 -4.73815e+02 | 51 -0.38723  4.46677e+01
 52 -1.08857 -1.62129e+01 |
52 variables; iteration 40; function evaluation 59; phase 3
Function value 2.2444004e+03; maximum gradient component mag -1.6472e+03
Var    Value     Gradient |Var    Value     Gradient |Var    Value     Gradient
  1  0.05926 -1.64716e+03 |  2  0.01040  4.87725e+01 |  3  0.06078  4.70446e+01
  4  0.01348  2.69919e+01 |  5 -0.09221  4.84297e+01 |  6  0.01811  4.21067e+01
  7 -0.06788  4.10040e+01 |  8 -0.04836  2.13589e+01 |  9  0.03931  6.25209e+01
 10  0.12063 -7.04126e+00 | 11 -0.03560  4.34858e+01 | 12  0.04060  3.72922e+01
 13  0.00935  2.33491e+01 | 14  0.04435 -1.58421e+01 | 15 -0.02364  1.16197e+01
 16 -0.05826  2.87507e+01 | 17 -0.03687 -1.66159e+01 | 18  0.04042 -1.63261e+01
 19  0.06384 -7.07336e+01 | 20 -0.00895 -1.78401e+01 | 21 -0.11112 -4.58222e+00
 22 -0.06829  2.76804e+00 | 23  0.01731 -7.17912e+00 | 24  0.02520  2.29791e+01
 25 -0.04737 -1.95570e+00 | 26  0.03683  2.40172e+01 | 27  0.02380 -2.87070e+01
 28  0.02916  2.71445e+01 | 29 -0.00020 -1.75349e+01 | 30  0.01853 -2.95940e-02
 31  0.04777 -2.62925e+01 | 32  0.08441 -3.76988e+01 | 33 -0.00227  1.79278e+01
 34 -0.08698 -4.76305e+01 | 35  0.00114  5.62674e+00 | 36 -0.04971  1.60465e+01
 37  0.23551 -8.11638e+02 | 38  0.23226 -1.08755e+03 | 39  0.24414 -8.90189e+01
 40  0.23512 -2.85537e+02 | 41  0.52830 -1.65854e+02 | 42 -0.45974  2.62467e+02
 43  0.88771 -6.27376e+01 | 44 -1.28727  1.44510e+01 | 45  0.11643 -1.66056e+02
 46 -0.58507  4.35862e+02 | 47  0.21571  1.49928e+01 | 48 -0.47839  1.05127e+01
 49 -0.51279 -2.03730e+01 | 50 -0.49140 -2.35050e+02 | 51 -0.49198 -1.38951e+01
 52 -1.06935 -3.10552e+01 |
52 variables; iteration 60; function evaluation 90; phase 3
Function value 2.2127484e+03; maximum gradient component mag 1.5052e+02
Var    Value     Gradient |Var    Value     Gradient |Var    Value     Gradient
  1  0.05050  1.50523e+02 |  2 -0.00386 -2.03105e+00 |  3  0.03905 -2.46105e+00
  4 -0.01248 -1.85768e+00 |  5 -0.13416 -5.34311e+00 |  6 -0.01614 -3.96898e+00
  7 -0.10629 -5.27245e+00 |  8 -0.06473 -2.31553e+00 |  9  0.01340 -8.36019e+00
 10  0.12836 -1.82809e+00 | 11 -0.04178 -2.31856e+00 | 12  0.03613 -6.06866e+00
 13  0.01551 -2.11210e+00 | 14  0.06158  1.48830e+00 | 15 -0.01636 -5.19412e+00
 16 -0.05968 -3.89802e-01 | 17 -0.02315 -1.53254e+00 | 18  0.04430 -1.57513e+00
 19  0.08156  4.36229e+00 | 20  0.00083 -2.21812e+00 | 21 -0.10330 -1.85123e+00
 22 -0.06326 -3.36064e+00 | 23  0.03829 -2.43504e+00 | 24  0.02706 -3.78632e+00
 25 -0.04442 -7.85138e+00 | 26  0.03907 -3.64107e+00 | 27  0.03309  5.22233e+00
 28  0.02499 -2.46071e+00 | 29  0.00234  2.01148e+00 | 30  0.01660  2.77106e+00
 31  0.05284  5.95544e+00 | 32  0.09092  5.10834e+00 | 33 -0.00140  5.63994e-01
 34 -0.05516  2.92409e+00 | 35  0.00692  3.19303e+00 | 36 -0.00869  1.46243e-01
 37  0.24067  3.15628e+01 | 38  0.24366  4.06156e+01 | 39  0.24990  5.07319e+00
 40  0.24313  1.25955e+02 | 41  0.51827  1.82443e+01 | 42 -0.45871 -8.28434e+00
 43  0.97358 -1.23021e+01 | 44 -1.30806  1.45292e+00 | 45  0.06989  2.68424e+01
 46 -0.67150 -1.29090e+01 | 47  0.21868 -1.55318e+01 | 48 -0.47849  9.47191e+00
 49 -0.45917  2.95055e+00 | 50 -0.47360  2.55405e+01 | 51 -0.45936  3.92273e-01
 52 -1.03689  5.70462e-01 |
52 variables; iteration 80; function evaluation 110; phase 3
Function value 2.2124425e+03; maximum gradient component mag -1.8899e+00
Var    Value     Gradient |Var    Value     Gradient |Var    Value     Gradient
  1  0.05136 -1.88987e+00 |  2 -0.00465  2.89781e-02 |  3  0.03913  1.95583e-02
  4 -0.01191  1.49068e-02 |  5 -0.13160  4.73058e-02 |  6 -0.01401  3.88330e-02
  7 -0.10306  4.57691e-02 |  8 -0.06360  3.15582e-02 |  9  0.01648  5.03264e-02
 10  0.12795  1.52122e-02 | 11 -0.04222  3.56783e-02 | 12  0.03733  1.34438e-02
 13  0.01471 -6.24954e-03 | 14  0.06001 -1.52114e-02 | 15 -0.01576  1.01838e-02
 16 -0.06128 -1.67985e-02 | 17 -0.02345 -1.08364e-03 | 18  0.04446  6.39216e-03
 19  0.08039 -5.21027e-03 | 20  0.00094  1.97303e-02 | 21 -0.10347  1.25981e-02
 22 -0.06283 -5.14578e-03 | 23  0.03744 -1.15306e-02 | 24  0.02678 -1.43997e-02
 25 -0.04226  2.80325e-02 | 26  0.03882  3.13463e-02 | 27  0.03246  8.85920e-03
 28  0.02572  2.77594e-02 | 29  0.00245  5.38407e-03 | 30  0.01705 -4.57624e-03
 31  0.05268 -2.17244e-02 | 32  0.09098 -6.40417e-02 | 33 -0.00147 -2.73461e-02
 34 -0.05679 -4.17565e-02 | 35  0.00614 -4.14271e-02 | 36 -0.01413  2.68508e-02
 37  0.24009 -2.80379e-01 | 38  0.24273 -3.02872e-01 | 39  0.24917 -4.27084e-02
 40  0.24175 -1.39864e-01 | 41  0.52035 -5.43246e-01 | 42 -0.46029  1.53968e+00
 43  1.00001 -1.35965e-02 | 44 -1.30980 -1.72040e-02 | 45  0.06908 -1.09809e-01
 46 -0.67126  5.51104e-02 | 47  0.21826 -3.77715e-02 | 48 -0.47865  7.64017e-02
 49 -0.46464 -1.98693e-02 | 50 -0.47701 -8.37019e-01 | 51 -0.45988 -1.73985e-03
 52 -1.05070 -8.53781e-02 |
52 variables; iteration 100; function evaluation 134; phase 3
Function value 2.2124411e+03; maximum gradient component mag 1.6076e+00
Var    Value     Gradient |Var    Value     Gradient |Var    Value     Gradient
  1  0.05137 -1.12697e+00 |  2 -0.00465  1.58954e-02 |  3  0.03913  1.14487e-02
  4 -0.01191  1.35452e-02 |  5 -0.13162  1.75372e-02 |  6 -0.01403  1.51967e-02
  7 -0.10307  1.76228e-02 |  8 -0.06361  1.66397e-02 |  9  0.01646  1.58429e-02
 10  0.12795  6.08544e-03 | 11 -0.04223  1.35844e-02 | 12  0.03733 -2.10796e-03
 13  0.01471 -1.30682e-02 | 14  0.06001 -1.25159e-02 | 15 -0.01577 -7.93434e-03
 16 -0.06128 -1.13353e-02 | 17 -0.02345 -7.60365e-03 | 18  0.04447  6.38070e-03
 19  0.08039  7.47316e-03 | 20  0.00094  7.27498e-03 | 21 -0.10347  3.05751e-03
 22 -0.06282 -1.16164e-03 | 23  0.03745 -8.41801e-03 | 24  0.02678 -1.62511e-02
 25 -0.04226 -7.43432e-03 | 26  0.03881 -2.15412e-02 | 27  0.03246 -1.09916e-02
 28  0.02571 -7.91503e-03 | 29  0.00246  2.11228e-03 | 30  0.01705 -4.31778e-04
 31  0.05268 -1.20117e-03 | 32  0.09098 -1.76056e-02 | 33 -0.00147 -1.26317e-02
 34 -0.05679 -1.44558e-02 | 35  0.00614 -1.20507e-02 | 36 -0.01408  3.60483e-02
 37  0.24009 -1.20156e-02 | 38  0.24273 -6.27294e-02 | 39  0.24917 -1.26360e-02
 40  0.24174 -2.64235e-02 | 41  0.55777 -6.17810e-01 | 42 -0.46884  1.60763e+00
 43  1.00003  5.22915e-03 | 44 -1.30979 -7.76313e-03 | 45  0.06908 -1.95702e-02
 46 -0.67126  7.10626e-03 | 47  0.21826 -6.81111e-03 | 48 -0.47865  9.54518e-03
 49 -0.48788 -1.73300e-02 | 50 -0.50072 -9.86730e-01 | 51 -0.44881  9.81931e-03
 52 -1.11508 -2.77634e-01 |
52 variables; iteration 120; function evaluation 159; phase 3
Function value 2.2124407e+03; maximum gradient component mag 8.9962e-01
Var    Value     Gradient |Var    Value     Gradient |Var    Value     Gradient
  1  0.05137 -5.80548e-01 |  2 -0.00465  6.92153e-03 |  3  0.03913  4.88062e-03
  4 -0.01191  7.59864e-03 |  5 -0.13162  7.32767e-03 |  6 -0.01403  5.13767e-03
  7 -0.10308  7.32604e-03 |  8 -0.06361  7.19334e-03 |  9  0.01646  4.06710e-03
 10  0.12795  3.44578e-03 | 11 -0.04223  4.35505e-03 | 12  0.03733 -3.83689e-03
 13  0.01471 -8.77540e-03 | 14  0.06001 -1.03217e-02 | 15 -0.01577 -7.64425e-03
 16 -0.06127 -5.85408e-03 | 17 -0.02345 -4.97785e-03 | 18  0.04447  3.47279e-03
 19  0.08039  7.98876e-03 | 20  0.00095  2.74793e-03 | 21 -0.10346  2.91820e-03
 22 -0.06282 -2.27158e-04 | 23  0.03745 -2.31369e-03 | 24  0.02678 -5.68999e-03
 25 -0.04226 -7.75244e-03 | 26  0.03881 -2.62883e-02 | 27  0.03246 -1.19864e-02
 28  0.02571 -1.00072e-02 | 29  0.00246  8.46783e-04 | 30  0.01705  1.03241e-03
 31  0.05269  1.47836e-03 | 32  0.09098 -5.86104e-03 | 33 -0.00148 -7.27967e-03
 34 -0.05679 -5.11773e-03 | 35  0.00614 -4.91229e-03 | 36 -0.01408  1.89998e-02
 37  0.24009  8.18917e-03 | 38  0.24273 -2.06006e-03 | 39  0.24917 -4.71872e-03
 40  0.24174 -4.82120e-02 | 41  0.58874 -3.43795e-01 | 42 -0.47979  8.99622e-01
 43  1.00009  2.04283e-02 | 44 -1.30978 -3.31953e-04 | 45  0.06908  1.55542e-02
 46 -0.67127 -8.70552e-03 | 47  0.21826  1.39980e-02 | 48 -0.47865 -1.08877e-02
 49 -0.50651 -1.20168e-02 | 50 -0.51973 -5.70507e-01 | 51 -0.43505  7.33020e-03
 52 -1.16370 -2.24656e-01 |
52 variables; iteration 140; function evaluation 181; phase 3
Function value 2.2124404e+03; maximum gradient component mag 1.0652e+00
Var    Value     Gradient |Var    Value     Gradient |Var    Value     Gradient
  1  0.05137 -6.02153e-01 |  2 -0.00465  7.90360e-03 |  3  0.03913  7.25895e-03
  4 -0.01191  8.60237e-03 |  5 -0.13162  8.05508e-03 |  6 -0.01403  6.76390e-03
  7 -0.10308  7.86625e-03 |  8 -0.06361  7.88685e-03 |  9  0.01646  5.60442e-03
 10  0.12795  5.07646e-03 | 11 -0.04223  4.93317e-03 | 12  0.03733 -3.62354e-03
 13  0.01471 -9.96742e-03 | 14  0.06001 -1.27384e-02 | 15 -0.01577 -8.73930e-03
 16 -0.06127 -8.08983e-03 | 17 -0.02345 -6.61349e-03 | 18  0.04447  3.86873e-03
 19  0.08039  8.74326e-03 | 20  0.00095  2.49726e-03 | 21 -0.10346  3.45234e-03
 22 -0.06282 -9.79750e-04 | 23  0.03745 -9.11548e-04 | 24  0.02678 -2.83190e-03
 25 -0.04226 -7.68040e-03 | 26  0.03881 -2.20973e-02 | 27  0.03246 -9.74965e-03
 28  0.02571 -8.25907e-03 | 29  0.00246  7.34554e-04 | 30  0.01705  7.26798e-04
 31  0.05269  1.17210e-03 | 32  0.09098 -5.91967e-03 | 33 -0.00147 -7.80761e-03
 34 -0.05679 -6.82907e-03 | 35  0.00614 -5.71339e-03 | 36 -0.01408  2.12389e-02
 37  0.24009 -1.66492e-02 | 38  0.24273  3.15183e-03 | 39  0.24917 -4.24894e-03
 40  0.24174 -4.01839e-02 | 41  0.60865 -3.60024e-01 | 42 -0.49132  1.06522e+00
 43  1.00009  2.01056e-02 | 44 -1.30978  1.36906e-03 | 45  0.06908  2.01039e-02
 46 -0.67126 -7.43580e-03 | 47  0.21826  1.16905e-02 | 48 -0.47865 -8.15559e-03
 49 -0.51814 -5.28751e-03 | 50 -0.53163 -6.18455e-01 | 51 -0.42107  7.13724e-03
 52 -1.20230 -3.41495e-01 |
52 variables; iteration 160; function evaluation 204; phase 3
Function value 2.2124401e+03; maximum gradient component mag 1.0016e+00
Var    Value     Gradient |Var    Value     Gradient |Var    Value     Gradient
  1  0.05137 -5.00949e-01 |  2 -0.00465  6.27635e-03 |  3  0.03913  5.29980e-03
  4 -0.01191  7.18678e-03 |  5 -0.13162  5.99546e-03 |  6 -0.01403  4.35526e-03
  7 -0.10308  6.04310e-03 |  8 -0.06361  6.70852e-03 |  9  0.01646  4.12609e-03
 10  0.12794  1.00641e-03 | 11 -0.04223  3.76969e-03 | 12  0.03733 -3.05431e-03
 13  0.01471 -9.53888e-03 | 14  0.06001 -9.75815e-03 | 15 -0.01577 -8.05956e-03
 16 -0.06127 -7.38806e-03 | 17 -0.02345 -6.69306e-03 | 18  0.04447  3.21790e-03
 19  0.08039  9.26475e-03 | 20  0.00095  1.91702e-03 | 21 -0.10346  1.32476e-03
 22 -0.06282 -1.66933e-03 | 23  0.03745  1.40099e-04 | 24  0.02678 -2.51128e-03
 25 -0.04226 -9.13985e-03 | 26  0.03881 -1.98311e-02 | 27  0.03246 -6.54514e-03
 28  0.02572 -6.68871e-03 | 29  0.00246  9.97882e-04 | 30  0.01705  9.63710e-04
 31  0.05269  4.00782e-03 | 32  0.09098 -1.22753e-03 | 33 -0.00147 -4.89279e-03
 34 -0.05679 -4.20702e-03 | 35  0.00614 -3.56068e-03 | 36 -0.01408  2.07349e-02
 37  0.24009 -2.15716e-02 | 38  0.24273  9.73462e-03 | 39  0.24917 -3.37469e-03
 40  0.24174  4.51736e-04 | 41  0.61720 -3.25161e-01 | 42 -0.50767  1.00159e+00
 43  1.00006  1.26218e-02 | 44 -1.30978  2.30921e-03 | 45  0.06908  7.91380e-03
 46 -0.67127 -8.97428e-03 | 47  0.21826 -7.22331e-03 | 48 -0.47865  5.23761e-03
 49 -0.52305 -6.69454e-03 | 50 -0.53665 -5.64295e-01 | 51 -0.40204  1.22058e-02
 52 -1.24631 -3.99044e-01 |
52 variables; iteration 180; function evaluation 230; phase 3
Function value 2.2124397e+03; maximum gradient component mag 6.3872e-01
Var    Value     Gradient |Var    Value     Gradient |Var    Value     Gradient
  1  0.05137 -5.19107e-01 |  2 -0.00465  6.55703e-03 |  3  0.03913  3.88016e-03
  4 -0.01191  6.00857e-03 |  5 -0.13162  7.53294e-03 |  6 -0.01403  6.06727e-03
  7 -0.10307  8.03599e-03 |  8 -0.06361  7.42752e-03 |  9  0.01646  6.51266e-03
 10  0.12795  1.81797e-03 | 11 -0.04223  5.41694e-03 | 12  0.03733 -1.10553e-03
 13  0.01471 -5.31245e-03 | 14  0.06001 -6.57771e-03 | 15 -0.01577 -3.96884e-03
 16 -0.06128 -4.59120e-03 | 17 -0.02345 -2.98300e-03 | 18  0.04447  2.74015e-03
 19  0.08039  4.03818e-03 | 20  0.00094  3.01992e-03 | 21 -0.10347  1.86670e-03
 22 -0.06282 -5.60675e-05 | 23  0.03745 -2.41249e-03 | 24  0.02678 -5.64062e-03
 25 -0.04226 -3.72757e-03 | 26  0.03881 -1.10532e-02 | 27  0.03246 -6.25628e-03
 28  0.02571 -4.06548e-03 | 29  0.00246  1.11162e-03 | 30  0.01705  1.66485e-04
 31  0.05268 -8.40423e-04 | 32  0.09098 -8.72846e-03 | 33 -0.00147 -6.49208e-03
 34 -0.05679 -6.13554e-03 | 35  0.00614 -5.25549e-03 | 36 -0.01408  1.46998e-02
 37  0.24009 -2.27524e-02 | 38  0.24273 -2.05547e-02 | 39  0.24917 -2.49509e-03
 40  0.24174 -2.71753e-02 | 41  0.60230 -2.49703e-01 | 42 -0.52759  6.38716e-01
 43  0.99989 -2.58963e-02 | 44 -1.30978  4.46286e-04 | 45  0.06908 -1.73251e-04
 46 -0.67127 -1.45808e-03 | 47  0.21826  5.33044e-03 | 48 -0.47865 -3.20880e-03
 49 -0.51446 -1.49040e-02 | 50 -0.52786 -4.18878e-01 | 51 -0.38006  1.07426e-02
 52 -1.29023 -3.05471e-01 |
52 variables; iteration 200; function evaluation 257; phase 3
Function value 2.2124391e+03; maximum gradient component mag -1.4691e+00
Var    Value     Gradient |Var    Value     Gradient |Var    Value     Gradient
  1  0.05137 -1.46909e+00 |  2 -0.00465  1.66240e-02 |  3  0.03913  7.53964e-03
  4 -0.01191  1.55253e-02 |  5 -0.13162  2.10843e-02 |  6 -0.01403  1.39805e-02
  7 -0.10307  2.20877e-02 |  8 -0.06361  2.03026e-02 |  9  0.01646  1.58385e-02
 10  0.12795 -4.22754e-04 | 11 -0.04223  1.37488e-02 | 12  0.03733 -3.13556e-03
 13  0.01471 -8.81282e-03 | 14  0.06001 -2.14454e-02 | 15 -0.01577 -8.70229e-03
 16 -0.06128 -6.91898e-03 | 17 -0.02345 -5.44780e-03 | 18  0.04447  7.03952e-03
 19  0.08039  6.97296e-03 | 20  0.00094  8.34671e-03 | 21 -0.10347  8.59223e-03
 22 -0.06282  5.07054e-03 | 23  0.03745 -8.00745e-03 | 24  0.02678 -1.28378e-02
 25 -0.04226 -7.32945e-03 | 26  0.03881 -3.73906e-02 | 27  0.03246 -2.10134e-02
 28  0.02571 -1.40677e-02 | 29  0.00246  2.19407e-03 | 30  0.01705  9.19483e-04
 31  0.05268 -2.65149e-03 | 32  0.09098 -2.57835e-02 | 33 -0.00147 -1.76230e-02
 34 -0.05679 -1.31820e-02 | 35  0.00614 -1.42804e-02 | 36 -0.01408  3.84551e-02
 37  0.24009 -7.08923e-02 | 38  0.24273 -5.61914e-02 | 39  0.24917 -1.62708e-02
 40  0.24174 -9.82421e-02 | 41  0.54817 -6.83898e-01 | 42 -0.55226  1.20382e+00
 43  1.00002  9.70654e-04 | 44 -1.30978  3.29596e-04 | 45  0.06908 -5.20375e-03
 46 -0.67127  1.08518e-04 | 47  0.21826  6.00588e-04 | 48 -0.47865  6.97354e-04
 49 -0.48201 -5.69420e-02 | 50 -0.49472 -1.04432e+00 | 51 -0.35450  3.84490e-02
 52 -1.33563 -6.86357e-01 |
52 variables; iteration 220; function evaluation 283; phase 3
Function value 2.2124383e+03; maximum gradient component mag -2.6108e-01
Var    Value     Gradient |Var    Value     Gradient |Var    Value     Gradient
  1  0.05137 -2.61079e-01 |  2 -0.00465  2.55149e-03 |  3  0.03913  5.56313e-04
  4 -0.01191  2.42241e-03 |  5 -0.13162  3.94268e-03 |  6 -0.01403  2.10499e-03
  7 -0.10308  4.05087e-03 |  8 -0.06361  3.61994e-03 |  9  0.01646  2.39429e-03
 10  0.12795 -8.02137e-04 | 11 -0.04223  2.30619e-03 | 12  0.03733 -7.45192e-04
 13  0.01471 -6.71163e-04 | 14  0.06001 -3.97563e-03 | 15 -0.01577 -9.66476e-04
 16 -0.06128 -3.86463e-04 | 17 -0.02345 -2.95366e-04 | 18  0.04447  1.14566e-03
 19  0.08039  5.21929e-04 | 20  0.00094  1.59110e-03 | 21 -0.10347  2.35258e-03
 22 -0.06282  1.40203e-03 | 23  0.03745 -1.94194e-03 | 24  0.02678 -2.51538e-03
 25 -0.04226 -5.94258e-04 | 26  0.03881 -7.19853e-03 | 27  0.03246 -3.41574e-03
 28  0.02571 -2.17795e-03 | 29  0.00246  5.68842e-04 | 30  0.01705  3.83899e-04
 31  0.05268 -2.54199e-04 | 32  0.09098 -4.68089e-03 | 33 -0.00147 -2.88203e-03
 34 -0.05679 -1.40335e-03 | 35  0.00614 -2.60648e-03 | 36 -0.01408  6.00411e-03
 37  0.24009 -1.00112e-02 | 38  0.24273 -1.09920e-02 | 39  0.24917 -2.83875e-03
 40  0.24174 -1.92898e-02 | 41  0.46101 -1.11492e-01 | 42 -0.57361  1.36416e-01
 43  1.00002  2.17794e-05 | 44 -1.30978  3.14188e-05 | 45  0.06908 -3.06710e-04
 46 -0.67126 -3.13984e-04 | 47  0.21826  3.14746e-05 | 48 -0.47865 -4.53552e-04
 49 -0.42639 -1.39420e-02 | 50 -0.43815 -1.62681e-01 | 51 -0.33379  8.60455e-03
 52 -1.36938 -8.30589e-02 |
52 variables; iteration 240; function evaluation 310; phase 3
Function value 2.2124376e+03; maximum gradient component mag -1.7593e+00
Var    Value     Gradient |Var    Value     Gradient |Var    Value     Gradient
  1  0.05137 -1.75926e+00 |  2 -0.00465  1.85819e-02 |  3  0.03913  5.76656e-03
  4 -0.01191  1.73241e-02 |  5 -0.13162  2.52872e-02 |  6 -0.01403  1.49594e-02
  7 -0.10307  2.69217e-02 |  8 -0.06361  2.42255e-02 |  9  0.01646  1.82005e-02
 10  0.12795 -4.59466e-03 | 11 -0.04223  1.60679e-02 | 12  0.03733 -3.21053e-03
 13  0.01471 -6.57726e-03 | 14  0.06001 -2.79978e-02 | 15 -0.01577 -8.01613e-03
 16 -0.06128 -4.05537e-03 | 17 -0.02345 -3.52375e-03 | 18  0.04447  7.57211e-03
 19  0.08039  4.89372e-03 | 20  0.00094  1.01974e-02 | 21 -0.10347  1.32598e-02
 22 -0.06282  9.55250e-03 | 23  0.03745 -9.88454e-03 | 24  0.02678 -1.28071e-02
 25 -0.04226 -5.07684e-03 | 26  0.03881 -4.44205e-02 | 27  0.03246 -2.42454e-02
 28  0.02571 -1.62223e-02 | 29  0.00246  2.42350e-03 | 30  0.01705  1.12396e-03
 31  0.05268 -5.05490e-03 | 32  0.09098 -3.54791e-02 | 33 -0.00147 -2.16833e-02
 34 -0.05679 -1.44443e-02 | 35  0.00614 -1.48348e-02 | 36 -0.01408  4.20203e-02
 37  0.24009 -9.77972e-02 | 38  0.24273 -6.91084e-02 | 39  0.24917 -2.36076e-02
 40  0.24174 -1.45588e-01 | 41  0.33291 -9.55455e-01 | 42 -0.59295  9.61667e-01
 43  1.00002  1.45297e-04 | 44 -1.30978  6.20909e-04 | 45  0.06908 -4.98803e-03
 46 -0.67126  1.73884e-03 | 47  0.21826 -8.25838e-03 | 48 -0.47865  5.75810e-03
 49 -0.33976 -9.27073e-02 | 50 -0.35044 -1.28175e+00 | 51 -0.31608  5.11066e-02
 52 -1.39669 -6.80291e-01 |
52 variables; iteration 260; function evaluation 336; phase 3
Function value 2.2124368e+03; maximum gradient component mag 1.3666e+00
Var    Value     Gradient |Var    Value     Gradient |Var    Value     Gradient
  1  0.05137  1.36660e+00 |  2 -0.00465 -1.45458e-02 |  3  0.03913 -1.43300e-02
  4 -0.01191 -1.47061e-02 |  5 -0.13162 -1.65050e-02 |  6 -0.01403 -1.71648e-02
  7 -0.10307 -1.56998e-02 |  8 -0.06361 -1.47429e-02 |  9  0.01647 -8.82758e-03
 10  0.12794 -1.78813e-02 | 11 -0.04223 -1.03753e-02 | 12  0.03733  1.11933e-02
 13  0.01471  9.98360e-03 | 14  0.06000  1.65431e-02 | 15 -0.01577  1.11315e-02
 16 -0.06128 -1.96574e-04 | 17 -0.02345  3.12855e-03 | 18  0.04446 -9.23981e-03
 19  0.08039  2.63400e-04 | 20  0.00095 -6.55206e-03 | 21 -0.10346 -5.91462e-03
 22 -0.06282 -1.26409e-02 | 23  0.03745  2.09533e-02 | 24  0.02679  3.09112e-02
 25 -0.04226  7.81748e-03 | 26  0.03881  6.15389e-02 | 27  0.03246  3.81540e-02
 28  0.02572  2.36710e-02 | 29  0.00246 -5.99122e-04 | 30  0.01705 -7.69342e-04
 31  0.05269  9.21980e-03 | 32  0.09098  3.00479e-02 | 33 -0.00148  1.86054e-02
 34 -0.05679  7.23650e-03 | 35  0.00614  1.02907e-02 | 36 -0.01409 -3.54053e-02
 37  0.24009 -1.37993e-01 | 38  0.24273  5.36368e-02 | 39  0.24916  2.25532e-02
 40  0.24174  9.29966e-02 | 41  0.07900  8.51692e-01 | 42 -0.61843 -4.57662e-01
 43  1.00005  9.21474e-03 | 44 -1.30977  7.63832e-03 | 45  0.06908  1.01837e-02
 46 -0.67127 -8.47315e-03 | 47  0.21825 -4.78042e-02 | 48 -0.47865  3.13932e-02
 49 -0.16113  1.21961e-02 | 50 -0.17059  1.18950e+00 | 51 -0.29419  9.38097e-03
 52 -1.42884  3.93292e-01 |
52 variables; iteration 280; function evaluation 361; phase 3
Function value 2.2124366e+03; maximum gradient component mag 3.9076e-01
Var    Value     Gradient |Var    Value     Gradient |Var    Value     Gradient
  1  0.05137  3.90763e-01 |  2 -0.00465 -4.47751e-03 |  3  0.03913 -1.73187e-03
  4 -0.01191 -3.97860e-03 |  5 -0.13162 -5.79796e-03 |  6 -0.01403 -3.56481e-03
  7 -0.10307 -6.02242e-03 |  8 -0.06361 -5.43285e-03 |  9  0.01646 -4.24780e-03
 10  0.12795  8.85518e-04 | 11 -0.04223 -3.74717e-03 | 12  0.03733  8.31929e-04
 13  0.01471  8.95794e-04 | 14  0.06001  5.99872e-03 | 15 -0.01577  9.40854e-04
 16 -0.06128 -9.55771e-05 | 17 -0.02345 -2.36421e-06 | 18  0.04447 -1.36597e-03
 19  0.08039 -1.17499e-04 | 20  0.00094 -2.44647e-03 | 21 -0.10347 -3.36294e-03
 22 -0.06282 -2.63612e-03 | 23  0.03745  2.78905e-03 | 24  0.02678  3.25839e-03
 25 -0.04226  5.31446e-04 | 26  0.03881  1.05861e-02 | 27  0.03246  6.10585e-03
 28  0.02571  3.98027e-03 | 29  0.00246 -5.12187e-04 | 30  0.01705 -3.30509e-04
 31  0.05268  8.05322e-04 | 32  0.09098  7.99158e-03 | 33 -0.00147  4.74405e-03
 34 -0.05679  2.94033e-03 | 35  0.00614  4.59078e-03 | 36 -0.01408 -8.61040e-03
 37  0.24009  2.26429e-02 | 38  0.24273  1.96442e-02 | 39  0.24917  6.10248e-03
 40  0.24174  3.58709e-02 | 41 -0.04760  2.13001e-01 | 42 -0.63092 -1.19864e-01
 43  1.00002 -1.14511e-04 | 44 -1.30978  4.54185e-04 | 45  0.06908  3.86413e-03
 46 -0.67126 -1.20535e-03 | 47  0.21826  3.66775e-03 | 48 -0.47865 -2.73951e-03
 49 -0.07271  2.12991e-02 | 50 -0.08193  2.86431e-01 | 51 -0.28407 -8.86655e-03
 52 -1.44323  1.01157e-01 |
52 variables; iteration 300; function evaluation 387; phase 3
Function value 2.2124366e+03; maximum gradient component mag -2.3715e-03
Var    Value     Gradient |Var    Value     Gradient |Var    Value     Gradient
  1  0.05137 -2.37150e-03 |  2 -0.00465  2.87990e-05 |  3  0.03913  1.43292e-05
  4 -0.01191  2.20223e-05 |  5 -0.13162  4.50979e-05 |  6 -0.01403  3.04949e-05
  7 -0.10307  4.13012e-05 |  8 -0.06361  3.82230e-05 |  9  0.01646  3.58835e-05
 10  0.12795  7.09557e-06 | 11 -0.04223  2.93489e-05 | 12  0.03733  1.04538e-07
 13  0.01471 -8.07740e-07 | 14  0.06001 -3.56696e-05 | 15 -0.01577  1.31213e-07
 16 -0.06128 -1.31029e-05 | 17 -0.02345 -9.23994e-06 | 18  0.04447  1.55584e-05
 19  0.08039 -8.00484e-06 | 20  0.00094  1.77519e-05 | 21 -0.10347  1.73709e-05
 22 -0.06282  1.03154e-05 | 23  0.03745 -2.73513e-05 | 24  0.02678 -2.20229e-05
 25 -0.04226  1.12366e-05 | 26  0.03881 -2.15819e-05 | 27  0.03246 -1.03614e-05
 28  0.02571  1.40287e-07 | 29  0.00246  1.36140e-06 | 30  0.01705 -9.35341e-08
 31  0.05268 -7.51365e-06 | 32  0.09098 -3.91081e-05 | 33 -0.00147 -2.25825e-05
 34 -0.05679 -2.15897e-05 | 35  0.00614 -5.59440e-05 | 36 -0.01408  6.29048e-05
 37  0.24009 -5.30574e-05 | 38  0.24273 -2.05342e-04 | 39  0.24917 -5.51711e-05
 40  0.24174 -2.82797e-05 | 41 -0.08212 -1.35032e-03 | 42 -0.63465  1.42385e-03
 43  1.00002 -1.09395e-05 | 44 -1.30978 -2.40810e-05 | 45  0.06908 -1.16999e-04
 46 -0.67126  7.34294e-05 | 47  0.21826 -4.04319e-05 | 48 -0.47865  2.07310e-05
 49 -0.04900 -9.34796e-05 | 50 -0.05819 -1.81366e-03 | 51 -0.28111  6.55790e-05
 52 -1.44738 -8.81563e-04 |
52 variables; iteration 320; function evaluation 412; phase 3
Function value 2.2124366e+03; maximum gradient component mag -9.2217e-02
Var    Value     Gradient |Var    Value     Gradient |Var    Value     Gradient
  1  0.05137 -9.22172e-02 |  2 -0.00465  1.65402e-03 |  3  0.03913  6.08028e-04
  4 -0.01191  6.57055e-04 |  5 -0.13162  2.54646e-03 |  6 -0.01403  1.99655e-03
  7 -0.10307  2.38081e-03 |  8 -0.06361  1.85793e-03 |  9  0.01646  2.70336e-03
 10  0.12795  5.71766e-04 | 11 -0.04223  1.99878e-03 | 12  0.03733  7.84833e-04
 13  0.01471  8.46795e-04 | 14  0.06001  3.11572e-04 | 15 -0.01577  1.55472e-03
 16 -0.06128 -2.35405e-04 | 17 -0.02345  4.90337e-04 | 18  0.04447  3.37191e-04
 19  0.08039 -1.64566e-03 | 20  0.00094  1.15025e-03 | 21 -0.10347  4.64394e-04
 22 -0.06282 -3.65348e-05 | 23  0.03745 -1.71843e-03 | 24  0.02678 -1.89276e-03
 25 -0.04226  1.88270e-03 | 26  0.03881  2.65241e-03 | 27  0.03246  3.83449e-04
 28  0.02571  1.27377e-03 | 29  0.00246  2.15584e-04 | 30  0.01705 -1.57054e-04
 31  0.05268 -8.96118e-04 | 32  0.09098 -2.51868e-03 | 33 -0.00147 -7.45283e-04
 34 -0.05679 -1.56702e-03 | 35  0.00614 -3.55402e-03 | 36 -0.01408  1.19421e-03
 37  0.24009 -6.98627e-03 | 38  0.24273 -2.07253e-02 | 39  0.24917 -1.59162e-03
 40  0.24174 -1.64719e-03 | 41 -0.07324 -1.97850e-02 | 42 -0.63947  1.29685e-02
 43  1.00002 -1.55537e-04 | 44 -1.30979 -2.38197e-03 | 45  0.06908 -1.02126e-02
 46 -0.67126  5.64538e-03 | 47  0.21826  1.67865e-05 | 48 -0.47865  7.84159e-04
 49 -0.05508 -2.03895e-03 | 50 -0.06427 -2.68476e-02 | 51 -0.27734  6.62454e-04
 52 -1.45264 -1.14199e-02 |
52 variables; iteration 340; function evaluation 434; phase 3
Function value 2.2124366e+03; maximum gradient component mag 1.0643e-04
Var    Value     Gradient |Var    Value     Gradient |Var    Value     Gradient
  1  0.05137  1.06425e-04 |  2 -0.00465 -1.20505e-06 |  3  0.03913 -4.56152e-07
  4 -0.01191 -1.06220e-06 |  5 -0.13162 -1.60502e-06 |  6 -0.01403 -1.03427e-06
  7 -0.10307 -1.70107e-06 |  8 -0.06361 -1.47681e-06 |  9  0.01646 -1.23192e-06
 10  0.12795  3.06856e-07 | 11 -0.04223 -1.07614e-06 | 12  0.03733  1.62276e-07
 13  0.01471  3.20297e-08 | 14  0.06001  1.59293e-06 | 15 -0.01577  1.82521e-08
 16 -0.06128 -3.65106e-07 | 17 -0.02345 -2.94382e-07 | 18  0.04447 -2.65713e-07
 19  0.08039  3.18531e-07 | 20  0.00094 -6.85202e-07 | 21 -0.10347 -1.07096e-06
 22 -0.06282 -9.32249e-07 | 23  0.03745  7.91112e-07 | 24  0.02678  8.86284e-07
 25 -0.04226 -1.30042e-07 | 26  0.03881  2.80490e-06 | 27  0.03246  1.73168e-06
 28  0.02571  1.11586e-06 | 29  0.00246 -1.42165e-07 | 30  0.01705 -4.36793e-08
 31  0.05268  4.87106e-07 | 32  0.09098  2.73553e-06 | 33 -0.00147  1.37717e-06
 34 -0.05679  7.60341e-07 | 35  0.00614  9.43986e-07 | 36 -0.01408 -1.97322e-06
 37  0.24009  7.93932e-06 | 38  0.24273  6.23732e-06 | 39  0.24917  1.80017e-06
 40  0.24174  1.23678e-05 | 41 -0.07755  4.43011e-05 | 42 -0.64185 -5.57062e-06
 43  1.00002 -1.08913e-08 | 44 -1.30978  1.61037e-07 | 45  0.06908  9.78870e-07
 46 -0.67126 -4.56141e-07 | 47  0.21826  1.34690e-06 | 48 -0.47865 -8.09047e-07
 49 -0.05213  5.86572e-06 | 50 -0.06131  5.87939e-05 | 51 -0.27549 -1.56133e-06
 52 -1.45520  4.13325e-06 |
Warning: the following parameters had issues
  selparm[3] is within 0.1% of upper bound: -3.00000e+00 < 1.50000e+01 < 1.50000e+01


 - final statistics:
52 variables; iteration 341; function evaluation 435
Function value 2.2124e+03; maximum gradient component mag 5.6825e-06
Exit code = 1;  converg criter 1.0000e-04
Var    Value     Gradient |Var    Value     Gradient |Var    Value     Gradient
  1  0.05137  2.87415e-06 |  2 -0.00465  1.25306e-07 |  3  0.03913  6.77390e-08
  4 -0.01191 -1.06606e-07 |  5 -0.13162  2.69759e-07 |  6 -0.01403  2.84496e-07
  7 -0.10307  2.00783e-07 |  8 -0.06361  1.15473e-07 |  9  0.01646  4.14683e-07
 10  0.12795  3.35911e-07 | 11 -0.04223  2.71119e-07 | 12  0.03733  2.38574e-07
 13  0.01471  2.43806e-07 | 14  0.06001  5.25189e-07 | 15 -0.01577  4.03200e-07
 16 -0.06128 -1.90222e-07 | 17 -0.02345  6.39587e-09 | 18  0.04447  3.99710e-08
 19  0.08039 -3.36840e-07 | 20  0.00094  1.20836e-07 | 21 -0.10347 -1.56233e-07
 22 -0.06282 -2.87044e-07 | 23  0.03745 -2.48855e-07 | 24  0.02678 -2.56166e-07
 25 -0.04226  4.44424e-07 | 26  0.03881  1.46594e-06 | 27  0.03246  5.48299e-07
 28  0.02571  6.05291e-07 | 29  0.00246  3.16033e-08 | 30  0.01705 -6.78169e-08
 31  0.05268 -2.13618e-07 | 32  0.09098 -8.83789e-08 | 33 -0.00147  1.35017e-07
 34 -0.05679 -2.29066e-07 | 35  0.00614 -4.70119e-07 | 36 -0.01408 -1.32155e-07
 37  0.24009  5.92543e-07 | 38  0.24273 -3.81350e-06 | 39  0.24917  8.28147e-08
 40  0.24174  2.76146e-06 | 41 -0.07755  4.27063e-06 | 42 -0.64185  5.68248e-06
 43  1.00002 -4.76313e-08 | 44 -1.30978 -6.15550e-07 | 45  0.06908 -2.30295e-06
 46 -0.67126  1.44869e-06 | 47  0.21826  7.30767e-07 | 48 -0.47865 -1.96468e-07
 49 -0.05213  9.68089e-07 | 50 -0.06132  5.27590e-06 | 51 -0.27549 -8.28301e-08
 52 -1.45520 -5.37877e-06 |
Estimating row 1 out of 52 for hessian
Estimating row 2 out of 52 for hessian
Estimating row 3 out of 52 for hessian
Estimating row 4 out of 52 for hessian
Estimating row 5 out of 52 for hessian
Estimating row 6 out of 52 for hessian
Estimating row 7 out of 52 for hessian
Estimating row 8 out of 52 for hessian
Estimating row 9 out of 52 for hessian
Estimating row 10 out of 52 for hessian
Estimating row 11 out of 52 for hessian
Estimating row 12 out of 52 for hessian
Estimating row 13 out of 52 for hessian
Estimating row 14 out of 52 for hessian
Estimating row 15 out of 52 for hessian
Estimating row 16 out of 52 for hessian
Estimating row 17 out of 52 for hessian
Estimating row 18 out of 52 for hessian
Estimating row 19 out of 52 for hessian
Estimating row 20 out of 52 for hessian
Estimating row 21 out of 52 for hessian
Estimating row 22 out of 52 for hessian
Estimating row 23 out of 52 for hessian
Estimating row 24 out of 52 for hessian
Estimating row 25 out of 52 for hessian
Estimating row 26 out of 52 for hessian
Estimating row 27 out of 52 for hessian
Estimating row 28 out of 52 for hessian
Estimating row 29 out of 52 for hessian
Estimating row 30 out of 52 for hessian
Estimating row 31 out of 52 for hessian
Estimating row 32 out of 52 for hessian
Estimating row 33 out of 52 for hessian
Estimating row 34 out of 52 for hessian
Estimating row 35 out of 52 for hessian
Estimating row 36 out of 52 for hessian
Estimating row 37 out of 52 for hessian
Estimating row 38 out of 52 for hessian
Estimating row 39 out of 52 for hessian
Estimating row 40 out of 52 for hessian
Estimating row 41 out of 52 for hessian
Estimating row 42 out of 52 for hessian
Estimating row 43 out of 52 for hessian
Estimating row 44 out of 52 for hessian
Estimating row 45 out of 52 for hessian
Estimating row 46 out of 52 for hessian
Estimating row 47 out of 52 for hessian
Estimating row 48 out of 52 for hessian
Estimating row 49 out of 52 for hessian
Estimating row 50 out of 52 for hessian
Estimating row 51 out of 52 for hessian
Estimating row 52 out of 52 for hessian
size of file gradfil1.tmp = 0
size of file gradfil2.tmp = 0
size of file varssave.tmp = 0
size of file cmpdiff.tmp = 0
