
Initial statistics: 37 variables; iteration 0; function evaluation 0; phase 1
Function value 2.0416578e+04; maximum gradient component mag 2.4809e+04
Var    Value     Gradient |Var    Value     Gradient |Var    Value     Gradient
  1  0.26198  2.48087e+04 |  2  0.00000 -1.23193e+02 |  3  0.00000 -1.12619e+03
  4  0.00000 -4.90197e+02 |  5  0.00000  4.46750e+02 |  6  0.00000 -8.89277e+02
  7  0.00000  3.18753e+02 |  8  0.00000  1.79816e+02 |  9  0.00000 -1.24565e+02
 10  0.00000 -1.68759e+03 | 11  0.00000  7.83775e+02 | 12  0.00000 -8.15959e+02
 13  0.00000 -1.02923e+02 | 14  0.00000 -3.56265e+02 | 15  0.00000 -1.64817e+02
 16  0.00000  7.57573e+02 | 17  0.00000 -6.25474e+01 | 18  0.00000 -4.71784e+02
 19  0.00000 -1.20700e+03 | 20  0.00000  4.06190e+02 | 21  0.00000  4.70101e+02
 22  0.00000  2.20721e+02 | 23  0.00000  1.07374e+02 | 24  0.00000 -2.17571e+02
 25  0.00000  4.06094e+02 | 26  0.00000  5.24771e+02 | 27  0.00000  3.41035e+02
 28  0.00000  8.88345e+02 | 29  0.00000 -1.17397e+02 | 30  0.00000  2.45581e+01
 31  0.00000  3.57568e+02 | 32  0.00000 -1.79015e+02 | 33  0.00000  6.98143e+02
 34  0.00000  8.45011e+02 | 35  0.00000 -1.26958e+02 | 36  0.00000  8.66481e+02
 37  0.00000 -3.79819e+02 |

Intermediate statistics: 37 variables; iteration 20; function evaluation 33; phase 1
Function value 1.7933369e+04; maximum gradient component mag 1.5152e+04
Var    Value     Gradient |Var    Value     Gradient |Var    Value     Gradient
  1  0.12640  1.51522e+04 |  2 -0.03926  1.61384e+02 |  3 -0.01067 -1.36996e+02
  4 -0.06421  1.84535e+02 |  5 -0.15924  1.97009e+02 |  6 -0.10533 -3.66400e+02
  7 -0.16659  1.35150e+02 |  8 -0.10355  2.48482e+02 |  9 -0.01541  3.04666e+02
 10  0.09385 -2.18715e+02 | 11  0.01057  6.17550e+02 | 12  0.07336 -2.26812e+02
 13  0.07113  2.72997e+02 | 14  0.07925  2.58630e+01 | 15  0.08642  2.16591e+02
 16  0.06933  6.17941e+02 | 17  0.12942  4.08666e+02 | 18  0.15752  2.83919e+02
 19  0.19326  1.80475e+02 | 20  0.11988  4.52106e+02 | 21  0.10790  4.82789e+02
 22  0.10905  4.25125e+02 | 23  0.11348  4.27872e+02 | 24  0.13789  4.73905e+02
 25  0.11249  5.38240e+02 | 26  0.11077  7.06237e+02 | 27  0.11572  7.95574e+02
 28  0.08145  7.54472e+02 | 29  0.10673  6.51327e+02 | 30  0.07635  5.11682e+02
 31  0.03794  4.31877e+02 | 32  0.04117  9.45166e+02 | 33 -0.05769  1.76624e+02
 34 -0.08865  6.19169e+02 | 35 -0.11783  2.36905e+02 | 36 -0.33660  1.99876e+01
 37 -1.01357 -1.25754e-01 |
37 variables; iteration 40; function evaluation 65; phase 1
Function value 1.7145966e+04; maximum gradient component mag 2.2190e+03
Var    Value     Gradient |Var    Value     Gradient |Var    Value     Gradient
  1  0.07247  2.21904e+03 |  2 -0.02402  6.85273e+01 |  3  0.02059 -2.31663e+02
  4 -0.03020  7.77930e+01 |  5 -0.12798  7.70029e+01 |  6 -0.01850  3.39901e+01
  7 -0.11862 -1.54284e+01 |  8 -0.04783  2.23789e+02 |  9  0.00514 -1.12305e+01
 10  0.14671 -2.84582e+01 | 11  0.01246  1.33040e+02 | 12  0.11929 -9.33412e+01
 13  0.10496  3.12804e+02 | 14  0.09152 -1.97720e+01 | 15  0.07384 -5.41097e+01
 16  0.02539  1.50587e+02 | 17  0.09786  1.74299e+02 | 18  0.12143  1.07356e+02
 19  0.14784  4.34551e+01 | 20  0.05806  1.55603e+02 | 21  0.02793 -1.04524e+01
 22  0.02711 -2.50771e+01 | 23  0.04722  1.74892e+02 | 24  0.06108 -1.93116e+02
 25  0.04558  4.20441e+01 | 26  0.05872  2.87134e+02 | 27  0.05860  2.52038e+02
 28  0.01901  9.20219e+01 | 29  0.06218  6.84889e+01 | 30  0.05929  1.44467e+02
 31  0.02696  2.14162e+01 | 32  0.03578  1.80127e+02 | 33 -0.04024 -1.99331e+01
 34 -0.08530  1.23242e+02 | 35 -0.10893 -7.46077e+01 | 36 -0.32339  2.59260e+01
 37 -0.72344 -3.33673e+01 |

 - final statistics:
37 variables; iteration 53; function evaluation 84
Function value 1.7053e+04; maximum gradient component mag -3.2673e+00
Exit code = 1;  converg criter 1.0000e+01
Var    Value     Gradient |Var    Value     Gradient |Var    Value     Gradient
  1  0.07204  2.07219e-01 |  2 -0.02975 -1.51752e+00 |  3  0.03540 -2.28531e+00
  4 -0.03740 -2.53045e+00 |  5 -0.13958 -2.26442e+00 |  6 -0.03307 -1.44981e+00
  7 -0.13119 -1.49065e+00 |  8 -0.09077 -2.22271e+00 |  9 -0.01298 -2.76000e+00
 10  0.12813 -2.09215e+00 | 11 -0.02065 -1.45397e+00 | 12  0.10199 -1.06976e+00
 13  0.06022 -1.03835e+00 | 14  0.06782 -1.24493e+00 | 15  0.04927 -1.96944e+00
 16 -0.01524 -2.09593e+00 | 17  0.05916 -1.74637e+00 | 18  0.08919 -1.79845e+00
 19  0.12353 -1.84493e+00 | 20  0.02790 -2.21931e+00 | 21  0.00949 -1.94785e+00
 22  0.01232 -2.12937e+00 | 23  0.02248 -2.39394e+00 | 24  0.06189 -2.25724e+00
 25  0.03313 -2.12710e+00 | 26  0.02996 -1.39468e+00 | 27  0.03087 -1.52914e+00
 28 -0.00256 -2.11448e+00 | 29  0.04381 -1.37551e+00 | 30  0.04012 -1.91919e+00
 31  0.01482 -1.55201e+00 | 32  0.01794 -1.67232e+00 | 33 -0.05084 -2.07345e+00
 34 -0.10994 -2.69235e+00 | 35 -0.13187 -3.26726e+00 | 36 -0.37700 -1.52750e+00
 37  0.09909 -2.79161e+00 |

Initial statistics: 44 variables; iteration 0; function evaluation 0; phase 2
Function value 1.7052646e+04; maximum gradient component mag 3.3215e+03
Var    Value     Gradient |Var    Value     Gradient |Var    Value     Gradient
  1  0.07204  2.07219e-01 |  2 -0.02969  4.41857e-01 |  3  0.03546 -3.26824e-01
  4 -0.03734 -5.72324e-01 |  5 -0.13952 -3.49875e-01 |  6 -0.03301  5.09057e-01
  7 -0.13113  4.29370e-01 |  8 -0.09071 -2.81106e-01 |  9 -0.01292 -7.98897e-01
 10  0.12818 -1.70231e-01 | 11 -0.02059  5.06513e-01 | 12  0.10205  8.66623e-01
 13  0.06028  9.14386e-01 | 14  0.06788  7.05457e-01 | 15  0.04933 -1.38033e-02
 16 -0.01519 -1.34979e-01 | 17  0.05921  2.06674e-01 | 18  0.08925  1.43842e-01
 19  0.12359  7.97749e-02 | 20  0.02796 -2.59684e-01 | 21  0.00955  1.34475e-02
 22  0.01238 -1.68226e-01 | 23  0.02254 -4.33648e-01 | 24  0.06195 -3.04990e-01
 25  0.03319 -1.68244e-01 | 26  0.03002  5.64659e-01 | 27  0.03093  4.30059e-01
 28 -0.00250 -1.52989e-01 | 29  0.04387  5.81355e-01 | 30  0.04017  3.84330e-02
 31  0.01487  4.08969e-01 | 32  0.01799  2.88414e-01 | 33 -0.05078 -1.18194e-01
 34 -0.10989 -7.60029e-01 | 35 -0.13181 -1.34770e+00 | 36 -0.37693  1.00012e-01
 37  0.09914 -8.53801e-01 | 38  0.21935  1.88122e+03 | 39  0.21935  3.32145e+03
 40  0.21935  2.32169e+03 | 41  0.43912 -1.91445e+02 | 42  0.03033  1.28400e+03
 43  0.07979 -2.91557e+01 | 44  0.24471 -3.07411e+02 |

Intermediate statistics: 44 variables; iteration 20; function evaluation 30; phase 2
Function value 1.6225949e+04; maximum gradient component mag -5.9407e+03
Var    Value     Gradient |Var    Value     Gradient |Var    Value     Gradient
  1  0.03892  4.07593e+01 |  2 -0.02611 -6.79559e+01 |  3  0.03051 -2.06538e+02
  4 -0.03332 -2.82594e+01 |  5 -0.10081  2.40074e+02 |  6 -0.02228  5.26148e+01
  7 -0.10522  1.45841e+02 |  8 -0.07996  6.51528e+01 |  9 -0.03219 -1.28603e+02
 10  0.06949 -4.03316e+02 | 11 -0.07368  6.19727e+01 | 12  0.03947  3.21747e+02
 13 -0.01373 -1.84119e+02 | 14 -0.00054 -1.68940e+02 | 15 -0.01379  1.62794e+02
 16 -0.06641  8.10592e+01 | 17  0.00263  3.89858e+01 | 18  0.05085  2.57170e+02
 19  0.11361  9.17423e+02 | 20 -0.00489 -1.00690e+02 | 21 -0.01728 -9.50349e+01
 22 -0.00382 -2.10069e+01 | 23  0.01445 -2.16866e+01 | 24  0.06611  1.92342e+02
 25  0.04376  2.22559e+02 | 26  0.01190 -3.88096e+02 | 27  0.04457  2.83462e+02
 28 -0.05713 -9.34233e+02 | 29  0.08011  5.89453e+02 | 30  0.12612  1.67205e+03
 31  0.06831  3.60446e+02 | 32 -0.02763 -1.69786e+03 | 33 -0.07318 -1.23600e+03
 34 -0.08906 -5.04975e+02 | 35 -0.05022  3.36249e+01 | 36 -0.26350  6.92245e+01
 37  0.40264  4.23198e+01 | 38  0.25890  5.06228e+03 | 39  0.24814  4.72726e+03
 40  0.16898 -5.94068e+03 | 41  0.81517 -2.43487e+01 | 42 -1.07616 -4.18572e+02
 43 -0.56318 -1.45291e+02 | 44 -0.11300  1.03884e+02 |
44 variables; iteration 40; function evaluation 59; phase 2
Function value 1.6054026e+04; maximum gradient component mag -4.8583e+03
Var    Value     Gradient |Var    Value     Gradient |Var    Value     Gradient
  1  0.03055 -2.08385e+03 |  2 -0.00454  2.09345e+02 |  3  0.02074 -1.76608e+02
  4 -0.05306 -7.94299e+01 |  5 -0.12396  2.07201e+02 |  6 -0.05297  1.16090e+01
  7 -0.15815 -1.16996e+02 |  8 -0.10192 -2.82788e+01 |  9 -0.01362  7.15153e+01
 10  0.08404 -2.43617e+02 | 11 -0.07812 -9.12984e+01 | 12  0.04089  1.05966e+02
 13 -0.00981 -3.54157e+02 | 14 -0.00066 -3.74469e+02 | 15 -0.02862 -1.69124e+02
 16 -0.07476  8.51916e+00 | 17 -0.01112  5.11224e-01 | 18  0.01409  2.58728e+00
 19  0.08321  8.80805e+02 | 20 -0.04824 -3.23436e+02 | 21 -0.06257 -3.64053e+02
 22 -0.03714 -2.26739e+02 | 23 -0.00078 -1.28235e+02 | 24  0.06561  1.29025e+02
 25  0.04415  1.94842e+02 | 26  0.01603 -4.21377e+02 | 27  0.04022  8.40400e+01
 28 -0.06227 -1.02507e+03 | 29  0.08428  6.58004e+02 | 30  0.12287  1.43579e+03
 31  0.06749  2.28554e+02 | 32  0.00331 -1.31477e+03 | 33 -0.04497 -9.17519e+02
 34 -0.04541 -9.44729e+01 | 35 -0.04049 -8.31913e+01 | 36 -0.21827  1.55822e+02
 37  0.60606  3.48262e+01 | 38  0.25996  3.92063e+03 | 39  0.24582  2.49042e+03
 40  0.17984 -4.85830e+03 | 41  0.89357 -2.92273e+01 | 42 -1.04584 -2.86649e+02
 43 -0.50451 -7.38475e+01 | 44 -0.09762 -1.48694e+02 |
44 variables; iteration 60; function evaluation 86; phase 2
Function value 1.5690933e+04; maximum gradient component mag -1.7363e+03
Var    Value     Gradient |Var    Value     Gradient |Var    Value     Gradient
  1  0.02495 -1.73626e+03 |  2 -0.03740 -2.40022e+01 |  3  0.01371  1.68734e+01
  4 -0.06731  6.84391e+01 |  5 -0.17106  1.66246e+01 |  6 -0.07149  4.13845e+01
  7 -0.17114  1.90728e+01 |  8 -0.11573 -6.40384e-01 |  9 -0.02287  2.54116e+01
 10  0.09611 -4.29999e+00 | 11 -0.07186 -2.50976e+01 | 12  0.03596 -2.77046e+01
 13  0.01935  1.74520e+01 | 14  0.02162 -1.29631e+01 | 15 -0.01241 -3.04622e+01
 16 -0.07123 -4.82532e+01 | 17 -0.00449 -2.50208e+01 | 18  0.02612  3.15497e+01
 19  0.05916 -4.51596e+01 | 20 -0.02002  4.95190e+01 | 21 -0.03028  2.70757e+01
 22 -0.01063  5.21487e+01 | 23  0.01348  2.66572e+01 | 24  0.05679 -3.98609e+01
 25  0.03338 -7.72968e+00 | 26  0.03894 -5.84286e+00 | 27  0.03239  2.64295e+01
 28  0.00355  3.22589e+01 | 29  0.03980 -6.94137e-01 | 30  0.04961 -6.96583e+01
 31  0.03461 -8.50906e+01 | 32  0.05336 -1.38278e+02 | 33 -0.00184 -1.31546e+02
 34 -0.04417 -8.52099e+01 | 35 -0.02968  7.86171e+01 | 36 -0.24545  3.50925e+01
 37  0.67849  6.10560e+01 | 38  0.24103  7.07669e+00 | 39  0.23942 -1.42685e+02
 40  0.22266 -1.04193e+01 | 41  1.03521  1.04283e+00 | 42 -1.00424 -2.56718e+01
 43 -0.42660  9.45027e+00 | 44 -0.05771 -4.08082e+01 |
Maximum number of function evaluations exceeded

 - final statistics:
44 variables; iteration 72; function evaluation 100
Function value 1.5666e+04; maximum gradient component mag -2.0799e+01
Exit code = 3;  converg criter 1.0000e+01
Var    Value     Gradient |Var    Value     Gradient |Var    Value     Gradient
  1  0.02353 -2.07992e+01 |  2 -0.03183  1.28839e+00 |  3  0.01590  3.83105e+00
  4 -0.06880  5.98936e-01 |  5 -0.16930 -3.34174e-01 |  6 -0.07069  1.93177e+00
  7 -0.16985 -1.51165e+00 |  8 -0.11059  1.32197e-01 |  9 -0.01915  1.78041e+00
 10  0.10249  1.45326e+00 | 11 -0.06033  1.88925e+00 | 12  0.04558  1.34249e+00
 13  0.02481 -1.49059e+00 | 14  0.02905 -6.27118e-01 | 15 -0.00242 -1.70998e+00
 16 -0.05722  2.59057e-01 | 17  0.00766 -1.64293e-01 | 18  0.03655  1.66330e+00
 19  0.07338  1.45263e+00 | 20 -0.01004  3.62507e-01 | 21 -0.01977 -1.15448e+00
 22 -0.00328  3.17535e-01 | 23  0.02116  6.24836e-01 | 24  0.06753  3.09028e-01
 25  0.04280 -9.36842e-01 | 26  0.04748  1.90818e+00 | 27  0.04091  2.34651e-01
 28  0.01208 -1.89144e+00 | 29  0.05108  1.03048e+00 | 30  0.06277 -1.16026e+00
 31  0.04716  7.36556e-01 | 32  0.06387  7.37610e-01 | 33  0.00826 -1.76003e+00
 34 -0.03410  1.18796e+00 | 35 -0.03008 -1.73569e+00 | 36 -0.24784  1.49715e-01
 37  0.30686  9.43884e-01 | 38  0.23836 -1.53320e+00 | 39  0.23749 -7.28709e+00
 40  0.22050 -2.31597e-01 | 41  0.97662  6.69830e-02 | 42 -1.00026 -1.48261e+00
 43 -0.42659  9.28439e-01 | 44 -0.08177 -1.81890e+00 |

Initial statistics: 52 variables; iteration 0; function evaluation 0; phase 3
Function value 1.5666237e+04; maximum gradient component mag 3.3486e+03
Var    Value     Gradient |Var    Value     Gradient |Var    Value     Gradient
  1  0.02353 -2.07992e+01 |  2 -0.03184  9.60282e-01 |  3  0.01589  3.50263e+00
  4 -0.06881  2.72332e-01 |  5 -0.16931 -6.51143e-01 |  6 -0.07070  1.60527e+00
  7 -0.16986 -1.82854e+00 |  8 -0.11060 -1.91379e-01 |  9 -0.01916  1.45204e+00
 10  0.10248  1.12899e+00 | 11 -0.06034  1.56220e+00 | 12  0.04557  1.01481e+00
 13  0.02480 -1.81886e+00 | 14  0.02904 -9.55298e-01 | 15 -0.00243 -2.03850e+00
 16 -0.05723 -6.81374e-02 | 17  0.00765 -4.92791e-01 | 18  0.03654  1.33532e+00
 19  0.07337  1.12629e+00 | 20 -0.01005  3.40271e-02 | 21 -0.01978 -1.48284e+00
 22 -0.00329 -1.09822e-02 | 23  0.02115  2.96496e-01 | 24  0.06752 -1.76463e-02
 25  0.04279 -1.26462e+00 | 26  0.04747  1.58058e+00 | 27  0.04090 -9.31923e-02
 28  0.01207 -2.21990e+00 | 29  0.05107  7.03017e-01 | 30  0.06276 -1.48719e+00
 31  0.04715  4.08937e-01 | 32  0.06386  4.10741e-01 | 33  0.00825 -2.08853e+00
 34 -0.03411  8.59906e-01 | 35 -0.03009 -2.06384e+00 | 36 -0.24785 -1.54222e-01
 37  0.30685  6.52798e-01 | 38  0.23836 -1.53320e+00 | 39  0.23749 -7.28709e+00
 40  0.22050 -2.31597e-01 | 41  0.97662  6.69830e-02 | 42 -0.99974  1.48261e+00
 43  0.24471 -5.18766e+02 | 44  0.15305  5.63975e+02 | 45  0.29320 -3.53696e+02
 46  0.19688  3.92687e+02 | 47  0.00000 -6.31034e+02 | 48  0.08327  2.43690e+02
 49 -0.42659  9.28439e-01 | 50 -0.08177 -1.81890e+00 | 51  0.03033  3.73343e+02
 52  0.09126  3.34863e+03 |

Intermediate statistics: 52 variables; iteration 20; function evaluation 42; phase 3
Function value 1.3015078e+04; maximum gradient component mag -2.7053e+04
Var    Value     Gradient |Var    Value     Gradient |Var    Value     Gradient
  1 -0.00137 -2.70527e+04 |  2 -0.06559 -1.85853e+03 |  3 -0.16667 -2.46930e+03
  4 -0.03182 -2.83060e+03 |  5 -0.23214 -1.25522e+02 |  6 -0.13563 -1.53113e+03
  7 -0.19834  6.83276e+02 |  8 -0.12494  1.00006e+02 |  9 -0.06004 -4.88175e+02
 10  0.10868 -1.34584e+03 | 11  0.03106  7.45017e+02 | 12  0.13377  2.06438e+03
 13  0.10109  1.43036e+03 | 14  0.08609  1.19235e+03 | 15  0.01468  2.23605e+02
 16 -0.07788  1.00783e+02 | 17 -0.00578  9.04485e+01 | 18  0.11299  8.88184e+02
 19  0.21416  2.82533e+03 | 20 -0.00211 -2.90065e+02 | 21 -0.02008 -1.78120e+02
 22  0.07139  7.24571e+02 | 23  0.02593  4.80119e+02 | 24  0.00838  2.46317e+02
 25  0.03557  1.23350e+02 | 26  0.04573  4.08915e+02 | 27  0.06755  1.64743e+03
 28  0.00801  5.27174e+02 | 29  0.05962  8.44058e+02 | 30  0.05440  5.98983e+02
 31  0.06085  2.47379e+02 | 32  0.12684  1.26501e+02 | 33 -0.00716 -1.67093e+03
 34 -0.19637 -1.31857e+03 | 35 -0.11624 -2.23449e+03 | 36  0.00047  4.26218e+02
 37  0.08857  3.19073e+02 | 38  0.28042 -1.87569e+02 | 39  0.25777 -4.03952e+03
 40  0.27695  5.62383e+01 | 41  0.55702 -4.66591e+03 | 42 -1.14625  5.88568e+02
 43  1.25717 -2.19148e+02 | 44 -0.26131  7.34208e+02 | 45  0.65307  1.92421e+03
 46 -0.22434 -2.39289e+03 | 47  1.42344 -6.15696e+02 | 48 -0.21356 -1.16930e+02
 49 -0.57560 -1.95311e+03 | 50 -0.53699 -4.93914e+03 | 51 -0.37672 -2.70347e+03
 52 -0.48726  4.85088e+02 |
52 variables; iteration 40; function evaluation 79; phase 3
Function value 1.2669809e+04; maximum gradient component mag -1.0462e+04
Var    Value     Gradient |Var    Value     Gradient |Var    Value     Gradient
  1 -0.01339 -1.04617e+04 |  2 -0.03209 -1.11267e+03 |  3  0.06953 -2.24626e+03
  4 -0.01276 -3.14026e+02 |  5 -0.35873 -4.53510e+02 |  6 -0.09277 -1.23080e+03
  7 -0.19519  2.65819e+02 |  8 -0.07258  6.35495e+01 |  9 -0.05235 -7.20639e+02
 10  0.12922 -1.91792e+03 | 11  0.11223  1.14813e+03 | 12  0.16149  1.75024e+03
 13  0.12613  1.25344e+03 | 14  0.09947  7.54575e+02 | 15  0.02242 -3.88301e+02
 16 -0.07438 -3.33316e+02 | 17 -0.05583 -8.02693e+02 | 18  0.08637  3.03081e+02
 19  0.18468  2.19569e+03 | 20 -0.02443 -5.71292e+02 | 21 -0.03468 -2.77413e+02
 22  0.12048  1.33201e+03 | 23  0.06035  3.83403e+02 | 24 -0.01918 -6.09001e+02
 25  0.06249  3.70278e+01 | 26  0.07183  3.11428e+02 | 27  0.07848  1.14355e+03
 28  0.03478  5.41689e+02 | 29  0.06408  3.26158e+02 | 30  0.07220  4.87077e+02
 31  0.08676  5.02345e+02 | 32  0.18260  2.16881e+03 | 33  0.06914 -6.77519e+02
 34 -0.43791 -7.33111e+02 | 35 -0.06629 -2.38042e+03 | 36  0.07314  8.75971e+02
 37 -0.50191  2.29404e+01 | 38  0.28639  4.06370e+02 | 39  0.26341 -5.48558e+02
 40  0.28554  2.88066e+03 | 41  0.54917 -3.68889e+03 | 42 -1.13158  1.55079e+03
 43  1.35284  6.12222e+01 | 44 -0.26040  1.67000e+03 | 45  0.46062  1.78476e+03
 46 -0.29587  2.57957e+02 | 47  1.60877 -3.09925e+02 | 48 -0.26070  1.41801e+03
 49 -0.68369 -1.63117e+03 | 50 -0.52999 -3.24893e+03 | 51 -0.40817 -3.73887e+03
 52 -0.49323 -2.06633e+03 |
Maximum number of function evaluations exceeded

 - final statistics:
52 variables; iteration 53; function evaluation 100
Function value 1.1685e+04; maximum gradient component mag -6.4428e+03
Exit code = 3;  converg criter 1.0000e+00
Var    Value     Gradient |Var    Value     Gradient |Var    Value     Gradient
  1 -0.01788  2.13075e+03 |  2  0.04565  2.92243e+02 |  3  0.07030 -1.95317e+02
  4 -0.02758  1.18906e+02 |  5 -0.27921 -4.90620e+02 |  6 -0.12911 -7.40942e+02
  7 -0.29799 -1.72838e+02 |  8 -0.16948 -1.81561e+02 |  9  0.05038  2.85728e+02
 10  0.14359 -3.10571e+02 | 11 -0.00271  1.01278e+02 | 12  0.04774 -1.53694e+02
 13  0.05519 -5.57430e+02 | 14  0.12422  6.55080e+02 | 15  0.04045 -5.98756e+02
 16 -0.05621 -5.57577e+02 | 17  0.02429 -1.23437e+02 | 18  0.07791  8.68615e+01
 19  0.15491  1.22241e+03 | 20  0.03660  2.03875e+02 | 21 -0.05136 -4.94698e+02
 22  0.13369  1.60450e+03 | 23  0.06409  4.45837e+02 | 24 -0.04929 -9.86836e+02
 25  0.05662 -2.56420e+01 | 26  0.11651  1.96058e+03 | 27  0.05782  2.42546e+02
 28  0.04348  4.55863e+02 | 29  0.06561  1.14693e+02 | 30  0.01953 -5.41772e+02
 31  0.06915  3.28188e+02 | 32  0.15452  1.54664e+03 | 33  0.08599  2.87065e+02
 34 -0.20108 -1.14894e+03 | 35  0.03246 -8.93810e+02 | 36  0.09217  4.95671e+02
 37 -0.66793 -3.58215e+01 | 38  0.25452 -6.44282e+03 | 39  0.27641  7.94456e+02
 40  0.29956  3.33175e+03 | 41  0.58733 -1.89551e+03 | 42 -1.19105  5.66777e+02
 43  1.27301 -3.53659e+02 | 44 -0.26898  1.02659e+03 | 45  0.44463  5.80303e+02
 46 -0.29924  1.49193e+03 | 47  1.56530 -6.56051e+02 | 48 -0.27526  3.20370e+02
 49 -0.55402  5.76592e+02 | 50 -0.51556 -3.76596e+03 | 51 -0.39651 -4.98791e+03
 52 -0.47782  3.08893e+03 |

Initial statistics: 54 variables; iteration 0; function evaluation 0; phase 4
Function value 1.1683100e+04; maximum gradient component mag -6.4428e+03
Var    Value     Gradient |Var    Value     Gradient |Var    Value     Gradient
  1  0.12819 -1.77011e+03 |  2 -0.42659  5.63323e+03 |  3 -0.01788  2.13075e+03
  4  0.04386  2.31071e+02 |  5  0.06850 -2.56399e+02 |  6 -0.02937  5.75805e+01
  7 -0.28119 -5.45388e+02 |  8 -0.13094 -8.00584e+02 |  9 -0.29999 -2.27249e+02
 10 -0.17133 -2.40583e+02 | 11  0.04858  2.24594e+02 | 12  0.14175 -3.70636e+02
 13 -0.00450  3.99021e+01 | 14  0.04595 -2.14942e+02 | 15  0.05339 -6.18725e+02
 16  0.12239  5.95204e+02 | 17  0.03865 -6.60124e+02 | 18 -0.05801 -6.18557e+02
 19  0.02249 -1.84787e+02 | 20  0.07610  2.59534e+01 | 21  0.15307  1.16367e+03
 22  0.03481  1.42623e+02 | 23 -0.05316 -5.55745e+02 | 24  0.13186  1.54541e+03
 25  0.06229  3.84880e+02 | 26 -0.05109 -1.04779e+03 | 27  0.05482 -8.67970e+01
 28  0.11469  1.90123e+03 | 29  0.05602  1.81469e+02 | 30  0.04168  3.94704e+02
 31  0.06381  5.36580e+01 | 32  0.01774 -6.03169e+02 | 33  0.06735  2.67255e+02
 34  0.15268  1.48812e+03 | 35  0.08418  2.26334e+02 | 36 -0.20297 -1.20611e+03
 37  0.03067 -9.55240e+02 | 38  0.09036  4.35116e+02 | 39 -0.67154 -6.57472e+01
 40  0.25452 -6.44282e+03 | 41  0.27641  7.94456e+02 | 42  0.29956  3.33175e+03
 43  0.58733 -1.89551e+03 | 44 -0.80895 -5.66777e+02 | 45  0.72699  3.53659e+02
 46 -0.26898  1.02659e+03 | 47  0.44463  5.80303e+02 | 48 -0.29924  1.49193e+03
 49  0.43470  6.56051e+02 | 50 -0.27526  3.20370e+02 | 51 -0.55402  5.76592e+02
 52 -0.51556 -3.76596e+03 | 53 -0.39651 -4.98791e+03 | 54 -0.47782  3.08893e+03

Intermediate statistics: 54 variables; iteration 20; function evaluation 31; phase 4
Function value 8.7503375e+03; maximum gradient component mag 8.7230e+03
Var    Value     Gradient |Var    Value     Gradient |Var    Value     Gradient
  1  0.06350  6.36873e+02 |  2 -0.56138 -7.29545e+03 |  3  0.02735  8.72297e+03
  4  0.00739 -3.44033e+02 |  5  0.04151  8.92020e+01 |  6 -0.07190 -1.32243e+01
  7 -0.08103 -7.81727e+00 |  8 -0.05627 -5.85326e+00 |  9 -0.10266 -1.62883e+02
 10 -0.06633 -4.41207e+02 | 11  0.05684 -2.55451e+02 | 12  0.12056  5.41373e+02
 13  0.01383  3.23145e+01 | 14  0.09375  4.96369e+02 | 15  0.09574  5.62059e+02
 16 -0.12204 -8.10979e+02 | 17  0.02141 -6.01428e+02 | 18 -0.03147 -3.80141e+02
 19  0.01374  3.47206e+01 | 20  0.04962  8.86414e+01 | 21 -0.00947 -2.99515e+02
 22 -0.07323  1.14553e+01 | 23 -0.02764  1.65621e+02 | 24 -0.02099 -4.05604e+02
 25  0.04314  1.68362e+02 | 26  0.02308  6.54253e+02 | 27  0.10940  1.33754e+03
 28  0.00807  5.15235e+02 | 29  0.06362  1.71611e+02 | 30 -0.01804 -2.80435e+02
 31  0.07021  2.12943e+02 | 32  0.02503  1.78315e+02 | 33  0.08762 -3.09982e+02
 34  0.05030 -5.22656e+02 | 35  0.03960 -3.14127e+01 | 36  0.01146 -2.40811e+02
 37  0.02677  2.75623e+02 | 38  0.13340 -3.14047e+02 | 39 -0.61990 -1.30564e+02
 40  0.32032  3.24826e+03 | 41  0.26664  8.43416e+02 | 42  0.26058  1.75414e+03
 43  0.68321 -8.40986e+02 | 44 -0.78871  2.44754e+03 | 45  0.49899 -1.96391e+02
 46 -0.45798  2.11979e+02 | 47  0.33066 -1.10765e+03 | 48 -0.38746  2.01169e+02
 49  0.20129 -5.51054e+02 | 50 -0.43505 -1.35107e+02 | 51 -0.28049  3.89614e+02
 52 -0.43576 -2.31918e+03 | 53 -0.23105  8.46148e+02 | 54 -0.44709  5.04313e+03
54 variables; iteration 40; function evaluation 61; phase 4
Function value 8.4542967e+03; maximum gradient component mag -2.3428e+03
Var    Value     Gradient |Var    Value     Gradient |Var    Value     Gradient
  1  0.03591  9.48597e+02 |  2 -0.54258 -2.34280e+03 |  3  0.02823 -9.70702e+02
  4  0.01097 -2.88377e+01 |  5  0.03187  8.17195e+01 |  6 -0.09444 -2.22319e+01
  7 -0.10576 -1.35742e+02 |  8 -0.06265  3.62692e+02 |  9 -0.13416 -1.79166e+02
 10 -0.05878 -9.25224e+01 | 11  0.04982  4.48343e+01 | 12  0.12068  1.04110e+03
 13  0.00020  1.14064e+02 | 14  0.06682  1.15049e+02 | 15  0.08966  6.16962e+02
 16 -0.07625 -3.50220e+02 | 17  0.02304  2.43394e+01 | 18 -0.03287 -9.59309e+00
 19 -0.00947 -1.84284e+02 | 20  0.03134 -4.02767e+01 | 21 -0.00720 -1.07657e+01
 22 -0.08073  7.75714e+01 | 23 -0.06328 -3.10429e+02 | 24 -0.02366 -2.52770e+02
 25  0.01311 -3.41802e+02 | 26  0.00387  1.33103e+02 | 27  0.10448  5.10193e+02
 28 -0.02977 -2.53277e+02 | 29  0.06362  1.89023e+02 | 30 -0.00023  2.42060e+02
 31  0.05557 -2.68754e+01 | 32  0.00030 -1.70223e+02 | 33  0.08486 -4.60962e+02
 34  0.03849 -9.30303e+02 | 35  0.03403 -2.11317e+02 | 36  0.00953 -1.78598e+02
 37  0.04477  3.27651e+02 | 38  0.19813 -1.04420e+02 | 39 -0.31989 -5.58333e+01
 40  0.30372  7.55930e+02 | 41  0.26680 -2.70633e+02 | 42  0.24018 -1.23726e+03
 43  0.62919 -1.32480e+02 | 44 -0.78869  5.97344e+02 | 45  0.47789 -2.70285e+01
 46 -0.46315  1.98266e+02 | 47  0.35909 -2.76667e+02 | 48 -0.36867  6.08527e+02
 49  0.23135 -6.50966e+01 | 50 -0.40902  1.67744e+02 | 51 -0.32060 -1.13625e+01
 52 -0.41327 -2.68733e+02 | 53 -0.25067  8.64009e+02 | 54 -0.45556  6.77340e+02
54 variables; iteration 60; function evaluation 94; phase 4
Function value 8.3040683e+03; maximum gradient component mag -8.0405e+02
Var    Value     Gradient |Var    Value     Gradient |Var    Value     Gradient
  1 -0.01592  2.80311e+02 |  2 -0.52548  5.55800e+02 |  3  0.03314 -8.04046e+02
  4 -0.00448 -3.41971e+01 |  5  0.01907  2.68998e+01 |  6 -0.10738  9.26718e+01
  7 -0.11083 -5.43210e+01 |  8 -0.10368  7.32189e+01 |  9 -0.13393  3.92267e+01
 10 -0.06117 -3.43012e+01 | 11  0.05521  1.31890e+02 | 12  0.08138  1.19055e+02
 13 -0.01401  4.94376e+01 | 14  0.05932  7.47149e+01 | 15  0.07531  1.59968e+02
 16 -0.04927  6.38757e+01 | 17  0.00870  7.80762e+00 | 18 -0.03897  3.32193e+01
 19 -0.01017  5.55936e+01 | 20  0.02159 -4.74634e+01 | 21 -0.02054 -5.20255e+01
 22 -0.09254  2.75470e+01 | 23 -0.05397  1.19887e+02 | 24 -0.01761 -1.23591e+01
 25  0.01680  4.24328e+01 | 26 -0.00679  1.51743e+02 | 27  0.08782  1.99677e+02
 28 -0.02702 -1.00001e+02 | 29  0.05037  1.88301e+01 | 30 -0.02112  1.73673e+01
 31  0.04020 -9.60155e+01 | 32 -0.01071 -6.47918e+01 | 33  0.06434 -5.03904e+02
 34  0.04561 -4.26494e+02 | 35  0.01645 -2.28683e+02 | 36  0.01463  1.02325e+02
 37  0.00155  5.69828e+01 | 38  0.21470 -4.91599e+00 | 39  0.01390  1.69129e+01
 40  0.29612  4.17259e+01 | 41  0.26813 -2.18757e+02 | 42  0.25609 -2.86985e+02
 43  0.61709  1.76340e+02 | 44 -0.76856 -2.52106e+02 | 45  0.43996  5.66915e+01
 46 -0.47676 -1.80820e+02 | 47  0.35041  7.88224e+00 | 48 -0.37362 -3.88491e+01
 49  0.27343 -1.19802e+02 | 50 -0.37953  2.11424e+02 | 51 -0.37676 -2.72656e+01
 52 -0.41324  3.87248e+02 | 53 -0.30153 -6.43175e+01 | 54 -0.46676 -4.73075e+02
54 variables; iteration 80; function evaluation 115; phase 4
Function value 8.2949092e+03; maximum gradient component mag -5.9878e+00
Var    Value     Gradient |Var    Value     Gradient |Var    Value     Gradient
  1 -0.02225  8.93102e-02 |  2 -0.52597 -2.54798e-01 |  3  0.03278 -5.98777e+00
  4 -0.00091 -1.07806e-01 |  5  0.01744 -2.71605e-01 |  6 -0.11555  1.34425e-02
  7 -0.10686 -5.77657e-02 |  8 -0.10910  2.27600e-02 |  9 -0.13561  1.43323e-01
 10 -0.05458  5.81932e-02 | 11  0.05550  1.01945e-02 | 12  0.08074 -3.40240e-01
 13 -0.01234 -4.75578e-02 | 14  0.06188 -1.68350e-01 | 15  0.07766 -3.96883e-01
 16 -0.05286 -1.57876e-01 | 17  0.01032  7.98582e-01 | 18 -0.03713  1.76095e-01
 19 -0.01107  1.24751e-01 | 20  0.02507  8.30852e-02 | 21 -0.01829  1.14383e-01
 22 -0.09260  1.31471e-01 | 23 -0.05630  1.20859e-01 | 24 -0.01354  6.10953e-02
 25  0.01634  1.76420e-01 | 26 -0.01130  5.50323e-01 | 27  0.08572  1.40930e-01
 28 -0.01800 -1.14788e-01 | 29  0.05094  1.81325e-01 | 30 -0.02042 -5.14537e-03
 31  0.04120 -1.43830e-01 | 32 -0.01143 -2.39261e-02 | 33  0.07282 -3.10840e-01
 34  0.04978 -4.50442e-01 | 35  0.02209 -1.49230e-01 | 36  0.01112  1.32112e-01
 37 -0.00438 -5.13011e-02 | 38  0.22127  8.29843e-02 | 39 -0.01530  1.96275e-02
 40  0.29719 -1.44275e+00 | 41  0.26987 -8.37767e-01 | 42  0.26090 -1.39009e-01
 43  0.63751 -3.99660e-02 | 44 -0.74650 -5.43657e-01 | 45  0.44399  3.26018e-01
 46 -0.47353 -9.81683e-01 | 47  0.35438 -2.33076e-01 | 48 -0.37159  3.84836e-01
 49  0.28849  2.40691e-01 | 50 -0.37614 -3.97794e-01 | 51 -0.38065 -5.70321e-02
 52 -0.42443 -4.54230e-02 | 53 -0.31041 -1.52592e-01 | 54 -0.47816 -8.88809e-01
54 variables; iteration 100; function evaluation 136; phase 4
Function value 8.2949089e+03; maximum gradient component mag -5.5311e+00
Var    Value     Gradient |Var    Value     Gradient |Var    Value     Gradient
  1 -0.02232 -3.36641e-01 |  2 -0.52600 -1.54027e+00 |  3  0.03278 -5.53115e+00
  4 -0.00087 -6.42553e-02 |  5  0.01747 -7.29151e-02 |  6 -0.11554 -2.18273e-02
  7 -0.10682  3.67586e-02 |  8 -0.10908 -1.32116e-02 |  9 -0.13558  5.18891e-02
 10 -0.05454 -3.00788e-04 | 11  0.05555 -1.78497e-02 | 12  0.08073 -1.88339e-01
 13 -0.01233  3.15596e-02 | 14  0.06188  4.25912e-02 | 15  0.07772 -7.92246e-02
 16 -0.05287 -1.09095e-01 | 17  0.01036  1.87306e-01 | 18 -0.03712  6.47622e-02
 19 -0.01113 -1.32736e-02 | 20  0.02504 -4.64702e-02 | 21 -0.01833 -7.00987e-02
 22 -0.09263  7.32254e-02 | 23 -0.05630  1.48865e-01 | 24 -0.01349  3.14258e-02
 25  0.01614 -1.50930e-02 | 26 -0.01166 -4.66178e-02 | 27  0.08562  2.01437e-01
 28 -0.01823 -9.02360e-02 | 29  0.05085 -1.01735e-02 | 30 -0.02044  6.90615e-02
 31  0.04113 -7.87060e-02 | 32 -0.01147 -1.17865e-02 | 33  0.07281 -9.94566e-02
 34  0.04980 -1.57409e-01 | 35  0.02209 -1.41005e-01 | 36  0.01114  6.76417e-02
 37 -0.00426  1.27745e-02 | 38  0.22144  7.24714e-02 | 39 -0.01475  6.59193e-02
 40  0.29729 -1.84186e-01 | 41  0.26992 -1.76343e-01 | 42  0.26098  2.80193e-02
 43  0.63130 -5.62535e-01 | 44 -0.74418  6.44042e-01 | 45  0.44424 -1.59392e-02
 46 -0.47347  8.97466e-02 | 47  0.35453 -2.61860e-02 | 48 -0.37153  1.12908e-02
 49  0.28876 -5.66469e-02 | 50 -0.37603  9.50677e-02 | 51 -0.37785 -2.72218e-01
 52 -0.42134 -9.34832e-01 | 53 -0.31147  3.36681e-01 | 54 -0.47937  9.32645e-01
54 variables; iteration 120; function evaluation 160; phase 4
Function value 8.2949086e+03; maximum gradient component mag -5.5576e+00
Var    Value     Gradient |Var    Value     Gradient |Var    Value     Gradient
  1 -0.02232 -5.15425e-01 |  2 -0.52601 -2.63291e+00 |  3  0.03278 -5.55762e+00
  4 -0.00086  2.44199e-02 |  5  0.01747 -2.61198e-02 |  6 -0.11553  6.44540e-02
  7 -0.10681  4.31635e-02 |  8 -0.10907  6.05276e-02 |  9 -0.13558  8.57217e-02
 10 -0.05454  4.19742e-02 | 11  0.05555 -1.45409e-02 | 12  0.08073 -9.55250e-02
 13 -0.01233 -2.17178e-03 | 14  0.06187 -4.86706e-02 | 15  0.07771 -8.03098e-02
 16 -0.05286  3.57593e-02 | 17  0.01036  6.50743e-02 | 18 -0.03712  4.76321e-02
 19 -0.01113 -1.90654e-02 | 20  0.02504 -1.49510e-01 | 21 -0.01833 -8.36464e-02
 22 -0.09264  4.71033e-03 | 23 -0.05631  4.17180e-02 | 24 -0.01349  7.85317e-02
 25  0.01615 -6.70262e-02 | 26 -0.01166 -8.96376e-02 | 27  0.08562 -5.36256e-02
 28 -0.01822  1.21369e-02 | 29  0.05085 -1.04421e-01 | 30 -0.02044  5.04186e-03
 31  0.04113 -6.36419e-02 | 32 -0.01147  1.24207e-02 | 33  0.07281 -5.06872e-02
 34  0.04980 -1.26167e-02 | 35  0.02209  3.03371e-02 | 36  0.01114  7.74672e-02
 37 -0.00425  1.16253e-01 | 38  0.22143  1.07330e-01 | 39 -0.01477  6.87699e-02
 40  0.29729 -1.80782e-01 | 41  0.26992 -1.91833e-01 | 42  0.26098 -5.39756e-02
 43  0.59197 -1.20162e+00 | 44 -0.73326  1.42768e+00 | 45  0.44424  2.05492e-03
 46 -0.47348  1.61883e-02 | 47  0.35454 -5.25344e-02 | 48 -0.37153  1.20900e-01
 49  0.28877  2.80846e-02 | 50 -0.37603 -1.58468e-02 | 51 -0.35935 -2.94144e-01
 52 -0.40194 -2.09098e+00 | 53 -0.31641  4.01072e-01 | 54 -0.48536  2.21595e+00
54 variables; iteration 140; function evaluation 186; phase 4
Function value 8.2949083e+03; maximum gradient component mag -4.1439e+00
Var    Value     Gradient |Var    Value     Gradient |Var    Value     Gradient
  1 -0.02232 -3.85393e-01 |  2 -0.52601 -1.97943e+00 |  3  0.03278 -4.14393e+00
  4 -0.00086  2.36679e-02 |  5  0.01747 -3.38929e-03 |  6 -0.11553  3.69557e-02
  7 -0.10681  5.10143e-02 |  8 -0.10907  3.56188e-02 |  9 -0.13558  4.94454e-02
 10 -0.05454  3.22736e-02 | 11  0.05554 -1.65481e-02 | 12  0.08073 -4.44443e-02
 13 -0.01233  1.75139e-02 | 14  0.06187  2.01915e-02 | 15  0.07771  4.38935e-02
 16 -0.05286  1.84323e-02 | 17  0.01036  4.98290e-02 | 18 -0.03712  1.75220e-02
 19 -0.01113 -2.56346e-02 | 20  0.02504 -9.78273e-02 | 21 -0.01834 -6.75961e-02
 22 -0.09264 -2.99370e-03 | 23 -0.05631  2.28589e-02 | 24 -0.01350  3.70803e-02
 25  0.01615 -4.95556e-02 | 26 -0.01165 -6.76302e-02 | 27  0.08562 -9.70832e-02
 28 -0.01822 -2.93622e-02 | 29  0.05085 -8.50046e-02 | 30 -0.02044 -8.98834e-03
 31  0.04113 -6.27963e-02 | 32 -0.01147 -4.79557e-03 | 33  0.07280 -6.27629e-02
 34  0.04980 -3.88372e-02 | 35  0.02209  7.60542e-03 | 36  0.01114  4.99952e-02
 37 -0.00425  9.94349e-02 | 38  0.22143  7.36207e-02 | 39 -0.01473  5.60104e-02
 40  0.29729 -6.27921e-02 | 41  0.26992 -9.06089e-02 | 42  0.26098 -5.19370e-02
 43  0.54936 -1.08001e+00 | 44 -0.72670  1.11886e+00 | 45  0.44424 -2.55324e-02
 46 -0.47348  8.31628e-02 | 47  0.35453 -3.07127e-02 | 48 -0.37153  6.40274e-02
 49  0.28876 -2.54947e-02 | 50 -0.37603  2.74127e-02 | 51 -0.33793 -2.30669e-01
 52 -0.37956 -1.78855e+00 | 53 -0.31949  2.90945e-01 | 54 -0.48911  1.70174e+00
54 variables; iteration 160; function evaluation 213; phase 4
Function value 8.2949081e+03; maximum gradient component mag -4.6580e+00
Var    Value     Gradient |Var    Value     Gradient |Var    Value     Gradient
  1 -0.02232 -4.37077e-01 |  2 -0.52601 -2.23972e+00 |  3  0.03278 -4.65798e+00
  4 -0.00086  2.58233e-02 |  5  0.01747 -6.15621e-03 |  6 -0.11553  4.40315e-02
  7 -0.10681  5.46179e-02 |  8 -0.10907  4.11862e-02 |  9 -0.13558  5.48860e-02
 10 -0.05454  3.05592e-02 | 11  0.05554 -2.77404e-02 | 12  0.08073 -5.53764e-02
 13 -0.01233  1.93455e-02 | 14  0.06187  1.62628e-02 | 15  0.07771  4.05441e-02
 16 -0.05286  2.77160e-02 | 17  0.01036  5.35371e-02 | 18 -0.03712  1.99176e-02
 19 -0.01113 -2.83733e-02 | 20  0.02504 -1.04172e-01 | 21 -0.01834 -7.44452e-02
 22 -0.09264 -4.30598e-03 | 23 -0.05631  2.47899e-02 | 24 -0.01350  4.37362e-02
 25  0.01615 -5.51728e-02 | 26 -0.01166 -7.81235e-02 | 27  0.08562 -1.14539e-01
 28 -0.01822 -2.81196e-02 | 29  0.05085 -9.48960e-02 | 30 -0.02044 -8.73897e-03
 31  0.04113 -6.89106e-02 | 32 -0.01147 -4.05185e-03 | 33  0.07280 -6.16801e-02
 34  0.04980 -3.89363e-02 | 35  0.02209  1.31431e-02 | 36  0.01114  5.59441e-02
 37 -0.00425  1.10882e-01 | 38  0.22143  8.14163e-02 | 39 -0.01473  6.20003e-02
 40  0.29729 -7.50926e-02 | 41  0.26992 -8.97292e-02 | 42  0.26098 -5.24640e-02
 43  0.50387 -1.29883e+00 | 44 -0.72383  1.23275e+00 | 45  0.44424 -2.73174e-02
 46 -0.47348  9.03590e-02 | 47  0.35454 -3.39579e-02 | 48 -0.37153  6.62186e-02
 49  0.28876 -3.20748e-02 | 50 -0.37603  3.95289e-02 | 51 -0.31365 -2.75768e-01
 52 -0.35432 -2.02584e+00 | 53 -0.32086  3.19205e-01 | 54 -0.49078  1.84927e+00
54 variables; iteration 180; function evaluation 239; phase 4
Function value 8.2949078e+03; maximum gradient component mag -2.2046e+00
Var    Value     Gradient |Var    Value     Gradient |Var    Value     Gradient
  1 -0.02232 -2.00170e-01 |  2 -0.52601 -1.05462e+00 |  3  0.03278 -2.20458e+00
  4 -0.00086  1.49275e-02 |  5  0.01747 -5.41018e-03 |  6 -0.11553  2.97577e-02
  7 -0.10681  1.95992e-02 |  8 -0.10907  2.70217e-02 |  9 -0.13558  3.28262e-02
 10 -0.05454  1.81653e-02 | 11  0.05554 -6.49262e-03 | 12  0.08073 -2.88673e-02
 13 -0.01233  4.26251e-04 | 14  0.06187 -1.97463e-02 | 15  0.07771 -2.49645e-02
 16 -0.05286  2.09587e-02 | 17  0.01036  2.50057e-02 | 18 -0.03712  1.82000e-02
 19 -0.01113 -9.54327e-03 | 20  0.02504 -6.18979e-02 | 21 -0.01834 -3.63946e-02
 22 -0.09264 -2.17861e-03 | 23 -0.05631  1.26468e-02 | 24 -0.01350  3.05021e-02
 25  0.01615 -2.75440e-02 | 26 -0.01166 -3.52261e-02 | 27  0.08562 -4.55565e-02
 28 -0.01822  4.32224e-03 | 29  0.05085 -5.23499e-02 | 30 -0.02044 -1.82315e-03
 31  0.04113 -2.52728e-02 | 32 -0.01147  4.93381e-03 | 33  0.07280 -1.96012e-02
 34  0.04980 -7.11352e-04 | 35  0.02209  1.85326e-02 | 36  0.01114  3.13099e-02
 37 -0.00425  5.20057e-02 | 38  0.22143  4.19323e-02 | 39 -0.01474  2.83034e-02
 40  0.29729 -6.44903e-02 | 41  0.26992 -6.35314e-02 | 42  0.26098 -2.40560e-02
 43  0.45852 -6.30099e-01 | 44 -0.72411  5.77047e-01 | 45  0.44424 -2.84498e-03
 46 -0.47348  1.00019e-02 | 47  0.35454 -1.84879e-02 | 48 -0.37153  4.21817e-02
 49  0.28876  1.30821e-02 | 50 -0.37603 -8.61749e-03 | 51 -0.28817 -1.29552e-01
 52 -0.32793 -9.43640e-01 | 53 -0.32072  1.59592e-01 | 54 -0.49062  8.62260e-01
54 variables; iteration 200; function evaluation 264; phase 4
Function value 8.2949076e+03; maximum gradient component mag -3.6009e+00
Var    Value     Gradient |Var    Value     Gradient |Var    Value     Gradient
  1 -0.02232 -3.53255e-01 |  2 -0.52601 -1.75824e+00 |  3  0.03278 -3.60093e+00
  4 -0.00086  2.00784e-02 |  5  0.01747 -3.86624e-03 |  6 -0.11553  3.17586e-02
  7 -0.10681  4.50201e-02 |  8 -0.10907  2.86803e-02 |  9 -0.13558  3.90383e-02
 10 -0.05454  2.35650e-02 | 11  0.05554 -2.70944e-02 | 12  0.08073 -4.58078e-02
 13 -0.01233  1.45939e-02 | 14  0.06187  1.44538e-02 | 15  0.07771  3.51733e-02
 16 -0.05286  1.86153e-02 | 17  0.01036  4.71753e-02 | 18 -0.03712  1.30704e-02
 19 -0.01113 -2.14190e-02 | 20  0.02504 -7.43200e-02 | 21 -0.01834 -5.67401e-02
 22 -0.09264 -5.16900e-03 | 23 -0.05631  1.65909e-02 | 24 -0.01350  3.18662e-02
 25  0.01615 -3.99106e-02 | 26 -0.01166 -6.07505e-02 | 27  0.08562 -8.67866e-02
 28 -0.01822 -2.13318e-02 | 29  0.05085 -6.56586e-02 | 30 -0.02044 -4.00250e-03
 31  0.04113 -5.62997e-02 | 32 -0.01147 -4.02083e-03 | 33  0.07280 -5.03476e-02
 34  0.04980 -3.15534e-02 | 35  0.02209  8.62299e-03 | 36  0.01114  4.04918e-02
 37 -0.00425  8.42163e-02 | 38  0.22143  6.20947e-02 | 39 -0.01473  4.85552e-02
 40  0.29729 -5.58693e-02 | 41  0.26992 -5.95012e-02 | 42  0.26098 -3.53832e-02
 43  0.40514 -1.13270e+00 | 44 -0.72739  9.41788e-01 | 45  0.44424 -2.31934e-02
 46 -0.47348  7.79502e-02 | 47  0.35453 -2.70927e-02 | 48 -0.37153  4.89289e-02
 49  0.28876 -4.82165e-02 | 50 -0.37603  5.30517e-02 | 51 -0.25677 -2.16980e-01
 52 -0.29556 -1.62743e+00 | 53 -0.31916  2.41185e-01 | 54 -0.48871  1.44153e+00
54 variables; iteration 220; function evaluation 289; phase 4
Function value 8.2949074e+03; maximum gradient component mag -2.9255e+00
Var    Value     Gradient |Var    Value     Gradient |Var    Value     Gradient
  1 -0.02232 -2.87762e-01 |  2 -0.52601 -1.42426e+00 |  3  0.03278 -2.92547e+00
  4 -0.00086  1.61009e-02 |  5  0.01747 -5.20684e-03 |  6 -0.11553  2.74726e-02
  7 -0.10681  3.44521e-02 |  8 -0.10907  2.49097e-02 |  9 -0.13558  3.51376e-02
 10 -0.05454  1.95184e-02 | 11  0.05554 -1.77463e-02 | 12  0.08073 -3.57950e-02
 13 -0.01233  8.24381e-03 | 14  0.06187  1.78913e-03 | 15  0.07771  9.95452e-03
 16 -0.05286  1.17814e-02 | 17  0.01036  2.53425e-02 | 18 -0.03712  1.07172e-02
 19 -0.01113 -1.42250e-02 | 20  0.02504 -5.92432e-02 | 21 -0.01834 -4.16016e-02
 22 -0.09264 -2.29760e-03 | 23 -0.05631  1.40486e-02 | 24 -0.01350  2.79007e-02
 25  0.01615 -3.10785e-02 | 26 -0.01166 -4.73315e-02 | 27  0.08562 -6.71423e-02
 28 -0.01822 -1.38740e-02 | 29  0.05085 -5.24364e-02 | 30 -0.02044 -4.08496e-03
 31  0.04113 -3.84460e-02 | 32 -0.01147 -1.22238e-03 | 33  0.07280 -3.30903e-02
 34  0.04980 -1.92163e-02 | 35  0.02209  9.47177e-03 | 36  0.01114  3.46925e-02
 37 -0.00425  6.65127e-02 | 38  0.22143  5.23406e-02 | 39 -0.01473  3.85336e-02
 40  0.29729 -4.61521e-02 | 41  0.26992 -5.45309e-02 | 42  0.26098 -3.07563e-02
 43  0.35657 -9.61703e-01 | 44 -0.73245  7.85853e-01 | 45  0.44424 -1.48747e-02
 46 -0.47348  5.21786e-02 | 47  0.35454 -2.07446e-02 | 48 -0.37153  4.15295e-02
 49  0.28876 -2.49156e-02 | 50 -0.37603  2.83181e-02 | 51 -0.22706 -1.79666e-01
 52 -0.26506 -1.34034e+00 | 53 -0.31679  2.08809e-01 | 54 -0.48582  1.22825e+00
54 variables; iteration 240; function evaluation 315; phase 4
Function value 8.2949073e+03; maximum gradient component mag -2.6144e+00
Var    Value     Gradient |Var    Value     Gradient |Var    Value     Gradient
  1 -0.02232 -2.41891e-01 |  2 -0.52601 -1.25534e+00 |  3  0.03278 -2.61443e+00
  4 -0.00086  1.83679e-02 |  5  0.01747 -6.31826e-03 |  6 -0.11553  3.73462e-02
  7 -0.10681  2.15721e-02 |  8 -0.10906  3.28858e-02 |  9 -0.13558  3.98632e-02
 10 -0.05454  2.13701e-02 | 11  0.05554 -7.03071e-03 | 12  0.08073 -3.70320e-02
 13 -0.01233 -3.58863e-03 | 14  0.06187 -3.68863e-02 | 15  0.07771 -5.32982e-02
 16 -0.05286  2.12348e-02 | 17  0.01036  1.67154e-02 | 18 -0.03712  2.04229e-02
 19 -0.01113 -8.12207e-03 | 20  0.02504 -7.03561e-02 | 21 -0.01833 -3.99762e-02
 22 -0.09264 -1.00061e-03 | 23 -0.05631  1.59373e-02 | 24 -0.01349  3.86288e-02
 25  0.01615 -2.93799e-02 | 26 -0.01166 -3.73385e-02 | 27  0.08562 -4.44816e-02
 28 -0.01822  9.59424e-03 | 29  0.05085 -6.11056e-02 | 30 -0.02044 -8.73820e-04
 31  0.04113 -2.49614e-02 | 32 -0.01147  9.25885e-03 | 33  0.07280 -1.46334e-02
 34  0.04980  7.12782e-03 | 35  0.02209  2.73402e-02 | 36  0.01114  3.81988e-02
 37 -0.00425  5.98369e-02 | 38  0.22143  5.12302e-02 | 39 -0.01475  3.32059e-02
 40  0.29729 -8.18511e-02 | 41  0.26992 -7.74041e-02 | 42  0.26098 -2.48821e-02
 43  0.30557 -8.69571e-01 | 44 -0.73916  6.95948e-01 | 45  0.44424  8.11774e-05
 46 -0.47348  1.77539e-04 | 47  0.35454 -2.00501e-02 | 48 -0.37153  4.96655e-02
 49  0.28876  2.67471e-02 | 50 -0.37603 -1.92575e-02 | 51 -0.19488 -1.61217e-01
 52 -0.23216 -1.17891e+00 | 53 -0.31371  2.05796e-01 | 54 -0.48209  1.10870e+00
54 variables; iteration 260; function evaluation 342; phase 4
Function value 8.2949072e+03; maximum gradient component mag -2.6236e+00
Var    Value     Gradient |Var    Value     Gradient |Var    Value     Gradient
  1 -0.02232 -2.67730e-01 |  2 -0.52601 -1.28155e+00 |  3  0.03278 -2.62362e+00
  4 -0.00086  1.20706e-02 |  5  0.01747 -4.01500e-03 |  6 -0.11553  1.89823e-02
  7 -0.10681  3.39658e-02 |  8 -0.10907  1.68623e-02 |  9 -0.13558  2.70156e-02
 10 -0.05454  1.32480e-02 | 11  0.05554 -2.38252e-02 | 12  0.08073 -3.60180e-02
 13 -0.01233  9.87058e-03 | 14  0.06187  9.70415e-03 | 15  0.07771  1.91382e-02
 16 -0.05286  2.08023e-03 | 17  0.01036  1.15070e-02 | 18 -0.03712  2.07577e-03
 19 -0.01113 -1.21437e-02 | 20  0.02504 -3.98483e-02 | 21 -0.01834 -3.24868e-02
 22 -0.09264 -1.60649e-05 | 23 -0.05631  1.26711e-02 | 24 -0.01350  2.01323e-02
 25  0.01615 -2.25191e-02 | 26 -0.01166 -3.90632e-02 | 27  0.08562 -5.84370e-02
 28 -0.01822 -2.09034e-02 | 29  0.05085 -3.78541e-02 | 30 -0.02044 -4.05026e-03
 31  0.04113 -3.28509e-02 | 32 -0.01147 -3.23343e-03 | 33  0.07280 -2.86442e-02
 34  0.04980 -2.29419e-02 | 35  0.02209  3.40919e-03 | 36  0.01114  2.83241e-02
 37 -0.00425  5.76488e-02 | 38  0.22143  4.52470e-02 | 39 -0.01473  3.47625e-02
 40  0.29729 -2.23822e-02 | 41  0.26992 -3.30576e-02 | 42  0.26098 -2.56774e-02
 43  0.25588 -9.30808e-01 | 44 -0.74635  6.96655e-01 | 45  0.44424 -1.74072e-02
 46 -0.47348  6.04824e-02 | 47  0.35453 -1.60109e-02 | 48 -0.37153  2.95282e-02
 49  0.28876 -3.54188e-02 | 50 -0.37603  3.94819e-02 | 51 -0.16274 -1.75716e-01
 52 -0.19941 -1.23062e+00 | 53 -0.31051  1.99250e-01 | 54 -0.47821  1.15729e+00
54 variables; iteration 280; function evaluation 368; phase 4
Function value 8.2949071e+03; maximum gradient component mag -3.0183e-01
Var    Value     Gradient |Var    Value     Gradient |Var    Value     Gradient
  1 -0.02232 -3.14038e-02 |  2 -0.52601 -1.38692e-01 |  3  0.03278 -3.01826e-01
  4 -0.00086  3.90576e-04 |  5  0.01747 -2.36727e-03 |  6 -0.11553  1.10005e-03
  7 -0.10681  3.65132e-03 |  8 -0.10907  1.04573e-03 |  9 -0.13558  3.74436e-03
 10 -0.05454  1.69597e-03 | 11  0.05554 -1.84542e-03 | 12  0.08073 -3.59306e-03
 13 -0.01233  1.29557e-03 | 14  0.06187  1.69702e-03 | 15  0.07771  2.04146e-03
 16 -0.05286 -2.92432e-03 | 17  0.01036 -2.09408e-03 | 18 -0.03712 -7.57889e-04
 19 -0.01113 -7.88023e-04 | 20  0.02504 -3.68843e-03 | 21 -0.01834 -2.19907e-03
 22 -0.09264  6.31646e-04 | 23 -0.05631  1.51177e-03 | 24 -0.01350  2.55539e-03
 25  0.01615 -2.40182e-03 | 26 -0.01166 -4.07066e-03 | 27  0.08562 -6.23014e-03
 28 -0.01822 -3.49139e-03 | 29  0.05085 -4.89946e-03 | 30 -0.02044 -1.62952e-03
 31  0.04113 -2.01296e-03 | 32 -0.01147  1.74320e-04 | 33  0.07280  1.35624e-03
 34  0.04980  6.68593e-04 | 35  0.02209  1.35104e-03 | 36  0.01114  3.10609e-03
 37 -0.00425  4.65003e-03 | 38  0.22143  5.53181e-03 | 39 -0.01474  3.54488e-03
 40  0.29729 -4.77476e-03 | 41  0.26992 -3.83849e-03 | 42  0.26098 -2.30202e-03
 43  0.20598 -9.95189e-02 | 44 -0.75337  7.10325e-02 | 45  0.44424 -1.56887e-03
 46 -0.47348  6.51429e-03 | 47  0.35454 -1.88121e-03 | 48 -0.37153  4.27653e-03
 49  0.28876 -2.90832e-03 | 50 -0.37603  4.33266e-03 | 51 -0.12980 -1.78534e-02
 52 -0.16597 -1.32944e-01 | 53 -0.30747  2.04401e-02 | 54 -0.47454  1.31909e-01
54 variables; iteration 300; function evaluation 395; phase 4
Function value 8.2949071e+03; maximum gradient component mag -2.0068e+00
Var    Value     Gradient |Var    Value     Gradient |Var    Value     Gradient
  1 -0.02232 -1.90886e-01 |  2 -0.52601 -9.56739e-01 |  3  0.03278 -2.00675e+00
  4 -0.00086  1.11031e-02 |  5  0.01747 -8.55952e-03 |  6 -0.11553  2.41540e-02
  7 -0.10681  1.79562e-02 |  8 -0.10907  2.12753e-02 |  9 -0.13558  2.86485e-02
 10 -0.05454  1.38593e-02 | 11  0.05554 -1.16249e-02 | 12  0.08073 -3.31671e-02
 13 -0.01233 -2.52154e-03 | 14  0.06187 -2.32080e-02 | 15  0.07771 -3.71411e-02
 16 -0.05286  9.65091e-03 | 17  0.01036  6.75587e-03 | 18 -0.03712  1.19239e-02
 19 -0.01113 -4.40475e-03 | 20  0.02504 -4.44305e-02 | 21 -0.01834 -2.51162e-02
 22 -0.09264  1.23732e-03 | 23 -0.05631  1.24717e-02 | 24 -0.01350  2.65446e-02
 25  0.01615 -1.84878e-02 | 26 -0.01166 -2.53944e-02 | 27  0.08562 -3.15438e-02
 28 -0.01822  3.38339e-03 | 29  0.05085 -3.90863e-02 | 30 -0.02044 -1.41509e-04
 31  0.04113 -1.60969e-02 | 32 -0.01147  6.20388e-03 | 33  0.07280 -9.11348e-03
 34  0.04980  3.85056e-03 | 35  0.02209  1.74914e-02 | 36  0.01114  2.73213e-02
 37 -0.00425  4.33844e-02 | 38  0.22143  3.78816e-02 | 39 -0.01474  2.54432e-02
 40  0.29729 -5.00052e-02 | 41  0.26992 -4.99309e-02 | 42  0.26098 -1.80809e-02
 43  0.14974 -7.10060e-01 | 44 -0.76028  4.89258e-01 | 45  0.44424 -1.79163e-03
 46 -0.47348  7.72192e-03 | 47  0.35454 -1.40508e-02 | 48 -0.37153  3.36723e-02
 49  0.28876  1.12699e-02 | 50 -0.37603 -6.41677e-03 | 51 -0.09207 -1.43326e-01
 52 -0.12780 -9.00998e-01 | 53 -0.30456  1.73166e-01 | 54 -0.47104  8.50306e-01
54 variables; iteration 320; function evaluation 422; phase 4
Function value 8.2949070e+03; maximum gradient component mag -1.4087e+00
Var    Value     Gradient |Var    Value     Gradient |Var    Value     Gradient
  1 -0.02232 -1.39423e-01 |  2 -0.52601 -6.66363e-01 |  3  0.03278 -1.40870e+00
  4 -0.00086  4.14459e-03 |  5  0.01747 -9.03098e-03 |  6 -0.11553  1.13049e-02
  7 -0.10681  1.52782e-02 |  8 -0.10907  9.69242e-03 |  9 -0.13558  1.64275e-02
 10 -0.05454  6.04812e-03 | 11  0.05554 -1.63811e-02 | 12  0.08073 -2.78945e-02
 13 -0.01233  3.73783e-04 | 14  0.06187 -5.71388e-03 | 15  0.07771 -1.29917e-02
 16 -0.05286  3.59231e-04 | 17  0.01036  4.12771e-04 | 18 -0.03712  3.21456e-03
 19 -0.01113 -2.48569e-03 | 20  0.02504 -1.90777e-02 | 21 -0.01834 -1.26529e-02
 22 -0.09264  2.55946e-03 | 23 -0.05631  8.66507e-03 | 24 -0.01350  1.36930e-02
 25  0.01615 -8.68051e-03 | 26 -0.01166 -1.52120e-02 | 27  0.08562 -2.26698e-02
 28 -0.01822 -4.65041e-03 | 29  0.05085 -1.80477e-02 | 30 -0.02044  2.54330e-04
 31  0.04113 -1.08368e-02 | 32 -0.01147  2.28933e-03 | 33  0.07280 -7.15743e-03
 34  0.04980 -3.43881e-03 | 35  0.02209  6.77207e-03 | 36  0.01114  1.64141e-02
 37 -0.00425  2.84663e-02 | 38  0.22143  2.41834e-02 | 39 -0.01474  1.80588e-02
 40  0.29729 -1.69589e-02 | 41  0.26992 -2.12063e-02 | 42  0.26098 -1.15464e-02
 43  0.08535 -4.90593e-01 | 44 -0.76650  3.22655e-01 | 45  0.44424 -5.77696e-03
 46 -0.47348  2.06531e-02 | 47  0.35454 -7.74180e-03 | 48 -0.37153  1.62338e-02
 49  0.28876 -7.88734e-03 | 50 -0.37603  1.04893e-02 | 51 -0.04830 -1.20136e-01
 52 -0.08368 -5.95666e-01 | 53 -0.30202  1.36140e-01 | 54 -0.46799  5.66578e-01
54 variables; iteration 340; function evaluation 446; phase 4
Function value 8.2949070e+03; maximum gradient component mag 2.2335e-02
Var    Value     Gradient |Var    Value     Gradient |Var    Value     Gradient
  1 -0.02232  3.63969e-04 |  2 -0.52601  1.73037e-02 |  3  0.03278  1.80545e-02
  4 -0.00086 -1.61969e-03 |  5  0.01747 -1.91555e-03 |  6 -0.11553 -2.87121e-03
  7 -0.10681  5.82356e-04 |  8 -0.10907 -2.15038e-03 |  9 -0.13558 -6.47860e-04
 10 -0.05454 -6.28785e-04 | 11  0.05554 -8.91870e-04 | 12  0.08073  3.89210e-04
 13 -0.01233  9.92009e-04 | 14  0.06187  4.48085e-03 | 15  0.07771  5.55067e-03
 16 -0.05286 -4.11733e-03 | 17  0.01036 -3.43045e-03 | 18 -0.03712 -2.15167e-03
 19 -0.01113  4.76365e-04 | 20  0.02504  3.60286e-03 | 21 -0.01834  2.74147e-03
 22 -0.09264  9.18767e-04 | 23 -0.05631 -2.39210e-04 | 24 -0.01350 -1.73255e-03
 25  0.01615  1.10092e-03 | 26 -0.01166  9.00982e-04 | 27  0.08562 -6.90126e-04
 28 -0.01822 -3.25394e-03 | 29  0.05085  2.15510e-03 | 30 -0.02044 -1.07475e-03
 31  0.04113  1.55798e-03 | 32 -0.01147 -6.59089e-04 | 33  0.07280  2.63725e-03
 34  0.04980  4.72015e-04 | 35  0.02209 -1.59924e-03 | 36  0.01114 -1.29950e-03
 37 -0.00425 -2.08682e-03 | 38  0.22143 -7.46846e-04 | 39 -0.01473 -4.31873e-04
 40  0.29729  5.34712e-03 | 41  0.26992  4.76585e-03 | 42  0.26098 -3.28054e-05
 43  0.04048  1.43956e-02 | 44 -0.76993 -1.38405e-02 | 45  0.44424 -1.07171e-03
 46 -0.47348  4.38515e-03 | 47  0.35454  4.04600e-04 | 48 -0.37153 -1.50505e-03
 49  0.28876 -3.65362e-03 | 50 -0.37603  3.59649e-03 | 51 -0.01756 -2.07064e-03
 52 -0.05281  2.23355e-02 | 53 -0.30065 -1.55590e-03 | 54 -0.46635 -1.44950e-02
54 variables; iteration 360; function evaluation 468; phase 4
Function value 8.2949070e+03; maximum gradient component mag 4.7762e-01
Var    Value     Gradient |Var    Value     Gradient |Var    Value     Gradient
  1 -0.02232 -1.09049e-01 |  2 -0.52601 -1.52127e-01 |  3  0.03278 -1.62467e-01
  4 -0.00086 -7.88703e-03 |  5  0.01747 -6.61955e-03 |  6 -0.11553 -1.19326e-02
  7 -0.10681  5.90762e-03 |  8 -0.10907 -1.58875e-02 |  9 -0.13558 -9.37597e-03
 10 -0.05454 -1.89670e-02 | 11  0.05554 -4.98839e-02 | 12  0.08073 -5.39443e-02
 13 -0.01233 -2.85614e-02 | 14  0.06187 -6.32206e-02 | 15  0.07771 -1.27881e-01
 16 -0.05286 -5.04006e-02 | 17  0.01036 -1.10118e-01 | 18 -0.03712 -3.16040e-02
 19 -0.01113  3.19477e-02 | 20  0.02504  8.08581e-02 | 21 -0.01834  5.07682e-02
 22 -0.09264  1.65976e-02 | 23 -0.05631 -2.87284e-03 | 24 -0.01350 -6.10141e-03
 25  0.01615  4.98300e-02 | 26 -0.01166  4.22242e-02 | 27  0.08562  7.20439e-02
 28 -0.01822  9.26126e-03 | 29  0.05085  6.70564e-02 | 30 -0.02045  1.15132e-02
 31  0.04113  4.84570e-02 | 32 -0.01147  1.06323e-02 | 33  0.07280  4.32453e-02
 34  0.04980  2.63369e-02 | 35  0.02209  5.54534e-03 | 36  0.01114 -6.00983e-03
 37 -0.00425 -1.75954e-02 | 38  0.22143  2.44751e-03 | 39 -0.01473  9.14902e-04
 40  0.29729  6.18704e-02 | 41  0.26992  5.82488e-02 | 42  0.26098  1.54431e-02
 43 -0.03745  2.20103e-01 | 44 -0.76112  3.12260e-01 | 45  0.44424  1.11473e-02
 46 -0.47348 -2.71054e-02 | 47  0.35454  4.09611e-03 | 48 -0.37153 -1.28072e-02
 49  0.28876 -2.00205e-02 | 50 -0.37603  2.16916e-02 | 51  0.03600 -1.01475e-01
 52  0.00079  4.22793e-01 | 53 -0.30422  1.96911e-01 | 54 -0.47062  4.77617e-01
54 variables; iteration 380; function evaluation 493; phase 4
Function value 8.2949069e+03; maximum gradient component mag 5.3222e-01
Var    Value     Gradient |Var    Value     Gradient |Var    Value     Gradient
  1 -0.02232 -8.43627e-02 |  2 -0.52601 -2.64348e-01 |  3  0.03278 -4.02012e-01
  4 -0.00086  3.78528e-03 |  5  0.01747  7.49640e-03 |  6 -0.11553 -1.03749e-03
  7 -0.10681  8.65367e-03 |  8 -0.10907 -3.61408e-03 |  9 -0.13558 -1.13773e-03
 10 -0.05454 -3.36506e-03 | 11  0.05554 -1.53229e-02 | 12  0.08073 -1.57097e-02
 13 -0.01233 -8.30349e-03 | 14  0.06187 -2.57404e-02 | 15  0.07771 -4.58907e-02
 16 -0.05286 -1.98260e-02 | 17  0.01036 -4.54812e-02 | 18 -0.03712 -1.45074e-02
 19 -0.01113  8.50213e-03 | 20  0.02504  2.19838e-02 | 21 -0.01834  1.11177e-02
 22 -0.09264  5.39438e-03 | 23 -0.05631  6.36013e-04 | 24 -0.01350  8.03418e-04
 25  0.01615  1.53856e-02 | 26 -0.01166  6.16253e-03 | 27  0.08562  1.02252e-02
 28 -0.01822 -3.06151e-05 | 29  0.05085  2.36640e-02 | 30 -0.02044  4.35727e-03
 31  0.04113  1.31859e-02 | 32 -0.01147  2.28047e-03 | 33  0.07280  1.07349e-02
 34  0.04980  4.37325e-03 | 35  0.02209  1.02982e-03 | 36  0.01114  6.65516e-04
 37 -0.00425  3.01080e-03 | 38  0.22143  9.19912e-03 | 39 -0.01473  5.65896e-03
 40  0.29729  2.90186e-02 | 41  0.26992  2.50142e-02 | 42  0.26098  3.97263e-03
 43 -0.10982 -1.04537e-01 | 44 -0.74624  3.12232e-01 | 45  0.44424  1.60347e-04
 46 -0.47348  4.27078e-03 | 47  0.35453  3.54517e-03 | 48 -0.37153 -7.54411e-03
 49  0.28876 -1.65617e-02 | 50 -0.37603  1.80696e-02 | 51  0.08564 -2.59892e-02
 52  0.05024 -1.26237e-01 | 53 -0.31055  7.90807e-02 | 54 -0.47826  5.32224e-01
54 variables; iteration 400; function evaluation 516; phase 4
Function value 8.2949069e+03; maximum gradient component mag 2.5801e-01
Var    Value     Gradient |Var    Value     Gradient |Var    Value     Gradient
  1 -0.02232 -3.29727e-02 |  2 -0.52601 -1.42403e-01 |  3  0.03278 -2.56839e-01
  4 -0.00086  3.85430e-03 |  5  0.01747  4.06085e-03 |  6 -0.11553  3.04710e-03
  7 -0.10681  3.32392e-03 |  8 -0.10907  2.41620e-03 |  9 -0.13558  2.35692e-03
 10 -0.05454  1.30348e-03 | 11  0.05554 -9.64612e-04 | 12  0.08073 -2.80360e-03
 13 -0.01233 -1.27061e-03 | 14  0.06187 -8.32258e-03 | 15  0.07771 -1.30986e-02
 16 -0.05286 -4.35905e-03 | 17  0.01036 -1.41132e-02 | 18 -0.03712 -2.89933e-03
 19 -0.01113  7.95796e-04 | 20  0.02504 -7.55261e-04 | 21 -0.01834 -7.84957e-04
 22 -0.09264  1.06246e-03 | 23 -0.05631  1.72428e-03 | 24 -0.01350  2.14406e-03
 25  0.01615  5.64228e-04 | 26 -0.01166  1.37487e-04 | 27  0.08562  1.16198e-03
 28 -0.01822 -1.60023e-03 | 29  0.05085 -4.08818e-03 | 30 -0.02044 -3.03117e-04
 31  0.04113  3.11150e-04 | 32 -0.01147  7.50730e-04 | 33  0.07280  1.83195e-03
 34  0.04980  1.58669e-03 | 35  0.02209  2.62685e-03 | 36  0.01114  3.05792e-03
 37 -0.00425  6.07939e-03 | 38  0.22143  5.91422e-03 | 39 -0.01473  3.66650e-03
 40  0.29729  7.01185e-04 | 41  0.26992 -7.31790e-04 | 42  0.26098 -1.08351e-03
 43 -0.14639 -1.08853e-01 | 44 -0.73591  1.51807e-01 | 45  0.44424  3.79454e-04
 46 -0.47348 -1.79819e-03 | 47  0.35454  5.92888e-04 | 48 -0.37153  8.33873e-04
 49  0.28876  6.41180e-03 | 50 -0.37603 -4.62560e-03 | 51  0.11057 -9.45121e-03
 52  0.07499 -1.49937e-01 | 53 -0.31519  2.84479e-02 | 54 -0.48388  2.58011e-01
54 variables; iteration 420; function evaluation 541; phase 4
Function value 8.2949069e+03; maximum gradient component mag -1.6216e-01
Var    Value     Gradient |Var    Value     Gradient |Var    Value     Gradient
  1 -0.02232 -8.31082e-03 |  2 -0.52601 -7.44282e-02 |  3  0.03278 -1.62162e-01
  4 -0.00086  2.58838e-03 |  5  0.01747  2.91280e-03 |  6 -0.11553  2.25026e-03
  7 -0.10681  2.23895e-03 |  8 -0.10907  2.82245e-03 |  9 -0.13558  2.01826e-03
 10 -0.05454  2.12833e-03 | 11  0.05554  2.55433e-03 | 12  0.08073  3.18106e-03
 13 -0.01233  3.47745e-03 | 14  0.06187  5.68874e-03 | 15  0.07771  1.24843e-02
 16 -0.05286  3.90467e-03 | 17  0.01036  5.03908e-03 | 18 -0.03712  1.33215e-03
 19 -0.01113 -3.62003e-03 | 20  0.02504 -8.93688e-03 | 21 -0.01834 -6.22841e-03
 22 -0.09264 -9.81325e-04 | 23 -0.05631  1.27120e-03 | 24 -0.01350  1.08011e-03
 25  0.01615 -5.09470e-03 | 26 -0.01166 -4.64709e-03 | 27  0.08562 -1.05111e-02
 28 -0.01822 -4.22494e-03 | 29  0.05085 -9.90692e-03 | 30 -0.02044 -2.16351e-03
 31  0.04113 -5.82622e-03 | 32 -0.01147 -1.42548e-03 | 33  0.07280 -5.40290e-03
 34  0.04980 -4.18838e-03 | 35  0.02209 -1.02993e-04 | 36  0.01114  2.26723e-03
 37 -0.00425  6.44494e-03 | 38  0.22143  2.93184e-03 | 39 -0.01473  2.53153e-03
 40  0.29729 -2.72434e-03 | 41  0.26992 -4.02748e-03 | 42  0.26098 -4.10626e-03
 43 -0.16933 -9.68532e-02 | 44 -0.72730  3.99242e-02 | 45  0.44424 -2.52019e-03
 46 -0.47348  6.20623e-03 | 47  0.35454 -1.01319e-03 | 48 -0.37153  1.98210e-03
 49  0.28876  3.12899e-03 | 50 -0.37603 -2.30868e-03 | 51  0.12612 -4.29377e-03
 52  0.09041 -1.37843e-01 | 53 -0.31920 -4.04689e-04 | 54 -0.48876  7.69541e-02
54 variables; iteration 440; function evaluation 567; phase 4
Function value 8.2949069e+03; maximum gradient component mag -1.2452e+00
Var    Value     Gradient |Var    Value     Gradient |Var    Value     Gradient
  1 -0.02232 -1.57735e-01 |  2 -0.52601 -6.74210e-01 |  3  0.03278 -1.24516e+00
  4 -0.00086  1.05062e-02 |  5  0.01747  4.07906e-03 |  6 -0.11553  1.45889e-02
  7 -0.10681  1.43117e-02 |  8 -0.10907  1.08738e-02 |  9 -0.13558  1.52397e-02
 10 -0.05454  7.86591e-03 | 11  0.05554 -8.90486e-03 | 12  0.08073 -2.06678e-02
 13 -0.01233 -6.90322e-03 | 14  0.06187 -3.06186e-02 | 15  0.07771 -4.75663e-02
 16 -0.05286 -4.23930e-03 | 17  0.01036 -1.37592e-02 | 18 -0.03712  1.43498e-04
 19 -0.01113  2.08329e-03 | 20  0.02504 -1.33217e-02 | 21 -0.01834 -9.29611e-03
 22 -0.09264  2.93767e-04 | 23 -0.05631  3.76196e-03 | 24 -0.01350  1.51656e-02
 25  0.01615 -3.29466e-03 | 26 -0.01166 -1.50944e-02 | 27  0.08562 -7.56186e-03
 28 -0.01822  6.01218e-03 | 29  0.05085 -5.57786e-03 | 30 -0.02044  3.40762e-03
 31  0.04113 -4.09736e-03 | 32 -0.01147  2.75295e-03 | 33  0.07280 -5.31971e-03
 34  0.04980  1.11208e-03 | 35  0.02209  7.34454e-03 | 36  0.01114  1.51230e-02
 37 -0.00425  2.39145e-02 | 38  0.22143  2.63988e-02 | 39 -0.01474  1.59194e-02
 40  0.29729 -1.91506e-02 | 41  0.26992 -2.26173e-02 | 42  0.26098 -7.79199e-03
 43 -0.18740 -4.26770e-01 | 44 -0.71595  5.20002e-01 | 45  0.44424  2.08259e-03
 46 -0.47348  7.71708e-04 | 47  0.35454 -8.12819e-03 | 48 -0.37153  1.96401e-02
 49  0.28876 -1.19103e-02 | 50 -0.37603  1.26880e-02 | 51  0.13832 -5.63654e-02
 52  0.10248 -5.80653e-01 | 53 -0.32470  1.03861e-01 | 54 -0.49548  7.79665e-01
54 variables; iteration 460; function evaluation 592; phase 4
Function value 8.2949068e+03; maximum gradient component mag -5.7516e-01
Var    Value     Gradient |Var    Value     Gradient |Var    Value     Gradient
  1 -0.02232 -1.10431e-01 |  2 -0.52601 -3.73756e-01 |  3  0.03278 -5.75163e-01
  4 -0.00086  2.86619e-03 |  5  0.01747 -3.66138e-03 |  6 -0.11553  1.03462e-02
  7 -0.10681  5.44227e-03 |  8 -0.10907  5.73718e-03 |  9 -0.13558  1.21244e-02
 10 -0.05454  7.69332e-03 | 11  0.05554 -3.11659e-03 | 12  0.08073 -1.34120e-02
 13 -0.01233 -1.23031e-02 | 14  0.06187 -3.21483e-02 | 15  0.07771 -4.67247e-02
 16 -0.05286  5.06977e-03 | 17  0.01036  2.53596e-02 | 18 -0.03712  9.40120e-03
 19 -0.01113  5.51411e-03 | 20  0.02504 -8.75257e-03 | 21 -0.01833 -4.27248e-03
 22 -0.09264 -6.30043e-03 | 23 -0.05631 -8.02971e-03 | 24 -0.01349  1.45442e-02
 25  0.01615 -1.97656e-03 | 26 -0.01166 -2.12518e-02 | 27  0.08562  2.95366e-03
 28 -0.01822  2.53511e-02 | 29  0.05085  1.79969e-02 | 30 -0.02044  7.08609e-03
 31  0.04113  8.07655e-04 | 32 -0.01147  2.15961e-03 | 33  0.07281 -8.64301e-03
 34  0.04980  4.54167e-03 | 35  0.02209  1.78555e-03 | 36  0.01114  8.01732e-03
 37 -0.00425  2.24973e-03 | 38  0.22143  1.52721e-02 | 39 -0.01476  4.85730e-03
 40  0.29729 -4.09993e-02 | 41  0.26992 -3.46431e-02 | 42  0.26098 -4.30612e-03
 43 -0.18848 -1.00567e-01 | 44 -0.70296  1.42801e-01 | 45  0.44424  1.10411e-02
 46 -0.47348 -1.56892e-02 | 47  0.35454 -1.81788e-02 | 48 -0.37153  3.49611e-02
 49  0.28875 -4.73855e-02 | 50 -0.37603  3.98437e-02 | 51  0.13905  9.87454e-03
 52  0.10321 -1.58253e-01 | 53 -0.33127  4.43417e-03 | 54 -0.50356  2.24729e-01
54 variables; iteration 480; function evaluation 617; phase 4
Function value 8.2949067e+03; maximum gradient component mag 1.7934e+00
Var    Value     Gradient |Var    Value     Gradient |Var    Value     Gradient
  1 -0.02232  1.44795e-01 |  2 -0.52601  8.73245e-01 |  3  0.03278  1.79339e+00
  4 -0.00086 -1.57030e-02 |  5  0.01747 -7.04055e-03 |  6 -0.11553 -2.46597e-02
  7 -0.10681 -2.12470e-02 |  8 -0.10907 -2.60798e-02 |  9 -0.13558 -2.90838e-02
 10 -0.05454 -2.53024e-02 | 11  0.05554 -1.76870e-02 | 12  0.08073 -1.16636e-02
 13 -0.01233 -2.15000e-02 | 14  0.06187 -3.88109e-02 | 15  0.07771 -9.48007e-02
 16 -0.05286 -4.81003e-02 | 17  0.01036 -1.06709e-01 | 18 -0.03712 -2.92844e-02
 19 -0.01113  2.94691e-02 | 20  0.02504  9.25674e-02 | 21 -0.01834  6.22787e-02
 22 -0.09264  1.71772e-02 | 23 -0.05631 -1.14791e-03 | 24 -0.01350 -2.27268e-02
 25  0.01615  5.28860e-02 | 26 -0.01165  6.94358e-02 | 27  0.08562  8.87859e-02
 28 -0.01822  8.95891e-03 | 29  0.05085  6.54304e-02 | 30 -0.02044  1.23378e-02
 31  0.04113  5.67052e-02 | 32 -0.01147  1.13683e-02 | 33  0.07280  6.25388e-02
 34  0.04980  3.61670e-02 | 35  0.02209  3.99406e-03 | 36  0.01114 -2.52220e-02
 37 -0.00425 -5.20483e-02 | 38  0.22143 -3.34077e-02 | 39 -0.01473 -2.32617e-02
 40  0.29729  7.80007e-02 | 41  0.26992  7.87821e-02 | 42  0.26098  4.05328e-02
 43 -0.13970  8.17040e-01 | 44 -0.68424 -2.61714e-01 | 45  0.44424  1.21940e-02
 46 -0.47348 -4.65161e-02 | 47  0.35453  3.41583e-02 | 48 -0.37153 -6.13108e-02
 49  0.28876  3.66130e-02 | 50 -0.37603 -3.35137e-02 | 51  0.10602  3.67851e-02
 52  0.07048  1.17501e+00 | 53 -0.34130  3.11083e-02 | 54 -0.51601 -4.00292e-01
54 variables; iteration 500; function evaluation 639; phase 4
Function value 8.2949066e+03; maximum gradient component mag 1.4631e+00
Var    Value     Gradient |Var    Value     Gradient |Var    Value     Gradient
  1 -0.02232  9.11577e-02 |  2 -0.52601  5.99712e-01 |  3  0.03278  1.46306e+00
  4 -0.00086 -7.84639e-03 |  5  0.01747  8.45390e-03 |  6 -0.11553 -1.31694e-02
  7 -0.10681 -1.76240e-02 |  8 -0.10907 -1.45798e-02 |  9 -0.13558 -1.58476e-02
 10 -0.05454 -1.19014e-02 | 11  0.05554  9.82955e-03 | 12  0.08073  8.58226e-03
 13 -0.01233 -1.90040e-02 | 14  0.06187 -4.24237e-02 | 15  0.07771 -7.81884e-02
 16 -0.05286 -1.79752e-02 | 17  0.01036 -3.56499e-02 | 18 -0.03712 -8.56751e-03
 19 -0.01113  1.91224e-02 | 20  0.02504  5.21996e-02 | 21 -0.01834  3.68825e-02
 22 -0.09264  5.49618e-03 | 23 -0.05631 -7.89136e-03 | 24 -0.01350 -1.06553e-02
 25  0.01615  3.00623e-02 | 26 -0.01166  2.10895e-02 | 27  0.08562  6.75567e-02
 28 -0.01822  2.79066e-02 | 29  0.05085  7.59627e-02 | 30 -0.02044  1.63677e-02
 31  0.04113  3.53691e-02 | 32 -0.01147  2.13292e-04 | 33  0.07280  1.18410e-02
 34  0.04980  4.62029e-04 | 35  0.02209 -1.70312e-02 | 36  0.01114 -1.82638e-02
 37 -0.00425 -4.10294e-02 | 38  0.22143 -2.06559e-02 | 39 -0.01474 -2.04221e-02
 40  0.29729  5.29392e-02 | 41  0.26992  2.27429e-02 | 42  0.26098  1.76620e-02
 43 -0.03275  6.48532e-01 | 44 -0.66901 -2.10453e-01 | 45  0.44424  1.73042e-02
 46 -0.47348 -4.28237e-02 | 47  0.35454  1.28377e-02 | 48 -0.37153 -2.33420e-02
 49  0.28876 -1.35239e-02 | 50 -0.37603  4.63313e-03 | 51  0.03278  1.32675e-01
 52 -0.00243  8.12098e-01 | 53 -0.34996 -9.17073e-02 | 54 -0.52686 -2.11328e-01
54 variables; iteration 520; function evaluation 659; phase 4
Function value 8.2949066e+03; maximum gradient component mag 1.0086e-01
Var    Value     Gradient |Var    Value     Gradient |Var    Value     Gradient
  1 -0.02232  4.21491e-03 |  2 -0.52601  3.56567e-02 |  3  0.03278  1.00861e-01
  4 -0.00086  2.33367e-03 |  5  0.01747  5.01614e-03 |  6 -0.11553 -2.67182e-04
  7 -0.10681 -2.65748e-04 |  8 -0.10907  1.46235e-04 |  9 -0.13558 -1.28270e-03
 10 -0.05454  5.21219e-04 | 11  0.05554  3.03674e-03 | 12  0.08073  6.02038e-03
 13 -0.01233  4.38747e-04 | 14  0.06187 -8.47599e-04 | 15  0.07771  1.88482e-03
 16 -0.05286 -1.72178e-03 | 17  0.01036 -4.88944e-03 | 18 -0.03712 -2.28758e-03
 19 -0.01113  1.98309e-04 | 20  0.02504  9.92413e-04 | 21 -0.01834  4.47710e-04
 22 -0.09264 -1.40247e-03 | 23 -0.05631 -1.86919e-03 | 24 -0.01350 -1.22631e-03
 25  0.01615  3.22196e-04 | 26 -0.01166  1.80031e-03 | 27  0.08562  7.15446e-04
 28 -0.01822 -2.10950e-03 | 29  0.05085 -3.07049e-03 | 30 -0.02044 -2.03127e-03
 31  0.04113  9.16170e-04 | 32 -0.01147 -3.97308e-04 | 33  0.07280  2.30956e-03
 34  0.04980  2.37145e-03 | 35  0.02209  1.06654e-03 | 36  0.01114 -1.16766e-03
 37 -0.00425 -1.55156e-03 | 38  0.22143 -7.65452e-04 | 39 -0.01473 -1.14124e-03
 40  0.29729 -1.48407e-03 | 41  0.26992  2.17492e-03 | 42  0.26098  2.30547e-04
 43  0.01115  2.03134e-02 | 44 -0.66469  7.95245e-03 | 45  0.44424  9.30492e-04
 46 -0.47348 -3.73686e-03 | 47  0.35454  1.80548e-04 | 48 -0.37153  5.74411e-04
 49  0.28876  1.81035e-03 | 50 -0.37603 -1.08044e-03 | 51  0.00259  2.13135e-02
 52 -0.03262  7.99845e-03 | 53 -0.35249 -2.27119e-02 | 54 -0.53006  3.08572e-02
54 variables; iteration 540; function evaluation 681; phase 4
Function value 8.2949066e+03; maximum gradient component mag -3.3074e-01
Var    Value     Gradient |Var    Value     Gradient |Var    Value     Gradient
  1 -0.02232 -4.96594e-02 |  2 -0.52601 -1.99583e-01 |  3  0.03278 -3.30738e-01
  4 -0.00086  7.14099e-03 |  5  0.01747  8.83133e-03 |  6 -0.11553  5.07236e-03
  7 -0.10681  5.23056e-03 |  8 -0.10907  4.75815e-03 |  9 -0.13558  3.77876e-03
 10 -0.05454  3.65618e-03 | 11  0.05554  1.75615e-03 | 12  0.08073  2.11827e-03
 13 -0.01233 -6.91017e-04 | 14  0.06187 -9.58992e-03 | 15  0.07771 -9.56115e-03
 16 -0.05286 -3.23754e-03 | 17  0.01036 -1.17847e-02 | 18 -0.03712 -3.32279e-03
 19 -0.01113  3.25399e-05 | 20  0.02504 -4.41068e-03 | 21 -0.01834 -3.48031e-03
 22 -0.09264 -1.68933e-03 | 23 -0.05631 -1.07294e-03 | 24 -0.01350  2.91286e-03
 25  0.01615 -1.60822e-03 | 26 -0.01166 -2.83520e-03 | 27  0.08562 -3.20717e-03
 28 -0.01822 -3.37955e-03 | 29  0.05085 -9.52268e-03 | 30 -0.02044 -2.68639e-03
 31  0.04113 -2.63203e-03 | 32 -0.01147 -1.78435e-04 | 33  0.07280 -3.09663e-04
 34  0.04980  2.06898e-03 | 35  0.02209  3.79344e-03 | 36  0.01114  3.92257e-03
 37 -0.00425  7.84778e-03 | 38  0.22143  8.54741e-03 | 39 -0.01474  4.57429e-03
 40  0.29729 -8.67535e-03 | 41  0.26992 -4.97339e-03 | 42  0.26098 -4.28984e-03
 43 -0.02347 -1.50904e-01 | 44 -0.65949  2.37449e-01 | 45  0.44424  9.99889e-04
 46 -0.47348 -3.01366e-03 | 47  0.35454 -3.04549e-03 | 48 -0.37153  7.96546e-03
 49  0.28876  7.35926e-04 | 50 -0.37603  1.15298e-03 | 51  0.02639  4.30077e-03
 52 -0.00881 -2.23673e-01 | 53 -0.35560  6.35890e-03 | 54 -0.53399  3.08242e-01
54 variables; iteration 560; function evaluation 702; phase 4
Function value 8.2949066e+03; maximum gradient component mag -2.0734e-01
Var    Value     Gradient |Var    Value     Gradient |Var    Value     Gradient
  1 -0.02232 -2.30703e-02 |  2 -0.52601 -1.05158e-01 |  3  0.03278 -2.07344e-01
  4 -0.00086  8.51097e-04 |  5  0.01747 -7.93190e-04 |  6 -0.11553  1.85806e-03
  7 -0.10681  2.08141e-03 |  8 -0.10907  1.03994e-03 |  9 -0.13558  2.15632e-03
 10 -0.05454  4.77643e-04 | 11  0.05554 -2.84911e-03 | 12  0.08073 -5.74712e-03
 13 -0.01233 -1.37829e-03 | 14  0.06187 -5.51551e-03 | 15  0.07771 -1.08816e-02
 16 -0.05286 -1.74574e-03 | 17  0.01036 -4.91303e-03 | 18 -0.03712 -3.07343e-04
 19 -0.01113  7.43547e-04 | 20  0.02504 -5.51812e-04 | 21 -0.01834 -5.10544e-04
 22 -0.09264  1.26472e-03 | 23 -0.05631  2.12311e-03 | 24 -0.01350  2.52132e-03
 25  0.01615  5.35338e-04 | 26 -0.01166 -1.39940e-03 | 27  0.08562 -1.22893e-04
 28 -0.01822  1.56163e-03 | 29  0.05085  1.48855e-03 | 30 -0.02044  1.70972e-03
 31  0.04113  5.47794e-04 | 32 -0.01147  9.47974e-04 | 33  0.07280  3.44675e-04
 34  0.04980  2.72564e-05 | 35  0.02209  9.97743e-04 | 36  0.01114  2.44126e-03
 37 -0.00425  3.91700e-03 | 38  0.22143  3.97852e-03 | 39 -0.01473  2.73471e-03
 40  0.29729  1.58099e-03 | 41  0.26992 -1.31413e-03 | 42  0.26098  4.15649e-04
 43  0.00609 -6.99073e-02 | 44 -0.65240  1.10341e-01 | 45  0.44424 -2.74575e-04
 46 -0.47348  1.54275e-03 | 47  0.35453  7.66575e-04 | 48 -0.37153 -5.40653e-04
 49  0.28876 -1.10565e-04 | 50 -0.37603  4.40780e-04 | 51  0.00606 -1.62079e-02
 52 -0.02914 -8.55475e-02 | 53 -0.35990  2.59578e-02 | 54 -0.53947  1.21778e-01
54 variables; iteration 580; function evaluation 723; phase 4
Function value 8.2949066e+03; maximum gradient component mag -1.0773e+00
Var    Value     Gradient |Var    Value     Gradient |Var    Value     Gradient
  1 -0.02232 -1.00016e-01 |  2 -0.52601 -5.45003e-01 |  3  0.03278 -1.07733e+00
  4 -0.00086  8.57812e-03 |  5  0.01747  7.61256e-03 |  6 -0.11553  1.22114e-02
  7 -0.10681  1.08077e-02 |  8 -0.10907  1.19963e-02 |  9 -0.13558  1.49113e-02
 10 -0.05454  7.48464e-03 | 11  0.05554 -2.59080e-06 | 12  0.08073 -1.31326e-02
 13 -0.01233  1.73915e-03 | 14  0.06187 -1.17970e-02 | 15  0.07771 -1.73004e-02
 16 -0.05286  1.08441e-02 | 17  0.01036  9.67502e-03 | 18 -0.03712  7.68562e-03
 19 -0.01113 -6.42533e-03 | 20  0.02504 -3.22407e-02 | 21 -0.01834 -1.98662e-02
 22 -0.09264  2.28987e-03 | 23 -0.05631  1.03517e-02 | 24 -0.01350  1.51532e-02
 25  0.01615 -1.10277e-02 | 26 -0.01166 -2.39710e-02 | 27  0.08562 -3.11612e-02
 28 -0.01822  5.35695e-03 | 29  0.05085  1.13059e-03 | 30 -0.02044  6.48828e-03
 31  0.04113 -9.68090e-03 | 32 -0.01147 -1.13257e-03 | 33  0.07280 -1.81542e-02
 34  0.04980 -1.48497e-02 | 35  0.02209 -1.22124e-04 | 36  0.01114  1.34097e-02
 37 -0.00425  2.44760e-02 | 38  0.22143  2.29686e-02 | 39 -0.01474  1.46466e-02
 40  0.29729 -9.94902e-04 | 41  0.26992 -1.99701e-02 | 42  0.26098 -4.71221e-03
 43 -0.01830 -4.42606e-01 | 44 -0.64575  5.00099e-01 | 45  0.44424 -6.93093e-03
 46 -0.47348  2.58662e-02 | 47  0.35453  7.08075e-04 | 48 -0.37153  2.05429e-03
 49  0.28876 -1.09062e-02 | 50 -0.37603  1.05071e-02 | 51  0.02283 -3.74083e-02
 52 -0.01236 -6.06327e-01 | 53 -0.36404  5.96548e-02 | 54 -0.54475  5.75399e-01
54 variables; iteration 600; function evaluation 745; phase 4
Function value 8.2949066e+03; maximum gradient component mag -2.1133e-01
Var    Value     Gradient |Var    Value     Gradient |Var    Value     Gradient
  1 -0.02232 -2.94847e-02 |  2 -0.52601 -1.16192e-01 |  3  0.03278 -2.11331e-01
  4 -0.00086  2.85170e-03 |  5  0.01747  1.83554e-03 |  6 -0.11553  2.19468e-03
  7 -0.10681  3.73138e-03 |  8 -0.10907  1.73905e-03 |  9 -0.13558  1.87750e-03
 10 -0.05454  2.62053e-03 | 11  0.05554  8.38893e-04 | 12  0.08073  1.93574e-03
 13 -0.01233  9.61424e-04 | 14  0.06187  3.87379e-04 | 15  0.07771  4.98296e-03
 16 -0.05286 -4.04725e-03 | 17  0.01036 -5.26167e-03 | 18 -0.03712 -2.64500e-03
 19 -0.01113 -1.02369e-03 | 20  0.02504 -2.22941e-03 | 21 -0.01834 -3.21217e-03
 22 -0.09264 -2.25681e-03 | 23 -0.05631 -2.04751e-03 | 24 -0.01350  1.40547e-04
 25  0.01615 -3.36317e-03 | 26 -0.01166 -2.58282e-03 | 27  0.08562  2.73665e-03
 28 -0.01822 -5.06353e-03 | 29  0.05085 -1.29967e-02 | 30 -0.02044 -4.95201e-03
 31  0.04113 -4.74378e-03 | 32 -0.01147 -3.82463e-04 | 33  0.07280  3.29912e-04
 34  0.04980  2.65648e-03 | 35  0.02209  2.65541e-03 | 36  0.01114  2.48124e-03
 37 -0.00425  5.69546e-03 | 38  0.22143  4.13721e-03 | 39 -0.01473  2.77848e-03
 40  0.29729 -1.13885e-02 | 41  0.26992 -5.11610e-03 | 42  0.26098 -4.35375e-03
 43 -0.01058 -1.01457e-01 | 44 -0.63986  1.19237e-01 | 45  0.44424  1.17619e-03
 46 -0.47348 -3.42084e-03 | 47  0.35454 -5.51599e-03 | 48 -0.37153  1.07902e-02
 49  0.28876  3.66605e-03 | 50 -0.37603 -1.80678e-03 | 51  0.01753 -3.89732e-03
 52 -0.01767 -1.43565e-01 | 53 -0.36777  7.59827e-03 | 54 -0.54955  1.39432e-01
54 variables; iteration 620; function evaluation 768; phase 4
Function value 8.2949066e+03; maximum gradient component mag -3.7259e-01
Var    Value     Gradient |Var    Value     Gradient |Var    Value     Gradient
  1 -0.02232 -4.67719e-02 |  2 -0.52601 -2.00789e-01 |  3  0.03278 -3.72591e-01
  4 -0.00086  3.55034e-03 |  5  0.01747  1.50833e-03 |  6 -0.11553  4.47655e-03
  7 -0.10681  4.24350e-03 |  8 -0.10907  3.22034e-03 |  9 -0.13558  4.00721e-03
 10 -0.05454  1.48713e-03 | 11  0.05554 -4.48825e-03 | 12  0.08073 -7.82834e-03
 13 -0.01233 -2.77635e-03 | 14  0.06187 -1.19987e-02 | 15  0.07771 -2.06299e-02
 16 -0.05286 -2.97733e-03 | 17  0.01036 -1.09422e-02 | 18 -0.03712 -1.36798e-03
 19 -0.01113  1.79440e-03 | 20  0.02504 -6.52561e-04 | 21 -0.01834 -5.24055e-04
 22 -0.09264  1.34275e-03 | 23 -0.05631  2.32268e-03 | 24 -0.01350  4.32421e-03
 25  0.01615  1.53439e-03 | 26 -0.01166 -9.28870e-04 | 27  0.08562 -2.26729e-03
 28 -0.01822  1.35335e-03 | 29  0.05085 -5.63457e-04 | 30 -0.02044  2.07586e-03
 31  0.04113  1.23859e-03 | 32 -0.01147  1.51285e-03 | 33  0.07280  7.88034e-04
 34  0.04980  1.25671e-03 | 35  0.02209  3.02577e-03 | 36  0.01114  4.49128e-03
 37 -0.00425  7.25622e-03 | 38  0.22143  7.85659e-03 | 39 -0.01473  4.99019e-03
 40  0.29729 -3.01831e-04 | 41  0.26992 -2.76236e-03 | 42  0.26098 -1.10039e-03
 43 -0.00899 -1.30537e-01 | 44 -0.63426  2.27589e-01 | 45  0.44424  2.41804e-04
 46 -0.47348 -3.51506e-05 | 47  0.35454  4.72918e-04 | 48 -0.37153  1.04643e-03
 49  0.28876 -2.95286e-04 | 50 -0.37603  8.87723e-04 | 51  0.01643 -2.40185e-02
 52 -0.01876 -1.65739e-01 | 53 -0.37138  3.95777e-02 | 54 -0.55422  2.39748e-01
54 variables; iteration 640; function evaluation 789; phase 4
Function value 8.2949066e+03; maximum gradient component mag -1.6020e-01
Var    Value     Gradient |Var    Value     Gradient |Var    Value     Gradient
  1 -0.02232 -2.10235e-02 |  2 -0.52601 -9.90052e-02 |  3  0.03278 -1.60205e-01
  4 -0.00086  4.47170e-03 |  5  0.01747  4.02131e-03 |  6 -0.11553  4.26575e-03
  7 -0.10681  2.49988e-03 |  8 -0.10907  3.46864e-03 |  9 -0.13558  2.08799e-03
 10 -0.05454  2.34170e-03 | 11  0.05554  7.54787e-04 | 12  0.08073  2.59958e-03
 13 -0.01233  1.46178e-04 | 14  0.06187 -3.50629e-03 | 15  0.07771 -2.23252e-03
 16 -0.05286  3.16376e-03 | 17  0.01036  1.45618e-03 | 18 -0.03712  8.18664e-04
 19 -0.01113 -7.96391e-04 | 20  0.02504 -3.91699e-03 | 21 -0.01834 -2.77264e-03
 22 -0.09264 -1.62441e-03 | 23 -0.05631 -4.62466e-04 | 24 -0.01350  2.24030e-03
 25  0.01615 -1.31603e-03 | 26 -0.01166 -2.03133e-03 | 27  0.08562 -1.19359e-02
 28 -0.01822 -5.46999e-04 | 29  0.05085 -6.47894e-03 | 30 -0.02044 -1.16260e-04
 31  0.04113 -1.81438e-03 | 32 -0.01147 -4.50769e-04 | 33  0.07280 -3.51030e-03
 34  0.04980 -1.26082e-03 | 35  0.02209  1.52983e-03 | 36  0.01114  2.55707e-03
 37 -0.00425  5.21400e-03 | 38  0.22143  3.87023e-03 | 39 -0.01473  2.37682e-03
 40  0.29729 -3.63066e-03 | 41  0.26992 -3.55503e-03 | 42  0.26098 -3.77378e-03
 43 -0.00556 -7.91036e-02 | 44 -0.63025  8.73640e-02 | 45  0.44424 -4.91065e-04
 46 -0.47348  7.16646e-04 | 47  0.35454 -3.20124e-04 | 48 -0.37153  1.56955e-03
 49  0.28876 -2.20342e-03 | 50 -0.37603  1.53342e-03 | 51  0.01408 -1.74857e-03
 52 -0.02112 -1.13248e-01 | 53 -0.37401  4.60266e-03 | 54 -0.55763  9.86137e-02
54 variables; iteration 660; function evaluation 812; phase 4
Function value 8.2949066e+03; maximum gradient component mag -1.9596e-02
Var    Value     Gradient |Var    Value     Gradient |Var    Value     Gradient
  1 -0.02232 -2.63714e-03 |  2 -0.52601 -1.23427e-02 |  3  0.03278 -1.95956e-02
  4 -0.00086  5.27808e-04 |  5  0.01747  4.44286e-04 |  6 -0.11553  5.80907e-04
  7 -0.10681  2.33881e-04 |  8 -0.10907  4.59464e-04 |  9 -0.13558  2.72156e-04
 10 -0.05454  1.65014e-04 | 11  0.05554 -1.97589e-04 | 12  0.08073 -9.48836e-05
 13 -0.01233 -1.96503e-04 | 14  0.06187 -1.01190e-03 | 15  0.07771 -1.51514e-03
 16 -0.05286  4.98911e-04 | 17  0.01036 -2.26272e-05 | 18 -0.03712  1.82585e-04
 19 -0.01113  9.31709e-05 | 20  0.02504 -2.12908e-04 | 21 -0.01834 -6.40257e-05
 22 -0.09264 -2.85119e-05 | 23 -0.05631  8.79430e-05 | 24 -0.01350  3.93033e-04
 25  0.01615  1.91720e-04 | 26 -0.01166  3.03994e-05 | 27  0.08562 -1.70436e-03
 28 -0.01822  2.68876e-04 | 29  0.05085 -6.88961e-05 | 30 -0.02044  3.53247e-04
 31  0.04113  1.95316e-04 | 32 -0.01147  3.81623e-05 | 33  0.07280 -3.56886e-04
 34  0.04980 -1.77281e-04 | 35  0.02209  1.96510e-04 | 36  0.01114  3.23960e-04
 37 -0.00425  5.17532e-04 | 38  0.22143  5.00009e-04 | 39 -0.01473  2.93887e-04
 40  0.29729  1.67140e-04 | 41  0.26992 -1.86066e-04 | 42  0.26098 -2.82466e-04
 43 -0.00523 -7.56432e-03 | 44 -0.62703  1.15680e-02 | 45  0.44424 -7.80868e-05
 46 -0.47348  1.34439e-04 | 47  0.35454  2.93787e-04 | 48 -0.37153 -3.94139e-04
 49  0.28876 -5.07888e-04 | 50 -0.37603  3.11703e-04 | 51  0.01385 -1.02275e-03
 52 -0.02135 -9.97395e-03 | 53 -0.37615  1.76188e-03 | 54 -0.56041  1.20091e-02
  ic > imax  in fminim is answer attained ?
Var    Value     Gradient |Var    Value     Gradient |Var    Value     Gradient
  1 -0.02232 -6.56141e-05 |  2 -0.52601 -2.55890e-04 |  3  0.03278 -3.80261e-04
  4 -0.00086  9.46957e-06 |  5  0.01747  5.67270e-06 |  6 -0.11553  1.21963e-05
  7 -0.10681  3.34719e-06 |  8 -0.10907  8.06084e-06 |  9 -0.13558  4.45650e-06
 10 -0.05454 -1.17764e-06 | 11  0.05554 -1.51520e-05 | 12  0.08073 -1.56582e-05
 13 -0.01233 -1.30037e-05 | 14  0.06187 -4.35905e-05 | 15  0.07771 -7.69320e-05
 16 -0.05286  2.65386e-06 | 17  0.01036 -2.49954e-05 | 18 -0.03712  1.48684e-08
 19 -0.01113  1.08503e-05 | 20  0.02504  1.40475e-05 | 21 -0.01834  1.19791e-05
 22 -0.09264  3.98361e-06 | 23 -0.05631  3.26024e-06 | 24 -0.01350  9.03051e-06
 25  0.01615  1.73717e-05 | 26 -0.01166  1.41106e-05 | 27  0.08562 -2.31502e-05
 28 -0.01822  1.37775e-05 | 29  0.05085  1.66058e-05 | 30 -0.02044  1.42007e-05
 31  0.04113  1.92880e-05 | 32 -0.01147  5.32152e-06 | 33  0.07280  4.83278e-06
 34  0.04980  5.09641e-06 | 35  0.02209  8.48707e-06 | 36  0.01114  6.22577e-06
 37 -0.00425  5.67459e-06 | 38  0.22143  1.01891e-05 | 39 -0.01473  5.62110e-06
 40  0.29729  1.98607e-05 | 41  0.26992  8.40689e-06 | 42  0.26098  1.11275e-06
 43 -0.00520 -7.36361e-05 | 44 -0.62638  3.21902e-04 | 45  0.44424  1.23464e-06
 46 -0.47348 -7.28904e-06 | 47  0.35454  1.34730e-05 | 48 -0.37153 -2.05924e-05
 49  0.28876 -9.04004e-06 | 50 -0.37603  4.37667e-06 | 51  0.01383 -4.94409e-05
 52 -0.02137 -5.76097e-05 | 53 -0.37658  8.34488e-05 | 54 -0.56098  3.06218e-04
Function minimizer not making progress ... is minimum attained?
Minimprove criterion = 0.0000e+00

 - final statistics:
54 variables; iteration 670; function evaluation 852
Function value 8.2949e+03; maximum gradient component mag -3.8026e-04
Exit code = 1;  converg criter 1.0000e-04
Var    Value     Gradient |Var    Value     Gradient |Var    Value     Gradient
  1 -0.02232 -6.56141e-05 |  2 -0.52601 -2.55890e-04 |  3  0.03278 -3.80261e-04
  4 -0.00086  9.46957e-06 |  5  0.01747  5.67270e-06 |  6 -0.11553  1.21963e-05
  7 -0.10681  3.34719e-06 |  8 -0.10907  8.06084e-06 |  9 -0.13558  4.45650e-06
 10 -0.05454 -1.17764e-06 | 11  0.05554 -1.51520e-05 | 12  0.08073 -1.56582e-05
 13 -0.01233 -1.30037e-05 | 14  0.06187 -4.35905e-05 | 15  0.07771 -7.69320e-05
 16 -0.05286  2.65386e-06 | 17  0.01036 -2.49954e-05 | 18 -0.03712  1.48684e-08
 19 -0.01113  1.08503e-05 | 20  0.02504  1.40475e-05 | 21 -0.01834  1.19791e-05
 22 -0.09264  3.98361e-06 | 23 -0.05631  3.26024e-06 | 24 -0.01350  9.03051e-06
 25  0.01615  1.73717e-05 | 26 -0.01166  1.41106e-05 | 27  0.08562 -2.31502e-05
 28 -0.01822  1.37775e-05 | 29  0.05085  1.66058e-05 | 30 -0.02044  1.42007e-05
 31  0.04113  1.92880e-05 | 32 -0.01147  5.32152e-06 | 33  0.07280  4.83278e-06
 34  0.04980  5.09641e-06 | 35  0.02209  8.48707e-06 | 36  0.01114  6.22577e-06
 37 -0.00425  5.67459e-06 | 38  0.22143  1.01891e-05 | 39 -0.01473  5.62110e-06
 40  0.29729  1.98607e-05 | 41  0.26992  8.40689e-06 | 42  0.26098  1.11275e-06
 43 -0.00520 -7.36361e-05 | 44 -0.62638  3.21902e-04 | 45  0.44424  1.23464e-06
 46 -0.47348 -7.28904e-06 | 47  0.35454  1.34730e-05 | 48 -0.37153 -2.05924e-05
 49  0.28876 -9.04004e-06 | 50 -0.37603  4.37667e-06 | 51  0.01383 -4.94409e-05
 52 -0.02137 -5.76097e-05 | 53 -0.37658  8.34488e-05 | 54 -0.56098  3.06218e-04
Estimating row 1 out of 54 for hessian
Estimating row 2 out of 54 for hessian
Estimating row 3 out of 54 for hessian
Estimating row 4 out of 54 for hessian
Estimating row 5 out of 54 for hessian
Estimating row 6 out of 54 for hessian
Estimating row 7 out of 54 for hessian
Estimating row 8 out of 54 for hessian
Estimating row 9 out of 54 for hessian
Estimating row 10 out of 54 for hessian
Estimating row 11 out of 54 for hessian
Estimating row 12 out of 54 for hessian
Estimating row 13 out of 54 for hessian
Estimating row 14 out of 54 for hessian
Estimating row 15 out of 54 for hessian
Estimating row 16 out of 54 for hessian
Estimating row 17 out of 54 for hessian
Estimating row 18 out of 54 for hessian
Estimating row 19 out of 54 for hessian
Estimating row 20 out of 54 for hessian
Estimating row 21 out of 54 for hessian
Estimating row 22 out of 54 for hessian
Estimating row 23 out of 54 for hessian
Estimating row 24 out of 54 for hessian
Estimating row 25 out of 54 for hessian
Estimating row 26 out of 54 for hessian
Estimating row 27 out of 54 for hessian
Estimating row 28 out of 54 for hessian
Estimating row 29 out of 54 for hessian
Estimating row 30 out of 54 for hessian
Estimating row 31 out of 54 for hessian
Estimating row 32 out of 54 for hessian
Estimating row 33 out of 54 for hessian
Estimating row 34 out of 54 for hessian
Estimating row 35 out of 54 for hessian
Estimating row 36 out of 54 for hessian
Estimating row 37 out of 54 for hessian
Estimating row 38 out of 54 for hessian
Estimating row 39 out of 54 for hessian
Estimating row 40 out of 54 for hessian
Estimating row 41 out of 54 for hessian
Estimating row 42 out of 54 for hessian
Estimating row 43 out of 54 for hessian
Estimating row 44 out of 54 for hessian
Estimating row 45 out of 54 for hessian
Estimating row 46 out of 54 for hessian
Estimating row 47 out of 54 for hessian
Estimating row 48 out of 54 for hessian
Estimating row 49 out of 54 for hessian
Estimating row 50 out of 54 for hessian
Estimating row 51 out of 54 for hessian
Estimating row 52 out of 54 for hessian
Estimating row 53 out of 54 for hessian
Estimating row 54 out of 54 for hessian
size of file gradfil1.tmp = 0
size of file gradfil2.tmp = 0
size of file varssave.tmp = 0
size of file cmpdiff.tmp = 0
