
Initial statistics: 36 variables; iteration 0; function evaluation 0; phase 1
Function value 4.5862371e+03; maximum gradient component mag 1.3660e+04
Var    Value     Gradient |Var    Value     Gradient |Var    Value     Gradient
  1  0.06329  1.36598e+04 |  2  0.03449 -1.18683e+02 |  3  0.04041 -1.98848e+02
  4 -0.06681 -3.28021e+02 |  5 -0.13644 -1.64766e+02 |  6 -0.00249 -1.78518e+02
  7 -0.12640 -2.10157e+02 |  8 -0.08927 -1.94869e+02 |  9  0.02126 -9.68357e+01
 10  0.13388  1.44778e+02 | 11  0.00094  3.41325e+01 | 12 -0.02238 -1.83760e+02
 13 -0.00780 -6.22200e+01 | 14  0.12382  5.95225e+02 | 15  0.00971 -1.93092e+01
 16 -0.07766 -1.22744e+02 | 17 -0.00940  2.50034e+01 | 18  0.01347  8.34786e+01
 19  0.09529  3.70609e+02 | 20 -0.00067  1.72089e+02 | 21 -0.10592 -1.35608e+02
 22 -0.08245 -1.67450e+02 | 23  0.03553 -5.73172e+01 | 24 -0.03278 -2.51522e+02
 25 -0.07809 -2.43148e+02 | 26  0.03124 -2.25756e+02 | 27  0.07127  7.11025e+02
 28  0.00285 -6.74992e+01 | 29  0.00632  7.82863e+01 | 30  0.01678  1.38160e+01
 31  0.07863  5.27263e+02 | 32  0.12049  3.91037e+02 | 33 -0.01245 -2.38498e+02
 34  0.02708  1.65338e+02 | 35  0.00983 -1.55384e+02 | 36 -0.02243  9.34644e+01

Intermediate statistics: 36 variables; iteration 20; function evaluation 31; phase 1
Function value 4.2861227e+03; maximum gradient component mag -3.0869e+02
Var    Value     Gradient |Var    Value     Gradient |Var    Value     Gradient
  1  0.04540 -3.08691e+02 |  2 -0.00877 -1.92374e+01 |  3  0.10073  2.45134e+01
  4  0.02767 -1.04526e+00 |  5 -0.12229 -1.33047e+01 |  6  0.04214  2.04750e+01
  7 -0.06678  1.86628e+01 |  8 -0.04701  1.52837e+01 |  9  0.00725  1.14747e+01
 10  0.09117 -1.22761e+01 | 11 -0.07890 -1.26334e+01 | 12  0.00431 -2.73321e+01
 13  0.00864 -4.61074e+01 | 14  0.05670 -9.53772e+01 | 15  0.01678  5.99216e+00
 16 -0.05454  6.59637e+00 | 17  0.01153  2.14369e+01 | 18 -0.00945 -5.45274e+00
 19  0.05424 -4.94957e+01 | 20 -0.05265 -1.34079e+01 | 21 -0.11107  6.74758e+00
 22 -0.07553  2.48001e+01 | 23  0.06200  7.11850e+01 | 24  0.03917  5.99745e+01
 25 -0.02353  1.16894e+01 | 26  0.08019  3.94917e+01 | 27 -0.00343  2.87636e+01
 28  0.03990  1.68682e+01 | 29  0.00489  1.21841e+01 | 30 -0.01294 -7.77964e+01
 31 -0.00557 -1.60938e+01 | 32  0.09419 -5.87552e+01 | 33  0.02683  9.06606e+00
 34 -0.00752  4.71604e+01 | 35  0.04479  7.16050e+01 | 36 -0.13254 -9.52539e+00
36 variables; iteration 40; function evaluation 65; phase 1
Function value 4.2823746e+03; maximum gradient component mag -1.7265e+02
Var    Value     Gradient |Var    Value     Gradient |Var    Value     Gradient
  1  0.04531 -1.72647e+02 |  2  0.01632  4.34734e+00 |  3  0.09113 -4.87889e+00
  4  0.03462  1.04156e+01 |  5 -0.10628  1.16714e+00 |  6  0.02662  3.31471e+00
  7 -0.08535  1.08132e+00 |  8 -0.05958  6.21620e+00 |  9 -0.00155 -5.53482e-01
 10  0.09456 -1.76065e+00 | 11 -0.07444 -4.64205e+00 | 12  0.00641 -7.50534e+00
 13  0.01170 -1.00967e+01 | 14  0.06506 -1.94789e+01 | 15  0.01172  2.93183e-02
 16 -0.05238  5.11327e+00 | 17  0.00641 -1.99418e+00 | 18 -0.00863  1.26279e+00
 19  0.06014 -5.62410e+00 | 20 -0.05156 -8.16377e+00 | 21 -0.10952  4.70828e+00
 22 -0.07548  1.01290e+01 | 23  0.05263  6.65467e+00 | 24  0.03147  7.51839e+00
 25 -0.02576 -3.33116e+00 | 26  0.08079 -3.15478e+00 | 27 -0.00584  2.08665e+00
 28  0.03937  6.98985e-01 | 29  0.00397  9.60610e+00 | 30  0.00188 -9.73637e+00
 31 -0.00505 -4.54726e+00 | 32  0.09881 -1.06443e+01 | 33  0.02806  5.89533e+00
 34 -0.01197  1.24446e+01 | 35  0.03645  9.01164e+00 | 36 -0.12549  3.92729e+00

 - final statistics:
36 variables; iteration 42; function evaluation 69
Function value 4.2822e+03; maximum gradient component mag -5.8106e-01
Exit code = 1;  converg criter 1.0000e+01
Var    Value     Gradient |Var    Value     Gradient |Var    Value     Gradient
  1  0.04528 -5.81065e-01 |  2  0.01424  1.10510e-02 |  3  0.09359  3.98329e-02
  4  0.03135 -1.51286e-02 |  5 -0.10595  8.72751e-03 |  6  0.02544  2.43825e-03
  7 -0.08568  5.51379e-03 |  8 -0.06296  3.30335e-03 |  9 -0.00073 -1.41541e-02
 10  0.09477 -6.98229e-02 | 11 -0.07138 -2.51508e-03 | 12  0.00826 -8.26638e-02
 13  0.01285 -1.29344e-01 | 14  0.06677 -1.29590e-01 | 15  0.01113 -6.09334e-02
 16 -0.05459  9.59745e-03 | 17  0.00725  1.52395e-02 | 18 -0.00891  2.42470e-02
 19  0.06080  7.57578e-03 | 20 -0.04894  6.35322e-02 | 21 -0.11055  7.12426e-03
 22 -0.07793  2.94717e-02 | 23  0.05254  2.41034e-02 | 24  0.03031 -4.56013e-03
 25 -0.02407  3.66963e-03 | 26  0.08120  1.08152e-01 | 27 -0.00591  3.50479e-02
 28  0.03954  3.40878e-02 | 29  0.00273 -6.28510e-03 | 30  0.00431  4.22960e-02
 31 -0.00398  2.43169e-02 | 32  0.10001  3.60336e-02 | 33  0.02773 -1.81035e-03
 34 -0.01388  2.47902e-02 | 35  0.03584 -1.07547e-02 | 36 -0.12623  1.84480e-02

Initial statistics: 46 variables; iteration 0; function evaluation 0; phase 2
Function value 4.2822145e+03; maximum gradient component mag 1.4911e+04
Var    Value     Gradient |Var    Value     Gradient |Var    Value     Gradient
  1  0.04528 -5.81065e-01 |  2  0.01424  9.55069e-03 |  3  0.09359  3.83484e-02
  4  0.03135 -1.66275e-02 |  5 -0.10595  7.24757e-03 |  6  0.02544  9.38774e-04
  7 -0.08568  4.02669e-03 |  8 -0.06296  1.81001e-03 |  9 -0.00073 -1.56548e-02
 10  0.09477 -7.13070e-02 | 11 -0.07138 -4.00633e-03 | 12  0.00826 -8.41644e-02
 13  0.01285 -1.30844e-01 | 14  0.06677 -1.31083e-01 | 15  0.01113 -6.24338e-02
 16 -0.05459  8.10229e-03 | 17  0.00725  1.37390e-02 | 18 -0.00891  2.27465e-02
 19  0.06080  6.08194e-03 | 20 -0.04894  6.20360e-02 | 21 -0.11055  5.64615e-03
 22 -0.07793  2.79822e-02 | 23  0.05254  2.26078e-02 | 24  0.03031 -6.05911e-03
 25 -0.02407  2.17003e-03 | 26  0.08120  1.06663e-01 | 27 -0.00591  3.35473e-02
 28  0.03954  3.25900e-02 | 29  0.00273 -7.78575e-03 | 30  0.00431  4.07954e-02
 31 -0.00398  2.28162e-02 | 32  0.10001  3.45514e-02 | 33  0.02773 -3.30960e-03
 34 -0.01388  2.32899e-02 | 35  0.03584 -1.22530e-02 | 36 -0.12623  1.69768e-02
 37  0.28846  1.49110e+04 | 38  0.27440  4.41008e+03 | 39  0.18664 -3.64500e+03
 40  0.22538 -5.55232e+03 | 41 -0.05138 -1.05785e+03 | 42 -0.36476  1.31671e+03
 43 -0.06174 -1.32572e+02 | 44 -0.07727 -1.40014e+03 | 45 -0.17772  1.08442e+02
 46 -0.35308  9.19012e+02 |

Intermediate statistics: 46 variables; iteration 20; function evaluation 37; phase 2
Function value 3.0739211e+03; maximum gradient component mag -3.7476e+03
Var    Value     Gradient |Var    Value     Gradient |Var    Value     Gradient
  1  0.09875 -2.41222e+03 |  2 -0.00375  6.55965e+01 |  3  0.03571  7.45518e+01
  4 -0.00772  6.16343e+01 |  5 -0.11797  7.66659e+01 |  6 -0.06209  4.60946e+00
  7 -0.18379 -3.75692e+01 |  8 -0.11331  1.95263e+01 |  9  0.01747  1.13406e+02
 10  0.09637  1.41521e+01 | 11 -0.02735  6.11049e+01 | 12  0.05935  1.45059e+02
 13 -0.00689  2.04402e+00 | 14  0.04126  2.48614e+01 | 15 -0.03197 -3.87866e+01
 16 -0.05137  1.62453e+01 | 17  0.00711 -3.34369e+01 | 18  0.12428  1.44718e+02
 19  0.19827  3.50991e+02 | 20 -0.00535 -6.12482e+01 | 21 -0.04204 -2.86009e+01
 22  0.03653  2.00262e+02 | 23 -0.06126 -9.52052e+01 | 24  0.06423  7.73978e+01
 25  0.01279 -6.52590e+01 | 26  0.04686 -1.37518e+02 | 27 -0.04363 -1.67887e+02
 28  0.04872 -6.33371e+01 | 29  0.00220 -1.57930e+02 | 30  0.08046  7.44699e+00
 31  0.00514 -7.78073e+01 | 32  0.11866  1.47987e+01 | 33  0.05493  9.78241e+01
 34 -0.05940 -1.18235e+02 | 35  0.02653 -8.74219e+01 | 36 -0.25657 -1.35619e+02
 37  0.20631  2.20483e+03 | 38  0.19356 -1.22019e+03 | 39  0.16791 -2.31307e+03
 40  0.20873 -3.74762e+03 | 41 -0.12992  2.44020e+02 | 42 -0.70968 -5.39512e+02
 43 -0.07157  7.52005e+01 | 44 -0.06037  2.85494e+02 | 45 -0.30072 -1.32183e+02
 46 -0.52367 -5.34032e+02 |
46 variables; iteration 40; function evaluation 67; phase 2
Function value 2.9375642e+03; maximum gradient component mag -6.0534e+02
Var    Value     Gradient |Var    Value     Gradient |Var    Value     Gradient
  1  0.09620 -4.91441e+02 |  2 -0.04152 -2.58831e+01 |  3 -0.00238 -3.38011e+01
  4 -0.01983 -3.42166e+00 |  5 -0.11243  2.67916e+01 |  6  0.00977  3.57534e+01
  7 -0.07086  2.63178e+01 |  8 -0.05381  2.32191e+01 |  9 -0.01809 -2.21318e+01
 10  0.08230 -5.14962e+01 | 11 -0.02658  3.44483e+01 | 12  0.02742  5.11510e+00
 13  0.00771  1.32113e+01 | 14  0.04427 -1.31016e+01 | 15  0.00476  4.10723e+01
 16 -0.06058  3.41736e+00 | 17 -0.00994 -1.96893e+01 | 18  0.09329  6.03575e+01
 19  0.09609 -5.77943e+01 | 20 -0.00341  1.77584e+01 | 21 -0.03356  4.79555e+01
 22 -0.05118 -3.60410e+01 | 23 -0.03330 -6.95141e+00 | 24  0.02769 -5.87101e+00
 25  0.03229  1.72777e+01 | 26  0.06340 -5.43058e-01 | 27 -0.00268  2.78660e+01
 28  0.03224 -5.09412e+01 | 29  0.01012 -4.84532e+01 | 30  0.08693  2.83200e+01
 31  0.02354  4.76253e+01 | 32  0.08193 -5.66409e+01 | 33  0.00501 -4.89778e+01
 34 -0.05919 -6.14711e+01 | 35 -0.00258 -5.24036e+01 | 36 -0.13001  4.04933e+01
 37  0.20415 -6.05342e+02 | 38  0.20312 -3.36135e+02 | 39  0.21253 -1.23596e+02
 40  0.22296 -2.79090e+02 | 41 -0.45512  1.76750e+02 | 42 -0.80508 -1.04666e+02
 43  0.20316  6.58349e+01 | 44  0.15066  2.63559e+02 | 45 -0.10456  2.96557e+01
 46 -0.43705 -2.27865e+02 |

 - final statistics:
46 variables; iteration 60; function evaluation 96
Function value 2.9212e+03; maximum gradient component mag -7.8466e+00
Exit code = 1;  converg criter 1.0000e+01
Var    Value     Gradient |Var    Value     Gradient |Var    Value     Gradient
  1  0.07481 -5.25070e+00 |  2 -0.01645 -9.48657e-02 |  3  0.02385 -3.19084e-01
  4 -0.01718 -5.96844e-02 |  5 -0.13491  1.19161e-02 |  6 -0.01916  3.54640e-02
  7 -0.10610  2.17259e-01 |  8 -0.07468  3.75683e-01 |  9 -0.00344 -2.05955e-01
 10  0.10656 -1.72784e-01 | 11 -0.03786  3.91126e-01 | 12  0.02455 -2.86428e-01
 13  0.01026 -3.60173e-01 | 14  0.05239 -4.15017e-01 | 15 -0.01031  6.21048e-02
 16 -0.06330 -1.02442e-01 | 17 -0.00853 -8.28674e-02 | 18  0.06792  3.82664e-01
 19  0.10455 -1.05832e-01 | 20 -0.01197 -9.33897e-02 | 21 -0.05240  3.98878e-01
 22 -0.03838 -1.10007e-01 | 23 -0.01976 -1.21676e-01 | 24  0.03728  3.33172e-02
 25  0.02874  2.05844e-01 | 26  0.06850  6.99593e-02 | 27 -0.00760  1.98267e-02
 28  0.04454 -1.49609e-01 | 29  0.01832 -2.07163e-01 | 30  0.07632  1.26778e-01
 31  0.01152  1.13005e-01 | 32  0.09669 -1.67392e-01 | 33  0.02044 -2.27005e-01
 34 -0.03576 -8.02314e-02 | 35  0.01335 -1.89463e-01 | 36 -0.14937  3.77978e-01
 37  0.21787 -2.12160e+00 | 38  0.21770 -1.92791e+00 | 39  0.22741  1.27112e-01
 40  0.23280 -1.23691e+00 | 41 -0.40906 -4.50716e+00 | 42 -0.81059  1.19122e+00
 43  0.13524 -1.60849e-01 | 44  0.13216 -7.84664e+00 | 45 -0.18139  1.34168e-01
 46 -0.42352  2.34354e+00 |

Initial statistics: 52 variables; iteration 0; function evaluation 0; phase 3
Function value 2.9212159e+03; maximum gradient component mag -1.5808e+03
Var    Value     Gradient |Var    Value     Gradient |Var    Value     Gradient
  1  0.07481 -5.25070e+00 |  2 -0.01645 -7.44113e-02 |  3  0.02385 -2.98637e-01
  4 -0.01718 -3.92305e-02 |  5 -0.13491  3.19196e-02 |  6 -0.01916  5.59161e-02
  7 -0.10610  2.37437e-01 |  8 -0.07468  3.96004e-01 |  9 -0.00344 -1.85494e-01
 10  0.10656 -1.52608e-01 | 11 -0.03786  4.11551e-01 | 12  0.02455 -2.65982e-01
 13  0.01027 -3.39714e-01 | 14  0.05239 -3.94625e-01 | 15 -0.01031  8.25634e-02
 16 -0.06329 -8.20820e-02 | 17 -0.00853 -6.24080e-02 | 18  0.06792  4.03009e-01
 19  0.10455 -8.56464e-02 | 20 -0.01197 -7.29320e-02 | 21 -0.05240  4.19270e-01
 22 -0.03838 -8.95834e-02 | 23 -0.01976 -1.01225e-01 | 24  0.03728  5.37434e-02
 25  0.02874  2.26284e-01 | 26  0.06850  9.03022e-02 | 27 -0.00760  4.02865e-02
 28  0.04454 -1.29197e-01 | 29  0.01832 -1.86711e-01 | 30  0.07632  1.47092e-01
 31  0.01152  1.33463e-01 | 32  0.09669 -1.47166e-01 | 33  0.02044 -2.06554e-01
 34 -0.03576 -5.98024e-02 | 35  0.01335 -1.69007e-01 | 36 -0.14937  3.97879e-01
 37  0.21787 -2.12160e+00 | 38  0.21770 -1.92791e+00 | 39  0.22741  1.27112e-01
 40  0.23280 -1.23691e+00 | 41 -0.40906 -4.50716e+00 | 42 -0.81059  1.19122e+00
 43  0.23327 -4.22278e+02 | 44 -0.43510 -4.52565e+02 | 45  0.06072 -1.58083e+03
 46 -0.44700  9.71700e+02 | 47  0.22227 -1.17718e+03 | 48 -0.83901  3.96884e+02
 49  0.13524 -1.60849e-01 | 50  0.13216 -7.84664e+00 | 51 -0.18139  1.34168e-01
 52 -0.42352  2.34354e+00 |

Intermediate statistics: 52 variables; iteration 20; function evaluation 31; phase 3
Function value 2.5004682e+03; maximum gradient component mag -3.0512e+03
Var    Value     Gradient |Var    Value     Gradient |Var    Value     Gradient
  1  0.04522  4.58018e+02 |  2  0.00033  3.34784e+01 |  3  0.04345  7.44302e+01
  4 -0.02582  4.02985e+00 |  5 -0.15153 -1.01104e+01 |  6 -0.02671  1.82947e+01
  7 -0.11639  3.57436e+00 |  8 -0.07104  1.38804e+01 |  9  0.01147  3.25165e+01
 10  0.11402  8.27687e+01 | 11 -0.01322  3.39889e+01 | 12  0.01889  1.68214e+01
 13  0.04721  7.82418e+01 | 14  0.09069  1.47147e+02 | 15  0.02520  7.79624e+01
 16 -0.06388  2.61509e+01 | 17 -0.01293  4.36000e+01 | 18  0.04491 -3.00236e+01
 19  0.07749  4.98697e+01 | 20 -0.04249 -6.23264e+01 | 21 -0.10266  4.56104e+00
 22 -0.04162 -2.22265e+01 | 23  0.03518  5.81920e+01 | 24  0.03555  6.92576e+01
 25  0.01508  8.19171e+01 | 26  0.09385  1.37192e+02 | 27  0.01428 -5.56332e+01
 28  0.04660 -5.73129e+01 | 29 -0.00507 -1.31577e+02 | 30  0.07028 -3.55728e+01
 31  0.01648 -8.62354e+01 | 32  0.11933 -7.35518e+00 | 33  0.03642 -7.28804e+01
 34  0.00315 -5.70182e+00 | 35  0.06140 -1.61064e+01 | 36 -0.35434 -7.08369e+01
 37  0.24775  1.07872e+01 | 38  0.23904 -2.81032e+02 | 39  0.27001  1.19053e+03
 40  0.21563 -3.05123e+03 | 41 -0.42405 -1.56659e+01 | 42 -0.80571  2.30297e+02
 43  0.36361  8.77712e+01 | 44 -0.36008 -9.07410e+01 | 45  0.12509 -2.37857e+02
 46 -0.57074  4.96594e+02 | 47  0.51154 -4.79434e+02 | 48 -0.82820  4.60864e+01
 49  0.25058  1.54661e+02 | 50  0.16825 -1.89621e+02 | 51 -0.13056 -6.01475e+01
 52 -0.38955  5.28309e+02 |
52 variables; iteration 40; function evaluation 55; phase 3
Function value 2.4237550e+03; maximum gradient component mag -2.4693e+03
Var    Value     Gradient |Var    Value     Gradient |Var    Value     Gradient
  1  0.04223 -2.46929e+03 |  2  0.01443  4.18748e+01 |  3  0.05542  6.04749e+01
  4 -0.00782  1.95127e+01 |  5 -0.14597 -1.89736e+01 |  6 -0.03364 -3.26292e+01
  7 -0.11289  4.47543e+00 |  8 -0.05192  3.70405e+01 |  9  0.00863  1.96161e+00
 10  0.11261  1.75145e+01 | 11 -0.00686  3.14150e+01 | 12  0.03568  4.01239e+01
 13  0.00569 -9.55392e+01 | 14  0.07589 -2.59671e+01 | 15  0.03451  7.57637e+01
 16 -0.09458 -6.17446e+01 | 17 -0.01370  4.45703e-01 | 18  0.04614  1.68073e-01
 19  0.09338  1.56141e+02 | 20 -0.04193 -6.65550e+01 | 21 -0.12915 -4.68267e+01
 22 -0.06052 -1.09099e+02 | 23 -0.00850 -2.34637e+02 | 24  0.02661 -7.60474e+01
 25  0.00435 -1.84183e+01 | 26  0.06541 -2.30026e+02 | 27  0.01597 -1.13558e+02
 28  0.04074 -1.02237e+02 | 29  0.01621  1.77833e+01 | 30  0.07381  3.57836e+01
 31  0.02233 -4.35725e+01 | 32  0.11909 -1.63802e+01 | 33  0.03595 -7.49545e+01
 34 -0.02131 -7.54063e+01 | 35  0.02142 -1.66855e+02 | 36 -0.23394 -5.95305e+01
 37  0.25041 -1.94565e+02 | 38  0.24425 -2.67300e+02 | 39  0.25763  1.88775e+02
 40  0.21657 -2.42453e+03 | 41 -0.54655 -6.07976e+01 | 42 -0.72896  1.99453e+02
 43  0.34501 -7.90981e+01 | 44 -0.36149 -2.80116e+01 | 45  0.09060  1.57039e+02
 46 -0.64176  7.29784e+01 | 47  0.66699 -2.56239e+02 | 48 -0.65589  9.72571e+01
 49  0.28048  6.63457e+01 | 50  0.23289 -1.94841e+02 | 51 -0.18490 -1.13828e+01
 52 -0.44852  2.89402e+02 |
52 variables; iteration 60; function evaluation 84; phase 3
Function value 2.3633235e+03; maximum gradient component mag 5.4469e+02
Var    Value     Gradient |Var    Value     Gradient |Var    Value     Gradient
  1  0.04110  5.44695e+02 |  2 -0.00358 -1.14845e+01 |  3  0.03877 -1.48490e+01
  4 -0.01805 -8.02909e+00 |  5 -0.13048  8.76330e+00 |  6 -0.01338  2.64449e+01
  7 -0.11574 -1.08616e+01 |  8 -0.08177 -2.03487e+01 |  9  0.01612  2.17109e+01
 10  0.10514 -3.13861e+00 | 11 -0.02672 -6.26204e+00 | 12  0.00779 -5.82118e+00
 13  0.04109  3.08722e+01 | 14  0.07503 -9.61867e-01 | 15  0.00428 -2.39152e+01
 16 -0.05307  1.57357e+01 | 17 -0.01140 -7.80639e+00 | 18  0.04671 -5.97559e+00
 19  0.05375 -5.64915e+01 | 20 -0.01735  1.94511e+01 | 21 -0.11700  6.54590e+00
 22 -0.03132  2.48760e+01 | 23  0.05200  6.65006e+01 | 24  0.02197  3.67822e+01
 25 -0.01403  1.31000e+01 | 26  0.08585  6.64516e+01 | 27  0.01905  2.53103e+01
 28  0.03841  2.74710e+01 | 29 -0.00432 -1.91755e+01 | 30  0.05447 -1.62622e+01
 31  0.02733  2.02318e+01 | 32  0.10140 -1.46121e+01 | 33  0.03255 -3.39844e+00
 34 -0.01764 -2.32946e+00 | 35  0.03080  1.80232e+01 | 36 -0.19572 -2.41983e+01
 37  0.25668  1.86123e+02 | 38  0.24793  5.21933e+01 | 39  0.25162 -6.60357e+01
 40  0.22608  1.98967e+02 | 41 -0.49336  6.19389e+01 | 42 -0.77490 -7.62024e+01
 43  0.37326  1.03379e+01 | 44 -0.34868 -8.73735e+00 | 45  0.06545 -8.83397e+01
 46 -0.67762 -1.36314e+01 | 47  0.90706 -2.97309e+01 | 48 -0.64399  1.33688e+01
 49  0.24402  1.47905e+01 | 50  0.20144  1.04693e+02 | 51 -0.17331  1.26166e+01
 52 -0.43592 -1.40009e+02 |
52 variables; iteration 80; function evaluation 104; phase 3
Function value 2.3583837e+03; maximum gradient component mag 2.3286e-01
Var    Value     Gradient |Var    Value     Gradient |Var    Value     Gradient
  1  0.04166  1.01441e-01 |  2  0.00011 -3.39365e-03 |  3  0.04229 -5.40148e-03
  4 -0.01587 -2.22485e-03 |  5 -0.13768 -8.90590e-03 |  6 -0.02274 -4.92654e-03
  7 -0.11576 -4.08571e-03 |  8 -0.07336  2.06896e-03 |  9  0.00562 -5.05418e-03
 10  0.10759 -6.39482e-03 | 11 -0.02413 -2.96428e-03 | 12  0.01046  6.76445e-03
 13  0.03325  2.31338e-03 | 14  0.07552 -1.31116e-03 | 15  0.01090  4.64366e-03
 16 -0.06278  1.56939e-03 | 17 -0.01206  5.44875e-03 | 18  0.04501 -3.14136e-03
 19  0.06272  1.00687e-02 | 20 -0.02487 -3.69975e-03 | 21 -0.12044 -2.10957e-04
 22 -0.03929  4.86296e-03 | 23  0.03799 -2.41195e-03 | 24  0.01784  5.37519e-03
 25 -0.01439  5.12388e-03 | 26  0.08181 -1.49246e-03 | 27  0.01774 -1.81870e-03
 28  0.03648 -1.23846e-03 | 29 -0.00002  5.83876e-03 | 30  0.05746  2.85371e-03
 31  0.02184 -3.34537e-03 | 32  0.10400 -4.78008e-03 | 33  0.03285 -2.56976e-03
 34 -0.01767 -5.37810e-03 | 35  0.02556 -1.14353e-02 | 36 -0.14834 -5.79107e-03
 37  0.25565 -1.01913e-01 | 38  0.24773  1.11415e-03 | 39  0.25340  1.79824e-02
 40  0.22474 -6.50056e-02 | 41 -0.50204  1.15133e-01 | 42 -0.78930 -8.63658e-02
 43  0.36908 -9.99404e-03 | 44 -0.34913 -6.08249e-03 | 45  0.06926  4.43951e-02
 46 -0.67225 -5.33859e-03 | 47  1.00001 -8.15486e-03 | 48 -0.67202  5.93772e-03
 49  0.23177  6.69527e-04 | 50  0.20751  2.32862e-01 | 51 -0.18554 -1.60030e-03
 52 -0.42298 -1.44467e-01 |
52 variables; iteration 100; function evaluation 128; phase 3
Function value 2.3583831e+03; maximum gradient component mag 1.5689e+00
Var    Value     Gradient |Var    Value     Gradient |Var    Value     Gradient
  1  0.04166  1.56892e+00 |  2  0.00011 -1.60364e-02 |  3  0.04229 -8.73315e-03
  4 -0.01587 -1.23208e-02 |  5 -0.13767 -2.68848e-02 |  6 -0.02274 -1.15593e-02
  7 -0.11576 -3.12302e-02 |  8 -0.07336 -2.10895e-02 |  9  0.00562 -1.67534e-02
 10  0.10759  2.06249e-03 | 11 -0.02413 -9.92956e-03 | 12  0.01046  5.40994e-03
 13  0.03325  1.29893e-02 | 14  0.07552  2.16207e-02 | 15  0.01090  6.78781e-03
 16 -0.06278 -7.58934e-03 | 17 -0.01206  2.24753e-03 | 18  0.04501 -7.19954e-04
 19  0.06272  1.35722e-02 | 20 -0.02487 -8.71863e-03 | 21 -0.12044 -1.61282e-02
 22 -0.03929 -7.89746e-03 | 23  0.03799  1.43410e-02 | 24  0.01783  9.50317e-03
 25 -0.01439 -4.57137e-05 | 26  0.08181  3.77122e-02 | 27  0.01774  1.05720e-02
 28  0.03647  1.77620e-02 | 29 -0.00002  4.63543e-03 | 30  0.05746  6.41760e-03
 31  0.02184 -5.01327e-03 | 32  0.10400  2.95934e-02 | 33  0.03285  1.16041e-02
 34 -0.01767  3.12063e-04 | 35  0.02556 -4.15350e-03 | 36 -0.14834 -2.29405e-02
 37  0.25565  6.37405e-02 | 38  0.24773  8.46109e-02 | 39  0.25340  2.55291e-02
 40  0.22474  1.00990e-01 | 41 -0.42122  4.52494e-01 | 42 -0.75149  2.20555e-03
 43  0.36908 -1.45127e-02 | 44 -0.34912 -5.86180e-03 | 45  0.06926  3.61600e-02
 46 -0.67225 -1.12869e-02 | 47  0.99934 -4.05121e-02 | 48 -0.67203  5.16305e-03
 49  0.18787  6.02196e-02 | 50  0.16413  7.51929e-01 | 51 -0.20388 -1.20809e-02
 52 -0.44551  2.13235e-02 |
52 variables; iteration 120; function evaluation 149; phase 3
Function value 2.3583827e+03; maximum gradient component mag -1.9984e+00
Var    Value     Gradient |Var    Value     Gradient |Var    Value     Gradient
  1  0.04166 -1.99844e+00 |  2  0.00013  4.02237e-02 |  3  0.04231  2.49922e-02
  4 -0.01583  5.27834e-02 |  5 -0.13762  5.09956e-02 |  6 -0.02269  6.20253e-02
  7 -0.11573  1.45585e-02 |  8 -0.07335  1.00230e-02 |  9  0.00562  1.30708e-02
 10  0.10758 -3.15261e-03 | 11 -0.02413  7.14809e-03 | 12  0.01046 -1.30066e-02
 13  0.03324 -1.66737e-02 | 14  0.07551 -8.86713e-02 | 15  0.01089 -2.17121e-02
 16 -0.06279 -6.91808e-03 | 17 -0.01207 -1.93884e-02 | 18  0.04500 -1.96718e-02
 19  0.06271 -3.87558e-02 | 20 -0.02487  9.57439e-04 | 21 -0.12045 -7.57719e-03
 22 -0.03930 -2.05309e-03 | 23  0.03799 -7.48131e-03 | 24  0.01783 -1.34596e-02
 25 -0.01439 -9.45385e-03 | 26  0.08180 -8.85026e-02 | 27  0.01774 -3.03686e-02
 28  0.03646 -5.04355e-02 | 29 -0.00003  6.42284e-03 | 30  0.05745  2.26675e-03
 31  0.02184  1.06569e-02 | 32  0.10399 -4.03412e-02 | 33  0.03284 -2.57538e-02
 34 -0.01768  5.63202e-03 | 35  0.02555  3.27733e-02 | 36 -0.14835  2.51303e-02
 37  0.25564 -5.64108e-01 | 38  0.24773 -2.35163e-02 | 39  0.25340 -2.20523e-02
 40  0.22474  2.65928e-02 | 41 -0.33175 -7.05549e-01 | 42 -0.70939  1.75843e-01
 43  0.36908  1.60740e-02 | 44 -0.34912  1.22036e-02 | 45  0.06926 -7.60632e-02
 46 -0.67225  4.75818e-02 | 47  1.00015  6.91576e-03 | 48 -0.67200  9.43652e-03
 49  0.13507 -6.64314e-02 | 50  0.11182 -1.09399e+00 | 51 -0.22800  1.02774e-02
 52 -0.47586  2.19139e-01 |
52 variables; iteration 140; function evaluation 172; phase 3
Function value 2.3583824e+03; maximum gradient component mag 5.3252e-01
Var    Value     Gradient |Var    Value     Gradient |Var    Value     Gradient
  1  0.04166  5.32521e-01 |  2  0.00011 -8.34342e-03 |  3  0.04229 -5.06582e-03
  4 -0.01588 -9.32438e-03 |  5 -0.13768 -1.11155e-02 |  6 -0.02274 -1.06647e-02
  7 -0.11576 -7.81079e-03 |  8 -0.07336 -5.71275e-03 |  9  0.00562 -5.13464e-03
 10  0.10759  1.59484e-03 | 11 -0.02413 -2.57562e-03 | 12  0.01046  2.56709e-03
 13  0.03325  1.87848e-03 | 14  0.07553  1.70207e-02 | 15  0.01090  1.78382e-03
 16 -0.06278 -4.55823e-03 | 17 -0.01206  2.11450e-04 | 18  0.04501  5.26935e-03
 19  0.06272  1.09571e-02 | 20 -0.02486 -2.30819e-03 | 21 -0.12044 -3.41063e-03
 22 -0.03929 -3.87497e-03 | 23  0.03799  3.52036e-03 | 24  0.01783  1.82647e-03
 25 -0.01439 -5.18923e-04 | 26  0.08181  2.15860e-02 | 27  0.01774  6.98454e-03
 28  0.03648  1.19939e-02 | 29 -0.00003 -1.11835e-03 | 30  0.05746  2.64208e-03
 31  0.02184 -3.36999e-03 | 32  0.10400  1.40185e-02 | 33  0.03285  6.09666e-03
 34 -0.01767 -1.34471e-03 | 35  0.02556 -2.95650e-03 | 36 -0.14834 -5.79012e-03
 37  0.25565  1.14776e-01 | 38  0.24773  2.44291e-02 | 39  0.25340  5.79794e-03
 40  0.22474  2.39757e-02 | 41 -0.25592  8.05518e-02 | 42 -0.67610  2.12150e-01
 43  0.36908 -4.21723e-03 | 44 -0.34912 -4.18083e-03 | 45  0.06926  1.75685e-02
 46 -0.67226 -9.91052e-03 | 47  0.99965 -1.83301e-02 | 48 -0.67205 -1.29608e-03
 49  0.08776  1.74710e-02 | 50  0.06475  1.11970e-01 | 51 -0.24975  7.62521e-03
 52 -0.50405  2.29367e-01 |
52 variables; iteration 160; function evaluation 199; phase 3
Function value 2.3583823e+03; maximum gradient component mag 3.6186e-01
Var    Value     Gradient |Var    Value     Gradient |Var    Value     Gradient
  1  0.04166  3.61859e-01 |  2  0.00011 -9.56406e-03 |  3  0.04229 -6.25105e-03
  4 -0.01588 -1.02520e-02 |  5 -0.13769 -1.62097e-02 |  6 -0.02275 -1.16702e-02
  7 -0.11577 -8.52294e-03 |  8 -0.07337 -2.96773e-03 |  9  0.00562 -2.71574e-03
 10  0.10759  8.31849e-04 | 11 -0.02412 -2.04803e-04 | 12  0.01046  4.87614e-03
 13  0.03325  1.79992e-03 | 14  0.07553  1.09885e-02 | 15  0.01090  3.87268e-04
 16 -0.06278 -4.48208e-03 | 17 -0.01206 -5.50091e-05 | 18  0.04501  3.33452e-03
 19  0.06272  9.36360e-03 | 20 -0.02486 -2.48736e-03 | 21 -0.12044 -1.44049e-03
 22 -0.03929 -9.57862e-04 | 23  0.03799 -1.80549e-03 | 24  0.01784  1.66450e-03
 25 -0.01438 -1.61040e-03 | 26  0.08181  1.13285e-02 | 27  0.01775  1.43696e-03
 28  0.03648  3.43261e-03 | 29 -0.00002 -7.84361e-04 | 30  0.05746  5.66176e-03
 31  0.02184  1.28299e-03 | 32  0.10400  1.67818e-02 | 33  0.03285  1.17728e-02
 34 -0.01767 -1.71591e-04 | 35  0.02556 -2.44673e-03 | 36 -0.14834 -2.41819e-03
 37  0.25565  1.62126e-01 | 38  0.24773  8.27406e-04 | 39  0.25340 -5.55495e-03
 40  0.22474  3.92132e-02 | 41 -0.16775  4.23883e-03 | 42 -0.64121  2.74496e-01
 43  0.36908 -6.94760e-03 | 44 -0.34912 -3.35607e-03 | 45  0.06926  2.77614e-02
 46 -0.67226 -1.95000e-02 | 47  0.99985 -6.88104e-03 | 48 -0.67206 -2.75448e-03
 49  0.03024  8.51860e-03 | 50  0.00739 -6.79344e-04 | 51 -0.27528  1.09989e-02
 52 -0.53829  2.51746e-01 |
52 variables; iteration 180; function evaluation 221; phase 3
Function value 2.3583822e+03; maximum gradient component mag 8.9343e-02
Var    Value     Gradient |Var    Value     Gradient |Var    Value     Gradient
  1  0.04166  8.93433e-02 |  2  0.00011 -1.17152e-04 |  3  0.04230  5.44778e-04
  4 -0.01587 -1.52571e-05 |  5 -0.13767 -9.12451e-04 |  6 -0.02273  4.17009e-04
  7 -0.11576 -8.16030e-04 |  8 -0.07336 -1.08793e-03 |  9  0.00562 -3.60500e-04
 10  0.10759  1.02778e-03 | 11 -0.02413 -9.09201e-04 | 12  0.01046 -6.53447e-04
 13  0.03325 -1.24290e-04 | 14  0.07552  8.93061e-04 | 15  0.01090 -5.76890e-04
 16 -0.06278 -1.40474e-03 | 17 -0.01207 -1.37133e-03 | 18  0.04501 -1.29596e-03
 19  0.06272 -2.56795e-04 | 20 -0.02487 -8.49580e-04 | 21 -0.12044 -2.77130e-03
 22 -0.03929 -1.00501e-03 | 23  0.03799  8.30474e-04 | 24  0.01783  1.73424e-04
 25 -0.01439 -1.56444e-03 | 26  0.08181  1.41736e-03 | 27  0.01774 -2.88275e-04
 28  0.03647 -1.62550e-04 | 29 -0.00003 -4.02227e-04 | 30  0.05746  1.13664e-03
 31  0.02184 -1.03585e-04 | 32  0.10399  3.02312e-03 | 33  0.03285  1.83611e-03
 34 -0.01767  9.75809e-04 | 35  0.02556  1.23845e-03 | 36 -0.14834 -1.03094e-03
 37  0.25565 -3.91062e-03 | 38  0.24773  7.74673e-03 | 39  0.25340  3.40687e-03
 40  0.22474  1.54082e-02 | 41 -0.11550  3.59640e-03 | 42 -0.62261  5.17502e-02
 43  0.36908  1.20149e-03 | 44 -0.34912 -3.22049e-04 | 45  0.06926 -2.92553e-03
 46 -0.67225  1.96437e-03 | 47  1.00004 -1.05667e-03 | 48 -0.67204  5.06454e-04
 49 -0.00481  5.20476e-03 | 50 -0.02766  8.04629e-04 | 51 -0.29007 -8.73236e-04
 52 -0.55880  4.48938e-02 |
52 variables; iteration 200; function evaluation 243; phase 3
Function value 2.3583822e+03; maximum gradient component mag -2.0738e-02
Var    Value     Gradient |Var    Value     Gradient |Var    Value     Gradient
  1  0.04166 -2.07382e-02 |  2  0.00011 -6.97738e-04 |  3  0.04230 -8.59165e-04
  4 -0.01587 -6.68177e-04 |  5 -0.13767 -5.37001e-04 |  6 -0.02274 -1.20736e-03
  7 -0.11576 -2.89565e-04 |  8 -0.07336  1.19548e-04 |  9  0.00562 -4.20547e-04
 10  0.10759 -9.13841e-04 | 11 -0.02413  4.25899e-04 | 12  0.01046  6.51088e-04
 13  0.03325  9.55942e-04 | 14  0.07553  5.73136e-04 | 15  0.01090  5.90157e-04
 16 -0.06278  1.02239e-03 | 17 -0.01207  8.82742e-04 | 18  0.04501  5.08887e-04
 19  0.06272  1.80103e-04 | 20 -0.02487 -1.07379e-03 | 21 -0.12044  1.45584e-03
 22 -0.03929  1.75793e-04 | 23  0.03799 -1.84106e-04 | 24  0.01783 -2.86045e-04
 25 -0.01439  1.05373e-03 | 26  0.08181  1.47455e-03 | 27  0.01774  4.43476e-04
 28  0.03647  1.15947e-03 | 29 -0.00003  8.13404e-04 | 30  0.05746 -1.84719e-04
 31  0.02184 -1.09540e-04 | 32  0.10400 -1.11527e-03 | 33  0.03285 -1.33869e-03
 34 -0.01767 -9.28612e-04 | 35  0.02556 -1.54825e-03 | 36 -0.14834  2.61021e-04
 37  0.25565  1.50639e-02 | 38  0.24773 -4.55386e-03 | 39  0.25340 -1.89511e-03
 40  0.22474 -8.19130e-03 | 41 -0.10306  6.44996e-04 | 42 -0.61855 -1.63764e-02
 43  0.36908 -1.50897e-03 | 44 -0.34912 -2.66772e-05 | 45  0.06926  3.21353e-03
 46 -0.67225 -2.31447e-03 | 47  1.00006  8.94752e-04 | 48 -0.67205 -4.35655e-04
 49 -0.01324 -2.41304e-03 | 50 -0.03610  3.87022e-03 | 51 -0.29341  9.49322e-04
 52 -0.56351 -1.56878e-02 |
52 variables; iteration 220; function evaluation 265; phase 3
Function value 2.3583822e+03; maximum gradient component mag 1.1106e-01
Var    Value     Gradient |Var    Value     Gradient |Var    Value     Gradient
  1  0.04166 -8.62626e-02 |  2  0.00011  2.41759e-03 |  3  0.04230  7.41400e-04
  4 -0.01587  3.64310e-03 |  5 -0.13766  9.62313e-03 |  6 -0.02273  1.75694e-03
  7 -0.11576  4.85183e-04 |  8 -0.07336  1.29325e-03 |  9  0.00562 -2.24090e-03
 10  0.10759 -1.58792e-03 | 11 -0.02413  1.17112e-04 | 12  0.01046  9.98010e-05
 13  0.03325 -8.88901e-04 | 14  0.07553  3.22153e-03 | 15  0.01090  2.07064e-03
 16 -0.06278  2.74738e-04 | 17 -0.01207  2.05368e-03 | 18  0.04501  6.59668e-03
 19  0.06272  6.32643e-03 | 20 -0.02487  2.12653e-03 | 21 -0.12044  2.55635e-03
 22 -0.03929 -1.89606e-03 | 23  0.03799  5.61116e-03 | 24  0.01783  1.31435e-03
 25 -0.01439  4.30972e-03 | 26  0.08181  9.71296e-03 | 27  0.01774  5.72088e-03
 28  0.03648  9.12224e-03 | 29 -0.00003  1.86159e-03 | 30  0.05746 -5.54360e-03
 31  0.02184 -5.83900e-03 | 32  0.10399 -9.88058e-03 | 33  0.03285 -1.22042e-02
 34 -0.01767 -7.94799e-03 | 35  0.02556 -2.54562e-03 | 36 -0.14834  2.23133e-03
 37  0.25565 -2.30811e-02 | 38  0.24773  1.18516e-02 | 39  0.25340  1.01965e-02
 40  0.22474 -5.26809e-02 | 41 -0.05931 -5.27848e-02 | 42 -0.62482  1.11061e-01
 43  0.36908 -6.64932e-04 | 44 -0.34912  1.85131e-03 | 45  0.06926 -1.64226e-03
 46 -0.67225  2.11318e-03 | 47  1.00003 -2.43851e-03 | 48 -0.67204  1.77829e-03
 49 -0.04310 -5.41941e-03 | 50 -0.06602 -7.14081e-02 | 51 -0.28828  3.39432e-03
 52 -0.55627  9.45965e-02 |
52 variables; iteration 240; function evaluation 288; phase 3
Function value 2.3583822e+03; maximum gradient component mag -1.8918e-01
Var    Value     Gradient |Var    Value     Gradient |Var    Value     Gradient
  1  0.04166 -1.89182e-01 |  2  0.00011  6.16062e-04 |  3  0.04229 -1.54872e-03
  4 -0.01587  1.45322e-03 |  5 -0.13767  7.34705e-03 |  6 -0.02274 -1.56821e-03
  7 -0.11576  4.91933e-04 |  8 -0.07336  2.39018e-03 |  9  0.00562 -2.17429e-03
 10  0.10759 -3.54749e-03 | 11 -0.02413  1.83167e-03 | 12  0.01046  1.96322e-03
 13  0.03325  5.09690e-04 | 14  0.07553  3.19518e-03 | 15  0.01090  2.91856e-03
 16 -0.06278  2.46048e-03 | 17 -0.01206  4.11138e-03 | 18  0.04501  8.16535e-03
 19  0.06272  6.68507e-03 | 20 -0.02487  9.13842e-04 | 21 -0.12044  7.15621e-03
 22 -0.03929 -4.73334e-04 | 23  0.03799  3.40486e-03 | 24  0.01783  4.45869e-04
 25 -0.01439  6.56797e-03 | 26  0.08181  9.85574e-03 | 27  0.01774  5.93266e-03
 28  0.03648  9.93550e-03 | 29 -0.00003  3.01017e-03 | 30  0.05746 -5.61551e-03
 31  0.02184 -4.91325e-03 | 32  0.10400 -1.18617e-02 | 33  0.03285 -1.34305e-02
 34 -0.01767 -9.15246e-03 | 35  0.02556 -5.72117e-03 | 36 -0.14834  3.63296e-03
 37  0.25565  2.06547e-02 | 38  0.24773 -5.19702e-03 | 39  0.25340  1.19239e-03
 40  0.22474 -7.03904e-02 | 41 -0.04507 -6.62722e-02 | 42 -0.63194  6.35960e-02
 43  0.36908 -4.45404e-03 | 44 -0.34912  1.73763e-03 | 45  0.06926  8.28912e-03
 46 -0.67225 -5.20400e-03 | 47  1.00010  3.76586e-03 | 48 -0.67204  1.30110e-05
 49 -0.05288 -1.38489e-02 | 50 -0.07584 -8.24688e-02 | 51 -0.28256  6.99746e-03
 52 -0.54831  5.23534e-02 |
52 variables; iteration 260; function evaluation 312; phase 3
Function value 2.3583822e+03; maximum gradient component mag -9.4880e-02
Var    Value     Gradient |Var    Value     Gradient |Var    Value     Gradient
  1  0.04166 -9.48800e-02 |  2  0.00011  1.06021e-03 |  3  0.04230  4.62239e-05
  4 -0.01587  1.46720e-03 |  5 -0.13767  4.08854e-03 |  6 -0.02273  4.71402e-04
  7 -0.11576  8.51681e-04 |  8 -0.07336  1.37498e-03 |  9  0.00562 -5.12991e-04
 10  0.10759 -1.14372e-03 | 11 -0.02413  6.14804e-04 | 12  0.01046  4.33900e-04
 13  0.03325 -3.55657e-04 | 14  0.07553  4.81062e-04 | 15  0.01090  9.28950e-04
 16 -0.06278  7.80692e-04 | 17 -0.01207  1.38955e-03 | 18  0.04501  3.05322e-03
 19  0.06272  2.55569e-03 | 20 -0.02487  1.29427e-03 | 21 -0.12044  2.55313e-03
 22 -0.03929 -9.35928e-05 | 23  0.03799  1.52487e-03 | 24  0.01783  4.45738e-04
 25 -0.01439  2.39669e-03 | 26  0.08181  2.52883e-03 | 27  0.01774  2.04400e-03
 28  0.03647  3.20367e-03 | 29 -0.00003  9.41386e-04 | 30  0.05746 -2.59811e-03
 31  0.02184 -2.06412e-03 | 32  0.10399 -5.44128e-03 | 33  0.03285 -5.53236e-03
 34 -0.01767 -3.51223e-03 | 35  0.02556 -1.66365e-03 | 36 -0.14834  1.65263e-03
 37  0.25565 -6.13439e-03 | 38  0.24773 -1.56512e-03 | 39  0.25340  1.70009e-03
 40  0.22474 -2.88607e-02 | 41 -0.06862 -3.09078e-02 | 42 -0.63821  2.22962e-02
 43  0.36908 -9.20634e-04 | 44 -0.34912  1.04236e-03 | 45  0.06926  1.54067e-03
 46 -0.67225 -5.94235e-04 | 47  1.00004 -7.51767e-04 | 48 -0.67204  4.18531e-04
 49 -0.03672 -5.42474e-03 | 50 -0.05962 -3.95919e-02 | 51 -0.27763  2.13586e-03
 52 -0.54150  1.92113e-02 |
Warning: the following parameters had issues
  selparm[7] is within 0.1% of upper bound: -3.00000e+00 < 1.50000e+01 < 1.50000e+01


 - final statistics:
52 variables; iteration 271; function evaluation 323
Function value 2.3584e+03; maximum gradient component mag -8.6372e-05
Exit code = 1;  converg criter 1.0000e-04
Var    Value     Gradient |Var    Value     Gradient |Var    Value     Gradient
  1  0.04166  8.02144e-07 |  2  0.00011  2.31466e-06 |  3  0.04230  2.38462e-06
  4 -0.01587  2.35916e-06 |  5 -0.13767  1.98984e-06 |  6 -0.02273  3.80655e-06
  7 -0.11576  1.74821e-06 |  8 -0.07336 -7.00755e-08 |  9  0.00562  1.10742e-06
 10  0.10759  1.31443e-06 | 11 -0.02413 -8.76244e-07 | 12  0.01046 -1.81316e-06
 13  0.03325 -7.59634e-07 | 14  0.07553 -3.08490e-06 | 15  0.01090 -8.35228e-07
 16 -0.06278  1.09641e-07 | 17 -0.01207 -1.24590e-06 | 18  0.04501 -3.18162e-06
 19  0.06272 -3.51389e-06 | 20 -0.02487  1.33586e-06 | 21 -0.12044 -2.35758e-06
 22 -0.03929  2.56710e-07 | 23  0.03799 -1.64195e-08 | 24  0.01783  9.65077e-08
 25 -0.01439 -1.76911e-06 | 26  0.08181 -5.53836e-06 | 27  0.01774 -2.10269e-06
 28  0.03647 -4.08927e-06 | 29 -0.00003 -1.05465e-06 | 30  0.05746  5.97481e-09
 31  0.02184  7.67916e-07 | 32  0.10399 -3.00601e-07 | 33  0.03285  1.53681e-06
 34 -0.01767  2.71680e-06 | 35  0.02556  2.68214e-06 | 36 -0.14834 -1.04148e-06
 37  0.25565 -5.27244e-05 | 38  0.24773  4.10206e-06 | 39  0.25340  3.07770e-06
 40  0.22474  1.22336e-05 | 41 -0.06726  3.21785e-05 | 42 -0.63926 -8.63718e-05
 43  0.36908  3.42400e-06 | 44 -0.34912  3.20727e-07 | 45  0.06926 -9.58122e-06
 46 -0.67225  6.99819e-06 | 47  1.00005  2.26351e-07 | 48 -0.67205  1.11041e-06
 49 -0.03765  4.43386e-06 | 50 -0.06056  4.23433e-05 | 51 -0.27681 -5.98225e-06
 52 -0.54039 -7.65290e-05 |
Estimating row 1 out of 52 for hessian
Estimating row 2 out of 52 for hessian
Estimating row 3 out of 52 for hessian
Estimating row 4 out of 52 for hessian
Estimating row 5 out of 52 for hessian
Estimating row 6 out of 52 for hessian
Estimating row 7 out of 52 for hessian
Estimating row 8 out of 52 for hessian
Estimating row 9 out of 52 for hessian
Estimating row 10 out of 52 for hessian
Estimating row 11 out of 52 for hessian
Estimating row 12 out of 52 for hessian
Estimating row 13 out of 52 for hessian
Estimating row 14 out of 52 for hessian
Estimating row 15 out of 52 for hessian
Estimating row 16 out of 52 for hessian
Estimating row 17 out of 52 for hessian
Estimating row 18 out of 52 for hessian
Estimating row 19 out of 52 for hessian
Estimating row 20 out of 52 for hessian
Estimating row 21 out of 52 for hessian
Estimating row 22 out of 52 for hessian
Estimating row 23 out of 52 for hessian
Estimating row 24 out of 52 for hessian
Estimating row 25 out of 52 for hessian
Estimating row 26 out of 52 for hessian
Estimating row 27 out of 52 for hessian
Estimating row 28 out of 52 for hessian
Estimating row 29 out of 52 for hessian
Estimating row 30 out of 52 for hessian
Estimating row 31 out of 52 for hessian
Estimating row 32 out of 52 for hessian
Estimating row 33 out of 52 for hessian
Estimating row 34 out of 52 for hessian
Estimating row 35 out of 52 for hessian
Estimating row 36 out of 52 for hessian
Estimating row 37 out of 52 for hessian
Estimating row 38 out of 52 for hessian
Estimating row 39 out of 52 for hessian
Estimating row 40 out of 52 for hessian
Estimating row 41 out of 52 for hessian
Estimating row 42 out of 52 for hessian
Estimating row 43 out of 52 for hessian
Estimating row 44 out of 52 for hessian
Estimating row 45 out of 52 for hessian
Estimating row 46 out of 52 for hessian
Estimating row 47 out of 52 for hessian
Estimating row 48 out of 52 for hessian
Estimating row 49 out of 52 for hessian
Estimating row 50 out of 52 for hessian
Estimating row 51 out of 52 for hessian
Estimating row 52 out of 52 for hessian
size of file gradfil1.tmp = 0
size of file gradfil2.tmp = 0
size of file varssave.tmp = 0
size of file cmpdiff.tmp = 0
