
Initial statistics: 36 variables; iteration 0; function evaluation 0; phase 1
Function value 8.1067448e+03; maximum gradient component mag 1.7808e+04
Var    Value     Gradient |Var    Value     Gradient |Var    Value     Gradient
  1  0.04502  1.78079e+04 |  2 -0.01799 -3.24228e+02 |  3  0.02745 -4.04929e+02
  4 -0.03753 -3.49238e+02 |  5 -0.12070 -2.04381e+02 |  6 -0.00979 -2.75020e+02
  7 -0.11415 -2.42785e+02 |  8 -0.08107 -2.46687e+02 |  9  0.02739 -1.43578e+02
 10  0.09389 -1.06639e+02 | 11 -0.03250 -1.47213e+02 | 12 -0.04985 -2.85880e+02
 13  0.02667 -8.34017e+01 | 14  0.10195  2.40921e+02 | 15 -0.03212 -1.21865e+02
 16 -0.02220 -5.13506e+02 | 17  0.00553  7.05606e+02 | 18  0.02791 -6.33016e+02
 19  0.10072  6.68081e+02 | 20 -0.01764  1.93009e+02 | 21 -0.14703 -2.87463e+02
 22 -0.01119 -7.77438e+01 | 23  0.01404  7.17977e+01 | 24 -0.02737 -1.71574e+02
 25 -0.00982  1.98491e+02 | 26  0.07676  7.80379e+02 | 27  0.03839  3.35575e+02
 28  0.00422  6.96180e+01 | 29  0.00942  2.52347e+02 | 30  0.00425 -1.61651e+02
 31  0.03180  3.78023e+02 | 32  0.06706  1.80213e+02 | 33 -0.00883 -2.43695e+02
 34  0.02550  3.30129e+02 | 35  0.05471  3.09597e+02 | 36  0.00079  3.12163e+02

Intermediate statistics: 36 variables; iteration 20; function evaluation 31; phase 1
Function value 7.6941122e+03; maximum gradient component mag 4.2003e+03
Var    Value     Gradient |Var    Value     Gradient |Var    Value     Gradient
  1  0.03347  4.20031e+03 |  2  0.00063 -8.94485e+01 |  3  0.10142 -5.38923e+01
  4  0.01792 -8.53020e+01 |  5 -0.12275 -7.43567e+01 |  6  0.04015 -5.20825e+01
  7 -0.06341 -4.24161e+01 |  8 -0.03114 -3.73171e+01 |  9  0.01225 -7.39348e+01
 10  0.10234 -1.03253e+02 | 11 -0.04818 -7.90738e+01 | 12  0.01020 -5.12873e+01
 13  0.00465 -1.31657e+02 | 14  0.09599 -9.78877e+01 | 15 -0.04253 -8.22417e+01
 16  0.03750 -2.65211e+02 | 17 -0.11120  8.50630e+01 | 18  0.07636 -2.77918e+02
 19  0.02876  2.11406e+02 | 20 -0.07859  3.60103e+01 | 21 -0.13302 -7.02633e+01
 22 -0.00786  5.91501e+00 | 23 -0.02803 -2.30028e+01 | 24  0.05541  4.50730e+01
 25 -0.02759  6.56971e+01 | 26  0.03946  1.88777e+02 | 27  0.01126  2.71865e+01
 28  0.04979  1.37830e+02 | 29 -0.00692  1.60068e+02 | 30  0.04403  4.49713e+01
 31 -0.01692  1.25903e+02 | 32  0.07813  1.69673e+02 | 33  0.05595  6.05533e+01
 34  0.00245  2.09603e+02 | 35  0.03307  2.22871e+02 | 36 -0.17988 -1.21462e+00
36 variables; iteration 40; function evaluation 66; phase 1
Function value 7.6628933e+03; maximum gradient component mag 8.4538e+01
Var    Value     Gradient |Var    Value     Gradient |Var    Value     Gradient
  1  0.03135  8.45375e+01 |  2  0.03192  3.25922e-01 |  3  0.10624 -3.12785e+00
  4  0.03979 -1.69370e+00 |  5 -0.09523 -1.61697e+00 |  6  0.03476  1.55514e+00
  7 -0.07670 -5.48682e+00 |  8 -0.04707 -1.28307e+00 |  9  0.01470 -1.30909e+01
 10  0.11185 -3.00428e+01 | 11 -0.03698 -1.53916e+01 | 12  0.00586 -3.37553e+01
 13  0.03445 -4.33057e+01 | 14  0.09507  3.22696e+01 | 15 -0.04446 -2.85765e+00
 16  0.05378  3.94802e+00 | 17 -0.15755  5.08178e-01 | 18  0.10361 -2.92059e+00
 19 -0.00993 -8.73775e+00 | 20 -0.09125 -2.83295e+00 | 21 -0.10321  2.08300e+00
 22 -0.00992  4.89386e+00 | 23 -0.02334 -4.92346e+00 | 24  0.06116 -1.06877e+01
 25 -0.03320 -1.70845e+00 | 26  0.02081 -7.56365e+00 | 27  0.02479 -6.06484e+00
 28  0.05016 -1.25995e+01 | 29 -0.02457 -7.77549e+00 | 30  0.04813  1.77892e+01
 31 -0.04507 -3.63107e-01 | 32  0.07196  3.76720e+01 | 33  0.08545  7.39128e+01
 34 -0.02894  2.22392e+01 | 35  0.02428  1.58980e+01 | 36 -0.19495  8.02714e-01

 - final statistics:
36 variables; iteration 48; function evaluation 74
Function value 7.6622e+03; maximum gradient component mag -2.7649e+00
Exit code = 1;  converg criter 1.0000e+01
Var    Value     Gradient |Var    Value     Gradient |Var    Value     Gradient
  1  0.03163 -2.76490e+00 |  2  0.03011  3.85115e-02 |  3  0.10668 -2.55495e-02
  4  0.03987  4.18791e-02 |  5 -0.09485  3.74176e-02 |  6  0.03338  9.70610e-02
  7 -0.07534  1.34154e-02 |  8 -0.04876  6.57617e-02 |  9  0.01685  1.10851e-02
 10  0.11252  7.63036e-02 | 11 -0.03480  7.89692e-02 | 12  0.01410  8.76101e-02
 13  0.04441  5.92411e-02 | 14  0.08621  7.01077e-02 | 15 -0.04301  2.68598e-02
 16  0.05315 -1.14009e-03 | 17 -0.15870 -2.67717e-02 | 18  0.10315 -2.00836e-01
 19 -0.00905 -1.99498e-01 | 20 -0.09125 -7.07636e-02 | 21 -0.10569 -3.61187e-02
 22 -0.01191  8.30171e-02 | 23 -0.02271  2.76724e-03 | 24  0.06133 -4.45643e-02
 25 -0.03485  9.49622e-03 | 26  0.02092 -4.32003e-02 | 27  0.02406 -6.79041e-02
 28  0.04999 -1.29813e-01 | 29 -0.02424 -7.60628e-02 | 30  0.04604  5.54274e-03
 31 -0.04333 -3.39100e-02 | 32  0.07100 -6.36898e-02 | 33  0.08093 -4.35320e-02
 34 -0.02854  9.13470e-02 | 35  0.02487  1.30292e-01 | 36 -0.19627  6.41562e-02

Initial statistics: 46 variables; iteration 0; function evaluation 0; phase 2
Function value 7.6621811e+03; maximum gradient component mag -9.3087e+03
Var    Value     Gradient |Var    Value     Gradient |Var    Value     Gradient
  1  0.03163 -2.76490e+00 |  2  0.03011  3.77306e-02 |  3  0.10668 -2.63203e-02
  4  0.03987  4.10989e-02 |  5 -0.09485  3.66445e-02 |  6  0.03338  9.62804e-02
  7 -0.07534  1.26392e-02 |  8 -0.04876  6.49823e-02 |  9  0.01685  1.03037e-02
 10  0.11252  7.55340e-02 | 11 -0.03480  7.81887e-02 | 12  0.01410  8.68286e-02
 13  0.04441  5.84613e-02 | 14  0.08621  6.93332e-02 | 15 -0.04301  2.60799e-02
 16  0.05315 -1.91907e-03 | 17 -0.15870 -2.75292e-02 | 18  0.10315 -2.01607e-01
 19 -0.00905 -2.00280e-01 | 20 -0.09125 -7.15373e-02 | 21 -0.10569 -3.68897e-02
 22 -0.01191  8.22355e-02 | 23 -0.02271  1.98603e-03 | 24  0.06133 -4.53423e-02
 25 -0.03485  8.71570e-03 | 26  0.02092 -4.39816e-02 | 27  0.02406 -6.86852e-02
 28  0.04999 -1.30592e-01 | 29 -0.02424 -7.68439e-02 | 30  0.04604  4.76308e-03
 31 -0.04333 -3.46899e-02 | 32  0.07100 -6.44666e-02 | 33  0.08093 -4.43074e-02
 34 -0.02854  9.05661e-02 | 35  0.02487  1.29511e-01 | 36 -0.19627  6.34113e-02
 37  0.29631  9.06225e+03 | 38  0.23156 -9.30870e+03 | 39  0.49892  7.71507e+03
 40  0.28307  4.97706e+03 | 41 -0.07248 -7.56112e+02 | 42 -0.31018  1.25296e+03
 43 -0.01593 -1.49048e+02 | 44 -0.03897 -9.56078e+02 | 45 -0.29401  1.24770e+02
 46 -0.33622  8.12773e+02 |

Intermediate statistics: 46 variables; iteration 20; function evaluation 29; phase 2
Function value 5.8877844e+03; maximum gradient component mag -1.1003e+04
Var    Value     Gradient |Var    Value     Gradient |Var    Value     Gradient
  1  0.06713 -2.83576e+03 |  2 -0.02327  3.83569e+01 |  3  0.00493  4.25667e+01
  4 -0.05272  3.06615e+01 |  5 -0.17670  3.51308e+01 |  6 -0.08991  5.81191e+00
  7 -0.21052 -2.07293e+01 |  8 -0.15786 -1.41203e+01 |  9 -0.03182 -1.23796e+00
 10  0.12165 -1.93682e+01 | 11 -0.01740  5.89690e+00 | 12  0.04159 -3.43837e+00
 13  0.03123 -3.74807e+01 | 14  0.05487 -8.44998e+01 | 15 -0.03322 -1.07051e+01
 16  0.12398 -1.71867e+02 | 17  0.04436  3.97427e+01 | 18  0.23091 -1.45314e+01
 19  0.14634  2.87344e+01 | 20  0.02376 -5.97886e+01 | 21 -0.05319 -3.07957e+01
 22  0.00155 -1.20178e+02 | 23  0.00184 -9.60768e+01 | 24  0.00607 -3.26007e+01
 25  0.02092 -1.09608e+01 | 26  0.07920 -1.25138e+02 | 27 -0.03406 -5.26141e+01
 28 -0.00154 -7.03771e+01 | 29  0.01449  6.50606e+01 | 30  0.05518 -1.48528e+02
 31 -0.01147  6.01926e+01 | 32  0.12545  1.95496e+02 | 33  0.01857 -6.27317e+01
 34 -0.05210  1.53503e+02 | 35 -0.03092  1.50395e+02 | 36 -0.17980  5.09188e+01
 37  0.21141 -5.32835e+03 | 38  0.19839 -1.10025e+04 | 39  0.25952  2.00925e+03
 40  0.28070  8.64933e+03 | 41  0.00038  2.37518e+02 | 42 -0.63149  2.56801e+02
 43 -0.11797  4.91565e+00 | 44 -0.11367  3.35065e+02 | 45 -0.29661 -1.12247e+01
 46 -0.52862  2.49751e+02 |
46 variables; iteration 40; function evaluation 59; phase 2
Function value 5.2865287e+03; maximum gradient component mag -1.0632e+03
Var    Value     Gradient |Var    Value     Gradient |Var    Value     Gradient
  1  0.06305 -6.65797e+02 |  2 -0.03842 -2.64654e+01 |  3 -0.00830 -4.37439e+01
  4 -0.04343  6.95825e+00 |  5 -0.18058 -2.01865e+01 |  6 -0.02356  1.45608e+01
  7 -0.10185  2.28973e+01 |  8 -0.04574  5.42346e+01 |  9  0.00109  5.80462e+00
 10  0.10381  6.57405e+00 | 11 -0.03401  5.75238e-01 | 12  0.02449  1.16322e+01
 13  0.01562 -2.28036e+01 | 14  0.04303 -7.65442e+01 | 15 -0.03605  2.85670e+00
 16  0.11363 -2.77128e+01 | 17  0.05167  6.63047e+01 | 18  0.19215  1.13133e+02
 19  0.11517  2.76378e+01 | 20 -0.05550 -7.34306e+01 | 21 -0.07341 -9.68474e+00
 22 -0.06874 -1.18943e+02 | 23 -0.01644 -2.60624e+01 | 24  0.01306  1.89611e+01
 25  0.00512 -1.79832e+00 | 26  0.08015  4.84708e+01 | 27 -0.01224  2.02759e+01
 28  0.01113 -1.52592e+01 | 29  0.00384 -4.14407e+00 | 30  0.02115 -2.38623e+01
 31 -0.01338  1.51666e+01 | 32  0.11300  8.30153e+01 | 33  0.03128 -2.77018e+01
 34 -0.03080 -1.79375e+01 | 35  0.01306 -4.49213e+01 | 36 -0.17141  3.77850e+00
 37  0.23171 -2.41808e+02 | 38  0.26133 -1.06323e+03 | 39  0.22097 -3.67172e+02
 40  0.24329  5.46476e+01 | 41  0.54831  2.28657e+02 | 42 -0.52288 -5.52190e+01
 43 -0.47716  3.95039e+01 | 44 -0.49323  3.26241e+02 | 45 -0.39706 -3.29832e+01
 46 -0.70547 -9.43367e+00 |

 - final statistics:
46 variables; iteration 60; function evaluation 86
Function value 5.2663e+03; maximum gradient component mag -8.7388e+00
Exit code = 1;  converg criter 1.0000e+01
Var    Value     Gradient |Var    Value     Gradient |Var    Value     Gradient
  1  0.06237 -8.73878e+00 |  2 -0.01281  1.31481e-01 |  3  0.02723 -1.51115e-02
  4 -0.01923  2.18516e-01 |  5 -0.13823  1.29150e-01 |  6 -0.02299 -6.30528e-04
  7 -0.11174  1.72343e-01 |  8 -0.07713  2.99912e-02 |  9 -0.00366  1.95543e-02
 10  0.10343 -1.26744e-01 | 11 -0.03342  7.74065e-02 | 12  0.01789  1.28674e-01
 13  0.01720  4.16554e-02 | 14  0.05880 -9.33972e-02 | 15 -0.03618  1.24687e-01
 16  0.10206 -1.86841e-01 | 17  0.01217  2.06939e-01 | 18  0.15819 -3.67810e-02
 19  0.09947  8.74495e-02 | 20 -0.04120  1.18690e-01 | 21 -0.07112  6.25563e-02
 22 -0.03231 -2.48676e-01 | 23 -0.01722 -9.13439e-02 | 24  0.00996 -1.21624e-01
 25  0.01094  3.76677e-02 | 26  0.06349 -2.17594e-03 | 27 -0.02082 -1.66176e-01
 28  0.01209 -1.51448e-01 | 29 -0.00222  2.15877e-02 | 30  0.02317 -1.45210e-01
 31 -0.02264 -5.46391e-02 | 32  0.09567 -6.34734e-02 | 33  0.03245 -1.68785e-01
 34 -0.02578 -1.07177e-02 | 35  0.03053  3.11163e-02 | 36 -0.18733  2.97040e-02
 37  0.23521 -1.43576e+00 | 38  0.26932 -1.67448e+00 | 39  0.23155 -7.51903e-01
 40  0.24421 -9.44041e-01 | 41  0.60281 -5.75410e-01 | 42 -0.53181  3.92492e-01
 43 -0.52827 -1.02731e+00 | 44 -0.54291  4.46250e-02 | 45 -0.37911  4.62867e-01
 46 -0.70652 -5.61518e-02 |

Initial statistics: 52 variables; iteration 0; function evaluation 0; phase 3
Function value 5.2663135e+03; maximum gradient component mag -3.9129e+03
Var    Value     Gradient |Var    Value     Gradient |Var    Value     Gradient
  1  0.06237 -8.73878e+00 |  2 -0.01281  1.31830e-01 |  3  0.02723 -1.47623e-02
  4 -0.01923  2.18865e-01 |  5 -0.13823  1.29491e-01 |  6 -0.02299 -2.81254e-04
  7 -0.11174  1.72687e-01 |  8 -0.07713  3.03382e-02 |  9 -0.00366  1.99038e-02
 10  0.10343 -1.26399e-01 | 11 -0.03342  7.77555e-02 | 12  0.01789  1.29024e-01
 13  0.01720  4.20048e-02 | 14  0.05880 -9.30492e-02 | 15 -0.03618  1.25036e-01
 16  0.10206 -1.86496e-01 | 17  0.01217  2.07288e-01 | 18  0.15819 -3.64422e-02
 19  0.09947  8.77947e-02 | 20 -0.04120  1.19039e-01 | 21 -0.07112  6.29036e-02
 22 -0.03231 -2.48327e-01 | 23 -0.01722 -9.09945e-02 | 24  0.00996 -1.21275e-01
 25  0.01094  3.80171e-02 | 26  0.06349 -1.82817e-03 | 27 -0.02082 -1.65826e-01
 28  0.01209 -1.51098e-01 | 29 -0.00222  2.19372e-02 | 30  0.02317 -1.44861e-01
 31 -0.02264 -5.42899e-02 | 32  0.09567 -6.31279e-02 | 33  0.03245 -1.68436e-01
 34 -0.02578 -1.03685e-02 | 35  0.03053  3.14654e-02 | 36 -0.18733  3.00385e-02
 37  0.23521 -1.43576e+00 | 38  0.26932 -1.67448e+00 | 39  0.23155 -7.51903e-01
 40  0.24421 -9.44041e-01 | 41  0.60281 -5.75410e-01 | 42 -0.53181  3.92492e-01
 43  0.35780  4.18599e+00 | 44 -0.23915  1.24233e+02 | 45  0.04044 -3.91287e+03
 46 -0.89706  1.14921e+03 | 47  0.19985 -1.02124e+03 | 48 -0.94423  1.33560e+02
 49 -0.52827 -1.02731e+00 | 50 -0.54291  4.46250e-02 | 51 -0.37911  4.62867e-01
 52 -0.70652 -5.61518e-02 |

Intermediate statistics: 52 variables; iteration 20; function evaluation 30; phase 3
Function value 4.0594889e+03; maximum gradient component mag -1.0771e+04
Var    Value     Gradient |Var    Value     Gradient |Var    Value     Gradient
  1  0.04349 -1.03054e+04 |  2 -0.00512  2.26249e+02 |  3  0.03619  1.95450e+02
  4 -0.01277  2.45504e+02 |  5 -0.13575  2.49002e+02 |  6 -0.01509  2.41359e+02
  7 -0.10696  2.52151e+02 |  8 -0.06490  2.43860e+02 |  9  0.01699  2.12291e+02
 10  0.12828  8.83946e+01 | 11  0.00065  2.11474e+02 | 12  0.05055  1.66515e+02
 13  0.04008  1.09790e+02 | 14  0.08304  3.20360e+01 | 15  0.08046  2.96909e+02
 16 -0.10397 -1.11356e+02 | 17  0.05442  3.31288e+02 | 18  0.08622 -1.40981e+01
 19  0.14947  5.40412e+01 | 20  0.01340  2.46515e+02 | 21  0.02456  2.32505e+02
 22  0.07989  4.04320e+01 | 23 -0.41051  2.27487e+01 | 24  0.09063  2.04038e+02
 25  0.13262  8.87001e+01 | 26 -0.01396 -1.90837e+02 | 27  0.07373 -4.21230e+01
 28  0.04962 -1.01111e+02 | 29  0.06896  1.60711e+01 | 30  0.01230 -1.78025e+02
 31  0.06962  6.31825e+01 | 32  0.13206 -1.71539e+02 | 33  0.04694  1.66447e+02
 34  0.00739  1.93226e+02 | 35  0.05817  1.17198e+01 | 36 -0.94427  9.55478e+00
 37  0.22226 -5.15541e+03 | 38  0.17026 -1.07706e+04 | 39  0.26025  1.02531e+03
 40  0.22487  2.04338e+02 | 41  0.49848 -1.61528e+02 | 42 -0.63342  8.86756e+01
 43  0.32483  1.78260e+02 | 44 -0.31334  1.27939e+02 | 45  0.48516 -3.55220e+03
 46 -0.81391  1.28437e+03 | 47  0.55341 -3.02249e+02 | 48 -0.80064  4.40703e+01
 49 -0.44608 -1.00172e+02 | 50 -0.47432 -1.47336e+02 | 51 -0.25294  8.34249e+01
 52 -0.55955  2.14379e+01 |
52 variables; iteration 40; function evaluation 54; phase 3
Function value 3.4710104e+03; maximum gradient component mag -6.9134e+03
Var    Value     Gradient |Var    Value     Gradient |Var    Value     Gradient
  1  0.04986 -6.91339e+03 |  2  0.01060 -1.18147e+01 |  3  0.10923  5.52434e+01
  4  0.04973  6.09914e+01 |  5 -0.10638 -4.00136e+00 |  6 -0.05517 -9.54801e+01
  7 -0.16959 -5.74255e+01 |  8 -0.12395 -4.45136e+01 |  9 -0.04544 -7.85477e+01
 10  0.14218 -2.61051e+01 | 11 -0.01078 -2.22055e+01 | 12 -0.02396 -1.38514e+02
 13  0.04488 -7.99362e+00 | 14  0.11486  2.79097e+01 | 15  0.10760  6.30734e+01
 16 -0.19972 -2.31616e+02 | 17  0.05788  5.43847e+01 | 18  0.03108 -2.79765e+02
 19  0.17897  7.90607e+01 | 20 -0.06295 -1.19785e+02 | 21  0.00079 -1.27173e+02
 22  0.00804 -2.50619e+02 | 23 -0.38275 -2.09430e+02 | 24  0.02791 -1.43172e+02
 25  0.10060 -3.64482e+01 | 26  0.09950 -1.52145e+02 | 27  0.01514 -2.45115e+02
 28  0.07820 -2.27199e+02 | 29  0.01383 -2.33025e+02 | 30  0.15669  1.07705e+02
 31  0.01068 -2.23110e+02 | 32  0.13192 -4.11448e+02 | 33 -0.05216 -2.73918e+02
 34 -0.02774 -2.36717e+02 | 35  0.08641 -1.61800e+02 | 36 -0.49084 -7.91595e+01
 37  0.23068 -5.69063e+02 | 38  0.18871 -5.86235e+03 | 39  0.23032 -2.29277e+02
 40  0.20070 -3.72512e+03 | 41  0.46015 -7.22512e+01 | 42 -0.59188 -2.50349e+02
 43  0.34328  5.89377e+01 | 44 -0.35659 -3.93969e+01 | 45  0.65981 -1.12730e+03
 46 -0.81932  3.68149e+02 | 47  0.69156 -2.42999e+02 | 48 -1.32519 -7.57435e+01
 49 -0.59597 -2.12033e+02 | 50 -0.44734  1.65958e+02 | 51 -0.45236 -1.14637e+02
 52 -0.61813 -9.46705e+01 |
52 variables; iteration 60; function evaluation 83; phase 3
Function value 3.0432371e+03; maximum gradient component mag 3.4704e+02
Var    Value     Gradient |Var    Value     Gradient |Var    Value     Gradient
  1  0.06881  5.03819e+01 |  2 -0.01814 -1.02203e+01 |  3  0.01837 -2.03615e+01
  4 -0.02307 -3.34097e+00 |  5 -0.17165 -4.45119e+01 |  6 -0.01214 -6.56324e+00
  7 -0.08688  2.55947e+01 |  8 -0.07096 -9.69285e+00 |  9  0.00280 -2.17004e+00
 10  0.10788  1.43151e+00 | 11 -0.03422 -2.57803e+01 | 12  0.02642  7.01674e+00
 13  0.01353 -2.47427e+01 | 14  0.07318  1.76669e+01 | 15  0.03011  2.32646e+01
 16 -0.08665 -7.34700e+01 | 17  0.02630  5.70691e+01 | 18  0.08777  1.23523e+01
 19  0.12327 -8.98737e+00 | 20 -0.04101 -2.41895e+01 | 21 -0.02095 -2.47977e+01
 22 -0.01608  9.53885e-01 | 23 -0.04475  9.30538e+00 | 24  0.03034 -2.68718e+01
 25  0.07003  1.41510e+01 | 26  0.06662  4.41393e+01 | 27  0.01008 -4.10528e+01
 28  0.04096 -2.01700e+01 | 29  0.02809 -5.72383e+00 | 30  0.05525 -2.75486e+01
 31  0.01480 -3.37611e+01 | 32  0.11164  2.92767e+00 | 33 -0.00642  1.73131e+01
 34 -0.02875 -1.37451e+01 | 35  0.03757  2.40931e+01 | 36 -0.33454 -1.32245e+01
 37  0.22543 -2.93455e+02 | 38  0.21674  3.47038e+02 | 39  0.23018  1.35342e+02
 40  0.21000  2.55049e+02 | 41  0.64678 -3.56124e+01 | 42 -0.66133  1.76585e+02
 43  0.33164 -1.88538e+01 | 44 -0.34502  8.95321e+00 | 45  0.91603 -9.87384e+01
 46 -0.80609  1.05669e+02 | 47  0.93817 -1.45142e+01 | 48 -1.29374 -2.88871e+00
 49 -0.57678 -3.76443e+01 | 50 -0.57194 -2.32542e+01 | 51 -0.24889  3.87900e+01
 52 -0.51936  1.53012e+02 |
52 variables; iteration 80; function evaluation 103; phase 3
Function value 3.0259012e+03; maximum gradient component mag 1.8629e+01
Var    Value     Gradient |Var    Value     Gradient |Var    Value     Gradient
  1  0.07984  1.86294e+01 |  2 -0.01835 -1.08199e-01 |  3  0.02102 -4.29321e-01
  4 -0.01859  1.16378e-02 |  5 -0.13612  1.68082e-01 |  6 -0.02165 -4.86297e-01
  7 -0.10852 -8.89025e-03 |  8 -0.07873  1.65118e-01 |  9 -0.00934 -2.89210e-01
 10  0.09775 -5.98275e-01 | 11 -0.03044 -1.95257e-01 | 12  0.01940 -8.33165e-02
 13  0.01510  2.17675e-01 | 14  0.06115  1.24014e+00 | 15  0.01601 -7.81816e-02
 16 -0.05327 -7.46690e-02 | 17  0.00896  2.00203e-01 | 18  0.08703  4.77218e-01
 19  0.12888  1.01882e+00 | 20 -0.02855  3.92354e-01 | 21 -0.01003  1.60584e+00
 22 -0.01953  3.06700e+00 | 23 -0.05767  1.05352e+00 | 24  0.03956  5.63518e-01
 25  0.06526  6.62027e-01 | 26  0.05154  2.01296e+00 | 27  0.02022  1.11626e+00
 28  0.04427  1.03626e+00 | 29  0.03144  4.57534e-01 | 30  0.06189  2.30565e-01
 31  0.02665  2.43288e-01 | 32  0.10855  1.49884e-01 | 33 -0.01563  2.92970e-01
 34 -0.02663 -3.34682e-01 | 35  0.03386  2.36451e-01 | 36 -0.31752  1.29885e-02
 37  0.21938  1.54006e+00 | 38  0.20853 -1.73782e+00 | 39  0.22170  3.73127e+00
 40  0.20274 -9.06915e-01 | 41  0.51478 -1.22063e+00 | 42 -0.65890  3.01150e-01
 43  0.33028  3.22670e-01 | 44 -0.34502 -9.82192e-01 | 45  0.99963 -2.69678e-01
 46 -0.99158  8.18541e-01 | 47  0.99546 -7.97191e-01 | 48 -1.29616 -1.07847e+00
 49 -0.49718 -9.11939e-01 | 50 -0.50146 -9.19291e-01 | 51 -0.26911 -2.24617e-01
 52 -0.53598  4.64088e-01 |
52 variables; iteration 100; function evaluation 123; phase 3
Function value 3.0258770e+03; maximum gradient component mag -7.6337e-02
Var    Value     Gradient |Var    Value     Gradient |Var    Value     Gradient
  1  0.07850 -7.63372e-02 |  2 -0.01778 -3.11262e-03 |  3  0.02183 -8.80463e-04
  4 -0.01822  1.29832e-03 |  5 -0.13581 -4.16900e-03 |  6 -0.02105  1.49644e-03
  7 -0.10806 -3.74417e-03 |  8 -0.07819 -3.12513e-03 |  9 -0.00854 -6.80072e-03
 10  0.09826 -1.82073e-02 | 11 -0.03005 -9.24956e-03 | 12  0.01947 -1.61042e-02
 13  0.01544 -1.81183e-02 | 14  0.06107 -2.52234e-02 | 15  0.01582 -4.41729e-03
 16 -0.05341 -2.40136e-03 | 17  0.00837 -1.63619e-03 | 18  0.08639  1.69385e-03
 19  0.12807 -2.68578e-03 | 20 -0.02931 -5.32268e-03 | 21 -0.01113 -1.83366e-03
 22 -0.02066  1.24674e-03 | 23 -0.05779 -5.88333e-03 | 24  0.03959 -9.06106e-03
 25  0.06534 -7.69107e-03 | 26  0.05159 -8.05495e-03 | 27  0.01996 -6.28849e-03
 28  0.04408 -5.62070e-03 | 29  0.03100 -6.11960e-03 | 30  0.06176 -1.01402e-03
 31  0.02636 -1.53365e-03 | 32  0.10866  9.05578e-03 | 33 -0.01559 -2.07408e-04
 34 -0.02617  1.80182e-03 | 35  0.03407 -2.55656e-03 | 36 -0.31781 -1.31394e-03
 37  0.22031 -5.43062e-03 | 38  0.20931  1.37665e-03 | 39  0.22257 -1.83156e-02
 40  0.20350  1.96305e-02 | 41  0.50645 -2.26768e-02 | 42 -0.65856  1.04719e-02
 43  0.33098  5.15414e-03 | 44 -0.34483 -7.42924e-03 | 45  0.99999  4.18529e-03
 46 -0.99707 -4.56437e-03 | 47  0.99997  3.45765e-03 | 48 -1.28970  9.35461e-04
 49 -0.48950 -3.42820e-03 | 50 -0.49496 -4.10420e-02 | 51 -0.26856  1.38759e-03
 52 -0.53591  1.00895e-02 |
52 variables; iteration 120; function evaluation 145; phase 3
Function value 3.0258764e+03; maximum gradient component mag -1.3145e+00
Var    Value     Gradient |Var    Value     Gradient |Var    Value     Gradient
  1  0.07850 -9.30366e-01 |  2 -0.01777  5.03004e-02 |  3  0.02184  5.94215e-02
  4 -0.01821  3.71704e-02 |  5 -0.13581  2.16252e-02 |  6 -0.02104  4.53232e-02
  7 -0.10804  5.41599e-02 |  8 -0.07818  4.66620e-02 |  9 -0.00854  3.25525e-02
 10  0.09826 -8.38738e-03 | 11 -0.03005  2.47647e-02 | 12  0.01946 -4.71417e-03
 13  0.01543 -2.53002e-02 | 14  0.06105 -4.07001e-02 | 15  0.01580 -1.92434e-02
 16 -0.05343 -8.33263e-03 | 17  0.00836  1.24321e-02 | 18  0.08637 -1.34839e-02
 19  0.12808  4.43053e-02 | 20 -0.02930  4.82750e-02 | 21 -0.01113  2.59412e-02
 22 -0.02065  5.05057e-02 | 23 -0.05778  4.58820e-02 | 24  0.03959  2.33274e-02
 25  0.06534  3.97528e-02 | 26  0.05160  5.44476e-02 | 27  0.01996  2.69447e-02
 28  0.04408  8.31166e-03 | 29  0.03100  3.35934e-02 | 30  0.06176  1.38999e-02
 31  0.02637  4.26844e-02 | 32  0.10866  4.56789e-02 | 33 -0.01558  3.97560e-02
 34 -0.02617  3.48869e-02 | 35  0.03408  8.96880e-02 | 36 -0.31781  2.96185e-02
 37  0.22031 -3.21446e-01 | 38  0.20930 -9.72716e-02 | 39  0.22257  1.16644e-01
 40  0.20349 -5.12583e-01 | 41  0.40265 -9.55017e-01 | 42 -0.64602  8.06813e-01
 43  0.33098  4.41720e-02 | 44 -0.34484 -2.71475e-02 | 45  1.00000 -1.38506e-01
 46 -0.99720 -2.17751e-02 | 47  0.99974 -4.44761e-03 | 48 -1.28963  1.25034e-02
 49 -0.41828 -4.94846e-02 | 50 -0.42322 -1.31445e+00 | 51 -0.27800 -1.13496e-02
 52 -0.54889  7.66094e-01 |
52 variables; iteration 140; function evaluation 168; phase 3
Function value 3.0258756e+03; maximum gradient component mag 3.5535e-01
Var    Value     Gradient |Var    Value     Gradient |Var    Value     Gradient
  1  0.07850  2.78312e-02 |  2 -0.01778  2.50828e-02 |  3  0.02182  2.70876e-02
  4 -0.01823  1.76461e-02 |  5 -0.13581  2.75439e-02 |  6 -0.02106  1.60552e-02
  7 -0.10806  2.01992e-02 |  8 -0.07820  2.17413e-02 |  9 -0.00854  2.61491e-02
 10  0.09828  4.59211e-02 | 11 -0.03003  2.84915e-02 | 12  0.01949  3.13439e-02
 13  0.01546  2.37525e-02 | 14  0.06108  3.03339e-02 | 15  0.01582  1.19452e-02
 16 -0.05342  1.29317e-02 | 17  0.00836  5.71801e-03 | 18  0.08639  1.69985e-02
 19  0.12807  1.94878e-02 | 20 -0.02931  2.57257e-02 | 21 -0.01114  1.54902e-02
 22 -0.02067 -1.97389e-03 | 23 -0.05779  1.50701e-02 | 24  0.03960  3.29698e-02
 25  0.06534  3.59199e-02 | 26  0.05160  3.92405e-02 | 27  0.01996  4.12045e-02
 28  0.04408  4.05540e-02 | 29  0.03100  2.91590e-02 | 30  0.06176  2.36313e-02
 31  0.02636  1.61809e-02 | 32  0.10865  4.80726e-04 | 33 -0.01559  1.90232e-02
 34 -0.02618  5.37955e-03 | 35  0.03406  1.63954e-02 | 36 -0.31783  1.13536e-02
 37  0.22031  7.21649e-03 | 38  0.20931  2.51360e-02 | 39  0.22257  2.62609e-02
 40  0.20350  4.11990e-02 | 41  0.23997 -1.82732e-01 | 42 -0.61755  3.55347e-01
 43  0.33098 -2.58918e-03 | 44 -0.34483  2.50127e-02 | 45  0.99995 -3.17434e-02
 46 -0.99697  7.91826e-03 | 47  1.00049  1.11801e-02 | 48 -1.28974 -3.92932e-03
 49 -0.30239  5.98393e-02 | 50 -0.30682 -3.17902e-01 | 51 -0.30068 -2.83921e-03
 52 -0.58124  2.93383e-01 |
52 variables; iteration 160; function evaluation 191; phase 3
Function value 3.0258753e+03; maximum gradient component mag -3.4019e-01
Var    Value     Gradient |Var    Value     Gradient |Var    Value     Gradient
  1  0.07850 -6.42926e-02 |  2 -0.01779 -4.42736e-02 |  3  0.02182 -4.39122e-02
  4 -0.01822 -3.38652e-02 |  5 -0.13582 -5.01102e-02 |  6 -0.02105 -3.07769e-02
  7 -0.10805 -3.36849e-02 |  8 -0.07820 -3.81154e-02 |  9 -0.00855 -4.78451e-02
 10  0.09825 -7.49271e-02 | 11 -0.03006 -5.22399e-02 | 12  0.01946 -6.15801e-02
 13  0.01545 -4.43568e-02 | 14  0.06108 -4.13118e-02 | 15  0.01583 -1.80077e-02
 16 -0.05340 -1.63511e-02 | 17  0.00838 -1.92033e-02 | 18  0.08639 -1.63047e-02
 19  0.12807 -4.46409e-02 | 20 -0.02931 -4.88175e-02 | 21 -0.01113 -2.75687e-02
 22 -0.02065 -2.06400e-02 | 23 -0.05779 -3.89485e-02 | 24  0.03958 -6.01550e-02
 25  0.06533 -6.89955e-02 | 26  0.05158 -8.15941e-02 | 27  0.01995 -7.89115e-02
 28  0.04407 -6.98973e-02 | 29  0.03099 -5.33078e-02 | 30  0.06175 -4.12617e-02
 31  0.02636 -3.35191e-02 | 32  0.10866 -4.44660e-03 | 33 -0.01559 -3.15698e-02
 34 -0.02617 -1.22086e-02 | 35  0.03407 -2.18745e-02 | 36 -0.31778 -2.01616e-02
 37  0.22031  1.53058e-03 | 38  0.20930 -1.12177e-01 | 39  0.22257 -7.87115e-02
 40  0.20350  1.30185e-01 | 41  0.12924  1.45194e-01 | 42 -0.59315 -3.40193e-01
 43  0.33098  1.83398e-02 | 44 -0.34484 -4.12377e-02 | 45  0.99999  1.82979e-02
 46 -0.99706 -4.14258e-03 | 47  1.00001 -1.45032e-02 | 48 -1.28969  2.85826e-03
 49 -0.22285 -9.54918e-03 | 50 -0.22700  2.08368e-01 | 51 -0.32180 -2.09980e-02
 52 -0.61273 -2.37193e-01 |
52 variables; iteration 180; function evaluation 216; phase 3
Function value 3.0258753e+03; maximum gradient component mag 1.5533e-01
Var    Value     Gradient |Var    Value     Gradient |Var    Value     Gradient
  1  0.07850 -4.14829e-03 |  2 -0.01778 -1.85245e-04 |  3  0.02183 -5.11894e-04
  4 -0.01822 -2.88237e-05 |  5 -0.13581  3.35537e-04 |  6 -0.02105  5.86805e-05
  7 -0.10806  2.23590e-04 |  8 -0.07820 -1.78071e-04 |  9 -0.00854 -3.18124e-04
 10  0.09827 -6.93033e-04 | 11 -0.03004 -6.79532e-04 | 12  0.01948 -1.07998e-03
 13  0.01545 -5.86354e-04 | 14  0.06108  5.89104e-05 | 15  0.01582 -4.21340e-04
 16 -0.05341 -1.00849e-03 | 17  0.00837 -1.19479e-03 | 18  0.08639  3.05812e-04
 19  0.12807  1.56133e-04 | 20 -0.02931 -8.27725e-04 | 21 -0.01113 -1.39261e-03
 22 -0.02066 -2.65598e-03 | 23 -0.05779 -1.09794e-03 | 24  0.03959 -3.20039e-04
 25  0.06534 -5.24041e-04 | 26  0.05159 -1.29727e-03 | 27  0.01996 -2.46200e-03
 28  0.04408 -8.08212e-04 | 29  0.03100 -9.09082e-04 | 30  0.06176  7.81748e-04
 31  0.02636 -3.72520e-04 | 32  0.10865  2.81303e-03 | 33 -0.01559  1.14485e-03
 34 -0.02618  7.56585e-04 | 35  0.03407  3.23468e-03 | 36 -0.31781 -2.70809e-04
 37  0.22031 -5.68013e-03 | 38  0.20931 -3.27840e-03 | 39  0.22257 -6.67200e-04
 40  0.20350  8.97547e-03 | 41  0.05821 -4.96592e-02 | 42 -0.57542  1.55326e-01
 43  0.33098  1.89703e-03 | 44 -0.34483 -1.40924e-03 | 45  0.99999  5.49989e-03
 46 -0.99702  1.46794e-03 | 47  0.99998  4.02019e-03 | 48 -1.28971 -1.22934e-04
 49 -0.17212  2.00943e-03 | 50 -0.17618 -7.39468e-02 | 51 -0.33805  1.83707e-03
 52 -0.63818  9.84033e-02 |
52 variables; iteration 200; function evaluation 237; phase 3
Function value 3.0258753e+03; maximum gradient component mag 2.7445e-02
Var    Value     Gradient |Var    Value     Gradient |Var    Value     Gradient
  1  0.07850  4.22818e-03 |  2 -0.01778 -1.20772e-03 |  3  0.02183 -9.80405e-04
  4 -0.01822 -1.03190e-03 |  5 -0.13581 -1.34404e-03 |  6 -0.02105 -4.82071e-04
  7 -0.10806 -9.63934e-04 |  8 -0.07820 -1.16078e-03 |  9 -0.00854 -1.32941e-03
 10  0.09827 -2.24450e-03 | 11 -0.03004 -1.44377e-03 | 12  0.01948 -1.70943e-03
 13  0.01545 -1.04051e-03 | 14  0.06108 -7.41327e-04 | 15  0.01582  5.37695e-04
 16 -0.05341  6.49389e-05 | 17  0.00837 -4.93987e-05 | 18  0.08639 -2.16178e-04
 19  0.12807 -9.96375e-04 | 20 -0.02931 -1.04228e-03 | 21 -0.01113 -1.01807e-03
 22 -0.02066 -1.57022e-03 | 23 -0.05779 -1.31329e-03 | 24  0.03959 -1.33534e-03
 25  0.06534 -1.38996e-03 | 26  0.05159 -2.60830e-03 | 27  0.01996 -2.63175e-03
 28  0.04408 -1.97286e-03 | 29  0.03100 -1.83047e-03 | 30  0.06176 -1.10015e-03
 31  0.02636 -9.07876e-04 | 32  0.10865  1.05854e-04 | 33 -0.01559 -1.61911e-05
 34 -0.02618 -2.80374e-04 | 35  0.03407  9.25964e-04 | 36 -0.31781 -9.13744e-04
 37  0.22031 -3.00679e-03 | 38  0.20930 -1.56500e-03 | 39  0.22257 -1.42124e-03
 40  0.20350  9.06384e-03 | 41  0.04890  6.05294e-03 | 42 -0.57327  2.74450e-02
 43  0.33098  8.09490e-04 | 44 -0.34483 -1.49510e-03 | 45  0.99999  7.58674e-03
 46 -0.99703  4.12564e-04 | 47  0.99974 -4.55736e-03 | 48 -1.28971 -5.67809e-05
 49 -0.16551  1.76500e-03 | 50 -0.16955  4.72533e-03 | 51 -0.34008 -7.66029e-04
 52 -0.64145  1.49133e-02 |
52 variables; iteration 220; function evaluation 261; phase 3
Function value 3.0258751e+03; maximum gradient component mag -6.9594e-01
Var    Value     Gradient |Var    Value     Gradient |Var    Value     Gradient
  1  0.07850 -2.21631e-01 |  2 -0.01779 -2.91577e-02 |  3  0.02182 -3.07575e-02
  4 -0.01822 -2.48763e-02 |  5 -0.13582 -2.86916e-02 |  6 -0.02105 -2.42438e-02
  7 -0.10806 -2.04575e-02 |  8 -0.07820 -2.49416e-02 |  9 -0.00854 -3.15208e-02
 10  0.09826 -5.38996e-02 | 11 -0.03005 -3.43725e-02 | 12  0.01947 -3.84742e-02
 13  0.01545 -1.92726e-02 | 14  0.06108 -1.70423e-02 | 15  0.01583 -3.51084e-04
 16 -0.05340 -7.66182e-03 | 17  0.00838 -1.05784e-02 | 18  0.08639 -7.58086e-03
 19  0.12807 -3.05805e-02 | 20 -0.02931 -4.10853e-02 | 21 -0.01113 -2.81008e-02
 22 -0.02067 -4.30981e-02 | 23 -0.05779 -3.49397e-02 | 24  0.03959 -3.32539e-02
 25  0.06533 -3.93106e-02 | 26  0.05159 -5.66151e-02 | 27  0.01995 -6.08093e-02
 28  0.04407 -5.13044e-02 | 29  0.03099 -3.66508e-02 | 30  0.06175 -2.83162e-02
 31  0.02636 -3.03351e-02 | 32  0.10865 -2.23511e-02 | 33 -0.01559 -2.92608e-02
 34 -0.02617 -8.45606e-03 | 35  0.03407 -2.02236e-03 | 36 -0.31779 -9.92601e-03
 37  0.22031  1.60737e-02 | 38  0.20931 -7.62401e-02 | 39  0.22257 -5.07396e-02
 40  0.20350  1.48482e-01 | 41 -0.02580 -5.16456e-01 | 42 -0.59020  5.88755e-01
 43  0.33098  1.04966e-02 | 44 -0.34484 -2.16886e-02 | 45  1.00004  2.66349e-02
 46 -0.99692  1.45401e-02 | 47  1.00003 -2.88599e-03 | 48 -1.28974 -4.48922e-03
 49 -0.11293 -4.42606e-02 | 50 -0.11690 -6.95941e-01 | 51 -0.32443  1.32901e-02
 52 -0.61677  4.11916e-01 |
52 variables; iteration 240; function evaluation 283; phase 3
Function value 3.0258751e+03; maximum gradient component mag 1.8912e-01
Var    Value     Gradient |Var    Value     Gradient |Var    Value     Gradient
  1  0.07850  1.11032e-01 |  2 -0.01778 -1.06227e-04 |  3  0.02183  2.31263e-03
  4 -0.01822 -4.58654e-04 |  5 -0.13581 -1.36268e-03 |  6 -0.02105 -7.61098e-04
  7 -0.10806 -8.56470e-04 |  8 -0.07820 -9.23508e-04 |  9 -0.00854  1.10944e-04
 10  0.09827  2.48892e-03 | 11 -0.03004 -2.59037e-04 | 12  0.01948  1.62194e-03
 13  0.01545  7.97777e-04 | 14  0.06107  2.29534e-03 | 15  0.01582  5.64118e-04
 16 -0.05341 -6.89692e-04 | 17  0.00837 -1.27197e-04 | 18  0.08639  4.70927e-05
 19  0.12807  1.96117e-03 | 20 -0.02931 -4.63826e-05 | 21 -0.01113 -1.12144e-04
 22 -0.02066  1.61159e-03 | 23 -0.05779 -4.03782e-05 | 24  0.03959  1.87694e-03
 25  0.06534  2.17599e-03 | 26  0.05159  3.98483e-03 | 27  0.01996  1.64416e-03
 28  0.04408  1.95607e-03 | 29  0.03100  3.20331e-04 | 30  0.06176  4.20940e-04
 31  0.02636 -1.87347e-04 | 32  0.10865  3.60250e-03 | 33 -0.01559  1.05314e-03
 34 -0.02618 -4.08396e-04 | 35  0.03407 -3.18049e-03 | 36 -0.31781 -1.31222e-03
 37  0.22031  1.22528e-02 | 38  0.20930  1.49535e-04 | 39  0.22257  3.56357e-03
 40  0.20350  4.41045e-03 | 41 -0.09171  1.42766e-01 | 42 -0.60276 -2.54165e-02
 43  0.33098  9.09001e-04 | 44 -0.34483  4.37083e-04 | 45  1.00003  1.39329e-02
 46 -0.99704 -6.81907e-04 | 47  1.00019  2.94532e-03 | 48 -1.28971  1.93982e-04
 49 -0.06736  1.93934e-02 | 50 -0.07128  1.89117e-01 | 51 -0.31330 -6.54684e-03
 52 -0.59986 -1.72195e-02 |
52 variables; iteration 260; function evaluation 308; phase 3
Function value 3.0258750e+03; maximum gradient component mag 5.2261e-02
Var    Value     Gradient |Var    Value     Gradient |Var    Value     Gradient
  1  0.07850  2.81349e-02 |  2 -0.01778 -8.69320e-05 |  3  0.02183  3.77523e-04
  4 -0.01822 -1.44663e-04 |  5 -0.13581 -1.57978e-04 |  6 -0.02105 -6.49255e-05
  7 -0.10806 -2.48307e-04 |  8 -0.07820 -2.16105e-04 |  9 -0.00854  1.33312e-04
 10  0.09827  8.00165e-04 | 11 -0.03004  9.94622e-05 | 12  0.01948  6.11489e-04
 13  0.01545  5.05146e-04 | 14  0.06108  6.61078e-04 | 15  0.01582  1.86888e-04
 16 -0.05341 -1.20543e-04 | 17  0.00837 -5.49499e-05 | 18  0.08639  7.08275e-05
 19  0.12807  2.92903e-04 | 20 -0.02931  1.47192e-04 | 21 -0.01113  8.16130e-05
 22 -0.02066  3.61271e-04 | 23 -0.05779  1.17949e-05 | 24  0.03959  5.18191e-04
 25  0.06534  6.07213e-04 | 26  0.05159  1.06871e-03 | 27  0.01996  5.34935e-04
 28  0.04408  7.36466e-04 | 29  0.03100  2.03201e-04 | 30  0.06176  2.98812e-04
 31  0.02636  8.24389e-05 | 32  0.10865  8.28908e-04 | 33 -0.01559  2.30736e-04
 34 -0.02618 -1.37871e-04 | 35  0.03407 -8.57176e-04 | 36 -0.31781 -3.04105e-04
 37  0.22031  3.43926e-03 | 38  0.20930  1.37009e-03 | 39  0.22257  8.04931e-04
 40  0.20350  1.77144e-03 | 41 -0.13224  3.78981e-02 | 42 -0.61192 -1.31504e-02
 43  0.33098  9.65564e-05 | 44 -0.34483  1.64943e-04 | 45  1.00002  5.46786e-03
 46 -0.99703 -7.65634e-05 | 47  0.99972 -4.89490e-03 | 48 -1.28971  1.14206e-05
 49 -0.03983  4.51304e-03 | 50 -0.04374  5.22605e-02 | 51 -0.30543 -1.15606e-03
 52 -0.58819 -1.14236e-02 |
52 variables; iteration 280; function evaluation 328; phase 3
Function value 3.0258750e+03; maximum gradient component mag -2.7241e-02
Var    Value     Gradient |Var    Value     Gradient |Var    Value     Gradient
  1  0.07850 -1.23877e-02 |  2 -0.01778 -1.64895e-04 |  3  0.02183 -5.91527e-04
  4 -0.01822 -1.14909e-04 |  5 -0.13581  1.79614e-04 |  6 -0.02105 -1.41513e-04
  7 -0.10806 -1.54214e-05 |  8 -0.07820 -3.73125e-05 |  9 -0.00854 -1.29449e-04
 10  0.09827 -5.21032e-04 | 11 -0.03004 -1.09213e-04 | 12  0.01948 -2.32976e-04
 13  0.01545  6.26931e-06 | 14  0.06108 -1.52076e-04 | 15  0.01582  1.21553e-05
 16 -0.05341  3.75550e-05 | 17  0.00837 -1.05453e-04 | 18  0.08639  7.61303e-05
 19  0.12807 -4.05233e-04 | 20 -0.02931 -1.80280e-04 | 21 -0.01113 -9.67697e-05
 22 -0.02066 -3.46612e-04 | 23 -0.05779 -2.55502e-04 | 24  0.03959 -3.69479e-04
 25  0.06534 -5.13259e-04 | 26  0.05159 -6.84753e-04 | 27  0.01996 -4.56411e-04
 28  0.04408 -3.35535e-04 | 29  0.03100 -2.46873e-04 | 30  0.06176 -1.11090e-04
 31  0.02636 -1.73757e-04 | 32  0.10865 -4.99745e-04 | 33 -0.01559 -2.56332e-04
 34 -0.02618 -8.12193e-06 | 35  0.03407  3.80501e-04 | 36 -0.31781  9.97206e-05
 37  0.22031 -6.93793e-05 | 38  0.20930  2.71168e-04 | 39  0.22257 -7.51143e-04
 40  0.20350  1.55430e-03 | 41 -0.14408 -2.06384e-02 | 42 -0.61492  1.12134e-02
 43  0.33098 -8.40845e-06 | 44 -0.34483 -1.02364e-04 | 45  1.00002  6.61296e-03
 46 -0.99703  1.74362e-04 | 47  0.99992 -1.57407e-04 | 48 -1.28971 -6.29512e-05
 49 -0.03187 -2.77213e-03 | 50 -0.03579 -2.72412e-02 | 51 -0.30290  1.38858e-03
 52 -0.58447  6.65833e-03 |
52 variables; iteration 300; function evaluation 350; phase 3
Function value 3.0258750e+03; maximum gradient component mag 1.6879e-01
Var    Value     Gradient |Var    Value     Gradient |Var    Value     Gradient
  1  0.07850  9.54673e-02 |  2 -0.01778  4.47858e-03 |  3  0.02183  9.91584e-03
  4 -0.01822  3.87058e-03 |  5 -0.13581 -1.99315e-03 |  6 -0.02105  3.63237e-03
  7 -0.10806  2.42010e-03 |  8 -0.07819  3.15575e-03 |  9 -0.00854  2.86230e-03
 10  0.09827  8.84897e-03 | 11 -0.03004  2.44844e-03 | 12  0.01948  2.23662e-03
 13  0.01545 -4.21770e-03 | 14  0.06107  7.29946e-04 | 15  0.01582 -2.24756e-03
 16 -0.05342 -2.81030e-03 | 17  0.00837  1.09547e-03 | 18  0.08639 -2.77867e-05
 19  0.12807  9.72689e-03 | 20 -0.02931  1.93325e-03 | 21 -0.01113  1.20402e-03
 22 -0.02066  4.20255e-03 | 23 -0.05779  3.11944e-03 | 24  0.03959  6.07479e-03
 25  0.06534  9.54264e-03 | 26  0.05159  1.01139e-02 | 27  0.01996  7.56718e-03
 28  0.04408  5.02028e-03 | 29  0.03100  5.42590e-03 | 30  0.06176  2.29668e-03
 31  0.02636  2.92999e-03 | 32  0.10865  8.07372e-03 | 33 -0.01559  3.18831e-03
 34 -0.02618 -7.27314e-05 | 35  0.03407  4.32083e-04 | 36 -0.31781  4.24813e-04
 37  0.22031 -1.04794e-02 | 38  0.20930 -6.31332e-03 | 39  0.22257  1.28229e-02
 40  0.20350 -3.23582e-02 | 41 -0.11614  6.50630e-02 | 42 -0.62381  1.68786e-01
 43  0.33098 -1.12537e-03 | 44 -0.34483  1.35537e-03 | 45  1.00000 -5.19145e-02
 46 -0.99705 -3.15984e-03 | 47  0.99992  9.20698e-07 | 48 -1.28970  1.03692e-03
 49 -0.05071  3.25625e-02 | 50 -0.05463  6.36672e-02 | 51 -0.29553 -1.31983e-02
 52 -0.57376  1.51331e-01 |
52 variables; iteration 320; function evaluation 373; phase 3
Function value 3.0258750e+03; maximum gradient component mag -1.1500e-02
Var    Value     Gradient |Var    Value     Gradient |Var    Value     Gradient
  1  0.07850 -5.22452e-03 |  2 -0.01778  7.34912e-05 |  3  0.02183 -4.59941e-06
  4 -0.01822  5.30304e-05 |  5 -0.13581  8.00226e-05 |  6 -0.02105  3.26578e-05
  7 -0.10806  1.02098e-04 |  8 -0.07820  8.80552e-05 |  9 -0.00854  4.28520e-05
 10  0.09827 -7.35584e-05 | 11 -0.03004  3.22178e-05 | 12  0.01948 -5.94010e-05
 13  0.01545 -7.63041e-05 | 14  0.06108 -1.01382e-04 | 15  0.01582 -3.49288e-05
 16 -0.05341  1.05536e-05 | 17  0.00837  1.64581e-05 | 18  0.08639 -9.65615e-07
 19  0.12807  7.68847e-07 | 20 -0.02931  4.56399e-05 | 21 -0.01113  1.41427e-05
 22 -0.02066 -3.02131e-06 | 23 -0.05779  2.13474e-05 | 24  0.03959 -4.07523e-05
 25  0.06534 -4.96899e-05 | 26  0.05159 -7.20950e-05 | 27  0.01996 -2.36293e-05
 28  0.04408 -5.37455e-05 | 29  0.03100  5.25603e-06 | 30  0.06176 -1.75859e-05
 31  0.02636  1.20824e-05 | 32  0.10865 -8.81732e-05 | 33 -0.01559  1.31123e-05
 34 -0.02618  4.94176e-05 | 35  0.03407  1.96408e-04 | 36 -0.31781  8.32346e-05
 37  0.22031 -4.98482e-04 | 38  0.20930 -3.13156e-04 | 39  0.22257 -3.38726e-05
 40  0.20350 -4.72566e-04 | 41 -0.07597 -8.33957e-03 | 42 -0.63546  5.26196e-03
 43  0.33098  3.14575e-05 | 44 -0.34483 -4.70911e-07 | 45  1.00001 -1.78880e-04
 46 -0.99703 -1.23318e-05 | 47  0.99992  4.80645e-05 | 48 -1.28971  6.40430e-06
 49 -0.07816 -8.63966e-04 | 50 -0.08210 -1.14999e-02 | 51 -0.28618  2.76578e-04
 52 -0.56042  4.00674e-03 |
52 variables; iteration 340; function evaluation 395; phase 3
Function value 3.0258750e+03; maximum gradient component mag 2.5454e-02
Var    Value     Gradient |Var    Value     Gradient |Var    Value     Gradient
  1  0.07850  2.29748e-02 |  2 -0.01778 -1.55351e-05 |  3  0.02183  2.61051e-04
  4 -0.01822  5.64523e-05 |  5 -0.13581 -2.34357e-04 |  6 -0.02105  5.64709e-06
  7 -0.10806 -3.21886e-04 |  8 -0.07820 -1.72156e-04 |  9 -0.00854 -8.49176e-05
 10  0.09827  6.11836e-04 | 11 -0.03004  4.15456e-05 | 12  0.01948  4.71177e-04
 13  0.01545  7.28626e-05 | 14  0.06108  7.03758e-04 | 15  0.01582 -8.16032e-06
 16 -0.05341 -2.91887e-04 | 17  0.00837 -1.62445e-04 | 18  0.08639  2.51897e-04
 19  0.12807  6.75725e-04 | 20 -0.02931 -1.09401e-04 | 21 -0.01113  8.60478e-05
 22 -0.02066  2.79111e-04 | 23 -0.05779 -1.29198e-04 | 24  0.03959  4.36956e-04
 25  0.06534  3.82189e-04 | 26  0.05159  5.08484e-04 | 27  0.01996  3.71771e-04
 28  0.04408  5.70413e-04 | 29  0.03100  1.86578e-04 | 30  0.06176  3.46351e-04
 31  0.02636  4.32182e-06 | 32  0.10865  1.20519e-03 | 33 -0.01559  1.28462e-04
 34 -0.02618 -1.87678e-04 | 35  0.03407 -3.13273e-04 | 36 -0.31781 -2.53017e-04
 37  0.22031  2.33609e-03 | 38  0.20930  1.82210e-03 | 39  0.22257  4.88204e-04
 40  0.20350  1.88082e-03 | 41 -0.08918  2.00889e-02 | 42 -0.64227  1.38194e-02
 43  0.33098 -1.25889e-04 | 44 -0.34483  5.02126e-05 | 45  1.00003  1.39351e-02
 46 -0.99703 -2.24151e-04 | 47  0.99993  1.82227e-04 | 48 -1.28971  4.29189e-05
 49 -0.06909  3.80664e-03 | 50 -0.07302  2.54537e-02 | 51 -0.28085 -2.66262e-04
 52 -0.55293  1.27909e-02 |
52 variables; iteration 360; function evaluation 417; phase 3
Function value 3.0258750e+03; maximum gradient component mag 1.6010e-02
Var    Value     Gradient |Var    Value     Gradient |Var    Value     Gradient
  1  0.07850  2.51948e-03 |  2 -0.01778 -2.66599e-04 |  3  0.02183  2.34497e-04
  4 -0.01822 -2.81988e-04 |  5 -0.13581 -6.66077e-04 |  6 -0.02105  5.47649e-05
  7 -0.10806 -1.03544e-04 |  8 -0.07820 -1.03548e-04 |  9 -0.00854 -7.69424e-05
 10  0.09827  3.76115e-04 | 11 -0.03004 -2.69495e-04 | 12  0.01948 -5.26390e-04
 13  0.01545 -6.85570e-04 | 14  0.06107 -5.59767e-04 | 15  0.01582 -1.90876e-04
 16 -0.05341 -4.46395e-04 | 17  0.00837 -7.03138e-05 | 18  0.08639 -4.21168e-04
 19  0.12807  1.09357e-04 | 20 -0.02931 -5.09681e-04 | 21 -0.01113 -5.35585e-04
 22 -0.02066 -8.01954e-04 | 23 -0.05779 -2.86062e-04 | 24  0.03959  4.76654e-05
 25  0.06534  7.20076e-04 | 26  0.05159  5.36398e-04 | 27  0.01996 -1.38802e-04
 28  0.04408 -3.16486e-04 | 29  0.03100 -8.01183e-05 | 30  0.06176 -5.58151e-04
 31  0.02636 -3.90163e-04 | 32  0.10865 -5.63953e-04 | 33 -0.01559 -4.57981e-04
 34 -0.02618 -4.27926e-04 | 35  0.03407 -4.64480e-04 | 36 -0.31781 -1.12325e-04
 37  0.22031 -2.78205e-04 | 38  0.20930 -2.80955e-03 | 39  0.22257  5.56470e-04
 40  0.20350 -1.62791e-03 | 41 -0.09343 -6.46604e-04 | 42 -0.64495  1.60095e-02
 43  0.33098  1.90464e-05 | 44 -0.34483 -1.17078e-04 | 45  1.00001 -2.45569e-05
 46 -0.99703  3.50269e-04 | 47  0.99989 -8.38049e-04 | 48 -1.28971 -8.58428e-05
 49 -0.06618  1.64375e-03 | 50 -0.07011 -2.58387e-03 | 51 -0.27879 -1.25751e-03
 52 -0.55004  1.58437e-02 |
Warning: the following parameters had issues
  selparm[5] is within 0.1% of upper bound: -1.00000e+00 < 1.50000e+01 < 1.50000e+01
  selparm[6] is within 0.1% of lower bound: -1.00000e+00 < -9.99886e-01 < 2.00000e+01
  selparm[7] is within 0.1% of upper bound: -3.00000e+00 < 1.50000e+01 < 1.50000e+01


 - final statistics:
52 variables; iteration 372; function evaluation 429
Function value 3.0259e+03; maximum gradient component mag -6.5251e-05
Exit code = 1;  converg criter 1.0000e-04
Var    Value     Gradient |Var    Value     Gradient |Var    Value     Gradient
  1  0.07850 -4.16304e-05 |  2 -0.01778  5.10876e-07 |  3  0.02183  5.57304e-07
  4 -0.01822  2.74678e-07 |  5 -0.13581 -3.48093e-07 |  6 -0.02105  5.66789e-07
  7 -0.10806  1.09477e-06 |  8 -0.07820  1.00801e-06 |  9 -0.00854  7.19892e-07
 10  0.09827  6.92063e-07 | 11 -0.03004  2.13478e-07 | 12  0.01948 -1.06797e-06
 13  0.01545 -2.44289e-06 | 14  0.06108 -2.88277e-06 | 15  0.01582 -1.13294e-06
 16 -0.05341 -4.02253e-07 | 17  0.00837  2.54171e-08 | 18  0.08639 -9.00235e-07
 19  0.12807  3.23494e-07 | 20 -0.02931  7.32373e-07 | 21 -0.01113  1.90573e-07
 22 -0.02066  1.20700e-06 | 23 -0.05779  4.62153e-07 | 24  0.03959 -4.20575e-07
 25  0.06534  5.90517e-07 | 26  0.05159  7.24976e-07 | 27  0.01996  1.25237e-06
 28  0.04408 -1.77176e-08 | 29  0.03100  2.70830e-07 | 30  0.06176 -1.17153e-06
 31  0.02636  1.11985e-07 | 32  0.10865 -1.67608e-06 | 33 -0.01559 -1.52420e-07
 34 -0.02618 -4.40216e-07 | 35  0.03407 -1.45865e-07 | 36 -0.31781  5.09730e-07
 37  0.22031 -3.20472e-06 | 38  0.20930 -5.84773e-06 | 39  0.22257 -1.05274e-07
 40  0.20350 -1.34903e-05 | 41 -0.09317 -4.87147e-05 | 42 -0.64544  6.69489e-06
 43  0.33098 -1.44316e-07 | 44 -0.34483  1.22268e-07 | 45  1.00001 -7.52026e-06
 46 -0.99703 -9.81563e-07 | 47  0.99992 -2.12915e-06 | 48 -1.28971  3.60754e-07
 49 -0.06636 -5.92439e-06 | 50 -0.07029 -6.52506e-05 | 51 -0.27841 -1.09540e-06
 52 -0.54952  7.04618e-06 |
Estimating row 1 out of 52 for hessian
Estimating row 2 out of 52 for hessian
Estimating row 3 out of 52 for hessian
Estimating row 4 out of 52 for hessian
Estimating row 5 out of 52 for hessian
Estimating row 6 out of 52 for hessian
Estimating row 7 out of 52 for hessian
Estimating row 8 out of 52 for hessian
Estimating row 9 out of 52 for hessian
Estimating row 10 out of 52 for hessian
Estimating row 11 out of 52 for hessian
Estimating row 12 out of 52 for hessian
Estimating row 13 out of 52 for hessian
Estimating row 14 out of 52 for hessian
Estimating row 15 out of 52 for hessian
Estimating row 16 out of 52 for hessian
Estimating row 17 out of 52 for hessian
Estimating row 18 out of 52 for hessian
Estimating row 19 out of 52 for hessian
Estimating row 20 out of 52 for hessian
Estimating row 21 out of 52 for hessian
Estimating row 22 out of 52 for hessian
Estimating row 23 out of 52 for hessian
Estimating row 24 out of 52 for hessian
Estimating row 25 out of 52 for hessian
Estimating row 26 out of 52 for hessian
Estimating row 27 out of 52 for hessian
Estimating row 28 out of 52 for hessian
Estimating row 29 out of 52 for hessian
Estimating row 30 out of 52 for hessian
Estimating row 31 out of 52 for hessian
Estimating row 32 out of 52 for hessian
Estimating row 33 out of 52 for hessian
Estimating row 34 out of 52 for hessian
Estimating row 35 out of 52 for hessian
Estimating row 36 out of 52 for hessian
Estimating row 37 out of 52 for hessian
Estimating row 38 out of 52 for hessian
Estimating row 39 out of 52 for hessian
Estimating row 40 out of 52 for hessian
Estimating row 41 out of 52 for hessian
Estimating row 42 out of 52 for hessian
Estimating row 43 out of 52 for hessian
Estimating row 44 out of 52 for hessian
Estimating row 45 out of 52 for hessian
Estimating row 46 out of 52 for hessian
Estimating row 47 out of 52 for hessian
Estimating row 48 out of 52 for hessian
Estimating row 49 out of 52 for hessian
Estimating row 50 out of 52 for hessian
Estimating row 51 out of 52 for hessian
Estimating row 52 out of 52 for hessian
size of file gradfil1.tmp = 0
size of file gradfil2.tmp = 0
size of file varssave.tmp = 0
size of file cmpdiff.tmp = 0
