
Initial statistics: 37 variables; iteration 0; function evaluation 0; phase 1
Function value 6.1120521e+03; maximum gradient component mag 2.4968e+04
Var    Value     Gradient |Var    Value     Gradient |Var    Value     Gradient
  1  0.26198  2.49680e+04 |  2  0.00000 -3.32810e+02 |  3  0.00000 -4.92800e+02
  4  0.00000 -3.92195e+02 |  5  0.00000 -2.33601e+02 |  6  0.00000 -4.64528e+02
  7  0.00000 -2.56163e+02 |  8  0.00000 -2.43656e+02 |  9  0.00000 -2.46623e+02
 10  0.00000 -4.97611e+02 | 11  0.00000  1.46592e+01 | 12  0.00000 -2.45409e+02
 13  0.00000 -6.84852e+01 | 14  0.00000 -1.49803e+02 | 15  0.00000 -1.14597e+02
 16  0.00000  1.77547e+02 | 17  0.00000  1.66287e+01 | 18  0.00000 -6.20349e+01
 19  0.00000 -1.44480e+02 | 20  0.00000  1.43224e+02 | 21  0.00000  1.41567e+02
 22  0.00000  3.85993e+01 | 23  0.00000  3.08037e+01 | 24  0.00000  1.38185e+02
 25  0.00000  3.81344e+02 | 26  0.00000  4.74277e+02 | 27  0.00000  4.26302e+02
 28  0.00000  4.96677e+02 | 29  0.00000  2.78165e+02 | 30  0.00000  3.09290e+02
 31  0.00000  3.57328e+02 | 32  0.00000  2.35743e+02 | 33  0.00000  4.25816e+02
 34  0.00000  3.38131e+02 | 35  0.00000 -3.59452e+01 | 36  0.00000 -6.97099e+01
 37  0.00000 -3.73835e+02 |

Intermediate statistics: 37 variables; iteration 20; function evaluation 34; phase 1
Function value 3.1654148e+03; maximum gradient component mag -5.9920e+03
Var    Value     Gradient |Var    Value     Gradient |Var    Value     Gradient
  1  0.01544 -5.99202e+03 |  2 -0.08611 -1.91476e+01 |  3  0.03908  1.53272e+01
  4 -0.15665 -1.93778e+02 |  5 -0.23078 -7.64576e+01 |  6 -0.16739 -1.82441e+02
  7 -0.27425  3.60094e+00 |  8 -0.26394 -3.86282e+01 |  9  0.00633  1.37410e+02
 10  0.20329  4.89465e+02 | 11  0.03885  2.52082e+02 | 12  0.00557 -1.17147e+02
 13  0.06175  1.08246e+02 | 14  0.08286  1.28384e+02 | 15  0.09646  2.45862e+02
 16  0.08390  3.55941e+02 | 17  0.10633  1.94097e+02 | 18  0.11315  1.13481e+02
 19  0.12368  1.17477e+02 | 20  0.06826  2.26303e+02 | 21  0.05954  2.69586e+02
 22  0.06322  2.86749e+02 | 23  0.04160  1.70035e+02 | 24  0.09258  1.63984e+02
 25  0.07633  1.48766e+02 | 26  0.05921  8.53462e+01 | 27  0.06910  7.80836e+01
 28  0.05605  1.39304e+02 | 29  0.08525  1.42329e+02 | 30  0.11824  1.78498e+02
 31  0.03306 -1.08983e+02 | 32  0.06182 -1.21778e+02 | 33  0.00592 -7.44333e+01
 34  0.03907 -1.59188e+02 | 35  0.03986 -2.95309e+02 | 36 -0.12444  7.55677e+01
 37 -0.68644  3.11427e+01 |
37 variables; iteration 40; function evaluation 69; phase 1
Function value 3.0202811e+03; maximum gradient component mag -9.3124e+02
Var    Value     Gradient |Var    Value     Gradient |Var    Value     Gradient
  1  0.02096 -9.31238e+02 |  2 -0.02920  1.39068e+01 |  3 -0.00906 -2.33223e+01
  4 -0.07723 -2.51712e+01 |  5 -0.20729 -6.32762e+01 |  6 -0.08697 -1.20798e+01
  7 -0.20508 -4.34488e+01 |  8 -0.12104 -7.77343e+00 |  9  0.01597  9.20625e+01
 10  0.13530  1.20994e+02 | 11 -0.01720  5.19059e+01 | 12  0.08848  6.82509e+01
 13  0.05481  4.59374e+01 | 14  0.04411 -2.87307e+01 | 15  0.02874 -2.37933e+01
 16 -0.00470  5.73068e+01 | 17  0.05504 -3.10410e+00 | 18  0.08948  6.32407e-01
 19  0.10047  3.02221e+01 | 20  0.01114  7.06478e+00 | 21  0.00072  4.18372e+01
 22 -0.00297  3.50725e+01 | 23  0.00212  6.99823e+00 | 24  0.07079  9.96477e+00
 25  0.07417  8.85138e+01 | 26  0.07782  9.20137e+01 | 27  0.08907  1.09894e+02
 28  0.05165  4.57239e+01 | 29  0.08391  3.87183e+01 | 30  0.08034 -3.84857e+01
 31  0.05898 -8.37845e+01 | 32  0.06402 -1.10336e+02 | 33  0.02212 -1.58431e+01
 34  0.03601  4.71576e+01 | 35  0.07984  3.11303e+01 | 36 -0.07781  2.89859e+01
 37 -0.69737 -3.02694e+01 |

 - final statistics:
37 variables; iteration 52; function evaluation 84
Function value 2.9777e+03; maximum gradient component mag -5.9822e+00
Exit code = 1;  converg criter 1.0000e+01
Var    Value     Gradient |Var    Value     Gradient |Var    Value     Gradient
  1  0.03137 -5.98219e+00 |  2 -0.05333  1.49184e-01 |  3 -0.02201 -8.83916e-02
  4 -0.08986  2.07861e-01 |  5 -0.16884  1.54639e-01 |  6 -0.08277  1.29711e-01
  7 -0.15716  1.68863e-01 |  8 -0.10607  1.03594e-01 |  9 -0.02755 -3.73808e-02
 10  0.08826  4.50623e-03 | 11 -0.06102  2.56197e-01 | 12  0.05022  8.66292e-02
 13  0.02795  2.19042e-01 | 14  0.04014  8.00073e-02 | 15  0.02412 -2.53365e-03
 16 -0.03658  1.86683e-01 | 17  0.04560 -1.50526e-02 | 18  0.07649  7.05442e-02
 19  0.07983 -2.08239e-02 | 20 -0.00210  2.05266e-01 | 21 -0.02304  1.76444e-01
 22 -0.02434  2.81645e-01 | 23 -0.01153  1.57970e-02 | 24  0.05417 -2.58104e-01
 25  0.04082 -2.09418e-01 | 26  0.04386  6.46472e-02 | 27  0.05142  1.22459e-01
 28  0.02602 -5.18912e-02 | 29  0.05739 -1.34933e-02 | 30  0.07253  3.40830e-02
 31  0.06010 -2.04682e-02 | 32  0.06644  6.02804e-02 | 33  0.01036  6.11559e-02
 34  0.00420  2.87863e-01 | 35  0.05455  3.22051e-01 | 36 -0.10315  2.34314e-01
 37 -0.00880  9.14671e-02 |

Initial statistics: 45 variables; iteration 0; function evaluation 0; phase 2
Function value 2.9777395e+03; maximum gradient component mag -2.0962e+03
Var    Value     Gradient |Var    Value     Gradient |Var    Value     Gradient
  1  0.03137 -5.98219e+00 |  2 -0.05333  6.39279e-02 |  3 -0.02201 -1.73896e-01
  4 -0.08986  1.23155e-01 |  5 -0.16884  7.20741e-02 |  6 -0.08277  4.48768e-02
  7 -0.15716  8.59008e-02 |  8 -0.10607  1.92223e-02 |  9 -0.02755 -1.22857e-01
 10  0.08826 -8.02288e-02 | 11 -0.06102  1.71033e-01 | 12  0.05022  1.33938e-03
 13  0.02795  1.33568e-01 | 14  0.04014 -5.37855e-03 | 15  0.02412 -8.80281e-02
 16 -0.03658  1.01269e-01 | 17  0.04560 -1.00389e-01 | 18  0.07649 -1.43949e-02
 19  0.07983 -1.05708e-01 | 20 -0.00210  1.19710e-01 | 21 -0.02304  9.09444e-02
 22 -0.02434  1.96151e-01 | 23 -0.01153 -6.97449e-02 | 24  0.05417 -3.43351e-01
 25  0.04082 -2.94798e-01 | 26  0.04386 -2.07057e-02 | 27  0.05142  3.71824e-02
 28  0.02602 -1.37376e-01 | 29  0.05739 -9.87019e-02 | 30  0.07253 -5.09182e-02
 31  0.06009 -1.05643e-01 | 32  0.06644 -2.48100e-02 | 33  0.01036 -2.43887e-02
 34  0.00420  2.02309e-01 | 35  0.05454  2.36809e-01 | 36 -0.10315  1.49879e-01
 37 -0.00880  5.91935e-03 | 38  0.21935 -1.55413e+03 | 39  0.21935 -2.09623e+03
 40  0.21935  1.14186e+03 | 41  0.43912  2.06763e+02 | 42  0.03033 -1.70111e+02
 43  0.07979  1.30417e+02 | 44  0.24471  8.23177e+01 | 45  0.33333  1.46903e+02

Intermediate statistics: 45 variables; iteration 20; function evaluation 33; phase 2
Function value 2.8322417e+03; maximum gradient component mag -1.4123e+04
Var    Value     Gradient |Var    Value     Gradient |Var    Value     Gradient
  1 -0.00138 -1.41230e+04 |  2 -0.01164  1.29815e+02 |  3  0.04530  7.45352e+01
  4 -0.05725  1.32043e+02 |  5 -0.15926  1.56915e+02 |  6 -0.04959  1.52314e+02
  7 -0.16568  1.68850e+02 |  8 -0.10123  1.52240e+02 |  9 -0.00514  1.09070e+02
 10  0.13976  1.34144e+00 | 11 -0.05744  1.16171e+02 | 12  0.04973  2.32586e+01
 13  0.03142 -2.03834e+01 | 14  0.05081 -1.02932e+02 | 15 -0.00052 -6.95484e+01
 16 -0.04385 -4.16673e+00 | 17  0.01732 -2.05862e+02 | 18  0.01757 -1.72576e+02
 19  0.03766 -1.66984e+02 | 20 -0.03534  2.94722e+01 | 21 -0.06437  3.13563e+01
 22 -0.04321  1.27490e+01 | 23  0.00860  1.61955e+01 | 24  0.06087 -7.68936e+01
 25  0.01104 -1.21103e+02 | 26  0.05698 -1.35379e+02 | 27  0.04976 -7.76260e+01
 28  0.01426 -1.47315e+00 | 29  0.01887 -2.08887e+01 | 30  0.05034 -5.07429e+01
 31  0.05303 -2.46886e+01 | 32  0.08210 -6.80985e+01 | 33  0.02835  3.76468e+01
 34  0.00412  1.51403e+01 | 35  0.07355 -1.37137e+02 | 36 -0.07947  1.28927e+02
 37 -0.02333  1.83672e+02 | 38  0.25359 -1.20333e+03 | 39  0.24496 -3.04951e+03
 40  0.22832 -8.53142e+02 | 41  0.46515 -2.49895e+02 | 42 -0.17439  1.66131e+03
 43 -0.39309 -1.33696e+02 | 44 -0.12489 -1.76704e+02 | 45 -0.08244 -1.42738e+02
45 variables; iteration 40; function evaluation 58; phase 2
Function value 2.6765706e+03; maximum gradient component mag -1.6875e+04
Var    Value     Gradient |Var    Value     Gradient |Var    Value     Gradient
  1 -0.00902 -1.68753e+04 |  2  0.10144  3.47930e+02 |  3  0.06293  1.39203e+02
  4 -0.01997  2.06401e+02 |  5 -0.23459  9.99133e+01 |  6 -0.02029  2.15648e+02
  7 -0.20182  1.30887e+02 |  8 -0.14084  1.19981e+02 |  9  0.05535  1.80202e+02
 10  0.14072 -8.93640e+01 | 11 -0.00213  1.99466e+02 | 12  0.05082  4.00645e+01
 13 -0.02009 -4.64738e+01 | 14  0.06009 -2.15934e+02 | 15  0.08207 -1.48922e+02
 16 -0.14887 -4.14051e+01 | 17  0.01203 -1.41091e+02 | 18  0.08377 -8.29849e+01
 19  0.01399 -2.24462e+02 | 20 -0.05808 -4.04939e+01 | 21 -0.06518  1.01552e+02
 22 -0.04547  1.39003e+02 | 23  0.00880  1.29034e+02 | 24  0.04259 -1.54716e+02
 25  0.03405 -1.11624e+02 | 26  0.03026 -3.77684e+02 | 27  0.06936 -7.46125e+02
 28  0.02313 -6.35345e+02 | 29 -0.01531 -4.30864e+02 | 30  0.01935 -3.01013e+02
 31  0.06318 -4.24235e+01 | 32  0.09051 -4.60630e+01 | 33  0.02226  1.24315e+02
 34  0.04414  3.29100e+02 | 35  0.10919  3.99332e+02 | 36 -0.08245  1.84040e+02
 37 -0.19325  1.70426e+02 | 38  0.26231 -1.03172e+03 | 39  0.25740 -1.58690e+03
 40  0.23014 -1.41796e+03 | 41  0.62700 -6.72054e+02 | 42 -0.43958  1.24504e+03
 43 -0.84674 -7.98329e+01 | 44 -0.46591 -2.42948e+02 | 45 -0.42321 -8.70864e+02
45 variables; iteration 60; function evaluation 84; phase 2
Function value 2.4703376e+03; maximum gradient component mag -1.3941e+03
Var    Value     Gradient |Var    Value     Gradient |Var    Value     Gradient
  1  0.01250 -1.39410e+03 |  2  0.00358  4.24040e+01 |  3  0.05020  2.70830e+01
  4 -0.04769 -5.67596e+00 |  5 -0.13887  1.45658e+01 |  6 -0.03186  2.98508e+01
  7 -0.12836  2.35503e+01 |  8 -0.08770  8.71519e+00 |  9 -0.00724  1.35976e+01
 10  0.12015 -2.48528e+01 | 11 -0.07794 -8.80961e+00 | 12  0.03022 -5.10837e+01
 13  0.02650 -3.34386e+01 | 14  0.05988 -4.75529e+00 | 15  0.01823 -2.47838e+00
 16 -0.04947  3.60989e+01 | 17  0.02958  2.81026e+01 | 18  0.06984  3.16484e+01
 19  0.07042  3.95858e+01 | 20 -0.03686 -3.30860e+00 | 21 -0.07940 -1.74086e+00
 22 -0.07197 -2.54087e+01 | 23 -0.01481  5.30183e+00 | 24  0.05150 -3.42732e+01
 25  0.03192 -1.68925e+01 | 26  0.04869 -8.94959e+00 | 27  0.03895 -4.65254e+01
 28 -0.01241 -7.92250e+01 | 29  0.01743 -3.53012e+01 | 30  0.05738  4.05036e-01
 31  0.05688  2.53903e+01 | 32  0.06992  8.64479e+00 | 33 -0.00257 -4.52686e+00
 34 -0.03283 -8.36393e+00 | 35  0.04800  1.65163e+01 | 36 -0.07932  3.08229e+01
 37 -0.00127  1.83261e+01 | 38  0.24851 -7.69861e+01 | 39  0.24608 -2.76134e+00
 40  0.22874 -6.24219e+01 | 41  0.93020  1.82352e+01 | 42 -0.46308 -5.85357e+01
 43 -1.04015 -1.55601e+01 | 44 -0.65547  2.04582e+01 | 45 -0.55729 -2.90692e+01
Maximum number of function evaluations exceeded

 - final statistics:
45 variables; iteration 76; function evaluation 100
Function value 2.4554e+03; maximum gradient component mag -2.2530e+02
Exit code = 3;  converg criter 1.0000e+01
Var    Value     Gradient |Var    Value     Gradient |Var    Value     Gradient
  1  0.02415 -2.25297e+02 |  2 -0.01664 -1.63230e+01 |  3  0.05099 -1.73772e+01
  4 -0.02746  1.24112e+00 |  5 -0.12615  9.24295e-01 |  6 -0.02980 -6.73315e+00
  7 -0.12373  2.55089e+00 |  8 -0.07999 -1.41238e+00 |  9 -0.00651 -1.30021e+00
 10  0.12696  3.05962e+00 | 11 -0.05480  2.73153e+00 | 12  0.04526  2.16991e+00
 13  0.01665 -4.88446e+00 | 14  0.04642 -3.44344e+00 | 15  0.02146  1.99878e+01
 16 -0.05870  9.19154e+00 | 17  0.02581  1.42887e+00 | 18  0.06632  9.31131e-02
 19  0.06837  1.17308e+01 | 20 -0.03139  4.17325e-01 | 21 -0.07243  3.26216e+00
 22 -0.06259  2.84034e+00 | 23 -0.03205 -7.75873e+00 | 24  0.04838 -5.38914e+00
 25  0.02735 -8.91804e+00 | 26  0.03435 -5.95818e+00 | 27  0.04242  3.08270e+01
 28  0.01514  3.99672e+01 | 29  0.03921  2.55516e+01 | 30  0.05761 -7.37832e-01
 31  0.04678 -1.61925e+01 | 32  0.05636 -2.50526e+01 | 33 -0.01436 -2.39529e+01
 34 -0.04036 -1.96188e+01 | 35  0.02072 -2.93508e+01 | 36 -0.11630  9.51828e-02
 37  0.03447  5.90351e+00 | 38  0.24013  5.97256e+00 | 39  0.23772 -1.01388e+01
 40  0.22237  1.73762e+01 | 41  0.68572  4.79636e+01 | 42 -0.47668 -7.14907e+01
 43 -0.94937  1.81592e+00 | 44 -0.59452  4.57027e+01 | 45 -0.50914  3.27519e+01

Initial statistics: 51 variables; iteration 0; function evaluation 0; phase 3
Function value 2.4553608e+03; maximum gradient component mag -2.2530e+02
Var    Value     Gradient |Var    Value     Gradient |Var    Value     Gradient
  1  0.02415 -2.25297e+02 |  2 -0.01662 -1.54808e+01 |  3  0.05101 -1.65374e+01
  4 -0.02744  2.08281e+00 |  5 -0.12612  1.75029e+00 |  6 -0.02978 -5.89161e+00
  7 -0.12370  3.37753e+00 |  8 -0.07996 -5.76558e-01 |  9 -0.00649 -4.57787e-01
 10  0.12698  3.88537e+00 | 11 -0.05477  3.57090e+00 | 12  0.04529  3.01024e+00
 13  0.01667 -4.04228e+00 | 14  0.04645 -2.60320e+00 | 15  0.02148  2.08298e+01
 16 -0.05867  1.00305e+01 | 17  0.02583  2.27064e+00 | 18  0.06634  9.31011e-01
 19  0.06839  1.25683e+01 | 20 -0.03136  1.25877e+00 | 21 -0.07240  4.09920e+00
 22 -0.06257  3.67875e+00 | 23 -0.03203 -6.91734e+00 | 24  0.04840 -4.54909e+00
 25  0.02737 -8.07634e+00 | 26  0.03438 -5.11693e+00 | 27  0.04244  3.16675e+01
 28  0.01516  4.08094e+01 | 29  0.03924  2.63924e+01 | 30  0.05764  1.01189e-01
 31  0.04680 -1.53522e+01 | 32  0.05639 -2.42133e+01 | 33 -0.01433 -2.31107e+01
 34 -0.04034 -1.87781e+01 | 35  0.02074 -2.85087e+01 | 36 -0.11627  9.23640e-01
 37  0.03450  6.74473e+00 | 38  0.24013  5.97256e+00 | 39  0.23772 -1.01388e+01
 40  0.22237  1.73762e+01 | 41  0.68572  4.79636e+01 | 42 -0.47668 -7.14907e+01
 43  0.24471 -1.42940e+02 | 44  0.15305  1.54014e+02 | 45  0.29320 -7.51244e+01
 46  0.19688  8.34239e+01 | 47  0.00000 -1.24960e+02 | 48  0.08327  4.56746e+01
 49 -0.94937  1.81592e+00 | 50 -0.59452  4.57027e+01 | 51 -0.50914  3.27519e+01

Intermediate statistics: 51 variables; iteration 20; function evaluation 31; phase 3
Function value 2.1989116e+03; maximum gradient component mag -6.4665e+03
Var    Value     Gradient |Var    Value     Gradient |Var    Value     Gradient
  1  0.01090 -6.46649e+03 |  2  0.01250  9.86883e+01 |  3  0.07745  7.83206e+01
  4  0.02570  1.42050e+02 |  5 -0.06610  1.20997e+02 |  6  0.00701  9.70675e+01
  7 -0.07332  1.17948e+02 |  8 -0.05512  1.02848e+02 |  9 -0.01191  9.17535e+01
 10  0.11670  1.84648e+02 | 11 -0.03746  1.05793e+02 | 12  0.02762  1.16857e+02
 13  0.06558  2.24035e+02 | 14  0.08859  2.91090e+02 | 15  0.03794  1.01016e+02
 16 -0.00075  2.21843e+02 | 17 -0.01880 -5.41470e+01 | 18  0.00895 -1.32610e+02
 19  0.04549 -3.30909e+01 | 20 -0.09223 -8.29841e+01 | 21 -0.11541  4.82156e+01
 22 -0.02528  1.75536e+02 | 23  0.01947  1.53040e+02 | 24 -0.06291 -1.67184e+02
 25  0.01738 -1.04348e+02 | 26  0.03080 -7.56479e+01 | 27  0.02175 -1.21392e+02
 28 -0.01687 -6.39929e+01 | 29  0.01279 -1.37655e+02 | 30 -0.06892 -3.59278e+02
 31  0.01298 -3.29799e+02 | 32  0.05787 -5.15611e+02 | 33 -0.08658 -4.11739e+02
 34 -0.02302 -1.02937e+02 | 35  0.01711 -6.01556e+01 | 36  0.06058  2.02448e+02
 37 -0.00959  8.73365e+01 | 38  0.27117 -3.01568e+03 | 39  0.25799 -7.36923e+02
 40  0.29993  5.88664e+02 | 41  0.89396 -1.12798e+02 | 42 -0.46810  5.02211e+02
 43  1.00641 -2.31524e+00 | 44 -0.11801  3.05565e+02 | 45  0.36209  1.36752e+02
 46 -0.35374  1.46365e+02 | 47  0.95432 -6.25471e+00 | 48 -0.11032  2.92151e+02
 49 -0.98956  4.57198e+00 | 50 -1.18095  2.06047e+02 | 51 -0.54320 -3.58028e+02
51 variables; iteration 40; function evaluation 55; phase 3
Function value 2.1001681e+03; maximum gradient component mag -4.4647e+03
Var    Value     Gradient |Var    Value     Gradient |Var    Value     Gradient
  1 -0.00241 -4.46468e+03 |  2  0.00421  4.73885e+01 |  3  0.05172 -5.06855e-01
  4 -0.04179  4.68403e+01 |  5 -0.16285  3.46140e+01 |  6 -0.06491  7.77200e+00
  7 -0.18697  4.07782e+01 |  8 -0.09862  5.37600e+01 |  9 -0.01225  4.40290e+01
 10  0.14534  1.82966e+02 | 11 -0.01824  8.80506e+01 | 12  0.04287  1.04394e+02
 13  0.06154  1.40784e+02 | 14  0.09162  2.68123e+02 | 15  0.03031  6.93253e+01
 16  0.00653  1.56141e+02 | 17 -0.01112 -3.22401e+01 | 18  0.06528  5.15060e+01
 19  0.05585  3.65611e+01 | 20 -0.07748 -6.42532e+01 | 21 -0.09767  4.63713e+01
 22  0.01890  2.01936e+02 | 23  0.06864  2.45125e+02 | 24 -0.07056 -2.03619e+02
 25  0.03830 -1.55508e+02 | 26  0.05703 -2.05714e+02 | 27  0.04159 -2.05382e+02
 28  0.01282 -2.93125e+01 | 29  0.03548 -3.77890e+01 | 30  0.01085 -2.57014e+02
 31  0.00396 -3.52109e+02 | 32  0.07771 -3.06480e+02 | 33 -0.01098 -2.22855e+02
 34  0.02074  5.05724e+01 | 35  0.05866  9.78463e+01 | 36  0.06803  9.40830e+01
 37 -0.21986  2.38050e+01 | 38  0.28605 -2.74633e+03 | 39  0.25746 -1.15760e+03
 40  0.28234 -8.87267e+02 | 41  0.99849 -9.67673e-01 | 42 -0.47285  2.41129e+02
 43  0.96569  3.51602e+01 | 44 -0.31031 -3.18422e+02 | 45  0.34542  7.39991e+01
 46 -0.37588  2.18110e+01 | 47  0.90803  1.34061e+01 | 48 -0.08926  1.85144e+02
 49 -0.93792  1.60139e+01 | 50 -1.27472  1.74897e+02 | 51 -0.55726 -2.88403e+02
51 variables; iteration 60; function evaluation 82; phase 3
Function value 1.9697147e+03; maximum gradient component mag -6.9300e+02
Var    Value     Gradient |Var    Value     Gradient |Var    Value     Gradient
  1 -0.00060 -6.92999e+02 |  2  0.00604  7.06110e+00 |  3  0.08472  3.03650e+01
  4 -0.01596  4.73245e+00 |  5 -0.10078  3.27107e+01 |  6 -0.01637  8.45195e+00
  7 -0.10826  2.63872e+01 |  8 -0.05296  4.11982e+01 |  9 -0.03369 -4.82943e+01
 10  0.12184  1.15921e+01 | 11 -0.05021 -2.19657e+01 | 12  0.01081 -1.19175e+01
 13  0.03519 -6.11281e+01 | 14  0.05207 -6.25775e+01 | 15  0.01239  8.60422e+00
 16 -0.04007  1.58168e+01 | 17 -0.00083  3.37371e+01 | 18  0.02093 -6.67989e+00
 19  0.03063  7.26051e+01 | 20 -0.07156  2.51783e+01 | 21 -0.12359  2.42814e+01
 22 -0.03793 -3.61737e+01 | 23  0.00628 -7.10906e+01 | 24 -0.00023  4.86825e+01
 25  0.03706  9.50028e+01 | 26  0.01803 -1.32848e+02 | 27  0.04801 -2.42313e+01
 28 -0.02665 -1.55166e+02 | 29  0.00769  4.38438e+01 | 30  0.00243  1.94325e+01
 31  0.01909  8.41050e+00 | 32  0.05797  6.73705e+01 | 33  0.01354  8.23013e+01
 34 -0.00252  6.47762e+01 | 35  0.04417  1.01091e+02 | 36  0.05643  2.60842e+01
 37  0.00392  1.60397e+01 | 38  0.31426 -6.76181e+02 | 39  0.27199 -3.59370e+02
 40  0.30329  4.48993e+01 | 41  1.14008  1.71706e+01 | 42 -0.47343 -4.72022e+01
 43  0.95689  1.91459e+01 | 44 -0.32305 -5.13058e+01 | 45  0.37002  1.79714e+01
 46 -0.36090  1.51957e+02 | 47  1.13808 -4.72829e+00 | 48 -0.17126  1.33507e+02
 49 -0.99750  1.52121e-01 | 50 -1.39176  5.62424e+01 | 51 -0.51931 -9.15111e+01
51 variables; iteration 80; function evaluation 105; phase 3
Function value 1.9047930e+03; maximum gradient component mag 9.3086e+02
Var    Value     Gradient |Var    Value     Gradient |Var    Value     Gradient
  1 -0.00331 -3.09742e+02 |  2  0.00962  1.57830e+01 |  3  0.08015  3.69381e+01
  4 -0.03103 -2.65839e+00 |  5 -0.13351  6.39635e+00 |  6 -0.03025  1.39024e+01
  7 -0.14291  5.19861e+00 |  8 -0.07189  2.98959e+01 |  9 -0.00820  1.67136e+01
 10  0.12606  1.12529e+02 | 11 -0.03020  3.67154e+01 | 12  0.00835  2.37903e+01
 13  0.04354  3.56983e+01 | 14  0.06681  7.63538e+01 | 15  0.01759  4.37081e+01
 16 -0.03541  7.34872e+01 | 17  0.00771  3.32744e+01 | 18  0.01035 -1.27597e+02
 19  0.03488 -7.62177e+01 | 20 -0.06889 -8.82405e+01 | 21 -0.14601 -4.80246e+01
 22 -0.02911  7.19604e+00 | 23  0.02430 -5.50171e+01 | 24 -0.01137 -3.37722e+01
 25  0.01681 -6.07893e+01 | 26  0.03769 -4.86117e+01 | 27  0.04027  5.50269e+01
 28 -0.00692 -1.82082e+01 | 29  0.01341  8.67506e+01 | 30 -0.00285 -2.81872e+01
 31  0.01284 -1.33626e+02 | 32  0.03635 -1.86677e+02 | 33  0.03322  1.58491e+02
 34  0.02034  2.50779e+02 | 35  0.03818  1.94917e+02 | 36  0.05741  2.22037e+01
 37  0.02341  1.87296e+01 | 38  0.29725  9.30864e+02 | 39  0.27810  4.83149e+02
 40  0.26612  6.57008e+02 | 41  1.17357  1.23261e+01 | 42 -0.47085  6.45159e+01
 43  0.42419 -3.33303e+02 | 44 -0.43563  1.61186e+02 | 45  0.37119 -5.85260e+01
 46 -0.36842  1.01422e+02 | 47  1.76778  3.20296e+02 | 48 -0.35472  6.36566e+02
 49 -0.86825  3.15046e+01 | 50 -1.38590  1.37976e+02 | 51 -0.50899  1.54240e+01
51 variables; iteration 100; function evaluation 125; phase 3
Function value 1.8339613e+03; maximum gradient component mag 1.2421e+01
Var    Value     Gradient |Var    Value     Gradient |Var    Value     Gradient
  1 -0.00028 -9.96118e+00 |  2  0.01738  2.68405e-01 |  3  0.08650  2.37931e-01
  4 -0.00639  4.31502e-01 |  5 -0.10714  2.75880e-01 |  6 -0.01102  3.74457e-02
  7 -0.11302  9.16488e-02 |  8 -0.06644 -1.11754e-01 |  9  0.00047 -2.20291e-01
 10  0.11421 -1.08016e+00 | 11 -0.03408 -8.69182e-02 | 12  0.00359  4.87257e-02
 13  0.03535 -1.53682e-01 | 14  0.05544  1.67078e+00 | 15  0.00822  3.11768e+00
 16 -0.04597  3.00424e+00 | 17 -0.00712  3.43927e+00 | 18  0.02500  1.30148e+00
 19  0.02287  1.65647e+00 | 20 -0.07091  1.14489e+00 | 21 -0.13767  7.10779e-01
 22 -0.04336  7.10472e-01 | 23  0.02241 -3.63741e-01 | 24 -0.02018 -1.27643e+00
 25  0.02279 -1.20776e+00 | 26  0.03231  1.30003e+00 | 27  0.03119  6.17025e+00
 28 -0.00883  6.28920e+00 | 29  0.00285 -8.65410e-01 | 30 -0.00768 -3.76017e+00
 31  0.02184 -6.47357e+00 | 32  0.05633 -9.37315e+00 | 33  0.00818 -9.91296e+00
 34 -0.00288 -6.14532e-01 | 35  0.02181  1.54656e+00 | 36  0.07378  2.05593e+00
 37  0.01890  1.82919e-01 | 38  0.29869  1.24207e+01 | 39  0.27456  1.49384e+00
 40  0.25846 -5.91356e+00 | 41  1.25036 -2.84717e-01 | 42 -0.47203 -1.75885e+00
 43  0.50196 -1.28067e+00 | 44 -0.42364  1.46379e+00 | 45  0.36292 -3.37358e-01
 46 -0.37671  1.61084e+00 | 47  1.80501  4.45018e-01 | 48 -0.46435 -3.67156e+00
 49 -0.90456 -1.45861e-01 | 50 -1.44068  7.85070e-01 | 51 -0.48660  2.24445e+00
51 variables; iteration 120; function evaluation 145; phase 3
Function value 1.8339405e+03; maximum gradient component mag -5.0247e-01
Var    Value     Gradient |Var    Value     Gradient |Var    Value     Gradient
  1 -0.00039 -5.02470e-01 |  2  0.01731  1.86535e-02 |  3  0.08639  2.22801e-02
  4 -0.00668  1.44346e-02 |  5 -0.10742  1.14424e-02 |  6 -0.01109  1.34557e-02
  7 -0.11311  7.83170e-03 |  8 -0.06631  1.13431e-02 |  9  0.00066  9.58419e-03
 10  0.11442  3.25720e-03 | 11 -0.03399  8.63746e-03 | 12  0.00358  2.29406e-03
 13  0.03560  9.01826e-04 | 14  0.05551 -1.22452e-02 | 15  0.00805 -1.94620e-02
 16 -0.04675 -3.04998e-02 | 17 -0.00818 -2.43955e-02 | 18  0.02565  2.58058e-02
 19  0.02286  3.41406e-02 | 20 -0.07083  3.71875e-02 | 21 -0.13755  2.93842e-02
 22 -0.04316  3.07426e-02 | 23  0.02265  6.60467e-03 | 24 -0.01977 -2.51460e-02
 25  0.02310 -2.50911e-02 | 26  0.03255 -3.17435e-02 | 27  0.03145 -1.77459e-02
 28 -0.00871 -3.07422e-03 | 29  0.00304 -1.37743e-02 | 30 -0.00720 -8.22771e-03
 31  0.02237  2.69746e-02 | 32  0.05678  1.11040e-02 | 33  0.00936 -4.21057e-02
 34 -0.00324 -3.35406e-02 | 35  0.02146  3.59066e-02 | 36  0.07129  3.84596e-02
 37  0.01864  1.23258e-02 | 38  0.29871 -9.49747e-02 | 39  0.27461  1.48704e-01
 40  0.25847 -5.54745e-02 | 41  1.25314 -1.37994e-02 | 42 -0.47172  5.70688e-02
 43  0.50202  9.52788e-03 | 44 -0.42381  6.70265e-03 | 45  0.36281 -9.20710e-03
 46 -0.37681 -1.38479e-03 | 47  1.80496 -8.80035e-03 | 48 -0.46406 -1.09999e-02
 49 -0.89676 -5.55836e-03 | 50 -1.44340 -3.78714e-02 | 51 -0.48563 -9.37624e-02
51 variables; iteration 140; function evaluation 166; phase 3
Function value 1.8339387e+03; maximum gradient component mag -6.5634e+00
Var    Value     Gradient |Var    Value     Gradient |Var    Value     Gradient
  1 -0.00039 -6.56335e+00 |  2  0.01734  1.49767e-01 |  3  0.08641  1.85167e-01
  4 -0.00664  1.26967e-01 |  5 -0.10738  1.15539e-01 |  6 -0.01106  1.18843e-01
  7 -0.11308  8.86704e-02 |  8 -0.06630  1.03211e-01 |  9  0.00065  1.04326e-01
 10  0.11442  1.26323e-01 | 11 -0.03398  1.17828e-01 | 12  0.00358  2.77495e-02
 13  0.03559 -2.52737e-02 | 14  0.05550 -1.52872e-01 | 15  0.00804 -6.88446e-02
 16 -0.04676 -7.37322e-02 | 17 -0.00821 -1.27286e-01 | 18  0.02565  4.75263e-02
 19  0.02285  2.27535e-02 | 20 -0.07083  1.61404e-01 | 21 -0.13753  1.84029e-01
 22 -0.04312  2.56777e-01 | 23  0.02263  2.76267e-02 | 24 -0.01979 -8.78635e-02
 25  0.02309 -1.37929e-01 | 26  0.03252 -3.09118e-01 | 27  0.03144 -1.36037e-01
 28 -0.00871 -1.78538e-02 | 29  0.00302 -7.54555e-02 | 30 -0.00720 -2.72453e-02
 31  0.02237 -2.50903e-02 | 32  0.05676 -3.34648e-01 | 33  0.00936 -2.89941e-01
 34 -0.00332 -5.56169e-01 | 35  0.02150  1.98278e-01 | 36  0.07135  1.66876e-01
 37  0.01857  8.20269e-02 | 38  0.29871 -5.57077e-01 | 39  0.27461 -1.44747e-01
 40  0.25847 -7.64380e-01 | 41  1.32051  4.92542e-01 | 42 -0.47173  8.77950e-01
 43  0.50208  8.44286e-02 | 44 -0.42379  1.06026e-01 | 45  0.36281 -7.25169e-02
 46 -0.37682  4.51512e-02 | 47  1.80495 -1.25900e-01 | 48 -0.46407 -1.71824e-01
 49 -0.80872  9.83963e-02 | 50 -1.47390  3.57616e-01 | 51 -0.45835 -1.01478e+00
51 variables; iteration 160; function evaluation 190; phase 3
Function value 1.8339373e+03; maximum gradient component mag -3.1074e+00
Var    Value     Gradient |Var    Value     Gradient |Var    Value     Gradient
  1 -0.00039 -3.10737e+00 |  2  0.01732  6.51332e-02 |  3  0.08640  8.22968e-02
  4 -0.00666  6.19321e-02 |  5 -0.10741  5.21343e-02 |  6 -0.01108  5.88542e-02
  7 -0.11309  4.48830e-02 |  8 -0.06631  5.06796e-02 |  9  0.00066  5.00353e-02
 10  0.11443  5.66113e-02 | 11 -0.03399  4.28707e-02 | 12  0.00358 -5.61706e-03
 13  0.03560 -5.90890e-02 | 14  0.05551 -9.41831e-02 | 15  0.00805 -5.09038e-02
 16 -0.04675 -3.35914e-02 | 17 -0.00819 -6.12906e-02 | 18  0.02565 -3.43406e-02
 19  0.02286 -3.15699e-02 | 20 -0.07083  1.06821e-02 | 21 -0.13755  3.01422e-02
 22 -0.04316  5.55848e-02 | 23  0.02265  2.19537e-02 | 24 -0.01977 -1.63646e-02
 25  0.02309 -4.73463e-02 | 26  0.03254 -1.37233e-01 | 27  0.03144 -1.45547e-01
 28 -0.00871 -4.96834e-02 | 29  0.00304 -1.98359e-02 | 30 -0.00720 -3.28724e-02
 31  0.02237 -2.10803e-02 | 32  0.05677 -8.95966e-02 | 33  0.00937  4.23681e-02
 34 -0.00324  7.14439e-02 | 35  0.02145  7.22199e-02 | 36  0.07127  7.14160e-02
 37  0.01863  4.52367e-02 | 38  0.29871 -2.28210e-01 | 39  0.27461 -3.16073e-01
 40  0.25847 -4.33269e-01 | 41  1.40413  5.61466e-01 | 42 -0.47173  8.08129e-01
 43  0.50205  3.66156e-02 | 44 -0.42380  5.27319e-02 | 45  0.36281 -2.12959e-02
 46 -0.37681  4.32617e-02 | 47  1.80496 -5.70362e-03 | 48 -0.46406 -1.48812e-02
 49 -0.72264  7.04337e-02 | 50 -1.51798  3.33583e-01 | 51 -0.41824 -8.85809e-01
51 variables; iteration 180; function evaluation 215; phase 3
Function value 1.8339359e+03; maximum gradient component mag -1.4540e+00
Var    Value     Gradient |Var    Value     Gradient |Var    Value     Gradient
  1 -0.00040 -1.45398e+00 |  2  0.01731  2.05252e-02 |  3  0.08638  1.81176e-02
  4 -0.00669  1.17835e-02 |  5 -0.10743  1.27227e-02 |  6 -0.01110  1.75752e-02
  7 -0.11312  1.31685e-02 |  8 -0.06632  1.45045e-02 |  9  0.00067  2.85883e-02
 10  0.11443  2.54112e-02 | 11 -0.03398  2.76282e-02 | 12  0.00358  7.00019e-03
 13  0.03560  2.47648e-02 | 14  0.05551  2.10118e-02 | 15  0.00805  3.47106e-02
 16 -0.04674  3.82929e-02 | 17 -0.00817  6.03130e-02 | 18  0.02565  5.45174e-03
 19  0.02286 -1.95268e-02 | 20 -0.07082  3.30674e-02 | 21 -0.13754  3.29118e-02
 22 -0.04315  2.72843e-02 | 23  0.02265  1.01285e-02 | 24 -0.01976  4.58817e-03
 25  0.02311  7.43252e-02 | 26  0.03255  2.70507e-02 | 27  0.03145 -5.01703e-02
 28 -0.00871 -2.82112e-02 | 29  0.00304 -4.48628e-02 | 30 -0.00719 -2.30366e-02
 31  0.02237 -1.68682e-02 | 32  0.05680 -3.95653e-02 | 33  0.00935 -2.32179e-01
 34 -0.00326 -3.21465e-01 | 35  0.02146 -8.74760e-03 | 36  0.07127  3.17072e-02
 37  0.01860  1.24479e-02 | 38  0.29870 -3.49658e-01 | 39  0.27460 -1.30562e-01
 40  0.25847 -7.07120e-03 | 41  1.51848  4.15085e-02 | 42 -0.47172  1.83449e-01
 43  0.50198  1.55599e-03 | 44 -0.42383 -4.21844e-02 | 45  0.36281 -2.13066e-02
 46 -0.37682  1.55334e-02 | 47  1.80496  3.17494e-02 | 48 -0.46406 -1.01352e-02
 49 -0.61745  5.96806e-02 | 50 -1.58630 -2.71706e-02 | 51 -0.35482 -2.05405e-01
51 variables; iteration 200; function evaluation 242; phase 3
Function value 1.8339350e+03; maximum gradient component mag -2.5657e+00
Var    Value     Gradient |Var    Value     Gradient |Var    Value     Gradient
  1 -0.00039 -2.56567e+00 |  2  0.01732  6.09344e-02 |  3  0.08640  8.54662e-02
  4 -0.00666  6.34389e-02 |  5 -0.10740  4.78323e-02 |  6 -0.01107  5.80480e-02
  7 -0.11309  4.11119e-02 |  8 -0.06630  4.89743e-02 |  9  0.00066  5.01549e-02
 10  0.11443  7.36474e-02 | 11 -0.03399  4.11426e-02 | 12  0.00358 -5.48905e-03
 13  0.03559 -6.78863e-02 | 14  0.05551 -9.24287e-02 | 15  0.00804 -5.61567e-02
 16 -0.04675 -3.93443e-02 | 17 -0.00819 -7.87246e-02 | 18  0.02565 -4.92107e-02
 19  0.02286 -2.91037e-02 | 20 -0.07084 -1.82019e-02 | 21 -0.13756  3.90614e-03
 22 -0.04316  2.80709e-02 | 23  0.02265  2.60044e-02 | 24 -0.01977 -1.42317e-02
 25  0.02309 -6.60362e-02 | 26  0.03254 -1.60681e-01 | 27  0.03144 -1.80731e-01
 28 -0.00871 -6.86012e-02 | 29  0.00304 -1.41769e-02 | 30 -0.00721 -4.85830e-02
 31  0.02236 -2.86498e-02 | 32  0.05676 -8.25517e-02 | 33  0.00938  1.48584e-01
 34 -0.00322  2.60999e-01 | 35  0.02144  6.61919e-02 | 36  0.07126  6.25683e-02
 37  0.01864  4.15282e-02 | 38  0.29872 -1.39690e-01 | 39  0.27461 -3.61157e-01
 40  0.25847 -5.18718e-01 | 41  1.63829  9.36465e-01 | 42 -0.47173  8.82258e-01
 43  0.50205  3.84890e-02 | 44 -0.42380  6.70500e-02 | 45  0.36281 -1.70925e-02
 46 -0.37681  5.72036e-02 | 47  1.80496  4.09884e-03 | 48 -0.46406  1.48406e-02
 49 -0.51443  1.48887e-01 | 50 -1.66429  4.14270e-01 | 51 -0.28093 -1.23343e+00
51 variables; iteration 220; function evaluation 265; phase 3
Function value 1.8339341e+03; maximum gradient component mag -1.9752e+00
Var    Value     Gradient |Var    Value     Gradient |Var    Value     Gradient
  1 -0.00040 -1.97519e+00 |  2  0.01730  2.45953e-02 |  3  0.08637  3.21110e-02
  4 -0.00670  1.64283e-02 |  5 -0.10745  1.42158e-02 |  6 -0.01110  3.25778e-02
  7 -0.11313  2.01605e-02 |  8 -0.06632  2.52784e-02 |  9  0.00067  5.23145e-02
 10  0.11443  7.27273e-02 | 11 -0.03398  3.55593e-02 | 12  0.00359 -5.53773e-03
 13  0.03561 -1.41749e-02 | 14  0.05552  4.30397e-03 | 15  0.00805  2.03726e-02
 16 -0.04673  6.01812e-02 | 17 -0.00816  9.28298e-02 | 18  0.02566 -5.50832e-02
 19  0.02287 -1.05355e-01 | 20 -0.07082 -4.55014e-02 | 21 -0.13755 -3.14976e-02
 22 -0.04317 -5.88140e-02 | 23  0.02266  1.32486e-02 | 24 -0.01975  5.10223e-02
 25  0.02311  1.38089e-01 | 26  0.03256  5.88810e-02 | 27  0.03145 -1.61293e-01
 28 -0.00870 -8.66787e-02 | 29  0.00305 -4.76217e-02 | 30 -0.00719 -5.14322e-02
 31  0.02237 -4.84033e-02 | 32  0.05680  2.10019e-02 | 33  0.00936 -1.17233e-01
 34 -0.00324 -1.21321e-01 | 35  0.02144 -5.41455e-02 | 36  0.07123  1.71874e-02
 37  0.01862  2.31195e-02 | 38  0.29870 -4.43345e-01 | 39  0.27460 -6.20151e-01
 40  0.25847 -3.91222e-02 | 41  1.79598  5.31199e-01 | 42 -0.47171  6.38012e-01
 43  0.50196 -4.97320e-03 | 44 -0.42384 -6.62923e-02 | 45  0.36280 -7.03164e-03
 46 -0.37681  3.51993e-02 | 47  1.80496  1.22114e-01 | 48 -0.46406  6.48909e-02
 49 -0.38576  2.30865e-01 | 50 -1.77248  1.84404e-01 | 51 -0.17650 -8.70018e-01
51 variables; iteration 240; function evaluation 288; phase 3
Function value 1.8339336e+03; maximum gradient component mag -8.6435e-02
Var    Value     Gradient |Var    Value     Gradient |Var    Value     Gradient
  1 -0.00040  4.70200e-02 |  2  0.01731 -3.15420e-03 |  3  0.08638 -4.43397e-03
  4 -0.00668 -5.08404e-03 |  5 -0.10743 -4.47662e-03 |  6 -0.01109 -1.55033e-03
  7 -0.11311 -2.72110e-03 |  8 -0.06632 -2.22393e-03 |  9  0.00066  3.97566e-03
 10  0.11443  8.30624e-03 | 11 -0.03399  1.96719e-03 | 12  0.00359  2.27112e-03
 13  0.03560  1.28570e-02 | 14  0.05551  9.18086e-03 | 15  0.00805  3.48226e-03
 16 -0.04674  1.20973e-02 | 17 -0.00817  2.76957e-02 | 18  0.02565 -5.37788e-03
 19  0.02286 -1.30413e-02 | 20 -0.07083 -2.08203e-03 | 21 -0.13755 -7.08810e-03
 22 -0.04316 -1.32861e-02 | 23  0.02265 -1.63639e-03 | 24 -0.01976  7.76445e-03
 25  0.02310  3.02865e-02 | 26  0.03255  2.88974e-02 | 27  0.03145 -9.35542e-03
 28 -0.00871 -1.42790e-02 | 29  0.00304 -8.09878e-03 | 30 -0.00720  3.56170e-03
 31  0.02237 -2.67336e-03 | 32  0.05678  1.35594e-02 | 33  0.00936 -3.37854e-02
 34 -0.00324 -4.71055e-02 | 35  0.02145 -1.75021e-02 | 36  0.07125 -7.07950e-03
 37  0.01863 -2.14584e-03 | 38  0.29871 -3.74296e-02 | 39  0.27460 -4.90758e-02
 40  0.25847  4.99363e-02 | 41  1.97534 -8.64352e-02 | 42 -0.47172 -3.61153e-02
 43  0.50200 -6.66618e-03 | 44 -0.42382 -1.94596e-02 | 45  0.36281  3.29810e-03
 46 -0.37681 -5.33843e-03 | 47  1.80496  1.87545e-02 | 48 -0.46406  8.75176e-03
 49 -0.24791  3.65002e-02 | 50 -1.89778 -1.21089e-02 | 51 -0.05337  7.14943e-02
51 variables; iteration 260; function evaluation 311; phase 3
Function value 1.8339335e+03; maximum gradient component mag 7.6064e-01
Var    Value     Gradient |Var    Value     Gradient |Var    Value     Gradient
  1 -0.00039  7.60640e-01 |  2  0.01732 -3.62063e-03 |  3  0.08639  4.59433e-03
  4 -0.00668 -5.09750e-03 |  5 -0.10742 -9.13266e-03 |  6 -0.01108 -3.23568e-03
  7 -0.11310 -9.75477e-03 |  8 -0.06631 -5.73178e-03 |  9  0.00066  2.29697e-03
 10  0.11443  2.70299e-02 | 11 -0.03399  4.32140e-03 | 12  0.00359  6.04142e-03
 13  0.03560  1.12670e-02 | 14  0.05551  2.05619e-02 | 15  0.00805  6.73878e-03
 16 -0.04674  6.69380e-04 | 17 -0.00818 -6.58177e-04 | 18  0.02565  6.76119e-03
 19  0.02286  7.89755e-03 | 20 -0.07083 -2.33598e-03 | 21 -0.13755 -6.95901e-03
 22 -0.04316 -9.52079e-03 | 23  0.02265 -7.11616e-03 | 24 -0.01977 -4.25798e-03
 25  0.02310 -9.75718e-03 | 26  0.03255  4.15832e-04 | 27  0.03145  1.17469e-02
 28 -0.00871  1.55817e-03 | 29  0.00304 -1.21986e-03 | 30 -0.00720 -1.06254e-04
 31  0.02237 -2.68164e-03 | 32  0.05678 -6.02267e-04 | 33  0.00937  4.38230e-03
 34 -0.00323 -1.08465e-03 | 35  0.02144 -9.94738e-03 | 36  0.07126 -1.35139e-02
 37  0.01863 -9.82581e-03 | 38  0.29871  5.78857e-02 | 39  0.27460  6.15819e-02
 40  0.25847  2.93429e-02 | 41  2.07089 -2.11634e-01 | 42 -0.47172 -2.00276e-01
 43  0.50202 -2.99227e-03 | 44 -0.42381 -1.95472e-03 | 45  0.36281  3.64733e-03
 46 -0.37681 -7.06561e-03 | 47  1.80496 -5.11520e-03 | 48 -0.46406 -1.11183e-03
 49 -0.17843  1.00716e-01 | 50 -1.96379 -8.89768e-02 | 51  0.01228  1.15256e-01

 - final statistics:
51 variables; iteration 279; function evaluation 330
Function value 1.8339e+03; maximum gradient component mag -5.1833e-05
Exit code = 1;  converg criter 1.0000e-04
Var    Value     Gradient |Var    Value     Gradient |Var    Value     Gradient
  1 -0.00039 -4.93629e-05 |  2  0.01731  3.17099e-06 |  3  0.08639  8.11865e-06
  4 -0.00668  3.04918e-06 |  5 -0.10742  1.97532e-06 |  6 -0.01108  2.83907e-06
  7 -0.11310  1.37458e-06 |  8 -0.06631  2.36352e-06 |  9  0.00066  6.26791e-07
 10  0.11443  7.38835e-06 | 11 -0.03399  1.37507e-06 | 12  0.00358 -1.39082e-06
 13  0.03560 -9.73073e-06 | 14  0.05551 -1.23003e-05 | 15  0.00805 -9.32628e-06
 16 -0.04674 -5.99413e-06 | 17 -0.00818 -1.63563e-05 | 18  0.02565 -7.20336e-06
 19  0.02286 -7.07036e-06 | 20 -0.07083 -7.51367e-06 | 21 -0.13755 -3.24530e-06
 22 -0.04316 -8.16779e-07 | 23  0.02265 -5.13354e-07 | 24 -0.01977  4.05638e-06
 25  0.02310 -1.55396e-05 | 26  0.03255 -1.24386e-05 | 27  0.03145  7.37829e-06
 28 -0.00871  5.58952e-06 | 29  0.00304  6.69848e-06 | 30 -0.00720  2.99408e-06
 31  0.02237 -1.40966e-06 | 32  0.05678 -9.76899e-06 | 33  0.00936  3.65195e-05
 34 -0.00323  2.59692e-05 | 35  0.02145 -8.64509e-07 | 36  0.07126 -5.14433e-06
 37  0.01863  4.02432e-07 | 38  0.29871  4.59182e-05 | 39  0.27460 -5.18327e-05
 40  0.25847 -2.80322e-05 | 41  2.10054  3.46278e-05 | 42 -0.47172  1.53524e-05
 43  0.50202  1.54275e-06 | 44 -0.42381  5.72628e-06 | 45  0.36281  3.31566e-06
 46 -0.37681  2.88123e-06 | 47  1.80496 -9.35612e-06 | 48 -0.46406 -9.23851e-07
 49 -0.15752  5.31058e-06 | 50 -1.98400  2.65633e-05 | 51  0.03249 -2.98230e-05
Estimating row 1 out of 51 for hessian
Estimating row 2 out of 51 for hessian
Estimating row 3 out of 51 for hessian
Estimating row 4 out of 51 for hessian
Estimating row 5 out of 51 for hessian
Estimating row 6 out of 51 for hessian
Estimating row 7 out of 51 for hessian
Estimating row 8 out of 51 for hessian
Estimating row 9 out of 51 for hessian
Estimating row 10 out of 51 for hessian
Estimating row 11 out of 51 for hessian
Estimating row 12 out of 51 for hessian
Estimating row 13 out of 51 for hessian
Estimating row 14 out of 51 for hessian
Estimating row 15 out of 51 for hessian
Estimating row 16 out of 51 for hessian
Estimating row 17 out of 51 for hessian
Estimating row 18 out of 51 for hessian
Estimating row 19 out of 51 for hessian
Estimating row 20 out of 51 for hessian
Estimating row 21 out of 51 for hessian
Estimating row 22 out of 51 for hessian
Estimating row 23 out of 51 for hessian
Estimating row 24 out of 51 for hessian
Estimating row 25 out of 51 for hessian
Estimating row 26 out of 51 for hessian
Estimating row 27 out of 51 for hessian
Estimating row 28 out of 51 for hessian
Estimating row 29 out of 51 for hessian
Estimating row 30 out of 51 for hessian
Estimating row 31 out of 51 for hessian
Estimating row 32 out of 51 for hessian
Estimating row 33 out of 51 for hessian
Estimating row 34 out of 51 for hessian
Estimating row 35 out of 51 for hessian
Estimating row 36 out of 51 for hessian
Estimating row 37 out of 51 for hessian
Estimating row 38 out of 51 for hessian
Estimating row 39 out of 51 for hessian
Estimating row 40 out of 51 for hessian
Estimating row 41 out of 51 for hessian
Estimating row 42 out of 51 for hessian
Estimating row 43 out of 51 for hessian
Estimating row 44 out of 51 for hessian
Estimating row 45 out of 51 for hessian
Estimating row 46 out of 51 for hessian
Estimating row 47 out of 51 for hessian
Estimating row 48 out of 51 for hessian
Estimating row 49 out of 51 for hessian
Estimating row 50 out of 51 for hessian
Estimating row 51 out of 51 for hessian
size of file gradfil1.tmp = 0
size of file gradfil2.tmp = 0
size of file varssave.tmp = 0
size of file cmpdiff.tmp = 0
