
Initial statistics: 36 variables; iteration 0; function evaluation 0; phase 1
Function value 9.8130060e+03; maximum gradient component mag 7.2362e+03
Var    Value     Gradient |Var    Value     Gradient |Var    Value     Gradient
  1  0.08217  7.23616e+03 |  2  0.03250 -6.94759e+00 |  3  0.06975  1.20866e+02
  4 -0.02258 -1.14162e+02 |  5 -0.21319 -1.77872e+02 |  6 -0.04900 -9.97137e+01
  7 -0.15018 -1.72035e+02 |  8 -0.03423 -2.65865e+01 |  9  0.05341  1.45949e+02
 10  0.06463 -1.17664e+02 | 11  0.02069  9.41297e+01 | 12  0.02863 -1.21418e+02
 13 -0.01119 -3.74564e+02 | 14  0.08707 -2.73697e+02 | 15 -0.03195 -6.10020e+02
 16 -0.07314 -1.25994e+03 | 17 -0.00664 -5.64302e+01 | 18  0.06350 -4.58048e+02
 19  0.09208 -1.00627e+02 | 20 -0.04360 -5.10147e+01 | 21 -0.15942 -8.54163e+02
 22 -0.05526 -6.30546e+01 | 23  0.06534  1.15770e+02 | 24  0.01014  9.95395e+01
 25  0.00796  2.74782e+02 | 26  0.09298  1.22535e+03 | 27  0.01545  2.68784e+02
 28  0.01007  3.06716e+02 | 29 -0.04203 -6.11150e+02 | 30 -0.03198  1.33405e+02
 31  0.07330  8.07750e+02 | 32  0.12182  1.04537e+03 | 33 -0.03113 -2.37124e+02
 34  0.02892  5.99594e+02 | 35  0.04580  1.74573e+02 | 36 -0.03352  3.92910e+02

Intermediate statistics: 36 variables; iteration 20; function evaluation 30; phase 1
Function value 9.2970770e+03; maximum gradient component mag 6.9920e+02
Var    Value     Gradient |Var    Value     Gradient |Var    Value     Gradient
  1  0.05303  3.71373e+02 |  2 -0.02876  4.93339e+01 |  3 -0.02802  5.54765e+01
  4 -0.07519  4.04540e+01 |  5 -0.20930  2.57996e+00 |  6 -0.08308  1.75976e+01
  7 -0.18547  1.12812e+01 |  8 -0.13388  1.55881e+01 |  9 -0.05532  2.20821e+01
 10  0.08718  8.82417e+01 | 11 -0.05789  4.45770e+01 | 12  0.02118  2.21793e+01
 13  0.08744 -4.05663e+01 | 14  0.15543 -4.84145e+01 | 15  0.04371 -2.37216e+02
 16  0.01724 -6.49619e+02 | 17  0.03707 -3.53574e+01 | 18  0.22306  5.87954e+01
 19  0.17910  7.71482e+00 | 20 -0.09452 -1.53511e+02 | 21 -0.04482 -3.40793e+02
 22 -0.00734 -3.21835e+01 | 23  0.03895  1.84545e+01 | 24  0.07407  1.07183e+02
 25 -0.01965 -2.22233e+01 | 26  0.10585  6.99202e+02 | 27  0.06379  1.82498e+02
 28  0.04225  7.71219e+01 | 29  0.03642 -1.88165e+02 | 30  0.01200  9.93758e+01
 31  0.00572  1.69032e+02 | 32  0.08283  3.25664e+02 | 33  0.05141  4.29311e+01
 34  0.03767  1.99767e+02 | 35  0.13103  1.20850e+02 | 36 -0.55836 -7.55087e+01
36 variables; iteration 40; function evaluation 60; phase 1
Function value 9.2068535e+03; maximum gradient component mag -4.3802e+02
Var    Value     Gradient |Var    Value     Gradient |Var    Value     Gradient
  1  0.05525 -4.38023e+02 |  2 -0.04062 -9.84438e+00 |  3 -0.04738 -1.90733e+01
  4 -0.09243 -2.27067e-01 |  5 -0.20414  1.36911e+01 |  6 -0.08105  1.82106e+01
  7 -0.18393  4.57907e+00 |  8 -0.13563  6.13649e+00 |  9 -0.07082 -1.73211e+01
 10  0.07241  8.68336e-01 | 11 -0.09817 -1.40885e+01 | 12 -0.01289 -6.53412e+00
 13  0.09031 -1.33127e+01 | 14  0.16074 -2.94494e+00 | 15  0.05242 -3.13356e+01
 16  0.11077 -1.25853e+02 | 17  0.03116  1.80516e+01 | 18  0.21427  2.72764e+01
 19  0.14902 -9.23718e+00 | 20 -0.06736  1.86908e+01 | 21 -0.00247 -3.15348e+01
 22 -0.01184 -3.29841e+00 | 23  0.03269 -1.22558e+01 | 24  0.05413  1.25126e+01
 25 -0.01478 -6.98700e+00 | 26  0.05583 -7.13990e+00 | 27  0.04344 -1.60702e+02
 28  0.03639  4.18540e+01 | 29  0.05071  8.54348e+01 | 30 -0.00194  9.92746e+00
 31 -0.01361 -4.49401e+01 | 32  0.04900 -6.09999e+01 | 33  0.04681 -2.25981e+00
 34  0.01433 -2.55681e+01 | 35  0.10481  2.08751e+02 | 36 -0.30467  6.87032e+00

 - final statistics:
36 variables; iteration 46; function evaluation 66
Function value 9.2007e+03; maximum gradient component mag -9.6373e+00
Exit code = 1;  converg criter 1.0000e+01
Var    Value     Gradient |Var    Value     Gradient |Var    Value     Gradient
  1  0.05659  5.48453e+00 |  2 -0.04161  2.65308e-01 |  3 -0.04478  1.32141e+00
  4 -0.09235  4.61074e-01 |  5 -0.21097  9.75789e-01 |  6 -0.08896  1.02978e+00
  7 -0.19185  1.24132e+00 |  8 -0.14368  1.33199e+00 |  9 -0.06709  5.38250e+00
 10  0.06997 -3.06886e-01 | 11 -0.08859 -2.68786e-01 | 12 -0.00523 -6.79629e-01
 13  0.09483 -1.49257e+00 | 14  0.16019  1.33481e+00 | 15  0.05152 -6.75571e-02
 16  0.14403  3.77376e+00 | 17  0.02402  3.49036e-01 | 18  0.20709  1.04675e+00
 19  0.15439 -9.80115e-01 | 20 -0.07674 -1.53123e+00 | 21  0.01502 -9.63730e+00
 22 -0.01612 -6.81753e-01 | 23  0.03166 -1.48395e+00 | 24  0.05089  4.54123e+00
 25 -0.01641 -3.53605e+00 | 26  0.05262 -3.30272e+00 | 27  0.05027  7.83835e-01
 28  0.03062 -2.22879e+00 | 29  0.04286  5.44995e-01 | 30 -0.00512  3.93357e-01
 31 -0.01229  5.65710e-01 | 32  0.04996  9.81030e-01 | 33  0.04347 -9.32687e-01
 34  0.01409  9.57911e-01 | 35  0.08522 -4.39638e+00 | 36 -0.28003  7.56668e-01

Initial statistics: 46 variables; iteration 0; function evaluation 0; phase 2
Function value 9.2007022e+03; maximum gradient component mag -1.8083e+04
Var    Value     Gradient |Var    Value     Gradient |Var    Value     Gradient
  1  0.05659  5.48453e+00 |  2 -0.04160  3.54039e-01 |  3 -0.04477  1.41011e+00
  4 -0.09235  5.49061e-01 |  5 -0.21097  1.05987e+00 |  6 -0.08896  1.11783e+00
  7 -0.19185  1.32623e+00 |  8 -0.14368  1.41866e+00 |  9 -0.06708  5.47093e+00
 10  0.06997 -2.18502e-01 | 11 -0.08859 -1.80726e-01 | 12 -0.00523 -5.90712e-01
 13  0.09484 -1.40463e+00 | 14  0.16020  1.42093e+00 | 15  0.05152  2.10721e-02
 16  0.14403  3.86041e+00 | 17  0.02402  4.37892e-01 | 18  0.20709  1.13101e+00
 19  0.15439 -8.93796e-01 | 20 -0.07674 -1.44296e+00 | 21  0.01502 -9.54840e+00
 22 -0.01612 -5.92862e-01 | 23  0.03166 -1.39514e+00 | 24  0.05089  4.62987e+00
 25 -0.01641 -3.44716e+00 | 26  0.05262 -3.21410e+00 | 27  0.05027  8.72477e-01
 28  0.03062 -2.13997e+00 | 29  0.04286  6.33714e-01 | 30 -0.00512  4.82275e-01
 31 -0.01229  6.54614e-01 | 32  0.04997  1.06968e+00 | 33  0.04348 -8.43974e-01
 34  0.01410  1.04681e+00 | 35  0.08523 -4.30826e+00 | 36 -0.28002  8.37126e-01
 37  0.24916  4.62834e+03 | 38  0.26366  1.64471e+02 | 39  0.26935  1.78600e+03
 40  0.27979  1.05118e+04 | 41 -0.00839 -1.13789e+04 | 42 -0.88721  3.43070e+03
 43 -0.02550  1.64800e+03 | 44 -0.07291 -1.80827e+04 | 45 -0.28669 -1.85523e+03
 46 -0.85749  3.74985e+03 |

Intermediate statistics: 46 variables; iteration 20; function evaluation 26; phase 2
Function value 7.2563493e+03; maximum gradient component mag -1.6178e+04
Var    Value     Gradient |Var    Value     Gradient |Var    Value     Gradient
  1  0.02314 -1.61778e+04 |  2 -0.05449  1.85438e+02 |  3  0.09538  4.71206e+01
  4 -0.23817 -5.46038e+01 |  5 -0.19928  1.98351e+02 |  6  0.02869  5.31470e+02
  7 -0.10990  3.21298e+02 |  8 -0.04458  3.29883e+02 |  9  0.00242  1.99834e+02
 10  0.15963 -4.52984e+02 | 11 -0.54723  1.08422e+02 | 12  0.06931  3.08771e+02
 13  0.28439  2.87471e+02 | 14  0.20798 -2.87380e+02 | 15 -1.54650 -1.42836e+02
 16  0.24594  1.92658e+02 | 17 -1.24118 -7.21074e+01 | 18  0.38908  4.81168e+02
 19  0.21804  1.85218e+02 | 20 -1.86177 -1.96593e+02 | 21 -0.04247  2.61175e+02
 22  0.28737  5.50433e+02 | 23  0.11221  1.53358e+02 | 24 -0.07882  3.67782e+01
 25  0.24143  5.60653e+02 | 26 -0.01021  3.68105e+02 | 27  0.16302 -7.69106e+02
 28 -0.07836 -1.87774e+02 | 29  0.10512 -4.23494e+01 | 30  0.06844  3.14016e+02
 31  0.13057  3.40287e+02 | 32  0.10478 -2.63239e+02 | 33  0.04582 -1.70376e+02
 34  0.02876 -2.43527e+02 | 35  0.09675 -2.60013e+02 | 36 -0.45710  1.85242e+02
 37  0.22683 -1.91759e+03 | 38  0.28632  3.04831e+03 | 39  0.25827  1.40783e+03
 40  0.26132  4.53697e+03 | 41 -0.02325 -5.04295e+03 | 42 -0.87906  3.91733e+02
 43 -0.03968  1.00761e+03 | 44  0.12704 -8.18396e+03 | 45 -0.30591 -1.28062e+03
 46 -0.82255  8.32270e+02 |
46 variables; iteration 40; function evaluation 51; phase 2
Function value 6.7607551e+03; maximum gradient component mag -1.8738e+04
Var    Value     Gradient |Var    Value     Gradient |Var    Value     Gradient
  1  0.01464 -1.87381e+04 |  2 -0.00931  1.08970e+02 |  3  0.05870 -4.01022e+01
  4 -0.06836  9.76545e+01 |  5 -0.07746  4.66111e+02 |  6 -0.00270  3.08965e+02
  7 -0.08260  3.99052e+02 |  8 -0.03663  3.41885e+02 |  9 -0.05604  1.14465e+02
 10  0.18630 -5.05321e+02 | 11 -0.73924  8.14338e+01 | 12  0.12047  3.56746e+02
 13  0.22168  3.15553e+02 | 14  0.24657  5.26201e+02 | 15 -1.48974 -1.53445e+02
 16  0.21179  2.39801e+02 | 17 -1.66543 -1.39974e+02 | 18  0.29687  2.32875e+02
 19  0.27952  3.60545e+02 | 20 -1.74398 -8.53248e+01 | 21 -0.05202  1.47152e+02
 22  0.13997  2.60238e+02 | 23  0.11860 -2.46295e+02 | 24 -0.09771  1.59491e+01
 25  0.15169  1.01977e+02 | 26  0.08584  2.30083e+02 | 27  0.22448  3.61988e+02
 28 -0.22187  1.42190e+02 | 29  0.16160  1.57820e+01 | 30 -0.08022  2.51996e+02
 31  0.17006  9.17258e+01 | 32  0.10357 -3.87241e+02 | 33  0.09683 -5.39270e+02
 34  0.02801 -1.37003e+02 | 35  0.09748 -5.08872e+02 | 36 -0.48801  1.60743e+02
 37  0.23123 -3.29896e+03 | 38  0.28194  6.92850e+02 | 39  0.25515  5.10713e+02
 40  0.25057  1.48064e+03 | 41  0.16579 -2.53658e+03 | 42 -0.75431  6.63129e+02
 43 -0.19062  2.52410e+02 | 44  0.08671 -4.04468e+03 | 45 -0.31769 -3.68981e+02
 46 -0.78019  5.96518e+02 |
46 variables; iteration 60; function evaluation 76; phase 2
Function value 5.8642506e+03; maximum gradient component mag -4.4128e+03
Var    Value     Gradient |Var    Value     Gradient |Var    Value     Gradient
  1  0.07441 -4.41282e+03 |  2 -0.12004 -7.75460e+01 |  3 -0.04062 -2.93767e+01
  4 -0.12152 -5.18921e+01 |  5 -0.23296  4.05468e+01 |  6 -0.03502  4.65602e+01
  7 -0.10594  9.23312e+01 |  8 -0.03369  1.25595e+02 |  9  0.03293  1.06543e+02
 10  0.07346 -1.15737e+02 | 11  0.02784  1.22438e+02 | 12  0.06658  4.83912e+00
 13  0.10788 -1.27029e+01 | 14  0.05286 -1.37529e+02 | 15 -1.96525 -5.40666e+01
 16  0.15760  8.17412e+01 | 17 -2.03573 -7.30390e+01 | 18  0.25162  1.48444e+02
 19  0.16695  4.39594e+01 | 20 -1.98540 -5.81076e+01 | 21 -0.13963 -1.88740e+01
 22  0.03062 -1.12049e+02 | 23 -0.03567 -2.95904e+02 | 24 -0.20933 -1.21412e+02
 25  0.12873 -7.44228e+00 | 26 -0.00412 -4.26355e+01 | 27  0.10250 -6.23296e+01
 28 -0.08740 -1.28115e+02 | 29  0.08529  4.21164e+01 | 30  0.05069  1.49990e+02
 31  0.09474  1.89106e+02 | 32  0.13452  6.98945e+01 | 33  0.02017 -5.03079e+01
 34 -0.08087 -6.18092e+01 | 35  0.03665 -5.84938e+00 | 36 -0.37736  1.50492e+01
 37  0.21879  8.49163e+02 | 38  0.25201  1.91543e+02 | 39  0.21742  4.76056e+01
 40  0.21444  3.39716e+02 | 41  0.13950 -4.88624e+02 | 42 -0.91271  2.14052e+01
 43 -0.19618 -1.20528e+02 | 44  0.21647 -5.67204e+02 | 45 -0.06429  1.23191e+02
 46 -0.72578 -1.83348e+00 |
46 variables; iteration 80; function evaluation 96; phase 2
Function value 5.6111907e+03; maximum gradient component mag -1.6594e+02
Var    Value     Gradient |Var    Value     Gradient |Var    Value     Gradient
  1  0.25944 -1.65941e+02 |  2 -0.05282 -2.79600e+01 |  3 -0.03402 -6.11186e+01
  4 -0.04036 -2.11556e+01 |  5 -0.14531 -7.01229e-01 |  6 -0.01153  2.79124e+01
  7 -0.10092  4.12270e+00 |  8 -0.09560 -1.40077e+01 |  9 -0.03765 -1.31008e+01
 10  0.05396 -1.18942e+02 | 11 -0.01865 -1.01872e+01 | 12  0.07863 -9.32164e+00
 13  0.09330 -3.01461e+01 | 14  0.08181 -3.37489e+01 | 15 -1.98208  1.84565e-01
 16  0.14253  3.16451e+01 | 17 -2.03566  1.24994e+01 | 18  0.21320 -2.86269e+01
 19  0.16494 -6.01458e+00 | 20 -1.97582  3.52834e+00 | 21 -0.07551  3.05152e+00
 22 -0.02434 -1.77521e+01 | 23 -0.05688 -7.20384e+00 | 24  0.01639  1.95511e+01
 25  0.03680  4.48613e+01 | 26 -0.00331 -6.89003e+00 | 27  0.03446 -4.44757e+01
 28 -0.01922 -9.35043e+00 | 29  0.06374  2.20444e+01 | 30  0.00389  1.41184e+01
 31  0.05532  3.88097e+01 | 32  0.09676  3.23274e+01 | 33 -0.00925  1.16708e+01
 34 -0.08357  5.84562e+00 | 35 -0.00944  2.63303e+01 | 36 -0.32482 -4.62393e+00
 37  0.13077 -4.30970e+01 | 38  0.17070 -7.23063e+01 | 39  0.12874 -9.52255e+01
 40  0.12724  1.10413e+02 | 41  0.75571 -1.44998e+00 | 42 -0.69670  1.36757e+01
 43 -0.76019 -1.69627e+01 | 44 -0.06061  4.02452e+01 | 45 -0.29813 -5.24884e+01
 46 -0.98084  2.35293e+00 |
Maximum number of function evaluations exceeded

 - final statistics:
46 variables; iteration 85; function evaluation 100
Function value 5.5963e+03; maximum gradient component mag -1.5845e+02
Exit code = 3;  converg criter 1.0000e+01
Var    Value     Gradient |Var    Value     Gradient |Var    Value     Gradient
  1  0.34074 -1.30101e+02 |  2 -0.02130  1.25062e+01 |  3  0.01217 -3.84052e+00
  4 -0.01377 -1.12046e+01 |  5 -0.12691  8.55283e-01 |  6 -0.00069  1.09457e+01
  7 -0.08269  9.41360e+00 |  8 -0.05662  2.23324e+01 |  9  0.00052  2.78062e+01
 10  0.07659 -8.97019e+01 | 11  0.00241  1.10063e+01 | 12  0.09118  8.92467e+00
 13  0.10695  1.55114e+01 | 14  0.07929 -2.03142e+01 | 15 -1.96958  2.18204e+00
 16  0.14019  5.06440e+01 | 17 -2.03630 -7.97486e+00 | 18  0.22235  2.84511e+01
 19  0.16055  7.71411e+00 | 20 -1.96584 -9.34201e-01 | 21 -0.09354 -1.39923e+00
 22 -0.02614  6.66880e+00 | 23 -0.07606 -9.98967e+00 | 24 -0.02761 -4.82424e+00
 25 -0.02376 -6.12166e+00 | 26  0.00646  2.72142e+01 | 27  0.03318 -1.66099e+01
 28 -0.02949 -1.72174e+00 | 29  0.05892  3.47143e+01 | 30 -0.00928  8.75009e+00
 31  0.02686 -1.05561e+01 | 32  0.07508 -2.24573e+01 | 33 -0.01863  2.43791e+01
 34 -0.08416  3.93791e+01 | 35 -0.04305 -7.81504e+00 | 36 -0.33457  6.78682e+00
 37  0.09918 -9.29103e+01 | 38  0.13979 -8.24900e+00 | 39  0.10032  3.43607e+01
 40  0.09659 -1.58453e+02 | 41  0.94212 -3.50681e+00 | 42 -0.72440  1.86916e+01
 43 -0.84618 -1.65229e+01 | 44 -0.10264  1.21105e+01 | 45 -0.25021 -3.92831e-01
 46 -0.97532  1.25293e+00 |

Initial statistics: 52 variables; iteration 0; function evaluation 0; phase 3
Function value 5.5962664e+03; maximum gradient component mag -3.3913e+03
Var    Value     Gradient |Var    Value     Gradient |Var    Value     Gradient
  1  0.34074 -1.30101e+02 |  2 -0.02142  7.98067e+00 |  3  0.01204 -8.36771e+00
  4 -0.01390 -1.57315e+01 |  5 -0.12704 -3.58288e+00 |  6 -0.00082  6.41771e+00
  7 -0.08282  4.92362e+00 |  8 -0.05675  1.78220e+01 |  9  0.00039  2.32783e+01
 10  0.07646 -9.41995e+01 | 11  0.00228  6.47831e+00 | 12  0.09105  4.44318e+00
 13  0.10682  1.10475e+01 | 14  0.07916 -2.48077e+01 | 15 -0.03054 -6.70480e+00
 16  0.14006  4.62275e+01 | 17  0.03618  3.45428e+00 | 18  0.22221  2.41984e+01
 19  0.16042  3.32954e+00 | 20 -0.03429 -3.58723e+00 | 21 -0.09367 -5.87824e+00
 22 -0.02627  2.14461e+00 | 23 -0.07619 -1.44850e+01 | 24 -0.02774 -9.34789e+00
 25 -0.02389 -1.06464e+01 | 26  0.00633  2.26865e+01 | 27  0.03305 -2.11319e+01
 28 -0.02962 -6.24482e+00 | 29  0.05879  3.02062e+01 | 30 -0.00941  4.22258e+00
 31  0.02673 -1.50802e+01 | 32  0.07495 -2.69545e+01 | 33 -0.01876  1.98529e+01
 34 -0.08429  3.48897e+01 | 35 -0.04318 -1.23325e+01 | 36 -0.33472  2.86950e+00
 37  0.09918 -9.29103e+01 | 38  0.13979 -8.24900e+00 | 39  0.10032  3.43607e+01
 40  0.09659 -1.58453e+02 | 41  0.94212 -3.50681e+00 | 42 -0.72440  1.86916e+01
 43  0.37254  3.44205e+02 | 44 -0.27980 -2.29384e+01 | 45  0.09331 -3.39133e+03
 46 -0.89706  9.56520e+02 | 47  0.27758 -2.06343e+01 | 48 -0.27164  2.75066e+02
 49 -0.84618 -1.65229e+01 | 50 -0.10264  1.21105e+01 | 51 -0.25021 -3.92831e-01
 52 -0.97532  1.25293e+00 |

Intermediate statistics: 52 variables; iteration 20; function evaluation 33; phase 3
Function value 3.9563108e+03; maximum gradient component mag -6.5829e+03
Var    Value     Gradient |Var    Value     Gradient |Var    Value     Gradient
  1  0.26133 -6.38817e+03 |  2 -0.01584  8.24113e+01 |  3  0.02633  7.62813e+01
  4  0.00672  7.75612e+01 |  5 -0.10436  7.89698e+01 |  6  0.01382  8.32239e+01
  7 -0.06453  8.36059e+01 |  8 -0.04238  8.47089e+01 |  9  0.01922  7.01676e+01
 10  0.13135 -4.40304e+00 | 11  0.03281  6.40279e+01 | 12  0.12932  1.66960e+01
 13  0.14153  8.93297e+00 | 14  0.13582  4.28258e+01 | 15  0.05153  3.39646e-01
 16 -0.02003  8.65429e+01 | 17  0.01615  3.65981e+01 | 18  0.15869 -7.09689e+01
 19  0.19848 -6.86176e+01 | 20 -0.01142  2.73073e+01 | 21 -0.01340 -2.40109e+00
 22 -0.17950 -5.30448e+01 | 23 -0.43383  1.36340e+01 | 24  0.15183 -1.71043e+01
 25  0.02629 -1.55043e+02 | 26 -0.11536 -1.74150e+02 | 27  0.07602 -1.84805e+02
 28  0.04591 -1.15826e+02 | 29  0.03554 -1.76166e+02 | 30 -0.06691 -1.84689e+02
 31  0.14417 -1.82952e+02 | 32  0.04410 -2.78899e+02 | 33 -0.05608 -9.50304e+00
 34 -0.08852  1.35283e+01 | 35 -0.04886 -5.12134e+01 | 36 -0.39418  7.91856e+01
 37  0.10670 -6.58290e+03 | 38  0.09827 -5.87642e+03 | 39  0.14203  3.96734e+02
 40  0.11357 -2.67555e+03 | 41  0.95191  5.33618e-01 | 42 -0.74786 -5.36897e-01
 43  0.26216  2.12148e+02 | 44 -0.30011  1.15984e+02 | 45  0.82275 -3.07662e+02
 46 -1.00455 -2.02076e+00 | 47  0.17193 -6.60641e+02 | 48 -0.50579 -5.48699e+01
 49 -0.75445  4.57488e+00 | 50 -0.12604 -2.63924e+00 | 51 -0.21606  3.45858e+00
 52 -0.97653 -2.57404e-01 |
52 variables; iteration 40; function evaluation 61; phase 3
Function value 3.7593718e+03; maximum gradient component mag -1.6622e+03
Var    Value     Gradient |Var    Value     Gradient |Var    Value     Gradient
  1  0.33889 -1.66224e+03 |  2 -0.00614  3.67189e+01 |  3  0.04930  4.45937e+01
  4  0.01717  8.09749e+00 |  5 -0.07115  5.92400e+01 |  6  0.02102  4.29979e-01
  7 -0.02648  8.63515e+01 |  8 -0.01805  6.83930e+01 |  9 -0.00858 -1.09467e+01
 10  0.12081  3.21251e+01 | 11 -0.01785 -1.52061e+01 | 12  0.08115 -1.87949e+01
 13  0.11405  1.83977e+01 | 14  0.10197  2.36836e+01 | 15  0.02141 -1.78868e+01
 16 -0.11102 -2.96064e+00 | 17  0.00646  4.72137e+00 | 18  0.10090 -5.10753e+01
 19  0.15849 -5.70310e+01 | 20 -0.03361  1.55817e+01 | 21 -0.04760 -2.59239e+01
 22 -0.07593  1.34240e+01 | 23 -0.18697  3.94407e+01 | 24  0.05445  3.14175e+00
 25  0.07401  2.14936e+01 | 26 -0.00272 -4.14129e+01 | 27  0.03118 -5.06778e+01
 28  0.02087 -3.46182e+01 | 29  0.04066 -2.63443e+01 | 30  0.08780  5.69060e+01
 31  0.08106  4.48550e+00 | 32  0.07144 -6.22677e+01 | 33 -0.09187 -5.41693e+01
 34 -0.09862  8.30716e+00 | 35 -0.06584 -2.51593e+01 | 36 -0.41797  3.19776e+01
 37  0.09397 -1.06347e+03 | 38  0.09306 -1.04635e+03 | 39  0.09823 -4.09164e+02
 40  0.08617 -1.59189e+03 | 41  0.92593 -3.91809e+00 | 42 -0.72614 -2.72042e+01
 43  0.29467  6.56174e+01 | 44 -0.34023  5.28457e+00 | 45  0.84909 -2.01304e+02
 46 -0.90015  4.40016e+01 | 47  0.17112 -7.31810e+02 | 48 -0.48569  1.86857e+02
 49 -0.87469 -7.15359e+00 | 50 -0.10813 -1.27434e+01 | 51 -0.29973 -9.29436e+01
 52 -0.92034  6.78923e+00 |
52 variables; iteration 60; function evaluation 91; phase 3
Function value 3.7145558e+03; maximum gradient component mag 3.6145e+02
Var    Value     Gradient |Var    Value     Gradient |Var    Value     Gradient
  1  0.36432  2.52244e+02 |  2 -0.02287  1.72941e+01 |  3  0.01786  1.17523e+01
  4  0.00073  2.60739e+01 |  5 -0.11319  2.40387e+01 |  6 -0.00350  2.43382e+01
  7 -0.09545  2.19728e+00 |  8 -0.07059  1.07437e+01 |  9  0.00847  2.53782e+01
 10  0.13482  1.51133e+01 | 11  0.03527  3.38420e+01 | 12  0.12980  3.61026e+01
 13  0.12811  2.64267e+01 | 14  0.11227  2.20175e+01 | 15  0.04442  2.98966e+01
 16 -0.10283  1.56151e+00 | 17  0.01367  2.72625e+01 | 18  0.12450  1.02851e+01
 19  0.19034  4.71457e+01 | 20 -0.01609  2.70241e+01 | 21 -0.01077  3.61117e+01
 22 -0.08527  2.79522e+01 | 23 -0.22817  1.76505e+01 | 24  0.07469  2.73750e+01
 25  0.05330  2.23548e+01 | 26 -0.00319  2.04824e+01 | 27  0.05548  5.49864e+01
 28  0.03441  3.84589e+01 | 29  0.06063  3.09048e+01 | 30  0.03547  1.78364e+00
 31  0.07007  2.74065e+01 | 32  0.08501  5.05221e+01 | 33 -0.06090  3.34465e+01
 34 -0.10204  2.61464e+01 | 35 -0.05611  3.94722e+01 | 36 -0.44884  5.17408e+00
 37  0.08464  2.27534e+02 | 38  0.08737  7.68303e+01 | 39  0.09519  9.89164e+01
 40  0.08412  3.61454e+02 | 41  0.95851 -4.51372e-01 | 42 -0.79773  1.22458e+01
 43  0.28854 -5.23566e+00 | 44 -0.34317 -7.79688e+00 | 45  0.95420 -4.67156e+01
 46 -0.89994  3.41083e+01 | 47  0.18599 -3.49602e+02 | 48 -0.49173 -8.74183e+01
 49 -0.76577 -2.62970e+00 | 50 -0.11351 -3.79857e+00 | 51 -0.17523  2.57520e+01
 52 -0.81574  8.82347e-01 |
52 variables; iteration 80; function evaluation 111; phase 3
Function value 3.7041240e+03; maximum gradient component mag -1.0238e+02
Var    Value     Gradient |Var    Value     Gradient |Var    Value     Gradient
  1  0.57931 -7.06821e+01 |  2 -0.01813 -2.81261e-01 |  3  0.02674  7.17397e-02
  4  0.00543 -8.98224e-02 |  5 -0.10875 -4.48361e-01 |  6  0.00567  3.61491e-01
  7 -0.07611 -8.54117e-01 |  8 -0.05607 -5.65237e-01 |  9  0.00970 -2.21419e-01
 10  0.13337 -6.63231e-01 | 11  0.02430 -4.33461e-01 | 12  0.11828 -1.22318e+00
 13  0.12237 -1.44365e+00 | 14  0.10869 -1.29242e+00 | 15  0.03979 -9.44053e-01
 16 -0.08998 -1.37444e+00 | 17  0.00655 -1.47812e+00 | 18  0.13162 -2.68347e+00
 19  0.17807 -2.71464e+00 | 20 -0.02430 -8.73985e-01 | 21 -0.02287 -1.26236e+00
 22 -0.09371 -2.11543e-01 | 23 -0.23147 -5.61365e-01 | 24  0.06851 -3.65569e+00
 25  0.05139 -3.56981e+00 | 26 -0.00657 -3.11741e+00 | 27  0.04606 -5.03307e+00
 28  0.02771 -3.89176e+00 | 29  0.05862 -3.52845e+00 | 30  0.04042 -3.80505e+00
 31  0.07260 -4.00165e+00 | 32  0.07587 -4.24561e+00 | 33 -0.06937 -2.26978e+00
 34 -0.10640 -1.90654e+00 | 35 -0.05657 -8.65016e-01 | 36 -0.42415 -1.30672e-01
 37  0.01415 -1.02376e+02 | 38  0.01679 -4.00094e+01 | 39  0.02346 -2.13565e+01
 40  0.01323 -8.65840e+01 | 41  0.95955 -9.31487e-02 | 42 -0.81321  5.20179e-01
 43  0.28765  4.67320e+00 | 44 -0.34019  7.65485e-01 | 45  1.00079  6.13044e-01
 46 -1.00421 -6.50481e-01 | 47  0.20151  1.70203e+01 | 48 -0.48042  1.67354e+00
 49 -0.78404 -1.07232e+00 | 50 -0.11297 -5.84514e-02 | 51 -0.19053  1.75442e+00
 52 -0.79717 -1.47144e-01 |
52 variables; iteration 100; function evaluation 135; phase 3
Function value 3.7039040e+03; maximum gradient component mag -9.1464e+00
Var    Value     Gradient |Var    Value     Gradient |Var    Value     Gradient
  1  0.72981 -4.31897e+00 |  2 -0.01780  1.30500e-01 |  3  0.02692  1.23903e-01
  4  0.00581  1.27379e-01 |  5 -0.10798  1.24607e-01 |  6  0.00607  1.29233e-01
  7 -0.07507  1.39671e-01 |  8 -0.05519  1.19141e-01 |  9  0.01007  1.07045e-01
 10  0.13342  4.29876e-02 | 11  0.02445  8.62828e-02 | 12  0.11861  3.63492e-02
 13  0.12270  2.33286e-02 | 14  0.10881  4.49237e-02 | 15  0.03971  4.59391e-02
 16 -0.08958  1.11156e-01 | 17  0.00640 -1.99595e-02 | 18  0.13178 -4.23012e-02
 19  0.17787 -1.37013e-01 | 20 -0.02454  3.21090e-02 | 21 -0.02317  1.19992e-02
 22 -0.09476  2.49756e-02 | 23 -0.23267  8.36493e-02 | 24  0.06996 -3.07249e-02
 25  0.05146 -8.27017e-02 | 26 -0.00673 -1.40190e-01 | 27  0.04611 -2.05539e-01
 28  0.02785 -1.92797e-01 | 29  0.05854 -1.82544e-01 | 30  0.04066 -1.08311e-01
 31  0.07210 -2.87996e-01 | 32  0.07546 -3.44366e-01 | 33 -0.06950 -3.66176e-02
 34 -0.10654 -1.33757e-02 | 35 -0.05756 -3.48745e-02 | 36 -0.42489  1.14480e-01
 37 -0.02010 -9.14637e+00 | 38 -0.01744 -4.05838e+00 | 39 -0.01065 -1.45671e+00
 40 -0.02094 -6.37363e+00 | 41  0.86077 -8.05545e-03 | 42 -0.82896 -2.17675e-01
 43  0.28741  4.05028e-01 | 44 -0.34015  8.82453e-02 | 45  0.99992 -5.93158e-02
 46 -0.99978 -5.69437e-03 | 47  0.20092  1.11939e-01 | 48 -0.48084 -1.00211e-01
 49 -0.75551 -2.30894e-02 | 50 -0.10346 -1.06910e-01 | 51 -0.18523 -3.55653e-02
 52 -0.77974 -1.97232e-01 |
52 variables; iteration 120; function evaluation 160; phase 3
Function value 3.7038721e+03; maximum gradient component mag -1.3258e+01
Var    Value     Gradient |Var    Value     Gradient |Var    Value     Gradient
  1  0.83543 -3.62641e+00 |  2 -0.01774  2.82378e-01 |  3  0.02702  3.01694e-01
  4  0.00593  3.05042e-01 |  5 -0.10788  2.53637e-01 |  6  0.00617  2.49415e-01
  7 -0.07494  3.00733e-01 |  8 -0.05507  2.83007e-01 |  9  0.01017  2.86227e-01
 10  0.13347  1.58532e-01 | 11  0.02452  2.68041e-01 | 12  0.11863  1.37177e-01
 13  0.12266  3.75995e-02 | 14  0.10876  8.12861e-02 | 15  0.03971  1.78514e-01
 16 -0.08957  2.49065e-01 | 17  0.00642  1.00580e-01 | 18  0.13173 -2.76991e-02
 19  0.17787 -2.64561e-02 | 20 -0.02457  9.78103e-02 | 21 -0.02322  4.72679e-02
 22 -0.09482  4.28266e-02 | 23 -0.23262  2.43667e-01 | 24  0.06988 -4.74500e-03
 25  0.05138 -1.82613e-01 | 26 -0.00673 -4.88976e-02 | 27  0.04602 -3.41988e-01
 28  0.02784 -1.25712e-01 | 29  0.05855 -6.10553e-02 | 30  0.04059 -1.82675e-01
 31  0.07213 -2.09055e-01 | 32  0.07539 -5.16639e-01 | 33 -0.06956 -1.14556e-03
 34 -0.10661  2.85335e-02 | 35 -0.05766 -1.10083e-01 | 36 -0.42496  2.10397e-01
 37 -0.03582 -1.32584e+01 | 38 -0.03315 -5.75045e+00 | 39 -0.02636 -2.06712e+00
 40 -0.03666 -9.32916e+00 | 41  0.74429  1.66398e-02 | 42 -0.82541 -2.40799e-02
 43  0.28740  5.56518e-01 | 44 -0.34016  1.05974e-01 | 45  0.99981 -1.42854e-01
 46 -0.99729  2.74865e-01 | 47  0.20093  4.81962e-01 | 48 -0.48083  1.06459e-01
 49 -0.69685  1.96711e-02 | 50 -0.07879 -2.20288e-02 | 51 -0.18646  2.01493e-02
 52 -0.78310 -2.83644e-02 |
52 variables; iteration 140; function evaluation 186; phase 3
Function value 3.7038618e+03; maximum gradient component mag -7.8819e+00
Var    Value     Gradient |Var    Value     Gradient |Var    Value     Gradient
  1  0.91238 -1.15732e+00 |  2 -0.01779  1.18719e-01 |  3  0.02694  9.82497e-02
  4  0.00584  1.11618e-01 |  5 -0.10794  1.18307e-01 |  6  0.00610  1.03478e-01
  7 -0.07502  1.40979e-01 |  8 -0.05514  1.35517e-01 |  9  0.01010  1.01537e-01
 10  0.13344  3.47397e-02 | 11  0.02447  8.65579e-02 | 12  0.11863  4.12517e-02
 13  0.12270  3.49323e-02 | 14  0.10880  4.26788e-02 | 15  0.03969  3.37349e-02
 16 -0.08960  1.12750e-01 | 17  0.00640  2.97355e-04 | 18  0.13178 -2.45034e-02
 19  0.17786 -1.30840e-01 | 20 -0.02454  5.42294e-02 | 21 -0.02319  1.11028e-02
 22 -0.09479  2.10482e-02 | 23 -0.23267  1.02651e-01 | 24  0.06994 -1.26835e-02
 25  0.05142 -1.08842e-01 | 26 -0.00675 -1.06132e-01 | 27  0.04610 -1.55242e-01
 28  0.02785 -1.31586e-01 | 29  0.05853 -1.43378e-01 | 30  0.04065 -7.75918e-02
 31  0.07210 -2.32569e-01 | 32  0.07544 -3.00151e-01 | 33 -0.06952 -1.82849e-02
 34 -0.10656  2.45987e-02 | 35 -0.05759 -2.82093e-02 | 36 -0.42490  9.74412e-02
 37 -0.04255 -7.88190e+00 | 38 -0.03988 -3.56378e+00 | 39 -0.03309 -1.12926e+00
 40 -0.04339 -5.21042e+00 | 41  0.64085 -2.34092e-01 | 42 -0.80683  6.00522e-02
 43  0.28740  3.33974e-01 | 44 -0.34015  7.21053e-02 | 45  1.00000  5.25398e-02
 46 -0.99823  8.76449e-02 | 47  0.20093  3.86069e-01 | 48 -0.48084 -8.54443e-02
 49 -0.63137 -5.96463e-02 | 50 -0.04572 -5.48900e-01 | 51 -0.19372  8.40628e-02
 52 -0.80485  1.71060e-02 |
52 variables; iteration 160; function evaluation 209; phase 3
Function value 3.7038588e+03; maximum gradient component mag -1.0264e+00
Var    Value     Gradient |Var    Value     Gradient |Var    Value     Gradient
  1  0.96095 -8.85959e-02 |  2 -0.01778  2.70986e-03 |  3  0.02695  7.47228e-03
  4  0.00585  4.85041e-03 |  5 -0.10793  5.03629e-03 |  6  0.00611  8.74609e-03
  7 -0.07503 -1.66779e-03 |  8 -0.05515  2.88660e-03 |  9  0.01010  3.40517e-03
 10  0.13344 -4.79909e-04 | 11  0.02447  4.33594e-03 | 12  0.11862 -1.18793e-02
 13  0.12269 -1.78729e-02 | 14  0.10879  4.91766e-03 | 15  0.03968 -1.66349e-02
 16 -0.08963  3.18113e-03 | 17  0.00643 -3.70655e-03 | 18  0.13174 -1.84836e-02
 19  0.17785 -6.14095e-02 | 20 -0.02454  4.57048e-03 | 21 -0.02319 -1.76123e-02
 22 -0.09475  6.87336e-03 | 23 -0.23262  1.11483e-02 | 24  0.06992 -9.39711e-03
 25  0.05141 -4.28501e-02 | 26 -0.00674 -3.62636e-03 | 27  0.04609 -3.08550e-02
 28  0.02786 -2.30423e-02 | 29  0.05855  3.66956e-03 | 30  0.04062 -3.25201e-02
 31  0.07209 -5.11648e-02 | 32  0.07544 -5.76213e-02 | 33 -0.06952  4.89616e-03
 34 -0.10656 -6.81430e-03 | 35 -0.05759 -1.21452e-02 | 36 -0.42491  4.18418e-03
 37 -0.04468 -1.02641e+00 | 38 -0.04202 -5.29275e-01 | 39 -0.03522 -8.72699e-02
 40 -0.04552 -5.32667e-01 | 41  0.56950 -3.33615e-02 | 42 -0.78768  4.58757e-03
 43  0.28740  2.69908e-02 | 44 -0.34016 -3.28292e-03 | 45  0.99997 -2.17759e-02
 46 -0.99934 -7.55163e-03 | 47  0.20092 -4.21060e-02 | 48 -0.48084  4.95907e-02
 49 -0.58212  2.58694e-02 | 50 -0.01712 -1.35741e-01 | 51 -0.20203 -1.43060e-02
 52 -0.83291  1.80708e-04 |
52 variables; iteration 180; function evaluation 235; phase 3
Function value 3.7038580e+03; maximum gradient component mag -6.5919e-01
Var    Value     Gradient |Var    Value     Gradient |Var    Value     Gradient
  1  1.00044  5.49762e-04 |  2 -0.01778  7.26514e-03 |  3  0.02695  3.91144e-03
  4  0.00585  7.02574e-03 |  5 -0.10794  8.40714e-03 |  6  0.00610  4.32022e-03
  7 -0.07503  8.11883e-03 |  8 -0.05515  9.22295e-03 |  9  0.01010  6.42386e-03
 10  0.13344 -1.77768e-03 | 11  0.02447  8.46710e-03 | 12  0.11863  4.89500e-04
 13  0.12270  2.80071e-04 | 14  0.10879  6.39012e-03 | 15  0.03969 -2.78476e-03
 16 -0.08963  5.40000e-03 | 17  0.00643 -1.79431e-03 | 18  0.13174 -5.66960e-03
 19  0.17786 -1.72373e-02 | 20 -0.02454  5.73097e-03 | 21 -0.02318 -1.99506e-03
 22 -0.09476  6.38518e-04 | 23 -0.23263  6.22615e-03 | 24  0.06992 -5.29473e-03
 25  0.05141 -1.22428e-02 | 26 -0.00674 -5.33127e-03 | 27  0.04609 -1.57958e-02
 28  0.02786 -1.63135e-02 | 29  0.05854 -8.36008e-03 | 30  0.04063 -1.06850e-02
 31  0.07210 -2.53291e-02 | 32  0.07544 -2.65836e-02 | 33 -0.06952 -2.21889e-03
 34 -0.10656 -1.20616e-03 | 35 -0.05759 -3.90965e-03 | 36 -0.42491  5.21277e-03
 37 -0.04521 -6.59191e-01 | 38 -0.04255 -3.02407e-01 | 39 -0.03575 -9.54976e-02
 40 -0.04605 -4.26598e-01 | 41  0.50816 -1.61061e-02 | 42 -0.77698  1.12683e-02
 43  0.28740  2.26923e-02 | 44 -0.34016  5.78655e-04 | 45  0.99999  3.77828e-04
 46 -0.99883  1.63926e-02 | 47  0.20092  1.25725e-02 | 48 -0.48084  6.44632e-03
 49 -0.53830 -2.06226e-02 | 50  0.01083 -1.44786e-02 | 51 -0.20699  1.13438e-02
 52 -0.85215 -6.13980e-03 |
52 variables; iteration 200; function evaluation 256; phase 3
Function value 3.7038579e+03; maximum gradient component mag 3.0202e-01
Var    Value     Gradient |Var    Value     Gradient |Var    Value     Gradient
  1  1.02361  6.00214e-03 |  2 -0.01778 -5.15487e-03 |  3  0.02695 -4.62371e-03
  4  0.00585 -5.03561e-03 |  5 -0.10794 -5.80959e-03 |  6  0.00610 -2.48930e-03
  7 -0.07503 -5.32732e-03 |  8 -0.05515 -5.77315e-03 |  9  0.01009 -6.06960e-03
 10  0.13344  4.10716e-04 | 11  0.02447 -1.03351e-02 | 12  0.11863 -2.17364e-03
 13  0.12270  2.21384e-03 | 14  0.10879 -6.47206e-03 | 15  0.03969  8.84014e-04
 16 -0.08963 -5.91492e-03 | 17  0.00643 -5.30263e-04 | 18  0.13174 -1.26188e-03
 19  0.17786  3.12459e-03 | 20 -0.02454 -4.05899e-03 | 21 -0.02318  1.14237e-03
 22 -0.09476  3.43137e-03 | 23 -0.23263 -4.62689e-03 | 24  0.06992  2.25745e-03
 25  0.05142  6.11573e-03 | 26 -0.00675 -8.70276e-04 | 27  0.04609  1.06620e-02
 28  0.02786  1.01116e-02 | 29  0.05854 -2.22286e-03 | 30  0.04063  1.83116e-03
 31  0.07210  9.85994e-03 | 32  0.07544  1.43922e-02 | 33 -0.06952  7.50673e-04
 34 -0.10656  1.50634e-03 | 35 -0.05758  5.42086e-03 | 36 -0.42490 -1.29820e-03
 37 -0.04502  3.02015e-01 | 38 -0.04235  1.29606e-01 | 39 -0.03555  4.18150e-02
 40 -0.04585  2.18484e-01 | 41  0.47083 -2.77237e-04 | 42 -0.78863  2.49035e-02
 43  0.28740 -1.04272e-02 | 44 -0.34016  2.88624e-03 | 45  0.99999  1.09372e-02
 46 -1.00058  8.47100e-03 | 47  0.20092 -1.27007e-02 | 48 -0.48084 -2.04141e-02
 49 -0.51113  6.23724e-03 | 50  0.02928 -1.96866e-02 | 51 -0.20159  4.01360e-03
 52 -0.83132  7.85564e-03 |
52 variables; iteration 220; function evaluation 279; phase 3
Function value 3.7038577e+03; maximum gradient component mag -9.2674e-01
Var    Value     Gradient |Var    Value     Gradient |Var    Value     Gradient
  1  1.02596  6.04666e-02 |  2 -0.01778  1.46749e-02 |  3  0.02695  1.45968e-02
  4  0.00585  1.59204e-02 |  5 -0.10794  1.20310e-02 |  6  0.00610  2.09437e-02
  7 -0.07503  1.53641e-02 |  8 -0.05515  1.48773e-02 |  9  0.01009  1.42614e-02
 10  0.13344  7.92275e-03 | 11  0.02447  4.36540e-03 | 12  0.11863  5.92984e-03
 13  0.12270  6.95733e-03 | 14  0.10879 -3.68943e-03 | 15  0.03969  1.36324e-02
 16 -0.08963  1.06515e-02 | 17  0.00642 -3.97594e-03 | 18  0.13175  7.96460e-04
 19  0.17787 -6.99648e-03 | 20 -0.02454  6.35101e-03 | 21 -0.02318  7.79776e-03
 22 -0.09476  1.11037e-02 | 23 -0.23264  1.31827e-02 | 24  0.06992 -4.26797e-03
 25  0.05142 -7.87921e-03 | 26 -0.00675 -1.12554e-02 | 27  0.04609 -1.24850e-02
 28  0.02786 -2.00688e-02 | 29  0.05854 -2.46935e-02 | 30  0.04063 -1.28193e-02
 31  0.07210 -2.35602e-02 | 32  0.07545 -3.09567e-02 | 33 -0.06952 -5.72474e-03
 34 -0.10656  1.00300e-02 | 35 -0.05758  1.47016e-02 | 36 -0.42490  1.50275e-02
 37 -0.04498 -9.26739e-01 | 38 -0.04231 -3.69337e-01 | 39 -0.03551 -1.89917e-01
 40 -0.04582 -7.85833e-01 | 41  0.46783 -4.88213e-02 | 42 -0.82132 -1.69729e-03
 43  0.28740  4.50161e-02 | 44 -0.34016  1.32582e-02 | 45  0.99999  1.33149e-04
 46 -1.00079  4.53513e-03 | 47  0.20092  1.71442e-02 | 48 -0.48084 -2.83227e-02
 49 -0.50893 -4.77167e-03 | 50  0.03080 -9.88022e-02 | 51 -0.18801  3.39211e-02
 52 -0.78751 -1.27130e-02 |
52 variables; iteration 240; function evaluation 299; phase 3
Function value 3.7038577e+03; maximum gradient component mag 2.6729e-01
Var    Value     Gradient |Var    Value     Gradient |Var    Value     Gradient
  1  1.00965  3.11812e-03 |  2 -0.01778 -2.73536e-03 |  3  0.02695 -2.69336e-03
  4  0.00585 -1.95386e-03 |  5 -0.10793 -3.14101e-03 |  6  0.00611 -1.78596e-03
  7 -0.07503 -2.25995e-03 |  8 -0.05515 -2.61516e-03 |  9  0.01010 -1.68009e-03
 10  0.13344 -5.95026e-04 | 11  0.02447 -2.66741e-03 | 12  0.11863 -3.64269e-04
 13  0.12270  4.53908e-04 | 14  0.10879 -1.72129e-03 | 15  0.03969  2.39788e-03
 16 -0.08963  8.21861e-04 | 17  0.00643 -1.28822e-03 | 18  0.13174  6.66702e-03
 19  0.17786  7.30044e-03 | 20 -0.02454 -2.42520e-04 | 21 -0.02318  2.19328e-04
 22 -0.09476 -7.50770e-04 | 23 -0.23263 -1.71688e-03 | 24  0.06992  2.86082e-04
 25  0.05142  4.97906e-03 | 26 -0.00675  5.54787e-03 | 27  0.04609  6.78922e-03
 28  0.02786  2.52255e-03 | 29  0.05854  4.11083e-03 | 30  0.04063  5.86839e-03
 31  0.07210  1.05078e-02 | 32  0.07544  9.82051e-03 | 33 -0.06952  1.71442e-03
 34 -0.10656  2.20746e-03 | 35 -0.05758  3.85017e-03 | 36 -0.42491 -7.53795e-04
 37 -0.04518  2.67288e-01 | 38 -0.04251  1.41706e-01 | 39 -0.03571  2.70226e-02
 40 -0.04602  1.50024e-01 | 41  0.49376  6.62097e-03 | 42 -0.82159 -8.92616e-03
 43  0.28740 -9.77170e-03 | 44 -0.34016 -9.76235e-04 | 45  0.99998 -3.17561e-03
 46 -1.00091 -4.38937e-05 | 47  0.20092 -1.04828e-02 | 48 -0.48084  2.06064e-03
 49 -0.52784  3.85903e-03 | 50  0.01782 -3.48747e-03 | 51 -0.18793  2.79018e-03
 52 -0.78721 -8.53387e-03 |
52 variables; iteration 260; function evaluation 320; phase 3
Function value 3.7038577e+03; maximum gradient component mag -6.3941e-02
Var    Value     Gradient |Var    Value     Gradient |Var    Value     Gradient
  1  1.01175  9.37375e-03 |  2 -0.01778  9.73961e-03 |  3  0.02695  6.50632e-03
  4  0.00586  1.15576e-02 |  5 -0.10793  8.67038e-03 |  6  0.00611  4.78411e-03
  7 -0.07502  1.35269e-02 |  8 -0.05514  1.13959e-02 |  9  0.01010  1.13748e-02
 10  0.13344  5.75461e-03 | 11  0.02448  1.18262e-02 | 12  0.11863  9.98982e-03
 13  0.12270  5.33524e-03 | 14  0.10879  6.05184e-03 | 15  0.03969  1.28211e-02
 16 -0.08962  2.10695e-02 | 17  0.00642  3.65007e-03 | 18  0.13175  1.71206e-02
 19  0.17787  1.51659e-02 | 20 -0.02454  5.59357e-03 | 21 -0.02319  1.56651e-03
 22 -0.09477 -4.24647e-03 | 23 -0.23264  1.02028e-02 | 24  0.06992  4.14150e-03
 25  0.05141 -1.50978e-03 | 26 -0.00675  1.21694e-02 | 27  0.04608  8.66396e-04
 28  0.02786  3.16383e-03 | 29  0.05854  9.31448e-03 | 30  0.04063  7.55060e-03
 31  0.07210  1.48129e-02 | 32  0.07544 -2.20735e-03 | 33 -0.06953  6.32603e-03
 34 -0.10656  8.18417e-03 | 35 -0.05759 -6.26632e-03 | 36 -0.42492  6.83601e-03
 37 -0.04516 -6.39408e-02 | 38 -0.04250  1.22262e-02 | 39 -0.03570 -8.59482e-03
 40 -0.04600 -3.05065e-02 | 41  0.48892 -9.47322e-04 | 42 -0.82016 -7.42239e-03
 43  0.28740  6.86824e-03 | 44 -0.34016  2.59748e-03 | 45  0.99999 -1.11239e-03
 46 -1.00092 -3.74676e-04 | 47  0.20092  5.79557e-02 | 48 -0.48084  1.23537e-02
 49 -0.52432  1.16357e-02 | 50  0.02020 -3.00483e-02 | 51 -0.18847 -9.73131e-04
 52 -0.78880 -6.08747e-03 |
52 variables; iteration 280; function evaluation 341; phase 3
Function value 3.7038573e+03; maximum gradient component mag 6.1812e-01
Var    Value     Gradient |Var    Value     Gradient |Var    Value     Gradient
  1  0.99934  3.57189e-04 |  2 -0.01778  3.85083e-03 |  3  0.02695 -1.23036e-03
  4  0.00586  7.24292e-03 |  5 -0.10793  2.59121e-03 |  6  0.00611 -3.03832e-03
  7 -0.07502  1.16646e-02 |  8 -0.05514  7.88255e-03 |  9  0.01011  8.94936e-03
 10  0.13345  3.54708e-03 | 11  0.02448  1.03716e-02 | 12  0.11863  9.08353e-03
 13  0.12270  2.21959e-03 | 14  0.10879  3.20639e-03 | 15  0.03969  1.82638e-02
 16 -0.08961  3.34402e-02 | 17  0.00642  3.92299e-03 | 18  0.13175  3.27237e-02
 19  0.17787  2.68979e-02 | 20 -0.02454  7.09114e-03 | 21 -0.02319  2.68318e-04
 22 -0.09478 -8.45787e-03 | 23 -0.23264  1.36684e-02 | 24  0.06992  4.98042e-03
 25  0.05141  5.75004e-03 | 26 -0.00675  3.13590e-02 | 27  0.04608  1.72930e-02
 28  0.02786  1.29165e-02 | 29  0.05854  2.48736e-02 | 30  0.04063  2.60282e-02
 31  0.07210  4.18359e-02 | 32  0.07544  1.68675e-02 | 33 -0.06953  1.47849e-02
 34 -0.10656  1.58635e-02 | 35 -0.05760 -3.55474e-03 | 36 -0.42492  3.03598e-03
 37 -0.04521  6.18118e-01 | 38 -0.04254  3.56190e-01 | 39 -0.03574  8.88780e-02
 40 -0.04605  4.29772e-01 | 41  0.41378 -9.75346e-02 | 42 -0.84755 -4.26430e-02
 43  0.28740 -1.94153e-02 | 44 -0.34016 -1.65174e-03 | 45  0.99998 -6.29990e-03
 46 -1.00093 -7.98725e-04 | 47  0.20093  8.12805e-02 | 48 -0.48084  2.64375e-02
 49 -0.46916  1.88876e-02 | 50  0.05945 -2.10704e-01 | 51 -0.17880 -1.29260e-02
 52 -0.76201 -3.83727e-02 |
52 variables; iteration 300; function evaluation 367; phase 3
Function value 3.7038570e+03; maximum gradient component mag 1.9650e-01
Var    Value     Gradient |Var    Value     Gradient |Var    Value     Gradient
  1  0.98829 -4.71724e-03 |  2 -0.01778  2.95171e-03 |  3  0.02695 -1.84178e-03
  4  0.00585  2.92197e-03 |  5 -0.10793  2.03840e-03 |  6  0.00611 -2.20313e-03
  7 -0.07502  6.05948e-03 |  8 -0.05514  4.96278e-03 |  9  0.01010  3.95288e-03
 10  0.13344  2.39602e-04 | 11  0.02448  5.47973e-03 | 12  0.11863  5.72815e-03
 13  0.12270  4.98169e-03 | 14  0.10879  1.10239e-03 | 15  0.03969  7.04486e-03
 16 -0.08962  1.23196e-02 | 17  0.00643  2.24629e-04 | 18  0.13175  1.41944e-02
 19  0.17787  1.05079e-02 | 20 -0.02454  1.46682e-03 | 21 -0.02318  5.28668e-04
 22 -0.09477 -3.27284e-03 | 23 -0.23264  3.71479e-03 | 24  0.06992  3.56122e-03
 25  0.05141  1.61891e-03 | 26 -0.00675  1.05978e-02 | 27  0.04609  6.51848e-03
 28  0.02786  2.94257e-03 | 29  0.05854  8.25493e-03 | 30  0.04063  9.64514e-03
 31  0.07210  1.43381e-02 | 32  0.07544  5.46517e-03 | 33 -0.06953  4.15474e-03
 34 -0.10656  6.29788e-03 | 35 -0.05759 -2.82535e-03 | 36 -0.42492  5.95518e-04
 37 -0.04516  1.96497e-01 | 38 -0.04250  1.22060e-01 | 39 -0.03570  2.68598e-02
 40 -0.04600  1.27729e-01 | 41  0.32708 -4.86784e-02 | 42 -0.82038  5.92249e-02
 43  0.28740 -5.31528e-03 | 44 -0.34016 -1.61910e-04 | 45  0.99999  1.40045e-03
 46 -1.00090  4.20531e-04 | 47  0.20092  4.06198e-02 | 48 -0.48084  9.15410e-03
 49 -0.40481 -1.73089e-02 | 50  0.10969 -6.41125e-02 | 51 -0.18837  3.15112e-02
 52 -0.78845  4.23683e-02 |
52 variables; iteration 320; function evaluation 390; phase 3
Function value 3.7038569e+03; maximum gradient component mag -4.2954e-01
Var    Value     Gradient |Var    Value     Gradient |Var    Value     Gradient
  1  0.99735 -3.68191e-03 |  2 -0.01778  9.07159e-03 |  3  0.02695  8.23423e-03
  4  0.00585  1.02289e-02 |  5 -0.10793  9.11789e-03 |  6  0.00611  7.54568e-03
  7 -0.07503  1.17656e-02 |  8 -0.05514  1.07997e-02 |  9  0.01010  1.03170e-02
 10  0.13344  4.03023e-03 | 11  0.02448  1.03794e-02 | 12  0.11863  4.39407e-03
 13  0.12270 -2.02246e-04 | 14  0.10879  5.42018e-03 | 15  0.03969  6.58932e-03
 16 -0.08962  1.59370e-02 | 17  0.00643  1.86297e-03 | 18  0.13175  3.99521e-03
 19  0.17786 -1.83257e-03 | 20 -0.02454  6.79669e-03 | 21 -0.02318  9.16242e-04
 22 -0.09477 -2.16470e-03 | 23 -0.23264  1.18514e-02 | 24  0.06992 -9.47949e-04
 25  0.05141 -7.32097e-03 | 26 -0.00675  1.57700e-03 | 27  0.04609 -9.19875e-03
 28  0.02786 -6.62546e-03 | 29  0.05854 -2.40958e-03 | 30  0.04063 -1.09335e-04
 31  0.07210 -6.69648e-03 | 32  0.07544 -1.75484e-02 | 33 -0.06952  1.91413e-03
 34 -0.10656  3.98093e-03 | 35 -0.05759 -3.76059e-03 | 36 -0.42492  6.79488e-03
 37 -0.04521 -4.29538e-01 | 38 -0.04255 -1.75438e-01 | 39 -0.03575 -6.31405e-02
 40 -0.04605 -2.88063e-01 | 41  0.29066 -2.83856e-02 | 42 -0.79562 -7.68479e-02
 43  0.28740  1.88089e-02 | 44 -0.34016  2.85566e-03 | 45  0.99999  2.31333e-03
 46 -1.00090  7.86906e-04 | 47  0.20092  4.92828e-02 | 48 -0.48084  3.98284e-03
 49 -0.37771  1.73805e-02 | 50  0.13224 -6.98088e-02 | 51 -0.19852 -2.59667e-02
 52 -0.82060 -4.88142e-02 |
52 variables; iteration 340; function evaluation 412; phase 3
Function value 3.7038567e+03; maximum gradient component mag -3.2876e-01
Var    Value     Gradient |Var    Value     Gradient |Var    Value     Gradient
  1  1.00427  5.38935e-03 |  2 -0.01778  3.33930e-03 |  3  0.02695  3.06159e-03
  4  0.00585  2.76621e-03 |  5 -0.10794  3.34879e-03 |  6  0.00610  3.53930e-03
  7 -0.07503  2.43561e-03 |  8 -0.05515  2.86070e-03 |  9  0.01010  1.95833e-03
 10  0.13344  5.78943e-04 | 11  0.02447  1.52647e-03 | 12  0.11863 -2.74813e-04
 13  0.12270 -1.06592e-04 | 14  0.10879 -1.35770e-03 | 15  0.03969 -7.96938e-04
 16 -0.08963 -9.04968e-04 | 17  0.00643  4.70216e-04 | 18  0.13174 -7.30741e-03
 19  0.17786 -1.02732e-02 | 20 -0.02454  4.57833e-04 | 21 -0.02318  8.14026e-04
 22 -0.09476  4.38679e-03 | 23 -0.23263  2.95468e-03 | 24  0.06992 -2.12254e-03
 25  0.05142 -4.40548e-03 | 26 -0.00675 -6.60903e-03 | 27  0.04609 -7.21149e-03
 28  0.02786 -5.62993e-03 | 29  0.05854 -7.30345e-03 | 30  0.04063 -7.94623e-03
 31  0.07210 -1.39689e-02 | 32  0.07544 -1.32550e-02 | 33 -0.06952 -2.03042e-03
 34 -0.10656 -4.24828e-04 | 35 -0.05758  1.09341e-03 | 36 -0.42491  2.73048e-03
 37 -0.04521 -3.28763e-01 | 38 -0.04254 -1.60246e-01 | 39 -0.03574 -4.94705e-02
 40 -0.04605 -2.25185e-01 | 41  0.21482 -3.53465e-02 | 42 -0.82385  3.76741e-02
 43  0.28740  1.27948e-02 | 44 -0.34016  2.25411e-03 | 45  0.99999 -7.19820e-04
 46 -1.00091  1.22926e-04 | 47  0.20092 -1.42219e-03 | 48 -0.48084 -4.44493e-03
 49 -0.32135 -5.87767e-03 | 50  0.18181 -4.84463e-02 | 51 -0.18707  1.61060e-02
 52 -0.78466  3.02620e-02 |
52 variables; iteration 360; function evaluation 434; phase 3
Function value 3.7038566e+03; maximum gradient component mag 6.5022e-01
Var    Value     Gradient |Var    Value     Gradient |Var    Value     Gradient
  1  0.99376  1.86510e-03 |  2 -0.01778 -1.18272e-02 |  3  0.02695 -8.43402e-03
  4  0.00585 -1.14219e-02 |  5 -0.10793 -1.17071e-02 |  6  0.00610 -8.83107e-03
  7 -0.07503 -1.31411e-02 |  8 -0.05515 -1.23780e-02 |  9  0.01010 -1.08604e-02
 10  0.13344 -3.16829e-03 | 11  0.02447 -9.99283e-03 | 12  0.11863 -8.72740e-03
 13  0.12270 -7.72989e-03 | 14  0.10879 -5.54788e-03 | 15  0.03969 -5.62956e-03
 16 -0.08963 -5.17172e-03 | 17  0.00643  5.03134e-04 | 18  0.13174 -1.08628e-03
 19  0.17786  1.11906e-03 | 20 -0.02454 -3.94807e-03 | 21 -0.02318 -3.06350e-04
 22 -0.09476  7.29070e-04 | 23 -0.23263 -4.32507e-03 | 24  0.06992 -1.53509e-03
 25  0.05142  9.63586e-03 | 26 -0.00675  6.33760e-03 | 27  0.04609  1.28438e-02
 28  0.02786  9.82380e-03 | 29  0.05854  7.54152e-03 | 30  0.04063  9.65887e-03
 31  0.07210  1.29241e-02 | 32  0.07544  2.04226e-02 | 33 -0.06952  2.02630e-03
 34 -0.10656  3.35702e-05 | 35 -0.05758  7.62826e-03 | 36 -0.42491 -7.61540e-03
 37 -0.04520  6.50225e-01 | 38 -0.04253  2.86551e-01 | 39 -0.03573  9.59177e-02
 40 -0.04604  4.39603e-01 | 41  0.16929 -6.04885e-02 | 42 -0.81118 -1.14604e-02
 43  0.28740 -2.81788e-02 | 44 -0.34016 -5.16935e-03 | 45  0.99999  8.97228e-05
 46 -1.00093 -5.72298e-04 | 47  0.20092 -3.49908e-02 | 48 -0.48084  1.09587e-03
 49 -0.28769  3.00478e-02 | 50  0.21318 -1.19395e-01 | 51 -0.19201 -2.20935e-02
 52 -0.79938 -3.73646e-03 |
52 variables; iteration 380; function evaluation 456; phase 3
Function value 3.7038566e+03; maximum gradient component mag -6.6762e-01
Var    Value     Gradient |Var    Value     Gradient |Var    Value     Gradient
  1  0.99973 -9.97113e-05 |  2 -0.01778  9.50240e-03 |  3  0.02695  9.69362e-03
  4  0.00585  9.64846e-03 |  5 -0.10793  9.97565e-03 |  6  0.00611  8.33649e-03
  7 -0.07503  8.75344e-03 |  8 -0.05515  9.10401e-03 |  9  0.01010  8.30428e-03
 10  0.13344  3.49723e-03 | 11  0.02447  9.31988e-03 | 12  0.11863  2.04144e-03
 13  0.12270 -1.51478e-03 | 14  0.10879  3.10188e-03 | 15  0.03969  1.22681e-03
 16 -0.08963  5.97970e-03 | 17  0.00643  3.65921e-03 | 18  0.13174 -9.75016e-03
 19  0.17786 -1.38791e-02 | 20 -0.02454  4.25412e-03 | 21 -0.02318  1.10370e-03
 22 -0.09476  4.52216e-03 | 23 -0.23263  9.73849e-03 | 24  0.06992 -3.99412e-03
 25  0.05141 -1.03947e-02 | 26 -0.00675 -7.50554e-03 | 27  0.04609 -1.63556e-02
 28  0.02786 -9.00394e-03 | 29  0.05854 -7.87558e-03 | 30  0.04063 -1.21780e-02
 31  0.07210 -2.14192e-02 | 32  0.07544 -2.62883e-02 | 33 -0.06952 -6.25330e-04
 34 -0.10656 -1.31437e-04 | 35 -0.05759 -2.80300e-03 | 36 -0.42491  6.96654e-03
 37 -0.04521 -6.67617e-01 | 38 -0.04255 -3.17520e-01 | 39 -0.03575 -8.98777e-02
 40 -0.04605 -4.24333e-01 | 41  0.14863 -4.04383e-02 | 42 -0.81912  1.53419e-02
 43  0.28740  2.62798e-02 | 44 -0.34016  2.98763e-03 | 45  0.99999 -2.08463e-03
 46 -1.00090  8.03460e-04 | 47  0.20092  1.63433e-02 | 48 -0.48084  1.62545e-03
 49 -0.27248  1.01018e-02 | 50  0.22782 -6.83763e-02 | 51 -0.18887 -2.85948e-03
 52 -0.78992  1.44590e-02 |
52 variables; iteration 400; function evaluation 480; phase 3
Function value 3.7038565e+03; maximum gradient component mag 1.3024e-01
Var    Value     Gradient |Var    Value     Gradient |Var    Value     Gradient
  1  1.00114  5.11926e-04 |  2 -0.01778 -1.85208e-03 |  3  0.02695 -1.52408e-03
  4  0.00585 -1.73614e-03 |  5 -0.10793 -1.87094e-03 |  6  0.00611 -1.76628e-03
  7 -0.07503 -1.88631e-03 |  8 -0.05515 -1.81473e-03 |  9  0.01010 -1.54321e-03
 10  0.13344 -4.57127e-04 | 11  0.02447 -1.22772e-03 | 12  0.11863 -1.13396e-03
 13  0.12270 -1.04723e-03 | 14  0.10879 -9.04879e-04 | 15  0.03969 -3.65689e-04
 16 -0.08963  4.44703e-05 | 17  0.00643  2.03095e-04 | 18  0.13174  7.91752e-04
 19  0.17786  1.03350e-03 | 20 -0.02454 -5.04767e-04 | 21 -0.02318 -2.51205e-04
 22 -0.09476 -2.61000e-04 | 23 -0.23263 -4.09205e-04 | 24  0.06992 -5.00854e-05
 25  0.05141  1.41611e-03 | 26 -0.00675  2.24364e-03 | 27  0.04609  2.56703e-03
 28  0.02786  2.20850e-03 | 29  0.05854  2.37827e-03 | 30  0.04063  2.24171e-03
 31  0.07210  3.60282e-03 | 32  0.07544  3.94483e-03 | 33 -0.06952  9.43676e-04
 34 -0.10656  2.99900e-04 | 35 -0.05759  7.11618e-04 | 36 -0.42491 -1.33881e-03
 37 -0.04521  1.30237e-01 | 38 -0.04255  6.00234e-02 | 39 -0.03575  2.00061e-02
 40 -0.04605  8.92036e-02 | 41  0.08615 -1.41910e-02 | 42 -0.81946 -9.45163e-04
 43  0.28740 -5.41705e-03 | 44 -0.34016 -1.06285e-03 | 45  0.99999 -3.91608e-04
 46 -1.00091  8.17354e-05 | 47  0.20092 -3.05762e-03 | 48 -0.48084  1.79388e-03
 49 -0.22679  3.33159e-03 | 50  0.27354 -2.24351e-02 | 51 -0.18874 -2.13239e-03
 52 -0.78957 -6.65473e-05 |
52 variables; iteration 420; function evaluation 501; phase 3
Function value 3.7038565e+03; maximum gradient component mag 7.4864e-04
Var    Value     Gradient |Var    Value     Gradient |Var    Value     Gradient
  1  1.00039  2.37973e-05 |  2 -0.01778 -1.48432e-05 |  3  0.02695 -1.76696e-05
  4  0.00585 -1.82692e-05 |  5 -0.10793 -1.66698e-05 |  6  0.00611 -8.88646e-06
  7 -0.07503 -1.72059e-05 |  8 -0.05515 -1.65357e-05 |  9  0.01010 -1.70413e-05
 10  0.13344 -9.27173e-06 | 11  0.02447 -2.39824e-05 | 12  0.11863 -6.06038e-06
 13  0.12270  1.12346e-05 | 14  0.10879 -1.41811e-05 | 15  0.03969 -4.44490e-06
 16 -0.08963 -2.87815e-05 | 17  0.00643 -1.21638e-05 | 18  0.13174  3.05651e-06
 19  0.17786  1.07764e-05 | 20 -0.02454 -1.11280e-05 | 21 -0.02318  5.16310e-06
 22 -0.09476  6.81075e-06 | 23 -0.23263 -2.34573e-05 | 24  0.06992  1.31457e-06
 25  0.05141  2.36925e-05 | 26 -0.00675 -7.93733e-06 | 27  0.04609  2.36621e-05
 28  0.02786  1.00901e-06 | 29  0.05854 -1.08987e-05 | 30  0.04063  9.05529e-06
 31  0.07210  1.27157e-05 | 32  0.07544  3.60335e-05 | 33 -0.06952 -8.87141e-06
 34 -0.10656 -1.44776e-07 | 35 -0.05759  2.55165e-05 | 36 -0.42491 -7.67106e-06
 37 -0.04521  7.48642e-04 | 38 -0.04255  3.63991e-04 | 39 -0.03575  4.75227e-05
 40 -0.04605  3.48888e-04 | 41  0.07020  3.17103e-05 | 42 -0.81925  1.28366e-04
 43  0.28740 -2.88480e-05 | 44 -0.34016  5.24122e-07 | 45  0.99999  2.41494e-05
 46 -1.00091 -6.59518e-06 | 47  0.20092 -1.08780e-04 | 48 -0.48084 -4.05465e-05
 49 -0.21522 -7.93691e-05 | 50  0.28557  1.16069e-04 | 51 -0.18883  9.83404e-05
 52 -0.78981  7.98808e-05 |
Warning: the following parameters had issues
  SR_parm[1] is within 0.1% of upper bound: 5.00000e+00 < 2.50000e+01 < 2.50000e+01
  selparm[5] is within 0.1% of upper bound: -1.00000e+00 < 1.50000e+01 < 1.50000e+01
  selparm[6] is within 0.1% of lower bound: -1.00000e+00 < -9.99989e-01 < 2.00000e+01


 - final statistics:
52 variables; iteration 423; function evaluation 504
Function value 3.7039e+03; maximum gradient component mag 4.0077e-05
Exit code = 1;  converg criter 1.0000e-04
Var    Value     Gradient |Var    Value     Gradient |Var    Value     Gradient
  1  1.00037  3.87266e-07 |  2 -0.01778  1.44806e-06 |  3  0.02695  1.53630e-07
  4  0.00585  1.39764e-06 |  5 -0.10793  1.80915e-06 |  6  0.00611 -1.52092e-06
  7 -0.07503  2.10107e-06 |  8 -0.05515  1.90653e-06 |  9  0.01010  1.76055e-06
 10  0.13344 -1.43815e-07 | 11  0.02447  4.07706e-06 | 12  0.11863  2.63983e-06
 13  0.12270  7.00463e-07 | 14  0.10879  3.37398e-06 | 15  0.03969  9.36565e-08
 16 -0.08963  2.94644e-06 | 17  0.00643  1.32241e-06 | 18  0.13174  2.63071e-06
 19  0.17786  3.23631e-06 | 20 -0.02454  4.88471e-07 | 21 -0.02318 -1.62590e-06
 22 -0.09476 -3.85104e-06 | 23 -0.23263  5.06412e-07 | 24  0.06992  1.94695e-06
 25  0.05141 -2.35453e-06 | 26 -0.00675  3.23645e-06 | 27  0.04609 -1.11527e-06
 28  0.02786  2.04165e-06 | 29  0.05854  5.40421e-06 | 30  0.04063  7.90062e-07
 31  0.07210  3.37188e-06 | 32  0.07544  4.10342e-08 | 33 -0.06952  1.28180e-06
 34 -0.10656 -1.13146e-06 | 35 -0.05759 -7.06218e-06 | 36 -0.42491 -8.01243e-07
 37 -0.04521  1.44790e-05 | 38 -0.04255  4.03735e-06 | 39 -0.03575  1.48893e-05
 40 -0.04605  4.00768e-05 | 41  0.07010  2.51714e-05 | 42 -0.81925 -4.76261e-06
 43  0.28740 -1.12395e-06 | 44 -0.34016 -1.36354e-06 | 45  0.99999 -5.30190e-06
 46 -1.00091  1.52266e-06 | 47  0.20092  2.09091e-05 | 48 -0.48084  1.00085e-05
 49 -0.21515 -6.69811e-06 | 50  0.28565  3.96637e-05 | 51 -0.18883 -5.32545e-06
 52 -0.78981 -2.11070e-06 |
Estimating row 1 out of 52 for hessian
Estimating row 2 out of 52 for hessian
Estimating row 3 out of 52 for hessian
Estimating row 4 out of 52 for hessian
Estimating row 5 out of 52 for hessian
Estimating row 6 out of 52 for hessian
Estimating row 7 out of 52 for hessian
Estimating row 8 out of 52 for hessian
Estimating row 9 out of 52 for hessian
Estimating row 10 out of 52 for hessian
Estimating row 11 out of 52 for hessian
Estimating row 12 out of 52 for hessian
Estimating row 13 out of 52 for hessian
Estimating row 14 out of 52 for hessian
Estimating row 15 out of 52 for hessian
Estimating row 16 out of 52 for hessian
Estimating row 17 out of 52 for hessian
Estimating row 18 out of 52 for hessian
Estimating row 19 out of 52 for hessian
Estimating row 20 out of 52 for hessian
Estimating row 21 out of 52 for hessian
Estimating row 22 out of 52 for hessian
Estimating row 23 out of 52 for hessian
Estimating row 24 out of 52 for hessian
Estimating row 25 out of 52 for hessian
Estimating row 26 out of 52 for hessian
Estimating row 27 out of 52 for hessian
Estimating row 28 out of 52 for hessian
Estimating row 29 out of 52 for hessian
Estimating row 30 out of 52 for hessian
Estimating row 31 out of 52 for hessian
Estimating row 32 out of 52 for hessian
Estimating row 33 out of 52 for hessian
Estimating row 34 out of 52 for hessian
Estimating row 35 out of 52 for hessian
Estimating row 36 out of 52 for hessian
Estimating row 37 out of 52 for hessian
Estimating row 38 out of 52 for hessian
Estimating row 39 out of 52 for hessian
Estimating row 40 out of 52 for hessian
Estimating row 41 out of 52 for hessian
Estimating row 42 out of 52 for hessian
Estimating row 43 out of 52 for hessian
Estimating row 44 out of 52 for hessian
Estimating row 45 out of 52 for hessian
Estimating row 46 out of 52 for hessian
Estimating row 47 out of 52 for hessian
Estimating row 48 out of 52 for hessian
Estimating row 49 out of 52 for hessian
Estimating row 50 out of 52 for hessian
Estimating row 51 out of 52 for hessian
Estimating row 52 out of 52 for hessian
size of file gradfil1.tmp = 0
size of file gradfil2.tmp = 0
size of file varssave.tmp = 0
size of file cmpdiff.tmp = 0
