
Initial statistics: 32 variables; iteration 0; function evaluation 0; phase 1
Function value 5.9117989e+03; maximum gradient component mag 2.5470e+04
Var    Value     Gradient |Var    Value     Gradient |Var    Value     Gradient
  1  0.26198  2.54702e+04 |  2  0.00000 -4.07747e+02 |  3  0.00000 -5.05874e+02
  4  0.00000 -5.01640e+02 |  5  0.00000 -2.77550e+02 |  6  0.00000 -5.49855e+02
  7  0.00000 -3.29591e+02 |  8  0.00000 -2.96973e+02 |  9  0.00000 -2.75522e+02
 10  0.00000 -4.99969e+02 | 11  0.00000 -4.05348e+00 | 12  0.00000 -1.67822e+02
 13  0.00000 -6.77446e+01 | 14  0.00000 -1.71830e+02 | 15  0.00000  1.32378e+01
 16  0.00000  2.40026e+02 | 17  0.00000  1.98396e+02 | 18  0.00000 -5.10592e+01
 19  0.00000 -1.99101e+02 | 20  0.00000  2.85131e+02 | 21  0.00000  7.90267e+01
 22  0.00000 -1.73643e+00 | 23  0.00000  1.08393e+02 | 24  0.00000  1.85354e+02
 25  0.00000  4.79173e+02 | 26  0.00000  7.58107e+02 | 27  0.00000  7.97259e+02
 28  0.00000  6.84154e+02 | 29  0.00000  4.42245e+02 | 30  0.00000  6.37890e+01
 31  0.00000  2.16565e+01 | 32  0.00000 -4.78818e+01 |

Intermediate statistics: 32 variables; iteration 20; function evaluation 34; phase 1
Function value 3.2246301e+03; maximum gradient component mag 3.7006e+03
Var    Value     Gradient |Var    Value     Gradient |Var    Value     Gradient
  1  0.06246  3.70063e+03 |  2 -0.00940  8.95014e+01 |  3 -0.12531 -2.34139e+02
  4 -0.13402 -3.37379e+02 |  5 -0.41523 -1.76615e+02 |  6 -0.15093 -2.03494e+02
  7 -0.41590 -1.91533e+02 |  8 -0.22624 -1.05912e+02 |  9 -0.03564 -1.95300e+00
 10  0.06828 -1.53664e+02 | 11  0.05597  2.10487e+02 | 12  0.09920  1.77154e+02
 13  0.08634  1.10670e+02 | 14  0.09490  6.13428e+01 | 15  0.08157  1.49220e+02
 16  0.07480  2.16582e+02 | 17  0.08988  1.37541e+02 | 18  0.11941  6.09199e+01
 19  0.16419  1.81637e+02 | 20  0.10056  3.46007e+02 | 21  0.04833  7.94852e+01
 22  0.02860  2.82478e+00 | 23 -0.00497 -2.68587e+00 | 24  0.04375  3.43901e+01
 25  0.06480  1.39726e+02 | 26  0.07761  2.53732e+02 | 27  0.03847  9.86128e+01
 28  0.08190  2.66830e+02 | 29  0.09753  2.82322e+02 | 30  0.06735 -7.48703e+01
 31  0.04280 -4.24448e+01 | 32 -0.13663  1.88871e+01 |
32 variables; iteration 40; function evaluation 62; phase 1
Function value 3.0116236e+03; maximum gradient component mag 1.9207e+02
Var    Value     Gradient |Var    Value     Gradient |Var    Value     Gradient
  1  0.05595  1.92071e+02 |  2 -0.04553 -2.56581e+01 |  3 -0.02594  1.47345e+00
  4 -0.07184 -2.81649e+01 |  5 -0.16887 -9.40138e+00 |  6 -0.04879 -1.08874e+00
  7 -0.11465  1.14252e+01 |  8 -0.07754  9.34882e+00 |  9 -0.01164  2.20063e+00
 10  0.08986  1.12208e+01 | 11 -0.05032 -1.37018e+01 | 12  0.02602 -1.42477e+01
 13  0.02850 -1.75915e+01 | 14  0.04718  1.57308e+01 | 15  0.00234  9.49474e+00
 16 -0.02912 -7.05853e+00 | 17  0.02329 -1.63348e+00 | 18  0.07817  1.28664e+01
 19  0.09897 -1.43311e+01 | 20 -0.01494 -1.61126e+00 | 21 -0.00179  1.54003e+01
 22 -0.00987 -8.72590e+00 | 23 -0.02553 -3.97968e+00 | 24  0.03882  7.18188e+00
 25  0.04702 -8.22074e+00 | 26  0.04617 -8.04529e+00 | 27  0.02372 -1.51978e+01
 28  0.03760 -6.84614e+00 | 29  0.04636  9.85429e+00 | 30  0.10493  5.39414e+01
 31  0.08068  4.66170e+01 | 32 -0.12431  1.80635e+01 |

 - final statistics:
32 variables; iteration 49; function evaluation 71
Function value 3.0105e+03; maximum gradient component mag 1.4836e+00
Exit code = 1;  converg criter 1.0000e+01
Var    Value     Gradient |Var    Value     Gradient |Var    Value     Gradient
  1  0.05627  1.32763e-01 |  2 -0.03514  8.95930e-01 |  3 -0.02317  3.15630e-01
  4 -0.05753 -6.86528e-01 |  5 -0.15700  3.45472e-01 |  6 -0.04616 -1.26922e+00
  7 -0.11656  3.13767e-01 |  8 -0.08208 -4.10322e-01 |  9 -0.01359 -3.13877e-01
 10  0.08622 -2.53096e-01 | 11 -0.04639 -1.83310e-02 | 12  0.02714  6.44211e-01
 13  0.03133 -3.52978e-01 | 14  0.04250 -1.25591e-02 | 15 -0.00148 -1.89646e-02
 16 -0.02753 -1.68268e-01 | 17  0.02296 -8.14458e-02 | 18  0.07412  7.37253e-03
 19  0.10093  3.40147e-01 | 20 -0.01461  6.00467e-01 | 21 -0.00684 -6.84820e-02
 22 -0.00805 -2.37571e-01 | 23 -0.02472  4.06541e-01 | 24  0.03571 -1.07159e-01
 25  0.04796  1.93772e-01 | 26  0.04643 -4.39975e-01 | 27  0.02611  2.36217e-01
 28  0.03797  3.63555e-01 | 29  0.04471 -3.64606e-01 | 30  0.09588 -1.49211e-01
 31  0.07733  1.48361e+00 | 32 -0.13854  3.67771e-01 |

Initial statistics: 40 variables; iteration 0; function evaluation 0; phase 2
Function value 3.0104656e+03; maximum gradient component mag -2.3711e+03
Var    Value     Gradient |Var    Value     Gradient |Var    Value     Gradient
  1  0.05627  1.32763e-01 |  2 -0.03514  8.44731e-01 |  3 -0.02317  2.64387e-01
  4 -0.05753 -7.37595e-01 |  5 -0.15700  2.95746e-01 |  6 -0.04616 -1.32036e+00
  7 -0.11656  2.63348e-01 |  8 -0.08208 -4.61173e-01 |  9 -0.01359 -3.65142e-01
 10  0.08622 -3.03903e-01 | 11 -0.04639 -6.94717e-02 | 12  0.02714  5.92981e-01
 13  0.03133 -4.04193e-01 | 14  0.04250 -6.37217e-02 | 15 -0.00148 -7.02412e-02
 16 -0.02753 -2.19497e-01 | 17  0.02296 -1.32689e-01 | 18  0.07412 -4.35571e-02
 19  0.10093  2.89513e-01 | 20 -0.01461  5.49204e-01 | 21 -0.00684 -1.19756e-01
 22 -0.00805 -2.88844e-01 | 23 -0.02472  3.55303e-01 | 24  0.03571 -1.58355e-01
 25  0.04796  1.42641e-01 | 26  0.04643 -4.91115e-01 | 27  0.02611  1.84984e-01
 28  0.03797  3.12370e-01 | 29  0.04471 -4.15756e-01 | 30  0.09588 -1.99908e-01
 31  0.07733  1.43271e+00 | 32 -0.13854  3.17703e-01 | 33  0.21935 -2.37107e+03
 34  0.21935 -6.85102e+02 | 35  0.21935 -1.54618e+02 | 36  0.21935  1.62846e+03
 37  0.43912  2.64946e+02 | 38  0.03033 -3.55183e+02 | 39  0.07979  1.79038e+02
 40  0.24471  2.95841e+02 |

Intermediate statistics: 40 variables; iteration 20; function evaluation 29; phase 2
Function value 2.8578930e+03; maximum gradient component mag -9.5951e+03
Var    Value     Gradient |Var    Value     Gradient |Var    Value     Gradient
  1  0.03054 -9.59509e+03 |  2 -0.02842  4.61269e+01 |  3  0.01500 -1.63463e+01
  4 -0.01758  1.35850e+02 |  5 -0.17023  1.23411e+02 |  6 -0.01717  1.37621e+02
  7 -0.14372  1.06722e+02 |  8 -0.08265  1.14312e+02 |  9 -0.00299  4.06900e+01
 10  0.12767 -2.01513e+02 | 11 -0.06333 -1.03509e+01 | 12 -0.01674 -1.51232e+02
 13 -0.05250 -2.13585e+02 | 14  0.10448 -2.79076e+02 | 15  0.00931 -7.09328e+01
 16 -0.04471 -4.30394e+01 | 17 -0.02223 -1.27676e+02 | 18  0.05395 -1.20896e+02
 19  0.08611 -8.88725e+01 | 20 -0.05694  1.37781e+01 | 21 -0.04675  7.36435e+00
 22 -0.02568  2.16626e+01 | 23 -0.01510  2.46901e+01 | 24  0.04688 -5.34168e+01
 25  0.04699 -4.73599e+01 | 26  0.08351 -1.04481e+01 | 27  0.06477  1.14108e+02
 28  0.06258  1.07671e+02 | 29  0.05732  1.38839e+02 | 30  0.11417  1.96307e+02
 31  0.10320  2.54617e+02 | 32 -0.16401  1.38209e+02 | 33  0.24054 -2.42645e+03
 34  0.24095 -3.13128e+02 | 35  0.23610 -5.48747e+02 | 36  0.21854 -6.64876e+01
 37  0.57596 -3.05266e+02 | 38 -0.18495  1.32521e+03 | 39 -0.57758 -1.26581e+02
 40 -0.33342 -4.44309e+02 |
40 variables; iteration 40; function evaluation 56; phase 2
Function value 2.7030207e+03; maximum gradient component mag -1.0396e+04
Var    Value     Gradient |Var    Value     Gradient |Var    Value     Gradient
  1  0.02829 -1.03962e+04 |  2 -0.01310  1.12630e+02 |  3  0.07160  1.26845e+02
  4  0.06342  2.61582e+02 |  5  0.00428  3.66581e+02 |  6 -0.00680  1.41507e+02
  7 -0.07200  2.41493e+02 |  8 -0.17254  4.93006e+01 |  9 -0.24264 -6.52394e+01
 10  0.19955  4.10103e+02 | 11 -0.09170  5.23425e+01 | 12 -0.05165 -1.01553e+02
 13  0.02770 -1.33628e+02 | 14  0.09530 -1.96763e+02 | 15 -0.09681 -1.38694e+02
 16  0.02951  6.28411e+01 | 17 -0.05098 -1.07341e+02 | 18  0.07292 -1.00051e+02
 19  0.04869 -2.96033e+02 | 20 -0.08695 -2.98347e+01 | 21 -0.05155 -3.04271e+01
 22 -0.03638 -6.17749e+01 | 23 -0.03211 -1.12875e+02 | 24  0.03546 -1.53434e+02
 25  0.05120 -9.95962e+00 | 26  0.08338  2.04422e+01 | 27  0.07577  1.92213e+02
 28  0.06238  1.47683e+02 | 29  0.06770  2.17569e+02 | 30  0.09274  9.22661e+01
 31  0.05110  6.93046e+01 | 32 -0.10124  1.74850e+02 | 33  0.25113 -2.13417e+02
 34  0.24309 -7.11398e+02 | 35  0.26133  2.17836e+02 | 36  0.21838 -7.42791e+02
 37  0.83247 -3.44510e+02 | 38 -0.47051  1.13647e+03 | 39 -1.06063 -7.76996e+00
 40 -0.69227 -9.33495e+02 |
40 variables; iteration 60; function evaluation 79; phase 2
Function value 2.4894880e+03; maximum gradient component mag -6.1885e+01
Var    Value     Gradient |Var    Value     Gradient |Var    Value     Gradient
  1  0.04101 -6.18850e+01 |  2 -0.00249  1.03224e+00 |  3  0.03798  2.11171e+00
  4 -0.01448 -1.89779e+00 |  5 -0.13760  2.51375e-01 |  6 -0.01443  2.25434e+00
  7 -0.10950  5.63867e-01 |  8 -0.06406  2.04040e+00 |  9  0.00105  2.87480e-01
 10  0.11788 -8.12540e+00 | 11 -0.04248  2.15448e+00 | 12  0.01520 -3.49527e+00
 13  0.02591 -5.22517e+00 | 14  0.05553 -1.76360e+01 | 15 -0.00975 -2.65582e+00
 16 -0.04544 -1.54727e+00 | 17  0.00024  2.57933e+00 | 18  0.06234  3.33563e-01
 19  0.09140 -1.53838e-01 | 20 -0.04032  1.45630e+00 | 21 -0.03507  3.49639e+00
 22 -0.02691  2.77141e+00 | 23 -0.02453  3.95454e+00 | 24  0.04038  1.60003e+00
 25  0.05166  1.95912e+00 | 26  0.06067 -9.61847e-01 | 27  0.03135 -1.17269e+00
 28  0.03858  1.98835e+00 | 29  0.03143  2.56838e+00 | 30  0.07152  2.38825e+00
 31  0.02789  4.20234e+00 | 32 -0.19742  1.39129e+00 | 33  0.24174 -1.04914e+01
 34  0.23925 -6.48348e+00 | 35  0.23919  8.84235e-02 | 36  0.22222  3.91466e-01
 37  0.76153 -5.63852e+00 | 38 -0.49328  1.29047e+01 | 39 -0.89507 -2.83345e+00
 40 -0.60764 -3.06446e+00 |

 - final statistics:
40 variables; iteration 62; function evaluation 81
Function value 2.4894e+03; maximum gradient component mag -8.8784e+00
Exit code = 1;  converg criter 1.0000e+01
Var    Value     Gradient |Var    Value     Gradient |Var    Value     Gradient
  1  0.04100 -8.87838e+00 |  2 -0.00222  1.00992e+00 |  3  0.03806  2.18789e+00
  4 -0.01320  9.37268e-01 |  5 -0.13669  2.95784e-01 |  6 -0.01570  1.24958e-01
  7 -0.11065 -9.64977e-01 |  8 -0.06531  3.54702e-01 |  9  0.00050 -2.54465e-01
 10  0.11884 -2.21105e+00 | 11 -0.04397 -6.02733e-01 | 12  0.01554 -1.46179e+00
 13  0.02588 -3.03868e+00 | 14  0.05784 -2.64327e+00 | 15 -0.00879  7.87519e-01
 16 -0.04511 -2.78938e-01 | 17 -0.00019  7.16865e-01 | 18  0.06256  2.04158e-02
 19  0.09169 -2.43196e-01 | 20 -0.04025  3.64389e-01 | 21 -0.03509  2.05600e+00
 22 -0.02728  2.65116e-01 | 23 -0.02509  1.28811e+00 | 24  0.04049  3.95476e-01
 25  0.05133 -5.57864e-01 | 26  0.06108 -7.89914e-01 | 27  0.03199  1.59637e-01
 28  0.03835  2.17977e-02 | 29  0.03126  2.68872e-01 | 30  0.07174  1.46205e+00
 31  0.02753  1.53663e+00 | 32 -0.19856 -1.54335e-01 | 33  0.24165 -3.89658e+00
 34  0.23923  1.65389e+00 | 35  0.23914  5.64388e-01 | 36  0.22220  1.41520e+00
 37  0.76372 -1.49262e+00 | 38 -0.49344  3.61874e+00 | 39 -0.89179 -4.76215e-01
 40 -0.60900 -1.91280e+00 |

Initial statistics: 46 variables; iteration 0; function evaluation 0; phase 3
Function value 2.4894381e+03; maximum gradient component mag 2.1906e+02
Var    Value     Gradient |Var    Value     Gradient |Var    Value     Gradient
  1  0.04100 -8.87838e+00 |  2 -0.00222  9.77758e-01 |  3  0.03806  2.15579e+00
  4 -0.01321  9.05118e-01 |  5 -0.13669  2.64365e-01 |  6 -0.01570  9.28105e-02
  7 -0.11065 -9.96650e-01 |  8 -0.06531  3.22714e-01 |  9  0.00050 -2.86622e-01
 10  0.11884 -2.24265e+00 | 11 -0.04397 -6.34814e-01 | 12  0.01554 -1.49393e+00
 13  0.02588 -3.07081e+00 | 14  0.05784 -2.67530e+00 | 15 -0.00879  7.55365e-01
 16 -0.04511 -3.11014e-01 | 17 -0.00019  6.84708e-01 | 18  0.06256 -1.15860e-02
 19  0.09169 -2.75020e-01 | 20 -0.04025  3.32296e-01 | 21 -0.03509  2.02390e+00
 22 -0.02728  2.32989e-01 | 23 -0.02509  1.25598e+00 | 24  0.04049  3.63384e-01
 25  0.05132 -5.89916e-01 | 26  0.06108 -8.21923e-01 | 27  0.03199  1.27520e-01
 28  0.03835 -1.03010e-02 | 29  0.03126  2.36754e-01 | 30  0.07174  1.43010e+00
 31  0.02753  1.50450e+00 | 32 -0.19856 -1.84940e-01 | 33  0.24165 -3.89658e+00
 34  0.23923  1.65389e+00 | 35  0.23914  5.64388e-01 | 36  0.22220  1.41520e+00
 37  0.76372 -1.49262e+00 | 38 -0.49344  3.61874e+00 | 39  0.29320 -1.97752e+01
 40  0.19688  2.52372e+01 | 41  0.24471 -1.93011e+02 | 42  0.15305  2.19064e+02
 43  0.00000 -4.26614e+01 | 44  0.08327  1.02727e+01 | 45 -0.89179 -4.76215e-01
 46 -0.60900 -1.91280e+00 |

Intermediate statistics: 46 variables; iteration 20; function evaluation 34; phase 3
Function value 2.2862583e+03; maximum gradient component mag 4.1558e+03
Var    Value     Gradient |Var    Value     Gradient |Var    Value     Gradient
  1  0.04023  3.55879e+03 |  2 -0.01568 -5.44822e+01 |  3  0.02886 -8.13275e+01
  4 -0.00226 -1.28161e+01 |  5 -0.10725  1.97108e+01 |  6  0.00507 -3.55615e+00
  7 -0.07517  3.16479e+01 |  8 -0.05513  8.43382e+00 |  9 -0.01841  2.21381e+00
 10  0.10929  1.58081e+02 | 11 -0.04106  2.17958e+01 | 12  0.00283  8.75693e+01
 13  0.01724  4.83416e+01 | 14  0.03438 -3.73854e+01 | 15 -0.00840  7.58434e+01
 16 -0.03292  1.05449e+02 | 17 -0.00079  1.14036e+02 | 18  0.05789  2.12692e+02
 19  0.05617  8.83910e+01 | 20 -0.03005  1.01700e+02 | 21 -0.04288  1.09298e+02
 22  0.01158  1.00895e+02 | 23 -0.00784  1.60107e+01 | 24 -0.00854  1.92708e+00
 25  0.01395 -1.71133e+01 | 26  0.04758 -5.11751e+01 | 27  0.03620  7.46780e+01
 28  0.01605  8.66927e+01 | 29  0.03466  1.96269e+02 | 30  0.06465  1.83261e+02
 31  0.01444 -1.20189e+02 | 32 -0.06782 -1.29910e+01 | 33  0.26592  4.15581e+03
 34  0.27037 -4.73967e+01 | 35  0.22047 -1.07534e+03 | 36  0.24696 -3.59024e+02
 37  0.72827 -2.28208e+02 | 38 -0.50886  1.38521e+02 | 39  0.41302 -1.60133e+02
 40 -0.28809  1.90616e+01 | 41  0.98068 -1.87427e+00 | 42 -0.13671  5.78232e+02
 43  0.50028  4.62606e+01 | 44 -0.16513  3.82384e+01 | 45 -1.02816  5.88858e+00
 46 -0.62351 -3.73680e+02 |
46 variables; iteration 40; function evaluation 60; phase 3
Function value 2.2363592e+03; maximum gradient component mag 4.6131e+03
Var    Value     Gradient |Var    Value     Gradient |Var    Value     Gradient
  1  0.03599  3.54469e+03 |  2  0.00242 -5.60743e+01 |  3 -0.01691 -1.78873e+02
  4 -0.02720 -4.95376e+01 |  5 -0.14981 -2.81880e+01 |  6  0.00600  2.21429e+00
  7 -0.06824  4.05406e+01 |  8 -0.03964  2.93241e+01 |  9 -0.05181 -6.04819e+01
 10  0.10746  2.41797e+02 | 11 -0.01043  1.27005e+02 | 12 -0.01383  8.63827e+01
 13  0.03138  1.75176e+02 | 14  0.04548  1.08855e+02 | 15  0.00829  1.78252e+02
 16 -0.03010  1.24911e+02 | 17 -0.01181  9.20169e+01 | 18  0.03434  1.06951e+02
 19  0.04972  1.05819e+02 | 20 -0.03000  1.21418e+02 | 21 -0.07653  2.63093e+01
 22  0.01479  6.32415e+01 | 23 -0.00886 -8.00417e+01 | 24 -0.02059 -9.64414e+01
 25  0.01201 -1.35748e+02 | 26  0.04204 -3.06094e+02 | 27  0.03955 -1.07252e+01
 28  0.01239  3.13678e+01 | 29  0.02397  1.35128e+02 | 30  0.06085  1.07613e+02
 31  0.03962 -1.24186e+02 | 32  0.04439  1.21298e+01 | 33  0.27259  4.61314e+03
 34  0.26850 -1.64232e+03 | 35  0.22764 -9.96178e+02 | 36  0.26050 -5.69836e+02
 37  0.68979 -1.03707e+02 | 38 -0.51265 -2.26857e+02 | 39  0.39670 -2.31172e+02
 40 -0.34837 -1.00316e+02 | 41  0.85259  5.26843e+01 | 42 -0.24766  4.29970e+02
 43  0.68483  3.57527e+01 | 44 -0.11143  3.06108e+01 | 45 -1.22438 -4.24507e+01
 46 -0.58581 -2.69636e+02 |
46 variables; iteration 60; function evaluation 88; phase 3
Function value 2.0116591e+03; maximum gradient component mag 4.6270e+02
Var    Value     Gradient |Var    Value     Gradient |Var    Value     Gradient
  1  0.02350 -4.15799e+01 |  2  0.00995 -1.10106e+01 |  3  0.04903 -2.09355e+01
  4 -0.01267 -7.47090e+00 |  5 -0.14177 -5.32110e+00 |  6 -0.02049 -1.20307e+01
  7 -0.11824  3.92094e+00 |  8 -0.06988 -8.58276e+00 |  9 -0.00314 -2.18843e+01
 10  0.10772 -5.11512e+01 | 11 -0.02520 -1.98355e+01 | 12 -0.01502 -2.04761e+01
 13  0.03839 -3.82897e+01 | 14  0.07198  4.34048e+01 | 15  0.00072  6.32899e+01
 16 -0.02924  5.97189e+01 | 17 -0.00422  6.44577e+01 | 18  0.02267  4.90842e+01
 19  0.03303  2.88775e+01 | 20 -0.05718  2.22034e+01 | 21 -0.13460 -4.68073e+00
 22 -0.03463  1.81008e-01 | 23  0.03400 -2.51720e+01 | 24 -0.00291 -3.31882e+01
 25 -0.02731 -9.56617e+01 | 26  0.06923 -6.88226e+01 | 27  0.03894  4.61888e+01
 28  0.01296  2.16178e+01 | 29 -0.00949  3.50584e+01 | 30  0.02089 -2.25387e+00
 31  0.05888  1.00111e+01 | 32  0.13673  6.36885e+00 | 33  0.27598 -1.53450e+01
 34  0.27762 -3.07081e+02 | 35  0.25975 -1.94745e+02 | 36  0.27970  4.62697e+02
 37  0.49879 -7.92356e+01 | 38 -0.48593  1.39763e+02 | 39  0.42004 -9.50958e+00
 40 -0.32025  3.66996e+01 | 41  0.38988 -4.84589e+01 | 42 -0.46616  1.82643e+01
 43  0.52933 -4.37083e+01 | 44 -0.19766  1.52656e+02 | 45 -1.41516  4.18309e+01
 46 -0.41208 -7.48025e+01 |
46 variables; iteration 80; function evaluation 113; phase 3
Function value 1.9288524e+03; maximum gradient component mag -1.8820e+02
Var    Value     Gradient |Var    Value     Gradient |Var    Value     Gradient
  1  0.02270 -1.88197e+02 |  2  0.01266  2.30649e+00 |  3  0.05572  7.24983e+00
  4 -0.00857  3.75388e+00 |  5 -0.13637  2.63594e+00 |  6 -0.01687  2.82792e+00
  7 -0.11834  3.32753e+00 |  8 -0.06570  4.22193e+00 |  9 -0.00013  3.19018e+00
 10  0.10672 -1.91962e+00 | 11 -0.02241  2.60443e+00 | 12 -0.01677  2.58503e+00
 13  0.04462  9.27644e-01 | 14  0.06810 -7.40283e+00 | 15 -0.00907  4.39990e+00
 16 -0.02612 -2.70704e+00 | 17 -0.00841  3.19375e+00 | 18  0.01453 -1.87078e+00
 19  0.02895 -5.30300e+00 | 20 -0.06768 -2.59992e-01 | 21 -0.13803  1.52102e+00
 22 -0.03923  2.01091e+00 | 23  0.03370 -3.94045e-01 | 24 -0.00745 -5.10942e-01
 25 -0.00854  4.86073e+00 | 26  0.06150  9.80120e+00 | 27  0.03474 -1.54276e+01
 28  0.01467 -2.49640e+01 | 29 -0.00800 -1.12948e+01 | 30  0.00937  8.63732e+00
 31  0.05946  3.94377e+00 | 32  0.15242  4.31336e+00 | 33  0.27982 -8.04198e+01
 34  0.29205  7.01708e+01 | 35  0.26723  3.96096e+00 | 36  0.26146  5.09591e+00
 37  0.53377 -1.53916e+00 | 38 -0.49088 -4.29566e+00 | 39  0.42691  7.81215e+00
 40 -0.33053 -1.44118e+00 | 41  0.46330 -9.50206e-01 | 42 -0.44897  7.25525e-01
 43  0.21721 -4.87421e+00 | 44 -0.48729  9.58072e+00 | 45 -1.38994  5.17970e-01
 46 -0.42995 -1.92467e+00 |
46 variables; iteration 100; function evaluation 133; phase 3
Function value 1.9287596e+03; maximum gradient component mag -6.2109e-01
Var    Value     Gradient |Var    Value     Gradient |Var    Value     Gradient
  1  0.02266 -6.21094e-01 |  2  0.01327 -6.50190e-03 |  3  0.05416 -5.82457e-03
  4 -0.00936  1.26795e-02 |  5 -0.13681  1.34516e-02 |  6 -0.01751  9.71853e-03
  7 -0.11942  1.50925e-02 |  8 -0.06707  1.68872e-02 |  9 -0.00058  1.04805e-02
 10  0.10730  2.81920e-03 | 11 -0.02263 -1.75694e-04 | 12 -0.01682 -6.09098e-03
 13  0.04463 -7.81053e-03 | 14  0.06882 -4.41927e-03 | 15 -0.00935  9.73278e-03
 16 -0.02538  3.70188e-02 | 17 -0.00890 -1.38547e-03 | 18  0.01511 -3.51275e-03
 19  0.02962  2.44167e-02 | 20 -0.06705  1.94339e-02 | 21 -0.13747  1.27428e-02
 22 -0.03904  1.57702e-02 | 23  0.03367 -1.96941e-02 | 24 -0.00682 -3.04972e-02
 25 -0.00867 -1.14380e-02 | 26  0.06086 -8.88738e-03 | 27  0.03498 -4.47627e-02
 28  0.01512 -5.98156e-02 | 29 -0.00626 -8.93317e-03 | 30  0.00890  4.39647e-02
 31  0.05968  4.60653e-02 | 32  0.15233  1.69352e-02 | 33  0.27987  2.65546e-02
 34  0.29074  9.40105e-02 | 35  0.26706 -1.21185e-01 | 36  0.26138 -2.17207e-02
 37  0.53468 -3.44435e-02 | 38 -0.49038  1.62552e-01 | 39  0.42633 -2.06227e-02
 40 -0.33054  2.31208e-02 | 41  0.45795 -1.85601e-02 | 42 -0.45024  1.72165e-02
 43  0.21715 -1.92815e-02 | 44 -0.48766  2.37620e-02 | 45 -1.39031  1.20825e-03
 46 -0.43036 -7.14351e-02 |
46 variables; iteration 120; function evaluation 156; phase 3
Function value 1.9287590e+03; maximum gradient component mag -2.3299e+00
Var    Value     Gradient |Var    Value     Gradient |Var    Value     Gradient
  1  0.02267 -2.32993e+00 |  2  0.01330  7.74118e-02 |  3  0.05418  9.12477e-02
  4 -0.00934  4.16088e-02 |  5 -0.13679  3.19241e-02 |  6 -0.01749  4.50482e-02
  7 -0.11940  3.35795e-02 |  8 -0.06706  3.21096e-02 |  9 -0.00059  4.38753e-02
 10  0.10729  6.39678e-02 | 11 -0.02263  6.31639e-02 | 12 -0.01681  7.19516e-02
 13  0.04462  4.38599e-02 | 14  0.06882 -5.73805e-02 | 15 -0.00935 -7.53773e-03
 16 -0.02541 -6.35868e-02 | 17 -0.00890  2.75566e-02 | 18  0.01510 -2.16282e-02
 19  0.02962 -1.96998e-01 | 20 -0.06706 -8.69532e-02 | 21 -0.13748 -3.17422e-02
 22 -0.03905 -2.84098e-02 | 23  0.03366  2.20485e-02 | 24 -0.00681  6.84244e-02
 25 -0.00868  5.24178e-02 | 26  0.06086 -9.37537e-02 | 27  0.03497 -2.46997e-01
 28  0.01512 -1.55908e-01 | 29 -0.00626 -5.80398e-03 | 30  0.00888 -7.14336e-02
 31  0.05967  3.40336e-02 | 32  0.15231  6.54550e-02 | 33  0.27987 -6.71624e-01
 34  0.29073 -4.62471e-01 | 35  0.26707  2.60561e-01 | 36  0.26139 -2.22431e-01
 37  0.44563 -6.94608e-01 | 38 -0.49039  5.03694e-01 | 39  0.42633  7.50077e-02
 40 -0.33054 -3.90347e-02 | 41  0.45795  4.54439e-02 | 42 -0.45024 -1.85072e-02
 43  0.21715  2.30232e-02 | 44 -0.48766 -3.51080e-02 | 45 -1.46115 -9.22517e-03
 46 -0.37590 -1.11961e+00 |
46 variables; iteration 140; function evaluation 182; phase 3
Function value 1.9287582e+03; maximum gradient component mag -3.8578e+00
Var    Value     Gradient |Var    Value     Gradient |Var    Value     Gradient
  1  0.02266 -3.85777e+00 |  2  0.01329  8.20683e-02 |  3  0.05417  9.04408e-02
  4 -0.00935  7.19288e-02 |  5 -0.13680  6.16508e-02 |  6 -0.01750  7.03399e-02
  7 -0.11942  5.92188e-02 |  8 -0.06707  5.95806e-02 |  9 -0.00058  6.84878e-02
 10  0.10729  7.19264e-02 | 11 -0.02263  6.73302e-02 | 12 -0.01682  4.76895e-02
 13  0.04463  7.42503e-03 | 14  0.06882 -1.17543e-01 | 15 -0.00935 -1.34241e-02
 16 -0.02539 -1.52860e-02 | 17 -0.00889  3.12089e-02 | 18  0.01511  1.11765e-02
 19  0.02962 -1.25325e-01 | 20 -0.06705 -3.22214e-02 | 21 -0.13747  6.76889e-03
 22 -0.03904 -4.98342e-03 | 23  0.03366 -2.18217e-02 | 24 -0.00682  2.25645e-02
 25 -0.00867  4.32019e-02 | 26  0.06086 -1.29975e-01 | 27  0.03498 -3.13109e-01
 28  0.01512 -2.47903e-01 | 29 -0.00626  4.88022e-04 | 30  0.00889 -1.86534e-02
 31  0.05967  4.85269e-02 | 32  0.15232  7.81091e-02 | 33  0.27987 -5.10456e-01
 34  0.29074 -3.19757e-01 | 35  0.26706 -2.67662e-02 | 36  0.26139 -2.97763e-01
 37  0.30736 -7.86119e-01 | 38 -0.49039  6.34016e-01 | 39  0.42633  3.91446e-02
 40 -0.33054 -6.64174e-03 | 41  0.45796  3.12537e-02 | 42 -0.45024  1.21815e-02
 43  0.21715 -2.82765e-02 | 44 -0.48766  7.51932e-03 | 45 -1.57006 -7.72195e-02
 46 -0.28511 -1.25973e+00 |
46 variables; iteration 160; function evaluation 209; phase 3
Function value 1.9287575e+03; maximum gradient component mag -5.2246e-01
Var    Value     Gradient |Var    Value     Gradient |Var    Value     Gradient
  1  0.02266  7.91210e-02 |  2  0.01328  4.56858e-02 |  3  0.05417  8.66240e-02
  4 -0.00935  3.86903e-02 |  5 -0.13680  5.06411e-03 |  6 -0.01751  3.96447e-02
  7 -0.11942 -3.14353e-04 |  8 -0.06707  1.03860e-02 |  9 -0.00058  5.12040e-02
 10  0.10730  1.37579e-01 | 11 -0.02263  5.75981e-02 | 12 -0.01682  1.66663e-02
 13  0.04463 -7.25367e-03 | 14  0.06882 -3.33217e-02 | 15 -0.00935 -1.18281e-02
 16 -0.02539 -1.34725e-02 | 17 -0.00889  8.94266e-03 | 18  0.01511  1.26209e-02
 19  0.02962 -4.10784e-02 | 20 -0.06705 -1.79932e-02 | 21 -0.13747 -1.11601e-02
 22 -0.03904 -2.00871e-02 | 23  0.03367 -2.16615e-02 | 24 -0.00682 -1.05941e-02
 25 -0.00867 -1.94169e-02 | 26  0.06086 -8.74542e-02 | 27  0.03498 -1.08616e-01
 28  0.01512 -7.83635e-02 | 29 -0.00626 -1.12855e-02 | 30  0.00889 -3.62718e-02
 31  0.05967 -2.70764e-02 | 32  0.15233  2.98981e-04 | 33  0.27987 -9.65044e-02
 34  0.29074 -4.64508e-02 | 35  0.26706 -5.53438e-02 | 36  0.26138 -1.44767e-01
 37  0.12110  1.71931e-01 | 38 -0.49038 -2.08260e-01 | 39  0.42633  1.33228e-02
 40 -0.33054 -5.91143e-03 | 41  0.45796  8.61327e-03 | 42 -0.45024  6.70080e-03
 43  0.21715 -1.28273e-03 | 44 -0.48766 -4.91115e-03 | 45 -1.71284 -5.22462e-01
 46 -0.15679 -3.19316e-01 |
46 variables; iteration 180; function evaluation 235; phase 3
Function value 1.9287573e+03; maximum gradient component mag 4.4832e-02
Var    Value     Gradient |Var    Value     Gradient |Var    Value     Gradient
  1  0.02266  4.48321e-02 |  2  0.01328  1.32834e-04 |  3  0.05416  6.60290e-04
  4 -0.00935 -3.39170e-04 |  5 -0.13680 -9.13788e-04 |  6 -0.01751 -6.22504e-04
  7 -0.11942 -1.14025e-03 |  8 -0.06707 -1.17897e-03 |  9 -0.00058  2.40683e-04
 10  0.10730  2.08387e-03 | 11 -0.02263  6.65838e-04 | 12 -0.01682 -1.19961e-04
 13  0.04463 -5.53901e-05 | 14  0.06882 -1.00884e-03 | 15 -0.00935  2.61061e-04
 16 -0.02539 -6.61986e-04 | 17 -0.00889  2.40730e-03 | 18  0.01511  5.96777e-03
 19  0.02962  3.13995e-03 | 20 -0.06705  1.82554e-03 | 21 -0.13747  5.29686e-04
 22 -0.03904 -5.69596e-04 | 23  0.03367  8.68417e-04 | 24 -0.00682  2.00399e-04
 25 -0.00867 -4.29630e-03 | 26  0.06086 -7.69965e-03 | 27  0.03498  1.79851e-03
 28  0.01512  4.09521e-03 | 29 -0.00626  1.43961e-03 | 30  0.00890 -3.79792e-03
 31  0.05967 -6.52074e-03 | 32  0.15233 -2.40034e-03 | 33  0.27987  1.25169e-03
 34  0.29074  9.22206e-03 | 35  0.26706 -7.41117e-03 | 36  0.26138 -9.92251e-03
 37 -0.01985  2.58072e-02 | 38 -0.49038 -2.73866e-02 | 39  0.42633  1.71569e-03
 40 -0.33054 -1.13242e-03 | 41  0.45796  5.36843e-04 | 42 -0.45024 -3.25839e-04
 43  0.21715  1.52083e-03 | 44 -0.48766 -2.02863e-03 | 45 -1.81631 -9.98683e-03
 46 -0.05889  2.59044e-02 |
46 variables; iteration 200; function evaluation 260; phase 3
Function value 1.9287573e+03; maximum gradient component mag 3.0674e-01
Var    Value     Gradient |Var    Value     Gradient |Var    Value     Gradient
  1  0.02266  3.06743e-01 |  2  0.01328 -2.43051e-03 |  3  0.05416 -2.04199e-04
  4 -0.00935 -2.83047e-03 |  5 -0.13680 -4.33005e-03 |  6 -0.01750 -2.45351e-03
  7 -0.11942 -4.46534e-03 |  8 -0.06707 -3.73344e-03 |  9 -0.00058 -1.79986e-03
 10  0.10730  3.98276e-03 | 11 -0.02263 -9.50030e-04 | 12 -0.01682 -1.51557e-03
 13  0.04463 -9.66710e-05 | 14  0.06882  7.87809e-03 | 15 -0.00935  7.05503e-04
 16 -0.02539 -9.27626e-04 | 17 -0.00889 -2.58257e-03 | 18  0.01511 -2.90874e-03
 19  0.02962  2.58917e-03 | 20 -0.06705 -1.12588e-03 | 21 -0.13747 -2.64169e-03
 22 -0.03904 -1.56363e-03 | 23  0.03366  7.03059e-04 | 24 -0.00682 -1.21240e-03
 25 -0.00867 -2.11126e-03 | 26  0.06086  6.72771e-03 | 27  0.03498  1.51330e-02
 28  0.01512  1.26999e-02 | 29 -0.00626 -1.44992e-03 | 30  0.00890 -1.05358e-03
 31  0.05967 -2.85229e-03 | 32  0.15232 -4.99777e-03 | 33  0.27987  2.19940e-02
 34  0.29074  9.25423e-03 | 35  0.26706  9.17305e-03 | 36  0.26138  1.87390e-02
 37 -0.08761  6.30630e-02 | 38 -0.49038 -5.27209e-02 | 39  0.42633 -1.42856e-03
 40 -0.33054 -4.95918e-04 | 41  0.45796 -8.65727e-04 | 42 -0.45024 -1.03177e-03
 43  0.21715  7.86489e-04 | 44 -0.48766 -2.87608e-04 | 45 -1.86421 -2.75236e-02
 46 -0.01241  6.43108e-02 |

 - final statistics:
46 variables; iteration 211; function evaluation 273
Function value 1.9288e+03; maximum gradient component mag 4.8775e-05
Exit code = 1;  converg criter 1.0000e-04
Var    Value     Gradient |Var    Value     Gradient |Var    Value     Gradient
  1  0.02266  4.87752e-05 |  2  0.01328 -8.85018e-07 |  3  0.05416 -1.14240e-06
  4 -0.00935 -6.97734e-07 |  5 -0.13680 -1.39284e-07 |  6 -0.01751  9.32641e-08
  7 -0.11942  2.52674e-07 |  8 -0.06707  3.75316e-07 |  9 -0.00058 -1.86097e-06
 10  0.10730 -3.52288e-06 | 11 -0.02263 -2.12642e-06 | 12 -0.01682 -3.76791e-07
 13  0.04463  1.62499e-07 | 14  0.06882  6.79901e-06 | 15 -0.00935 -3.23650e-07
 16 -0.02539  2.64700e-07 | 17 -0.00889 -6.77862e-06 | 18  0.01511 -1.53545e-05
 19  0.02962 -7.36792e-06 | 20 -0.06705 -5.61587e-06 | 21 -0.13747 -3.25027e-06
 22 -0.03904 -3.13944e-07 | 23  0.03366 -9.93769e-07 | 24 -0.00682 -7.62610e-07
 25 -0.00867  8.66145e-06 | 26  0.06086  2.04026e-05 | 27  0.03498  3.16006e-06
 28  0.01512 -1.80217e-06 | 29 -0.00626 -4.04534e-06 | 30  0.00890  7.25465e-06
 31  0.05967  1.23483e-05 | 32  0.15232  3.03555e-06 | 33  0.27987  4.49607e-06
 34  0.29074 -1.96415e-05 | 35  0.26706  2.19420e-05 | 36  0.26138  3.01594e-05
 37 -0.09566 -3.10735e-05 | 38 -0.49038  3.39845e-05 | 39  0.42633 -4.25784e-06
 40 -0.33054  1.40562e-06 | 41  0.45796 -1.67776e-06 | 42 -0.45024  1.43661e-06
 43  0.21715 -3.46373e-06 | 44 -0.48766  4.38704e-06 | 45 -1.86981  1.16729e-05
 46 -0.00693 -3.37220e-05 |
Estimating row 1 out of 46 for hessian
Estimating row 2 out of 46 for hessian
Estimating row 3 out of 46 for hessian
Estimating row 4 out of 46 for hessian
Estimating row 5 out of 46 for hessian
Estimating row 6 out of 46 for hessian
Estimating row 7 out of 46 for hessian
Estimating row 8 out of 46 for hessian
Estimating row 9 out of 46 for hessian
Estimating row 10 out of 46 for hessian
Estimating row 11 out of 46 for hessian
Estimating row 12 out of 46 for hessian
Estimating row 13 out of 46 for hessian
Estimating row 14 out of 46 for hessian
Estimating row 15 out of 46 for hessian
Estimating row 16 out of 46 for hessian
Estimating row 17 out of 46 for hessian
Estimating row 18 out of 46 for hessian
Estimating row 19 out of 46 for hessian
Estimating row 20 out of 46 for hessian
Estimating row 21 out of 46 for hessian
Estimating row 22 out of 46 for hessian
Estimating row 23 out of 46 for hessian
Estimating row 24 out of 46 for hessian
Estimating row 25 out of 46 for hessian
Estimating row 26 out of 46 for hessian
Estimating row 27 out of 46 for hessian
Estimating row 28 out of 46 for hessian
Estimating row 29 out of 46 for hessian
Estimating row 30 out of 46 for hessian
Estimating row 31 out of 46 for hessian
Estimating row 32 out of 46 for hessian
Estimating row 33 out of 46 for hessian
Estimating row 34 out of 46 for hessian
Estimating row 35 out of 46 for hessian
Estimating row 36 out of 46 for hessian
Estimating row 37 out of 46 for hessian
Estimating row 38 out of 46 for hessian
Estimating row 39 out of 46 for hessian
Estimating row 40 out of 46 for hessian
Estimating row 41 out of 46 for hessian
Estimating row 42 out of 46 for hessian
Estimating row 43 out of 46 for hessian
Estimating row 44 out of 46 for hessian
Estimating row 45 out of 46 for hessian
Estimating row 46 out of 46 for hessian
size of file gradfil1.tmp = 0
size of file gradfil2.tmp = 0
size of file varssave.tmp = 0
size of file cmpdiff.tmp = 0
