
Initial statistics: 36 variables; iteration 0; function evaluation 0; phase 1
Function value 1.4531088e+04; maximum gradient component mag -5.7322e+04
Var    Value     Gradient |Var    Value     Gradient |Var    Value     Gradient
  1  0.02358 -5.73215e+04 |  2  0.02036  7.30530e+02 |  3  0.01692  6.59106e+02
  4 -0.00125  8.76396e+02 |  5 -0.16995  7.37521e+02 |  6 -0.03808  7.28988e+02
  7 -0.11204  8.25517e+02 |  8 -0.05697  8.25159e+02 |  9 -0.02937  7.02511e+02
 10  0.12701  8.41675e+02 | 11 -0.06116  7.13374e+02 | 12  0.00743  1.01458e+03
 13  0.00201 -1.58886e+02 | 14  0.09138 -9.15558e+02 | 15  0.06504 -1.30708e+01
 16 -0.02958 -5.48205e+02 | 17 -0.04422 -1.17552e+03 | 18  0.02724 -5.58383e+02
 19  0.02589 -2.12597e+02 | 20 -0.07877 -6.75126e+02 | 21 -0.19270 -4.84692e+02
 22 -0.04599 -1.78613e+02 | 23  0.01613  3.14891e+02 | 24  0.05286 -8.97174e+01
 25  0.00804  2.91199e+02 | 26  0.10730  8.71089e+02 | 27  0.09568 -2.66621e+02
 28  0.02878 -4.92144e+02 | 29 -0.02561 -2.12179e+03 | 30  0.01436 -1.96564e+02
 31  0.01337 -1.44722e+02 | 32  0.08186 -8.26615e+02 | 33 -0.01851 -1.38518e+03
 34 -0.01997 -1.82933e+02 | 35  0.06953 -8.98772e+02 | 36  0.04959  1.37099e+03

Intermediate statistics: 36 variables; iteration 20; function evaluation 31; phase 1
Function value 1.2933715e+04; maximum gradient component mag -2.2439e+04
Var    Value     Gradient |Var    Value     Gradient |Var    Value     Gradient
  1  0.03972 -2.24388e+04 |  2 -0.05252  1.70490e+02 |  3 -0.00930  1.66494e+02
  4 -0.07633  2.44728e+02 |  5 -0.17509  2.99719e+02 |  6 -0.07604  2.21863e+02
  7 -0.18612  2.90303e+02 |  8 -0.16163  2.18450e+02 |  9 -0.03259  1.27569e+02
 10  0.04172 -3.33298e+02 | 11 -0.04833  5.71509e+01 | 12 -0.08010  2.97296e+02
 13  0.09379  1.94404e+02 | 14  0.11767 -2.27384e+02 | 15  0.05098 -1.99353e+02
 16  0.02884 -2.90706e+01 | 17  0.01702 -1.45807e+02 | 18  0.07850 -1.11360e+01
 19  0.04396 -8.11189e+00 | 20 -0.01018  6.20951e+02 | 21  0.17580  7.37801e+02
 22 -0.01353  1.70419e+02 | 23  0.00297 -8.92470e+01 | 24  0.03873 -1.70229e+02
 25  0.00070  5.34475e+00 | 26 -0.00048 -3.76189e+02 | 27  0.07135 -5.57105e+02
 28  0.07806  1.76664e+02 | 29  0.02301 -7.89911e+02 | 30  0.02158 -3.01473e+01
 31  0.00585 -2.51815e+02 | 32 -0.01513 -9.25646e+02 | 33  0.13215  3.62871e+02
 34  0.06816  1.93954e+01 | 35  0.15820 -1.86259e+02 | 36 -0.31132  3.10718e+02
36 variables; iteration 40; function evaluation 63; phase 1
Function value 1.2603946e+04; maximum gradient component mag -1.0588e+03
Var    Value     Gradient |Var    Value     Gradient |Var    Value     Gradient
  1  0.04993 -1.05877e+03 |  2 -0.03166  1.57507e+01 |  3 -0.02554  2.57011e+01
  4 -0.08282  1.86686e+01 |  5 -0.20847  1.03863e+01 |  6 -0.07058  1.42192e+01
  7 -0.15857  4.88445e+01 |  8 -0.14159 -2.21595e+01 |  9 -0.03705 -4.59710e+01
 10  0.04761 -4.76284e+02 | 11 -0.08069 -1.22628e+02 | 12 -0.09519  1.40874e+01
 13  0.08058 -4.84873e+01 | 14  0.12821 -1.16612e+02 | 15  0.07688  7.97915e+01
 16  0.03385  8.27512e+00 | 17  0.02910  6.88630e+00 | 18  0.09168  9.31443e+01
 19  0.05894  6.77130e+01 | 20 -0.04981  2.00360e+01 | 21  0.02127  5.26176e+01
 22  0.00728  1.49676e+01 | 23  0.01137  5.60775e+01 | 24  0.05785  4.94109e+01
 25  0.00706  3.41371e+00 | 26  0.04970  8.39308e+01 | 27  0.09242  4.30663e+01
 28  0.06124  1.07712e+02 | 29  0.06931  2.47044e+01 | 30  0.02877  4.54553e+01
 31  0.01803  1.06344e+01 | 32  0.06789  1.51473e+01 | 33  0.09689  1.07274e+02
 34  0.10611  2.65255e+02 | 35  0.19126  5.15322e+01 | 36 -0.47949  5.40269e+01

 - final statistics:
36 variables; iteration 53; function evaluation 76
Function value 1.2593e+04; maximum gradient component mag 4.1967e+00
Exit code = 1;  converg criter 1.0000e+01
Var    Value     Gradient |Var    Value     Gradient |Var    Value     Gradient
  1  0.04898  4.19671e+00 |  2 -0.02528 -9.41994e-02 |  3 -0.02271  2.23925e-01
  4 -0.07535  1.69278e-02 |  5 -0.19115  3.20009e-01 |  6 -0.07423  3.63389e-02
  7 -0.17534 -2.30893e-02 |  8 -0.12884  2.15916e-01 |  9 -0.05319  1.58854e-01
 10  0.06122  6.44902e-01 | 11 -0.07266  1.99714e-01 | 12 -0.08892 -1.73621e-01
 13  0.09226 -2.78762e-01 | 14  0.14317 -7.52631e-01 | 15  0.07359  6.61289e-02
 16  0.03754 -8.90244e-02 | 17  0.03250 -2.09846e-01 | 18  0.08736 -1.83566e-01
 19  0.05647 -2.48652e-01 | 20 -0.04736  2.87584e-01 | 21  0.01992 -1.46063e-01
 22  0.01141 -1.81330e-02 | 23  0.01042 -2.46325e-02 | 24  0.05760 -1.76297e-01
 25  0.01172 -3.22513e-01 | 26  0.04771 -2.07833e-01 | 27  0.09397  8.26479e-02
 28  0.05751 -2.40323e-02 | 29  0.07163  6.47342e-02 | 30  0.02812  9.94803e-02
 31  0.02174  5.37524e-01 | 32  0.07067  6.25923e-01 | 33  0.09329  8.53315e-02
 34  0.08289 -4.29755e-01 | 35  0.19518 -2.00930e-01 | 36 -0.58007 -6.69579e-02

Initial statistics: 46 variables; iteration 0; function evaluation 0; phase 2
Function value 1.2593371e+04; maximum gradient component mag -2.4781e+04
Var    Value     Gradient |Var    Value     Gradient |Var    Value     Gradient
  1  0.04898  4.19671e+00 |  2 -0.02528 -9.25566e-02 |  3 -0.02271  2.25568e-01
  4 -0.07535  1.85603e-02 |  5 -0.19115  3.21579e-01 |  6 -0.07423  3.79718e-02
  7 -0.17534 -2.15072e-02 |  8 -0.12884  2.17527e-01 |  9 -0.05319  1.60492e-01
 10  0.06122  6.46538e-01 | 11 -0.07266  2.01348e-01 | 12 -0.08892 -1.71993e-01
 13  0.09226 -2.77136e-01 | 14  0.14317 -7.51028e-01 | 15  0.07359  6.77620e-02
 16  0.03754 -8.73832e-02 | 17  0.03250 -2.08204e-01 | 18  0.08736 -1.81937e-01
 19  0.05647 -2.47014e-01 | 20 -0.04736  2.89223e-01 | 21  0.01992 -1.44420e-01
 22  0.01141 -1.64892e-02 | 23  0.01042 -2.29887e-02 | 24  0.05760 -1.74659e-01
 25  0.01172 -3.20870e-01 | 26  0.04771 -2.06193e-01 | 27  0.09397  8.42741e-02
 28  0.05751 -2.23950e-02 | 29  0.07163  6.63678e-02 | 30  0.02812  1.01123e-01
 31  0.02174  5.39167e-01 | 32  0.07067  6.27557e-01 | 33  0.09329  8.69580e-02
 34  0.08289 -4.28125e-01 | 35  0.19518 -1.99362e-01 | 36 -0.58007 -6.59504e-02
 37  0.29894  1.10088e+04 | 38  0.31380  7.37806e+03 | 39  0.56411  9.90468e+03
 40  0.22321 -3.18355e+01 | 41 -0.01308 -1.62743e+04 | 42 -0.88721  4.86601e+03
 43 -0.01419  1.49051e+03 | 44 -0.11180 -2.47805e+04 | 45 -0.27334 -1.62726e+03
 46 -0.85749  5.06716e+03 |

Intermediate statistics: 46 variables; iteration 20; function evaluation 37; phase 2
Function value 9.0828929e+03; maximum gradient component mag -3.5606e+04
Var    Value     Gradient |Var    Value     Gradient |Var    Value     Gradient
  1  0.00812 -3.56061e+04 |  2  0.08143  4.02871e+02 |  3  0.56648  3.13657e+02
  4  0.37040  3.10580e+02 |  5 -0.12350  2.40079e+02 |  6  0.13332 -1.08224e+01
  7 -0.15748  5.99141e+01 |  8 -0.41686  5.40496e+01 |  9 -0.48541  9.87318e+00
 10  0.15901 -2.06401e+03 | 11 -0.12901 -5.40085e+01 | 12  0.17306  2.33367e+03
 13 -0.36321  1.18332e+02 | 14  0.15693  9.61343e+02 | 15  0.07578  9.21946e+02
 16  0.03177  6.10697e+02 | 17  0.01297  7.50439e+02 | 18  0.01887 -3.13447e+02
 19  0.02336  3.20712e+02 | 20 -0.01627  9.64635e+02 | 21  0.05600  8.39230e+02
 22 -0.25424  2.15749e+01 | 23  0.10742  1.75968e+02 | 24  0.04496 -3.14341e+02
 25 -0.15814 -9.20341e+01 | 26  0.05869 -3.54867e+03 | 27  0.01393 -4.36308e+03
 28 -0.07733 -1.48380e+03 | 29  0.05652 -1.98745e+03 | 30 -0.06334 -1.02744e+03
 31 -0.04766 -1.11485e+03 | 32  0.09043  1.70826e+01 | 33  0.13725  1.08925e+03
 34  0.11997  4.98995e+02 | 35  0.00931 -1.56750e+02 | 36 -0.36722  2.62250e+02
 37  0.37872  1.12512e+04 | 38  0.28350 -1.77071e+03 | 39  0.40082  4.30627e+03
 40  0.24736 -9.72109e+03 | 41 -2.26590  1.87262e+02 | 42 -1.00818 -2.48279e-02
 43  0.42628 -4.00996e+01 | 44  1.61460  2.02983e+02 | 45 -1.02541 -1.36118e+00
 46 -0.71335 -9.39963e+00 |
Maximum number of function evaluations exceeded

 - final statistics:
46 variables; iteration 31; function evaluation 100
Function value 8.7619e+03; maximum gradient component mag -3.1027e+04
Exit code = 3;  converg criter 1.0000e+01
Var    Value     Gradient |Var    Value     Gradient |Var    Value     Gradient
  1  0.00959 -3.10271e+04 |  2  0.05380  5.97050e+02 |  3  0.74655  3.03889e+02
  4  0.32317  3.39536e+02 |  5 -0.10477  3.97600e+02 |  6  0.15660  2.60469e+02
  7 -0.00886  2.80550e+02 |  8 -0.73088  1.26323e+02 |  9 -0.56755  8.95712e+01
 10  0.16815 -1.89149e+03 | 11 -0.18431  1.82130e+02 | 12  0.12424  1.29506e+03
 13 -0.31331  2.36841e+02 | 14  0.15737  1.20164e+03 | 15  0.14392  1.57784e+03
 16 -0.02538  3.75292e+02 | 17 -0.01254  6.25639e+02 | 18  0.05338  1.54736e+02
 19  0.02108  2.35128e+02 | 20 -0.06200  4.31203e+02 | 21  0.07948  1.34418e+03
 22 -0.26922  1.69553e+02 | 23  0.09816  7.24263e+02 | 24  0.00677  5.12802e+02
 25  0.10466 -1.31632e+02 | 26  0.04279 -7.79134e+02 | 27  0.01770 -3.02315e+03
 28  0.00315 -2.44143e+03 | 29  0.05387 -1.19868e+03 | 30 -0.02253 -9.06753e+02
 31 -0.07436 -1.07198e+03 | 32  0.09909  2.08950e+01 | 33  0.10557  9.64187e+02
 34  0.10941  7.23903e+02 | 35  0.07183  9.15554e+01 | 36 -0.35493  4.07176e+02
 37  0.38862  1.50158e+04 | 38  0.27918 -2.58508e+03 | 39  0.37225  3.25232e+03
 40  0.24192 -1.03605e+04 | 41 -2.64525  1.82716e+02 | 42 -1.14082  1.48312e+01
 43  0.11581  5.78630e-04 | 44  1.86754  4.90080e+02 | 45 -1.42835  3.94587e-03
 46 -0.62095 -2.89625e+01 |

Initial statistics: 52 variables; iteration 0; function evaluation 0; phase 3
Function value 8.7577417e+03; maximum gradient component mag -3.0821e+04
Var    Value     Gradient |Var    Value     Gradient |Var    Value     Gradient
  1  0.00959 -3.08206e+04 |  2  0.05119  5.05348e+02 |  3  0.73992  2.69763e+02
  4  0.32020  2.55798e+02 |  5 -0.10741  3.04389e+02 |  6  0.15392  1.72617e+02
  7 -0.01146  1.93092e+02 |  8 -0.73730  8.48292e+01 |  9 -0.57171  3.02767e+01
 10  0.16546 -1.97655e+03 | 11 -0.18703  9.28504e+01 | 12  0.12159  1.19651e+03
 13 -0.31627  1.54026e+02 | 14  0.15469  1.11234e+03 | 15  0.14125  1.47627e+03
 16 -0.02799  2.81491e+02 | 17 -0.01515  5.32126e+02 | 18  0.05076  6.34509e+01
 19  0.01848  1.39376e+02 | 20 -0.06462  3.35468e+02 | 21  0.07686  1.25499e+03
 22 -0.27208  8.41761e+01 | 23  0.09553  6.48871e+02 | 24  0.00417  4.24802e+02
 25  0.10202 -2.21852e+02 | 26  0.04018 -8.74569e+02 | 27  0.01510 -3.11130e+03
 28  0.00055 -2.52899e+03 | 29  0.05126 -1.28079e+03 | 30 -0.02513 -9.89989e+02
 31 -0.07698 -1.13375e+03 | 32  0.09645 -7.15587e+01 | 33  0.10293  8.70583e+02
 34  0.10677  6.37863e+02 | 35  0.06921  2.53044e+00 | 36 -0.35801  3.26518e+02
 37  0.38862  1.50284e+04 | 38  0.27918 -2.58763e+03 | 39  0.37225  3.25615e+03
 40  0.24192 -1.03483e+04 | 41  0.64525 -1.83654e+02 | 42 -0.85918 -1.47655e+01
 43  0.81459 -1.87747e+02 | 44 -0.33408 -3.52045e+03 | 45  0.12019 -3.86235e+03
 46 -0.89706  8.79033e+02 | 47  0.26969  9.80661e+02 | 48 -0.25742 -5.46920e+01
 49  0.11581  5.77917e-04 | 50  0.13246 -4.94237e+02 | 51 -0.57165 -3.94220e-03
 52 -0.62095 -2.87346e+01 |

Intermediate statistics: 52 variables; iteration 20; function evaluation 29; phase 3
Function value 4.5110632e+03; maximum gradient component mag -3.8485e+03
Var    Value     Gradient |Var    Value     Gradient |Var    Value     Gradient
  1  0.12632 -1.07472e+03 |  2 -0.01555  2.12068e+02 |  3  0.07455  1.02657e+02
  4  0.07466  2.09685e+02 |  5 -0.07011  2.69698e+02 |  6  0.07933  1.86474e+02
  7 -0.03068  2.90196e+02 |  8 -0.13870  1.56904e+02 |  9 -0.07697  1.49693e+02
 10 -0.21813 -1.31296e+02 | 11  0.22780  3.93724e+02 | 12  0.03427  2.62133e+01
 13  0.13924  2.04291e+02 | 14  0.13060  1.88541e+02 | 15 -0.01386  4.97119e+01
 16 -0.05832  1.87884e+02 | 17 -0.02263  1.79636e+02 | 18  0.18565  1.77524e+02
 19  0.20050  1.90478e+02 | 20 -0.05055  1.25478e+02 | 21  0.01455  1.79063e+02
 22 -0.05872  2.01648e+02 | 23 -0.27856  1.53986e+02 | 24  0.17011  2.19396e+02
 25  0.09619  2.45253e+02 | 26  0.12420  4.18352e+02 | 27 -1.23796  2.59571e+00
 28  0.09219 -7.75536e+01 | 29 -0.06244 -1.37815e+02 | 30 -0.01143  9.77314e+00
 31  0.16380  3.03328e+02 | 32  0.08641  9.53462e+01 | 33  0.08001  5.04917e+02
 34  0.07539  5.25899e+02 | 35  0.13209  6.20309e+02 | 36 -0.29636  1.64916e+02
 37  0.17380 -3.84854e+03 | 38  0.18202 -1.79661e+02 | 39  0.23995  2.56214e+03
 40  0.18677  2.90239e+03 | 41  0.56795 -3.48554e+01 | 42 -1.03932 -1.57527e+00
 43  0.20936  8.74252e+01 | 44  0.11243  6.55120e+01 | 45  0.97358 -2.58031e+01
 46 -1.08167 -2.38600e+01 | 47  0.20213 -2.06625e+02 | 48 -0.48422  5.25905e+00
 49  0.03718 -2.06215e+02 | 50  0.03356  1.25621e+02 | 51 -0.94517  2.17642e+00
 52 -0.73236 -2.31555e+00 |
52 variables; iteration 40; function evaluation 53; phase 3
Function value 4.2771674e+03; maximum gradient component mag 2.0485e+03
Var    Value     Gradient |Var    Value     Gradient |Var    Value     Gradient
  1  0.12289 -1.89840e+03 |  2  0.03282  1.14292e+02 |  3  0.16638  7.00719e+01
  4  0.06752  7.23632e+01 |  5 -0.14025  7.17842e+01 |  6  0.13103  9.55151e+01
  7 -0.00723  1.47426e+02 |  8 -0.14690 -2.06705e+00 |  9  0.02024  9.07706e+01
 10 -0.15834 -3.35424e+02 | 11  0.06310  1.38342e+02 | 12  0.05984  6.25401e+00
 13  0.07584  3.29766e+01 | 14  0.10597  8.66451e+00 | 15  0.01896 -1.97560e+01
 16 -0.06912  4.95866e+01 | 17  0.04066  4.42484e+01 | 18  0.14079  1.91296e+01
 19  0.15514 -7.53611e+01 | 20 -0.04247  2.29091e+01 | 21 -0.00921 -1.36001e+00
 22 -0.05852 -8.84591e+00 | 23 -0.21672  3.83671e+01 | 24  0.10361 -2.25545e-01
 25  0.08391  6.61360e+01 | 26  0.03173  3.88175e+01 | 27 -1.28050  7.00182e+01
 28  0.15623  1.08531e+02 | 29 -0.02576 -1.96213e+02 | 30  0.02283 -3.94655e+01
 31  0.09614  1.09682e+02 | 32  0.14534  2.08947e+02 | 33  0.06883  3.90593e+02
 34  0.04176  3.57318e+02 | 35 -0.01166  7.59726e+01 | 36 -0.33231  9.84660e+01
 37  0.19130 -9.83689e+02 | 38  0.18598 -2.57214e+02 | 39  0.18864 -4.46865e+02
 40  0.18790  2.04846e+03 | 41  0.51305 -1.41764e+02 | 42 -1.16438 -3.48508e+01
 43  0.33490  4.84503e+01 | 44  0.08688  3.68010e+01 | 45  0.95131 -4.96761e+01
 46 -1.11010 -3.87613e+01 | 47  0.18360 -5.03933e+02 | 48 -0.48109  1.98262e+02
 49  0.09450 -1.36347e+02 | 50  0.00705 -1.59913e+02 | 51 -0.90411  2.77084e+00
 52 -1.27091 -3.52563e+01 |
  ic > imax  in fminim is answer attained ?
Var    Value     Gradient |Var    Value     Gradient |Var    Value     Gradient
  1  0.13566 -2.07747e+03 |  2  0.02535  1.57121e+02 |  3  0.10660  9.06690e+01
  4  0.04570  1.20393e+02 |  5 -0.14555  1.17206e+02 |  6  0.07982  1.19434e+02
  7 -0.06330  1.35060e+02 |  8 -0.07437  1.10037e+02 |  9  0.00832  9.99082e+01
 10 -0.07145 -2.77868e+02 | 11 -0.07639  1.12691e+02 | 12  0.10115  1.05532e+02
 13  0.08688  1.06397e+02 | 14  0.08696  4.54384e+01 | 15 -0.01507  1.93241e-01
 16  0.02181  1.79955e+02 | 17 -0.00310  3.10756e+01 | 18  0.14935  6.60464e+01
 19  0.17965  5.67304e+00 | 20  0.02096  1.48073e+02 | 21 -0.02094  4.45453e+01
 22 -0.02635  1.40764e+02 | 23 -0.31541  2.84295e+01 | 24  0.14701  9.49617e+01
 25  0.07164  4.67861e+01 | 26  0.02099  6.37252e+01 | 27 -1.54693  1.40045e+02
 28  0.15924  1.93213e+02 | 29 -0.02966 -1.58768e+02 | 30  0.06443  8.09690e+01
 31  0.09904  1.40083e+02 | 32  0.14815  2.63990e+02 | 33 -0.00121  1.88612e+02
 34 -0.00550  2.37889e+02 | 35  0.04167  2.55822e+02 | 36 -0.33214  1.08401e+02
 37  0.18867  1.12107e+02 | 38  0.17382 -9.34277e+02 | 39  0.16732 -1.20283e+03
 40  0.17893  1.09648e+03 | 41  0.35204 -2.32257e+01 | 42 -1.19992 -3.54132e+00
 43  0.37294  3.21156e+01 | 44  0.12143  1.34604e+01 | 45  0.89422 -1.25811e+02
 46 -1.11633 -5.20106e+01 | 47  0.19501 -1.47037e+02 | 48 -0.48121  7.04501e+01
 49  0.28635  1.65185e-03 | 50  0.10325 -3.92460e+01 | 51 -0.60564 -3.89552e-03
 52 -1.18704 -2.53815e+00 |
Function minimizer not making progress ... is minimum attained?
Minimprove criterion = 0.0000e+00
Warning: the following parameters had issues
  selparm[5] is within 1% of upper bound: -1.0000e+00 < 1.4890e+01 < 1.5000e+01
  selparm[6] is within 1% of lower bound: -1.0000e+00 < -8.2519e-01 < 2.0000e+01


 - final statistics:
52 variables; iteration 57; function evaluation 113
Function value 4.1633e+03; maximum gradient component mag -2.0775e+03
Exit code = 1;  converg criter 1.0000e-04
Var    Value     Gradient |Var    Value     Gradient |Var    Value     Gradient
  1  0.13566 -2.07747e+03 |  2  0.02535  1.57121e+02 |  3  0.10660  9.06690e+01
  4  0.04570  1.20393e+02 |  5 -0.14555  1.17206e+02 |  6  0.07982  1.19434e+02
  7 -0.06330  1.35060e+02 |  8 -0.07437  1.10037e+02 |  9  0.00832  9.99082e+01
 10 -0.07145 -2.77868e+02 | 11 -0.07639  1.12691e+02 | 12  0.10115  1.05532e+02
 13  0.08688  1.06397e+02 | 14  0.08696  4.54384e+01 | 15 -0.01507  1.93241e-01
 16  0.02181  1.79955e+02 | 17 -0.00310  3.10756e+01 | 18  0.14935  6.60464e+01
 19  0.17965  5.67304e+00 | 20  0.02096  1.48073e+02 | 21 -0.02094  4.45453e+01
 22 -0.02635  1.40764e+02 | 23 -0.31541  2.84295e+01 | 24  0.14701  9.49617e+01
 25  0.07164  4.67861e+01 | 26  0.02099  6.37252e+01 | 27 -1.54693  1.40045e+02
 28  0.15924  1.93213e+02 | 29 -0.02966 -1.58768e+02 | 30  0.06443  8.09690e+01
 31  0.09904  1.40083e+02 | 32  0.14815  2.63990e+02 | 33 -0.00121  1.88612e+02
 34 -0.00550  2.37889e+02 | 35  0.04167  2.55822e+02 | 36 -0.33214  1.08401e+02
 37  0.18867  1.12107e+02 | 38  0.17382 -9.34277e+02 | 39  0.16732 -1.20283e+03
 40  0.17893  1.09648e+03 | 41  0.35204 -2.32257e+01 | 42 -1.19992 -3.54132e+00
 43  0.37294  3.21156e+01 | 44  0.12143  1.34604e+01 | 45  0.89422 -1.25811e+02
 46 -1.11633 -5.20106e+01 | 47  0.19501 -1.47037e+02 | 48 -0.48121  7.04501e+01
 49  0.28635  1.65185e-03 | 50  0.10325 -3.92460e+01 | 51 -0.60564 -3.89552e-03
 52 -1.18704 -2.53815e+00 |
Estimating row 1 out of 52 for hessian
Estimating row 2 out of 52 for hessian
Estimating row 3 out of 52 for hessian
Estimating row 4 out of 52 for hessian
Estimating row 5 out of 52 for hessian
Estimating row 6 out of 52 for hessian
Estimating row 7 out of 52 for hessian
Estimating row 8 out of 52 for hessian
Estimating row 9 out of 52 for hessian
Estimating row 10 out of 52 for hessian
Estimating row 11 out of 52 for hessian
Estimating row 12 out of 52 for hessian
Estimating row 13 out of 52 for hessian
Estimating row 14 out of 52 for hessian
Estimating row 15 out of 52 for hessian
Estimating row 16 out of 52 for hessian
Estimating row 17 out of 52 for hessian
Estimating row 18 out of 52 for hessian
Estimating row 19 out of 52 for hessian
Estimating row 20 out of 52 for hessian
Estimating row 21 out of 52 for hessian
Estimating row 22 out of 52 for hessian
Estimating row 23 out of 52 for hessian
Estimating row 24 out of 52 for hessian
Estimating row 25 out of 52 for hessian
Estimating row 26 out of 52 for hessian
Estimating row 27 out of 52 for hessian
Estimating row 28 out of 52 for hessian
Estimating row 29 out of 52 for hessian
Estimating row 30 out of 52 for hessian
Estimating row 31 out of 52 for hessian
Estimating row 32 out of 52 for hessian
Estimating row 33 out of 52 for hessian
Estimating row 34 out of 52 for hessian
Estimating row 35 out of 52 for hessian
Estimating row 36 out of 52 for hessian
Estimating row 37 out of 52 for hessian
Estimating row 38 out of 52 for hessian
Estimating row 39 out of 52 for hessian
Estimating row 40 out of 52 for hessian
Estimating row 41 out of 52 for hessian
Estimating row 42 out of 52 for hessian
Estimating row 43 out of 52 for hessian
Estimating row 44 out of 52 for hessian
Estimating row 45 out of 52 for hessian
Estimating row 46 out of 52 for hessian
Estimating row 47 out of 52 for hessian
Estimating row 48 out of 52 for hessian
Estimating row 49 out of 52 for hessian
Estimating row 50 out of 52 for hessian
Estimating row 51 out of 52 for hessian
Estimating row 52 out of 52 for hessian
Warning -- Hessian does not appear to be positive definite
Hessian does not appear to be positive definite.
size of file gradfil1.tmp = 0
size of file gradfil2.tmp = 0
size of file varssave.tmp = 0
size of file cmpdiff.tmp = 0
