
Initial statistics: 36 variables; iteration 0; function evaluation 0; phase 1
Function value 8.5115734e+03; maximum gradient component mag -4.8156e+04
Var    Value     Gradient |Var    Value     Gradient |Var    Value     Gradient
  1  0.00921 -4.81564e+04 |  2 -0.02070  4.35277e+02 |  3  0.08432  1.04288e+02
  4  0.02190  4.77829e+02 |  5 -0.11935  6.04243e+02 |  6 -0.02582  4.12270e+02
  7 -0.14071  6.04752e+02 |  8 -0.02303  5.70651e+02 |  9  0.03139  2.64857e+02
 10  0.07015 -4.47718e+02 | 11 -0.05855 -7.10113e+01 | 12 -0.05002  1.05134e+02
 13  0.00488 -1.96012e+02 | 14  0.11126 -1.94698e+02 | 15 -0.02815 -1.48191e+02
 16 -0.03129 -1.24539e+03 | 17 -0.03692 -4.60558e+02 | 18  0.03789 -5.70362e+02
 19  0.06850  4.02465e+02 | 20  0.00527  2.65627e+02 | 21 -0.08873  4.89720e+02
 22 -0.07959 -9.28091e+01 | 23 -0.01061 -5.88727e+02 | 24  0.01434 -1.78518e+02
 25 -0.00198  5.23051e+02 | 26  0.03025 -4.68704e+02 | 27  0.06212 -6.85824e+02
 28  0.01568 -1.02573e+03 | 29 -0.00252 -3.88813e+02 | 30  0.04687  7.07939e+02
 31  0.07467  6.15587e+02 | 32  0.02044 -3.49128e+02 | 33  0.00786 -4.98478e+02
 34 -0.01970  1.66090e+02 | 35  0.04663  1.51894e+02 | 36 -0.01778  6.80950e+02

Intermediate statistics: 36 variables; iteration 20; function evaluation 31; phase 1
Function value 7.7133630e+03; maximum gradient component mag -3.9407e+03
Var    Value     Gradient |Var    Value     Gradient |Var    Value     Gradient
  1  0.02083 -3.94074e+03 |  2  0.03916  4.97193e+01 |  3  0.08785  1.84410e+01
  4  0.00055  9.30074e+00 |  5 -0.16057  1.78270e+01 |  6  0.00008  2.44690e+01
  7 -0.12235  4.60108e+01 |  8 -0.08123  3.79765e+01 |  9  0.01091  3.83504e+01
 10  0.11822  5.23186e+01 | 11 -0.03392  1.41742e+01 | 12 -0.01679  2.43979e+01
 13  0.02961 -2.47503e+01 | 14  0.07541 -3.28205e+01 | 15  0.02040  1.33065e+02
 16  0.12095  2.75668e+02 | 17 -0.06514  2.27020e+01 | 18  0.11150  1.33781e+02
 19 -0.02123 -9.75927e+01 | 20 -0.02639 -1.57071e+01 | 21 -0.19961 -3.60045e+01
 22 -0.00177  4.27158e+01 | 23  0.11877  1.09172e+02 | 24 -0.06106 -3.65535e+01
 25 -0.12875 -3.08495e+01 | 26  0.10235  5.74139e+01 | 27  0.02222 -4.50599e+01
 28  0.04140  4.72507e+01 | 29  0.03002  3.18301e+01 | 30 -0.02714 -1.62993e+02
 31 -0.05047 -2.51576e+02 | 32  0.10110 -2.24467e+02 | 33  0.03166 -1.97652e+02
 34 -0.05537 -8.42298e+01 | 35  0.05419 -2.04053e+01 | 36 -0.06896  2.45661e+01
36 variables; iteration 40; function evaluation 58; phase 1
Function value 7.6872438e+03; maximum gradient component mag -2.3475e+03
Var    Value     Gradient |Var    Value     Gradient |Var    Value     Gradient
  1  0.02533 -2.34751e+03 |  2  0.02299  2.24282e+01 |  3  0.08275 -2.43882e+00
  4  0.01727  1.38392e+01 |  5 -0.11954  3.27259e+01 |  6  0.00953  2.06643e+01
  7 -0.11033  2.20686e+01 |  8 -0.07377  2.30460e+01 |  9  0.01969  5.60440e+01
 10  0.09777  3.43287e+01 | 11 -0.02945  3.51851e+01 | 12 -0.03736 -5.60518e+00
 13  0.02916  7.99448e+00 | 14  0.07121 -1.42601e+01 | 15 -0.00113  2.38735e+01
 16  0.09438  2.79050e+00 | 17 -0.07059 -1.75659e+00 | 18  0.08845 -5.73386e+01
 19 -0.01340 -5.50584e+01 | 20 -0.03852 -5.69540e+01 | 21 -0.15805  3.73608e+01
 22  0.01638  2.59347e+01 | 23  0.09111  6.18387e+01 | 24 -0.04726  3.40806e+01
 25 -0.10178  3.59881e+01 | 26  0.09041  4.92202e+01 | 27  0.01723 -6.06354e+01
 28  0.02872 -5.42162e+01 | 29  0.00967 -9.14519e+01 | 30 -0.02102 -5.52527e+01
 31 -0.02247 -6.84102e+01 | 32  0.08975  1.49456e+01 | 33  0.02797 -6.22060e+01
 34 -0.04422  1.57967e+01 | 35  0.04207 -1.17531e+01 | 36 -0.05858  4.03891e+01

 - final statistics:
36 variables; iteration 47; function evaluation 65
Function value 7.6816e+03; maximum gradient component mag 7.0111e+00
Exit code = 1;  converg criter 1.0000e+01
Var    Value     Gradient |Var    Value     Gradient |Var    Value     Gradient
  1  0.02857  1.40302e+00 |  2  0.03162 -2.86398e-01 |  3  0.10341 -3.56997e-01
  4  0.03425 -6.30835e-01 |  5 -0.09971 -3.07690e-01 |  6  0.02492 -7.18437e-01
  7 -0.08407 -1.17545e-02 |  8 -0.05738  7.81991e-02 |  9  0.00427  2.79860e-01
 10  0.09060  2.74812e-01 | 11 -0.03437 -4.99296e-01 | 12 -0.02610 -3.19283e-01
 13  0.01768 -6.62900e-01 | 14  0.06772 -6.59600e-01 | 15 -0.00846 -2.29367e-01
 16  0.08789 -1.76188e+00 | 17 -0.07023 -6.82917e-01 | 18  0.08413 -7.44378e-01
 19 -0.01254 -1.11525e+00 | 20 -0.04000 -8.32181e-01 | 21 -0.17236 -3.75110e-01
 22  0.01431 -1.14738e-01 | 23  0.08122  3.53605e-01 | 24 -0.05175 -2.67173e-01
 25 -0.10727  1.87608e-01 | 26  0.08130  1.94224e-01 | 27  0.01814 -7.42444e-01
 28  0.02279 -1.31845e+00 | 29  0.01045  8.11186e-01 | 30 -0.02146  3.51915e+00
 31 -0.01544  7.01107e+00 | 32  0.07684  5.20370e-01 | 33  0.03067 -1.21558e-01
 34 -0.05262 -3.59695e-01 | 35  0.03881 -1.48986e-01 | 36 -0.06891 -7.97436e-02

Initial statistics: 46 variables; iteration 0; function evaluation 0; phase 2
Function value 7.6815884e+03; maximum gradient component mag 2.1190e+04
Var    Value     Gradient |Var    Value     Gradient |Var    Value     Gradient
  1  0.02857  1.40302e+00 |  2  0.03162 -2.81774e-01 |  3  0.10341 -3.52428e-01
  4  0.03425 -6.26212e-01 |  5 -0.09971 -3.03116e-01 |  6  0.02492 -7.13810e-01
  7 -0.08406 -7.16471e-03 |  8 -0.05738  8.28103e-02 |  9  0.00427  2.84490e-01
 10  0.09060  2.79396e-01 | 11 -0.03437 -4.94673e-01 | 12 -0.02610 -3.14656e-01
 13  0.01768 -6.58272e-01 | 14  0.06772 -6.54996e-01 | 15 -0.00846 -2.24737e-01
 16  0.08789 -1.75729e+00 | 17 -0.07023 -6.78315e-01 | 18  0.08413 -7.39788e-01
 19 -0.01254 -1.11062e+00 | 20 -0.04000 -8.27561e-01 | 21 -0.17236 -3.70649e-01
 22  0.01431 -1.10109e-01 | 23  0.08122  3.58197e-01 | 24 -0.05175 -2.62559e-01
 25 -0.10727  1.92173e-01 | 26  0.08130  1.98817e-01 | 27  0.01814 -7.37816e-01
 28  0.02279 -1.31382e+00 | 29  0.01045  8.15816e-01 | 30 -0.02146  3.52378e+00
 31 -0.01544  7.01570e+00 | 32  0.07684  5.24966e-01 | 33  0.03067 -1.16933e-01
 34 -0.05262 -3.55081e-01 | 35  0.03881 -1.44365e-01 | 36 -0.06891 -7.51407e-02
 37  0.35134  2.11902e+04 | 38  0.17097 -1.91449e+04 | 39  0.22183 -2.54472e+03
 40  0.29647  6.40178e+03 | 41 -0.00686 -9.29321e+02 | 42 -0.34586  1.54826e+03
 43 -0.01756 -1.30387e+02 | 44 -0.09440 -1.20798e+03 | 45 -0.22439  1.43352e+02
 46 -0.38479  1.00821e+03 |

Intermediate statistics: 46 variables; iteration 20; function evaluation 27; phase 2
Function value 6.3302441e+03; maximum gradient component mag 1.8638e+04
Var    Value     Gradient |Var    Value     Gradient |Var    Value     Gradient
  1  0.08675  2.53706e+03 |  2 -0.04362 -5.95847e+01 |  3 -0.01800 -1.02930e+02
  4 -0.04209 -4.93131e+01 |  5 -0.15904 -2.95443e+01 |  6 -0.01312 -4.14658e+01
  7 -0.08516 -4.86593e-01 |  8 -0.04035  2.16177e+01 |  9  0.04055  1.37448e+02
 10  0.13712  4.41748e+02 | 11 -0.02438  1.30326e+02 | 12 -0.02680  1.12379e+02
 13 -0.06579  1.38674e+00 | 14  0.04391  1.68179e+02 | 15  0.03185  8.92224e+01
 16  0.24960  4.54478e+02 | 17  0.17611  3.39855e+02 | 18  0.30999  4.82432e+02
 19  0.26917  6.05842e+02 | 20  0.12554  1.91739e+02 | 21  0.07349  1.47651e+02
 22  0.09865  4.86130e+01 | 23  0.03739 -2.25391e+01 | 24  0.02657  1.81131e+02
 25  0.04542  1.69215e+02 | 26 -0.18129 -6.29609e+02 | 27 -0.17038 -9.03999e+02
 28 -0.09830 -7.45818e+02 | 29 -0.05119 -4.59598e+01 | 30 -0.04519  1.61577e+01
 31 -0.00899  9.21972e+01 | 32 -0.02158 -3.13064e+02 | 33 -0.10446 -4.25755e+02
 34 -0.10098 -2.36701e+00 | 35 -0.03834  7.77117e+01 | 36 -0.30544 -2.88927e+02
 37  0.28045  1.86383e+04 | 38  0.17687 -1.45627e+04 | 39  0.23295  1.38850e+03
 40  0.24225 -8.76893e+02 | 41  0.04216  1.23211e+02 | 42 -0.49825  6.24629e+02
 43 -0.20651 -1.12531e+02 | 44 -0.12927  2.92200e+02 | 45 -0.40468  3.65605e+01
 46 -0.70107  2.83142e+02 |
46 variables; iteration 40; function evaluation 55; phase 2
Function value 5.1517790e+03; maximum gradient component mag 6.0370e+03
Var    Value     Gradient |Var    Value     Gradient |Var    Value     Gradient
  1  0.09275 -6.96784e+02 |  2  0.13816  1.45831e+02 |  3  0.31919  2.68505e+02
  4  0.24181  1.52192e+02 |  5  0.07266  8.25843e+01 |  6  0.14112  4.75546e+01
  7  0.08134  1.81490e+02 |  8  0.01983  8.55552e+01 |  9  0.00495  8.28847e+01
 10  0.10307  2.19735e+02 | 11 -0.01491  1.91752e+02 | 12  0.00451  1.95074e+02
 13 -0.00024  1.95067e+02 | 14 -0.00325  7.78584e+01 | 15 -0.08746  4.21126e+01
 16  0.07284  2.03666e+02 | 17 -0.02084  8.80494e+01 | 18  0.16611  3.85898e+02
 19  0.11818  3.47054e+02 | 20 -0.04585  8.83789e+01 | 21 -0.05521  1.45646e+02
 22 -0.04317  3.45071e+01 | 23 -0.06204  3.14262e-02 | 24 -0.07026 -9.01490e+01
 25 -0.02057 -2.33117e+02 | 26 -0.14451 -5.12242e+02 | 27 -0.01341 -3.55254e+02
 28 -0.14083 -3.40004e+02 | 29 -0.03700  8.82552e+01 | 30  0.00505  3.37441e+02
 31  0.00265  1.97049e+02 | 32 -0.01477 -1.33492e+02 | 33 -0.08902 -1.44002e+02
 34 -0.08238  1.15665e+02 | 35 -0.00506  2.12384e+02 | 36 -0.50532 -1.05057e+02
 37  0.25069  6.03703e+03 | 38  0.24310 -4.16927e+03 | 39  0.23919  4.70014e+02
 40  0.22935 -1.11453e+03 | 41  0.89529 -9.72372e+01 | 42 -0.47675  4.42822e+02
 43 -1.15911 -1.29000e+02 | 44 -0.70274 -6.23747e+02 | 45 -0.70034 -3.92453e+02
 46 -0.76583  4.76805e+02 |
46 variables; iteration 60; function evaluation 83; phase 2
Function value 4.7726617e+03; maximum gradient component mag 9.0063e+02
Var    Value     Gradient |Var    Value     Gradient |Var    Value     Gradient
  1  0.04646  9.00630e+02 |  2 -0.00302 -1.56339e+01 |  3  0.03536 -2.49863e+01
  4 -0.02019 -2.37786e+01 |  5 -0.13866 -1.47368e+01 |  6 -0.02138 -1.69722e+01
  7 -0.11073 -1.07883e+01 |  8 -0.07030 -1.13442e+01 |  9  0.00313 -1.74556e+01
 10  0.10806 -1.58870e+01 | 11 -0.02752 -1.51497e+01 | 12  0.01473 -1.40804e+01
 13  0.02735 -1.59024e+01 | 14  0.06424 -5.97633e+00 | 15 -0.04838 -1.11533e+01
 16  0.07018 -7.78570e+00 | 17 -0.01752 -1.45364e+01 | 18  0.12637 -1.73242e+01
 19  0.07766 -5.53979e+00 | 20 -0.05583 -1.86002e+01 | 21 -0.08781 -1.28245e+01
 22 -0.02577 -2.82237e+00 | 23  0.00074  7.42135e+00 | 24  0.01516  9.80003e+00
 25  0.02810  5.34170e+01 | 26  0.04368  3.49495e+01 | 27  0.04901  5.65497e+01
 28  0.01305  6.75565e+01 | 29  0.01009 -1.20799e+00 | 30  0.00518 -1.06647e+01
 31  0.02873 -1.21799e+01 | 32  0.08746  9.64309e+00 | 33  0.01586  8.41744e+00
 34 -0.02097 -7.25886e+00 | 35  0.02578 -8.89830e+00 | 36 -0.20848 -1.47783e+01
 37  0.25410  1.41493e+02 | 38  0.27389  1.00207e+01 | 39  0.24771  2.58097e+01
 40  0.24195  6.79605e+01 | 41  0.90501 -3.29674e+00 | 42 -0.49984  3.46247e+00
 43 -1.37701  8.57195e+00 | 44 -0.65476 -8.83690e+00 | 45 -0.41342  4.26156e+00
 46 -0.76726 -5.87533e-01 |

 - final statistics:
46 variables; iteration 73; function evaluation 96
Function value 4.7696e+03; maximum gradient component mag 2.7636e+00
Exit code = 1;  converg criter 1.0000e+01
Var    Value     Gradient |Var    Value     Gradient |Var    Value     Gradient
  1  0.03996  2.76359e+00 |  2  0.00199 -9.77670e-02 |  3  0.04481 -2.46694e-01
  4 -0.01423  1.13761e-01 |  5 -0.13623  1.25680e-01 |  6 -0.02138 -3.87318e-01
  7 -0.11461  2.40785e-02 |  8 -0.07154 -7.66558e-02 |  9  0.00822  4.03900e-02
 10  0.11269  1.36132e-01 | 11 -0.02509  7.87602e-02 | 12  0.01510  3.48577e-01
 13  0.03411  1.05899e-01 | 14  0.06796  8.50635e-01 | 15 -0.05305 -4.75060e-02
 16  0.06376  1.07238e-01 | 17 -0.02820 -6.68770e-02 | 18  0.11926 -3.56528e-01
 19  0.06815 -5.85119e-01 | 20 -0.06022  1.31484e-01 | 21 -0.09699 -8.11835e-02
 22 -0.03010  1.06247e-01 | 23  0.00630 -1.23971e-01 | 24  0.01699  2.77592e-01
 25  0.01478  2.67000e-01 | 26  0.05437  4.54052e-01 | 27  0.04983  2.43335e-01
 28  0.00782  7.98589e-02 | 29  0.00743 -1.47484e-02 | 30  0.00818 -6.86538e-01
 31  0.03027  3.96190e-01 | 32  0.08982 -2.06815e-01 | 33  0.01863  1.24223e-01
 34 -0.01238  3.38905e-01 | 35  0.03041  6.58975e-01 | 36 -0.21083 -1.27770e-02
 37  0.26040 -1.43846e+00 | 38  0.27726  9.66522e-01 | 39  0.25388  3.94767e-01
 40  0.24768 -4.84858e-01 | 41  0.86859 -9.96741e-02 | 42 -0.47581  1.15481e+00
 43 -1.40763  5.19417e-03 | 44 -0.62791 -4.52838e-01 | 45 -0.43892 -4.19959e-01
 46 -0.82598  4.59487e-01 |

Initial statistics: 52 variables; iteration 0; function evaluation 0; phase 3
Function value 4.7695833e+03; maximum gradient component mag -3.9539e+03
Var    Value     Gradient |Var    Value     Gradient |Var    Value     Gradient
  1  0.03996  2.76359e+00 |  2  0.00199 -1.55460e-01 |  3  0.04481 -3.04245e-01
  4 -0.01423  5.60816e-02 |  5 -0.13623  6.93019e-02 |  6 -0.02138 -4.44979e-01
  7 -0.11461 -3.26828e-02 |  8 -0.07155 -1.33985e-01 |  9  0.00821 -1.72988e-02
 10  0.11269  7.93397e-02 | 11 -0.02509  2.11113e-02 | 12  0.01509  2.90899e-01
 13  0.03411  4.82879e-02 | 14  0.06796  7.93270e-01 | 15 -0.05305 -1.04999e-01
 16  0.06376  4.98334e-02 | 17 -0.02821 -1.24514e-01 | 18  0.11925 -4.13213e-01
 19  0.06815 -6.42483e-01 | 20 -0.06022  7.40483e-02 | 21 -0.09699 -1.38209e-01
 22 -0.03011  4.86177e-02 | 23  0.00630 -1.81662e-01 | 24  0.01699  2.19919e-01
 25  0.01477  2.09322e-01 | 26  0.05437  3.96569e-01 | 27  0.04982  1.85818e-01
 28  0.00782  2.21696e-02 | 29  0.00743 -7.24382e-02 | 30  0.00818 -7.44227e-01
 31  0.03027  3.38561e-01 | 32  0.08982 -2.63936e-01 | 33  0.01862  6.65545e-02
 34 -0.01239  2.81222e-01 | 35  0.03041  6.01347e-01 | 36 -0.21083 -6.73357e-02
 37  0.26040 -1.43846e+00 | 38  0.27726  9.66522e-01 | 39  0.25388  3.94767e-01
 40  0.24768 -4.84858e-01 | 41  0.86859 -9.96741e-02 | 42 -0.47581  1.15481e+00
 43  0.43863  4.11094e+01 | 44 -0.22627  1.34157e+02 | 45  0.06023 -3.95394e+03
 46 -0.89706  1.07483e+03 | 47  0.26185 -3.27548e+02 | 48 -0.29251  5.04691e+02
 49 -0.59237 -5.19417e-03 | 50 -0.62791 -4.52838e-01 | 51 -0.43892 -4.19959e-01
 52 -0.82598  4.59487e-01 |

Intermediate statistics: 52 variables; iteration 20; function evaluation 29; phase 3
Function value 3.5905886e+03; maximum gradient component mag -1.0248e+04
Var    Value     Gradient |Var    Value     Gradient |Var    Value     Gradient
  1  0.04162 -1.02484e+04 |  2  0.04916  2.10186e+02 |  3  0.11043  2.29797e+02
  4  0.04106  1.60280e+02 |  5 -0.08370  1.56894e+02 |  6  0.02629  1.64905e+02
  7 -0.07575  1.44345e+02 |  8 -0.04431  1.48302e+02 |  9  0.03302  1.49600e+02
 10  0.14301  1.26877e+02 | 11  0.01713  1.53782e+02 | 12  0.05117  1.17703e+02
 13  0.05279  9.34567e+01 | 14  0.17715  3.24724e+02 | 15  0.12965 -3.82853e+01
 16 -0.54015 -2.54505e+01 | 17  0.08131  1.39331e+02 | 18 -0.02251 -2.97655e+02
 19  0.18248  7.17112e+01 | 20 -0.04450  4.60260e+01 | 21  0.04626  1.09097e+02
 22  0.07415  1.75562e+01 | 23 -0.34210 -6.11574e+01 | 24  0.08202  6.41818e+01
 25  0.15055  6.48142e+01 | 26 -0.04180 -2.33847e+02 | 27  0.11444 -1.97557e+02
 28 -0.02063 -2.72182e+02 | 29  0.10770 -1.19826e+02 | 30 -0.08497 -2.85755e+02
 31  0.11044 -1.97261e+02 | 32  0.14245 -4.05562e+02 | 33 -0.25192 -1.75699e+02
 34  0.02462 -1.83107e+01 | 35  0.07614  6.52557e+01 | 36 -0.63030  1.45016e+01
 37  0.23197 -1.50631e+03 | 38  0.17218 -9.92227e+03 | 39  0.23929  6.55869e+01
 40  0.22593 -1.60775e+03 | 41  0.89860 -2.45250e+02 | 42 -0.49015  1.23873e+03
 43  0.34639  2.37900e+02 | 44 -0.38217 -2.54516e+02 | 45  0.65704 -1.11996e+03
 46 -0.88218  1.71206e+02 | 47  0.18783 -1.00452e+03 | 48 -0.47806  4.33200e+02
 49 -0.70303 -5.23571e+01 | 50 -0.76225 -7.78207e+02 | 51 -0.42693  3.85488e+01
 52 -0.82435  3.44693e+02 |
52 variables; iteration 40; function evaluation 54; phase 3
Function value 3.3526587e+03; maximum gradient component mag -5.6067e+03
Var    Value     Gradient |Var    Value     Gradient |Var    Value     Gradient
  1  0.04865 -4.13897e+03 |  2  0.00184  1.23896e+02 |  3  0.07553  1.32626e+02
  4  0.09593  2.98809e+02 |  5 -0.09381  9.22557e+01 |  6  0.08049  1.83360e+02
  7  0.01164  1.98865e+02 |  8  0.03987  2.36883e+02 |  9  0.04595  1.72742e+02
 10  0.08503  4.70992e+01 | 11  0.00292  1.90365e+02 | 12  0.03335  1.38893e+02
 13 -0.03120 -4.67257e+01 | 14  0.12048  2.00461e+02 | 15  0.08812 -4.82241e+01
 16 -0.50527 -5.63746e+01 | 17 -0.03864 -6.15160e+01 | 18  0.09192  7.96161e+01
 19  0.13487  7.77042e+01 | 20  0.04069  2.98134e+02 | 21  0.02785  1.71419e+02
 22  0.01512  2.13265e+01 | 23 -0.05394  4.51093e+01 | 24 -0.02120 -6.92516e+00
 25  0.07781  1.28428e+02 | 26  0.03293 -2.87490e+01 | 27  0.06618  6.76899e+01
 28 -0.01116 -9.15595e+01 | 29  0.05197  1.17375e+02 | 30 -0.00181 -1.68734e+01
 31  0.09206  1.90346e+02 | 32  0.12151 -1.09183e+02 | 33 -0.54527 -6.71497e+01
 34 -0.00635  2.79647e+01 | 35  0.06328  2.61444e+02 | 36 -0.21647  1.47073e+02
 37  0.24486  2.27882e+02 | 38  0.19673 -5.60672e+03 | 39  0.22708 -9.51371e+02
 40  0.24553  2.01309e+03 | 41  0.89320 -7.62821e+01 | 42 -0.46594  4.06432e+02
 43  0.36529  7.26244e+00 | 44 -0.33512  4.50083e+01 | 45  0.63265 -1.30085e+03
 46 -0.84220  3.30973e+02 | 47  0.20673 -1.01100e+03 | 48 -0.44067  8.55637e+02
 49 -0.55920  1.34859e+02 | 50 -0.68861 -4.11562e+02 | 51 -0.41921 -8.17658e+01
 52 -0.94224  4.70518e+01 |
52 variables; iteration 60; function evaluation 82; phase 3
Function value 2.9168304e+03; maximum gradient component mag -1.9604e+03
Var    Value     Gradient |Var    Value     Gradient |Var    Value     Gradient
  1  0.04116 -1.96040e+03 |  2  0.01537 -9.80994e+00 |  3  0.01936 -9.94266e+01
  4 -0.01642 -1.05394e+01 |  5 -0.16035 -5.02410e+01 |  6 -0.04145 -4.69131e+01
  7 -0.14544 -4.50461e+01 |  8 -0.11370 -7.59211e+01 |  9 -0.00410 -6.25675e+01
 10  0.11164 -1.05503e+02 | 11 -0.03188 -7.61647e+01 | 12  0.04511  2.21089e+01
 13  0.07510  5.87335e+01 | 14  0.06131 -2.03951e+02 | 15  0.04975 -1.71527e+02
 16 -0.25081 -2.63589e+02 | 17  0.01554 -4.70172e+01 | 18  0.03628 -1.73275e+02
 19  0.12002 -1.73723e+01 | 20 -0.07433 -8.62382e+01 | 21 -0.03089 -5.00807e+01
 22  0.00562 -8.83046e+00 | 23  0.00678  5.68566e+01 | 24  0.04289 -9.64727e+00
 25  0.04391 -7.83838e+01 | 26  0.05353 -6.91397e+00 | 27  0.06283 -4.45477e+01
 28  0.03982 -4.88205e+00 | 29  0.02038 -9.25633e+01 | 30  0.05700  8.73804e+01
 31  0.07322 -3.69558e+01 | 32  0.09046 -1.58608e+02 | 33 -0.03490 -1.72550e+02
 34  0.00349 -7.71328e+01 | 35  0.03431 -1.18207e+02 | 36 -0.25797 -3.26233e+01
 37  0.25014  6.92086e+01 | 38  0.23031 -2.98883e+02 | 39  0.25085  1.38618e+01
 40  0.23952 -4.58776e+02 | 41  0.92900 -3.28891e+01 | 42 -0.46426  1.13629e+02
 43  0.36983 -2.96461e+01 | 44 -0.32334  9.30306e+01 | 45  0.76223 -4.65950e+02
 46 -0.78833  2.38667e+02 | 47  0.21825  4.64668e+02 | 48 -0.48746 -4.97458e+02
 49 -0.61977 -4.87509e+01 | 50 -0.67403 -1.68303e+02 | 51 -0.45209  3.89860e+01
 52 -1.05775 -5.82603e+00 |
52 variables; iteration 80; function evaluation 102; phase 3
Function value 2.8102925e+03; maximum gradient component mag -3.2859e+01
Var    Value     Gradient |Var    Value     Gradient |Var    Value     Gradient
  1  0.05076 -3.28587e+01 |  2 -0.00800 -1.64953e+00 |  3  0.03261 -1.89760e+00
  4 -0.01958  6.21357e-01 |  5 -0.14052 -5.47060e-01 |  6 -0.02526 -7.14290e-01
  7 -0.11631 -9.07075e-01 |  8 -0.07677 -8.71517e-01 |  9  0.00127  2.37499e-01
 10  0.10528 -2.35468e+00 | 11 -0.02584 -1.03119e+00 | 12  0.01534 -1.36968e+00
 13  0.02775 -3.61764e+00 | 14  0.07132 -6.70955e+00 | 15  0.01677 -9.01764e-01
 16 -0.05404  7.13601e-01 | 17 -0.00486  3.35176e+00 | 18  0.07328  1.91624e+00
 19  0.11361  4.41766e-01 | 20 -0.04404 -2.05776e-01 | 21 -0.02241  5.47577e-01
 22 -0.01487 -5.03057e-01 | 23 -0.04079  1.00999e+00 | 24  0.03794  2.72549e+00
 25  0.05627  1.36185e+01 | 26  0.02999  3.63210e+00 | 27  0.05175 -3.94345e+00
 28  0.02511 -4.39095e+00 | 29  0.02943 -4.43918e+00 | 30  0.02138 -2.52523e+00
 31  0.05739 -1.23864e+00 | 32  0.08490 -4.48642e+00 | 33 -0.02182 -4.16910e-01
 34 -0.01838 -4.64888e+00 | 35  0.03088 -1.86822e+00 | 36 -0.25647  4.85991e-02
 37  0.24371 -1.68349e+01 | 38  0.22607 -4.44170e+00 | 39  0.24500 -8.80127e+00
 40  0.23696 -1.39971e+01 | 41  0.96476 -1.89341e-01 | 42 -0.48137  1.03153e+00
 43  0.35631  3.13265e+00 | 44 -0.34752 -2.38522e+00 | 45  0.99920 -5.78221e-01
 46 -0.96270  3.20400e+00 | 47  0.21389 -5.13760e+00 | 48 -0.47926  5.64643e+00
 49 -0.63370  1.26783e+00 | 50 -0.67034 -4.35686e+00 | 51 -0.43384 -3.76785e-01
 52 -1.17580 -4.15694e-01 |
52 variables; iteration 100; function evaluation 122; phase 3
Function value 2.8101916e+03; maximum gradient component mag 2.0394e+00
Var    Value     Gradient |Var    Value     Gradient |Var    Value     Gradient
  1  0.05066  2.03943e+00 |  2 -0.00673  4.05918e-02 |  3  0.03423  6.18218e-02
  4 -0.01841 -1.67657e-03 |  5 -0.13875  5.40480e-02 |  6 -0.02348  3.96001e-02
  7 -0.11421  6.40817e-02 |  8 -0.07529  3.13198e-02 |  9  0.00138  2.98049e-02
 10  0.10555 -3.99976e-02 | 11 -0.02569  2.62934e-02 | 12  0.01508 -2.51236e-02
 13  0.02797 -7.18533e-02 | 14  0.07207 -1.17903e-01 | 15  0.01680 -1.67743e-01
 16 -0.05502 -1.23250e-01 | 17 -0.00682 -1.39300e-01 | 18  0.07215 -9.89016e-02
 19  0.11282 -3.26745e-02 | 20 -0.04471  3.72212e-02 | 21 -0.02328  1.06195e-02
 22 -0.01507  2.24638e-02 | 23 -0.04128  5.90996e-02 | 24  0.03743  1.06397e-01
 25  0.05308  2.65236e-01 | 26  0.02986  2.67678e-01 | 27  0.05218  1.83422e-01
 28  0.02533  1.38749e-01 | 29  0.02971  9.75979e-02 | 30  0.02106  5.77988e-02
 31  0.05679  1.88311e-01 | 32  0.08490  4.38116e-01 | 33 -0.02241  1.55865e-01
 34 -0.01779  3.29810e-01 | 35  0.03059  6.09751e-02 | 36 -0.25703  1.31921e-02
 37  0.24401 -4.26502e-01 | 38  0.22629 -2.61337e-02 | 39  0.24557  8.00762e-02
 40  0.23727  1.13001e+00 | 41  0.96486  6.09196e-02 | 42 -0.48132  2.99864e-02
 43  0.35648 -1.79344e-03 | 44 -0.34720  4.93569e-02 | 45  1.00011  7.60373e-02
 46 -0.99564  8.75472e-03 | 47  0.21409  2.12656e-01 | 48 -0.47937 -3.65973e-02
 49 -0.63605 -2.52254e-02 | 50 -0.66940  7.50833e-02 | 51 -0.43479 -2.45353e-03
 52 -1.17650  1.62884e-03 |
52 variables; iteration 120; function evaluation 143; phase 3
Function value 2.8101892e+03; maximum gradient component mag -1.6408e+00
Var    Value     Gradient |Var    Value     Gradient |Var    Value     Gradient
  1  0.05065 -1.64083e+00 |  2 -0.00683 -1.31762e-01 |  3  0.03410 -1.97334e-01
  4 -0.01852  3.30521e-03 |  5 -0.13889  2.40974e-02 |  6 -0.02358  2.47656e-02
  7 -0.11434  3.78827e-02 |  8 -0.07536  3.19050e-02 |  9  0.00135 -8.01305e-03
 10  0.10557 -7.08113e-02 | 11 -0.02568 -1.84121e-03 | 12  0.01510 -1.89093e-02
 13  0.02801 -1.56595e-02 | 14  0.07214  9.51562e-02 | 15  0.01696  2.13335e-01
 16 -0.05499 -1.80165e-02 | 17 -0.00677 -8.10258e-02 | 18  0.07219 -6.03425e-02
 19  0.11284 -7.63619e-02 | 20 -0.04469  3.46907e-05 | 21 -0.02326 -2.30320e-02
 22 -0.01503  9.05871e-03 | 23 -0.04126 -4.16697e-03 | 24  0.03745  3.63772e-02
 25  0.05307  5.01032e-02 | 26  0.02988  8.08335e-02 | 27  0.05220  8.26318e-02
 28  0.02534  3.37284e-02 | 29  0.02971 -1.56856e-02 | 30  0.02108  1.41637e-02
 31  0.05679 -1.71580e-02 | 32  0.08491  1.56385e-01 | 33 -0.02239  8.60286e-03
 34 -0.01781  1.34272e-02 | 35  0.03063  7.06938e-02 | 36 -0.25699  3.79755e-02
 37  0.24402 -1.47080e-01 | 38  0.22629 -2.25028e-01 | 39  0.24555 -6.55333e-01
 40  0.23728  4.23781e-01 | 41  0.88774 -2.64842e-01 | 42 -0.48302  1.52915e+00
 43  0.35650  7.43087e-02 | 44 -0.34720  1.54523e-02 | 45  1.00013  8.81794e-02
 46 -0.99582 -1.04948e-02 | 47  0.21410  3.81981e-01 | 48 -0.47937 -1.19644e-01
 49 -0.62478 -1.18784e-01 | 50 -0.65734 -1.10062e+00 | 51 -0.43265  1.06946e-01
 52 -1.18232 -4.03965e-01 |
52 variables; iteration 140; function evaluation 164; phase 3
Function value 2.8101880e+03; maximum gradient component mag -3.2225e+00
Var    Value     Gradient |Var    Value     Gradient |Var    Value     Gradient
  1  0.05066 -3.22247e+00 |  2 -0.00671  1.11125e-01 |  3  0.03424  1.11253e-01
  4 -0.01840  7.75770e-02 |  5 -0.13875  9.84813e-02 |  6 -0.02348  7.74984e-02
  7 -0.11422  1.12902e-01 |  8 -0.07529  9.16103e-02 |  9  0.00139  9.38461e-02
 10  0.10556  2.79282e-02 | 11 -0.02568  7.99261e-02 | 12  0.01509  3.78177e-02
 13  0.02798 -5.18008e-03 | 14  0.07208 -3.37678e-02 | 15  0.01685  4.69279e-02
 16 -0.05499  6.01279e-02 | 17 -0.00675  1.38439e-01 | 18  0.07218  8.10210e-02
 19  0.11283  7.09844e-02 | 20 -0.04471  7.42246e-02 | 21 -0.02328  3.34501e-02
 22 -0.01508 -3.51905e-03 | 23 -0.04127  5.57722e-02 | 24  0.03742  2.26026e-03
 25  0.05304 -5.52602e-03 | 26  0.02984 -4.65525e-02 | 27  0.05216 -1.69414e-02
 28  0.02531  2.11455e-02 | 29  0.02969  5.17622e-02 | 30  0.02105  3.99997e-02
 31  0.05677  6.28294e-03 | 32  0.08484 -1.87821e-01 | 33 -0.02240  2.19912e-02
 34 -0.01783 -1.43801e-02 | 35  0.03058  3.94673e-02 | 36 -0.25708  6.27918e-02
 37  0.24402 -9.16160e-01 | 38  0.22629  2.15322e-01 | 39  0.24557  8.91918e-02
 40  0.23728 -5.13233e-01 | 41  0.81524 -4.00010e-01 | 42 -0.48235  1.25996e+00
 43  0.35649  2.20160e-02 | 44 -0.34721  1.78212e-02 | 45  0.99995 -3.15600e-02
 46 -0.99568  4.77934e-03 | 47  0.21409 -1.21591e-01 | 48 -0.47937  2.68909e-02
 49 -0.60466 -1.00896e-01 | 50 -0.63548 -1.04557e+00 | 51 -0.43351  7.06263e-02
 52 -1.18004 -3.32536e-01 |
52 variables; iteration 160; function evaluation 189; phase 3
Function value 2.8101871e+03; maximum gradient component mag -1.8781e+00
Var    Value     Gradient |Var    Value     Gradient |Var    Value     Gradient
  1  0.05065 -1.87806e+00 |  2 -0.00674  2.24249e-02 |  3  0.03420  5.76067e-03
  4 -0.01844  2.26397e-02 |  5 -0.13881  3.44161e-02 |  6 -0.02353  1.91091e-02
  7 -0.11428  3.51047e-02 |  8 -0.07532  3.18166e-02 |  9  0.00137  2.37495e-02
 10  0.10557 -1.28949e-02 | 11 -0.02568  2.26332e-02 | 12  0.01510  2.60570e-03
 13  0.02799 -8.86576e-03 | 14  0.07209 -2.23821e-02 | 15  0.01686  7.84497e-04
 16 -0.05498  4.89486e-03 | 17 -0.00677 -4.38634e-03 | 18  0.07218  1.05567e-02
 19  0.11283  5.22557e-05 | 20 -0.04471  2.31517e-02 | 21 -0.02327  9.45869e-03
 22 -0.01505 -1.56335e-03 | 23 -0.04127  5.51687e-03 | 24  0.03743 -1.32975e-02
 25  0.05305 -1.29053e-02 | 26  0.02985 -2.83733e-02 | 27  0.05218 -1.93218e-02
 28  0.02532 -1.28913e-02 | 29  0.02970  7.41607e-03 | 30  0.02106  4.05963e-03
 31  0.05678  1.30235e-03 | 32  0.08487 -4.02968e-02 | 33 -0.02240 -8.64487e-04
 34 -0.01781  1.64978e-02 | 35  0.03060  2.01839e-02 | 36 -0.25702  3.31612e-02
 37  0.24402 -2.48462e-01 | 38  0.22629 -4.24446e-02 | 39  0.24557 -2.62382e-02
 40  0.23728 -2.00323e-01 | 41  0.73950 -4.60538e-01 | 42 -0.47998  1.08464e+00
 43  0.35649  3.05461e-03 | 44 -0.34721  7.99847e-03 | 45  0.99992 -5.56768e-02
 46 -0.99571  7.50553e-04 | 47  0.21409 -3.15265e-02 | 48 -0.47937 -2.07896e-02
 49 -0.57492 -7.88382e-02 | 50 -0.60377 -9.30880e-01 | 51 -0.43642  5.18682e-02
 52 -1.17177 -2.72884e-01 |
52 variables; iteration 180; function evaluation 215; phase 3
Function value 2.8101865e+03; maximum gradient component mag -1.5941e+00
Var    Value     Gradient |Var    Value     Gradient |Var    Value     Gradient
  1  0.05065 -1.59411e+00 |  2 -0.00674  1.55568e-02 |  3  0.03420 -1.31386e-03
  4 -0.01844  1.39083e-02 |  5 -0.13881  2.38926e-02 |  6 -0.02353  1.08666e-02
  7 -0.11428  2.73692e-02 |  8 -0.07533  2.10338e-02 |  9  0.00137  1.87124e-02
 10  0.10557 -1.00559e-02 | 11 -0.02569  8.34095e-03 | 12  0.01510 -3.94899e-04
 13  0.02799 -1.34580e-02 | 14  0.07210 -2.24964e-02 | 15  0.01686 -3.70723e-03
 16 -0.05498 -2.79133e-03 | 17 -0.00677 -9.31245e-03 | 18  0.07218  6.05265e-03
 19  0.11283 -1.35047e-03 | 20 -0.04471  1.54884e-02 | 21 -0.02327  5.77843e-03
 22 -0.01505 -2.95683e-04 | 23 -0.04127  1.12687e-04 | 24  0.03743 -1.41343e-02
 25  0.05305 -1.54064e-02 | 26  0.02985 -2.20845e-02 | 27  0.05218 -2.28649e-02
 28  0.02532 -6.03252e-03 | 29  0.02969 -2.64582e-03 | 30  0.02106 -3.31998e-03
 31  0.05678 -1.54968e-03 | 32  0.08487 -3.07762e-02 | 33 -0.02240 -5.43855e-03
 34 -0.01781  8.10587e-03 | 35  0.03060  1.96465e-02 | 36 -0.25702  2.53260e-02
 37  0.24402 -1.87805e-01 | 38  0.22629 -3.93442e-02 | 39  0.24557 -2.89603e-02
 40  0.23728 -1.37208e-01 | 41  0.66109 -5.33597e-01 | 42 -0.47651  1.02408e+00
 43  0.35649  3.70931e-03 | 44 -0.34721  8.48304e-03 | 45  1.00011  7.50223e-02
 46 -0.99572  2.35921e-04 | 47  0.21409 -1.64156e-02 | 48 -0.47937 -1.75708e-02
 49 -0.53688 -7.54814e-02 | 50 -0.56359 -9.13063e-01 | 51 -0.44074  4.54326e-02
 52 -1.15877 -2.35855e-01 |
52 variables; iteration 200; function evaluation 242; phase 3
Function value 2.8101860e+03; maximum gradient component mag -1.1248e+00
Var    Value     Gradient |Var    Value     Gradient |Var    Value     Gradient
  1  0.05065 -1.12481e+00 |  2 -0.00674  1.16938e-02 |  3  0.03420  5.31415e-05
  4 -0.01844  6.46656e-03 |  5 -0.13881  1.13473e-02 |  6 -0.02353  5.94062e-03
  7 -0.11428  1.79262e-02 |  8 -0.07533  1.02859e-02 |  9  0.00137  1.22844e-02
 10  0.10557 -4.70612e-04 | 11 -0.02569 -3.02202e-03 | 12  0.01510 -2.98338e-03
 13  0.02799 -1.69372e-02 | 14  0.07210 -1.98618e-02 | 15  0.01686 -7.39535e-03
 16 -0.05498 -3.95208e-03 | 17 -0.00677 -4.04125e-03 | 18  0.07218  5.45130e-03
 19  0.11283 -1.47638e-04 | 20 -0.04471  7.71074e-03 | 21 -0.02327 -1.62955e-04
 22 -0.01505 -3.18976e-03 | 23 -0.04127 -3.75775e-03 | 24  0.03743 -1.33526e-02
 25  0.05305 -1.38713e-02 | 26  0.02985 -1.39970e-02 | 27  0.05218 -2.27933e-02
 28  0.02532  2.53949e-03 | 29  0.02969 -8.82603e-03 | 30  0.02106 -6.82671e-03
 31  0.05678 -5.68688e-03 | 32  0.08487 -2.69841e-02 | 33 -0.02240 -1.09514e-02
 34 -0.01782 -3.41860e-03 | 35  0.03060  1.69048e-02 | 36 -0.25702  1.54105e-02
 37  0.24402 -1.02171e-01 | 38  0.22629 -2.01793e-02 | 39  0.24557 -2.28666e-02
 40  0.23728 -6.42740e-02 | 41  0.57862 -4.95089e-01 | 42 -0.47245  8.32689e-01
 43  0.35649  7.21271e-03 | 44 -0.34721  1.45243e-03 | 45  0.99986 -9.66642e-02
 46 -0.99572 -2.10259e-04 | 47  0.21409 -1.04722e-03 | 48 -0.47937  4.25437e-04
 49 -0.49079 -5.42518e-02 | 50 -0.51544 -7.68802e-01 | 51 -0.44585  3.32520e-02
 52 -1.14204 -1.66895e-01 |
52 variables; iteration 220; function evaluation 267; phase 3
Function value 2.8101857e+03; maximum gradient component mag -3.2565e-01
Var    Value     Gradient |Var    Value     Gradient |Var    Value     Gradient
  1  0.05065 -3.25654e-01 |  2 -0.00674  4.38444e-03 |  3  0.03420  5.29827e-04
  4 -0.01844  4.32365e-03 |  5 -0.13881  5.40595e-03 |  6 -0.02353  3.27464e-03
  7 -0.11428  5.85522e-03 |  8 -0.07533  5.05647e-03 |  9  0.00137  4.89410e-03
 10  0.10557 -1.50094e-03 | 11 -0.02569  1.91174e-03 | 12  0.01510 -7.45936e-04
 13  0.02799 -5.33681e-03 | 14  0.07209 -3.54153e-03 | 15  0.01686  1.47857e-03
 16 -0.05498  1.63831e-03 | 17 -0.00677 -4.38636e-03 | 18  0.07218  1.51413e-03
 19  0.11283 -1.81731e-03 | 20 -0.04471  2.94739e-03 | 21 -0.02327  1.24577e-03
 22 -0.01505 -7.37696e-04 | 23 -0.04127 -9.97878e-05 | 24  0.03743 -3.33889e-03
 25  0.05305 -2.00186e-03 | 26  0.02985 -2.63236e-03 | 27  0.05218 -4.57993e-03
 28  0.02532 -9.54111e-04 | 29  0.02969 -1.06247e-03 | 30  0.02106 -1.30926e-03
 31  0.05678  5.75097e-04 | 32  0.08487 -5.80379e-03 | 33 -0.02240  2.48251e-04
 34 -0.01782  5.16140e-03 | 35  0.03060  2.93689e-03 | 36 -0.25702  5.78956e-03
 37  0.24402 -6.07776e-02 | 38  0.22629 -2.29990e-03 | 39  0.24557 -9.36343e-03
 40  0.23728 -2.69890e-02 | 41  0.49974 -1.52655e-01 | 42 -0.46877  2.60830e-01
 43  0.35649  1.97244e-03 | 44 -0.34721  2.73822e-03 | 45  1.00010  7.17169e-02
 46 -0.99572 -2.61683e-04 | 47  0.21409 -7.76635e-03 | 48 -0.47937  2.59578e-03
 49 -0.44247 -1.33692e-02 | 50 -0.46540 -2.30886e-01 | 51 -0.45053  7.06706e-03
 52 -1.12490 -3.45581e-02 |
52 variables; iteration 240; function evaluation 289; phase 3
Function value 2.8101855e+03; maximum gradient component mag -5.6308e-01
Var    Value     Gradient |Var    Value     Gradient |Var    Value     Gradient
  1  0.05065 -5.63081e-01 |  2 -0.00674  7.08153e-03 |  3  0.03420  3.50780e-03
  4 -0.01844  6.62824e-03 |  5 -0.13881  6.94400e-03 |  6 -0.02353  5.40616e-03
  7 -0.11428  8.79724e-03 |  8 -0.07533  7.15941e-03 |  9  0.00137  6.19583e-03
 10  0.10557  8.79212e-04 | 11 -0.02569  1.26481e-03 | 12  0.01510 -1.65375e-03
 13  0.02799 -9.20823e-03 | 14  0.07209 -1.12584e-02 | 15  0.01686 -3.38444e-03
 16 -0.05498  3.85497e-03 | 17 -0.00677  5.05740e-03 | 18  0.07218  2.04607e-03
 19  0.11283  2.28446e-03 | 20 -0.04471  4.79082e-03 | 21 -0.02327  1.65879e-03
 22 -0.01505 -2.36427e-03 | 23 -0.04127 -1.36993e-03 | 24  0.03743 -4.32860e-03
 25  0.05305 -7.81098e-03 | 26  0.02985 -6.70993e-03 | 27  0.05218 -1.11186e-02
 28  0.02532 -3.12919e-03 | 29  0.02969 -9.29893e-04 | 30  0.02106 -2.80081e-03
 31  0.05678 -3.57261e-03 | 32  0.08487 -1.68474e-02 | 33 -0.02240 -7.61606e-03
 34 -0.01782 -7.36013e-03 | 35  0.03060  7.70885e-03 | 36 -0.25702  8.06391e-03
 37  0.24402 -4.77128e-02 | 38  0.22629 -9.44452e-03 | 39  0.24557 -1.13985e-02
 40  0.23728 -4.02062e-02 | 41  0.43284 -3.08348e-01 | 42 -0.46605  4.50998e-01
 43  0.35649  6.70899e-03 | 44 -0.34721 -1.89334e-03 | 45  0.99999  2.38317e-04
 46 -0.99572 -1.93752e-04 | 47  0.21409  2.40848e-05 | 48 -0.47937  8.63583e-03
 49 -0.39916 -1.96686e-02 | 50 -0.42085 -4.44496e-01 | 51 -0.45401  1.40541e-02
 52 -1.11052 -5.85654e-02 |
52 variables; iteration 260; function evaluation 312; phase 3
Function value 2.8101854e+03; maximum gradient component mag 3.4679e-01
Var    Value     Gradient |Var    Value     Gradient |Var    Value     Gradient
  1  0.05065 -3.02412e-01 |  2 -0.00674  6.04617e-03 |  3  0.03421  4.96403e-03
  4 -0.01844  8.47705e-03 |  5 -0.13881  4.70604e-03 |  6 -0.02353  5.28875e-03
  7 -0.11428  6.41655e-03 |  8 -0.07533  5.78859e-03 |  9  0.00137  5.21295e-03
 10  0.10557  3.02032e-03 | 11 -0.02569  2.07247e-05 | 12  0.01509 -1.51492e-03
 13  0.02799 -7.19893e-03 | 14  0.07209 -5.05568e-03 | 15  0.01686  5.13529e-03
 16 -0.05498  6.36180e-03 | 17 -0.00676  1.15378e-02 | 18  0.07218  6.12149e-03
 19  0.11283  2.38822e-03 | 20 -0.04471  4.20464e-03 | 21 -0.02327  2.39715e-03
 22 -0.01505 -1.98278e-03 | 23 -0.04127  1.54067e-03 | 24  0.03743 -2.56766e-03
 25  0.05305 -2.68123e-03 | 26  0.02985  1.61691e-03 | 27  0.05218 -3.18037e-03
 28  0.02532  2.28886e-03 | 29  0.02969  4.83610e-04 | 30  0.02106 -2.41798e-03
 31  0.05677 -1.47949e-03 | 32  0.08487 -1.42830e-02 | 33 -0.02240 -1.90210e-03
 34 -0.01782 -5.59215e-03 | 35  0.03060  2.51912e-03 | 36 -0.25702  6.23533e-03
 37  0.24402 -1.57054e-04 | 38  0.22629 -4.67983e-03 | 39  0.24557 -1.05683e-02
 40  0.23728 -5.46211e-03 | 41  0.34622 -2.23651e-01 | 42 -0.46334  3.46789e-01
 43  0.35649  4.63204e-03 | 44 -0.34721 -9.31322e-04 | 45  0.99999  7.03418e-05
 46 -0.99573 -8.87392e-04 | 47  0.21409  4.00917e-03 | 48 -0.47937  6.56026e-03
 49 -0.34086 -1.33295e-02 | 50 -0.36122 -3.14069e-01 | 51 -0.45754  7.01715e-03
 52 -1.09391 -2.94073e-02 |
52 variables; iteration 280; function evaluation 336; phase 3
Function value 2.8101853e+03; maximum gradient component mag 4.9429e-02
Var    Value     Gradient |Var    Value     Gradient |Var    Value     Gradient
  1  0.05065 -4.58601e-04 |  2 -0.00674  1.14483e-03 |  3  0.03420  6.92766e-04
  4 -0.01844  9.12848e-04 |  5 -0.13881 -1.52214e-04 |  6 -0.02353  4.35578e-04
  7 -0.11428 -3.98191e-05 |  8 -0.07533 -8.50251e-05 |  9  0.00137  1.37858e-04
 10  0.10557 -1.08527e-03 | 11 -0.02569 -1.09086e-03 | 12  0.01509 -1.14053e-03
 13  0.02799 -3.13078e-03 | 14  0.07209  3.96961e-04 | 15  0.01686  2.69744e-03
 16 -0.05498  4.67833e-03 | 17 -0.00677 -1.97850e-04 | 18  0.07218  2.06477e-04
 19  0.11283 -1.62309e-03 | 20 -0.04471 -8.79255e-04 | 21 -0.02327 -8.33145e-04
 22 -0.01505 -1.53917e-03 | 23 -0.04127 -6.80630e-04 | 24  0.03743 -5.80803e-04
 25  0.05305  8.75891e-04 | 26  0.02985  3.02806e-03 | 27  0.05218 -6.51112e-04
 28  0.02532  3.20871e-04 | 29  0.02969 -1.29814e-03 | 30  0.02106 -1.50921e-03
 31  0.05678 -5.15179e-04 | 32  0.08487 -5.25541e-04 | 33 -0.02240  1.30614e-03
 34 -0.01782  1.78366e-03 | 35  0.03060 -8.68829e-04 | 36 -0.25702  3.05823e-04
 37  0.24402 -1.77733e-02 | 38  0.22629  8.96013e-03 | 39  0.24557 -5.85799e-03
 40  0.23728  7.93493e-03 | 41  0.25807 -1.22429e-02 | 42 -0.46144  4.94292e-02
 43  0.35649  3.46143e-03 | 44 -0.34721 -4.79958e-04 | 45  0.99999  5.78692e-03
 46 -0.99573 -5.98871e-04 | 47  0.21409 -3.13019e-03 | 48 -0.47937  1.30392e-02
 49 -0.27987 -2.19956e-03 | 50 -0.29917 -2.00646e-02 | 51 -0.46001  8.85325e-04
 52 -1.08026  1.86822e-02 |
52 variables; iteration 300; function evaluation 361; phase 3
Function value 2.8101853e+03; maximum gradient component mag -8.6243e-01
Var    Value     Gradient |Var    Value     Gradient |Var    Value     Gradient
  1  0.05065  8.57672e-01 |  2 -0.00673 -1.91037e-03 |  3  0.03421  1.31253e-02
  4 -0.01844 -7.40654e-03 |  5 -0.13880 -1.23853e-02 |  6 -0.02353 -2.95940e-03
  7 -0.11428 -1.07062e-02 |  8 -0.07533 -1.79142e-02 |  9  0.00137 -2.23008e-03
 10  0.10557  1.20510e-02 | 11 -0.02568 -2.32090e-03 | 12  0.01510 -1.40103e-03
 13  0.02799  6.71958e-03 | 14  0.07209  6.33146e-03 | 15  0.01686 -7.28309e-04
 16 -0.05498  2.86869e-03 | 17 -0.00677  6.51506e-03 | 18  0.07218 -1.69918e-04
 19  0.11283  1.52258e-03 | 20 -0.04471 -7.67663e-03 | 21 -0.02327 -6.58932e-03
 22 -0.01505 -4.76509e-03 | 23 -0.04128  2.82129e-04 | 24  0.03743  5.52127e-03
 25  0.05305  3.12218e-03 | 26  0.02985  7.35848e-03 | 27  0.05218  5.05146e-03
 28  0.02532  6.43638e-03 | 29  0.02969 -4.16247e-03 | 30  0.02106 -1.68639e-04
 31  0.05677  1.44181e-03 | 32  0.08487  8.20191e-03 | 33 -0.02240  6.40799e-03
 34 -0.01782 -1.96908e-03 | 35  0.03060 -4.50825e-03 | 36 -0.25702 -1.65644e-02
 37  0.24402  2.28659e-03 | 38  0.22629  5.67374e-02 | 39  0.24557  1.65741e-02
 40  0.23728  5.56238e-02 | 41  0.12750  6.65578e-01 | 42 -0.46006 -8.62433e-01
 43  0.35649  9.15215e-04 | 44 -0.34721 -1.33796e-03 | 45  0.99999  3.46833e-03
 46 -0.99572  2.95449e-04 | 47  0.21409  2.47319e-03 | 48 -0.47937  5.07361e-04
 49 -0.18812  8.79385e-02 | 50 -0.20634  8.46386e-01 | 51 -0.46183 -3.80828e-02
 52 -1.06846  1.17706e-01 |
52 variables; iteration 320; function evaluation 388; phase 3
Function value 2.8101838e+03; maximum gradient component mag 1.2347e+00
Var    Value     Gradient |Var    Value     Gradient |Var    Value     Gradient
  1  0.05066  1.23468e+00 |  2 -0.00671  3.17265e-02 |  3  0.03423  4.00996e-02
  4 -0.01841  8.79121e-03 |  5 -0.13877  7.83203e-03 |  6 -0.02350  5.34553e-03
  7 -0.11425 -2.89943e-04 |  8 -0.07530  1.04822e-02 |  9  0.00137  4.76055e-03
 10  0.10556 -1.24432e-03 | 11 -0.02569 -1.12368e-03 | 12  0.01509  9.88280e-03
 13  0.02798 -2.34436e-02 | 14  0.07209  3.76240e-02 | 15  0.01687  6.08923e-02
 16 -0.05498  2.80725e-02 | 17 -0.00675  7.06179e-02 | 18  0.07218  2.66783e-02
 19  0.11282  3.12514e-02 | 20 -0.04472 -8.64263e-03 | 21 -0.02327  7.45764e-03
 22 -0.01506  6.85935e-03 | 23 -0.04128  4.20435e-03 | 24  0.03742  2.23667e-02
 25  0.05305  5.11754e-02 | 26  0.02985  5.46030e-02 | 27  0.05217  4.66015e-02
 28  0.02531  2.98568e-02 | 29  0.02968  9.41868e-03 | 30  0.02106  9.44977e-03
 31  0.05676 -6.20757e-03 | 32  0.08486 -3.02903e-02 | 33 -0.02240  3.28028e-02
 34 -0.01783 -1.61355e-02 | 35  0.03059 -6.65022e-03 | 36 -0.25704 -9.96551e-03
 37  0.24402  1.11499e-02 | 38  0.22629  2.42552e-01 | 39  0.24557  1.10493e-01
 40  0.23728  1.55496e-01 | 41 -0.08746  2.68426e-01 | 42 -0.47014  1.11687e+00
 43  0.35649  4.55384e-03 | 44 -0.34721  7.97222e-04 | 45  0.99986 -9.91727e-02
 46 -0.99576 -4.06866e-03 | 47  0.21409 -1.18464e-01 | 48 -0.47936  3.12581e-01
 49 -0.03843  2.24721e-02 | 50 -0.05577  3.70384e-01 | 51 -0.44879 -1.22727e-02
 52 -1.13179 -2.24771e-01 |
52 variables; iteration 340; function evaluation 414; phase 3
Function value 2.8101832e+03; maximum gradient component mag 7.3320e-01
Var    Value     Gradient |Var    Value     Gradient |Var    Value     Gradient
  1  0.05065  7.33198e-01 |  2 -0.00672  2.45502e-02 |  3  0.03422  4.40497e-02
  4 -0.01842  7.94064e-03 |  5 -0.13879  2.74647e-03 |  6 -0.02351  1.15206e-02
  7 -0.11426  1.65147e-03 |  8 -0.07531  2.80312e-03 |  9  0.00137  9.42880e-03
 10  0.10557  2.07623e-02 | 11 -0.02569  6.32163e-03 | 12  0.01509  5.60769e-03
 13  0.02799 -1.13206e-02 | 14  0.07209  1.06571e-02 | 15  0.01686  2.42790e-02
 16 -0.05498  1.87821e-02 | 17 -0.00676  5.40476e-02 | 18  0.07218  1.95890e-02
 19  0.11283  2.76961e-02 | 20 -0.04471 -2.06066e-03 | 21 -0.02327  6.65264e-04
 22 -0.01506 -9.50795e-04 | 23 -0.04128  4.07550e-03 | 24  0.03743  1.41154e-02
 25  0.05305  1.82271e-02 | 26  0.02985  1.71572e-02 | 27  0.05217  1.76028e-02
 28  0.02532  1.54361e-02 | 29  0.02969  6.29467e-03 | 30  0.02106  7.50994e-03
 31  0.05677 -6.71767e-03 | 32  0.08486 -3.07888e-02 | 33 -0.02240  1.24888e-02
 34 -0.01783 -2.88595e-02 | 35  0.03060  3.71328e-03 | 36 -0.25704 -8.95667e-03
 37  0.24402 -5.12656e-02 | 38  0.22629  1.52593e-01 | 39  0.24557  6.95562e-02
 40  0.23728  4.63716e-02 | 41 -0.20613  3.38250e-01 | 42 -0.48369  2.15704e-01
 43  0.35649  8.43748e-03 | 44 -0.34721 -5.34832e-03 | 45  0.99996 -2.58215e-02
 46 -0.99573 -7.91833e-04 | 47  0.21409 -5.86350e-02 | 48 -0.47937  1.44145e-01
 49  0.04095  8.69308e-02 | 50  0.02360  4.33496e-01 | 51 -0.43187 -3.54967e-02
 52 -1.18464 -6.73119e-02 |
52 variables; iteration 360; function evaluation 439; phase 3
Function value 2.8101829e+03; maximum gradient component mag 1.2578e-01
Var    Value     Gradient |Var    Value     Gradient |Var    Value     Gradient
  1  0.05065  6.67098e-02 |  2 -0.00674 -2.83018e-03 |  3  0.03420 -1.08086e-03
  4 -0.01844 -4.50408e-04 |  5 -0.13881 -2.53191e-03 |  6 -0.02353 -4.80059e-04
  7 -0.11428 -2.01947e-03 |  8 -0.07533 -2.15561e-03 |  9  0.00137 -1.45838e-03
 10  0.10557  2.74300e-03 | 11 -0.02569 -5.48893e-04 | 12  0.01510 -5.14049e-04
 13  0.02800  3.64009e-04 | 14  0.07209 -1.09534e-04 | 15  0.01686 -4.26460e-03
 16 -0.05498 -3.83772e-03 | 17 -0.00677 -4.03183e-03 | 18  0.07218 -2.39436e-04
 19  0.11283  1.04178e-03 | 20 -0.04471 -1.24464e-03 | 21 -0.02326 -1.52152e-03
 22 -0.01505 -1.50054e-03 | 23 -0.04127 -1.61584e-03 | 24  0.03743 -5.54123e-04
 25  0.05305 -1.65280e-03 | 26  0.02985 -1.17280e-03 | 27  0.05218  5.88606e-04
 28  0.02532 -5.94628e-04 | 29  0.02969  8.34442e-04 | 30  0.02106 -7.82727e-04
 31  0.05678  2.12983e-03 | 32  0.08487  6.70062e-03 | 33 -0.02240 -1.02862e-03
 34 -0.01782  1.07045e-03 | 35  0.03060  7.73807e-04 | 36 -0.25702 -6.06157e-04
 37  0.24402  3.47642e-02 | 38  0.22629 -1.27520e-02 | 39  0.24557 -4.18977e-03
 40  0.23728  1.99646e-02 | 41 -0.30598 -2.76781e-02 | 42 -0.50176  1.25778e-01
 43  0.35649 -1.18511e-03 | 44 -0.34721 -3.88034e-04 | 45  1.00009  6.03684e-02
 46 -0.99572  2.21961e-04 | 47  0.21409  1.47132e-02 | 48 -0.47937 -2.59291e-02
 49  0.10449  1.39175e-02 | 50  0.08695 -5.53396e-02 | 51 -0.41037 -3.41312e-03
 52 -1.23679 -4.30582e-02 |
52 variables; iteration 380; function evaluation 462; phase 3
Function value 2.8101828e+03; maximum gradient component mag 1.5880e-01
Var    Value     Gradient |Var    Value     Gradient |Var    Value     Gradient
  1  0.05065  1.16337e-01 |  2 -0.00673  8.03991e-03 |  3  0.03421  1.48124e-02
  4 -0.01843  3.57002e-03 |  5 -0.13880  1.42883e-03 |  6 -0.02352  4.66049e-03
  7 -0.11428  1.77755e-03 |  8 -0.07532  1.83404e-03 |  9  0.00137  3.60975e-03
 10  0.10557  7.43916e-03 | 11 -0.02569  2.62438e-03 | 12  0.01509  1.35780e-03
 13  0.02799 -4.24970e-03 | 14  0.07209  2.56335e-04 | 15  0.01686  5.38602e-03
 16 -0.05498  5.33370e-03 | 17 -0.00676  1.94303e-02 | 18  0.07218  6.63036e-03
 19  0.11283  1.00163e-02 | 20 -0.04471  3.76850e-04 | 21 -0.02327 -4.48436e-04
 22 -0.01505 -1.92330e-03 | 23 -0.04127  7.82964e-04 | 24  0.03743  3.22973e-03
 25  0.05305  2.88516e-03 | 26  0.02985  2.06532e-03 | 27  0.05217  3.25806e-03
 28  0.02532  3.17677e-03 | 29  0.02969  2.77885e-03 | 30  0.02106  2.21773e-03
 31  0.05677 -3.17851e-03 | 32  0.08487 -1.30959e-02 | 33 -0.02240  1.02812e-03
 34 -0.01782 -1.27460e-02 | 35  0.03060  3.05705e-03 | 36 -0.25703 -1.26417e-03
 37  0.24402 -4.90735e-03 | 38  0.22629  3.82938e-02 | 39  0.24557  1.91205e-02
 40  0.23728  7.56522e-03 | 41 -0.37113  1.61180e-02 | 42 -0.51779  1.58797e-01
 43  0.35649  3.98917e-03 | 44 -0.34721 -3.84931e-03 | 45  0.99996 -2.85951e-02
 46 -0.99572 -1.24468e-04 | 47  0.21409 -1.04607e-02 | 48 -0.47937  3.55697e-02
 49  0.14383  2.31251e-02 | 50  0.12609  9.16544e-03 | 51 -0.39225 -7.50908e-03
 52 -1.27428 -7.09484e-02 |
52 variables; iteration 400; function evaluation 487; phase 3
Function value 2.8101828e+03; maximum gradient component mag 5.2972e-02
Var    Value     Gradient |Var    Value     Gradient |Var    Value     Gradient
  1  0.05065  5.29718e-02 |  2 -0.00674 -2.16477e-03 |  3  0.03420 -2.97324e-03
  4 -0.01844 -1.35410e-03 |  5 -0.13881 -1.39732e-03 |  6 -0.02353 -1.49419e-03
  7 -0.11428 -1.76033e-03 |  8 -0.07533 -1.45469e-03 |  9  0.00137 -1.33597e-03
 10  0.10557 -8.16931e-04 | 11 -0.02569 -1.02809e-03 | 12  0.01510 -3.82275e-04
 13  0.02799  4.33365e-05 | 14  0.07209  1.48982e-03 | 15  0.01686 -1.72236e-03
 16 -0.05498 -2.81426e-03 | 17 -0.00677 -6.63197e-03 | 18  0.07218 -1.67709e-03
 19  0.11283 -1.55963e-03 | 20 -0.04471 -1.40686e-03 | 21 -0.02326 -6.40865e-04
 22 -0.01505 -1.75159e-05 | 23 -0.04127 -1.17578e-03 | 24  0.03743 -3.25635e-04
 25  0.05305  4.28825e-04 | 26  0.02985  5.61004e-04 | 27  0.05218  7.24020e-04
 28  0.02532 -2.36752e-04 | 29  0.02969 -4.22782e-04 | 30  0.02106 -7.43024e-04
 31  0.05678  1.76990e-03 | 32  0.08487  6.29489e-03 | 33 -0.02240  5.34171e-04
 34 -0.01782  4.27495e-03 | 35  0.03060 -6.76255e-04 | 36 -0.25702 -6.51618e-04
 37  0.24402  7.12871e-03 | 38  0.22629 -3.90503e-03 | 39  0.24557 -1.99296e-03
 40  0.23728  1.02147e-02 | 41 -0.41091 -6.04204e-03 | 42 -0.52963  5.23529e-02
 43  0.35649 -8.78679e-04 | 44 -0.34721  4.55714e-04 | 45  1.00003  1.63264e-02
 46 -0.99572  3.91661e-05 | 47  0.21409  2.08122e-03 | 48 -0.47937 -7.84779e-03
 49  0.16685  2.66861e-03 | 50  0.14896 -7.60135e-03 | 51 -0.37939 -9.39024e-04
 52 -1.29857 -2.16844e-02 |
52 variables; iteration 420; function evaluation 510; phase 3
Function value 2.8101828e+03; maximum gradient component mag 6.2646e-02
Var    Value     Gradient |Var    Value     Gradient |Var    Value     Gradient
  1  0.05065 -2.87822e-02 |  2 -0.00673  4.43931e-03 |  3  0.03421  7.05068e-03
  4 -0.01844  2.30062e-03 |  5 -0.13881  1.88431e-03 |  6 -0.02353  2.78902e-03
  7 -0.11428  2.14418e-03 |  8 -0.07532  1.85114e-03 |  9  0.00137  2.34202e-03
 10  0.10557  3.08052e-03 | 11 -0.02569  1.72991e-03 | 12  0.01509  4.40897e-04
 13  0.02799 -1.93123e-03 | 14  0.07209 -1.43067e-03 | 15  0.01686  2.24877e-03
 16 -0.05498  3.12226e-03 | 17 -0.00677  9.97345e-03 | 18  0.07218  3.22112e-03
 19  0.11283  4.39034e-03 | 20 -0.04471  1.18314e-03 | 21 -0.02327  2.97375e-04
 22 -0.01505 -6.41358e-04 | 23 -0.04127  6.68913e-04 | 24  0.03743  9.86011e-04
 25  0.05305  2.90966e-04 | 26  0.02985 -3.31100e-04 | 27  0.05218  2.87279e-05
 28  0.02532  7.85228e-04 | 29  0.02969  1.12138e-03 | 30  0.02106  1.01056e-03
 31  0.05677 -2.24278e-03 | 32  0.08487 -8.71110e-03 | 33 -0.02240 -2.47932e-04
 34 -0.01782 -6.71870e-03 | 35  0.03060  2.15844e-03 | 36 -0.25702  5.48924e-04
 37  0.24402 -8.01206e-03 | 38  0.22629  1.47782e-02 | 39  0.24557  7.27062e-03
 40  0.23728 -5.88751e-03 | 41 -0.42839 -2.26364e-02 | 42 -0.53549  6.26455e-02
 43  0.35649  1.99728e-03 | 44 -0.34721 -1.69852e-03 | 45  1.00001 -1.84429e-02
 46 -0.99572 -5.00930e-05 | 47  0.21409 -5.56449e-03 | 48 -0.47937  1.67602e-02
 49  0.17671  5.26375e-03 | 50  0.15875 -3.98903e-02 | 51 -0.37317 -1.39368e-03
 52 -1.30980 -2.90355e-02 |
52 variables; iteration 440; function evaluation 534; phase 3
Function value 2.8101828e+03; maximum gradient component mag 2.7000e-01
Var    Value     Gradient |Var    Value     Gradient |Var    Value     Gradient
  1  0.05065 -9.76263e-02 |  2 -0.00674  9.67665e-04 |  3  0.03420  4.52512e-04
  4 -0.01844  1.07553e-03 |  5 -0.13881  1.27758e-03 |  6 -0.02353  8.72837e-04
  7 -0.11428  1.25871e-03 |  8 -0.07533  1.31756e-03 |  9  0.00137  8.79574e-04
 10  0.10557  6.17676e-05 | 11 -0.02569  5.47711e-04 | 12  0.01510 -4.13171e-04
 13  0.02799 -2.76314e-03 | 14  0.07209 -1.29599e-03 | 15  0.01686 -1.48961e-03
 16 -0.05498 -2.21840e-03 | 17 -0.00677 -1.90147e-03 | 18  0.07218  9.09074e-04
 19  0.11283  1.88299e-03 | 20 -0.04471  2.93637e-05 | 21 -0.02327 -3.87802e-04
 22 -0.01505 -6.65699e-04 | 23 -0.04127 -1.87399e-03 | 24  0.03743 -9.64146e-04
 25  0.05305 -8.02238e-04 | 26  0.02985 -1.73033e-03 | 27  0.05218 -6.43596e-04
 28  0.02532 -1.05850e-03 | 29  0.02969  3.89154e-04 | 30  0.02106 -5.12282e-04
 31  0.05678  2.44315e-04 | 32  0.08487  1.13017e-04 | 33 -0.02240 -7.77673e-04
 34 -0.01782 -1.82436e-04 | 35  0.03060  3.28938e-03 | 36 -0.25702  2.00209e-03
 37  0.24402  3.23128e-03 | 38  0.22629 -1.68742e-03 | 39  0.24557 -9.56215e-04
 40  0.23728  2.90386e-03 | 41 -0.45162 -1.21677e-01 | 42 -0.54682  2.69996e-01
 43  0.35649  4.29364e-04 | 44 -0.34721 -2.64507e-04 | 45  1.00002  2.67178e-03
 46 -0.99572  7.53529e-07 | 47  0.21409  9.93228e-04 | 48 -0.47937 -1.27978e-03
 49  0.18954 -4.55578e-03 | 50  0.17148 -2.13431e-01 | 51 -0.36147  5.03554e-03
 52 -1.33017 -1.48558e-01 |
52 variables; iteration 460; function evaluation 563; phase 3
Function value 2.8101827e+03; maximum gradient component mag -3.2438e-01
Var    Value     Gradient |Var    Value     Gradient |Var    Value     Gradient
  1  0.05065 -2.68704e-01 |  2 -0.00674 -3.02399e-03 |  3  0.03420 -8.92951e-03
  4 -0.01844 -5.40305e-04 |  5 -0.13881  1.92535e-03 |  6 -0.02353 -1.74800e-03
  7 -0.11429  1.60235e-03 |  8 -0.07533  1.58986e-03 |  9  0.00137 -6.56755e-04
 10  0.10557 -6.25738e-03 | 11 -0.02569 -7.87056e-04 | 12  0.01510 -1.57395e-03
 13  0.02800 -1.27236e-03 | 14  0.07210 -2.60922e-03 | 15  0.01686 -4.89838e-03
 16 -0.05498 -5.94727e-03 | 17 -0.00677 -1.48983e-02 | 18  0.07218 -2.94515e-03
 19  0.11283 -4.66394e-03 | 20 -0.04471  2.46802e-04 | 21 -0.02326  1.54322e-04
 22 -0.01505  2.96559e-04 | 23 -0.04127 -2.77514e-03 | 24  0.03743 -4.16670e-03
 25  0.05305 -3.20849e-03 | 26  0.02985 -4.60826e-03 | 27  0.05218 -3.65477e-03
 28  0.02532 -3.99818e-03 | 29  0.02970 -1.71128e-03 | 30  0.02106 -2.02692e-03
 31  0.05678  1.85570e-03 | 32  0.08487  6.70679e-03 | 33 -0.02240 -1.78602e-03
 34 -0.01781  8.48379e-03 | 35  0.03060  2.27797e-03 | 36 -0.25702  4.47808e-03
 37  0.24402  1.94952e-03 | 38  0.22629 -2.74823e-02 | 39  0.24557 -1.20875e-02
 40  0.23728 -8.71350e-03 | 41 -0.45722 -1.93769e-01 | 42 -0.56330  2.55800e-01
 43  0.35649 -1.91842e-03 | 44 -0.34721  2.06845e-03 | 45  1.00009  6.12711e-02
 46 -0.99572  1.93096e-05 | 47  0.21409  6.04989e-03 | 48 -0.47937 -2.18443e-02
 49  0.19259 -2.87280e-02 | 50  0.17450 -3.24382e-01 | 51 -0.34510  1.37145e-02
 52 -1.35723 -1.51498e-01 |
52 variables; iteration 480; function evaluation 583; phase 3
Function value 2.8101823e+03; maximum gradient component mag 1.1864e+00
Var    Value     Gradient |Var    Value     Gradient |Var    Value     Gradient
  1  0.05065  1.18637e+00 |  2 -0.00675 -4.76739e-02 |  3  0.03418 -6.65477e-02
  4 -0.01846 -2.86029e-02 |  5 -0.13883 -2.91907e-02 |  6 -0.02355 -3.31990e-02
  7 -0.11431 -3.39401e-02 |  8 -0.07534 -2.72654e-02 |  9  0.00136 -3.09000e-02
 10  0.10557 -2.48246e-02 | 11 -0.02568 -2.27338e-02 | 12  0.01510 -2.68876e-03
 13  0.02800  1.95483e-02 | 14  0.07210  3.13850e-02 | 15  0.01687 -1.73867e-02
 16 -0.05498 -3.40208e-02 | 17 -0.00679 -9.72425e-02 | 18  0.07219 -3.17953e-02
 19  0.11283 -3.69722e-02 | 20 -0.04470 -2.12969e-02 | 21 -0.02326 -7.09351e-03
 22 -0.01504  3.60192e-03 | 23 -0.04127 -8.59235e-03 | 24  0.03743 -1.80581e-03
 25  0.05306  1.02336e-02 | 26  0.02986  2.00785e-02 | 27  0.05218  1.67897e-02
 28  0.02533  9.92588e-04 | 29  0.02970 -6.30260e-03 | 30  0.02107 -9.40236e-03
 31  0.05678  2.88660e-02 | 32  0.08489  1.06355e-01 | 33 -0.02240  1.05002e-02
 34 -0.01780  7.05670e-02 | 35  0.03061 -3.06961e-02 | 36 -0.25699 -1.73458e-02
 37  0.24402  1.61286e-01 | 38  0.22629 -9.87135e-02 | 39  0.24557 -4.52888e-02
 40  0.23728  1.65486e-01 | 41 -0.39419  4.88953e-01 | 42 -0.59119 -4.27892e-01
 43  0.35649 -2.07073e-02 | 44 -0.34721  1.28463e-02 | 45  0.99988 -8.11146e-02
 46 -0.99572  2.32360e-04 | 47  0.21409  5.32812e-02 | 48 -0.47938 -1.46150e-01
 49  0.15728  2.73775e-03 | 50  0.13946  8.55117e-01 | 51 -0.31908 -1.25711e-02
 52 -1.39761  3.12296e-01 |
52 variables; iteration 500; function evaluation 606; phase 3
Function value 2.8101821e+03; maximum gradient component mag 7.8647e-01
Var    Value     Gradient |Var    Value     Gradient |Var    Value     Gradient
  1  0.05065  7.86467e-01 |  2 -0.00675 -3.46820e-02 |  3  0.03419 -5.78736e-02
  4 -0.01845 -2.28774e-02 |  5 -0.13882 -1.92821e-02 |  6 -0.02354 -2.87908e-02
  7 -0.11430 -2.46774e-02 |  8 -0.07534 -1.79263e-02 |  9  0.00136 -2.62311e-02
 10  0.10557 -2.90984e-02 | 11 -0.02569 -1.97192e-02 | 12  0.01510 -1.91708e-03
 13  0.02800  1.21091e-02 | 14  0.07210  2.86539e-02 | 15  0.01687 -1.29703e-02
 16 -0.05498 -3.12465e-02 | 17 -0.00679 -8.58319e-02 | 18  0.07218 -2.40585e-02
 19  0.11283 -2.95693e-02 | 20 -0.04470 -1.87297e-02 | 21 -0.02326 -5.47994e-03
 22 -0.01504  9.19199e-04 | 23 -0.04127 -9.65277e-03 | 24  0.03743 -3.89689e-03
 25  0.05306  1.29210e-02 | 26  0.02986  1.83163e-02 | 27  0.05218  1.63178e-02
 28  0.02532  7.36911e-04 | 29  0.02970 -4.07979e-03 | 30  0.02107 -7.89950e-03
 31  0.05678  2.52944e-02 | 32  0.08488  8.98397e-02 | 33 -0.02240  9.75475e-03
 34 -0.01780  6.61987e-02 | 35  0.03060 -2.27448e-02 | 36 -0.25700 -9.39132e-03
 37  0.24402  1.52639e-01 | 38  0.22629 -7.08860e-02 | 39  0.24557 -2.52767e-02
 40  0.23728  1.48369e-01 | 41 -0.31349  1.21842e-01 | 42 -0.61033  2.00131e-01
 43  0.35649 -1.85910e-02 | 44 -0.34721  1.04638e-02 | 45  0.99993 -4.54956e-02
 46 -0.99572 -1.45382e-04 | 47  0.21409  3.39738e-02 | 48 -0.47937 -9.95482e-02
 49  0.10911 -4.43965e-02 | 50  0.09157  2.47390e-01 | 51 -0.30239  1.29341e-02
 52 -1.42220 -1.52934e-01 |
52 variables; iteration 520; function evaluation 631; phase 3
Function value 2.8101819e+03; maximum gradient component mag 1.6108e-01
Var    Value     Gradient |Var    Value     Gradient |Var    Value     Gradient
  1  0.05065  1.61077e-01 |  2 -0.00674 -2.29520e-02 |  3  0.03419 -4.34400e-02
  4 -0.01845 -1.39210e-02 |  5 -0.13882 -8.62759e-03 |  6 -0.02354 -1.84380e-02
  7 -0.11430 -1.21703e-02 |  8 -0.07533 -8.49017e-03 |  9  0.00136 -1.58206e-02
 10  0.10557 -2.43487e-02 | 11 -0.02569 -1.19930e-02 | 12  0.01510 -2.23060e-03
 13  0.02800  9.05329e-03 | 14  0.07210  1.34592e-02 | 15  0.01687 -1.07285e-02
 16 -0.05498 -2.00822e-02 | 17 -0.00678 -6.19832e-02 | 18  0.07218 -1.84707e-02
 19  0.11283 -2.59806e-02 | 20 -0.04470 -8.77818e-03 | 21 -0.02326 -1.30791e-03
 22 -0.01505  2.42305e-03 | 23 -0.04127 -5.13229e-03 | 24  0.03743 -6.33020e-03
 25  0.05306  3.87280e-03 | 26  0.02986  6.48514e-03 | 27  0.05218  3.90727e-03
 28  0.02532 -3.44513e-03 | 29  0.02970 -4.92405e-03 | 30  0.02107 -6.03202e-03
 31  0.05678  1.49203e-02 | 32  0.08488  5.45699e-02 | 33 -0.02240  3.53417e-03
 34 -0.01781  4.72171e-02 | 35  0.03060 -1.45535e-02 | 36 -0.25700 -1.39023e-03
 37  0.24402  7.21056e-02 | 38  0.22629 -7.22419e-02 | 39  0.24557 -2.89522e-02
 40  0.23728  5.31909e-02 | 41 -0.23938 -2.66086e-02 | 42 -0.62552  1.02819e-02
 43  0.35649 -1.32799e-02 | 44 -0.34721  9.10230e-03 | 45  0.99997 -1.53638e-02
 46 -0.99572 -5.42283e-05 | 47  0.21409  2.16336e-02 | 48 -0.47937 -7.56232e-02
 49  0.06247 -5.77519e-02 | 50  0.04508  1.88471e-02 | 51 -0.28979  1.54667e-02
 52 -1.44014  2.74225e-03 |
52 variables; iteration 540; function evaluation 656; phase 3
Function value 2.8101818e+03; maximum gradient component mag 5.0896e-01
Var    Value     Gradient |Var    Value     Gradient |Var    Value     Gradient
  1  0.05065  5.08958e-01 |  2 -0.00674 -7.35905e-03 |  3  0.03420 -6.08644e-03
  4 -0.01844 -6.00713e-03 |  5 -0.13881 -7.94889e-03 |  6 -0.02353 -6.00369e-03
  7 -0.11428 -8.91921e-03 |  8 -0.07533 -7.36663e-03 |  9  0.00137 -6.36543e-03
 10  0.10557 -1.42943e-04 | 11 -0.02569 -4.59115e-03 | 12  0.01510  4.75172e-04
 13  0.02799  4.16216e-03 | 14  0.07209  9.78618e-03 | 15  0.01686  3.16956e-04
 16 -0.05498 -3.72946e-03 | 17 -0.00677 -8.85703e-03 | 18  0.07218 -3.67266e-03
 19  0.11283 -2.14168e-03 | 20 -0.04471 -5.82153e-03 | 21 -0.02326 -2.42034e-03
 22 -0.01505 -3.64360e-04 | 23 -0.04127 -7.91918e-04 | 24  0.03743  3.35615e-03
 25  0.05305  5.79123e-03 | 26  0.02985  8.54782e-03 | 27  0.05218  7.97964e-03
 28  0.02532  3.76331e-03 | 29  0.02969  4.92433e-04 | 30  0.02106 -4.29689e-04
 31  0.05678  5.28538e-03 | 32  0.08487  1.87322e-02 | 33 -0.02240  4.32282e-03
 34 -0.01782  8.16193e-03 | 35  0.03060 -7.56470e-03 | 36 -0.25702 -7.57160e-03
 37  0.24402  4.14550e-02 | 38  0.22629  7.56042e-03 | 39  0.24557  4.08561e-03
 40  0.23728  5.45467e-02 | 41 -0.15880  2.81686e-01 | 42 -0.64108 -1.33572e-01
 43  0.35649 -2.77794e-03 | 44 -0.34721  5.09436e-04 | 45  1.00004  2.52104e-02
 46 -0.99572 -7.46739e-06 | 47  0.21409  5.72289e-03 | 48 -0.47937 -1.04066e-02
 49  0.00971  2.54286e-02 | 50 -0.00763  3.98562e-01 | 51 -0.27746 -1.12315e-02
 52 -1.45731  1.17172e-01 |
52 variables; iteration 560; function evaluation 679; phase 3
Function value 2.8101818e+03; maximum gradient component mag 1.0235e-01
Var    Value     Gradient |Var    Value     Gradient |Var    Value     Gradient
  1  0.05065  1.00954e-01 |  2 -0.00674  4.67824e-04 |  3  0.03420  2.71362e-03
  4 -0.01844 -1.05927e-04 |  5 -0.13881 -8.02934e-04 |  6 -0.02353  3.84474e-04
  7 -0.11428 -8.52031e-04 |  8 -0.07533 -7.30280e-04 |  9  0.00137  8.29849e-05
 10  0.10557  2.18370e-03 | 11 -0.02569  1.15869e-04 | 12  0.01509  3.25507e-04
 13  0.02799  1.97905e-04 | 14  0.07209  1.03741e-03 | 15  0.01686  1.25969e-03
 16 -0.05498  1.19326e-03 | 17 -0.00677  4.14194e-03 | 18  0.07218  5.49901e-04
 19  0.11283  1.81727e-03 | 20 -0.04471 -2.67212e-04 | 21 -0.02327 -2.47385e-04
 22 -0.01505 -8.68013e-05 | 23 -0.04127  5.09921e-04 | 24  0.03743  1.57826e-03
 25  0.05305  9.78878e-04 | 26  0.02985  1.48539e-03 | 27  0.05218  1.38787e-03
 28  0.02532  1.12333e-03 | 29  0.02969  8.40623e-04 | 30  0.02106  4.38212e-04
 31  0.05678 -1.51103e-04 | 32  0.08487 -1.25137e-03 | 33 -0.02240  7.03215e-04
 34 -0.01782 -2.46777e-03 | 35  0.03060 -9.06926e-04 | 36 -0.25702 -1.59442e-03
 37  0.24402  1.23264e-04 | 38  0.22629  8.76147e-03 | 39  0.24557  3.83105e-03
 40  0.23728  5.77926e-03 | 41 -0.10715  7.68849e-02 | 42 -0.65070 -4.67112e-02
 43  0.35649  4.75392e-04 | 44 -0.34721 -5.31246e-04 | 45  1.00001 -1.57268e-03
 46 -0.99572  7.14628e-06 | 47  0.21409 -1.81985e-03 | 48 -0.47937  5.57862e-03
 49 -0.02503  1.13005e-02 | 50 -0.04239  1.02353e-01 | 51 -0.27013 -5.13896e-03
 52 -1.46735  4.14307e-02 |
52 variables; iteration 580; function evaluation 705; phase 3
Function value 2.8101818e+03; maximum gradient component mag -2.3805e-02
Var    Value     Gradient |Var    Value     Gradient |Var    Value     Gradient
  1  0.05065 -2.33659e-02 |  2 -0.00674 -1.01627e-03 |  3  0.03420 -1.80693e-03
  4 -0.01844 -3.24618e-04 |  5 -0.13881 -1.64294e-04 |  6 -0.02353 -4.83594e-04
  7 -0.11428 -2.20438e-04 |  8 -0.07533 -1.16469e-04 |  9  0.00137 -5.74556e-04
 10  0.10557 -8.48912e-04 | 11 -0.02569 -4.14938e-04 | 12  0.01510 -2.52765e-04
 13  0.02799  2.36060e-04 | 14  0.07209 -1.98690e-04 | 15  0.01686 -7.67709e-04
 16 -0.05498 -7.51938e-04 | 17 -0.00677 -1.88892e-03 | 18  0.07218 -8.06341e-04
 19  0.11283 -1.00814e-03 | 20 -0.04471 -2.85879e-05 | 21 -0.02326 -3.30744e-05
 22 -0.01505  1.35163e-05 | 23 -0.04127 -2.85326e-04 | 24  0.03743 -4.46386e-04
 25  0.05305 -4.93136e-04 | 26  0.02985 -3.44835e-04 | 27  0.05218 -4.61349e-04
 28  0.02532 -5.41816e-04 | 29  0.02969 -1.91186e-04 | 30  0.02106 -3.95407e-04
 31  0.05678  1.51185e-04 | 32  0.08487  1.29857e-03 | 33 -0.02240 -5.27762e-04
 34 -0.01782  9.82692e-04 | 35  0.03060 -1.84937e-04 | 36 -0.25702  3.43460e-04
 37  0.24402  5.57552e-03 | 38  0.22629 -5.63285e-03 | 39  0.24557 -2.65350e-03
 40  0.23728  5.60332e-05 | 41 -0.08797 -1.85594e-02 | 42 -0.65402  4.50564e-03
 43  0.35649 -3.13610e-04 | 44 -0.34721  5.32046e-05 | 45  1.00002  4.11392e-03
 46 -0.99572 -7.89164e-06 | 47  0.21409  2.14353e-03 | 48 -0.47937 -4.14856e-03
 49 -0.03808 -3.17607e-03 | 50 -0.05546 -2.38052e-02 | 51 -0.26764  9.26125e-04
 52 -1.47072 -4.47125e-03 |
52 variables; iteration 600; function evaluation 729; phase 3
Function value 2.8101818e+03; maximum gradient component mag -3.3890e-02
Var    Value     Gradient |Var    Value     Gradient |Var    Value     Gradient
  1  0.05065 -3.38904e-02 |  2 -0.00674  1.81971e-04 |  3  0.03420 -5.28387e-05
  4 -0.01844  2.98500e-04 |  5 -0.13881  3.96949e-04 |  6 -0.02353  2.61292e-04
  7 -0.11428  4.47555e-04 |  8 -0.07533  4.01932e-04 |  9  0.00137  2.29983e-04
 10  0.10557 -1.27876e-04 | 11 -0.02569  1.77107e-04 | 12  0.01510 -6.71299e-05
 13  0.02799 -1.54117e-04 | 14  0.07209 -6.13863e-04 | 15  0.01686 -1.68880e-04
 16 -0.05498  9.66709e-05 | 17 -0.00677  1.77031e-04 | 18  0.07218  3.63653e-05
 19  0.11283 -1.18345e-04 | 20 -0.04471  3.54635e-04 | 21 -0.02327  1.57886e-04
 22 -0.01505  4.83315e-05 | 23 -0.04127  1.54019e-05 | 24  0.03743 -2.80992e-04
 25  0.05305 -4.52012e-04 | 26  0.02985 -5.51235e-04 | 27  0.05218 -5.61018e-04
 28  0.02532 -3.28015e-04 | 29  0.02969 -6.59250e-05 | 30  0.02106 -6.23953e-05
 31  0.05678 -3.00771e-04 | 32  0.08487 -8.17558e-04 | 33 -0.02240 -3.92423e-04
 34 -0.01782 -3.15034e-04 | 35  0.03060  3.69195e-04 | 36 -0.25702  5.07046e-04
 37  0.24402 -9.14284e-04 | 38  0.22629 -1.84609e-03 | 39  0.24557 -9.16219e-04
 40  0.23728 -3.22537e-03 | 41 -0.06369 -1.89160e-02 | 42 -0.64606  5.40861e-03
 43  0.35649  7.92165e-05 | 44 -0.34721 -2.89955e-06 | 45  1.00001  1.92152e-04
 46 -0.99572 -2.01012e-06 | 47  0.21409  2.67203e-04 | 48 -0.47937 -4.20374e-04
 49 -0.05469 -2.00456e-03 | 50 -0.07212 -2.56454e-02 | 51 -0.27363  7.03204e-04
 52 -1.46256 -4.93509e-03 |
52 variables; iteration 620; function evaluation 751; phase 3
Function value 2.8101818e+03; maximum gradient component mag -8.2169e-04
Var    Value     Gradient |Var    Value     Gradient |Var    Value     Gradient
  1  0.05065  1.57813e-04 |  2 -0.00674 -1.81923e-05 |  3  0.03420 -1.46416e-05
  4 -0.01844 -7.34842e-06 |  5 -0.13881 -1.17745e-05 |  6 -0.02353 -5.57236e-06
  7 -0.11428 -1.08636e-05 |  8 -0.07533 -1.11044e-05 |  9  0.00137 -1.22807e-05
 10  0.10557  1.55159e-06 | 11 -0.02569 -8.03053e-06 | 12  0.01510 -4.62124e-06
 13  0.02799  1.04140e-05 | 14  0.07209 -3.52839e-06 | 15  0.01686 -8.54154e-06
 16 -0.05498  3.59971e-07 | 17 -0.00677  1.68098e-06 | 18  0.07218 -1.40483e-05
 19  0.11283 -1.40229e-05 | 20 -0.04471 -1.33091e-06 | 21 -0.02327 -3.93565e-06
 22 -0.01505 -3.71489e-06 | 23 -0.04127  1.10426e-06 | 24  0.03743 -6.10581e-07
 25  0.05305 -9.15513e-06 | 26  0.02985 -1.67547e-06 | 27  0.05218 -7.02560e-06
 28  0.02532 -4.97672e-06 | 29  0.02969 -3.33693e-06 | 30  0.02106 -4.71938e-06
 31  0.05678 -6.68744e-06 | 32  0.08487  4.71362e-06 | 33 -0.02240 -1.28803e-05
 34 -0.01782 -8.96580e-06 | 35  0.03060 -1.10028e-05 | 36 -0.25702 -6.29808e-06
 37  0.24402  1.48102e-04 | 38  0.22629 -7.57159e-05 | 39  0.24557 -3.82700e-05
 40  0.23728  7.74934e-06 | 41 -0.07531  3.87083e-04 | 42 -0.64072 -8.21693e-04
 43  0.35649  1.43488e-06 | 44 -0.34721 -1.07014e-05 | 45  1.00001  8.25579e-05
 46 -0.99572 -1.53388e-07 | 47  0.21409  4.69935e-05 | 48 -0.47937 -5.04298e-05
 49 -0.04673  3.46557e-05 | 50 -0.06413  5.25680e-04 | 51 -0.27774 -3.81022e-05
 52 -1.45692  7.54279e-04 |
Warning: the following parameters had issues
  selparm[5] is within 0.1% of upper bound: -1.00000e+00 < 1.50000e+01 < 1.50000e+01
  selparm[6] is within 0.1% of lower bound: -1.00000e+00 < -9.99763e-01 < 2.00000e+01


 - final statistics:
52 variables; iteration 631; function evaluation 762
Function value 2.8102e+03; maximum gradient component mag -2.5031e-05
Exit code = 1;  converg criter 1.0000e-04
Var    Value     Gradient |Var    Value     Gradient |Var    Value     Gradient
  1  0.05065  1.66817e-05 |  2 -0.00674 -1.00056e-06 |  3  0.03420 -3.71687e-07
  4 -0.01844 -3.22288e-07 |  5 -0.13881 -9.87724e-07 |  6 -0.02353 -1.46908e-07
  7 -0.11428 -8.03100e-07 |  8 -0.07533 -8.30339e-07 |  9  0.00137 -7.84315e-07
 10  0.10557  7.14841e-07 | 11 -0.02569 -4.79254e-07 | 12  0.01510 -2.81345e-07
 13  0.02799  3.33737e-07 | 14  0.07209 -3.49028e-07 | 15  0.01686 -7.17851e-07
 16 -0.05498 -8.57868e-08 | 17 -0.00677  7.99735e-07 | 18  0.07218 -4.64764e-07
 19  0.11283 -1.32672e-07 | 20 -0.04471 -2.62478e-07 | 21 -0.02327 -4.97262e-07
 22 -0.01505 -5.34152e-07 | 23 -0.04127 -2.43918e-07 | 24  0.03743  4.75928e-08
 25  0.05305 -6.10170e-07 | 26  0.02985 -1.79518e-07 | 27  0.05218 -2.89076e-07
 28  0.02532 -2.42473e-07 | 29  0.02969 -1.58122e-07 | 30  0.02106 -3.01380e-07
 31  0.05678 -6.54709e-07 | 32  0.08487  2.20798e-07 | 33 -0.02240 -1.07135e-06
 34 -0.01782 -1.62608e-06 | 35  0.03060  4.59256e-08 | 36 -0.25702 -4.77151e-07
 37  0.24402  1.34131e-05 | 38  0.22629 -3.81482e-06 | 39  0.24557 -2.16922e-06
 40  0.23728  3.16889e-06 | 41 -0.07558  1.42055e-05 | 42 -0.64096 -2.50306e-05
 43  0.35649  4.64129e-07 | 44 -0.34721 -1.17019e-06 | 45  1.00001  1.22921e-06
 46 -0.99572 -1.12283e-08 | 47  0.21409  4.05015e-06 | 48 -0.47937 -2.87770e-06
 49 -0.04654  3.85860e-06 | 50 -0.06395  1.68242e-05 | 51 -0.27755 -1.69946e-06
 52 -1.45718  2.21741e-05 |
Estimating row 1 out of 52 for hessian
Estimating row 2 out of 52 for hessian
Estimating row 3 out of 52 for hessian
Estimating row 4 out of 52 for hessian
Estimating row 5 out of 52 for hessian
Estimating row 6 out of 52 for hessian
Estimating row 7 out of 52 for hessian
Estimating row 8 out of 52 for hessian
Estimating row 9 out of 52 for hessian
Estimating row 10 out of 52 for hessian
Estimating row 11 out of 52 for hessian
Estimating row 12 out of 52 for hessian
Estimating row 13 out of 52 for hessian
Estimating row 14 out of 52 for hessian
Estimating row 15 out of 52 for hessian
Estimating row 16 out of 52 for hessian
Estimating row 17 out of 52 for hessian
Estimating row 18 out of 52 for hessian
Estimating row 19 out of 52 for hessian
Estimating row 20 out of 52 for hessian
Estimating row 21 out of 52 for hessian
Estimating row 22 out of 52 for hessian
Estimating row 23 out of 52 for hessian
Estimating row 24 out of 52 for hessian
Estimating row 25 out of 52 for hessian
Estimating row 26 out of 52 for hessian
Estimating row 27 out of 52 for hessian
Estimating row 28 out of 52 for hessian
Estimating row 29 out of 52 for hessian
Estimating row 30 out of 52 for hessian
Estimating row 31 out of 52 for hessian
Estimating row 32 out of 52 for hessian
Estimating row 33 out of 52 for hessian
Estimating row 34 out of 52 for hessian
Estimating row 35 out of 52 for hessian
Estimating row 36 out of 52 for hessian
Estimating row 37 out of 52 for hessian
Estimating row 38 out of 52 for hessian
Estimating row 39 out of 52 for hessian
Estimating row 40 out of 52 for hessian
Estimating row 41 out of 52 for hessian
Estimating row 42 out of 52 for hessian
Estimating row 43 out of 52 for hessian
Estimating row 44 out of 52 for hessian
Estimating row 45 out of 52 for hessian
Estimating row 46 out of 52 for hessian
Estimating row 47 out of 52 for hessian
Estimating row 48 out of 52 for hessian
Estimating row 49 out of 52 for hessian
Estimating row 50 out of 52 for hessian
Estimating row 51 out of 52 for hessian
Estimating row 52 out of 52 for hessian
size of file gradfil1.tmp = 0
size of file gradfil2.tmp = 0
size of file varssave.tmp = 0
size of file cmpdiff.tmp = 0
