
Initial statistics: 37 variables; iteration 0; function evaluation 0; phase 1
Function value 2.0416578e+04; maximum gradient component mag 2.4809e+04
Var    Value     Gradient |Var    Value     Gradient |Var    Value     Gradient
  1  0.26198  2.48087e+04 |  2  0.00000 -1.23193e+02 |  3  0.00000 -1.12619e+03
  4  0.00000 -4.90197e+02 |  5  0.00000  4.46750e+02 |  6  0.00000 -8.89277e+02
  7  0.00000  3.18753e+02 |  8  0.00000  1.79816e+02 |  9  0.00000 -1.24565e+02
 10  0.00000 -1.68759e+03 | 11  0.00000  7.83775e+02 | 12  0.00000 -8.15959e+02
 13  0.00000 -1.02923e+02 | 14  0.00000 -3.56265e+02 | 15  0.00000 -1.64817e+02
 16  0.00000  7.57573e+02 | 17  0.00000 -6.25474e+01 | 18  0.00000 -4.71784e+02
 19  0.00000 -1.20700e+03 | 20  0.00000  4.06190e+02 | 21  0.00000  4.70101e+02
 22  0.00000  2.20721e+02 | 23  0.00000  1.07374e+02 | 24  0.00000 -2.17571e+02
 25  0.00000  4.06094e+02 | 26  0.00000  5.24771e+02 | 27  0.00000  3.41035e+02
 28  0.00000  8.88345e+02 | 29  0.00000 -1.17397e+02 | 30  0.00000  2.45581e+01
 31  0.00000  3.57568e+02 | 32  0.00000 -1.79015e+02 | 33  0.00000  6.98143e+02
 34  0.00000  8.45011e+02 | 35  0.00000 -1.26958e+02 | 36  0.00000  8.66481e+02
 37  0.00000 -3.79819e+02 |

Intermediate statistics: 37 variables; iteration 20; function evaluation 33; phase 1
Function value 1.7933369e+04; maximum gradient component mag 1.5152e+04
Var    Value     Gradient |Var    Value     Gradient |Var    Value     Gradient
  1  0.12640  1.51522e+04 |  2 -0.03926  1.61384e+02 |  3 -0.01067 -1.36996e+02
  4 -0.06421  1.84535e+02 |  5 -0.15924  1.97009e+02 |  6 -0.10533 -3.66400e+02
  7 -0.16659  1.35150e+02 |  8 -0.10355  2.48482e+02 |  9 -0.01541  3.04666e+02
 10  0.09385 -2.18715e+02 | 11  0.01057  6.17550e+02 | 12  0.07336 -2.26812e+02
 13  0.07113  2.72997e+02 | 14  0.07925  2.58630e+01 | 15  0.08642  2.16591e+02
 16  0.06933  6.17941e+02 | 17  0.12942  4.08666e+02 | 18  0.15752  2.83919e+02
 19  0.19326  1.80475e+02 | 20  0.11988  4.52106e+02 | 21  0.10790  4.82789e+02
 22  0.10905  4.25125e+02 | 23  0.11348  4.27872e+02 | 24  0.13789  4.73905e+02
 25  0.11249  5.38240e+02 | 26  0.11077  7.06237e+02 | 27  0.11572  7.95574e+02
 28  0.08145  7.54472e+02 | 29  0.10673  6.51327e+02 | 30  0.07635  5.11682e+02
 31  0.03794  4.31877e+02 | 32  0.04117  9.45166e+02 | 33 -0.05769  1.76624e+02
 34 -0.08865  6.19169e+02 | 35 -0.11783  2.36905e+02 | 36 -0.33660  1.99876e+01
 37 -1.01357 -1.25754e-01 |
37 variables; iteration 40; function evaluation 65; phase 1
Function value 1.7145966e+04; maximum gradient component mag 2.2190e+03
Var    Value     Gradient |Var    Value     Gradient |Var    Value     Gradient
  1  0.07247  2.21904e+03 |  2 -0.02402  6.85273e+01 |  3  0.02059 -2.31663e+02
  4 -0.03020  7.77930e+01 |  5 -0.12798  7.70029e+01 |  6 -0.01850  3.39901e+01
  7 -0.11862 -1.54284e+01 |  8 -0.04783  2.23789e+02 |  9  0.00514 -1.12305e+01
 10  0.14671 -2.84582e+01 | 11  0.01246  1.33040e+02 | 12  0.11929 -9.33411e+01
 13  0.10496  3.12804e+02 | 14  0.09152 -1.97720e+01 | 15  0.07384 -5.41097e+01
 16  0.02539  1.50587e+02 | 17  0.09786  1.74299e+02 | 18  0.12143  1.07356e+02
 19  0.14784  4.34551e+01 | 20  0.05806  1.55603e+02 | 21  0.02793 -1.04524e+01
 22  0.02711 -2.50771e+01 | 23  0.04722  1.74892e+02 | 24  0.06108 -1.93116e+02
 25  0.04558  4.20441e+01 | 26  0.05872  2.87134e+02 | 27  0.05860  2.52038e+02
 28  0.01901  9.20219e+01 | 29  0.06218  6.84889e+01 | 30  0.05929  1.44467e+02
 31  0.02696  2.14162e+01 | 32  0.03578  1.80127e+02 | 33 -0.04024 -1.99331e+01
 34 -0.08530  1.23242e+02 | 35 -0.10893 -7.46077e+01 | 36 -0.32339  2.59260e+01
 37 -0.72344 -3.33673e+01 |

 - final statistics:
37 variables; iteration 53; function evaluation 84
Function value 1.7053e+04; maximum gradient component mag -3.2673e+00
Exit code = 1;  converg criter 1.0000e+01
Var    Value     Gradient |Var    Value     Gradient |Var    Value     Gradient
  1  0.07204  2.07219e-01 |  2 -0.02975 -1.51752e+00 |  3  0.03540 -2.28531e+00
  4 -0.03740 -2.53045e+00 |  5 -0.13958 -2.26442e+00 |  6 -0.03307 -1.44981e+00
  7 -0.13119 -1.49065e+00 |  8 -0.09077 -2.22271e+00 |  9 -0.01298 -2.76000e+00
 10  0.12813 -2.09215e+00 | 11 -0.02065 -1.45397e+00 | 12  0.10199 -1.06976e+00
 13  0.06022 -1.03835e+00 | 14  0.06782 -1.24493e+00 | 15  0.04927 -1.96944e+00
 16 -0.01524 -2.09593e+00 | 17  0.05916 -1.74637e+00 | 18  0.08919 -1.79845e+00
 19  0.12353 -1.84493e+00 | 20  0.02790 -2.21931e+00 | 21  0.00949 -1.94785e+00
 22  0.01232 -2.12937e+00 | 23  0.02248 -2.39394e+00 | 24  0.06189 -2.25724e+00
 25  0.03313 -2.12710e+00 | 26  0.02996 -1.39468e+00 | 27  0.03087 -1.52914e+00
 28 -0.00256 -2.11448e+00 | 29  0.04381 -1.37551e+00 | 30  0.04012 -1.91919e+00
 31  0.01482 -1.55201e+00 | 32  0.01794 -1.67232e+00 | 33 -0.05084 -2.07345e+00
 34 -0.10994 -2.69235e+00 | 35 -0.13187 -3.26726e+00 | 36 -0.37700 -1.52750e+00
 37  0.09909 -2.79161e+00 |

Initial statistics: 44 variables; iteration 0; function evaluation 0; phase 2
Function value 1.7052646e+04; maximum gradient component mag 3.3215e+03
Var    Value     Gradient |Var    Value     Gradient |Var    Value     Gradient
  1  0.07204  2.07219e-01 |  2 -0.02969  4.41857e-01 |  3  0.03546 -3.26824e-01
  4 -0.03734 -5.72324e-01 |  5 -0.13952 -3.49875e-01 |  6 -0.03301  5.09057e-01
  7 -0.13113  4.29370e-01 |  8 -0.09071 -2.81106e-01 |  9 -0.01292 -7.98897e-01
 10  0.12818 -1.70231e-01 | 11 -0.02059  5.06513e-01 | 12  0.10205  8.66623e-01
 13  0.06028  9.14386e-01 | 14  0.06788  7.05457e-01 | 15  0.04933 -1.38033e-02
 16 -0.01519 -1.34979e-01 | 17  0.05921  2.06674e-01 | 18  0.08925  1.43842e-01
 19  0.12359  7.97749e-02 | 20  0.02796 -2.59684e-01 | 21  0.00955  1.34475e-02
 22  0.01238 -1.68226e-01 | 23  0.02254 -4.33648e-01 | 24  0.06195 -3.04990e-01
 25  0.03319 -1.68244e-01 | 26  0.03002  5.64659e-01 | 27  0.03093  4.30059e-01
 28 -0.00250 -1.52989e-01 | 29  0.04387  5.81355e-01 | 30  0.04017  3.84330e-02
 31  0.01487  4.08969e-01 | 32  0.01799  2.88414e-01 | 33 -0.05078 -1.18194e-01
 34 -0.10989 -7.60029e-01 | 35 -0.13181 -1.34770e+00 | 36 -0.37693  1.00012e-01
 37  0.09914 -8.53801e-01 | 38  0.21935  1.88122e+03 | 39  0.21935  3.32145e+03
 40  0.21935  2.32169e+03 | 41  0.43912 -1.91445e+02 | 42  0.03033  1.28400e+03
 43  0.07979 -2.91557e+01 | 44  0.24471 -3.07411e+02 |

Intermediate statistics: 44 variables; iteration 20; function evaluation 30; phase 2
Function value 1.6225949e+04; maximum gradient component mag -5.9407e+03
Var    Value     Gradient |Var    Value     Gradient |Var    Value     Gradient
  1  0.03892  4.07593e+01 |  2 -0.02611 -6.79559e+01 |  3  0.03051 -2.06538e+02
  4 -0.03332 -2.82594e+01 |  5 -0.10081  2.40074e+02 |  6 -0.02228  5.26148e+01
  7 -0.10522  1.45841e+02 |  8 -0.07996  6.51528e+01 |  9 -0.03219 -1.28603e+02
 10  0.06949 -4.03316e+02 | 11 -0.07368  6.19727e+01 | 12  0.03947  3.21747e+02
 13 -0.01373 -1.84119e+02 | 14 -0.00054 -1.68940e+02 | 15 -0.01379  1.62794e+02
 16 -0.06641  8.10592e+01 | 17  0.00263  3.89858e+01 | 18  0.05085  2.57170e+02
 19  0.11361  9.17423e+02 | 20 -0.00489 -1.00690e+02 | 21 -0.01728 -9.50349e+01
 22 -0.00382 -2.10069e+01 | 23  0.01445 -2.16866e+01 | 24  0.06611  1.92342e+02
 25  0.04376  2.22559e+02 | 26  0.01190 -3.88096e+02 | 27  0.04457  2.83462e+02
 28 -0.05713 -9.34233e+02 | 29  0.08011  5.89453e+02 | 30  0.12612  1.67205e+03
 31  0.06831  3.60446e+02 | 32 -0.02763 -1.69786e+03 | 33 -0.07318 -1.23600e+03
 34 -0.08906 -5.04975e+02 | 35 -0.05022  3.36249e+01 | 36 -0.26350  6.92245e+01
 37  0.40264  4.23198e+01 | 38  0.25890  5.06228e+03 | 39  0.24814  4.72726e+03
 40  0.16898 -5.94068e+03 | 41  0.81517 -2.43487e+01 | 42 -1.07616 -4.18572e+02
 43 -0.56318 -1.45291e+02 | 44 -0.11300  1.03884e+02 |
44 variables; iteration 40; function evaluation 59; phase 2
Function value 1.6054026e+04; maximum gradient component mag -4.8583e+03
Var    Value     Gradient |Var    Value     Gradient |Var    Value     Gradient
  1  0.03055 -2.08385e+03 |  2 -0.00454  2.09345e+02 |  3  0.02074 -1.76608e+02
  4 -0.05306 -7.94299e+01 |  5 -0.12396  2.07201e+02 |  6 -0.05297  1.16091e+01
  7 -0.15815 -1.16996e+02 |  8 -0.10192 -2.82789e+01 |  9 -0.01362  7.15153e+01
 10  0.08404 -2.43617e+02 | 11 -0.07812 -9.12984e+01 | 12  0.04089  1.05966e+02
 13 -0.00981 -3.54157e+02 | 14 -0.00066 -3.74469e+02 | 15 -0.02862 -1.69124e+02
 16 -0.07476  8.51916e+00 | 17 -0.01112  5.11199e-01 | 18  0.01409  2.58734e+00
 19  0.08321  8.80805e+02 | 20 -0.04824 -3.23436e+02 | 21 -0.06257 -3.64053e+02
 22 -0.03714 -2.26739e+02 | 23 -0.00078 -1.28236e+02 | 24  0.06561  1.29025e+02
 25  0.04415  1.94842e+02 | 26  0.01603 -4.21377e+02 | 27  0.04022  8.40400e+01
 28 -0.06227 -1.02507e+03 | 29  0.08428  6.58004e+02 | 30  0.12287  1.43579e+03
 31  0.06749  2.28554e+02 | 32  0.00331 -1.31477e+03 | 33 -0.04497 -9.17519e+02
 34 -0.04541 -9.44728e+01 | 35 -0.04049 -8.31913e+01 | 36 -0.21827  1.55822e+02
 37  0.60606  3.48262e+01 | 38  0.25996  3.92063e+03 | 39  0.24582  2.49042e+03
 40  0.17984 -4.85830e+03 | 41  0.89357 -2.92273e+01 | 42 -1.04584 -2.86649e+02
 43 -0.50451 -7.38475e+01 | 44 -0.09762 -1.48694e+02 |
44 variables; iteration 60; function evaluation 86; phase 2
Function value 1.5690936e+04; maximum gradient component mag -1.7352e+03
Var    Value     Gradient |Var    Value     Gradient |Var    Value     Gradient
  1  0.02495 -1.73521e+03 |  2 -0.03739 -2.39216e+01 |  3  0.01371  1.68992e+01
  4 -0.06732  6.84059e+01 |  5 -0.17106  1.66354e+01 |  6 -0.07150  4.13345e+01
  7 -0.17114  1.90861e+01 |  8 -0.11573 -6.03581e-01 |  9 -0.02288  2.53431e+01
 10  0.09610 -4.28774e+00 | 11 -0.07186 -2.50529e+01 | 12  0.03596 -2.77559e+01
 13  0.01934  1.73310e+01 | 14  0.02162 -1.30531e+01 | 15 -0.01241 -3.06162e+01
 16 -0.07123 -4.83771e+01 | 17 -0.00449 -2.50939e+01 | 18  0.02611  3.14782e+01
 19  0.05916 -4.51279e+01 | 20 -0.02001  4.95659e+01 | 21 -0.03028  2.71024e+01
 22 -0.01063  5.20940e+01 | 23  0.01347  2.66203e+01 | 24  0.05679 -3.97848e+01
 25  0.03338 -7.63665e+00 | 26  0.03894 -5.80529e+00 | 27  0.03239  2.64475e+01
 28  0.00355  3.23320e+01 | 29  0.03981 -6.53435e-01 | 30  0.04961 -6.96431e+01
 31  0.03461 -8.49709e+01 | 32  0.05337 -1.37988e+02 | 33 -0.00183 -1.31186e+02
 34 -0.04417 -8.50724e+01 | 35 -0.02969  7.86029e+01 | 36 -0.24546  3.50899e+01
 37  0.67869  6.10327e+01 | 38  0.24103  7.22029e+00 | 39  0.23941 -1.42321e+02
 40  0.22266 -1.06096e+01 | 41  1.03526  1.04131e+00 | 42 -1.00425 -2.57350e+01
 43 -0.42660  9.48669e+00 | 44 -0.05773 -4.07716e+01 |
Maximum number of function evaluations exceeded

 - final statistics:
44 variables; iteration 72; function evaluation 100
Function value 1.5666e+04; maximum gradient component mag -1.8998e+01
Exit code = 3;  converg criter 1.0000e+01
Var    Value     Gradient |Var    Value     Gradient |Var    Value     Gradient
  1  0.02353 -1.89976e+01 |  2 -0.03183  1.24210e+00 |  3  0.01590  3.77084e+00
  4 -0.06880  5.59340e-01 |  5 -0.16930 -3.52640e-01 |  6 -0.07069  1.85640e+00
  7 -0.16985 -1.53120e+00 |  8 -0.11059  7.53019e-02 |  9 -0.01916  1.70790e+00
 10  0.10248  1.48764e+00 | 11 -0.06033  1.85568e+00 | 12  0.04557  1.22786e+00
 13  0.02480 -1.55717e+00 | 14  0.02904 -6.89873e-01 | 15 -0.00242 -1.78014e+00
 16 -0.05723  1.51592e-01 | 17  0.00766 -2.03299e-01 | 18  0.03655  1.65066e+00
 19  0.07337  1.24416e+00 | 20 -0.01004  3.81432e-01 | 21 -0.01977 -1.12880e+00
 22 -0.00328  3.16526e-01 | 23  0.02116  5.94684e-01 | 24  0.06752  2.63678e-01
 25  0.04280 -8.90351e-01 | 26  0.04748  1.91498e+00 | 27  0.04091  2.69862e-01
 28  0.01208 -1.85938e+00 | 29  0.05108  1.02373e+00 | 30  0.06276 -1.29285e+00
 31  0.04715  6.68819e-01 | 32  0.06386  6.96366e-01 | 33  0.00826 -1.70151e+00
 34 -0.03411  1.13282e+00 | 35 -0.03007 -1.53167e+00 | 36 -0.24785  7.90818e-02
 37  0.30695  1.06126e+00 | 38  0.23836 -1.30350e+00 | 39  0.23749 -7.01204e+00
 40  0.22050 -3.28647e-01 | 41  0.97669  6.75232e-02 | 42 -1.00028 -1.56484e+00
 43 -0.42659  9.66373e-01 | 44 -0.08177 -1.85603e+00 |

Initial statistics: 52 variables; iteration 0; function evaluation 0; phase 3
Function value 1.5666237e+04; maximum gradient component mag 3.3487e+03
Var    Value     Gradient |Var    Value     Gradient |Var    Value     Gradient
  1  0.02353 -1.89976e+01 |  2 -0.03184  9.40951e-01 |  3  0.01589  3.46941e+00
  4 -0.06881  2.59573e-01 |  5 -0.16931 -6.43563e-01 |  6 -0.07070  1.55673e+00
  7 -0.16986 -1.82205e+00 |  8 -0.11060 -2.21686e-01 |  9 -0.01917  1.40651e+00
 10  0.10247  1.19002e+00 | 11 -0.06034  1.55551e+00 | 12  0.04556  9.27109e-01
 13  0.02479 -1.85847e+00 | 14  0.02903 -9.91086e-01 | 15 -0.00243 -2.08167e+00
 16 -0.05724 -1.48717e-01 | 17  0.00765 -5.04804e-01 | 18  0.03654  1.34963e+00
 19  0.07336  9.44639e-01 | 20 -0.01005  7.99438e-02 | 21 -0.01978 -1.43018e+00
 22 -0.00329  1.50037e-02 | 23  0.02115  2.93325e-01 | 24  0.06752 -3.61536e-02
 25  0.04280 -1.19120e+00 | 26  0.04747  1.61430e+00 | 27  0.04090 -3.10421e-02
 28  0.01207 -2.16085e+00 | 29  0.05107  7.23177e-01 | 30  0.06275 -1.59291e+00
 31  0.04714  3.68120e-01 | 32  0.06385  3.96356e-01 | 33  0.00825 -2.00301e+00
 34 -0.03412  8.31727e-01 | 35 -0.03008 -1.83286e+00 | 36 -0.24786 -1.99878e-01
 37  0.30694  7.94115e-01 | 38  0.23836 -1.30350e+00 | 39  0.23749 -7.01204e+00
 40  0.22050 -3.28647e-01 | 41  0.97669  6.75232e-02 | 42 -0.99972  1.56484e+00
 43  0.24471 -5.18770e+02 | 44  0.15305  5.63972e+02 | 45  0.29320 -3.53704e+02
 46  0.19688  3.92685e+02 | 47  0.00000 -6.31029e+02 | 48  0.08327  2.43691e+02
 49 -0.42659  9.66373e-01 | 50 -0.08177 -1.85603e+00 | 51  0.03033  3.73299e+02
 52  0.09126  3.34865e+03 |

Intermediate statistics: 52 variables; iteration 20; function evaluation 49; phase 3
Function value 1.3016966e+04; maximum gradient component mag -1.3099e+04
Var    Value     Gradient |Var    Value     Gradient |Var    Value     Gradient
  1  0.00001 -1.30994e+04 |  2 -0.05955 -1.01635e+03 |  3 -0.26478 -1.44704e+03
  4 -0.00538 -1.29302e+03 |  5 -0.21932 -2.24009e+02 |  6 -0.14182 -1.00227e+03
  7 -0.20974  4.15614e+02 |  8 -0.13872 -2.15313e+02 |  9 -0.07383 -8.51218e+02
 10  0.10647 -1.61710e+03 | 11  0.20541  3.27631e+03 | 12  0.13564  7.17468e+02
 13  0.08282  5.17999e+02 | 14  0.07380  6.79508e+02 | 15  0.02901  3.57983e+02
 16 -0.06966 -2.22275e+01 | 17 -0.03328 -3.17192e+02 | 18  0.10426  6.89358e+02
 19  0.19641  2.31796e+03 | 20 -0.00798 -4.25296e+02 | 21 -0.02138 -2.39461e+02
 22  0.09065  9.29953e+02 | 23  0.03670  3.33878e+02 | 24 -0.02851 -5.78134e+02
 25  0.03725 -6.37519e+02 | 26  0.01949 -8.36887e+02 | 27  0.05889  1.10629e+03
 28  0.01851  6.31629e+02 | 29  0.06889  8.87933e+02 | 30  0.03879  2.56405e+02
 31  0.06053  2.74565e+02 | 32  0.15551  1.52533e+03 | 33  0.01377 -1.14609e+03
 34 -0.23945 -1.20812e+03 | 35 -0.06189 -1.74325e+03 | 36  0.02892  4.35787e+02
 37  0.02466  1.77205e+02 | 38  0.27959 -3.79564e+02 | 39  0.25255 -2.36480e+03
 40  0.28610  2.88637e+03 | 41  0.54626 -3.07233e+03 | 42 -1.14954  7.49288e+02
 43  1.26540 -2.75891e+02 | 44 -0.28162  5.79670e+02 | 45  0.55125  1.20032e+03
 46 -0.20592  3.85308e+02 | 47  1.60062 -8.72432e+02 | 48 -0.28455  6.14354e+02
 49 -0.56046 -8.34546e+02 | 50 -0.52850 -3.72720e+03 | 51 -0.38033 -3.28850e+03
 52 -0.48635  5.47488e+02 |
52 variables; iteration 40; function evaluation 84; phase 3
Function value 1.2800803e+04; maximum gradient component mag -1.6300e+04
Var    Value     Gradient |Var    Value     Gradient |Var    Value     Gradient
  1 -0.01686 -1.63004e+04 |  2  0.02961 -3.46048e+02 |  3  0.02015 -2.28306e+03
  4 -0.07202 -1.60963e+03 |  5 -0.12625  1.34212e+02 |  6 -0.11632 -7.16940e+02
  7 -0.22895  2.37915e+02 |  8 -0.10187  8.91876e+01 |  9  0.02785 -1.06790e+02
 10  0.12709 -1.52201e+03 | 11  0.27627  3.60021e+03 | 12  0.20364  1.28979e+03
 13  0.13867  1.00453e+03 | 14  0.06479  2.29319e+02 | 15  0.00782 -3.05979e+02
 16 -0.03848  1.76807e+02 | 17 -0.02958 -3.55078e+02 | 18  0.05068  5.85382e+01
 19  0.12078  1.05537e+03 | 20 -0.03251 -1.30943e+02 | 21 -0.05911  1.10965e+02
 22  0.12587  1.72282e+03 | 23  0.06297  2.36210e+02 | 24 -0.08555 -1.14611e+03
 25  0.06085 -4.68984e+02 | 26  0.02220 -1.48660e+03 | 27  0.04623 -3.12491e+03
 28  0.04628 -9.21247e+02 | 29  0.06416  6.88089e+02 | 30  0.04805  3.17344e+02
 31  0.07905  8.65203e+02 | 32  0.20307  3.75984e+03 | 33  0.11477  8.59846e+02
 34 -0.91636 -1.34151e+01 | 35  0.05511 -1.17055e+03 | 36  0.21603  1.04290e+03
 37 -0.77482  5.97079e+01 | 38  0.29883  6.36147e+02 | 39  0.25973  1.21262e+01
 40  0.31266  6.06692e+03 | 41  0.56111 -2.04262e+02 | 42 -1.13592  2.79271e+03
 43  1.42038  4.00184e+02 | 44 -0.30928  2.37242e+03 | 45  0.34187 -1.03567e+03
 46 -0.38787  3.67944e+02 | 47  1.70902  1.62293e+03 | 48 -0.29329  3.79857e+03
 49 -0.52117 -4.21807e+02 | 50 -0.50773  1.04971e+02 | 51 -0.36496 -4.07710e+03
 52 -0.49496 -5.93492e+03 |
52 variables; iteration 60; function evaluation 114; phase 3
Function value 1.0765485e+04; maximum gradient component mag -2.4547e+04
Var    Value     Gradient |Var    Value     Gradient |Var    Value     Gradient
  1 -0.01808 -2.45469e+04 |  2  0.02183  4.95535e+02 |  3  0.04926 -9.60429e+01
  4 -0.03253  4.71100e+02 |  5 -0.26143 -4.29461e+01 |  6 -0.08297  1.00993e+02
  7 -0.19869  4.20558e+02 |  8 -0.08466  5.02094e+02 |  9 -0.00684  6.41165e+01
 10  0.19159  2.70669e+03 | 11 -0.01186  4.79830e+02 | 12  0.05165  2.04752e+02
 13  0.06053 -4.37347e+00 | 14  0.07917 -3.69648e+02 | 15  0.06020  4.56179e+02
 16 -0.03551  2.32399e+02 | 17  0.06171  1.29806e+03 | 18  0.04924  2.41294e+02
 19  0.05406 -5.49052e+02 | 20 -0.04844 -1.86081e+02 | 21 -0.07217  4.11128e+02
 22  0.03305  7.57136e+02 | 23  0.06279  6.22972e+02 | 24  0.05420  6.99512e+02
 25  0.07975  4.54349e+01 | 26  0.06468 -3.82804e+02 | 27  0.03592 -9.76611e+02
 28  0.04012  1.51474e+02 | 29  0.07017  5.73347e+02 | 30 -0.00049 -5.33106e+02
 31  0.03620 -3.93299e+02 | 32  0.10173 -9.14482e+02 | 33  0.07138 -3.91086e+02
 34 -0.02422 -3.23597e+02 | 35  0.07941  2.41979e+02 | 36  0.18636  9.74380e+02
 37 -0.60096  2.70856e+02 | 38  0.28956 -4.21627e+03 | 39  0.27750 -2.55042e+02
 40  0.29670  1.99185e+03 | 41  0.65912 -1.12950e+03 | 42 -1.19488 -9.51999e+02
 43  1.05879 -3.77306e+01 | 44 -0.25254  1.56747e+03 | 45  0.39351 -7.97331e+02
 46 -0.32776  2.43569e+03 | 47  1.59873 -8.19399e+02 | 48 -0.30825  1.88816e+02
 49 -0.44195  7.39155e+02 | 50 -0.50186 -2.94825e+03 | 51 -0.27312 -1.59665e+03
 52 -0.45695  3.70223e+03 |
52 variables; iteration 80; function evaluation 135; phase 3
Function value 9.6999177e+03; maximum gradient component mag 3.7415e+03
Var    Value     Gradient |Var    Value     Gradient |Var    Value     Gradient
  1 -0.00827  3.74146e+03 |  2  0.00820  3.10848e+01 |  3  0.05757  1.05441e+01
  4 -0.06003 -1.89892e+02 |  5 -0.15523 -3.76510e+01 |  6 -0.06163 -6.44333e+01
  7 -0.16971 -5.72645e+01 |  8 -0.08503  1.69404e+01 |  9  0.01157 -2.17377e+01
 10  0.11836  4.80774e+01 | 11 -0.02563 -3.45464e+01 | 12  0.01293  2.64447e+01
 13  0.03762  6.69161e+01 | 14  0.06880  4.46911e+02 | 15  0.01511  1.91277e+02
 16 -0.03756  8.86567e+01 | 17 -0.02374 -4.94486e+01 | 18  0.01597 -1.82846e+01
 19  0.03803 -2.55975e+01 | 20 -0.06538 -1.39323e+01 | 21 -0.11611  9.77241e+00
 22 -0.01315 -5.35240e+01 | 23  0.04536  7.15889e+01 | 24 -0.00820 -3.77315e+01
 25  0.03054 -1.58712e+02 | 26  0.04006 -1.48686e+02 | 27  0.02961 -2.39347e+02
 28 -0.00131 -2.72340e+02 | 29  0.01165 -9.07608e+01 | 30 -0.00253 -1.57094e+02
 31  0.01676  8.29714e+01 | 32  0.09352  3.52834e+02 | 33  0.04008  1.89322e+02
 34 -0.02211  3.64099e+00 | 35  0.06650  1.84280e+02 | 36  0.16299 -2.34365e+01
 37 -0.07356 -6.19864e+01 | 38  0.31212  8.83878e+01 | 39  0.28182  7.93139e+01
 40  0.26216  4.46175e+01 | 41  0.65925  2.72683e+02 | 42 -1.22720  2.14586e+02
 43  0.54939  6.53724e+01 | 44 -0.42260  2.28523e+01 | 45  0.37685  6.81102e+00
 46 -0.37699 -6.96663e+00 | 47  1.80198  3.19938e+02 | 48 -0.46302  2.65139e+02
 49 -0.44106  3.07301e+01 | 50 -0.49142  5.28592e+02 | 51 -0.22697 -1.83702e+02
 52 -0.47884 -3.05372e+02 |
52 variables; iteration 100; function evaluation 158; phase 3
Function value 9.6826513e+03; maximum gradient component mag 2.5886e+01
Var    Value     Gradient |Var    Value     Gradient |Var    Value     Gradient
  1 -0.00844  5.64074e+00 |  2 -0.00080 -9.18482e-01 |  3  0.05337  8.95977e-02
  4 -0.04952  6.82084e+00 |  5 -0.15411  2.74478e+00 |  6 -0.06008 -4.48988e-01
  7 -0.16463  3.18167e+00 |  8 -0.08940  8.57177e-01 |  9  0.01178 -2.58897e+00
 10  0.11808  1.13722e+01 | 11 -0.02285  2.55958e+00 | 12  0.01447  2.68484e+00
 13  0.03876  3.92912e+00 | 14  0.06516  4.24199e+00 | 15  0.01554 -9.84188e-01
 16 -0.04035 -6.51333e+00 | 17 -0.02069 -5.29481e+00 | 18  0.01788  1.58599e+00
 19  0.04144  8.22191e+00 | 20 -0.06365 -4.60069e-01 | 21 -0.11736 -1.08696e+00
 22 -0.00936 -8.01621e+00 | 23  0.04349 -5.43858e+00 | 24 -0.00404 -3.63813e+00
 25  0.03969 -3.61313e+00 | 26  0.04602 -2.80095e+00 | 27  0.03352  2.58864e+01
 28  0.01044  1.49918e+01 | 29  0.01516 -1.15866e+01 | 30  0.00389  1.91683e+00
 31  0.01633  3.83950e+00 | 32  0.08804  9.11211e+00 | 33  0.03588 -2.97889e+00
 34 -0.02516 -1.09460e+00 | 35  0.03402 -1.39605e+01 | 36  0.10169  2.56932e+00
 37 -0.02446 -1.71406e+00 | 38  0.30801  1.46114e+01 | 39  0.28181 -1.39923e+01
 40  0.26296 -5.05745e+00 | 41  0.65955 -1.31814e+01 | 42 -1.23154 -9.60811e+00
 43  0.52540  8.47696e-01 | 44 -0.42769 -9.63833e-01 | 45  0.37585  1.05574e+01
 46 -0.37707  3.87944e+00 | 47  1.80152 -1.15399e+01 | 48 -0.46424  5.15084e+00
 49 -0.41007 -6.22538e+00 | 50 -0.50012 -2.11082e+01 | 51 -0.20225  1.24800e+01
 52 -0.48414  1.00633e+01 |
52 variables; iteration 120; function evaluation 178; phase 3
Function value 9.6825903e+03; maximum gradient component mag 1.5219e-01
Var    Value     Gradient |Var    Value     Gradient |Var    Value     Gradient
  1 -0.00821 -1.05509e-01 |  2 -0.00122 -2.48779e-02 |  3  0.05274 -2.15800e-02
  4 -0.05061  2.24012e-02 |  5 -0.15517  9.74809e-03 |  6 -0.06080 -2.11774e-02
  7 -0.16572  5.46554e-03 |  8 -0.09003  4.12272e-03 |  9  0.01162 -1.11547e-02
 10  0.11736 -1.41023e-02 | 11 -0.02344  5.50265e-03 | 12  0.01391  1.28433e-02
 13  0.03837 -2.38546e-02 | 14  0.06460  2.67268e-02 | 15  0.01502  3.24076e-02
 16 -0.04050  4.53797e-02 | 17 -0.02082  5.14803e-02 | 18  0.01743  1.13954e-01
 19  0.04075 -8.46800e-03 | 20 -0.06399 -9.15272e-03 | 21 -0.11773  1.24872e-03
 22 -0.00946 -1.56750e-02 | 23  0.04297 -3.35213e-02 | 24 -0.00441 -5.74483e-02
 25  0.03927 -1.34532e-01 | 26  0.04576 -1.03526e-01 | 27  0.03272  7.37193e-02
 28  0.00974  1.52191e-01 | 29  0.01520 -8.34493e-04 | 30  0.00331  6.91094e-03
 31  0.01579  5.97536e-03 | 32  0.08731 -7.82148e-02 | 33  0.03561 -2.99928e-02
 34 -0.02535 -5.32724e-03 | 35  0.03522  2.11215e-02 | 36  0.10363  1.01292e-02
 37 -0.01201  2.22284e-03 | 38  0.30781 -2.29753e-02 | 39  0.28177  7.45540e-02
 40  0.26291  8.28953e-02 | 41  0.65952 -1.50010e-02 | 42 -1.23143 -9.36029e-03
 43  0.52498 -1.29723e-02 | 44 -0.42776  2.34858e-02 | 45  0.37555 -1.48780e-02
 46 -0.37726 -6.45113e-04 | 47  1.80164  4.47951e-03 | 48 -0.46438  2.14655e-02
 49 -0.41057 -2.51326e-03 | 50 -0.49985 -4.39879e-02 | 51 -0.20321 -2.44767e-02
 52 -0.48397  5.08072e-02 |
52 variables; iteration 140; function evaluation 198; phase 3
Function value 9.6825903e+03; maximum gradient component mag -3.1184e-01
Var    Value     Gradient |Var    Value     Gradient |Var    Value     Gradient
  1 -0.00821 -3.11836e-01 |  2 -0.00122  4.39378e-03 |  3  0.05274  9.91220e-03
  4 -0.05061  2.12815e-02 |  5 -0.15517  3.48709e-03 |  6 -0.06080 -1.67920e-02
  7 -0.16572  6.76602e-03 |  8 -0.09003 -7.09842e-04 |  9  0.01162 -9.71204e-03
 10  0.11736 -2.81802e-04 | 11 -0.02343  6.99655e-03 | 12  0.01391 -1.23535e-02
 13  0.03837 -3.82986e-03 | 14  0.06460 -9.25643e-03 | 15  0.01502  4.43511e-03
 16 -0.04050 -4.49543e-03 | 17 -0.02082 -8.64274e-03 | 18  0.01742 -1.95571e-02
 19  0.04075  1.18231e-02 | 20 -0.06399 -1.26356e-03 | 21 -0.11773 -1.53911e-03
 22 -0.00946 -1.70954e-03 | 23  0.04298  1.91730e-02 | 24 -0.00441  2.04014e-02
 25  0.03928  3.68560e-02 | 26  0.04576  3.72656e-02 | 27  0.03272  2.32155e-02
 28  0.00974 -3.52683e-03 | 29  0.01520 -6.60765e-03 | 30  0.00331 -6.70404e-03
 31  0.01579 -4.26585e-03 | 32  0.08731 -5.83775e-02 | 33  0.03562 -3.75992e-02
 34 -0.02535 -1.95913e-02 | 35  0.03522  1.83642e-02 | 36  0.10362  1.00823e-02
 37 -0.01203  9.94240e-04 | 38  0.30781 -1.72437e-03 | 39  0.28177 -8.15642e-03
 40  0.26291  7.17313e-03 | 41  0.65944 -1.55709e-02 | 42 -1.23142 -1.54312e-02
 43  0.52498 -1.02700e-02 | 44 -0.42776  8.69368e-03 | 45  0.37555 -1.39426e-04
 46 -0.37726  1.76863e-02 | 47  1.80164 -1.55904e-02 | 48 -0.46438 -1.87350e-02
 49 -0.41054  1.31846e-03 | 50 -0.49981 -4.85199e-02 | 51 -0.20321 -2.75401e-02
 52 -0.48397  6.55199e-02 |
52 variables; iteration 160; function evaluation 219; phase 3
Function value 9.6825901e+03; maximum gradient component mag -2.5936e+00
Var    Value     Gradient |Var    Value     Gradient |Var    Value     Gradient
  1 -0.00821 -2.59358e+00 |  2 -0.00121  1.10983e-01 |  3  0.05274  3.55477e-03
  4 -0.05060  1.46877e-01 |  5 -0.15518 -2.50420e-02 |  6 -0.06081 -9.33518e-02
  7 -0.16573  4.26541e-02 |  8 -0.09003 -5.75410e-03 |  9  0.01162 -5.41341e-02
 10  0.11736 -5.00267e-02 | 11 -0.02343  3.76368e-02 | 12  0.01391 -5.38943e-02
 13  0.03838  1.78660e-01 | 14  0.06460 -5.08810e-02 | 15  0.01502 -1.41256e-01
 16 -0.04050 -8.97018e-02 | 17 -0.02082 -1.26703e-02 | 18  0.01742 -3.99500e-02
 19  0.04076  2.68473e-02 | 20 -0.06399  6.54585e-03 | 21 -0.11772  1.26212e-02
 22 -0.00946 -6.64960e-02 | 23  0.04298  4.24542e-02 | 24 -0.00440  1.74781e-01
 25  0.03928  1.12173e-01 | 26  0.04577  2.09135e-01 | 27  0.03272  2.73203e-01
 28  0.00974  7.37468e-02 | 29  0.01520 -1.37986e-01 | 30  0.00331 -9.33447e-02
 31  0.01579 -8.64983e-02 | 32  0.08732 -1.75924e-01 | 33  0.03561 -1.76795e-01
 34 -0.02535 -1.99782e-03 | 35  0.03523  6.94261e-02 | 36  0.10364  9.62783e-02
 37 -0.01205  3.77260e-02 | 38  0.30781  1.14804e-02 | 39  0.28177 -1.39465e-01
 40  0.26291  1.02048e-01 | 41  0.63333 -1.03955e+00 | 42 -1.22944 -9.51915e-01
 43  0.52498 -1.85454e-02 | 44 -0.42776 -1.69061e-02 | 45  0.37555  7.43226e-03
 46 -0.37726  1.14377e-01 | 47  1.80164  1.01011e-01 | 48 -0.46438  1.06861e-01
 49 -0.39878  1.73068e-02 | 50 -0.48658 -2.03387e+00 | 51 -0.20248 -6.78489e-02
 52 -0.48300  2.02421e+00 |
52 variables; iteration 180; function evaluation 240; phase 3
Function value 9.6825899e+03; maximum gradient component mag 6.9446e-01
Var    Value     Gradient |Var    Value     Gradient |Var    Value     Gradient
  1 -0.00821  6.94459e-01 |  2 -0.00121  4.58779e-02 |  3  0.05275  4.49699e-02
  4 -0.05061  2.81817e-02 |  5 -0.15518 -3.71183e-02 |  6 -0.06080 -8.90032e-02
  7 -0.16572  5.27864e-03 |  8 -0.09003 -4.83787e-03 |  9  0.01162 -3.18710e-02
 10  0.11736  9.08405e-02 | 11 -0.02343  4.49218e-02 | 12  0.01391  2.71187e-02
 13  0.03838  1.13455e-01 | 14  0.06460  5.92521e-02 | 15  0.01502  3.11994e-02
 16 -0.04050  9.16066e-03 | 17 -0.02082 -1.47750e-04 | 18  0.01742 -3.85167e-02
 19  0.04076  6.78068e-02 | 20 -0.06399 -3.23756e-02 | 21 -0.11773 -1.79226e-02
 22 -0.00946 -8.40792e-03 | 23  0.04298  5.79316e-02 | 24 -0.00441  3.99096e-02
 25  0.03928  6.34388e-02 | 26  0.04576  5.06298e-02 | 27  0.03272 -1.15788e-02
 28  0.00974  3.66408e-03 | 29  0.01520 -6.45284e-02 | 30  0.00331 -2.19921e-02
 31  0.01579  7.89471e-03 | 32  0.08731 -1.29668e-01 | 33  0.03562 -3.94681e-02
 34 -0.02535 -3.50029e-02 | 35  0.03523  8.23001e-03 | 36  0.10364  2.35958e-02
 37 -0.01204 -9.98683e-03 | 38  0.30781 -8.69029e-03 | 39  0.28177  2.43630e-02
 40  0.26291  7.86269e-02 | 41  0.60301 -3.03640e-02 | 42 -1.22628 -7.50259e-02
 43  0.52498 -3.18611e-02 | 44 -0.42776  4.98589e-02 | 45  0.37555 -2.02524e-02
 46 -0.37726  2.07900e-02 | 47  1.80164 -6.24331e-02 | 48 -0.46438 -4.00152e-02
 49 -0.38437 -2.04284e-02 | 50 -0.47046 -5.04096e-02 | 51 -0.20131  1.12838e-02
 52 -0.48147  1.62117e-01 |
52 variables; iteration 200; function evaluation 264; phase 3
Function value 9.6825896e+03; maximum gradient component mag -1.4088e+00
Var    Value     Gradient |Var    Value     Gradient |Var    Value     Gradient
  1 -0.00821 -1.40883e+00 |  2 -0.00122  6.41409e-03 |  3  0.05274 -1.01224e-02
  4 -0.05061  1.30083e-02 |  5 -0.15517  2.14798e-02 |  6 -0.06080  1.71824e-02
  7 -0.16572  1.86036e-02 |  8 -0.09003  1.38729e-02 |  9  0.01162  7.64144e-03
 10  0.11736 -7.23758e-02 | 11 -0.02344 -2.12375e-02 | 12  0.01391 -5.36835e-02
 13  0.03837 -9.25659e-02 | 14  0.06460 -7.38325e-02 | 15  0.01502 -3.02206e-02
 16 -0.04050 -1.12705e-02 | 17 -0.02082  4.41278e-03 | 18  0.01742  8.10363e-04
 19  0.04075 -2.20427e-02 | 20 -0.06399  9.65744e-03 | 21 -0.11773  5.63847e-03
 22 -0.00946 -4.36603e-04 | 23  0.04297 -1.42929e-03 | 24 -0.00441  2.67093e-02
 25  0.03927  3.08846e-02 | 26  0.04576  4.73150e-02 | 27  0.03272  4.30493e-02
 28  0.00974  3.87428e-02 | 29  0.01520 -4.04256e-03 | 30  0.00331 -1.10790e-02
 31  0.01579 -2.13785e-04 | 32  0.08731 -2.08709e-02 | 33  0.03561  2.61381e-03
 34 -0.02535  2.82618e-02 | 35  0.03522  1.10295e-02 | 36  0.10361  2.18440e-02
 37 -0.01199  2.00743e-02 | 38  0.30781 -2.40425e-02 | 39  0.28177 -1.98932e-02
 40  0.26291 -1.27213e-03 | 41  0.55809 -3.31390e-01 | 42 -1.22009 -2.45245e-01
 43  0.52499  1.18690e-02 | 44 -0.42776 -2.23231e-02 | 45  0.37555 -1.74163e-02
 46 -0.37726  3.29984e-02 | 47  1.80164  5.52565e-02 | 48 -0.46438  3.24893e-02
 49 -0.36168 -5.10361e-02 | 50 -0.44533 -5.41218e-01 | 51 -0.19907  5.01607e-02
 52 -0.47856  5.05248e-01 |
52 variables; iteration 220; function evaluation 290; phase 3
Function value 9.6825894e+03; maximum gradient component mag -4.7400e+00
Var    Value     Gradient |Var    Value     Gradient |Var    Value     Gradient
  1 -0.00821 -4.74004e+00 |  2 -0.00122  5.39948e-02 |  3  0.05274  1.86296e-02
  4 -0.05061  3.87809e-02 |  5 -0.15518  6.11568e-02 |  6 -0.06080  4.93734e-02
  7 -0.16572  5.89587e-02 |  8 -0.09003  4.65817e-02 |  9  0.01162  1.01190e-02
 10  0.11736 -9.95536e-02 | 11 -0.02344 -9.74064e-04 | 12  0.01391 -3.33852e-02
 13  0.03837 -8.90927e-02 | 14  0.06460 -9.29314e-02 | 15  0.01502 -3.14146e-02
 16 -0.04050  1.26270e-02 | 17 -0.02082  2.86408e-02 | 18  0.01742  6.37714e-03
 19  0.04075 -7.91628e-02 | 20 -0.06399  4.56613e-03 | 21 -0.11773  2.41357e-02
 22 -0.00945  1.13401e-02 | 23  0.04297 -4.48680e-02 | 24 -0.00441 -1.14716e-02
 25  0.03927 -1.64168e-02 | 26  0.04576 -5.69733e-02 | 27  0.03272 -7.92950e-02
 28  0.00974 -1.29763e-02 | 29  0.01520 -3.07592e-03 | 30  0.00331 -2.89690e-02
 31  0.01579 -1.00530e-02 | 32  0.08732  9.57714e-03 | 33  0.03561 -3.08052e-02
 34 -0.02536  9.92482e-03 | 35  0.03522  5.81206e-02 | 36  0.10361  7.91775e-02
 37 -0.01200  6.39357e-02 | 38  0.30781 -6.98368e-02 | 39  0.28177 -1.14005e-01
 40  0.26291 -4.99613e-02 | 41  0.51586 -9.97081e-01 | 42 -1.21272 -6.75604e-01
 43  0.52499  5.83054e-04 | 44 -0.42776  7.20350e-03 | 45  0.37555 -6.66771e-02
 46 -0.37726  5.28369e-02 | 47  1.80164  9.48703e-02 | 48 -0.46438  6.67164e-02
 49 -0.33904 -9.69988e-02 | 50 -0.42052 -1.58226e+00 | 51 -0.19648  1.10794e-01
 52 -0.47520  1.44349e+00 |
52 variables; iteration 240; function evaluation 316; phase 3
Function value 9.6825893e+03; maximum gradient component mag -2.2332e+00
Var    Value     Gradient |Var    Value     Gradient |Var    Value     Gradient
  1 -0.00821 -2.23317e+00 |  2 -0.00122  2.58675e-02 |  3  0.05274  1.77418e-02
  4 -0.05061  2.00964e-02 |  5 -0.15517  2.93484e-02 |  6 -0.06080  2.70979e-02
  7 -0.16572  3.08888e-02 |  8 -0.09003  2.39932e-02 |  9  0.01162  1.77099e-03
 10  0.11736  1.93485e-02 | 11 -0.02343  2.67197e-02 | 12  0.01391  4.06478e-02
 13  0.03837  4.92809e-02 | 14  0.06460  1.81083e-02 | 15  0.01502  7.67174e-03
 16 -0.04050  2.42525e-02 | 17 -0.02082  2.03498e-02 | 18  0.01742  8.07869e-03
 19  0.04075 -2.64689e-02 | 20 -0.06399 -3.46632e-03 | 21 -0.11773  1.19098e-02
 22 -0.00945 -2.53603e-03 | 23  0.04297 -4.03957e-02 | 24 -0.00441 -4.42156e-02
 25  0.03928 -6.69097e-02 | 26  0.04576 -1.15311e-01 | 27  0.03272 -1.30881e-01
 28  0.00974 -8.92700e-02 | 29  0.01520  2.61947e-03 | 30  0.00331  4.99921e-03
 31  0.01579  5.82865e-03 | 32  0.08731  1.61841e-02 | 33  0.03562  2.86673e-03
 34 -0.02535  5.44064e-04 | 35  0.03522  2.86288e-02 | 36  0.10362  4.57082e-02
 37 -0.01202  2.86684e-02 | 38  0.30781 -8.77998e-03 | 39  0.28177 -7.27124e-02
 40  0.26291 -5.70396e-02 | 41  0.47479 -4.64779e-01 | 42 -1.20415 -3.01221e-01
 43  0.52499 -1.33149e-02 | 44 -0.42776  2.44163e-02 | 45  0.37555 -1.25128e-02
 46 -0.37726  4.37121e-03 | 47  1.80164  3.01987e-04 | 48 -0.46438 -2.72259e-04
 49 -0.31594 -2.89432e-02 | 50 -0.39542 -7.30177e-01 | 51 -0.19360  2.72385e-02
 52 -0.47146  7.02764e-01 |
52 variables; iteration 260; function evaluation 341; phase 3
Function value 9.6825891e+03; maximum gradient component mag -3.0949e+00
Var    Value     Gradient |Var    Value     Gradient |Var    Value     Gradient
  1 -0.00821 -3.09491e+00 |  2 -0.00122  2.53790e-02 |  3  0.05274  5.22461e-03
  4 -0.05061  3.39121e-02 |  5 -0.15517  4.45356e-02 |  6 -0.06080  3.13333e-02
  7 -0.16572  4.27088e-02 |  8 -0.09003  3.03687e-02 |  9  0.01162  8.68442e-03
 10  0.11736 -9.27219e-02 | 11 -0.02344 -1.62675e-02 | 12  0.01391 -6.35152e-02
 13  0.03837 -1.24910e-01 | 14  0.06460 -1.01175e-01 | 15  0.01502 -3.21043e-02
 16 -0.04050 -3.52244e-03 | 17 -0.02082  1.80726e-02 | 18  0.01742 -2.43788e-03
 19  0.04075 -4.51021e-02 | 20 -0.06399  4.17060e-03 | 21 -0.11773  1.19430e-02
 22 -0.00946  1.21245e-03 | 23  0.04297 -1.13255e-02 | 24 -0.00441  2.03962e-02
 25  0.03928  3.85007e-02 | 26  0.04576  3.28733e-02 | 27  0.03272  9.31101e-03
 28  0.00974  2.52424e-02 | 29  0.01520 -2.78325e-03 | 30  0.00331 -9.30053e-03
 31  0.01579  4.00628e-03 | 32  0.08731 -4.95282e-02 | 33  0.03562  6.34471e-03
 34 -0.02535  3.76670e-02 | 35  0.03522  2.11160e-02 | 36  0.10362  6.18067e-02
 37 -0.01200  4.26766e-02 | 38  0.30781 -4.44087e-02 | 39  0.28177 -4.97859e-02
 40  0.26291 -2.83155e-02 | 41  0.43158 -8.32291e-01 | 42 -1.19369 -4.98885e-01
 43  0.52499  6.24751e-03 | 44 -0.42776 -2.97691e-03 | 45  0.37555 -3.43530e-02
 46 -0.37726  5.11708e-02 | 47  1.80164  4.61702e-02 | 48 -0.46438  1.19105e-02
 49 -0.29064 -9.27009e-02 | 50 -0.36818 -1.22249e+00 | 51 -0.19023  8.84451e-02
 52 -0.46711  1.18926e+00 |
52 variables; iteration 280; function evaluation 368; phase 3
Function value 9.6825890e+03; maximum gradient component mag -2.4245e+00
Var    Value     Gradient |Var    Value     Gradient |Var    Value     Gradient
  1 -0.00821 -2.42454e+00 |  2 -0.00122  2.77623e-02 |  3  0.05274  1.84078e-02
  4 -0.05061  2.72098e-02 |  5 -0.15518  3.04612e-02 |  6 -0.06080  1.92696e-02
  7 -0.16572  2.90897e-02 |  8 -0.09003  2.09070e-02 |  9  0.01162  2.16710e-03
 10  0.11736 -8.22935e-02 | 11 -0.02344 -1.57407e-02 | 12  0.01391 -5.62707e-02
 13  0.03837 -1.22310e-01 | 14  0.06460 -9.17922e-02 | 15  0.01502 -2.22220e-02
 16 -0.04050 -2.16305e-03 | 17 -0.02082  1.20113e-02 | 18  0.01742 -5.14742e-03
 19  0.04075 -3.92536e-02 | 20 -0.06399 -7.79013e-04 | 21 -0.11773  1.11444e-02
 22 -0.00945  1.80641e-02 | 23  0.04297  6.23118e-04 | 24 -0.00441  1.68001e-02
 25  0.03928  5.22864e-02 | 26  0.04576  4.07806e-02 | 27  0.03272  2.84928e-02
 28  0.00974  5.10162e-02 | 29  0.01520  3.03672e-03 | 30  0.00331 -1.70934e-02
 31  0.01579 -9.79610e-03 | 32  0.08731 -2.60916e-02 | 33  0.03561 -2.63689e-02
 34 -0.02535  1.12601e-03 | 35  0.03522  1.44375e-02 | 36  0.10362  4.75179e-02
 37 -0.01200  3.36286e-02 | 38  0.30781 -6.08378e-02 | 39  0.28177 -4.02616e-02
 40  0.26291 -3.63966e-03 | 41  0.39574 -6.07004e-01 | 42 -1.18386 -3.54263e-01
 43  0.52499  1.73661e-03 | 44 -0.42776  1.20519e-02 | 45  0.37555 -4.70905e-02
 46 -0.37726  3.37989e-02 | 47  1.80164  3.00461e-02 | 48 -0.46438  1.27502e-04
 49 -0.26895 -5.90299e-02 | 50 -0.34502 -8.81672e-01 | 51 -0.18722  6.73238e-02
 52 -0.46326  9.00447e-01 |
52 variables; iteration 300; function evaluation 394; phase 3
Function value 9.6825890e+03; maximum gradient component mag -1.2964e+00
Var    Value     Gradient |Var    Value     Gradient |Var    Value     Gradient
  1 -0.00821 -1.29636e+00 |  2 -0.00122  1.25348e-02 |  3  0.05274  3.63210e-03
  4 -0.05061  1.23807e-02 |  5 -0.15517  1.77745e-02 |  6 -0.06080  1.33266e-02
  7 -0.16572  1.82118e-02 |  8 -0.09003  1.34149e-02 |  9  0.01162  2.38442e-03
 10  0.11736 -1.95512e-02 | 11 -0.02344  2.23788e-03 | 12  0.01391 -6.48469e-03
 13  0.03837 -1.60592e-02 | 14  0.06460 -1.91940e-02 | 15  0.01502 -6.40878e-03
 16 -0.04050  3.84584e-03 | 17 -0.02082  9.53636e-03 | 18  0.01742  3.24066e-03
 19  0.04075 -1.38007e-02 | 20 -0.06399  6.73813e-04 | 21 -0.11773  4.29555e-03
 22 -0.00946 -2.48966e-03 | 23  0.04297 -1.27003e-02 | 24 -0.00441 -4.88762e-03
 25  0.03927 -1.08152e-02 | 26  0.04576 -2.08972e-02 | 27  0.03272 -3.08890e-02
 28  0.00974 -1.76101e-02 | 29  0.01520 -2.94263e-03 | 30  0.00331 -1.11236e-03
 31  0.01579  4.28800e-03 | 32  0.08731 -7.64741e-03 | 33  0.03562  5.40844e-03
 34 -0.02535  1.22585e-02 | 35  0.03522  1.39306e-02 | 36  0.10362  2.57957e-02
 37 -0.01201  1.72621e-02 | 38  0.30781 -8.89960e-03 | 39  0.28177 -2.64254e-02
 40  0.26291 -1.63228e-02 | 41  0.36512 -3.72030e-01 | 42 -1.17463 -1.96279e-01
 43  0.52499 -1.30612e-03 | 44 -0.42776 -5.73671e-04 | 45  0.37555 -6.37546e-03
 46 -0.37726  1.13289e-02 | 47  1.80164  1.40360e-02 | 48 -0.46438  7.76136e-03
 49 -0.25000 -3.50737e-02 | 50 -0.32490 -5.35053e-01 | 51 -0.18455  3.37204e-02
 52 -0.45983  5.44675e-01 |
52 variables; iteration 320; function evaluation 417; phase 3
Function value 9.6825890e+03; maximum gradient component mag -6.5569e-01
Var    Value     Gradient |Var    Value     Gradient |Var    Value     Gradient
  1 -0.00821 -6.55689e-01 |  2 -0.00122  4.99256e-03 |  3  0.05274 -6.32514e-04
  4 -0.05061  6.20697e-03 |  5 -0.15517  9.52994e-03 |  6 -0.06080  7.52775e-03
  7 -0.16572  1.00328e-02 |  8 -0.09003  7.39646e-03 |  9  0.01162  1.72609e-03
 10  0.11736 -8.67078e-03 | 11 -0.02344  1.11603e-03 | 12  0.01391 -3.25396e-03
 13  0.03837 -5.07580e-03 | 14  0.06460 -8.43347e-03 | 15  0.01502 -4.84805e-03
 16 -0.04050  1.01332e-03 | 17 -0.02082  5.27978e-03 | 18  0.01742  3.31229e-03
 19  0.04075 -3.98270e-03 | 20 -0.06399  1.54281e-03 | 21 -0.11773  1.70384e-03
 22 -0.00946 -4.54896e-03 | 23  0.04297 -7.91397e-03 | 24 -0.00441 -2.60572e-03
 25  0.03927 -1.00772e-02 | 26  0.04576 -1.29458e-02 | 27  0.03272 -1.78189e-02
 28  0.00974 -1.34591e-02 | 29  0.01520 -1.98311e-03 | 30  0.00331  1.32981e-03
 31  0.01579  4.64856e-03 | 32  0.08731 -5.21428e-03 | 33  0.03562  8.35954e-03
 34 -0.02535  1.15182e-02 | 35  0.03522  7.12036e-03 | 36  0.10362  1.34370e-02
 37 -0.01201  8.73913e-03 | 38  0.30781  4.86786e-04 | 39  0.28177 -1.35567e-02
 40  0.26291 -9.72639e-03 | 41  0.34161 -2.15415e-01 | 42 -1.16701 -1.06717e-01
 43  0.52499  1.07519e-05 | 44 -0.42776 -5.35791e-03 | 45  0.37555  2.24827e-03
 46 -0.37726  4.76843e-03 | 47  1.80164  7.13110e-03 | 48 -0.46438  3.92146e-03
 49 -0.23520 -2.09667e-02 | 50 -0.30926 -3.08119e-01 | 51 -0.18244  1.87475e-02
 52 -0.45714  3.25669e-01 |
52 variables; iteration 340; function evaluation 439; phase 3
Function value 9.6825890e+03; maximum gradient component mag 3.5762e-02
Var    Value     Gradient |Var    Value     Gradient |Var    Value     Gradient
  1 -0.00821  3.57622e-02 |  2 -0.00122 -8.86841e-04 |  3  0.05274 -3.10811e-04
  4 -0.05061 -8.96067e-05 |  5 -0.15517 -4.04609e-04 |  6 -0.06080 -3.55373e-04
  7 -0.16572 -3.72609e-04 |  8 -0.09003 -4.11786e-04 |  9  0.01162  1.62310e-04
 10  0.11736 -1.51322e-04 | 11 -0.02344 -6.17612e-04 | 12  0.01391 -1.15561e-03
 13  0.03837 -7.84599e-04 | 14  0.06460 -1.32398e-04 | 15  0.01502 -4.03604e-04
 16 -0.04050 -7.94217e-04 | 17 -0.02082 -5.45725e-04 | 18  0.01742  1.55677e-04
 19  0.04075  1.16568e-03 | 20 -0.06399  8.89432e-05 | 21 -0.11773 -4.44889e-04
 22 -0.00946 -3.83297e-04 | 23  0.04297  7.46569e-04 | 24 -0.00441  7.10655e-04
 25  0.03928  4.34403e-04 | 26  0.04576  1.67906e-03 | 27  0.03272  3.47517e-03
 28  0.00974  1.22086e-03 | 29  0.01520 -6.02162e-05 | 30  0.00331  3.62086e-04
 31  0.01579  2.47384e-04 | 32  0.08731 -1.12621e-03 | 33  0.03562  3.38400e-04
 34 -0.02535  3.33361e-04 | 35  0.03522 -8.36211e-04 | 36  0.10362 -4.35395e-04
 37 -0.01201 -5.32839e-04 | 38  0.30781 -5.64924e-04 | 39  0.28177  1.02641e-04
 40  0.26291  2.11658e-03 | 41  0.33250  2.68963e-03 | 42 -1.16394  5.68729e-03
 43  0.52499 -6.41808e-05 | 44 -0.42776 -3.25718e-03 | 45  0.37555  1.96647e-03
 46 -0.37726 -1.88028e-03 | 47  1.80164 -1.00821e-03 | 48 -0.46438 -2.77013e-03
 49 -0.22941  3.29682e-04 | 50 -0.30317 -1.74358e-03 | 51 -0.18162 -7.67450e-04
 52 -0.45610  1.56180e-02 |
52 variables; iteration 360; function evaluation 462; phase 3
Function value 9.6825890e+03; maximum gradient component mag -3.1848e+00
Var    Value     Gradient |Var    Value     Gradient |Var    Value     Gradient
  1 -0.00821 -3.18477e+00 |  2 -0.00122  4.49041e-02 |  3  0.05274  2.53207e-02
  4 -0.05061  2.79273e-02 |  5 -0.15518  3.76181e-02 |  6 -0.06080  2.11153e-02
  7 -0.16572  4.05017e-02 |  8 -0.09003  3.06296e-02 |  9  0.01162 -6.95259e-05
 10  0.11736 -6.66522e-02 | 11 -0.02344  1.84432e-03 | 12  0.01391 -2.33734e-02
 13  0.03837 -6.81127e-02 | 14  0.06460 -6.11044e-02 | 15  0.01502 -1.22992e-02
 16 -0.04050  1.22062e-02 | 17 -0.02082  1.99277e-02 | 18  0.01742 -4.04749e-03
 19  0.04075 -5.32348e-02 | 20 -0.06399 -3.96729e-03 | 21 -0.11773  1.84285e-02
 22 -0.00945  1.63851e-02 | 23  0.04297 -2.01604e-02 | 24 -0.00441 -7.57273e-03
 25  0.03928  1.51562e-02 | 26  0.04576 -2.54215e-02 | 27  0.03272 -4.60304e-02
 28  0.00974  1.29202e-02 | 29  0.01520  7.72049e-03 | 30  0.00331 -2.17550e-02
 31  0.01579 -1.18534e-02 | 32  0.08731 -7.33385e-03 | 33  0.03561 -3.92861e-02
 34 -0.02536 -1.42394e-02 | 35  0.03522  3.71441e-02 | 36  0.10362  5.70823e-02
 37 -0.01201  4.29065e-02 | 38  0.30781 -6.00883e-02 | 39  0.28177 -8.00433e-02
 40  0.26291 -3.08750e-02 | 41  0.30781 -8.14493e-01 | 42 -1.15821 -3.19349e-01
 43  0.52499 -6.05298e-03 | 44 -0.42776  2.24869e-02 | 45  0.37555 -5.84595e-02
 46 -0.37726  3.38772e-02 | 47  1.80164  3.32614e-02 | 48 -0.46438  8.86735e-03
 49 -0.21359 -7.84774e-02 | 50 -0.28654 -1.13500e+00 | 51 -0.18012  8.30802e-02
 52 -0.45420  9.50844e-01 |
52 variables; iteration 380; function evaluation 489; phase 3
Function value 9.6825887e+03; maximum gradient component mag -6.1205e+00
Var    Value     Gradient |Var    Value     Gradient |Var    Value     Gradient
  1 -0.00821 -6.12055e+00 |  2 -0.00122  4.89181e-02 |  3  0.05274  1.34295e-02
  4 -0.05061  6.82528e-02 |  5 -0.15517  8.30120e-02 |  6 -0.06079  6.67577e-02
  7 -0.16572  8.32918e-02 |  8 -0.09003  5.98880e-02 |  9  0.01162  2.71187e-03
 10  0.11736 -1.46717e-01 | 11 -0.02344 -2.07658e-02 | 12  0.01391 -9.06979e-02
 13  0.03837 -1.98513e-01 | 14  0.06460 -1.72320e-01 | 15  0.01502 -5.81031e-02
 16 -0.04050 -1.36492e-04 | 17 -0.02082  4.33390e-02 | 18  0.01742  2.43584e-02
 19  0.04075 -3.46731e-02 | 20 -0.06399  1.05485e-02 | 21 -0.11773  1.90030e-02
 22 -0.00946  7.64575e-03 | 23  0.04297 -2.89262e-02 | 24 -0.00441  9.56063e-03
 25  0.03927  1.17081e-02 | 26  0.04576 -2.15905e-03 | 27  0.03272 -3.88548e-02
 28  0.00974 -1.10458e-02 | 29  0.01520 -1.36192e-02 | 30  0.00331 -5.18900e-03
 31  0.01579  1.95160e-02 | 32  0.08731 -4.17478e-02 | 33  0.03562  2.96734e-02
 34 -0.02535  7.53191e-02 | 35  0.03522  3.40173e-02 | 36  0.10362  1.33756e-01
 37 -0.01201  8.46368e-02 | 38  0.30781 -6.93948e-02 | 39  0.28177 -1.01755e-01
 40  0.26291 -3.00860e-02 | 41  0.23363 -2.00285e+00 | 42 -1.16481 -1.05342e+00
 43  0.52498  2.55791e-03 | 44 -0.42776  5.04409e-03 | 45  0.37555 -3.52344e-02
 46 -0.37726  5.88858e-02 | 47  1.80164  5.95345e-02 | 48 -0.46438  1.41142e-02
 49 -0.16502 -1.87486e-01 | 50 -0.23589 -2.73220e+00 | 51 -0.18185  1.85713e-01
 52 -0.45639  2.98752e+00 |
52 variables; iteration 400; function evaluation 513; phase 3
Function value 9.6825885e+03; maximum gradient component mag -1.0671e+00
Var    Value     Gradient |Var    Value     Gradient |Var    Value     Gradient
  1 -0.00821 -1.06711e+00 |  2 -0.00122 -4.79225e-03 |  3  0.05274 -2.34750e-02
  4 -0.05061  1.00595e-02 |  5 -0.15517  2.26356e-02 |  6 -0.06079  1.78380e-02
  7 -0.16572  1.86233e-02 |  8 -0.09003  1.21384e-02 |  9  0.01162  8.82174e-03
 10  0.11736 -5.03908e-02 | 11 -0.02344 -1.37116e-02 | 12  0.01391 -3.61378e-02
 13  0.03837 -4.96656e-02 | 14  0.06460 -4.13757e-02 | 15  0.01502 -1.91892e-02
 16 -0.04050 -9.42294e-03 | 17 -0.02082  6.94623e-03 | 18  0.01742  3.64026e-03
 19  0.04075 -1.09303e-02 | 20 -0.06399  6.89843e-03 | 21 -0.11773 -2.02126e-03
 22 -0.00946 -1.91534e-02 | 23  0.04297 -7.83075e-03 | 24 -0.00441  2.01859e-02
 25  0.03927  5.67642e-03 | 26  0.04576  2.82164e-02 | 27  0.03272  1.06363e-02
 28  0.00974 -6.59278e-03 | 29  0.01520 -1.36872e-02 | 30  0.00331  7.05374e-03
 31  0.01579  1.85466e-02 | 32  0.08731 -3.95065e-02 | 33  0.03562  4.73029e-02
 34 -0.02535  5.72802e-02 | 35  0.03522  7.64702e-03 | 36  0.10362  2.13010e-02
 37 -0.01200  1.46834e-02 | 38  0.30781  1.60702e-02 | 39  0.28177  5.57960e-03
 40  0.26291 -1.53963e-02 | 41  0.23313 -4.65420e-01 | 42 -1.18510 -2.30456e-01
 43  0.52499  1.04093e-02 | 44 -0.42776 -2.50054e-02 | 45  0.37555  1.59600e-02
 46 -0.37726  3.03182e-02 | 47  1.80164  3.54606e-02 | 48 -0.46438  2.93616e-02
 49 -0.16469 -6.40917e-02 | 50 -0.23555 -6.17940e-01 | 51 -0.18760  4.95664e-02
 52 -0.46373  5.85016e-01 |
52 variables; iteration 420; function evaluation 535; phase 3
Function value 9.6825884e+03; maximum gradient component mag 1.5068e-01
Var    Value     Gradient |Var    Value     Gradient |Var    Value     Gradient
  1 -0.00821  1.45471e-01 |  2 -0.00122 -2.44062e-02 |  3  0.05274 -1.94145e-02
  4 -0.05061  6.85997e-03 |  5 -0.15517  1.40591e-02 |  6 -0.06079  1.57319e-02
  7 -0.16572 -3.03986e-03 |  8 -0.09003 -9.10289e-03 |  9  0.01162 -8.31173e-03
 10  0.11736 -2.08207e-02 | 11 -0.02344 -1.09169e-02 | 12  0.01391  4.40901e-03
 13  0.03837 -9.43596e-03 | 14  0.06460  4.25057e-03 | 15  0.01502  1.59292e-02
 16 -0.04050  3.38950e-03 | 17 -0.02082 -4.96037e-03 | 18  0.01742  2.62877e-03
 19  0.04075  6.81558e-03 | 20 -0.06399 -1.23221e-02 | 21 -0.11773 -1.29179e-02
 22 -0.00946  3.86836e-03 | 23  0.04297  6.73386e-03 | 24 -0.00441 -1.10574e-03
 25  0.03928  1.50185e-02 | 26  0.04576  2.90485e-02 | 27  0.03272  2.36473e-02
 28  0.00974 -3.13841e-02 | 29  0.01520 -2.64964e-02 | 30  0.00331  2.16725e-02
 31  0.01579  1.82631e-02 | 32  0.08731 -3.45439e-02 | 33  0.03562  5.27726e-02
 34 -0.02535  3.21010e-02 | 35  0.03522 -3.00885e-02 | 36  0.10363  1.54470e-02
 37 -0.01202 -3.20899e-03 | 38  0.30781 -2.20021e-03 | 39  0.28177  1.55083e-02
 40  0.26291  7.05808e-03 | 41  0.25184  9.81051e-02 | 42 -1.19847 -2.19565e-02
 43  0.52499 -1.08565e-02 | 44 -0.42776  3.02862e-02 | 45  0.37555  2.92746e-02
 46 -0.37726 -5.76498e-03 | 47  1.80164 -3.56780e-02 | 48 -0.46438 -3.53079e-02
 49 -0.17708 -1.21922e-02 | 50 -0.24841  1.50676e-01 | 51 -0.19175 -1.49169e-02
 52 -0.46907  8.45111e-02 |
52 variables; iteration 440; function evaluation 562; phase 3
Function value 9.6825881e+03; maximum gradient component mag -4.4873e+00
Var    Value     Gradient |Var    Value     Gradient |Var    Value     Gradient
  1 -0.00821 -4.48730e+00 |  2 -0.00122  4.33237e-02 |  3  0.05274 -2.51582e-02
  4 -0.05061  2.60529e-02 |  5 -0.15518  5.83956e-02 |  6 -0.06080  2.55491e-02
  7 -0.16572  6.57635e-02 |  8 -0.09003  4.47405e-02 |  9  0.01162 -6.56995e-03
 10  0.11736 -1.56846e-01 | 11 -0.02344 -2.46139e-02 | 12  0.01391 -6.36888e-02
 13  0.03837 -1.11877e-01 | 14  0.06460 -1.10894e-01 | 15  0.01502 -5.28789e-02
 16 -0.04050 -1.74218e-03 | 17 -0.02082  3.49540e-02 | 18  0.01742  1.44925e-02
 19  0.04075 -3.97546e-02 | 20 -0.06399  2.27192e-02 | 21 -0.11773  2.70703e-02
 22 -0.00946 -9.38779e-03 | 23  0.04297 -2.91336e-02 | 24 -0.00441  1.89638e-02
 25  0.03927  8.98193e-03 | 26  0.04576 -2.57703e-03 | 27  0.03272 -3.13298e-02
 28  0.00974  2.10776e-02 | 29  0.01520  7.36775e-03 | 30  0.00331 -1.57213e-02
 31  0.01579  8.16576e-03 | 32  0.08731 -2.06832e-02 | 33  0.03561  6.26722e-03
 34 -0.02535  5.34739e-02 | 35  0.03522  5.62367e-02 | 36  0.10361  7.29333e-02
 37 -0.01199  6.12302e-02 | 38  0.30781 -2.53300e-02 | 39  0.28177 -9.31810e-02
 40  0.26291 -5.45908e-02 | 41  0.17304 -1.48682e+00 | 42 -1.20851 -7.19237e-01
 43  0.52499  1.45293e-02 | 44 -0.42776 -3.10992e-02 | 45  0.37555 -3.99781e-02
 46 -0.37726  6.29080e-02 | 47  1.80164  8.60486e-02 | 48 -0.46438  6.17945e-02
 49 -0.12444 -2.22482e-01 | 50 -0.19399 -1.92815e+00 | 51 -0.19505  2.04510e-01
 52 -0.47334  1.50533e+00 |
52 variables; iteration 460; function evaluation 588; phase 3
Function value 9.6825880e+03; maximum gradient component mag 6.0846e-01
Var    Value     Gradient |Var    Value     Gradient |Var    Value     Gradient
  1 -0.00821 -3.18863e-01 |  2 -0.00122  8.37150e-03 |  3  0.05274  2.64560e-02
  4 -0.05061  1.08027e-02 |  5 -0.15518  4.32319e-03 |  6 -0.06079  2.36204e-02
  7 -0.16572  2.95327e-03 |  8 -0.09003  9.86590e-03 |  9  0.01162  2.62295e-02
 10  0.11736  3.41298e-02 | 11 -0.02344  9.38604e-03 | 12  0.01391 -1.83476e-02
 13  0.03837 -2.41248e-02 | 14  0.06460 -2.33110e-02 | 15  0.01502 -2.42393e-02
 16 -0.04050 -1.29950e-02 | 17 -0.02082 -4.97480e-03 | 18  0.01742 -3.20146e-03
 19  0.04075 -1.89073e-02 | 20 -0.06399  8.12703e-04 | 21 -0.11773 -1.49628e-03
 22 -0.00946 -1.00907e-02 | 23  0.04297 -1.69329e-02 | 24 -0.00441 -6.15556e-03
 25  0.03927 -1.40903e-02 | 26  0.04576 -7.05304e-03 | 27  0.03272  1.06450e-02
 28  0.00974 -2.30579e-03 | 29  0.01520  1.53705e-02 | 30  0.00331 -1.36785e-04
 31  0.01579 -5.79033e-03 | 32  0.08731 -1.09084e-02 | 33  0.03562 -1.27476e-03
 34 -0.02535  1.23900e-02 | 35  0.03522  4.43613e-04 | 36  0.10362  8.33018e-03
 37 -0.01200  6.02507e-03 | 38  0.30781  1.21550e-02 | 39  0.28177 -1.88828e-02
 40  0.26291 -2.60977e-02 | 41  0.02963 -3.17095e-01 | 42 -1.20396 -2.35394e-01
 43  0.52499  7.04988e-03 | 44 -0.42776 -1.73771e-02 | 45  0.37555  1.78048e-02
 46 -0.37726 -9.72329e-03 | 47  1.80164 -5.12253e-03 | 48 -0.46438 -2.19325e-02
 49 -0.02651  5.79067e-02 | 50 -0.09420 -5.14815e-01 | 51 -0.19353 -4.93175e-02
 52 -0.47138  6.08459e-01 |
52 variables; iteration 480; function evaluation 613; phase 3
Function value 9.6825879e+03; maximum gradient component mag 1.2177e+00
Var    Value     Gradient |Var    Value     Gradient |Var    Value     Gradient
  1 -0.00821  1.21765e+00 |  2 -0.00121 -1.82702e-03 |  3  0.05274 -3.90406e-02
  4 -0.05061 -3.50507e-02 |  5 -0.15518 -2.56640e-02 |  6 -0.06080 -3.68804e-02
  7 -0.16572 -2.95429e-02 |  8 -0.09003 -2.76348e-02 |  9  0.01162 -4.01851e-02
 10  0.11736 -9.89245e-02 | 11 -0.02343 -2.34135e-02 | 12  0.01391 -1.10617e-02
 13  0.03837  1.00072e-02 | 14  0.06460  3.88424e-02 | 15  0.01502  4.06972e-02
 16 -0.04050  3.04678e-03 | 17 -0.02082 -7.15517e-03 | 18  0.01742  3.55258e-02
 19  0.04075  6.41138e-02 | 20 -0.06399 -3.74275e-03 | 21 -0.11773 -3.01342e-02
 22 -0.00945  2.90863e-02 | 23  0.04297  3.55573e-02 | 24 -0.00441  9.62726e-03
 25  0.03927 -2.62211e-02 | 26  0.04576  2.91854e-02 | 27  0.03272  3.67897e-02
 28  0.00974  2.09345e-02 | 29  0.01520 -5.03159e-02 | 30  0.00331 -1.87839e-02
 31  0.01579 -3.29174e-03 | 32  0.08732  1.06516e-01 | 33  0.03561 -2.02790e-02
 34 -0.02535 -2.91428e-02 | 35  0.03522  1.43678e-02 | 36  0.10361 -4.27024e-02
 37 -0.01200 -1.98633e-02 | 38  0.30781  1.79760e-02 | 39  0.28177  9.16683e-02
 40  0.26291  1.46057e-01 | 41 -0.06792  5.00521e-01 | 42 -1.21807 -9.73213e-02
 43  0.52499 -1.08988e-04 | 44 -0.42776 -2.46846e-02 | 45  0.37555  3.25966e-02
 46 -0.37726 -6.91883e-02 | 47  1.80164  4.57396e-02 | 48 -0.46438  1.33724e-01
 49  0.04050 -3.81201e-02 | 50 -0.02689  7.70264e-01 | 51 -0.19834  8.80274e-02
 52 -0.47762  1.59790e-01 |
52 variables; iteration 500; function evaluation 639; phase 3
Function value 9.6825878e+03; maximum gradient component mag 1.9549e+00
Var    Value     Gradient |Var    Value     Gradient |Var    Value     Gradient
  1 -0.00821  1.95486e+00 |  2 -0.00122 -1.94021e-02 |  3  0.05274 -1.95340e-02
  4 -0.05061 -2.78597e-02 |  5 -0.15518 -3.21540e-02 |  6 -0.06080 -2.83418e-02
  7 -0.16572 -2.81305e-02 |  8 -0.09003 -2.40802e-02 |  9  0.01162 -1.61673e-02
 10  0.11736  2.19150e-03 | 11 -0.02344 -9.09326e-03 | 12  0.01391  6.72151e-03
 13  0.03837  2.39265e-02 | 14  0.06460  3.22619e-02 | 15  0.01502  1.75266e-02
 16 -0.04050 -1.02598e-02 | 17 -0.02082 -1.11664e-02 | 18  0.01742  1.84806e-02
 19  0.04075  5.92655e-02 | 20 -0.06399  3.47542e-03 | 21 -0.11773 -1.53474e-02
 22 -0.00945  8.41581e-03 | 23  0.04297  2.74684e-02 | 24 -0.00441  7.39096e-03
 25  0.03927 -1.26975e-02 | 26  0.04576  1.88542e-02 | 27  0.03272  3.64081e-02
 28  0.00974  1.73334e-02 | 29  0.01520 -8.55586e-03 | 30  0.00331  3.75962e-03
 31  0.01579  3.87032e-03 | 32  0.08731  5.59625e-02 | 33  0.03561  1.54123e-03
 34 -0.02535 -1.92877e-02 | 35  0.03522 -1.17610e-02 | 36  0.10362 -4.11395e-02
 37 -0.01200 -2.67742e-02 | 38  0.30781  3.43200e-02 | 39  0.28177  8.02327e-02
 40  0.26291  7.95948e-02 | 41 -0.13797  6.13478e-01 | 42 -1.23636  1.02241e-01
 43  0.52499  5.01782e-04 | 44 -0.42776 -2.03651e-02 | 45  0.37555  4.07672e-02
 46 -0.37726 -5.02807e-02 | 47  1.80164 -1.83513e-02 | 48 -0.46438  1.38475e-02
 49  0.08827  2.06965e-02 | 50  0.02063  8.93916e-01 | 51 -0.20507  8.27489e-03
 52 -0.48642 -1.97521e-01 |
52 variables; iteration 520; function evaluation 662; phase 3
Function value 9.6825878e+03; maximum gradient component mag 8.8001e-01
Var    Value     Gradient |Var    Value     Gradient |Var    Value     Gradient
  1 -0.00821  8.80012e-01 |  2 -0.00122 -7.82768e-03 |  3  0.05274 -3.63220e-03
  4 -0.05061 -1.09401e-02 |  5 -0.15518 -1.32540e-02 |  6 -0.06080 -1.29062e-02
  7 -0.16572 -1.23405e-02 |  8 -0.09003 -1.08977e-02 |  9  0.01162 -9.08030e-03
 10  0.11736  1.92372e-03 | 11 -0.02344 -6.88176e-03 | 12  0.01391 -2.06138e-03
 13  0.03837 -1.86604e-04 | 14  0.06460  7.86230e-03 | 15  0.01502  3.82301e-04
 16 -0.04050 -9.02926e-03 | 17 -0.02082 -2.85580e-03 | 18  0.01742  9.06290e-03
 19  0.04075  3.29301e-02 | 20 -0.06399  5.44869e-03 | 21 -0.11773 -4.81913e-03
 22 -0.00946 -1.72297e-03 | 23  0.04297  1.07215e-02 | 24 -0.00441 -1.33827e-03
 25  0.03928  1.27930e-03 | 26  0.04576  1.21782e-02 | 27  0.03272  2.32383e-02
 28  0.00974  1.33875e-02 | 29  0.01520  1.37378e-02 | 30  0.00331  1.05892e-02
 31  0.01579  1.34441e-03 | 32  0.08731  1.37878e-02 | 33  0.03562  4.48775e-03
 34 -0.02535 -7.36635e-03 | 35  0.03522 -1.00085e-02 | 36  0.10362 -1.57813e-02
 37 -0.01201 -1.20043e-02 | 38  0.30781  3.08810e-02 | 39  0.28177  3.67407e-02
 40  0.26291  1.48562e-02 | 41 -0.18312  2.17714e-01 | 42 -1.25008 -6.12747e-02
 43  0.52499  2.67564e-03 | 44 -0.42776 -1.14558e-02 | 45  0.37555  3.05390e-02
 46 -0.37726 -3.10417e-02 | 47  1.80164 -3.80007e-02 | 48 -0.46438 -2.26646e-02
 49  0.11872  9.29330e-03 | 50  0.05073  3.22025e-01 | 51 -0.21047  3.58994e-03
 52 -0.49354  1.21874e-01 |
52 variables; iteration 540; function evaluation 686; phase 3
Function value 9.6825878e+03; maximum gradient component mag 4.8764e-02
Var    Value     Gradient |Var    Value     Gradient |Var    Value     Gradient
  1 -0.00821 -1.65937e-02 |  2 -0.00122  1.58089e-03 |  3  0.05274  2.02858e-03
  4 -0.05061  5.35241e-04 |  5 -0.15517  5.76086e-06 |  6 -0.06080 -5.01441e-04
  7 -0.16572  4.36642e-04 |  8 -0.09003  4.57995e-04 |  9  0.01162  5.59473e-05
 10  0.11736  8.06666e-04 | 11 -0.02344  1.41151e-04 | 12  0.01391 -1.34881e-03
 13  0.03837 -1.65752e-03 | 14  0.06460 -1.18781e-03 | 15  0.01502 -1.31596e-03
 16 -0.04050 -8.24533e-04 | 17 -0.02082  7.13751e-04 | 18  0.01742 -2.78396e-05
 19  0.04075  5.33537e-04 | 20 -0.06399  4.50592e-04 | 21 -0.11773  3.95054e-04
 22 -0.00946 -1.39228e-03 | 23  0.04297 -5.06744e-04 | 24 -0.00441 -5.42074e-04
 25  0.03928  1.29311e-03 | 26  0.04576  3.27201e-04 | 27  0.03272 -1.79928e-04
 28  0.00974  1.76234e-03 | 29  0.01520  2.64612e-03 | 30  0.00331  5.51173e-04
 31  0.01579 -3.58537e-04 | 32  0.08731 -2.07508e-03 | 33  0.03562 -2.15777e-04
 34 -0.02535 -2.65628e-04 | 35  0.03522  1.93332e-04 | 36  0.10362  6.53389e-04
 37 -0.01201  2.96378e-04 | 38  0.30781  2.75530e-03 | 39  0.28177  1.79361e-04
 40  0.26291 -3.23480e-03 | 41 -0.20751 -2.13494e-02 | 42 -1.25810 -2.20393e-02
 43  0.52499  5.23791e-04 | 44 -0.42776 -1.08699e-03 | 45  0.37555  1.50950e-03
 46 -0.37726 -8.61219e-04 | 47  1.80164 -4.32427e-03 | 48 -0.46438 -4.01339e-03
 49  0.13502  7.39841e-04 | 50  0.06678 -3.07117e-02 | 51 -0.21378  1.29193e-04
 52 -0.49792  4.87638e-02 |
52 variables; iteration 560; function evaluation 709; phase 3
Function value 9.6825878e+03; maximum gradient component mag -1.6559e-01
Var    Value     Gradient |Var    Value     Gradient |Var    Value     Gradient
  1 -0.00821 -1.65592e-01 |  2 -0.00122  8.21305e-04 |  3  0.05274  1.02629e-03
  4 -0.05061  2.38115e-03 |  5 -0.15517  2.44082e-03 |  6 -0.06080  2.73877e-03
  7 -0.16572  1.83693e-03 |  8 -0.09003  1.38867e-03 |  9  0.01162  6.43167e-04
 10  0.11736 -2.91468e-03 | 11 -0.02344  3.12890e-05 | 12  0.01391 -1.83451e-03
 13  0.03837 -5.28935e-03 | 14  0.06460 -3.99400e-03 | 15  0.01502  3.03799e-04
 16 -0.04050  6.70331e-04 | 17 -0.02082  6.91106e-04 | 18  0.01742  5.09374e-04
 19  0.04075 -1.83944e-03 | 20 -0.06399 -7.87053e-04 | 21 -0.11773 -4.32596e-04
 22 -0.00945  1.33008e-03 | 23  0.04297 -4.87046e-04 | 24 -0.00441  7.54365e-05
 25  0.03928 -5.54643e-04 | 26  0.04576 -6.44376e-04 | 27  0.03272 -2.09686e-03
 28  0.00974 -2.46430e-03 | 29  0.01520 -2.99694e-03 | 30  0.00331 -5.67597e-04
 31  0.01579  6.66294e-04 | 32  0.08731 -3.91467e-04 | 33  0.03562  7.61144e-04
 34 -0.02535  1.45574e-03 | 35  0.03522  7.43631e-04 | 36  0.10362  3.89722e-03
 37 -0.01201  2.20392e-03 | 38  0.30781 -4.03466e-03 | 39  0.28177 -9.94951e-04
 40  0.26291  2.45486e-03 | 41 -0.22189 -4.92968e-02 | 42 -1.26345 -3.96648e-02
 43  0.52499 -7.01262e-04 | 44 -0.42776  1.67807e-03 | 45  0.37555 -1.55975e-03
 46 -0.37726  1.47523e-03 | 47  1.80164  3.64897e-03 | 48 -0.46438  2.80711e-03
 49  0.14458 -1.85438e-03 | 50  0.07617 -7.09851e-02 | 51 -0.21603  2.06412e-03
 52 -0.50093  7.66789e-02 |
52 variables; iteration 580; function evaluation 734; phase 3
Function value 9.6825878e+03; maximum gradient component mag -9.8648e-01
Var    Value     Gradient |Var    Value     Gradient |Var    Value     Gradient
  1 -0.00821 -9.86484e-01 |  2 -0.00122  9.61637e-03 |  3  0.05274  6.16667e-03
  4 -0.05061  1.16304e-02 |  5 -0.15517  1.34517e-02 |  6 -0.06080  1.30977e-02
  7 -0.16572  1.22195e-02 |  8 -0.09003  1.01988e-02 |  9  0.01162  5.15517e-03
 10  0.11736 -1.51944e-02 | 11 -0.02344  1.12641e-03 | 12  0.01391 -9.67902e-03
 13  0.03837 -2.30413e-02 | 14  0.06460 -2.18382e-02 | 15  0.01502 -4.61687e-03
 16 -0.04050  2.58815e-03 | 17 -0.02082  4.99858e-03 | 18  0.01742  3.38523e-04
 19  0.04075 -1.64784e-02 | 20 -0.06399 -2.01253e-03 | 21 -0.11773  1.62732e-03
 22 -0.00945  2.54558e-03 | 23  0.04297 -7.46322e-03 | 24 -0.00441  3.88622e-04
 25  0.03927 -2.34606e-03 | 26  0.04576 -6.77697e-03 | 27  0.03272 -1.51184e-02
 28  0.00974 -7.11512e-03 | 29  0.01520 -9.74975e-03 | 30  0.00331 -6.42711e-03
 31  0.01579  6.73295e-04 | 32  0.08731 -4.83534e-03 | 33  0.03562 -8.61176e-04
 34 -0.02535  7.51081e-03 | 35  0.03522  9.20148e-03 | 36  0.10362  1.96188e-02
 37 -0.01201  1.34456e-02 | 38  0.30781 -1.87740e-02 | 39  0.28177 -1.75851e-02
 40  0.26291 -1.71223e-03 | 41 -0.24552 -3.02052e-01 | 42 -1.27609 -2.07460e-01
 43  0.52499 -1.01961e-03 | 44 -0.42776  3.95015e-03 | 45  0.37555 -1.33212e-02
 46 -0.37726  1.40363e-02 | 47  1.80164  2.40648e-02 | 48 -0.46438  1.72396e-02
 49  0.16019 -1.45288e-02 | 50  0.09146 -4.51184e-01 | 51 -0.22155  1.43618e-02
 52 -0.50833  3.41030e-01 |
52 variables; iteration 600; function evaluation 761; phase 3
Function value 9.6825877e+03; maximum gradient component mag -7.0993e-01
Var    Value     Gradient |Var    Value     Gradient |Var    Value     Gradient
  1 -0.00821 -7.09933e-01 |  2 -0.00122  1.00436e-02 |  3  0.05274  7.26913e-03
  4 -0.05061  7.52336e-03 |  5 -0.15518  9.03347e-03 |  6 -0.06080  6.31151e-03
  7 -0.16572  9.35081e-03 |  8 -0.09003  7.40291e-03 |  9  0.01162  1.10108e-03
 10  0.11736 -1.40446e-02 | 11 -0.02344 -1.59953e-03 | 12  0.01391 -1.16397e-02
 13  0.03837 -2.39776e-02 | 14  0.06460 -2.04916e-02 | 15  0.01502 -9.11360e-03
 16 -0.04050 -2.10431e-03 | 17 -0.02082  5.74432e-03 | 18  0.01742  2.15136e-03
 19  0.04075 -5.27105e-03 | 20 -0.06399  2.33303e-03 | 21 -0.11773  3.05797e-03
 22 -0.00946 -2.03938e-03 | 23  0.04297 -5.85823e-03 | 24 -0.00441 -2.08630e-03
 25  0.03928  2.64656e-03 | 26  0.04576 -2.65807e-03 | 27  0.03272 -6.83149e-03
 28  0.00974  3.31806e-03 | 29  0.01520  6.45941e-03 | 30  0.00331 -3.02729e-04
 31  0.01579 -5.08505e-04 | 32  0.08731 -6.44862e-03 | 33  0.03562 -1.00787e-03
 34 -0.02535  3.78127e-03 | 35  0.03522  6.36920e-03 | 36  0.10362  1.43923e-02
 37 -0.01201  9.77678e-03 | 38  0.30781 -1.39647e-04 | 39  0.28177 -1.01340e-02
 40  0.26291 -1.29699e-02 | 41 -0.26007 -2.57895e-01 | 42 -1.29030 -2.66847e-01
 43  0.52499  1.82666e-03 | 44 -0.42776 -2.27278e-03 | 45  0.37555 -7.40805e-04
 46 -0.37726  2.41631e-03 | 47  1.80164 -2.04152e-03 | 48 -0.46438 -4.30536e-03
 49  0.16974 -1.54647e-02 | 50  0.10080 -3.84305e-01 | 51 -0.22807  1.83682e-02
 52 -0.51716  4.09112e-01 |
52 variables; iteration 620; function evaluation 786; phase 3
Function value 9.6825877e+03; maximum gradient component mag -1.8834e+00
Var    Value     Gradient |Var    Value     Gradient |Var    Value     Gradient
  1 -0.00821 -1.88341e+00 |  2 -0.00122  2.61343e-02 |  3  0.05274  1.87824e-02
  4 -0.05061  2.03726e-02 |  5 -0.15518  2.42080e-02 |  6 -0.06080  1.72574e-02
  7 -0.16572  2.49707e-02 |  8 -0.09003  1.98796e-02 |  9  0.01162  4.00420e-03
 10  0.11736 -3.46591e-02 | 11 -0.02344 -2.61742e-03 | 12  0.01391 -2.84153e-02
 13  0.03837 -5.92704e-02 | 14  0.06460 -5.14667e-02 | 15  0.01502 -2.17076e-02
 16 -0.04050 -3.57008e-03 | 17 -0.02082  1.47108e-02 | 18  0.01742  3.90877e-03
 19  0.04075 -1.76764e-02 | 20 -0.06399  4.52532e-03 | 21 -0.11773  8.02022e-03
 22 -0.00946 -4.47739e-03 | 23  0.04297 -1.56681e-02 | 24 -0.00441 -4.85736e-03
 25  0.03928  6.59724e-03 | 26  0.04576 -8.26341e-03 | 27  0.03272 -2.08227e-02
 28  0.00974  5.92173e-03 | 29  0.01520  1.32189e-02 | 30  0.00331 -2.38792e-03
 31  0.01579 -1.28957e-03 | 32  0.08731 -1.80824e-02 | 33  0.03562 -3.12223e-03
 34 -0.02535  1.01387e-02 | 35  0.03522  1.72207e-02 | 36  0.10362  3.81399e-02
 37 -0.01201  2.59108e-02 | 38  0.30781 -5.29187e-03 | 39  0.28177 -2.95841e-02
 40  0.26291 -3.29106e-02 | 41 -0.26259 -6.60964e-01 | 42 -1.30519 -6.84818e-01
 43  0.52499  3.73462e-03 | 44 -0.42776 -3.29358e-03 | 45  0.37555 -6.56747e-03
 46 -0.37726  1.05914e-02 | 47  1.80164  2.41480e-04 | 48 -0.46438 -7.43138e-03
 49  0.17138 -3.92737e-02 | 50  0.10240 -9.92105e-01 | 51 -0.23525  4.43878e-02
 52 -0.52700  9.76759e-01 |
52 variables; iteration 640; function evaluation 812; phase 3
Function value 9.6825876e+03; maximum gradient component mag 1.2304e+00
Var    Value     Gradient |Var    Value     Gradient |Var    Value     Gradient
  1 -0.00821 -4.31676e-01 |  2 -0.00122  4.76918e-03 |  3  0.05274  8.17188e-03
  4 -0.05061  4.12235e-03 |  5 -0.15517  3.68814e-03 |  6 -0.06080  4.03613e-03
  7 -0.16572  1.72555e-03 |  8 -0.09003 -1.69892e-04 |  9  0.01162 -9.08496e-03
 10  0.11736 -3.45982e-02 | 11 -0.02344 -1.51635e-02 | 12  0.01391 -3.23085e-02
 13  0.03837 -6.84850e-02 | 14  0.06460 -4.20998e-02 | 15  0.01502 -1.34393e-02
 16 -0.04050 -1.70998e-02 | 17 -0.02082  5.99838e-03 | 18  0.01742  2.42709e-02
 19  0.04075  4.16981e-02 | 20 -0.06399  9.48412e-03 | 21 -0.11773 -7.62158e-03
 22 -0.00946  2.66897e-03 | 23  0.04297  6.74575e-03 | 24 -0.00441 -5.04360e-03
 25  0.03928 -1.66140e-03 | 26  0.04576  1.28613e-02 | 27  0.03272  2.13735e-02
 28  0.00974  1.46686e-02 | 29  0.01520  1.47239e-02 | 30  0.00331  1.33914e-02
 31  0.01579  5.04184e-03 | 32  0.08731  1.97387e-02 | 33  0.03562  9.94145e-03
 34 -0.02535  1.26959e-03 | 35  0.03522 -3.30076e-03 | 36  0.10362  1.42933e-02
 37 -0.01201  5.80080e-03 | 38  0.30781  3.14441e-02 | 39  0.28177  4.57426e-02
 40  0.26291  2.68938e-02 | 41 -0.24092 -2.85690e-01 | 42 -1.32404 -9.26872e-01
 43  0.52499  4.23109e-03 | 44 -0.42776 -1.68650e-02 | 45  0.37555  4.59188e-02
 46 -0.37726 -4.59688e-02 | 47  1.80164 -4.21978e-02 | 48 -0.46438 -2.21787e-02
 49  0.15717 -1.40139e-02 | 50  0.08850 -4.25380e-01 | 51 -0.24487  4.16868e-02
 52 -0.54037  1.23044e+00 |
52 variables; iteration 660; function evaluation 836; phase 3
Function value 9.6825875e+03; maximum gradient component mag 3.0545e+00
Var    Value     Gradient |Var    Value     Gradient |Var    Value     Gradient
  1 -0.00821  3.05451e+00 |  2 -0.00122 -4.17577e-02 |  3  0.05274 -2.80903e-02
  4 -0.05061 -3.66162e-02 |  5 -0.15517 -4.21263e-02 |  6 -0.06080 -3.17411e-02
  7 -0.16572 -4.41958e-02 |  8 -0.09003 -3.74093e-02 |  9  0.01162 -1.99194e-02
 10  0.11736  2.25021e-02 | 11 -0.02344 -1.35995e-02 | 12  0.01391  1.83661e-02
 13  0.03837  3.84006e-02 | 14  0.06460  5.02762e-02 | 15  0.01502  2.16157e-02
 16 -0.04050 -1.35073e-02 | 17 -0.02082 -1.95054e-02 | 18  0.01742  1.92202e-02
 19  0.04075  7.93976e-02 | 20 -0.06399  5.22338e-03 | 21 -0.11773 -1.98705e-02
 22 -0.00945  8.78941e-03 | 23  0.04297  3.53864e-02 | 24 -0.00441  2.66026e-03
 25  0.03927 -1.18204e-02 | 26  0.04576  2.84657e-02 | 27  0.03272  6.31291e-02
 28  0.00974  1.22303e-02 | 29  0.01520  1.42723e-03 | 30  0.00331  2.04054e-02
 31  0.01579  6.41210e-03 | 32  0.08731  5.50419e-02 | 33  0.03561  1.39900e-02
 34 -0.02535 -1.95141e-02 | 35  0.03522 -3.40767e-02 | 36  0.10362 -5.79584e-02
 37 -0.01201 -4.21386e-02 | 38  0.30781  5.10986e-02 | 39  0.28177  1.01162e-01
 40  0.26291  7.90698e-02 | 41 -0.17621  9.64577e-01 | 42 -1.34233  3.73663e-01
 43  0.52499 -1.43891e-04 | 44 -0.42776 -1.59686e-02 | 45  0.37555  6.27175e-02
 46 -0.37726 -7.07889e-02 | 47  1.80164 -5.31098e-02 | 48 -0.46438 -1.66243e-02
 49  0.11408  4.78806e-02 | 50  0.04615  1.40832e+00 | 51 -0.25476 -2.47852e-02
 52 -0.55438 -4.50671e-01 |
52 variables; iteration 680; function evaluation 860; phase 3
Function value 9.6825874e+03; maximum gradient component mag 5.7312e-01
Var    Value     Gradient |Var    Value     Gradient |Var    Value     Gradient
  1 -0.00821  5.73120e-01 |  2 -0.00122 -7.36468e-03 |  3  0.05274 -5.43176e-03
  4 -0.05061 -6.54341e-03 |  5 -0.15517 -7.72339e-03 |  6 -0.06080 -6.13123e-03
  7 -0.16572 -7.80113e-03 |  8 -0.09003 -6.50562e-03 |  9  0.01162 -2.94502e-03
 10  0.11736  5.39443e-03 | 11 -0.02344 -1.47383e-03 | 12  0.01391  3.97701e-03
 13  0.03837  1.03550e-02 | 14  0.06460  1.11830e-02 | 15  0.01502  4.23860e-03
 16 -0.04050 -1.87271e-03 | 17 -0.02082 -3.87671e-03 | 18  0.01742  2.14230e-03
 19  0.04075  1.23283e-02 | 20 -0.06399  4.47998e-04 | 21 -0.11773 -3.46711e-03
 22 -0.00946  5.99835e-04 | 23  0.04297  6.05513e-03 | 24 -0.00441  1.51580e-03
 25  0.03928 -1.80772e-03 | 26  0.04576  5.71918e-03 | 27  0.03272  1.10516e-02
 28  0.00974  1.62792e-03 | 29  0.01520 -1.09012e-03 | 30  0.00331  2.64814e-03
 31  0.01579  1.03566e-03 | 32  0.08731  7.64973e-03 | 33  0.03562  2.45732e-03
 34 -0.02535 -2.67974e-03 | 35  0.03522 -5.37658e-03 | 36  0.10362 -1.12107e-02
 37 -0.01201 -7.86873e-03 | 38  0.30781  8.68440e-03 | 39  0.28177  1.58093e-02
 40  0.26291  1.32512e-02 | 41 -0.11736  1.85149e-01 | 42 -1.35212  1.14621e-01
 43  0.52499 -7.98267e-05 | 44 -0.42776 -3.15924e-03 | 45  0.37555  9.95318e-03
 46 -0.37726 -9.95973e-03 | 47  1.80164 -7.07206e-03 | 48 -0.46438 -1.40726e-03
 49  0.07426  9.21268e-03 | 50  0.00674  2.65930e-01 | 51 -0.26029 -7.27027e-03
 52 -0.56232 -1.32057e-01 |
52 variables; iteration 700; function evaluation 887; phase 3
Function value 9.6825873e+03; maximum gradient component mag 1.4541e+00
Var    Value     Gradient |Var    Value     Gradient |Var    Value     Gradient
  1 -0.00821  1.45409e+00 |  2 -0.00122 -1.73520e-02 |  3  0.05274 -1.36272e-02
  4 -0.05061 -1.82548e-02 |  5 -0.15517 -1.99045e-02 |  6 -0.06080 -1.83697e-02
  7 -0.16572 -1.91937e-02 |  8 -0.09003 -1.67752e-02 |  9  0.01162 -1.02744e-02
 10  0.11736  1.14485e-02 | 11 -0.02344 -5.78942e-03 | 12  0.01391  1.01005e-02
 13  0.03837  2.43760e-02 | 14  0.06460  2.69209e-02 | 15  0.01502  7.02827e-03
 16 -0.04050 -6.12513e-03 | 17 -0.02082 -7.84685e-03 | 18  0.01742  5.62613e-03
 19  0.04075  3.35272e-02 | 20 -0.06399  4.20698e-03 | 21 -0.11773 -5.49397e-03
 22 -0.00946 -5.31234e-04 | 23  0.04297  1.45139e-02 | 24 -0.00441  9.61221e-04
 25  0.03928 -4.41915e-04 | 26  0.04576  1.36250e-02 | 27  0.03272  2.89480e-02
 28  0.00974  1.03356e-02 | 29  0.01520  9.69988e-03 | 30  0.00331  1.06966e-02
 31  0.01579  1.45300e-03 | 32  0.08731  1.72648e-02 | 33  0.03562  5.07481e-03
 34 -0.02535 -9.19386e-03 | 35  0.03522 -1.47503e-02 | 36  0.10362 -2.87007e-02
 37 -0.01201 -1.99694e-02 | 38  0.30781  2.91759e-02 | 39  0.28177  3.79911e-02
 40  0.26291  1.91362e-02 | 41 -0.06225  4.70015e-01 | 42 -1.35937  2.67539e-01
 43  0.52499  1.60129e-03 | 44 -0.42776 -9.09486e-03 | 45  0.37555  2.74634e-02
 46 -0.37726 -2.86920e-02 | 47  1.80164 -3.28166e-02 | 48 -0.46438 -1.80787e-02
 49  0.03661  1.56244e-02 | 50 -0.03078  6.70983e-01 | 51 -0.26448 -1.04011e-02
 52 -0.56841 -3.05554e-01 |
52 variables; iteration 720; function evaluation 913; phase 3
Function value 9.6825873e+03; maximum gradient component mag 1.5723e-01
Var    Value     Gradient |Var    Value     Gradient |Var    Value     Gradient
  1 -0.00821  1.57226e-01 |  2 -0.00122 -1.98223e-03 |  3  0.05274 -1.80053e-03
  4 -0.05061 -2.12534e-03 |  5 -0.15517 -2.15904e-03 |  6 -0.06080 -2.13957e-03
  7 -0.16572 -2.06230e-03 |  8 -0.09003 -1.90097e-03 |  9  0.01162 -1.38248e-03
 10  0.11736  5.67783e-04 | 11 -0.02344 -8.53423e-04 | 12  0.01391  9.94182e-04
 13  0.03837  2.36817e-03 | 14  0.06460  2.79855e-03 | 15  0.01502  7.34654e-04
 16 -0.04050 -7.26078e-04 | 17 -0.02082 -7.93713e-04 | 18  0.01742  7.91716e-04
 19  0.04075  4.01218e-03 | 20 -0.06399  5.92789e-04 | 21 -0.11773 -5.62376e-04
 22 -0.00946  1.20828e-05 | 23  0.04297  1.72181e-03 | 24 -0.00441  1.33122e-04
 25  0.03928  2.55002e-05 | 26  0.04576  1.63648e-03 | 27  0.03272  3.41863e-03
 28  0.00974  1.31794e-03 | 29  0.01520  1.29302e-03 | 30  0.00331  1.35259e-03
 31  0.01579  2.40812e-04 | 32  0.08731  2.09461e-03 | 33  0.03562  6.69274e-04
 34 -0.02535 -9.85871e-04 | 35  0.03522 -1.62399e-03 | 36  0.10362 -3.13261e-03
 37 -0.01201 -2.17124e-03 | 38  0.30781  3.43334e-03 | 39  0.28177  4.37425e-03
 40  0.26291  2.16961e-03 | 41 -0.02225  5.17116e-02 | 42 -1.36396  2.66852e-02
 43  0.52499  2.02030e-04 | 44 -0.42776 -1.07852e-03 | 45  0.37555  3.24191e-03
 46 -0.37726 -3.39103e-03 | 47  1.80164 -3.94251e-03 | 48 -0.46438 -2.20509e-03
 49  0.00916  7.29554e-04 | 50 -0.05828  7.41368e-02 | 51 -0.26718 -2.16850e-04
 52 -0.57236 -2.98361e-02 |
52 variables; iteration 740; function evaluation 933; phase 3
Function value 9.6825873e+03; maximum gradient component mag -4.8109e-01
Var    Value     Gradient |Var    Value     Gradient |Var    Value     Gradient
  1 -0.00821 -4.81086e-01 |  2 -0.00122 -8.55640e-03 |  3  0.05274 -6.29370e-03
  4 -0.05061  8.67331e-03 |  5 -0.15517  7.85260e-03 |  6 -0.06080  1.55424e-02
  7 -0.16572  2.18425e-03 |  8 -0.09003  1.24525e-03 |  9  0.01162  4.21462e-03
 10  0.11736 -1.15923e-02 | 11 -0.02344  2.86553e-03 | 12  0.01391  1.05413e-03
 13  0.03837 -1.13041e-02 | 14  0.06460 -5.01406e-03 | 15  0.01502  2.21936e-02
 16 -0.04050  1.08821e-02 | 17 -0.02082 -3.74912e-03 | 18  0.01742  3.97093e-03
 19  0.04075 -6.91418e-03 | 20 -0.06399 -1.34240e-02 | 21 -0.11773 -1.20931e-02
 22 -0.00945  2.10438e-02 | 23  0.04297  7.54315e-03 | 24 -0.00441  7.73726e-03
 25  0.03927 -1.54754e-02 | 26  0.04576 -2.30470e-03 | 27  0.03272 -1.08570e-02
 28  0.00974 -3.07513e-02 | 29  0.01520 -5.19350e-02 | 30  0.00331 -1.05565e-02
 31  0.01579  8.70490e-03 | 32  0.08731  1.90113e-02 | 33  0.03562  7.47739e-03
 34 -0.02535  7.17420e-03 | 35  0.03522  1.04407e-03 | 36  0.10362  1.31747e-02
 37 -0.01201  5.81183e-03 | 38  0.30781 -4.56364e-02 | 39  0.28177  1.31531e-02
 40  0.26291  6.75019e-02 | 41 -0.02253 -2.47791e-02 | 42 -1.36460 -3.51060e-02
 43  0.52498 -1.15823e-02 | 44 -0.42776  1.95483e-02 | 45  0.37555 -1.72139e-02
 46 -0.37726  1.07432e-02 | 47  1.80164  5.67162e-02 | 48 -0.46438  5.51726e-02
 49  0.00935  1.97749e-03 | 50 -0.05809 -3.79646e-02 | 51 -0.26756 -4.45050e-04
 52 -0.57292  4.12496e-02 |
52 variables; iteration 760; function evaluation 956; phase 3
Function value 9.6825873e+03; maximum gradient component mag -6.8984e-02
Var    Value     Gradient |Var    Value     Gradient |Var    Value     Gradient
  1 -0.00821 -6.62095e-02 |  2 -0.00122  3.95047e-03 |  3  0.05274  3.68822e-03
  4 -0.05061  6.77403e-04 |  5 -0.15518  7.42752e-04 |  6 -0.06080 -7.65944e-04
  7 -0.16572  1.82062e-03 |  8 -0.09003  1.92856e-03 |  9  0.01162  1.00335e-03
 10  0.11736  3.25752e-03 | 11 -0.02344  7.52951e-04 | 12  0.01391 -7.84350e-04
 13  0.03837  7.59518e-04 | 14  0.06460 -1.41481e-03 | 15  0.01502 -5.32588e-03
 16 -0.04050 -1.15263e-03 | 17 -0.02082  1.59447e-03 | 18  0.01742 -2.39994e-03
 19  0.04075 -3.96136e-03 | 20 -0.06399  1.98489e-03 | 21 -0.11773  3.41653e-03
 22 -0.00946 -4.66702e-03 | 23  0.04297 -3.78086e-03 | 24 -0.00441 -1.91312e-03
 25  0.03928  3.53617e-03 | 26  0.04576 -1.65606e-03 | 27  0.03272 -2.07584e-03
 28  0.00974  4.61689e-03 | 29  0.01520  9.72605e-03 | 30  0.00331  6.94283e-04
 31  0.01579 -2.23187e-03 | 32  0.08731 -7.35981e-03 | 33  0.03562 -2.44842e-03
 34 -0.02535 -4.42482e-04 | 35  0.03522  1.44764e-03 | 36  0.10362  6.30971e-04
 37 -0.01201  1.09978e-03 | 38  0.30781  5.31352e-03 | 39  0.28177 -8.76077e-03
 40  0.26291 -1.80963e-02 | 41 -0.04013 -4.75907e-02 | 42 -1.36918 -3.00881e-03
 43  0.52499  2.14053e-03 | 44 -0.42776 -2.41158e-03 | 45  0.37555 -8.09113e-04
 46 -0.37726  2.41316e-03 | 47  1.80164 -7.64750e-03 | 48 -0.46438 -9.89298e-03
 49  0.02144 -2.91135e-05 | 50 -0.04596 -6.89842e-02 | 51 -0.27030 -1.27616e-03
 52 -0.57695  4.67599e-03 |
52 variables; iteration 780; function evaluation 978; phase 3
Function value 9.6825873e+03; maximum gradient component mag -9.2671e-02
Var    Value     Gradient |Var    Value     Gradient |Var    Value     Gradient
  1 -0.00821 -9.26707e-02 |  2 -0.00122 -2.10983e-04 |  3  0.05274 -6.07567e-05
  4 -0.05061  1.46757e-03 |  5 -0.15517  1.57338e-03 |  6 -0.06080  1.96095e-03
  7 -0.16572  9.79321e-04 |  8 -0.09003  6.59975e-04 |  9  0.01162  4.55030e-04
 10  0.11736 -1.82296e-03 | 11 -0.02344  1.29071e-04 | 12  0.01391 -5.82386e-04
 13  0.03837 -2.45646e-03 | 14  0.06460 -1.80377e-03 | 15  0.01502  9.29162e-04
 16 -0.04050  9.42097e-04 | 17 -0.02082  1.23699e-04 | 18  0.01742  1.48606e-04
 19  0.04075 -1.54832e-03 | 20 -0.06399 -7.45157e-04 | 21 -0.11773 -4.43408e-04
 22 -0.00945  1.30155e-03 | 23  0.04297 -4.73530e-05 | 24 -0.00441  3.73538e-04
 25  0.03928 -6.67780e-04 | 26  0.04576 -3.50633e-04 | 27  0.03272 -1.22960e-03
 28  0.00974 -2.63305e-03 | 29  0.01520 -3.14168e-03 | 30  0.00331 -5.72449e-04
 31  0.01579  5.79733e-04 | 32  0.08731  5.97985e-05 | 33  0.03562  6.91324e-04
 34 -0.02535  1.15051e-03 | 35  0.03522  2.90387e-04 | 36  0.10362  2.20326e-03
 37 -0.01201  1.19730e-03 | 38  0.30781 -3.70142e-03 | 39  0.28177 -8.66062e-04
 40  0.26291  2.72532e-03 | 41 -0.02489 -2.07073e-02 | 42 -1.37340 -1.59197e-02
 43  0.52499 -7.41768e-04 | 44 -0.42776  1.66696e-03 | 45  0.37555 -1.65012e-03
 46 -0.37726  1.64758e-03 | 47  1.80164  3.94492e-03 | 48 -0.46438  3.10207e-03
 49  0.01097 -9.33171e-04 | 50 -0.05646 -2.91419e-02 | 51 -0.27285  1.73820e-04
 52 -0.58074  1.76867e-02 |
52 variables; iteration 800; function evaluation 1000; phase 3
Function value 9.6825873e+03; maximum gradient component mag -4.8434e-02
Var    Value     Gradient |Var    Value     Gradient |Var    Value     Gradient
  1 -0.00821 -4.84340e-02 |  2 -0.00122  1.06344e-03 |  3  0.05274  3.37241e-03
  4 -0.05061  1.97104e-03 |  5 -0.15517  1.20926e-03 |  6 -0.06080  6.02384e-04
  7 -0.16572  1.29157e-03 |  8 -0.09003  9.84184e-04 |  9  0.01162  9.33223e-04
 10  0.11736  4.36136e-03 | 11 -0.02344  1.37620e-03 | 12  0.01391 -1.71728e-04
 13  0.03837 -1.18979e-03 | 14  0.06460 -5.29957e-04 | 15  0.01502 -3.53789e-04
 16 -0.04050  6.08900e-04 | 17 -0.02082  7.61164e-04 | 18  0.01742 -2.44898e-03
 19  0.04075 -2.52209e-03 | 20 -0.06399 -2.39726e-04 | 21 -0.11773  1.27259e-03
 22 -0.00946 -1.53597e-03 | 23  0.04297 -1.17948e-03 | 24 -0.00441 -1.47762e-03
 25  0.03928  3.50696e-03 | 26  0.04576 -3.68797e-04 | 27  0.03272 -1.93911e-03
 28  0.00974 -7.09420e-04 | 29  0.01520  4.58629e-03 | 30  0.00331  2.00348e-03
 31  0.01579 -2.74783e-04 | 32  0.08731 -7.77050e-03 | 33  0.03562  1.60332e-04
 34 -0.02535  1.74591e-07 | 35  0.03522 -7.99356e-04 | 36  0.10362  2.23066e-03
 37 -0.01201  6.52203e-04 | 38  0.30781  1.28588e-03 | 39  0.28177 -4.22225e-03
 40  0.26291 -9.67507e-03 | 41 -0.02978 -1.84386e-02 | 42 -1.37630  1.72020e-03
 43  0.52499 -3.72143e-04 | 44 -0.42776  2.52685e-03 | 45  0.37555 -6.56858e-04
 46 -0.37726  1.70032e-03 | 47  1.80164 -8.19514e-03 | 48 -0.46438 -1.08947e-02
 49  0.01433  2.23456e-03 | 50 -0.05309 -2.89619e-02 | 51 -0.27462 -5.14450e-03
 52 -0.58337  1.61778e-03 |
  ic > imax  in fminim is answer attained ?
Var    Value     Gradient |Var    Value     Gradient |Var    Value     Gradient
  1 -0.00821 -6.70820e-04 |  2 -0.00122  3.21991e-05 |  3  0.05274  3.65548e-05
  4 -0.05061  1.73196e-05 |  5 -0.15517  9.18086e-07 |  6 -0.06080 -2.25895e-05
  7 -0.16572  1.39969e-05 |  8 -0.09003  6.53870e-06 |  9  0.01162 -8.36071e-06
 10  0.11736  2.21170e-05 | 11 -0.02344  2.56409e-05 | 12  0.01391  1.19195e-05
 13  0.03837  1.59188e-05 | 14  0.06460  2.61258e-05 | 15  0.01502  4.77721e-05
 16 -0.04050  2.59356e-05 | 17 -0.02082  1.59757e-05 | 18  0.01742 -2.03558e-05
 19  0.04075 -1.71694e-05 | 20 -0.06399 -3.13373e-05 | 21 -0.11773 -2.17407e-06
 22 -0.00946  1.06170e-05 | 23  0.04297  1.47941e-05 | 24 -0.00441 -1.69268e-06
 25  0.03928  3.68751e-05 | 26  0.04576 -4.43637e-06 | 27  0.03272 -5.76706e-05
 28  0.00974 -5.86875e-06 | 29  0.01520 -2.30402e-05 | 30  0.00331 -7.17988e-06
 31  0.01579  4.13611e-06 | 32  0.08731 -4.70185e-05 | 33  0.03562 -1.02868e-05
 34 -0.02535 -2.44430e-05 | 35  0.03522  5.55923e-06 | 36  0.10362  3.09652e-05
 37 -0.01201  8.57755e-06 | 38  0.30781 -3.54586e-05 | 39  0.28177  1.43294e-05
 40  0.26291  1.93171e-05 | 41 -0.02826 -1.15363e-04 | 42 -1.37724 -3.66762e-05
 43  0.52499 -2.28678e-05 | 44 -0.42776  5.49747e-05 | 45  0.37555 -4.20924e-05
 46 -0.37726  2.43564e-05 | 47  1.80164 -4.47883e-05 | 48 -0.46438 -4.11045e-05
 49  0.01329 -1.79276e-05 | 50 -0.05414 -1.49502e-04 | 51 -0.27520  2.58760e-05
 52 -0.58424  2.26552e-05 |
Function minimizer not making progress ... is minimum attained?
Minimprove criterion = 0.0000e+00

 - final statistics:
52 variables; iteration 818; function evaluation 1049
Function value 9.6826e+03; maximum gradient component mag -6.7082e-04
Exit code = 1;  converg criter 1.0000e-04
Var    Value     Gradient |Var    Value     Gradient |Var    Value     Gradient
  1 -0.00821 -6.70820e-04 |  2 -0.00122  3.21991e-05 |  3  0.05274  3.65548e-05
  4 -0.05061  1.73196e-05 |  5 -0.15517  9.18086e-07 |  6 -0.06080 -2.25895e-05
  7 -0.16572  1.39969e-05 |  8 -0.09003  6.53870e-06 |  9  0.01162 -8.36071e-06
 10  0.11736  2.21170e-05 | 11 -0.02344  2.56409e-05 | 12  0.01391  1.19195e-05
 13  0.03837  1.59188e-05 | 14  0.06460  2.61258e-05 | 15  0.01502  4.77721e-05
 16 -0.04050  2.59356e-05 | 17 -0.02082  1.59757e-05 | 18  0.01742 -2.03558e-05
 19  0.04075 -1.71694e-05 | 20 -0.06399 -3.13373e-05 | 21 -0.11773 -2.17407e-06
 22 -0.00946  1.06170e-05 | 23  0.04297  1.47941e-05 | 24 -0.00441 -1.69268e-06
 25  0.03928  3.68751e-05 | 26  0.04576 -4.43637e-06 | 27  0.03272 -5.76706e-05
 28  0.00974 -5.86875e-06 | 29  0.01520 -2.30402e-05 | 30  0.00331 -7.17988e-06
 31  0.01579  4.13611e-06 | 32  0.08731 -4.70185e-05 | 33  0.03562 -1.02868e-05
 34 -0.02535 -2.44430e-05 | 35  0.03522  5.55923e-06 | 36  0.10362  3.09652e-05
 37 -0.01201  8.57755e-06 | 38  0.30781 -3.54586e-05 | 39  0.28177  1.43294e-05
 40  0.26291  1.93171e-05 | 41 -0.02826 -1.15363e-04 | 42 -1.37724 -3.66762e-05
 43  0.52499 -2.28678e-05 | 44 -0.42776  5.49747e-05 | 45  0.37555 -4.20924e-05
 46 -0.37726  2.43564e-05 | 47  1.80164 -4.47883e-05 | 48 -0.46438 -4.11045e-05
 49  0.01329 -1.79276e-05 | 50 -0.05414 -1.49502e-04 | 51 -0.27520  2.58760e-05
 52 -0.58424  2.26552e-05 |
Estimating row 1 out of 52 for hessian
Estimating row 2 out of 52 for hessian
Estimating row 3 out of 52 for hessian
Estimating row 4 out of 52 for hessian
Estimating row 5 out of 52 for hessian
Estimating row 6 out of 52 for hessian
Estimating row 7 out of 52 for hessian
Estimating row 8 out of 52 for hessian
Estimating row 9 out of 52 for hessian
Estimating row 10 out of 52 for hessian
Estimating row 11 out of 52 for hessian
Estimating row 12 out of 52 for hessian
Estimating row 13 out of 52 for hessian
Estimating row 14 out of 52 for hessian
Estimating row 15 out of 52 for hessian
Estimating row 16 out of 52 for hessian
Estimating row 17 out of 52 for hessian
Estimating row 18 out of 52 for hessian
Estimating row 19 out of 52 for hessian
Estimating row 20 out of 52 for hessian
Estimating row 21 out of 52 for hessian
Estimating row 22 out of 52 for hessian
Estimating row 23 out of 52 for hessian
Estimating row 24 out of 52 for hessian
Estimating row 25 out of 52 for hessian
Estimating row 26 out of 52 for hessian
Estimating row 27 out of 52 for hessian
Estimating row 28 out of 52 for hessian
Estimating row 29 out of 52 for hessian
Estimating row 30 out of 52 for hessian
Estimating row 31 out of 52 for hessian
Estimating row 32 out of 52 for hessian
Estimating row 33 out of 52 for hessian
Estimating row 34 out of 52 for hessian
Estimating row 35 out of 52 for hessian
Estimating row 36 out of 52 for hessian
Estimating row 37 out of 52 for hessian
Estimating row 38 out of 52 for hessian
Estimating row 39 out of 52 for hessian
Estimating row 40 out of 52 for hessian
Estimating row 41 out of 52 for hessian
Estimating row 42 out of 52 for hessian
Estimating row 43 out of 52 for hessian
Estimating row 44 out of 52 for hessian
Estimating row 45 out of 52 for hessian
Estimating row 46 out of 52 for hessian
Estimating row 47 out of 52 for hessian
Estimating row 48 out of 52 for hessian
Estimating row 49 out of 52 for hessian
Estimating row 50 out of 52 for hessian
Estimating row 51 out of 52 for hessian
Estimating row 52 out of 52 for hessian
size of file gradfil1.tmp = 0
size of file gradfil2.tmp = 0
size of file varssave.tmp = 0
size of file cmpdiff.tmp = 0
