
Initial statistics: 36 variables; iteration 0; function evaluation 0; phase 1
Function value 1.6274179e+04; maximum gradient component mag -4.1568e+03
Var    Value     Gradient |Var    Value     Gradient |Var    Value     Gradient
  1  0.06412 -4.15676e+03 |  2 -0.00823  7.65050e+01 |  3  0.06066  2.00177e+02
  4 -0.05443 -4.81906e+01 |  5 -0.07725  1.71034e+02 |  6 -0.06528 -3.77317e+01
  7 -0.07992  1.37029e+02 |  8 -0.07294  5.54562e+01 |  9 -0.01293  7.80412e+01
 10  0.16214  7.36050e+02 | 11  0.00459  4.82833e+02 | 12 -0.03005  5.34900e+01
 13  0.00868  5.31111e+01 | 14  0.05411  1.20512e+02 | 15  0.03347 -1.73835e+01
 16 -0.00870 -1.18193e+03 | 17 -0.05261 -2.45467e+02 | 18  0.00790 -7.07846e+02
 19  0.05876  6.58326e+02 | 20 -0.05253  2.39894e+02 | 21 -0.08899 -1.56696e+02
 22 -0.10016 -1.55289e+02 | 23  0.06477 -1.31534e+02 | 24  0.06427  7.36198e+01
 25 -0.05445  7.83362e+01 | 26  0.10155  9.25810e+02 | 27  0.06721  4.15824e+02
 28  0.01274 -3.53970e+02 | 29 -0.00967 -5.59028e+02 | 30 -0.01790  1.17261e+02
 31  0.05739  7.33840e+02 | 32  0.09982  5.10224e+02 | 33 -0.01550 -9.56338e+02
 34 -0.04220 -6.76528e+02 | 35 -0.02168 -9.53339e+02 | 36  0.00896  2.15305e+02

Intermediate statistics: 36 variables; iteration 20; function evaluation 30; phase 1
Function value 1.5856789e+04; maximum gradient component mag -5.4821e+03
Var    Value     Gradient |Var    Value     Gradient |Var    Value     Gradient
  1  0.04841 -5.48214e+03 |  2 -0.02557  6.99644e+01 |  3  0.00263  8.39631e+01
  4 -0.06735  4.84506e+01 |  5 -0.18595  8.51562e+01 |  6 -0.08538  4.04581e+01
  7 -0.18847  6.61626e+01 |  8 -0.11963  5.04938e+01 |  9 -0.01847  6.86652e+01
 10  0.06028 -6.27745e+01 | 11 -0.15574  9.29439e+01 | 12 -0.07506  9.69476e+01
 13  0.01609  3.43026e+01 | 14  0.08270  1.23505e+02 | 15  0.05638 -6.65286e+01
 16  0.06065 -6.71363e+02 | 17  0.00766 -1.31544e+01 | 18  0.07647 -2.62516e+02
 19  0.04431  2.09476e+02 | 20 -0.03223  1.28567e+02 | 21 -0.04893 -4.53751e+01
 22 -0.04948 -2.99927e+01 | 23  0.10616 -3.40482e+01 | 24  0.08287  8.00782e+00
 25 -0.03637  1.15630e+01 | 26  0.07415  3.19603e+02 | 27  0.08764  2.95343e+02
 28  0.05602 -1.41322e+02 | 29  0.03366 -3.25193e+02 | 30  0.00071  3.50773e+01
 31  0.03355  2.03980e+02 | 32  0.11337  2.93541e+02 | 33  0.05357 -4.54283e+02
 34  0.00945 -3.73825e+02 | 35  0.06444 -3.80274e+02 | 36 -0.05250  3.22689e+01
36 variables; iteration 40; function evaluation 63; phase 1
Function value 1.5780061e+04; maximum gradient component mag -2.5015e+02
Var    Value     Gradient |Var    Value     Gradient |Var    Value     Gradient
  1  0.05212 -2.50147e+02 |  2 -0.02475  2.19676e+01 |  3 -0.01080  1.01884e+01
  4 -0.06376  2.25603e+01 |  5 -0.20635  7.89021e+00 |  6 -0.08055  3.30931e+00
  7 -0.18273  1.36800e+01 |  8 -0.11078  1.27901e+01 |  9 -0.02984  1.39810e+01
 10  0.05977 -2.81040e+01 | 11 -0.18841  3.09615e+00 | 12 -0.09130  1.76607e+01
 13  0.01282  8.39718e+00 | 14  0.07234 -1.34988e+00 | 15  0.05566 -1.34127e+01
 16  0.12244 -5.25768e+01 | 17  0.01793  3.37884e+01 | 18  0.10047  8.85818e+00
 19  0.02496  4.19610e+00 | 20 -0.04298  1.29713e+01 | 21 -0.04389  2.32780e+01
 22 -0.04028  1.14930e+01 | 23  0.11043  6.92860e+00 | 24  0.07956 -1.01450e+00
 25 -0.03523  1.49244e+01 | 26  0.04567  9.72069e+00 | 27  0.06513  4.17198e+00
 28  0.06384  6.43144e+00 | 29  0.05210  1.48723e+01 | 30 -0.00034  8.37409e+00
 31  0.01542  2.00562e+01 | 32  0.09040  1.35750e+01 | 33  0.08881  1.98334e+00
 34  0.03923  5.44016e+00 | 35  0.10120  5.17237e+00 | 36 -0.06556  1.01239e+01

 - final statistics:
36 variables; iteration 43; function evaluation 66
Function value 1.5779e+04; maximum gradient component mag 4.4243e+00
Exit code = 1;  converg criter 1.0000e+01
Var    Value     Gradient |Var    Value     Gradient |Var    Value     Gradient
  1  0.05178  4.42434e+00 |  2 -0.03110 -1.87679e-01 |  3 -0.01092  1.26186e-01
  4 -0.07019  2.84993e-02 |  5 -0.20960 -4.66091e-02 |  6 -0.08174  1.45648e-01
  7 -0.19093 -1.90657e-01 |  8 -0.11776  9.69229e-02 |  9 -0.03656  1.74486e-01
 10  0.06309  1.00735e+00 | 11 -0.18554 -1.85696e-01 | 12 -0.09417 -2.28187e-01
 13  0.01349 -4.66565e-03 | 14  0.07375 -2.85692e-02 | 15  0.05794 -3.51148e-02
 16  0.13500  6.01932e-02 | 17  0.01833 -4.20557e-01 | 18  0.10130  4.20935e-03
 19  0.02615 -4.70274e-02 | 20 -0.04265 -6.30206e-02 | 21 -0.04459 -1.52879e-01
 22 -0.04006 -8.66039e-03 | 23  0.11126 -9.57166e-03 | 24  0.08117  4.68874e-02
 25 -0.03517  2.78327e-02 | 26  0.04625 -1.24926e-02 | 27  0.06600 -5.26848e-02
 28  0.06457  6.36902e-02 | 29  0.05232 -2.05311e-02 | 30  0.00045  3.53597e-02
 31  0.01503  7.38495e-02 | 32  0.09066 -3.04167e-02 | 33  0.09002  1.94964e-01
 34  0.04019  1.39128e-01 | 35  0.10225  1.78518e-01 | 36 -0.06513  5.36309e-02

Initial statistics: 46 variables; iteration 0; function evaluation 0; phase 2
Function value 1.5779420e+04; maximum gradient component mag 4.7284e+04
Var    Value     Gradient |Var    Value     Gradient |Var    Value     Gradient
  1  0.05178  4.42434e+00 |  2 -0.03110 -2.08321e-01 |  3 -0.01092  1.05522e-01
  4 -0.07020  7.95828e-03 |  5 -0.20960 -6.61656e-02 |  6 -0.08174  1.25152e-01
  7 -0.19093 -2.10401e-01 |  8 -0.11776  7.66089e-02 |  9 -0.03656  1.53853e-01
 10  0.06309  9.86784e-01 | 11 -0.18554 -2.05491e-01 | 12 -0.09417 -2.48628e-01
 13  0.01349 -2.53275e-02 | 14  0.07375 -4.90972e-02 | 15  0.05793 -5.56959e-02
 16  0.13500  3.99896e-02 | 17  0.01833 -4.41215e-01 | 18  0.10130 -1.61961e-02
 19  0.02615 -6.76765e-02 | 20 -0.04265 -8.36408e-02 | 21 -0.04459 -1.73495e-01
 22 -0.04006 -2.92860e-02 | 23  0.11126 -2.99234e-02 | 24  0.08117  2.63886e-02
 25 -0.03517  7.19773e-03 | 26  0.04625 -3.31047e-02 | 27  0.06600 -7.32403e-02
 28  0.06457  4.31299e-02 | 29  0.05232 -4.11278e-02 | 30  0.00045  1.46932e-02
 31  0.01503  5.31887e-02 | 32  0.09066 -5.08741e-02 | 33  0.09002  1.74503e-01
 34  0.04019  1.18503e-01 | 35  0.10225  1.58117e-01 | 36 -0.06513  3.30724e-02
 37  0.40428  4.72836e+04 | 38  0.21976 -8.12351e+03 | 39  0.33317  4.55972e+03
 40  0.21304 -7.36248e+03 | 41 -0.06263 -1.90073e+04 | 42 -0.88721  5.74318e+03
 43 -0.08191  8.51009e+02 | 44 -0.09683 -2.83087e+04 | 45 -0.33732 -1.39501e+03
 46 -0.85749  5.87056e+03 |

Intermediate statistics: 46 variables; iteration 20; function evaluation 39; phase 2
Function value 1.0724175e+04; maximum gradient component mag 3.7404e+04
Var    Value     Gradient |Var    Value     Gradient |Var    Value     Gradient
  1  0.06083  1.00211e+04 |  2  0.06933  2.05874e+02 |  3  0.07605 -1.46432e+01
  4 -0.59414 -1.51996e+02 |  5  0.03411  2.51752e+02 |  6 -0.10589 -2.62340e+02
  7  0.09204  2.54921e+02 |  8  0.05485  7.20830e+01 |  9  0.13652  1.33499e+02
 10  0.20885  4.55043e+02 | 11 -0.14506 -8.58920e+01 | 12  0.30385  4.90103e+02
 13  0.19132  4.51533e+02 | 14  0.28128  1.38977e+03 | 15  0.15433  7.92367e+02
 16  2.31836  8.38631e+02 | 17 -0.49912 -2.11849e+02 | 18  0.21470  4.03683e+02
 19  0.15605  5.07920e+02 | 20  0.05414  4.58271e+02 | 21  0.10700  7.91921e+02
 22  0.10293  5.85035e+02 | 23 -0.03166 -1.19528e+02 | 24  0.04911 -3.97617e+01
 25 -0.00228  7.64094e+01 | 26 -0.96121 -3.18764e+01 | 27  0.04089 -2.00893e+03
 28 -0.16902 -9.17143e+02 | 29 -0.08788 -1.69832e+03 | 30  0.04186  3.93284e+02
 31  0.03653  8.22739e+02 | 32  0.14041  8.18243e+02 | 33  0.12544  1.04065e+03
 34  0.05073  8.95902e+02 | 35  0.16406  1.19555e+03 | 36 -1.75101 -6.69030e+01
 37  0.34456  3.74043e+04 | 38  0.23373 -8.82156e+03 | 39  0.31761  3.52616e+03
 40  0.28061  7.82795e+03 | 41 -2.31339 -4.24886e+01 | 42 -1.11939  8.24138e-01
 43  1.64780 -2.95888e+01 | 44  1.38900 -2.02863e+01 | 45  0.62118 -1.43452e+01
 46 -1.16903 -5.83999e+00 |
  ic > imax  in fminim is answer attained ?
Var    Value     Gradient |Var    Value     Gradient |Var    Value     Gradient
  1  0.06861  9.54827e+03 |  2  0.06686  4.53992e+02 |  3  0.14306  3.28459e+02
  4 -1.08001 -1.87170e+01 |  5  0.04011  5.37361e+02 |  6 -0.12439  6.18191e+01
  7  0.05665  5.02436e+02 |  8  0.07405  4.23310e+02 |  9  0.20247  5.22986e+02
 10  0.21383  5.84932e+02 | 11 -0.02966  3.67431e+02 | 12  0.41515  6.91097e+02
 13  0.31823  8.08536e+02 | 14  0.46258  1.94160e+03 | 15  0.16909  3.79387e+02
 16  2.47543  4.53956e+02 | 17 -0.22469  1.35771e+02 | 18  0.26080  6.55930e+02
 19  0.28747  1.09530e+03 | 20  0.12947  8.43592e+02 | 21  0.15125  1.13940e+03
 22  0.09219  7.75385e+02 | 23 -0.04605  1.69720e+02 | 24 -0.11895  1.94712e+02
 25  0.10613  5.94143e+02 | 26 -1.39794  6.41035e+01 | 27  0.02899 -3.48954e+02
 28 -0.14881 -3.25567e+02 | 29 -0.13155 -1.14935e+03 | 30  0.03447  6.23565e+02
 31 -0.06135  7.16758e+02 | 32  0.06900  7.38155e+02 | 33  0.06881  1.17832e+03
 34 -0.07379  8.20152e+02 | 35  0.00193  9.34098e+02 | 36 -1.74160 -3.67349e+02
 37  0.32744  3.49745e+04 | 38  0.23211 -9.35865e+03 | 39  0.30737  3.76757e+03
 40  0.28765  5.57289e+03 | 41 -2.54647  4.76461e+00 | 42 -1.19193 -1.41976e+01
 43  2.14324  1.03150e+01 | 44  1.46162  3.42271e-03 | 45  0.90350  5.71250e+00
 46 -1.39979 -1.99259e-02 |
Function minimizer not making progress ... is minimum attained?
Minimprove criterion = 0.0000e+00

 - final statistics:
46 variables; iteration 24; function evaluation 75
Function value 1.0593e+04; maximum gradient component mag 3.4974e+04
Exit code = 1;  converg criter 1.0000e+01
Var    Value     Gradient |Var    Value     Gradient |Var    Value     Gradient
  1  0.06861  9.54827e+03 |  2  0.06686  4.53992e+02 |  3  0.14306  3.28459e+02
  4 -1.08001 -1.87170e+01 |  5  0.04011  5.37361e+02 |  6 -0.12439  6.18191e+01
  7  0.05665  5.02436e+02 |  8  0.07405  4.23310e+02 |  9  0.20247  5.22986e+02
 10  0.21383  5.84932e+02 | 11 -0.02966  3.67431e+02 | 12  0.41515  6.91097e+02
 13  0.31823  8.08536e+02 | 14  0.46258  1.94160e+03 | 15  0.16909  3.79387e+02
 16  2.47543  4.53956e+02 | 17 -0.22469  1.35771e+02 | 18  0.26080  6.55930e+02
 19  0.28747  1.09530e+03 | 20  0.12947  8.43592e+02 | 21  0.15125  1.13940e+03
 22  0.09219  7.75385e+02 | 23 -0.04605  1.69720e+02 | 24 -0.11895  1.94712e+02
 25  0.10613  5.94143e+02 | 26 -1.39794  6.41035e+01 | 27  0.02899 -3.48954e+02
 28 -0.14881 -3.25567e+02 | 29 -0.13155 -1.14935e+03 | 30  0.03447  6.23565e+02
 31 -0.06135  7.16758e+02 | 32  0.06900  7.38155e+02 | 33  0.06881  1.17832e+03
 34 -0.07379  8.20152e+02 | 35  0.00193  9.34098e+02 | 36 -1.74160 -3.67349e+02
 37  0.32744  3.49745e+04 | 38  0.23211 -9.35865e+03 | 39  0.30737  3.76757e+03
 40  0.28765  5.57289e+03 | 41 -2.54647  4.76461e+00 | 42 -1.19193 -1.41976e+01
 43  2.14324  1.03150e+01 | 44  1.46162  3.42271e-03 | 45  0.90350  5.71250e+00
 46 -1.39979 -1.99259e-02 |

Initial statistics: 52 variables; iteration 0; function evaluation 0; phase 3
Function value 1.0464724e+04; maximum gradient component mag 3.4905e+04
Var    Value     Gradient |Var    Value     Gradient |Var    Value     Gradient
  1  0.06861  9.21988e+03 |  2  0.05258 -2.99287e+01 |  3  0.12851 -1.41299e+02
  4 -0.98727 -6.66711e+00 |  5  0.02587  5.07529e+01 |  6 -0.13892 -4.12622e+02
  7  0.04239  1.88002e+01 |  8  0.05975 -5.94381e+01 |  9  0.18756  6.10480e+01
 10  0.19883  1.27604e+02 | 11 -0.04390 -1.18771e+02 | 12  0.39745  3.11190e+02
 13  0.30214  3.84528e+02 | 14  0.44381  1.61375e+03 | 15  0.15440 -9.03908e+01
 16 -0.49509 -7.85519e+02 | 17 -0.23991 -3.16944e+02 | 18  0.24538  2.09110e+02
 19  0.27176  6.68805e+02 | 20  0.11499  3.66739e+02 | 21  0.13666  6.67925e+02
 22  0.07785  2.91983e+02 | 23 -0.06031 -3.15549e+02 | 24 -0.13345 -2.83515e+02
 25  0.09174  8.77481e+01 | 26 -0.62704 -3.29774e+02 | 27  0.01477 -8.85655e+02
 28 -0.16347 -8.10106e+02 | 29 -0.14611 -1.65445e+03 | 30  0.02024  1.35796e+02
 31 -0.07565  2.30870e+02 | 32  0.05471  2.52613e+02 | 33  0.05453  6.96145e+02
 34 -0.08813  3.33420e+02 | 35 -0.01228  4.43139e+02 | 36 -0.27396 -8.05558e+01
 37  0.32744  3.49047e+04 | 38  0.23211 -9.37708e+03 | 39  0.30737  3.76676e+03
 40  0.28765  5.53756e+03 | 41  0.54647 -4.88037e+00 | 42 -0.80807  1.42744e+01
 43  0.81459  5.70053e+02 | 44 -0.80278 -7.92267e+00 | 45  0.04022 -6.72348e+03
 46 -0.89706  1.79405e+03 | 47  0.18499 -3.19860e+02 | 48 -0.83901  4.73586e+02
 49 -0.14324 -1.05949e+01 | 50  0.53838  3.54527e-03 | 51  0.90350  5.55511e+00
 52 -0.60021 -4.32693e-03 |

Intermediate statistics: 52 variables; iteration 20; function evaluation 37; phase 3
Function value 4.6508202e+03; maximum gradient component mag 2.8845e+03
Var    Value     Gradient |Var    Value     Gradient |Var    Value     Gradient
  1  0.14885 -1.51465e+03 |  2 -0.09914  3.03652e+02 |  3 -0.08276  2.59724e+02
  4 -0.64233 -2.54774e+01 |  5 -0.27876  2.84810e+02 |  6 -0.17847  1.56178e+02
  7 -0.20097  3.56511e+02 |  8 -0.20059  2.73767e+02 |  9 -0.03498  3.00182e+02
 10  0.16981  2.46455e+02 | 11  0.00874  3.19250e+02 | 12  0.16407  2.80288e+02
 13  0.12037  3.12665e+02 | 14  0.10962  2.93120e+02 | 15 -0.05189  2.65795e+02
 16  0.33348  6.07201e+02 | 17  0.16926  3.21913e+02 | 18  0.20803  3.20358e+02
 19  0.27142  2.41933e+02 | 20  0.02664  2.60672e+02 | 21  0.04734  2.76438e+02
 22  0.05439  4.59638e+02 | 23 -0.19931  2.74006e+02 | 24  0.35464  3.48103e+02
 25  0.14830  2.32143e+02 | 26  0.08527  1.66284e+02 | 27 -0.21058 -1.03464e+01
 28  0.07084 -2.25053e+02 | 29  0.01591  1.57768e+02 | 30  0.18923  4.22237e+02
 31  0.00656  2.77434e+02 | 32  0.26246  3.76032e+02 | 33  0.04634  3.45604e+02
 34  0.02813  4.34494e+02 | 35  0.09023  5.29516e+02 | 36 -0.73510  7.41659e+01
 37  0.17867  2.88455e+03 | 38  0.16064 -1.78305e+02 | 39  0.12082 -2.07656e+03
 40  0.16603 -1.77338e+03 | 41  0.20135  9.50228e+01 | 42 -1.13997 -1.15556e+01
 43  1.26041  5.76092e+01 | 44 -0.76017  5.50067e+00 | 45  0.61928 -1.15589e+03
 46 -1.01878 -3.54148e+01 | 47  0.48517 -3.96815e+02 | 48 -1.02445 -7.62947e+00
 49 -0.39547 -3.52604e+01 | 50  0.21858  1.77767e+02 | 51  0.74456  1.24453e+01
 52 -0.76140  3.13006e+00 |
52 variables; iteration 40; function evaluation 68; phase 3
Function value 4.2569811e+03; maximum gradient component mag -2.9500e+03
Var    Value     Gradient |Var    Value     Gradient |Var    Value     Gradient
  1  0.15340 -2.94999e+03 |  2 -0.08763  4.00479e+02 |  3 -0.11764  3.47213e+02
  4 -0.27343  1.17923e+02 |  5 -0.23980  4.12087e+02 |  6 -0.05126  5.50843e+02
  7 -0.20238  3.30707e+02 |  8 -0.17837  3.23373e+02 |  9 -0.01728  3.81224e+02
 10  0.27690  5.37006e+02 | 11  0.12243  4.86931e+02 | 12  0.18494  3.39963e+02
 13  0.14369  3.42610e+02 | 14  0.11169  3.26750e+02 | 15  0.10719  4.43364e+02
 16  0.04111  4.79328e+02 | 17  0.09886  4.53199e+02 | 18  0.13930  3.64435e+02
 19  0.28919  3.59181e+02 | 20  0.08982  4.61915e+02 | 21  0.10453  5.79721e+02
 22 -0.09791  3.58203e+02 | 23 -0.32931  3.44194e+02 | 24  0.29533  4.15334e+02
 25  0.09289  2.48314e+02 | 26  0.03584  1.90777e+02 | 27 -0.09048  2.27626e+02
 28  0.13911  2.79090e+02 | 29 -0.08470  1.47382e+02 | 30  0.10736  2.66889e+02
 31  0.06544  4.20596e+02 | 32  0.18891  2.51504e+02 | 33 -0.07514  2.49418e+02
 34 -0.03268  3.82648e+02 | 35  0.06027  5.15933e+02 | 36 -0.48575  2.57881e+02
 37  0.17107 -2.03436e+01 | 38  0.16192 -1.18883e+03 | 39  0.15691 -6.29499e+02
 40  0.16384 -2.53573e+03 | 41 -0.33268 -2.12158e+01 | 42 -1.14685 -5.54316e+01
 43  1.13126  2.85546e+01 | 44 -0.75523 -7.47352e+00 | 45  0.74237 -4.83091e+02
 46 -0.97564  2.05605e+01 | 47  0.56023 -3.87889e+02 | 48 -0.77813  7.15637e+01
 49 -2.04962 -1.20318e+02 | 50  0.64369 -8.29750e+01 | 51 -0.23885 -1.46165e+02
 52 -1.35365 -1.80285e+02 |
52 variables; iteration 60; function evaluation 100; phase 3
Function value 3.9723526e+03; maximum gradient component mag -1.8359e+03
Var    Value     Gradient |Var    Value     Gradient |Var    Value     Gradient
  1  0.16549 -1.83586e+03 |  2 -0.00836  4.18094e+01 |  3  0.00810  2.59636e+00
  4 -0.02311 -4.70360e+00 |  5 -0.15206 -1.89619e+01 |  6 -0.02685 -2.51066e+01
  7 -0.09166  1.14609e+01 |  8 -0.04927  2.88257e+01 |  9  0.02027  2.10539e+01
 10  0.12069 -6.89863e+01 | 11 -0.01505 -2.42583e+01 | 12  0.13452 -2.48118e+01
 13  0.14354  2.69383e+01 | 14  0.09925 -1.83664e+01 | 15  0.02527 -1.45216e+01
 16 -0.12209 -5.29876e+01 | 17  0.01648 -5.90990e+00 | 18  0.12705 -9.62800e+00
 19  0.22778 -6.12126e+00 | 20  0.02944  1.93388e+01 | 21 -0.00920 -2.77269e+01
 22 -0.07387  2.01242e+01 | 23 -0.20022  1.66265e+01 | 24  0.12398 -2.65550e+01
 25  0.00998 -1.03442e+02 | 26  0.06530  3.20852e+01 | 27 -0.10277 -1.56923e+02
 28  0.08409 -9.18197e+01 | 29 -0.00621 -7.57446e+01 | 30  0.07247 -3.16510e+01
 31 -0.04770 -6.09823e+01 | 32  0.15524 -7.20280e+01 | 33 -0.04607 -2.29102e+01
 34 -0.06526  3.31111e+01 | 35 -0.02345  9.40711e+00 | 36 -0.45131  3.92898e+00
 37  0.17007 -1.43675e+03 | 38  0.16825 -1.60694e+02 | 39  0.17630  1.25398e+02
 40  0.16592 -3.89729e+02 | 41 -0.09383 -3.87628e+01 | 42 -1.17901 -2.88273e+01
 43  1.00563  1.81149e+00 | 44 -1.25703  1.64569e+01 | 45  1.02564  2.66668e+01
 46 -0.87904  4.63800e+01 | 47  0.78504 -5.63949e+01 | 48 -0.81108  4.46158e+00
 49 -1.92134  4.92918e+00 | 50  0.42126 -4.10482e+01 | 51 -0.15591  3.70129e+01
 52 -1.23688 -1.49076e+01 |
52 variables; iteration 80; function evaluation 120; phase 3
Function value 3.8777147e+03; maximum gradient component mag 1.2488e+02
Var    Value     Gradient |Var    Value     Gradient |Var    Value     Gradient
  1  0.44729  8.29044e+01 |  2 -0.02181  5.95113e+00 |  3  0.02062  5.41274e+00
  4 -0.00208 -3.76040e-01 |  5 -0.11143  9.20557e+00 |  6  0.00455  5.63490e+00
  7 -0.07313  8.21819e+00 |  8 -0.04915  5.48912e+00 |  9  0.02942  9.40624e+00
 10  0.15976  9.18803e+00 | 11  0.02017  8.80786e+00 | 12  0.16067  8.83208e+00
 13  0.12510  1.02412e+01 | 14  0.09338  1.09649e+01 | 15  0.02303  1.34150e+01
 16 -0.08561  3.96077e+00 | 17 -0.00793  7.70294e+00 | 18  0.12194  9.09213e+00
 19  0.21384  1.03110e+01 | 20  0.00726  1.25465e+01 | 21 -0.02357  1.32121e+01
 22 -0.14081  1.25501e+01 | 23 -0.31164  6.17021e+00 | 24  0.15864  5.78281e+00
 25  0.06961  1.47507e+01 | 26  0.01795  1.68421e+01 | 27 -0.00637  1.33102e+01
 28  0.05444  4.24719e+00 | 29  0.01450  1.66573e+01 | 30  0.05987  1.33895e+01
 31 -0.00950  1.04451e+01 | 32  0.13744  1.17944e+01 | 33 -0.05863  1.03674e+01
 34 -0.11952  1.40505e+01 | 35 -0.04568  3.65097e+01 | 36 -0.45594  6.97984e+00
 37  0.06196  1.00557e+02 | 38  0.05810  5.02728e+01 | 39  0.06236  1.33694e+01
 40  0.05485  1.24884e+02 | 41 -0.44924 -2.71095e-01 | 42 -1.23889 -3.22197e+00
 43  0.99664 -3.73570e-01 | 44 -1.27975 -2.80589e-01 | 45  1.02819  2.76502e+01
 46 -0.99404  1.39697e+00 | 47  1.06465  1.05462e+01 | 48 -0.84725 -4.23924e+00
 49 -2.12499 -2.96559e+00 | 50  0.77590 -1.21063e+00 | 51 -0.20981  2.67617e+00
 52 -1.10610 -6.25843e-01 |
52 variables; iteration 100; function evaluation 140; phase 3
Function value 3.8751227e+03; maximum gradient component mag -4.3960e+01
Var    Value     Gradient |Var    Value     Gradient |Var    Value     Gradient
  1  0.60509 -2.44317e+01 |  2 -0.01609  9.77748e-01 |  3  0.03013  8.80382e-01
  4  0.00993  2.55502e-01 |  5 -0.10284  6.05974e-01 |  6  0.01422  4.63586e-01
  7 -0.06494  6.37372e-01 |  8 -0.04078  9.44314e-01 |  9  0.03281  6.70098e-01
 10  0.16018  1.26452e-01 | 11  0.02015  5.39395e-01 | 12  0.15985  6.35984e-01
 13  0.12287  3.83282e-01 | 14  0.09010 -3.05293e-01 | 15  0.01897  3.77491e-01
 16 -0.08348  5.75060e-01 | 17 -0.00880 -1.10104e-02 | 18  0.12017 -2.67810e-02
 19  0.21072 -5.90564e-01 | 20  0.00331  2.61285e-01 | 21 -0.02775 -4.17643e-01
 22 -0.14531  6.71842e-01 | 23 -0.31387  6.81460e-01 | 24  0.15917  2.98432e-01
 25  0.06627  1.53317e-01 | 26  0.01144 -8.66700e-01 | 27 -0.01063 -6.00116e-01
 28  0.05444 -1.06782e+00 | 29  0.00995 -2.15007e-01 | 30  0.05558 -3.73765e-01
 31 -0.01065  1.67049e-01 | 32  0.13455 -1.48654e+00 | 33 -0.06043  5.58189e-01
 34 -0.12016  1.45051e-01 | 35 -0.05760 -1.67114e+00 | 36 -0.46533  4.60434e-01
 37  0.01469 -4.39604e+01 | 38  0.01095 -1.46198e+01 | 39  0.01512 -3.53692e+00
 40  0.00732 -2.35001e+01 | 41 -0.50503  1.21993e-01 | 42 -1.24072 -6.99440e-01
 43  1.00815  1.57544e+00 | 44 -1.27851  1.37111e-01 | 45  1.00078  6.18710e-01
 46 -1.00100 -4.94378e-02 | 47  1.00441  5.73957e-01 | 48 -0.73406 -1.37229e-01
 49 -2.15273 -5.63066e-01 | 50  0.88068 -4.29459e-02 | 51 -0.21241  1.28290e+00
 52 -1.09541  5.71560e-03 |
52 variables; iteration 120; function evaluation 165; phase 3
Function value 3.8749423e+03; maximum gradient component mag -1.4664e+01
Var    Value     Gradient |Var    Value     Gradient |Var    Value     Gradient
  1  0.76017 -6.41052e+00 |  2 -0.01618  4.29133e-02 |  3  0.03023  1.31021e-01
  4  0.01030  1.49676e-01 |  5 -0.10263  2.80123e-02 |  6  0.01441  2.07783e-02
  7 -0.06486  3.03102e-02 |  8 -0.04091  3.02359e-02 |  9  0.03275  3.10157e-03
 10  0.16020 -1.51945e-02 | 11  0.02003 -4.95683e-02 | 12  0.15957 -8.94371e-02
 13  0.12276 -1.66722e-01 | 14  0.09022 -1.18652e-01 | 15  0.01889 -1.26333e-01
 16 -0.08375 -1.75932e-01 | 17 -0.00872 -1.62368e-01 | 18  0.12016 -1.19909e-01
 19  0.21072 -4.08176e-01 | 20  0.00321 -2.11764e-01 | 21 -0.02763 -1.63156e-01
 22 -0.14552  4.94047e-02 | 23 -0.31399  4.92074e-02 | 24  0.15888 -2.60067e-01
 25  0.06607 -2.62347e-01 | 26  0.01160 -4.61966e-01 | 27 -0.01043 -4.04169e-01
 28  0.05420 -1.22987e+00 | 29  0.00998 -2.25541e-01 | 30  0.05543 -5.87406e-01
 31 -0.01086 -3.72747e-01 | 32  0.13445 -1.21535e+00 | 33 -0.06071 -1.26094e-01
 34 -0.12044  4.75879e-02 | 35 -0.05692  3.30831e-01 | 36 -0.46450  1.18973e-01
 37 -0.01812 -1.46641e+01 | 38 -0.02190 -7.83060e+00 | 39 -0.01774 -2.54635e+00
 40 -0.02553 -1.13570e+01 | 41 -0.51282  4.48382e-01 | 42 -1.25446  1.22772e-01
 43  0.99946 -7.94791e-04 | 44 -1.27872  7.27919e-03 | 45  0.99965 -2.74789e-01
 46 -0.99858  1.04652e-01 | 47  0.99781 -1.20387e-01 | 48 -0.73316 -1.02198e-02
 49 -2.15598 -5.83773e-01 | 50  0.90316  7.31190e-02 | 51 -0.22143 -7.35436e-01
 52 -1.02251  6.74285e-02 |
52 variables; iteration 140; function evaluation 188; phase 3
Function value 3.8749164e+03; maximum gradient component mag -9.6239e+00
Var    Value     Gradient |Var    Value     Gradient |Var    Value     Gradient
  1  0.84217 -2.58467e+00 |  2 -0.01615  1.45096e-01 |  3  0.03023  1.42684e-01
  4  0.01032  1.89645e-01 |  5 -0.10259  8.36972e-02 |  6  0.01453  1.88196e-01
  7 -0.06475  1.28248e-01 |  8 -0.04083  8.87384e-02 |  9  0.03288  1.41194e-01
 10  0.16028  8.61937e-02 | 11  0.02012  8.62155e-02 | 12  0.15966  4.47895e-02
 13  0.12279 -1.20941e-02 | 14  0.09027  5.76614e-02 | 15  0.01895  6.22451e-02
 16 -0.08367  1.95452e-02 | 17 -0.00869  1.64065e-02 | 18  0.12011 -1.22590e-02
 19  0.21079 -1.02722e-01 | 20  0.00329  2.62911e-02 | 21 -0.02764  6.68565e-02
 22 -0.14568  8.11898e-02 | 23 -0.31431  8.08728e-02 | 24  0.15902 -7.61168e-02
 25  0.06609 -1.03471e-01 | 26  0.01157 -2.15043e-01 | 27 -0.01054 -2.18212e-01
 28  0.05430 -5.96805e-01 | 29  0.00993 -8.54902e-02 | 30  0.05545 -2.12492e-01
 31 -0.01088 -1.06107e-01 | 32  0.13447 -4.88552e-01 | 33 -0.06072  6.08270e-02
 34 -0.12049  8.09906e-02 | 35 -0.05717  7.26049e-02 | 36 -0.46486  9.57659e-02
 37 -0.02930 -9.62390e+00 | 38 -0.03308 -5.16150e+00 | 39 -0.02892 -1.17767e+00
 40 -0.03671 -5.83034e+00 | 41 -0.51438  2.49535e-01 | 42 -1.25472  5.75334e-02
 43  1.00213  1.46470e-01 | 44 -1.27870 -9.63375e-03 | 45  0.99992 -6.12772e-02
 46 -1.00102 -5.16457e-02 | 47  1.00202  9.53757e-02 | 48 -0.73216  1.21757e-01
 49 -2.15682 -4.13516e-01 | 50  0.90767  3.68987e-02 | 51 -0.22124 -3.02932e-01
 52 -0.98449 -1.18323e-01 |
52 variables; iteration 160; function evaluation 211; phase 3
Function value 3.8749035e+03; maximum gradient component mag -7.4454e+00
Var    Value     Gradient |Var    Value     Gradient |Var    Value     Gradient
  1  0.91495 -1.03235e+00 |  2 -0.01612  1.99746e-01 |  3  0.03027  1.71316e-01
  4  0.01031  1.01973e-01 |  5 -0.10258  8.57193e-02 |  6  0.01458  2.14935e-01
  7 -0.06471  1.27467e-01 |  8 -0.04078  1.17000e-01 |  9  0.03290  1.28520e-01
 10  0.16031  9.38329e-02 | 11  0.02014  1.00705e-01 | 12  0.15971  9.53136e-02
 13  0.12281  6.38127e-02 | 14  0.09027  7.17045e-02 | 15  0.01894  5.62711e-02
 16 -0.08361  1.15307e-01 | 17 -0.00869  4.34025e-02 | 18  0.12009  1.01247e-02
 19  0.21080 -1.44823e-02 | 20  0.00329  5.52162e-02 | 21 -0.02769  7.85199e-02
 22 -0.14581  1.43537e-02 | 23 -0.31456  6.73754e-02 | 24  0.15921  1.04330e-01
 25  0.06611 -9.07792e-02 | 26  0.01159 -1.04071e-01 | 27 -0.01058 -1.39312e-01
 28  0.05438 -2.58084e-01 | 29  0.00990 -7.54808e-02 | 30  0.05545 -1.38490e-01
 31 -0.01087 -5.08350e-03 | 32  0.13449 -1.88270e-01 | 33 -0.06074  4.06438e-02
 34 -0.12053  1.11489e-03 | 35 -0.05730 -2.03067e-01 | 36 -0.46493  1.10816e-01
 37 -0.03544 -7.44539e+00 | 38 -0.03921 -3.58303e+00 | 39 -0.03505 -6.11839e-01
 40 -0.04284 -4.25587e+00 | 41 -0.51377  1.81341e-01 | 42 -1.25136 -8.33891e-02
 43  1.00023 -1.56392e-03 | 44 -1.27865  3.73561e-04 | 45  0.99988 -9.62549e-02
 46 -1.00015 -2.57300e-03 | 47  0.99946  8.34411e-03 | 48 -0.73236  1.02455e-01
 49 -2.15655 -1.52733e-01 | 50  0.90558  5.52280e-02 | 51 -0.21915  9.11715e-02
 52 -0.95124 -3.44858e-02 |
52 variables; iteration 180; function evaluation 234; phase 3
Function value 3.8748985e+03; maximum gradient component mag -9.1528e-01
Var    Value     Gradient |Var    Value     Gradient |Var    Value     Gradient
  1  0.97301 -6.33603e-02 |  2 -0.01617 -7.30934e-02 |  3  0.03024 -3.96109e-02
  4  0.01033  1.03689e-02 |  5 -0.10254 -3.26465e-02 |  6  0.01452 -4.46672e-02
  7 -0.06474 -3.40161e-02 |  8 -0.04081 -7.08095e-02 |  9  0.03288 -3.50810e-02
 10  0.16029 -1.19773e-02 | 11  0.02011 -6.40050e-02 | 12  0.15966 -8.56838e-02
 13  0.12279 -6.71092e-02 | 14  0.09025 -4.60825e-02 | 15  0.01894 -3.17017e-02
 16 -0.08369 -1.00591e-01 | 17 -0.00867 -2.42906e-02 | 18  0.12009 -3.34707e-02
 19  0.21078 -7.84967e-02 | 20  0.00329 -3.75004e-02 | 21 -0.02770 -4.73081e-02
 22 -0.14571 -2.79363e-02 | 23 -0.31431 -3.06621e-02 | 24  0.15905 -1.19410e-01
 25  0.06612 -3.81805e-02 | 26  0.01162 -7.46551e-02 | 27 -0.01053 -7.83135e-02
 28  0.05434 -2.93285e-01 | 29  0.00992 -4.03818e-02 | 30  0.05548 -8.47717e-02
 31 -0.01089 -8.76438e-02 | 32  0.13447 -1.64795e-01 | 33 -0.06074  1.45715e-02
 34 -0.12052  2.57350e-02 | 35 -0.05721  1.15141e-01 | 36 -0.46495 -5.68255e-02
 37 -0.03769 -4.36258e-01 | 38 -0.04147 -4.42088e-01 | 39 -0.03731 -1.70649e-01
 40 -0.04510 -9.15282e-01 | 41 -0.50650  1.23825e-01 | 42 -1.24204  1.10402e-01
 43  1.00203  1.27921e-01 | 44 -1.27869 -1.97497e-02 | 45  1.00006  4.21081e-02
 46 -0.99995 -1.10394e-03 | 47  0.99888 -4.62501e-03 | 48 -0.73363 -3.48724e-02
 49 -2.15288 -2.27913e-01 | 50  0.88439  2.25441e-02 | 51 -0.21455 -2.88397e-01
 52 -0.90901 -8.42914e-03 |
52 variables; iteration 200; function evaluation 257; phase 3
Function value 3.8748969e+03; maximum gradient component mag -1.0146e+00
Var    Value     Gradient |Var    Value     Gradient |Var    Value     Gradient
  1  1.01488  4.26588e-02 |  2 -0.01617 -1.08175e-02 |  3  0.03023 -1.77096e-03
  4  0.01031  1.10475e-02 |  5 -0.10256  3.31577e-05 |  6  0.01452 -3.47836e-03
  7 -0.06474  5.03491e-04 |  8 -0.04081 -1.47711e-02 |  9  0.03288 -1.09857e-03
 10  0.16029  9.82093e-04 | 11  0.02013 -1.56419e-02 | 12  0.15968 -2.21871e-02
 13  0.12280 -1.87259e-02 | 14  0.09025 -1.34008e-02 | 15  0.01894 -1.13082e-02
 16 -0.08366 -3.23451e-02 | 17 -0.00868 -9.20509e-03 | 18  0.12009 -1.54021e-02
 19  0.21079 -3.83433e-02 | 20  0.00329 -1.84730e-02 | 21 -0.02771 -2.27263e-02
 22 -0.14573 -5.89915e-03 | 23 -0.31438 -1.09721e-04 | 24  0.15912 -3.86391e-02
 25  0.06613 -2.32193e-02 | 26  0.01162 -3.91435e-02 | 27 -0.01055 -4.06965e-02
 28  0.05439 -1.29804e-01 | 29  0.00993 -1.99039e-02 | 30  0.05548 -4.86363e-02
 31 -0.01087 -4.05781e-02 | 32  0.13448 -1.02613e-01 | 33 -0.06075  7.39949e-05
 34 -0.12054  7.75180e-03 | 35 -0.05724  2.30139e-02 | 36 -0.46494 -1.07302e-02
 37 -0.03787 -1.01461e+00 | 38 -0.04165 -5.90078e-01 | 39 -0.03749 -2.07411e-01
 40 -0.04528 -9.02440e-01 | 41 -0.49118  3.97429e-02 | 42 -1.22557  1.02146e-02
 43  1.00087  9.24668e-03 | 44 -1.27866 -5.68125e-03 | 45  0.99998 -1.15852e-02
 46 -0.99933  2.28415e-02 | 47  0.99987  3.77560e-03 | 48 -0.73345 -1.39937e-02
 49 -2.14522 -7.91504e-02 | 50  0.84851  1.44413e-02 | 51 -0.20622 -9.80864e-02
 52 -0.86502  6.15520e-03 |
52 variables; iteration 220; function evaluation 277; phase 3
Function value 3.8748967e+03; maximum gradient component mag 2.5150e-01
Var    Value     Gradient |Var    Value     Gradient |Var    Value     Gradient
  1  1.03212  1.74447e-02 |  2 -0.01617  3.00889e-03 |  3  0.03023 -9.32985e-04
  4  0.01029 -2.52031e-03 |  5 -0.10258  1.93087e-03 |  6  0.01451 -5.07308e-04
  7 -0.06475  2.64729e-03 |  8 -0.04080  1.15944e-03 |  9  0.03288  2.50944e-03
 10  0.16030  1.21916e-03 | 11  0.02014  3.87455e-03 | 12  0.15969  2.14621e-03
 13  0.12280  8.69969e-03 | 14  0.09026  5.92484e-03 | 15  0.01894  4.21893e-03
 16 -0.08364  3.67039e-03 | 17 -0.00868  6.20215e-03 | 18  0.12009  6.96450e-03
 19  0.21080  8.05495e-03 | 20  0.00330  5.02618e-03 | 21 -0.02771  4.16820e-03
 22 -0.14575  5.76031e-03 | 23 -0.31441  1.72896e-03 | 24  0.15915  2.84544e-03
 25  0.06614  8.13365e-03 | 26  0.01162  7.29025e-03 | 27 -0.01056  7.77932e-03
 28  0.05442  8.47460e-03 | 29  0.00992  9.47930e-03 | 30  0.05549  1.06707e-02
 31 -0.01087  6.21367e-03 | 32  0.13449  1.56926e-02 | 33 -0.06076  7.41045e-03
 34 -0.12055  9.13690e-03 | 35 -0.05726  1.85414e-02 | 36 -0.46494 -1.39603e-03
 37 -0.03758  2.51495e-01 | 38 -0.04136  1.34117e-01 | 39 -0.03721  3.80550e-02
 40 -0.04500  1.97118e-01 | 41 -0.47889  1.37314e-02 | 42 -1.21402  3.58322e-03
 43  0.99944 -2.95115e-04 | 44 -1.27864 -1.44444e-03 | 45  1.00002  6.00218e-03
 46 -1.00026 -5.39359e-03 | 47  0.99925  7.54304e-03 | 48 -0.73333  2.86867e-03
 49 -2.13895  7.03033e-03 | 50  0.82444  2.22969e-02 | 51 -0.20075  5.12945e-03
 52 -0.84257 -1.09683e-02 |
52 variables; iteration 240; function evaluation 301; phase 3
Function value 3.8748965e+03; maximum gradient component mag 7.3863e-01
Var    Value     Gradient |Var    Value     Gradient |Var    Value     Gradient
  1  1.04523 -5.30661e-03 |  2 -0.01616  3.30731e-02 |  3  0.03023  8.01284e-03
  4  0.01030  1.08978e-02 |  5 -0.10256  2.63245e-02 |  6  0.01453  4.36435e-02
  7 -0.06473  4.28615e-02 |  8 -0.04082 -2.20433e-02 |  9  0.03289  3.10345e-02
 10  0.16030  3.88821e-02 | 11  0.02014  2.62301e-02 | 12  0.15969 -4.93377e-03
 13  0.12282  5.00090e-02 | 14  0.09027  4.80716e-02 | 15  0.01895  3.94089e-02
 16 -0.08365  2.03106e-02 | 17 -0.00864  8.40736e-02 | 18  0.12009  5.08212e-02
 19  0.21080  2.57145e-02 | 20  0.00332  5.79253e-02 | 21 -0.02772  1.27877e-02
 22 -0.14576  1.25425e-02 | 23 -0.31442  3.44794e-02 | 24  0.15915  4.22505e-03
 25  0.06614  3.51513e-02 | 26  0.01163  5.04818e-02 | 27 -0.01054  3.48375e-02
 28  0.05438 -5.78726e-02 | 29  0.00992  3.95461e-02 | 30  0.05548  3.55765e-02
 31 -0.01088  3.15077e-02 | 32  0.13449  6.67244e-02 | 33 -0.06075  6.04134e-02
 34 -0.12053  6.04232e-02 | 35 -0.05727  6.97608e-02 | 36 -0.46504 -3.19789e-02
 37 -0.03723  7.38627e-01 | 38 -0.04100  3.23959e-01 | 39 -0.03685  9.59832e-02
 40 -0.04464  4.24667e-01 | 41 -0.45035 -1.45219e-01 | 42 -1.19386 -5.88627e-03
 43  0.99938 -1.26610e-03 | 44 -1.27869 -2.94123e-02 | 45  0.99994 -4.21741e-02
 46 -0.99972  6.04071e-03 | 47  0.99967  6.95259e-03 | 48 -0.73321  1.63473e-02
 49 -2.12401 -2.17326e-02 | 50  0.77684 -9.24722e-02 | 51 -0.19203 -2.84405e-02
 52 -0.81149  9.87292e-03 |
52 variables; iteration 260; function evaluation 329; phase 3
Function value 3.8748949e+03; maximum gradient component mag 1.8319e+00
Var    Value     Gradient |Var    Value     Gradient |Var    Value     Gradient
  1  1.01507 -2.95807e-02 |  2 -0.01616  1.16141e-02 |  3  0.03024 -1.14794e-02
  4  0.01031  3.78733e-03 |  5 -0.10256 -2.59240e-03 |  6  0.01454  2.36468e-02
  7 -0.06472  1.57909e-02 |  8 -0.04081 -3.22326e-02 |  9  0.03290  8.78718e-03
 10  0.16031  2.50491e-02 | 11  0.02014  9.76743e-03 | 12  0.15969 -6.96166e-03
 13  0.12281  3.87888e-02 | 14  0.09027  4.22193e-02 | 15  0.01895  2.22470e-02
 16 -0.08364  5.97971e-03 | 17 -0.00865  6.04075e-02 | 18  0.12009  4.94031e-02
 19  0.21080  5.92594e-02 | 20  0.00331  4.52663e-02 | 21 -0.02772  2.80446e-02
 22 -0.14577 -2.95977e-03 | 23 -0.31444 -7.35871e-03 | 24  0.15915  1.09054e-02
 25  0.06613  2.57858e-02 | 26  0.01162  4.47617e-02 | 27 -0.01055  3.29894e-02
 28  0.05439 -1.38335e-02 | 29  0.00991  2.82456e-02 | 30  0.05548  5.37207e-02
 31 -0.01088  3.69612e-02 | 32  0.13449  1.34281e-01 | 33 -0.06076  4.53734e-02
 34 -0.12054  4.58278e-02 | 35 -0.05727  8.13224e-02 | 36 -0.46501 -3.29332e-02
 37 -0.03786  1.83192e+00 | 38 -0.04164  8.47526e-01 | 39 -0.03748  3.01464e-01
 40 -0.04527  1.20822e+00 | 41 -0.38941  6.09319e-02 | 42 -1.17530  2.57947e-02
 43  1.00059  6.44469e-04 | 44 -1.27868 -2.53131e-02 | 45  0.99988 -9.46721e-02
 46 -1.00084 -3.52846e-02 | 47  0.99860 -2.34366e-02 | 48 -0.73307  3.47402e-02
 49 -2.09043  2.11477e-02 | 50  0.69480  6.78451e-02 | 51 -0.18474 -7.32853e-03
 52 -0.78898 -2.03413e-02 |
52 variables; iteration 280; function evaluation 349; phase 3
Function value 3.8748947e+03; maximum gradient component mag -8.3136e-02
Var    Value     Gradient |Var    Value     Gradient |Var    Value     Gradient
  1  1.00300  3.03525e-03 |  2 -0.01617 -9.05122e-04 |  3  0.03023  1.39123e-03
  4  0.01030  1.05860e-03 |  5 -0.10257 -1.07313e-04 |  6  0.01452  4.03082e-03
  7 -0.06474  4.08255e-04 |  8 -0.04080 -7.14210e-04 |  9  0.03289  9.84287e-04
 10  0.16030  4.10485e-03 | 11  0.02014 -1.58112e-03 | 12  0.15969 -4.64338e-03
 13  0.12280 -3.28787e-03 | 14  0.09026 -1.47193e-03 | 15  0.01894  1.23234e-03
 16 -0.08364  2.74864e-03 | 17 -0.00868  2.60213e-03 | 18  0.12008 -3.70051e-03
 19  0.21080 -7.53685e-03 | 20  0.00330  1.38711e-03 | 21 -0.02771  3.62823e-03
 22 -0.14575  2.96265e-03 | 23 -0.31443  4.20533e-03 | 24  0.15915 -5.69955e-03
 25  0.06614 -2.05729e-03 | 26  0.01162  3.17965e-03 | 27 -0.01056 -9.79283e-04
 28  0.05442 -4.88452e-03 | 29  0.00992 -2.68073e-03 | 30  0.05549 -1.01838e-03
 31 -0.01087  5.98572e-04 | 32  0.13449 -3.14075e-03 | 33 -0.06076  5.70985e-03
 34 -0.12055  3.19036e-03 | 35 -0.05726 -8.76595e-03 | 36 -0.46495 -2.38178e-03
 37 -0.03794 -2.66028e-02 | 38 -0.04172 -2.86270e-02 | 39 -0.03756  4.55922e-03
 40 -0.04535 -3.23572e-02 | 41 -0.38346 -8.31357e-02 | 42 -1.17685 -2.86642e-02
 43  1.00077  5.31005e-03 | 44 -1.27864 -8.00926e-04 | 45  0.99999  1.11236e-03
 46 -0.99919  3.26985e-02 | 47  0.99937  8.63605e-03 | 48 -0.73334  1.40169e-03
 49 -2.08705 -2.61394e-02 | 50  0.68752 -7.37292e-02 | 51 -0.18530  2.03010e-03
 52 -0.79062  2.54018e-02 |
52 variables; iteration 300; function evaluation 374; phase 3
Function value 3.8748943e+03; maximum gradient component mag -2.1427e-01
Var    Value     Gradient |Var    Value     Gradient |Var    Value     Gradient
  1  0.99906 -1.07365e-03 |  2 -0.01617 -5.72505e-03 |  3  0.03023  7.44519e-03
  4  0.01029 -1.06787e-02 |  5 -0.10258 -2.76798e-03 |  6  0.01451 -1.46169e-03
  7 -0.06475 -3.43077e-03 |  8 -0.04079  9.82305e-03 |  9  0.03288  9.14719e-04
 10  0.16029 -1.02255e-04 | 11  0.02013 -3.10329e-03 | 12  0.15969 -7.39880e-03
 13  0.12280 -1.12729e-02 | 14  0.09025 -1.12868e-02 | 15  0.01894 -2.12438e-04
 16 -0.08364  1.02125e-02 | 17 -0.00869 -2.62236e-03 | 18  0.12008 -1.27736e-02
 19  0.21080 -1.82219e-02 | 20  0.00329 -6.42408e-03 | 21 -0.02770  1.66738e-02
 22 -0.14574  1.63805e-02 | 23 -0.31440  1.53907e-02 | 24  0.15915 -8.08295e-03
 25  0.06614 -4.47250e-03 | 26  0.01162 -9.72349e-03 | 27 -0.01056 -7.79960e-03
 28  0.05442 -1.46283e-02 | 29  0.00992 -1.33285e-03 | 30  0.05549 -1.69921e-02
 31 -0.01087 -1.32388e-03 | 32  0.13449 -2.96035e-02 | 33 -0.06075  2.33781e-02
 34 -0.12054  2.09953e-02 | 35 -0.05727 -1.85264e-02 | 36 -0.46493  8.97812e-03
 37 -0.03794 -1.08871e-01 | 38 -0.04172 -1.45281e-01 | 39 -0.03757  5.60767e-02
 40 -0.04536 -2.14274e-01 | 41 -0.33239 -1.62180e-01 | 42 -1.16199 -5.51928e-02
 43  1.00034 -1.61002e-03 | 44 -1.27863  5.16539e-03 | 45  1.00012  9.09956e-02
 46 -1.00042 -1.09601e-02 | 47  1.00014 -3.91238e-03 | 48 -0.73336 -2.06689e-03
 49 -2.05718 -8.00348e-02 | 50  0.62937 -1.87234e-01 | 51 -0.17993  1.10005e-02
 52 -0.77524  5.75872e-02 |
52 variables; iteration 320; function evaluation 399; phase 3
Function value 3.8748940e+03; maximum gradient component mag 2.1950e-01
Var    Value     Gradient |Var    Value     Gradient |Var    Value     Gradient
  1  0.98641 -8.24149e-03 |  2 -0.01617 -2.78784e-03 |  3  0.03023 -3.01704e-03
  4  0.01030 -3.16770e-03 |  5 -0.10257 -2.74909e-03 |  6  0.01451 -4.11868e-03
  7 -0.06475 -2.38134e-03 |  8 -0.04080 -3.30594e-03 |  9  0.03288 -2.04256e-03
 10  0.16030 -2.59452e-03 | 11  0.02013 -1.79101e-03 | 12  0.15969 -2.69197e-03
 13  0.12280  1.23373e-04 | 14  0.09026  1.08565e-03 | 15  0.01894 -5.23798e-04
 16 -0.08364 -1.35794e-03 | 17 -0.00868  2.10606e-03 | 18  0.12009  1.61589e-03
 19  0.21080  1.63977e-03 | 20  0.00330 -2.21317e-04 | 21 -0.02771  3.83632e-03
 22 -0.14575  2.55704e-04 | 23 -0.31442 -2.91688e-03 | 24  0.15915 -2.88157e-03
 25  0.06614 -4.07787e-05 | 26  0.01162  8.66987e-04 | 27 -0.01056  2.52989e-03
 28  0.05442 -1.84666e-03 | 29  0.00992  2.55564e-03 | 30  0.05549  2.64538e-03
 31 -0.01087  1.94214e-03 | 32  0.13449  9.37203e-03 | 33 -0.06076  2.94059e-03
 34 -0.12055  4.47830e-03 | 35 -0.05726  1.44863e-02 | 36 -0.46494 -2.50149e-03
 37 -0.03788  2.19496e-01 | 38 -0.04166  9.66500e-02 | 39 -0.03750  3.70655e-02
 40 -0.04529  1.62381e-01 | 41 -0.25245  1.07079e-03 | 42 -1.14817 -3.36914e-03
 43  1.00093  1.15742e-02 | 44 -1.27864 -1.07877e-03 | 45  0.99990 -7.63685e-02
 46 -1.00011 -1.52970e-03 | 47  1.00084 -5.71548e-03 | 48 -0.73334  1.92974e-03
 49 -2.00784  4.88881e-03 | 50  0.54764  9.31961e-03 | 51 -0.17541 -2.52325e-04
 52 -0.76297  1.16863e-02 |
52 variables; iteration 340; function evaluation 422; phase 3
Function value 3.8748937e+03; maximum gradient component mag -8.9734e-01
Var    Value     Gradient |Var    Value     Gradient |Var    Value     Gradient
  1  0.99491 -1.22583e-02 |  2 -0.01617  1.63780e-02 |  3  0.03023  1.53130e-02
  4  0.01030  1.60682e-02 |  5 -0.10257  7.82177e-03 |  6  0.01452  1.96353e-02
  7 -0.06475  1.11562e-02 |  8 -0.04080  9.65321e-03 |  9  0.03288  1.24667e-02
 10  0.16030  1.40077e-02 | 11  0.02014  5.44416e-03 | 12  0.15970  4.33584e-03
 13  0.12280 -1.38369e-03 | 14  0.09026 -8.57876e-04 | 15  0.01894  9.49762e-03
 16 -0.08363  1.49110e-02 | 17 -0.00869 -1.14899e-03 | 18  0.12009 -5.49236e-03
 19  0.21080 -1.49717e-02 | 20  0.00330  4.62876e-03 | 21 -0.02771 -2.10382e-03
 22 -0.14576  5.49208e-03 | 23 -0.31443  1.51816e-02 | 24  0.15916  2.44551e-03
 25  0.06614 -8.10145e-03 | 26  0.01162 -1.12260e-02 | 27 -0.01056 -1.18136e-02
 28  0.05442 -2.61664e-02 | 29  0.00992 -7.52414e-03 | 30  0.05549 -1.93801e-02
 31 -0.01087 -7.88719e-03 | 32  0.13449 -4.67564e-02 | 33 -0.06076 -4.92940e-03
 34 -0.12056 -2.98945e-03 | 35 -0.05726 -1.56787e-02 | 36 -0.46494  1.01303e-02
 37 -0.03794 -8.97340e-01 | 38 -0.04171 -4.23106e-01 | 39 -0.03756 -1.21121e-01
 40 -0.04535 -6.24662e-01 | 41 -0.19936 -6.50950e-02 | 42 -1.13667  2.16746e-02
 43  0.99924 -4.91148e-03 | 44 -1.27864  4.52269e-04 | 45  1.00006  4.38718e-02
 46 -1.00003  2.11859e-03 | 47  0.99942  8.77314e-03 | 48 -0.73335 -1.54174e-03
 49 -1.97363 -6.98654e-02 | 50  0.49740 -1.16179e-01 | 51 -0.17193 -2.07084e-02
 52 -0.75396 -9.76283e-03 |
52 variables; iteration 360; function evaluation 445; phase 3
Function value 3.8748937e+03; maximum gradient component mag 1.5183e+00
Var    Value     Gradient |Var    Value     Gradient |Var    Value     Gradient
  1  1.00051 -9.84343e-04 |  2 -0.01616 -2.17093e-02 |  3  0.03024 -2.17978e-02
  4  0.01031 -1.64253e-02 |  5 -0.10257 -3.63250e-02 |  6  0.01453 -1.20541e-02
  7 -0.06474 -2.90513e-02 |  8 -0.04080 -2.99962e-02 |  9  0.03289 -2.99362e-02
 10  0.16030 -5.73808e-03 | 11  0.02014 -2.33665e-02 | 12  0.15970 -1.67572e-02
 13  0.12280 -1.10266e-02 | 14  0.09026 -1.03670e-02 | 15  0.01894 -1.26688e-02
 16 -0.08363 -7.40615e-03 | 17 -0.00869 -1.07886e-02 | 18  0.12008  2.25855e-03
 19  0.21080  2.48563e-02 | 20  0.00330 -1.03680e-02 | 21 -0.02772  2.76261e-03
 22 -0.14576 -1.31413e-02 | 23 -0.31446 -2.84101e-02 | 24  0.15917 -3.72704e-03
 25  0.06614 -2.90651e-03 | 26  0.01162  1.55818e-02 | 27 -0.01056  9.14275e-03
 28  0.05442  3.85410e-02 | 29  0.00992  5.92514e-03 | 30  0.05549  2.30477e-02
 31 -0.01087  9.56775e-03 | 32  0.13449  7.08461e-02 | 33 -0.06077 -2.28365e-03
 34 -0.12056 -3.96897e-03 | 35 -0.05726  3.92676e-02 | 36 -0.46494 -1.74372e-02
 37 -0.03794  1.51835e+00 | 38 -0.04172  7.63655e-01 | 39 -0.03756  2.21701e-01
 40 -0.04535  1.08284e+00 | 41 -0.16800  1.07218e-02 | 42 -1.13091  2.47318e-02
 43  1.00071  3.38929e-03 | 44 -1.27864 -1.75873e-03 | 45  1.00003  1.47034e-02
 46 -0.99978  4.35501e-03 | 47  1.00097 -2.12073e-03 | 48 -0.73335  2.57823e-03
 49 -1.95293 -4.67430e-02 | 50  0.46893 -1.91298e-02 | 51 -0.17030 -1.71134e-02
 52 -0.74982 -1.49513e-02 |
52 variables; iteration 380; function evaluation 467; phase 3
Function value 3.8748935e+03; maximum gradient component mag 8.8792e-01
Var    Value     Gradient |Var    Value     Gradient |Var    Value     Gradient
  1  0.98932  4.71217e-03 |  2 -0.01617 -1.09581e-02 |  3  0.03023 -1.18597e-02
  4  0.01029 -1.50853e-02 |  5 -0.10258 -1.08716e-02 |  6  0.01451 -1.36154e-02
  7 -0.06475 -1.07325e-02 |  8 -0.04080 -9.19890e-03 |  9  0.03288 -1.06091e-02
 10  0.16030 -7.13289e-03 | 11  0.02013 -7.99427e-03 | 12  0.15969 -5.61956e-03
 13  0.12280  8.55511e-04 | 14  0.09026 -1.75349e-03 | 15  0.01894 -3.11887e-03
 16 -0.08364 -4.18201e-03 | 17 -0.00869 -6.18741e-04 | 18  0.12009  5.56108e-03
 19  0.21080  1.19317e-02 | 20  0.00330 -1.44172e-03 | 21 -0.02771  5.47567e-03
 22 -0.14575 -2.12313e-04 | 23 -0.31441 -7.12483e-03 | 24  0.15915  6.62425e-04
 25  0.06614  6.65536e-03 | 26  0.01162  1.08692e-02 | 27 -0.01056  1.18532e-02
 28  0.05442  2.35149e-02 | 29  0.00992  1.14821e-02 | 30  0.05549  1.54494e-02
 31 -0.01087  8.63982e-03 | 32  0.13449  4.02318e-02 | 33 -0.06076  9.30082e-03
 34 -0.12055  9.08582e-03 | 35 -0.05726  2.11934e-02 | 36 -0.46493 -5.76711e-03
 37 -0.03790  8.87924e-01 | 38 -0.04168  3.99333e-01 | 39 -0.03753  1.46131e-01
 40 -0.04532  5.78020e-01 | 41 -0.08957  1.08196e-02 | 42 -1.13133 -5.43237e-03
 43  1.00060  8.26808e-04 | 44 -1.27864 -8.41285e-04 | 45  0.99989 -8.14266e-02
 46 -0.99998 -5.04502e-03 | 47  1.00085 -5.45100e-03 | 48 -0.73335  1.74017e-03
 49 -1.89976  2.51169e-03 | 50  0.40085  1.73111e-02 | 51 -0.17041  7.11692e-03
 52 -0.75006  1.83364e-02 |
52 variables; iteration 400; function evaluation 490; phase 3
Function value 3.8748934e+03; maximum gradient component mag 8.3898e-01
Var    Value     Gradient |Var    Value     Gradient |Var    Value     Gradient
  1  1.00132 -5.46650e-04 |  2 -0.01617 -1.20575e-02 |  3  0.03023 -1.10369e-02
  4  0.01030 -1.25798e-02 |  5 -0.10257 -1.13949e-02 |  6  0.01451 -1.23989e-02
  7 -0.06475 -1.16759e-02 |  8 -0.04080 -1.07309e-02 |  9  0.03288 -1.12223e-02
 10  0.16030 -5.79102e-03 | 11  0.02013 -8.49684e-03 | 12  0.15969 -7.88501e-03
 13  0.12280 -3.75535e-03 | 14  0.09026 -1.65210e-03 | 15  0.01894 -2.96547e-03
 16 -0.08364 -4.21084e-03 | 17 -0.00869  5.46241e-04 | 18  0.12009  4.69795e-03
 19  0.21080  7.40262e-03 | 20  0.00330 -1.99652e-03 | 21 -0.02771  4.65786e-03
 22 -0.14575  1.47816e-03 | 23 -0.31441 -5.24683e-03 | 24  0.15915 -4.18444e-03
 25  0.06614  5.76329e-03 | 26  0.01162  1.10635e-02 | 27 -0.01056  1.25718e-02
 28  0.05442  2.10223e-02 | 29  0.00992  1.08483e-02 | 30  0.05549  1.48876e-02
 31 -0.01087  8.24232e-03 | 32  0.13449  3.46937e-02 | 33 -0.06076  7.38591e-03
 34 -0.12055  8.83846e-03 | 35 -0.05726  2.39032e-02 | 36 -0.46494 -6.75917e-03
 37 -0.03794  8.38981e-01 | 38 -0.04172  3.75709e-01 | 39 -0.03757  1.22534e-01
 40 -0.04535  5.53746e-01 | 41 -0.03724 -2.68801e-02 | 42 -1.12721  3.64354e-03
 43  1.00040 -1.43146e-03 | 44 -1.27864 -7.87871e-04 | 45  0.99998 -3.90839e-03
 46 -1.00025 -5.12920e-03 | 47  1.00090 -4.32668e-03 | 48 -0.73335  1.42962e-03
 49 -1.86334 -1.70580e-02 | 50  0.35760 -4.63124e-02 | 51 -0.16928 -5.54006e-03
 52 -0.74724  1.19925e-02 |
52 variables; iteration 420; function evaluation 513; phase 3
Function value 3.8748933e+03; maximum gradient component mag 7.1005e-01
Var    Value     Gradient |Var    Value     Gradient |Var    Value     Gradient
  1  0.99012  1.47598e-03 |  2 -0.01617 -9.69891e-03 |  3  0.03023 -1.02030e-02
  4  0.01030 -8.50207e-03 |  5 -0.10257 -1.01836e-02 |  6  0.01452 -6.70467e-03
  7 -0.06475 -9.84465e-03 |  8 -0.04080 -1.09099e-02 |  9  0.03288 -1.03846e-02
 10  0.16030 -1.53633e-03 | 11  0.02014 -7.74915e-03 | 12  0.15970 -6.38717e-03
 13  0.12280 -4.11802e-03 | 14  0.09026 -9.33496e-04 | 15  0.01894 -2.83150e-03
 16 -0.08364 -4.24967e-03 | 17 -0.00868  6.74095e-04 | 18  0.12009  4.56999e-03
 19  0.21080  8.11159e-03 | 20  0.00330 -3.70737e-04 | 21 -0.02771  1.84978e-03
 22 -0.14575 -1.41604e-03 | 23 -0.31443 -5.77582e-03 | 24  0.15916 -3.10155e-03
 25  0.06614  5.66922e-03 | 26  0.01163  1.14929e-02 | 27 -0.01056  1.11900e-02
 28  0.05442  2.23187e-02 | 29  0.00992  8.58480e-03 | 30  0.05549  1.58331e-02
 31 -0.01087  7.40334e-03 | 32  0.13449  3.22130e-02 | 33 -0.06076  4.69218e-03
 34 -0.12055  3.20278e-03 | 35 -0.05726  1.43702e-02 | 36 -0.46494 -7.60555e-03
 37 -0.03791  7.10050e-01 | 38 -0.04169  3.26662e-01 | 39 -0.03753  8.64021e-02
 40 -0.04532  4.70526e-01 | 41  0.02135 -2.26864e-02 | 42 -1.13638  2.00260e-02
 43  0.99916 -7.78853e-03 | 44 -1.27864 -1.12790e-03 | 45  1.00003  2.03844e-02
 46 -1.00030 -6.58225e-03 | 47  0.99897 -3.68661e-04 | 48 -0.73335  9.67782e-04
 49 -1.82180 -2.04385e-02 | 50  0.31105 -4.72266e-02 | 51 -0.17185 -1.31313e-02
 52 -0.75374 -1.04714e-02 |
52 variables; iteration 440; function evaluation 533; phase 3
Function value 3.8748932e+03; maximum gradient component mag -5.8901e-02
Var    Value     Gradient |Var    Value     Gradient |Var    Value     Gradient
  1  0.99909 -6.95231e-04 |  2 -0.01617 -6.61584e-04 |  3  0.03023  2.00389e-04
  4  0.01030 -9.86215e-04 |  5 -0.10257  1.62550e-04 |  6  0.01451 -1.05492e-03
  7 -0.06475 -5.18987e-04 |  8 -0.04080  1.32575e-04 |  9  0.03288 -1.66925e-04
 10  0.16030 -2.87055e-04 | 11  0.02014  1.13513e-04 | 12  0.15969 -1.32194e-03
 13  0.12280 -9.21948e-04 | 14  0.09026  2.22809e-04 | 15  0.01894  5.57095e-04
 16 -0.08364  6.57109e-04 | 17 -0.00868  1.42138e-03 | 18  0.12009  3.98024e-04
 19  0.21080 -3.17107e-03 | 20  0.00330  3.01849e-04 | 21 -0.02771  5.83968e-04
 22 -0.14575  4.08549e-03 | 23 -0.31442  3.29653e-03 | 24  0.15915 -2.42651e-03
 25  0.06614  1.54954e-03 | 26  0.01163  2.60875e-03 | 27 -0.01056  2.25213e-03
 28  0.05442  1.56020e-03 | 29  0.00992  1.77361e-03 | 30  0.05549  1.99155e-03
 31 -0.01087  1.23528e-03 | 32  0.13449 -1.74139e-03 | 33 -0.06076  1.53289e-03
 34 -0.12055  3.09505e-03 | 35 -0.05726  5.21420e-03 | 36 -0.46494  5.22918e-05
 37 -0.03794  5.87910e-02 | 38 -0.04172  1.84187e-02 | 39 -0.03757  4.27443e-03
 40 -0.04536  2.81111e-02 | 41  0.07140 -3.88859e-02 | 42 -1.13962 -2.31243e-03
 43  1.00039 -1.45216e-03 | 44 -1.27864  3.59868e-05 | 45  0.99999 -2.12932e-03
 46 -1.00004  1.47452e-03 | 47  0.99889 -4.31835e-03 | 48 -0.73335  2.64836e-04
 49 -1.78580 -7.29839e-03 | 50  0.27279 -5.89007e-02 | 51 -0.17280 -6.42470e-04
 52 -0.75615  1.35817e-02 |
52 variables; iteration 460; function evaluation 556; phase 3
Function value 3.8748932e+03; maximum gradient component mag 2.4380e-01
Var    Value     Gradient |Var    Value     Gradient |Var    Value     Gradient
  1  0.99764 -1.31372e-03 |  2 -0.01617 -3.36133e-03 |  3  0.03023 -3.14015e-03
  4  0.01030 -4.25842e-03 |  5 -0.10257 -3.01127e-03 |  6  0.01451 -3.76857e-03
  7 -0.06475 -3.10991e-03 |  8 -0.04080 -3.12396e-03 |  9  0.03288 -3.17583e-03
 10  0.16030 -1.83540e-03 | 11  0.02014 -2.73592e-03 | 12  0.15969 -2.67614e-03
 13  0.12280 -5.39610e-04 | 14  0.09026 -7.66853e-04 | 15  0.01894 -7.56373e-04
 16 -0.08364 -6.15630e-04 | 17 -0.00869  2.49591e-04 | 18  0.12009  8.56982e-04
 19  0.21080  1.64388e-03 | 20  0.00330 -4.15304e-04 | 21 -0.02771  1.22966e-03
 22 -0.14575 -6.82122e-06 | 23 -0.31442 -1.35949e-03 | 24  0.15915 -1.12879e-03
 25  0.06614  1.31843e-03 | 26  0.01162  3.83226e-03 | 27 -0.01056  3.68199e-03
 28  0.05442  5.85750e-03 | 29  0.00992  2.85859e-03 | 30  0.05549  3.91765e-03
 31 -0.01087  2.51162e-03 | 32  0.13449  1.04789e-02 | 33 -0.06076  2.62874e-03
 34 -0.12055  2.68326e-03 | 35 -0.05726  5.79865e-03 | 36 -0.46494 -2.26339e-03
 37 -0.03794  2.43797e-01 | 38 -0.04172  1.13091e-01 | 39 -0.03757  3.99962e-02
 40 -0.04535  1.62536e-01 | 41  0.12797 -1.61536e-02 | 42 -1.15089  1.21350e-04
 43  1.00074  4.28558e-03 | 44 -1.27864 -3.99032e-04 | 45  0.99999  1.82926e-02
 46 -1.00017 -2.94571e-03 | 47  0.99901  1.28712e-03 | 48 -0.73336  1.21951e-04
 49 -1.74462 -2.47403e-03 | 50  0.23116 -2.59754e-02 | 51 -0.17627  1.75723e-04
 52 -0.76527  6.53440e-03 |
52 variables; iteration 480; function evaluation 579; phase 3
Function value 3.8748932e+03; maximum gradient component mag 1.5991e-02
Var    Value     Gradient |Var    Value     Gradient |Var    Value     Gradient
  1  0.99819 -1.65608e-03 |  2 -0.01617 -1.97307e-04 |  3  0.03023  1.17852e-04
  4  0.01030 -7.83817e-04 |  5 -0.10257  4.80984e-04 |  6  0.01451 -5.26594e-04
  7 -0.06475  5.03480e-05 |  8 -0.04080  2.94167e-04 |  9  0.03288  9.17754e-05
 10  0.16030 -3.28512e-04 | 11  0.02014  9.49055e-05 | 12  0.15969 -3.03871e-04
 13  0.12280  1.77809e-04 | 14  0.09026  1.34072e-04 | 15  0.01894 -8.02419e-07
 16 -0.08364 -1.60085e-04 | 17 -0.00869  3.79006e-04 | 18  0.12009 -7.57747e-05
 19  0.21080 -8.92573e-04 | 20  0.00330  3.01105e-06 | 21 -0.02771  5.31964e-05
 22 -0.14575  1.07923e-03 | 23 -0.31442  8.88209e-04 | 24  0.15915 -5.54057e-04
 25  0.06614  4.18088e-04 | 26  0.01163  1.07786e-03 | 27 -0.01056  5.78242e-04
 28  0.05442  5.13174e-04 | 29  0.00992  5.08665e-04 | 30  0.05549  7.39991e-04
 31 -0.01087  3.03848e-04 | 32  0.13449 -4.04491e-04 | 33 -0.06076  6.95300e-04
 34 -0.12055  9.29230e-04 | 35 -0.05726  9.47794e-04 | 36 -0.46494 -1.97735e-05
 37 -0.03794  1.59905e-02 | 38 -0.04172  5.24324e-03 | 39 -0.03757  2.17681e-03
 40 -0.04536  7.23272e-03 | 41  0.15473 -8.86608e-03 | 42 -1.15681 -4.83041e-04
 43  1.00061  1.10575e-03 | 44 -1.27864 -1.54209e-05 | 45  0.99999 -2.52999e-03
 46 -0.99995 -7.43819e-04 | 47  0.99897 -5.00389e-04 | 48 -0.73335  4.94313e-05
 49 -1.72499  7.97721e-05 | 50  0.21208 -1.39964e-02 | 51 -0.17821  6.06085e-04
 52 -0.77049  5.41444e-03 |
52 variables; iteration 500; function evaluation 599; phase 3
Function value 3.8748932e+03; maximum gradient component mag 2.9119e-01
Var    Value     Gradient |Var    Value     Gradient |Var    Value     Gradient
  1  0.99739 -1.24269e-03 |  2 -0.01617 -3.16176e-03 |  3  0.03023 -5.49827e-03
  4  0.01030 -2.83757e-03 |  5 -0.10257 -4.82926e-03 |  6  0.01451 -5.06054e-03
  7 -0.06475 -3.78762e-03 |  8 -0.04080 -4.06409e-03 |  9  0.03288 -3.97075e-03
 10  0.16030 -2.87029e-03 | 11  0.02014 -2.53737e-03 | 12  0.15969  3.11982e-04
 13  0.12280  1.03505e-03 | 14  0.09026  3.47103e-04 | 15  0.01894 -7.76160e-04
 16 -0.08364 -2.13491e-03 | 17 -0.00869 -1.46589e-03 | 18  0.12009  3.44288e-03
 19  0.21080  8.73676e-03 | 20  0.00330 -6.33449e-04 | 21 -0.02771  2.14386e-03
 22 -0.14575 -3.16705e-03 | 23 -0.31442 -6.75505e-03 | 24  0.15915  2.11564e-03
 25  0.06614  1.92899e-03 | 26  0.01162  7.41723e-04 | 27 -0.01056  3.15691e-03
 28  0.05442  6.26035e-03 | 29  0.00992  3.94451e-03 | 30  0.05549  4.36648e-03
 31 -0.01087  1.97098e-03 | 32  0.13449  1.73143e-02 | 33 -0.06076  2.17287e-04
 34 -0.12055  1.05476e-03 | 35 -0.05726  1.04316e-02 | 36 -0.46494 -2.52366e-03
 37 -0.03794  2.91193e-01 | 38 -0.04172  1.35678e-01 | 39 -0.03756  4.27211e-02
 40 -0.04535  2.08078e-01 | 41  0.16734  5.44252e-02 | 42 -1.16518  2.06469e-03
 43  1.00056  2.61308e-04 | 44 -1.27864 -2.05664e-04 | 45  0.99989 -8.14597e-02
 46 -0.99974  5.39179e-03 | 47  0.99896 -8.77644e-04 | 48 -0.73335  6.94300e-04
 49 -1.71571  1.09383e-02 | 50  0.20322  8.75989e-02 | 51 -0.18107  1.88015e-03
 52 -0.77842  2.41606e-04 |
52 variables; iteration 520; function evaluation 625; phase 3
Function value 3.8748931e+03; maximum gradient component mag 2.6609e-01
Var    Value     Gradient |Var    Value     Gradient |Var    Value     Gradient
  1  0.99853 -7.08066e-04 |  2 -0.01617 -2.86205e-03 |  3  0.03023 -4.48142e-03
  4  0.01030 -2.85819e-03 |  5 -0.10257 -4.65463e-03 |  6  0.01451 -4.08196e-03
  7 -0.06475 -3.56513e-03 |  8 -0.04080 -4.27497e-03 |  9  0.03288 -4.07862e-03
 10  0.16030 -1.97173e-03 | 11  0.02014 -2.59262e-03 | 12  0.15969 -2.22503e-03
 13  0.12280 -1.62650e-04 | 14  0.09026 -9.35367e-04 | 15  0.01894 -5.54898e-04
 16 -0.08364 -4.78298e-04 | 17 -0.00869  2.03175e-05 | 18  0.12009  2.13469e-03
 19  0.21080  3.59126e-03 | 20  0.00330 -7.76107e-04 | 21 -0.02771  1.36444e-03
 22 -0.14575 -7.54837e-04 | 23 -0.31442 -2.95858e-03 | 24  0.15915 -3.90869e-04
 25  0.06614  1.01858e-03 | 26  0.01162  1.86232e-03 | 27 -0.01056  3.51804e-03
 28  0.05442  5.76785e-03 | 29  0.00992  2.91940e-03 | 30  0.05549  3.43830e-03
 31 -0.01087  2.17116e-03 | 32  0.13449  1.27440e-02 | 33 -0.06076  9.63095e-04
 34 -0.12055  2.04171e-03 | 35 -0.05726  9.08914e-03 | 36 -0.46494 -2.18500e-03
 37 -0.03794  2.66089e-01 | 38 -0.04172  1.26737e-01 | 39 -0.03757  4.31755e-02
 40 -0.04536  1.91064e-01 | 41  0.10991 -1.29833e-02 | 42 -1.18224 -1.72731e-02
 43  1.00052 -2.61779e-04 | 44 -1.27864 -5.50037e-04 | 45  1.00001 -7.67666e-03
 46 -0.99983  3.10376e-03 | 47  0.99894 -1.77839e-03 | 48 -0.73335  3.63037e-04
 49 -1.75781  6.61691e-03 | 50  0.24427 -1.19042e-02 | 51 -0.18736  7.18488e-03
 52 -0.79682  1.14845e-02 |
52 variables; iteration 540; function evaluation 648; phase 3
Function value 3.8748931e+03; maximum gradient component mag 1.7579e-02
Var    Value     Gradient |Var    Value     Gradient |Var    Value     Gradient
  1  0.99982  3.69747e-04 |  2 -0.01617  5.00069e-04 |  3  0.03023 -2.25119e-04
  4  0.01030  9.64095e-04 |  5 -0.10257 -1.12724e-03 |  6  0.01451  4.12369e-04
  7 -0.06475 -4.01673e-04 |  8 -0.04080 -1.03327e-03 |  9  0.03288 -3.79148e-04
 10  0.16030  1.98686e-04 | 11  0.02014 -6.02919e-05 | 12  0.15969 -2.62002e-04
 13  0.12280 -6.45980e-04 | 14  0.09026 -9.39158e-05 | 15  0.01894  6.90202e-04
 16 -0.08364  1.72365e-03 | 17 -0.00869  3.70022e-04 | 18  0.12009  8.41884e-04
 19  0.21080  4.64151e-04 | 20  0.00330  4.07211e-04 | 21 -0.02771 -2.30591e-04
 22 -0.14575 -1.34135e-04 | 23 -0.31442 -5.98758e-05 | 24  0.15915  1.10439e-04
 25  0.06614 -4.26192e-04 | 26  0.01162 -1.11565e-03 | 27 -0.01056  2.25037e-04
 28  0.05442 -1.34324e-03 | 29  0.00992  3.85633e-04 | 30  0.05549 -8.58681e-04
 31 -0.01087  4.59332e-04 | 32  0.13449  3.16166e-04 | 33 -0.06076 -7.25283e-04
 34 -0.12055  5.68718e-04 | 35 -0.05726  4.84749e-03 | 36 -0.46494  5.52177e-04
 37 -0.03794  7.61928e-03 | 38 -0.04172  1.04272e-02 | 39 -0.03757  3.81816e-03
 40 -0.04536  1.75791e-02 | 41  0.06962  1.16304e-04 | 42 -1.18402  1.00258e-02
 43  1.00056  2.91608e-04 | 44 -1.27864 -2.33437e-04 | 45  1.00001 -1.21021e-02
 46 -0.99993 -5.97959e-05 | 47  0.99896 -1.10837e-03 | 48 -0.73335  9.83124e-05
 49 -1.78708 -3.99048e-03 | 50  0.27413 -3.75021e-03 | 51 -0.18806 -5.07124e-03
 52 -0.79898 -7.83354e-03 |
52 variables; iteration 560; function evaluation 671; phase 3
Function value 3.8748931e+03; maximum gradient component mag 1.4734e-02
Var    Value     Gradient |Var    Value     Gradient |Var    Value     Gradient
  1  0.99962 -8.71343e-05 |  2 -0.01617  4.27586e-04 |  3  0.03023 -6.05701e-05
  4  0.01030 -5.39347e-05 |  5 -0.10257 -6.01175e-04 |  6  0.01451 -3.37220e-04
  7 -0.06475 -1.90582e-04 |  8 -0.04080 -4.65785e-04 |  9  0.03288 -2.39146e-04
 10  0.16030 -4.26216e-04 | 11  0.02014 -3.92954e-05 | 12  0.15969  1.30274e-04
 13  0.12280  3.28228e-04 | 14  0.09026  1.01245e-04 | 15  0.01894  2.71026e-04
 16 -0.08364  9.11505e-04 | 17 -0.00869  2.03815e-05 | 18  0.12009  5.13753e-04
 19  0.21080  9.74647e-04 | 20  0.00330  5.72056e-05 | 21 -0.02771  1.09187e-05
 22 -0.14575 -5.26361e-04 | 23 -0.31442 -5.15095e-04 | 24  0.15915  7.86003e-04
 25  0.06614 -4.94883e-04 | 26  0.01162 -8.14830e-04 | 27 -0.01056  1.72556e-04
 28  0.05442 -9.28298e-04 | 29  0.00992  6.59162e-05 | 30  0.05549 -8.38078e-04
 31 -0.01087  2.86055e-04 | 32  0.13449  1.06819e-03 | 33 -0.06076 -5.96329e-04
 34 -0.12055  2.19868e-04 | 35 -0.05726  3.05917e-03 | 36 -0.46494  4.51149e-04
 37 -0.03794  1.36073e-02 | 38 -0.04172  1.15834e-02 | 39 -0.03757  6.53911e-03
 40 -0.04536  1.47343e-02 | 41  0.05648  7.57703e-03 | 42 -1.17936  3.04731e-03
 43  1.00056  2.03773e-04 | 44 -1.27864 -1.76672e-04 | 45  1.00001 -4.93401e-03
 46 -0.99988  1.84504e-03 | 47  0.99898  2.71571e-06 | 48 -0.73335  7.48248e-05
 49 -1.79657  1.26698e-03 | 50  0.28406  1.13322e-02 | 51 -0.18626 -5.29677e-04
 52 -0.79350 -2.66327e-03 |
Warning: the following parameters had issues
  SR_parm[1] is within 0.1% of upper bound: 5.00000e+00 < 2.50000e+01 < 2.50000e+01
  selparm[3] is within 0.1% of upper bound: -3.00000e+00 < 1.50000e+01 < 1.50000e+01
  selparm[5] is within 0.1% of upper bound: -1.00000e+00 < 1.50000e+01 < 1.50000e+01
  selparm[6] is within 0.1% of lower bound: -1.00000e+00 < -1.00000e+00 < 2.00000e+01
  selparm[7] is within 0.1% of upper bound: -3.00000e+00 < 1.50000e+01 < 1.50000e+01


 - final statistics:
52 variables; iteration 578; function evaluation 689
Function value 3.8749e+03; maximum gradient component mag -7.4329e-05
Exit code = 1;  converg criter 1.0000e-04
Var    Value     Gradient |Var    Value     Gradient |Var    Value     Gradient
  1  0.99968  3.93095e-07 |  2 -0.01617  5.02669e-07 |  3  0.03023 -2.05218e-07
  4  0.01030  4.79401e-07 |  5 -0.10257  2.45952e-06 |  6  0.01451  1.84174e-06
  7 -0.06475  2.00801e-06 |  8 -0.04080  1.85247e-07 |  9  0.03288  1.03948e-06
 10  0.16030  1.61004e-06 | 11  0.02014 -3.20661e-08 | 12  0.15969  1.02679e-06
 13  0.12280  2.18390e-06 | 14  0.09026  4.82613e-07 | 15  0.01894 -3.18337e-07
 16 -0.08364 -1.91095e-06 | 17 -0.00869 -3.19443e-08 | 18  0.12009 -4.38375e-07
 19  0.21080  8.92670e-07 | 20  0.00330  1.09156e-06 | 21 -0.02771 -2.65496e-06
 22 -0.14575 -3.51795e-06 | 23 -0.31442 -1.34680e-06 | 24  0.15915  1.65729e-06
 25  0.06614  7.57476e-07 | 26  0.01162  1.80697e-06 | 27 -0.01056 -1.16213e-06
 28  0.05442 -9.48862e-08 | 29  0.00992 -9.24560e-07 | 30  0.05549  8.49212e-07
 31 -0.01087 -1.21315e-06 | 32  0.13449  7.55289e-07 | 33 -0.06076  5.68273e-07
 34 -0.12055 -3.12073e-06 | 35 -0.05726 -9.47460e-06 | 36 -0.46494 -1.90889e-06
 37 -0.03794 -7.43294e-05 | 38 -0.04172 -2.80418e-05 | 39 -0.03757 -1.71846e-05
 40 -0.04536 -4.68868e-05 | 41  0.06558  2.41082e-05 | 42 -1.17853 -4.14578e-06
 43  1.00054  3.02902e-07 | 44 -1.27864 -3.87860e-07 | 45  1.00001 -5.24099e-07
 46 -0.99993  1.11997e-07 | 47  0.99898 -1.94650e-06 | 48 -0.73335 -1.17770e-06
 49 -1.79000  4.15231e-06 | 50  0.27718  3.58604e-05 | 51 -0.18594  1.71516e-06
 52 -0.79254  2.97435e-06 |
Estimating row 1 out of 52 for hessian
Estimating row 2 out of 52 for hessian
Estimating row 3 out of 52 for hessian
Estimating row 4 out of 52 for hessian
Estimating row 5 out of 52 for hessian
Estimating row 6 out of 52 for hessian
Estimating row 7 out of 52 for hessian
Estimating row 8 out of 52 for hessian
Estimating row 9 out of 52 for hessian
Estimating row 10 out of 52 for hessian
Estimating row 11 out of 52 for hessian
Estimating row 12 out of 52 for hessian
Estimating row 13 out of 52 for hessian
Estimating row 14 out of 52 for hessian
Estimating row 15 out of 52 for hessian
Estimating row 16 out of 52 for hessian
Estimating row 17 out of 52 for hessian
Estimating row 18 out of 52 for hessian
Estimating row 19 out of 52 for hessian
Estimating row 20 out of 52 for hessian
Estimating row 21 out of 52 for hessian
Estimating row 22 out of 52 for hessian
Estimating row 23 out of 52 for hessian
Estimating row 24 out of 52 for hessian
Estimating row 25 out of 52 for hessian
Estimating row 26 out of 52 for hessian
Estimating row 27 out of 52 for hessian
Estimating row 28 out of 52 for hessian
Estimating row 29 out of 52 for hessian
Estimating row 30 out of 52 for hessian
Estimating row 31 out of 52 for hessian
Estimating row 32 out of 52 for hessian
Estimating row 33 out of 52 for hessian
Estimating row 34 out of 52 for hessian
Estimating row 35 out of 52 for hessian
Estimating row 36 out of 52 for hessian
Estimating row 37 out of 52 for hessian
Estimating row 38 out of 52 for hessian
Estimating row 39 out of 52 for hessian
Estimating row 40 out of 52 for hessian
Estimating row 41 out of 52 for hessian
Estimating row 42 out of 52 for hessian
Estimating row 43 out of 52 for hessian
Estimating row 44 out of 52 for hessian
Estimating row 45 out of 52 for hessian
Estimating row 46 out of 52 for hessian
Estimating row 47 out of 52 for hessian
Estimating row 48 out of 52 for hessian
Estimating row 49 out of 52 for hessian
Estimating row 50 out of 52 for hessian
Estimating row 51 out of 52 for hessian
Estimating row 52 out of 52 for hessian
size of file gradfil1.tmp = 0
size of file gradfil2.tmp = 0
size of file varssave.tmp = 0
size of file cmpdiff.tmp = 0
