
Initial statistics: 36 variables; iteration 0; function evaluation 0; phase 1
Function value 7.0120432e+03; maximum gradient component mag -7.8907e+02
Var    Value     Gradient |Var    Value     Gradient |Var    Value     Gradient
  1  0.04541 -5.01015e+02 |  2  0.03594  8.96869e+01 |  3  0.01071 -1.92747e+01
  4  0.01102  1.40124e+02 |  5 -0.20261 -3.81067e+01 |  6 -0.06176 -6.98110e+00
  7 -0.17036 -5.16813e-01 |  8 -0.09392  1.95457e+01 |  9  0.04928  4.19347e+02
 10  0.06277  3.39426e+02 | 11  0.01276  4.55675e+02 | 12 -0.03344  2.32572e+02
 13  0.06421  6.55528e+02 | 14  0.04911  3.43109e+02 | 15  0.04461  3.56508e+02
 16 -0.01657 -3.88541e+02 | 17  0.03172  4.77774e+02 | 18  0.02012 -3.07748e+02
 19  0.08121  6.10704e+02 | 20 -0.01820  1.32530e+02 | 21 -0.15975 -3.19053e+01
 22 -0.09212 -4.37890e+02 | 23  0.01135 -4.04388e+02 | 24  0.06027  3.55550e+02
 25 -0.04464 -1.50221e+02 | 26  0.05349 -7.89074e+02 | 27  0.01561 -6.58504e+02
 28  0.03547 -1.47265e+02 | 29  0.02750 -7.21733e+01 | 30  0.00011 -2.53939e+02
 31  0.06892 -1.04148e+02 | 32  0.06894 -4.06597e+02 | 33  0.05409 -3.57394e+01
 34  0.04376  1.39717e+02 | 35  0.00391 -4.53321e+02 | 36 -0.03029 -6.30510e+01

Intermediate statistics: 36 variables; iteration 20; function evaluation 30; phase 1
Function value 6.7619242e+03; maximum gradient component mag -1.4582e+03
Var    Value     Gradient |Var    Value     Gradient |Var    Value     Gradient
  1  0.04126 -1.45815e+03 |  2 -0.01531  2.07074e+01 |  3  0.05764  8.65950e+01
  4 -0.01119  3.24290e+01 |  5 -0.11958  7.34289e+01 |  6 -0.02908  4.59803e+01
  7 -0.14152  1.47298e+01 |  8 -0.06804  2.79909e+01 |  9 -0.09461 -2.97209e+01
 10  0.07020  1.02275e+01 | 11 -0.04057  4.55286e+01 | 12 -0.09171 -3.39909e+01
 13  0.01165 -1.29247e+02 | 14  0.04700 -1.93960e+01 | 15 -0.03753  3.40338e+01
 16  0.09789  3.54574e+02 | 17 -0.07282 -5.80919e+01 | 18  0.08499  2.17525e+02
 19 -0.03492 -1.40592e+02 | 20 -0.04535 -5.61356e+01 | 21 -0.17466 -3.14121e+01
 22  0.04253  1.79020e+02 | 23  0.07624  6.76965e+01 | 24 -0.21205 -2.11703e+02
 25 -0.05231  1.03074e+01 | 26  0.09345 -3.94178e+02 | 27  0.06415 -1.91082e+02
 28  0.04677  4.91692e+01 | 29  0.04995  5.91041e+01 | 30  0.05666  7.61245e+01
 31  0.06690 -4.61937e+01 | 32  0.12522  6.43931e+01 | 33  0.05738  2.89332e+01
 34 -0.00893 -1.22799e+01 | 35  0.16466  1.93035e+02 | 36  0.04199  2.37897e+00
36 variables; iteration 40; function evaluation 64; phase 1
Function value 6.7052808e+03; maximum gradient component mag -6.8127e+02
Var    Value     Gradient |Var    Value     Gradient |Var    Value     Gradient
  1  0.04051 -6.81273e+02 |  2 -0.00871  1.55499e+01 |  3  0.02782  1.58945e+01
  4 -0.03792  8.24170e+00 |  5 -0.18065  1.35649e+01 |  6 -0.05361  2.90805e+00
  7 -0.16546  1.30914e+01 |  8 -0.08656  5.58548e+00 |  9 -0.05560  4.10669e+00
 10  0.07018 -3.73032e+01 | 11 -0.04502 -6.08737e+00 | 12 -0.07868  5.57168e+00
 13  0.03192  1.93537e+01 | 14  0.04483  2.16630e+01 | 15 -0.03668  1.20160e+01
 16  0.05982 -3.21918e+00 | 17 -0.04514  1.25775e+01 | 18  0.05819 -7.52326e+00
 19 -0.00028  1.21193e+01 | 20 -0.03344  1.47135e+01 | 21 -0.15189  9.86640e+00
 22  0.00392 -1.04656e+01 | 23  0.06067  5.41336e+00 | 24 -0.06628 -3.93476e+00
 25 -0.07152 -1.70601e+00 | 26  0.11330 -3.70440e+01 | 27  0.08153 -2.75498e+01
 28  0.03373 -1.88065e+01 | 29  0.04500  9.50186e-01 | 30  0.05027  9.35904e+00
 31  0.07855 -8.41086e+00 | 32  0.12068 -5.80406e+00 | 33  0.05659 -4.96326e+00
 34 -0.00086 -6.52821e+00 | 35  0.12528  7.92877e+00 | 36  0.05364  7.21471e+00

 - final statistics:
36 variables; iteration 42; function evaluation 66
Function value 6.7048e+03; maximum gradient component mag -8.5151e+00
Exit code = 1;  converg criter 1.0000e+01
Var    Value     Gradient |Var    Value     Gradient |Var    Value     Gradient
  1  0.04100 -8.51512e+00 |  2 -0.01045  2.47347e+00 |  3  0.02518  7.88398e-01
  4 -0.03870  2.43766e-01 |  5 -0.18438  1.11286e+00 |  6 -0.05157  2.50063e+00
  7 -0.16793 -1.12858e+00 |  8 -0.08655 -6.69014e-01 |  9 -0.05744  3.59453e-01
 10  0.07104  2.45657e-01 | 11 -0.04757 -2.88639e+00 | 12 -0.07851 -3.56563e+00
 13  0.02981 -5.99975e+00 | 14  0.04392  1.34764e+00 | 15 -0.03794 -6.74817e-01
 16  0.06009 -2.78131e+00 | 17 -0.04688 -1.13540e+00 | 18  0.05944 -4.47290e-01
 19 -0.00161 -1.76757e+00 | 20 -0.03453  8.08829e-01 | 21 -0.15222 -1.16961e+00
 22  0.00760  8.97998e-01 | 23  0.05791  8.47542e-01 | 24 -0.06274  6.66752e+00
 25 -0.07113  1.65263e+00 | 26  0.11409 -1.94342e-01 | 27  0.08413  1.89994e+00
 28  0.03679  5.10425e-01 | 29  0.04680 -5.14653e-02 | 30  0.04903 -9.20272e-01
 31  0.08009  3.65013e-04 | 32  0.12132  3.82174e+00 | 33  0.05703 -2.63982e+00
 34  0.00224 -3.15386e-01 | 35  0.12419 -3.49550e+00 | 36  0.05569 -2.86162e-01

Initial statistics: 46 variables; iteration 0; function evaluation 0; phase 2
Function value 6.7048465e+03; maximum gradient component mag 2.1391e+04
Var    Value     Gradient |Var    Value     Gradient |Var    Value     Gradient
  1  0.04100 -8.51512e+00 |  2 -0.01045  2.58707e+00 |  3  0.02518  9.01922e-01
  4 -0.03870  3.57170e-01 |  5 -0.18438  1.22174e+00 |  6 -0.05157  2.61387e+00
  7 -0.16792 -1.01889e+00 |  8 -0.08654 -5.56450e-01 |  9 -0.05744  4.72604e-01
 10  0.07104  3.58563e-01 | 11 -0.04756 -2.77310e+00 | 12 -0.07850 -3.45288e+00
 13  0.02981 -5.88626e+00 | 14  0.04392  1.46099e+00 | 15 -0.03793 -5.61406e-01
 16  0.06010 -2.66820e+00 | 17 -0.04688 -1.02209e+00 | 18  0.05944 -3.34172e-01
 19 -0.00161 -1.65396e+00 | 20 -0.03453  9.22275e-01 | 21 -0.15222 -1.05923e+00
 22  0.00761  1.01160e+00 | 23  0.05791  9.60685e-01 | 24 -0.06274  6.78058e+00
 25 -0.07113  1.76553e+00 | 26  0.11410 -8.25489e-02 | 27  0.08413  2.01257e+00
 28  0.03680  6.23848e-01 | 29  0.04680  6.18410e-02 | 30  0.04903 -8.06995e-01
 31  0.08009  1.13080e-01 | 32  0.12132  3.93330e+00 | 33  0.05703 -2.52666e+00
 34  0.00224 -2.01773e-01 | 35  0.12420 -3.38404e+00 | 36  0.05570 -1.72983e-01
 37  0.32223  2.13911e+04 | 38  0.17035 -1.54178e+04 | 39  0.17434 -4.17353e+03
 40  0.20478 -7.59827e+03 | 41 -0.11449 -1.01862e+03 | 42 -0.88721 -7.07403e+01
 43 -0.08326  1.04473e+03 | 44 -0.04090 -2.55436e+03 | 45 -0.39595 -2.23955e+03
 46 -0.27113  2.23096e+03 |

Intermediate statistics: 46 variables; iteration 20; function evaluation 29; phase 2
Function value 5.2523770e+03; maximum gradient component mag 9.7243e+03
Var    Value     Gradient |Var    Value     Gradient |Var    Value     Gradient
  1  0.16078 -2.48971e+03 |  2 -0.04873  1.27668e+02 |  3  0.03456  1.02286e+02
  4 -0.01976  1.22500e+02 |  5 -0.19394  1.26544e+02 |  6 -0.02431  1.01817e+02
  7 -0.15718  1.29903e+02 |  8 -0.14367  1.27222e+02 |  9 -0.08230  1.22371e+02
 10  0.04577  1.04748e+02 | 11 -0.11694  9.63019e+01 | 12 -0.01051  2.37038e+02
 13 -0.05984  1.40908e+02 | 14  0.08084  2.67630e+02 | 15  0.01419  1.51754e+02
 16  0.11433  1.47670e+02 | 17  0.07797  2.19594e+02 | 18  0.17978  1.48295e+02
 19  0.18909  3.90689e+02 | 20  0.05683  2.03612e+02 | 21 -0.03249  9.20244e+01
 22  0.05148  1.17278e+02 | 23  0.00503  5.14908e+01 | 24  0.03278  2.00470e+02
 25  0.06942  1.93060e+02 | 26 -0.08219 -2.78386e+02 | 27  0.12240  1.28921e+02
 28  0.03920  4.62680e+01 | 29  0.09208  5.69899e+01 | 30  0.03394 -3.50275e+01
 31  0.07368 -7.27006e+01 | 32  0.08300 -1.99838e+02 | 33  0.00878 -1.11321e+02
 34  0.01114  4.75584e+01 | 35  0.19685 -9.84735e+00 | 36 -0.64908  7.56278e-02
 37  0.19901  9.72431e+03 | 38  0.16952 -6.88664e+03 | 39  0.15754 -6.97063e+02
 40  0.13589 -8.02545e+03 | 41 -0.58051 -1.20283e+02 | 42 -1.05565 -6.74752e+01
 43 -0.30970  3.49977e+00 | 44  0.20603 -2.74662e+02 | 45 -0.32178 -8.77232e+00
 46 -0.37286  4.99326e+02 |
46 variables; iteration 40; function evaluation 54; phase 2
Function value 4.8310303e+03; maximum gradient component mag -1.3514e+03
Var    Value     Gradient |Var    Value     Gradient |Var    Value     Gradient
  1  0.15416 -7.57464e+02 |  2 -0.10823 -4.55318e+01 |  3 -0.00208 -1.84168e+01
  4 -0.09089 -5.64786e+01 |  5 -0.29055 -1.65831e+00 |  6  0.16984  3.36187e+01
  7  0.01845  4.75338e+01 |  8  0.03363  6.64456e+01 |  9  0.01866 -1.49186e+00
 10  0.13898  4.21574e+01 | 11  0.01434  8.12123e+01 | 12 -0.01118 -1.29138e+01
 13 -0.02048  3.54212e+01 | 14  0.05096  2.34427e+01 | 15 -0.06673 -7.57653e+01
 16  0.05445 -4.56710e+01 | 17  0.00253 -5.75870e+01 | 18  0.14503 -1.34159e+01
 19  0.13810  3.77712e+01 | 20  0.01579  7.00884e+01 | 21 -0.00227  1.04901e+02
 22 -0.02469 -7.45502e+01 | 23 -0.07765 -1.00064e+02 | 24 -0.02406  7.30791e+00
 25 -0.02641 -6.27363e+01 | 26 -0.02834 -1.42218e+02 | 27  0.04911 -2.99730e+01
 28  0.01041  4.38669e+01 | 29  0.03975 -4.45808e+01 | 30 -0.00531 -3.75615e+01
 31  0.06458  6.39109e+01 | 32  0.09168  7.32573e+01 | 33 -0.01269 -6.40940e+01
 34 -0.02703 -3.02008e+01 | 35  0.12160  4.28443e+01 | 36 -0.39496 -7.17245e+01
 37  0.18299  2.89076e+02 | 38  0.20918 -1.35136e+03 | 39  0.17822 -2.91162e+02
 40  0.17439 -7.22107e+02 | 41 -0.42308 -8.67598e+01 | 42 -0.98599  1.90292e+00
 43 -0.36920  1.21786e+01 | 44  0.11937 -1.71805e+02 | 45 -0.36043  2.04711e+00
 46 -0.39040  5.57825e+01 |
Maximum number of function evaluations exceeded

 - final statistics:
46 variables; iteration 57; function evaluation 100
Function value 4.7659e+03; maximum gradient component mag -4.9915e+02
Exit code = 3;  converg criter 1.0000e+01
Var    Value     Gradient |Var    Value     Gradient |Var    Value     Gradient
  1  0.10507  1.27516e+02 |  2 -0.03866  1.81525e+01 |  3  0.11155  2.29117e+01
  4  0.02210 -4.27901e+00 |  5 -0.14136  3.15671e+01 |  6  0.04396  4.34497e+00
  7 -0.08171  4.82271e+01 |  8 -0.10359  7.19002e+00 |  9  0.01254  4.72240e+01
 10  0.13342  5.15911e+01 | 11 -0.00899  5.69738e+01 | 12  0.00051  4.09128e+01
 13 -0.01607  5.60495e+01 | 14  0.07156  8.14926e+01 | 15 -0.01180  3.61015e+01
 16  0.05864  2.78485e+01 | 17  0.00925  1.03897e+01 | 18  0.12896  3.58229e+01
 19  0.10117  7.13870e+00 | 20 -0.03077  2.17144e+01 | 21 -0.05098  4.94979e+01
 22 -0.01868  2.20984e+01 | 23 -0.03978  2.73010e+01 | 24 -0.02487  2.08457e+01
 25 -0.01620 -7.54450e+00 | 26 -0.02148 -5.81793e+01 | 27  0.02847 -2.35030e+01
 28 -0.01743  3.54910e+01 | 29  0.02178  1.48912e+01 | 30 -0.01368  2.83073e+01
 31  0.02570  1.64514e+01 | 32  0.05764  2.59435e+01 | 33 -0.02197  2.52211e+01
 34 -0.06013 -5.51900e+00 | 35  0.03052 -1.61690e+01 | 36 -0.11281  9.98288e+01
 37  0.21090 -4.42297e+02 | 38  0.24033  2.01686e+02 | 39  0.20964 -1.13803e+02
 40  0.20970 -4.99149e+02 | 41 -0.47310  8.93423e+01 | 42 -1.00991  3.71790e+00
 43 -0.27190  8.63124e+00 | 44  0.15813  1.59997e+02 | 45 -0.53160 -5.98574e+00
 46 -0.38936 -1.74810e+02 |

Initial statistics: 52 variables; iteration 0; function evaluation 0; phase 3
Function value 4.7655391e+03; maximum gradient component mag -3.5346e+03
Var    Value     Gradient |Var    Value     Gradient |Var    Value     Gradient
  1  0.10507  5.26519e+01 |  2 -0.03941 -6.01575e+00 |  3  0.11079 -9.78106e-01
  4  0.02135 -2.99593e+01 |  5 -0.14213  9.89898e+00 |  6  0.04321 -2.07821e+01
  7 -0.08247  2.62453e+01 |  8 -0.10435 -1.73838e+01 |  9  0.01179  2.47942e+01
 10  0.13266  2.77901e+01 | 11 -0.00974  3.49408e+01 | 12 -0.00024  1.80289e+01
 13 -0.01682  3.26679e+01 | 14  0.07080  5.94477e+01 | 15 -0.01255  1.32626e+01
 16  0.05789  4.07385e+00 | 17  0.00850 -1.39856e+01 | 18  0.12820  1.28671e+01
 19  0.10041 -1.72997e+01 | 20 -0.03152 -2.20212e+00 | 21 -0.05173  2.76005e+01
 22 -0.01943 -2.09784e+00 | 23 -0.04053  2.44049e+00 | 24 -0.02562 -4.55823e+00
 25 -0.01695 -3.61004e+01 | 26 -0.02223 -9.18603e+01 | 27  0.02772 -5.31655e+01
 28 -0.01818  1.11339e+01 | 29  0.02103 -9.99872e+00 | 30 -0.01443  4.19315e+00
 31  0.02495 -9.52951e+00 | 32  0.05689 -9.88382e-01 | 33 -0.02272 -6.27861e-01
 34 -0.06088 -3.27922e+01 | 35  0.02977 -4.35955e+01 | 36 -0.11357  8.22333e+01
 37  0.21090 -5.08057e+02 | 38  0.24033  2.12475e+02 | 39  0.20964 -1.28300e+02
 40  0.20970 -5.75135e+02 | 41 -0.47310  8.88313e+01 | 42 -0.99009 -4.83478e+00
 43  0.35710  1.55539e+03 | 44 -0.44149 -2.19507e+03 | 45  0.12272 -3.53462e+03
 46 -0.89706  9.23835e+02 | 47  0.37204  2.08636e+02 | 48 -0.28695  1.19114e+02
 49 -0.27190  5.38687e-02 | 50  0.15813  1.70035e+02 | 51 -0.53160 -8.72168e-02
 52 -0.38936 -1.86125e+02 |

Intermediate statistics: 52 variables; iteration 20; function evaluation 30; phase 3
Function value 3.1717044e+03; maximum gradient component mag -7.8647e+03
Var    Value     Gradient |Var    Value     Gradient |Var    Value     Gradient
  1  0.08189 -7.72484e+03 |  2 -0.02715  1.12849e+02 |  3  0.13235  9.57296e+01
  4  0.06031  1.19933e+02 |  5 -0.12618  1.19926e+02 |  6  0.07159  1.15027e+02
  7 -0.08283  1.15170e+02 |  8 -0.07058  1.11738e+02 |  9 -0.01209  8.33120e+01
 10  0.13735 -2.29899e+01 | 11 -0.03781  6.61154e+01 | 12  0.00832  2.74079e+01
 13 -0.02490  2.09861e+01 | 14  0.06574 -1.05272e+01 | 15  0.05101  1.55726e+02
 16 -0.09053  2.58859e+01 | 17  0.02445  7.32577e+01 | 18  0.08765  5.10355e+01
 19  0.13147  1.71704e+01 | 20 -0.04335  5.76214e+01 | 21  0.01215  1.39388e+02
 22 -0.05552  1.44674e+01 | 23 -0.12126  1.64707e+01 | 24  0.00626 -2.54940e+01
 25  0.04596 -1.25232e+02 | 26  0.01345 -1.97913e+02 | 27 -0.01236 -3.04517e+02
 28  0.03112 -9.90917e+01 | 29  0.01818 -7.97314e+01 | 30  0.03518 -5.58112e+01
 31  0.06733 -1.28417e+02 | 32  0.05694 -2.75087e+02 | 33 -0.06960 -1.09047e+02
 34 -0.02353 -1.18648e+01 | 35  0.03121  1.47569e+01 | 36 -0.29349  7.80145e+01
 37  0.20024 -7.86466e+03 | 38  0.22072  1.16407e+03 | 39  0.21957 -2.67541e+02
 40  0.19996 -4.26211e+03 | 41 -0.47276 -1.90342e+01 | 42 -0.98908  8.47384e+00
 43  0.32271  6.03976e+02 | 44 -0.38434 -2.11515e+02 | 45  0.67084 -7.68336e+02
 46 -0.95471  4.81053e+01 | 47  0.20821  3.30469e+02 | 48 -0.48322 -1.90894e+02
 49 -0.27316  4.51907e-01 | 50  0.17569 -3.66323e+01 | 51 -0.52921 -5.15319e-01
 52 -0.36064  3.24809e+02 |
52 variables; iteration 40; function evaluation 55; phase 3
Function value 2.9629266e+03; maximum gradient component mag 1.7835e+03
Var    Value     Gradient |Var    Value     Gradient |Var    Value     Gradient
  1  0.08539  1.78347e+03 |  2  0.00410 -1.30194e+01 |  3  0.06200 -4.90302e+01
  4  0.03124 -1.97014e+01 |  5 -0.16423 -7.38918e+01 |  6  0.15427  1.23083e+02
  7 -0.01889 -4.47260e+01 |  8  0.01222  2.31473e+01 |  9 -0.01949 -9.27994e+01
 10  0.11140  2.90357e+01 | 11 -0.00367  5.38552e+01 | 12 -0.03226 -7.93568e+01
 13 -0.03769 -4.88813e+01 | 14  0.09138  2.29831e+02 | 15 -0.01133 -7.66044e+01
 16 -0.05263  1.73442e+01 | 17 -0.01270 -1.19001e+01 | 18 -0.00901 -2.40122e+02
 19  0.06092 -1.97980e+02 | 20 -0.03976  2.78851e+01 | 21 -0.04467 -3.35271e+01
 22 -0.02540  6.94398e+00 | 23 -0.05037  3.01265e+01 | 24  0.00433 -6.37177e+00
 25  0.04922  9.33790e+01 | 26  0.00929  1.91454e+01 | 27  0.04895  7.65267e+01
 28  0.02985  6.14470e+01 | 29  0.05942  1.28841e+02 | 30 -0.01200 -1.20851e+02
 31  0.05518  4.93430e+01 | 32  0.07580  1.14585e+02 | 33 -0.05310 -2.79218e+01
 34 -0.04945 -3.18581e+01 | 35  0.01846 -5.83530e+01 | 36 -0.25202 -3.50018e+01
 37  0.22646  1.22900e+03 | 38  0.20726 -6.80001e+02 | 39  0.23098  3.03301e+02
 40  0.21332  1.27744e+02 | 41 -0.04017  7.16346e+02 | 42 -0.76790  1.51520e+01
 43  0.34495  1.46349e+02 | 44 -0.38276 -2.83482e+02 | 45  0.81787 -2.53576e+02
 46 -0.87421  5.18640e+01 | 47  0.21103 -1.30496e+01 | 48 -0.47607  8.54112e+01
 49 -0.08268 -3.81006e+01 | 50 -0.07111  1.07571e+03 | 51  0.40077  3.99272e+01
 52 -0.41251 -1.35558e+01 |
52 variables; iteration 60; function evaluation 86; phase 3
Function value 2.8497036e+03; maximum gradient component mag -9.5921e+02
Var    Value     Gradient |Var    Value     Gradient |Var    Value     Gradient
  1  0.05608 -7.59257e+02 |  2 -0.03694 -2.89670e+01 |  3  0.03006  3.57908e+01
  4 -0.03031  1.84244e+01 |  5 -0.17894 -2.55378e+01 |  6 -0.04549 -2.12034e+01
  7 -0.14217 -1.82513e+01 |  8 -0.03813  9.28456e+01 |  9 -0.01763 -3.30945e+01
 10  0.12063  5.83262e+01 | 11 -0.04771 -4.06439e+01 | 12  0.01988 -5.98182e+00
 13  0.02458  3.86311e+00 | 14  0.06678 -1.77924e+01 | 15  0.00311 -3.09174e+01
 16 -0.05688 -1.68807e+01 | 17  0.01027  1.47745e+01 | 18  0.12724  1.68989e+02
 19  0.16274  1.77245e+02 | 20 -0.02940 -1.02734e+01 | 21  0.00078  8.42750e+00
 22 -0.04517 -8.85182e+01 | 23 -0.09624 -8.43013e+01 | 24  0.04084 -2.11173e+01
 25  0.03750 -1.06293e+02 | 26  0.01833 -1.06019e+02 | 27  0.06318  4.16742e+01
 28  0.03940  4.83619e+01 | 29  0.04870  4.78752e+01 | 30  0.03991  4.01301e+01
 31  0.05123 -7.12924e+01 | 32  0.06949 -1.38241e+02 | 33 -0.01711  1.48497e+01
 34 -0.01468  3.31832e+01 | 35  0.03213 -1.64171e+01 | 36 -0.21548  2.76320e+01
 37  0.23171 -9.59213e+02 | 38  0.22317  3.22093e+02 | 39  0.23513 -2.58929e+02
 40  0.23069 -1.70861e+02 | 41 -0.30411  3.91402e+02 | 42 -0.98343 -3.31093e+00
 43  0.32579 -3.16448e+01 | 44 -0.35417 -6.32328e+00 | 45  0.98249 -1.81802e+01
 46 -0.83423  6.07005e+01 | 47  0.21195  5.33244e-01 | 48 -0.48097 -3.81101e+01
 49  0.14825 -1.72608e-01 | 50  0.09658  6.33891e+02 | 51 -0.03718  7.50325e+01
 52 -0.36317 -1.41947e+02 |
52 variables; iteration 80; function evaluation 107; phase 3
Function value 2.8101841e+03; maximum gradient component mag -1.1873e+00
Var    Value     Gradient |Var    Value     Gradient |Var    Value     Gradient
  1  0.05066 -1.18734e+00 |  2 -0.00673  1.74276e-02 |  3  0.03423  4.92567e-02
  4 -0.01841  9.49317e-03 |  5 -0.13878  1.43892e-02 |  6 -0.02348  5.78085e-02
  7 -0.11424  2.35394e-02 |  8 -0.07531  3.60035e-03 |  9  0.00137  1.34600e-02
 10  0.10556 -2.94025e-02 | 11 -0.02568  4.42107e-02 | 12  0.01509  1.54806e-02
 13  0.02798  2.10457e-02 | 14  0.07208  8.88549e-04 | 15  0.01684 -2.73111e-02
 16 -0.05499 -1.13394e-02 | 17 -0.00678 -2.55837e-02 | 18  0.07216 -6.72853e-02
 19  0.11282 -5.86601e-02 | 20 -0.04471  1.18966e-02 | 21 -0.02327  1.84367e-02
 22 -0.01503  9.18485e-02 | 23 -0.04129  2.40265e-02 | 24  0.03743  6.09406e-02
 25  0.05306  6.76567e-02 | 26  0.02985  4.71639e-02 | 27  0.05215 -1.13453e-01
 28  0.02530 -9.34113e-02 | 29  0.02969 -3.45724e-02 | 30  0.02105 -6.09179e-02
 31  0.05678  1.33427e-02 | 32  0.08487 -1.38098e-02 | 33 -0.02242 -5.23505e-02
 34 -0.01783 -1.79708e-02 | 35  0.03059 -5.20818e-02 | 36 -0.25701  2.32550e-02
 37  0.24401 -5.81760e-01 | 38  0.22628 -5.66700e-01 | 39  0.24556 -1.51914e-01
 40  0.23727 -5.43899e-01 | 41 -0.22290 -2.16195e-01 | 42 -1.08791 -6.39606e-02
 43  0.35647  1.47251e-02 | 44 -0.34724 -1.05802e-01 | 45  0.99971 -2.03424e-01
 46 -0.99494  8.58339e-02 | 47  0.21409 -5.24532e-02 | 48 -0.47937  5.03566e-02
 49  0.05181 -7.44547e-02 | 50  0.03446 -2.57492e-01 | 51 -0.14874  4.95485e-02
 52 -0.38013  3.51250e-01 |
52 variables; iteration 100; function evaluation 131; phase 3
Function value 2.8101838e+03; maximum gradient component mag 1.2272e+00
Var    Value     Gradient |Var    Value     Gradient |Var    Value     Gradient
  1  0.05065 -2.69062e-01 |  2 -0.00675 -1.31447e-02 |  3  0.03421  2.37502e-02
  4 -0.01844 -7.03472e-03 |  5 -0.13881 -8.82651e-03 |  6 -0.02353 -1.21110e-02
  7 -0.11427  1.70811e-02 |  8 -0.07531  1.42791e-02 |  9  0.00140  6.46751e-02
 10  0.10558  1.07177e-01 | 11 -0.02568  1.14640e-02 | 12  0.01511  1.47864e-02
 13  0.02800  2.04098e-02 | 14  0.07208 -7.83534e-02 | 15  0.01684 -7.87858e-02
 16 -0.05499 -5.53409e-02 | 17 -0.00678 -4.58158e-02 | 18  0.07218 -8.58303e-03
 19  0.11283  1.27045e-02 | 20 -0.04471 -7.48995e-03 | 21 -0.02326  1.02444e-02
 22 -0.01504  2.70539e-02 | 23 -0.04127  1.08933e-02 | 24  0.03743  2.33180e-02
 25  0.05305  2.21168e-02 | 26  0.02985  2.24961e-02 | 27  0.05218  2.01201e-02
 28  0.02531 -2.12960e-02 | 29  0.02969 -1.64395e-03 | 30  0.02106 -6.71316e-03
 31  0.05677 -2.31078e-02 | 32  0.08487 -2.95762e-02 | 33 -0.02241 -3.12333e-02
 34 -0.01782 -2.22788e-02 | 35  0.03060  2.03651e-02 | 36 -0.25704 -4.68665e-04
 37  0.24402  1.24117e-01 | 38  0.22629 -1.48918e-01 | 39  0.24557 -6.95320e-02
 40  0.23728  2.01218e-01 | 41 -0.21069 -7.43426e-01 | 42 -1.09854 -3.00512e-01
 43  0.35649  5.62903e-03 | 44 -0.34722 -2.10843e-02 | 45  1.00018  1.24710e-01
 46 -0.99561  1.22715e-02 | 47  0.21409 -4.95722e-03 | 48 -0.47937 -2.24473e-02
 49  0.04394 -1.63378e-02 | 50  0.02655 -1.12403e+00 | 51 -0.15078  9.06517e-02
 52 -0.38257  1.22721e+00 |
52 variables; iteration 120; function evaluation 153; phase 3
Function value 2.8101828e+03; maximum gradient component mag 1.1438e+00
Var    Value     Gradient |Var    Value     Gradient |Var    Value     Gradient
  1  0.05065  2.88606e-01 |  2 -0.00674 -1.87305e-02 |  3  0.03420 -3.04538e-02
  4 -0.01844 -3.85749e-05 |  5 -0.13881 -7.85072e-03 |  6 -0.02353 -6.20109e-04
  7 -0.11428 -4.74391e-03 |  8 -0.07532  3.44718e-03 |  9  0.00136 -2.45755e-02
 10  0.10557 -4.65518e-04 | 11 -0.02569 -1.43884e-02 | 12  0.01510  1.07808e-02
 13  0.02800 -2.64747e-03 | 14  0.07210  2.02723e-02 | 15  0.01686 -1.37537e-02
 16 -0.05498 -1.53070e-02 | 17 -0.00677 -1.85354e-02 | 18  0.07218 -4.31615e-03
 19  0.11283  1.67022e-02 | 20 -0.04471 -8.88883e-03 | 21 -0.02327 -1.24465e-02
 22 -0.01505 -5.26429e-03 | 23 -0.04127 -8.65021e-03 | 24  0.03743  1.31879e-02
 25  0.05305  3.36239e-03 | 26  0.02985 -5.86876e-04 | 27  0.05218  2.72456e-02
 28  0.02533  2.94184e-02 | 29  0.02970  1.67512e-02 | 30  0.02106  1.88053e-03
 31  0.05677  1.52137e-03 | 32  0.08487 -5.73679e-04 | 33 -0.02240 -1.99164e-03
 34 -0.01781  6.51751e-03 | 35  0.03061  3.40207e-02 | 36 -0.25701  1.25629e-03
 37  0.24402  2.12895e-01 | 38  0.22629  9.80641e-02 | 39  0.24557  4.01008e-02
 40  0.23728  1.64186e-01 | 41 -0.13014 -4.29130e-01 | 42 -1.15720 -4.61983e-01
 43  0.35650  9.37593e-03 | 44 -0.34721 -9.84769e-03 | 45  1.00009  6.59222e-02
 46 -0.99573 -1.21702e-03 | 47  0.21409  2.44056e-02 | 48 -0.47937  9.77302e-04
 49 -0.00948 -4.26194e-02 | 50 -0.02682 -5.93523e-01 | 51 -0.16666  5.70861e-02
 52 -0.40137  1.14382e+00 |
52 variables; iteration 140; function evaluation 178; phase 3
Function value 2.8101823e+03; maximum gradient component mag -3.7390e-02
Var    Value     Gradient |Var    Value     Gradient |Var    Value     Gradient
  1  0.05065  1.22837e-02 |  2 -0.00674 -5.14908e-03 |  3  0.03420 -5.71630e-04
  4 -0.01844  4.00773e-03 |  5 -0.13881 -1.41708e-03 |  6 -0.02353  1.91282e-03
  7 -0.11428 -2.71816e-03 |  8 -0.07533 -7.20251e-04 |  9  0.00137  5.30995e-03
 10  0.10557 -5.77214e-03 | 11 -0.02569 -2.18911e-03 | 12  0.01510  3.29179e-03
 13  0.02799  3.42188e-03 | 14  0.07210  1.04571e-02 | 15  0.01686 -1.35415e-03
 16 -0.05498 -7.21751e-03 | 17 -0.00677 -5.10085e-03 | 18  0.07218 -6.07385e-03
 19  0.11283  6.93985e-03 | 20 -0.04471 -5.25300e-04 | 21 -0.02327 -8.01411e-05
 22 -0.01505 -2.13113e-03 | 23 -0.04127 -2.55859e-03 | 24  0.03743 -5.63145e-03
 25  0.05305 -3.87608e-03 | 26  0.02985 -1.12961e-02 | 27  0.05218 -4.94323e-03
 28  0.02532  8.50917e-03 | 29  0.02970  8.48860e-03 | 30  0.02106  1.23509e-02
 31  0.05678  3.96811e-03 | 32  0.08487 -9.18989e-04 | 33 -0.02240 -3.07335e-03
 34 -0.01782 -4.03821e-03 | 35  0.03060  1.16032e-02 | 36 -0.25702 -3.37363e-04
 37  0.24402  3.17858e-02 | 38  0.22629  6.77598e-03 | 39  0.24557  4.79296e-03
 40  0.23728  1.59289e-02 | 41 -0.05128  2.01900e-02 | 42 -1.20358  2.83869e-02
 43  0.35649  6.80375e-04 | 44 -0.34721  7.51825e-04 | 45  0.99996 -2.77017e-02
 46 -0.99572  7.08668e-04 | 47  0.21409  9.59991e-05 | 48 -0.47937 -1.32207e-03
 49 -0.06323 -1.85124e-03 | 50 -0.08068  3.07268e-02 | 51 -0.18437 -2.32935e-03
 52 -0.42275 -3.73896e-02 |
52 variables; iteration 160; function evaluation 202; phase 3
Function value 2.8101821e+03; maximum gradient component mag 4.4877e-01
Var    Value     Gradient |Var    Value     Gradient |Var    Value     Gradient
  1  0.05065 -1.52190e-01 |  2 -0.00674  4.05855e-03 |  3  0.03420 -4.67506e-04
  4 -0.01844 -5.28586e-04 |  5 -0.13881  2.28231e-03 |  6 -0.02353 -4.67533e-04
  7 -0.11428  3.11402e-03 |  8 -0.07533  1.98738e-03 |  9  0.00136 -1.43480e-03
 10  0.10557 -3.73996e-05 | 11 -0.02569  1.29302e-03 | 12  0.01510 -1.29495e-03
 13  0.02799 -4.29738e-03 | 14  0.07209 -4.42558e-03 | 15  0.01686 -1.67359e-03
 16 -0.05498 -1.42410e-03 | 17 -0.00677 -1.12507e-03 | 18  0.07218  4.76373e-03
 19  0.11283  2.32724e-03 | 20 -0.04471 -1.87954e-04 | 21 -0.02327 -8.15318e-04
 22 -0.01505 -4.35500e-04 | 23 -0.04127 -2.29721e-03 | 24  0.03743  5.95105e-04
 25  0.05305  8.12834e-04 | 26  0.02985  1.96146e-03 | 27  0.05218  1.16024e-03
 28  0.02532 -4.37369e-03 | 29  0.02969 -2.24243e-03 | 30  0.02106 -5.11379e-03
 31  0.05678 -6.09077e-04 | 32  0.08487  2.32466e-03 | 33 -0.02240  4.23582e-04
 34 -0.01782  1.63530e-03 | 35  0.03060  1.20560e-03 | 36 -0.25702  3.15211e-03
 37  0.24402 -7.32574e-03 | 38  0.22629 -2.09663e-03 | 39  0.24557 -3.39975e-03
 40  0.23728  4.42456e-03 | 41  0.02246 -2.72936e-01 | 42 -1.24119 -2.91492e-01
 43  0.35649  4.25383e-04 | 44 -0.34721 -1.01163e-03 | 45  1.00003  1.95330e-02
 46 -0.99572 -8.23357e-05 | 47  0.21409  2.78888e-03 | 48 -0.47937 -4.82013e-05
 49 -0.11439 -1.87821e-02 | 50 -0.13206 -3.71435e-01 | 51 -0.20206  2.50220e-02
 52 -0.44447  4.48774e-01 |
52 variables; iteration 180; function evaluation 228; phase 3
Function value 2.8101821e+03; maximum gradient component mag 1.5687e-01
Var    Value     Gradient |Var    Value     Gradient |Var    Value     Gradient
  1  0.05065 -6.39754e-02 |  2 -0.00674  1.15573e-03 |  3  0.03420 -2.87644e-04
  4 -0.01844  1.33366e-04 |  5 -0.13881  8.60124e-04 |  6 -0.02353 -5.24153e-05
  7 -0.11428  1.11481e-03 |  8 -0.07533  7.57859e-04 |  9  0.00137  3.81989e-04
 10  0.10557 -3.01654e-04 | 11 -0.02569  3.72239e-04 | 12  0.01510 -3.00021e-04
 13  0.02799 -1.21669e-03 | 14  0.07209 -8.73277e-04 | 15  0.01686 -7.89592e-04
 16 -0.05498 -1.16586e-03 | 17 -0.00677 -8.66115e-04 | 18  0.07218  1.21218e-03
 19  0.11283  1.60075e-03 | 20 -0.04471  5.70017e-05 | 21 -0.02327 -1.58692e-04
 22 -0.01505 -3.35808e-04 | 23 -0.04127 -1.02310e-03 | 24  0.03743 -4.24205e-04
 25  0.05305 -2.26404e-04 | 26  0.02985 -6.99541e-04 | 27  0.05218 -2.10970e-04
 28  0.02532 -9.23209e-04 | 29  0.02969 -1.22416e-04 | 30  0.02106 -7.15533e-04
 31  0.05678 -1.34982e-04 | 32  0.08487  2.30708e-04 | 33 -0.02240 -2.85175e-04
 34 -0.01782  2.80992e-04 | 35  0.03060  2.10297e-03 | 36 -0.25702  1.21773e-03
 37  0.24402  2.76890e-04 | 38  0.22629 -9.17682e-04 | 39  0.24557 -7.27623e-04
 40  0.23728  1.72687e-03 | 41  0.07253 -1.01532e-01 | 42 -1.26429 -1.11065e-01
 43  0.35649  1.43750e-04 | 44 -0.34721 -7.06207e-05 | 45  1.00003  2.09827e-02
 46 -0.99572  1.76271e-04 | 47  0.21409  2.95719e-04 | 48 -0.47937 -1.91381e-04
 49 -0.14946 -7.39868e-03 | 50 -0.16736 -1.38294e-01 | 51 -0.21445  8.77047e-03
 52 -0.45995  1.56875e-01 |
52 variables; iteration 200; function evaluation 249; phase 3
Function value 2.8101821e+03; maximum gradient component mag -1.3937e-02
Var    Value     Gradient |Var    Value     Gradient |Var    Value     Gradient
  1  0.05065 -7.31651e-03 |  2 -0.00674  8.27234e-05 |  3  0.03420 -4.26418e-05
  4 -0.01844  6.48295e-05 |  5 -0.13881  1.76784e-04 |  6 -0.02353 -1.99146e-05
  7 -0.11428  1.16482e-04 |  8 -0.07533 -1.39665e-05 |  9  0.00137  3.74516e-04
 10  0.10557 -4.38810e-05 | 11 -0.02569  6.05869e-07 | 12  0.01510  3.74417e-05
 13  0.02799 -1.34483e-04 | 14  0.07209 -7.21526e-05 | 15  0.01686  7.58878e-06
 16 -0.05498 -1.14850e-04 | 17 -0.00677 -1.02172e-04 | 18  0.07218  1.83024e-04
 19  0.11283  3.63088e-04 | 20 -0.04471  3.30792e-05 | 21 -0.02327 -5.03622e-07
 22 -0.01505 -1.08539e-05 | 23 -0.04127 -8.88845e-05 | 24  0.03743 -1.43506e-04
 25  0.05305 -7.61893e-06 | 26  0.02985 -2.02986e-04 | 27  0.05218 -9.98681e-05
 28  0.02532 -1.03475e-04 | 29  0.02969 -1.24509e-04 | 30  0.02106  8.07817e-05
 31  0.05678 -1.13329e-04 | 32  0.08487  5.49499e-05 | 33 -0.02240 -3.83868e-05
 34 -0.01782 -6.99005e-05 | 35  0.03060  3.50728e-04 | 36 -0.25702  8.29436e-05
 37  0.24402 -3.32209e-04 | 38  0.22629 -2.80633e-04 | 39  0.24557 -2.83512e-04
 40  0.23728 -1.55811e-04 | 41  0.09379 -8.37980e-03 | 42 -1.27363 -4.55671e-03
 43  0.35649 -1.37799e-04 | 44 -0.34721  2.18546e-04 | 45  0.99999  6.08021e-03
 46 -0.99572  2.27550e-04 | 47  0.21409  1.05528e-04 | 48 -0.47937 -1.28466e-04
 49 -0.16441 -2.91823e-04 | 50 -0.18241 -1.39370e-02 | 51 -0.21978  3.96492e-04
 52 -0.46669  1.14679e-02 |
52 variables; iteration 220; function evaluation 274; phase 3
Function value 2.8101820e+03; maximum gradient component mag -6.1623e-02
Var    Value     Gradient |Var    Value     Gradient |Var    Value     Gradient
  1  0.05065 -2.59117e-02 |  2 -0.00674 -2.46029e-03 |  3  0.03420 -1.56804e-04
  4 -0.01844  9.59745e-04 |  5 -0.13881  1.28357e-03 |  6 -0.02353  2.47592e-05
  7 -0.11428  1.94669e-04 |  8 -0.07533  3.90872e-04 |  9  0.00137  1.03640e-04
 10  0.10557 -8.81786e-04 | 11 -0.02569 -6.22703e-04 | 12  0.01510  1.15546e-03
 13  0.02799 -1.18184e-03 | 14  0.07209 -1.72756e-03 | 15  0.01686 -1.72838e-04
 16 -0.05498 -1.94570e-04 | 17 -0.00677 -1.53735e-04 | 18  0.07218  1.88447e-04
 19  0.11283 -3.24425e-04 | 20 -0.04471 -3.57967e-04 | 21 -0.02327 -9.34309e-04
 22 -0.01505 -4.10582e-04 | 23 -0.04127 -1.02259e-03 | 24  0.03743  6.82119e-04
 25  0.05305  6.72731e-04 | 26  0.02985  9.42599e-04 | 27  0.05218  1.60594e-03
 28  0.02532  1.83441e-04 | 29  0.02969 -3.58617e-05 | 30  0.02106  6.69596e-04
 31  0.05678  8.23960e-04 | 32  0.08487  1.36581e-03 | 33 -0.02240  3.42385e-04
 34 -0.01782 -2.91793e-03 | 35  0.03060  1.76398e-04 | 36 -0.25702  4.94812e-04
 37  0.24402  3.38553e-03 | 38  0.22629  3.30008e-03 | 39  0.24557  7.59879e-04
 40  0.23728  3.77628e-03 | 41  0.10315 -4.34437e-02 | 42 -1.28718 -4.17950e-02
 43  0.35649  6.00893e-04 | 44 -0.34721 -9.68535e-05 | 45  0.99998 -1.09580e-02
 46 -0.99572  2.76468e-04 | 47  0.21409  5.27518e-03 | 48 -0.47937 -1.00861e-03
 49 -0.17099 -2.16434e-03 | 50 -0.18905 -6.16232e-02 | 51 -0.22786  2.02472e-03
 52 -0.47696  5.63590e-02 |
52 variables; iteration 240; function evaluation 298; phase 3
Function value 2.8101818e+03; maximum gradient component mag -6.6040e-01
Var    Value     Gradient |Var    Value     Gradient |Var    Value     Gradient
  1  0.05065 -6.60397e-01 |  2 -0.00674  8.97567e-03 |  3  0.03420  5.02337e-03
  4 -0.01844  6.62124e-03 |  5 -0.13881  8.22409e-03 |  6 -0.02353  6.10149e-03
  7 -0.11428  1.02535e-02 |  8 -0.07533  7.43196e-03 |  9  0.00137  8.55984e-03
 10  0.10557 -6.04503e-03 | 11 -0.02568  6.81583e-03 | 12  0.01510 -9.82712e-04
 13  0.02799 -2.08773e-03 | 14  0.07209 -1.01567e-02 | 15  0.01686 -1.27035e-04
 16 -0.05498  8.53232e-04 | 17 -0.00677  1.70567e-03 | 18  0.07218  1.45761e-03
 19  0.11283 -2.96681e-04 | 20 -0.04471  7.11026e-03 | 21 -0.02326  4.61722e-03
 22 -0.01505  1.63877e-03 | 23 -0.04127  1.27798e-03 | 24  0.03743 -8.33867e-03
 25  0.05305 -9.14310e-03 | 26  0.02985 -1.48958e-02 | 27  0.05218 -1.39689e-02
 28  0.02532 -5.58167e-03 | 29  0.02969 -1.25071e-03 | 30  0.02106  1.68767e-03
 31  0.05678 -4.35149e-03 | 32  0.08487 -1.46998e-02 | 33 -0.02240 -5.33348e-03
 34 -0.01782 -2.12946e-03 | 35  0.03060  4.69983e-03 | 36 -0.25702  9.55860e-03
 37  0.24402 -6.59603e-02 | 38  0.22629 -2.69852e-02 | 39  0.24557 -2.00464e-02
 40  0.23728 -6.96565e-02 | 41 -0.04467 -3.35977e-01 | 42 -1.31856 -5.53298e-02
 43  0.35649 -8.26211e-04 | 44 -0.34721  2.74276e-03 | 45  0.99999  8.05958e-05
 46 -0.99571  1.06949e-03 | 47  0.21409 -8.81618e-03 | 48 -0.47937  3.56977e-03
 49 -0.06779 -3.58625e-02 | 50 -0.08526 -4.50207e-01 | 51 -0.24813  9.42683e-03
 52 -0.50325  5.69075e-02 |
52 variables; iteration 260; function evaluation 323; phase 3
Function value 2.8101818e+03; maximum gradient component mag 2.3889e-02
Var    Value     Gradient |Var    Value     Gradient |Var    Value     Gradient
  1  0.05065  2.38892e-02 |  2 -0.00674 -3.28071e-04 |  3  0.03420 -1.77561e-04
  4 -0.01844 -2.48448e-04 |  5 -0.13881 -3.33468e-04 |  6 -0.02353 -2.71966e-04
  7 -0.11428 -3.18029e-04 |  8 -0.07533 -2.42859e-04 |  9  0.00137 -3.61199e-04
 10  0.10557  3.52462e-04 | 11 -0.02569 -2.51285e-04 | 12  0.01510  1.24420e-04
 13  0.02799  2.85621e-04 | 14  0.07209  3.92040e-04 | 15  0.01686 -2.46608e-04
 16 -0.05498 -2.25026e-04 | 17 -0.00677 -2.76683e-04 | 18  0.07218  1.59573e-05
 19  0.11283  7.94818e-05 | 20 -0.04471 -3.30671e-04 | 21 -0.02327 -1.90001e-04
 22 -0.01505 -4.32585e-05 | 23 -0.04127 -4.54473e-05 | 24  0.03743  3.11295e-04
 25  0.05305  3.52967e-04 | 26  0.02985  5.39996e-04 | 27  0.05218  4.69290e-04
 28  0.02532  2.00079e-04 | 29  0.02969  1.15483e-04 | 30  0.02106  1.82681e-05
 31  0.05678  1.66892e-04 | 32  0.08487  5.77870e-04 | 33 -0.02240  1.16147e-04
 34 -0.01782 -1.12805e-05 | 35  0.03060  9.50844e-06 | 36 -0.25702 -3.39829e-04
 37  0.24402  3.35598e-03 | 38  0.22629  7.83709e-04 | 39  0.24557  7.50787e-04
 40  0.23728  2.32316e-03 | 41 -0.10567  9.22146e-03 | 42 -1.33118 -2.68332e-03
 43  0.35649  5.00520e-05 | 44 -0.34721 -1.18468e-04 | 45  0.99999  1.33998e-04
 46 -0.99572  4.12341e-06 | 47  0.21409  6.54007e-04 | 48 -0.47937 -1.15482e-04
 49 -0.02603  1.30355e-03 | 50 -0.04340  1.26984e-02 | 51 -0.25689  7.33128e-06
 52 -0.51484  4.33902e-03 |
52 variables; iteration 280; function evaluation 343; phase 3
Function value 2.8101818e+03; maximum gradient component mag 3.4022e-01
Var    Value     Gradient |Var    Value     Gradient |Var    Value     Gradient
  1  0.05065  3.40215e-01 |  2 -0.00674 -7.82335e-03 |  3  0.03420 -7.77091e-03
  4 -0.01844 -3.25221e-03 |  5 -0.13881 -3.54514e-03 |  6 -0.02353 -4.28748e-03
  7 -0.11428 -4.65433e-03 |  8 -0.07533 -2.01101e-03 |  9  0.00136 -7.29788e-03
 10  0.10557  9.05978e-03 | 11 -0.02569 -6.41526e-03 | 12  0.01510  4.01556e-03
 13  0.02800  1.60399e-03 | 14  0.07209  4.53902e-03 | 15  0.01686 -7.62992e-03
 16 -0.05498 -4.79845e-03 | 17 -0.00677 -5.77299e-03 | 18  0.07218  1.46962e-04
 19  0.11283  2.61388e-03 | 20 -0.04471 -5.58672e-03 | 21 -0.02327 -4.28528e-03
 22 -0.01505 -1.62878e-03 | 23 -0.04127 -1.08617e-03 | 24  0.03743  6.99738e-03
 25  0.05305  7.12766e-03 | 26  0.02985  1.07680e-02 | 27  0.05218  9.93279e-03
 28  0.02532  3.61360e-03 | 29  0.02969  2.55622e-03 | 30  0.02106  1.51066e-03
 31  0.05678  3.80602e-03 | 32  0.08487  9.04987e-03 | 33 -0.02240  1.63232e-03
 34 -0.01782 -5.92458e-03 | 35  0.03060  5.76777e-03 | 36 -0.25702 -4.48749e-03
 37  0.24402  7.33315e-02 | 38  0.22629  2.50025e-02 | 39  0.24557  2.12818e-02
 40  0.23728  4.60983e-02 | 41 -0.10767  7.19896e-02 | 42 -1.33587 -1.33270e-01
 43  0.35649  3.61596e-03 | 44 -0.34721 -3.01749e-03 | 45  0.99999  2.15962e-03
 46 -0.99572  1.80463e-04 | 47  0.21409  1.16766e-02 | 48 -0.47937 -3.14868e-03
 49 -0.02466  1.45724e-02 | 50 -0.04203  9.19054e-02 | 51 -0.26023  4.68470e-03
 52 -0.51930  1.35966e-01 |
52 variables; iteration 300; function evaluation 366; phase 3
Function value 2.8101818e+03; maximum gradient component mag -1.7937e-02
Var    Value     Gradient |Var    Value     Gradient |Var    Value     Gradient
  1  0.05065 -1.53325e-02 |  2 -0.00674  1.03718e-04 |  3  0.03420  1.36076e-04
  4 -0.01844  1.83662e-04 |  5 -0.13881  2.33528e-04 |  6 -0.02353  1.87417e-04
  7 -0.11428  1.63703e-04 |  8 -0.07533  1.62071e-04 |  9  0.00137  2.14074e-04
 10  0.10557 -3.55938e-04 | 11 -0.02569  1.38790e-04 | 12  0.01510 -7.17046e-05
 13  0.02799 -3.47853e-04 | 14  0.07209 -2.97034e-04 | 15  0.01686  1.41170e-04
 16 -0.05498  1.01825e-05 | 17 -0.00677  8.93533e-05 | 18  0.07218  8.64742e-05
 19  0.11283  6.98578e-05 | 20 -0.04471  1.24337e-04 | 21 -0.02327  3.34695e-05
 22 -0.01505 -1.52635e-05 | 23 -0.04127 -1.20762e-04 | 24  0.03743 -1.61681e-04
 25  0.05305 -1.51539e-04 | 26  0.02985 -2.69304e-04 | 27  0.05218 -1.71121e-04
 28  0.02532 -1.58065e-04 | 29  0.02969 -5.49438e-05 | 30  0.02106 -2.91421e-05
 31  0.05678  1.27349e-05 | 32  0.08487 -6.29038e-05 | 33 -0.02240 -1.83756e-05
 34 -0.01782 -1.02749e-04 | 35  0.03060  5.42880e-05 | 36 -0.25702  2.53359e-04
 37  0.24402 -1.74436e-03 | 38  0.22629 -1.96139e-04 | 39  0.24557 -4.89319e-04
 40  0.23728 -3.92309e-04 | 41 -0.06326 -1.29559e-02 | 42 -1.35150 -1.14017e-02
 43  0.35649 -6.23051e-06 | 44 -0.34721  2.12339e-05 | 45  0.99999 -7.83101e-05
 46 -0.99572 -1.00980e-05 | 47  0.21409 -1.19963e-04 | 48 -0.47937  2.07617e-05
 49 -0.05499 -1.05759e-03 | 50 -0.07242 -1.79366e-02 | 51 -0.27178  5.45501e-04
 52 -0.53491  1.10405e-02 |
52 variables; iteration 320; function evaluation 389; phase 3
Function value 2.8101818e+03; maximum gradient component mag 9.6267e-03
Var    Value     Gradient |Var    Value     Gradient |Var    Value     Gradient
  1  0.05065 -1.47039e-03 |  2 -0.00674  4.28402e-05 |  3  0.03420  6.80112e-05
  4 -0.01844  2.16086e-05 |  5 -0.13881  1.35987e-05 |  6 -0.02353  3.47788e-05
  7 -0.11428  1.45571e-05 |  8 -0.07533 -1.39556e-05 |  9  0.00137  8.50664e-05
 10  0.10557 -1.01545e-04 | 11 -0.02569  6.52927e-05 | 12  0.01510 -1.70485e-06
 13  0.02799  5.42474e-05 | 14  0.07209 -4.29113e-05 | 15  0.01686  1.21314e-04
 16 -0.05498  1.06141e-04 | 17 -0.00677  1.06256e-04 | 18  0.07218 -6.49527e-05
 19  0.11283 -1.10638e-04 | 20 -0.04471  6.85130e-05 | 21 -0.02327  6.32389e-05
 22 -0.01505  3.91184e-05 | 23 -0.04127  7.23770e-05 | 24  0.03743 -5.69358e-05
 25  0.05305 -6.79199e-05 | 26  0.02985 -8.88135e-05 | 27  0.05218 -8.96338e-05
 28  0.02532  1.10975e-05 | 29  0.02969 -3.50625e-05 | 30  0.02106  1.51522e-05
 31  0.05678 -5.57162e-05 | 32  0.08487 -1.28695e-04 | 33 -0.02240 -2.23479e-05
 34 -0.01782  6.14480e-05 | 35  0.03060 -1.33640e-04 | 36 -0.25702 -4.78707e-06
 37  0.24402 -1.09362e-03 | 38  0.22629 -2.02761e-04 | 39  0.24557 -2.98474e-04
 40  0.23728 -4.90376e-04 | 41 -0.07604  4.02422e-03 | 42 -1.35826  9.62672e-03
 43  0.35649 -8.12208e-05 | 44 -0.34721  6.20791e-05 | 45  0.99999  2.07628e-05
 46 -0.99572  9.55471e-06 | 47  0.21409 -1.99807e-04 | 48 -0.47937  6.55714e-05
 49 -0.04623  5.53452e-05 | 50 -0.06364  5.81728e-03 | 51 -0.27694 -3.66131e-04
 52 -0.54198 -8.75332e-03 |
Warning: the following parameters had issues
  selparm[5] is within 0.1% of upper bound: -1.00000e+00 < 1.50000e+01 < 1.50000e+01
  selparm[6] is within 0.1% of lower bound: -1.00000e+00 < -9.99763e-01 < 2.00000e+01


 - final statistics:
52 variables; iteration 340; function evaluation 409
Function value 2.8102e+03; maximum gradient component mag -5.8934e-05
Exit code = 1;  converg criter 1.0000e-04
Var    Value     Gradient |Var    Value     Gradient |Var    Value     Gradient
  1  0.05065  3.33078e-05 |  2 -0.00674  1.69730e-05 |  3  0.03420  4.95163e-06
  4 -0.01844 -3.53207e-06 |  5 -0.13881 -6.09582e-06 |  6 -0.02353  2.79700e-06
  7 -0.11428 -1.32331e-06 |  8 -0.07533 -3.43856e-06 |  9  0.00137  5.90581e-06
 10  0.10557 -4.28123e-06 | 11 -0.02569  7.40143e-06 | 12  0.01510 -9.12135e-06
 13  0.02799  5.08875e-07 | 14  0.07209  1.04658e-05 | 15  0.01686  4.37284e-06
 16 -0.05498 -3.46156e-06 | 17 -0.00677 -9.10500e-07 | 18  0.07218  2.97428e-06
 19  0.11283  9.18649e-06 | 20 -0.04471  1.81546e-06 | 21 -0.02327  5.32837e-06
 22 -0.01505 -8.52059e-07 | 23 -0.04127  5.32151e-07 | 24  0.03743 -1.05967e-05
 25  0.05305 -5.68538e-06 | 26  0.02985 -1.04595e-05 | 27  0.05218 -1.17969e-05
 28  0.02532 -3.72255e-06 | 29  0.02969 -8.94874e-07 | 30  0.02106 -2.59646e-06
 31  0.05678 -2.49408e-06 | 32  0.08487 -4.71740e-07 | 33 -0.02240 -1.56180e-06
 34 -0.01782  1.81771e-05 | 35  0.03060  4.98996e-06 | 36 -0.25702 -8.42257e-07
 37  0.24402 -4.63489e-05 | 38  0.22629 -1.35382e-05 | 39  0.24557 -1.64988e-05
 40  0.23728  1.20983e-05 | 41 -0.07557  1.76338e-05 | 42 -1.35904 -5.89343e-05
 43  0.35649 -6.70532e-06 | 44 -0.34721  3.31442e-06 | 45  0.99999  4.32990e-05
 46 -0.99572 -9.64493e-08 | 47  0.21409 -2.93961e-05 | 48 -0.47937  3.48600e-06
 49 -0.04655  5.50235e-06 | 50 -0.06395  2.01255e-05 | 51 -0.27755 -8.57385e-07
 52 -0.54282  5.59319e-05 |
Estimating row 1 out of 52 for hessian
Estimating row 2 out of 52 for hessian
Estimating row 3 out of 52 for hessian
Estimating row 4 out of 52 for hessian
Estimating row 5 out of 52 for hessian
Estimating row 6 out of 52 for hessian
Estimating row 7 out of 52 for hessian
Estimating row 8 out of 52 for hessian
Estimating row 9 out of 52 for hessian
Estimating row 10 out of 52 for hessian
Estimating row 11 out of 52 for hessian
Estimating row 12 out of 52 for hessian
Estimating row 13 out of 52 for hessian
Estimating row 14 out of 52 for hessian
Estimating row 15 out of 52 for hessian
Estimating row 16 out of 52 for hessian
Estimating row 17 out of 52 for hessian
Estimating row 18 out of 52 for hessian
Estimating row 19 out of 52 for hessian
Estimating row 20 out of 52 for hessian
Estimating row 21 out of 52 for hessian
Estimating row 22 out of 52 for hessian
Estimating row 23 out of 52 for hessian
Estimating row 24 out of 52 for hessian
Estimating row 25 out of 52 for hessian
Estimating row 26 out of 52 for hessian
Estimating row 27 out of 52 for hessian
Estimating row 28 out of 52 for hessian
Estimating row 29 out of 52 for hessian
Estimating row 30 out of 52 for hessian
Estimating row 31 out of 52 for hessian
Estimating row 32 out of 52 for hessian
Estimating row 33 out of 52 for hessian
Estimating row 34 out of 52 for hessian
Estimating row 35 out of 52 for hessian
Estimating row 36 out of 52 for hessian
Estimating row 37 out of 52 for hessian
Estimating row 38 out of 52 for hessian
Estimating row 39 out of 52 for hessian
Estimating row 40 out of 52 for hessian
Estimating row 41 out of 52 for hessian
Estimating row 42 out of 52 for hessian
Estimating row 43 out of 52 for hessian
Estimating row 44 out of 52 for hessian
Estimating row 45 out of 52 for hessian
Estimating row 46 out of 52 for hessian
Estimating row 47 out of 52 for hessian
Estimating row 48 out of 52 for hessian
Estimating row 49 out of 52 for hessian
Estimating row 50 out of 52 for hessian
Estimating row 51 out of 52 for hessian
Estimating row 52 out of 52 for hessian
size of file gradfil1.tmp = 0
size of file gradfil2.tmp = 0
size of file varssave.tmp = 0
size of file cmpdiff.tmp = 0
