
Initial statistics: 36 variables; iteration 0; function evaluation 0; phase 1
Function value 4.5010278e+03; maximum gradient component mag 2.6664e+04
Var    Value     Gradient |Var    Value     Gradient |Var    Value     Gradient
  1  0.04486  2.66645e+04 |  2 -0.03316 -4.25517e+02 |  3  0.09681 -2.22966e+02
  4 -0.06293 -5.36942e+02 |  5 -0.09581 -3.13675e+02 |  6  0.00422 -2.99037e+02
  7 -0.16503 -4.56574e+02 |  8 -0.07168 -3.43369e+02 |  9  0.00962 -2.53703e+02
 10  0.06278 -2.22142e+02 | 11 -0.03112 -1.97366e+02 | 12  0.00071 -7.72936e+01
 13  0.01959  3.67208e+01 | 14  0.11125  5.28786e+02 | 15  0.05851  1.41829e+02
 16 -0.09873 -2.95085e+02 | 17 -0.02688 -2.16987e+02 | 18  0.03130  7.39039e+00
 19  0.00606 -4.14542e+02 | 20 -0.03757 -1.72629e+02 | 21 -0.08859 -2.28301e+02
 22 -0.00410 -8.79963e+01 | 23  0.07136  5.92695e+01 | 24  0.04930  7.74173e+01
 25 -0.05507 -3.88389e+02 | 26  0.08733  2.95138e+02 | 27 -0.00633  4.78776e+02
 28  0.02950  5.89603e+02 | 29  0.03958  8.24567e+02 | 30 -0.04011 -4.12914e+02
 31  0.03013  6.43509e+02 | 32  0.06698  4.31046e+02 | 33  0.02178  4.66571e+02
 34  0.02802  5.87357e+02 | 35  0.00682  6.00718e+01 | 36 -0.01605  3.56168e+02

Intermediate statistics: 36 variables; iteration 20; function evaluation 31; phase 1
Function value 3.9631041e+03; maximum gradient component mag 1.0624e+04
Var    Value     Gradient |Var    Value     Gradient |Var    Value     Gradient
  1  0.03265  1.06243e+04 |  2  0.04007 -1.20814e+02 |  3  0.11401 -8.72603e+01
  4  0.04551 -1.41618e+02 |  5 -0.05891 -1.11921e+02 |  6  0.01868 -1.67966e+02
  7 -0.06907 -1.36455e+02 |  8 -0.04057 -1.16248e+02 |  9  0.04530  2.46533e+01
 10  0.11329  2.08261e+02 | 11 -0.02089 -9.96251e+00 | 12  0.00466  5.62623e+01
 13  0.04429  2.48602e+02 | 14  0.06187  7.26144e+01 | 15  0.02615  4.42108e+01
 16 -0.04310 -1.71746e+01 | 17  0.00527  2.05362e+01 | 18  0.02407  8.46943e+01
 19  0.05792  2.42799e+00 | 20 -0.02092  4.88492e+01 | 21 -0.11408 -1.27871e+02
 22 -0.03351 -6.11480e+01 | 23  0.05020 -4.13618e+00 | 24  0.02907  2.97076e+01
 25  0.01013 -5.08225e+01 | 26  0.12004  2.36434e+02 | 27 -0.05404  6.96397e+01
 28  0.02152  3.97999e+01 | 29 -0.01954  3.73477e+01 | 30  0.03016 -5.82161e+01
 31 -0.04916  1.04901e+02 | 32  0.08949  1.86217e+02 | 33 -0.00753  8.53932e+01
 34 -0.02628  2.81082e+01 | 35 -0.00429 -1.49464e+02 | 36 -0.41355 -1.28749e+02
36 variables; iteration 40; function evaluation 66; phase 1
Function value 3.9146399e+03; maximum gradient component mag 8.6730e+02
Var    Value     Gradient |Var    Value     Gradient |Var    Value     Gradient
  1  0.02458  8.67299e+02 |  2  0.03624 -9.77432e+00 |  3  0.10016 -5.15723e+00
  4  0.02935 -1.55359e+01 |  5 -0.09806 -1.25686e+01 |  6  0.02320 -6.59796e+00
  7 -0.08674 -2.60368e+01 |  8 -0.04452 -1.13926e+01 |  9  0.02164 -2.71114e+01
 10  0.10039 -8.55965e+01 | 11 -0.02831 -3.71201e+01 | 12  0.00441 -2.83420e+01
 13  0.04434 -6.36513e+01 | 14  0.07886 -3.24130e+01 | 15  0.02828 -3.61733e+01
 16 -0.03023 -4.00627e+01 | 17  0.01266 -3.15969e+01 | 18  0.00369 -5.39558e+01
 19  0.07572 -5.90189e+00 | 20 -0.04018 -4.12746e+01 | 21 -0.09830 -2.07024e+01
 22 -0.03209 -7.01264e+00 | 23  0.05931 -6.77595e+00 | 24  0.02102 -1.03748e+01
 25  0.03108  3.62848e+01 | 26  0.13246  9.17288e+01 | 27 -0.07790  1.82699e+01
 28  0.04116  1.41026e+02 | 29 -0.02504  1.41928e+02 | 30  0.05924  1.48243e+02
 31 -0.07377  1.02139e+02 | 32  0.10790 -4.70057e+00 | 33  0.00026 -1.00967e+01
 34 -0.03093 -4.68114e+01 | 35  0.01647 -5.43663e+00 | 36 -0.38346 -9.85528e+00

 - final statistics:
36 variables; iteration 50; function evaluation 76
Function value 3.9106e+03; maximum gradient component mag -8.1345e+00
Exit code = 1;  converg criter 1.0000e+01
Var    Value     Gradient |Var    Value     Gradient |Var    Value     Gradient
  1  0.02406 -8.13452e+00 |  2  0.03624  1.32201e-01 |  3  0.09928  8.24955e-02
  4  0.03060  5.60333e-02 |  5 -0.09782  1.58128e-01 |  6  0.02150  1.17396e-01
  7 -0.08166 -2.54282e-02 |  8 -0.04932  1.49632e-01 |  9  0.01934  7.61748e-02
 10  0.10542 -5.56769e-01 | 11 -0.02642 -5.60792e-02 | 12  0.00371 -2.00927e-02
 13  0.04921 -4.42881e-01 | 14  0.07924  5.72917e-01 | 15  0.02962  8.80420e-01
 16 -0.02640  9.14576e-01 | 17  0.01279  4.46904e-01 | 18  0.01021 -2.82040e-01
 19  0.07412  5.80554e-01 | 20 -0.03329 -3.67009e-03 | 21 -0.09582  2.85636e-02
 22 -0.03208  1.40042e-01 | 23  0.06012 -5.87579e-02 | 24  0.02445 -3.99012e-01
 25  0.02703 -9.65803e-02 | 26  0.13367 -2.52781e+00 | 27 -0.07419 -7.09931e-01
 28  0.03860 -6.71839e-02 | 29 -0.04092 -2.29476e+00 | 30  0.05685  1.67527e+00
 31 -0.09451  1.25473e+00 | 32  0.11174  7.40925e-02 | 33 -0.00051  2.54499e-01
 34 -0.02536 -3.53244e-01 | 35  0.01627  2.77104e-01 | 36 -0.38287  7.71070e-02

Initial statistics: 46 variables; iteration 0; function evaluation 0; phase 2
Function value 3.9105608e+03; maximum gradient component mag 1.1938e+04
Var    Value     Gradient |Var    Value     Gradient |Var    Value     Gradient
  1  0.02406 -8.13452e+00 |  2  0.03624  1.31327e-01 |  3  0.09928  8.16308e-02
  4  0.03060  5.51590e-02 |  5 -0.09782  1.57263e-01 |  6  0.02150  1.16521e-01
  7 -0.08166 -2.62962e-02 |  8 -0.04932  1.48760e-01 |  9  0.01934  7.53000e-02
 10  0.10542 -5.57632e-01 | 11 -0.02642 -5.69537e-02 | 12  0.00371 -2.09680e-02
 13  0.04921 -4.43753e-01 | 14  0.07924  5.72049e-01 | 15  0.02962  8.79546e-01
 16 -0.02640  9.13702e-01 | 17  0.01279  4.46029e-01 | 18  0.01021 -2.82915e-01
 19  0.07412  5.79684e-01 | 20 -0.03329 -4.54414e-03 | 21 -0.09582  2.76982e-02
 22 -0.03208  1.39168e-01 | 23  0.06012 -5.96292e-02 | 24  0.02445 -3.99887e-01
 25  0.02703 -9.74548e-02 | 26  0.13367 -2.52867e+00 | 27 -0.07419 -7.10801e-01
 28  0.03860 -6.80575e-02 | 29 -0.04092 -2.29564e+00 | 30  0.05685  1.67440e+00
 31 -0.09451  1.25386e+00 | 32  0.11174  7.32307e-02 | 33 -0.00051  2.53624e-01
 34 -0.02536 -3.54119e-01 | 35  0.01627  2.76229e-01 | 36 -0.38287  7.63853e-02
 37  0.31299  1.19383e+04 | 38  0.26289  2.65295e+02 | 39  0.18423 -4.43408e+03
 40  0.32720  1.14800e+04 | 41 -0.03661 -1.28139e+03 | 42 -0.46635  1.04072e+03
 43 -0.02601 -1.88485e+02 | 44 -0.07828 -1.66561e+03 | 45 -0.25183  1.64277e+02
 46 -0.85749  1.97220e+02 |

Intermediate statistics: 46 variables; iteration 20; function evaluation 28; phase 2
Function value 3.3162580e+03; maximum gradient component mag 1.0662e+04
Var    Value     Gradient |Var    Value     Gradient |Var    Value     Gradient
  1  0.04897  9.98956e+03 |  2 -0.01740 -1.95112e+02 |  3  0.01873 -2.23012e+02
  4 -0.02039 -1.43783e+02 |  5 -0.13355 -1.23105e+02 |  6 -0.07493 -2.14725e+02
  7 -0.19138 -2.03786e+02 |  8 -0.12568 -1.79559e+02 |  9 -0.00721 -1.15968e+02
 10  0.11304  6.37076e+01 | 11 -0.02997 -1.01319e+02 | 12  0.00531 -7.02314e+01
 13  0.02114 -4.96305e+01 | 14  0.06761 -9.05991e+00 | 15  0.01100 -1.05928e+02
 16 -0.06166 -1.35454e+02 | 17  0.01420 -1.22138e+01 | 18  0.05897 -2.55335e+01
 19  0.10077  1.14885e+01 | 20  0.00803 -1.04690e+01 | 21 -0.01029 -1.65921e+00
 22  0.00360 -9.59092e+01 | 23 -0.00460 -1.61496e+02 | 24  0.04080 -2.88910e+01
 25  0.04322  3.16225e+00 | 26  0.15021  5.99625e+02 | 27 -0.02466  4.39145e+01
 28  0.04519  2.67935e+02 | 29 -0.01300 -1.09186e+01 | 30  0.06614  8.70978e+00
 31 -0.00711  7.07785e+01 | 32  0.11125  3.59943e+02 | 33 -0.00001 -1.02406e+01
 34 -0.03903 -3.07926e+01 | 35  0.00322 -8.19923e+01 | 36 -0.14826  6.53700e+01
 37  0.27540  1.06624e+04 | 38  0.23092 -1.99524e+02 | 39  0.21664 -1.22169e+03
 40  0.28532  7.49976e+03 | 41 -0.14636 -1.01774e+03 | 42 -0.44953  1.32179e+03
 43 -0.01790 -1.01287e+02 | 44 -0.03109 -1.41733e+03 | 45 -0.48987  2.59200e+01
 46 -0.86719  2.66621e+02 |
46 variables; iteration 40; function evaluation 58; phase 2
Function value 2.9641852e+03; maximum gradient component mag 1.6965e+03
Var    Value     Gradient |Var    Value     Gradient |Var    Value     Gradient
  1  0.05719  1.63716e+03 |  2  0.00516 -6.20338e+00 |  3  0.01533 -8.44907e+01
  4 -0.00224  6.86801e+00 |  5 -0.13101 -2.84410e+01 |  6 -0.01455 -2.32474e+01
  7 -0.10414 -2.54630e+01 |  8 -0.07652 -3.46286e+01 |  9  0.00441 -5.59540e+00
 10  0.10156  1.52516e+01 | 11 -0.03562 -2.65123e+01 | 12  0.00894 -1.18216e+01
 13  0.02410  1.39866e+01 | 14  0.05729 -1.30150e+01 | 15 -0.00286 -2.76439e+01
 16 -0.06805 -2.65741e+01 | 17 -0.00087  1.55061e+01 | 18  0.05019 -4.09142e+01
 19  0.08314 -4.18485e+01 | 20 -0.02019  5.59944e+00 | 21 -0.05994 -2.70340e+01
 22 -0.02519 -1.98436e+01 | 23 -0.01853 -3.10556e+01 | 24  0.03137  3.48935e+00
 25  0.03139 -1.02327e+01 | 26  0.09873  1.52604e+02 | 27 -0.01611 -1.89584e+01
 28  0.03526  3.06315e+01 | 29  0.01382  3.07983e+01 | 30  0.07418  2.98120e+01
 31 -0.00002 -5.37357e+00 | 32  0.09378  7.82070e+01 | 33  0.01128 -3.06058e+01
 34 -0.03148 -2.71380e+01 | 35  0.00333 -5.85071e+01 | 36 -0.14338  2.45327e+01
 37  0.24674  1.69655e+03 | 38  0.22916 -2.17347e+02 | 39  0.23737 -1.07382e+02
 40  0.25347  1.30303e+03 | 41 -0.30783 -1.32973e+02 | 42 -0.45609  2.48897e+02
 43  0.09382 -1.33115e+01 | 44  0.08366 -2.03231e+02 | 45 -0.46647  7.27221e+00
 46 -0.94075  2.24274e+01 |

 - final statistics:
46 variables; iteration 59; function evaluation 88
Function value 2.9507e+03; maximum gradient component mag 9.6365e+00
Exit code = 1;  converg criter 1.0000e+01
Var    Value     Gradient |Var    Value     Gradient |Var    Value     Gradient
  1  0.05678  9.63651e+00 |  2 -0.01086 -2.33725e-01 |  3  0.02877 -6.91234e-01
  4 -0.02071 -2.77850e-01 |  5 -0.14049 -2.96341e-01 |  6 -0.02546 -4.13448e-01
  7 -0.11530 -7.75313e-02 |  8 -0.07869 -1.41727e-01 |  9 -0.00416 -5.82420e-02
 10  0.10022 -2.83269e-02 | 11 -0.03092  2.65373e-02 | 12  0.01157  6.83933e-02
 13  0.02050 -2.48511e-02 | 14  0.06173  7.78075e-02 | 15  0.00057 -6.97938e-03
 16 -0.06572 -9.05251e-02 | 17 -0.00882 -4.52936e-02 | 18  0.06067 -3.37428e-02
 19  0.09114 -1.64924e-01 | 20 -0.02559 -9.28839e-02 | 21 -0.05650 -2.20672e-01
 22 -0.02595 -1.17934e-01 | 23 -0.01604 -2.07264e-01 | 24  0.03077  6.86908e-02
 25  0.03911  1.19983e-01 | 26  0.07712  6.97413e-02 | 27 -0.00184 -8.34514e-02
 28  0.03858  4.74780e-02 | 29  0.01526  1.72458e-01 | 30  0.06947  2.18955e-01
 31  0.01027 -7.80128e-03 | 32  0.08982  9.83042e-01 | 33  0.02343  4.69912e-01
 34 -0.02026  5.49323e-01 | 35  0.02237  9.21774e-01 | 36 -0.14590 -3.86999e-02
 37  0.24198  5.01131e+00 | 38  0.23017  5.03683e-01 | 39  0.24021  3.20857e-01
 40  0.24654  2.24269e+00 | 41 -0.36248 -2.23146e-01 | 42 -0.46133  4.63270e-01
 43  0.13079 -1.52878e-01 | 44  0.11758 -2.20656e-01 | 45 -0.46132  7.45112e-02
 46 -0.92904  1.32585e-02 |

Initial statistics: 52 variables; iteration 0; function evaluation 0; phase 3
Function value 2.9507167e+03; maximum gradient component mag -1.4016e+03
Var    Value     Gradient |Var    Value     Gradient |Var    Value     Gradient
  1  0.05678  9.63651e+00 |  2 -0.01086 -2.46253e-01 |  3  0.02877 -7.03751e-01
  4 -0.02071 -2.90373e-01 |  5 -0.14049 -3.08567e-01 |  6 -0.02546 -4.25967e-01
  7 -0.11530 -8.98557e-02 |  8 -0.07869 -1.54161e-01 |  9 -0.00416 -7.07711e-02
 10  0.10022 -4.07014e-02 | 11 -0.03092  1.40227e-02 | 12  0.01157  5.58660e-02
 13  0.02049 -3.73741e-02 | 14  0.06173  6.53370e-02 | 15  0.00057 -1.95088e-02
 16 -0.06572 -1.02988e-01 | 17 -0.00882 -5.78218e-02 | 18  0.06067 -4.62153e-02
 19  0.09113 -1.77325e-01 | 20 -0.02559 -1.05403e-01 | 21 -0.05650 -2.33152e-01
 22 -0.02595 -1.30453e-01 | 23 -0.01604 -2.19789e-01 | 24  0.03077  5.61760e-02
 25  0.03911  1.07478e-01 | 26  0.07712  5.73037e-02 | 27 -0.00184 -9.59808e-02
 28  0.03858  3.49716e-02 | 29  0.01526  1.59932e-01 | 30  0.06947  2.06500e-01
 31  0.01027 -2.03291e-02 | 32  0.08982  9.70637e-01 | 33  0.02343  4.57391e-01
 34 -0.02026  5.36800e-01 | 35  0.02237  9.09252e-01 | 36 -0.14590 -5.09017e-02
 37  0.24198  5.01131e+00 | 38  0.23017  5.03683e-01 | 39  0.24021  3.20857e-01
 40  0.24654  2.24269e+00 | 41 -0.36248 -2.23146e-01 | 42 -0.46133  4.63270e-01
 43  0.38381  8.38680e+01 | 44 -0.29820  7.74669e+01 | 45  0.07420 -1.40162e+03
 46 -0.40125  8.95073e+02 | 47  0.17732 -1.14341e+03 | 48 -0.83901  4.89079e+02
 49  0.13079 -1.52878e-01 | 50  0.11758 -2.20656e-01 | 51 -0.46132  7.45112e-02
 52 -0.92904  1.32585e-02 |

Intermediate statistics: 52 variables; iteration 20; function evaluation 32; phase 3
Function value 2.4470441e+03; maximum gradient component mag -2.8715e+03
Var    Value     Gradient |Var    Value     Gradient |Var    Value     Gradient
  1  0.06065 -2.39091e+03 |  2  0.01560  8.00992e+01 |  3  0.06349  8.67639e+01
  4  0.01533  6.10307e+01 |  5 -0.10736  4.57497e+01 |  6  0.00754  5.73134e+01
  7 -0.08392  4.32085e+01 |  8 -0.04499  6.73787e+01 |  9  0.01732  7.50197e+01
 10  0.09822  4.41723e+01 | 11 -0.02203  6.39612e+01 | 12  0.01236  4.49574e+01
 13  0.01908  4.88364e+01 | 14  0.05997  4.24193e+01 | 15  0.00509  4.49374e+01
 16 -0.07289  2.15607e+01 | 17 -0.02084 -2.81528e+01 | 18  0.04180 -1.32455e+01
 19  0.07085  2.06266e+01 | 20 -0.04190 -4.16436e+01 | 21 -0.13148 -1.22562e+01
 22 -0.06170 -3.25878e+01 | 23  0.01825  9.94504e+00 | 24  0.02355  6.90899e+01
 25  0.01136  9.28606e+01 | 26  0.07336  2.37204e+01 | 27  0.01573  1.24035e+01
 28  0.04076 -1.63816e+01 | 29 -0.00778 -1.03484e+02 | 30  0.06127 -3.34209e+01
 31  0.01206 -6.70586e+01 | 32  0.10377 -1.05025e+02 | 33  0.00719 -1.04365e+02
 34 -0.02698 -1.98461e+01 | 35  0.04590  2.76007e+01 | 36 -0.20759  3.94915e+00
 37  0.23683 -7.38642e+02 | 38  0.22822 -7.71013e+02 | 39  0.22379 -8.41907e+02
 40  0.20766 -2.87154e+03 | 41 -0.52533 -1.13943e+02 | 42 -0.45431  3.69134e+02
 43  0.34730  8.13724e+01 | 44 -0.35499 -4.03431e+01 | 45  0.09090 -2.50159e+02
 46 -0.61046  4.38668e+02 | 47  0.59814 -2.77945e+02 | 48 -1.06823 -2.86091e+00
 49  0.21233  2.37058e+01 | 50  0.20434 -2.55619e+02 | 51 -0.46474 -2.15117e+00
 52 -0.93239  3.97120e+01 |
52 variables; iteration 40; function evaluation 57; phase 3
Function value 2.3858549e+03; maximum gradient component mag 5.9790e+02
Var    Value     Gradient |Var    Value     Gradient |Var    Value     Gradient
  1  0.05026  5.97896e+02 |  2  0.01162 -1.63067e+00 |  3  0.07686  3.76995e+01
  4  0.02886  2.40443e+01 |  5 -0.11048 -2.99543e+01 |  6  0.00826 -6.50744e+00
  7 -0.07408  1.15006e+01 |  8 -0.07999 -4.39601e+01 |  9 -0.01568 -4.87738e+01
 10  0.10354  2.88974e+00 | 11 -0.02943 -1.13259e+01 | 12  0.00860 -3.11190e+00
 13  0.02178  9.94758e+00 | 14  0.07001  4.38961e+01 | 15  0.00684  2.56773e+01
 16 -0.05556  4.40272e+01 | 17 -0.01345  2.47695e+01 | 18  0.03889 -2.14237e+01
 19  0.06789  2.46386e+01 | 20 -0.03515 -4.18118e+01 | 21 -0.09991  2.42180e+01
 22 -0.04669 -3.96200e+01 | 23  0.01034 -8.61360e+01 | 24  0.00226 -6.35264e+01
 25 -0.01678 -1.34741e+01 | 26  0.07531 -5.90776e+00 | 27  0.00189 -3.50187e+01
 28  0.03159 -1.69563e+01 | 29  0.00404  8.35944e+00 | 30  0.04868 -5.02782e+01
 31  0.01749 -5.52410e-01 | 32  0.09737 -9.01423e+00 | 33  0.01754 -2.63843e+01
 34 -0.00884  6.47436e+01 | 35  0.01205 -2.28123e+01 | 36 -0.18566 -3.11443e+01
 37  0.24969  3.31558e+02 | 38  0.23969 -4.24836e+02 | 39  0.25136  1.74287e+02
 40  0.22535  2.03457e+02 | 41 -0.47499 -1.73191e+01 | 42 -0.47520 -6.52151e+01
 43  0.35593 -5.29513e+01 | 44 -0.35425 -1.52339e+01 | 45  0.07657 -3.26501e+01
 46 -0.65128  1.46488e+02 | 47  0.69371 -1.04664e+02 | 48 -0.97388 -3.50196e-01
 49  0.20929  3.97512e+00 | 50  0.18269 -3.69233e+01 | 51 -0.39786  3.12566e+01
 52 -0.86432 -2.24837e+01 |
52 variables; iteration 60; function evaluation 93; phase 3
Function value 2.3592694e+03; maximum gradient component mag -2.3873e+02
Var    Value     Gradient |Var    Value     Gradient |Var    Value     Gradient
  1  0.04179 -6.38250e+01 |  2  0.00186  3.98465e+00 |  3  0.04561  5.89832e+00
  4 -0.00943  1.14842e+01 |  5 -0.13592 -2.05388e+00 |  6 -0.01706  7.68889e+00
  7 -0.11217 -1.89319e+00 |  8 -0.06639  8.42134e+00 |  9  0.00802  5.09284e+00
 10  0.10704  3.65829e+00 | 11 -0.02862 -7.54639e+00 | 12  0.01294  1.20695e+01
 13  0.03092 -4.77772e+00 | 14  0.07348 -1.05987e+01 | 15  0.00984 -2.62058e+00
 16 -0.06625 -6.91176e+00 | 17 -0.01216  2.75799e-01 | 18  0.04203 -3.29791e+00
 19  0.06070 -1.03579e+00 | 20 -0.02598  3.22006e+00 | 21 -0.12435 -1.56479e+00
 22 -0.03993  5.37001e+00 | 23  0.03529 -4.86162e+00 | 24  0.01713  4.24342e+00
 25 -0.01590  3.33539e+00 | 26  0.08176  6.95715e+00 | 27  0.01751  5.42605e+00
 28  0.03561  2.84686e+00 | 29 -0.00178 -9.97283e-01 | 30  0.05805  1.04436e+01
 31  0.02006 -3.26902e+00 | 32  0.10347 -2.47765e+00 | 33  0.03144 -6.60170e+00
 34 -0.01836 -3.62502e+00 | 35  0.02693  3.81774e+00 | 36 -0.14655  1.41152e+00
 37  0.25627  1.21269e+01 | 38  0.24897  1.43953e+02 | 39  0.25296 -4.37630e+01
 40  0.22398 -2.38726e+02 | 41 -0.39385  3.38525e+01 | 42 -0.46685 -3.59247e+01
 43  0.37127  4.72980e+00 | 44 -0.34684  7.24265e+00 | 45  0.06612 -4.44810e+01
 46 -0.67899 -4.25306e+01 | 47  0.97258 -6.99523e+00 | 48 -0.71433 -6.63656e+00
 49  0.16981  4.22661e-01 | 50  0.15028  5.83454e+01 | 51 -0.45109 -3.35001e-01
 52 -0.86860 -7.47495e+00 |
52 variables; iteration 80; function evaluation 113; phase 3
Function value 2.3583845e+03; maximum gradient component mag -4.2241e-01
Var    Value     Gradient |Var    Value     Gradient |Var    Value     Gradient
  1  0.04166 -4.22407e-01 |  2  0.00011  1.01897e-02 |  3  0.04230  1.22371e-02
  4 -0.01587  8.13123e-03 |  5 -0.13768 -6.57970e-04 |  6 -0.02274  3.88241e-03
  7 -0.11576  2.89016e-03 |  8 -0.07337  2.42326e-03 |  9  0.00562 -2.45920e-03
 10  0.10759 -1.07147e-02 | 11 -0.02413 -6.58677e-03 | 12  0.01046  4.09624e-03
 13  0.03325 -2.76462e-03 | 14  0.07553 -3.85824e-03 | 15  0.01090  3.94674e-03
 16 -0.06278 -4.99090e-03 | 17 -0.01206  7.25032e-03 | 18  0.04501  1.99922e-03
 19  0.06272  3.84782e-03 | 20 -0.02486  1.04943e-03 | 21 -0.12043  1.00353e-02
 22 -0.03929  1.37407e-02 | 23  0.03799  5.42998e-04 | 24  0.01783 -5.24587e-03
 25 -0.01439 -4.60375e-03 | 26  0.08181  3.72420e-03 | 27  0.01775  1.29166e-02
 28  0.03648  7.64889e-04 | 29 -0.00002  1.01800e-02 | 30  0.05746  2.59596e-03
 31  0.02184 -2.75375e-03 | 32  0.10400 -1.72529e-02 | 33  0.03285 -1.84578e-02
 34 -0.01768 -1.81446e-02 | 35  0.02556 -6.02205e-03 | 36 -0.14835  1.38709e-03
 37  0.25565 -1.67425e-01 | 38  0.24773  2.72655e-03 | 39  0.25340 -3.17459e-02
 40  0.22474 -6.37653e-02 | 41 -0.39545 -1.35881e-01 | 42 -0.47091  1.08297e-01
 43  0.36908  2.03746e-03 | 44 -0.34912  1.13470e-02 | 45  0.06926  6.12478e-02
 46 -0.67226 -3.29555e-02 | 47  0.99999  8.43668e-03 | 48 -0.67203  3.69373e-03
 49  0.17305 -1.04375e-02 | 50  0.14946 -2.20293e-01 | 51 -0.44536 -1.44792e-03
 52 -0.85215  1.27527e-02 |
52 variables; iteration 100; function evaluation 135; phase 3
Function value 2.3583839e+03; maximum gradient component mag 6.9109e-01
Var    Value     Gradient |Var    Value     Gradient |Var    Value     Gradient
  1  0.04166 -2.84462e-01 |  2  0.00011  5.02674e-03 |  3  0.04230  6.38937e-03
  4 -0.01587  7.19189e-03 |  5 -0.13767  4.89223e-03 |  6 -0.02273  8.64413e-03
  7 -0.11576  1.59896e-03 |  8 -0.07336  2.99330e-03 |  9  0.00562  3.37037e-03
 10  0.10759 -3.01313e-03 | 11 -0.02413  1.73685e-03 | 12  0.01046  2.92610e-03
 13  0.03325 -9.02370e-03 | 14  0.07553 -5.31152e-03 | 15  0.01090 -3.22228e-03
 16 -0.06278 -8.66418e-03 | 17 -0.01207 -7.68649e-03 | 18  0.04501 -7.26349e-04
 19  0.06272  1.18707e-03 | 20 -0.02486  8.35314e-04 | 21 -0.12044 -1.10939e-03
 22 -0.03929  1.42856e-03 | 23  0.03799 -5.89233e-05 | 24  0.01783 -1.02919e-04
 25 -0.01439 -4.97291e-03 | 26  0.08181  4.64675e-03 | 27  0.01774 -3.20497e-03
 28  0.03647 -7.30453e-03 | 29 -0.00003 -7.23749e-03 | 30  0.05746  5.93140e-03
 31  0.02184 -1.58088e-03 | 32  0.10400  4.34191e-03 | 33  0.03285 -1.78113e-03
 34 -0.01767 -2.71840e-03 | 35  0.02556  5.05289e-03 | 36 -0.14834  7.69784e-03
 37  0.25565 -7.96514e-02 | 38  0.24773 -7.89277e-03 | 39  0.25340 -1.70044e-02
 40  0.22474 -2.78443e-02 | 41 -0.35864 -2.30463e-01 | 42 -0.48311  6.91094e-01
 43  0.36908 -5.49637e-04 | 44 -0.34912  3.67279e-03 | 45  0.06926  8.42612e-03
 46 -0.67226 -5.97586e-03 | 47  0.99926 -4.67143e-02 | 48 -0.67204  8.30874e-04
 49  0.15137  1.68637e-02 | 50  0.12797 -4.00753e-01 | 51 -0.43018 -6.57631e-03
 52 -0.80766  2.08317e-01 |
52 variables; iteration 120; function evaluation 157; phase 3
Function value 2.3583834e+03; maximum gradient component mag 1.1019e+00
Var    Value     Gradient |Var    Value     Gradient |Var    Value     Gradient
  1  0.04166 -7.89481e-01 |  2  0.00012  2.02190e-02 |  3  0.04229  1.87567e-02
  4 -0.01587  2.67860e-02 |  5 -0.13768  4.95168e-03 |  6 -0.02274  2.27388e-02
  7 -0.11577 -1.49451e-03 |  8 -0.07336  1.22219e-02 |  9  0.00562  2.15888e-03
 10  0.10758 -2.50383e-02 | 11 -0.02413 -9.04764e-03 | 12  0.01047  1.40467e-02
 13  0.03325 -1.41395e-02 | 14  0.07553 -4.88627e-03 | 15  0.01091  1.09766e-02
 16 -0.06278 -1.51711e-02 | 17 -0.01206  2.24664e-04 | 18  0.04501  5.00395e-03
 19  0.06272  9.35326e-03 | 20 -0.02486 -4.50556e-03 | 21 -0.12043  2.46744e-03
 22 -0.03929  1.23572e-02 | 23  0.03799  2.44078e-03 | 24  0.01783 -4.13542e-03
 25 -0.01439 -1.81342e-02 | 26  0.08181  1.93845e-03 | 27  0.01775  2.05837e-02
 28  0.03648  6.60342e-03 | 29 -0.00002  7.39443e-03 | 30  0.05746  1.51388e-02
 31  0.02184 -8.66516e-03 | 32  0.10400 -1.33942e-02 | 33  0.03285 -2.88557e-02
 34 -0.01768 -2.95502e-02 | 35  0.02556 -1.23389e-02 | 36 -0.14835  1.12468e-02
 37  0.25564 -3.77158e-01 | 38  0.24773 -6.16238e-02 | 39  0.25340 -1.19012e-01
 40  0.22474 -1.79314e-01 | 41 -0.30880 -3.72588e-01 | 42 -0.49834  1.10185e+00
 43  0.36908  4.25711e-03 | 44 -0.34912  2.12771e-02 | 45  0.06926  7.97429e-02
 46 -0.67225 -3.02246e-02 | 47  1.00037  1.97848e-02 | 48 -0.67201  7.89031e-03
 49  0.12102  2.86333e-02 | 50  0.09784 -6.30422e-01 | 51 -0.41202 -1.66394e-02
 52 -0.76417  4.28293e-01 |
52 variables; iteration 140; function evaluation 181; phase 3
Function value 2.3583828e+03; maximum gradient component mag 8.6520e-01
Var    Value     Gradient |Var    Value     Gradient |Var    Value     Gradient
  1  0.04166  4.95169e-01 |  2  0.00011 -1.79736e-03 |  3  0.04230  3.01286e-03
  4 -0.01587 -4.31923e-03 |  5 -0.13767 -6.32171e-03 |  6 -0.02273 -3.97850e-03
  7 -0.11576 -7.56829e-03 |  8 -0.07336 -4.20257e-03 |  9  0.00562 -1.57739e-03
 10  0.10759  1.09364e-02 | 11 -0.02413  7.75010e-04 | 12  0.01046  2.09053e-03
 13  0.03325  5.57045e-04 | 14  0.07553  1.74990e-02 | 15  0.01090 -3.28540e-03
 16 -0.06278 -9.59877e-03 | 17 -0.01207 -8.00293e-03 | 18  0.04501 -1.52607e-03
 19  0.06272  4.01916e-03 | 20 -0.02487 -6.00505e-03 | 21 -0.12044 -1.21769e-02
 22 -0.03929 -1.01231e-02 | 23  0.03799  6.46009e-03 | 24  0.01783 -9.39550e-04
 25 -0.01439 -5.22753e-03 | 26  0.08181  1.20105e-02 | 27  0.01774  2.84686e-03
 28  0.03648  1.09978e-02 | 29 -0.00003 -5.76276e-04 | 30  0.05746  1.08230e-02
 31  0.02184 -5.35509e-03 | 32  0.10399  1.31407e-02 | 33  0.03285  4.01911e-04
 34 -0.01767 -4.13789e-03 | 35  0.02556  7.38039e-03 | 36 -0.14834 -2.81607e-03
 37  0.25565  1.35633e-01 | 38  0.24773  5.93154e-02 | 39  0.25340  1.38112e-02
 40  0.22474  4.52957e-02 | 41 -0.21589 -1.61600e-01 | 42 -0.52665  8.65201e-01
 43  0.36908 -2.20254e-03 | 44 -0.34912 -9.01498e-03 | 45  0.06926  1.59943e-03
 46 -0.67225 -2.46540e-03 | 47  0.99995 -2.46886e-04 | 48 -0.67205 -8.43682e-04
 49  0.06193  3.82593e-02 | 50  0.03901 -2.84944e-01 | 51 -0.38030  5.85710e-04
 52 -0.70101  4.34805e-01 |
52 variables; iteration 160; function evaluation 201; phase 3
Function value 2.3583825e+03; maximum gradient component mag 2.8007e-01
Var    Value     Gradient |Var    Value     Gradient |Var    Value     Gradient
  1  0.04166  2.25990e-01 |  2  0.00011 -8.00916e-04 |  3  0.04229 -3.07889e-04
  4 -0.01587 -6.93402e-03 |  5 -0.13767 -2.50881e-03 |  6 -0.02273 -2.10545e-03
  7 -0.11576 -2.59633e-03 |  8 -0.07336 -3.56928e-03 |  9  0.00562  2.47888e-03
 10  0.10759  7.42821e-03 | 11 -0.02413  1.60974e-03 | 12  0.01046 -2.07169e-03
 13  0.03325 -4.54755e-03 | 14  0.07553  1.24082e-02 | 15  0.01090 -4.44760e-03
 16 -0.06278 -8.08628e-03 | 17 -0.01207 -5.50304e-03 | 18  0.04501 -3.33909e-04
 19  0.06272  6.86891e-03 | 20 -0.02486  4.33851e-03 | 21 -0.12044 -2.80278e-03
 22 -0.03929 -1.51942e-03 | 23  0.03799 -1.26275e-02 | 24  0.01783 -8.43719e-03
 25 -0.01439 -7.05817e-03 | 26  0.08181  1.50697e-02 | 27  0.01775  6.49956e-03
 28  0.03647 -3.69656e-03 | 29 -0.00003 -1.56597e-02 | 30  0.05746  4.87313e-03
 31  0.02184  8.78751e-04 | 32  0.10399  5.71820e-03 | 33  0.03285  9.33391e-03
 34 -0.01767  3.88824e-03 | 35  0.02556  1.28697e-03 | 36 -0.14834 -2.31716e-03
 37  0.25565  3.31385e-02 | 38  0.24773  7.48858e-03 | 39  0.25340  9.20774e-03
 40  0.22474  6.02077e-02 | 41 -0.12815 -4.51798e-02 | 42 -0.55425  2.80067e-01
 43  0.36908 -3.67375e-03 | 44 -0.34912  5.17021e-03 | 45  0.06926 -4.87828e-04
 46 -0.67225  4.25563e-03 | 47  0.99997  2.35423e-03 | 48 -0.67205 -7.78114e-04
 49  0.00373  1.97137e-02 | 50 -0.01911 -8.58700e-02 | 51 -0.35179 -9.23336e-03
 52 -0.65184  1.73803e-01 |
52 variables; iteration 180; function evaluation 222; phase 3
Function value 2.3583823e+03; maximum gradient component mag 5.3095e-01
Var    Value     Gradient |Var    Value     Gradient |Var    Value     Gradient
  1  0.04166  8.46216e-02 |  2  0.00011  4.89992e-04 |  3  0.04230 -1.43721e-03
  4 -0.01587 -4.38758e-03 |  5 -0.13767 -1.33067e-03 |  6 -0.02273 -1.66742e-03
  7 -0.11576 -7.72059e-04 |  8 -0.07336 -2.38308e-04 |  9  0.00562  2.49417e-03
 10  0.10759  6.13397e-03 | 11 -0.02413  1.84362e-03 | 12  0.01046  4.43932e-04
 13  0.03325 -2.56480e-03 | 14  0.07553  1.13417e-02 | 15  0.01090 -4.22759e-03
 16 -0.06278 -8.24891e-03 | 17 -0.01207 -6.61927e-03 | 18  0.04501 -2.76752e-04
 19  0.06272  5.69587e-03 | 20 -0.02486  1.02056e-03 | 21 -0.12044 -5.39436e-03
 22 -0.03929 -4.13664e-03 | 23  0.03799 -8.17145e-03 | 24  0.01783 -6.19556e-03
 25 -0.01439 -5.55650e-03 | 26  0.08181  8.40209e-03 | 27  0.01774  5.05262e-03
 28  0.03647  4.17227e-04 | 29 -0.00003 -9.07179e-03 | 30  0.05746  7.28759e-03
 31  0.02184 -7.91524e-04 | 32  0.10399  4.56305e-03 | 33  0.03285  3.60349e-03
 34 -0.01767  1.41629e-04 | 35  0.02556  4.94874e-03 | 36 -0.14834  3.56277e-04
 37  0.25565  7.46600e-02 | 38  0.24773  1.48159e-02 | 39  0.25340  7.28185e-06
 40  0.22474  4.12156e-02 | 41 -0.05481 -2.04548e-01 | 42 -0.57781  5.30953e-01
 43  0.36908 -2.44639e-03 | 44 -0.34912 -1.29369e-04 | 45  0.06926 -1.86434e-03
 46 -0.67225  3.78305e-03 | 47  1.00003 -1.59705e-03 | 48 -0.67205 -3.28756e-04
 49 -0.04618  1.32566e-03 | 50 -0.06911 -2.98370e-01 | 51 -0.32914  9.98327e-03
 52 -0.61601  3.63339e-01 |
52 variables; iteration 200; function evaluation 245; phase 3
Function value 2.3583823e+03; maximum gradient component mag 9.4453e-02
Var    Value     Gradient |Var    Value     Gradient |Var    Value     Gradient
  1  0.04166 -2.69221e-02 |  2  0.00011  7.20119e-04 |  3  0.04230  2.11550e-04
  4 -0.01587  4.41179e-04 |  5 -0.13767  2.31777e-04 |  6 -0.02273  8.68030e-05
  7 -0.11576  1.44226e-04 |  8 -0.07336  3.12041e-04 |  9  0.00562 -9.99620e-05
 10  0.10759 -1.34899e-03 | 11 -0.02413 -1.33142e-04 | 12  0.01046 -8.71137e-05
 13  0.03325 -1.62779e-03 | 14  0.07553 -1.28545e-03 | 15  0.01090 -8.69620e-04
 16 -0.06278 -1.27447e-03 | 17 -0.01207 -9.45200e-04 | 18  0.04501  1.10561e-03
 19  0.06272  2.08799e-03 | 20 -0.02487  8.67260e-04 | 21 -0.12044 -2.99185e-04
 22 -0.03929  5.20253e-05 | 23  0.03799  4.83981e-05 | 24  0.01783 -1.10431e-04
 25 -0.01439 -6.66891e-04 | 26  0.08181  1.20479e-03 | 27  0.01774  1.16114e-04
 28  0.03647 -4.68595e-04 | 29 -0.00003 -6.90949e-04 | 30  0.05746  9.75171e-04
 31  0.02184 -1.08937e-04 | 32  0.10399  9.13880e-04 | 33  0.03285  1.59590e-04
 34 -0.01767 -1.18638e-04 | 35  0.02556  8.96684e-04 | 36 -0.14834  9.95645e-04
 37  0.25565 -8.56115e-04 | 38  0.24773  2.01234e-03 | 39  0.25340  1.28618e-03
 40  0.22474  5.46742e-03 | 41  0.00062 -4.45446e-02 | 42 -0.59572  9.44534e-02
 43  0.36908  1.15547e-03 | 44 -0.34912 -3.65620e-04 | 45  0.06926  1.34239e-04
 46 -0.67225 -4.48025e-05 | 47  0.99995 -8.26421e-05 | 48 -0.67205  5.92730e-05
 49 -0.08446 -3.17019e-03 | 50 -0.10756 -6.16740e-02 | 51 -0.31291  5.98470e-03
 52 -0.59165  6.64541e-02 |
52 variables; iteration 220; function evaluation 265; phase 3
Function value 2.3583823e+03; maximum gradient component mag 4.0647e-02
Var    Value     Gradient |Var    Value     Gradient |Var    Value     Gradient
  1  0.04166  4.06466e-02 |  2  0.00011 -8.93991e-04 |  3  0.04230 -4.64486e-04
  4 -0.01587 -1.08247e-03 |  5 -0.13767 -3.20262e-04 |  6 -0.02273 -9.27625e-04
  7 -0.11576  4.40977e-05 |  8 -0.07336 -5.86941e-04 |  9  0.00562 -4.36097e-05
 10  0.10759  1.77856e-03 | 11 -0.02413  4.86497e-04 | 12  0.01046 -7.37265e-04
 13  0.03325  2.99239e-04 | 14  0.07553  1.61430e-04 | 15  0.01090 -7.96667e-04
 16 -0.06278  3.53512e-04 | 17 -0.01207 -2.97699e-04 | 18  0.04501 -1.74949e-04
 19  0.06272 -3.44246e-04 | 20 -0.02487 -1.30914e-04 | 21 -0.12044 -5.63852e-04
 22 -0.03929 -1.02740e-03 | 23  0.03799  1.63269e-04 | 24  0.01783  2.18628e-04
 25 -0.01439  7.25024e-04 | 26  0.08181 -1.55953e-04 | 27  0.01774 -1.18958e-03
 28  0.03647 -4.36268e-05 | 29 -0.00003  2.90759e-06 | 30  0.05746 -7.45083e-04
 31  0.02184  2.39260e-04 | 32  0.10399  9.23397e-04 | 33  0.03285  1.31581e-03
 34 -0.01767  1.29578e-03 | 35  0.02556  8.97237e-04 | 36 -0.14834 -3.93011e-04
 37  0.25565  2.22523e-02 | 38  0.24773  3.22948e-03 | 39  0.25340  6.50280e-03
 40  0.22474  1.03188e-02 | 41  0.01395  6.52074e-03 | 42 -0.60006 -1.22685e-02
 43  0.36908 -1.17089e-04 | 44 -0.34912 -1.34339e-03 | 45  0.06926 -4.13665e-03
 46 -0.67225  1.67660e-03 | 47  0.99995  1.78883e-05 | 48 -0.67205 -3.74538e-04
 49 -0.09371  2.55406e-04 | 50 -0.11687  7.92896e-03 | 51 -0.30911  6.91346e-05
 52 -0.58607 -1.15468e-02 |
52 variables; iteration 240; function evaluation 290; phase 3
Function value 2.3583823e+03; maximum gradient component mag 3.7513e-01
Var    Value     Gradient |Var    Value     Gradient |Var    Value     Gradient
  1  0.04166  3.15332e-01 |  2  0.00011 -6.90220e-03 |  3  0.04230 -3.12724e-03
  4 -0.01587 -8.40910e-03 |  5 -0.13767 -2.27835e-03 |  6 -0.02273 -7.66230e-03
  7 -0.11575  3.76919e-04 |  8 -0.07336 -5.00340e-03 |  9  0.00562 -8.52701e-04
 10  0.10759  1.43224e-02 | 11 -0.02412  3.69487e-03 | 12  0.01046 -7.97027e-03
 13  0.03325 -4.84706e-03 | 14  0.07553 -1.96301e-03 | 15  0.01090 -1.22647e-02
 16 -0.06278 -4.89983e-03 | 17 -0.01207 -7.54448e-03 | 18  0.04501  3.34610e-03
 19  0.06271  5.87891e-03 | 20 -0.02487  1.96871e-04 | 21 -0.12044 -8.05332e-03
 22 -0.03930 -1.14185e-02 | 23  0.03799  1.56232e-03 | 24  0.01783  3.35651e-05
 25 -0.01439  1.62947e-03 | 26  0.08181  6.29405e-03 | 27  0.01774 -1.03366e-02
 28  0.03647 -1.35074e-03 | 29 -0.00003 -3.15442e-03 | 30  0.05745 -4.54407e-03
 31  0.02184  1.86852e-03 | 32  0.10399  1.69284e-02 | 33  0.03285  1.60784e-02
 34 -0.01767  1.15565e-02 | 35  0.02556  1.10730e-02 | 36 -0.14834  7.80459e-04
 37  0.25565  2.05429e-01 | 38  0.24773  3.76178e-02 | 39  0.25340  6.37053e-02
 40  0.22474  1.16824e-01 | 41  0.00930 -1.55943e-01 | 42 -0.61661  3.75127e-01
 43  0.36908  1.91463e-03 | 44 -0.34912 -1.25609e-02 | 45  0.06926 -3.46629e-02
 46 -0.67225  1.36052e-02 | 47  0.99995 -6.93025e-05 | 48 -0.67206 -3.00495e-03
 49 -0.09048 -1.58609e-03 | 50 -0.11361 -2.22750e-01 | 51 -0.29500  1.53421e-02
 52 -0.56576  3.06167e-01 |
52 variables; iteration 260; function evaluation 316; phase 3
Function value 2.3583822e+03; maximum gradient component mag 1.7270e-02
Var    Value     Gradient |Var    Value     Gradient |Var    Value     Gradient
  1  0.04166  1.72695e-02 |  2  0.00011 -1.68907e-04 |  3  0.04230 -8.84573e-05
  4 -0.01587 -1.59176e-04 |  5 -0.13767 -2.50156e-04 |  6 -0.02273 -1.68070e-04
  7 -0.11576 -2.47299e-04 |  8 -0.07336 -2.04156e-04 |  9  0.00562 -1.25769e-04
 10  0.10759  3.05224e-04 | 11 -0.02413 -7.63507e-05 | 12  0.01046 -4.29575e-05
 13  0.03325  6.81884e-05 | 14  0.07553  4.13803e-04 | 15  0.01090  5.83969e-05
 16 -0.06278 -1.01887e-04 | 17 -0.01207 -7.28707e-06 | 18  0.04501  1.03191e-04
 19  0.06272  2.13013e-04 | 20 -0.02487 -1.46766e-04 | 21 -0.12044 -2.64387e-04
 22 -0.03929 -2.12318e-04 | 23  0.03799  8.36753e-05 | 24  0.01783 -4.26398e-05
 25 -0.01439 -1.26933e-04 | 26  0.08181  3.45825e-04 | 27  0.01774  1.71368e-04
 28  0.03647  3.09128e-04 | 29 -0.00003  9.40952e-05 | 30  0.05746  8.40147e-05
 31  0.02184 -5.83633e-05 | 32  0.10399  4.00069e-04 | 33  0.03285  2.05949e-04
 34 -0.01767 -1.27571e-05 | 35  0.02556 -5.14658e-05 | 36 -0.14834 -2.00065e-04
 37  0.25565  2.45742e-03 | 38  0.24773  1.08500e-03 | 39  0.25340  3.89826e-04
 40  0.22474  1.34407e-03 | 41 -0.07248  3.31762e-03 | 42 -0.63352  5.25259e-03
 43  0.36908 -2.33099e-05 | 44 -0.34912 -1.15436e-04 | 45  0.06926  8.20894e-05
 46 -0.67225 -7.62846e-05 | 47  0.99995  5.49817e-06 | 48 -0.67205 -3.57095e-06
 49 -0.03407  7.35123e-04 | 50 -0.05697  4.17848e-03 | 51 -0.28131 -8.05021e-05
 52 -0.54658  4.57665e-03 |
52 variables; iteration 280; function evaluation 337; phase 3
Function value 2.3583822e+03; maximum gradient component mag -1.6196e-01
Var    Value     Gradient |Var    Value     Gradient |Var    Value     Gradient
  1  0.04166 -1.61962e-01 |  2  0.00011  4.69558e-03 |  3  0.04229  2.53541e-03
  4 -0.01587  6.00916e-03 |  5 -0.13767  5.88775e-04 |  6 -0.02273  5.18476e-03
  7 -0.11576 -1.59261e-03 |  8 -0.07336  2.47494e-03 |  9  0.00562 -5.17656e-04
 10  0.10759 -1.00615e-02 | 11 -0.02413 -3.73936e-03 | 12  0.01046  4.25012e-03
 13  0.03325 -8.65572e-04 | 14  0.07553  7.14344e-04 | 15  0.01090  6.25261e-03
 16 -0.06278 -1.28279e-03 | 17 -0.01206  2.88251e-03 | 18  0.04501  1.33322e-03
 19  0.06272  2.45448e-03 | 20 -0.02486  2.06905e-04 | 21 -0.12044  3.13262e-03
 22 -0.03929  5.99858e-03 | 23  0.03799 -5.55192e-04 | 24  0.01783 -1.04342e-03
 25 -0.01439 -4.25799e-03 | 26  0.08181  1.93092e-03 | 27  0.01775  8.46726e-03
 28  0.03647  1.61743e-03 | 29 -0.00002  1.03862e-03 | 30  0.05746  4.09375e-03
 31  0.02184 -1.76326e-03 | 32  0.10400 -5.35403e-03 | 33  0.03285 -7.87573e-03
 34 -0.01767 -8.05370e-03 | 35  0.02556 -6.92130e-03 | 36 -0.14834  6.24571e-04
 37  0.25565 -1.37080e-01 | 38  0.24773 -2.12637e-02 | 39  0.25340 -3.94334e-02
 40  0.22474 -6.00732e-02 | 41 -0.06744  2.82144e-02 | 42 -0.63506 -4.13072e-03
 43  0.36908  5.52674e-04 | 44 -0.34912  8.39041e-03 | 45  0.06926  2.52684e-02
 46 -0.67225 -9.92596e-03 | 47  0.99995 -2.43850e-04 | 48 -0.67203  2.37500e-03
 49 -0.03753  2.96831e-03 | 50 -0.06043  3.81270e-02 | 51 -0.28010 -3.85332e-03
 52 -0.54490 -1.22161e-03 |
52 variables; iteration 300; function evaluation 358; phase 3
Function value 2.3583822e+03; maximum gradient component mag -9.3076e-03
Var    Value     Gradient |Var    Value     Gradient |Var    Value     Gradient
  1  0.04166 -6.54417e-03 |  2  0.00011  2.47852e-06 |  3  0.04230 -5.14072e-07
  4 -0.01587 -1.94312e-05 |  5 -0.13767  1.21641e-04 |  6 -0.02273 -1.06404e-05
  7 -0.11576  1.64878e-04 |  8 -0.07336  7.24753e-05 |  9  0.00562  8.50320e-05
 10  0.10759  9.08215e-05 | 11 -0.02413  1.20275e-04 | 12  0.01046 -6.67261e-05
 13  0.03325 -9.67571e-05 | 14  0.07553 -2.18718e-04 | 15  0.01090 -2.29827e-04
 16 -0.06278 -5.27511e-05 | 17 -0.01207 -1.45648e-04 | 18  0.04501 -3.51576e-05
 19  0.06272 -6.61355e-05 | 20 -0.02487  4.21406e-05 | 21 -0.12044 -1.58493e-05
 22 -0.03929 -8.37444e-05 | 23  0.03799 -2.81333e-05 | 24  0.01783  2.55389e-06
 25 -0.01439  6.77828e-05 | 26  0.08181 -1.66820e-04 | 27  0.01774 -2.62335e-04
 28  0.03647 -1.60041e-04 | 29 -0.00003 -7.15265e-05 | 30  0.05746 -6.20673e-05
 31  0.02184  4.96325e-05 | 32  0.10399  2.72344e-05 | 33  0.03285  9.32966e-05
 34 -0.01767  1.49636e-04 | 35  0.02556  2.46957e-04 | 36 -0.14834  1.61525e-04
 37  0.25565  2.17532e-03 | 38  0.24773  1.06265e-04 | 39  0.25340  6.68918e-04
 40  0.22474  8.72310e-04 | 41 -0.06742 -6.76269e-03 | 42 -0.63912  6.67724e-03
 43  0.36908  1.99821e-05 | 44 -0.34912 -1.52529e-04 | 45  0.06926 -5.28439e-04
 46 -0.67225  2.19082e-04 | 47  0.99995  1.86183e-06 | 48 -0.67205 -4.57606e-05
 49 -0.03754 -5.39236e-04 | 50 -0.06045 -9.30763e-03 | 51 -0.27692  4.27798e-04
 52 -0.54053  5.94085e-03 |
Warning: the following parameters had issues
  selparm[7] is within 0.1% of upper bound: -3.00000e+00 < 1.50000e+01 < 1.50000e+01


 - final statistics:
52 variables; iteration 306; function evaluation 364
Function value 2.3584e+03; maximum gradient component mag 1.6218e-05
Exit code = 1;  converg criter 1.0000e-04
Var    Value     Gradient |Var    Value     Gradient |Var    Value     Gradient
  1  0.04166  1.62175e-05 |  2  0.00011 -8.93553e-08 |  3  0.04230 -2.14392e-07
  4 -0.01587 -1.49230e-07 |  5 -0.13767 -2.73440e-07 |  6 -0.02273 -2.34736e-07
  7 -0.11576 -1.51385e-07 |  8 -0.07336 -1.08563e-07 |  9  0.00562  3.50080e-08
 10  0.10759  1.29007e-06 | 11 -0.02413  9.66528e-08 | 12  0.01046 -3.83565e-07
 13  0.03325 -1.34140e-07 | 14  0.07553  2.66166e-07 | 15  0.01090  7.35802e-08
 16 -0.06278  1.93335e-08 | 17 -0.01207  1.13222e-07 | 18  0.04501  5.43680e-07
 19  0.06272  6.71990e-07 | 20 -0.02487 -1.94219e-07 | 21 -0.12044 -3.09002e-07
 22 -0.03929 -4.82373e-07 | 23  0.03799 -2.57739e-07 | 24  0.01783 -4.76836e-07
 25 -0.01439 -3.57829e-07 | 26  0.08181 -7.81864e-07 | 27  0.01774  1.90475e-07
 28  0.03647  4.65905e-07 | 29 -0.00003  6.02153e-07 | 30  0.05746  1.67791e-09
 31  0.02184  1.08059e-07 | 32  0.10399  4.97369e-07 | 33  0.03285  4.52717e-07
 34 -0.01767  7.73603e-08 | 35  0.02556 -3.16425e-07 | 36 -0.14834 -1.35925e-07
 37  0.25565  5.41648e-06 | 38  0.24773  1.24668e-06 | 39  0.25340  9.88902e-07
 40  0.22474  2.03402e-06 | 41 -0.06727  2.34441e-06 | 42 -0.63925  1.85015e-06
 43  0.36908  1.13167e-07 | 44 -0.34912 -4.07097e-07 | 45  0.06926 -3.07301e-07
 46 -0.67225 -8.47911e-08 | 47  0.99995  1.05547e-08 | 48 -0.67205 -6.45530e-08
 49 -0.03764  5.21964e-07 | 50 -0.06055  2.89634e-06 | 51 -0.27681  6.31099e-08
 52 -0.54039  1.70030e-06 |
Estimating row 1 out of 52 for hessian
Estimating row 2 out of 52 for hessian
Estimating row 3 out of 52 for hessian
Estimating row 4 out of 52 for hessian
Estimating row 5 out of 52 for hessian
Estimating row 6 out of 52 for hessian
Estimating row 7 out of 52 for hessian
Estimating row 8 out of 52 for hessian
Estimating row 9 out of 52 for hessian
Estimating row 10 out of 52 for hessian
Estimating row 11 out of 52 for hessian
Estimating row 12 out of 52 for hessian
Estimating row 13 out of 52 for hessian
Estimating row 14 out of 52 for hessian
Estimating row 15 out of 52 for hessian
Estimating row 16 out of 52 for hessian
Estimating row 17 out of 52 for hessian
Estimating row 18 out of 52 for hessian
Estimating row 19 out of 52 for hessian
Estimating row 20 out of 52 for hessian
Estimating row 21 out of 52 for hessian
Estimating row 22 out of 52 for hessian
Estimating row 23 out of 52 for hessian
Estimating row 24 out of 52 for hessian
Estimating row 25 out of 52 for hessian
Estimating row 26 out of 52 for hessian
Estimating row 27 out of 52 for hessian
Estimating row 28 out of 52 for hessian
Estimating row 29 out of 52 for hessian
Estimating row 30 out of 52 for hessian
Estimating row 31 out of 52 for hessian
Estimating row 32 out of 52 for hessian
Estimating row 33 out of 52 for hessian
Estimating row 34 out of 52 for hessian
Estimating row 35 out of 52 for hessian
Estimating row 36 out of 52 for hessian
Estimating row 37 out of 52 for hessian
Estimating row 38 out of 52 for hessian
Estimating row 39 out of 52 for hessian
Estimating row 40 out of 52 for hessian
Estimating row 41 out of 52 for hessian
Estimating row 42 out of 52 for hessian
Estimating row 43 out of 52 for hessian
Estimating row 44 out of 52 for hessian
Estimating row 45 out of 52 for hessian
Estimating row 46 out of 52 for hessian
Estimating row 47 out of 52 for hessian
Estimating row 48 out of 52 for hessian
Estimating row 49 out of 52 for hessian
Estimating row 50 out of 52 for hessian
Estimating row 51 out of 52 for hessian
Estimating row 52 out of 52 for hessian
size of file gradfil1.tmp = 0
size of file gradfil2.tmp = 0
size of file varssave.tmp = 0
size of file cmpdiff.tmp = 0
