
Initial statistics: 36 variables; iteration 0; function evaluation 0; phase 1
Function value 5.3203486e+03; maximum gradient component mag 5.4257e+04
Var    Value     Gradient |Var    Value     Gradient |Var    Value     Gradient
  1  0.03718  5.42568e+04 |  2 -0.02355 -7.99662e+02 |  3  0.09991 -6.00175e+02
  4  0.02605 -7.03900e+02 |  5 -0.20097 -8.09634e+02 |  6 -0.00977 -7.74083e+02
  7 -0.05476 -6.30916e+02 |  8 -0.11669 -8.07434e+02 |  9 -0.01525 -5.02211e+02
 10  0.06237 -3.21485e+02 | 11  0.00372 -1.96020e+02 | 12 -0.04069 -4.24791e+02
 13  0.05189 -9.18808e+01 | 14  0.11123  4.50798e+02 | 15  0.03190 -3.12973e+01
 16 -0.08380 -3.85513e+02 | 17  0.00947 -1.01342e+02 | 18  0.06282  4.16781e+02
 19  0.06971  2.78311e+02 | 20 -0.05964 -3.78322e+02 | 21 -0.16605 -7.54113e+02
 22 -0.06120 -6.10022e+02 | 23  0.08091  4.97534e+02 | 24 -0.00410 -6.02668e+01
 25  0.00090  2.44367e+02 | 26  0.07665  2.04809e+03 | 27  0.08359  2.66380e+03
 28 -0.02233  4.08422e+02 | 29  0.04552  1.32952e+03 | 30 -0.01169  4.57378e+02
 31  0.01134  6.46038e+02 | 32  0.04340  5.30936e+02 | 33 -0.00070 -4.98793e+01
 34 -0.02112 -3.76021e+02 | 35  0.01767 -3.86431e+02 | 36 -0.00100 -1.30021e+02

Intermediate statistics: 36 variables; iteration 20; function evaluation 30; phase 1
Function value 4.6109906e+03; maximum gradient component mag 3.0530e+04
Var    Value     Gradient |Var    Value     Gradient |Var    Value     Gradient
  1  0.02242  3.05297e+04 |  2  0.01026 -4.23950e+02 |  3  0.06709 -3.88507e+02
  4 -0.02587 -4.51059e+02 |  5 -0.18249 -4.23399e+02 |  6 -0.03160 -4.28609e+02
  7 -0.15774 -4.00570e+02 |  8 -0.06114 -3.71362e+02 |  9  0.02012 -1.00672e+02
 10  0.13775  5.02750e+02 | 11  0.01059  1.34414e+01 | 12 -0.04379 -2.55255e+02
 13  0.06978  5.36983e+01 | 14  0.09965  1.75325e+02 | 15  0.05029  7.24520e+01
 16 -0.06899 -1.76702e+02 | 17  0.04046  1.07839e+02 | 18  0.00524 -1.36878e+02
 19  0.07319  1.96103e+02 | 20 -0.03934 -1.44277e+02 | 21 -0.10670 -3.54791e+02
 22 -0.01215 -1.76536e+02 | 23  0.07186  2.61966e+02 | 24  0.00837  3.64312e+01
 25  0.01593  2.97542e+02 | 26  0.09727  1.69178e+03 | 27  0.02379  4.38650e+02
 28  0.03025  1.48445e+02 | 29  0.00697 -1.21343e+01 | 30 -0.01942 -1.06783e+02
 31 -0.01022  5.76477e+01 | 32  0.07568  3.89891e+02 | 33  0.04064  2.28771e+02
 34  0.01865  6.01390e+01 | 35  0.03225  4.39249e+01 | 36 -0.25324 -3.21107e+02
36 variables; iteration 40; function evaluation 56; phase 1
Function value 4.4778341e+03; maximum gradient component mag 4.7081e+03
Var    Value     Gradient |Var    Value     Gradient |Var    Value     Gradient
  1  0.01619  4.70807e+03 |  2  0.01971 -7.97236e+01 |  3  0.07077 -9.88572e+01
  4 -0.00388 -6.95606e+01 |  5 -0.16145 -6.46469e+01 |  6 -0.01513 -6.86184e+01
  7 -0.14069 -5.69810e+01 |  8 -0.04872 -6.56555e+01 |  9 -0.00448 -1.45084e+01
 10  0.11856  5.31622e+01 | 11  0.00916  4.38960e+00 | 12 -0.05444 -7.17899e+01
 13  0.08461 -6.32064e+00 | 14  0.10215 -1.24495e+02 | 15  0.03805 -1.59609e+02
 16 -0.03957 -2.08679e+01 | 17  0.03986  4.59242e+01 | 18  0.02385  1.08063e+02
 19  0.05840 -1.45045e+02 | 20 -0.03721 -7.34289e+01 | 21 -0.08285 -9.62626e+01
 22 -0.01134 -5.00590e+01 | 23  0.05639 -3.09529e+01 | 24  0.02926  6.51769e+01
 25  0.02442  1.78397e+02 | 26  0.09543  6.22732e+02 | 27  0.01724  2.37573e+02
 28  0.04273  9.79427e+01 | 29  0.00383 -3.18178e+01 | 30 -0.00965  7.71949e+01
 31 -0.01340  4.21329e+01 | 32  0.08710  5.84311e+01 | 33  0.00453 -1.21800e+02
 34  0.00420 -5.75128e+01 | 35  0.01954 -5.71514e-01 | 36 -0.34376 -5.43042e+01

 - final statistics:
36 variables; iteration 53; function evaluation 69
Function value 4.4604e+03; maximum gradient component mag 2.3522e+00
Exit code = 1;  converg criter 1.0000e+01
Var    Value     Gradient |Var    Value     Gradient |Var    Value     Gradient
  1  0.01499  2.35224e+00 |  2  0.02402  1.72954e-01 |  3  0.07794  3.31755e-01
  4 -0.00109  1.34693e-01 |  5 -0.15730 -8.05103e-02 |  6 -0.01236 -7.02192e-04
  7 -0.13668 -8.20123e-02 |  8 -0.03317  1.69360e-02 |  9 -0.01309 -2.40669e-02
 10  0.11994  5.04619e-01 | 11  0.00921 -8.40179e-03 | 12 -0.04674 -2.45936e-01
 13  0.08064 -7.45290e-01 | 14  0.10644 -1.20657e+00 | 15  0.05533 -4.54110e-01
 16 -0.05799 -1.11115e-01 | 17  0.03877 -3.31223e-01 | 18  0.00517  4.14168e-01
 19  0.06904  4.08377e-01 | 20 -0.03923  3.76654e-01 | 21 -0.07474  2.11736e-01
 22 -0.01003  1.99590e-01 | 23  0.06397  2.29116e-01 | 24  0.02680  5.08165e-01
 25  0.01542 -3.99324e-01 | 26  0.07010 -1.19813e-01 | 27  0.00754  4.94058e-01
 28  0.04274  3.49107e-02 | 29  0.00839  5.60688e-02 | 30 -0.01816  9.61189e-02
 31 -0.01397  1.69015e-01 | 32  0.08050 -6.25147e-01 | 33  0.01741 -2.45228e-02
 34  0.00599 -2.56510e-02 | 35  0.01845 -2.63704e-02 | 36 -0.34680 -8.64733e-02

Initial statistics: 46 variables; iteration 0; function evaluation 0; phase 2
Function value 4.4603602e+03; maximum gradient component mag 1.2470e+04
Var    Value     Gradient |Var    Value     Gradient |Var    Value     Gradient
  1  0.01499  2.35224e+00 |  2  0.02402  1.80710e-01 |  3  0.07794  3.39458e-01
  4 -0.00109  1.42454e-01 |  5 -0.15730 -7.29845e-02 |  6 -0.01236  7.05782e-03
  7 -0.13668 -7.44290e-02 |  8 -0.03317  2.46869e-02 |  9 -0.01309 -1.63071e-02
 10  0.11994  5.12244e-01 | 11  0.00921 -6.41132e-04 | 12 -0.04674 -2.38196e-01
 13  0.08064 -7.37590e-01 | 14  0.10644 -1.19891e+00 | 15  0.05533 -4.46378e-01
 16 -0.05798 -1.03386e-01 | 17  0.03877 -3.23476e-01 | 18  0.00517  4.21930e-01
 19  0.06904  4.16093e-01 | 20 -0.03923  3.84401e-01 | 21 -0.07474  2.19444e-01
 22 -0.01003  2.07350e-01 | 23  0.06397  2.36839e-01 | 24  0.02680  5.15920e-01
 25  0.01542 -3.91564e-01 | 26  0.07010 -1.12099e-01 | 27  0.00754  5.01819e-01
 28  0.04274  4.26547e-02 | 29  0.00839  6.38296e-02 | 30 -0.01816  1.03877e-01
 31 -0.01397  1.76774e-01 | 32  0.08050 -6.17447e-01 | 33  0.01741 -1.67642e-02
 34  0.00599 -1.78898e-02 | 35  0.01845 -1.86122e-02 | 36 -0.34680 -7.98353e-02
 37  0.35274  7.44968e+03 | 38  0.33674  9.36181e+03 | 39  0.21832 -3.36858e+03
 40  0.33915  1.24696e+04 | 41 -0.11547 -2.28593e+03 | 42 -0.88721 -9.49849e+01
 43 -0.07305  1.17555e+03 | 44 -0.08630 -4.52191e+03 | 45 -0.40340 -2.58845e+03
 46 -0.28771  2.52018e+03 |

Intermediate statistics: 46 variables; iteration 20; function evaluation 28; phase 2
Function value 3.3865108e+03; maximum gradient component mag 2.2246e+04
Var    Value     Gradient |Var    Value     Gradient |Var    Value     Gradient
  1  0.02353  2.22459e+04 |  2  0.01018 -3.36918e+02 |  3  0.05408 -3.50835e+02
  4 -0.00974 -3.24886e+02 |  5 -0.13506 -2.91330e+02 |  6 -0.03809 -3.23568e+02
  7 -0.16103 -3.08005e+02 |  8 -0.11919 -3.28461e+02 |  9 -0.01487 -2.23345e+02
 10  0.12068  2.58399e+02 | 11 -0.01755 -1.61192e+02 | 12 -0.01546 -8.65397e+01
 13  0.06980  9.11835e+01 | 14  0.08315  9.23668e+01 | 15  0.02868 -1.83019e+02
 16 -0.04828 -1.98887e+02 | 17  0.01422  1.23572e+02 | 18  0.01793  1.51529e+02
 19  0.06943  4.73219e+02 | 20 -0.05656  2.93380e+00 | 21 -0.07241 -6.08191e+01
 22 -0.00350 -1.48594e+02 | 23  0.00851 -2.30216e+02 | 24  0.01670 -1.23569e+02
 25  0.01327 -2.58592e+02 | 26  0.06099 -6.18200e+01 | 27  0.01494 -7.11026e+01
 28  0.03125  4.32224e+01 | 29 -0.00277  1.54760e+02 | 30 -0.01127  1.49174e+02
 31  0.02075  7.05143e+02 | 32  0.08436  1.07363e+03 | 33  0.02659  3.65243e+02
 34  0.02135  2.64057e+02 | 35  0.05081  3.00177e+02 | 36 -0.11446 -1.68046e+02
 37  0.35131  1.07505e+04 | 38  0.29278  4.74434e+03 | 39  0.25513 -9.29028e+02
 40  0.32159  1.23711e+04 | 41 -0.10096  7.30350e+02 | 42 -0.85020 -4.32408e+02
 43 -0.04476 -1.72842e+01 | 44 -0.03021  1.09192e+03 | 45 -0.27317 -2.90971e+02
 46 -0.42347 -8.60059e+02 |
46 variables; iteration 40; function evaluation 56; phase 2
Function value 2.7649683e+03; maximum gradient component mag 3.6752e+03
Var    Value     Gradient |Var    Value     Gradient |Var    Value     Gradient
  1  0.02629  3.67517e+03 |  2  0.03125  4.50205e+01 |  3  0.06037  6.51734e+01
  4 -0.08009 -1.79084e+02 |  5 -0.23752 -1.23750e+02 |  6 -0.01854 -5.95705e+01
  7 -0.13030 -1.97354e+01 |  8 -0.10493 -7.50279e+01 |  9 -0.00287 -3.81238e+01
 10  0.08914 -8.87900e+01 | 11  0.03761  3.00554e+02 | 12  0.01355  2.20641e+02
 13  0.05774  3.29179e+02 | 14  0.10034  3.70228e+02 | 15  0.06541  3.86728e+02
 16 -0.10422 -1.12597e+01 | 17  0.03363  3.61001e+02 | 18  0.01210 -9.88750e+01
 19  0.05686 -1.45185e+02 | 20 -0.11321 -1.87112e+02 | 21 -0.03798  6.84661e+01
 22  0.00223 -3.95715e+01 | 23 -0.03803 -2.04644e+02 | 24  0.04774  4.06884e+01
 25  0.05963 -1.35219e+02 | 26  0.04011 -4.66572e+02 | 27  0.02383 -5.65155e+02
 28  0.05248 -5.48514e+01 | 29  0.00218 -1.34485e+02 | 30 -0.00867 -3.25333e+02
 31  0.07863  3.64041e+02 | 32  0.07716  1.95032e+02 | 33  0.03168  2.73855e+02
 34  0.05479  4.10849e+02 | 35  0.03395 -4.52504e+01 | 36 -0.18368 -3.32908e+01
 37  0.31199  2.95982e+03 | 38  0.26170  1.07204e+03 | 39  0.27326  2.21489e+02
 40  0.24824 -1.30109e+03 | 41 -0.24448  6.14660e+02 | 42 -0.81221 -2.90895e+02
 43  0.09038  5.61975e+02 | 44  0.09982  3.91738e+02 | 45 -0.28453 -6.68250e+02
 46 -0.38170 -1.75721e+01 |
46 variables; iteration 60; function evaluation 80; phase 2
Function value 2.6287006e+03; maximum gradient component mag 1.0407e+02
Var    Value     Gradient |Var    Value     Gradient |Var    Value     Gradient
  1  0.03300  1.04074e+02 |  2  0.00256 -2.37163e+00 |  3  0.04465 -3.89959e+00
  4 -0.01740 -3.07925e+00 |  5 -0.13770  4.88194e+00 |  6 -0.02959 -8.35625e+00
  7 -0.12529 -1.88010e-01 |  8 -0.07635  1.92685e+00 |  9  0.00553  8.90800e+00
 10  0.10354  8.72518e+00 | 11 -0.01752  8.50089e+00 | 12 -0.01095 -1.27279e+01
 13  0.04339 -6.89413e+00 | 14  0.08569  1.25728e+01 | 15  0.02533  2.70479e+01
 16 -0.05586  1.45031e+01 | 17 -0.00523  2.09458e+01 | 18  0.03548 -2.95143e+01
 19  0.06394 -5.36156e+00 | 20 -0.06369 -4.95012e+00 | 21 -0.07179 -2.01641e+01
 22 -0.01134 -3.67698e+01 | 23 -0.01089 -3.65673e+01 | 24  0.02756  1.90207e+01
 25  0.04555 -2.44946e+00 | 26  0.06218 -4.52512e+00 | 27  0.04731 -2.22949e+01
 28  0.02117 -1.07196e+01 | 29  0.01208  2.29561e+01 | 30  0.03291  2.41201e+01
 31  0.03870  1.24267e+01 | 32  0.07738  8.65167e-01 | 33  0.01265  1.02614e+01
 34  0.00756 -1.52088e+01 | 35  0.03805  1.09414e+01 | 36 -0.20482 -4.81816e+00
 37  0.29684  8.17570e+01 | 38  0.25012 -3.46937e+00 | 39  0.26349  7.81139e+00
 40  0.25003  1.94409e+01 | 41 -0.26547 -1.89022e+00 | 42 -0.82764 -6.82002e+00
 43  0.11664 -5.75824e+00 | 44  0.08829  2.82503e+00 | 45 -0.17011 -4.65971e+00
 46 -0.39484 -1.18560e+01 |

 - final statistics:
46 variables; iteration 69; function evaluation 89
Function value 2.6278e+03; maximum gradient component mag 6.0544e+00
Exit code = 1;  converg criter 1.0000e+01
Var    Value     Gradient |Var    Value     Gradient |Var    Value     Gradient
  1  0.03369  6.05444e+00 |  2  0.00680  2.43680e-01 |  3  0.04871  3.52805e-01
  4 -0.01605 -2.35835e-01 |  5 -0.13973 -1.45267e-01 |  6 -0.02671 -7.57270e-01
  7 -0.12371 -1.61211e-01 |  8 -0.07776 -1.94222e-01 |  9  0.00165 -2.89182e-01
 10  0.10324 -7.70654e-02 | 11 -0.02057  3.03396e-01 | 12 -0.00740  4.53162e-01
 13  0.04396  7.38960e-01 | 14  0.08383  1.42448e-01 | 15  0.02163  4.11310e-01
 16 -0.05643  2.66364e-01 | 17 -0.00781  1.00471e+00 | 18  0.04070  1.28068e+00
 19  0.06266 -4.36033e-01 | 20 -0.06402 -3.59710e-01 | 21 -0.06645 -2.35681e-01
 22 -0.00536 -3.24394e-01 | 23 -0.00745 -8.33109e-01 | 24  0.02045 -1.90304e+00
 25  0.04555 -6.72280e-01 | 26  0.06107 -2.49626e-01 | 27  0.04817  1.12479e+00
 28  0.02108  4.95286e-01 | 29  0.00886  6.59711e-01 | 30  0.03021  6.66379e-01
 31  0.03713 -1.35844e-01 | 32  0.07757 -6.91831e-01 | 33  0.00947 -3.49023e-01
 34  0.00852  2.83290e-01 | 35  0.03588  3.05245e-01 | 36 -0.20213 -4.54103e-02
 37  0.29601  1.29986e+00 | 38  0.24965  3.31973e-01 | 39  0.26291 -2.23797e-01
 40  0.24979  5.23931e-01 | 41 -0.25540  8.07499e-01 | 42 -0.83570 -9.66651e-02
 43  0.10760  8.29436e-01 | 44  0.08130  4.33914e-01 | 45 -0.16577 -4.28678e-03
 46 -0.39126 -2.06040e-01 |

Initial statistics: 52 variables; iteration 0; function evaluation 0; phase 3
Function value 2.6278412e+03; maximum gradient component mag -1.0494e+03
Var    Value     Gradient |Var    Value     Gradient |Var    Value     Gradient
  1  0.03369  6.05444e+00 |  2  0.00680  2.25900e-01 |  3  0.04871  3.35075e-01
  4 -0.01605 -2.53611e-01 |  5 -0.13973 -1.62622e-01 |  6 -0.02672 -7.75036e-01
  7 -0.12371 -1.78658e-01 |  8 -0.07776 -2.11871e-01 |  9  0.00165 -3.06964e-01
 10  0.10324 -9.46137e-02 | 11 -0.02057  2.85624e-01 | 12 -0.00740  4.35382e-01
 13  0.04396  7.21221e-01 | 14  0.08383  1.24820e-01 | 15  0.02163  3.93539e-01
 16 -0.05643  2.48652e-01 | 17 -0.00781  9.86926e-01 | 18  0.04070  1.26294e+00
 19  0.06265 -4.53729e-01 | 20 -0.06402 -3.77402e-01 | 21 -0.06645 -2.53366e-01
 22 -0.00536 -3.42175e-01 | 23 -0.00745 -8.50890e-01 | 24  0.02045 -1.92081e+00
 25  0.04555 -6.90016e-01 | 26  0.06107 -2.67326e-01 | 27  0.04817  1.10706e+00
 28  0.02108  4.77514e-01 | 29  0.00886  6.41931e-01 | 30  0.03021  6.48618e-01
 31  0.03713 -1.53595e-01 | 32  0.07757 -7.09481e-01 | 33  0.00947 -3.66802e-01
 34  0.00852  2.65510e-01 | 35  0.03588  2.87491e-01 | 36 -0.20213 -6.23032e-02
 37  0.29601  1.29986e+00 | 38  0.24965  3.31973e-01 | 39  0.26291 -2.23797e-01
 40  0.24979  5.23931e-01 | 41 -0.25540  8.07499e-01 | 42 -0.83570 -9.66651e-02
 43  0.81459  2.08721e+02 | 44 -0.24069 -1.03015e+03 | 45  0.06716 -1.04945e+03
 46 -0.29348  6.03085e+02 | 47  0.19978 -9.91475e+02 | 48 -0.41693  8.11795e+02
 49  0.10760  8.29436e-01 | 50  0.08130  4.33914e-01 | 51 -0.16577 -4.28678e-03
 52 -0.39126 -2.06040e-01 |

Intermediate statistics: 52 variables; iteration 20; function evaluation 32; phase 3
Function value 2.1647033e+03; maximum gradient component mag 3.7469e+03
Var    Value     Gradient |Var    Value     Gradient |Var    Value     Gradient
  1  0.03664  3.74685e+03 |  2  0.01163 -3.41925e+01 |  3  0.05515 -1.83831e+01
  4 -0.00924 -4.75262e+01 |  5 -0.13245 -5.50442e+01 |  6 -0.01931 -4.65240e+01
  7 -0.11558 -5.96537e+01 |  8 -0.07006 -5.12915e+01 |  9  0.00778 -4.49925e+01
 10  0.10793 -3.72346e+01 | 11 -0.02916 -2.94052e+01 | 12 -0.00215 -5.83068e+01
 13  0.03710  1.19420e+01 | 14  0.07723  7.66433e+01 | 15 -0.01133  4.45803e+01
 16 -0.03042  3.55694e+01 | 17 -0.01805  5.93061e+01 | 18  0.02556 -5.95376e+01
 19  0.05235 -2.72751e+01 | 20 -0.06666 -7.83087e+01 | 21 -0.12527 -4.34421e+01
 22 -0.03365 -2.51831e+01 | 23  0.02136 -4.64897e+01 | 24  0.00321 -1.42732e+01
 25  0.00723  6.87863e+01 | 26  0.05056  6.94519e+01 | 27  0.03601 -6.13069e+00
 28  0.01366 -5.19508e+00 | 29 -0.00797 -4.80232e+01 | 30  0.00853  1.24307e+01
 31  0.03045 -3.40378e+01 | 32  0.07365  2.83100e+01 | 33  0.00903  1.39753e+01
 34 -0.00475  1.22080e+02 | 35  0.04118  3.21371e+02 | 36  0.00288 -6.20498e+01
 37  0.28370  2.90855e+01 | 38  0.28427 -3.89862e+02 | 39  0.27154  3.76866e+02
 40  0.26311  1.02559e+03 | 41 -0.25606 -4.84964e+00 | 42 -0.83822  3.36924e+01
 43  0.70165 -2.08586e+00 | 44 -0.05669  1.33683e+02 | 45  0.50231  1.20871e+02
 46 -0.41662 -2.12203e+01 | 47  0.23415  5.72760e+02 | 48 -0.48079 -5.25692e+02
 49  0.10643  6.48246e+01 | 50  0.07985 -7.28273e+01 | 51 -0.16469 -3.78144e+01
 52 -0.39150  1.15378e+02 |
52 variables; iteration 40; function evaluation 55; phase 3
Function value 2.1501250e+03; maximum gradient component mag 1.3719e+03
Var    Value     Gradient |Var    Value     Gradient |Var    Value     Gradient
  1  0.03410  1.37194e+03 |  2  0.00135 -2.93672e+01 |  3  0.05793  6.66271e+00
  4 -0.01134 -1.76738e+01 |  5 -0.13474 -1.94164e+01 |  6 -0.02583 -2.33223e+01
  7 -0.12040 -1.59634e+01 |  8 -0.09200 -4.68901e+01 |  9  0.00041 -3.52111e+01
 10  0.11176 -3.10444e+01 | 11 -0.03133 -1.87639e+01 | 12  0.01650  2.08624e+01
 13  0.02959 -2.01904e+01 | 14  0.07499  4.26432e+00 | 15 -0.01268  1.08957e+01
 16 -0.02553 -1.54971e-01 | 17 -0.01845 -6.25539e+00 | 18  0.03396  3.90736e+01
 19  0.04726 -1.89519e+01 | 20 -0.06235 -4.19567e+01 | 21 -0.12336  2.88513e+00
 22 -0.03790 -1.29447e+01 | 23  0.02511 -7.50230e+01 | 24  0.00163 -5.67275e+01
 25 -0.00323 -2.75105e+01 | 26  0.05473 -4.55791e+01 | 27  0.04114  3.73794e+01
 28  0.01339 -3.98618e+00 | 29 -0.00452  2.24468e+01 | 30  0.00912  4.25785e+01
 31  0.04183  6.20785e+01 | 32  0.07825  5.92289e+01 | 33  0.01452  2.49517e+01
 34 -0.00530  5.65639e+01 | 35  0.04032  1.38578e+02 | 36  0.01215 -2.64735e+01
 37  0.28154  1.16503e+03 | 38  0.28771 -1.70880e+02 | 39  0.26577 -1.40937e+01
 40  0.26053  2.74507e+02 | 41  0.05236  1.50989e+02 | 42 -0.72872  7.13172e+01
 43  0.53188 -1.20610e+02 | 44 -0.12578  2.30082e+02 | 45  0.49607  7.61929e+01
 46 -0.42180 -1.75800e+01 | 47  0.23589  5.16984e+02 | 48 -0.47617 -3.21555e+02
 49 -0.10379  3.52832e+00 | 50 -0.11837  2.13051e+02 | 51 -0.21132  8.20221e-03
 52 -0.44510  1.00613e+02 |
52 variables; iteration 60; function evaluation 84; phase 3
Function value 2.1041893e+03; maximum gradient component mag 2.1628e+02
Var    Value     Gradient |Var    Value     Gradient |Var    Value     Gradient
  1  0.03236 -6.24501e+01 |  2  0.00667  7.88125e+00 |  3  0.04414 -4.32263e+00
  4 -0.01102  1.45600e+01 |  5 -0.13743  2.30476e+00 |  6 -0.02055  1.30226e+01
  7 -0.12130 -5.45625e+00 |  8 -0.06876  9.21748e+00 |  9  0.00380 -7.09350e+00
 10  0.10495  7.30525e+00 | 11 -0.01727  5.44882e+00 | 12 -0.00628 -8.67905e+00
 13  0.03514 -3.32606e+01 | 14  0.08007  4.23480e+01 | 15 -0.00374  1.52625e+01
 16 -0.02690  4.81869e+01 | 17 -0.01323  1.98398e+01 | 18  0.02689  1.86409e+00
 19  0.04956 -1.03727e+00 | 20 -0.04926 -1.23289e+00 | 21 -0.13822 -1.66276e+01
 22 -0.03798 -5.66804e+00 | 23  0.03346 -1.98854e+01 | 24  0.00483  2.12149e+00
 25 -0.01928 -4.75939e+01 | 26  0.06385 -1.29293e-01 | 27  0.04131  9.82433e+00
 28  0.01850  1.76334e+01 | 29 -0.00864 -1.77695e+01 | 30  0.01038 -7.52298e+00
 31  0.03564 -5.37462e+00 | 32  0.07495  6.57727e+00 | 33  0.02137 -8.63755e-01
 34  0.00012 -1.86107e+01 | 35  0.02849 -3.61430e+01 | 36 -0.00649  3.65798e+00
 37  0.27712 -1.99722e+02 | 38  0.28340 -4.68847e+01 | 39  0.26822  7.32606e+01
 40  0.26089  5.99313e+01 | 41 -0.03233  4.03247e+01 | 42 -0.82107  1.43951e+01
 43  0.42937  2.16278e+02 | 44 -0.34684 -1.38679e+02 | 45  0.42614 -3.80213e+01
 46 -0.43786  6.46074e+01 | 47  0.22226 -1.53805e+02 | 48 -0.47761  9.19839e+01
 49 -0.03266  1.53858e+01 | 50 -0.06633  4.30885e+01 | 51 -0.16539 -9.08548e+00
 52 -0.40164  3.95417e+01 |
52 variables; iteration 80; function evaluation 104; phase 3
Function value 2.1004876e+03; maximum gradient component mag 9.8547e-01
Var    Value     Gradient |Var    Value     Gradient |Var    Value     Gradient
  1  0.03241  2.14079e-01 |  2  0.00314 -2.58107e-02 |  3  0.04550  5.10699e-03
  4 -0.01687 -2.76309e-02 |  5 -0.14151 -4.70342e-03 |  6 -0.02603 -4.68187e-02
  7 -0.12354  5.66803e-03 |  8 -0.07512 -1.15937e-02 |  9  0.00822  1.76301e-02
 10  0.10663 -3.55603e-03 | 11 -0.02133 -1.03125e-02 | 12 -0.00268 -4.24019e-02
 13  0.03836 -7.77090e-02 | 14  0.07849 -2.82776e-02 | 15 -0.00386 -2.56776e-03
 16 -0.03126 -2.09526e-02 | 17 -0.01333 -2.97465e-02 | 18  0.02754  4.10811e-02
 19  0.05182  7.75952e-03 | 20 -0.04966 -3.39771e-02 | 21 -0.13195  1.26458e-02
 22 -0.03912  9.04685e-03 | 23  0.03737 -2.43248e-02 | 24  0.00134 -1.40791e-02
 25 -0.01354  1.00444e-02 | 26  0.06313  7.74278e-02 | 27  0.04117  4.39490e-02
 28  0.01820  7.26962e-03 | 29 -0.00567  3.72432e-02 | 30  0.01046  1.29667e-02
 31  0.03750 -4.45970e-04 | 32  0.07664 -3.11626e-02 | 33  0.02099 -2.77049e-04
 34 -0.00072  4.89858e-03 | 35  0.03152  1.28497e-01 | 36 -0.00377 -2.41577e-04
 37  0.27435  9.85466e-01 | 38  0.28529  1.66857e-01 | 39  0.26654 -1.70541e-02
 40  0.26066  1.54830e-01 | 41 -0.05859 -2.62769e-01 | 42 -0.81405  1.98267e-01
 43  0.40363 -1.40637e-01 | 44 -0.35041  3.21406e-02 | 45  0.44416 -3.48055e-02
 46 -0.43658  9.45132e-03 | 47  0.22507 -1.37053e-01 | 48 -0.47762  2.86594e-01
 49 -0.01660 -1.66312e-02 | 50 -0.05057 -3.65949e-01 | 51 -0.16838  2.73793e-02
 52 -0.40769  4.17023e-01 |
52 variables; iteration 100; function evaluation 128; phase 3
Function value 2.1004874e+03; maximum gradient component mag -4.1460e-01
Var    Value     Gradient |Var    Value     Gradient |Var    Value     Gradient
  1  0.03241 -4.14602e-01 |  2  0.00314 -2.36436e-04 |  3  0.04550  2.47113e-02
  4 -0.01686  5.20613e-03 |  5 -0.14151  1.01479e-02 |  6 -0.02602 -8.43302e-03
  7 -0.12354  8.14909e-03 |  8 -0.07513 -1.97390e-02 |  9  0.00820 -2.25074e-03
 10  0.10663  3.49191e-03 | 11 -0.02133  4.91397e-03 | 12 -0.00267  2.62580e-02
 13  0.03836  7.39486e-03 | 14  0.07849  1.52593e-02 | 15 -0.00386  3.44550e-03
 16 -0.03126  4.56019e-03 | 17 -0.01333  1.87642e-03 | 18  0.02753  1.22407e-02
 19  0.05183  2.45414e-03 | 20 -0.04966 -6.47986e-03 | 21 -0.13195  1.18304e-02
 22 -0.03913  1.47792e-03 | 23  0.03737 -2.74313e-02 | 24  0.00134 -4.49594e-02
 25 -0.01356 -7.54404e-02 | 26  0.06313 -4.02009e-02 | 27  0.04117 -5.29206e-04
 28  0.01820  1.22914e-03 | 29 -0.00567  1.54915e-02 | 30  0.01046  1.72773e-03
 31  0.03750 -8.71247e-03 | 32  0.07665 -6.15894e-03 | 33  0.02099 -1.23773e-03
 34 -0.00072  6.97068e-03 | 35  0.03151  5.18975e-02 | 36 -0.00377  8.92640e-03
 37  0.27434  8.75091e-02 | 38  0.28528 -2.13745e-02 | 39  0.26654 -3.97366e-02
 40  0.26066 -2.08526e-02 | 41 -0.01729 -2.01059e-01 | 42 -0.77973  1.94110e-01
 43  0.40363 -1.67369e-02 | 44 -0.35041  2.28809e-03 | 45  0.44417 -2.12896e-04
 46 -0.43657  1.26491e-02 | 47  0.22507 -4.28460e-03 | 48 -0.47763  2.95784e-02
 49 -0.04498 -1.01398e-02 | 50 -0.07905 -2.80708e-01 | 51 -0.18306  2.03586e-02
 52 -0.42550  3.37721e-01 |
52 variables; iteration 120; function evaluation 155; phase 3
Function value 2.1004872e+03; maximum gradient component mag -6.1406e-01
Var    Value     Gradient |Var    Value     Gradient |Var    Value     Gradient
  1  0.03241 -6.14063e-01 |  2  0.00314  5.74315e-03 |  3  0.04549  6.20568e-03
  4 -0.01686  5.75972e-03 |  5 -0.14151  8.43435e-03 |  6 -0.02601  3.90589e-03
  7 -0.12353  8.57747e-03 |  8 -0.07511  4.04574e-03 |  9  0.00821  3.56619e-03
 10  0.10663 -4.02259e-03 | 11 -0.02133  4.11512e-03 | 12 -0.00268  6.89524e-03
 13  0.03836 -1.14502e-03 | 14  0.07849 -1.18315e-02 | 15 -0.00386 -7.48849e-03
 16 -0.03126 -6.91302e-03 | 17 -0.01333 -5.48661e-03 | 18  0.02753  2.96549e-03
 19  0.05182  2.36895e-04 | 20 -0.04966  8.87569e-05 | 21 -0.13195  2.14599e-03
 22 -0.03913 -6.76016e-04 | 23  0.03737 -6.55411e-03 | 24  0.00134 -7.39202e-03
 25 -0.01355 -9.96926e-03 | 26  0.06313 -1.21997e-02 | 27  0.04117 -1.03011e-02
 28  0.01820 -1.19554e-02 | 29 -0.00568 -2.46077e-03 | 30  0.01046 -7.00684e-04
 31  0.03750 -4.29646e-04 | 32  0.07665 -1.75577e-04 | 33  0.02099  6.04524e-04
 34 -0.00072  4.76204e-03 | 35  0.03151  1.40277e-02 | 36 -0.00377  1.40212e-02
 37  0.27434 -5.95940e-04 | 38  0.28528 -8.34582e-03 | 39  0.26654 -5.10419e-03
 40  0.26066  2.37451e-03 | 41  0.03899 -3.11291e-01 | 42 -0.74762  3.10788e-01
 43  0.40363  6.70545e-04 | 44 -0.35040 -1.13397e-03 | 45  0.44417  2.96749e-04
 46 -0.43658  2.12120e-03 | 47  0.22507  2.89566e-03 | 48 -0.47763  3.39632e-04
 49 -0.08387 -2.44834e-02 | 50 -0.11821 -4.22846e-01 | 51 -0.19906  2.73409e-02
 52 -0.44522  4.55174e-01 |
52 variables; iteration 140; function evaluation 181; phase 3
Function value 2.1004872e+03; maximum gradient component mag -6.7852e-02
Var    Value     Gradient |Var    Value     Gradient |Var    Value     Gradient
  1  0.03241 -6.34570e-02 |  2  0.00315  1.67299e-03 |  3  0.04549 -4.46677e-03
  4 -0.01686 -6.42633e-04 |  5 -0.14151 -7.68656e-06 |  6 -0.02601 -1.09238e-04
  7 -0.12353  6.74077e-04 |  8 -0.07510  6.20725e-03 |  9  0.00821  2.53415e-03
 10  0.10663 -2.93400e-03 | 11 -0.02133 -4.14616e-04 | 12 -0.00268 -8.71490e-03
 13  0.03836 -8.82416e-03 | 14  0.07849 -6.92032e-03 | 15 -0.00386 -2.42721e-03
 16 -0.03126 -3.62629e-03 | 17 -0.01333 -2.16686e-03 | 18  0.02753 -1.02794e-03
 19  0.05182 -5.75316e-04 | 20 -0.04966 -4.07963e-04 | 21 -0.13196 -2.52202e-03
 22 -0.03913 -6.59831e-05 | 23  0.03737  4.35732e-03 | 24  0.00134  9.23121e-03
 25 -0.01355  1.84586e-02 | 26  0.06313  1.08588e-02 | 27  0.04117  2.03690e-03
 28  0.01820  8.14835e-05 | 29 -0.00568 -1.79382e-03 | 30  0.01046  1.01805e-03
 31  0.03750  1.92936e-03 | 32  0.07664 -4.26682e-03 | 33  0.02099 -2.77704e-03
 34 -0.00072 -1.73528e-03 | 35  0.03150 -8.88019e-04 | 36 -0.00378  1.20562e-03
 37  0.27434  2.54653e-02 | 38  0.28528  7.27063e-03 | 39  0.26654 -8.71087e-04
 40  0.26066  1.54015e-02 | 41  0.08427 -5.13056e-02 | 42 -0.72628  3.71953e-02
 43  0.40363 -3.33909e-03 | 44 -0.35040  5.11200e-04 | 45  0.44417 -5.14522e-04
 46 -0.43658 -3.22506e-03 | 47  0.22507 -7.53261e-03 | 48 -0.47763  7.70315e-03
 49 -0.11523 -7.35950e-03 | 50 -0.14989 -6.78516e-02 | 51 -0.21093  3.66254e-03
 52 -0.46008  5.38505e-02 |
52 variables; iteration 160; function evaluation 207; phase 3
Function value 2.1004871e+03; maximum gradient component mag -1.9705e-02
Var    Value     Gradient |Var    Value     Gradient |Var    Value     Gradient
  1  0.03241 -1.97054e-02 |  2  0.00315  1.31646e-04 |  3  0.04549 -8.05562e-04
  4 -0.01686 -5.03449e-05 |  5 -0.14151  2.34580e-04 |  6 -0.02601 -4.69923e-05
  7 -0.12353  1.01339e-04 |  8 -0.07511  9.13765e-04 |  9  0.00821  4.82947e-04
 10  0.10663 -8.45430e-04 | 11 -0.02133 -1.37046e-05 | 12 -0.00268 -1.66051e-03
 13  0.03836 -1.87538e-03 | 14  0.07849 -1.71860e-03 | 15 -0.00386 -4.92318e-04
 16 -0.03126 -5.05535e-04 | 17 -0.01333 -2.30599e-04 | 18  0.02753 -2.67149e-04
 19  0.05182 -8.31526e-04 | 20 -0.04966 -2.52779e-04 | 21 -0.13195 -2.89452e-04
 22 -0.03913 -1.65425e-04 | 23  0.03737  8.42604e-05 | 24  0.00134  9.88450e-04
 25 -0.01355  2.59407e-03 | 26  0.06313  8.21812e-04 | 27  0.04117 -4.97863e-04
 28  0.01820 -9.70188e-04 | 29 -0.00568 -2.61908e-04 | 30  0.01046  1.72729e-04
 31  0.03750  4.66964e-04 | 32  0.07665 -4.03668e-04 | 33  0.02099 -1.88394e-04
 34 -0.00072  1.00455e-03 | 35  0.03150  4.20592e-03 | 36 -0.00378  3.57045e-04
 37  0.27434 -2.76211e-04 | 38  0.28528  1.01221e-03 | 39  0.26654 -6.84321e-04
 40  0.26066  1.34700e-03 | 41  0.11388 -1.26252e-02 | 42 -0.71266  4.49618e-04
 43  0.40363 -4.38639e-04 | 44 -0.35040  3.40971e-04 | 45  0.44417  1.49132e-04
 46 -0.43658 -5.05407e-04 | 47  0.22507 -6.80779e-04 | 48 -0.47763  6.80464e-04
 49 -0.13573 -1.35599e-03 | 50 -0.17065 -1.90010e-02 | 51 -0.21901  4.19487e-04
 52 -0.47032  4.87467e-03 |
52 variables; iteration 180; function evaluation 234; phase 3
Function value 2.1004871e+03; maximum gradient component mag -3.6600e-01
Var    Value     Gradient |Var    Value     Gradient |Var    Value     Gradient
  1  0.03241 -3.65996e-01 |  2  0.00314  3.56157e-03 |  3  0.04549  4.03566e-03
  4 -0.01686  3.85758e-03 |  5 -0.14151  5.17409e-03 |  6 -0.02601  3.23539e-03
  7 -0.12353  4.94455e-03 |  8 -0.07511  2.75820e-03 |  9  0.00821  2.69215e-03
 10  0.10663 -2.12634e-04 | 11 -0.02133  2.80535e-03 | 12 -0.00268  4.26135e-03
 13  0.03836  8.32679e-04 | 14  0.07849 -6.55362e-03 | 15 -0.00386 -3.16110e-03
 16 -0.03126 -2.84575e-03 | 17 -0.01333 -1.38643e-03 | 18  0.02753  1.78332e-04
 19  0.05182 -2.00139e-03 | 20 -0.04966 -2.85443e-04 | 21 -0.13195  9.35890e-04
 22 -0.03913 -6.26975e-04 | 23  0.03737 -4.55879e-03 | 24  0.00134 -4.62507e-03
 25 -0.01355 -4.86650e-03 | 26  0.06313 -8.76698e-03 | 27  0.04117 -9.17931e-03
 28  0.01820 -9.24918e-03 | 29 -0.00568 -2.21130e-03 | 30  0.01046 -9.47499e-04
 31  0.03750 -2.66787e-04 | 32  0.07665 -8.20481e-04 | 33  0.02099 -1.94339e-04
 34 -0.00072  3.83797e-03 | 35  0.03151  9.96194e-03 | 36 -0.00378  8.17064e-03
 37  0.27434 -1.79070e-02 | 38  0.28528 -9.56353e-03 | 39  0.26654 -3.16535e-03
 40  0.26066 -1.17690e-02 | 41  0.13375 -1.78165e-01 | 42 -0.69937  1.84885e-01
 43  0.40363  2.24442e-03 | 44 -0.35040 -4.96385e-04 | 45  0.44417  1.26442e-03
 46 -0.43658  1.51993e-03 | 47  0.22507  3.19920e-03 | 48 -0.47763 -2.82863e-03
 49 -0.14948 -1.20655e-02 | 50 -0.18459 -2.44660e-01 | 51 -0.22728  1.22465e-02
 52 -0.48090  2.19564e-01 |
52 variables; iteration 200; function evaluation 260; phase 3
Function value 2.1004870e+03; maximum gradient component mag -9.4351e-01
Var    Value     Gradient |Var    Value     Gradient |Var    Value     Gradient
  1  0.03241 -9.43510e-01 |  2  0.00315  1.09455e-02 |  3  0.04549  5.30532e-03
  4 -0.01686  8.49295e-03 |  5 -0.14151  1.21823e-02 |  6 -0.02601  7.91605e-03
  7 -0.12353  1.29144e-02 |  8 -0.07511  1.31299e-02 |  9  0.00821  8.47290e-03
 10  0.10663 -3.61954e-03 | 11 -0.02133  5.86365e-03 | 12 -0.00268  3.05597e-03
 13  0.03836 -4.79668e-03 | 14  0.07849 -2.11418e-02 | 15 -0.00386 -1.00022e-02
 16 -0.03126 -1.10006e-02 | 17 -0.01333 -6.10985e-03 | 18  0.02753 -4.20198e-04
 19  0.05182 -3.08404e-03 | 20 -0.04966 -3.69088e-04 | 21 -0.13195 -6.40458e-04
 22 -0.03913 -1.12231e-03 | 23  0.03737 -5.02905e-03 | 24  0.00134 -5.64869e-04
 25 -0.01355  7.53981e-03 | 26  0.06313 -8.51072e-03 | 27  0.04117 -1.80957e-02
 28  0.01820 -1.96185e-02 | 29 -0.00568 -7.26357e-03 | 30  0.01046 -1.27177e-03
 31  0.03750  1.03012e-03 | 32  0.07665 -6.46459e-03 | 33  0.02099 -3.80049e-03
 34 -0.00072  4.28612e-03 | 35  0.03150  1.09930e-02 | 36 -0.00378  2.10100e-02
 37  0.27434 -7.22483e-03 | 38  0.28528 -1.66731e-02 | 39  0.26654 -6.36844e-03
 40  0.26066 -9.30226e-03 | 41  0.11358 -4.83487e-01 | 42 -0.67475  5.60636e-01
 43  0.40363  2.39069e-03 | 44 -0.35040 -1.58206e-03 | 45  0.44417  2.07946e-03
 46 -0.43658  5.11339e-04 | 47  0.22507 -1.75572e-04 | 48 -0.47763  7.42227e-04
 49 -0.13553 -4.05282e-02 | 50 -0.17044 -6.51492e-01 | 51 -0.24363  3.56803e-02
 52 -0.50218  5.90515e-01 |
52 variables; iteration 220; function evaluation 286; phase 3
Function value 2.1004869e+03; maximum gradient component mag 7.9187e-01
Var    Value     Gradient |Var    Value     Gradient |Var    Value     Gradient
  1  0.03241  7.91867e-01 |  2  0.00315 -1.15121e-02 |  3  0.04549 -1.14352e-02
  4 -0.01686 -8.93417e-03 |  5 -0.14151 -1.17001e-02 |  6 -0.02601 -9.02713e-03
  7 -0.12353 -1.12114e-02 |  8 -0.07511 -8.74688e-03 |  9  0.00821 -8.04681e-03
 10  0.10663 -2.13701e-03 | 11 -0.02133 -7.34357e-03 | 12 -0.00268 -9.16519e-03
 13  0.03836 -7.61480e-03 | 14  0.07849  1.65707e-02 | 15 -0.00386 -1.07196e-03
 16 -0.03126 -4.38726e-03 | 17 -0.01333 -7.91975e-03 | 18  0.02753  4.11940e-03
 19  0.05182  1.17153e-02 | 20 -0.04966  1.69556e-04 | 21 -0.13195 -5.62418e-03
 22 -0.03913 -2.99111e-03 | 23  0.03737  6.88867e-03 | 24  0.00134  1.68969e-03
 25 -0.01355 -3.33825e-03 | 26  0.06313  2.13257e-02 | 27  0.04117  3.18812e-02
 28  0.01820  2.73691e-02 | 29 -0.00568  8.30070e-03 | 30  0.01046  6.34750e-03
 31  0.03750  4.57394e-03 | 32  0.07665  1.30575e-02 | 33  0.02099  7.70469e-03
 34 -0.00072 -5.44260e-03 | 35  0.03150 -9.41034e-03 | 36 -0.00378 -1.43219e-02
 37  0.27434  8.97598e-02 | 38  0.28528  5.20628e-02 | 39  0.26654  1.80020e-02
 40  0.26066  1.19422e-01 | 41 -0.02073  2.49349e-01 | 42 -0.64521 -6.00001e-02
 43  0.40363 -4.46190e-03 | 44 -0.35040 -2.61183e-03 | 45  0.44417 -5.14041e-03
 46 -0.43658 -5.90789e-03 | 47  0.22507  6.14973e-03 | 48 -0.47763 -4.02088e-03
 49 -0.04261  2.03009e-02 | 50 -0.07667  3.39613e-01 | 51 -0.26506 -6.93342e-03
 52 -0.53086 -5.25922e-02 |
52 variables; iteration 240; function evaluation 306; phase 3
Function value 2.1004869e+03; maximum gradient component mag 4.3744e-04
Var    Value     Gradient |Var    Value     Gradient |Var    Value     Gradient
  1  0.03241 -2.03451e-04 |  2  0.00315 -6.44194e-06 |  3  0.04549  4.42772e-05
  4 -0.01686  1.09281e-05 |  5 -0.14151  7.48796e-06 |  6 -0.02601  2.51614e-06
  7 -0.12353  6.57610e-06 |  8 -0.07511 -4.41421e-05 |  9  0.00821 -1.62816e-05
 10  0.10663  2.27609e-05 | 11 -0.02133  9.47248e-06 | 12 -0.00268  7.48449e-05
 13  0.03836  6.31252e-05 | 14  0.07849  4.73169e-05 | 15 -0.00386  5.73674e-06
 16 -0.03126  1.26710e-05 | 17 -0.01333  2.83491e-06 | 18  0.02753  1.49019e-05
 19  0.05182  1.26097e-05 | 20 -0.04966  4.03555e-06 | 21 -0.13195  1.84701e-05
 22 -0.03913 -3.09598e-06 | 23  0.03737 -3.77745e-05 | 24  0.00134 -8.54839e-05
 25 -0.01355 -1.64638e-04 | 26  0.06313 -8.77820e-05 | 27  0.04117 -1.57883e-05
 28  0.01820 -3.72129e-06 | 29 -0.00568  1.29224e-05 | 30  0.01046 -5.50815e-06
 31  0.03750 -1.47780e-05 | 32  0.07665  3.69165e-05 | 33  0.02099  2.60802e-05
 34 -0.00072  1.07607e-05 | 35  0.03150  5.88575e-07 | 36 -0.00378  8.60113e-06
 37  0.27434 -2.06626e-04 | 38  0.28528 -3.65198e-05 | 39  0.26654  6.12256e-06
 40  0.26066 -6.03105e-05 | 41 -0.05413 -3.29106e-05 | 42 -0.63946  3.62907e-04
 43  0.40363  3.47340e-05 | 44 -0.35040 -1.19468e-05 | 45  0.44417  5.84349e-07
 46 -0.43658  2.67519e-05 | 47  0.22507  7.16701e-05 | 48 -0.47763 -6.30041e-05
 49 -0.01967  3.00234e-05 | 50 -0.05363 -5.03585e-05 | 51 -0.26946  1.44496e-05
 52 -0.53687  4.37440e-04 |
52 variables; iteration 260; function evaluation 327; phase 3
Function value 2.1004869e+03; maximum gradient component mag -7.9863e-03
Var    Value     Gradient |Var    Value     Gradient |Var    Value     Gradient
  1  0.03241 -6.86601e-03 |  2  0.00315  2.66052e-04 |  3  0.04549 -9.34716e-04
  4 -0.01686 -8.97792e-05 |  5 -0.14151 -2.61628e-05 |  6 -0.02601  1.57003e-04
  7 -0.12353 -2.29109e-06 |  8 -0.07511  1.08853e-03 |  9  0.00821  3.82229e-04
 10  0.10663 -4.76765e-04 | 11 -0.02133 -1.62338e-04 | 12 -0.00268 -1.35386e-03
 13  0.03836 -1.15443e-03 | 14  0.07849 -1.07913e-03 | 15 -0.00386 -2.92934e-04
 16 -0.03126 -4.86971e-04 | 17 -0.01333 -2.31418e-04 | 18  0.02753 -3.10135e-04
 19  0.05182 -9.04921e-05 | 20 -0.04966 -1.09269e-05 | 21 -0.13195 -4.69028e-04
 22 -0.03913  2.93249e-05 | 23  0.03737  8.10430e-04 | 24  0.00134  1.84856e-03
 25 -0.01355  3.52412e-03 | 26  0.06313  1.76484e-03 | 27  0.04117  2.65540e-04
 28  0.01820  1.51398e-05 | 29 -0.00568 -4.00595e-04 | 30  0.01046  8.50339e-05
 31  0.03750  3.33111e-04 | 32  0.07665 -7.39698e-04 | 33  0.02099 -5.89476e-04
 34 -0.00072 -3.64098e-04 | 35  0.03150 -7.47770e-04 | 36 -0.00378  1.22315e-04
 37  0.27434  5.05688e-03 | 38  0.28528  4.37431e-04 | 39  0.26654  9.48771e-05
 40  0.26066  2.01549e-03 | 41 -0.05198 -6.35445e-03 | 42 -0.63792  3.87156e-03
 43  0.40363 -5.90716e-04 | 44 -0.35040  1.34020e-04 | 45  0.44417  8.83901e-06
 46 -0.43658 -5.19057e-04 | 47  0.22507 -1.22977e-03 | 48 -0.47763  8.16827e-04
 49 -0.02114 -1.25960e-03 | 50 -0.05511 -7.98628e-03 | 51 -0.27066  4.33314e-04
 52 -0.53851  3.34408e-03 |

 - final statistics:
52 variables; iteration 269; function evaluation 336
Function value 2.1005e+03; maximum gradient component mag -6.9549e-05
Exit code = 1;  converg criter 1.0000e-04
Var    Value     Gradient |Var    Value     Gradient |Var    Value     Gradient
  1  0.03241 -6.95492e-05 |  2  0.00315  1.74517e-06 |  3  0.04549  7.04783e-07
  4 -0.01686  7.01856e-07 |  5 -0.14151  3.00111e-07 |  6 -0.02601  1.25180e-07
  7 -0.12353  1.21820e-06 |  8 -0.07511  2.31629e-06 |  9  0.00821  1.11087e-06
 10  0.10663  3.50070e-07 | 11 -0.02133  5.26849e-07 | 12 -0.00268 -1.58745e-06
 13  0.03836 -2.65948e-06 | 14  0.07849 -2.54626e-06 | 15 -0.00386 -4.74605e-07
 16 -0.03126 -8.20010e-07 | 17 -0.01333 -6.95440e-07 | 18  0.02753 -5.19391e-07
 19  0.05182 -5.27100e-07 | 20 -0.04966 -4.17242e-07 | 21 -0.13195 -3.81762e-07
 22 -0.03913  7.34811e-07 | 23  0.03737  1.52463e-06 | 24  0.00134  2.21382e-06
 25 -0.01355  4.28864e-06 | 26  0.06313  1.82534e-06 | 27  0.04117 -2.07633e-06
 28  0.01820 -1.30958e-06 | 29 -0.00568 -8.99946e-07 | 30  0.01046 -3.97192e-08
 31  0.03750 -9.24547e-08 | 32  0.07665 -1.06583e-06 | 33  0.02099 -5.91309e-07
 34 -0.00072 -3.80927e-07 | 35  0.03150 -1.89154e-06 | 36 -0.00378  1.10257e-06
 37  0.27434 -1.59833e-05 | 38  0.28528 -2.78839e-06 | 39  0.26654 -2.70633e-07
 40  0.26066 -1.07293e-05 | 41 -0.05218 -1.96909e-05 | 42 -0.63736  5.28497e-06
 43  0.40363  1.34742e-06 | 44 -0.35040 -3.74650e-07 | 45  0.44417  1.55166e-07
 46 -0.43658 -2.60666e-07 | 47  0.22507  1.82402e-07 | 48 -0.47763 -9.99784e-07
 49 -0.02100 -2.34311e-06 | 50 -0.05497 -2.62983e-05 | 51 -0.27109  8.19748e-07
 52 -0.53911  4.35660e-06 |
Estimating row 1 out of 52 for hessian
Estimating row 2 out of 52 for hessian
Estimating row 3 out of 52 for hessian
Estimating row 4 out of 52 for hessian
Estimating row 5 out of 52 for hessian
Estimating row 6 out of 52 for hessian
Estimating row 7 out of 52 for hessian
Estimating row 8 out of 52 for hessian
Estimating row 9 out of 52 for hessian
Estimating row 10 out of 52 for hessian
Estimating row 11 out of 52 for hessian
Estimating row 12 out of 52 for hessian
Estimating row 13 out of 52 for hessian
Estimating row 14 out of 52 for hessian
Estimating row 15 out of 52 for hessian
Estimating row 16 out of 52 for hessian
Estimating row 17 out of 52 for hessian
Estimating row 18 out of 52 for hessian
Estimating row 19 out of 52 for hessian
Estimating row 20 out of 52 for hessian
Estimating row 21 out of 52 for hessian
Estimating row 22 out of 52 for hessian
Estimating row 23 out of 52 for hessian
Estimating row 24 out of 52 for hessian
Estimating row 25 out of 52 for hessian
Estimating row 26 out of 52 for hessian
Estimating row 27 out of 52 for hessian
Estimating row 28 out of 52 for hessian
Estimating row 29 out of 52 for hessian
Estimating row 30 out of 52 for hessian
Estimating row 31 out of 52 for hessian
Estimating row 32 out of 52 for hessian
Estimating row 33 out of 52 for hessian
Estimating row 34 out of 52 for hessian
Estimating row 35 out of 52 for hessian
Estimating row 36 out of 52 for hessian
Estimating row 37 out of 52 for hessian
Estimating row 38 out of 52 for hessian
Estimating row 39 out of 52 for hessian
Estimating row 40 out of 52 for hessian
Estimating row 41 out of 52 for hessian
Estimating row 42 out of 52 for hessian
Estimating row 43 out of 52 for hessian
Estimating row 44 out of 52 for hessian
Estimating row 45 out of 52 for hessian
Estimating row 46 out of 52 for hessian
Estimating row 47 out of 52 for hessian
Estimating row 48 out of 52 for hessian
Estimating row 49 out of 52 for hessian
Estimating row 50 out of 52 for hessian
Estimating row 51 out of 52 for hessian
Estimating row 52 out of 52 for hessian
size of file gradfil1.tmp = 0
size of file gradfil2.tmp = 0
size of file varssave.tmp = 0
size of file cmpdiff.tmp = 0
