
Initial statistics: 36 variables; iteration 0; function evaluation 0; phase 1
Function value 5.5862844e+03; maximum gradient component mag -5.6874e+04
Var    Value     Gradient |Var    Value     Gradient |Var    Value     Gradient
  1  0.01346 -5.68738e+04 |  2  0.02919  2.37215e+02 |  3 -0.00384  1.06770e+02
  4 -0.02794  4.42082e+02 |  5 -0.08648  6.55290e+02 |  6 -0.05141  3.68186e+02
  7 -0.06596  8.23958e+02 |  8 -0.03019  6.60309e+02 |  9  0.00481  3.48869e+02
 10  0.08330 -4.90908e+02 | 11 -0.07341  2.41977e+02 | 12 -0.00681  4.97413e+02
 13  0.07317  5.81111e+02 | 14  0.07058  7.88458e+00 | 15 -0.00726 -1.63429e+02
 16 -0.06449 -1.58352e+02 | 17 -0.01092 -8.08081e+01 | 18  0.05116  1.73178e+02
 19  0.01982 -2.82866e+02 | 20 -0.01200 -2.96578e+01 | 21 -0.13763  3.90006e+02
 22 -0.01579  6.11268e+02 | 23  0.03368  5.19604e+02 | 24  0.04484  3.50360e+02
 25 -0.04025  3.76259e+02 | 26  0.02008 -4.65768e+02 | 27  0.06518 -1.57502e+03
 28 -0.00534 -1.53412e+03 | 29 -0.01747 -7.00544e+02 | 30  0.03995  1.41661e+02
 31  0.03622 -3.31861e+02 | 32  0.06041 -1.07694e+03 | 33 -0.00101 -5.90412e+02
 34 -0.05197 -4.13684e+02 | 35  0.03546 -4.77601e+02 | 36  0.04137  8.27004e+02

Intermediate statistics: 36 variables; iteration 20; function evaluation 30; phase 1
Function value 4.7401874e+03; maximum gradient component mag -9.8210e+02
Var    Value     Gradient |Var    Value     Gradient |Var    Value     Gradient
  1  0.03917 -9.82096e+02 |  2 -0.05127 -1.26081e+02 |  3  0.02810 -1.09643e+02
  4 -0.05089 -5.04714e+01 |  5 -0.27438 -1.05712e+02 |  6 -0.02493 -4.99172e+01
  7 -0.11584  2.44084e+01 |  8 -0.06149  3.91027e+01 |  9  0.00561  5.32772e+01
 10  0.09480  1.60712e+02 | 11 -0.08338 -1.14272e+00 | 12  0.00940  1.26361e+02
 13  0.09188  5.34300e+02 | 14  0.07671  2.96789e+02 | 15  0.01624  1.18232e+02
 16 -0.01241  1.73876e+02 | 17 -0.03904  8.91694e+01 | 18  0.10291  5.08073e+02
 19  0.06912  1.67454e+02 | 20 -0.07720 -3.79359e+01 | 21 -0.05187  5.27680e+01
 22  0.01925  2.18191e+02 | 23  0.08325  2.64289e+02 | 24  0.08956  2.10397e+02
 25  0.03891  4.21279e+01 | 26  0.07139 -2.15655e+01 | 27 -0.06912 -5.54291e+02
 28  0.04542 -4.56689e+02 | 29  0.02189 -2.06637e+02 | 30  0.02701 -4.31827e+01
 31 -0.01395 -3.38856e+02 | 32  0.06722 -5.79913e+02 | 33 -0.02027 -4.52756e+02
 34 -0.03713 -2.96987e+02 | 35  0.04822 -3.10925e+02 | 36 -0.05144 -4.68495e+01
36 variables; iteration 40; function evaluation 63; phase 1
Function value 4.6138504e+03; maximum gradient component mag -6.5425e+03
Var    Value     Gradient |Var    Value     Gradient |Var    Value     Gradient
  1  0.03507 -6.54246e+03 |  2 -0.02260  5.92816e+01 |  3  0.05330  1.03431e+02
  4  0.00222  1.75758e+02 |  5 -0.16817  7.47021e+01 |  6 -0.05937  3.48870e+01
  7 -0.14393  1.12233e+02 |  8 -0.10030  8.02192e+01 |  9 -0.02258 -1.70228e-01
 10  0.09815 -1.87287e+02 | 11 -0.10358 -1.39830e+01 | 12 -0.00848  1.18403e+02
 13  0.02136  1.61073e+02 | 14  0.07983  2.52875e+01 | 15  0.04051  9.50947e+01
 16 -0.03379  4.21942e+01 | 17 -0.03083  8.13174e+01 | 18  0.03176  1.86515e+01
 19  0.07331  7.64940e+01 | 20 -0.09276 -9.99387e+00 | 21 -0.05992  7.65948e+01
 22 -0.03512  7.49828e+01 | 23  0.03323  6.06690e+01 | 24  0.05328  4.71018e+01
 25  0.02296  3.72609e+01 | 26  0.06914 -8.48453e+01 | 27  0.00508 -1.82628e+02
 28  0.07748 -1.68965e+01 | 29  0.04343  5.60104e+01 | 30  0.00436  9.21920e+00
 31  0.03691  2.86912e+01 | 32  0.08389 -2.61321e+02 | 33 -0.00306 -2.62184e+02
 34  0.00638 -1.25453e+01 | 35  0.09192  3.77962e+01 | 36 -0.02539  9.25834e+01

 - final statistics:
36 variables; iteration 53; function evaluation 77
Function value 4.5792e+03; maximum gradient component mag -9.6698e+00
Exit code = 1;  converg criter 1.0000e+01
Var    Value     Gradient |Var    Value     Gradient |Var    Value     Gradient
  1  0.04218 -9.66984e+00 |  2  0.00063 -5.64753e-01 |  3  0.04491 -2.26912e+00
  4 -0.01460 -1.69835e+00 |  5 -0.13730 -3.12382e-01 |  6 -0.02340 -1.94066e+00
  7 -0.12013 -3.33748e-01 |  8 -0.08469 -9.93915e-01 |  9 -0.01323 -5.71138e-01
 10  0.07492 -1.81871e+00 | 11 -0.08304 -4.39120e-01 | 12 -0.02358  1.69699e+00
 13 -0.00617  4.48832e+00 | 14  0.07284  8.56192e-01 | 15  0.01504 -9.01574e-01
 16 -0.03338 -8.90910e-01 | 17 -0.04851 -6.03373e-01 | 18  0.02926 -6.73058e-01
 19  0.05450 -9.95596e-01 | 20 -0.06878 -1.02936e-01 | 21 -0.07284 -1.22930e-01
 22 -0.04270  2.06203e-01 | 23  0.02035 -1.28405e+00 | 24  0.03926 -5.33804e-01
 25  0.00723 -9.83859e-01 | 26  0.06002 -3.28057e+00 | 27  0.03125 -7.01083e-02
 28  0.06228 -2.88328e+00 | 29  0.03140 -1.90675e+00 | 30  0.00588  1.04030e-01
 31  0.02166 -9.45822e-01 | 32  0.09642  2.52594e+00 | 33  0.03426  1.32165e+00
 34  0.01003 -1.19117e-01 | 35  0.08234  1.52794e+00 | 36 -0.02389  3.26343e-02

Initial statistics: 46 variables; iteration 0; function evaluation 0; phase 2
Function value 4.5791945e+03; maximum gradient component mag 1.9187e+04
Var    Value     Gradient |Var    Value     Gradient |Var    Value     Gradient
  1  0.04218 -9.66984e+00 |  2  0.00064 -1.49991e-01 |  3  0.04493 -1.85539e+00
  4 -0.01459 -1.28370e+00 |  5 -0.13729  9.27725e-02 |  6 -0.02339 -1.52618e+00
  7 -0.12012  7.36518e-02 |  8 -0.08468 -5.82819e-01 |  9 -0.01322 -1.56465e-01
 10  0.07494 -1.40681e+00 | 11 -0.08303 -2.78807e-02 | 12 -0.02357  2.11147e+00
 13 -0.00616  4.90306e+00 | 14  0.07286  1.26824e+00 | 15  0.01506 -4.86927e-01
 16 -0.03337 -4.76718e-01 | 17 -0.04850 -1.89814e-01 | 18  0.02928 -2.58734e-01
 19  0.05451 -5.82351e-01 | 20 -0.06877  3.09409e-01 | 21 -0.07283  2.89121e-01
 22 -0.04269  6.20033e-01 | 23  0.02036 -8.69501e-01 | 24  0.03927 -1.19830e-01
 25  0.00724 -5.69123e-01 | 26  0.06003 -2.86764e+00 | 27  0.03126  3.44154e-01
 28  0.06229 -2.47050e+00 | 29  0.03141 -1.49249e+00 | 30  0.00589  5.18774e-01
 31  0.02168 -5.31300e-01 | 32  0.09643  2.93595e+00 | 33  0.03427  1.73581e+00
 34  0.01004  2.95594e-01 | 35  0.08235  1.93923e+00 | 36 -0.02388  4.47105e-01
 37  0.30734  1.91874e+04 | 38  0.22272 -3.63702e+03 | 39  0.25211 -3.10989e+02
 40  0.20022 -9.39617e+03 | 41 -0.01251 -1.42440e+03 | 42 -0.39902  1.98562e+03
 43 -0.02585 -9.11054e+01 | 44 -0.09023 -1.96122e+03 | 45 -0.38694  1.02803e+02
 46 -0.46901  1.29077e+03 |

Intermediate statistics: 46 variables; iteration 20; function evaluation 28; phase 2
Function value 3.4592309e+03; maximum gradient component mag 8.3360e+03
Var    Value     Gradient |Var    Value     Gradient |Var    Value     Gradient
  1  0.12051 -4.42119e+02 |  2 -0.03023 -7.27664e+00 |  3  0.01000  2.24851e+01
  4 -0.02676 -7.42315e+00 |  5 -0.13102  8.70426e+00 |  6 -0.03089  9.70911e+00
  7 -0.12097 -1.70230e+01 |  8 -0.09714 -8.89471e+00 |  9 -0.02356  2.62125e+01
 10  0.09262  1.42915e+02 | 11 -0.04988  4.24486e+01 | 12 -0.00358  1.46001e+01
 13 -0.01415  4.91704e+01 | 14  0.04240  1.09994e+02 | 15 -0.01739 -1.33182e+01
 16 -0.07068 -3.68822e+01 | 17 -0.00270 -1.34288e+01 | 18  0.07694  4.13238e+01
 19  0.09817 -2.56230e+01 | 20 -0.01188  1.41148e+01 | 21 -0.03283  2.35472e+01
 22 -0.02848  2.33535e+00 | 23 -0.03976 -2.71848e+01 | 24  0.03465  4.81015e+01
 25  0.02644 -1.54625e+01 | 26  0.05039 -2.95693e+01 | 27  0.01084 -3.97110e+01
 28  0.06518 -3.60870e+01 | 29  0.04405 -6.82670e+01 | 30  0.06013  1.27931e+00
 31  0.02218 -6.53547e+01 | 32  0.10156 -6.40150e+01 | 33  0.03960 -1.38691e+01
 34 -0.00008 -4.01406e+01 | 35  0.05047 -1.16117e+02 | 36 -0.10044 -1.15531e+02
 37  0.21724  8.33599e+03 | 38  0.17133 -3.52607e+03 | 39  0.16148 -2.22246e+03
 40  0.18289 -5.09361e+03 | 41 -0.21980  2.22964e+02 | 42 -0.59304  2.15746e+02
 43  0.05490  3.36240e+02 | 44  0.01475  7.15704e+00 | 45 -0.32021 -1.46496e+02
 46 -0.58875  2.66518e+02 |
46 variables; iteration 40; function evaluation 56; phase 2
Function value 3.2396473e+03; maximum gradient component mag 1.2642e+03
Var    Value     Gradient |Var    Value     Gradient |Var    Value     Gradient
  1  0.12267  1.75766e+02 |  2 -0.00055  3.89758e+01 |  3  0.00406 -3.26288e+01
  4 -0.01415 -3.94622e+00 |  5 -0.12189  2.60394e+00 |  6 -0.02657 -4.51421e+01
  7 -0.08839  9.10237e-01 |  8 -0.03787  4.62793e+01 |  9  0.01317  4.98183e+01
 10  0.06600 -7.74701e+01 | 11 -0.04581  4.47613e+00 | 12  0.02685  3.09311e+01
 13 -0.00865 -1.49315e+01 | 14  0.04902  5.00814e+01 | 15 -0.00642  6.98352e+00
 16 -0.08399 -5.06186e+01 | 17 -0.02424 -6.09761e+01 | 18  0.07780  9.51041e+00
 19  0.11390  2.01005e+01 | 20 -0.03981 -6.81577e+01 | 21 -0.03048  2.44885e+01
 22 -0.03240  2.33019e+01 | 23 -0.06905 -5.04042e+01 | 24  0.01301 -2.18227e+01
 25  0.02384 -2.01675e+01 | 26  0.07977  1.12146e+02 | 27 -0.00660 -6.23999e+00
 28  0.06312  5.06533e+01 | 29  0.04340  4.17049e+01 | 30  0.09047  8.31347e+01
 31  0.00324 -2.64028e+01 | 32  0.07213 -8.98072e+01 | 33 -0.00915 -1.16420e+02
 34 -0.02096  2.45165e+01 | 35  0.01575 -6.40538e+01 | 36 -0.09085  4.69466e+01
 37  0.19804  1.26424e+03 | 38  0.18775 -4.82522e+02 | 39  0.19504 -3.25985e+02
 40  0.20278 -8.02123e+02 | 41 -0.16164 -5.26242e+01 | 42 -0.60512  1.19160e+02
 43 -0.01471  1.25619e+02 | 44 -0.03662 -2.04393e+02 | 45 -0.30642 -4.13979e+01
 46 -0.60085  1.19038e+02 |

 - final statistics:
46 variables; iteration 60; function evaluation 91
Function value 3.2027e+03; maximum gradient component mag 7.1721e+00
Exit code = 1;  converg criter 1.0000e+01
Var    Value     Gradient |Var    Value     Gradient |Var    Value     Gradient
  1  0.06683  6.06054e+00 |  2 -0.01345  4.65289e-01 |  3  0.02750  1.02371e+00
  4 -0.01696  2.30548e-01 |  5 -0.13551 -8.77216e-02 |  6 -0.01999 -1.97129e-01
  7 -0.10784  2.24847e-01 |  8 -0.07489 -2.78926e-01 |  9 -0.00202 -3.15996e-01
 10  0.10740  2.25699e-01 | 11 -0.03821 -1.87491e-01 | 12  0.02291  4.18661e-01
 13  0.01273  8.68597e-01 | 14  0.05493  9.75935e-01 | 15 -0.00941  3.32653e-01
 16 -0.06030  1.12432e+00 | 17 -0.00875 -5.99379e-01 | 18  0.06858 -4.74477e-01
 19  0.10672 -4.49602e-01 | 20 -0.02199 -2.60278e-01 | 21 -0.04476  1.86438e-01
 22 -0.03588 -4.16341e-01 | 23 -0.02825 -7.44052e-01 | 24  0.04055 -5.45270e-01
 25  0.04202  1.16140e-01 | 26  0.06413 -1.04864e-01 | 27 -0.01034  1.16328e-01
 28  0.04687 -2.12375e-01 | 29  0.01757 -5.40216e-01 | 30  0.06152 -5.45637e-01
 31 -0.00025  1.08667e-01 | 32  0.09222  2.75511e-01 | 33  0.01419  3.87075e-01
 34 -0.03664  2.85819e-02 | 35  0.01992  4.44898e-01 | 36 -0.13538 -9.67087e-01
 37  0.22690 -6.65847e+00 | 38  0.22351 -1.34589e+00 | 39  0.23316  8.41432e-01
 40  0.23370  2.11368e-01 | 41 -0.09423  2.93764e+00 | 42 -0.61322 -1.63842e+00
 43 -0.05588 -2.87482e+00 | 44 -0.06195  7.17212e+00 | 45 -0.30071  2.61904e+00
 46 -0.58184 -3.13262e+00 |

Initial statistics: 52 variables; iteration 0; function evaluation 0; phase 3
Function value 3.2027079e+03; maximum gradient component mag -2.2176e+03
Var    Value     Gradient |Var    Value     Gradient |Var    Value     Gradient
  1  0.06683  6.06054e+00 |  2 -0.01345  4.47994e-01 |  3  0.02750  1.00643e+00
  4 -0.01696  2.13255e-01 |  5 -0.13551 -1.04630e-01 |  6 -0.01999 -2.14419e-01
  7 -0.10784  2.07795e-01 |  8 -0.07489 -2.96105e-01 |  9 -0.00202 -3.33295e-01
 10  0.10740  2.08645e-01 | 11 -0.03821 -2.04759e-01 | 12  0.02291  4.01373e-01
 13  0.01273  8.51301e-01 | 14  0.05493  9.58700e-01 | 15 -0.00941  3.15356e-01
 16 -0.06030  1.10710e+00 | 17 -0.00875 -6.16676e-01 | 18  0.06858 -4.91676e-01
 19  0.10672 -4.66658e-01 | 20 -0.02199 -2.77567e-01 | 21 -0.04476  1.69182e-01
 22 -0.03588 -4.33613e-01 | 23 -0.02825 -7.61334e-01 | 24  0.04055 -5.62534e-01
 25  0.04202  9.88783e-02 | 26  0.06413 -1.22075e-01 | 27 -0.01034  9.90309e-02
 28  0.04687 -2.29627e-01 | 29  0.01757 -5.57508e-01 | 30  0.06152 -5.62856e-01
 31 -0.00025  9.13676e-02 | 32  0.09222  2.58393e-01 | 33  0.01419  3.69780e-01
 34 -0.03664  1.13115e-02 | 35  0.01992  4.27608e-01 | 36 -0.13538 -9.83997e-01
 37  0.22690 -6.65847e+00 | 38  0.22351 -1.34589e+00 | 39  0.23316  8.41432e-01
 40  0.23370  2.11368e-01 | 41 -0.09423  2.93764e+00 | 42 -0.61322 -1.63842e+00
 43  0.24765 -2.04299e+02 | 44 -0.24118  6.51426e+01 | 45  0.07791 -9.70234e+02
 46 -0.29875  6.05872e+02 | 47  0.22019 -2.21761e+03 | 48 -0.61889  1.67751e+03
 49 -0.05588 -2.87482e+00 | 50 -0.06195  7.17212e+00 | 51 -0.30071  2.61904e+00
 52 -0.58184 -3.13262e+00 |

Intermediate statistics: 52 variables; iteration 20; function evaluation 32; phase 3
Function value 2.5008256e+03; maximum gradient component mag -3.3554e+03
Var    Value     Gradient |Var    Value     Gradient |Var    Value     Gradient
  1  0.05493 -3.35537e+03 |  2 -0.01058  4.52986e+01 |  3  0.03488  6.04908e+01
  4 -0.01818  4.50480e+01 |  5 -0.13649  4.47593e+01 |  6 -0.01886  5.33658e+01
  7 -0.10820  4.62324e+01 |  8 -0.07327  4.25946e+01 |  9  0.00161  3.57890e+01
 10  0.11376  3.14293e+01 | 11 -0.02390  2.48880e+01 | 12  0.02311  3.56025e+00
 13  0.02669 -1.54815e+01 | 14  0.06567 -3.00269e+01 | 15  0.00098  5.68774e+00
 16 -0.05661  3.55065e+01 | 17 -0.00439 -7.70717e+00 | 18  0.05356 -3.54142e+01
 19  0.06529 -7.23304e+01 | 20 -0.00462  3.21768e+01 | 21 -0.11419  1.13882e-01
 22 -0.02375  4.53308e+01 | 23  0.05865  1.16106e+02 | 24  0.01223 -1.06944e+00
 25 -0.03352 -4.32049e+01 | 26  0.09142  2.31275e+01 | 27  0.01836 -5.73832e+01
 28  0.04351 -8.30685e+01 | 29 -0.00136 -1.01218e+02 | 30  0.07237 -5.80645e+00
 31  0.03487 -5.20780e+01 | 32  0.11489 -7.56088e+01 | 33  0.05257 -2.61046e+01
 34 -0.03589 -5.17353e+01 | 35  0.03378 -6.03716e+01 | 36 -0.26395 -3.51962e+01
 37  0.23025 -3.31212e+03 | 38  0.23459  5.39308e+01 | 39  0.23830 -4.80973e+01
 40  0.20770 -3.00749e+03 | 41 -0.08563 -1.97813e+02 | 42 -0.61166  7.82774e+00
 43  0.34147  2.30095e+02 | 44 -0.35070 -1.32739e+01 | 45  0.07899 -4.24242e+02
 46 -0.62395  5.08016e+02 | 47  0.59229 -5.71037e+02 | 48 -0.55952  5.84518e+02
 49 -0.04092  4.93157e+01 | 50 -0.07177 -3.37611e+02 | 51 -0.30780 -2.94847e+01
 52 -0.59016  2.62353e+01 |
52 variables; iteration 40; function evaluation 58; phase 3
Function value 2.4283773e+03; maximum gradient component mag -1.2202e+03
Var    Value     Gradient |Var    Value     Gradient |Var    Value     Gradient
  1  0.04531 -1.22022e+03 |  2  0.00174  3.27433e+01 |  3  0.02895  1.41646e+01
  4 -0.03316  1.75802e+01 |  5 -0.16712  8.48316e+00 |  6 -0.07584 -3.07058e+01
  7 -0.19573 -2.67417e+01 |  8 -0.12977 -1.55274e+01 |  9  0.00210  2.35511e+01
 10  0.12040  3.33762e+01 | 11 -0.01270  2.86448e+01 | 12  0.02512  2.30119e+01
 13  0.03986  2.98245e+01 | 14  0.08334  4.76445e+01 | 15  0.01467  2.28691e+00
 16 -0.06029 -6.39944e+00 | 17 -0.00084 -2.17866e+00 | 18  0.05409 -2.80261e+01
 19  0.07538 -2.33106e+01 | 20 -0.01229 -7.22487e+00 | 21 -0.10615 -7.39861e+00
 22 -0.02816 -3.66390e-01 | 23  0.03361 -1.84061e+01 | 24  0.02460 -7.54010e-01
 25  0.00346  3.11650e+01 | 26  0.09690  7.43214e+01 | 27  0.02402 -4.29289e+01
 28  0.02756 -1.28036e+02 | 29  0.01357 -2.62681e+01 | 30  0.07223  4.32311e+00
 31  0.03526 -3.06012e+01 | 32  0.10050 -1.13725e+02 | 33  0.04203 -5.98182e+00
 34 -0.01143  2.35663e+01 | 35  0.04271  5.46826e+01 | 36 -0.13570  6.77217e+00
 37  0.24468 -3.81095e+02 | 38  0.23520 -8.53048e+02 | 39  0.24188 -2.21445e+02
 40  0.21859 -8.52633e+02 | 41  0.56896 -1.90975e+02 | 42 -0.52635  4.88695e+02
 43  0.34123 -8.49539e+01 | 44 -0.36129 -2.77185e+01 | 45  0.05491 -2.58593e+02
 46 -0.69198 -2.05892e+02 | 47  0.65919 -3.64686e+02 | 48 -0.56733  4.16254e+02
 49 -0.48396 -3.55437e+01 | 50 -0.50632 -2.76064e+02 | 51 -0.38708  1.79119e+01
 52 -0.68244  2.52568e+02 |
52 variables; iteration 60; function evaluation 89; phase 3
Function value 2.3730362e+03; maximum gradient component mag 6.9018e+02
Var    Value     Gradient |Var    Value     Gradient |Var    Value     Gradient
  1  0.03840  6.90178e+02 |  2  0.00864  3.82801e+00 |  3  0.03821 -2.00569e+01
  4 -0.03082 -4.02604e+01 |  5 -0.13584  8.46743e+00 |  6 -0.03388 -6.25559e+00
  7 -0.14336 -3.23975e+01 |  8 -0.08933 -2.10703e+01 |  9  0.00571 -7.99995e+00
 10  0.11348  6.06302e+00 | 11 -0.02475 -1.89550e+01 | 12  0.01834  7.85813e+00
 13  0.03343 -2.41126e+01 | 14  0.07871 -1.90628e+01 | 15  0.01716 -3.32217e-01
 16 -0.05874 -4.13378e+00 | 17 -0.01020 -2.41043e+00 | 18  0.04753  6.03718e+00
 19  0.06800  1.81942e+01 | 20 -0.02812 -2.19006e+01 | 21 -0.11354  7.72982e+00
 22 -0.04056 -1.59171e+01 | 23  0.04204 -7.53167e+00 | 24  0.02518  1.11986e+01
 25 -0.01462 -1.11610e+01 | 26  0.08436 -7.49458e+00 | 27  0.02157  1.39748e+01
 28  0.04311  3.25318e+01 | 29  0.00610  2.61397e+01 | 30  0.05772  1.95318e+00
 31  0.02123  9.55472e-01 | 32  0.11070  4.89547e+01 | 33  0.04095  3.19557e+01
 34 -0.01177  1.75605e+01 | 35  0.03382  2.27054e+01 | 36 -0.18509 -3.06991e+01
 37  0.25921  6.09628e+02 | 38  0.25009  1.53515e+02 | 39  0.25575  3.87139e+01
 40  0.22702  1.39524e+02 | 41  0.42693  1.57008e+01 | 42 -0.55870 -1.19124e+02
 43  0.37183 -4.67231e+01 | 44 -0.35074 -3.51143e+00 | 45  0.06663 -1.45621e+01
 46 -0.68092 -5.85328e+01 | 47  0.76427 -1.16794e+02 | 48 -0.63039  6.46058e+01
 49 -0.36512 -3.98540e+00 | 50 -0.40713  2.71887e+01 | 51 -0.34144  6.61452e+00
 52 -0.65270 -7.76971e+01 |
52 variables; iteration 80; function evaluation 109; phase 3
Function value 2.3583829e+03; maximum gradient component mag 7.6091e-02
Var    Value     Gradient |Var    Value     Gradient |Var    Value     Gradient
  1  0.04166  3.42265e-02 |  2  0.00011 -1.24986e-03 |  3  0.04229 -3.50811e-03
  4 -0.01588 -6.32943e-03 |  5 -0.13768 -1.55236e-03 |  6 -0.02274 -6.37423e-03
  7 -0.11576  2.23679e-03 |  8 -0.07336  4.76477e-04 |  9  0.00562  1.25241e-03
 10  0.10759  1.08112e-02 | 11 -0.02413  6.76654e-04 | 12  0.01046  2.79107e-03
 13  0.03325  4.49584e-03 | 14  0.07553  9.31177e-04 | 15  0.01090  2.75616e-03
 16 -0.06278  1.75057e-03 | 17 -0.01206  6.73023e-04 | 18  0.04501  3.52423e-04
 19  0.06272  1.47484e-03 | 20 -0.02486  3.63415e-04 | 21 -0.12044 -7.11059e-04
 22 -0.03929 -1.45516e-03 | 23  0.03799 -7.26128e-04 | 24  0.01783  2.93181e-03
 25 -0.01439  2.76238e-03 | 26  0.08181  1.34403e-02 | 27  0.01774 -9.04167e-04
 28  0.03648 -2.45071e-04 | 29 -0.00003 -9.52635e-04 | 30  0.05746 -6.48113e-03
 31  0.02184 -6.70145e-03 | 32  0.10400 -9.05750e-04 | 33  0.03285 -2.91669e-03
 34 -0.01767 -1.94250e-03 | 35  0.02556  7.16311e-05 | 36 -0.14834  1.32821e-03
 37  0.25565  7.60911e-02 | 38  0.24773 -3.06780e-03 | 39  0.25340  5.69949e-03
 40  0.22474 -1.92552e-03 | 41  0.25769 -2.61503e-02 | 42 -0.56139  5.80956e-02
 43  0.36908  5.72851e-04 | 44 -0.34912 -8.30540e-05 | 45  0.06926 -1.31753e-02
 46 -0.67225  9.73163e-03 | 47  0.99990 -4.03900e-03 | 48 -0.67205 -6.21689e-04
 49 -0.26361  4.08262e-03 | 50 -0.28879 -4.60061e-02 | 51 -0.34477  1.54647e-03
 52 -0.64050  3.26026e-02 |
52 variables; iteration 100; function evaluation 131; phase 3
Function value 2.3583826e+03; maximum gradient component mag 2.5349e-01
Var    Value     Gradient |Var    Value     Gradient |Var    Value     Gradient
  1  0.04166 -1.58848e-01 |  2  0.00012  1.25185e-02 |  3  0.04230 -1.01055e-02
  4 -0.01586  1.48165e-02 |  5 -0.13766  7.01241e-03 |  6 -0.02272  1.32285e-02
  7 -0.11575 -1.27103e-03 |  8 -0.07335  1.26471e-02 |  9  0.00562 -5.04328e-03
 10  0.10758 -3.06018e-02 | 11 -0.02412  7.46844e-03 | 12  0.01046  9.17477e-04
 13  0.03325 -5.06900e-03 | 14  0.07553  1.36779e-02 | 15  0.01090 -2.07352e-02
 16 -0.06279 -8.96201e-03 | 17 -0.01207  5.58839e-03 | 18  0.04500 -8.18755e-03
 19  0.06271 -5.88341e-03 | 20 -0.02487 -1.97947e-03 | 21 -0.12045 -1.04503e-02
 22 -0.03929  5.37404e-03 | 23  0.03799  5.39484e-03 | 24  0.01783 -2.16414e-02
 25 -0.01439  2.55432e-03 | 26  0.08180 -3.71288e-02 | 27  0.01775  2.25928e-02
 28  0.03647  1.33982e-02 | 29 -0.00003  2.04774e-02 | 30  0.05745  3.93375e-03
 31  0.02184  2.66763e-02 | 32  0.10399  1.00517e-02 | 33  0.03285  4.51948e-03
 34 -0.01768 -3.04255e-03 | 35  0.02555 -8.88619e-04 | 36 -0.14834  5.54609e-03
 37  0.25565  9.27085e-02 | 38  0.24773 -1.84742e-03 | 39  0.25340  3.40093e-02
 40  0.22474  2.53491e-01 | 41  0.15407 -1.44837e-01 | 42 -0.56663  1.12235e-01
 43  0.36908 -2.96971e-03 | 44 -0.34912 -6.17960e-03 | 45  0.06927  1.06677e-01
 46 -0.67223  1.65080e-01 | 47  1.00005 -1.77598e-04 | 48 -0.67208 -6.90189e-03
 49 -0.19157 -3.52663e-02 | 50 -0.21561 -1.73007e-01 | 51 -0.33972  9.63769e-03
 52 -0.63246  6.46105e-02 |
52 variables; iteration 120; function evaluation 154; phase 3
Function value 2.3583823e+03; maximum gradient component mag -7.7820e-01
Var    Value     Gradient |Var    Value     Gradient |Var    Value     Gradient
  1  0.04166 -7.78201e-01 |  2  0.00011  5.91254e-03 |  3  0.04229 -1.55817e-03
  4 -0.01587  1.77591e-03 |  5 -0.13767  1.21092e-02 |  6 -0.02274  9.92449e-04
  7 -0.11576  1.24590e-02 |  8 -0.07336  9.27236e-03 |  9  0.00562  7.90219e-03
 10  0.10759 -2.50154e-03 | 11 -0.02413  4.06143e-03 | 12  0.01046  1.07537e-04
 13  0.03325 -4.68858e-03 | 14  0.07553 -1.60549e-02 | 15  0.01090 -2.55000e-03
 16 -0.06278 -1.62572e-03 | 17 -0.01207 -2.81466e-03 | 18  0.04501  3.31457e-03
 19  0.06272 -1.32214e-04 | 20 -0.02487 -5.10603e-04 | 21 -0.12044  5.91079e-03
 22 -0.03929  1.08791e-03 | 23  0.03799 -5.25698e-03 | 24  0.01783  5.26051e-04
 25 -0.01439 -2.75928e-03 | 26  0.08181 -1.21206e-02 | 27  0.01774 -6.70956e-03
 28  0.03647 -1.06888e-02 | 29 -0.00003 -3.01032e-03 | 30  0.05746 -1.19948e-03
 31  0.02184  3.00303e-03 | 32  0.10399 -1.11282e-02 | 33  0.03285 -4.51529e-03
 34 -0.01767  2.35107e-03 | 35  0.02556  7.58419e-03 | 36 -0.14834  1.28563e-02
 37  0.25565 -2.20929e-02 | 38  0.24773 -5.52469e-02 | 39  0.25340 -1.42042e-02
 40  0.22474 -3.83038e-02 | 41 -0.03390 -4.15594e-01 | 42 -0.57663  3.61075e-01
 43  0.36908  1.00246e-03 | 44 -0.34912  1.52106e-03 | 45  0.06926 -4.46210e-03
 46 -0.67226 -2.81313e-02 | 47  0.99975 -1.26391e-02 | 48 -0.67204  1.08536e-03
 49 -0.06059 -5.40487e-02 | 50 -0.08357 -5.46795e-01 | 51 -0.33025  2.63622e-02
 52 -0.61773  2.31789e-01 |
52 variables; iteration 140; function evaluation 176; phase 3
Function value 2.3583823e+03; maximum gradient component mag -2.2469e-01
Var    Value     Gradient |Var    Value     Gradient |Var    Value     Gradient
  1  0.04166 -2.24692e-01 |  2  0.00011  3.57315e-03 |  3  0.04230  3.58029e-03
  4 -0.01587  6.64799e-03 |  5 -0.13767  1.93405e-03 |  6 -0.02273  6.70103e-03
  7 -0.11576  2.38444e-03 |  8 -0.07336  3.72568e-03 |  9  0.00562  1.44614e-03
 10  0.10759 -1.97988e-03 | 11 -0.02413  2.57720e-03 | 12  0.01046 -1.88883e-04
 13  0.03325 -3.80612e-03 | 14  0.07553 -3.92904e-03 | 15  0.01090 -4.46444e-03
 16 -0.06278 -3.10708e-04 | 17 -0.01207 -8.18867e-04 | 18  0.04501 -2.30851e-03
 19  0.06272 -2.79013e-03 | 20 -0.02487  3.04285e-03 | 21 -0.12044  1.08081e-03
 22 -0.03929  1.80534e-03 | 23  0.03799 -2.73185e-03 | 24  0.01783 -5.77050e-03
 25 -0.01439  1.10880e-03 | 26  0.08181 -1.19309e-02 | 27  0.01774 -1.11764e-03
 28  0.03647 -1.66017e-03 | 29 -0.00003  3.08411e-03 | 30  0.05746  5.75287e-04
 31  0.02184  1.36899e-03 | 32  0.10399 -1.82783e-03 | 33  0.03285 -1.67682e-03
 34 -0.01767 -1.51294e-03 | 35  0.02556 -1.31262e-04 | 36 -0.14834  3.71972e-03
 37  0.25565 -3.31747e-02 | 38  0.24773  2.77812e-03 | 39  0.25340 -1.04863e-03
 40  0.22474 -8.72895e-04 | 41 -0.08260 -8.26626e-02 | 42 -0.58007  3.44407e-02
 43  0.36908  5.04029e-04 | 44 -0.34912 -7.52692e-04 | 45  0.06926  6.42100e-03
 46 -0.67225  2.70352e-02 | 47  0.99997  2.51203e-03 | 48 -0.67206 -1.76756e-03
 49 -0.02717  1.19684e-04 | 50 -0.05005 -1.20782e-01 | 51 -0.32705  3.69806e-05
 52 -0.61283  2.16431e-02 |
52 variables; iteration 160; function evaluation 200; phase 3
Function value 2.3583823e+03; maximum gradient component mag 3.6216e-03
Var    Value     Gradient |Var    Value     Gradient |Var    Value     Gradient
  1  0.04166 -1.48594e-03 |  2  0.00011  1.44276e-04 |  3  0.04230  1.26619e-04
  4 -0.01587  5.86471e-04 |  5 -0.13767 -2.21111e-04 |  6 -0.02273  5.42421e-04
  7 -0.11576 -1.07179e-04 |  8 -0.07336  1.68557e-04 |  9  0.00562 -1.06645e-04
 10  0.10759 -3.06812e-04 | 11 -0.02413  2.72431e-04 | 12  0.01046  3.08096e-05
 13  0.03325 -2.61882e-04 | 14  0.07553  5.27660e-05 | 15  0.01090 -5.34587e-04
 16 -0.06278 -3.70243e-05 | 17 -0.01207 -1.30199e-04 | 18  0.04501 -2.50433e-04
 19  0.06272 -1.78738e-06 | 20 -0.02487  3.30673e-04 | 21 -0.12044 -5.14103e-05
 22 -0.03929 -3.73512e-05 | 23  0.03799 -4.03001e-04 | 24  0.01783 -7.60545e-04
 25 -0.01439  2.61996e-04 | 26  0.08181 -6.68610e-04 | 27  0.01774  7.50036e-05
 28  0.03647  1.44442e-04 | 29 -0.00003  4.70914e-04 | 30  0.05746  2.05079e-04
 31  0.02184  4.18314e-05 | 32  0.10399  4.03287e-04 | 33  0.03285  1.14749e-04
 34 -0.01767 -1.32663e-04 | 35  0.02556  4.61022e-05 | 36 -0.14834  1.13033e-04
 37  0.25565 -2.06846e-03 | 38  0.24773  1.76109e-03 | 39  0.25340  2.05268e-04
 40  0.22474  1.68370e-03 | 41 -0.11876  9.54556e-04 | 42 -0.58424  1.96952e-03
 43  0.36908 -2.45310e-04 | 44 -0.34912 -1.97867e-04 | 45  0.06926  2.06039e-03
 46 -0.67225  3.62157e-03 | 47  0.99995 -1.00959e-04 | 48 -0.67205 -3.88735e-04
 49 -0.00261  1.04661e-03 | 50 -0.02545  1.10455e-03 | 51 -0.32323 -2.76895e-04
 52 -0.60703 -9.90722e-04 |
52 variables; iteration 180; function evaluation 224; phase 3
Function value 2.3583823e+03; maximum gradient component mag -5.6266e-02
Var    Value     Gradient |Var    Value     Gradient |Var    Value     Gradient
  1  0.04166 -5.62658e-02 |  2  0.00011  5.85456e-04 |  3  0.04230  9.15670e-05
  4 -0.01587  6.82016e-04 |  5 -0.13767  7.58439e-04 |  6 -0.02273  5.87028e-04
  7 -0.11576  7.53588e-04 |  8 -0.07336  7.54238e-04 |  9  0.00562  4.83428e-04
 10  0.10759 -3.70736e-04 | 11 -0.02413  4.35939e-04 | 12  0.01046  6.37952e-05
 13  0.03325 -4.76876e-04 | 14  0.07553 -9.52918e-04 | 15  0.01090 -7.33256e-04
 16 -0.06278 -4.57664e-04 | 17 -0.01207 -6.01990e-04 | 18  0.04501  5.97730e-05
 19  0.06272  1.49641e-04 | 20 -0.02487  6.49343e-05 | 21 -0.12044  4.21008e-04
 22 -0.03929 -9.68824e-05 | 23  0.03799 -6.09328e-04 | 24  0.01783 -3.56950e-04
 25 -0.01439 -1.49537e-04 | 26  0.08181 -1.28756e-03 | 27  0.01774 -6.96670e-04
 28  0.03647 -6.49999e-04 | 29 -0.00003 -8.26208e-06 | 30  0.05746  9.87569e-05
 31  0.02184  2.96240e-04 | 32  0.10399 -4.36754e-04 | 33  0.03285 -1.73964e-04
 34 -0.01767  7.30668e-05 | 35  0.02556  5.64039e-04 | 36 -0.14834  1.14020e-03
 37  0.25565 -2.90766e-03 | 38  0.24773 -2.47504e-03 | 39  0.25340 -6.74541e-04
 40  0.22474 -6.88149e-04 | 41 -0.14903 -3.61759e-02 | 42 -0.59049  4.42586e-02
 43  0.36908 -3.16240e-06 | 44 -0.34912 -5.98787e-05 | 45  0.06926  2.26480e-04
 46 -0.67225  4.71143e-04 | 47  0.99995 -1.75011e-04 | 48 -0.67205 -6.97184e-05
 49  0.01774 -2.91272e-03 | 50 -0.00510 -4.99967e-02 | 51 -0.31757  2.04894e-03
 52 -0.59855  2.94595e-02 |
52 variables; iteration 200; function evaluation 248; phase 3
Function value 2.3583823e+03; maximum gradient component mag -1.6500e-01
Var    Value     Gradient |Var    Value     Gradient |Var    Value     Gradient
  1  0.04166 -1.65003e-01 |  2  0.00011  1.75463e-03 |  3  0.04230  7.75927e-04
  4 -0.01587  1.70758e-03 |  5 -0.13767  2.09578e-03 |  6 -0.02273  1.38092e-03
  7 -0.11576  2.45844e-03 |  8 -0.07336  2.29790e-03 |  9  0.00562  1.42626e-03
 10  0.10759 -1.00451e-03 | 11 -0.02413  1.01101e-03 | 12  0.01046 -3.15980e-04
 13  0.03325 -2.50961e-03 | 14  0.07553 -3.47287e-03 | 15  0.01090 -1.59293e-03
 16 -0.06278 -1.05377e-03 | 17 -0.01207 -1.00369e-03 | 18  0.04501  6.89065e-04
 19  0.06272  6.78704e-04 | 20 -0.02487  9.12215e-04 | 21 -0.12044  4.70665e-04
 22 -0.03929 -1.83838e-04 | 23  0.03799 -2.07580e-03 | 24  0.01783 -1.45547e-03
 25 -0.01439 -5.86991e-04 | 26  0.08181 -3.29139e-03 | 27  0.01774 -9.90906e-04
 28  0.03647 -1.62362e-03 | 29 -0.00003  4.54712e-04 | 30  0.05746  6.81186e-04
 31  0.02184 -3.53560e-05 | 32  0.10399 -1.04594e-03 | 33  0.03285 -4.83474e-04
 34 -0.01767  8.63048e-05 | 35  0.02556  1.83099e-03 | 36 -0.14834  2.91737e-03
 37  0.25565 -7.51810e-03 | 38  0.24773 -3.93913e-03 | 39  0.25340 -1.67746e-03
 40  0.22474 -4.26359e-03 | 41 -0.17832 -1.03339e-01 | 42 -0.60191  1.21773e-01
 43  0.36908  8.32649e-04 | 44 -0.34912 -1.33220e-04 | 45  0.06926  1.91011e-05
 46 -0.67225  1.38778e-04 | 47  0.99995 -2.11569e-04 | 48 -0.67205 -1.56808e-04
 49  0.03724 -7.60175e-03 | 50  0.01438 -1.47132e-01 | 51 -0.30750  5.19665e-03
 52 -0.58373  9.10555e-02 |
52 variables; iteration 220; function evaluation 274; phase 3
Function value 2.3583823e+03; maximum gradient component mag -2.9853e-01
Var    Value     Gradient |Var    Value     Gradient |Var    Value     Gradient
  1  0.04166 -2.98532e-01 |  2  0.00011  3.05825e-03 |  3  0.04230  1.17650e-03
  4 -0.01587  3.04644e-03 |  5 -0.13767  3.93902e-03 |  6 -0.02273  2.65170e-03
  7 -0.11576  4.33666e-03 |  8 -0.07336  3.94396e-03 |  9  0.00562  2.60198e-03
 10  0.10759 -1.45057e-03 | 11 -0.02413  1.92089e-03 | 12  0.01046 -1.17671e-04
 13  0.03325 -3.32469e-03 | 14  0.07553 -6.10383e-03 | 15  0.01090 -2.75318e-03
 16 -0.06278 -1.41852e-03 | 17 -0.01207 -1.74804e-03 | 18  0.04501  5.16096e-04
 19  0.06272 -1.01615e-06 | 20 -0.02487  1.30679e-03 | 21 -0.12044  1.53561e-03
 22 -0.03929  4.09132e-04 | 23  0.03799 -2.76069e-03 | 24  0.01783 -2.02671e-03
 25 -0.01439 -7.21076e-04 | 26  0.08181 -6.95718e-03 | 27  0.01774 -2.49182e-03
 28  0.03647 -3.42930e-03 | 29 -0.00003  3.30364e-04 | 30  0.05746  5.98896e-04
 31  0.02184  6.45227e-04 | 32  0.10399 -2.82817e-03 | 33  0.03285 -1.40476e-03
 34 -0.01767 -2.87213e-05 | 35  0.02556  2.55522e-03 | 36 -0.14834  5.14241e-03
 37  0.25565 -1.59922e-02 | 38  0.24773 -9.03275e-03 | 39  0.25340 -3.57366e-03
 40  0.22474 -1.12724e-02 | 41 -0.18641 -1.65816e-01 | 42 -0.61581  1.65779e-01
 43  0.36908  1.12926e-03 | 44 -0.34912 -8.63852e-05 | 45  0.06926 -4.39466e-04
 46 -0.67225  1.09729e-03 | 47  0.99995 -2.77827e-04 | 48 -0.67205 -2.37202e-04
 49  0.04258 -1.42210e-02 | 50  0.01971 -2.35797e-01 | 51 -0.29568  8.95223e-03
 52 -0.56673  1.32607e-01 |
52 variables; iteration 240; function evaluation 297; phase 3
Function value 2.3583822e+03; maximum gradient component mag 5.3654e-01
Var    Value     Gradient |Var    Value     Gradient |Var    Value     Gradient
  1  0.04166  5.36538e-01 |  2  0.00011 -5.16153e-03 |  3  0.04230 -1.80489e-03
  4 -0.01587 -4.85536e-03 |  5 -0.13767 -7.47251e-03 |  6 -0.02273 -4.52799e-03
  7 -0.11576 -8.02992e-03 |  8 -0.07336 -6.84860e-03 |  9  0.00562 -4.94219e-03
 10  0.10759  2.57119e-03 | 11 -0.02413 -3.39886e-03 | 12  0.01046  1.63316e-04
 13  0.03325  3.90365e-03 | 14  0.07553  1.14953e-02 | 15  0.01090  2.74629e-03
 16 -0.06278 -8.24353e-04 | 17 -0.01207  6.04321e-04 | 18  0.04501  2.05059e-04
 19  0.06272  3.13729e-03 | 20 -0.02487 -2.36512e-03 | 21 -0.12044 -4.92726e-03
 22 -0.03929 -2.78267e-03 | 23  0.03799  4.50884e-03 | 24  0.01783  2.50898e-03
 25 -0.01439 -2.55314e-04 | 26  0.08181  1.48975e-02 | 27  0.01774  4.57766e-03
 28  0.03647  7.19225e-03 | 29 -0.00003 -6.57805e-04 | 30  0.05746  8.32537e-04
 31  0.02184 -2.16375e-03 | 32  0.10399  8.90460e-03 | 33  0.03285  4.04422e-03
 34 -0.01767 -3.39529e-04 | 35  0.02556 -2.20269e-03 | 36 -0.14834 -7.77801e-03
 37  0.25565  4.26168e-02 | 38  0.24773  2.63489e-02 | 39  0.25340  8.73863e-03
 40  0.22474  3.08092e-02 | 41 -0.11736  2.04023e-01 | 42 -0.63759 -5.09372e-02
 43  0.36908 -1.47578e-03 | 44 -0.34912 -9.35953e-04 | 45  0.06926  2.53813e-03
 46 -0.67225 -2.62877e-04 | 47  0.99995  1.12014e-04 | 48 -0.67205  2.20808e-04
 49 -0.00355  2.52464e-02 | 50 -0.02640  2.77109e-01 | 51 -0.27811 -8.94496e-03
 52 -0.54216 -4.10104e-02 |
52 variables; iteration 260; function evaluation 321; phase 3
Function value 2.3583822e+03; maximum gradient component mag -2.8238e-03
Var    Value     Gradient |Var    Value     Gradient |Var    Value     Gradient
  1  0.04166 -2.82381e-03 |  2  0.00011  2.61256e-05 |  3  0.04230 -2.51660e-06
  4 -0.01587  1.84059e-05 |  5 -0.13767  3.66574e-05 |  6 -0.02273  1.81535e-05
  7 -0.11576  4.54278e-05 |  8 -0.07336  3.72144e-05 |  9  0.00562  2.29333e-05
 10  0.10759 -2.75682e-05 | 11 -0.02413  1.74976e-05 | 12  0.01046 -2.61533e-06
 13  0.03325  7.98802e-06 | 14  0.07553 -5.93609e-05 | 15  0.01090  1.26892e-05
 16 -0.06278  5.00387e-05 | 17 -0.01207  2.71627e-05 | 18  0.04501 -3.77217e-06
 19  0.06272 -3.05793e-05 | 20 -0.02487  2.02303e-05 | 21 -0.12044  6.39369e-05
 22 -0.03929  2.67718e-05 | 23  0.03799 -4.56051e-05 | 24  0.01783 -4.83738e-06
 25 -0.01439  2.67008e-05 | 26  0.08181 -1.16771e-04 | 27  0.01774 -3.13703e-05
 28  0.03647 -3.58254e-05 | 29 -0.00003  9.48419e-06 | 30  0.05746 -3.05495e-05
 31  0.02184  1.27048e-05 | 32  0.10399 -7.72608e-05 | 33  0.03285 -2.79054e-05
 34 -0.01767  7.90727e-06 | 35  0.02556 -1.85539e-07 | 36 -0.14834  2.73887e-05
 37  0.25565 -3.70054e-04 | 38  0.24773 -1.64489e-04 | 39  0.25340 -5.25388e-05
 40  0.22474 -2.98975e-04 | 41 -0.07099 -8.52556e-06 | 42 -0.64443 -2.35060e-03
 43  0.36908 -2.21349e-06 | 44 -0.34912  2.00386e-05 | 45  0.06926 -4.97537e-05
 46 -0.67225  5.68473e-06 | 47  0.99995 -5.67660e-06 | 48 -0.67205 -4.30447e-06
 49 -0.03510 -1.45933e-04 | 50 -0.05800  1.85984e-04 | 51 -0.27283 -1.23232e-05
 52 -0.53494 -1.98307e-03 |
52 variables; iteration 280; function evaluation 342; phase 3
Function value 2.3583822e+03; maximum gradient component mag -9.9344e-02
Var    Value     Gradient |Var    Value     Gradient |Var    Value     Gradient
  1  0.04166 -9.93444e-02 |  2  0.00011  9.38512e-04 |  3  0.04230  2.62843e-04
  4 -0.01587  7.06009e-04 |  5 -0.13767  1.47137e-03 |  6 -0.02273  6.45566e-04
  7 -0.11576  1.51704e-03 |  8 -0.07336  1.25842e-03 |  9  0.00562  9.82570e-04
 10  0.10759 -3.26772e-04 | 11 -0.02413  5.91686e-04 | 12  0.01046 -1.12683e-05
 13  0.03325 -6.94274e-04 | 14  0.07553 -2.22311e-03 | 15  0.01090 -4.18851e-04
 16 -0.06278  1.53284e-04 | 17 -0.01207 -1.19206e-04 | 18  0.04501  3.90648e-05
 19  0.06272 -5.50658e-04 | 20 -0.02487  3.12582e-04 | 21 -0.12044  8.65610e-04
 22 -0.03929  4.79106e-04 | 23  0.03799 -7.36805e-04 | 24  0.01783 -2.78546e-04
 25 -0.01439 -6.39309e-05 | 26  0.08181 -2.34460e-03 | 27  0.01774 -8.46372e-04
 28  0.03647 -1.46902e-03 | 29 -0.00003 -3.72075e-06 | 30  0.05746 -1.57366e-04
 31  0.02184  3.91715e-04 | 32  0.10399 -1.69195e-03 | 33  0.03285 -7.39768e-04
 34 -0.01767  1.86883e-04 | 35  0.02556  4.88076e-04 | 36 -0.14834  1.44413e-03
 37  0.25565 -6.89749e-03 | 38  0.24773 -6.01763e-03 | 39  0.25340 -1.80469e-03
 40  0.22474 -5.52504e-03 | 41 -0.06245 -4.00695e-02 | 42 -0.64308  1.12711e-02
 43  0.36908  2.92370e-04 | 44 -0.34912  2.11270e-04 | 45  0.06926 -1.13063e-03
 46 -0.67225 -1.11543e-03 | 47  0.99995  8.60961e-05 | 48 -0.67205  5.69529e-05
 49 -0.04095 -5.03585e-03 | 50 -0.06386 -5.33175e-02 | 51 -0.27386  1.79286e-03
 52 -0.53635  9.63013e-03 |
52 variables; iteration 300; function evaluation 364; phase 3
Function value 2.3583822e+03; maximum gradient component mag -7.2514e-04
Var    Value     Gradient |Var    Value     Gradient |Var    Value     Gradient
  1  0.04166 -7.25145e-04 |  2  0.00011  1.08055e-05 |  3  0.04230  1.06669e-05
  4 -0.01587  2.13855e-05 |  5 -0.13767  8.57253e-06 |  6 -0.02273  1.68775e-05
  7 -0.11576  1.07667e-05 |  8 -0.07336  8.07360e-06 |  9  0.00562  7.78530e-06
 10  0.10759  1.02798e-05 | 11 -0.02413  1.20000e-05 | 12  0.01046  3.79110e-06
 13  0.03325 -7.15813e-07 | 14  0.07553 -1.56220e-05 | 15  0.01090 -1.23413e-05
 16 -0.06278 -2.90006e-06 | 17 -0.01207 -7.48821e-06 | 18  0.04501 -1.23558e-05
 19  0.06272 -1.58422e-05 | 20 -0.02487  3.96757e-06 | 21 -0.12044  1.08422e-05
 22 -0.03929  1.20089e-05 | 23  0.03799  1.23835e-06 | 24  0.01783 -5.37309e-06
 25 -0.01439  9.43748e-06 | 26  0.08181 -4.53202e-05 | 27  0.01774 -1.03791e-05
 28  0.03647 -9.64400e-06 | 29 -0.00003 -5.82550e-07 | 30  0.05746 -1.99214e-06
 31  0.02184  7.82306e-06 | 32  0.10399 -1.73491e-05 | 33  0.03285 -1.48103e-05
 34 -0.01767 -8.78575e-06 | 35  0.02556 -1.81773e-07 | 36 -0.14834  1.26914e-05
 37  0.25565 -9.62555e-05 | 38  0.24773  1.34065e-05 | 39  0.25340 -1.01839e-05
 40  0.22474 -1.10300e-04 | 41 -0.06727 -1.81622e-04 | 42 -0.63925 -2.46125e-05
 43  0.36908 -7.41289e-06 | 44 -0.34912  1.93971e-06 | 45  0.06926  7.37839e-05
 46 -0.67225  3.18875e-05 | 47  0.99995 -2.03270e-06 | 48 -0.67205 -3.51489e-06
 49 -0.03764  4.65428e-07 | 50 -0.06055 -2.64885e-04 | 51 -0.27682  3.49378e-06
 52 -0.54040 -2.60371e-05 |
Estimating row 1 out of 52 for hessian
Estimating row 2 out of 52 for hessian
Estimating row 3 out of 52 for hessian
Estimating row 4 out of 52 for hessian
Estimating row 5 out of 52 for hessian
Estimating row 6 out of 52 for hessian
Estimating row 7 out of 52 for hessian
Estimating row 8 out of 52 for hessian
Estimating row 9 out of 52 for hessian
Estimating row 10 out of 52 for hessian
Estimating row 11 out of 52 for hessian
Estimating row 12 out of 52 for hessian
Estimating row 13 out of 52 for hessian
Estimating row 14 out of 52 for hessian
Estimating row 15 out of 52 for hessian
Estimating row 16 out of 52 for hessian
Estimating row 17 out of 52 for hessian
Estimating row 18 out of 52 for hessian
Estimating row 19 out of 52 for hessian
Estimating row 20 out of 52 for hessian
Estimating row 21 out of 52 for hessian
Estimating row 22 out of 52 for hessian
Estimating row 23 out of 52 for hessian
Estimating row 24 out of 52 for hessian
Estimating row 25 out of 52 for hessian
Estimating row 26 out of 52 for hessian
Estimating row 27 out of 52 for hessian
Estimating row 28 out of 52 for hessian
Estimating row 29 out of 52 for hessian
Estimating row 30 out of 52 for hessian
Estimating row 31 out of 52 for hessian
Estimating row 32 out of 52 for hessian
Estimating row 33 out of 52 for hessian
Estimating row 34 out of 52 for hessian
Estimating row 35 out of 52 for hessian
Estimating row 36 out of 52 for hessian
Estimating row 37 out of 52 for hessian
Estimating row 38 out of 52 for hessian
Estimating row 39 out of 52 for hessian
Estimating row 40 out of 52 for hessian
Estimating row 41 out of 52 for hessian
Estimating row 42 out of 52 for hessian
Estimating row 43 out of 52 for hessian
Estimating row 44 out of 52 for hessian
Estimating row 45 out of 52 for hessian
Estimating row 46 out of 52 for hessian
Estimating row 47 out of 52 for hessian
Estimating row 48 out of 52 for hessian
Estimating row 49 out of 52 for hessian
Estimating row 50 out of 52 for hessian
Estimating row 51 out of 52 for hessian
Estimating row 52 out of 52 for hessian
size of file gradfil1.tmp = 0
size of file gradfil2.tmp = 0
size of file varssave.tmp = 0
size of file cmpdiff.tmp = 0
