
Initial statistics: 36 variables; iteration 0; function evaluation 0; phase 1
Function value 1.0970293e+04; maximum gradient component mag -1.4205e+04
Var    Value     Gradient |Var    Value     Gradient |Var    Value     Gradient
  1  0.07891 -1.42046e+04 |  2 -0.00231  2.14325e+02 |  3  0.10148  4.57889e+02
  4 -0.03533  1.20664e+02 |  5 -0.19591  1.12464e+02 |  6 -0.06959  7.10661e+01
  7 -0.06926  2.90719e+02 |  8 -0.05369  2.12282e+02 |  9  0.01823  1.94737e+02
 10  0.16992  3.15368e+02 | 11 -0.06996  1.26425e+02 | 12  0.02806  4.21884e+01
 13  0.03831 -7.57319e+01 | 14  0.06608 -2.30785e+02 | 15  0.00441 -3.90993e+02
 16 -0.04498 -5.17575e+02 | 17  0.03413  1.09826e+02 | 18  0.04957 -2.06737e+01
 19  0.06108 -3.17557e+02 | 20 -0.01089 -8.02659e+01 | 21 -0.20520 -6.65605e+02
 22 -0.04019  1.75932e+02 | 23  0.02797  3.58647e+02 | 24 -0.01097 -3.83097e+02
 25  0.00944 -7.86503e+01 | 26  0.03041 -4.29855e+01 | 27  0.08044  2.26193e+02
 28 -0.01555 -3.73843e+02 | 29 -0.02421 -4.63870e+02 | 30  0.05659  3.24767e+02
 31 -0.00407  5.25687e+02 | 32  0.11348 -1.41760e+02 | 33 -0.02364 -5.23181e+02
 34 -0.04189 -6.18444e+02 | 35  0.07280  3.21239e+01 | 36 -0.04822  1.02452e+03

Intermediate statistics: 36 variables; iteration 20; function evaluation 27; phase 1
Function value 1.0419605e+04; maximum gradient component mag -2.4626e+03
Var    Value     Gradient |Var    Value     Gradient |Var    Value     Gradient
  1  0.08207 -2.46261e+03 |  2 -0.01900  3.13407e+02 |  3 -0.02796  2.31658e+02
  4 -0.03547  3.27484e+02 |  5 -0.16973  2.75380e+02 |  6 -0.02974  3.42973e+02
  7 -0.14858  2.40732e+02 |  8 -0.08024  2.88851e+02 |  9  0.02714  3.13720e+02
 10  0.15075  2.27152e+02 | 11  0.03298  3.08444e+02 | 12  0.19276  3.08881e+02
 13  0.21323  2.93530e+02 | 14  0.06215  8.10952e+01 | 15  0.02554 -4.03053e+01
 16 -0.01796 -1.12943e+02 | 17  0.04213  3.76368e+02 | 18  0.15603  3.69844e+02
 19  0.38123  4.14418e+02 | 20 -0.66608  1.12883e+02 | 21  0.32636  4.45163e+02
 22 -0.12605  3.90627e+02 | 23 -0.00296  5.03025e+02 | 24  0.39402  7.33399e+01
 25 -0.47666  1.41013e+02 | 26  0.20127  4.45082e+02 | 27 -0.03025  6.88064e+01
 28  0.04686  3.43086e+02 | 29  0.01712  1.58011e+02 | 30 -0.04612  5.42743e+01
 31 -0.02316  4.90168e+02 | 32  0.20630  2.31291e+02 | 33 -0.03090 -1.12866e+02
 34 -0.01311 -5.17359e+01 | 35  0.21173  6.61504e+02 | 36 -0.68378  1.56269e+02
36 variables; iteration 40; function evaluation 56; phase 1
Function value 1.0265403e+04; maximum gradient component mag -1.6092e+03
Var    Value     Gradient |Var    Value     Gradient |Var    Value     Gradient
  1  0.08688 -1.60923e+03 |  2 -0.01952  2.03500e+01 |  3  0.00027 -4.36626e+00
  4 -0.02939  8.92227e+00 |  5 -0.14389  6.07152e+00 |  6 -0.02664  4.85882e+00
  7 -0.10260  7.80728e+00 |  8 -0.07018 -1.08381e+01 |  9  0.03865  2.60245e+01
 10  0.16839  1.08407e+01 | 11  0.03406  3.28673e+01 | 12  0.15782 -8.58491e+00
 13  0.14038 -3.23740e+01 | 14  0.06819 -1.83651e+02 | 15  0.03639 -4.45770e+01
 16  0.00302 -4.18056e+01 | 17  0.01010 -3.55477e+01 | 18  0.10594  2.01468e+01
 19  0.32972 -1.26020e+01 | 20 -0.58460 -3.19726e+01 | 21  0.17077 -4.79249e+01
 22 -0.12542 -1.43715e+01 | 23 -0.04972 -3.03124e+01 | 24  0.41721 -4.33911e+01
 25 -0.32919 -8.23406e+01 | 26  0.08015  2.27745e+02 | 27  0.00516 -1.10010e+01
 28  0.01617 -3.48324e+01 | 29  0.00210 -6.07283e+01 | 30 -0.02020 -1.95601e+01
 31 -0.06174  4.24630e+01 | 32  0.15383 -3.81857e+01 | 33  0.00632 -7.00325e+01
 34 -0.00676 -9.23427e+01 | 35  0.13410  2.37346e+01 | 36 -0.69644  2.45927e+01

 - final statistics:
36 variables; iteration 52; function evaluation 68
Function value 1.0220e+04; maximum gradient component mag -4.7013e+00
Exit code = 1;  converg criter 1.0000e+01
Var    Value     Gradient |Var    Value     Gradient |Var    Value     Gradient
  1  0.09501  1.49306e+00 |  2 -0.02378 -3.57368e-01 |  3  0.00819  5.77171e-02
  4 -0.02240 -6.18967e-01 |  5 -0.13396 -3.28782e-01 |  6 -0.01807 -8.32227e-01
  7 -0.09375 -2.06625e-01 |  8 -0.05723  6.03759e-02 |  9  0.02213 -4.95540e-02
 10  0.15056 -1.55108e-01 | 11  0.00314 -8.65952e-01 | 12  0.14407 -6.67450e-01
 13  0.09515 -4.39639e-01 | 14  0.18159  8.78683e-01 | 15  0.00398 -2.80258e+00
 16  0.04310 -4.70127e+00 | 17 -0.00621  1.54384e+00 | 18  0.08230 -1.02629e+00
 19  0.30942 -9.23974e-01 | 20 -0.42478 -9.13715e-01 | 21  0.19079  5.56402e-01
 22 -0.14813  1.19072e+00 | 23 -0.05657  2.83243e+00 | 24  0.31180 -2.20414e+00
 25 -0.09278 -1.62211e+00 | 26  0.03112  5.12386e-02 | 27 -0.00304  2.45402e-01
 28  0.00319  1.81075e+00 | 29 -0.00858 -7.85682e-01 | 30 -0.03035  2.09832e-01
 31 -0.08361 -1.65427e+00 | 32  0.14878 -9.46460e-01 | 33 -0.00378  3.33387e-01
 34 -0.01234 -3.71633e-01 | 35  0.11753  3.71948e+00 | 36 -0.88824  1.23837e+00

Initial statistics: 46 variables; iteration 0; function evaluation 0; phase 2
Function value 1.0220181e+04; maximum gradient component mag -1.7966e+04
Var    Value     Gradient |Var    Value     Gradient |Var    Value     Gradient
  1  0.09501  1.49306e+00 |  2 -0.02378 -2.85976e-01 |  3  0.00820  1.29153e-01
  4 -0.02239 -5.47570e-01 |  5 -0.13396 -2.58917e-01 |  6 -0.01807 -7.60815e-01
  7 -0.09375 -1.35957e-01 |  8 -0.05723  1.31529e-01 |  9  0.02213  2.18443e-02
 10  0.15056 -8.56555e-02 | 11  0.00314 -7.94512e-01 | 12  0.14407 -5.97829e-01
 13  0.09515 -3.68994e-01 | 14  0.18159  9.47237e-01 | 15  0.00398 -2.73114e+00
 16  0.04311 -4.62999e+00 | 17 -0.00621  1.61528e+00 | 18  0.08230 -9.55444e-01
 19  0.30943 -8.60805e-01 | 20 -0.42477 -8.57598e-01 | 21  0.19079  6.24659e-01
 22 -0.14812  1.26024e+00 | 23 -0.05657  2.90359e+00 | 24  0.31180 -2.14109e+00
 25 -0.09278 -1.55143e+00 | 26  0.03112  1.22595e-01 | 27 -0.00304  3.16843e-01
 28  0.00319  1.88219e+00 | 29 -0.00858 -7.14247e-01 | 30 -0.03035  2.81193e-01
 31 -0.08361 -1.58344e+00 | 32  0.14878 -8.76960e-01 | 33 -0.00378  4.04827e-01
 34 -0.01233 -3.00205e-01 | 35  0.11753  3.78971e+00 | 36 -0.88823  1.25097e+00
 37  0.21267  1.95573e+03 | 38  0.35014  1.32545e+04 | 39  0.23585  1.84447e+03
 40  0.25024  1.41689e+03 | 41 -0.06947 -1.21773e+04 | 42 -0.88721  4.95896e+03
 43 -0.07631  2.44837e+02 | 44 -0.06666 -1.79660e+04 | 45 -0.21810 -2.26043e+02
 46 -0.85749  4.81234e+03 |

Intermediate statistics: 46 variables; iteration 20; function evaluation 29; phase 2
Function value 8.1627535e+03; maximum gradient component mag 1.0078e+04
Var    Value     Gradient |Var    Value     Gradient |Var    Value     Gradient
  1  0.01869 -4.32327e+03 |  2  0.03396  2.90164e+02 |  3  0.07597  2.28438e+02
  4  0.03284  3.05286e+02 |  5 -0.06698  3.69716e+02 |  6  0.03326  3.04336e+02
  7 -0.04138  3.58465e+02 |  8 -0.00028  3.33166e+02 |  9  0.09959  3.30097e+02
 10  0.24062  3.42811e+02 | 11  0.10431  3.98172e+02 | 12  0.29001  3.77453e+02
 13  0.27839  3.66072e+02 | 14  0.20230 -4.85828e+02 | 15 -1.04996 -1.20851e+01
 16  0.26966  4.66854e+02 | 17 -0.43914  1.18988e+02 | 18  0.28681  3.18786e+02
 19  0.11473 -2.32517e+02 | 20 -0.18675  2.11801e+02 | 21  0.19678  2.52851e+02
 22 -0.47529  5.55591e+01 | 23 -0.06623 -7.31608e+02 | 24  0.24433  3.42399e+02
 25 -1.10701 -3.26856e+01 | 26  0.25952  6.68846e+02 | 27  0.03063  7.14370e+02
 28  0.18949  5.36313e+02 | 29 -0.05267  2.31774e+02 | 30  0.11235  2.09131e+02
 31 -0.04401  6.36910e+02 | 32  0.28030  4.93851e+02 | 33 -0.17064  2.34422e+02
 34  0.17646  6.71869e+02 | 35  0.10368 -1.20530e+02 | 36 -0.73653  6.29828e+01
 37  0.26113  1.00779e+04 | 38  0.31121  4.14720e+03 | 39  0.27039  1.82221e+03
 40  0.30268  6.19810e+03 | 41  0.06651 -6.81171e+03 | 42 -0.80316  1.96431e+03
 43 -0.15577 -2.48108e+02 | 44  0.06655 -9.65355e+03 | 45 -0.19452  1.00282e+02
 46 -0.80313  1.46486e+03 |
46 variables; iteration 40; function evaluation 52; phase 2
Function value 7.5450827e+03; maximum gradient component mag -8.9588e+03
Var    Value     Gradient |Var    Value     Gradient |Var    Value     Gradient
  1  0.02025 -8.95882e+03 |  2  0.11331  5.38035e+02 |  3  0.08796  3.69505e+02
  4  0.07360  5.10984e+02 |  5 -0.10573  3.41417e+02 |  6 -0.00258  3.47047e+02
  7 -0.11288  3.21968e+02 |  8 -0.05429  3.44285e+02 |  9  0.06363  3.52071e+02
 10  0.15648  1.53322e+02 | 11  0.02212  3.50946e+02 | 12  0.11734  2.97033e+02
 13  0.15547  2.73202e+02 | 14  0.24158 -7.76333e+01 | 15 -0.95994  1.29564e+01
 16  0.28365  5.09940e+02 | 17 -0.59440  1.27085e+02 | 18  0.33499  3.01382e+02
 19  0.16076 -1.33748e+01 | 20 -0.20839  2.17190e+02 | 21  0.19501  2.71387e+02
 22 -0.46247  6.27901e+01 | 23 -0.02044 -9.44594e+02 | 24  0.22206  2.30387e+02
 25 -1.04499 -1.66853e+01 | 26  0.25105  3.50239e+02 | 27  0.03299  5.53735e+02
 28  0.24411  7.05827e+02 | 29 -0.12910  1.34438e+02 | 30  0.19079  3.10579e+02
 31 -0.07529  3.79025e+02 | 32  0.25309  1.56156e+02 | 33  0.05667  2.58178e+02
 34  0.10384  2.64900e+02 | 35  0.10467 -3.84970e+02 | 36 -0.24816  2.64194e+02
 37  0.24287  4.17637e+03 | 38  0.28519  1.96890e+03 | 39  0.23757  3.33735e+02
 40  0.27533  1.94561e+03 | 41  0.03741 -5.00133e+03 | 42 -0.84885  1.05324e+03
 43 -0.06534 -1.55144e+01 | 44  0.09847 -7.18483e+03 | 45 -0.09751  7.65439e+01
 46 -0.77059  1.17573e+03 |
46 variables; iteration 60; function evaluation 77; phase 2
Function value 6.3366776e+03; maximum gradient component mag -4.7308e+03
Var    Value     Gradient |Var    Value     Gradient |Var    Value     Gradient
  1  0.09302 -4.73078e+03 |  2 -0.05632  1.68004e+01 |  3  0.00753  6.27900e+01
  4 -0.02246  7.60398e+01 |  5 -0.14047  6.47548e+01 |  6 -0.01257  6.31106e+01
  7 -0.08649  7.37261e+01 |  8 -0.04386  7.29615e+01 |  9  0.05949  8.96339e+01
 10  0.19475  8.65075e+01 | 11  0.04537  8.07495e+01 | 12  0.20126  9.13904e+01
 13  0.14835  5.55759e+01 | 14  0.06056 -5.46191e+01 | 15 -1.90630 -2.51271e+01
 16  0.12892  3.53763e-01 | 17 -0.08754 -2.24684e+01 | 18  0.29494  1.56477e+02
 19  0.32363  2.64209e+02 | 20  0.04294  1.16499e+02 | 21 -0.06184  2.66152e+01
 22 -0.05781 -2.06702e+01 | 23 -0.07888 -2.80881e+01 | 24  0.08001  1.42129e+01
 25 -0.09558  2.05485e+01 | 26  0.12503 -6.92374e+01 | 27 -0.30722 -2.56108e+02
 28  0.06876 -6.08642e+01 | 29 -0.06076 -3.44477e+01 | 30  0.07373  3.00108e+01
 31 -0.24403 -1.57325e+02 | 32  0.19861  1.02346e+02 | 33  0.03048  3.59717e+01
 34 -0.28047 -1.95299e+02 | 35 -0.03335 -5.63358e+02 | 36 -0.32246 -1.77562e+01
 37  0.20832 -2.76672e+02 | 38  0.24951  3.82814e+02 | 39  0.19936 -2.64670e+02
 40  0.25937 -2.33993e+02 | 41  0.18498 -3.81447e+02 | 42 -0.74782  1.10897e+02
 43 -0.25943 -2.01877e+01 | 44  0.16722 -5.38011e+02 | 45 -0.19679  2.85586e+01
 46 -0.85353  4.30914e+01 |
46 variables; iteration 80; function evaluation 97; phase 2
Function value 6.0376184e+03; maximum gradient component mag -4.5784e+02
Var    Value     Gradient |Var    Value     Gradient |Var    Value     Gradient
  1  0.21089 -4.57843e+02 |  2  0.00582  1.17862e+01 |  3  0.07086  3.91022e+01
  4  0.03788  1.18627e-01 |  5 -0.07751 -3.21930e+00 |  6  0.04198  7.50835e+00
  7 -0.04315 -9.16399e+00 |  8 -0.01030  5.17128e+00 |  9  0.06758  1.51086e+01
 10  0.18916  4.57811e+01 | 11  0.03231  1.15534e+01 | 12  0.15976  5.77975e+00
 13  0.09812 -6.63755e+00 | 14  0.00358 -1.28284e+02 | 15 -1.92967 -1.88301e+01
 16  0.09466 -5.86240e+01 | 17 -0.02138  8.39975e+00 | 18  0.20861  2.15936e+01
 19  0.17278 -1.51751e+01 | 20 -0.03136 -1.27612e+01 | 21 -0.14988 -6.56209e+01
 22 -0.06979  5.76874e-01 | 23 -0.15726 -1.07191e+02 | 24 -0.03011 -5.73623e+01
 25 -0.07072 -1.33237e+01 | 26  0.02250 -2.93251e+01 | 27 -0.03442  5.71265e+01
 28  0.01025  2.49916e+01 | 29 -0.02716  1.38389e+00 | 30  0.03780  8.05855e+01
 31 -0.10017 -2.81853e+01 | 32  0.15712  1.16194e+02 | 33  0.00294  5.00461e+01
 34 -0.10486 -2.67527e+01 | 35 -0.12725 -2.17308e+02 | 36 -0.29951 -2.11692e+01
 37  0.16197  1.68742e+02 | 38  0.19497  5.77789e+01 | 39  0.15817 -7.33981e+00
 40  0.19469 -5.85139e-01 | 41  0.16122  5.70189e+01 | 42 -0.72495  1.50566e+01
 43 -0.26773  5.30473e+01 | 44  0.22639  2.58327e+01 | 45 -0.23919 -3.05942e+01
 46 -1.07740 -7.28711e+00 |
Maximum number of function evaluations exceeded

 - final statistics:
46 variables; iteration 84; function evaluation 100
Function value 6.0133e+03; maximum gradient component mag -2.3151e+02
Exit code = 3;  converg criter 1.0000e+01
Var    Value     Gradient |Var    Value     Gradient |Var    Value     Gradient
  1  0.23100 -2.24185e+02 |  2 -0.01731 -1.29822e+01 |  3  0.03489  5.65092e-01
  4  0.00939 -6.59670e+00 |  5 -0.10882 -1.38906e+01 |  6  0.00468 -1.71425e+01
  7 -0.07409 -9.09283e+00 |  8 -0.05553 -1.73047e+01 |  9  0.01952 -1.30909e+01
 10  0.14492 -2.08600e+01 | 11  0.00200 -1.27649e+01 | 12  0.14560 -9.18016e+00
 13  0.10512 -6.85067e+00 | 14  0.05290 -3.24848e+01 | 15 -1.92118  1.98485e+01
 16  0.12985 -1.75661e+01 | 17 -0.00380 -3.48832e+00 | 18  0.21118 -8.11416e+00
 19  0.19239 -5.94351e+00 | 20 -0.01027  2.16325e+00 | 21 -0.11709 -4.61243e+01
 22 -0.06913 -2.13425e+01 | 23 -0.08859 -5.06273e+01 | 24  0.01511 -1.49665e+01
 25 -0.05786 -3.99053e+00 | 26  0.06669  5.99736e+01 | 27 -0.03591  2.70010e+01
 28  0.01443  9.66000e+00 | 29 -0.00809  1.47214e+01 | 30 -0.00253 -9.92519e+00
 31 -0.04967  4.46845e+01 | 32  0.13023 -7.66825e+00 | 33 -0.00523 -3.73564e+00
 34 -0.10339 -3.39115e+01 | 35 -0.13034 -2.31509e+02 | 36 -0.27706  1.06039e+00
 37  0.15141  1.38133e+02 | 38  0.18281  1.98030e+01 | 39  0.14537  4.78470e+01
 40  0.18483  1.06774e+02 | 41  0.14971 -6.80771e+01 | 42 -0.73266  8.21269e+01
 43 -0.27262 -6.41360e+00 | 44  0.22247 -8.90467e+01 | 45 -0.22764  1.54086e+00
 46 -1.16732 -3.94400e+01 |

Initial statistics: 52 variables; iteration 0; function evaluation 0; phase 3
Function value 6.0131817e+03; maximum gradient component mag -3.1587e+03
Var    Value     Gradient |Var    Value     Gradient |Var    Value     Gradient
  1  0.23100 -2.24185e+02 |  2 -0.01690  1.30284e+00 |  3  0.03530  1.48334e+01
  4  0.00979  7.69199e+00 |  5 -0.10841  1.91480e-01 |  6  0.00509 -2.85250e+00
  7 -0.07369  5.10120e+00 |  8 -0.05512 -3.06884e+00 |  9  0.01992  1.19273e+00
 10  0.14534 -6.93729e+00 | 11  0.00240  1.52533e+00 | 12  0.14601  4.73735e+00
 13  0.10553  7.24450e+00 | 14  0.05331 -1.82428e+01 | 15 -0.07841 -5.66798e+00
 16  0.13027 -3.57157e+00 | 17 -0.00340  1.08018e+01 | 18  0.21161  5.39585e+00
 19  0.19281  7.69764e+00 | 20 -0.00986  1.64519e+01 | 21 -0.11667 -3.20788e+01
 22 -0.06873 -7.13686e+00 | 23 -0.08818 -3.64784e+01 | 24  0.01551 -6.80220e-01
 25 -0.05746  1.02414e+01 | 26  0.06709  7.41806e+01 | 27 -0.03550  4.12701e+01
 28  0.01483  2.39463e+01 | 29 -0.00769  2.90107e+01 | 30 -0.00212  4.36503e+00
 31 -0.04926  5.89343e+01 | 32  0.13064  6.32328e+00 | 33 -0.00483  1.05543e+01
 34 -0.10298 -1.98113e+01 | 35 -0.12992 -2.17546e+02 | 36 -0.27661  1.40232e+01
 37  0.15141  1.38133e+02 | 38  0.18281  1.98030e+01 | 39  0.14537  4.78470e+01
 40  0.18483  1.06774e+02 | 41  0.14971 -6.80771e+01 | 42 -0.73266  8.21269e+01
 43  0.81459 -7.51946e+01 | 44 -0.80278 -1.71277e+01 | 45  0.11792 -3.15865e+03
 46 -0.89706  8.71234e+02 | 47  0.14566 -1.09497e+03 | 48 -0.83901  5.94955e+02
 49 -0.27262 -6.41360e+00 | 50  0.22247 -8.90467e+01 | 51 -0.22764  1.54086e+00
 52 -0.83268  3.94400e+01 |

Intermediate statistics: 52 variables; iteration 20; function evaluation 37; phase 3
Function value 3.9308963e+03; maximum gradient component mag -1.5989e+03
Var    Value     Gradient |Var    Value     Gradient |Var    Value     Gradient
  1  0.29649 -1.39338e+03 |  2 -0.01762  1.31951e+02 |  3  0.03178  1.37397e+02
  4  0.00961  1.36546e+02 |  5 -0.10880  1.27652e+02 |  6  0.01410  1.35845e+02
  7 -0.06821  1.31941e+02 |  8 -0.04375  1.32967e+02 |  9  0.03502  1.35846e+02
 10  0.16587  1.24209e+02 | 11  0.02119  1.25824e+02 | 12  0.16894  1.33957e+02
 13  0.12876  1.31979e+02 | 14  0.09895  1.26553e+02 | 15  0.02486  1.20289e+02
 16 -0.05924  1.44445e+02 | 17 -0.00383  1.27402e+02 | 18  0.13775  1.36149e+02
 19  0.22779  1.64554e+02 | 20  0.00014  1.02574e+02 | 21 -0.03761  7.77443e+01
 22 -0.14651  1.06285e+02 | 23 -0.33084  1.06939e+02 | 24  0.18099  1.35673e+02
 25  0.08082  1.16993e+02 | 26  0.01664  8.32524e+01 | 27 -0.02268  6.26615e+01
 28  0.04789  9.10437e+00 | 29 -0.00371  5.72365e+01 | 30  0.05715  6.31961e+01
 31 -0.03943  8.69514e+01 | 32  0.15902  1.05222e+02 | 33 -0.06050  6.53112e+01
 34 -0.11669  8.90222e+01 | 35 -0.02909  9.81426e+01 | 36 -0.44313  1.03577e+02
 37  0.11547 -1.20518e+03 | 38  0.11141 -5.99215e+02 | 39  0.12295  2.90346e+02
 40  0.11128 -1.59892e+03 | 41  0.18781  1.11851e+02 | 42 -1.09883  7.24547e+00
 43  0.94303 -1.92226e+01 | 44 -0.71996  2.35893e+00 | 45  0.99838 -1.40966e+00
 46 -1.03650 -1.10495e+01 | 47  0.61893 -2.10750e+02 | 48 -0.93795  4.68658e+00
 49 -0.28552 -2.15782e+01 | 50  0.22336  1.82165e+02 | 51 -0.09900  5.95132e+01
 52 -0.82531 -2.59819e+01 |
52 variables; iteration 40; function evaluation 62; phase 3
Function value 3.8966073e+03; maximum gradient component mag -1.1305e+03
Var    Value     Gradient |Var    Value     Gradient |Var    Value     Gradient
  1  0.33706 -7.82317e+02 |  2 -0.00859  2.17905e+00 |  3  0.03746 -6.74244e-01
  4  0.01344 -1.53148e+01 |  5 -0.07958  2.14852e+01 |  6  0.01180 -1.43018e+01
  7 -0.06165  5.53464e+00 |  8 -0.05619 -2.01721e+01 |  9  0.01059 -3.03379e+01
 10  0.15722  1.09404e+01 | 11  0.00357 -2.64486e+01 | 12  0.15225 -1.82417e+01
 13  0.13258  9.78193e+00 | 14  0.09002 -2.28896e+01 | 15  0.03715  2.08210e+01
 16 -0.07895 -9.08329e+00 | 17 -0.00534 -1.15834e+01 | 18  0.10806 -2.96595e+01
 19  0.21245 -7.39651e+00 | 20 -0.01582 -4.43853e+01 | 21 -0.02615 -1.27698e+01
 22 -0.14899 -3.86381e+00 | 23 -0.34305 -9.45788e+00 | 24  0.18948  2.41315e+01
 25  0.05570 -6.55012e+01 | 26  0.00122 -6.06009e+01 | 27 -0.00379 -8.07797e+00
 28  0.05941 -2.77185e+01 | 29 -0.00069 -4.84366e+01 | 30  0.05810 -3.31059e+01
 31 -0.01832 -2.72490e+01 | 32  0.13698 -7.39972e+01 | 33 -0.05592 -2.41301e+01
 34 -0.14952 -5.81830e+01 | 35 -0.04533 -6.48719e+01 | 36 -0.42651  1.39839e+01
 37  0.10215 -2.48981e+02 | 38  0.09729 -2.81748e+02 | 39  0.10029 -1.48809e+02
 40  0.09391 -1.13054e+03 | 41  0.32106 -3.34501e+00 | 42 -0.99926 -1.46780e-01
 43  0.95421 -1.05878e+01 | 44 -0.70452  1.48291e+01 | 45  1.00969  9.39917e+00
 46 -0.98176  5.28153e+00 | 47  0.73039 -1.01096e+02 | 48 -0.91105 -4.68345e-01
 49 -0.38894  2.71100e+01 | 50  0.09741 -3.82080e+01 | 51 -0.15292 -1.02917e+01
 52 -0.69599  1.47053e+01 |
52 variables; iteration 60; function evaluation 89; phase 3
Function value 3.8779809e+03; maximum gradient component mag -1.8804e+02
Var    Value     Gradient |Var    Value     Gradient |Var    Value     Gradient
  1  0.40504 -1.88039e+02 |  2 -0.01517  6.01542e+00 |  3  0.02953  5.42977e+00
  4  0.00891  4.48492e+00 |  5 -0.10664 -2.22930e-01 |  6  0.01212  3.68910e+00
  7 -0.06660  4.26346e+00 |  8 -0.04342  3.54454e+00 |  9  0.02775 -1.44384e+00
 10  0.15885  2.91214e+00 | 11  0.01746 -9.87929e-01 | 12  0.16246  8.01033e+00
 13  0.12240 -2.33510e+00 | 14  0.09230  4.58773e+00 | 15  0.01916  2.45340e-01
 16 -0.08547 -1.84381e+00 | 17 -0.01336 -6.60564e+00 | 18  0.11698 -6.85081e+00
 19  0.21376  1.68046e+00 | 20  0.00659  4.96875e+00 | 21 -0.02505  3.15551e+00
 22 -0.14451  7.99376e-01 | 23 -0.31565  1.81289e+00 | 24  0.16320  2.72615e+00
 25  0.07034  4.87617e+00 | 26  0.01233 -3.63026e+00 | 27 -0.01353 -7.67837e+00
 28  0.06034  3.31144e+00 | 29  0.01005 -4.45170e+00 | 30  0.05948  4.23086e+00
 31 -0.01590 -8.36517e+00 | 32  0.13889 -1.25808e+00 | 33 -0.06138 -7.97202e+00
 34 -0.11185  7.95424e+00 | 35 -0.05645 -2.05302e+00 | 36 -0.47299 -1.95095e+00
 37  0.07650 -1.39048e+02 | 38  0.07235 -1.26379e+02 | 39  0.07701 -1.61365e+01
 40  0.06873 -1.62092e+02 | 41  0.19752  2.35005e+01 | 42 -0.96063  1.48892e+00
 43  1.00819  1.61788e+00 | 44 -0.72966 -4.55094e+00 | 45  0.99616 -3.48806e+00
 46 -0.96951  8.78116e+00 | 47  0.95024 -1.08530e+01 | 48 -0.72264  1.89519e+00
 49 -0.29988  1.73398e+01 | 50  0.18459  1.57490e+01 | 51 -0.14880 -5.40854e-01
 52 -0.70184  8.81018e+00 |
52 variables; iteration 80; function evaluation 109; phase 3
Function value 3.8750485e+03; maximum gradient component mag -9.7166e+00
Var    Value     Gradient |Var    Value     Gradient |Var    Value     Gradient
  1  0.63965 -7.63374e+00 |  2 -0.01620  1.56487e-01 |  3  0.03018  1.57827e-01
  4  0.01024  1.77715e-01 |  5 -0.10267  1.11874e-01 |  6  0.01443  1.13536e-01
  7 -0.06481  1.78742e-01 |  8 -0.04086  1.77519e-01 |  9  0.03279  7.56269e-02
 10  0.16027  6.55971e-02 | 11  0.02005 -1.27066e-02 | 12  0.15977  1.99343e-01
 13  0.12281 -5.62314e-02 | 14  0.09026 -6.32992e-02 | 15  0.01893  1.64446e-02
 16 -0.08396 -3.21645e-01 | 17 -0.00869 -1.57019e-01 | 18  0.11991 -4.64940e-01
 19  0.21092 -1.94190e-01 | 20  0.00334 -4.66085e-02 | 21 -0.02773 -1.61197e-01
 22 -0.14588  4.77297e-02 | 23 -0.31514  3.50856e-02 | 24  0.15975  1.28338e-01
 25  0.06645  1.32732e-01 | 26  0.01166 -7.74018e-02 | 27 -0.01052 -2.20231e-01
 28  0.05458 -8.03224e-02 | 29  0.01001 -1.25754e-01 | 30  0.05551 -1.17271e-01
 31 -0.01092 -2.37279e-01 | 32  0.13461 -4.00008e-01 | 33 -0.06070 -1.51755e-01
 34 -0.12054 -9.81318e-02 | 35 -0.05705  3.24719e-02 | 36 -0.46479  1.08491e-01
 37  0.00618 -9.71656e+00 | 38  0.00239 -9.16196e+00 | 39  0.00653 -2.56592e+00
 40 -0.00123 -3.99840e+00 | 41  0.04748 -1.36697e+00 | 42 -0.96470 -1.32110e-02
 43  0.99917 -7.77343e-03 | 44 -0.72174 -2.11038e-01 | 45  0.99821 -1.47955e+00
 46 -0.99908  4.24859e-02 | 47  0.99448 -8.38361e-01 | 48 -0.72747  6.97591e-01
 49 -0.19687  3.96606e-02 | 50  0.29063 -1.82676e+00 | 51 -0.15329  1.54560e-01
 52 -0.71002  1.83566e-01 |
52 variables; iteration 100; function evaluation 133; phase 3
Function value 3.8749349e+03; maximum gradient component mag -1.7245e+01
Var    Value     Gradient |Var    Value     Gradient |Var    Value     Gradient
  1  0.76555 -7.91201e+00 |  2 -0.01619  1.59643e-01 |  3  0.03019  1.35936e-01
  4  0.01026  1.31766e-01 |  5 -0.10260  1.67300e-01 |  6  0.01450  1.46001e-01
  7 -0.06476  1.48034e-01 |  8 -0.04078  1.73827e-01 |  9  0.03297  2.50617e-01
 10  0.16033  4.52050e-02 | 11  0.02020  1.67439e-01 | 12  0.15970  2.17491e-02
 13  0.12284  3.48783e-02 | 14  0.09025 -9.46308e-02 | 15  0.01897  3.27392e-02
 16 -0.08376 -1.32551e-01 | 17 -0.00860 -4.05485e-02 | 18  0.12005 -2.57166e-01
 19  0.21085 -2.71445e-01 | 20  0.00330 -1.01004e-01 | 21 -0.02773 -3.07147e-01
 22 -0.14570 -3.54321e-03 | 23 -0.31439  1.32438e-01 | 24  0.15919 -5.29252e-02
 25  0.06614 -2.76424e-01 | 26  0.01162 -3.78802e-01 | 27 -0.01046 -3.05858e-01
 28  0.05437 -7.59763e-01 | 29  0.00994 -3.18716e-01 | 30  0.05542 -6.06925e-01
 31 -0.01082 -2.42677e-01 | 32  0.13448 -1.10736e+00 | 33 -0.06075 -2.40417e-01
 34 -0.12061 -3.66192e-01 | 35 -0.05732 -7.18690e-01 | 36 -0.46530 -5.29127e-02
 37 -0.01900 -1.72454e+01 | 38 -0.02278 -1.09551e+01 | 39 -0.01864 -3.85282e+00
 40 -0.02641 -1.46596e+01 | 41 -0.07059 -2.65578e-01 | 42 -0.95479 -5.33078e-02
 43  0.99969  1.19425e-03 | 44 -0.72130  1.46361e-02 | 45  1.00004  2.72283e-02
 46 -1.00336 -5.85979e-01 | 47  0.99695 -2.80395e-01 | 48 -0.73197  1.26475e-01
 49 -0.11337 -6.36246e-02 | 50  0.38494 -2.64464e-01 | 51 -0.15426  4.44771e-02
 52 -0.71209 -7.05062e-02 |
52 variables; iteration 120; function evaluation 156; phase 3
Function value 3.8749060e+03; maximum gradient component mag -8.2963e+00
Var    Value     Gradient |Var    Value     Gradient |Var    Value     Gradient
  1  0.85964 -1.89268e+00 |  2 -0.01617  1.53704e-01 |  3  0.03024  2.17956e-01
  4  0.01030  1.90817e-01 |  5 -0.10259  1.48665e-01 |  6  0.01450  1.97477e-01
  7 -0.06476  1.68234e-01 |  8 -0.04083  1.53217e-01 |  9  0.03284  1.42422e-01
 10  0.16028  1.38514e-01 | 11  0.02011  1.18230e-01 | 12  0.15968  1.23859e-01
 13  0.12278  1.06955e-02 | 14  0.09025  5.52893e-02 | 15  0.01894  8.69210e-02
 16 -0.08352  2.58549e-01 | 17 -0.00873  3.46803e-02 | 18  0.12013  7.50889e-02
 19  0.21078 -7.58897e-02 | 20  0.00332  1.37020e-01 | 21 -0.02769  5.73480e-02
 22 -0.14571  9.92021e-02 | 23 -0.31430  1.73411e-01 | 24  0.15908  5.22051e-02
 25  0.06611 -5.92745e-03 | 26  0.01163 -3.12096e-02 | 27 -0.01058 -8.57002e-02
 28  0.05444 -1.43394e-01 | 29  0.00992 -3.15651e-02 | 30  0.05551 -4.86296e-02
 31 -0.01089 -3.25678e-02 | 32  0.13450 -3.19675e-01 | 33 -0.06074  4.93611e-02
 34 -0.12051  6.37312e-02 | 35 -0.05726 -1.17169e-01 | 36 -0.46493  1.32371e-01
 37 -0.03110 -8.29633e+00 | 38 -0.03487 -2.74078e+00 | 39 -0.03072 -8.04863e-01
 40 -0.03851 -5.84186e+00 | 41 -0.16843  2.49889e-01 | 42 -0.93957 -5.22822e-02
 43  1.00206  1.34213e-01 | 44 -0.72132  1.02222e-02 | 45  1.00003  1.76808e-02
 46 -0.99915  3.61374e-02 | 47  0.99811 -7.63455e-02 | 48 -0.73379 -6.04332e-02
 49 -0.04674  4.68585e-01 | 50  0.46933 -6.54231e-02 | 51 -0.15611 -3.03915e-01
 52 -0.71576  6.11853e-02 |
52 variables; iteration 140; function evaluation 179; phase 3
Function value 3.8748970e+03; maximum gradient component mag 8.5897e-01
Var    Value     Gradient |Var    Value     Gradient |Var    Value     Gradient
  1  0.93260 -3.34552e-02 |  2 -0.01617  5.71498e-02 |  3  0.03023  7.07409e-02
  4  0.01029  6.33046e-02 |  5 -0.10258  6.16303e-02 |  6  0.01451  7.81891e-02
  7 -0.06475  6.65829e-02 |  8 -0.04082  5.96811e-02 |  9  0.03285  3.21225e-02
 10  0.16028  6.07166e-02 | 11  0.02012  4.91216e-02 | 12  0.15968  5.90013e-02
 13  0.12279  4.19949e-02 | 14  0.09026  5.23686e-02 | 15  0.01894  6.03944e-02
 16 -0.08358  1.35164e-01 | 17 -0.00872  3.96907e-02 | 18  0.12010  8.29095e-02
 19  0.21078  3.45874e-02 | 20  0.00328  5.17731e-02 | 21 -0.02770  8.30347e-02
 22 -0.14575  6.46944e-02 | 23 -0.31440  5.62383e-02 | 24  0.15913  5.98177e-02
 25  0.06612  5.68621e-02 | 26  0.01164  8.58686e-02 | 27 -0.01058  4.89913e-02
 28  0.05444  9.08631e-02 | 29  0.00991  5.51092e-02 | 30  0.05551  9.21891e-02
 31 -0.01088  5.77206e-02 | 32  0.13450  7.08156e-02 | 33 -0.06076  7.00384e-02
 34 -0.12054  9.94618e-02 | 35 -0.05722  1.17947e-01 | 36 -0.46480  1.09988e-01
 37 -0.03636 -7.05374e-01 | 38 -0.04013  8.58974e-01 | 39 -0.03597  4.08177e-01
 40 -0.04377  1.86565e-01 | 41 -0.24158  8.38391e-02 | 42 -0.91708 -7.42431e-03
 43  0.99952  7.51376e-04 | 44 -0.72137 -6.97685e-03 | 45  1.00003  2.35958e-02
 46 -0.99980  3.91368e-03 | 47  0.99854 -2.75895e-02 | 48 -0.73431 -1.06633e-01
 49  0.00093  9.62132e-02 | 50  0.53715  2.81511e-02 | 51 -0.15944 -7.52882e-02
 52 -0.72353  6.63873e-02 |
52 variables; iteration 160; function evaluation 201; phase 3
Function value 3.8748948e+03; maximum gradient component mag -1.0351e+00
Var    Value     Gradient |Var    Value     Gradient |Var    Value     Gradient
  1  0.97431 -6.22978e-02 |  2 -0.01617  1.87782e-02 |  3  0.03023  2.38547e-03
  4  0.01030  1.12466e-02 |  5 -0.10257  2.07858e-02 |  6  0.01452  6.83419e-03
  7 -0.06475  1.60236e-02 |  8 -0.04080  1.95674e-02 |  9  0.03289  1.48137e-02
 10  0.16030 -1.79195e-03 | 11  0.02013  7.77678e-03 | 12  0.15970  9.91220e-03
 13  0.12280  1.53815e-02 | 14  0.09026  1.17016e-02 | 15  0.01894 -1.94389e-04
 16 -0.08365 -1.13929e-02 | 17 -0.00868  2.56401e-03 | 18  0.12008 -1.43013e-02
 19  0.21080 -1.46991e-02 | 20  0.00329 -1.10082e-02 | 21 -0.02771 -9.06634e-03
 22 -0.14577 -3.91625e-03 | 23 -0.31446  4.35631e-03 | 24  0.15917  9.78713e-03
 25  0.06615  9.48384e-04 | 26  0.01163 -1.00132e-02 | 27 -0.01056 -1.48899e-02
 28  0.05443 -2.12293e-02 | 29  0.00992 -1.00367e-02 | 30  0.05549 -1.16954e-02
 31 -0.01087 -7.88082e-03 | 32  0.13449 -4.47593e-02 | 33 -0.06077 -1.85948e-02
 34 -0.12056 -2.64729e-03 | 35 -0.05725 -4.82721e-03 | 36 -0.46489  2.84789e-02
 37 -0.03772 -1.03512e+00 | 38 -0.04149 -4.98108e-01 | 39 -0.03734 -1.48760e-01
 40 -0.04513 -3.93791e-01 | 41 -0.27987 -1.17790e-01 | 42 -0.89413  2.02623e-02
 43  0.99922 -5.79612e-03 | 44 -0.72137 -4.91841e-03 | 45  1.00003  2.12078e-02
 46 -0.99942  1.77011e-02 | 47  1.00143  2.61277e-02 | 48 -0.73343 -1.00172e-02
 49  0.02506 -1.30457e-01 | 50  0.57471 -3.08788e-02 | 51 -0.16395  1.11883e-01
 52 -0.73436  1.83617e-02 |
52 variables; iteration 180; function evaluation 223; phase 3
Function value 3.8748943e+03; maximum gradient component mag -1.1029e+00
Var    Value     Gradient |Var    Value     Gradient |Var    Value     Gradient
  1  1.00173  4.57442e-03 |  2 -0.01617  1.16848e-02 |  3  0.03023  1.78205e-02
  4  0.01030  1.33897e-02 |  5 -0.10257  1.18964e-02 |  6  0.01451  1.55435e-02
  7 -0.06475  1.10586e-02 |  8 -0.04080  1.15400e-02 |  9  0.03288  1.21459e-02
 10  0.16030  1.05224e-02 | 11  0.02014  8.97608e-03 | 12  0.15969  6.27488e-03
 13  0.12280 -6.54038e-03 | 14  0.09026 -3.59283e-03 | 15  0.01894  3.12353e-03
 16 -0.08363  1.53041e-02 | 17 -0.00869 -3.64764e-03 | 18  0.12009 -2.46789e-03
 19  0.21080 -1.75244e-02 | 20  0.00330  3.70927e-03 | 21 -0.02771 -3.23903e-03
 22 -0.14575  2.50135e-03 | 23 -0.31441  1.15154e-02 | 24  0.15915 -5.54425e-04
 25  0.06614 -9.25889e-03 | 26  0.01162 -1.60199e-02 | 27 -0.01056 -1.58579e-02
 28  0.05442 -2.75143e-02 | 29  0.00992 -1.22148e-02 | 30  0.05549 -2.15113e-02
 31 -0.01087 -1.03824e-02 | 32  0.13449 -5.21451e-02 | 33 -0.06076  2.58051e-03
 34 -0.12055 -6.31722e-03 | 35 -0.05726 -3.24028e-02 | 36 -0.46495  3.81116e-03
 37 -0.03795 -1.10291e+00 | 38 -0.04172 -4.56019e-01 | 39 -0.03757 -1.89544e-01
 40 -0.04536 -6.92516e-01 | 41 -0.30203  6.31181e-02 | 42 -0.87215 -7.71405e-03
 43  1.00054 -3.60787e-05 | 44 -0.72136  1.03435e-03 | 45  0.99998 -1.25391e-02
 46 -0.99949  1.44857e-02 | 47  1.00112  4.59445e-03 | 48 -0.73337 -2.93875e-03
 49  0.03877  7.09856e-02 | 50  0.59732  2.49299e-02 | 51 -0.16947 -3.75289e-02
 52 -0.74766  1.85417e-02 |
52 variables; iteration 200; function evaluation 251; phase 3
Function value 3.8748942e+03; maximum gradient component mag -6.3563e-01
Var    Value     Gradient |Var    Value     Gradient |Var    Value     Gradient
  1  1.00340  5.91665e-03 |  2 -0.01617  1.14841e-02 |  3  0.03023 -5.10896e-04
  4  0.01030  6.20877e-03 |  5 -0.10258  6.98293e-03 |  6  0.01452  2.97244e-03
  7 -0.06475  8.91119e-03 |  8 -0.04080  9.93798e-03 |  9  0.03289  9.28985e-03
 10  0.16030 -4.44012e-03 | 11  0.02013  7.05585e-03 | 12  0.15970  5.43477e-03
 13  0.12281  2.47638e-02 | 14  0.09026  5.19109e-03 | 15  0.01894  7.05621e-03
 16 -0.08364 -2.88607e-03 | 17 -0.00868  3.00676e-03 | 18  0.12008 -2.90904e-03
 19  0.21080  2.51547e-04 | 20  0.00330 -3.17825e-04 | 21 -0.02772 -1.50146e-02
 22 -0.14575  1.35466e-02 | 23 -0.31442  6.93881e-03 | 24  0.15916  2.18268e-03
 25  0.06614 -7.14607e-03 | 26  0.01163  9.21192e-04 | 27 -0.01055 -6.49330e-03
 28  0.05442 -1.98573e-02 | 29  0.00992 -6.73719e-03 | 30  0.05549 -7.41929e-03
 31 -0.01087 -6.58839e-03 | 32  0.13449 -3.02562e-02 | 33 -0.06077 -2.24034e-02
 34 -0.12056 -8.82337e-03 | 35 -0.05726 -1.97870e-02 | 36 -0.46493  6.37788e-03
 37 -0.03794 -3.21256e-01 | 38 -0.04172 -1.48205e-01 | 39 -0.03756 -1.09113e-02
 40 -0.04536 -6.35627e-01 | 41 -0.29871 -1.37327e-01 | 42 -0.86535  7.02933e-02
 43  0.99918 -7.21048e-03 | 44 -0.72136 -9.70851e-04 | 45  1.00002  1.36287e-02
 46 -0.99938  2.03490e-02 | 47  0.99868 -1.73515e-02 | 48 -0.73334  3.99926e-04
 49  0.03672 -1.13751e-01 | 50  0.59386 -5.96251e-02 | 51 -0.17129  1.02023e-01
 52 -0.75237  6.87442e-02 |
52 variables; iteration 220; function evaluation 273; phase 3
Function value 3.8748938e+03; maximum gradient component mag 3.0322e-01
Var    Value     Gradient |Var    Value     Gradient |Var    Value     Gradient
  1  0.99175 -6.40533e-03 |  2 -0.01617 -4.16899e-03 |  3  0.03023  7.91099e-04
  4  0.01030 -3.20930e-03 |  5 -0.10257 -1.36516e-03 |  6  0.01452 -1.66406e-03
  7 -0.06475 -4.03907e-03 |  8 -0.04080 -2.78256e-03 |  9  0.03288 -4.14924e-03
 10  0.16030  4.92870e-03 | 11  0.02014 -2.67475e-04 | 12  0.15969 -8.53611e-03
 13  0.12280 -1.32904e-02 | 14  0.09026 -5.75244e-03 | 15  0.01894 -4.16626e-03
 16 -0.08364  1.42776e-03 | 17 -0.00868  1.63593e-03 | 18  0.12008 -5.53456e-03
 19  0.21080 -1.67196e-02 | 20  0.00329 -7.19417e-03 | 21 -0.02771  8.70393e-03
 22 -0.14575  9.44987e-04 | 23 -0.31443  3.92000e-03 | 24  0.15916 -5.43533e-03
 25  0.06614  1.94544e-03 | 26  0.01162 -2.51375e-03 | 27 -0.01056  3.95592e-03
 28  0.05442  6.01919e-03 | 29  0.00992  2.84895e-04 | 30  0.05549 -2.42355e-03
 31 -0.01087  1.66459e-03 | 32  0.13449 -1.77419e-03 | 33 -0.06076  1.13999e-02
 34 -0.12055  8.62079e-03 | 35 -0.05726  1.56469e-02 | 36 -0.46494 -2.00567e-03
 37 -0.03792  6.10399e-02 | 38 -0.04170 -6.30795e-02 | 39 -0.03754 -3.23650e-02
 40 -0.04533  3.03223e-01 | 41 -0.25239 -9.83430e-02 | 42 -0.83140  9.10788e-02
 43  1.00094  1.22282e-02 | 44 -0.72136  7.60274e-04 | 45  1.00011  8.84257e-02
 46 -0.99937  2.06340e-02 | 47  0.99905  2.57688e-03 | 48 -0.73337 -1.29266e-03
 49  0.00783  6.19464e-02 | 50  0.54755 -1.36552e-01 | 51 -0.18226  2.91559e-03
 52 -0.78170  9.03246e-02 |
52 variables; iteration 240; function evaluation 296; phase 3
Function value 3.8748937e+03; maximum gradient component mag 2.1020e-01
Var    Value     Gradient |Var    Value     Gradient |Var    Value     Gradient
  1  0.98571 -9.25700e-03 |  2 -0.01617 -7.88481e-04 |  3  0.03023 -2.67815e-03
  4  0.01030 -1.16301e-03 |  5 -0.10257 -1.22930e-03 |  6  0.01451 -2.24293e-03
  7 -0.06475 -3.59067e-04 |  8 -0.04080 -7.16581e-04 |  9  0.03288 -7.28687e-04
 10  0.16030 -1.90884e-03 | 11  0.02013 -4.54711e-04 | 12  0.15969  1.16030e-03
 13  0.12280  5.23714e-03 | 14  0.09026  2.37822e-03 | 15  0.01894  1.06011e-03
 16 -0.08364 -2.01092e-03 | 17 -0.00869  1.30204e-03 | 18  0.12008  1.92052e-03
 19  0.21080  6.38237e-03 | 20  0.00330  5.31928e-04 | 21 -0.02771  1.89018e-04
 22 -0.14575  1.22193e-03 | 23 -0.31442 -1.93928e-03 | 24  0.15915  2.56903e-03
 25  0.06614  2.73993e-03 | 26  0.01163  4.87435e-03 | 27 -0.01056  3.43063e-03
 28  0.05442  6.09306e-03 | 29  0.00992  2.80320e-03 | 30  0.05549  5.44654e-03
 31 -0.01087  2.03419e-03 | 32  0.13449  1.22214e-02 | 33 -0.06076 -1.60782e-03
 34 -0.12055  1.62983e-03 | 35 -0.05726  5.92860e-03 | 36 -0.46493  6.00586e-04
 37 -0.03787  2.10201e-01 | 38 -0.04165  9.62204e-02 | 39 -0.03750  4.96648e-02
 40 -0.04529  1.00400e-01 | 41 -0.21441 -5.54568e-03 | 42 -0.80608  1.85330e-02
 43  0.99958  1.25662e-03 | 44 -0.72136  2.84139e-04 | 45  0.99999  4.45987e-03
 46 -1.00010 -1.00223e-03 | 47  0.99898 -1.62141e-04 | 48 -0.73335  1.17628e-03
 49 -0.01657 -2.68494e-02 | 50  0.51140  1.70911e-02 | 51 -0.19203  1.61926e-02
 52 -0.81157  5.59063e-03 |
52 variables; iteration 260; function evaluation 322; phase 3
Function value 3.8748937e+03; maximum gradient component mag 3.9572e-01
Var    Value     Gradient |Var    Value     Gradient |Var    Value     Gradient
  1  0.99322 -2.61475e-03 |  2 -0.01617 -5.61873e-03 |  3  0.03023 -7.33528e-03
  4  0.01030 -6.50150e-03 |  5 -0.10257 -5.47138e-03 |  6  0.01452 -6.77187e-03
  7 -0.06475 -5.61467e-03 |  8 -0.04080 -5.26612e-03 |  9  0.03288 -5.87722e-03
 10  0.16030 -4.30389e-03 | 11  0.02014 -4.17617e-03 | 12  0.15969 -4.11022e-03
 13  0.12280  1.14577e-03 | 14  0.09026 -1.14172e-03 | 15  0.01894 -1.68745e-03
 16 -0.08364 -5.14823e-03 | 17 -0.00868 -4.60501e-04 | 18  0.12008  2.35112e-04
 19  0.21080  3.39340e-03 | 20  0.00330 -4.21966e-03 | 21 -0.02771 -5.82203e-04
 22 -0.14575 -7.23258e-04 | 23 -0.31443 -5.09180e-03 | 24  0.15916 -9.65612e-04
 25  0.06614  8.75290e-04 | 26  0.01163  4.45886e-03 | 27 -0.01056  5.18555e-03
 28  0.05442  8.23825e-03 | 29  0.00992  2.32766e-03 | 30  0.05549  4.85479e-03
 31 -0.01087  2.59370e-03 | 32  0.13449  1.37948e-02 | 33 -0.06076 -1.20897e-03
 34 -0.12055  3.90913e-04 | 35 -0.05726  7.13094e-03 | 36 -0.46494 -2.50054e-03
 37 -0.03793  3.95717e-01 | 38 -0.04170  1.63076e-01 | 39 -0.03755  5.36293e-02
 40 -0.04534  2.14121e-01 | 41 -0.21985 -3.03171e-02 | 42 -0.80093  2.58859e-02
 43  0.99942 -6.65841e-04 | 44 -0.72136 -5.35461e-05 | 45  0.99999  5.00308e-03
 46 -0.99983  3.08720e-03 | 47  0.99897 -3.85757e-04 | 48 -0.73336  1.97346e-04
 49 -0.01305 -1.46563e-02 | 50  0.51648 -1.77079e-02 | 51 -0.19418  1.58678e-02
 52 -0.81874  9.07232e-03 |
52 variables; iteration 280; function evaluation 347; phase 3
Function value 3.8748937e+03; maximum gradient component mag 7.5867e-01
Var    Value     Gradient |Var    Value     Gradient |Var    Value     Gradient
  1  0.99426  1.49588e-03 |  2 -0.01617 -7.30334e-03 |  3  0.03023 -7.45975e-03
  4  0.01030 -6.51939e-03 |  5 -0.10257 -8.07201e-03 |  6  0.01451 -7.61190e-03
  7 -0.06475 -6.88686e-03 |  8 -0.04080 -7.70110e-03 |  9  0.03288 -5.96669e-03
 10  0.16030 -3.24808e-03 | 11  0.02013 -4.22518e-03 | 12  0.15969 -2.68250e-03
 13  0.12280  2.80382e-03 | 14  0.09026  3.52770e-03 | 15  0.01894 -1.53788e-04
 16 -0.08364 -3.32101e-03 | 17 -0.00868  4.74497e-03 | 18  0.12008  7.60345e-03
 19  0.21080  1.50538e-02 | 20  0.00330  4.02973e-03 | 21 -0.02771  6.38895e-03
 22 -0.14575  4.44747e-04 | 23 -0.31441 -4.44229e-03 | 24  0.15915  1.41867e-04
 25  0.06614  7.55493e-03 | 26  0.01162  1.27851e-02 | 27 -0.01056  1.25455e-02
 28  0.05442  2.17451e-02 | 29  0.00992  1.15401e-02 | 30  0.05549  1.78495e-02
 31 -0.01087  9.24656e-03 | 32  0.13449  4.24324e-02 | 33 -0.06076  4.51697e-03
 34 -0.12055  8.21408e-03 | 35 -0.05726  2.26806e-02 | 36 -0.46494 -5.59017e-03
 37 -0.03793  7.58675e-01 | 38 -0.04171  3.51108e-01 | 39 -0.03755  1.39823e-01
 40 -0.04534  4.99074e-01 | 41 -0.22216  2.03697e-03 | 42 -0.80413  4.08009e-03
 43  1.00075  4.76620e-03 | 44 -0.72136  1.69705e-03 | 45  0.99999  9.59229e-04
 46 -0.99998 -4.08372e-03 | 47  0.99897 -5.98498e-04 | 48 -0.73333  3.42343e-03
 49 -0.01155 -1.59975e-02 | 50  0.51867  1.76466e-02 | 51 -0.19284  6.06164e-03
 52 -0.81425 -2.47409e-03 |
52 variables; iteration 300; function evaluation 372; phase 3
Function value 3.8748934e+03; maximum gradient component mag -5.5930e-01
Var    Value     Gradient |Var    Value     Gradient |Var    Value     Gradient
  1  0.99953 -8.21297e-04 |  2 -0.01617 -1.14559e-02 |  3  0.03023 -1.62451e-02
  4  0.01029 -1.84381e-02 |  5 -0.10257 -5.03605e-03 |  6  0.01452 -1.25764e-02
  7 -0.06474 -1.16576e-02 |  8 -0.04079 -6.09292e-03 |  9  0.03288 -1.97229e-02
 10  0.16030 -1.19504e-02 | 11  0.02014 -1.53331e-02 | 12  0.15970 -1.49906e-02
 13  0.12280 -1.64602e-02 | 14  0.09026 -2.83106e-02 | 15  0.01894 -1.39378e-02
 16 -0.08364 -2.02284e-02 | 17 -0.00869 -3.11330e-02 | 18  0.12008 -3.35843e-02
 19  0.21080 -3.75023e-02 | 20  0.00328 -4.69049e-02 | 21 -0.02772 -2.60165e-02
 22 -0.14577 -1.55649e-02 | 23 -0.31449 -2.37952e-02 | 24  0.15919 -2.87633e-03
 25  0.06615 -2.40918e-02 | 26  0.01163 -2.79150e-02 | 27 -0.01055 -1.97898e-02
 28  0.05443 -2.97584e-02 | 29  0.00992 -3.44277e-02 | 30  0.05549 -4.41025e-02
 31 -0.01086 -2.21282e-02 | 32  0.13449 -7.77993e-02 | 33 -0.06076 -1.78757e-02
 34 -0.12056 -3.45594e-02 | 35 -0.05726 -4.90054e-02 | 36 -0.46491  3.45155e-03
 37 -0.03795 -5.39630e-01 | 38 -0.04172 -3.90608e-01 | 39 -0.03757 -2.61300e-01
 40 -0.04536 -5.59302e-01 | 41 -0.15380 -5.51711e-02 | 42 -0.81397  3.32096e-02
 43  1.00053 -2.04189e-04 | 44 -0.72138 -8.64597e-03 | 45  1.00005  3.82907e-02
 46 -0.99985  2.46891e-03 | 47  0.99896 -7.78077e-04 | 48 -0.73347 -1.49368e-02
 49 -0.05655  3.69131e-02 | 50  0.45627 -8.68567e-02 | 51 -0.18883  8.49738e-03
 52 -0.80137  2.26643e-02 |
52 variables; iteration 320; function evaluation 399; phase 3
Function value 3.8748932e+03; maximum gradient component mag -1.4089e+00
Var    Value     Gradient |Var    Value     Gradient |Var    Value     Gradient
  1  1.00307  1.02538e-02 |  2 -0.01617  2.06170e-02 |  3  0.03023  1.56529e-02
  4  0.01030  1.79457e-02 |  5 -0.10257  2.24730e-02 |  6  0.01452  1.84456e-02
  7 -0.06475  2.21918e-02 |  8 -0.04080  2.24510e-02 |  9  0.03288  1.86732e-02
 10  0.16030  7.09669e-03 | 11  0.02014  1.57546e-02 | 12  0.15970  1.80783e-02
 13  0.12280  1.31966e-02 | 14  0.09026  2.52557e-03 | 15  0.01894  6.00685e-03
 16 -0.08364 -2.56346e-04 | 17 -0.00869 -5.74630e-03 | 18  0.12008 -1.26928e-02
 19  0.21080 -8.37453e-03 | 20  0.00329 -3.20758e-03 | 21 -0.02771 -1.14742e-02
 22 -0.14575 -1.81469e-03 | 23 -0.31444  3.39758e-03 | 24  0.15916  1.55297e-02
 25  0.06614 -6.69621e-03 | 26  0.01163 -1.94891e-02 | 27 -0.01055 -2.15187e-02
 28  0.05442 -3.79345e-02 | 29  0.00992 -1.96300e-02 | 30  0.05549 -2.85524e-02
 31 -0.01087 -1.57933e-02 | 32  0.13449 -6.46746e-02 | 33 -0.06076 -1.44464e-02
 34 -0.12055 -1.74899e-02 | 35 -0.05726 -4.05004e-02 | 36 -0.46493  1.57722e-02
 37 -0.03794 -1.40893e+00 | 38 -0.04172 -7.20251e-01 | 39 -0.03757 -2.24040e-01
 40 -0.04536 -1.05657e+00 | 41 -0.08116  1.18888e-01 | 42 -0.83218 -2.38725e-02
 43  0.99890 -2.18792e-02 | 44 -0.72136 -3.63272e-03 | 45  0.99996 -3.01127e-02
 46 -1.00017 -2.97562e-03 | 47  0.99902  1.62968e-03 | 48 -0.73337 -3.92796e-03
 49 -0.10606 -5.02822e-02 | 50  0.39382  1.85855e-01 | 51 -0.18201  9.05433e-03
 52 -0.78109 -2.43387e-02 |
52 variables; iteration 340; function evaluation 421; phase 3
Function value 3.8748932e+03; maximum gradient component mag -2.3218e-01
Var    Value     Gradient |Var    Value     Gradient |Var    Value     Gradient
  1  0.99872 -1.63567e-03 |  2 -0.01617  3.21838e-03 |  3  0.03023  4.59813e-03
  4  0.01030  3.81844e-03 |  5 -0.10257  3.14811e-03 |  6  0.01452  4.60214e-03
  7 -0.06475  3.21253e-03 |  8 -0.04080  3.30037e-03 |  9  0.03288  3.71153e-03
 10  0.16030  2.82544e-03 | 11  0.02014  2.35591e-03 | 12  0.15969  8.08862e-04
 13  0.12280 -6.89619e-04 | 14  0.09026  7.39914e-04 | 15  0.01894  1.95430e-03
 16 -0.08364  2.91011e-03 | 17 -0.00868  1.12363e-03 | 18  0.12009 -1.67065e-03
 19  0.21080 -4.25290e-03 | 20  0.00330  1.25753e-03 | 21 -0.02771 -1.16619e-03
 22 -0.14575  2.64653e-03 | 23 -0.31442  4.76844e-03 | 24  0.15915 -3.42294e-04
 25  0.06614 -8.58326e-04 | 26  0.01162 -1.43678e-03 | 27 -0.01056 -2.04551e-03
 28  0.05442 -6.24792e-03 | 29  0.00992 -1.64415e-03 | 30  0.05549 -3.78204e-03
 31 -0.01087 -8.73830e-04 | 32  0.13449 -1.21914e-02 | 33 -0.06076 -8.87753e-04
 34 -0.12055  2.40849e-04 | 35 -0.05726 -3.30094e-03 | 36 -0.46494  2.98719e-03
 37 -0.03794 -2.32182e-01 | 38 -0.04172 -1.07374e-01 | 39 -0.03757 -2.94884e-02
 40 -0.04536 -1.58649e-01 | 41 -0.04597 -1.58917e-02 | 42 -0.83820 -2.12215e-02
 43  1.00026 -1.71441e-03 | 44 -0.72136 -1.03650e-04 | 45  1.00001 -9.13828e-04
 46 -0.99996 -1.24701e-03 | 47  0.99899  1.69044e-04 | 48 -0.73335 -2.25528e-04
 49 -0.13054  1.73654e-02 | 50  0.36470 -3.26365e-02 | 51 -0.17990 -1.07469e-02
 52 -0.77516 -1.45493e-02 |
52 variables; iteration 360; function evaluation 443; phase 3
Function value 3.8748931e+03; maximum gradient component mag -3.4895e-01
Var    Value     Gradient |Var    Value     Gradient |Var    Value     Gradient
  1  1.00205  3.01295e-03 |  2 -0.01617  4.75077e-03 |  3  0.03023  6.88206e-03
  4  0.01030  5.71376e-03 |  5 -0.10257  4.34319e-03 |  6  0.01451  6.65584e-03
  7 -0.06475  4.52386e-03 |  8 -0.04080  4.41851e-03 |  9  0.03288  5.35299e-03
 10  0.16030  3.85960e-03 | 11  0.02014  3.13182e-03 | 12  0.15969  7.18998e-04
 13  0.12280 -1.86800e-03 | 14  0.09026  1.17211e-03 | 15  0.01894  2.68815e-03
 16 -0.08364  6.16399e-03 | 17 -0.00869  1.86625e-03 | 18  0.12009 -1.06201e-03
 19  0.21080 -7.10751e-03 | 20  0.00330  2.84959e-03 | 21 -0.02771 -1.63267e-03
 22 -0.14575  3.75697e-03 | 23 -0.31442  8.09400e-03 | 24  0.15915 -1.92271e-03
 25  0.06614 -1.86994e-03 | 26  0.01162 -2.20362e-03 | 27 -0.01056 -3.42472e-03
 28  0.05442 -9.39873e-03 | 29  0.00992 -2.10681e-03 | 30  0.05549 -5.14997e-03
 31 -0.01087 -1.10582e-03 | 32  0.13449 -1.85700e-02 | 33 -0.06076 -6.53586e-04
 34 -0.12055  9.04972e-04 | 35 -0.05726 -5.09485e-03 | 36 -0.46494  4.58391e-03
 37 -0.03794 -3.48947e-01 | 38 -0.04172 -1.39948e-01 | 39 -0.03757 -4.23014e-02
 40 -0.04536 -2.24606e-01 | 41  0.00610 -3.36848e-02 | 42 -0.83976 -3.79063e-02
 43  1.00079  6.11531e-03 | 44 -0.72136 -8.12338e-05 | 45  1.00004  2.85127e-02
 46 -1.00013 -1.93713e-03 | 47  0.99899  2.31121e-04 | 48 -0.73335 -4.18061e-04
 49 -0.16731  2.54745e-02 | 50  0.32298 -6.49407e-02 | 51 -0.17937 -1.80391e-02
 52 -0.77371 -2.96090e-02 |
52 variables; iteration 380; function evaluation 467; phase 3
Function value 3.8748931e+03; maximum gradient component mag -8.9982e-02
Var    Value     Gradient |Var    Value     Gradient |Var    Value     Gradient
  1  0.99962 -1.51704e-04 |  2 -0.01617  1.96627e-03 |  3  0.03023  1.34710e-03
  4  0.01030  1.75080e-03 |  5 -0.10257  1.84610e-03 |  6  0.01451  1.37168e-03
  7 -0.06475  1.97709e-03 |  8 -0.04080  1.97929e-03 |  9  0.03288  1.80334e-03
 10  0.16030  7.82577e-04 | 11  0.02014  1.68334e-03 | 12  0.15969  1.64839e-03
 13  0.12280  1.77075e-03 | 14  0.09026  5.02962e-04 | 15  0.01894  8.50774e-04
 16 -0.08364  2.66277e-04 | 17 -0.00868  4.62415e-04 | 18  0.12009 -4.14552e-04
 19  0.21080 -5.01053e-04 | 20  0.00330  2.21066e-04 | 21 -0.02771 -1.93163e-05
 22 -0.14575  1.02756e-03 | 23 -0.31442  9.90938e-04 | 24  0.15915  1.19984e-03
 25  0.06614 -8.56824e-05 | 26  0.01162 -7.03186e-04 | 27 -0.01056 -1.06590e-03
 28  0.05442 -2.00203e-03 | 29  0.00992 -8.82831e-04 | 30  0.05549 -1.13411e-03
 31 -0.01087 -9.35339e-04 | 32  0.13449 -3.61498e-03 | 33 -0.06076 -8.47235e-04
 34 -0.12055 -2.73337e-04 | 35 -0.05726 -1.59439e-03 | 36 -0.46494  1.07039e-03
 37 -0.03794 -8.99820e-02 | 38 -0.04172 -4.63951e-02 | 39 -0.03757 -1.08266e-02
 40 -0.04536 -6.67069e-02 | 41  0.06466 -3.08199e-03 | 42 -0.82436  1.87859e-02
 43  1.00045 -1.06403e-03 | 44 -0.72136 -1.32921e-04 | 45  1.00004  2.66328e-02
 46 -0.99987  2.08795e-03 | 47  0.99898  5.52938e-05 | 48 -0.73335  1.41106e-05
 49 -0.20933 -8.37302e-03 | 50  0.27787  3.94878e-03 | 51 -0.18485  8.15996e-03
 52 -0.78929  1.49328e-02 |
52 variables; iteration 400; function evaluation 487; phase 3
Function value 3.8748931e+03; maximum gradient component mag 2.3129e-02
Var    Value     Gradient |Var    Value     Gradient |Var    Value     Gradient
  1  0.99970  3.68982e-05 |  2 -0.01617 -6.28387e-05 |  3  0.03023 -7.85526e-05
  4  0.01030 -7.66789e-05 |  5 -0.10257 -4.79642e-05 |  6  0.01451 -6.23394e-05
  7 -0.06475 -5.61260e-05 |  8 -0.04080 -5.08092e-05 |  9  0.03288 -6.21927e-05
 10  0.16030 -4.32189e-05 | 11  0.02014 -4.18982e-05 | 12  0.15969 -3.77458e-05
 13  0.12280  8.39048e-06 | 14  0.09026 -2.03787e-05 | 15  0.01894 -2.31106e-05
 16 -0.08364 -1.09071e-04 | 17 -0.00869 -2.72422e-05 | 18  0.12009 -4.86580e-05
 19  0.21080  6.44000e-05 | 20  0.00330 -6.69409e-05 | 21 -0.02771 -2.96476e-05
 22 -0.14575 -5.43112e-05 | 23 -0.31442 -1.00198e-04 | 24  0.15915  1.86496e-05
 25  0.06614  1.20042e-05 | 26  0.01162  1.96749e-05 | 27 -0.01056  4.55985e-05
 28  0.05442  5.55035e-05 | 29  0.00992  2.38477e-06 | 30  0.05549  4.41286e-07
 31 -0.01087  2.62858e-05 | 32  0.13449  1.31848e-04 | 33 -0.06076 -2.50602e-05
 34 -0.12055 -4.10470e-05 | 35 -0.05726  3.47354e-05 | 36 -0.46494 -4.07465e-05
 37 -0.03794  3.62061e-03 | 38 -0.04172  8.44925e-04 | 39 -0.03757  3.27068e-04
 40 -0.04536  1.57936e-03 | 41  0.06810  4.07012e-04 | 42 -0.82146 -6.61025e-04
 43  1.00049 -6.40495e-04 | 44 -0.72136 -3.82802e-07 | 45  1.00003  2.31292e-02
 46 -0.99994 -5.53519e-04 | 47  0.99898 -5.67021e-06 | 48 -0.73335 -2.38310e-06
 49 -0.21182 -5.28579e-05 | 50  0.27528  5.50355e-04 | 51 -0.18595 -8.25965e-05
 52 -0.79256 -5.57635e-04 |
52 variables; iteration 420; function evaluation 507; phase 3
Function value 3.8748931e+03; maximum gradient component mag 3.9661e-03
Var    Value     Gradient |Var    Value     Gradient |Var    Value     Gradient
  1  0.99967 -1.94074e-05 |  2 -0.01617 -1.22417e-04 |  3  0.03023 -1.52050e-04
  4  0.01030 -1.54553e-04 |  5 -0.10257 -1.08949e-04 |  6  0.01451 -1.43260e-04
  7 -0.06475 -1.34241e-04 |  8 -0.04080 -1.16205e-04 |  9  0.03288 -1.44079e-04
 10  0.16030 -1.03155e-04 | 11  0.02014 -1.17028e-04 | 12  0.15969 -1.49837e-04
 13  0.12280 -8.69141e-05 | 14  0.09026 -1.12318e-04 | 15  0.01894 -8.32366e-05
 16 -0.08364 -1.02216e-04 | 17 -0.00869 -8.01828e-05 | 18  0.12009 -1.00027e-04
 19  0.21080 -1.20443e-04 | 20  0.00330 -1.61545e-04 | 21 -0.02771 -7.89939e-05
 22 -0.14575 -5.73616e-05 | 23 -0.31442 -9.84910e-05 | 24  0.15915 -1.09217e-04
 25  0.06614 -7.47833e-05 | 26  0.01162 -3.08108e-05 | 27 -0.01056  1.51128e-05
 28  0.05442  8.74931e-06 | 29  0.00992 -5.19222e-05 | 30  0.05549 -7.21663e-05
 31 -0.01087 -1.26102e-05 | 32  0.13449 -4.78981e-05 | 33 -0.06076 -3.49944e-05
 34 -0.12055 -6.44744e-05 | 35 -0.05726 -2.47340e-05 | 36 -0.46494 -7.40133e-05
 37 -0.03794  3.96607e-03 | 38 -0.04172  1.24080e-03 | 39 -0.03757 -5.05850e-05
 40 -0.04536  1.99057e-03 | 41  0.06676 -1.19146e-03 | 42 -0.82149 -2.20136e-04
 43  1.00054 -3.14668e-05 | 44 -0.72136 -6.73159e-06 | 45  1.00001 -1.21650e-03
 46 -0.99993 -1.12641e-04 | 47  0.99898 -1.30344e-05 | 48 -0.73335 -2.68236e-05
 49 -0.21085  3.91157e-05 | 50  0.27629 -1.63781e-03 | 51 -0.18593  1.32425e-04
 52 -0.79252 -2.34127e-04 |
Warning: the following parameters had issues
  SR_parm[1] is within 0.1% of upper bound: 5.00000e+00 < 2.50000e+01 < 2.50000e+01
  selparm[3] is within 0.1% of upper bound: -3.00000e+00 < 1.50000e+01 < 1.50000e+01
  selparm[5] is within 0.1% of upper bound: -1.00000e+00 < 1.50000e+01 < 1.50000e+01
  selparm[6] is within 0.1% of lower bound: -1.00000e+00 < -1.00000e+00 < 2.00000e+01
  selparm[7] is within 0.1% of upper bound: -3.00000e+00 < 1.50000e+01 < 1.50000e+01


 - final statistics:
52 variables; iteration 426; function evaluation 513
Function value 3.8749e+03; maximum gradient component mag 7.5765e-05
Exit code = 1;  converg criter 1.0000e-04
Var    Value     Gradient |Var    Value     Gradient |Var    Value     Gradient
  1  0.99968 -8.82371e-08 |  2 -0.01617 -1.69109e-06 |  3  0.03023 -1.88987e-06
  4  0.01030 -2.04843e-06 |  5 -0.10257 -1.35293e-06 |  6  0.01451 -1.50619e-06
  7 -0.06475 -1.57664e-06 |  8 -0.04080 -1.44006e-06 |  9  0.03288 -1.73600e-06
 10  0.16030 -9.91565e-07 | 11  0.02014 -1.30255e-06 | 12  0.15969 -1.40607e-06
 13  0.12280 -5.87588e-07 | 14  0.09026 -9.22838e-07 | 15  0.01894 -7.74452e-07
 16 -0.08364 -2.67260e-06 | 17 -0.00869 -9.15608e-07 | 18  0.12009 -1.70184e-06
 19  0.21080  4.67773e-07 | 20  0.00330 -1.99801e-06 | 21 -0.02771 -7.87054e-07
 22 -0.14575 -1.33861e-06 | 23 -0.31442 -2.32335e-06 | 24  0.15915 -2.25167e-07
 25  0.06614 -4.05500e-09 | 26  0.01162  1.22719e-08 | 27 -0.01056  9.18399e-07
 28  0.05442  8.98971e-07 | 29  0.00992 -3.08043e-07 | 30  0.05549 -5.44684e-07
 31 -0.01087  3.67795e-07 | 32  0.13449  1.94769e-06 | 33 -0.06076 -5.85788e-07
 34 -0.12055 -9.81525e-07 | 35 -0.05726  5.30938e-07 | 36 -0.46494 -1.19025e-06
 37 -0.03794  7.57646e-05 | 38 -0.04172  1.27012e-05 | 39 -0.03757  3.48521e-06
 40 -0.04536  3.32354e-05 | 41  0.06555  3.86343e-06 | 42 -0.82147 -1.65481e-05
 43  1.00054 -1.49917e-06 | 44 -0.72136 -1.68574e-07 | 45  1.00001 -7.23183e-06
 46 -0.99993 -2.55982e-06 | 47  0.99898 -1.65024e-07 | 48 -0.73335 -1.98524e-07
 49 -0.20998  2.45548e-06 | 50  0.27719  3.07529e-06 | 51 -0.18594 -3.50130e-06
 52 -0.79255 -1.38481e-05 |
Estimating row 1 out of 52 for hessian
Estimating row 2 out of 52 for hessian
Estimating row 3 out of 52 for hessian
Estimating row 4 out of 52 for hessian
Estimating row 5 out of 52 for hessian
Estimating row 6 out of 52 for hessian
Estimating row 7 out of 52 for hessian
Estimating row 8 out of 52 for hessian
Estimating row 9 out of 52 for hessian
Estimating row 10 out of 52 for hessian
Estimating row 11 out of 52 for hessian
Estimating row 12 out of 52 for hessian
Estimating row 13 out of 52 for hessian
Estimating row 14 out of 52 for hessian
Estimating row 15 out of 52 for hessian
Estimating row 16 out of 52 for hessian
Estimating row 17 out of 52 for hessian
Estimating row 18 out of 52 for hessian
Estimating row 19 out of 52 for hessian
Estimating row 20 out of 52 for hessian
Estimating row 21 out of 52 for hessian
Estimating row 22 out of 52 for hessian
Estimating row 23 out of 52 for hessian
Estimating row 24 out of 52 for hessian
Estimating row 25 out of 52 for hessian
Estimating row 26 out of 52 for hessian
Estimating row 27 out of 52 for hessian
Estimating row 28 out of 52 for hessian
Estimating row 29 out of 52 for hessian
Estimating row 30 out of 52 for hessian
Estimating row 31 out of 52 for hessian
Estimating row 32 out of 52 for hessian
Estimating row 33 out of 52 for hessian
Estimating row 34 out of 52 for hessian
Estimating row 35 out of 52 for hessian
Estimating row 36 out of 52 for hessian
Estimating row 37 out of 52 for hessian
Estimating row 38 out of 52 for hessian
Estimating row 39 out of 52 for hessian
Estimating row 40 out of 52 for hessian
Estimating row 41 out of 52 for hessian
Estimating row 42 out of 52 for hessian
Estimating row 43 out of 52 for hessian
Estimating row 44 out of 52 for hessian
Estimating row 45 out of 52 for hessian
Estimating row 46 out of 52 for hessian
Estimating row 47 out of 52 for hessian
Estimating row 48 out of 52 for hessian
Estimating row 49 out of 52 for hessian
Estimating row 50 out of 52 for hessian
Estimating row 51 out of 52 for hessian
Estimating row 52 out of 52 for hessian
size of file gradfil1.tmp = 0
size of file gradfil2.tmp = 0
size of file varssave.tmp = 0
size of file cmpdiff.tmp = 0
