
Initial statistics: 36 variables; iteration 0; function evaluation 0; phase 1
Function value 9.8793166e+03; maximum gradient component mag 4.2247e+04
Var    Value     Gradient |Var    Value     Gradient |Var    Value     Gradient
  1  0.06354  4.22470e+04 |  2  0.00062 -6.05735e+02 |  3  0.09931 -4.80957e+02
  4  0.03244 -5.80754e+02 |  5 -0.12553 -6.34666e+02 |  6  0.02880 -5.28250e+02
  7 -0.10887 -6.42219e+02 |  8 -0.06813 -5.78747e+02 |  9  0.00901 -4.07670e+02
 10  0.15884  2.00796e+02 | 11  0.01898 -2.09526e+02 | 12 -0.04017 -4.88666e+02
 13  0.02167 -1.32288e+02 | 14  0.03519 -1.56355e+02 | 15  0.00516  3.35380e+01
 16 -0.09871 -6.92600e+02 | 17  0.02042  5.62010e+02 | 18  0.08815  1.94734e+02
 19  0.03943  1.37553e+01 | 20 -0.03795  1.10668e+02 | 21 -0.20102 -6.46988e+02
 22 -0.02467 -2.54657e+02 | 23  0.06069  5.87404e+02 | 24  0.06369  4.97956e+02
 25 -0.03602 -1.49389e+02 | 26  0.08341  1.68520e+03 | 27 -0.00312  4.37996e+02
 28 -0.01312  5.53320e+02 | 29 -0.03858  1.41991e+02 | 30 -0.03720  5.49169e+01
 31  0.06069  1.23857e+03 | 32  0.03556  7.65085e+02 | 33 -0.02989  1.06118e+02
 34 -0.02905  4.27319e+01 | 35 -0.02051 -2.31713e+02 | 36  0.04814  2.34284e+02

Intermediate statistics: 36 variables; iteration 20; function evaluation 34; phase 1
Function value 8.5190116e+03; maximum gradient component mag 4.1933e+03
Var    Value     Gradient |Var    Value     Gradient |Var    Value     Gradient
  1  0.02511  4.19333e+03 |  2  0.03476 -5.56250e+01 |  3  0.09742 -4.81913e+01
  4  0.02787 -5.84170e+01 |  5 -0.09751 -5.57321e+01 |  6  0.01489 -5.93683e+01
  7 -0.08500 -5.04994e+01 |  8 -0.05656 -4.71329e+01 |  9  0.00472 -2.36241e+01
 10  0.11105  5.92012e+01 | 11 -0.00723 -1.65501e+00 | 12 -0.00466  5.49324e+00
 13  0.07026  8.55019e+01 | 14  0.10206  1.21056e+02 | 15 -0.00101  4.35656e+01
 16  0.04798  1.55083e+02 | 17 -0.10896 -2.89675e+01 | 18  0.07946  9.52698e+01
 19  0.02488  1.27373e+02 | 20 -0.09853  7.92987e+01 | 21 -0.07759  9.85673e+00
 22  0.01715  6.64887e+01 | 23 -0.04434  6.42308e+01 | 24  0.05511  8.94889e+01
 25  0.04379 -8.40440e+01 | 26 -0.01296 -1.20838e+02 | 27  0.07992 -3.65300e+02
 28 -0.01395 -2.08468e+02 | 29 -0.00924 -2.15869e+02 | 30  0.04278  1.74671e+02
 31 -0.01124  1.06890e+02 | 32  0.07165  2.03476e+02 | 33  0.02605  6.15118e+00
 34  0.01388 -2.22680e+01 | 35  0.04677  2.67582e+01 | 36 -0.41165 -7.19972e+01
36 variables; iteration 40; function evaluation 67; phase 1
Function value 8.5069751e+03; maximum gradient component mag 7.7636e+02
Var    Value     Gradient |Var    Value     Gradient |Var    Value     Gradient
  1  0.02425  7.76362e+02 |  2  0.04417  7.55588e+00 |  3  0.09269 -8.55750e+00
  4  0.01791 -2.97198e+01 |  5 -0.10095 -4.39330e+00 |  6  0.01112 -1.48864e+01
  7 -0.09493 -1.62681e+01 |  8 -0.04964  7.41304e+00 |  9 -0.00320 -2.57199e+01
 10  0.11204 -5.30635e+00 | 11 -0.00985 -1.72565e+01 | 12 -0.00538 -7.80107e+00
 13  0.06428 -1.49711e+01 | 14  0.10291  3.52809e+00 | 15 -0.00185  3.63779e+00
 16  0.04248  8.13439e+00 | 17 -0.09005  2.76559e+01 | 18  0.07896  5.39321e+00
 19  0.01595  2.20283e+00 | 20 -0.11024  3.57863e+01 | 21 -0.06141  2.83687e+01
 22  0.02149  4.73501e+01 | 23 -0.07486  3.05307e+00 | 24  0.04254  4.11392e+01
 25  0.04722  6.42707e+00 | 26  0.00351  2.53557e+01 | 27  0.08737  1.42025e+01
 28 -0.01315  6.39219e+00 | 29  0.01240  8.41755e+00 | 30  0.02992 -3.62594e+01
 31 -0.02220 -4.32391e+01 | 32  0.06565 -1.25543e+01 | 33  0.03620 -2.14420e+00
 34  0.01210 -2.45489e+01 | 35  0.04336 -1.01568e+01 | 36 -0.36586 -5.55750e-01

 - final statistics:
36 variables; iteration 47; function evaluation 75
Function value 8.5057e+03; maximum gradient component mag -8.9721e+00
Exit code = 1;  converg criter 1.0000e+01
Var    Value     Gradient |Var    Value     Gradient |Var    Value     Gradient
  1  0.02381 -8.97214e+00 |  2  0.03528  2.89124e-01 |  3  0.09569  2.39581e-01
  4  0.02600  8.44229e-02 |  5 -0.10241  1.99154e-01 |  6  0.01392  1.08697e-01
  7 -0.09052  1.37670e-01 |  8 -0.05896  1.42959e-01 |  9  0.00428  2.23277e-01
 10  0.11090  5.34713e-01 | 11 -0.00639  2.77344e-01 | 12 -0.00644  4.87239e-02
 13  0.06736 -6.72236e-02 | 14  0.10306 -1.39300e-01 | 15 -0.00258 -1.19434e+00
 16  0.04538 -2.18562e-01 | 17 -0.10003 -3.20092e-01 | 18  0.08094 -1.08653e+00
 19  0.01930 -1.10099e+00 | 20 -0.11877 -6.97855e-01 | 21 -0.05980 -1.17551e-01
 22  0.01545  1.89259e-01 | 23 -0.06738  2.35874e-01 | 24  0.03907  3.97384e-01
 25  0.05241  3.30591e-01 | 26 -0.00360  8.33780e-01 | 27  0.08930 -1.83189e-01
 28 -0.01389  1.86690e-01 | 29  0.01124  7.91013e-02 | 30  0.03135  7.38931e-02
 31 -0.01468 -7.50920e-02 | 32  0.06446  2.06421e-01 | 33  0.03507  2.98782e-01
 34  0.01593  4.51436e-02 | 35  0.04345  2.32259e-01 | 36 -0.37560  1.06896e-01

Initial statistics: 46 variables; iteration 0; function evaluation 0; phase 2
Function value 8.5056802e+03; maximum gradient component mag 5.7296e+03
Var    Value     Gradient |Var    Value     Gradient |Var    Value     Gradient
  1  0.02381 -8.97214e+00 |  2  0.03528  2.80179e-01 |  3  0.09569  2.30723e-01
  4  0.02600  7.54711e-02 |  5 -0.10241  1.90310e-01 |  6  0.01392  9.97400e-02
  7 -0.09052  1.28801e-01 |  8 -0.05896  1.34039e-01 |  9  0.00428  2.14318e-01
 10  0.11090  5.25889e-01 | 11 -0.00639  2.68385e-01 | 12 -0.00644  3.97651e-02
 13  0.06736 -7.61328e-02 | 14  0.10306 -1.48142e-01 | 15 -0.00258 -1.20330e+00
 16  0.04538 -2.27498e-01 | 17 -0.10003 -3.28941e-01 | 18  0.08094 -1.09541e+00
 19  0.01930 -1.10995e+00 | 20 -0.11877 -7.06659e-01 | 21 -0.05980 -1.26470e-01
 22  0.01545  1.80302e-01 | 23 -0.06738  2.26965e-01 | 24  0.03907  3.88441e-01
 25  0.05241  3.21662e-01 | 26 -0.00360  8.24821e-01 | 27  0.08930 -1.92060e-01
 28 -0.01389  1.77733e-01 | 29  0.01124  7.01434e-02 | 30  0.03135  6.49448e-02
 31 -0.01468 -8.40488e-02 | 32  0.06446  1.97507e-01 | 33  0.03507  2.89837e-01
 34  0.01593  3.61872e-02 | 35  0.04345  2.23321e-01 | 36 -0.37560  9.94517e-02
 37  0.33531  2.85796e+03 | 38  0.31394  3.30027e+03 | 39  0.43026  5.72956e+03
 40  0.27837  4.87484e+03 | 41 -0.10330 -1.67815e+03 | 42 -0.48431  1.65918e+03
 43  0.02023 -1.89580e+02 | 44 -0.06714 -2.27106e+03 | 45 -0.25071  1.74985e+02
 46 -0.34909  1.32769e+03 |

Intermediate statistics: 46 variables; iteration 20; function evaluation 27; phase 2
Function value 7.3016557e+03; maximum gradient component mag 5.5959e+03
Var    Value     Gradient |Var    Value     Gradient |Var    Value     Gradient
  1  0.03633  5.59588e+03 |  2 -0.00362 -1.05786e+02 |  3  0.04282 -1.10189e+02
  4 -0.01561 -8.79070e+01 |  5 -0.13511 -7.62118e+01 |  6 -0.01839 -7.81503e+01
  7 -0.10824 -6.46922e+01 |  8 -0.06720 -6.01769e+01 |  9  0.00522 -2.05359e+01
 10  0.12299  1.46211e+02 | 11 -0.00965 -4.16432e+00 | 12  0.02352  2.35012e+01
 13  0.04452  2.39849e+00 | 14  0.06227 -3.22357e-01 | 15 -0.07579 -1.60236e+02
 16  0.03588 -1.82992e+02 | 17 -0.01757 -1.14700e+02 | 18  0.15448  4.82061e+02
 19  0.09250  1.76135e+02 | 20 -0.03850  7.63734e+01 | 21 -0.08173 -6.49097e+01
 22 -0.16182 -3.16561e+02 | 23 -0.00739 -2.53660e+02 | 24 -0.00442 -1.25180e+02
 25  0.03829 -1.40952e+02 | 26  0.05832 -1.82531e+02 | 27  0.07658  3.22809e+02
 28 -0.04091 -1.19158e+00 | 29  0.01518  1.69209e+02 | 30  0.05851  3.94898e+02
 31  0.02021  1.80775e+02 | 32  0.08624  2.44759e+02 | 33  0.03109  4.80977e+01
 34 -0.02516 -1.56985e+02 | 35  0.02801 -1.11115e+02 | 36 -0.19197  3.08000e+01
 37  0.30563  3.61481e+03 | 38  0.30326  3.63581e+03 | 39  0.21544 -2.22844e+03
 40  0.24875  2.34127e+03 | 41 -0.07044  4.39555e+02 | 42 -0.78946  1.80473e+02
 43 -0.03955  1.90964e+01 | 44 -0.00610  6.24125e+02 | 45 -0.21095 -4.93075e+01
 46 -0.36439  3.99813e+02 |
46 variables; iteration 40; function evaluation 52; phase 2
Function value 7.1399817e+03; maximum gradient component mag 3.8038e+03
Var    Value     Gradient |Var    Value     Gradient |Var    Value     Gradient
  1  0.03753  3.80382e+03 |  2  0.00429 -5.46662e+01 |  3  0.05141 -5.32167e+01
  4 -0.01095 -5.52609e+01 |  5 -0.16514 -9.11379e+01 |  6  0.01452 -2.13990e+01
  7 -0.06310  2.87849e+00 |  8 -0.03126  5.48050e+00 |  9  0.00556 -5.71748e+00
 10  0.11007  8.09744e+01 | 11 -0.01693 -1.47824e+00 | 12  0.01241 -6.81995e-01
 13  0.04360 -5.26720e+00 | 14  0.05838  2.04053e+01 | 15 -0.05029 -2.62412e+01
 16  0.04579 -3.09742e+01 | 17 -0.04298 -4.51572e+01 | 18  0.10723  2.39520e+02
 19  0.03427  2.98886e+01 | 20 -0.07705 -1.25332e+01 | 21 -0.14187 -6.04626e+01
 22 -0.04969 -1.11643e+02 | 23 -0.00543 -1.22670e+02 | 24 -0.02099 -1.46133e+02
 25  0.05454 -4.35338e+01 | 26  0.05334 -1.84805e+02 | 27  0.05768  1.11648e+02
 28 -0.01113  7.35352e+01 | 29  0.01433  1.54308e+02 | 30  0.05256  3.02700e+02
 31  0.02731  1.77036e+02 | 32  0.08528  1.89367e+02 | 33  0.03049 -1.95913e+01
 34 -0.03481 -1.32948e+02 | 35  0.04264  3.98963e+01 | 36 -0.18179  2.06067e+01
 37  0.30552  2.22352e+03 | 38  0.28356  8.18312e+02 | 39  0.24184 -9.39307e+02
 40  0.24470  1.44071e+03 | 41  0.62659 -7.42969e+01 | 42 -0.74151  2.35829e+02
 43 -0.54408 -1.43112e+01 | 44 -0.49649 -1.23338e+02 | 45 -0.26670 -8.44277e+01
 46 -0.42140  4.31752e+02 |
46 variables; iteration 60; function evaluation 78; phase 2
Function value 7.0863746e+03; maximum gradient component mag -1.0140e+01
Var    Value     Gradient |Var    Value     Gradient |Var    Value     Gradient
  1  0.03535 -1.01402e+01 |  2  0.00482 -4.38102e-01 |  3  0.04678 -1.09340e+00
  4 -0.01592  2.42547e-01 |  5 -0.13914  2.27936e-01 |  6 -0.02527  2.92503e-01
  7 -0.12090  1.05769e+00 |  8 -0.07682 -7.94816e-01 |  9  0.00259 -2.49180e-01
 10  0.11131  3.32074e-01 | 11 -0.01390  3.22298e-01 | 12  0.02214 -1.02331e+00
 13  0.05544 -2.53179e+00 | 14  0.05960 -3.32494e+00 | 15 -0.05160 -1.85437e+00
 16  0.05910 -5.26665e+00 | 17 -0.04048 -2.35077e+00 | 18  0.08998 -3.13694e-01
 19  0.03740 -1.28621e+00 | 20 -0.07022 -5.03314e-01 | 21 -0.12382 -7.43271e-02
 22 -0.02461  3.23970e+00 | 23  0.00981  9.49152e+00 | 24 -0.00263 -1.46060e+00
 25  0.04667 -9.36255e-01 | 26  0.08492 -9.69239e-01 | 27  0.05676  3.65657e-01
 28 -0.00441 -5.32107e-01 | 29  0.01186 -1.78694e+00 | 30  0.03433  1.07438e+00
 31  0.02256  2.24232e+00 | 32  0.08272  2.98662e+00 | 33  0.04425  2.92272e+00
 34  0.01223  3.12413e+00 | 35  0.03589 -1.87117e+00 | 36 -0.22744  4.92248e-01
 37  0.29803 -7.20655e+00 | 38  0.27908  3.07857e+00 | 39  0.25805 -3.49700e+00
 40  0.23834  8.89833e+00 | 41  0.62704 -1.76040e-01 | 42 -0.75088 -3.69870e-01
 43 -0.47608  2.35146e+00 | 44 -0.51516 -2.54747e+00 | 45 -0.20281 -1.86948e+00
 46 -0.43930  9.56641e-01 |

 - final statistics:
46 variables; iteration 61; function evaluation 79
Function value 7.0864e+03; maximum gradient component mag 4.6009e+00
Exit code = 1;  converg criter 1.0000e+01
Var    Value     Gradient |Var    Value     Gradient |Var    Value     Gradient
  1  0.03546 -3.85907e+00 |  2  0.00512  2.74310e-01 |  3  0.04737  4.93063e-01
  4 -0.01560  7.92705e-02 |  5 -0.13897 -1.16639e-01 |  6 -0.02509 -1.73515e-01
  7 -0.12084  5.31525e-01 |  8 -0.07617  5.18541e-02 |  9  0.00272 -3.23872e-02
 10  0.11114 -3.75353e-01 | 11 -0.01414 -4.74095e-03 | 12  0.02212  9.50473e-02
 13  0.05530  2.67943e-01 | 14  0.05968  8.10264e-01 | 15 -0.05170 -7.13101e-01
 16  0.05933  1.44885e-01 | 17 -0.04024 -2.94223e-01 | 18  0.09000  1.14740e+00
 19  0.03771  1.40677e+00 | 20 -0.07001  1.20173e+00 | 21 -0.12324  9.46096e-01
 22 -0.02500  1.13328e+00 | 23  0.00876  4.60086e+00 | 24 -0.00207 -3.65118e-01
 25  0.04664 -1.39282e+00 | 26  0.08462 -3.20691e+00 | 27  0.05633 -2.24843e+00
 28 -0.00436 -3.22655e-01 | 29  0.01207 -4.87069e-01 | 30  0.03420  4.47019e-01
 31  0.02218 -5.82939e-02 | 32  0.08252 -3.94496e-01 | 33  0.04398 -6.09577e-01
 34  0.01170  2.22806e-01 | 35  0.03617  7.50628e-02 | 36 -0.22815 -1.34454e-01
 37  0.29791  3.64227e+00 | 38  0.27904 -2.07342e+00 | 39  0.25806  1.96449e+00
 40  0.23828 -3.97127e-01 | 41  0.62698  1.25229e+00 | 42 -0.75048 -4.78636e-01
 43 -0.47752 -1.11946e-01 | 44 -0.51504  2.36448e+00 | 45 -0.20298  3.28721e-01
 46 -0.43948 -9.94741e-01 |

Initial statistics: 52 variables; iteration 0; function evaluation 0; phase 3
Function value 7.0863610e+03; maximum gradient component mag -1.0493e+04
Var    Value     Gradient |Var    Value     Gradient |Var    Value     Gradient
  1  0.03546 -3.85907e+00 |  2  0.00511  1.88862e-01 |  3  0.04736  4.07849e-01
  4 -0.01560 -6.15420e-03 |  5 -0.13897 -2.00061e-01 |  6 -0.02510 -2.58899e-01
  7 -0.12084  4.47609e-01 |  8 -0.07617 -3.29853e-02 |  9  0.00271 -1.17837e-01
 10  0.11114 -4.59505e-01 | 11 -0.01414 -9.01702e-02 | 12  0.02212  9.64857e-03
 13  0.05530  1.82815e-01 | 14  0.05968  7.25189e-01 | 15 -0.05170 -7.98269e-01
 16  0.05932  5.98053e-02 | 17 -0.04024 -3.79503e-01 | 18  0.09000  1.06280e+00
 19  0.03771  1.32147e+00 | 20 -0.07001  1.11680e+00 | 21 -0.12324  8.62241e-01
 22 -0.02501  1.04789e+00 | 23  0.00876  4.51542e+00 | 24 -0.00207 -4.50567e-01
 25  0.04663 -1.47804e+00 | 26  0.08461 -3.29161e+00 | 27  0.05633 -2.33355e+00
 28 -0.00436 -4.08103e-01 | 29  0.01207 -5.72504e-01 | 30  0.03420  3.61692e-01
 31  0.02218 -1.43692e-01 | 32  0.08252 -4.79230e-01 | 33  0.04397 -6.94824e-01
 34  0.01169  1.37370e-01 | 35  0.03616 -1.02497e-02 | 36 -0.22815 -2.14475e-01
 37  0.29791  3.64227e+00 | 38  0.27904 -2.07342e+00 | 39  0.25806  1.96449e+00
 40  0.23828 -3.97127e-01 | 41  0.62698  1.25229e+00 | 42 -0.75048 -4.78636e-01
 43  0.81459  1.34839e+03 | 44 -0.47725 -1.04931e+04 | 45  0.06233 -4.04810e+03
 46 -0.89706  1.08634e+03 | 47  0.15044 -7.62857e+02 | 48 -0.35140  3.18332e+02
 49 -0.47752 -1.11946e-01 | 50 -0.51504  2.36448e+00 | 51 -0.20298  3.28721e-01
 52 -0.43948 -9.94741e-01 |

Intermediate statistics: 52 variables; iteration 20; function evaluation 34; phase 3
Function value 3.0634811e+03; maximum gradient component mag 3.7982e+03
Var    Value     Gradient |Var    Value     Gradient |Var    Value     Gradient
  1  0.02596 -3.57331e+03 |  2  0.00142 -4.60607e+01 |  3  0.03735 -1.23085e+02
  4 -0.01600  9.97752e+00 |  5 -0.13867  5.46134e+01 |  6 -0.02440  2.62324e+01
  7 -0.11913  6.29772e+01 |  8 -0.06173  6.92624e+01 |  9  0.03438  1.24900e+02
 10  0.14363  3.29912e+02 | 11 -0.00418  1.09659e+02 | 12 -0.01522  2.38975e+01
 13  0.07168  2.40940e+02 | 14  0.07616  3.07966e+00 | 15  0.10403  3.42688e+02
 16 -0.14780 -8.63713e+01 | 17  0.04287  2.66229e+02 | 18 -0.00952 -2.47265e+02
 19  0.09892 -1.84834e+02 | 20 -0.22481 -1.61080e+02 | 21 -0.05479 -5.71179e+01
 22  0.05961 -3.20993e+01 | 23 -0.09715 -1.63137e+02 | 24  0.04080  4.69085e+01
 25  0.07431  1.27230e+02 | 26  0.07275  6.11350e+01 | 27  0.02689 -1.97308e+02
 28  0.04682  2.13928e+01 | 29  0.04280  1.67055e+02 | 30  0.05975  1.55794e+02
 31  0.02227 -1.64825e+02 | 32  0.09137 -3.48501e+02 | 33 -0.01948 -2.09377e+02
 34  0.01386 -1.00758e+02 | 35  0.04533 -1.28045e+02 | 36 -0.28779  3.53954e+01
 37  0.27952  3.79818e+03 | 38  0.22199 -3.25087e+03 | 39  0.26140 -1.45244e+02
 40  0.25402 -1.04540e+02 | 41  0.61210  4.20240e+02 | 42 -0.73506 -8.72924e+02
 43  0.38692 -5.55873e+02 | 44 -0.36514  5.40050e+01 | 45  0.81045 -2.47104e+02
 46 -1.16474 -5.56841e+01 | 47  0.16627 -9.46545e+02 | 48 -0.52283  7.69198e+02
 49 -0.48317 -8.15182e+01 | 50 -0.49368  8.42903e+02 | 51 -0.21135  7.12484e+01
 52 -0.47634 -1.26098e+03 |
52 variables; iteration 40; function evaluation 60; phase 3
Function value 3.0018124e+03; maximum gradient component mag -5.7464e+03
Var    Value     Gradient |Var    Value     Gradient |Var    Value     Gradient
  1  0.02660 -5.74642e+03 |  2  0.01012  6.07299e+01 |  3  0.05392  3.53218e+01
  4  0.00666  1.26525e+02 |  5 -0.15425  5.63141e+01 |  6 -0.02048  7.69609e+01
  7 -0.13487  6.34634e+01 |  8 -0.05783  1.09431e+02 |  9  0.02599  1.05614e+02
 10  0.12059  1.05733e+02 | 11 -0.00198  1.02951e+02 | 12  0.02054  9.75770e+01
 13  0.05318  3.11849e+01 | 14  0.07203 -1.82198e+02 | 15  0.07701  7.99925e+01
 16 -0.09949 -8.13952e+01 | 17  0.00104  4.80643e+01 | 18  0.08069  1.26183e+02
 19  0.08908 -9.08170e+01 | 20 -0.25033 -1.34102e+02 | 21 -0.08470 -7.99156e+01
 22  0.07998  2.62045e+02 | 23 -0.10887 -6.59729e+01 | 24  0.04949  8.45354e+01
 25  0.07536  9.25181e+01 | 26  0.06187 -5.26730e+01 | 27  0.04310 -1.98218e+02
 28  0.03134 -1.22970e+02 | 29  0.02952  1.08215e+02 | 30  0.07530  2.80935e+02
 31  0.04143 -7.42732e+01 | 32  0.07983 -3.46869e+02 | 33 -0.00875 -1.83707e+02
 34  0.01586 -2.15570e+02 | 35  0.05247  6.45549e+01 | 36 -0.33828  4.89882e+01
 37  0.27748  3.18456e+03 | 38  0.22936 -1.64085e+03 | 39  0.25861 -4.23883e+02
 40  0.25217 -3.53922e+02 | 41  0.71521 -1.44915e+02 | 42 -0.60913  3.89141e+02
 43  0.38722 -5.03130e+02 | 44 -0.36074  7.55765e+01 | 45  0.81134 -2.69125e+02
 46 -1.21268 -1.40252e+02 | 47  0.16919  6.32662e+02 | 48 -0.52154 -6.66094e+02
 49 -0.51738 -7.38436e+01 | 50 -0.54885 -2.47251e+02 | 51 -0.27667  8.17249e+01
 52 -0.55691  2.72189e+02 |
52 variables; iteration 60; function evaluation 88; phase 3
Function value 2.8508589e+03; maximum gradient component mag -2.3705e+03
Var    Value     Gradient |Var    Value     Gradient |Var    Value     Gradient
  1  0.03908 -2.37052e+03 |  2 -0.00381  2.30223e+01 |  3  0.05295  5.84207e+01
  4 -0.00561  5.60385e+01 |  5 -0.13902  2.27992e+01 |  6 -0.02184  3.63763e+01
  7 -0.11495  3.49843e+01 |  8 -0.08443  1.67611e+01 |  9 -0.00516  9.21768e+00
 10  0.11913  6.37560e+01 | 11 -0.01448  4.28092e+01 | 12  0.00525 -9.55003e+00
 13  0.03795  5.71278e+00 | 14  0.08026 -2.53761e+01 | 15  0.00982 -4.98494e+01
 16 -0.05708 -3.34566e+01 | 17 -0.01205 -6.01624e+00 | 18  0.06129 -2.11176e+01
 19  0.09373 -6.09622e+01 | 20 -0.06307  1.64595e+00 | 21 -0.03700  3.49309e+00
 22 -0.01307 -9.09189e+00 | 23 -0.03935 -2.86086e+01 | 24  0.04436  6.12020e+00
 25  0.04934 -3.60651e+01 | 26  0.04576 -1.62803e+01 | 27  0.05085  5.37380e+00
 28  0.03715  4.85063e+01 | 29  0.02554  2.20516e+01 | 30  0.01658 -4.91054e+01
 31  0.05388 -2.75442e+01 | 32  0.07967 -1.67386e+02 | 33 -0.00929 -4.72458e+01
 34 -0.00053  4.51809e-01 | 35  0.04001  5.51671e+01 | 36 -0.29484  2.45274e+01
 37  0.25478 -4.75684e+02 | 38  0.23262 -1.93943e+02 | 39  0.25752  2.93803e+01
 40  0.24509  2.25804e+02 | 41  0.55881  3.29919e+00 | 42 -0.64077  2.61516e+01
 43  0.37323  7.68068e+00 | 44 -0.34007  4.54223e+01 | 45  0.99176 -7.31010e+00
 46 -1.10578 -1.17945e+01 | 47  0.17480 -7.34609e+01 | 48 -0.51437 -1.76586e+02
 49 -0.43690  2.57687e+01 | 50 -0.48056 -1.88023e+01 | 51 -0.25607  3.44547e+00
 52 -0.53092  2.25190e+01 |
52 variables; iteration 80; function evaluation 108; phase 3
Function value 2.8103206e+03; maximum gradient component mag 6.8322e+01
Var    Value     Gradient |Var    Value     Gradient |Var    Value     Gradient
  1  0.05129  6.83217e+01 |  2 -0.00623 -1.78675e-01 |  3  0.03576  1.95211e+00
  4 -0.01647  4.04878e-01 |  5 -0.13692 -9.04319e-01 |  6 -0.02220 -5.73189e-01
  7 -0.11299 -1.42380e+00 |  8 -0.07499 -1.48211e+00 |  9  0.00112 -1.06826e+00
 10  0.10495 -1.06596e+00 | 11 -0.02591 -3.78897e-01 | 12  0.01468  2.15197e-01
 13  0.02753  2.95757e+00 | 14  0.07423  1.61691e+01 | 15  0.01624 -1.44220e+00
 16 -0.05456  2.24416e+00 | 17 -0.00660  2.84749e-01 | 18  0.07110 -4.48311e+00
 19  0.11118 -8.20690e+00 | 20 -0.04658 -4.43568e+00 | 21 -0.02479 -3.33495e+00
 22 -0.01492  1.92088e+00 | 23 -0.04084  2.01146e+00 | 24  0.03711  1.87481e+00
 25  0.05310  4.92035e+00 | 26  0.03084  8.62158e+00 | 27  0.05143  1.29220e+00
 28  0.02505  7.56711e-02 | 29  0.02966  1.52703e-01 | 30  0.02160 -5.33395e-01
 31  0.05621 -3.77099e+00 | 32  0.08351 -1.05383e+01 | 33 -0.02334 -4.46380e+00
 34 -0.01797  7.72359e-03 | 35  0.02992 -2.44530e+00 | 36 -0.25714 -8.95363e-01
 37  0.24358  8.21648e+00 | 38  0.22608  1.01865e+01 | 39  0.24518  3.15272e+00
 40  0.23675  5.23855e+00 | 41  0.49749  8.26115e-01 | 42 -0.65517 -1.71618e+00
 43  0.35568 -6.58884e-01 | 44 -0.34858 -5.92244e+00 | 45  1.00261  2.05949e+00
 46 -1.01144 -7.26375e-01 | 47  0.21316 -6.04617e+01 | 48 -0.47822  5.77895e+01
 49 -0.44308  1.95866e-01 | 50 -0.46464  1.06117e+00 | 51 -0.26711 -1.42607e-01
 52 -0.52848 -1.60526e+00 |
52 variables; iteration 100; function evaluation 128; phase 3
Function value 2.8101836e+03; maximum gradient component mag -2.6086e+00
Var    Value     Gradient |Var    Value     Gradient |Var    Value     Gradient
  1  0.05064 -2.60860e+00 |  2 -0.00670  7.66755e-02 |  3  0.03425  7.99738e-02
  4 -0.01841  3.99525e-02 |  5 -0.13877  4.59160e-02 |  6 -0.02351  1.99834e-02
  7 -0.11425  4.78861e-02 |  8 -0.07530  5.20029e-02 |  9  0.00139  4.17355e-02
 10  0.10557  1.86679e-02 | 11 -0.02569  1.95708e-02 | 12  0.01508 -1.52608e-02
 13  0.02798 -7.39040e-02 | 14  0.07208 -1.36545e-01 | 15  0.01685 -6.78589e-03
 16 -0.05496  6.16665e-02 | 17 -0.00677  3.55813e-02 | 18  0.07216  2.66898e-03
 19  0.11279 -1.17461e-01 | 20 -0.04474  5.87883e-03 | 21 -0.02329  1.57192e-02
 22 -0.01506 -9.45561e-03 | 23 -0.04127 -9.58193e-03 | 24  0.03742 -8.72590e-03
 25  0.05305  1.32752e-02 | 26  0.02985  1.97128e-02 | 27  0.05218  1.10754e-01
 28  0.02533  1.41782e-01 | 29  0.02968  1.57047e-02 | 30  0.02104  7.45376e-03
 31  0.05677 -2.36750e-02 | 32  0.08486 -1.96947e-01 | 33 -0.02240 -1.12344e-01
 34 -0.01783 -1.90946e-01 | 35  0.03060 -1.48726e-02 | 36 -0.25704  3.64966e-02
 37  0.24404 -6.02212e-01 | 38  0.22630 -4.22688e-01 | 39  0.24558 -2.84035e-01
 40  0.23730  2.63912e-01 | 41  0.49875 -7.56077e-02 | 42 -0.65696  1.03960e-01
 43  0.35651  4.00576e-02 | 44 -0.34724 -9.30284e-02 | 45  0.99993 -4.72630e-02
 46 -1.00367  6.46597e-02 | 47  0.21410 -3.32785e-01 | 48 -0.47935  6.03278e-01
 49 -0.44183 -1.25537e-02 | 50 -0.46472 -1.13634e-01 | 51 -0.26546  4.60125e-03
 52 -0.52632  1.01975e-01 |
52 variables; iteration 120; function evaluation 148; phase 3
Function value 2.8101835e+03; maximum gradient component mag -8.0388e-02
Var    Value     Gradient |Var    Value     Gradient |Var    Value     Gradient
  1  0.05065 -8.03876e-02 |  2 -0.00674  1.16945e-03 |  3  0.03421  3.80429e-04
  4 -0.01844  3.11477e-03 |  5 -0.13880  2.45533e-03 |  6 -0.02352  1.04813e-02
  7 -0.11428  8.42391e-04 |  8 -0.07532  1.85613e-03 |  9  0.00137  2.05627e-03
 10  0.10557  8.71996e-03 | 11 -0.02568  5.59085e-03 | 12  0.01510  3.67575e-03
 13  0.02800  1.25561e-02 | 14  0.07209  2.01931e-03 | 15  0.01686  1.23168e-02
 16 -0.05498  9.58239e-03 | 17 -0.00677  6.89952e-03 | 18  0.07218  4.19968e-03
 19  0.11283  3.36759e-03 | 20 -0.04471  3.96096e-03 | 21 -0.02327  2.78708e-03
 22 -0.01505 -4.14620e-03 | 23 -0.04128 -1.99425e-03 | 24  0.03743  7.00336e-03
 25  0.05305  1.19795e-02 | 26  0.02985  1.11822e-02 | 27  0.05217 -1.17074e-02
 28  0.02532 -2.04436e-02 | 29  0.02969 -4.26487e-03 | 30  0.02106 -8.69380e-03
 31  0.05677 -7.04364e-03 | 32  0.08487 -1.90610e-02 | 33 -0.02240 -9.80817e-03
 34 -0.01781  4.93476e-03 | 35  0.03059 -3.57274e-02 | 36 -0.25703  2.32825e-03
 37  0.24402  2.49407e-02 | 38  0.22629 -1.57007e-02 | 39  0.24557  1.60548e-03
 40  0.23728 -3.17981e-02 | 41  0.49837 -1.42536e-02 | 42 -0.65694  1.91834e-02
 43  0.35650 -8.08851e-03 | 44 -0.34720  3.60882e-02 | 45  1.00002  9.12160e-03
 46 -1.00430 -1.88738e-03 | 47  0.21409  6.33237e-03 | 48 -0.47937 -2.92636e-04
 49 -0.44160  1.73860e-03 | 50 -0.46450 -3.36081e-02 | 51 -0.26548 -1.07754e-03
 52 -0.52636  2.09257e-02 |
52 variables; iteration 140; function evaluation 169; phase 3
Function value 2.8101832e+03; maximum gradient component mag 3.9032e-01
Var    Value     Gradient |Var    Value     Gradient |Var    Value     Gradient
  1  0.05066 -1.79442e-02 |  2 -0.00672  3.11721e-02 |  3  0.03423  4.30024e-02
  4 -0.01842  2.05451e-03 |  5 -0.13880 -9.68782e-03 |  6 -0.02353 -4.02779e-02
  7 -0.11428  3.33339e-03 |  8 -0.07532  2.48204e-03 |  9  0.00137  1.15954e-02
 10  0.10557  2.66202e-02 | 11 -0.02569 -4.87764e-03 | 12  0.01510  2.69068e-02
 13  0.02799  1.85713e-02 | 14  0.07210  5.31892e-02 | 15  0.01686  5.71972e-03
 16 -0.05499 -2.88269e-02 | 17 -0.00677 -4.69094e-03 | 18  0.07218  2.01748e-02
 19  0.11284  5.26850e-02 | 20 -0.04471 -1.36513e-02 | 21 -0.02326  1.36234e-02
 22 -0.01501  1.28943e-01 | 23 -0.04125  5.86677e-02 | 24  0.03741 -9.26628e-02
 25  0.05302 -1.73134e-01 | 26  0.02982 -1.75494e-01 | 27  0.05219  8.62205e-02
 28  0.02533  1.20279e-01 | 29  0.02970  3.28044e-02 | 30  0.02106  8.61668e-03
 31  0.05676 -5.21179e-02 | 32  0.08486 -1.12296e-01 | 33 -0.02241 -5.05541e-02
 34 -0.01783 -5.70957e-02 | 35  0.03060  1.61095e-02 | 36 -0.25704 -5.03023e-03
 37  0.24402  1.56596e-01 | 38  0.22629  2.66898e-01 | 39  0.24557 -4.14926e-02
 40  0.23728  1.41410e-01 | 41  0.43391 -2.83916e-01 | 42 -0.67072  3.89249e-01
 43  0.35650 -2.81684e-02 | 44 -0.34719  9.11578e-02 | 45  0.99994 -3.93815e-02
 46 -1.00427  6.65825e-04 | 47  0.21409  1.63480e-02 | 48 -0.47937 -9.46088e-03
 49 -0.39989 -4.86643e-02 | 50 -0.42157 -3.80391e-01 | 51 -0.25554  3.53941e-02
 52 -0.51304  3.90317e-01 |
52 variables; iteration 160; function evaluation 190; phase 3
Function value 2.8101828e+03; maximum gradient component mag -8.0791e-01
Var    Value     Gradient |Var    Value     Gradient |Var    Value     Gradient
  1  0.05065 -8.07913e-01 |  2 -0.00675 -7.87905e-03 |  3  0.03419 -2.04214e-02
  4 -0.01844  3.73054e-03 |  5 -0.13881  1.12640e-02 |  6 -0.02352  2.36017e-02
  7 -0.11428  9.37711e-03 |  8 -0.07533  1.08748e-02 |  9  0.00137  1.06639e-02
 10  0.10557 -6.38008e-03 | 11 -0.02568  1.04359e-02 | 12  0.01509 -1.08399e-02
 13  0.02799 -6.10136e-03 | 14  0.07210  2.13328e-02 | 15  0.01685 -2.59078e-02
 16 -0.05498 -1.06851e-03 | 17 -0.00677 -3.16302e-03 | 18  0.07218  9.48286e-03
 19  0.11283  7.22245e-03 | 20 -0.04470  1.19882e-02 | 21 -0.02326  9.56923e-03
 22 -0.01505  1.19740e-02 | 23 -0.04127 -2.12517e-05 | 24  0.03743  2.89899e-03
 25  0.05306  1.18445e-02 | 26  0.02985 -3.69177e-03 | 27  0.05218 -1.81614e-02
 28  0.02532 -2.45199e-02 | 29  0.02969 -2.07073e-02 | 30  0.02106 -3.22836e-02
 31  0.05678 -1.07246e-02 | 32  0.08487 -5.26324e-02 | 33 -0.02240 -2.60028e-02
 34 -0.01782 -1.29734e-02 | 35  0.03061  9.04873e-02 | 36 -0.25701  1.20876e-02
 37  0.24402  7.88959e-02 | 38  0.22629 -8.53616e-02 | 39  0.24557 -1.77024e-02
 40  0.23728 -1.15000e-01 | 41  0.35500 -5.55091e-01 | 42 -0.69409  6.07730e-01
 43  0.35649 -3.29198e-02 | 44 -0.34721  1.97666e-02 | 45  0.99997 -1.78998e-02
 46 -1.00433 -5.17424e-03 | 47  0.21409 -1.30341e-02 | 48 -0.47937  4.84998e-02
 49 -0.34685 -4.53746e-02 | 50 -0.36734 -7.59753e-01 | 51 -0.23967  4.16378e-02
 52 -0.49219  6.88006e-01 |
52 variables; iteration 180; function evaluation 211; phase 3
Function value 2.8101826e+03; maximum gradient component mag -6.7186e-01
Var    Value     Gradient |Var    Value     Gradient |Var    Value     Gradient
  1  0.05065 -6.71859e-01 |  2 -0.00674 -3.28886e-03 |  3  0.03420 -1.61279e-02
  4 -0.01844  4.56033e-03 |  5 -0.13881  1.01113e-02 |  6 -0.02352  2.31735e-02
  7 -0.11428  9.13009e-03 |  8 -0.07533  7.28447e-03 |  9  0.00136  3.63742e-03
 10  0.10557 -5.64492e-03 | 11 -0.02569  8.01430e-03 | 12  0.01509 -1.33616e-03
 13  0.02800  1.01831e-02 | 14  0.07210  1.87051e-02 | 15  0.01686 -1.86848e-02
 16 -0.05498  2.71091e-03 | 17 -0.00676  1.03213e-02 | 18  0.07218  1.58053e-02
 19  0.11283  1.66182e-02 | 20 -0.04470  1.44604e-02 | 21 -0.02326  1.29474e-02
 22 -0.01504  2.63372e-02 | 23 -0.04127  1.51818e-02 | 24  0.03743 -4.28793e-03
 25  0.05305 -3.95000e-03 | 26  0.02985 -1.98015e-02 | 27  0.05218 -9.95589e-03
 28  0.02532 -1.72623e-02 | 29  0.02969 -7.41417e-03 | 30  0.02106 -2.83557e-02
 31  0.05677 -2.02648e-02 | 32  0.08487 -7.11195e-02 | 33 -0.02241 -3.79981e-02
 34 -0.01782 -3.28936e-03 | 35  0.03061  4.58207e-02 | 36 -0.25702  1.21138e-02
 37  0.24402  7.28532e-02 | 38  0.22629 -7.40839e-02 | 39  0.24557  6.81691e-03
 40  0.23728 -9.32649e-02 | 41  0.29679 -4.72464e-01 | 42 -0.71742  4.69682e-01
 43  0.35649 -2.34457e-02 | 44 -0.34721  3.30939e-02 | 45  0.99992 -5.60079e-02
 46 -1.00429 -1.21163e-03 | 47  0.21409 -1.42241e-02 | 48 -0.47937  2.81401e-02
 49 -0.30681 -4.23486e-02 | 50 -0.32655 -6.34300e-01 | 51 -0.22506  3.91727e-02
 52 -0.47339  5.87434e-01 |
52 variables; iteration 200; function evaluation 233; phase 3
Function value 2.8101826e+03; maximum gradient component mag -3.8579e-01
Var    Value     Gradient |Var    Value     Gradient |Var    Value     Gradient
  1  0.05065 -3.36961e-01 |  2 -0.00674  1.10983e-03 |  3  0.03420 -4.37583e-03
  4 -0.01844  3.54419e-03 |  5 -0.13881  5.19955e-03 |  6 -0.02353  8.34770e-03
  7 -0.11428  5.24816e-03 |  8 -0.07533  3.46679e-03 |  9  0.00137  1.01886e-03
 10  0.10557 -6.17303e-03 | 11 -0.02569  2.85567e-03 | 12  0.01509 -1.26586e-04
 13  0.02800  1.86657e-03 | 14  0.07209 -3.95181e-04 | 15  0.01686 -4.48300e-03
 16 -0.05498  2.59498e-03 | 17 -0.00677  2.20325e-03 | 18  0.07218  9.77738e-03
 19  0.11283  9.78011e-03 | 20 -0.04471  5.60703e-03 | 21 -0.02326  4.65553e-03
 22 -0.01505  6.28058e-03 | 23 -0.04127  2.75534e-03 | 24  0.03743  1.41568e-03
 25  0.05305  6.37145e-03 | 26  0.02985  2.67005e-03 | 27  0.05218 -8.54625e-03
 28  0.02532 -1.38827e-02 | 29  0.02969 -3.57448e-03 | 30  0.02106 -8.34499e-03
 31  0.05678 -6.01796e-03 | 32  0.08487 -2.44013e-02 | 33 -0.02240 -1.42465e-02
 34 -0.01782 -1.88022e-03 | 35  0.03060  8.16691e-03 | 36 -0.25702  5.95862e-03
 37  0.24402  4.97582e-03 | 38  0.22629 -2.04872e-02 | 39  0.24557  2.33921e-03
 40  0.23728 -1.31410e-02 | 41  0.25689 -2.84659e-01 | 42 -0.73755  2.70813e-01
 43  0.35649 -2.68600e-03 | 44 -0.34721  8.64696e-03 | 45  0.99999 -1.71963e-03
 46 -1.00430 -2.02623e-03 | 47  0.21409 -5.37342e-03 | 48 -0.47937  6.60729e-03
 49 -0.27904 -2.11196e-02 | 50 -0.29834 -3.85794e-01 | 51 -0.21341  2.25746e-02
 52 -0.45865  3.75667e-01 |
52 variables; iteration 220; function evaluation 259; phase 3
Function value 2.8101825e+03; maximum gradient component mag 3.7811e-02
Var    Value     Gradient |Var    Value     Gradient |Var    Value     Gradient
  1  0.05065 -1.55937e-02 |  2 -0.00674 -7.52795e-05 |  3  0.03420  1.60381e-04
  4 -0.01844  4.01748e-05 |  5 -0.13881  6.66462e-04 |  6 -0.02353  9.28815e-04
  7 -0.11428  1.59946e-04 |  8 -0.07533  5.05586e-04 |  9  0.00137 -3.04388e-04
 10  0.10557  4.83178e-04 | 11 -0.02569 -5.19332e-04 | 12  0.01510  9.28381e-04
 13  0.02799  1.70671e-04 | 14  0.07209  1.21133e-03 | 15  0.01686  8.06897e-05
 16 -0.05498  9.61552e-04 | 17 -0.00677 -7.72774e-04 | 18  0.07218  2.20291e-03
 19  0.11283  4.20450e-03 | 20 -0.04471  4.47226e-04 | 21 -0.02326  1.63174e-03
 22 -0.01505  1.55442e-03 | 23 -0.04127  5.74338e-04 | 24  0.03743  1.10005e-04
 25  0.05305  1.20127e-03 | 26  0.02985  5.70313e-04 | 27  0.05218 -6.05854e-04
 28  0.02532 -2.86482e-03 | 29  0.02969 -1.65897e-04 | 30  0.02106 -1.36940e-03
 31  0.05678 -1.31926e-03 | 32  0.08487 -5.21094e-03 | 33 -0.02240 -2.96775e-03
 34 -0.01782  5.67880e-04 | 35  0.03060  4.97951e-04 | 36 -0.25702  2.32703e-04
 37  0.24402 -5.47722e-04 | 38  0.22629  9.60336e-03 | 39  0.24557  1.59430e-03
 40  0.23728  5.05523e-03 | 41  0.23173 -1.42664e-02 | 42 -0.75196  2.06322e-02
 43  0.35649 -4.64281e-04 | 44 -0.34721  1.83097e-04 | 45  0.99999 -1.86791e-03
 46 -1.00430 -1.92633e-03 | 47  0.21409 -3.30605e-03 | 48 -0.47937  7.72627e-03
 49 -0.26145 -8.95701e-04 | 50 -0.28049 -2.37179e-02 | 51 -0.20562  2.33137e-03
 52 -0.44890  3.78114e-02 |
52 variables; iteration 240; function evaluation 282; phase 3
Function value 2.8101825e+03; maximum gradient component mag -1.0360e-01
Var    Value     Gradient |Var    Value     Gradient |Var    Value     Gradient
  1  0.05065 -1.03604e-01 |  2 -0.00674 -9.08787e-04 |  3  0.03420 -3.42949e-03
  4 -0.01844  1.74237e-03 |  5 -0.13881  1.75414e-03 |  6 -0.02353  5.20514e-03
  7 -0.11428  1.36829e-03 |  8 -0.07533  4.75188e-04 |  9  0.00137 -8.76882e-04
 10  0.10557 -3.98115e-03 | 11 -0.02569  7.44883e-04 | 12  0.01509  8.40469e-04
 13  0.02800  3.31234e-03 | 14  0.07209  1.40659e-03 | 15  0.01686 -2.11516e-03
 16 -0.05498  3.04496e-03 | 17 -0.00677  2.78899e-03 | 18  0.07218  6.26212e-03
 19  0.11283  5.75934e-03 | 20 -0.04471  3.45041e-03 | 21 -0.02326  3.52331e-03
 22 -0.01505  5.29042e-03 | 23 -0.04127  3.57513e-03 | 24  0.03743  1.94555e-03
 25  0.05305  5.15403e-03 | 26  0.02985  3.57187e-03 | 27  0.05218 -4.14098e-03
 28  0.02532 -8.11949e-03 | 29  0.02969 -1.77977e-03 | 30  0.02106 -4.96099e-03
 31  0.05678 -4.06480e-03 | 32  0.08487 -1.66274e-02 | 33 -0.02240 -9.44395e-03
 34 -0.01782  2.05397e-04 | 35  0.03060  1.82893e-03 | 36 -0.25702  1.81444e-03
 37  0.24402  1.60174e-03 | 38  0.22629 -9.47478e-03 | 39  0.24557  3.20208e-03
 40  0.23728 -9.41156e-05 | 41  0.20596 -6.62414e-02 | 42 -0.76495  5.13370e-02
 43  0.35649 -1.46433e-03 | 44 -0.34721  5.88909e-03 | 45  0.99999  3.84292e-03
 46 -1.00429 -1.58422e-03 | 47  0.21409 -4.54498e-03 | 48 -0.47937  4.11026e-03
 49 -0.24336 -7.08384e-03 | 50 -0.26217 -9.02312e-02 | 51 -0.19897  6.67605e-03
 52 -0.44065  8.78094e-02 |
52 variables; iteration 260; function evaluation 308; phase 3
Function value 2.8101825e+03; maximum gradient component mag 2.9790e-01
Var    Value     Gradient |Var    Value     Gradient |Var    Value     Gradient
  1  0.05065  2.97900e-01 |  2 -0.00673  1.27121e-03 |  3  0.03421  7.35447e-03
  4 -0.01844 -5.46741e-03 |  5 -0.13881 -5.41296e-03 |  6 -0.02353 -1.31746e-02
  7 -0.11428 -4.61662e-03 |  8 -0.07532 -9.35280e-04 |  9  0.00137  5.43898e-03
 10  0.10557  1.61541e-02 | 11 -0.02568 -2.32934e-03 | 12  0.01510  1.09549e-05
 13  0.02799 -1.17522e-02 | 14  0.07210  6.38085e-03 | 15  0.01686  6.31292e-03
 16 -0.05498 -7.79783e-03 | 17 -0.00677 -1.54927e-02 | 18  0.07218 -6.81657e-03
 19  0.11283 -2.72318e-03 | 20 -0.04471 -9.30393e-03 | 21 -0.02327 -4.71546e-03
 22 -0.01505 -6.66598e-03 | 23 -0.04128 -9.48813e-03 | 24  0.03743 -8.70724e-03
 25  0.05305 -1.81138e-02 | 26  0.02985 -1.52141e-02 | 27  0.05218  1.35242e-02
 28  0.02532  1.91409e-02 | 29  0.02969  3.53609e-03 | 30  0.02106  8.03021e-03
 31  0.05678  7.77398e-03 | 32  0.08487  2.95517e-02 | 33 -0.02240  1.73532e-02
 34 -0.01782  2.70961e-03 | 35  0.03060  6.28693e-04 | 36 -0.25702 -5.95465e-03
 37  0.24402  5.78919e-03 | 38  0.22629  8.23746e-02 | 39  0.24557 -1.32588e-02
 40  0.23728  4.83588e-02 | 41  0.12952  1.16840e-01 | 42 -0.78772 -4.12978e-02
 43  0.35649 -2.74866e-04 | 44 -0.34722 -1.57044e-02 | 45  0.99997 -1.30092e-02
 46 -1.00432 -4.43862e-03 | 47  0.21409 -3.57279e-03 | 48 -0.47937  2.56301e-02
 49 -0.18956  1.27803e-02 | 50 -0.20778  1.48774e-01 | 51 -0.18819 -8.04821e-03
 52 -0.42741 -5.54331e-02 |
52 variables; iteration 280; function evaluation 329; phase 3
Function value 2.8101825e+03; maximum gradient component mag 5.9958e-02
Var    Value     Gradient |Var    Value     Gradient |Var    Value     Gradient
  1  0.05065  5.59847e-02 |  2 -0.00674 -1.80243e-03 |  3  0.03420 -2.03893e-03
  4 -0.01844 -5.65432e-05 |  5 -0.13881 -7.01936e-04 |  6 -0.02353  2.86812e-03
  7 -0.11428 -1.19046e-03 |  8 -0.07533 -1.15168e-03 |  9  0.00137 -1.16532e-03
 10  0.10557 -1.58682e-03 | 11 -0.02569 -1.87757e-04 | 12  0.01509  5.52625e-04
 13  0.02799  3.23628e-03 | 14  0.07209  3.78771e-03 | 15  0.01686 -2.95097e-04
 16 -0.05498  1.88479e-03 | 17 -0.00677  6.20036e-04 | 18  0.07218  3.50743e-03
 19  0.11283  3.32221e-03 | 20 -0.04471  9.95708e-04 | 21 -0.02326  2.04216e-03
 22 -0.01505  3.85853e-03 | 23 -0.04127  2.13813e-03 | 24  0.03743  2.20232e-03
 25  0.05305  3.29149e-03 | 26  0.02985  2.91349e-03 | 27  0.05218 -2.81309e-04
 28  0.02532 -3.20412e-03 | 29  0.02969 -1.38515e-03 | 30  0.02106 -4.00575e-03
 31  0.05678 -2.06955e-03 | 32  0.08487 -8.45777e-03 | 33 -0.02240 -4.74431e-03
 34 -0.01782  1.16131e-03 | 35  0.03060 -2.30048e-04 | 36 -0.25702 -8.47854e-04
 37  0.24402  1.07985e-02 | 38  0.22629 -1.22190e-03 | 39  0.24557  1.63232e-03
 40  0.23728  1.01152e-02 | 41  0.08749  4.71412e-02 | 42 -0.79681 -2.66361e-02
 43  0.35649 -2.87262e-03 | 44 -0.34721  4.16292e-03 | 45  0.99999  1.03687e-02
 46 -1.00429 -1.26144e-03 | 47  0.21409 -5.10569e-03 | 48 -0.47937  4.21369e-03
 49 -0.15998  4.29438e-03 | 50 -0.17795  5.99581e-02 | 51 -0.18420 -2.27687e-03
 52 -0.42254 -3.41206e-02 |
52 variables; iteration 300; function evaluation 356; phase 3
Function value 2.8101823e+03; maximum gradient component mag 6.6566e-01
Var    Value     Gradient |Var    Value     Gradient |Var    Value     Gradient
  1  0.05065  6.65658e-01 |  2 -0.00675 -2.45256e-02 |  3  0.03420 -2.92159e-02
  4 -0.01844 -1.47661e-03 |  5 -0.13881 -8.62198e-03 |  6 -0.02351  4.10041e-02
  7 -0.11428 -1.60781e-02 |  8 -0.07533 -1.47701e-02 |  9  0.00136 -1.50794e-02
 10  0.10556 -2.83131e-02 | 11 -0.02569 -9.04689e-04 | 12  0.01509  1.25929e-03
 13  0.02800  4.33260e-02 | 14  0.07210  4.84554e-02 | 15  0.01686 -5.44417e-03
 16 -0.05497  1.28259e-02 | 17 -0.00677  5.26150e-03 | 18  0.07219  3.42016e-02
 19  0.11284  3.32092e-02 | 20 -0.04470  1.03435e-02 | 21 -0.02326  1.77821e-02
 22 -0.01504  4.34385e-02 | 23 -0.04127  1.93195e-02 | 24  0.03743  3.64074e-02
 25  0.05305  4.07059e-02 | 26  0.02985  3.27978e-02 | 27  0.05217  3.18029e-03
 28  0.02531 -2.95849e-02 | 29  0.02969 -1.59688e-02 | 30  0.02105 -5.53482e-02
 31  0.05677 -2.09684e-02 | 32  0.08486 -8.38530e-02 | 33 -0.02241 -4.78996e-02
 34 -0.01781  1.27914e-02 | 35  0.03060  1.51873e-03 | 36 -0.25702 -6.81329e-03
 37  0.24402  2.06308e-01 | 38  0.22629 -8.82290e-02 | 39  0.24557  1.34346e-02
 40  0.23728  1.10831e-01 | 41  0.03077  3.41057e-01 | 42 -0.77753  1.99523e-02
 43  0.35650 -4.57820e-02 | 44 -0.34720  6.08891e-02 | 45  1.00002  1.23613e-02
 46 -1.00432 -4.16687e-03 | 47  0.21409 -6.22603e-02 | 48 -0.47937  7.68682e-03
 49 -0.12018  3.61764e-02 | 50 -0.13788  4.47584e-01 | 51 -0.19287 -2.20867e-03
 52 -0.43314  4.78796e-02 |
52 variables; iteration 320; function evaluation 377; phase 3
Function value 2.8101820e+03; maximum gradient component mag 4.4854e-01
Var    Value     Gradient |Var    Value     Gradient |Var    Value     Gradient
  1  0.05065  4.48539e-01 |  2 -0.00674 -6.88190e-03 |  3  0.03420 -2.67245e-03
  4 -0.01844 -2.74029e-03 |  5 -0.13881 -6.71782e-03 |  6 -0.02352  6.97029e-03
  7 -0.11428 -9.81332e-03 |  8 -0.07532 -6.43503e-03 |  9  0.00137 -4.54373e-03
 10  0.10557 -5.05442e-03 | 11 -0.02569 -3.48907e-03 | 12  0.01509 -1.20277e-04
 13  0.02800  9.03626e-03 | 14  0.07210  1.61380e-02 | 15  0.01686  5.13594e-03
 16 -0.05498 -5.82326e-04 | 17 -0.00677 -1.08243e-02 | 18  0.07218  1.01588e-02
 19  0.11283  1.26724e-02 | 20 -0.04471 -4.98723e-03 | 21 -0.02326  2.48941e-03
 22 -0.01505  9.29503e-03 | 23 -0.04128 -4.12316e-03 | 24  0.03743  8.82531e-03
 25  0.05305  1.97832e-03 | 26  0.02985  7.17781e-03 | 27  0.05218  9.85928e-03
 28  0.02532  3.11963e-03 | 29  0.02969 -1.91609e-03 | 30  0.02106 -1.31908e-02
 31  0.05677 -2.97294e-03 | 32  0.08487 -5.42309e-03 | 33 -0.02240 -1.65857e-03
 34 -0.01782  1.20914e-02 | 35  0.03060 -8.19470e-03 | 36 -0.25702 -7.11061e-03
 37  0.24402  7.22765e-02 | 38  0.22629  3.24196e-02 | 39  0.24557 -9.15049e-03
 40  0.23728  1.00833e-01 | 41 -0.10167  1.44372e-01 | 42 -0.74724  3.62854e-02
 43  0.35649 -1.15539e-02 | 44 -0.34721  8.61365e-03 | 45  0.99995 -3.31848e-02
 46 -1.00431 -3.99475e-03 | 47  0.21409 -2.69505e-02 | 48 -0.47937  1.08799e-02
 49 -0.02874  2.36005e-02 | 50 -0.04611  1.88956e-01 | 51 -0.20812 -5.99020e-03
 52 -0.45202  6.66565e-02 |
52 variables; iteration 340; function evaluation 399; phase 3
Function value 2.8101820e+03; maximum gradient component mag 1.3907e-01
Var    Value     Gradient |Var    Value     Gradient |Var    Value     Gradient
  1  0.05065  1.39069e-01 |  2 -0.00674 -2.10318e-03 |  3  0.03420 -4.64756e-04
  4 -0.01844 -1.90972e-03 |  5 -0.13881 -1.88502e-03 |  6 -0.02353 -1.44798e-03
  7 -0.11428 -2.21665e-03 |  8 -0.07533 -1.35271e-03 |  9  0.00137 -1.38819e-03
 10  0.10557  1.99332e-03 | 11 -0.02569 -4.47311e-04 | 12  0.01509  3.98616e-06
 13  0.02799  3.77810e-04 | 14  0.07209  2.41825e-03 | 15  0.01686  7.43885e-04
 16 -0.05498 -1.15702e-03 | 17 -0.00677 -1.49667e-03 | 18  0.07218 -7.71980e-04
 19  0.11283  3.04105e-03 | 20 -0.04471 -3.09787e-03 | 21 -0.02327 -8.26015e-04
 22 -0.01505 -1.20034e-03 | 23 -0.04127 -1.05963e-03 | 24  0.03743  2.12024e-03
 25  0.05305  1.72951e-03 | 26  0.02985  2.09896e-03 | 27  0.05218  2.62662e-03
 28  0.02532  8.00249e-04 | 29  0.02969  1.05995e-04 | 30  0.02106 -4.96385e-04
 31  0.05678  8.32020e-04 | 32  0.08487  5.04507e-03 | 33 -0.02240  1.84613e-03
 34 -0.01782  4.91616e-06 | 35  0.03060 -1.26671e-03 | 36 -0.25702 -2.02259e-03
 37  0.24402  2.55740e-02 | 38  0.22629  6.54743e-03 | 39  0.24557  8.64363e-04
 40  0.23728  1.42525e-02 | 41 -0.17102  3.53084e-02 | 42 -0.72758  4.25224e-02
 43  0.35649 -8.99586e-04 | 44 -0.34721 -1.15263e-03 | 45  1.00001  8.22444e-04
 46 -1.00428 -1.71170e-04 | 47  0.21409  5.87239e-05 | 48 -0.47937 -6.52539e-04
 49  0.01783  3.27408e-03 | 50  0.00049  5.13882e-02 | 51 -0.21907  2.43335e-03
 52 -0.46579  6.18670e-02 |
52 variables; iteration 360; function evaluation 421; phase 3
Function value 2.8101820e+03; maximum gradient component mag -3.4203e-02
Var    Value     Gradient |Var    Value     Gradient |Var    Value     Gradient
  1  0.05065 -3.10894e-02 |  2 -0.00674  3.72748e-04 |  3  0.03420  5.35950e-04
  4 -0.01844  3.01189e-04 |  5 -0.13881  3.86214e-04 |  6 -0.02353  5.05733e-04
  7 -0.11428  2.84205e-04 |  8 -0.07533  5.66369e-04 |  9  0.00137  1.00954e-03
 10  0.10557  1.24097e-03 | 11 -0.02569  5.55873e-04 | 12  0.01510 -4.74264e-05
 13  0.02799 -6.99167e-04 | 14  0.07209 -3.74807e-04 | 15  0.01686  8.19894e-04
 16 -0.05498 -3.87964e-05 | 17 -0.00677 -9.16456e-04 | 18  0.07218 -9.05030e-07
 19  0.11283  5.00312e-04 | 20 -0.04471  9.57259e-05 | 21 -0.02327  1.36275e-04
 22 -0.01505 -3.66021e-04 | 23 -0.04127 -5.60540e-04 | 24  0.03743  5.83917e-04
 25  0.05305 -6.17799e-04 | 26  0.02985 -8.01321e-04 | 27  0.05218 -8.55788e-04
 28  0.02532 -9.05922e-04 | 29  0.02969 -4.42329e-04 | 30  0.02106 -2.45676e-04
 31  0.05678 -3.23255e-04 | 32  0.08487 -2.06002e-04 | 33 -0.02240  4.06144e-04
 34 -0.01782 -1.52586e-04 | 35  0.03060 -1.35474e-03 | 36 -0.25702  4.78344e-04
 37  0.24402  1.57926e-03 | 38  0.22629  1.63572e-03 | 39  0.24557 -2.39696e-03
 40  0.23728 -4.02413e-03 | 41 -0.20263 -2.47241e-02 | 42 -0.71760  1.19521e-02
 43  0.35649 -3.94048e-04 | 44 -0.34721 -3.80279e-04 | 45  1.00001  2.14612e-04
 46 -1.00428 -2.46857e-04 | 47  0.21409 -2.07592e-03 | 48 -0.47937  9.67656e-04
 49  0.03865 -1.75694e-03 | 50  0.02129 -3.42031e-02 | 51 -0.22496  6.07718e-04
 52 -0.47326  1.99856e-02 |
52 variables; iteration 380; function evaluation 444; phase 3
Function value 2.8101820e+03; maximum gradient component mag -2.1996e-01
Var    Value     Gradient |Var    Value     Gradient |Var    Value     Gradient
  1  0.05065 -2.19961e-01 |  2 -0.00674  2.13105e-03 |  3  0.03420 -2.80102e-03
  4 -0.01844  2.00167e-03 |  5 -0.13881  3.50723e-03 |  6 -0.02353 -1.20739e-03
  7 -0.11428  4.79802e-03 |  8 -0.07533  1.69035e-03 |  9  0.00136 -4.07638e-03
 10  0.10557 -1.35008e-02 | 11 -0.02569 -1.89675e-03 | 12  0.01509 -3.17711e-04
 13  0.02800  1.63432e-03 | 14  0.07209 -5.44235e-03 | 15  0.01686 -8.06585e-03
 16 -0.05498 -1.99296e-04 | 17 -0.00676  6.51568e-03 | 18  0.07218  1.79072e-03
 19  0.11283 -2.80046e-03 | 20 -0.04471  2.87281e-03 | 21 -0.02327  1.04583e-04
 22 -0.01505  1.81479e-03 | 23 -0.04127  2.78018e-03 | 24  0.03743 -7.63174e-03
 25  0.05305  3.63966e-04 | 26  0.02985  2.06705e-04 | 27  0.05218  6.57337e-04
 28  0.02532  3.09407e-03 | 29  0.02970  2.57726e-03 | 30  0.02106  1.18314e-03
 31  0.05678 -3.74869e-04 | 32  0.08487 -6.77285e-03 | 33 -0.02240 -5.57938e-03
 34 -0.01782 -6.92298e-04 | 35  0.03060  1.74029e-02 | 36 -0.25702  3.45652e-03
 37  0.24402 -3.53507e-02 | 38  0.22629 -2.53381e-02 | 39  0.24557  1.15316e-02
 40  0.23728 -6.33420e-03 | 41 -0.23140 -1.49893e-01 | 42 -0.70273  1.17569e-01
 43  0.35649  4.50038e-03 | 44 -0.34721  2.60443e-03 | 45  1.00001 -1.39829e-03
 46 -1.00426  2.01048e-03 | 47  0.21409  1.53123e-02 | 48 -0.47937 -7.00308e-03
 49  0.05735 -2.00217e-02 | 50  0.03995 -2.10406e-01 | 51 -0.23413  1.49426e-02
 52 -0.48502  1.36084e-01 |
52 variables; iteration 400; function evaluation 467; phase 3
Function value 2.8101819e+03; maximum gradient component mag 6.3215e-01
Var    Value     Gradient |Var    Value     Gradient |Var    Value     Gradient
  1  0.05065  6.32146e-01 |  2 -0.00674 -8.57989e-03 |  3  0.03421  5.69380e-03
  4 -0.01843 -6.29471e-03 |  5 -0.13880 -1.00922e-02 |  6 -0.02352  5.70248e-03
  7 -0.11428 -1.46864e-02 |  8 -0.07532 -4.46212e-03 |  9  0.00138  1.43296e-02
 10  0.10557  4.92511e-02 | 11 -0.02568  8.24820e-03 | 12  0.01510  1.00525e-04
 13  0.02799 -1.21039e-02 | 14  0.07210  1.91160e-02 | 15  0.01687  1.98692e-02
 16 -0.05498 -4.89596e-03 | 17 -0.00677 -2.00921e-02 | 18  0.07218 -4.49269e-03
 19  0.11283  1.48624e-02 | 20 -0.04471 -1.02791e-02 | 21 -0.02327 -1.92439e-03
 22 -0.01505 -6.14829e-03 | 23 -0.04128 -1.13867e-02 | 24  0.03744  2.34325e-02
 25  0.05305  7.48060e-04 | 26  0.02985 -2.90581e-03 | 27  0.05217 -4.77911e-03
 28  0.02532 -1.38291e-02 | 29  0.02969 -5.73979e-03 | 30  0.02106 -1.56362e-03
 31  0.05677  2.63811e-03 | 32  0.08487  2.35077e-02 | 33 -0.02240  1.47989e-02
 34 -0.01782 -1.80252e-03 | 35  0.03059 -4.68742e-02 | 36 -0.25703 -8.47791e-03
 37  0.24402  1.34388e-01 | 38  0.22629  7.88777e-02 | 39  0.24557 -3.31039e-02
 40  0.23728  3.58690e-02 | 41 -0.21459  2.18362e-01 | 42 -0.67640  6.79315e-02
 43  0.35649 -1.04262e-02 | 44 -0.34722 -9.02811e-03 | 45  1.00001 -4.43538e-03
 46 -1.00433 -5.55177e-03 | 47  0.21409 -4.17647e-02 | 48 -0.47937  1.56261e-02
 49  0.04646  5.36363e-02 | 50  0.02910  2.84553e-01 | 51 -0.25158 -2.40416e-02
 52 -0.50778  9.44192e-02 |
52 variables; iteration 420; function evaluation 489; phase 3
Function value 2.8101818e+03; maximum gradient component mag -1.6037e-01
Var    Value     Gradient |Var    Value     Gradient |Var    Value     Gradient
  1  0.05065 -1.52502e-01 |  2 -0.00674 -6.44735e-04 |  3  0.03421  3.60560e-03
  4 -0.01844  7.32511e-04 |  5 -0.13881  1.60314e-03 |  6 -0.02352  8.22641e-03
  7 -0.11428 -5.65997e-04 |  8 -0.07532  4.26505e-03 |  9  0.00137  1.39691e-02
 10  0.10557  2.74797e-02 | 11 -0.02568  9.10280e-03 | 12  0.01510 -7.76971e-04
 13  0.02799 -9.33679e-03 | 14  0.07209  3.30865e-03 | 15  0.01686  1.08478e-02
 16 -0.05498  2.96635e-04 | 17 -0.00677 -8.81127e-03 | 18  0.07218 -1.75165e-03
 19  0.11283  6.35142e-03 | 20 -0.04471 -1.18369e-04 | 21 -0.02327  2.18603e-03
 22 -0.01505 -1.91164e-03 | 23 -0.04128 -4.77639e-03 | 24  0.03743  9.95514e-03
 25  0.05305 -5.13119e-03 | 26  0.02985 -1.03665e-02 | 27  0.05217 -1.22556e-02
 28  0.02532 -1.34844e-02 | 29  0.02969 -5.10429e-03 | 30  0.02106 -1.30683e-03
 31  0.05677 -2.82784e-03 | 32  0.08487 -1.95283e-03 | 33 -0.02240  3.93992e-03
 34 -0.01782 -4.26647e-03 | 35  0.03060 -2.36405e-02 | 36 -0.25702  2.81072e-03
 37  0.24402  3.98883e-02 | 38  0.22629  2.66891e-02 | 39  0.24557 -2.82100e-02
 40  0.23728 -4.20013e-02 | 41 -0.14379 -1.09871e-01 | 42 -0.66111  5.34267e-02
 43  0.35649 -5.68114e-03 | 44 -0.34721 -3.71501e-03 | 45  0.99998 -3.64132e-03
 46 -1.00431 -3.31319e-03 | 47  0.21409 -3.16535e-02 | 48 -0.47937  1.22446e-02
 49 -0.00033 -2.55884e-03 | 50 -0.01767 -1.60368e-01 | 51 -0.26244 -4.40952e-03
 52 -0.52225  5.90447e-02 |
52 variables; iteration 440; function evaluation 514; phase 3
Function value 2.8101818e+03; maximum gradient component mag 5.9744e-02
Var    Value     Gradient |Var    Value     Gradient |Var    Value     Gradient
  1  0.05065  5.97436e-02 |  2 -0.00674 -5.89927e-04 |  3  0.03420 -1.78387e-04
  4 -0.01844 -5.47558e-04 |  5 -0.13881 -8.55357e-04 |  6 -0.02353 -6.70365e-04
  7 -0.11428 -9.08768e-04 |  8 -0.07533 -7.80836e-04 |  9  0.00137 -6.97324e-04
 10  0.10557  2.48878e-04 | 11 -0.02569 -5.00433e-04 | 12  0.01510  9.77228e-05
 13  0.02799  7.78137e-05 | 14  0.07209  9.77513e-04 | 15  0.01686 -2.14652e-04
 16 -0.05498 -4.80545e-04 | 17 -0.00677 -1.44424e-04 | 18  0.07218 -1.66455e-04
 19  0.11283  2.40666e-04 | 20 -0.04471 -7.51541e-04 | 21 -0.02327 -4.41136e-04
 22 -0.01505 -1.34108e-04 | 23 -0.04127 -1.91691e-04 | 24  0.03743  1.47782e-04
 25  0.05305  5.23832e-04 | 26  0.02985  8.84621e-04 | 27  0.05218  1.09482e-03
 28  0.02532  8.11500e-04 | 29  0.02969  3.44228e-04 | 30  0.02106  2.69488e-04
 31  0.05678  5.24762e-04 | 32  0.08487  1.84861e-03 | 33 -0.02240  4.50408e-04
 34 -0.01782  2.22747e-04 | 35  0.03060  2.03759e-04 | 36 -0.25702 -9.02577e-04
 37  0.24402  4.00103e-03 | 38  0.22629  2.15866e-03 | 39  0.24557  1.14939e-03
 40  0.23728  7.50352e-03 | 41 -0.08117  2.62839e-02 | 42 -0.65048  2.81511e-03
 43  0.35649  2.28506e-04 | 44 -0.34721 -2.80832e-04 | 45  0.99997 -1.79727e-02
 46 -1.00428  4.30344e-05 | 47  0.21409  1.33950e-03 | 48 -0.47937 -5.17288e-04
 49 -0.04271  3.46437e-03 | 50 -0.06011  3.49955e-02 | 51 -0.27029 -6.19088e-04
 52 -0.53288  3.70011e-03 |
52 variables; iteration 460; function evaluation 534; phase 3
Function value 2.8101818e+03; maximum gradient component mag -1.7210e-02
Var    Value     Gradient |Var    Value     Gradient |Var    Value     Gradient
  1  0.05065 -1.72102e-02 |  2 -0.00674 -3.17189e-04 |  3  0.03420 -6.55165e-04
  4 -0.01844  1.54344e-05 |  5 -0.13881  2.94807e-04 |  6 -0.02353  1.54678e-04
  7 -0.11428  2.99780e-04 |  8 -0.07533  1.81396e-04 |  9  0.00137  2.14238e-04
 10  0.10557  8.93027e-04 | 11 -0.02569  4.06174e-04 | 12  0.01510 -2.59765e-04
 13  0.02799 -7.55937e-04 | 14  0.07209  9.79902e-05 | 15  0.01686 -1.19144e-03
 16 -0.05498 -1.42369e-04 | 17 -0.00677  1.18873e-03 | 18  0.07218 -2.38922e-04
 19  0.11283 -2.93958e-04 | 20 -0.04471  2.28335e-04 | 21 -0.02327  8.01060e-05
 22 -0.01505  4.70963e-04 | 23 -0.04127  4.17119e-04 | 24  0.03743 -9.71013e-04
 25  0.05305 -3.47798e-04 | 26  0.02985 -6.86218e-04 | 27  0.05218 -9.46750e-04
 28  0.02532 -1.40285e-04 | 29  0.02969  3.76550e-04 | 30  0.02106  9.89126e-04
 31  0.05678 -1.27135e-04 | 32  0.08487 -7.93975e-04 | 33 -0.02240 -6.71832e-04
 34 -0.01782 -8.93135e-04 | 35  0.03060  1.82635e-03 | 36 -0.25702  1.70539e-04
 37  0.24402 -2.74024e-03 | 38  0.22629 -9.85570e-04 | 39  0.24557  3.18093e-04
 40  0.23728 -3.45088e-03 | 41 -0.06864 -8.78030e-03 | 42 -0.64835  6.30096e-03
 43  0.35649  1.03867e-03 | 44 -0.34721 -5.95325e-05 | 45  0.99999  8.07516e-03
 46 -1.00428  1.98512e-04 | 47  0.21409  2.37717e-03 | 48 -0.47937 -3.87173e-04
 49 -0.05130 -1.22085e-03 | 50 -0.06872 -1.16524e-02 | 51 -0.27189  1.08490e-03
 52 -0.53506  5.68945e-03 |
52 variables; iteration 480; function evaluation 555; phase 3
Function value 2.8101818e+03; maximum gradient component mag -1.8393e-02
Var    Value     Gradient |Var    Value     Gradient |Var    Value     Gradient
  1  0.05065 -1.83931e-02 |  2 -0.00674  6.22152e-04 |  3  0.03420  3.79148e-04
  4 -0.01844  2.88567e-04 |  5 -0.13881  2.52709e-04 |  6 -0.02353 -2.77894e-04
  7 -0.11428  4.10541e-04 |  8 -0.07533  1.77535e-04 |  9  0.00137 -4.18367e-04
 10  0.10557 -1.91640e-03 | 11 -0.02569 -4.26201e-04 | 12  0.01510  1.34611e-04
 13  0.02799  5.90824e-04 | 14  0.07209 -8.97179e-04 | 15  0.01686  1.34025e-04
 16 -0.05498  1.58094e-04 | 17 -0.00677 -2.28571e-04 | 18  0.07218  2.87996e-04
 19  0.11283 -2.02382e-04 | 20 -0.04471  1.90975e-04 | 21 -0.02327 -1.43123e-05
 22 -0.01505 -2.45087e-04 | 23 -0.04127 -4.20470e-05 | 24  0.03743 -1.82227e-04
 25  0.05305  4.60725e-05 | 26  0.02985  3.55341e-04 | 27  0.05218  5.47814e-04
 28  0.02532  3.93358e-04 | 29  0.02969 -6.90018e-05 | 30  0.02106 -4.73684e-04
 31  0.05678 -3.97396e-05 | 32  0.08487 -2.07938e-04 | 33 -0.02240  5.47143e-06
 34 -0.01782  5.18330e-04 | 35  0.03060  3.11886e-04 | 36 -0.25702  2.92417e-04
 37  0.24402 -2.94816e-03 | 38  0.22629 -1.65562e-03 | 39  0.24557  5.50925e-04
 40  0.23728  1.34441e-04 | 41 -0.08067 -1.08274e-02 | 42 -0.64319  2.93349e-03
 43  0.35649 -1.51969e-04 | 44 -0.34721  1.31363e-04 | 45  0.99999  9.07128e-03
 46 -1.00428  3.20448e-05 | 47  0.21409 -1.04729e-04 | 48 -0.47937 -1.46189e-04
 49 -0.04306 -1.46411e-03 | 50 -0.06046 -1.42713e-02 | 51 -0.27583  4.80042e-04
 52 -0.54046  2.54240e-03 |
Warning: the following parameters had issues
  selparm[5] is within 0.1% of upper bound: -1.00000e+00 < 1.50000e+01 < 1.50000e+01
  selparm[6] is within 0.1% of lower bound: -1.00000e+00 < -9.99763e-01 < 2.00000e+01


 - final statistics:
52 variables; iteration 499; function evaluation 575
Function value 2.8102e+03; maximum gradient component mag 5.9572e-05
Exit code = 1;  converg criter 1.0000e-04
Var    Value     Gradient |Var    Value     Gradient |Var    Value     Gradient
  1  0.05065  5.95724e-05 |  2 -0.00674 -5.95394e-06 |  3  0.03420 -5.41780e-06
  4 -0.01844 -2.03189e-06 |  5 -0.13881 -6.09935e-07 |  6 -0.02353  4.51953e-06
  7 -0.11428 -2.07793e-06 |  8 -0.07533 -2.53127e-07 |  9  0.00137  4.85638e-06
 10  0.10557  1.92150e-05 | 11 -0.02569  5.54091e-06 | 12  0.01510 -1.84578e-06
 13  0.02799 -6.88851e-06 | 14  0.07209  8.03624e-06 | 15  0.01686 -3.93906e-06
 16 -0.05498 -1.53739e-06 | 17 -0.00677  4.90799e-06 | 18  0.07218 -2.32607e-06
 19  0.11283  2.02240e-06 | 20 -0.04471 -7.90723e-08 | 21 -0.02327  9.59339e-07
 22 -0.01505  3.50202e-06 | 23 -0.04127  1.58607e-06 | 24  0.03743  2.49160e-07
 25  0.05305 -5.13682e-07 | 26  0.02985 -5.34146e-06 | 27  0.05218 -8.70267e-06
 28  0.02532 -6.27853e-06 | 29  0.02969  9.71822e-07 | 30  0.02106  5.34687e-06
 31  0.05678 -4.38606e-07 | 32  0.08487 -2.37900e-06 | 33 -0.02240 -3.17193e-06
 34 -0.01782 -7.28152e-06 | 35  0.03060  4.98461e-07 | 36 -0.25702 -9.82619e-07
 37  0.24402  2.33814e-05 | 38  0.22629  6.25299e-06 | 39  0.24557 -3.92889e-06
 40  0.23728 -1.87096e-05 | 41 -0.07559  2.08598e-05 | 42 -0.64096  5.04397e-05
 43  0.35649  2.79141e-06 | 44 -0.34721 -1.62296e-07 | 45  0.99999 -8.30543e-06
 46 -1.00428  2.20897e-07 | 47  0.21409  5.27347e-06 | 48 -0.47937  9.50707e-07
 49 -0.04654  6.45695e-06 | 50 -0.06395  2.40343e-05 | 51 -0.27755  1.18820e-06
 52 -0.54282  4.66837e-05 |
Estimating row 1 out of 52 for hessian
Estimating row 2 out of 52 for hessian
Estimating row 3 out of 52 for hessian
Estimating row 4 out of 52 for hessian
Estimating row 5 out of 52 for hessian
Estimating row 6 out of 52 for hessian
Estimating row 7 out of 52 for hessian
Estimating row 8 out of 52 for hessian
Estimating row 9 out of 52 for hessian
Estimating row 10 out of 52 for hessian
Estimating row 11 out of 52 for hessian
Estimating row 12 out of 52 for hessian
Estimating row 13 out of 52 for hessian
Estimating row 14 out of 52 for hessian
Estimating row 15 out of 52 for hessian
Estimating row 16 out of 52 for hessian
Estimating row 17 out of 52 for hessian
Estimating row 18 out of 52 for hessian
Estimating row 19 out of 52 for hessian
Estimating row 20 out of 52 for hessian
Estimating row 21 out of 52 for hessian
Estimating row 22 out of 52 for hessian
Estimating row 23 out of 52 for hessian
Estimating row 24 out of 52 for hessian
Estimating row 25 out of 52 for hessian
Estimating row 26 out of 52 for hessian
Estimating row 27 out of 52 for hessian
Estimating row 28 out of 52 for hessian
Estimating row 29 out of 52 for hessian
Estimating row 30 out of 52 for hessian
Estimating row 31 out of 52 for hessian
Estimating row 32 out of 52 for hessian
Estimating row 33 out of 52 for hessian
Estimating row 34 out of 52 for hessian
Estimating row 35 out of 52 for hessian
Estimating row 36 out of 52 for hessian
Estimating row 37 out of 52 for hessian
Estimating row 38 out of 52 for hessian
Estimating row 39 out of 52 for hessian
Estimating row 40 out of 52 for hessian
Estimating row 41 out of 52 for hessian
Estimating row 42 out of 52 for hessian
Estimating row 43 out of 52 for hessian
Estimating row 44 out of 52 for hessian
Estimating row 45 out of 52 for hessian
Estimating row 46 out of 52 for hessian
Estimating row 47 out of 52 for hessian
Estimating row 48 out of 52 for hessian
Estimating row 49 out of 52 for hessian
Estimating row 50 out of 52 for hessian
Estimating row 51 out of 52 for hessian
Estimating row 52 out of 52 for hessian
size of file gradfil1.tmp = 0
size of file gradfil2.tmp = 0
size of file varssave.tmp = 0
size of file cmpdiff.tmp = 0
