
Initial statistics: 36 variables; iteration 0; function evaluation 0; phase 1
Function value 9.1961174e+03; maximum gradient component mag -6.9651e+04
Var    Value     Gradient |Var    Value     Gradient |Var    Value     Gradient
  1  0.00085 -6.96510e+04 |  2  0.02986  5.63996e+02 |  3  0.03898  1.44086e+01
  4  0.02174  4.96033e+02 |  5 -0.19048  7.66034e+02 |  6 -0.02477  4.39219e+02
  7 -0.12763  9.14625e+02 |  8 -0.07644  8.22666e+02 |  9 -0.03572  6.19167e+02
 10  0.16115 -5.57691e+02 | 11 -0.05143  3.06613e+02 | 12 -0.05091  3.04574e+02
 13  0.02099 -6.16235e+02 | 14  0.13242 -6.09776e+02 | 15  0.00509 -2.34064e+02
 16 -0.03660 -1.79295e+02 | 17  0.02305 -8.71098e+02 | 18  0.01186 -1.10348e+03
 19  0.03294 -1.08384e+03 | 20 -0.02242 -4.82380e+02 | 21 -0.18540 -3.66800e+02
 22 -0.03690 -4.86610e+02 | 23  0.01246  2.34536e+01 | 24  0.04043 -3.73051e+02
 25 -0.04056 -6.23425e+01 | 26  0.06501 -4.09413e+02 | 27  0.05746  2.58606e+02
 28  0.00301 -4.58119e+02 | 29  0.00148 -4.99723e+02 | 30 -0.01597 -1.06026e+02
 31  0.04484  1.01325e+01 | 32  0.03554 -5.70040e+02 | 33  0.06899  8.24480e+02
 34  0.02354  8.85516e+02 | 35  0.01567  1.94103e+02 | 36  0.04522  1.60701e+03

Intermediate statistics: 36 variables; iteration 20; function evaluation 32; phase 1
Function value 6.6843048e+03; maximum gradient component mag -4.5457e+03
Var    Value     Gradient |Var    Value     Gradient |Var    Value     Gradient
  1  0.06010 -4.54574e+03 |  2 -0.02570  5.79441e+01 |  3 -0.00255  3.41240e+01
  4 -0.05474  4.41400e+01 |  5 -0.17839  5.16856e+01 |  6 -0.05670  4.05034e+01
  7 -0.14612  5.65344e+01 |  8 -0.09423  5.58547e+01 |  9  0.01040  5.27521e+01
 10  0.15836  1.69642e+01 | 11  0.01265  4.63440e+01 | 12  0.12117  4.84010e+01
 13  0.12530  4.68370e+01 | 14  0.16037  1.00933e+02 | 15  0.10830  7.39479e+01
 16  0.06636  6.29763e+01 | 17  0.10847  9.46928e+01 | 18  0.20200  9.49560e+01
 19  0.24330  1.41470e+02 | 20  0.15663  1.37309e+02 | 21  0.03697  1.24605e+01
 22  0.06065  7.68855e+01 | 23  0.06472  6.71775e+01 | 24  0.02600 -1.68640e+01
 25 -0.02244 -7.74888e+01 | 26 -0.08238 -1.33752e+02 | 27 -0.07164 -3.96178e+01
 28 -0.03934 -9.15458e+01 | 29 -0.00265  2.42492e+02 | 30 -0.09140  3.80950e+01
 31 -0.11022 -2.13742e+02 | 32  0.02044 -4.94143e+02 | 33 -0.18226 -3.64046e+02
 34 -0.11212 -2.38749e+02 | 35 -0.06675 -1.04820e+02 | 36 -0.34986  1.02277e+02
36 variables; iteration 40; function evaluation 64; phase 1
Function value 6.6472254e+03; maximum gradient component mag -1.1794e+02
Var    Value     Gradient |Var    Value     Gradient |Var    Value     Gradient
  1  0.06353 -7.36750e+01 |  2 -0.02906 -2.16005e+01 |  3  0.01235 -1.74515e+01
  4 -0.02891 -2.97348e+00 |  5 -0.13849  8.16352e+00 |  6 -0.02936 -1.74660e+01
  7 -0.10623  2.45975e+00 |  8 -0.06861 -1.01137e+01 |  9  0.03066 -4.53911e+00
 10  0.17321 -1.39067e+01 | 11  0.02882 -3.01383e+00 | 12  0.13760  7.15079e+00
 13  0.12344 -1.21637e+01 | 14  0.14017 -6.26430e+00 | 15  0.09254 -7.57496e+00
 16  0.05569 -4.02325e+00 | 17  0.08390 -1.02749e+01 | 18  0.17864 -4.67685e+00
 19  0.20506 -1.52702e+01 | 20  0.11827  3.07331e+00 | 21  0.05081  1.95407e+01
 22  0.03206 -7.42196e+00 | 23  0.03954  3.82191e+01 | 24  0.01810  8.64917e+01
 25 -0.02671  1.06676e+02 | 26 -0.07357  1.07622e+02 | 27 -0.08119  1.00512e+01
 28 -0.03475  2.14702e+01 | 29 -0.02709 -1.17937e+02 | 30 -0.10406 -6.50660e+01
 31 -0.09965 -5.68630e+01 | 32  0.00387 -1.19793e+01 | 33 -0.10129 -4.36468e+01
 34 -0.11032 -2.40095e+00 | 35 -0.07095 -1.00721e+01 | 36 -0.41737 -5.37530e+00

 - final statistics:
36 variables; iteration 45; function evaluation 69
Function value 6.6456e+03; maximum gradient component mag 8.1762e+00
Exit code = 1;  converg criter 1.0000e+01
Var    Value     Gradient |Var    Value     Gradient |Var    Value     Gradient
  1  0.06663  8.17624e+00 |  2 -0.01724 -8.04665e-01 |  3  0.02201 -3.55732e-01
  4 -0.01821  1.61805e-01 |  5 -0.13185 -2.39507e-01 |  6 -0.01003  1.14651e+00
  7 -0.09057 -4.48633e-01 |  8 -0.05090 -8.12329e-01 |  9  0.03871 -6.29215e-01
 10  0.17555 -7.51632e-01 | 11  0.02874  5.58514e-01 | 12  0.13251 -1.37624e+00
 13  0.12472  2.24609e+00 | 14  0.13752 -1.96975e-01 | 15  0.09134 -5.51212e-01
 16  0.05331 -4.70798e-01 | 17  0.08293 -3.51695e-01 | 18  0.17416 -6.25582e-01
 19  0.20370  2.99945e-01 | 20  0.11318 -8.72687e-01 | 21  0.04054  8.33064e-01
 22  0.03337  1.77834e+00 | 23  0.03299  1.45830e+00 | 24  0.00902  8.55234e-01
 25 -0.03331  4.75412e+00 | 26 -0.08013  3.40730e+00 | 27 -0.08455 -2.06731e+00
 28 -0.04473 -2.82372e+00 | 29 -0.03004  6.95153e+00 | 30 -0.10794  6.26547e+00
 31 -0.10150 -3.72832e+00 | 32 -0.00556 -7.24812e+00 | 33 -0.09966  3.76259e+00
 34 -0.11879 -1.59812e+00 | 35 -0.07603 -7.13450e-01 | 36 -0.41356  1.29304e+00

Initial statistics: 46 variables; iteration 0; function evaluation 0; phase 2
Function value 6.6456029e+03; maximum gradient component mag 2.9551e+04
Var    Value     Gradient |Var    Value     Gradient |Var    Value     Gradient
  1  0.06663  8.17624e+00 |  2 -0.01724 -1.07453e+00 |  3  0.02201 -6.25530e-01
  4 -0.01822 -1.08044e-01 |  5 -0.13186 -5.03696e-01 |  6 -0.01003  8.76582e-01
  7 -0.09058 -7.15864e-01 |  8 -0.05091 -1.08143e+00 |  9  0.03870 -8.98676e-01
 10  0.17554 -1.01140e+00 | 11  0.02873  2.88830e-01 | 12  0.13250 -1.64038e+00
 13  0.12471  1.98130e+00 | 14  0.13751 -4.60662e-01 | 15  0.09134 -8.18399e-01
 16  0.05330 -7.39813e-01 | 17  0.08292 -6.19368e-01 | 18  0.17416 -8.85505e-01
 19  0.20369  4.36883e-02 | 20  0.11317 -1.13839e+00 | 21  0.04054  5.63653e-01
 22  0.03336  1.50875e+00 | 23  0.03298  1.18870e+00 | 24  0.00901  5.85302e-01
 25 -0.03332  4.48453e+00 | 26 -0.08014  3.13947e+00 | 27 -0.08456 -2.33489e+00
 28 -0.04474 -3.09301e+00 | 29 -0.03005  6.68186e+00 | 30 -0.10795  5.99937e+00
 31 -0.10151 -3.99485e+00 | 32 -0.00557 -7.51807e+00 | 33 -0.09967  3.49592e+00
 34 -0.11879 -1.86339e+00 | 35 -0.07603 -9.81485e-01 | 36 -0.41357  1.07806e+00
 37  0.20708 -1.02920e+04 | 38  0.17578 -1.16131e+04 | 39  0.21489 -1.09003e+03
 40  0.43537  2.95506e+04 | 41 -0.03296 -5.20819e+02 | 42 -0.43040  1.48533e+03
 43 -0.03676  4.92892e+01 | 44 -0.08617 -8.00555e+02 | 45 -0.39381  3.76648e+01
 46 -0.35919  1.18687e+03 |

Intermediate statistics: 46 variables; iteration 20; function evaluation 30; phase 2
Function value 2.6578800e+03; maximum gradient component mag 7.5106e+03
Var    Value     Gradient |Var    Value     Gradient |Var    Value     Gradient
  1  0.25822  3.66514e+03 |  2 -0.02787 -7.66107e+01 |  3  0.01501 -3.87487e+01
  4 -0.02063 -8.58042e+01 |  5 -0.13577 -8.33255e+01 |  6 -0.01995 -6.40336e+01
  7 -0.10523 -8.99150e+01 |  8 -0.07931 -8.10382e+01 |  9 -0.00126 -6.63967e+01
 10  0.12467  4.57765e+01 | 11 -0.02345 -2.32422e+01 | 12  0.06413 -1.85776e+01
 13  0.02965  5.26563e+01 | 14  0.06621  1.26680e+02 | 15  0.01669  1.96832e+01
 16 -0.02611 -4.18858e-01 | 17  0.00864  3.79647e+01 | 18  0.10189  1.79731e+02
 19  0.12457  1.44247e+02 | 20  0.04002  8.17158e+01 | 21 -0.03719  6.00046e+01
 22 -0.03565  3.22534e+01 | 23 -0.01040 -4.84130e+01 | 24  0.00576  1.62340e+01
 25 -0.02954  2.43181e+01 | 26 -0.02529 -1.03950e+02 | 27 -0.02573 -1.59682e+02
 28  0.01721 -8.30236e+00 | 29  0.02447  6.42899e+01 | 30 -0.01476 -2.00455e+02
 31 -0.00008 -1.93670e+02 | 32  0.08998  1.32577e+02 | 33 -0.03785 -3.61971e+01
 34 -0.06163  3.28024e+01 | 35  0.01050 -2.79871e+00 | 36 -0.03129 -3.50458e+01
 37  0.16005  7.51063e+03 | 38  0.14996  3.16109e+03 | 39  0.13451 -1.82613e+02
 40  0.12452 -2.03232e+03 | 41 -0.05734  5.36447e+02 | 42 -0.72475  1.07796e+02
 43 -0.03611  3.76944e+02 | 44 -0.09657  4.01251e+02 | 45 -0.18947 -1.47315e+02
 46 -0.45942  2.62826e+02 |
46 variables; iteration 40; function evaluation 59; phase 2
Function value 2.5011411e+03; maximum gradient component mag 9.5029e+02
Var    Value     Gradient |Var    Value     Gradient |Var    Value     Gradient
  1  0.23686  8.07319e+02 |  2 -0.02350 -2.05183e+01 |  3  0.01411 -4.68417e+01
  4  0.01001 -1.66460e+01 |  5 -0.08061  1.50609e+01 |  6  0.03323  8.78652e+00
  7 -0.04330  1.45188e+01 |  8 -0.03294  1.01918e+01 |  9 -0.01268 -5.77013e+01
 10  0.12445  5.31362e+01 | 11 -0.04066 -4.37161e+00 | 12  0.04374  1.29745e+00
 13  0.01344  6.77118e+01 | 14  0.02037  3.37261e+00 | 15 -0.04245 -5.22567e+01
 16 -0.08107 -3.03844e+01 | 17 -0.03457 -3.43131e+01 | 18  0.05729  1.84059e+01
 19  0.08757 -8.56880e+00 | 20  0.00917  3.95938e+00 | 21 -0.06748 -3.67642e+00
 22 -0.07189 -4.00965e+01 | 23 -0.01123  4.28049e+01 | 24 -0.02619 -4.91701e+01
 25 -0.03612 -1.02478e+01 | 26  0.01949  2.62678e+01 | 27  0.03514  2.55178e+01
 28  0.03288 -1.09943e+01 | 29  0.02768 -1.47948e+01 | 30  0.06207  3.35052e+01
 31  0.05813 -1.88309e+01 | 32  0.08316  4.17888e+01 | 33 -0.02160  2.01890e+01
 34 -0.06879  1.40278e+01 | 35  0.01429  1.41127e+01 | 36 -0.05065 -1.05306e-01
 37  0.15365  9.50293e+02 | 38  0.14535  6.36056e+02 | 39  0.15233  1.31918e+02
 40  0.13563 -3.37571e+01 | 41  0.00697  1.26831e+02 | 42 -0.77195 -8.39133e+01
 43 -0.16581  5.46225e+01 | 44 -0.15954  1.23964e+02 | 45 -0.20568 -1.95581e+01
 46 -0.46289 -1.20817e+02 |
46 variables; iteration 60; function evaluation 94; phase 2
Function value 2.4577604e+03; maximum gradient component mag -7.0792e+02
Var    Value     Gradient |Var    Value     Gradient |Var    Value     Gradient
  1  0.07696 -7.07918e+02 |  2 -0.00170  2.35979e+01 |  3  0.03357 -8.18945e+00
  4 -0.00246  4.24853e+00 |  5 -0.11466  1.80642e+01 |  6 -0.00351 -7.78537e+00
  7 -0.07643  3.47647e+01 |  8 -0.06052  7.70078e+00 |  9  0.00684  1.68681e+00
 10  0.12142  1.00809e+01 | 11 -0.04164  1.86063e+01 | 12  0.03311  8.42298e+00
 13 -0.00099  1.34871e+01 | 14  0.03601 -1.20469e+01 | 15 -0.02900 -1.54792e+01
 16 -0.06794 -2.00065e+00 | 17 -0.02124  2.00231e-01 | 18  0.05835  1.31545e+01
 19  0.09513 -7.66714e+00 | 20  0.01725  2.05141e+01 | 21 -0.06049  1.46584e+01
 22 -0.04852  1.19482e+01 | 23  0.00011 -8.32238e-01 | 24  0.01832 -1.14832e+01
 25 -0.02155 -2.45186e+01 | 26  0.03988 -1.92258e+01 | 27  0.03480 -1.01809e+01
 28  0.03378 -2.39156e+01 | 29  0.01736 -1.06260e+01 | 30  0.04874 -8.98391e+00
 31  0.05840 -2.71911e+01 | 32  0.08503 -4.30712e+01 | 33 -0.01661 -1.09632e+01
 34 -0.07073 -7.11072e+00 | 35  0.00311 -5.93098e+00 | 36 -0.10464  1.10896e+01
 37  0.22595  1.76666e+02 | 38  0.21994 -1.93496e+02 | 39  0.22653 -1.50758e+02
 40  0.21603 -7.06039e+02 | 41 -0.28659 -3.94535e+02 | 42 -0.77450  4.46398e+01
 43  0.03111 -1.15123e+02 | 44  0.04682 -5.20694e+02 | 45 -0.19717  3.65328e+01
 46 -0.45456  4.51257e+01 |
Maximum number of function evaluations exceeded

 - final statistics:
46 variables; iteration 66; function evaluation 100
Function value 2.4492e+03; maximum gradient component mag -4.6220e+01
Exit code = 3;  converg criter 1.0000e+01
Var    Value     Gradient |Var    Value     Gradient |Var    Value     Gradient
  1  0.06436 -4.62198e+01 |  2 -0.01158  7.01153e-01 |  3  0.03090  7.38393e-01
  4 -0.01354  1.35772e+00 |  5 -0.13192  9.34201e-01 |  6 -0.01465  1.46667e+00
  7 -0.10236  5.89807e-01 |  8 -0.06739  9.08098e-01 |  9  0.00809 -2.51241e-01
 10  0.12008 -2.62519e+00 | 11 -0.04601  1.87470e-01 | 12  0.03292  1.68536e+00
 13  0.00583 -8.82789e-02 | 14  0.04892 -1.52492e-01 | 15 -0.01658  1.63966e+00
 16 -0.06071  1.18061e+00 | 17 -0.01875  1.27817e+00 | 18  0.05570  2.09864e-01
 19  0.09745  4.96593e-01 | 20  0.01266  5.77197e-01 | 21 -0.06287  7.41996e-01
 22 -0.04895  2.31349e-01 | 23  0.00654 -1.20157e-01 | 24  0.02849 -2.46799e+00
 25 -0.00946 -1.66573e+00 | 26  0.04333 -4.52561e+00 | 27  0.03528 -1.78199e+00
 28  0.03738 -2.58852e+00 | 29  0.01667 -6.51429e-01 | 30  0.04695  6.24729e-01
 31  0.06094  2.34138e+00 | 32  0.09193 -1.03718e-01 | 33 -0.00936  8.87960e-01
 34 -0.06171  1.12108e-01 | 35  0.00683 -9.85434e-01 | 36 -0.11169  1.94173e+00
 37  0.23134 -1.55280e+01 | 38  0.22833 -1.71192e+01 | 39  0.23663 -6.24363e+00
 40  0.22680 -2.20734e+01 | 41 -0.40661  6.70656e+00 | 42 -0.76192  2.15401e+00
 43  0.14226 -1.08660e+00 | 44  0.13757  1.29615e+01 | 45 -0.20009  1.85686e+00
 46 -0.44743  1.94721e+00 |

Initial statistics: 52 variables; iteration 0; function evaluation 0; phase 3
Function value 2.4492136e+03; maximum gradient component mag -1.1639e+03
Var    Value     Gradient |Var    Value     Gradient |Var    Value     Gradient
  1  0.06436 -4.62198e+01 |  2 -0.01159  6.19640e-01 |  3  0.03090  6.56962e-01
  4 -0.01354  1.27621e+00 |  5 -0.13192  8.54418e-01 |  6 -0.01466  1.38517e+00
  7 -0.10237  5.09332e-01 |  8 -0.06740  8.27027e-01 |  9  0.00809 -3.32762e-01
 10  0.12008 -2.70527e+00 | 11 -0.04601  1.06156e-01 | 12  0.03292  1.60394e+00
 13  0.00583 -1.69802e-01 | 14  0.04892 -2.33778e-01 | 15 -0.01659  1.55816e+00
 16 -0.06071  1.09945e+00 | 17 -0.01875  1.19668e+00 | 18  0.05570  1.28649e-01
 19  0.09744  4.16020e-01 | 20  0.01265  4.95686e-01 | 21 -0.06287  6.60866e-01
 22 -0.04895  1.50062e-01 | 23  0.00654 -2.01680e-01 | 24  0.02849 -2.54944e+00
 25 -0.00946 -1.74725e+00 | 26  0.04333 -4.60694e+00 | 27  0.03528 -1.86340e+00
 28  0.03737 -2.66991e+00 | 29  0.01666 -7.32928e-01 | 30  0.04695  5.43424e-01
 31  0.06094  2.26022e+00 | 32  0.09193 -1.84396e-01 | 33 -0.00936  8.06441e-01
 34 -0.06171  3.09641e-02 | 35  0.00683 -1.06696e+00 | 36 -0.11169  1.86145e+00
 37  0.23134 -1.55280e+01 | 38  0.22833 -1.71192e+01 | 39  0.23663 -6.24363e+00
 40  0.22680 -2.20734e+01 | 41 -0.40661  6.70656e+00 | 42 -0.76192  2.15401e+00
 43  0.81459 -2.42402e+02 | 44 -0.55689  6.79957e+02 | 45  0.11131 -1.16390e+03
 46 -0.49773  1.12919e+03 | 47  0.29078 -1.43428e+02 | 48 -0.26980  3.76566e+02
 49  0.14226 -1.08660e+00 | 50  0.13757  1.29615e+01 | 51 -0.20009  1.85686e+00
 52 -0.44743  1.94721e+00 |

Intermediate statistics: 52 variables; iteration 20; function evaluation 32; phase 3
Function value 2.2468698e+03; maximum gradient component mag -1.6375e+03
Var    Value     Gradient |Var    Value     Gradient |Var    Value     Gradient
  1  0.04841 -1.63747e+03 |  2 -0.00362  3.68027e+01 |  3  0.04487  7.62575e+01
  4 -0.01767  2.34654e+01 |  5 -0.13698  1.79652e+01 |  6 -0.01586  4.17670e+01
  7 -0.10698  1.75194e+01 |  8 -0.06520  2.22765e+01 |  9  0.01846  2.95568e+01
 10  0.14184  9.27748e+01 | 11 -0.04027  1.99188e+01 | 12  0.04138  1.74492e+01
 13  0.02730  3.33682e+01 | 14  0.07973  1.16603e+02 | 15 -0.01241  2.33005e+01
 16 -0.05689  2.95886e+01 | 17 -0.02447  2.48352e+01 | 18  0.04355 -7.90570e+00
 19  0.07875  2.27298e+00 | 20 -0.00280 -2.13622e+00 | 21 -0.10877 -4.22252e+00
 22 -0.06157  9.57104e+00 | 23  0.05292  8.21590e+01 | 24  0.03456  3.69555e+01
 25 -0.05137 -1.51751e+01 | 26  0.04366  3.30081e+01 | 27  0.03439 -4.52452e+01
 28  0.02066 -7.72336e+01 | 29 -0.00675 -7.20796e+01 | 30 -0.00089 -1.17793e+02
 31  0.04811 -8.56610e+01 | 32  0.08461 -1.32751e+02 | 33  0.00573 -4.81152e+01
 34 -0.05306 -5.72369e+01 | 35  0.00077 -1.40558e+02 | 36 -0.03619  1.46509e+01
 37  0.23798 -1.35054e+03 | 38  0.24152 -7.20623e+02 | 39  0.26216  5.75397e+02
 40  0.24384 -7.39720e+02 | 41 -0.38195 -9.52532e+01 | 42 -0.75294  3.28502e+02
 43  1.02307  1.23135e+01 | 44 -0.71094 -1.88891e+01 | 45  0.08812  4.33821e+02
 46 -0.66534 -2.07306e+02 | 47  0.22134  6.60880e+02 | 48 -0.49113 -8.74487e+02
 49  0.18408  1.87107e+02 | 50  0.14648 -3.53504e+02 | 51 -0.20074 -1.07944e+02
 52 -0.41782  6.13979e+02 |
52 variables; iteration 40; function evaluation 56; phase 3
Function value 2.2243150e+03; maximum gradient component mag -9.8077e+02
Var    Value     Gradient |Var    Value     Gradient |Var    Value     Gradient
  1  0.05248 -9.80772e+02 |  2  0.01932  4.67679e+01 |  3  0.06211  4.73982e+01
  4  0.00803  1.15210e+01 |  5 -0.11255  5.44551e+00 |  6  0.00760  2.01260e+01
  7 -0.08302  3.64187e+00 |  8 -0.03940  2.14914e+01 |  9  0.03605  3.39910e+01
 10  0.13434  4.19720e+01 | 11 -0.04864  1.13834e+00 | 12  0.03049  1.17826e+00
 13  0.01085  8.71110e+00 | 14  0.06877  8.38886e+01 | 15 -0.02130  6.74993e+00
 16 -0.06440  1.43764e+01 | 17 -0.02954  9.94733e+00 | 18  0.03192 -3.13278e+01
 19  0.07183 -1.23671e+01 | 20 -0.00653 -2.79022e+00 | 21 -0.12076 -2.54753e+01
 22 -0.08428 -4.25251e+01 | 23  0.03895  3.67051e+01 | 24  0.02372  3.15864e+00
 25 -0.05034 -1.40409e+01 | 26  0.03504 -7.23481e+00 | 27  0.02466 -6.60472e+01
 28  0.01444 -7.49938e+01 | 29 -0.01160 -5.79044e+01 | 30  0.00289 -6.77778e+01
 31  0.03592 -8.77820e+01 | 32  0.08267 -5.43225e+01 | 33  0.00424  2.33493e+01
 34 -0.06235 -1.48170e+01 | 35  0.00021 -3.09108e+01 | 36 -0.01433  7.02981e+00
 37  0.23902 -8.89643e+02 | 38  0.24213 -5.22696e+02 | 39  0.25567  2.63849e+02
 40  0.24268 -5.37852e+02 | 41 -0.52217  2.97934e+01 | 42 -0.75243  1.17421e+02
 43  1.05598  2.94374e+01 | 44 -0.70256 -1.12204e+01 | 45  0.06805 -2.55068e+01
 46 -0.67345 -9.09903e+00 | 47  0.22346  4.11835e+02 | 48 -0.48259 -3.67702e+02
 49  0.21098  7.35195e+01 | 50  0.21931 -1.33690e+01 | 51 -0.22792 -6.43141e+01
 52 -0.43533  2.36146e+02 |
52 variables; iteration 60; function evaluation 88; phase 3
Function value 2.2124644e+03; maximum gradient component mag -1.8547e+01
Var    Value     Gradient |Var    Value     Gradient |Var    Value     Gradient
  1  0.05124 -1.85467e+01 |  2 -0.00490 -5.13391e-01 |  3  0.03914 -4.56682e-01
  4 -0.01178  5.37347e-01 |  5 -0.13144  6.30831e-01 |  6 -0.01438 -4.60027e-01
  7 -0.10357 -2.61829e-01 |  8 -0.06332  8.59814e-01 |  9  0.01653  8.61084e-02
 10  0.12798 -8.10872e-01 | 11 -0.04264 -6.67006e-01 | 12  0.03775  1.25374e+00
 13  0.01469 -5.95249e-02 | 14  0.06008 -3.81989e-02 | 15 -0.01553  8.58621e-01
 16 -0.06092  8.33086e-01 | 17 -0.02374 -6.77883e-01 | 18  0.04443  1.07274e-01
 19  0.08024 -2.84774e-01 | 20  0.00108  1.06857e+00 | 21 -0.10378 -2.74014e-01
 22 -0.06318 -5.97565e-01 | 23  0.03778  8.00570e-01 | 24  0.02692 -2.27917e-01
 25 -0.04262 -1.15097e+00 | 26  0.03878 -1.97894e+00 | 27  0.03249  3.49465e-02
 28  0.02576  2.30219e-01 | 29  0.00267  1.45331e+00 | 30  0.01683 -3.25502e-01
 31  0.05266  5.76687e-01 | 32  0.09111  6.00341e-01 | 33 -0.00122  4.51243e-01
 34 -0.05686 -7.72343e-01 | 35  0.00607 -1.74479e+00 | 36 -0.01369  7.69862e-01
 37  0.24020  1.06164e+00 | 38  0.24284  1.11965e+00 | 39  0.24929  1.04920e+00
 40  0.24187  1.92036e+00 | 41 -0.54862 -1.52045e+00 | 42 -0.77007  2.03739e+00
 43  1.00455  1.79061e+00 | 44 -0.69667 -5.53764e+00 | 45  0.06897 -4.09274e+00
 46 -0.67133  1.02374e+00 | 47  0.21823 -4.76287e+00 | 48 -0.47864  2.61229e+00
 49  0.23176 -2.34201e+00 | 50  0.22245 -8.26565e-01 | 51 -0.19514  1.13951e+00
 52 -0.43988  2.47461e+00 |
52 variables; iteration 80; function evaluation 109; phase 3
Function value 2.2124380e+03; maximum gradient component mag -2.6893e+00
Var    Value     Gradient |Var    Value     Gradient |Var    Value     Gradient
  1  0.05136 -2.68927e+00 |  2 -0.00464  2.11658e-02 |  3  0.03914  9.46686e-03
  4 -0.01191  5.01625e-03 |  5 -0.13162  9.41330e-03 |  6 -0.01401  2.87403e-02
  7 -0.10305  4.10082e-02 |  8 -0.06361 -2.79511e-03 |  9  0.01646  4.00258e-03
 10  0.12795 -1.06226e-02 | 11 -0.04222  2.96958e-02 | 12  0.03732 -1.45909e-02
 13  0.01472  5.63173e-03 | 14  0.06002  3.66983e-03 | 15 -0.01577 -1.72077e-02
 16 -0.06127 -1.30750e-02 | 17 -0.02344  3.90500e-02 | 18  0.04447  2.30838e-02
 19  0.08040  4.70101e-02 | 20  0.00094 -2.08955e-04 | 21 -0.10345  3.69369e-02
 22 -0.06282  2.26861e-02 | 23  0.03744 -3.89011e-02 | 24  0.02678 -5.45944e-02
 25 -0.04226  1.04567e-04 | 26  0.03882 -6.46795e-02 | 27  0.03245 -1.02583e-01
 28  0.02570 -1.16423e-01 | 29  0.00244 -4.80099e-02 | 30  0.01704 -1.35704e-02
 31  0.05267 -6.50083e-02 | 32  0.09098 -1.44090e-01 | 33 -0.00148 -1.43483e-01
 34 -0.05679 -1.16785e-01 | 35  0.00613 -1.20563e-01 | 36 -0.01415  1.62228e-03
 37  0.24010 -3.44059e-01 | 38  0.24274 -1.83854e-01 | 39  0.24917 -6.46373e-02
 40  0.24176 -3.22505e-01 | 41 -0.53966 -2.96739e-01 | 42 -0.75985  4.16680e-01
 43  0.99998  4.57981e-04 | 44 -0.69015  5.55804e-02 | 45  0.06908 -3.22403e-03
 46 -0.67126  5.28231e-03 | 47  0.21826 -1.00382e-01 | 48 -0.47864  1.81327e-01
 49  0.22774 -3.64412e-02 | 50  0.21800 -5.68095e-01 | 51 -0.20020  5.03102e-02
 52 -0.44632  6.27250e-01 |
52 variables; iteration 100; function evaluation 132; phase 3
Function value 2.2124377e+03; maximum gradient component mag 9.3204e-01
Var    Value     Gradient |Var    Value     Gradient |Var    Value     Gradient
  1  0.05137  9.32042e-01 |  2 -0.00465 -1.49367e-04 |  3  0.03913  3.09438e-03
  4 -0.01191 -1.42331e-02 |  5 -0.13162 -1.10222e-02 |  6 -0.01403 -9.47354e-03
  7 -0.10308 -1.20774e-02 |  8 -0.06362 -1.51384e-02 |  9  0.01646 -3.84848e-03
 10  0.12794  3.00652e-03 | 11 -0.04222  5.41972e-03 | 12  0.03733 -1.51846e-02
 13  0.01471 -2.13638e-03 | 14  0.06000 -2.52760e-03 | 15 -0.01577 -2.23445e-02
 16 -0.06128 -2.03824e-02 | 17 -0.02345 -1.00783e-02 | 18  0.04447 -1.33456e-02
 19  0.08039 -1.67373e-02 | 20  0.00094 -2.45900e-02 | 21 -0.10346 -2.05653e-02
 22 -0.06282 -1.57853e-02 | 23  0.03745  1.72184e-02 | 24  0.02678  7.91587e-03
 25 -0.04226 -8.01334e-03 | 26  0.03881  3.83292e-02 | 27  0.03247  1.59242e-02
 28  0.02572  1.31286e-02 | 29  0.00246 -2.15466e-02 | 30  0.01705 -1.64718e-02
 31  0.05269 -1.87887e-03 | 32  0.09098  5.40186e-02 | 33 -0.00147  7.32711e-02
 34 -0.05679  7.30558e-02 | 35  0.00615  1.34918e-01 | 36 -0.01406  3.69811e-03
 37  0.24009  4.36956e-02 | 38  0.24272 -9.49919e-02 | 39  0.24916 -1.08739e-02
 40  0.24173  7.45525e-02 | 41 -0.50522 -2.45752e-01 | 42 -0.72428  5.30530e-01
 43  0.99998  1.41082e-03 | 44 -0.69022 -1.48368e-03 | 45  0.06908  4.58953e-02
 46 -0.67126 -1.48831e-02 | 47  0.21825  4.31457e-02 | 48 -0.47865 -4.80392e-02
 49  0.21058  7.97504e-03 | 50  0.20092 -4.84150e-01 | 51 -0.21966  1.88063e-02
 52 -0.47081  7.02145e-01 |
52 variables; iteration 120; function evaluation 156; phase 3
Function value 2.2124373e+03; maximum gradient component mag 7.5530e-01
Var    Value     Gradient |Var    Value     Gradient |Var    Value     Gradient
  1  0.05136  2.36906e-01 |  2 -0.00465 -1.50059e-03 |  3  0.03914  4.18755e-03
  4 -0.01190 -3.91985e-03 |  5 -0.13161 -3.69406e-03 |  6 -0.01402 -1.19077e-03
  7 -0.10306 -4.08333e-03 |  8 -0.06361 -9.18496e-03 |  9  0.01647 -4.98129e-03
 10  0.12795  4.35104e-03 | 11 -0.04223  3.36771e-03 | 12  0.03733  9.11815e-03
 13  0.01471  2.94471e-03 | 14  0.06001  2.94205e-02 | 15 -0.01577 -3.39481e-03
 16 -0.06128 -1.49215e-02 | 17 -0.02345 -3.16303e-04 | 18  0.04446  9.05477e-03
 19  0.08039  2.77245e-02 | 20  0.00094 -4.76482e-03 | 21 -0.10346 -2.08134e-03
 22 -0.06282 -1.11422e-02 | 23  0.03744 -3.32845e-03 | 24  0.02678 -1.05073e-02
 25 -0.04226 -5.66844e-03 | 26  0.03881 -1.04626e-02 | 27  0.03246 -7.18517e-03
 28  0.02571 -1.69121e-02 | 29  0.00245 -7.84749e-03 | 30  0.01704 -9.00440e-03
 31  0.05268 -5.31963e-03 | 32  0.09098 -5.62703e-03 | 33 -0.00148 -2.61603e-02
 34 -0.05679 -3.69296e-02 | 35  0.00613 -5.02402e-02 | 36 -0.01409 -4.24318e-03
 37  0.24009  1.20010e-02 | 38  0.24273  3.41732e-02 | 39  0.24917 -7.17037e-02
 40  0.24175  8.43793e-02 | 41 -0.43527  8.91000e-02 | 42 -0.67597  7.06833e-01
 43  0.99998 -8.88509e-04 | 44 -0.69020  1.35997e-02 | 45  0.06908  6.10720e-02
 46 -0.67127 -5.37999e-02 | 47  0.21826  1.41553e-02 | 48 -0.47865 -1.99720e-02
 49  0.17338  4.38442e-02 | 50  0.16390  1.23998e-01 | 51 -0.25050  1.93582e-02
 52 -0.51090  7.55295e-01 |
52 variables; iteration 140; function evaluation 181; phase 3
Function value 2.2124370e+03; maximum gradient component mag 5.0001e-01
Var    Value     Gradient |Var    Value     Gradient |Var    Value     Gradient
  1  0.05137  5.00013e-01 |  2 -0.00465 -7.94062e-03 |  3  0.03913 -2.74921e-03
  4 -0.01190 -2.43873e-03 |  5 -0.13162 -7.68089e-03 |  6 -0.01402 -3.85527e-03
  7 -0.10307 -8.94972e-03 |  8 -0.06361 -5.99725e-03 |  9  0.01646 -7.10191e-03
 10  0.12795  3.73036e-03 | 11 -0.04223 -8.79743e-03 | 12  0.03733  6.81691e-03
 13  0.01471 -2.73303e-03 | 14  0.06001  1.57994e-02 | 15 -0.01576  3.32680e-03
 16 -0.06127 -3.74376e-03 | 17 -0.02345 -3.57701e-03 | 18  0.04447  4.07039e-03
 19  0.08039  1.44717e-02 | 20  0.00095  2.59603e-03 | 21 -0.10347 -6.32017e-03
 22 -0.06282 -7.42688e-03 | 23  0.03745  2.85432e-03 | 24  0.02678  2.75262e-03
 25 -0.04226 -9.46972e-04 | 26  0.03881  1.50954e-02 | 27  0.03246  9.38329e-03
 28  0.02571  5.12158e-03 | 29  0.00246  5.14378e-03 | 30  0.01705  3.48506e-03
 31  0.05268  5.76225e-03 | 32  0.09098  8.80854e-03 | 33 -0.00148 -1.19445e-02
 34 -0.05679 -2.30386e-02 | 35  0.00613 -4.18402e-02 | 36 -0.01409 -9.28753e-03
 37  0.24009  5.66930e-02 | 38  0.24273  8.16522e-02 | 39  0.24917  2.67430e-02
 40  0.24175  1.14540e-01 | 41 -0.35897  1.73010e-01 | 42 -0.63882  3.04571e-01
 43  0.99997 -4.83050e-03 | 44 -0.69022  1.17566e-03 | 45  0.06908  9.23916e-04
 46 -0.67126  1.52902e-03 | 47  0.21826 -2.70889e-03 | 48 -0.47865  1.04526e-02
 49  0.12957  4.33480e-02 | 50  0.12024  2.53582e-01 | 51 -0.27782 -3.74495e-03
 52 -0.54803  2.84000e-01 |
52 variables; iteration 160; function evaluation 206; phase 3
Function value 2.2124369e+03; maximum gradient component mag 8.5815e-01
Var    Value     Gradient |Var    Value     Gradient |Var    Value     Gradient
  1  0.05137  8.58145e-01 |  2 -0.00466 -1.01786e-02 |  3  0.03913 -4.35987e-03
  4 -0.01191 -9.93306e-03 |  5 -0.13162 -1.02149e-02 |  6 -0.01403 -9.84182e-03
  7 -0.10308 -1.37218e-02 |  8 -0.06362 -1.25790e-02 |  9  0.01646 -8.00539e-03
 10  0.12795  3.03139e-03 | 11 -0.04223 -4.49099e-03 | 12  0.03733 -1.47766e-03
 13  0.01471 -2.13242e-03 | 14  0.06001  9.12909e-03 | 15 -0.01577 -3.39530e-03
 16 -0.06128 -4.20412e-03 | 17 -0.02345 -5.20905e-03 | 18  0.04447 -5.64519e-03
 19  0.08039 -5.04954e-03 | 20  0.00095 -9.39436e-03 | 21 -0.10346 -1.19292e-02
 22 -0.06282 -7.62384e-03 | 23  0.03745  9.16518e-03 | 24  0.02678  7.80067e-03
 25 -0.04226  1.04788e-03 | 26  0.03881  3.15704e-02 | 27  0.03246  1.56909e-02
 28  0.02572  1.84210e-02 | 29  0.00246 -4.39802e-03 | 30  0.01705 -4.53996e-03
 31  0.05269  3.81130e-03 | 32  0.09098  2.48227e-02 | 33 -0.00147  2.70689e-02
 34 -0.05679  1.84396e-02 | 35  0.00614  3.95743e-02 | 36 -0.01408 -1.20127e-02
 37  0.24009  6.15475e-02 | 38  0.24272  2.47097e-02 | 39  0.24916  1.63415e-02
 40  0.24174  8.75174e-02 | 41 -0.27938  1.82235e-01 | 42 -0.60728  2.11820e-02
 43  0.99999  3.92057e-03 | 44 -0.69022 -4.21270e-03 | 45  0.06908  1.56160e-02
 46 -0.67126 -4.50343e-03 | 47  0.21826  2.18776e-02 | 48 -0.47865 -1.99170e-02
 49  0.08094  3.66717e-02 | 50  0.07172  2.57337e-01 | 51 -0.30358 -1.26590e-02
 52 -0.58474  2.39022e-02 |
52 variables; iteration 180; function evaluation 229; phase 3
Function value 2.2124368e+03; maximum gradient component mag 6.6383e-02
Var    Value     Gradient |Var    Value     Gradient |Var    Value     Gradient
  1  0.05137  6.63825e-02 |  2 -0.00465 -1.39263e-03 |  3  0.03913 -6.33035e-04
  4 -0.01191 -8.86665e-04 |  5 -0.13162 -8.98820e-04 |  6 -0.01403 -8.36023e-04
  7 -0.10307 -1.23034e-03 |  8 -0.06361 -1.32412e-03 |  9  0.01646 -9.59660e-04
 10  0.12795  7.44943e-04 | 11 -0.04223 -2.59491e-04 | 12  0.03733  5.49060e-04
 13  0.01471 -4.43258e-04 | 14  0.06001  2.22377e-03 | 15 -0.01577 -8.67895e-05
 16 -0.06128 -4.87189e-04 | 17 -0.02345 -3.16105e-04 | 18  0.04447  2.39133e-04
 19  0.08039  1.13609e-03 | 20  0.00094 -5.13989e-04 | 21 -0.10346 -6.38413e-04
 22 -0.06282 -7.82883e-04 | 23  0.03745  4.85397e-04 | 24  0.02678  2.37744e-04
 25 -0.04226  3.95325e-04 | 26  0.03881  2.80244e-03 | 27  0.03246  5.57270e-04
 28  0.02571  8.61872e-04 | 29  0.00246 -5.05506e-04 | 30  0.01705 -6.39652e-04
 31  0.05268 -8.04334e-05 | 32  0.09098  2.69897e-04 | 33 -0.00147 -5.43548e-04
 34 -0.05679 -2.17785e-03 | 35  0.00614 -1.48193e-03 | 36 -0.01408 -1.50719e-03
 37  0.24009  3.78652e-03 | 38  0.24273  6.54743e-03 | 39  0.24917  8.96914e-04
 40  0.24174  8.84079e-03 | 41 -0.22698  2.44949e-02 | 42 -0.58931  2.68518e-02
 43  0.99998  5.09127e-05 | 44 -0.69022 -7.12709e-05 | 45  0.06908  1.72553e-03
 46 -0.67126 -1.14831e-03 | 47  0.21826  1.09807e-03 | 48 -0.47865  4.48002e-05
 49  0.04755  6.26812e-03 | 50  0.03838  3.39146e-02 | 51 -0.31934 -1.59057e-03
 52 -0.60825  1.81635e-02 |
52 variables; iteration 200; function evaluation 251; phase 3
Function value 2.2124368e+03; maximum gradient component mag 1.9854e-02
Var    Value     Gradient |Var    Value     Gradient |Var    Value     Gradient
  1  0.05137  1.98540e-02 |  2 -0.00465  1.30796e-04 |  3  0.03913  2.19278e-04
  4 -0.01191 -3.07114e-04 |  5 -0.13162 -2.63708e-04 |  6 -0.01403 -1.82076e-04
  7 -0.10307 -2.46158e-04 |  8 -0.06361 -1.16662e-04 |  9  0.01646  1.13319e-06
 10  0.12795 -1.23768e-04 | 11 -0.04223 -1.86261e-04 | 12  0.03733 -2.80970e-04
 13  0.01471  2.61902e-04 | 14  0.06001 -2.51028e-04 | 15 -0.01577 -7.66648e-05
 16 -0.06128  7.98676e-05 | 17 -0.02345 -8.25015e-05 | 18  0.04447 -4.61310e-04
 19  0.08039 -7.22960e-04 | 20  0.00094 -3.98800e-04 | 21 -0.10347 -2.89245e-04
 22 -0.06282 -1.87708e-04 | 23  0.03745  3.80126e-04 | 24  0.02678  3.19126e-04
 25 -0.04226 -3.25338e-04 | 26  0.03881  9.04180e-05 | 27  0.03246  4.74258e-04
 28  0.02571  4.92645e-04 | 29  0.00246  1.08261e-04 | 30  0.01705  1.43057e-05
 31  0.05268  2.98392e-04 | 32  0.09098  1.52200e-03 | 33 -0.00147  1.90183e-03
 34 -0.05679  2.09684e-03 | 35  0.00614  2.62382e-03 | 36 -0.01408 -7.89650e-05
 37  0.24009  1.20535e-03 | 38  0.24273 -1.63415e-03 | 39  0.24917 -5.44461e-04
 40  0.24174  1.63992e-03 | 41 -0.20383  6.29521e-04 | 42 -0.58204 -1.19020e-02
 43  0.99998  3.03869e-05 | 44 -0.69022 -8.78587e-07 | 45  0.06908 -6.74817e-04
 46 -0.67126 -4.94698e-05 | 47  0.21826  1.77374e-05 | 48 -0.47865 -6.97720e-04
 49  0.03251 -3.76260e-04 | 50  0.02335  3.21190e-03 | 51 -0.32596 -2.48961e-04
 52 -0.61838 -1.10897e-02 |
52 variables; iteration 220; function evaluation 272; phase 3
Function value 2.2124368e+03; maximum gradient component mag 7.8799e-01
Var    Value     Gradient |Var    Value     Gradient |Var    Value     Gradient
  1  0.05137  7.87992e-01 |  2 -0.00465 -7.23818e-04 |  3  0.03913  2.90454e-03
  4 -0.01191 -6.75552e-03 |  5 -0.13162 -1.13468e-02 |  6 -0.01403 -5.30783e-03
  7 -0.10308 -1.05367e-02 |  8 -0.06361 -5.96914e-03 |  9  0.01646 -4.09579e-03
 10  0.12794 -5.54954e-04 | 11 -0.04223 -9.24860e-03 | 12  0.03733 -3.29156e-03
 13  0.01471  3.73291e-03 | 14  0.06000  1.49710e-03 | 15 -0.01577 -2.81196e-04
 16 -0.06128 -1.66531e-03 | 17 -0.02345 -3.04897e-03 | 18  0.04447 -7.73210e-03
 19  0.08039 -9.95522e-03 | 20  0.00094 -6.33097e-03 | 21 -0.10347 -1.03257e-02
 22 -0.06282 -7.81928e-03 | 23  0.03745  9.27987e-03 | 24  0.02678  9.35390e-03
 25 -0.04227 -7.55324e-03 | 26  0.03881  1.37340e-02 | 27  0.03246  1.92627e-02
 28  0.02572  1.12091e-02 | 29  0.00246  4.16852e-03 | 30  0.01705  3.96350e-03
 31  0.05269  9.04660e-03 | 32  0.09098  4.09660e-02 | 33 -0.00147  3.45664e-02
 34 -0.05679  3.70733e-02 | 35  0.00614  3.97746e-02 | 36 -0.01407 -7.44128e-03
 37  0.24009  6.01454e-02 | 38  0.24272  5.11658e-03 | 39  0.24916  9.58706e-03
 40  0.24174  9.76716e-02 | 41 -0.15490  1.98518e-01 | 42 -0.57749 -1.52042e-01
 43  0.99998 -3.97201e-04 | 44 -0.69022  1.28754e-04 | 45  0.06908 -1.66910e-02
 46 -0.67127  5.13450e-03 | 47  0.21826  3.23962e-03 | 48 -0.47865 -1.29291e-02
 49  0.00019  2.18143e-02 | 50 -0.00896  2.76802e-01 | 51 -0.33017 -8.88317e-03
 52 -0.62492 -1.01896e-01 |
52 variables; iteration 240; function evaluation 297; phase 3
Function value 2.2124367e+03; maximum gradient component mag 4.0565e-01
Var    Value     Gradient |Var    Value     Gradient |Var    Value     Gradient
  1  0.05137  4.05650e-01 |  2 -0.00465  3.07012e-04 |  3  0.03913  2.53540e-03
  4 -0.01191 -3.63760e-03 |  5 -0.13162 -6.00749e-03 |  6 -0.01403 -2.66365e-03
  7 -0.10308 -5.50968e-03 |  8 -0.06361 -2.85814e-03 |  9  0.01646 -1.46714e-03
 10  0.12794  8.47150e-04 | 11 -0.04223 -4.49320e-03 | 12  0.03733 -2.41286e-03
 13  0.01471 -1.96882e-04 | 14  0.06000 -2.25434e-04 | 15 -0.01577 -2.98431e-03
 16 -0.06128 -4.27490e-03 | 17 -0.02345 -5.12673e-03 | 18  0.04447 -4.14448e-03
 19  0.08039 -3.91495e-03 | 20  0.00094 -4.70786e-03 | 21 -0.10347 -7.76272e-03
 22 -0.06282 -6.42784e-03 | 23  0.03745  6.72713e-03 | 24  0.02678  5.32094e-03
 25 -0.04226 -6.53248e-03 | 26  0.03881  8.71296e-03 | 27  0.03246  1.14602e-02
 28  0.02572  8.31733e-03 | 29  0.00246  1.74026e-03 | 30  0.01705  1.15641e-03
 31  0.05269  6.37544e-03 | 32  0.09098  2.63829e-02 | 33 -0.00147  2.31747e-02
 34 -0.05679  2.31530e-02 | 35  0.00614  2.84542e-02 | 36 -0.01407  7.58704e-04
 37  0.24009  3.95964e-02 | 38  0.24272  1.26730e-03 | 39  0.24916  3.12551e-03
 40  0.24174  6.79235e-02 | 41 -0.08369 -5.26539e-02 | 42 -0.60219  2.22062e-01
 43  0.99998  1.53130e-04 | 44 -0.69022 -5.03410e-04 | 45  0.06908 -7.88739e-03
 46 -0.67127  1.42013e-03 | 47  0.21826  3.07102e-03 | 48 -0.47865 -8.12269e-03
 49 -0.04792  1.02514e-02 | 50 -0.05711 -8.70948e-02 | 51 -0.30796  6.18262e-04
 52 -0.59119  1.70882e-01 |
52 variables; iteration 260; function evaluation 320; phase 3
Function value 2.2124366e+03; maximum gradient component mag -9.1692e-02
Var    Value     Gradient |Var    Value     Gradient |Var    Value     Gradient
  1  0.05137 -9.16919e-02 |  2 -0.00465  5.26390e-06 |  3  0.03913 -3.99410e-04
  4 -0.01191  9.45424e-04 |  5 -0.13162  1.34460e-03 |  6 -0.01403  6.08104e-04
  7 -0.10307  1.14911e-03 |  8 -0.06361  7.02979e-04 |  9  0.01646  3.72164e-04
 10  0.12795  2.58088e-04 | 11 -0.04223  1.03103e-03 | 12  0.03733  6.05354e-04
 13  0.01471 -9.23736e-04 | 14  0.06001  2.37336e-04 | 15 -0.01577 -3.37092e-04
 16 -0.06128 -6.65522e-04 | 17 -0.02345 -9.81715e-05 | 18  0.04447  1.34499e-03
 19  0.08039  2.18062e-03 | 20  0.00095  9.70359e-04 | 21 -0.10346  8.62158e-04
 22 -0.06282  4.19741e-04 | 23  0.03745 -9.94624e-04 | 24  0.02678 -1.23512e-03
 25 -0.04226  4.76062e-04 | 26  0.03881 -1.10792e-03 | 27  0.03246 -1.95897e-03
 28  0.02571 -1.52093e-03 | 29  0.00246 -3.96052e-04 | 30  0.01705 -3.23276e-04
 31  0.05268 -9.50454e-04 | 32  0.09098 -4.45536e-03 | 33 -0.00147 -4.95373e-03
 34 -0.05679 -5.82914e-03 | 35  0.00614 -6.54338e-03 | 36 -0.01408  1.38319e-03
 37  0.24009 -5.54294e-03 | 38  0.24273  2.41547e-03 | 39  0.24917  3.49440e-04
 40  0.24174 -5.20682e-03 | 41 -0.03755 -4.45186e-02 | 42 -0.62069  8.10093e-02
 43  0.99998  3.50078e-06 | 44 -0.69022  8.08882e-05 | 45  0.06908  2.02945e-03
 46 -0.67126 -3.04068e-04 | 47  0.21826  1.00614e-03 | 48 -0.47865  7.69110e-04
 49 -0.07966 -1.91542e-03 | 50 -0.08889 -6.28923e-02 | 51 -0.29234  2.84020e-03
 52 -0.56850  6.59360e-02 |
52 variables; iteration 280; function evaluation 341; phase 3
Function value 2.2124366e+03; maximum gradient component mag 5.6165e-01
Var    Value     Gradient |Var    Value     Gradient |Var    Value     Gradient
  1  0.05137  5.61646e-01 |  2 -0.00465  1.63740e-03 |  3  0.03913  4.19018e-03
  4 -0.01191 -5.29998e-03 |  5 -0.13162 -8.47480e-03 |  6 -0.01403 -3.37470e-03
  7 -0.10308 -7.34841e-03 |  8 -0.06361 -3.70612e-03 |  9  0.01646 -1.64840e-03
 10  0.12794 -7.15589e-04 | 11 -0.04223 -6.77928e-03 | 12  0.03733 -4.19019e-03
 13  0.01471  2.07685e-03 | 14  0.06000 -2.07080e-03 | 15 -0.01577 -2.68040e-03
 16 -0.06128 -3.11722e-03 | 17 -0.02345 -5.15278e-03 | 18  0.04447 -7.31121e-03
 19  0.08039 -8.43538e-03 | 20  0.00094 -6.83364e-03 | 21 -0.10347 -9.22433e-03
 22 -0.06282 -7.75954e-03 | 23  0.03745  8.72267e-03 | 24  0.02678  8.05283e-03
 25 -0.04227 -7.86229e-03 | 26  0.03881  9.71113e-03 | 27  0.03246  1.54217e-02
 28  0.02572  1.13659e-02 | 29  0.00246  2.70222e-03 | 30  0.01705  2.01185e-03
 31  0.05269  8.84377e-03 | 32  0.09098  3.66107e-02 | 33 -0.00147  3.50491e-02
 34 -0.05679  3.77444e-02 | 35  0.00614  4.40115e-02 | 36 -0.01407 -4.70471e-04
 37  0.24009  5.39990e-02 | 38  0.24272 -8.76682e-03 | 39  0.24916  2.25920e-04
 40  0.24174  7.79183e-02 | 41 -0.03477  2.09432e-03 | 42 -0.62390  7.83281e-02
 43  0.99998 -1.73596e-04 | 44 -0.69022 -3.01770e-04 | 45  0.06908 -1.19032e-02
 46 -0.67127  1.21841e-03 | 47  0.21826 -4.78861e-03 | 48 -0.47865 -5.69418e-03
 49 -0.08159  7.91659e-03 | 50 -0.09082 -5.48877e-03 | 51 -0.28971 -3.02709e-03
 52 -0.56475  6.89166e-02 |
52 variables; iteration 300; function evaluation 363; phase 3
Function value 2.2124366e+03; maximum gradient component mag 5.4786e-02
Var    Value     Gradient |Var    Value     Gradient |Var    Value     Gradient
  1  0.05137  5.47865e-02 |  2 -0.00465 -9.79246e-04 |  3  0.03913 -5.27931e-04
  4 -0.01191 -5.47612e-04 |  5 -0.13162 -7.95672e-04 |  6 -0.01403 -5.85091e-04
  7 -0.10307 -9.43823e-04 |  8 -0.06361 -9.68068e-04 |  9  0.01646 -8.14890e-04
 10  0.12795  3.32238e-04 | 11 -0.04223 -4.41560e-04 | 12  0.03733  4.51573e-04
 13  0.01471 -1.70127e-04 | 14  0.06001  1.62407e-03 | 15 -0.01577  9.07500e-05
 16 -0.06128 -3.64460e-04 | 17 -0.02345 -8.69846e-05 | 18  0.04447  2.26697e-04
 19  0.08039  8.94116e-04 | 20  0.00094 -1.61696e-04 | 21 -0.10347 -5.38884e-04
 22 -0.06282 -5.30647e-04 | 23  0.03745  2.36233e-04 | 24  0.02678  1.60270e-04
 25 -0.04226  2.38259e-04 | 26  0.03881  2.02181e-03 | 27  0.03246  5.85892e-04
 28  0.02571  2.80744e-04 | 29  0.00246 -2.66424e-04 | 30  0.01705 -1.92039e-04
 31  0.05268 -2.16004e-05 | 32  0.09098  3.74581e-04 | 33 -0.00147 -7.88259e-04
 34 -0.05679 -1.68667e-03 | 35  0.00614 -1.80302e-03 | 36 -0.01408 -1.34020e-03
 37  0.24009  3.71730e-03 | 38  0.24273  5.20418e-03 | 39  0.24917  1.56429e-03
 40  0.24174  7.45194e-03 | 41 -0.08505  2.89381e-02 | 42 -0.63451  1.03135e-02
 43  0.99998  8.19988e-06 | 44 -0.69022  6.98750e-05 | 45  0.06908  1.16732e-03
 46 -0.67126 -2.69143e-04 | 47  0.21826  1.18320e-03 | 48 -0.47865 -2.25583e-04
 49 -0.04700  4.39986e-03 | 50 -0.05618  3.80174e-02 | 51 -0.28122 -7.81853e-04
 52 -0.55277  9.53770e-03 |
52 variables; iteration 320; function evaluation 384; phase 3
Function value 2.2124366e+03; maximum gradient component mag 1.3184e-01
Var    Value     Gradient |Var    Value     Gradient |Var    Value     Gradient
  1  0.05137  1.31842e-01 |  2 -0.00465 -1.05991e-04 |  3  0.03913  5.97286e-04
  4 -0.01191 -1.28874e-03 |  5 -0.13162 -1.98315e-03 |  6 -0.01403 -8.83641e-04
  7 -0.10308 -1.78766e-03 |  8 -0.06361 -1.16874e-03 |  9  0.01646 -6.61133e-04
 10  0.12795  5.28979e-05 | 11 -0.04223 -1.40107e-03 | 12  0.03733 -6.68655e-04
 13  0.01471  4.18816e-04 | 14  0.06001  2.98195e-04 | 15 -0.01577 -4.32482e-04
 16 -0.06128 -6.42044e-04 | 17 -0.02345 -8.55825e-04 | 18  0.04447 -1.34749e-03
 19  0.08039 -1.42965e-03 | 20  0.00094 -1.43955e-03 | 21 -0.10347 -1.94558e-03
 22 -0.06282 -1.57994e-03 | 23  0.03745  1.72232e-03 | 24  0.02678  1.55134e-03
 25 -0.04226 -1.36299e-03 | 26  0.03881  2.58842e-03 | 27  0.03246  3.07232e-03
 28  0.02571  2.14330e-03 | 29  0.00246  2.93184e-04 | 30  0.01705  2.30651e-04
 31  0.05269  1.53289e-03 | 32  0.09098  7.04708e-03 | 33 -0.00147  6.42199e-03
 34 -0.05679  6.68486e-03 | 35  0.00614  8.04518e-03 | 36 -0.01408 -8.40571e-04
 37  0.24009  1.10086e-02 | 38  0.24273 -2.01375e-04 | 39  0.24917  3.89878e-04
 40  0.24174  1.66019e-02 | 41 -0.08022  1.85398e-02 | 42 -0.64016  6.26033e-03
 43  0.99998 -3.32632e-05 | 44 -0.69022  3.22010e-06 | 45  0.06908 -1.66220e-03
 46 -0.67127  7.25836e-05 | 47  0.21826 -3.51403e-04 | 48 -0.47865 -1.21995e-03
 49 -0.05030  3.70944e-03 | 50 -0.05948  2.33974e-02 | 51 -0.27680 -1.30295e-03
 52 -0.54662  6.67175e-03 |
52 variables; iteration 340; function evaluation 406; phase 3
Function value 2.2124366e+03; maximum gradient component mag -7.0031e-04
Var    Value     Gradient |Var    Value     Gradient |Var    Value     Gradient
  1  0.05137 -7.00306e-04 |  2 -0.00465 -2.08868e-05 |  3  0.03913 -2.41165e-05
  4 -0.01191  1.07120e-05 |  5 -0.13162  1.39850e-05 |  6 -0.01403 -2.43602e-06
  7 -0.10307  4.42899e-06 |  8 -0.06361  5.40008e-06 |  9  0.01646 -6.16378e-06
 10  0.12795  1.08276e-06 | 11 -0.04223 -5.05924e-08 | 12  0.03733  2.42354e-05
 13  0.01471 -7.72994e-06 | 14  0.06001  2.17661e-05 | 15 -0.01577  1.88594e-05
 16 -0.06128  1.36722e-05 | 17 -0.02345  5.50938e-06 | 18  0.04447  2.15040e-05
 19  0.08039  3.13986e-05 | 20  0.00094  2.68215e-05 | 21 -0.10347  1.74926e-05
 22 -0.06282  1.36967e-05 | 23  0.03745 -1.55234e-05 | 24  0.02678 -8.19684e-06
 25 -0.04226  2.55660e-05 | 26  0.03881  4.26585e-06 | 27  0.03246 -1.53800e-05
 28  0.02571 -4.28041e-06 | 29  0.00246  1.16035e-05 | 30  0.01705  7.15166e-06
 31  0.05268 -6.06879e-06 | 32  0.09098 -8.05708e-05 | 33 -0.00147 -1.01313e-04
 34 -0.05679 -1.25979e-04 | 35  0.00614 -1.75202e-04 | 36 -0.01408 -1.54562e-05
 37  0.24009 -4.71709e-05 | 38  0.24273  1.69677e-04 | 39  0.24917  6.14867e-05
 40  0.24174 -4.08103e-05 | 41 -0.07752  4.26151e-04 | 42 -0.64185 -3.02102e-04
 43  0.99998  1.51648e-06 | 44 -0.69022 -7.58363e-06 | 45  0.06908 -6.82475e-07
 46 -0.67126  1.49952e-05 | 47  0.21826  2.93699e-05 | 48 -0.47865  4.91911e-06
 49 -0.05215  1.03974e-05 | 50 -0.06134  6.10754e-04 | 51 -0.27550  5.23574e-06
 52 -0.54481 -2.86995e-04 |
Warning: the following parameters had issues
  selparm[3] is within 0.1% of upper bound: -3.00000e+00 < 1.50000e+01 < 1.50000e+01


 - final statistics:
52 variables; iteration 342; function evaluation 408
Function value 2.2124e+03; maximum gradient component mag -3.7240e-06
Exit code = 1;  converg criter 1.0000e-04
Var    Value     Gradient |Var    Value     Gradient |Var    Value     Gradient
  1  0.05137  1.68128e-06 |  2 -0.00465  2.73641e-08 |  3  0.03913  8.32120e-13
  4 -0.01191  1.07756e-07 |  5 -0.13162  3.19739e-08 |  6 -0.01403 -1.91057e-08
  7 -0.10307 -3.57546e-08 |  8 -0.06361  2.25994e-07 |  9  0.01646  7.44860e-08
 10  0.12795 -4.87797e-08 | 11 -0.04223 -2.49389e-07 | 12  0.03733  7.48667e-08
 13  0.01471 -3.82118e-08 | 14  0.06001 -2.46802e-07 | 15 -0.01577  1.55947e-07
 16 -0.06128  1.52400e-07 | 17 -0.02345 -2.12061e-07 | 18  0.04447 -6.26700e-08
 19  0.08039 -1.57814e-07 | 20  0.00094  1.87102e-07 | 21 -0.10347 -6.53434e-08
 22 -0.06282 -3.55010e-08 | 23  0.03745  1.43062e-07 | 24  0.02678  2.50994e-07
 25 -0.04226 -9.74812e-08 | 26  0.03881 -7.57836e-08 | 27  0.03246  4.43188e-07
 28  0.02571  5.22287e-07 | 29  0.00246  5.02693e-07 | 30  0.01705  3.31924e-07
 31  0.05268  4.41252e-07 | 32  0.09098  5.54569e-07 | 33 -0.00147  3.85199e-07
 34 -0.05679  3.42161e-07 | 35  0.00614 -1.06893e-07 | 36 -0.01408  1.95070e-07
 37  0.24009  9.76808e-07 | 38  0.24273  1.27028e-06 | 39  0.24917  7.02028e-07
 40  0.24174  1.37284e-06 | 41 -0.07755 -2.91351e-06 | 42 -0.64185 -8.74902e-07
 43  0.99998 -1.36364e-08 | 44 -0.69022 -2.33627e-07 | 45  0.06908 -1.09375e-06
 46 -0.67126  4.46737e-07 | 47  0.21826 -4.99134e-07 | 48 -0.47865  3.62777e-07
 49 -0.05213 -5.26878e-07 | 50 -0.06132 -3.72396e-06 | 51 -0.27549  9.52800e-08
 52 -0.54480 -9.17930e-07 |
Estimating row 1 out of 52 for hessian
Estimating row 2 out of 52 for hessian
Estimating row 3 out of 52 for hessian
Estimating row 4 out of 52 for hessian
Estimating row 5 out of 52 for hessian
Estimating row 6 out of 52 for hessian
Estimating row 7 out of 52 for hessian
Estimating row 8 out of 52 for hessian
Estimating row 9 out of 52 for hessian
Estimating row 10 out of 52 for hessian
Estimating row 11 out of 52 for hessian
Estimating row 12 out of 52 for hessian
Estimating row 13 out of 52 for hessian
Estimating row 14 out of 52 for hessian
Estimating row 15 out of 52 for hessian
Estimating row 16 out of 52 for hessian
Estimating row 17 out of 52 for hessian
Estimating row 18 out of 52 for hessian
Estimating row 19 out of 52 for hessian
Estimating row 20 out of 52 for hessian
Estimating row 21 out of 52 for hessian
Estimating row 22 out of 52 for hessian
Estimating row 23 out of 52 for hessian
Estimating row 24 out of 52 for hessian
Estimating row 25 out of 52 for hessian
Estimating row 26 out of 52 for hessian
Estimating row 27 out of 52 for hessian
Estimating row 28 out of 52 for hessian
Estimating row 29 out of 52 for hessian
Estimating row 30 out of 52 for hessian
Estimating row 31 out of 52 for hessian
Estimating row 32 out of 52 for hessian
Estimating row 33 out of 52 for hessian
Estimating row 34 out of 52 for hessian
Estimating row 35 out of 52 for hessian
Estimating row 36 out of 52 for hessian
Estimating row 37 out of 52 for hessian
Estimating row 38 out of 52 for hessian
Estimating row 39 out of 52 for hessian
Estimating row 40 out of 52 for hessian
Estimating row 41 out of 52 for hessian
Estimating row 42 out of 52 for hessian
Estimating row 43 out of 52 for hessian
Estimating row 44 out of 52 for hessian
Estimating row 45 out of 52 for hessian
Estimating row 46 out of 52 for hessian
Estimating row 47 out of 52 for hessian
Estimating row 48 out of 52 for hessian
Estimating row 49 out of 52 for hessian
Estimating row 50 out of 52 for hessian
Estimating row 51 out of 52 for hessian
Estimating row 52 out of 52 for hessian
size of file gradfil1.tmp = 0
size of file gradfil2.tmp = 0
size of file varssave.tmp = 0
size of file cmpdiff.tmp = 0
