
Initial statistics: 36 variables; iteration 0; function evaluation 0; phase 1
Function value 9.6462519e+03; maximum gradient component mag 1.4041e+03
Var    Value     Gradient |Var    Value     Gradient |Var    Value     Gradient
  1  0.02234  1.40413e+03 |  2 -0.00829 -8.85213e+02 |  3  0.08840 -7.19645e+02
  4 -0.06516 -8.23611e+02 |  5 -0.10439 -1.23639e+03 |  6  0.00108 -5.05038e+02
  7 -0.07144 -1.26044e+02 |  8 -0.08643  5.94381e+00 |  9  0.01519 -1.61547e+02
 10  0.09805 -7.54835e+02 | 11 -0.07398 -1.17967e+03 | 12 -0.02874 -1.23716e+03
 13 -0.01602 -4.81317e+02 | 14  0.11110  9.37006e+02 | 15  0.03607  6.07904e+02
 16 -0.03663 -1.30731e+01 | 17 -0.00122  5.38303e+02 | 18  0.04383  6.79688e+02
 19  0.06798  3.71839e+02 | 20 -0.01824  4.21334e+02 | 21 -0.09939  2.66821e+02
 22 -0.06200  3.29209e+02 | 23  0.03213 -2.69483e+02 | 24 -0.02717 -5.32326e+02
 25  0.00138  5.16552e+01 | 26  0.01223 -3.36632e+02 | 27  0.02338  6.20250e+02
 28  0.05173  6.28637e+02 | 29 -0.01131  5.29952e+02 | 30  0.05209  9.73955e+02
 31 -0.00975  3.57670e+02 | 32  0.09048  5.09657e+02 | 33  0.01418  5.73569e+02
 34  0.01900  6.54577e+02 | 35 -0.00436  7.38981e+00 | 36 -0.03364  2.08995e+02

Intermediate statistics: 36 variables; iteration 20; function evaluation 33; phase 1
Function value 8.7271118e+03; maximum gradient component mag 8.2682e+03
Var    Value     Gradient |Var    Value     Gradient |Var    Value     Gradient
  1  0.03936  8.26818e+03 |  2  0.14065 -3.28442e+02 |  3  0.07363 -3.12619e+02
  4  0.26668 -3.47720e+02 |  5 -0.24766 -2.73526e+02 |  6  0.73666 -1.24586e+02
  7  0.10450 -2.56796e+02 |  8 -0.15502 -1.64105e+02 |  9  0.47528 -2.00014e+02
 10  0.13249 -2.27659e+02 | 11  0.04123  1.71673e+02 | 12 -0.02825 -2.59052e+02
 13 -0.17593 -8.07910e+01 | 14  0.01923 -1.28528e+02 | 15 -0.07047 -2.16788e+02
 16 -0.01302 -7.34280e+02 | 17 -0.12064 -3.46126e+02 | 18 -0.06203 -1.53965e+02
 19  0.03753  6.47399e+01 | 20 -0.11210 -4.49315e+01 | 21 -0.17717 -5.27487e+01
 22 -0.14120  7.08066e+01 | 23  0.05174 -1.63553e+02 | 24  0.01246 -2.94106e+02
 25 -0.10194 -9.95647e+00 | 26  0.02825  1.99020e+02 | 27 -0.05589 -3.26929e+01
 28 -0.00396 -8.49042e+01 | 29 -0.08918 -2.33237e+02 | 30 -0.06574 -4.01902e+01
 31 -0.10763 -1.83050e+02 | 32  0.09418  6.20818e+02 | 33 -0.03517  2.03433e+02
 34 -0.05531  1.03508e+02 | 35 -0.05166 -3.12292e+02 | 36 -0.30049 -2.41999e+02
36 variables; iteration 40; function evaluation 62; phase 1
Function value 8.6286322e+03; maximum gradient component mag 2.5728e+02
Var    Value     Gradient |Var    Value     Gradient |Var    Value     Gradient
  1  0.03866  2.57280e+02 |  2  0.50981  9.67385e+00 |  3  0.02650 -3.70857e+01
  4  0.30592 -3.61775e+00 |  5 -0.26359 -1.91929e+01 |  6  0.74128 -2.15595e+01
  7  0.13688  1.21067e+01 |  8 -0.17637  1.88245e+01 |  9  0.50388 -5.10050e+00
 10  0.15320 -2.28572e+01 | 11  0.01647 -7.98977e+01 | 12 -0.01606  1.95889e+01
 13 -0.22589 -1.64111e+01 | 14  0.02207 -2.07309e+00 | 15 -0.09805  4.44997e+01
 16  0.02841 -2.47189e+01 | 17 -0.13118  3.69162e+01 | 18 -0.07280  1.13009e+00
 19  0.06365  4.39275e+01 | 20 -0.09552 -4.35956e+00 | 21 -0.22267 -3.10618e+01
 22 -0.20835 -6.11329e+01 | 23  0.06533  4.97040e+01 | 24  0.04456  6.14211e+01
 25 -0.18714 -9.59497e+00 | 26  0.00825 -6.04711e+01 | 27 -0.05329  5.28220e+01
 28 -0.00464  6.19279e+01 | 29 -0.07545  8.80067e+01 | 30 -0.06586  1.63411e+02
 31 -0.09535  3.81943e+01 | 32  0.07173 -7.19416e+00 | 33 -0.07502  3.15486e+01
 34 -0.07384 -1.12500e+01 | 35 -0.03411 -8.96171e+00 | 36 -0.27706  3.68898e-01
36 variables; iteration 60; function evaluation 83; phase 1
Function value 8.6107989e+03; maximum gradient component mag -2.3975e+02
Var    Value     Gradient |Var    Value     Gradient |Var    Value     Gradient
  1  0.04656 -2.39753e+02 |  2  1.04760  3.96159e+00 |  3  0.33520  2.40390e+00
  4  0.25372  4.70307e+00 |  5 -0.27295 -2.92553e+01 |  6  1.01216  2.71999e-01
  7  0.13623  7.87946e+00 |  8 -0.20329  7.55810e+00 |  9  0.47704 -1.47692e+00
 10  0.13662 -2.13868e+00 | 11  0.00535  1.09741e+00 | 12 -0.03991 -1.03687e+01
 13 -0.23443  7.32744e+00 | 14  0.00732  8.95529e+00 | 15 -0.11922  1.80497e+01
 16  0.02133  2.58067e+01 | 17 -0.17573  3.44326e+00 | 18 -0.08459 -1.24815e+00
 19  0.03836 -2.13287e+01 | 20 -0.11302 -9.69263e+00 | 21 -0.21184 -1.56572e+00
 22 -0.20922  7.13256e+00 | 23  0.04206  6.18224e+00 | 24  0.02541  5.66520e+00
 25 -0.19202  1.02676e+01 | 26 -0.00165  9.75180e+00 | 27 -0.07472  5.24253e+00
 28 -0.02131  7.67393e+00 | 29 -0.09505  5.94261e+00 | 30 -0.09549  2.71959e+00
 31 -0.11331 -3.18091e-01 | 32  0.05809  2.50901e+01 | 33 -0.09888  1.33242e+01
 34 -0.08695  5.18837e+00 | 35 -0.04944  6.56574e+00 | 36 -0.28911  6.79556e+00

 - final statistics:
36 variables; iteration 77; function evaluation 100
Function value 8.6094e+03; maximum gradient component mag 5.0430e+00
Exit code = 1;  converg criter 1.0000e+01
Var    Value     Gradient |Var    Value     Gradient |Var    Value     Gradient
  1  0.04757  5.04301e+00 |  2  0.99991 -7.66474e-03 |  3  0.36960 -1.15470e-01
  4  0.22615  2.71135e-02 |  5 -0.21930 -8.20315e-02 |  6  0.99986 -2.98176e-03
  7  0.13424 -5.66489e-02 |  8 -0.20576 -9.59891e-02 |  9  0.47375 -1.84913e-02
 10  0.13703 -6.27879e-02 | 11  0.00277  2.64372e-01 | 12 -0.04004  1.86633e-01
 13 -0.23810  1.39625e-01 | 14  0.00502 -5.36673e-02 | 15 -0.12245 -1.20965e-01
 16  0.01769 -4.65637e-01 | 17 -0.17382 -7.55952e-02 | 18 -0.08618 -4.89641e-02
 19  0.03624  5.81197e-01 | 20 -0.11403  2.50095e-01 | 21 -0.21430  1.11585e-01
 22 -0.21196  3.14109e-02 | 23  0.04020 -1.33074e-01 | 24  0.02349 -1.19672e-01
 25 -0.19594 -9.01926e-02 | 26 -0.00390  9.09251e-02 | 27 -0.07662 -1.28672e-01
 28 -0.02353 -2.10494e-01 | 29 -0.09712 -2.26524e-02 | 30 -0.09745 -3.18042e-01
 31 -0.11434 -1.38557e-01 | 32  0.05547  4.33225e-01 | 33 -0.10193  1.41372e-01
 34 -0.08841 -9.10717e-02 | 35 -0.05159  1.69072e-01 | 36 -0.29143 -1.25125e-01

Initial statistics: 46 variables; iteration 0; function evaluation 0; phase 2
Function value 8.6094451e+03; maximum gradient component mag 4.5490e+04
Var    Value     Gradient |Var    Value     Gradient |Var    Value     Gradient
  1  0.04757  2.22210e+01 |  2  0.98727 -1.36772e+00 |  3  0.36968  1.53313e+00
  4  0.22623  1.82989e+00 |  5 -0.21922  1.74214e+00 |  6  0.98727 -3.53493e-01
  7  0.13431  1.88376e+00 |  8 -0.20569  1.75360e+00 |  9  0.47384  1.50174e+00
 10  0.13711  1.95074e+00 | 11  0.00285  2.50683e+00 | 12 -0.03997  2.35571e+00
 13 -0.23802  2.06704e+00 | 14  0.00509  2.42288e+00 | 15 -0.12238  1.98394e+00
 16  0.01776  2.03677e+00 | 17 -0.17374  1.94813e+00 | 18 -0.08610  2.13696e+00
 19  0.03631  3.60305e+00 | 20 -0.11395  2.71490e+00 | 21 -0.21422  2.28083e+00
 22 -0.21188  1.99124e+00 | 23  0.04028  2.05862e+00 | 24  0.02356  2.13456e+00
 25 -0.19587  1.82524e+00 | 26 -0.00382  2.37192e+00 | 27 -0.07654  2.05095e+00
 28 -0.02346  2.07512e+00 | 29 -0.09705  2.14491e+00 | 30 -0.09738  1.77519e+00
 31 -0.11426  1.92402e+00 | 32  0.05555  2.94292e+00 | 33 -0.10186  2.21250e+00
 34 -0.08833  2.01333e+00 | 35 -0.05152  2.29187e+00 | 36 -0.29134  1.59958e+00
 37  0.44494  4.54902e+04 | 38  0.27696  1.03620e+03 | 39  0.22839 -2.59621e+03
 40  0.27787  2.91413e+02 | 41 -0.02728 -4.70102e+03 | 42 -0.88721  1.80996e+03
 43 -0.00723 -5.19544e+03 | 44 -0.06415 -1.64000e+03 | 45 -0.78198  1.92717e+03
 46 -0.32068  1.82672e+03 |

Intermediate statistics: 46 variables; iteration 20; function evaluation 33; phase 2
Function value 3.5943891e+03; maximum gradient component mag 1.5920e+04
Var    Value     Gradient |Var    Value     Gradient |Var    Value     Gradient
  1  0.22404  5.81158e+03 |  2  0.61048  1.83470e+02 |  3 -0.03037 -1.27014e+01
  4 -0.43569 -2.85997e+01 |  5 -1.14109 -3.48168e+01 |  6  0.80785  6.23367e+01
  7  0.11140  8.22616e+01 |  8 -0.24180  2.85215e+01 |  9  0.20813  1.27804e+02
 10  0.26726  3.65502e+02 | 11 -0.18569  5.39619e+01 | 12  0.04764  2.57578e+02
 13 -0.06569  2.07461e+02 | 14  0.01185  2.14706e+02 | 15  0.02697  3.28568e+02
 16 -0.06199  3.82457e+01 | 17  0.03581  3.17367e+02 | 18  0.11237  3.70645e+02
 19  0.12546  2.62778e+02 | 20 -0.02439  1.18004e+02 | 21 -0.03450  2.33423e+02
 22 -0.03125  3.48423e+02 | 23 -0.07751  1.58136e+01 | 24 -0.04503 -2.82489e+01
 25  0.06635  5.26969e+02 | 26  0.00658  1.98997e+02 | 27 -0.00722  9.13558e+01
 28  0.05104  2.85741e+02 | 29  0.04285  2.72514e+02 | 30  0.04832  2.34115e+02
 31  0.09688  4.51468e+02 | 32  0.06444  2.64568e+02 | 33 -0.08948  9.47022e+01
 34 -0.15036  7.80085e+01 | 35 -0.02172  1.48592e+02 | 36 -0.16693  9.83437e+01
 37  0.20528  1.59204e+04 | 38  0.14002 -6.54451e+02 | 39  0.12052 -1.89174e+03
 40  0.14138 -4.00319e+02 | 41  0.25917 -8.52815e+02 | 42 -0.88485  7.14706e+02
 43 -0.10838 -1.55871e+03 | 44 -0.31684  2.02720e+02 | 45 -0.80587  6.77768e+02
 46 -0.35794  6.51002e+02 |
46 variables; iteration 40; function evaluation 58; phase 2
Function value 3.1805863e+03; maximum gradient component mag 5.1933e+03
Var    Value     Gradient |Var    Value     Gradient |Var    Value     Gradient
  1  0.22423  2.21934e+03 |  2  0.31438  1.11844e+02 |  3  0.01445 -7.45208e+01
  4 -0.23052  4.56435e+00 |  5 -1.00575  8.76412e-01 |  6  0.71334 -2.11937e+01
  7  0.32622  8.05037e+01 |  8 -0.93127 -1.81422e+01 |  9  0.16570 -4.47004e+00
 10  0.32793  1.55856e+02 | 11 -0.01324  3.41755e+01 | 12 -0.04999 -6.05586e+01
 13  0.03299  1.85536e+02 | 14 -0.01411 -1.48965e+02 | 15  0.03404  1.36190e+02
 16 -0.03849 -3.62219e+01 | 17 -0.00580 -2.00274e+01 | 18  0.08752  3.82152e+01
 19  0.17355  1.96744e+02 | 20  0.00442 -3.24849e+01 | 21 -0.00021  9.72185e+01
 22 -0.05723  4.60342e+01 | 23 -0.09938 -1.09445e+02 | 24 -0.13603 -2.56865e+02
 25  0.01230  8.97438e+01 | 26  0.01970  3.48952e+01 | 27  0.03703  3.90442e+01
 28  0.02718 -5.67488e+01 | 29  0.02546 -2.34855e+01 | 30  0.03992 -3.46387e+01
 31  0.10810  2.44186e+02 | 32  0.07513  1.84704e+01 | 33 -0.05168 -2.31250e+01
 34 -0.05730  9.86999e+01 | 35 -0.03242 -9.57068e+01 | 36 -0.30846 -1.00992e+02
 37  0.17319  5.19326e+03 | 38  0.14232  1.24906e+00 | 39  0.14288 -5.35018e+02
 40  0.14116  3.62613e+02 | 41  0.22941 -7.05554e+02 | 42 -0.90161  3.79930e+02
 43 -0.03189 -1.37381e+03 | 44 -0.30591  2.47260e+02 | 45 -0.77906  5.06349e+02
 46 -0.37732  3.25089e+02 |
46 variables; iteration 60; function evaluation 83; phase 2
Function value 2.7671864e+03; maximum gradient component mag -3.8806e+02
Var    Value     Gradient |Var    Value     Gradient |Var    Value     Gradient
  1  0.20098 -3.88061e+02 |  2 -0.03779  1.26293e+02 |  3 -0.01451  8.01830e+01
  4 -0.10571  8.75378e+01 |  5 -0.39458  2.64176e+01 |  6  0.00230  6.98051e+01
  7 -0.13633  1.12576e+02 |  8 -1.86291 -9.65667e+01 |  9  0.02523  1.21939e+02
 10  0.17270  7.25512e+01 | 11 -0.03331  1.51867e+02 | 12  0.02692  9.61953e+01
 13 -0.02878  1.14408e+02 | 14  0.03976  8.10667e+01 | 15 -0.00126  9.14946e+01
 16 -0.02892  9.84913e+01 | 17  0.01962  1.10766e+02 | 18  0.09588  9.39283e+01
 19  0.15423  9.98211e+01 | 20  0.03195  9.69464e+01 | 21 -0.00083  1.06883e+02
 22 -0.03335  1.13027e+02 | 23 -0.02002  1.02365e+02 | 24  0.05700  1.22683e+02
 25  0.02748  1.07710e+02 | 26  0.04253  9.42545e+01 | 27  0.06234  9.87310e+01
 28  0.07410  9.32808e+01 | 29  0.06191  8.48704e+01 | 30  0.08070  9.56309e+01
 31  0.09103  9.47587e+01 | 32  0.10603  8.62887e+01 | 33 -0.01049  1.07968e+02
 34 -0.05416  1.02992e+02 | 35  0.04227  1.08434e+02 | 36 -0.10030  1.10393e+02
 37  0.16702 -3.33525e+02 | 38  0.14679 -1.54371e+02 | 39  0.15723 -2.96488e+01
 40  0.14292 -2.57105e+02 | 41  0.23772  7.06593e+00 | 42 -0.88561 -2.51597e+00
 43  0.29530 -1.97824e+01 | 44 -0.32481  2.89332e+01 | 45 -0.85025 -2.40854e+00
 46 -0.40600 -3.02751e-01 |
Maximum number of function evaluations exceeded

 - final statistics:
46 variables; iteration 78; function evaluation 100
Function value 2.7478e+03; maximum gradient component mag -1.9238e+01
Exit code = 3;  converg criter 1.0000e+01
Var    Value     Gradient |Var    Value     Gradient |Var    Value     Gradient
  1  0.20910 -1.92385e+01 |  2 -0.04565  3.09709e-01 |  3  0.11682  9.13654e-01
  4  0.03279 -9.96624e-01 |  5 -0.15638 -2.41981e-01 |  6  0.03648  2.87075e-02
  7 -0.11258  3.59488e-01 |  8 -1.89397 -1.07677e+00 |  9 -0.01079 -3.00043e-01
 10  0.15823 -4.23372e-01 | 11 -0.08117  3.06517e-01 | 12  0.01339 -2.82839e-01
 13 -0.05438 -1.34262e+00 | 14  0.02688 -9.02745e-01 | 15 -0.01526 -1.96523e-01
 16 -0.04456 -6.93423e-01 | 17 -0.00450 -7.96697e-01 | 18  0.07583 -7.55616e-01
 19  0.13028 -1.13503e+00 | 20  0.01127 -7.71839e-01 | 21 -0.02553 -8.75394e-01
 22 -0.05994 -9.88785e-01 | 23 -0.04255 -7.08347e-02 | 24  0.02535 -3.81333e-01
 25  0.00120 -5.54871e-02 | 26  0.01970 -8.53554e-01 | 27  0.03834 -1.12434e+00
 28  0.05191 -1.49289e+00 | 29  0.04255 -6.92448e-01 | 30  0.05718 -1.27606e+00
 31  0.06730 -3.47584e-01 | 32  0.08288 -1.56273e+00 | 33 -0.03646 -1.09708e+00
 34 -0.07863 -8.46157e-01 | 35  0.01513 -6.20455e-01 | 36 -0.12990  4.40721e-01
 37  0.16889 -6.46255e+00 | 38  0.14868 -3.59118e+00 | 39  0.15880 -1.16091e+00
 40  0.14520 -5.15242e+00 | 41  0.01166 -3.01929e+00 | 42 -0.85948 -3.96872e+00
 43  0.50796  2.00048e+00 | 44 -0.16210 -7.02004e+00 | 45 -0.87570 -3.59774e+00
 46 -0.41531  3.73251e+00 |

Initial statistics: 52 variables; iteration 0; function evaluation 0; phase 3
Function value 2.7478278e+03; maximum gradient component mag -1.2348e+03
Var    Value     Gradient |Var    Value     Gradient |Var    Value     Gradient
  1  0.20910 -1.92385e+01 |  2 -0.04563  8.15346e-01 |  3  0.11683  1.41208e+00
  4  0.03280 -4.90357e-01 |  5 -0.15636  2.49742e-01 |  6  0.03649  5.34813e-01
  7 -0.11256  8.58524e-01 |  8 -0.10601  1.57670e+00 |  9 -0.01078  2.06823e-01
 10  0.15824  6.79882e-02 | 11 -0.08116  8.09342e-01 | 12  0.01341  2.23987e-01
 13 -0.05436 -8.37536e-01 | 14  0.02690 -3.96258e-01 | 15 -0.01524  3.10270e-01
 16 -0.04455 -1.87727e-01 | 17 -0.00448 -2.89771e-01 | 18  0.07584 -2.52269e-01
 19  0.13029 -6.38671e-01 | 20  0.01129 -2.64980e-01 | 21 -0.02551 -3.68864e-01
 22 -0.05992 -4.84093e-01 | 23 -0.04254  4.34972e-01 | 24  0.02536  1.25203e-01
 25  0.00121  4.51450e-01 | 26  0.01971 -3.46858e-01 | 27  0.03835 -6.18321e-01
 28  0.05193 -9.87632e-01 | 29  0.04257 -1.86642e-01 | 30  0.05720 -7.71162e-01
 31  0.06731  1.56524e-01 | 32  0.08290 -1.06008e+00 | 33 -0.03644 -5.90974e-01
 34 -0.07862 -3.43082e-01 | 35  0.01514 -1.13660e-01 | 36 -0.12988  9.37148e-01
 37  0.16889 -6.46255e+00 | 38  0.14868 -3.59118e+00 | 39  0.15880 -1.16091e+00
 40  0.14520 -5.15242e+00 | 41  0.01166 -3.01929e+00 | 42 -0.85948 -3.96872e+00
 43  0.57335 -7.56858e+02 | 44 -0.80278  1.10361e+02 | 45  0.04769 -1.23481e+03
 46 -0.38854  6.54358e+02 | 47  0.23147 -1.74498e+02 | 48 -0.36023  4.57106e+02
 49  0.50796  2.00048e+00 | 50 -0.16210 -7.02004e+00 | 51 -0.87570 -3.59774e+00
 52 -0.41531  3.73251e+00 |

Intermediate statistics: 52 variables; iteration 20; function evaluation 30; phase 3
Function value 2.3891147e+03; maximum gradient component mag -4.5602e+03
Var    Value     Gradient |Var    Value     Gradient |Var    Value     Gradient
  1  0.11312 -2.43118e+03 |  2 -0.03932  2.82997e+01 |  3  0.15920  2.13936e+01
  4  0.06823  2.79300e+01 |  5 -0.11769  3.75537e+01 |  6  0.06682  2.88960e+01
  7 -0.08684  3.26277e+01 |  8 -0.08093  3.18364e+01 |  9  0.00793  2.86366e+01
 10  0.14581 -2.09011e+01 | 11 -0.08524  1.89824e+00 | 12  0.00508 -4.27447e+00
 13 -0.06516 -2.08007e+01 | 14  0.01904 -6.07779e+01 | 15 -0.02821  3.38822e+00
 16 -0.07441  1.26638e+00 | 17 -0.02136 -2.57545e+01 | 18  0.05530 -3.90711e+01
 19  0.11843  6.42794e+01 | 20 -0.00884 -7.92380e+01 | 21 -0.06548  2.13026e+01
 22 -0.06845 -3.97187e+01 | 23 -0.02761 -5.65738e+01 | 24  0.01509  4.65266e+01
 25 -0.01475  7.12427e+01 | 26  0.01329  1.34214e+01 | 27  0.02237 -5.20256e+01
 28  0.03100 -1.75977e+01 | 29  0.01796 -6.15821e+01 | 30  0.03297 -2.35137e+01
 31  0.05168 -6.13437e+01 | 32  0.06570 -8.02437e+01 | 33 -0.05428 -8.38937e+01
 34 -0.08392  8.76150e+00 | 35  0.01266  6.22625e+01 | 36  0.01080  1.87150e+01
 37  0.19657 -4.56024e+03 | 38  0.19373 -1.41385e+03 | 39  0.20974  6.06966e+00
 40  0.20075  6.15821e+02 | 41  0.02098 -1.23049e+02 | 42 -0.80226  4.16743e+01
 43  0.94344 -3.99305e+01 | 44 -0.71233 -2.09480e+01 | 45  0.09934  1.21207e+02
 46 -0.61826  1.40468e+02 | 47  0.21492  1.50035e+02 | 48 -0.47685 -2.27510e+01
 49  0.51100 -4.74988e+00 | 50 -0.15875 -1.66911e+02 | 51 -0.82211 -5.20455e+00
 52 -0.43428  9.52703e+01 |
52 variables; iteration 40; function evaluation 59; phase 3
Function value 2.3516594e+03; maximum gradient component mag -1.1454e+03
Var    Value     Gradient |Var    Value     Gradient |Var    Value     Gradient
  1  0.10749 -1.14544e+03 |  2 -0.05599  6.34156e+00 |  3  0.19952  3.67458e+01
  4  0.09440  2.03508e+01 |  5 -0.09511  1.90655e+01 |  6  0.04206  6.06020e+00
  7 -0.11823  2.57187e+00 |  8 -0.09974  1.75019e+01 |  9 -0.02961 -3.79542e+00
 10  0.15470  2.27972e+01 | 11 -0.06759  2.17932e+01 | 12 -0.00695 -1.84222e+01
 13 -0.05971  5.07473e+00 | 14  0.00482 -6.32516e+01 | 15 -0.03094  2.13323e+01
 16 -0.07888  2.46440e+00 | 17 -0.01651  2.32526e+01 | 18  0.05008  1.93079e+00
 19  0.08028 -1.83653e+01 | 20 -0.00029 -1.67551e+01 | 21 -0.10185 -2.09224e+01
 22 -0.05562  1.37179e+01 | 23  0.00923  1.83923e+01 | 24  0.00467  1.59317e+01
 25 -0.05155 -2.01360e+01 | 26  0.01423 -1.94152e+01 | 27  0.03267 -8.20511e+00
 28  0.02372 -3.23494e+01 | 29  0.01849 -2.94534e+01 | 30  0.04029  1.24085e+01
 31  0.06202 -2.07343e+01 | 32  0.07415 -4.59126e+01 | 33 -0.02810 -1.36059e+01
 34 -0.07179  2.91571e+01 | 35  0.00326 -1.11731e+01 | 36  0.06327  5.14411e+01
 37  0.20933 -9.44854e+02 | 38  0.20226 -6.35207e+02 | 39  0.20925 -2.22469e+02
 40  0.19757 -6.99950e+02 | 41  0.18745 -1.27664e+02 | 42 -0.81347  6.38673e+01
 43  1.00285  9.46113e-01 | 44 -0.68557  9.78165e+00 | 45  0.04432 -6.85647e+02
 46 -0.67505  3.05211e+02 | 47  0.21811  1.89256e+02 | 48 -0.47237  5.02653e+01
 49  0.37704 -2.03239e+00 | 50 -0.27594 -1.73877e+02 | 51 -0.60421  4.82217e+00
 52 -0.42673  1.25549e+02 |
52 variables; iteration 60; function evaluation 89; phase 3
Function value 2.3220202e+03; maximum gradient component mag -7.5100e+02
Var    Value     Gradient |Var    Value     Gradient |Var    Value     Gradient
  1  0.06900 -7.50997e+02 |  2 -0.02226  6.00632e+00 |  3  0.21374  9.25358e+00
  4  0.10872  1.17397e+01 |  5 -0.09305  5.66067e+00 |  6  0.09538  9.25414e+00
  7 -0.06998  2.77727e+00 |  8 -0.06072  6.21435e+00 |  9  0.04203  1.14500e+01
 10  0.17250  8.43545e+00 | 11 -0.05522  7.24728e+00 | 12  0.02340 -1.26535e+00
 13 -0.05080 -1.00271e+01 | 14  0.03062 -3.48259e+01 | 15 -0.04294 -1.35099e+01
 16 -0.08369 -1.84114e+00 | 17 -0.04247 -7.56659e-01 | 18  0.02947  5.51691e+00
 19  0.06467  4.23820e+00 | 20 -0.01263  7.94523e+00 | 21 -0.11562  3.70613e+00
 22 -0.07349  1.38342e+01 | 23  0.01467  3.90492e+00 | 24  0.00470  4.72028e+00
 25 -0.05949 -3.87657e-01 | 26  0.01214 -2.19151e+01 | 27  0.01343 -4.49983e+00
 28  0.00558 -1.38105e+01 | 29 -0.01110  6.79381e-01 | 30  0.00620  9.60736e+00
 31  0.03851 -1.31488e+00 | 32  0.06838 -2.81986e+01 | 33 -0.02842 -2.44561e+01
 34 -0.08887 -2.64615e+01 | 35 -0.01968 -4.02394e+01 | 36 -0.01081  1.29692e+01
 37  0.23510 -7.95832e+01 | 38  0.23538 -1.31139e+02 | 39  0.24242 -3.37011e+01
 40  0.23310 -2.78766e+02 | 41  0.03152 -6.00554e+01 | 42 -0.84001  7.18634e+00
 43  0.99984 -2.97440e-02 | 44 -0.69993 -3.92011e+00 | 45  0.06716 -6.54756e+00
 46 -0.67390 -1.99396e+01 | 47  0.21351 -5.14809e+01 | 48 -0.48188 -5.39822e+01
 49  0.53459 -1.96554e-01 | 50 -0.14497 -8.49116e+01 | 51 -0.59094  4.88617e-02
 52 -0.40947  1.75748e+01 |
52 variables; iteration 80; function evaluation 109; phase 3
Function value 2.3210224e+03; maximum gradient component mag -4.0695e-01
Var    Value     Gradient |Var    Value     Gradient |Var    Value     Gradient
  1  0.07070 -3.72012e-01 |  2 -0.01811 -1.57657e-02 |  3  0.20971  2.03279e-02
  4  0.10523  6.93391e-03 |  5 -0.09265 -9.40471e-03 |  6  0.09846  1.13006e-02
  7 -0.06271 -7.28109e-04 |  8 -0.05576 -3.17568e-03 |  9  0.03679  9.40269e-03
 10  0.16970  1.09327e-02 | 11 -0.05707  8.61647e-03 | 12  0.02316  2.19504e-02
 13 -0.04629 -2.31528e-04 | 14  0.03448  1.59800e-02 | 15 -0.03847 -7.17838e-03
 16 -0.08339  1.36214e-02 | 17 -0.04173  2.51246e-03 | 18  0.02873  4.39953e-03
 19  0.06419  1.31154e-02 | 20 -0.01373 -5.86410e-03 | 21 -0.11438 -6.11618e-03
 22 -0.07692  1.10596e-02 | 23  0.01297 -1.60952e-03 | 24  0.00171  3.55878e-03
 25 -0.06071 -7.22071e-03 | 26  0.01178 -9.74173e-02 | 27  0.01170  1.01109e-02
 28  0.00649  1.04261e-02 | 29 -0.01051 -7.21016e-03 | 30  0.00252  3.68276e-02
 31  0.03644 -1.09138e-02 | 32  0.06764 -8.29092e-02 | 33 -0.02833 -5.48386e-02
 34 -0.08659 -1.45193e-02 | 35 -0.01769  5.08346e-02 | 36 -0.01179  7.97069e-03
 37  0.23433  3.00438e-02 | 38  0.23498  4.48636e-02 | 39  0.24169 -1.12833e-01
 40  0.23301 -1.25410e-01 | 41  0.03501 -4.06951e-01 | 42 -0.83878  6.40226e-02
 43  1.00006  9.39190e-03 | 44 -0.69572 -9.35318e-04 | 45  0.06818 -8.30736e-02
 46 -0.67127  1.63247e-02 | 47  0.21622 -3.06680e-02 | 48 -0.47885 -1.39036e-01
 49  0.53075 -3.95366e-01 | 50 -0.14734 -4.60506e-04 | 51 -0.59273  9.95406e-02
 52 -0.40954  4.38775e-02 |
52 variables; iteration 100; function evaluation 134; phase 3
Function value 2.3210221e+03; maximum gradient component mag 1.0704e+00
Var    Value     Gradient |Var    Value     Gradient |Var    Value     Gradient
  1  0.07071 -4.87345e-01 |  2 -0.01811 -1.09690e-02 |  3  0.20971  3.82489e-02
  4  0.10522  8.72353e-03 |  5 -0.09266 -7.34877e-03 |  6  0.09847  2.05408e-02
  7 -0.06270  6.21558e-03 |  8 -0.05575  2.19131e-03 |  9  0.03679  1.66193e-02
 10  0.16968 -2.21983e-02 | 11 -0.05709 -5.99853e-04 | 12  0.02315  5.82743e-03
 13 -0.04629 -7.44933e-03 | 14  0.03448  4.93139e-03 | 15 -0.03846  1.85939e-02
 16 -0.08338  3.74533e-02 | 17 -0.04172  1.72211e-02 | 18  0.02873  4.98241e-03
 19  0.06419  7.09812e-03 | 20 -0.01372  6.85379e-03 | 21 -0.11438  1.01017e-02
 22 -0.07691  2.42847e-02 | 23  0.01298  3.48141e-02 | 24  0.00171  2.18207e-02
 25 -0.06072 -1.82426e-02 | 26  0.01179 -4.49103e-02 | 27  0.01170 -1.94626e-02
 28  0.00648 -8.60866e-03 | 29 -0.01051 -2.46819e-02 | 30  0.00251  1.29814e-02
 31  0.03644 -2.12683e-02 | 32  0.06764 -7.85352e-02 | 33 -0.02832 -2.77050e-02
 34 -0.08659 -1.02432e-02 | 35 -0.01770  2.48933e-02 | 36 -0.01178  1.03334e-02
 37  0.23433  4.80307e-02 | 38  0.23498 -1.08535e-01 | 39  0.24169 -4.31572e-02
 40  0.23300 -3.75044e-01 | 41  0.05547  1.07040e+00 | 42 -0.80712 -2.35760e-01
 43  1.00021  3.83877e-02 | 44 -0.69571 -3.40752e-04 | 45  0.06819  3.37780e-02
 46 -0.67127 -9.92373e-03 | 47  0.21622  7.49461e-02 | 48 -0.47885 -6.03312e-02
 49  0.51133  1.03905e+00 | 50 -0.16180  6.77650e-02 | 51 -0.60777 -2.54873e-01
 52 -0.42393 -1.14912e-01 |
52 variables; iteration 120; function evaluation 157; phase 3
Function value 2.3210220e+03; maximum gradient component mag -1.5284e+00
Var    Value     Gradient |Var    Value     Gradient |Var    Value     Gradient
  1  0.07071 -2.16217e-01 |  2 -0.01808 -4.67525e-03 |  3  0.20969  2.76827e-03
  4  0.10521  3.17637e-03 |  5 -0.09266 -3.26111e-03 |  6  0.09845  2.32683e-03
  7 -0.06271  2.19929e-03 |  8 -0.05576  3.55383e-03 |  9  0.03678  4.41668e-03
 10  0.16970 -1.57173e-03 | 11 -0.05708  2.48455e-03 | 12  0.02315  1.52104e-03
 13 -0.04629 -3.60262e-03 | 14  0.03448  2.76802e-03 | 15 -0.03847 -1.54543e-03
 16 -0.08339  7.37021e-03 | 17 -0.04173  2.25669e-03 | 18  0.02874  3.61169e-03
 19  0.06419  1.42022e-03 | 20 -0.01372  2.84071e-03 | 21 -0.11438 -1.06377e-03
 22 -0.07692  4.79604e-03 | 23  0.01297  2.04992e-03 | 24  0.00170  4.75709e-03
 25 -0.06071 -5.50371e-03 | 26  0.01179 -2.20632e-02 | 27  0.01170 -2.27869e-03
 28  0.00649 -6.43141e-03 | 29 -0.01051 -4.79454e-03 | 30  0.00251  8.09411e-03
 31  0.03644 -6.85536e-03 | 32  0.06765 -2.48332e-02 | 33 -0.02832 -1.32747e-02
 34 -0.08659 -5.19125e-03 | 35 -0.01770  2.01210e-02 | 36 -0.01179  6.63891e-03
 37  0.23433  2.13775e-02 | 38  0.23498 -6.38097e-03 | 39  0.24169 -3.79262e-02
 40  0.23301 -7.17682e-02 | 41  0.07269 -1.52843e+00 | 42 -0.78879  3.25510e-01
 43  1.00002 -1.40219e-03 | 44 -0.69572 -1.35916e-03 | 45  0.06819 -1.27602e-02
 46 -0.67127  1.02302e-02 | 47  0.21622  1.01276e-04 | 48 -0.47885 -3.26589e-02
 49  0.49561 -1.51735e+00 | 50 -0.17400 -9.97607e-02 | 51 -0.61651  3.49407e-01
 52 -0.43352  1.20234e-01 |
  ic > imax  in fminim is answer attained ?
Var    Value     Gradient |Var    Value     Gradient |Var    Value     Gradient
  1  0.07071 -7.13652e-02 |  2 -0.01806 -8.82405e-04 |  3  0.20968 -4.23218e-04
  4  0.10521  1.51203e-03 |  5 -0.09266 -3.18603e-04 |  6  0.09845 -1.15994e-04
  7 -0.06271  4.69974e-04 |  8 -0.05576  1.77019e-03 |  9  0.03678  1.84057e-03
 10  0.16970  1.85687e-05 | 11 -0.05708  8.19626e-04 | 12  0.02315  3.12685e-04
 13 -0.04629 -1.44692e-03 | 14  0.03448  9.00772e-04 | 15 -0.03846  3.04869e-04
 16 -0.08339  9.67915e-04 | 17 -0.04173  1.81394e-03 | 18  0.02874 -8.89402e-04
 19  0.06419  6.45057e-04 | 20 -0.01372  1.68223e-03 | 21 -0.11438 -9.37021e-04
 22 -0.07692 -3.81527e-04 | 23  0.01297  1.57260e-03 | 24  0.00170  3.16050e-03
 25 -0.06071 -2.41636e-03 | 26  0.01179 -5.96050e-03 | 27  0.01170 -7.40066e-04
 28  0.00649 -1.71013e-03 | 29 -0.01051 -8.13459e-04 | 30  0.00251  3.31477e-03
 31  0.03644 -1.78412e-03 | 32  0.06765 -7.44434e-03 | 33 -0.02832 -6.63155e-03
 34 -0.08658 -1.21402e-03 | 35 -0.01770  5.06556e-03 | 36 -0.01179  2.15288e-03
 37  0.23433  6.12217e-03 | 38  0.23498 -9.37536e-04 | 39  0.24169 -1.32339e-02
 40  0.23300 -1.83491e-02 | 41  0.07756  7.13621e+00 | 42 -0.78115 -1.33832e+00
 43  0.99996 -4.50501e-03 | 44 -0.69571  9.49264e-05 | 45  0.06819 -2.11851e-03
 46 -0.67127  2.47316e-03 | 47  0.21622 -2.82376e-03 | 48 -0.47885 -1.59840e-02
 49  0.49158  7.51685e+00 | 50 -0.17745 -3.10940e-02 | 51 -0.61971 -1.72584e+00
 52 -0.43781  3.95920e-02 |
Function minimizer not making progress ... is minimum attained?
Minimprove criterion = 0.0000e+00
Warning: the following parameters had issues
  selparm[3] is within 0.1% of upper bound: -3.0000e+00 < 1.5000e+01 < 1.5000e+01


 - final statistics:
52 variables; iteration 137; function evaluation 225
Function value 2.3210e+03; maximum gradient component mag 7.5168e+00
Exit code = 1;  converg criter 1.0000e-04
Var    Value     Gradient |Var    Value     Gradient |Var    Value     Gradient
  1  0.07071 -7.13652e-02 |  2 -0.01806 -8.82405e-04 |  3  0.20968 -4.23218e-04
  4  0.10521  1.51203e-03 |  5 -0.09266 -3.18603e-04 |  6  0.09845 -1.15994e-04
  7 -0.06271  4.69974e-04 |  8 -0.05576  1.77019e-03 |  9  0.03678  1.84057e-03
 10  0.16970  1.85687e-05 | 11 -0.05708  8.19626e-04 | 12  0.02315  3.12685e-04
 13 -0.04629 -1.44692e-03 | 14  0.03448  9.00772e-04 | 15 -0.03846  3.04869e-04
 16 -0.08339  9.67915e-04 | 17 -0.04173  1.81394e-03 | 18  0.02874 -8.89402e-04
 19  0.06419  6.45057e-04 | 20 -0.01372  1.68223e-03 | 21 -0.11438 -9.37021e-04
 22 -0.07692 -3.81527e-04 | 23  0.01297  1.57260e-03 | 24  0.00170  3.16050e-03
 25 -0.06071 -2.41636e-03 | 26  0.01179 -5.96050e-03 | 27  0.01170 -7.40066e-04
 28  0.00649 -1.71013e-03 | 29 -0.01051 -8.13459e-04 | 30  0.00251  3.31477e-03
 31  0.03644 -1.78412e-03 | 32  0.06765 -7.44434e-03 | 33 -0.02832 -6.63155e-03
 34 -0.08658 -1.21402e-03 | 35 -0.01770  5.06556e-03 | 36 -0.01179  2.15288e-03
 37  0.23433  6.12217e-03 | 38  0.23498 -9.37536e-04 | 39  0.24169 -1.32339e-02
 40  0.23300 -1.83491e-02 | 41  0.07756  7.13621e+00 | 42 -0.78115 -1.33832e+00
 43  0.99996 -4.50501e-03 | 44 -0.69571  9.49264e-05 | 45  0.06819 -2.11851e-03
 46 -0.67127  2.47316e-03 | 47  0.21622 -2.82376e-03 | 48 -0.47885 -1.59840e-02
 49  0.49158  7.51685e+00 | 50 -0.17745 -3.10940e-02 | 51 -0.61971 -1.72584e+00
 52 -0.43781  3.95920e-02 |
Estimating row 1 out of 52 for hessian
Estimating row 2 out of 52 for hessian
Estimating row 3 out of 52 for hessian
Estimating row 4 out of 52 for hessian
Estimating row 5 out of 52 for hessian
Estimating row 6 out of 52 for hessian
Estimating row 7 out of 52 for hessian
Estimating row 8 out of 52 for hessian
Estimating row 9 out of 52 for hessian
Estimating row 10 out of 52 for hessian
Estimating row 11 out of 52 for hessian
Estimating row 12 out of 52 for hessian
Estimating row 13 out of 52 for hessian
Estimating row 14 out of 52 for hessian
Estimating row 15 out of 52 for hessian
Estimating row 16 out of 52 for hessian
Estimating row 17 out of 52 for hessian
Estimating row 18 out of 52 for hessian
Estimating row 19 out of 52 for hessian
Estimating row 20 out of 52 for hessian
Estimating row 21 out of 52 for hessian
Estimating row 22 out of 52 for hessian
Estimating row 23 out of 52 for hessian
Estimating row 24 out of 52 for hessian
Estimating row 25 out of 52 for hessian
Estimating row 26 out of 52 for hessian
Estimating row 27 out of 52 for hessian
Estimating row 28 out of 52 for hessian
Estimating row 29 out of 52 for hessian
Estimating row 30 out of 52 for hessian
Estimating row 31 out of 52 for hessian
Estimating row 32 out of 52 for hessian
Estimating row 33 out of 52 for hessian
Estimating row 34 out of 52 for hessian
Estimating row 35 out of 52 for hessian
Estimating row 36 out of 52 for hessian
Estimating row 37 out of 52 for hessian
Estimating row 38 out of 52 for hessian
Estimating row 39 out of 52 for hessian
Estimating row 40 out of 52 for hessian
Estimating row 41 out of 52 for hessian
Estimating row 42 out of 52 for hessian
Estimating row 43 out of 52 for hessian
Estimating row 44 out of 52 for hessian
Estimating row 45 out of 52 for hessian
Estimating row 46 out of 52 for hessian
Estimating row 47 out of 52 for hessian
Estimating row 48 out of 52 for hessian
Estimating row 49 out of 52 for hessian
Estimating row 50 out of 52 for hessian
Estimating row 51 out of 52 for hessian
Estimating row 52 out of 52 for hessian
Warning -- Hessian does not appear to be positive definite
Hessian does not appear to be positive definite.
size of file gradfil1.tmp = 0
size of file gradfil2.tmp = 0
size of file varssave.tmp = 0
size of file cmpdiff.tmp = 0
