
Initial statistics: 37 variables; iteration 0; function evaluation 0; phase 1
Function value 1.9338037e+04; maximum gradient component mag 2.4956e+04
Var    Value     Gradient |Var    Value     Gradient |Var    Value     Gradient
  1  0.26198  2.49557e+04 |  2  0.00000 -1.23171e+02 |  3  0.00000 -1.17112e+03
  4  0.00000 -4.04743e+02 |  5  0.00000  4.33353e+02 |  6  0.00000 -8.77034e+02
  7  0.00000  2.95307e+02 |  8  0.00000  2.15366e+02 |  9  0.00000 -1.08046e+02
 10  0.00000 -1.67724e+03 | 11  0.00000  7.88593e+02 | 12  0.00000 -8.29119e+02
 13  0.00000 -6.09313e+01 | 14  0.00000 -3.30108e+02 | 15  0.00000 -1.80478e+02
 16  0.00000  7.55487e+02 | 17  0.00000 -7.00653e+01 | 18  0.00000 -4.60363e+02
 19  0.00000 -1.15898e+03 | 20  0.00000  4.27073e+02 | 21  0.00000  4.60455e+02
 22  0.00000  2.42914e+02 | 23  0.00000  1.15228e+02 | 24  0.00000 -1.96425e+02
 25  0.00000  3.89828e+02 | 26  0.00000  5.76409e+02 | 27  0.00000  3.33317e+02
 28  0.00000  9.09349e+02 | 29  0.00000 -1.12604e+02 | 30  0.00000  4.71080e+01
 31  0.00000  3.11336e+02 | 32  0.00000 -1.18823e+02 | 33  0.00000  6.96300e+02
 34  0.00000  7.94443e+02 | 35  0.00000 -1.99760e+02 | 36  0.00000  6.58695e+02
 37  0.00000 -3.71548e+02 |

Intermediate statistics: 37 variables; iteration 20; function evaluation 33; phase 1
Function value 1.6928329e+04; maximum gradient component mag 1.5956e+04
Var    Value     Gradient |Var    Value     Gradient |Var    Value     Gradient
  1  0.11865  1.59556e+04 |  2 -0.06989  4.03103e+01 |  3 -0.04953 -2.99864e+02
  4 -0.10444  1.56992e+02 |  5 -0.18228  2.65056e+02 |  6 -0.13090 -2.82487e+02
  7 -0.18889  1.44769e+02 |  8 -0.12398  3.19815e+02 |  9 -0.04145  3.23861e+02
 10  0.06416 -1.29158e+02 | 11 -0.02254  5.47140e+02 | 12  0.05488 -9.63099e+01
 13  0.03891  1.68650e+02 | 14  0.06385  1.14232e+02 | 15  0.07303  2.88627e+02
 16  0.05765  6.39308e+02 | 17  0.10936  2.88871e+02 | 18  0.14349  1.84558e+02
 19  0.19715  2.76545e+02 | 20  0.13278  5.57263e+02 | 21  0.12310  5.14526e+02
 22  0.13156  5.33989e+02 | 23  0.14294  5.73134e+02 | 24  0.15927  4.93200e+02
 25  0.14412  7.46673e+02 | 26  0.13301  8.26195e+02 | 27  0.12903  6.59654e+02
 28  0.10858  9.85399e+02 | 29  0.11495  4.20653e+02 | 30  0.09589  5.18584e+02
 31  0.06788  5.88775e+02 | 32  0.06602  1.03417e+03 | 33 -0.02252  3.22558e+02
 34 -0.06775  3.84743e+02 | 35 -0.07151  3.08258e+02 | 36 -0.27357  2.06018e+01
 37 -1.07260 -5.10439e+00 |
37 variables; iteration 40; function evaluation 69; phase 1
Function value 1.5944987e+04; maximum gradient component mag -3.4362e+02
Var    Value     Gradient |Var    Value     Gradient |Var    Value     Gradient
  1  0.04796 -3.43624e+02 |  2 -0.03355  1.01835e+02 |  3  0.01955  1.19005e+02
  4 -0.07377 -1.12580e+01 |  5 -0.16934  8.20489e+00 |  6 -0.06144  3.94678e+00
  7 -0.14961  7.41654e+01 |  8 -0.08793  1.78400e+02 |  9 -0.00731  8.98407e+01
 10  0.12100 -2.79138e+01 | 11 -0.01433  1.11030e+02 | 12  0.10478  5.24748e+01
 13  0.07353  1.01017e+02 | 14  0.08541  1.23547e+02 | 15  0.06126 -3.24599e+01
 16  0.02403  2.38416e+02 | 17  0.08139  6.25023e+01 | 18  0.10721 -3.98408e+01
 19  0.15064  8.72699e+01 | 20  0.05947  1.01783e+02 | 21  0.05238  2.30168e+02
 22  0.04438  8.66860e+01 | 23  0.05236  2.80248e+01 | 24  0.08477 -5.59323e+01
 25  0.06701  7.65010e+01 | 26  0.06380  9.92740e+01 | 27  0.06711  1.20836e+02
 28  0.03482  1.09881e+02 | 29  0.07567  1.56404e+01 | 30  0.07714  4.88565e+01
 31  0.05664  2.49037e+01 | 32  0.06025  4.08917e+01 | 33 -0.00471 -5.23422e+01
 34 -0.05640 -7.77982e+01 | 35 -0.04436  8.77755e+01 | 36 -0.26367 -2.70328e+01
 37 -0.79513 -1.08878e+01 |

 - final statistics:
37 variables; iteration 53; function evaluation 84
Function value 1.5886e+04; maximum gradient component mag -9.2881e+00
Exit code = 1;  converg criter 1.0000e+01
Var    Value     Gradient |Var    Value     Gradient |Var    Value     Gradient
  1  0.05713 -9.28805e+00 |  2 -0.04342  1.12960e+00 |  3  0.00847  7.73284e-01
  4 -0.07536  1.14889e+00 |  5 -0.16948  1.11024e+00 |  6 -0.07068  1.00566e+00
  7 -0.16369  1.12906e+00 |  8 -0.11995  1.18545e+00 |  9 -0.03265  1.36627e+00
 10  0.10122  9.28473e-01 | 11 -0.04297  1.41287e+00 | 12  0.07897  9.18917e-01
 13  0.04375  1.03493e+00 | 14  0.05321  1.25030e+00 | 15  0.03602  7.28629e-01
 16 -0.02169  1.26630e+00 | 17  0.05158  1.24189e+00 | 18  0.08409  1.71843e+00
 19  0.11785  1.28747e+00 | 20  0.02614  1.08145e+00 | 21  0.01090  1.63367e+00
 22  0.01431  1.54577e+00 | 23  0.02939  6.74986e-01 | 24  0.06901  4.71006e-01
 25  0.04493  1.78438e+00 | 26  0.03983  1.12803e+00 | 27  0.04209  6.78493e-01
 28  0.00980  1.21513e+00 | 29  0.05559  1.97826e+00 | 30  0.05542  6.05806e-01
 31  0.03562  1.13882e+00 | 32  0.03629  8.63484e-01 | 33 -0.02679  8.41541e-01
 34 -0.07955  1.04533e+00 | 35 -0.09187  6.43955e-01 | 36 -0.30811  6.91599e-01
 37  0.19050 -2.02955e-01 |

Initial statistics: 40 variables; iteration 0; function evaluation 0; phase 2
Function value 1.5886473e+04; maximum gradient component mag 1.8675e+03
Var    Value     Gradient |Var    Value     Gradient |Var    Value     Gradient
  1  0.05713 -9.28805e+00 |  2 -0.04345  5.51783e-02 |  3  0.00844 -3.03550e-01
  4 -0.07539  7.94940e-02 |  5 -0.16951  7.12494e-02 |  6 -0.07071 -6.46416e-02
  7 -0.16373  8.75314e-02 |  8 -0.11999  1.27577e-01 |  9 -0.03268  2.90756e-01
 10  0.10119 -1.34873e-01 | 11 -0.04300  3.38393e-01 | 12  0.07893 -1.49739e-01
 13  0.04372 -3.94525e-02 | 14  0.05318  1.77132e-01 | 15  0.03599 -3.46577e-01
 16 -0.02172  1.89997e-01 | 17  0.05155  1.68495e-01 | 18  0.08406  6.50888e-01
 19  0.11782  2.28946e-01 | 20  0.02611  5.43107e-03 | 21  0.01087  5.56899e-01
 22  0.01428  4.69114e-01 | 23  0.02936 -4.00797e-01 | 24  0.06898 -5.99605e-01
 25  0.04489  7.10133e-01 | 26  0.03980  5.32057e-02 | 27  0.04206 -3.96084e-01
 28  0.00976  1.38326e-01 | 29  0.05556  9.05438e-01 | 30  0.05539 -4.67047e-01
 31  0.03559  6.35755e-02 | 32  0.03626 -2.11696e-01 | 33 -0.02682 -2.34434e-01
 34 -0.07958 -2.31982e-02 | 35 -0.09190 -4.21778e-01 | 36 -0.30815 -2.61639e-01
 37  0.19047 -1.23205e+00 | 38  0.21935  7.86796e+02 | 39  0.21935  1.34680e+03
 40  0.21935  1.86748e+03 |

Intermediate statistics: 40 variables; iteration 20; function evaluation 29; phase 2
Function value 1.5853709e+04; maximum gradient component mag 9.6416e+02
Var    Value     Gradient |Var    Value     Gradient |Var    Value     Gradient
  1  0.07101  8.29589e+02 |  2 -0.04560 -1.94645e+01 |  3  0.00638 -1.52185e+01
  4 -0.07431 -2.12115e+01 |  5 -0.16773 -2.63044e+01 |  6 -0.06851 -1.13995e+01
  7 -0.15831 -8.39026e+00 |  8 -0.11895 -1.12854e+01 |  9 -0.03600 -1.70257e+01
 10  0.09835  4.92439e+00 | 11 -0.04326 -3.01222e+01 | 12  0.08095 -2.34385e+01
 13  0.04661 -6.12601e+00 | 14  0.06025  1.95254e+01 | 15  0.04433 -3.18471e+01
 16 -0.00972 -4.17253e+00 | 17  0.06483  1.08451e+01 | 18  0.09729  1.21870e+01
 19  0.12851 -8.30224e+00 | 20  0.03769 -1.23188e+00 | 21  0.02135 -6.22039e+00
 22  0.02257 -5.90643e+00 | 23  0.03543  9.42223e+00 | 24  0.07298  8.10004e+00
 25  0.05000  2.15735e+01 | 26  0.04124  1.45222e+00 | 27  0.04266 -7.15954e+01
 28  0.01055 -4.32390e+01 | 29  0.05832  8.15890e+00 | 30  0.05228 -3.16397e+01
 31  0.03098 -8.63453e+00 | 32  0.02844  6.04121e+01 | 33 -0.03586  7.68857e+01
 34 -0.09264  2.50716e+01 | 35 -0.10428  1.65589e+01 | 36 -0.31708 -4.19586e+01
 37  0.11938 -2.12231e+01 | 38  0.20779  3.53958e+02 | 39  0.20916  9.64160e+02
 40  0.19748  1.25842e+02 |
40 variables; iteration 40; function evaluation 60; phase 2
Function value 1.5850681e+04; maximum gradient component mag 1.0543e+02
Var    Value     Gradient |Var    Value     Gradient |Var    Value     Gradient
  1  0.07252  1.05426e+02 |  2 -0.04441  5.32705e-01 |  3  0.00711 -7.59504e+00
  4 -0.07202  3.39618e+00 |  5 -0.16489 -4.43171e+00 |  6 -0.06739 -7.71170e-01
  7 -0.15726 -1.10823e+00 |  8 -0.11765  2.49598e+00 |  9 -0.03433  3.16260e+00
 10  0.09899  3.22819e+00 | 11 -0.04043 -4.02496e+00 | 12  0.08265 -2.27299e+00
 13  0.04684 -5.65212e-01 | 14  0.05848 -3.95141e+00 | 15  0.04510 -2.49697e+00
 16 -0.01132 -6.81034e+00 | 17  0.06325  1.51928e+00 | 18  0.09573  2.61592e+00
 19  0.12773 -6.50604e+00 | 20  0.03656  1.54901e+00 | 21  0.02021 -1.48620e+00
 22  0.02143  1.55528e+00 | 23  0.03360  4.99963e+00 | 24  0.07230  6.85272e-01
 25  0.04923 -1.86931e-01 | 26  0.04274  2.71723e+00 | 27  0.04726 -7.96068e+00
 28  0.01440 -5.89106e+00 | 29  0.05938 -3.29445e+00 | 30  0.05368 -5.73968e+00
 31  0.03067 -1.43929e+00 | 32  0.02443  6.52038e+00 | 33 -0.04127  9.60325e+00
 34 -0.09645  3.16308e+00 | 35 -0.10749  1.41695e+00 | 36 -0.31404 -5.48409e+00
 37  0.12179 -2.37136e+00 | 38  0.20520  3.70735e+01 | 39  0.20531  9.84093e+01
 40  0.19588  4.26329e+00 |

 - final statistics:
40 variables; iteration 46; function evaluation 72
Function value 1.5851e+04; maximum gradient component mag -6.8509e-03
Exit code = 1;  converg criter 1.0000e+01
Var    Value     Gradient |Var    Value     Gradient |Var    Value     Gradient
  1  0.07226  6.61968e-03 |  2 -0.04507 -1.44215e-03 |  3  0.00671  1.60217e-03
  4 -0.07336  1.22146e-03 |  5 -0.16574 -3.13464e-04 |  6 -0.06885 -2.74925e-04
  7 -0.15895 -1.10513e-05 |  8 -0.11956  4.62224e-04 |  9 -0.03573 -3.32799e-04
 10  0.09844 -4.65328e-03 | 11 -0.04061 -3.37810e-06 | 12  0.08272  3.88860e-04
 13  0.04703  4.04632e-04 | 14  0.05902  7.79353e-04 | 15  0.04558  1.88356e-05
 16 -0.01044  1.52703e-03 | 17  0.06344 -2.68498e-04 | 18  0.09580  2.86392e-03
 19  0.12823  3.92749e-04 | 20  0.03656 -1.24171e-03 | 21  0.02036  7.73233e-04
 22  0.02130  3.17535e-03 | 23  0.03329  4.14530e-04 | 24  0.07256  8.18901e-04
 25  0.04963  6.60357e-04 | 26  0.04320  2.17425e-03 | 27  0.04828  9.10410e-04
 28  0.01546 -2.72122e-05 | 29  0.06030  5.86793e-04 | 30  0.05460  1.91468e-03
 31  0.03131  8.25237e-04 | 32  0.02462  6.89708e-04 | 33 -0.04129  1.31397e-03
 34 -0.09621  7.22545e-05 | 35 -0.10710 -9.54703e-05 | 36 -0.31279  9.31295e-04
 37  0.12274  1.34064e-03 | 38  0.20501  2.40166e-03 | 39  0.20500 -4.78685e-04
 40  0.19586 -6.85090e-03 |

Initial statistics: 54 variables; iteration 0; function evaluation 0; phase 3
Function value 1.5850624e+04; maximum gradient component mag -9.2181e+03
Var    Value     Gradient |Var    Value     Gradient |Var    Value     Gradient
  1  0.07226  6.61968e-03 |  2 -0.04507 -1.93450e-03 |  3  0.00671  1.10861e-03
  4 -0.07336  7.31141e-04 |  5 -0.16574 -7.90419e-04 |  6 -0.06885 -7.65629e-04
  7 -0.15895 -4.89333e-04 |  8 -0.11956 -2.26841e-05 |  9 -0.03573 -8.25610e-04
 10  0.09844 -5.14098e-03 | 11 -0.04061 -4.95962e-04 | 12  0.08272 -1.00567e-04
 13  0.04703 -8.76092e-05 | 14  0.05902  2.87885e-04 | 15  0.04558 -4.73487e-04
 16 -0.01044  1.03351e-03 | 17  0.06344 -7.59637e-04 | 18  0.09580  2.37591e-03
 19  0.12823 -9.08602e-05 | 20  0.03656 -1.73448e-03 | 21  0.02036  2.79898e-04
 22  0.02130  2.68204e-03 | 23  0.03329 -7.83826e-05 | 24  0.07256  3.28517e-04
 25  0.04963  1.68268e-04 | 26  0.04320  1.68180e-03 | 27  0.04828  4.18241e-04
 28  0.01546 -5.20654e-04 | 29  0.06030  9.54179e-05 | 30  0.05460  1.42291e-03
 31  0.03131  3.32246e-04 | 32  0.02462  1.96489e-04 | 33 -0.04129  8.21417e-04
 34 -0.09621 -4.15707e-04 | 35 -0.10710 -5.82090e-04 | 36 -0.31279  4.96095e-04
 37  0.12274  8.56198e-04 | 38  0.20501  2.40166e-03 | 39  0.20500 -4.78685e-04
 40  0.19586 -6.85090e-03 | 41  0.43912 -1.89064e+01 | 42  0.03033  6.15623e+02
 43  0.24471 -4.12652e+02 | 44  0.15305  4.88473e+02 | 45  0.29320 -2.05474e+02
 46  0.19688  3.20306e+02 | 47  0.00000 -5.60854e+02 | 48  0.08327  2.34840e+02
 49 -0.30909 -9.21814e+03 | 50 -0.25133  6.50499e+02 | 51  0.07979  9.05669e+01
 52  0.24471 -1.17673e+02 | 53  0.03033 -5.98106e+01 | 54  0.09126  6.69266e+02

Intermediate statistics: 54 variables; iteration 20; function evaluation 36; phase 3
Function value 1.3323846e+04; maximum gradient component mag -4.8092e+04
Var    Value     Gradient |Var    Value     Gradient |Var    Value     Gradient
  1 -0.01963 -4.80923e+04 |  2  0.00545  2.13460e+02 |  3  0.02822  6.69936e+01
  4 -0.10816  1.57322e+02 |  5 -0.08790  9.18033e+02 |  6 -0.12539  3.71691e+02
  7 -0.11758  9.77230e+02 |  8 -0.08066  1.78234e+02 |  9  0.01785 -4.01740e+02
 10  0.07921 -1.35147e+03 | 11 -0.01184  6.47756e+02 | 12  0.05836 -3.24113e+02
 13  0.02564 -8.16988e+02 | 14  0.03786 -4.97022e+02 | 15  0.03711 -5.02107e+01
 16  0.00164  5.49908e+02 | 17  0.01502  3.12593e+02 | 18  0.05402  4.62315e+02
 19  0.04211  1.11432e+01 | 20 -0.01155  6.90403e+02 | 21 -0.04215  6.10832e+02
 22  0.02261  4.01077e+02 | 23  0.04823  1.18795e+02 | 24  0.00952 -4.70143e+02
 25  0.09027  5.73487e+02 | 26 -0.03483 -9.73139e+02 | 27  0.07680  1.92229e+02
 28  0.01205  2.10264e+02 | 29  0.04255  2.94875e+02 | 30 -0.00418 -6.07253e+02
 31  0.04789 -3.98869e+02 | 32 -0.00198 -1.57322e+03 | 33 -0.00929 -9.83757e+02
 34 -0.06784 -6.36625e+02 | 35  0.07313  3.24351e+01 | 36 -0.10172  2.87516e+01
 37 -0.03351  6.52675e+02 | 38  0.33404  5.80666e+03 | 39  0.22394 -1.28444e+04
 40  0.28268 -8.09521e+02 | 41 -0.26360  1.40499e+02 | 42  0.42924  2.23282e+02
 43  0.52595 -7.75173e+02 | 44 -0.35775  1.17716e+03 | 45  0.34673  4.70448e+02
 46 -0.35076  1.01180e+03 | 47  1.22704  7.16104e+01 | 48 -0.00601  1.27629e+03
 49 -0.03458  5.28783e+03 | 50 -0.25100 -6.49303e+02 | 51 -0.55516  1.50747e+02
 52 -0.33295 -9.64164e+00 | 53  1.08288 -2.90040e+00 | 54 -0.50687  1.84415e+02
54 variables; iteration 40; function evaluation 60; phase 3
Function value 1.2746019e+04; maximum gradient component mag -4.1036e+04
Var    Value     Gradient |Var    Value     Gradient |Var    Value     Gradient
  1 -0.02573 -4.10357e+04 |  2 -0.01149 -3.15850e+02 |  3  0.06965 -9.28205e+02
  4 -0.14521 -5.14950e+02 |  5 -0.07552  6.86303e+02 |  6 -0.14013 -1.16681e+02
  7 -0.11377  1.17874e+03 |  8 -0.08354  2.14149e+02 |  9 -0.08765 -9.10245e+02
 10  0.12989 -6.21496e+02 | 11  0.01024  8.28727e+02 | 12  0.04895 -1.60559e+02
 13  0.05014 -4.94531e+02 | 14  0.03543 -5.99709e+02 | 15  0.06087  3.32984e+02
 16  0.01855  9.39223e+02 | 17  0.04440  8.43279e+02 | 18  0.06146  9.55169e+02
 19  0.05068  6.60759e+02 | 20 -0.00205  9.65681e+02 | 21 -0.02247  1.15081e+03
 22  0.03802  6.90128e+02 | 23  0.05590  1.78853e+02 | 24  0.00519 -3.19504e+02
 25  0.12518  1.20326e+03 | 26 -0.08409 -8.67033e+02 | 27  0.08442  3.65505e+02
 28  0.01374  1.87282e+02 | 29  0.05058  2.38807e+02 | 30 -0.01081 -5.90464e+02
 31  0.05265 -5.64567e+02 | 32 -0.04636 -2.07991e+03 | 33 -0.00819 -9.82117e+02
 34 -0.05598 -8.46086e+02 | 35 -0.00695 -1.21408e+03 | 36  0.37686  1.51578e+03
 37 -0.45042  4.15730e+02 | 38  0.31494  4.67157e+03 | 39  0.23083 -1.13742e+04
 40  0.30764  2.70478e+03 | 41 -0.10215  1.93857e+03 | 42 -0.45290  1.46975e+03
 43  0.35774 -2.04691e+03 | 44 -0.43294  1.25016e+03 | 45  0.33440 -9.64862e+02
 46 -0.36454  1.56253e+03 | 47  0.44316 -4.88511e+02 | 48 -0.22694  2.22586e+03
 49 -0.06337  1.09165e+04 | 50 -0.25597 -8.09425e+03 | 51 -0.40229  2.18612e+02
 52 -0.03735  2.58105e+03 | 53  5.13992  6.84759e-01 | 54 -1.42636 -1.20656e+03
54 variables; iteration 60; function evaluation 100; phase 3
Function value 1.1217661e+04; maximum gradient component mag -3.0957e+04
Var    Value     Gradient |Var    Value     Gradient |Var    Value     Gradient
  1 -0.01598 -3.09570e+04 |  2  0.01131 -4.27573e+02 |  3  0.03396 -2.48520e+03
  4 -0.09607 -8.39926e+02 |  5 -0.11365  1.43128e+02 |  6 -0.11146  1.87550e+02
  7 -0.23227  1.00361e+02 |  8 -0.16406 -2.28387e+02 |  9 -0.00933 -5.10106e+02
 10  0.14098  4.85714e+02 | 11 -0.01485  5.83562e+02 | 12  0.02533 -1.98854e+02
 13  0.05115 -3.24714e+02 | 14  0.03592 -6.32367e+02 | 15  0.02682 -3.79905e+02
 16  0.00923  6.99736e+02 | 17  0.01655  7.41910e+01 | 18  0.02782 -6.97312e+02
 19  0.01707 -1.12816e+03 | 20 -0.02300  1.55483e+02 | 21 -0.04063  9.03377e+02
 22  0.01772  4.74030e+02 | 23  0.05659  2.72367e+02 | 24  0.00834  1.13638e+02
 25  0.07579  3.85808e+02 | 26  0.08509  1.77064e+03 | 27  0.06618  8.54566e+02
 28  0.02754  7.77717e+02 | 29  0.02929 -2.36080e+02 | 30 -0.06206 -7.54069e+02
 31  0.06373  1.35695e+02 | 32 -0.00291 -1.36882e+03 | 33 -0.00178 -9.53901e+02
 34 -0.08354 -5.70369e+02 | 35  0.07809 -8.58207e+02 | 36  0.60889  9.48591e+02
 37 -0.66513  1.27556e+02 | 38  0.29469  1.90292e+03 | 39  0.24335 -7.86244e+03
 40  0.30030  4.64427e+03 | 41 -0.20243 -5.82911e+02 | 42 -0.62250  2.65118e+02
 43  0.35885 -1.98381e+03 | 44 -0.46329  8.91844e+02 | 45  0.35604 -1.61081e+02
 46 -0.37687  5.28242e+02 | 47  0.22304 -7.29697e+02 | 48 -0.43250  2.36854e+03
 49 -0.08258  2.30347e+02 | 50 -0.27998 -6.78842e+03 | 51 -0.74583  1.28446e+01
 52 -0.02644 -9.24880e+02 | 53  6.61296 -4.20287e+01 | 54 -1.43079 -2.51005e+02
54 variables; iteration 80; function evaluation 121; phase 3
Function value 9.8103727e+03; maximum gradient component mag 6.7203e+02
Var    Value     Gradient |Var    Value     Gradient |Var    Value     Gradient
  1 -0.00124 -5.90842e+02 |  2  0.00502  3.23160e+01 |  3  0.05613 -9.76639e+00
  4 -0.06808  5.22711e+00 |  5 -0.13550  9.13663e+00 |  6 -0.06620  1.67236e+01
  7 -0.16373  3.67458e+00 |  8 -0.08362  3.66512e+01 |  9  0.01755  6.02681e+01
 10  0.11714  6.62367e+01 | 11 -0.02636  3.16716e+01 | 12  0.02851  5.04334e+01
 13  0.03080  2.48208e+01 | 14  0.03888 -1.58323e+02 | 15  0.01490 -1.16445e+02
 16 -0.04745 -7.80219e+00 | 17 -0.02428 -3.79900e+00 | 18  0.00607  2.32523e+01
 19  0.02045  1.03869e+02 | 20 -0.07318  9.07388e+01 | 21 -0.11991  4.52261e+01
 22 -0.01721 -6.28131e+00 | 23  0.03476 -6.45665e+00 | 24 -0.00481  1.55553e+01
 25  0.04327 -8.36501e+00 | 26  0.01289 -2.69053e+01 | 27  0.03435 -4.98961e+01
 28 -0.01291  4.07313e+00 | 29  0.01647 -2.68241e+01 | 30 -0.00645 -4.36035e+00
 31  0.02736  1.02019e+01 | 32  0.07436 -7.92850e+00 | 33  0.03644 -7.16981e+00
 34 -0.02790 -6.29398e+00 | 35  0.06181  1.50661e+01 | 36  0.17956 -6.41487e-01
 37  0.02659  1.94613e+01 | 38  0.29670 -4.87858e+01 | 39  0.27151  3.14485e+01
 40  0.25194 -1.11807e+02 | 41 -0.25055  7.52422e+01 | 42 -0.51019 -1.66999e+01
 43  0.50797 -5.31713e+00 | 44 -0.42058  7.40716e+00 | 45  0.36093 -1.64442e+01
 46 -0.37473  2.65690e+01 | 47  0.19448 -2.37831e+00 | 48 -0.46480 -2.60598e+01
 49 -0.06952  6.72028e+02 | 50 -0.16742 -2.47890e+02 | 51 -1.26303 -4.03656e-01
 52  0.01927  1.17428e+02 | 53  6.91959 -4.48920e-01 | 54 -1.27934  1.18003e+01
54 variables; iteration 100; function evaluation 144; phase 3
Function value 9.7998490e+03; maximum gradient component mag -5.0259e+01
Var    Value     Gradient |Var    Value     Gradient |Var    Value     Gradient
  1  0.00047 -5.02591e+01 |  2  0.00838  1.09457e+00 |  3  0.06805  5.39102e+00
  4 -0.04868 -4.03565e-01 |  5 -0.11788 -1.34718e+00 |  6 -0.04568 -1.20690e+00
  7 -0.14160  1.83021e-01 |  8 -0.07836 -2.15818e+00 |  9  0.01396 -3.03485e+00
 10  0.11515  1.85945e+00 | 11 -0.02796 -1.05577e+00 | 12  0.01929 -1.58396e+00
 13  0.02145 -3.87271e-01 | 14  0.03867 -2.01783e+00 | 15  0.01076 -9.34420e-01
 16 -0.04935  4.75131e-01 | 17 -0.02704  1.06295e+00 | 18  0.00350  1.41319e+00
 19  0.01654  6.63844e-01 | 20 -0.08045 -1.56232e-01 | 21 -0.12988 -9.92126e-01
 22 -0.02035  5.73764e-01 | 23  0.03304  1.29950e+00 | 24 -0.00972  1.29894e+00
 25  0.03798  5.53130e-01 | 26  0.00942  1.15014e+00 | 27  0.02837  4.59318e-01
 28 -0.01487  1.51204e-01 | 29  0.01250  1.32619e+00 | 30 -0.01034 -9.42510e-03
 31  0.02066 -6.95665e-01 | 32  0.07046 -2.31035e-01 | 33  0.03132  1.12368e-01
 34 -0.03227 -5.02813e-01 | 35  0.05527  1.56273e+00 | 36  0.17600  3.61012e-01
 37  0.04384  7.60574e-01 | 38  0.29901  3.08205e+00 | 39  0.27271 -3.74143e+00
 40  0.25425 -1.57034e+00 | 41 -0.18270  1.10394e+00 | 42 -0.55250 -8.25470e-01
 43  0.51336  6.64455e-01 | 44 -0.42142  6.77156e-01 | 45  0.36329  2.60809e-01
 46 -0.37536  5.04798e-01 | 47  0.19566  1.62245e+00 | 48 -0.46444 -1.98547e+00
 49 -0.08826 -8.67759e-01 | 50 -0.15947  2.33183e-01 | 51 -1.25925  3.11209e-03
 52 -0.01350  1.66464e+00 | 53  7.00547 -2.90072e-01 | 54 -1.34504  6.89104e-01
54 variables; iteration 120; function evaluation 164; phase 3
Function value 9.7998403e+03; maximum gradient component mag 3.8801e+00
Var    Value     Gradient |Var    Value     Gradient |Var    Value     Gradient
  1  0.00051  3.88010e+00 |  2  0.00836 -2.75377e-01 |  3  0.06782 -5.67408e-01
  4 -0.04859 -1.14767e-01 |  5 -0.11766 -2.72518e-01 |  6 -0.04543 -1.91129e-02
  7 -0.14123  2.82982e-01 |  8 -0.07794 -8.10567e-02 |  9  0.01416 -1.67136e-01
 10  0.11491 -1.62311e-01 | 11 -0.02792  8.04821e-02 | 12  0.01935  4.46586e-01
 13  0.02137 -9.16907e-02 | 14  0.03859 -1.94320e-01 | 15  0.01068  1.24155e-01
 16 -0.04941  2.05623e-01 | 17 -0.02714 -4.52136e-02 | 18  0.00339  3.25625e-01
 19  0.01643  8.42485e-01 | 20 -0.08050  9.70865e-01 | 21 -0.12988  1.15752e-01
 22 -0.02042 -3.13377e-01 | 23  0.03293 -2.06890e-01 | 24 -0.00981 -1.06254e-01
 25  0.03792  1.70315e-02 | 26  0.00932 -5.03817e-02 | 27  0.02830  9.02958e-02
 28 -0.01491  1.58165e-01 | 29  0.01240  1.05267e-01 | 30 -0.01036  5.15192e-01
 31  0.02065  5.39257e-01 | 32  0.07036 -1.53079e-01 | 33  0.03121 -1.12978e-01
 34 -0.03225 -6.01127e-03 | 35  0.05517  5.82242e-03 | 36  0.17603  1.18062e-01
 37  0.04419 -2.97923e-03 | 38  0.29896  8.62149e-02 | 39  0.27271  8.02994e-02
 40  0.25425 -1.16191e-02 | 41 -0.15942  1.76537e-01 | 42 -0.56216  3.08405e-01
 43  0.51309 -2.28671e-02 | 44 -0.42151  1.75564e-01 | 45  0.36327 -9.94456e-02
 46 -0.37537  9.38667e-02 | 47  0.19566 -1.71290e-01 | 48 -0.46442  2.03809e-01
 49 -0.08822 -1.32014e+00 | 50 -0.15938 -1.44705e-01 | 51 -1.22605 -1.88683e-03
 52 -0.02896  2.36074e-01 | 53  7.10523  4.80100e-03 | 54 -1.35685 -1.80161e-01
54 variables; iteration 140; function evaluation 185; phase 3
Function value 9.7998397e+03; maximum gradient component mag 2.5556e+00
Var    Value     Gradient |Var    Value     Gradient |Var    Value     Gradient
  1  0.00051  2.55562e+00 |  2  0.00837 -5.16339e-02 |  3  0.06783  2.03782e-02
  4 -0.04858 -1.62711e-02 |  5 -0.11762  6.46288e-02 |  6 -0.04545 -6.15584e-02
  7 -0.14127 -1.05573e-01 |  8 -0.07793  6.05618e-04 |  9  0.01418  5.80047e-02
 10  0.11491 -4.91923e-02 | 11 -0.02793 -7.82093e-02 | 12  0.01933 -5.24317e-02
 13  0.02138 -5.00024e-02 | 14  0.03860 -7.42361e-02 | 15  0.01068  1.41849e-02
 16 -0.04943 -2.69428e-02 | 17 -0.02713  9.08673e-02 | 18  0.00340  2.25376e-01
 19  0.01644  3.04490e-01 | 20 -0.08052  1.76726e-01 | 21 -0.12986  3.23899e-02
 22 -0.02040 -5.21038e-02 | 23  0.03293 -5.94338e-02 | 24 -0.00980 -1.22750e-02
 25  0.03792  2.01500e-03 | 26  0.00932  7.80256e-02 | 27  0.02830  9.37984e-02
 28 -0.01492  5.79664e-03 | 29  0.01241  5.11498e-02 | 30 -0.01038  1.25886e-01
 31  0.02063  2.90793e-02 | 32  0.07037 -2.82631e-02 | 33  0.03122 -1.05734e-01
 34 -0.03225 -6.18704e-02 | 35  0.05516 -4.46055e-02 | 36  0.17599 -5.27599e-02
 37  0.04417 -2.68977e-02 | 38  0.29896  2.33458e-01 | 39  0.27271 -2.49531e-01
 40  0.25425  2.05265e-02 | 41 -0.18615  6.77877e-01 | 42 -0.57253 -2.19693e-01
 43  0.51309  2.19207e-02 | 44 -0.42151  2.82738e-02 | 45  0.36327  7.86903e-02
 46 -0.37537 -2.29464e-02 | 47  0.19566  1.07847e-02 | 48 -0.46442  8.21031e-02
 49 -0.08820  3.89100e-01 | 50 -0.15936 -2.34360e-01 | 51 -1.17365  8.51067e-03
 52 -0.01125  1.02085e+00 | 53  7.15564  6.51475e-04 | 54 -1.36892  2.24650e-01
54 variables; iteration 160; function evaluation 205; phase 3
Function value 9.7998396e+03; maximum gradient component mag -3.4703e+00
Var    Value     Gradient |Var    Value     Gradient |Var    Value     Gradient
  1  0.00052 -3.47027e+00 |  2  0.00836 -6.67100e-02 |  3  0.06782 -9.01666e-02
  4 -0.04860 -3.68782e-02 |  5 -0.11762  7.91433e-02 |  6 -0.04544  6.10044e-02
  7 -0.14123  2.90712e-01 |  8 -0.07794  1.78842e-02 |  9  0.01414 -1.65263e-01
 10  0.11492  8.59687e-01 | 11 -0.02794  1.53151e-02 | 12  0.01932 -6.98060e-02
 13  0.02139  1.77415e-01 | 14  0.03859 -2.21904e-01 | 15  0.01067 -3.21349e-01
 16 -0.04943 -6.07323e-02 | 17 -0.02714 -1.66894e-01 | 18  0.00336 -9.38240e-01
 19  0.01643 -9.34694e-01 | 20 -0.08052 -4.99934e-01 | 21 -0.12983  2.10832e-01
 22 -0.02038  5.13711e-01 | 23  0.03292  1.33142e-01 | 24 -0.00981  7.29251e-02
 25  0.03791  3.96396e-02 | 26  0.00933  3.57722e-01 | 27  0.02829  1.12891e-01
 28 -0.01493 -1.28080e-01 | 29  0.01240 -9.38292e-02 | 30 -0.01038  6.08343e-03
 31  0.02062 -1.08055e-01 | 32  0.07037  4.20965e-02 | 33  0.03122 -1.41261e-01
 34 -0.03225 -2.05244e-02 | 35  0.05517  8.18750e-02 | 36  0.17600  3.84830e-02
 37  0.04423  3.73901e-02 | 38  0.29895 -7.79536e-02 | 39  0.27272  6.38590e-01
 40  0.25425  2.15522e-01 | 41 -0.19458 -9.75036e-01 | 42 -0.58160  5.65045e-01
 43  0.51307 -1.67270e-01 | 44 -0.42152  5.71043e-02 | 45  0.36328  2.04588e-02
 46 -0.37537  5.75944e-02 | 47  0.19565 -1.64634e-01 | 48 -0.46443 -1.87720e-01
 49 -0.08819 -4.06688e-01 | 50 -0.15938 -3.19602e-01 | 51 -1.15872  1.05313e-02
 52 -0.00572 -1.49293e+00 | 53  7.18026  6.21193e-04 | 54 -1.37901 -4.94874e-01
54 variables; iteration 180; function evaluation 248; phase 3
Function value 9.7998383e+03; maximum gradient component mag 4.5581e+00
Var    Value     Gradient |Var    Value     Gradient |Var    Value     Gradient
  1  0.00051  4.55805e+00 |  2  0.00837 -2.72185e-02 |  3  0.06783 -2.33209e-02
  4 -0.04858 -3.69775e-02 |  5 -0.11763 -9.56295e-02 |  6 -0.04545 -6.65790e-02
  7 -0.14126 -1.00173e-01 |  8 -0.07793 -3.77551e-02 |  9  0.01418  6.66801e-03
 10  0.11490 -2.61184e-01 | 11 -0.02792 -1.02517e-02 | 12  0.01933  4.34000e-02
 13  0.02137 -7.22560e-02 | 14  0.03860  9.62522e-02 | 15  0.01068  1.70307e-01
 16 -0.04943  8.38630e-02 | 17 -0.02713  1.18989e-01 | 18  0.00340  4.76887e-01
 19  0.01643  6.99648e-01 | 20 -0.08052  2.80959e-01 | 21 -0.12987 -8.83715e-02
 22 -0.02041 -2.07672e-01 | 23  0.03294 -4.77633e-03 | 24 -0.00981  1.18483e-03
 25  0.03792 -6.77534e-02 | 26  0.00932 -3.83205e-01 | 27  0.02830 -3.15177e-01
 28 -0.01491  1.00600e-01 | 29  0.01241  1.27209e-01 | 30 -0.01039  3.46432e-02
 31  0.02062  2.47702e-02 | 32  0.07037  5.63082e-04 | 33  0.03122 -2.59696e-02
 34 -0.03225 -6.56655e-02 | 35  0.05516 -1.43345e-01 | 36  0.17600 -5.49064e-02
 37  0.04418 -6.17497e-02 | 38  0.29895  2.32881e-01 | 39  0.27271  2.15789e-01
 40  0.25425  1.43510e-01 | 41 -0.09716  1.81695e+00 | 42 -0.61346  1.93386e+00
 43  0.51308  6.37131e-02 | 44 -0.42151 -1.23781e-01 | 45  0.36327  2.55208e-01
 46 -0.37537 -2.63043e-01 | 47  0.19566  2.62541e-01 | 48 -0.46442 -8.19967e-02
 49 -0.08820  1.93508e+00 | 50 -0.15935  1.80440e-03 | 51 -1.33931  1.41000e-03
 52 -0.07099  2.65001e+00 | 53  7.14436  1.21972e-02 | 54 -1.41143 -1.97263e+00
54 variables; iteration 200; function evaluation 276; phase 3
Function value 9.7998378e+03; maximum gradient component mag -3.8478e+00
Var    Value     Gradient |Var    Value     Gradient |Var    Value     Gradient
  1  0.00051 -3.84781e+00 |  2  0.00837  5.58502e-02 |  3  0.06783  6.50037e-02
  4 -0.04859  5.55360e-02 |  5 -0.11762  6.27850e-02 |  6 -0.04545  4.48961e-02
  7 -0.14126  3.68958e-02 |  8 -0.07794  5.89365e-02 |  9  0.01417  7.54321e-02
 10  0.11491  5.82404e-02 | 11 -0.02793  4.79583e-02 | 12  0.01933  4.61924e-02
 13  0.02138  4.62399e-02 | 14  0.03860 -2.63555e-02 | 15  0.01068 -8.05351e-03
 16 -0.04943  1.42648e-02 | 17 -0.02713  2.22688e-02 | 18  0.00339 -3.88156e-02
 19  0.01644 -1.73231e-01 | 20 -0.08052 -1.28436e-01 | 21 -0.12986 -8.83563e-02
 22 -0.02040  5.29951e-03 | 23  0.03293  6.21064e-03 | 24 -0.00980  1.57951e-03
 25  0.03792 -3.83750e-03 | 26  0.00932 -4.94784e-02 | 27  0.02830 -1.01823e-01
 28 -0.01492  1.83694e-02 | 29  0.01241  4.45636e-03 | 30 -0.01038 -9.39033e-03
 31  0.02062 -3.13100e-02 | 32  0.07037 -9.99328e-02 | 33  0.03122 -6.44798e-02
 34 -0.03225  1.05680e-02 | 35  0.05517  3.64537e-02 | 36  0.17600  8.79809e-02
 37  0.04416  5.26816e-02 | 38  0.29895 -5.71375e-02 | 39  0.27271  1.71122e-02
 40  0.25425 -3.53962e-02 | 41 -0.09512 -1.39028e+00 | 42 -0.62616  1.70145e+00
 43  0.51308  4.94825e-03 | 44 -0.42151 -2.67043e-03 | 45  0.36327  1.60466e-02
 46 -0.37537 -1.30331e-02 | 47  0.19566  2.07095e-03 | 48 -0.46442  5.56255e-03
 49 -0.08819 -4.69143e-01 | 50 -0.15936  4.37297e-01 | 51 -1.34276  4.35189e-03
 52 -0.07242 -2.03323e+00 | 53  7.16645 -1.14636e-03 | 54 -1.42311 -1.86998e+00
54 variables; iteration 220; function evaluation 301; phase 3
Function value 9.7998372e+03; maximum gradient component mag -1.9869e+00
Var    Value     Gradient |Var    Value     Gradient |Var    Value     Gradient
  1  0.00051 -1.98686e+00 |  2  0.00837  3.11017e-02 |  3  0.06783  4.12872e-02
  4 -0.04859  3.14316e-02 |  5 -0.11763  2.76920e-02 |  6 -0.04545  2.58620e-02
  7 -0.14126  1.83332e-02 |  8 -0.07794  2.86031e-02 |  9  0.01417  3.56979e-02
 10  0.11491  4.59191e-03 | 11 -0.02793  2.50348e-02 | 12  0.01933  2.44550e-02
 13  0.02138  1.36342e-02 | 14  0.03860 -1.28194e-02 | 15  0.01068  7.98337e-03
 16 -0.04943  1.57245e-02 | 17 -0.02713  2.10123e-02 | 18  0.00339  8.77475e-03
 19  0.01643 -5.74828e-02 | 20 -0.08052 -5.97159e-02 | 21 -0.12986 -5.14877e-02
 22 -0.02040 -4.70993e-03 | 23  0.03293  2.66624e-03 | 24 -0.00980  1.20623e-03
 25  0.03792 -8.11577e-03 | 26  0.00932 -6.02088e-02 | 27  0.02830 -8.26795e-02
 28 -0.01492  1.41070e-02 | 29  0.01241  1.51237e-02 | 30 -0.01038  2.73182e-03
 31  0.02062 -1.27948e-02 | 32  0.07037 -6.19171e-02 | 33  0.03122 -4.92607e-02
 34 -0.03225  2.07659e-03 | 35  0.05517  1.96755e-02 | 36  0.17600  4.77218e-02
 37  0.04418  2.83406e-02 | 38  0.29895  1.96692e-02 | 39  0.27271  1.50647e-02
 40  0.25425 -9.20226e-03 | 41 -0.07870 -7.05540e-01 | 42 -0.65597  1.07658e+00
 43  0.51308  1.22937e-02 | 44 -0.42151 -1.47489e-02 | 45  0.36327  3.22610e-02
 46 -0.37537 -2.95184e-02 | 47  0.19566  1.94461e-02 | 48 -0.46442 -3.39208e-04
 49 -0.08819 -1.14410e-01 | 50 -0.15936  2.60363e-01 | 51 -1.37664  3.33371e-03
 52 -0.08369 -1.02744e+00 | 53  7.20076 -4.85565e-03 | 54 -1.44830 -1.34769e+00
  ic > imax  in fminim is answer attained ?
Var    Value     Gradient |Var    Value     Gradient |Var    Value     Gradient
  1  0.00051 -2.07109e+00 |  2  0.00837  2.98005e-02 |  3  0.06783  3.86533e-02
  4 -0.04859  3.23421e-02 |  5 -0.11763  3.16207e-02 |  6 -0.04545  2.99989e-02
  7 -0.14126  2.31041e-02 |  8 -0.07794  2.81463e-02 |  9  0.01417  3.19100e-02
 10  0.11491  1.72282e-02 | 11 -0.02793  2.46850e-02 | 12  0.01933  2.27928e-02
 13  0.02138  1.46247e-02 | 14  0.03860 -1.33396e-02 | 15  0.01068  5.75005e-03
 16 -0.04943  1.51499e-02 | 17 -0.02713  2.04651e-02 | 18  0.00339 -5.22839e-04
 19  0.01643 -6.52574e-02 | 20 -0.08052 -6.39747e-02 | 21 -0.12986 -4.92574e-02
 22 -0.02040  1.67492e-03 | 23  0.03293  4.35739e-03 | 24 -0.00980  1.55754e-03
 25  0.03792 -7.69698e-03 | 26  0.00932 -5.96130e-02 | 27  0.02830 -8.33679e-02
 28 -0.01492  1.27466e-02 | 29  0.01241  1.55858e-02 | 30 -0.01038  2.45039e-03
 31  0.02062 -1.53994e-02 | 32  0.07037 -6.40294e-02 | 33  0.03122 -5.26571e-02
 34 -0.03225  1.16973e-03 | 35  0.05517  2.17127e-02 | 36  0.17600  4.97873e-02
 37  0.04418  2.97168e-02 | 38  0.29895  1.49440e-02 | 39  0.27271  3.02046e-02
 40  0.25425 -1.19870e-02 | 41 -0.07743 -7.24673e-01 | 42 -0.65700  1.15289e+00
 43  0.51308  1.10409e-02 | 44 -0.42151 -1.43476e-02 | 45  0.36327  3.38453e-02
 46 -0.37537 -3.14110e-02 | 47  0.19566  1.81489e-02 | 48 -0.46442 -5.45117e-03
 49 -0.08819 -1.07102e-01 | 50 -0.15936  2.59343e-01 | 51 -1.37886 -3.58642e-03
 52 -0.08456 -1.06697e+00 | 53  7.20159  1.67390e-02 | 54 -1.44912 -1.40503e+00
Function minimizer not making progress ... is minimum attained?
Minimprove criterion = 0.0000e+00

 - final statistics:
54 variables; iteration 222; function evaluation 333
Function value 9.7998e+03; maximum gradient component mag -2.0711e+00
Exit code = 1;  converg criter 1.0000e-04
Var    Value     Gradient |Var    Value     Gradient |Var    Value     Gradient
  1  0.00051 -2.07109e+00 |  2  0.00837  2.98005e-02 |  3  0.06783  3.86533e-02
  4 -0.04859  3.23421e-02 |  5 -0.11763  3.16207e-02 |  6 -0.04545  2.99989e-02
  7 -0.14126  2.31041e-02 |  8 -0.07794  2.81463e-02 |  9  0.01417  3.19100e-02
 10  0.11491  1.72282e-02 | 11 -0.02793  2.46850e-02 | 12  0.01933  2.27928e-02
 13  0.02138  1.46247e-02 | 14  0.03860 -1.33396e-02 | 15  0.01068  5.75005e-03
 16 -0.04943  1.51499e-02 | 17 -0.02713  2.04651e-02 | 18  0.00339 -5.22839e-04
 19  0.01643 -6.52574e-02 | 20 -0.08052 -6.39747e-02 | 21 -0.12986 -4.92574e-02
 22 -0.02040  1.67492e-03 | 23  0.03293  4.35739e-03 | 24 -0.00980  1.55754e-03
 25  0.03792 -7.69698e-03 | 26  0.00932 -5.96130e-02 | 27  0.02830 -8.33679e-02
 28 -0.01492  1.27466e-02 | 29  0.01241  1.55858e-02 | 30 -0.01038  2.45039e-03
 31  0.02062 -1.53994e-02 | 32  0.07037 -6.40294e-02 | 33  0.03122 -5.26571e-02
 34 -0.03225  1.16973e-03 | 35  0.05517  2.17127e-02 | 36  0.17600  4.97873e-02
 37  0.04418  2.97168e-02 | 38  0.29895  1.49440e-02 | 39  0.27271  3.02046e-02
 40  0.25425 -1.19870e-02 | 41 -0.07743 -7.24673e-01 | 42 -0.65700  1.15289e+00
 43  0.51308  1.10409e-02 | 44 -0.42151 -1.43476e-02 | 45  0.36327  3.38453e-02
 46 -0.37537 -3.14110e-02 | 47  0.19566  1.81489e-02 | 48 -0.46442 -5.45117e-03
 49 -0.08819 -1.07102e-01 | 50 -0.15936  2.59343e-01 | 51 -1.37886 -3.58642e-03
 52 -0.08456 -1.06697e+00 | 53  7.20159  1.67390e-02 | 54 -1.44912 -1.40503e+00
Estimating row 1 out of 54 for hessian
Estimating row 2 out of 54 for hessian
Estimating row 3 out of 54 for hessian
Estimating row 4 out of 54 for hessian
Estimating row 5 out of 54 for hessian
Estimating row 6 out of 54 for hessian
Estimating row 7 out of 54 for hessian
Estimating row 8 out of 54 for hessian
Estimating row 9 out of 54 for hessian
Estimating row 10 out of 54 for hessian
Estimating row 11 out of 54 for hessian
Estimating row 12 out of 54 for hessian
Estimating row 13 out of 54 for hessian
Estimating row 14 out of 54 for hessian
Estimating row 15 out of 54 for hessian
Estimating row 16 out of 54 for hessian
Estimating row 17 out of 54 for hessian
Estimating row 18 out of 54 for hessian
Estimating row 19 out of 54 for hessian
Estimating row 20 out of 54 for hessian
Estimating row 21 out of 54 for hessian
Estimating row 22 out of 54 for hessian
Estimating row 23 out of 54 for hessian
Estimating row 24 out of 54 for hessian
Estimating row 25 out of 54 for hessian
Estimating row 26 out of 54 for hessian
Estimating row 27 out of 54 for hessian
Estimating row 28 out of 54 for hessian
Estimating row 29 out of 54 for hessian
Estimating row 30 out of 54 for hessian
Estimating row 31 out of 54 for hessian
Estimating row 32 out of 54 for hessian
Estimating row 33 out of 54 for hessian
Estimating row 34 out of 54 for hessian
Estimating row 35 out of 54 for hessian
Estimating row 36 out of 54 for hessian
Estimating row 37 out of 54 for hessian
Estimating row 38 out of 54 for hessian
Estimating row 39 out of 54 for hessian
Estimating row 40 out of 54 for hessian
Estimating row 41 out of 54 for hessian
Estimating row 42 out of 54 for hessian
Estimating row 43 out of 54 for hessian
Estimating row 44 out of 54 for hessian
Estimating row 45 out of 54 for hessian
Estimating row 46 out of 54 for hessian
Estimating row 47 out of 54 for hessian
Estimating row 48 out of 54 for hessian
Estimating row 49 out of 54 for hessian
Estimating row 50 out of 54 for hessian
Estimating row 51 out of 54 for hessian
Estimating row 52 out of 54 for hessian
Estimating row 53 out of 54 for hessian
Estimating row 54 out of 54 for hessian
Warning -- Hessian does not appear to be positive definite
Hessian does not appear to be positive definite.
size of file gradfil1.tmp = 0
size of file gradfil2.tmp = 0
size of file varssave.tmp = 0
size of file cmpdiff.tmp = 0
