
Initial statistics: 36 variables; iteration 0; function evaluation 0; phase 1
Function value 7.7002016e+03; maximum gradient component mag 2.3540e+04
Var    Value     Gradient |Var    Value     Gradient |Var    Value     Gradient
  1  0.07502  2.35401e+04 |  2 -0.01722 -3.50836e+02 |  3  0.01501 -4.13885e+02
  4  0.02670 -2.64594e+02 |  5 -0.11956 -3.32056e+02 |  6 -0.00723 -3.70822e+02
  7 -0.07913 -3.03306e+02 |  8 -0.07910 -3.44959e+02 |  9  0.04167 -1.74127e+02
 10  0.11120 -7.90617e+01 | 11 -0.04245 -3.09191e+02 | 12  0.01845 -1.38574e+02
 13  0.03832 -6.11396e+01 | 14  0.06198 -1.18792e+02 | 15  0.01963 -1.04698e+02
 16 -0.09884 -1.06669e+03 | 17 -0.03986 -2.97732e+02 | 18  0.05895 -6.08358e+02
 19  0.05311 -1.50011e+02 | 20 -0.08350 -5.82169e+02 | 21 -0.12555 -3.66003e+02
 22 -0.00717 -4.43676e+02 | 23  0.05727 -1.04317e+02 | 24  0.03961  2.15244e+02
 25 -0.02162  3.77427e+01 | 26  0.10300  1.78915e+03 | 27 -0.00250  2.09990e+02
 28  0.02487  6.28072e+02 | 29  0.00207  6.16636e+00 | 30  0.03564  7.65758e+02
 31  0.03607  8.19966e+02 | 32  0.05903  1.13468e+03 | 33 -0.01648  4.64927e+02
 34 -0.02851  6.43115e+02 | 35  0.01573  5.31893e+02 | 36 -0.05072 -2.49886e+02

Intermediate statistics: 36 variables; iteration 20; function evaluation 31; phase 1
Function value 6.7163948e+03; maximum gradient component mag 7.3508e+03
Var    Value     Gradient |Var    Value     Gradient |Var    Value     Gradient
  1  0.05616  7.35079e+03 |  2  0.02324 -9.31639e+01 |  3  0.09696 -8.66680e+01
  4  0.05693 -6.96885e+01 |  5 -0.08914 -1.20475e+02 |  6  0.03653 -1.04447e+02
  7 -0.06482 -1.06944e+02 |  8 -0.04688 -9.89875e+01 |  9  0.00737 -7.67274e+01
 10  0.08782 -5.10174e+01 | 11 -0.03306 -8.45854e+01 | 12  0.00298 -3.58615e+01
 13  0.02243 -4.21914e+01 | 14  0.05708 -7.30915e+01 | 15 -0.00062 -5.71155e+01
 16  0.10256 -1.40431e+02 | 17  0.02178 -7.67161e+01 | 18  0.14005 -2.35961e+02
 19  0.10640 -9.33568e+00 | 20  0.04574 -6.09166e+01 | 21 -0.01645 -3.27375e+01
 22  0.06460 -7.61311e+01 | 23  0.01786 -1.26985e+02 | 24 -0.05784 -6.05759e+01
 25 -0.10399 -1.21023e+02 | 26  0.03033  6.54830e+02 | 27 -0.05011 -1.39043e+02
 28 -0.01742  7.61220e+01 | 29 -0.04040 -1.95028e+02 | 30 -0.05635  9.86212e+01
 31 -0.03882  1.64176e+02 | 32  0.02513  3.13669e+02 | 33 -0.02814  1.22685e+02
 34 -0.03948  4.13695e+02 | 35  0.00022  5.87138e+02 | 36 -0.27832 -3.22637e+02
36 variables; iteration 40; function evaluation 63; phase 1
Function value 6.6615843e+03; maximum gradient component mag 3.1258e+03
Var    Value     Gradient |Var    Value     Gradient |Var    Value     Gradient
  1  0.05095  3.12579e+03 |  2  0.00003 -7.71101e+01 |  3  0.06520 -7.78326e+01
  4  0.00891 -7.25382e+01 |  5 -0.12077 -6.87157e+01 |  6 -0.00084 -8.20775e+01
  7 -0.10256 -7.06061e+01 |  8 -0.07619 -7.30378e+01 |  9 -0.00860 -7.41435e+01
 10  0.09135 -7.15126e+01 | 11 -0.03442 -7.10914e+01 | 12 -0.01036 -7.12860e+01
 13  0.02370 -7.16543e+01 | 14  0.05974 -8.19475e+01 | 15 -0.01952 -7.22446e+01
 16  0.10982 -8.62948e+01 | 17  0.01502 -7.50933e+01 | 18  0.16191 -5.68735e+01
 19  0.08568 -7.49916e+01 | 20  0.03241 -8.25318e+01 | 21 -0.04491 -6.39246e+01
 22  0.06991 -3.76827e+01 | 23  0.04983 -6.99114e+00 | 24 -0.03182  6.71566e+00
 25 -0.04483  3.44809e+01 | 26  0.01892  3.28417e+02 | 27 -0.02896 -2.93907e+01
 28 -0.01341  5.33087e+01 | 29 -0.02106 -1.12042e+02 | 30 -0.06492 -7.16120e+01
 31 -0.04658 -6.66306e+01 | 32  0.02916  3.29487e+00 | 33 -0.00979  3.34850e+01
 34 -0.05805  9.55466e+01 | 35  0.00153  3.38164e+02 | 36 -0.11151 -3.50948e+01

 - final statistics:
36 variables; iteration 50; function evaluation 73
Function value 6.6519e+03; maximum gradient component mag -9.1337e+00
Exit code = 1;  converg criter 1.0000e+01
Var    Value     Gradient |Var    Value     Gradient |Var    Value     Gradient
  1  0.05056 -6.95440e+00 |  2  0.00517 -3.95942e-01 |  3  0.07098 -2.81122e-01
  4  0.01409 -6.05303e-01 |  5 -0.11671 -6.31944e-01 |  6  0.00931 -3.21428e-01
  7 -0.09482 -2.89962e-01 |  8 -0.06961 -4.61344e-01 |  9 -0.00485 -5.05089e-01
 10  0.09222 -2.62428e-01 | 11 -0.03354 -5.07633e-01 | 12 -0.00937 -5.99044e-01
 13  0.02476 -4.27292e-01 | 14  0.06311 -4.56707e-01 | 15 -0.01727 -7.30536e-01
 16  0.11446 -4.55479e-01 | 17  0.01844 -4.14955e-01 | 18  0.16240 -9.54127e-01
 19  0.08883  9.36175e-02 | 20  0.03702 -1.02752e-01 | 21 -0.04387  5.23933e-02
 22  0.07063  2.14297e-01 | 23  0.05010  3.02750e-01 | 24 -0.03194  1.18482e+00
 25 -0.03551  2.45208e+00 | 26  0.00958  7.80211e+00 | 27 -0.02203 -3.70142e+00
 28 -0.02035 -9.13369e+00 | 29 -0.01377 -2.13897e+00 | 30 -0.06314 -5.90387e-02
 31 -0.04321 -2.68898e-01 | 32  0.02914 -2.95255e+00 | 33 -0.01145 -2.85775e+00
 34 -0.06693 -1.36669e+00 | 35 -0.02603 -3.82713e-01 | 36 -0.13544 -2.95204e-02

Initial statistics: 46 variables; iteration 0; function evaluation 0; phase 2
Function value 6.6519329e+03; maximum gradient component mag -1.6781e+04
Var    Value     Gradient |Var    Value     Gradient |Var    Value     Gradient
  1  0.05056 -6.95440e+00 |  2  0.00519  1.54556e-01 |  3  0.07100  2.65976e-01
  4  0.01410 -5.49216e-02 |  5 -0.11669 -9.06534e-02 |  6  0.00933  2.29029e-01
  7 -0.09481  2.54460e-01 |  8 -0.06959  8.58850e-02 |  9 -0.00483  4.54112e-02
 10  0.09224  2.82322e-01 | 11 -0.03353  4.21195e-02 | 12 -0.00935 -4.85873e-02
 13  0.02478  1.22808e-01 | 14  0.06313  9.11060e-02 | 15 -0.01726 -1.80223e-01
 16  0.11448  8.61633e-02 | 17  0.01846  1.35331e-01 | 18  0.16241 -4.21422e-01
 19  0.08884  6.38782e-01 | 20  0.03703  4.46833e-01 | 21 -0.04386  6.01604e-01
 22  0.07065  7.61426e-01 | 23  0.05012  8.51561e-01 | 24 -0.03192  1.73465e+00
 25 -0.03549  3.00174e+00 | 26  0.00959  8.35256e+00 | 27 -0.02202 -3.15124e+00
 28 -0.02033 -8.58346e+00 | 29 -0.01375 -1.58859e+00 | 30 -0.06313  4.88773e-01
 31 -0.04319  2.80352e-01 | 32  0.02916 -2.40260e+00 | 33 -0.01143 -2.30732e+00
 34 -0.06691 -8.19213e-01 | 35 -0.02602  1.67343e-01 | 36 -0.13543  5.08586e-01
 37  0.26900  1.46858e+03 | 38  0.17310 -1.67810e+04 | 39  0.21757 -1.46533e+03
 40  0.34267  1.67033e+04 | 41 -0.06835 -9.76518e+02 | 42 -0.31640  2.62564e+03
 43 -0.02674 -1.21566e+02 | 44 -0.03772 -1.30465e+03 | 45 -0.31945  1.12555e+02
 46 -0.85749  4.76694e+02 |

Intermediate statistics: 46 variables; iteration 20; function evaluation 29; phase 2
Function value 6.0300662e+03; maximum gradient component mag -1.6747e+04
Var    Value     Gradient |Var    Value     Gradient |Var    Value     Gradient
  1  0.02845  1.25298e+04 |  2  0.01038 -1.97701e+02 |  3  0.03462 -2.72309e+02
  4 -0.01071 -1.85085e+02 |  5 -0.11803 -1.32135e+02 |  6 -0.02507 -1.91470e+02
  7 -0.11204 -1.40270e+02 |  8 -0.06979 -1.54326e+02 |  9  0.00486 -1.51597e+02
 10  0.11390 -4.22347e+01 | 11 -0.01395 -1.16220e+02 | 12  0.02270  1.27911e+01
 13  0.05361 -1.63793e+01 | 14  0.08112 -1.06884e+02 | 15 -0.10204 -3.11657e+02
 16  0.07305 -1.11141e+01 | 17 -0.05681 -1.63831e+02 | 18  0.11089 -6.09136e+01
 19  0.03762 -3.06338e+01 | 20 -0.07656 -3.77873e+02 | 21 -0.17298 -2.14892e+02
 22 -0.02570 -3.16588e+02 | 23  0.04519 -1.62367e+02 | 24  0.00538  2.28190e+01
 25  0.01670  3.79222e+01 | 26  0.07408  2.72210e+02 | 27  0.05152  7.53447e+02
 28  0.04509  7.58363e+02 | 29  0.05707  5.65891e+02 | 30  0.03098  4.74884e+02
 31  0.03292  3.51555e+02 | 32  0.08155  5.77294e+02 | 33  0.02624  2.24267e+02
 34 -0.00377  7.27434e+01 | 35  0.04161  2.37386e+02 | 36 -0.25733 -4.23303e+02
 37  0.29294  6.06257e+03 | 38  0.18175 -1.67471e+04 | 39  0.24417 -9.65462e+02
 40  0.31327  1.36954e+04 | 41 -0.04351  1.55090e+03 | 42 -0.43799 -3.72417e+02
 43 -0.05476 -7.16878e+01 | 44 -0.01034  2.33278e+03 | 45 -0.53239 -1.15042e+01
 46 -0.81663 -9.94738e+01 |
46 variables; iteration 40; function evaluation 57; phase 2
Function value 4.9258816e+03; maximum gradient component mag -5.3943e+03
Var    Value     Gradient |Var    Value     Gradient |Var    Value     Gradient
  1  0.03064  1.94791e+03 |  2  0.07694  1.67461e+02 |  3  0.02725 -5.15013e+01
  4  0.01964  1.10298e+02 |  5 -0.10240  7.35510e+01 |  6 -0.12447 -1.94690e+02
  7 -0.15818  2.81595e+01 |  8 -0.08533  5.99011e+00 |  9 -0.05633 -1.74059e+02
 10  0.11011 -3.97827e+02 | 11 -0.02591 -1.11024e+02 | 12 -0.01816 -6.98812e+01
 13  0.06605 -9.98250e+00 | 14  0.07560 -1.32140e+02 | 15 -0.05823 -7.20811e+01
 16  0.03791 -3.02580e+02 | 17 -0.00881  5.88107e+01 | 18  0.04933 -4.63505e+02
 19  0.05884 -7.24329e+01 | 20 -0.09193 -2.00096e+02 | 21 -0.13313 -3.06992e+01
 22 -0.07376 -2.09797e+02 | 23  0.04305 -1.03587e+02 | 24 -0.01831 -7.58214e+01
 25  0.00660  1.10984e+02 | 26  0.11743  9.57299e+02 | 27  0.07157  5.01075e+02
 28  0.04761  4.93008e+02 | 29  0.03857  2.60163e+02 | 30  0.03801  3.23234e+02
 31  0.07477  4.81524e+02 | 32  0.10656  4.92827e+02 | 33  0.03170  2.20955e+02
 34 -0.00181  1.67682e+02 | 35  0.04185  1.68168e+02 | 36 -0.12854  3.49491e+01
 37  0.27907  1.56443e+03 | 38  0.24342 -5.39427e+03 | 39  0.25819 -1.08619e+02
 40  0.26519  4.82887e+03 | 41  0.67528 -3.52559e+02 | 42 -0.46407  7.82673e+02
 43 -0.50055 -7.61179e+01 | 44 -0.55449 -6.07121e+02 | 45 -0.44597  5.67903e+01
 46 -0.85390  1.64964e+02 |
46 variables; iteration 60; function evaluation 83; phase 2
Function value 4.6834379e+03; maximum gradient component mag -1.0599e+02
Var    Value     Gradient |Var    Value     Gradient |Var    Value     Gradient
  1  0.03046 -1.05990e+02 |  2  0.00710  1.05599e+00 |  3  0.04998 -2.39209e-01
  4 -0.01310  2.46882e+00 |  5 -0.13635  3.93649e+00 |  6 -0.02098  6.01212e+00
  7 -0.11904  1.00862e+00 |  8 -0.06964  3.89721e+00 |  9  0.01183  5.62726e-01
 10  0.11021 -7.73757e+00 | 11 -0.01642  1.33543e+00 | 12  0.00201  2.29685e+00
 13  0.04424  2.12528e+00 | 14  0.07854 -4.87756e+00 | 15 -0.04573 -1.62630e+00
 16  0.04358 -1.73202e+01 | 17 -0.04509 -1.06932e+01 | 18  0.09359  5.98706e+00
 19  0.05020  5.69087e+00 | 20 -0.07012  4.60091e+00 | 21 -0.11487  4.83715e+00
 22 -0.02428  3.61246e+00 | 23  0.01938 -1.46915e+00 | 24  0.01322 -8.02379e-02
 25  0.02013  4.58755e+00 | 26  0.06091  1.46858e+00 | 27  0.06009  2.64129e+00
 28  0.01260  5.79681e-01 | 29  0.00724  3.68167e+00 | 30  0.01130  1.35113e+00
 31  0.03141  2.06122e-01 | 32  0.08996  4.32529e-01 | 33  0.02580  1.30184e-01
 34  0.00479  1.70727e+00 | 35  0.04163 -3.19312e-01 | 36 -0.21859  3.18852e+00
 37  0.27742  7.81447e+00 | 38  0.27920 -2.11058e+00 | 39  0.26563 -9.76713e-01
 40  0.25525  5.45751e+00 | 41  0.61499  3.00888e+00 | 42 -0.47071  1.86756e+00
 43 -0.45214  4.08740e+00 | 44 -0.49433  1.63159e+00 | 45 -0.43724 -1.68506e+00
 46 -0.82245  1.11898e+00 |

 - final statistics:
46 variables; iteration 62; function evaluation 85
Function value 4.6834e+03; maximum gradient component mag -6.4908e+00
Exit code = 1;  converg criter 1.0000e+01
Var    Value     Gradient |Var    Value     Gradient |Var    Value     Gradient
  1  0.03038 -5.75258e+00 |  2  0.00721  1.18993e-01 |  3  0.05070  9.36882e-01
  4 -0.01290  7.51002e-01 |  5 -0.13715  7.15476e-01 |  6 -0.02237  4.17032e-01
  7 -0.11976  9.93043e-02 |  8 -0.07164 -5.97908e-01 |  9  0.01196 -7.69571e-01
 10  0.11103 -6.49075e+00 | 11 -0.01677 -2.16259e+00 | 12  0.00206 -2.64347e-01
 13  0.04420 -1.28919e-01 | 14  0.07883 -1.25955e+00 | 15 -0.04575  3.49390e-01
 16  0.04389  2.33045e+00 | 17 -0.04431  1.72639e+00 | 18  0.09358  1.89568e+00
 19  0.05027  2.18703e+00 | 20 -0.07014  1.56486e+00 | 21 -0.11523  1.45310e+00
 22 -0.02449  8.20865e-01 | 23  0.01993 -1.98173e+00 | 24  0.01353 -1.52179e+00
 25  0.01971  6.42537e-01 | 26  0.06137  7.18110e-01 | 27  0.06018 -2.98412e-01
 28  0.01303 -4.01088e-01 | 29  0.00703 -4.70880e-01 | 30  0.01167 -3.39084e-03
 31  0.03181 -1.40515e-01 | 32  0.09018  5.88963e-01 | 33  0.02620  6.52141e-01
 34  0.00479 -2.32617e-01 | 35  0.04182 -2.62758e+00 | 36 -0.21976  8.60049e-02
 37  0.27737  5.98823e-01 | 38  0.27922  1.76466e+00 | 39  0.26560  5.17445e-01
 40  0.25520  5.20981e-01 | 41  0.61620 -3.02128e+00 | 42 -0.47102  4.87434e+00
 43 -0.45404  4.82023e-01 | 44 -0.49534 -5.98833e+00 | 45 -0.43733  1.16759e-02
 46 -0.82183  1.37384e+00 |

Initial statistics: 52 variables; iteration 0; function evaluation 0; phase 3
Function value 4.6834124e+03; maximum gradient component mag -3.9039e+03
Var    Value     Gradient |Var    Value     Gradient |Var    Value     Gradient
  1  0.03038 -5.75258e+00 |  2  0.00722  1.56438e-01 |  3  0.05070  9.74210e-01
  4 -0.01290  7.88442e-01 |  5 -0.13715  7.52058e-01 |  6 -0.02237  4.54457e-01
  7 -0.11976  1.36091e-01 |  8 -0.07164 -5.60697e-01 |  9  0.01196 -7.32131e-01
 10  0.11103 -6.45387e+00 | 11 -0.01677 -2.12515e+00 | 12  0.00206 -2.26900e-01
 13  0.04420 -9.15618e-02 | 14  0.07883 -1.22239e+00 | 15 -0.04575  3.86741e-01
 16  0.04390  2.36781e+00 | 17 -0.04431  1.76375e+00 | 18  0.09358  1.93272e+00
 19  0.05027  2.22436e+00 | 20 -0.07014  1.60208e+00 | 21 -0.11523  1.48994e+00
 22 -0.02449  8.58285e-01 | 23  0.01994 -1.94430e+00 | 24  0.01353 -1.48435e+00
 25  0.01971  6.79967e-01 | 26  0.06137  7.55383e-01 | 27  0.06018 -2.61132e-01
 28  0.01303 -3.63649e-01 | 29  0.00703 -4.33435e-01 | 30  0.01167  3.40502e-02
 31  0.03181 -1.03114e-01 | 32  0.09018  6.26035e-01 | 33  0.02620  6.89557e-01
 34  0.00479 -1.95170e-01 | 35  0.04182 -2.59022e+00 | 36 -0.21976  1.21243e-01
 37  0.27737  5.98823e-01 | 38  0.27922  1.76466e+00 | 39  0.26560  5.17445e-01
 40  0.25520  5.20981e-01 | 41  0.61620 -3.02128e+00 | 42 -0.47102  4.87434e+00
 43  0.48133  2.30606e+02 | 44 -0.29424 -7.04373e+01 | 45  0.08143 -3.90387e+03
 46 -0.89706  1.00442e+03 | 47  0.25925 -3.92576e+02 | 48 -0.30085  5.63836e+02
 49 -0.45404  4.82023e-01 | 50 -0.49534 -5.98833e+00 | 51 -0.43733  1.16759e-02
 52 -0.82183  1.37384e+00 |

Intermediate statistics: 52 variables; iteration 20; function evaluation 60; phase 3
Function value 3.2835736e+03; maximum gradient component mag 1.1582e+04
Var    Value     Gradient |Var    Value     Gradient |Var    Value     Gradient
  1  0.02944 -6.67224e+03 |  2 -0.00786  3.39710e+00 |  3  0.03270 -4.66692e+01
  4 -0.02221  6.58613e+01 |  5 -0.14693  8.73983e+01 |  6 -0.03176  6.42245e+01
  7 -0.12333  9.72230e+01 |  8 -0.07169  8.09489e+01 |  9  0.01633  4.89396e+01
 10  0.12961 -5.34346e+01 | 11  0.00440  9.64758e+01 | 12  0.07911  1.34158e+02
 13  0.08423  1.17588e+02 | 14  0.08900 -7.83297e+01 | 15  0.08234 -9.31654e+01
 16 -0.36367 -1.50926e+02 | 17  0.04310  1.00931e+02 | 18 -0.02879 -3.43847e+02
 19  0.15421  1.47801e+02 | 20 -0.10705 -2.02450e+01 | 21 -0.03328  1.54001e+01
 22  0.06661  1.45419e+02 | 23 -0.08081 -3.15446e+01 | 24  0.05380  3.64018e+01
 25  0.10699  1.73738e+02 | 26  0.02792 -6.60017e+01 | 27  0.08062 -1.10677e+02
 28  0.04839 -1.05607e+02 | 29  0.07960  3.92286e+01 | 30 -0.05129 -2.30612e+02
 31  0.09333 -8.46033e+01 | 32  0.12014 -2.43666e+02 | 33 -0.10759 -2.01479e+02
 34  0.02356  1.05064e+01 | 35  0.08454  2.42302e+02 | 36 -0.36497  3.48408e+01
 37  0.24376 -7.09279e+02 | 38  0.21340 -4.25245e+03 | 39  0.28812  1.65348e+03
 40  0.24625 -1.05305e+03 | 41  0.61476 -1.36413e+02 | 42 -0.49029 -1.35110e+02
 43  0.22653 -2.22561e+02 | 44 -0.20397  6.45209e+01 | 45  0.66290 -1.03506e+01
 46 -0.72958 -2.13607e+01 | 47  0.19778  1.15817e+04 | 48 -0.52936 -6.61850e+03
 49 -0.46487 -2.34905e+01 | 50 -0.53509 -2.11649e+02 | 51 -0.42842  9.32372e+00
 52 -0.83183 -4.05699e+01 |
52 variables; iteration 40; function evaluation 82; phase 3
Function value 3.2370495e+03; maximum gradient component mag -1.4531e+04
Var    Value     Gradient |Var    Value     Gradient |Var    Value     Gradient
  1  0.02855 -5.48466e+03 |  2  0.00267  5.39048e+01 |  3  0.05123  4.24672e+01
  4 -0.00811  8.19987e+01 |  5 -0.13818  7.71148e+01 |  6 -0.01236  7.89625e+01
  7 -0.10364  9.47478e+01 |  8 -0.05655  8.44147e+01 |  9  0.01832  4.07102e+01
 10  0.12644 -6.45419e+01 | 11 -0.01830  5.58103e+01 | 12  0.08214  1.88011e+02
 13  0.07166  1.32564e+02 | 14  0.10664  5.35581e+01 | 15  0.08940  6.64166e+00
 16 -0.43666 -1.21047e+02 | 17  0.02360  1.72695e+02 | 18  0.01560 -1.69533e+02
 19  0.15932  2.78305e+02 | 20 -0.08652  2.01609e+01 | 21  0.00564  1.25608e+02
 22  0.07613  2.62342e+02 | 23 -0.02719  6.56495e+01 | 24  0.03770  2.14177e+01
 25  0.11249  1.93744e+02 | 26  0.02370 -9.90348e+01 | 27  0.05695 -2.68340e+02
 28  0.04920 -1.94593e+02 | 29  0.03502 -1.36339e+02 | 30 -0.02226 -2.50455e+02
 31  0.08938 -4.12331e+01 | 32  0.11104 -2.14542e+02 | 33 -0.06080 -1.66427e+02
 34  0.02182 -2.42526e+01 | 35  0.04623 -2.52550e+01 | 36 -0.51706  2.80806e+00
 37  0.25204  5.39615e+02 | 38  0.22205 -2.98823e+03 | 39  0.28818  1.56883e+03
 40  0.25102 -1.38842e+03 | 41  0.57062 -2.97942e+02 | 42 -0.46637  2.10324e+02
 43  0.27187 -2.37458e+02 | 44 -0.16687  1.03856e+02 | 45  0.65789 -1.17936e+02
 46 -0.73295 -1.24013e+02 | 47  0.19775 -1.45310e+04 | 48 -0.52940  7.47969e+03
 49 -0.44207 -4.38085e+01 | 50 -0.50751 -4.45059e+02 | 51 -0.44251  2.62049e+01
 52 -0.91216  2.49317e+01 |
52 variables; iteration 60; function evaluation 116; phase 3
Function value 3.0236724e+03; maximum gradient component mag 1.2628e+04
Var    Value     Gradient |Var    Value     Gradient |Var    Value     Gradient
  1  0.03339 -4.59196e+02 |  2 -0.00686 -2.78962e+01 |  3  0.03818 -3.81373e+01
  4 -0.01688  1.20063e+01 |  5 -0.15833 -1.47651e+01 |  6 -0.02168  5.50710e+00
  7 -0.10704  3.94243e+01 |  8 -0.09100 -1.98188e+01 |  9  0.01395  3.20954e+01
 10  0.13133  1.47615e+02 | 11 -0.01028  2.86261e+01 | 12 -0.00785 -8.48264e+01
 13  0.02514 -1.39334e+02 | 14  0.06188 -4.00955e+02 | 15  0.07990 -5.51833e+01
 16 -0.21018 -2.29787e+02 | 17  0.01424  5.98307e+01 | 18  0.03981 -4.58004e+01
 19  0.09816  1.18565e+01 | 20 -0.04217  7.39665e+01 | 21 -0.03618  2.23328e+01
 22 -0.01452 -8.53137e+01 | 23 -0.03968 -5.48827e+01 | 24  0.03249  1.76783e+01
 25  0.03702 -5.61597e+00 | 26  0.06073  7.42398e+01 | 27  0.07979  1.96563e+02
 28  0.02429  3.34408e+01 | 29  0.03624  1.13725e+02 | 30  0.01941  5.46914e+01
 31  0.07100  1.24859e+02 | 32  0.10143  1.06615e+02 | 33 -0.00966  1.38432e+00
 34 -0.00973 -4.81139e+01 | 35  0.06209  1.12459e+02 | 36 -0.25441  2.06673e+01
 37  0.26781  2.10188e+03 | 38  0.23351 -7.68731e+02 | 39  0.24990 -4.93409e+02
 40  0.25011  2.97266e+02 | 41  0.62020  3.66254e+01 | 42 -0.46383  2.28665e+02
 43  0.39328 -2.29841e+02 | 44 -0.31749  1.65501e+02 | 45  0.65889 -1.04647e+03
 46 -0.78980  4.71264e+02 | 47  0.19789  1.26275e+04 | 48 -0.52918 -7.45644e+03
 49 -0.45650  1.42487e+01 | 50 -0.49582  5.40196e+01 | 51 -0.43074  6.10998e+00
 52 -0.81864  6.34113e+01 |
52 variables; iteration 80; function evaluation 136; phase 3
Function value 2.8337763e+03; maximum gradient component mag 1.6494e+02
Var    Value     Gradient |Var    Value     Gradient |Var    Value     Gradient
  1  0.04911 -1.32727e+02 |  2 -0.00595  1.28480e+00 |  3  0.03514  5.66840e-01
  4 -0.01793  2.45765e+00 |  5 -0.13877  1.86139e+00 |  6 -0.02335  1.72209e+00
  7 -0.11438  1.94619e+00 |  8 -0.07454  2.21274e+00 |  9  0.00278  2.30963e+00
 10  0.10716  3.23938e+00 | 11 -0.02408  3.06850e+00 | 12  0.01676  5.90357e+00
 13  0.03071  8.29898e+00 | 14  0.07590  1.54332e+01 | 15  0.02248  1.60402e+01
 16 -0.05387  5.36985e+00 | 17 -0.00302  1.23461e+01 | 18  0.07405  8.24358e+00
 19  0.11296  9.99153e-01 | 20 -0.04465  9.84958e-01 | 21 -0.02315  7.47273e-01
 22 -0.01433 -7.73991e-01 | 23 -0.03950 -2.15205e-01 | 24  0.03860  4.14167e-01
 25  0.05369 -7.14293e-01 | 26  0.02920 -1.66765e+00 | 27  0.05405  4.09524e-01
 28  0.02799 -1.52393e+00 | 29  0.02691 -1.48280e+00 | 30  0.02024 -6.04716e-01
 31  0.05647 -1.83824e+01 | 32  0.08202 -4.82932e+01 | 33 -0.02130 -1.41870e+01
 34 -0.01663 -8.33409e+00 | 35  0.03629  2.20403e+00 | 36 -0.29875  1.97461e+00
 37  0.24505  1.11639e+01 | 38  0.22706  2.68979e+00 | 39  0.24599 -1.86446e+01
 40  0.23897  3.77735e+00 | 41  0.89929 -8.99879e-01 | 42 -0.47817  9.94162e+00
 43  0.35793 -3.40561e+00 | 44 -0.34679  3.95607e+00 | 45  1.00446  3.74132e+00
 46 -0.97668  1.77126e+00 | 47  0.19804  1.64939e+02 | 48 -0.52876 -7.75524e+01
 49 -0.62396 -7.02109e-01 | 50 -0.65771 -3.71203e+00 | 51 -0.43876  2.00990e-01
 52 -0.83198  2.62371e+00 |
52 variables; iteration 100; function evaluation 156; phase 3
Function value 2.8334876e+03; maximum gradient component mag -1.4040e+02
Var    Value     Gradient |Var    Value     Gradient |Var    Value     Gradient
  1  0.05027 -2.06880e+00 |  2 -0.00651 -2.49639e-01 |  3  0.03454 -5.01847e-01
  4 -0.01810  9.64444e-02 |  5 -0.13843  1.31199e-01 |  6 -0.02293  5.17492e-01
  7 -0.11386 -1.26078e-01 |  8 -0.07473 -1.02224e-02 |  9  0.00217 -3.73709e-03
 10  0.10657 -1.84747e-01 | 11 -0.02479 -1.43465e-01 | 12  0.01628 -5.25578e-02
 13  0.02905 -8.90033e-02 | 14  0.07312  3.45132e-02 | 15  0.01760 -8.11698e-01
 16 -0.05367  3.76248e-01 | 17 -0.00536  5.63615e-01 | 18  0.07360  5.90232e-01
 19  0.11399 -7.00066e-01 | 20 -0.04358 -2.16494e-01 | 21 -0.02208 -1.04439e-01
 22 -0.01423 -6.61554e-01 | 23 -0.04055 -4.82464e-01 | 24  0.03846 -1.52754e-01
 25  0.05395 -1.51631e-01 | 26  0.02967 -1.92400e-01 | 27  0.05453  5.85377e-01
 28  0.02929  1.34205e+00 | 29  0.02845  5.26799e-01 | 30  0.02117  2.94004e-01
 31  0.05884 -6.62961e-01 | 32  0.08623 -1.22011e+00 | 33 -0.02115  8.07904e-02
 34 -0.01741  6.76661e-01 | 35  0.03660  2.91131e-01 | 36 -0.29743 -4.80827e-02
 37  0.24378 -3.27297e+00 | 38  0.22618  2.75078e+00 | 39  0.24539 -6.65379e-01
 40  0.23714  3.08950e+00 | 41  0.90236  3.68430e-01 | 42 -0.47938 -3.43807e+00
 43  0.35605 -3.48084e-01 | 44 -0.34716  6.84520e-01 | 45  1.00136  1.00967e+00
 46 -0.97458  2.00577e+00 | 47  0.19802 -1.40396e+02 | 48 -0.52879  6.44127e+01
 49 -0.62702  1.25470e-02 | 50 -0.66089  1.66214e+00 | 51 -0.43703  3.94976e-02
 52 -0.83086 -9.67662e-01 |
52 variables; iteration 120; function evaluation 176; phase 3
Function value 2.8334640e+03; maximum gradient component mag -6.1804e+00
Var    Value     Gradient |Var    Value     Gradient |Var    Value     Gradient
  1  0.05031  3.39768e-01 |  2 -0.00643 -1.95061e-02 |  3  0.03464 -3.63188e-02
  4 -0.01815 -1.06725e-02 |  5 -0.13854 -2.45850e-03 |  6 -0.02318  4.41795e-04
  7 -0.11394 -1.08466e-02 |  8 -0.07481 -6.60422e-03 |  9  0.00212 -3.61860e-03
 10  0.10658 -1.84364e-03 | 11 -0.02473 -8.45500e-03 | 12  0.01629 -1.19803e-02
 13  0.02905 -1.37378e-02 | 14  0.07310 -7.32484e-03 | 15  0.01792  1.28358e-03
 16 -0.05389 -1.74811e-04 | 17 -0.00552  2.69569e-04 | 18  0.07348 -1.66800e-02
 19  0.11418  1.22698e-02 | 20 -0.04342 -7.50578e-03 | 21 -0.02200 -4.19723e-03
 22 -0.01404 -9.19829e-03 | 23 -0.04042 -7.69162e-03 | 24  0.03849 -1.80733e-03
 25  0.05398  1.72755e-02 | 26  0.02968  1.36024e-02 | 27  0.05450  2.20352e-02
 28  0.02908  3.77124e-02 | 29  0.02838  1.44668e-02 | 30  0.02113  7.56223e-03
 31  0.05896 -7.94427e-03 | 32  0.08636 -1.25144e-02 | 33 -0.02123 -7.04815e-03
 34 -0.01758 -1.49642e-02 | 35  0.03659  4.24422e-02 | 36 -0.29729 -8.27711e-03
 37  0.24375 -6.34828e-02 | 38  0.22613  4.76162e-02 | 39  0.24536  1.10384e-01
 40  0.23709  2.26975e-01 | 41  0.91384  4.37029e-02 | 42 -0.48087 -5.37216e-02
 43  0.35602 -8.59328e-03 | 44 -0.34728  2.34586e-02 | 45  1.00001 -1.27974e-02
 46 -0.99565  1.27533e-02 | 47  0.19802 -6.18040e+00 | 48 -0.52880  2.83961e+00
 49 -0.62930 -1.75924e-02 | 50 -0.66325  1.18870e-01 | 51 -0.43528  1.32507e-02
 52 -0.82539 -3.10754e-02 |
52 variables; iteration 140; function evaluation 200; phase 3
Function value 2.8334631e+03; maximum gradient component mag 3.4793e+01
Var    Value     Gradient |Var    Value     Gradient |Var    Value     Gradient
  1  0.05031 -1.11303e+00 |  2 -0.00639  9.43067e-02 |  3  0.03468  1.28254e-01
  4 -0.01810  8.80408e-02 |  5 -0.13852  8.10873e-03 |  6 -0.02317  4.19665e-02
  7 -0.11394 -2.01797e-02 |  8 -0.07481  1.18829e-02 |  9  0.00211 -8.18254e-03
 10  0.10654 -1.16335e-01 | 11 -0.02476 -3.60755e-02 | 12  0.01627 -1.90043e-02
 13  0.02905 -6.57395e-03 | 14  0.07312  8.81599e-02 | 15  0.01791 -1.38210e-02
 16 -0.05389  1.33167e-02 | 17 -0.00553 -1.26866e-02 | 18  0.07347 -8.09242e-03
 19  0.11417  2.08189e-02 | 20 -0.04343  2.60975e-02 | 21 -0.02202 -1.67855e-02
 22 -0.01403  4.48944e-02 | 23 -0.04041  3.92779e-02 | 24  0.03848 -2.54772e-02
 25  0.05398 -2.57507e-02 | 26  0.02966 -9.30664e-02 | 27  0.05449 -6.86020e-02
 28  0.02908  2.58920e-02 | 29  0.02837  7.20298e-03 | 30  0.02113  1.00783e-02
 31  0.05894 -9.28618e-02 | 32  0.08635 -6.45852e-02 | 33 -0.02122 -2.08949e-03
 34 -0.01758  9.82617e-03 | 35  0.03660  1.02025e-01 | 36 -0.29728  2.37805e-02
 37  0.24375 -6.34806e-01 | 38  0.22613 -1.55774e-01 | 39  0.24537  3.28151e-01
 40  0.23709 -4.22529e-01 | 41  0.88757 -1.64896e-01 | 42 -0.49427  1.77256e+00
 43  0.35604  1.79245e-01 | 44 -0.34732 -1.83871e-01 | 45  1.00006  3.90961e-02
 46 -0.99560  1.78772e-02 | 47  0.19802  3.47930e+01 | 48 -0.52881 -1.60194e+01
 49 -0.62415  8.54513e-02 | 50 -0.65775 -8.61819e-01 | 51 -0.41907 -2.61984e-02
 52 -0.78340  6.33952e-01 |
52 variables; iteration 160; function evaluation 224; phase 3
Function value 2.8334620e+03; maximum gradient component mag -1.3800e+00
Var    Value     Gradient |Var    Value     Gradient |Var    Value     Gradient
  1  0.05031 -1.66522e-02 |  2 -0.00643 -1.22915e-02 |  3  0.03463 -3.50438e-02
  4 -0.01815 -3.93198e-04 |  5 -0.13854 -1.01261e-03 |  6 -0.02318  1.38478e-03
  7 -0.11394 -1.21250e-02 |  8 -0.07481 -4.20947e-03 |  9  0.00212 -7.02073e-03
 10  0.10657 -2.79445e-02 | 11 -0.02473 -1.70313e-02 | 12  0.01629 -2.89533e-02
 13  0.02905 -2.66156e-02 | 14  0.07310 -2.14631e-02 | 15  0.01791 -1.06309e-02
 16 -0.05389 -1.31401e-03 | 17 -0.00551  1.42953e-02 | 18  0.07348 -1.73296e-02
 19  0.11418  2.55117e-02 | 20 -0.04342 -1.34123e-04 | 21 -0.02200 -7.56543e-03
 22 -0.01404  5.87022e-03 | 23 -0.04042 -3.07597e-03 | 24  0.03848 -1.33343e-02
 25  0.05398  2.29848e-02 | 26  0.02968  1.29770e-03 | 27  0.05450  2.23510e-03
 28  0.02908  4.48020e-02 | 29  0.02838  2.05637e-02 | 30  0.02113  1.23138e-02
 31  0.05896 -1.67675e-02 | 32  0.08636 -6.24621e-03 | 33 -0.02122 -4.38250e-03
 34 -0.01759 -3.53206e-02 | 35  0.03660  8.97075e-02 | 36 -0.29729 -1.48685e-03
 37  0.24375 -1.40929e-01 | 38  0.22613  6.12970e-02 | 39  0.24536  2.66446e-01
 40  0.23709  2.39993e-01 | 41  0.84396 -7.96068e-02 | 42 -0.50965  6.18071e-01
 43  0.35603  1.99069e-02 | 44 -0.34728 -4.90022e-03 | 45  0.99956 -3.13869e-01
 46 -0.99564  1.36375e-02 | 47  0.19801 -1.37996e+00 | 48 -0.52882  6.31749e-01
 49 -0.61311 -3.69450e-02 | 50 -0.64569 -2.66868e-01 | 51 -0.40130  3.45021e-02
 52 -0.74420  2.40669e-01 |
52 variables; iteration 180; function evaluation 248; phase 3
Function value 2.8334610e+03; maximum gradient component mag -1.3283e+01
Var    Value     Gradient |Var    Value     Gradient |Var    Value     Gradient
  1  0.05031 -9.61229e-01 |  2 -0.00646 -6.18667e-02 |  3  0.03461 -1.28344e-01
  4 -0.01817 -1.73536e-02 |  5 -0.13856  1.53598e-02 |  6 -0.02318  9.73863e-03
  7 -0.11395  5.52747e-03 |  8 -0.07481  5.58281e-03 |  9  0.00213  9.95928e-03
 10  0.10659  1.15535e-02 | 11 -0.02472  2.64402e-03 | 12  0.01630 -2.43022e-02
 13  0.02905 -6.78455e-02 | 14  0.07310 -8.30078e-02 | 15  0.01791 -3.25213e-02
 16 -0.05389 -1.98588e-02 | 17 -0.00551 -1.40340e-02 | 18  0.07348 -1.64217e-02
 19  0.11418  2.79065e-02 | 20 -0.04343 -1.87416e-02 | 21 -0.02199 -6.88553e-03
 22 -0.01405 -3.67464e-02 | 23 -0.04043 -5.71818e-02 | 24  0.03849 -1.22422e-02
 25  0.05399  3.18664e-02 | 26  0.02968  1.57044e-02 | 27  0.05450  2.15108e-02
 28  0.02909  4.91795e-02 | 29  0.02837 -3.37690e-03 | 30  0.02113 -3.92732e-03
 31  0.05897  5.87174e-05 | 32  0.08636 -1.95615e-02 | 33 -0.02122  3.51957e-03
 34 -0.01756  7.63866e-02 | 35  0.03659  8.92648e-02 | 36 -0.29729  8.16400e-03
 37  0.24375  4.89603e-02 | 38  0.22613  1.85486e-01 | 39  0.24536  9.11909e-02
 40  0.23709  5.52274e-01 | 41  0.78429 -4.66862e-01 | 42 -0.52249  1.85929e+00
 43  0.35603 -6.84298e-02 | 44 -0.34726  1.09955e-01 | 45  1.00008  5.36032e-02
 46 -0.99522  5.99353e-02 | 47  0.19800 -1.32830e+01 | 48 -0.52884  6.10512e+00
 49 -0.59291 -1.30570e-01 | 50 -0.62395 -1.04630e+00 | 51 -0.38702  1.10629e-01
 52 -0.71593  8.32563e-01 |
52 variables; iteration 200; function evaluation 269; phase 3
Function value 2.8334601e+03; maximum gradient component mag -6.9134e+00
Var    Value     Gradient |Var    Value     Gradient |Var    Value     Gradient
  1  0.05031 -1.22269e+00 |  2 -0.00645 -3.21844e-02 |  3  0.03462 -8.13739e-02
  4 -0.01816  6.38922e-04 |  5 -0.13855  1.95955e-02 |  6 -0.02318  1.80294e-02
  7 -0.11394  9.13912e-03 |  8 -0.07481  1.22761e-02 |  9  0.00213  1.35715e-02
 10  0.10658  2.42144e-03 | 11 -0.02472  4.96513e-03 | 12  0.01630 -1.47580e-02
 13  0.02905 -4.49326e-02 | 14  0.07310 -5.09095e-02 | 15  0.01791 -2.50438e-02
 16 -0.05389 -1.38113e-02 | 17 -0.00552 -5.11326e-03 | 18  0.07348 -8.54246e-03
 19  0.11418  1.79812e-02 | 20 -0.04343 -6.38424e-03 | 21 -0.02200 -4.04897e-03
 22 -0.01405 -3.45450e-02 | 23 -0.04043 -3.81833e-02 | 24  0.03849 -1.34764e-02
 25  0.05398  1.49673e-02 | 26  0.02968 -1.95130e-03 | 27  0.05450  7.74858e-03
 28  0.02908  3.63734e-02 | 29  0.02837  4.05540e-05 | 30  0.02113 -1.69470e-03
 31  0.05896 -1.07341e-02 | 32  0.08636 -2.74643e-02 | 33 -0.02122 -3.46636e-03
 34 -0.01757  3.85214e-02 | 35  0.03659  7.05489e-02 | 36 -0.29730  1.28291e-02
 37  0.24375 -8.49262e-02 | 38  0.22613  6.54483e-02 | 39  0.24536  7.79976e-02
 40  0.23709  2.86965e-01 | 41  0.71428 -5.24023e-01 | 42 -0.52997  1.42457e+00
 43  0.35603 -2.64971e-02 | 44 -0.34727  5.76142e-02 | 45  1.00002  1.01811e-02
 46 -0.99540  3.99405e-02 | 47  0.19799 -6.91341e+00 | 48 -0.52886  3.17642e+00
 49 -0.56291 -1.01781e-01 | 50 -0.59199 -9.75257e-01 | 51 -0.37896  8.35589e-02
 52 -0.70091  6.78796e-01 |
52 variables; iteration 220; function evaluation 293; phase 3
Function value 2.8334592e+03; maximum gradient component mag -2.0667e+00
Var    Value     Gradient |Var    Value     Gradient |Var    Value     Gradient
  1  0.05031 -1.23129e+00 |  2 -0.00643 -1.72951e-03 |  3  0.03464 -2.34172e-02
  4 -0.01815  4.60087e-03 |  5 -0.13854  1.82669e-02 |  6 -0.02318  1.00654e-02
  7 -0.11393  1.76855e-02 |  8 -0.07481  1.49458e-02 |  9  0.00212  1.07105e-02
 10  0.10658 -7.65302e-03 | 11 -0.02472  6.66428e-03 | 12  0.01629 -7.91684e-03
 13  0.02905 -2.18000e-02 | 14  0.07310 -3.49370e-02 | 15  0.01792 -9.35134e-03
 16 -0.05389 -3.89542e-03 | 17 -0.00552  3.13083e-03 | 18  0.07348  3.43021e-03
 19  0.11418  5.73062e-03 | 20 -0.04343  5.59704e-03 | 21 -0.02200  4.29491e-03
 22 -0.01404 -3.98645e-03 | 23 -0.04042 -1.20151e-02 | 24  0.03849 -9.99341e-03
 25  0.05398 -4.68357e-03 | 26  0.02968 -1.24079e-02 | 27  0.05450 -1.00277e-02
 28  0.02907 -6.97205e-04 | 29  0.02837 -4.26713e-03 | 30  0.02113 -4.00626e-03
 31  0.05896 -5.76297e-03 | 32  0.08636 -2.33780e-02 | 33 -0.02123 -4.92442e-03
 34 -0.01758  1.21953e-02 | 35  0.03659  3.34332e-02 | 36 -0.29730  1.62697e-02
 37  0.24375 -5.31736e-02 | 38  0.22613  5.07675e-03 | 39  0.24536 -3.36551e-03
 40  0.23709 -1.28235e-03 | 41  0.62948 -5.17901e-01 | 42 -0.53149  8.86034e-01
 43  0.35603 -1.17089e-02 | 44 -0.34728  2.41690e-02 | 45  1.00015  1.04272e-01
 46 -0.99572  4.85691e-03 | 47  0.19798 -2.06669e+00 | 48 -0.52888  9.47511e-01
 49 -0.51940 -8.07853e-02 | 50 -0.54614 -8.34257e-01 | 51 -0.37736  5.57805e-02
 52 -0.69799  4.23174e-01 |
52 variables; iteration 240; function evaluation 319; phase 3
Function value 2.8334585e+03; maximum gradient component mag -1.6876e+00
Var    Value     Gradient |Var    Value     Gradient |Var    Value     Gradient
  1  0.05031 -1.68763e+00 |  2 -0.00643  1.12164e-02 |  3  0.03464 -6.73745e-03
  4 -0.01815  1.24045e-02 |  5 -0.13854  2.42627e-02 |  6 -0.02318  1.23062e-02
  7 -0.11393  2.58842e-02 |  8 -0.07481  2.16319e-02 |  9  0.00212  1.34592e-02
 10  0.10657 -1.57341e-02 | 11 -0.02473  8.86179e-03 | 12  0.01629 -4.43460e-03
 13  0.02905 -1.84475e-02 | 14  0.07310 -2.98395e-02 | 15  0.01792 -7.16754e-03
 16 -0.05389  7.11577e-04 | 17 -0.00552  1.94183e-03 | 18  0.07348  8.34478e-03
 19  0.11418  2.88146e-03 | 20 -0.04343  1.24718e-02 | 21 -0.02200  6.71348e-03
 22 -0.01404  3.14113e-03 | 23 -0.04042 -4.96571e-03 | 24  0.03849 -1.29384e-02
 25  0.05398 -1.66431e-02 | 26  0.02968 -2.63353e-02 | 27  0.05450 -2.25422e-02
 28  0.02907 -1.45205e-02 | 29  0.02837 -6.66028e-03 | 30  0.02113 -4.80378e-03
 31  0.05896 -8.54217e-03 | 32  0.08636 -3.23179e-02 | 33 -0.02123 -7.69288e-03
 34 -0.01758  9.30137e-03 | 35  0.03659  2.93267e-02 | 36 -0.29730  2.38779e-02
 37  0.24375 -8.03810e-02 | 38  0.22613 -3.43938e-02 | 39  0.24536 -3.66926e-02
 40  0.23709 -1.28098e-01 | 41  0.53135 -8.02393e-01 | 42 -0.52632  1.08842e+00
 43  0.35603 -5.04287e-03 | 44 -0.34728  1.51983e-02 | 45  0.99998 -5.76801e-03
 46 -0.99578 -1.65182e-03 | 47  0.19798 -8.27916e-01 | 48 -0.52889  3.77784e-01
 49 -0.46186 -1.04757e-01 | 50 -0.48622 -1.16542e+00 | 51 -0.38289  6.28909e-02
 52 -0.70817  5.02260e-01 |
52 variables; iteration 260; function evaluation 342; phase 3
Function value 2.8334580e+03; maximum gradient component mag -1.2418e+00
Var    Value     Gradient |Var    Value     Gradient |Var    Value     Gradient
  1  0.05031 -1.24182e+00 |  2 -0.00643  1.03342e-02 |  3  0.03464 -1.60079e-03
  4 -0.01815  9.21582e-03 |  5 -0.13854  1.77757e-02 |  6 -0.02318  8.25410e-03
  7 -0.11393  1.95095e-02 |  8 -0.07481  1.64000e-02 |  9  0.00212  1.02471e-02
 10  0.10657 -1.07328e-02 | 11 -0.02473  7.00691e-03 | 12  0.01629 -2.74190e-03
 13  0.02905 -1.25427e-02 | 14  0.07310 -2.09030e-02 | 15  0.01792 -5.01512e-03
 16 -0.05389 -3.53612e-04 | 17 -0.00552  2.43111e-03 | 18  0.07348  6.74937e-03
 19  0.11418  2.40555e-03 | 20 -0.04342  9.80906e-03 | 21 -0.02200  4.93493e-03
 22 -0.01404  1.25098e-03 | 23 -0.04042 -3.55704e-03 | 24  0.03849 -1.02821e-02
 25  0.05398 -1.26289e-02 | 26  0.02968 -1.98104e-02 | 27  0.05450 -1.78342e-02
 28  0.02907 -1.25774e-02 | 29  0.02837 -2.96164e-03 | 30  0.02113 -2.60652e-03
 31  0.05896 -4.62816e-03 | 32  0.08636 -1.98287e-02 | 33 -0.02123 -6.07175e-03
 34 -0.01758 -4.55299e-04 | 35  0.03659  2.18624e-02 | 36 -0.29730  1.78751e-02
 37  0.24375 -5.78050e-02 | 38  0.22613 -3.19028e-02 | 39  0.24536 -2.04747e-02
 40  0.23709 -1.01718e-01 | 41  0.44074 -7.08061e-01 | 42 -0.51725  9.28402e-01
 43  0.35603  1.95053e-04 | 44 -0.34728  5.39142e-03 | 45  1.00005  3.54485e-02
 46 -0.99581 -5.50667e-03 | 47  0.19797 -3.90903e-01 | 48 -0.52891  1.76796e-01
 49 -0.40400 -8.04422e-02 | 50 -0.42655 -9.79000e-01 | 51 -0.39280  4.54468e-02
 52 -0.72710  3.97911e-01 |
52 variables; iteration 280; function evaluation 368; phase 3
Function value 2.8334577e+03; maximum gradient component mag -1.0128e+00
Var    Value     Gradient |Var    Value     Gradient |Var    Value     Gradient
  1  0.05031 -3.10760e-01 |  2 -0.00643  4.09508e-03 |  3  0.03464  2.41275e-03
  4 -0.01815  1.52702e-04 |  5 -0.13854  5.59188e-03 |  6 -0.02318  4.28643e-03
  7 -0.11393  5.36043e-03 |  8 -0.07481  4.00194e-03 |  9  0.00212  4.02136e-03
 10  0.10657  8.94532e-04 | 11 -0.02473  8.94649e-04 | 12  0.01629 -3.99285e-03
 13  0.02905 -8.67355e-03 | 14  0.07310 -9.39611e-03 | 15  0.01792 -1.59221e-03
 16 -0.05389 -1.27960e-03 | 17 -0.00552  7.16182e-04 | 18  0.07348  2.92179e-03
 19  0.11418  3.15235e-03 | 20 -0.04342 -2.48610e-04 | 21 -0.02200  1.34589e-03
 22 -0.01404 -6.51937e-04 | 23 -0.04042 -2.74760e-03 | 24  0.03849 -3.73733e-03
 25  0.05398 -3.68082e-03 | 26  0.02968 -5.53563e-03 | 27  0.05450 -7.21024e-03
 28  0.02907 -5.98210e-03 | 29  0.02837 -3.43842e-03 | 30  0.02113 -2.72248e-03
 31  0.05896  3.32299e-03 | 32  0.08636  6.02340e-04 | 33 -0.02123  2.22358e-03
 34 -0.01758  1.46889e-03 | 35  0.03659  8.77787e-03 | 36 -0.29730  5.22665e-03
 37  0.24375  8.96653e-03 | 38  0.22613 -1.33535e-03 | 39  0.24536 -2.56670e-04
 40  0.23709 -1.84365e-02 | 41  0.33946 -3.08429e-01 | 42 -0.50420  5.22571e-01
 43  0.35603 -2.88189e-03 | 44 -0.34728  4.02688e-03 | 45  0.99995 -3.31470e-02
 46 -0.99583 -7.58158e-03 | 47  0.19796 -1.01284e+00 | 48 -0.52892  4.62795e-01
 49 -0.33587  2.10602e-03 | 50 -0.35681 -4.49722e-01 | 51 -0.40752  3.29250e-03
 52 -0.75732  2.01713e-01 |
52 variables; iteration 300; function evaluation 391; phase 3
Function value 2.8334576e+03; maximum gradient component mag 2.6498e-01
Var    Value     Gradient |Var    Value     Gradient |Var    Value     Gradient
  1  0.05031 -1.42801e-01 |  2 -0.00643  6.19471e-04 |  3  0.03465 -1.08131e-03
  4 -0.01814  1.53270e-03 |  5 -0.13854  1.61933e-03 |  6 -0.02318  1.41645e-04
  7 -0.11393  2.81317e-03 |  8 -0.07481  2.40072e-03 |  9  0.00212  8.00939e-04
 10  0.10657 -2.29673e-03 | 11 -0.02473  1.15118e-03 | 12  0.01629 -1.99115e-04
 13  0.02905 -3.04651e-03 | 14  0.07310 -1.66863e-03 | 15  0.01791 -6.45648e-04
 16 -0.05389 -4.97235e-04 | 17 -0.00552  2.86374e-03 | 18  0.07348  2.10626e-03
 19  0.11417  1.14228e-03 | 20 -0.04342  1.57775e-03 | 21 -0.02200  5.29159e-04
 22 -0.01404  3.03406e-04 | 23 -0.04042 -1.11468e-03 | 24  0.03849 -1.90803e-03
 25  0.05398 -1.52913e-03 | 26  0.02968 -3.15334e-03 | 27  0.05450 -3.82537e-03
 28  0.02907 -4.04527e-03 | 29  0.02837 -2.84116e-04 | 30  0.02113 -7.73060e-04
 31  0.05896  1.53488e-03 | 32  0.08636  5.23175e-03 | 33 -0.02123  5.33149e-04
 34 -0.01758 -8.59667e-04 | 35  0.03659  2.93479e-03 | 36 -0.29730  1.74015e-03
 37  0.24375 -3.34414e-03 | 38  0.22613 -8.37001e-03 | 39  0.24536 -1.60298e-03
 40  0.23709 -2.01010e-02 | 41  0.27897 -1.00475e-01 | 42 -0.49576  1.66464e-01
 43  0.35603  1.62734e-04 | 44 -0.34728  1.44081e-03 | 45  1.00002  6.82884e-03
 46 -0.99583 -7.45795e-03 | 47  0.19796  2.64985e-01 | 48 -0.52893 -1.24836e-01
 49 -0.29410 -1.64832e-02 | 50 -0.31427 -1.31222e-01 | 51 -0.41734  7.52732e-03
 52 -0.77933  4.87024e-02 |
52 variables; iteration 320; function evaluation 415; phase 3
Function value 2.8334576e+03; maximum gradient component mag 4.0820e-01
Var    Value     Gradient |Var    Value     Gradient |Var    Value     Gradient
  1  0.05031 -4.17474e-02 |  2 -0.00643  1.45466e-03 |  3  0.03465  1.96233e-03
  4 -0.01814  1.12021e-03 |  5 -0.13854  2.06255e-05 |  6 -0.02318 -9.84559e-04
  7 -0.11393  1.17961e-03 |  8 -0.07481  1.08574e-03 |  9  0.00212 -2.90123e-04
 10  0.10657 -2.51006e-03 | 11 -0.02473  1.77810e-04 | 12  0.01629  9.15594e-05
 13  0.02905 -5.45146e-04 | 14  0.07310  1.92948e-03 | 15  0.01791  3.94000e-04
 16 -0.05389  9.31778e-04 | 17 -0.00552  2.30827e-03 | 18  0.07348  1.60077e-03
 19  0.11417 -3.55016e-04 | 20 -0.04342  1.51913e-03 | 21 -0.02200  5.53996e-04
 22 -0.01404  2.64559e-03 | 23 -0.04042  1.19718e-03 | 24  0.03849 -9.45478e-04
 25  0.05397 -1.88039e-03 | 26  0.02968 -2.70679e-03 | 27  0.05450 -3.38547e-03
 28  0.02907 -3.81494e-03 | 29  0.02837  3.77150e-05 | 30  0.02113 -2.06412e-04
 31  0.05896  6.49760e-04 | 32  0.08636  4.54199e-03 | 33 -0.02123  3.47880e-04
 34 -0.01758 -1.86582e-03 | 35  0.03659 -4.24899e-05 | 36 -0.29730  3.80423e-04
 37  0.24375 -3.39973e-03 | 38  0.22613 -7.85656e-03 | 39  0.24536 -3.52838e-04
 40  0.23709 -2.52237e-02 | 41  0.24521 -4.39880e-03 | 42 -0.49131  1.37990e-02
 43  0.35603  9.61128e-04 | 44 -0.34728 -5.00479e-04 | 45  0.99999  1.86706e-03
 46 -0.99582 -6.43060e-03 | 47  0.19795  4.08197e-01 | 48 -0.52894 -1.90693e-01
 49 -0.27055 -7.78052e-03 | 50 -0.29035 -3.26827e-03 | 51 -0.42263  2.66103e-03
 52 -0.79197 -5.60183e-03 |
52 variables; iteration 340; function evaluation 440; phase 3
Function value 2.8334576e+03; maximum gradient component mag 1.2910e-01
Var    Value     Gradient |Var    Value     Gradient |Var    Value     Gradient
  1  0.05031  4.69775e-02 |  2 -0.00643 -1.51124e-04 |  3  0.03465  1.07816e-04
  4 -0.01814 -7.12910e-04 |  5 -0.13854 -9.19472e-04 |  6 -0.02318 -1.55280e-03
  7 -0.11393 -2.01402e-04 |  8 -0.07481 -2.83756e-04 |  9  0.00212 -8.79141e-04
 10  0.10657 -1.58950e-03 | 11 -0.02473 -5.97561e-04 | 12  0.01629 -4.61162e-06
 13  0.02905 -3.55988e-04 | 14  0.07310  2.15403e-03 | 15  0.01791  2.36077e-04
 16 -0.05389  1.99509e-04 | 17 -0.00552  1.84293e-03 | 18  0.07348  9.79685e-04
 19  0.11418  5.56057e-04 | 20 -0.04342 -9.29927e-05 | 21 -0.02200  4.43752e-05
 22 -0.01404  9.85037e-04 | 23 -0.04042  3.72878e-04 | 24  0.03849 -2.00715e-04
 25  0.05398 -9.99998e-05 | 26  0.02968 -4.17004e-04 | 27  0.05450 -1.53487e-03
 28  0.02907 -2.22771e-03 | 29  0.02837 -2.95068e-05 | 30  0.02113 -2.36138e-04
 31  0.05896  2.06574e-03 | 32  0.08636  7.11733e-03 | 33 -0.02123  1.69095e-03
 34 -0.01758 -1.18364e-03 | 35  0.03659 -9.51302e-05 | 36 -0.29730 -8.39508e-04
 37  0.24375  5.97637e-03 | 38  0.22613 -3.60073e-03 | 39  0.24536  3.69196e-03
 40  0.23709 -5.81510e-03 | 41  0.15741  1.67843e-02 | 42 -0.48410  3.21903e-02
 43  0.35602  4.77086e-04 | 44 -0.34728 -4.74820e-04 | 45  0.99998 -4.17276e-03
 46 -0.99582 -6.06112e-03 | 47  0.19795  1.29104e-01 | 48 -0.52896 -6.23448e-02
 49 -0.20888 -2.07621e-03 | 50 -0.22790  2.22896e-02 | 51 -0.43133  6.16835e-04
 52 -0.81438 -9.91794e-04 |
52 variables; iteration 360; function evaluation 462; phase 3
Function value 2.8334576e+03; maximum gradient component mag -5.4714e-01
Var    Value     Gradient |Var    Value     Gradient |Var    Value     Gradient
  1  0.05031  3.06994e-01 |  2 -0.00643 -5.88098e-03 |  3  0.03464 -5.64074e-03
  4 -0.01815 -4.13496e-03 |  5 -0.13854 -4.41559e-03 |  6 -0.02318 -2.48018e-03
  7 -0.11393 -4.96538e-03 |  8 -0.07481 -5.32312e-03 |  9  0.00212 -5.05170e-03
 10  0.10657 -5.37927e-03 | 11 -0.02473 -3.24564e-03 | 12  0.01629 -1.33318e-03
 13  0.02905  4.31557e-03 | 14  0.07310  2.36563e-03 | 15  0.01791  1.67661e-03
 16 -0.05389  3.89413e-03 | 17 -0.00552  3.93377e-03 | 18  0.07348 -7.83143e-04
 19  0.11418 -4.79122e-04 | 20 -0.04342 -2.20510e-03 | 21 -0.02200 -2.65604e-04
 22 -0.01404  2.64508e-03 | 23 -0.04042  3.53340e-03 | 24  0.03849  3.41604e-03
 25  0.05398  4.23157e-03 | 26  0.02968  6.83726e-03 | 27  0.05450  4.42651e-03
 28  0.02907  4.34623e-03 | 29  0.02837 -8.94883e-04 | 30  0.02113 -3.91679e-04
 31  0.05896  8.49684e-04 | 32  0.08636  4.17214e-03 | 33 -0.02123  3.25026e-03
 34 -0.01758  4.42290e-03 | 35  0.03659 -6.44346e-03 | 36 -0.29730 -5.39486e-03
 37  0.24375  2.36693e-02 | 38  0.22613  6.85329e-03 | 39  0.24536 -2.07423e-03
 40  0.23709  1.69750e-02 | 41  0.05639  3.49490e-01 | 42 -0.48060 -5.47136e-01
 43  0.35603 -6.82097e-03 | 44 -0.34728  6.55796e-03 | 45  1.00001 -1.31677e-02
 46 -0.99576 -1.00811e-04 | 47  0.19793 -3.98145e-01 | 48 -0.52899  1.80096e-01
 49 -0.13782  1.28847e-02 | 50 -0.15622  4.80394e-01 | 51 -0.43563 -3.89089e-03
 52 -0.82642 -1.64067e-01 |
52 variables; iteration 380; function evaluation 490; phase 3
Function value 2.8334570e+03; maximum gradient component mag 2.4190e+00
Var    Value     Gradient |Var    Value     Gradient |Var    Value     Gradient
  1  0.05031  1.83668e-01 |  2 -0.00643 -1.12328e-02 |  3  0.03464 -1.63335e-02
  4 -0.01815 -2.86069e-03 |  5 -0.13854 -3.40384e-03 |  6 -0.02318 -2.61693e-03
  7 -0.11394 -5.09274e-03 |  8 -0.07481 -4.23526e-03 |  9  0.00212 -5.17361e-03
 10  0.10657 -9.92024e-03 | 11 -0.02473 -2.38771e-03 | 12  0.01629  2.02694e-04
 13  0.02905 -8.21884e-03 | 14  0.07310  3.55916e-03 | 15  0.01791 -7.72835e-03
 16 -0.05389 -7.95691e-03 | 17 -0.00552 -3.65897e-03 | 18  0.07348  9.31166e-04
 19  0.11418  1.24707e-02 | 20 -0.04342 -5.95268e-03 | 21 -0.02200 -4.30160e-03
 22 -0.01404 -4.76016e-03 | 23 -0.04042 -7.15805e-03 | 24  0.03849  3.82446e-03
 25  0.05398  9.28875e-03 | 26  0.02968  8.50539e-03 | 27  0.05450  1.20267e-02
 28  0.02907  1.11832e-02 | 29  0.02837  2.13829e-03 | 30  0.02113 -4.73910e-04
 31  0.05896 -4.47066e-04 | 32  0.08636  6.33448e-03 | 33 -0.02123 -2.26518e-04
 34 -0.01758  9.00243e-03 | 35  0.03659  8.83341e-03 | 36 -0.29730 -3.88954e-03
 37  0.24375  3.78857e-02 | 38  0.22613  9.37138e-03 | 39  0.24536  6.18786e-04
 40  0.23709  9.91950e-02 | 41 -0.07900 -1.08906e-01 | 42 -0.49679  6.22526e-01
 43  0.35603 -6.37494e-03 | 44 -0.34728  8.09124e-03 | 45  1.00020  1.39726e-01
 46 -0.99570  7.39840e-03 | 47  0.19790  2.41902e+00 | 48 -0.52905 -1.11521e+00
 49 -0.04388  5.75927e-03 | 50 -0.06186 -1.64580e-01 | 51 -0.41611  1.32058e-02
 52 -0.77647  2.15370e-01 |
52 variables; iteration 400; function evaluation 513; phase 3
Function value 2.8334567e+03; maximum gradient component mag -1.0850e+01
Var    Value     Gradient |Var    Value     Gradient |Var    Value     Gradient
  1  0.05031  4.23821e-01 |  2 -0.00644 -1.91993e-02 |  3  0.03463 -2.86057e-02
  4 -0.01815 -6.35829e-03 |  5 -0.13854 -4.51010e-03 |  6 -0.02318  2.92636e-04
  7 -0.11394 -1.00529e-02 |  8 -0.07481 -8.62918e-03 |  9  0.00212 -7.67831e-03
 10  0.10657 -1.17165e-02 | 11 -0.02473 -7.06921e-03 | 12  0.01629 -3.48826e-03
 13  0.02905 -9.36088e-03 | 14  0.07310 -5.47706e-03 | 15  0.01792 -7.16323e-03
 16 -0.05389 -1.17026e-02 | 17 -0.00551 -2.61954e-03 | 18  0.07348 -3.38991e-03
 19  0.11418  1.58661e-02 | 20 -0.04343 -1.18692e-02 | 21 -0.02200 -4.71728e-03
 22 -0.01404 -6.30168e-03 | 23 -0.04042 -1.13511e-02 | 24  0.03849  8.02654e-03
 25  0.05398  2.09344e-02 | 26  0.02968  1.77207e-02 | 27  0.05450  2.57318e-02
 28  0.02908  2.73300e-02 | 29  0.02837  1.41489e-03 | 30  0.02113 -2.02425e-03
 31  0.05896  5.42432e-04 | 32  0.08636  5.07664e-03 | 33 -0.02122  4.22842e-03
 34 -0.01757  2.13527e-02 | 35  0.03659  1.22162e-02 | 36 -0.29730 -6.64182e-03
 37  0.24375  3.80595e-02 | 38  0.22613  5.33276e-02 | 39  0.24536  2.44396e-02
 40  0.23709  2.02857e-01 | 41 -0.17847 -1.09804e-03 | 42 -0.51777  5.42660e-01
 43  0.35603 -9.72029e-03 | 44 -0.34728  1.57906e-02 | 45  1.00013  9.03825e-02
 46 -0.99564  1.35891e-02 | 47  0.19788 -1.08500e+01 | 48 -0.52910  4.98430e+00
 49  0.02309  1.75508e-02 | 50  0.00517 -1.77150e-02 | 51 -0.39221  1.22588e-02
 52 -0.72594  2.38412e-01 |
52 variables; iteration 420; function evaluation 536; phase 3
Function value 2.8334565e+03; maximum gradient component mag 3.8401e-01
Var    Value     Gradient |Var    Value     Gradient |Var    Value     Gradient
  1  0.05031  1.22840e-01 |  2 -0.00643  4.89881e-05 |  3  0.03465  2.08362e-03
  4 -0.01814 -2.53593e-04 |  5 -0.13854 -1.99813e-03 |  6 -0.02318 -5.60905e-04
  7 -0.11393 -2.17619e-03 |  8 -0.07481 -1.23459e-03 |  9  0.00212 -4.42973e-04
 10  0.10657  3.16949e-03 | 11 -0.02473 -2.38073e-04 | 12  0.01629  7.79658e-04
 13  0.02905 -9.98860e-04 | 14  0.07310  5.52362e-03 | 15  0.01791 -1.68189e-03
 16 -0.05389 -3.20121e-03 | 17 -0.00552 -2.04258e-03 | 18  0.07348  1.21736e-03
 19  0.11417  2.23993e-03 | 20 -0.04342 -1.78674e-03 | 21 -0.02200 -1.98640e-03
 22 -0.01404 -3.05692e-03 | 23 -0.04042 -1.91348e-03 | 24  0.03849  5.31513e-04
 25  0.05397  5.11834e-04 | 26  0.02968  6.05832e-04 | 27  0.05450  2.46059e-03
 28  0.02907 -1.50250e-04 | 29  0.02837  8.32770e-04 | 30  0.02113 -8.37659e-04
 31  0.05896  1.46282e-03 | 32  0.08636  6.87221e-03 | 33 -0.02123  5.41037e-04
 34 -0.01758 -3.43582e-03 | 35  0.03659  2.41730e-03 | 36 -0.29730 -1.49021e-03
 37  0.24375  1.35370e-02 | 38  0.22613 -6.31382e-03 | 39  0.24536  3.47741e-03
 40  0.23709  1.88481e-02 | 41 -0.24356 -2.98470e-02 | 42 -0.53597  2.49176e-01
 43  0.35602  2.73133e-03 | 44 -0.34728 -4.12541e-03 | 45  1.00009  6.46337e-02
 46 -0.99577 -8.03163e-04 | 47  0.19786  3.84009e-01 | 48 -0.52914 -1.79501e-01
 49  0.06548  1.50580e-02 | 50  0.04750 -5.92262e-02 | 51 -0.37264 -2.85273e-03
 52 -0.68949  1.29976e-01 |
52 variables; iteration 440; function evaluation 559; phase 3
Function value 2.8334565e+03; maximum gradient component mag 5.2174e-01
Var    Value     Gradient |Var    Value     Gradient |Var    Value     Gradient
  1  0.05031  9.33077e-02 |  2 -0.00643 -5.17360e-04 |  3  0.03465  6.68773e-04
  4 -0.01814 -5.13666e-04 |  5 -0.13854 -1.38882e-03 |  6 -0.02318 -5.44119e-04
  7 -0.11393 -1.49067e-03 |  8 -0.07481 -1.14050e-03 |  9  0.00212 -6.90525e-04
 10  0.10657  1.22757e-03 | 11 -0.02473 -4.40179e-04 | 12  0.01629  5.28280e-05
 13  0.02905 -2.94570e-04 | 14  0.07310  1.84920e-03 | 15  0.01791 -5.43676e-05
 16 -0.05389 -1.12004e-03 | 17 -0.00552 -9.43242e-04 | 18  0.07348 -3.11411e-05
 19  0.11417  8.82973e-04 | 20 -0.04342 -1.13344e-03 | 21 -0.02200 -8.03541e-04
 22 -0.01404 -3.67096e-04 | 23 -0.04042 -6.89284e-04 | 24  0.03849  6.59779e-04
 25  0.05397  9.00884e-04 | 26  0.02968  1.09669e-03 | 27  0.05450  1.46535e-03
 28  0.02907  5.15612e-04 | 29  0.02837  3.43041e-04 | 30  0.02113 -8.80043e-05
 31  0.05896  9.33386e-04 | 32  0.08636  3.14173e-03 | 33 -0.02123  5.58528e-04
 34 -0.01758 -2.86678e-05 | 35  0.03659 -3.21374e-04 | 36 -0.29730 -1.16639e-03
 37  0.24375  9.37850e-03 | 38  0.22613  3.70915e-03 | 39  0.24536  1.54688e-03
 40  0.23709  1.13294e-02 | 41 -0.29045  1.70610e-02 | 42 -0.55171  5.60240e-02
 43  0.35602  1.23749e-04 | 44 -0.34728 -5.36247e-04 | 45  0.99998 -1.02544e-02
 46 -0.99576 -1.57055e-04 | 47  0.19785  5.21741e-01 | 48 -0.52917 -2.42800e-01
 49  0.09515  8.37503e-03 | 50  0.07707  2.23709e-02 | 51 -0.35649 -2.51997e-03
 52 -0.66168  3.06039e-02 |
52 variables; iteration 460; function evaluation 580; phase 3
Function value 2.8334565e+03; maximum gradient component mag -9.5616e-02
Var    Value     Gradient |Var    Value     Gradient |Var    Value     Gradient
  1  0.05031 -5.56821e-02 |  2 -0.00643  2.79916e-04 |  3  0.03465 -3.50427e-04
  4 -0.01814  4.05894e-04 |  5 -0.13854  8.08958e-04 |  6 -0.02318  3.93835e-04
  7 -0.11393  8.52886e-04 |  8 -0.07481  6.69590e-04 |  9  0.00212  3.96181e-04
 10  0.10657 -7.33050e-04 | 11 -0.02473  3.08391e-04 | 12  0.01629 -1.10948e-04
 13  0.02905 -5.73764e-05 | 14  0.07310 -1.19875e-03 | 15  0.01791  3.43924e-06
 16 -0.05389  5.85412e-04 | 17 -0.00552  4.89737e-04 | 18  0.07348 -1.07150e-05
 19  0.11417 -4.21828e-04 | 20 -0.04342  6.49625e-04 | 21 -0.02200  4.28405e-04
 22 -0.01404  3.33226e-04 | 23 -0.04042  3.15803e-04 | 24  0.03849 -3.90703e-04
 25  0.05398 -5.19986e-04 | 26  0.02968 -6.91433e-04 | 27  0.05450 -8.81365e-04
 28  0.02907 -2.90778e-04 | 29  0.02837 -2.39572e-04 | 30  0.02113  3.54496e-05
 31  0.05896 -5.74587e-04 | 32  0.08636 -1.91258e-03 | 33 -0.02123 -3.85585e-04
 34 -0.01758  2.70837e-04 | 35  0.03659  2.19575e-04 | 36 -0.29730  7.05656e-04
 37  0.24375 -4.91309e-03 | 38  0.22613 -1.44015e-03 | 39  0.24536 -1.41123e-03
 40  0.23709 -6.65433e-03 | 41 -0.31858 -1.58476e-02 | 42 -0.56245 -2.35589e-02
 43  0.35603 -2.74226e-04 | 44 -0.34728  6.08750e-04 | 45  0.99998 -6.53163e-03
 46 -0.99576  1.59339e-04 | 47  0.19784 -9.56159e-02 | 48 -0.52920  4.09683e-02
 49  0.11255 -4.38428e-03 | 50  0.09440 -1.77294e-02 | 51 -0.34589  1.23649e-03
 52 -0.64427 -1.95274e-02 |
52 variables; iteration 480; function evaluation 602; phase 3
Function value 2.8334565e+03; maximum gradient component mag 3.7937e+00
Var    Value     Gradient |Var    Value     Gradient |Var    Value     Gradient
  1  0.05032  2.77385e-01 |  2 -0.00642  7.11587e-03 |  3  0.03466  3.11073e-02
  4 -0.01813  1.04859e-03 |  5 -0.13853 -9.58876e-03 |  6 -0.02317 -7.35513e-03
  7 -0.11392 -2.88559e-04 |  8 -0.07481 -8.29080e-03 |  9  0.00211 -1.73416e-02
 10  0.10656 -3.45635e-02 | 11 -0.02473 -9.56883e-03 | 12  0.01628 -2.36260e-02
 13  0.02904 -3.34015e-02 | 14  0.07309 -2.63085e-02 | 15  0.01792  1.76340e-02
 16 -0.05389  1.69504e-02 | 17 -0.00552 -1.20464e-02 | 18  0.07348  1.35844e-02
 19  0.11418  1.08471e-02 | 20 -0.04342 -3.57625e-03 | 21 -0.02200  6.12228e-03
 22 -0.01402  7.75619e-02 | 23 -0.04043  1.01503e-02 | 24  0.03849  5.20391e-03
 25  0.05397 -1.72176e-02 | 26  0.02967 -2.00393e-02 | 27  0.05449 -2.32154e-02
 28  0.02906 -3.30082e-02 | 29  0.02837 -1.15702e-02 | 30  0.02113 -4.35887e-03
 31  0.05896  9.27961e-03 | 32  0.08635  5.53655e-03 | 33 -0.02123  8.94228e-03
 34 -0.01757  7.84504e-02 | 35  0.03658 -2.66249e-02 | 36 -0.29729  7.18338e-04
 37  0.24375  2.76344e-01 | 38  0.22613  2.13830e-01 | 39  0.24535 -1.11435e-01
 40  0.23709 -1.08524e-01 | 41 -0.32561 -1.06279e-01 | 42 -0.56809  1.25536e-01
 43  0.35602 -7.28624e-02 | 44 -0.34727  7.85116e-02 | 45  0.99998 -8.55259e-03
 46 -0.99590 -1.44083e-02 | 47  0.19783  3.79367e+00 | 48 -0.52920 -1.74666e+00
 49  0.11683  5.23550e-03 | 50  0.09867 -1.76426e-01 | 51 -0.34045 -1.21202e-02
 52 -0.63555  8.67084e-02 |
52 variables; iteration 500; function evaluation 624; phase 3
Function value 2.8334562e+03; maximum gradient component mag 8.2310e-01
Var    Value     Gradient |Var    Value     Gradient |Var    Value     Gradient
  1  0.05032  8.23097e-01 |  2 -0.00642  1.17866e-02 |  3  0.03466  4.30159e-02
  4 -0.01813  1.01405e-03 |  5 -0.13853 -1.60758e-02 |  6 -0.02317 -9.92690e-03
  7 -0.11392 -8.21115e-03 |  8 -0.07480 -9.74934e-03 |  9  0.00212 -1.11255e-02
 10  0.10657  2.25698e-03 | 11 -0.02473 -5.08375e-03 | 12  0.01629 -8.11757e-03
 13  0.02904 -1.16439e-02 | 14  0.07309  8.36086e-03 | 15  0.01792  1.48129e-02
 16 -0.05389  4.88883e-03 | 17 -0.00552 -1.39430e-02 | 18  0.07348  7.73048e-03
 19  0.11417  3.52172e-03 | 20 -0.04342 -4.46282e-03 | 21 -0.02200 -1.42755e-03
 22 -0.01403  4.27103e-02 | 23 -0.04043  6.70060e-03 | 24  0.03848  4.04887e-03
 25  0.05397 -1.32769e-02 | 26  0.02967 -1.14104e-02 | 27  0.05449 -1.19413e-02
 28  0.02906 -2.79604e-02 | 29  0.02837 -1.35097e-03 | 30  0.02113 -1.11857e-03
 31  0.05896  1.39971e-02 | 32  0.08636  3.03977e-02 | 33 -0.02123  7.04226e-03
 34 -0.01758  2.60070e-02 | 35  0.03658 -2.70421e-02 | 36 -0.29729 -6.65267e-03
 37  0.24375  2.00692e-01 | 38  0.22613  1.17784e-01 | 39  0.24535 -5.03517e-02
 40  0.23709 -5.95686e-02 | 41 -0.25065  1.64462e-01 | 42 -0.59101  2.11901e-01
 43  0.35602 -2.64800e-02 | 44 -0.34728  2.12921e-02 | 45  1.00002  7.68184e-03
 46 -0.99592 -1.73660e-02 | 47  0.19783 -7.59496e-01 | 48 -0.52921  3.46083e-01
 49  0.07001  7.12153e-02 | 50  0.05203  1.89418e-01 | 51 -0.31921 -3.66035e-02
 52 -0.60276  1.79435e-01 |
52 variables; iteration 520; function evaluation 649; phase 3
Function value 2.8334561e+03; maximum gradient component mag 2.6857e+00
Var    Value     Gradient |Var    Value     Gradient |Var    Value     Gradient
  1  0.05031  1.08413e+00 |  2 -0.00643 -9.84802e-03 |  3  0.03465  3.76192e-03
  4 -0.01814 -9.70179e-03 |  5 -0.13854 -1.72026e-02 |  6 -0.02318 -9.58598e-03
  7 -0.11393 -1.60349e-02 |  8 -0.07481 -1.64405e-02 |  9  0.00212 -1.55487e-02
 10  0.10657 -7.62029e-03 | 11 -0.02473 -1.07233e-02 | 12  0.01629 -7.85298e-03
 13  0.02905 -9.10157e-03 | 14  0.07310  6.08931e-03 | 15  0.01792  6.39458e-03
 16 -0.05389 -2.03509e-04 | 17 -0.00552 -8.48422e-03 | 18  0.07348  2.46435e-03
 19  0.11418  9.52644e-03 | 20 -0.04342 -1.34965e-02 | 21 -0.02200 -3.85129e-03
 22 -0.01403  2.34098e-02 | 23 -0.04042 -8.56615e-04 | 24  0.03849  1.11114e-02
 25  0.05397  7.02276e-03 | 26  0.02968  9.77939e-03 | 27  0.05450  1.06917e-02
 28  0.02907  7.59609e-04 | 29  0.02837 -3.34061e-03 | 30  0.02113 -2.95636e-03
 31  0.05896  1.01112e-02 | 32  0.08636  2.74835e-02 | 33 -0.02123  1.18370e-02
 34 -0.01758  3.67416e-02 | 35  0.03658 -1.50596e-02 | 36 -0.29729 -1.38582e-02
 37  0.24375  1.70821e-01 | 38  0.22613  1.14592e-01 | 39  0.24536 -2.24609e-02
 40  0.23709  9.76401e-02 | 41 -0.16534  4.30490e-01 | 42 -0.61213 -1.17312e-03
 43  0.35602 -2.93823e-02 | 44 -0.34728  2.93768e-02 | 45  0.99994 -3.74379e-02
 46 -0.99578 -2.38285e-03 | 47  0.19783  2.68566e+00 | 48 -0.52922 -1.23737e+00
 49  0.01438  6.64660e-02 | 50 -0.00353  5.82712e-01 | 51 -0.30081 -2.15948e-02
 52 -0.57574  1.26224e-02 |
52 variables; iteration 540; function evaluation 673; phase 3
Function value 2.8334560e+03; maximum gradient component mag -1.0020e+00
Var    Value     Gradient |Var    Value     Gradient |Var    Value     Gradient
  1  0.05031  2.92843e-01 |  2 -0.00643 -8.54965e-03 |  3  0.03464 -1.24050e-02
  4 -0.01815 -4.83175e-03 |  5 -0.13854 -3.24132e-03 |  6 -0.02318 -9.43772e-04
  7 -0.11393 -5.96722e-03 |  8 -0.07481 -4.70196e-03 |  9  0.00212 -3.05209e-03
 10  0.10657 -9.63183e-04 | 11 -0.02473 -3.16487e-03 | 12  0.01629  6.04573e-04
 13  0.02905  1.01656e-03 | 14  0.07310  3.41355e-03 | 15  0.01791 -2.75334e-03
 16 -0.05389 -4.36028e-03 | 17 -0.00552 -1.49571e-04 | 18  0.07348 -1.95163e-03
 19  0.11418  3.88735e-03 | 20 -0.04342 -5.60190e-03 | 21 -0.02200 -2.53849e-03
 22 -0.01404 -8.05987e-03 | 23 -0.04042 -3.96623e-03 | 24  0.03849  3.81963e-03
 25  0.05398  9.39015e-03 | 26  0.02968  1.00364e-02 | 27  0.05450  1.17299e-02
 28  0.02907  1.17636e-02 | 29  0.02837  6.74969e-04 | 30  0.02113 -5.62589e-04
 31  0.05896  9.20057e-04 | 32  0.08636  5.64536e-03 | 33 -0.02123  2.62790e-03
 34 -0.01758  2.50933e-03 | 35  0.03659  2.95814e-03 | 36 -0.29730 -4.97474e-03
 37  0.24375  7.20069e-03 | 38  0.22613  5.76971e-03 | 39  0.24536  1.54242e-02
 40  0.23709  8.37091e-02 | 41 -0.09517  1.38841e-01 | 42 -0.62937  3.45319e-02
 43  0.35603  1.76377e-04 | 44 -0.34728  5.26615e-04 | 45  0.99999 -7.22728e-04
 46 -0.99572  4.98837e-03 | 47  0.19783 -1.00202e+00 | 48 -0.52922  4.57560e-01
 49 -0.03286  1.36827e-02 | 50 -0.05081  1.90201e-01 | 51 -0.28664  2.20842e-03
 52 -0.55562  2.85984e-02 |
52 variables; iteration 560; function evaluation 697; phase 3
Function value 2.8334560e+03; maximum gradient component mag 3.5748e-01
Var    Value     Gradient |Var    Value     Gradient |Var    Value     Gradient
  1  0.05031 -1.39411e-02 |  2 -0.00643  4.43300e-04 |  3  0.03465  4.64142e-04
  4 -0.01814  2.72264e-04 |  5 -0.13854  2.67553e-04 |  6 -0.02318  9.71867e-05
  7 -0.11393  3.58453e-04 |  8 -0.07481  4.61130e-04 |  9  0.00212  6.62440e-04
 10  0.10657  1.58059e-03 | 11 -0.02473  5.77996e-04 | 12  0.01629  9.26346e-04
 13  0.02905  9.79075e-04 | 14  0.07310  1.06579e-03 | 15  0.01791 -1.27379e-04
 16 -0.05389 -2.19784e-04 | 17 -0.00552 -7.79025e-05 | 18  0.07348 -4.08408e-05
 19  0.11417 -6.43358e-04 | 20 -0.04342  3.24874e-04 | 21 -0.02200 -7.97298e-05
 22 -0.01404 -1.54411e-03 | 23 -0.04042 -1.58715e-04 | 24  0.03849 -2.32803e-04
 25  0.05397 -5.62715e-04 | 26  0.02968 -3.49463e-04 | 27  0.05450 -2.00988e-04
 28  0.02907 -4.63400e-04 | 29  0.02837  1.00600e-04 | 30  0.02113  6.07808e-05
 31  0.05896  7.63781e-05 | 32  0.08636  2.53903e-04 | 33 -0.02123 -1.29591e-04
 34 -0.01758 -1.46478e-03 | 35  0.03659 -3.84255e-04 | 36 -0.29730  1.93991e-04
 37  0.24375 -4.95012e-03 | 38  0.22613 -5.59722e-03 | 39  0.24536 -5.95004e-04
 40  0.23709 -3.91730e-03 | 41 -0.06881 -1.34735e-03 | 42 -0.63578 -2.25893e-05
 43  0.35603  1.68014e-03 | 44 -0.34728 -1.96615e-03 | 45  0.99999  5.85008e-04
 46 -0.99576 -1.09995e-04 | 47  0.19783  3.57481e-01 | 48 -0.52922 -1.67285e-01
 49 -0.05087  8.35106e-05 | 50 -0.06886 -2.13927e-03 | 51 -0.28156 -2.65868e-04
 52 -0.54854 -9.20337e-05 |
52 variables; iteration 580; function evaluation 718; phase 3
Function value 2.8334560e+03; maximum gradient component mag 3.5851e-01
Var    Value     Gradient |Var    Value     Gradient |Var    Value     Gradient
  1  0.05031 -3.82552e-02 |  2 -0.00643  7.72164e-04 |  3  0.03465  6.11704e-04
  4 -0.01814  4.93440e-04 |  5 -0.13854  6.57853e-04 |  6 -0.02318  3.21960e-04
  7 -0.11393  7.71522e-04 |  8 -0.07481  8.78107e-04 |  9  0.00212  1.11153e-03
 10  0.10657  2.10592e-03 | 11 -0.02473  9.08160e-04 | 12  0.01629  1.25544e-03
 13  0.02905  1.28466e-03 | 14  0.07310  1.17582e-03 | 15  0.01791 -2.54546e-04
 16 -0.05389 -1.93171e-04 | 17 -0.00552  5.37187e-06 | 18  0.07348  5.20934e-06
 19  0.11417 -1.01028e-03 | 20 -0.04342  6.19202e-04 | 21 -0.02200 -5.52933e-06
 22 -0.01404 -2.21845e-03 | 23 -0.04042 -1.97698e-04 | 24  0.03849 -4.85804e-04
 25  0.05397 -1.02209e-03 | 26  0.02968 -7.90075e-04 | 27  0.05450 -5.62174e-04
 28  0.02907 -7.99486e-04 | 29  0.02837  1.19273e-05 | 30  0.02113  1.27935e-05
 31  0.05896 -5.49900e-05 | 32  0.08636 -1.62076e-04 | 33 -0.02123 -2.58494e-04
 34 -0.01758 -2.03490e-03 | 35  0.03658 -2.32953e-04 | 36 -0.29730  5.18982e-04
 37  0.24375 -8.49414e-03 | 38  0.22613 -8.76186e-03 | 39  0.24536 -1.16603e-03
 40  0.23709 -7.16931e-03 | 41 -0.07823 -1.08026e-02 | 42 -0.63988 -1.21763e-04
 43  0.35603  2.37792e-03 | 44 -0.34728 -2.71253e-03 | 45  0.99999  1.01454e-03
 46 -0.99576 -1.27689e-04 | 47  0.19783  3.58508e-01 | 48 -0.52922 -1.67756e-01
 49 -0.04443 -1.02658e-03 | 50 -0.06240 -1.46941e-02 | 51 -0.27836 -1.32832e-05
 52 -0.54411 -1.60822e-04 |
Estimating row 1 out of 52 for hessian
Estimating row 2 out of 52 for hessian
Estimating row 3 out of 52 for hessian
Estimating row 4 out of 52 for hessian
Estimating row 5 out of 52 for hessian
Estimating row 6 out of 52 for hessian
Estimating row 7 out of 52 for hessian
Estimating row 8 out of 52 for hessian
Estimating row 9 out of 52 for hessian
Estimating row 10 out of 52 for hessian
Estimating row 11 out of 52 for hessian
Estimating row 12 out of 52 for hessian
Estimating row 13 out of 52 for hessian
Estimating row 14 out of 52 for hessian
Estimating row 15 out of 52 for hessian
Estimating row 16 out of 52 for hessian
Estimating row 17 out of 52 for hessian
Estimating row 18 out of 52 for hessian
Estimating row 19 out of 52 for hessian
Estimating row 20 out of 52 for hessian
Estimating row 21 out of 52 for hessian
Estimating row 22 out of 52 for hessian
Estimating row 23 out of 52 for hessian
Estimating row 24 out of 52 for hessian
Estimating row 25 out of 52 for hessian
Estimating row 26 out of 52 for hessian
Estimating row 27 out of 52 for hessian
Estimating row 28 out of 52 for hessian
Estimating row 29 out of 52 for hessian
Estimating row 30 out of 52 for hessian
Estimating row 31 out of 52 for hessian
Estimating row 32 out of 52 for hessian
Estimating row 33 out of 52 for hessian
Estimating row 34 out of 52 for hessian
Estimating row 35 out of 52 for hessian
Estimating row 36 out of 52 for hessian
Estimating row 37 out of 52 for hessian
Estimating row 38 out of 52 for hessian
Estimating row 39 out of 52 for hessian
Estimating row 40 out of 52 for hessian
Estimating row 41 out of 52 for hessian
Estimating row 42 out of 52 for hessian
Estimating row 43 out of 52 for hessian
Estimating row 44 out of 52 for hessian
Estimating row 45 out of 52 for hessian
Estimating row 46 out of 52 for hessian
Estimating row 47 out of 52 for hessian
Estimating row 48 out of 52 for hessian
Estimating row 49 out of 52 for hessian
Estimating row 50 out of 52 for hessian
Estimating row 51 out of 52 for hessian
Estimating row 52 out of 52 for hessian
Warning -- Hessian does not appear to be positive definite
Hessian does not appear to be positive definite.
size of file gradfil1.tmp = 0
size of file gradfil2.tmp = 0
size of file varssave.tmp = 0
size of file cmpdiff.tmp = 0
