
Initial statistics: 36 variables; iteration 0; function evaluation 0; phase 1
Function value 7.9695373e+03; maximum gradient component mag 4.1079e+04
Var    Value     Gradient |Var    Value     Gradient |Var    Value     Gradient
  1  0.07274  4.10786e+04 |  2  0.04275 -4.45815e+02 |  3 -0.00026 -5.84530e+02
  4 -0.05466 -6.51615e+02 |  5 -0.11176 -5.08623e+02 |  6 -0.07745 -6.85140e+02
  7 -0.08534 -4.96178e+02 |  8 -0.10358 -6.30220e+02 |  9  0.01219 -5.38250e+02
 10  0.12909 -5.59869e+02 | 11 -0.02106 -4.63395e+02 | 12 -0.00810 -6.86080e+02
 13  0.07210 -3.37899e+02 | 14  0.06437 -2.85981e+02 | 15 -0.03359 -4.84751e+02
 16 -0.01161 -2.69574e+02 | 17 -0.02328 -4.87443e+02 | 18  0.00258 -4.15982e+02
 19  0.09877 -1.53732e+02 | 20 -0.05003 -6.13610e+02 | 21 -0.18764 -8.06606e+02
 22 -0.06291 -3.61428e+02 | 23  0.06822  6.87074e+01 | 24  0.01600 -2.04309e+02
 25 -0.05192 -1.64941e+02 | 26  0.08101  2.13513e+03 | 27  0.03567  1.17178e+03
 28  0.04595  1.04938e+03 | 29  0.03878  7.77805e+02 | 30  0.01893  9.55222e+02
 31 -0.00656  6.05345e+02 | 32  0.03395  9.94243e+02 | 33  0.02721  1.32293e+03
 34  0.03031  1.22296e+03 | 35  0.06809  9.29538e+02 | 36  0.00147 -3.41999e+02

Intermediate statistics: 36 variables; iteration 20; function evaluation 35; phase 1
Function value 5.7711689e+03; maximum gradient component mag -1.3513e+04
Var    Value     Gradient |Var    Value     Gradient |Var    Value     Gradient
  1  0.01458 -1.35128e+04 |  2 -0.01705 -1.59680e+01 |  3  0.06551 -4.16008e+01
  4 -0.02128  5.44109e+01 |  5 -0.19095  8.58017e+01 |  6 -0.00578  1.10777e+02
  7 -0.12565  1.41222e+02 |  8 -0.04431  1.49224e+02 |  9  0.02103  8.49573e+01
 10  0.17846 -2.59387e+01 | 11 -0.00447  5.72119e+01 | 12  0.15084  1.51843e+02
 13  0.04042 -1.05339e+02 | 14  0.04846 -2.09075e+02 | 15  0.06107 -9.33437e+01
 16 -0.07944 -7.59439e+01 | 17  0.05795 -3.75212e+01 | 18  0.00897 -6.31904e+01
 19  0.09671 -1.33525e+02 | 20  0.04397  1.06078e+02 | 21  0.00321  1.69064e+02
 22 -0.02867  1.04689e+02 | 23  0.02070 -4.90946e+01 | 24  0.08665 -8.16121e+01
 25  0.05983 -6.33660e+01 | 26 -0.01473 -3.72787e+02 | 27 -0.02364 -2.07903e+02
 28  0.00983 -3.81549e+02 | 29 -0.01424 -4.24132e+02 | 30 -0.04870 -2.55892e+02
 31 -0.06363 -3.11396e+02 | 32  0.09122  2.54557e+02 | 33 -0.02998 -2.57676e+02
 34 -0.03124 -1.54360e+02 | 35 -0.01386  7.83463e+01 | 36 -0.35190  9.50893e+01
36 variables; iteration 40; function evaluation 67; phase 1
Function value 5.6707132e+03; maximum gradient component mag -1.0242e+03
Var    Value     Gradient |Var    Value     Gradient |Var    Value     Gradient
  1  0.02235 -1.02415e+03 |  2  0.01776  4.68578e+01 |  3  0.06379  5.91673e+01
  4 -0.01677  2.39058e+01 |  5 -0.15208  3.49391e+01 |  6 -0.03300  1.15441e+01
  7 -0.14321  2.99579e+01 |  8 -0.06190  3.40237e+01 |  9  0.03219  2.77767e+01
 10  0.18446  1.29998e+01 | 11  0.00302  2.95892e+01 | 12  0.08379  7.37255e+00
 13  0.07773 -3.38746e+01 | 14  0.08486 -4.28039e+01 | 15  0.01768  3.89505e+00
 16 -0.06381 -1.11627e+01 | 17  0.05307 -5.69788e+00 | 18  0.02356  2.18005e+01
 19  0.12652  7.40530e+01 | 20  0.04303  8.22540e+01 | 21 -0.01871  3.27693e+01
 22 -0.05168 -1.90324e+01 | 23  0.05352  4.11828e+01 | 24  0.06570 -2.52607e+00
 25  0.01248 -5.52518e+00 | 26  0.03751  3.05060e+01 | 27 -0.01831  1.53422e+01
 28  0.00543 -1.38697e+02 | 29 -0.02415 -2.19168e+02 | 30 -0.03826 -7.75682e+00
 31 -0.04053  5.66141e+01 | 32  0.07024  2.75253e+02 | 33 -0.00619  2.19262e+01
 34 -0.02627  3.74898e+01 | 35 -0.02911  5.93697e-01 | 36 -0.32922  2.74399e+01

 - final statistics:
36 variables; iteration 54; function evaluation 81
Function value 5.6623e+03; maximum gradient component mag 8.3888e+00
Exit code = 1;  converg criter 1.0000e+01
Var    Value     Gradient |Var    Value     Gradient |Var    Value     Gradient
  1  0.02308  8.38884e+00 |  2  0.01247 -3.19584e-01 |  3  0.05821 -1.51656e-01
  4 -0.01782  1.69046e-01 |  5 -0.16013  7.70220e-02 |  6 -0.02931  1.56248e-01
  7 -0.14262 -7.03909e-02 |  8 -0.06442 -5.77931e-03 |  9  0.03250 -8.55805e-02
 10  0.18677  1.31776e-01 | 11  0.00063 -2.54929e-02 | 12  0.08624  2.58800e-02
 13  0.08650  1.90587e-01 | 14  0.08634  5.42925e-01 | 15  0.01199  2.70349e+00
 16 -0.06281 -1.67300e-01 | 17  0.05460 -1.31926e+00 | 18  0.02512 -4.44240e-01
 19  0.11726 -5.00269e-02 | 20  0.02968  2.40770e-01 | 21 -0.02205 -4.12157e-01
 22 -0.04026 -4.05319e-01 | 23  0.04709 -2.89659e-01 | 24  0.06910 -6.00899e-01
 25  0.01699 -6.08165e-01 | 26  0.03207  3.26204e-01 | 27 -0.01829  1.11960e+00
 28  0.01719  2.67470e+00 | 29 -0.00623 -5.24734e-01 | 30 -0.04248  2.92569e-01
 31 -0.04325  4.76457e-01 | 32  0.05897  1.12024e+00 | 33 -0.00315 -2.16553e-01
 34 -0.02952 -4.00327e-01 | 35 -0.02946 -1.35190e+00 | 36 -0.33120 -5.44691e-02

Initial statistics: 46 variables; iteration 0; function evaluation 0; phase 2
Function value 5.6622650e+03; maximum gradient component mag 2.2398e+04
Var    Value     Gradient |Var    Value     Gradient |Var    Value     Gradient
  1  0.02308  8.38884e+00 |  2  0.01247 -3.97954e-01 |  3  0.05820 -2.29714e-01
  4 -0.01782  9.06919e-02 |  5 -0.16013  1.10400e-03 |  6 -0.02931  7.79465e-02
  7 -0.14262 -1.46817e-01 |  8 -0.06443 -8.37629e-02 |  9  0.03250 -1.63863e-01
 10  0.18677  5.67410e-02 | 11  0.00062 -1.03878e-01 | 12  0.08623 -5.17866e-02
 13  0.08650  1.12924e-01 | 14  0.08634  4.65260e-01 | 15  0.01199  2.62511e+00
 16 -0.06281 -2.45303e-01 | 17  0.05460 -1.39736e+00 | 18  0.02512 -5.22564e-01
 19  0.11725 -1.27086e-01 | 20  0.02968  1.62470e-01 | 21 -0.02205 -4.90495e-01
 22 -0.04027 -4.83546e-01 | 23  0.04709 -3.67829e-01 | 24  0.06910 -6.78822e-01
 25  0.01699 -6.86522e-01 | 26  0.03206  2.47919e-01 | 27 -0.01830  1.04124e+00
 28  0.01719  2.59634e+00 | 29 -0.00624 -6.03115e-01 | 30 -0.04248  2.14358e-01
 31 -0.04325  3.98254e-01 | 32  0.05896  1.04219e+00 | 33 -0.00316 -2.94936e-01
 34 -0.02952 -4.78627e-01 | 35 -0.02946 -1.43020e+00 | 36 -0.33120 -1.22483e-01
 37  0.27688 -7.43755e+03 | 38  0.32910  9.83667e+03 | 39  0.20071 -3.62139e+03
 40  0.39482  2.23982e+04 | 41 -0.06204  6.02846e+02 | 42 -0.88721  1.27558e+02
 43 -0.07677  7.46737e+02 | 44 -0.04050  1.28586e+02 | 45 -0.32569 -1.22273e+03
 46 -0.32582  1.70344e+03 |

Intermediate statistics: 46 variables; iteration 20; function evaluation 28; phase 2
Function value 4.6980092e+03; maximum gradient component mag 8.5735e+03
Var    Value     Gradient |Var    Value     Gradient |Var    Value     Gradient
  1  0.05236 -5.43677e+03 |  2 -0.00958  9.43601e+01 |  3  0.01434  3.27710e+01
  4 -0.00005  1.40823e+02 |  5 -0.11078  1.36634e+02 |  6 -0.01804  7.36232e+01
  7 -0.07849  1.42881e+02 |  8 -0.05372  9.64564e+01 |  9  0.04460  1.14132e+02
 10  0.13885 -9.24585e+01 | 11 -0.07317 -7.37401e+01 | 12  0.05606 -3.37212e+02
 13 -0.04187 -4.91760e+02 | 14 -0.02583 -5.46414e+02 | 15  0.02346 -1.19084e+02
 16  0.09724  3.22550e+02 | 17  0.03197  3.51117e+00 | 18  0.08803  9.38594e+01
 19  0.10004 -1.30875e+02 | 20  0.01565 -6.38174e+01 | 21  0.00499 -2.67283e+01
 22 -0.02800 -3.56446e+01 | 23 -0.31691 -1.64826e+02 | 24  0.12258  1.01689e+01
 25  0.04513  6.88762e+01 | 26 -0.06256 -2.80166e+02 | 27  0.07602  6.03897e+02
 28  0.00756  2.57620e+01 | 29  0.07948  5.17341e+02 | 30  0.03269  2.22617e+02
 31 -0.06954 -2.89190e+02 | 32  0.06215 -1.67707e+02 | 33  0.03708  4.14179e+02
 34  0.04368  6.28010e+02 | 35 -0.00304  1.24326e+02 | 36 -0.21073  1.45411e+02
 37  0.26678 -5.62731e+03 | 38  0.25830  4.90661e+03 | 39  0.16418 -4.37601e+03
 40  0.27026  8.57354e+03 | 41  0.09690  2.10186e+02 | 42 -0.49969  6.32516e+01
 43 -0.19927  3.94231e+01 | 44  0.52815  1.80855e+02 | 45 -0.49661 -1.20173e+02
 46  0.42017  1.87366e+02 |
46 variables; iteration 40; function evaluation 56; phase 2
Function value 4.2695591e+03; maximum gradient component mag 6.3255e+03
Var    Value     Gradient |Var    Value     Gradient |Var    Value     Gradient
  1  0.04492 -2.19399e+03 |  2  0.00419  9.64642e+01 |  3 -0.01117 -7.60195e+00
  4  0.01129  2.59963e+02 |  5 -0.19624  2.44535e-01 |  6 -0.17491 -1.28522e+02
  7 -0.33879 -9.88251e+01 |  8 -0.12759  7.31176e+01 |  9 -0.02350  1.43285e+01
 10  0.13412  2.74927e+01 | 11 -0.02533  3.15932e+00 | 12  0.03244 -1.76611e+02
 13 -0.02165 -3.92764e+02 | 14  0.04804 -3.61243e+02 | 15 -0.01288 -1.52334e+02
 16  0.05912  1.62208e+02 | 17  0.01250 -7.25445e+01 | 18  0.14483  2.20286e+02
 19  0.12787 -5.40749e+01 | 20 -0.01055 -1.60407e+02 | 21  0.02930  2.38855e+01
 22 -0.01948  1.62233e+01 | 23  0.04051  3.60549e+01 | 24  0.07764 -7.65561e+01
 25  0.02387 -1.14759e+02 | 26 -0.00973 -2.97218e+02 | 27  0.03558  2.04424e+01
 28  0.04778 -4.52636e+00 | 29  0.08324  3.57515e+02 | 30  0.02489  4.02192e+01
 31  0.09177  3.09363e+02 | 32  0.04878 -1.40753e+02 | 33  0.02708  3.13157e+02
 34  0.05161  5.54247e+02 | 35 -0.00106  3.92980e+01 | 36 -0.19200  1.02813e+02
 37  0.26831 -4.92725e+03 | 38  0.24918  3.17329e+03 | 39  0.20818 -1.85377e+03
 40  0.26240  6.32554e+03 | 41 -0.49042  3.28854e+02 | 42 -0.69111 -1.24760e+02
 43  0.25957  7.18947e+02 | 44  0.76799 -4.15602e+01 | 45 -0.33177 -6.96336e+02
 46  0.28963  5.38177e+02 |
46 variables; iteration 60; function evaluation 81; phase 2
Function value 3.4102897e+03; maximum gradient component mag -1.2776e+03
Var    Value     Gradient |Var    Value     Gradient |Var    Value     Gradient
  1  0.04532 -1.27761e+03 |  2 -0.02853 -3.64516e+01 |  3  0.05487  3.70108e+01
  4 -0.02915 -2.56082e+01 |  5 -0.15226 -1.63429e+00 |  6 -0.03386 -1.32469e+01
  7 -0.13679 -7.88067e+00 |  8 -0.10066 -3.16502e+01 |  9  0.04780  4.93960e+00
 10  0.25409  1.23655e+02 | 11  0.04229  9.02354e+01 | 12  0.14537  8.53347e+01
 13  0.05608  6.28311e+01 | 14  0.08562  1.01539e+02 | 15 -0.00653 -6.44800e+01
 16 -0.28914 -2.15322e+02 | 17 -0.01072 -9.38890e+01 | 18  0.09768  6.87674e+01
 19  0.15334  6.13518e+01 | 20  0.04110  2.74017e+01 | 21  0.01071  1.34109e+01
 22 -0.03806 -7.05575e-01 | 23  0.04661  1.16920e+02 | 24  0.06833 -2.15360e+01
 25  0.02643 -1.13014e+01 | 26  0.06656  3.08002e+01 | 27 -0.01105 -3.18706e+02
 28  0.05784 -7.11548e+01 | 29  0.02515 -7.58756e+00 | 30  0.05660  3.63191e+01
 31  0.09502  1.37013e+02 | 32  0.14306  1.51067e+02 | 33 -0.01645 -9.67088e+01
 34 -0.12798 -2.05279e+02 | 35  0.01461 -1.19276e+02 | 36 -0.85102 -3.49464e+01
 37  0.28018  7.20436e+01 | 38  0.23470  3.38563e+02 | 39  0.24643  1.18900e+02
 40  0.24073  6.56523e+02 | 41 -0.16598  1.37077e+02 | 42 -1.05246 -2.72400e+01
 43  0.04390 -3.40872e+01 | 44  0.00292  2.40527e+02 | 45 -0.02820  8.68461e+01
 46 -0.36586  1.38952e+02 |
Maximum number of function evaluations exceeded

 - final statistics:
46 variables; iteration 79; function evaluation 100
Function value 3.2528e+03; maximum gradient component mag -3.9017e+02
Exit code = 3;  converg criter 1.0000e+01
Var    Value     Gradient |Var    Value     Gradient |Var    Value     Gradient
  1  0.07537 -3.90169e+02 |  2 -0.01530  5.98953e+00 |  3  0.02398  6.25335e+00
  4 -0.02225 -4.95067e+00 |  5 -0.14122 -1.06378e+00 |  6 -0.02515 -4.08580e+00
  7 -0.11390 -4.34703e+00 |  8 -0.07853 -5.15940e+00 |  9  0.00624 -7.13934e-01
 10  0.13449 -1.13442e+01 | 11 -0.05023 -5.32461e+00 | 12  0.03650 -1.33732e+01
 13 -0.00889 -1.34111e+01 | 14  0.02375 -1.54318e+01 | 15 -0.02901 -3.62063e+00
 16 -0.05436 -1.32950e+00 | 17 -0.01427 -8.59315e+00 | 18  0.07240  3.75148e+00
 19  0.13055 -2.68527e+00 | 20  0.02087 -5.99580e+00 | 21 -0.00724 -4.01166e+00
 22 -0.05780 -6.33434e+00 | 23 -0.02298 -4.83869e+00 | 24  0.04745 -1.45855e+01
 25  0.01096 -8.15417e+00 | 26  0.03974 -8.90819e+00 | 27  0.04284  3.97697e+00
 28  0.05491 -1.51140e+01 | 29  0.03350  5.84047e+00 | 30  0.05400 -8.17958e-01
 31  0.07012  2.51044e+00 | 32  0.09835 -1.17134e+00 | 33 -0.02772  1.24310e+00
 34 -0.07536  8.98276e+00 | 35  0.00634  9.07170e+00 | 36 -0.16756  2.71137e-01
 37  0.26948  4.05002e+01 | 38  0.21517 -5.22295e+01 | 39  0.22619 -5.91182e+01
 40  0.21584 -8.78603e+01 | 41  0.09432 -1.08905e+01 | 42 -0.99684 -3.11646e-01
 43 -0.19925 -3.59927e+00 | 44 -0.19969 -1.16390e+01 | 45 -0.13735  7.09145e+00
 46 -0.37903 -2.36364e-01 |

Initial statistics: 52 variables; iteration 0; function evaluation 0; phase 3
Function value 3.2528269e+03; maximum gradient component mag -2.1806e+03
Var    Value     Gradient |Var    Value     Gradient |Var    Value     Gradient
  1  0.07537 -3.90169e+02 |  2 -0.01520  9.36066e+00 |  3  0.02408  9.62298e+00
  4 -0.02215 -1.58067e+00 |  5 -0.14112  2.22574e+00 |  6 -0.02505 -7.16367e-01
  7 -0.11381 -1.02882e+00 |  8 -0.07843 -1.81299e+00 |  9  0.00633  2.65797e+00
 10  0.13458 -8.04680e+00 | 11 -0.05014 -1.96306e+00 | 12  0.03660 -1.00066e+01
 13 -0.00880 -1.00394e+01 | 14  0.02385 -1.20620e+01 | 15 -0.02891 -2.52062e-01
 16 -0.05426  2.03031e+00 | 17 -0.01418 -5.22195e+00 | 18  0.07250  7.10164e+00
 19  0.13065  6.16121e-01 | 20  0.02096 -2.62553e+00 | 21 -0.00715 -6.39809e-01
 22 -0.05770 -2.97620e+00 | 23 -0.02288 -1.46883e+00 | 24  0.04754 -1.12227e+01
 25  0.01106 -4.78259e+00 | 26  0.03984 -5.54264e+00 | 27  0.04294  7.34133e+00
 28  0.05501 -1.17543e+01 | 29  0.03360  9.20780e+00 | 30  0.05409  2.54196e+00
 31  0.07022  5.86198e+00 | 32  0.09845  2.16052e+00 | 33 -0.02763  4.61200e+00
 34 -0.07526  1.23315e+01 | 35  0.00644  1.24436e+01 | 36 -0.16746  3.52722e+00
 37  0.26948  4.05002e+01 | 38  0.21517 -5.22295e+01 | 39  0.22619 -5.91182e+01
 40  0.21584 -8.78603e+01 | 41  0.09432 -1.08905e+01 | 42 -0.99684 -3.11646e-01
 43  0.24657 -2.18056e+03 | 44 -0.80278  1.93702e+03 | 45  0.05106 -1.42064e+03
 46 -0.41036  7.77647e+02 | 47  0.26787 -1.12657e+02 | 48 -0.31909  4.16717e+02
 49 -0.19925 -3.59927e+00 | 50 -0.19969 -1.16390e+01 | 51 -0.13735  7.09145e+00
 52 -0.37903 -2.36364e-01 |

Intermediate statistics: 52 variables; iteration 20; function evaluation 31; phase 3
Function value 2.4711497e+03; maximum gradient component mag -8.8550e+03
Var    Value     Gradient |Var    Value     Gradient |Var    Value     Gradient
  1  0.04570 -6.67688e+03 |  2 -0.00705  9.33840e+01 |  3  0.03664  8.34285e+01
  4 -0.01484  1.03324e+02 |  5 -0.13469  1.06324e+02 |  6 -0.01359  1.05340e+02
  7 -0.10241  1.08459e+02 |  8 -0.05949  1.04013e+02 |  9  0.02696  9.55083e+01
 10  0.15660  4.49250e+01 | 11 -0.06042  1.61782e+01 | 12  0.05906  7.19360e+01
 13  0.00957 -3.11943e+01 | 14  0.05898 -8.42530e+01 | 15 -0.02636 -1.79728e+01
 16 -0.05459  8.41224e+01 | 17 -0.02203  5.19362e+01 | 18  0.04806  8.65534e+00
 19  0.08573  1.43520e+01 | 20  0.01374  4.24170e+01 | 21 -0.11004 -1.99227e+01
 22 -0.06686  1.37133e+01 | 23  0.04925  1.43297e+02 | 24  0.04511  1.82629e+01
 25 -0.08870 -1.03697e+02 | 26  0.04200 -1.40134e+02 | 27  0.02809 -1.44501e+02
 28  0.02487 -1.08882e+02 | 29  0.00357  1.17135e+01 | 30  0.02317  3.01692e+01
 31  0.05421 -1.09661e+01 | 32  0.10141 -6.41952e+01 | 33  0.00655 -5.74836e+01
 34 -0.06650 -7.84491e+01 | 35 -0.00400 -1.47976e+02 | 36 -0.02920  1.07458e+02
 37  0.22786 -8.85499e+03 | 38  0.24628 -2.21058e+02 | 39  0.27313  9.93927e+02
 40  0.24684 -4.04467e+02 | 41  0.11888  1.17198e+01 | 42 -0.99567  6.32338e-01
 43  0.54192 -1.23457e+03 | 44 -0.92885  3.63961e+01 | 45  0.07758 -6.31755e+02
 46 -0.62123  6.59796e+02 | 47  0.22346  3.15513e+02 | 48 -0.48121 -2.65501e+02
 49 -0.18411 -1.34259e+01 | 50 -0.18606  3.00239e+01 | 51 -0.13760  6.45081e+00
 52 -0.36359  8.49359e+01 |
52 variables; iteration 40; function evaluation 57; phase 3
Function value 2.3230767e+03; maximum gradient component mag -3.0304e+03
Var    Value     Gradient |Var    Value     Gradient |Var    Value     Gradient
  1  0.05071 -2.21177e+03 |  2 -0.01502  3.76359e+01 |  3  0.01570  1.99747e+01
  4 -0.02663  5.84854e+01 |  5 -0.14419  5.32937e+01 |  6 -0.06859 -5.58994e+01
  7 -0.11006  8.97075e+01 |  8 -0.06681  5.83960e+01 |  9  0.01577  4.04112e+01
 10  0.15978  1.20157e+02 | 11 -0.04470  2.61206e+01 | 12  0.04590  3.36901e+01
 13  0.01874  2.75850e+01 | 14  0.06403  4.64540e+01 | 15  0.00782  1.01342e+02
 16 -0.05443  5.42417e+01 | 17 -0.02980 -1.24107e+01 | 18  0.04566 -7.88948e-01
 19  0.09543  4.22821e+01 | 20  0.01534  2.76411e+01 | 21 -0.10678 -1.73448e+01
 22 -0.06139  1.95962e+01 | 23  0.02916  7.90227e+00 | 24  0.02547 -1.02363e+01
 25 -0.02613  3.72187e+01 | 26  0.03521 -5.62268e+01 | 27  0.03604 -4.26455e+00
 28  0.02665 -4.28817e+01 | 29  0.00650  3.37954e-01 | 30  0.02108 -1.61644e+01
 31  0.04282 -8.90013e+01 | 32  0.08743 -1.24564e+02 | 33  0.01200  2.23379e+01
 34 -0.06195 -5.51115e+00 | 35  0.00559 -4.82771e+01 | 36  0.01848  5.91176e+01
 37  0.23693 -3.03043e+03 | 38  0.23910 -4.47936e+02 | 39  0.24410 -2.31735e+02
 40  0.23932 -5.82067e+02 | 41 -0.33566  7.37619e+02 | 42 -1.03838  6.78390e+01
 43  0.60525 -6.63384e+02 | 44 -0.90700  1.67246e+01 | 45  0.06469  6.43184e+01
 46 -0.69497 -1.44447e+02 | 47  0.21656  5.64689e+00 | 48 -0.48076 -5.40354e+01
 49  0.13759  1.23251e+02 | 50  0.12368  1.09435e+03 | 51 -0.15453 -8.99345e+01
 52 -0.37314 -6.36993e+02 |
52 variables; iteration 60; function evaluation 86; phase 3
Function value 2.2164414e+03; maximum gradient component mag 2.8460e+02
Var    Value     Gradient |Var    Value     Gradient |Var    Value     Gradient
  1  0.05443  2.84599e+02 |  2 -0.00871 -1.78926e+01 |  3  0.03715 -2.61224e+01
  4 -0.00304 -4.19989e+00 |  5 -0.11271  7.35047e+00 |  6  0.00470  1.81992e+01
  7 -0.09587 -2.11333e+01 |  8 -0.05439 -5.12515e+00 |  9  0.02023 -3.27364e+00
 10  0.11656 -5.10533e+01 | 11 -0.04396 -6.36991e+00 | 12  0.03291 -1.51693e+01
 13  0.01260 -8.26340e+00 | 14  0.05719 -9.27657e+00 | 15 -0.01871 -1.08467e+01
 16 -0.06392 -9.80477e+00 | 17 -0.02876 -2.20181e+01 | 18  0.04369 -9.11688e+00
 19  0.07822 -1.50999e+01 | 20 -0.00044 -9.83504e+00 | 21 -0.10255 -5.78689e+00
 22 -0.06553 -1.06084e+01 | 23  0.03560 -8.58278e-01 | 24  0.02498  5.04984e+00
 25 -0.04444  5.25524e+00 | 26  0.03975  4.81856e+01 | 27  0.03091  1.25992e+01
 28  0.02684  1.63773e+01 | 29  0.00165 -8.74309e+00 | 30  0.01884  5.10427e+00
 31  0.05071 -7.37082e+00 | 32  0.08670 -8.47702e+00 | 33  0.00109  2.74019e+01
 34 -0.05819  1.53470e+01 | 35  0.00091 -5.45687e+00 | 36 -0.02458 -1.26189e+01
 37  0.23877 -1.39586e+02 | 38  0.24118  8.10405e+01 | 39  0.24768  1.52715e+01
 40  0.23974  1.81104e+02 | 41 -0.30124 -1.03047e+02 | 42 -1.04095 -6.95062e+00
 43  0.91840 -3.98365e+01 | 44 -0.74233 -2.80965e+01 | 45  0.07121  4.07156e+01
 46 -0.66835  5.25749e+00 | 47  0.21740 -9.20053e+00 | 48 -0.47825  1.64197e+01
 49  0.08663 -1.42658e+01 | 50  0.08001 -1.52772e+02 | 51 -0.14393  3.00791e+00
 52 -0.37686  6.62762e+01 |
52 variables; iteration 80; function evaluation 106; phase 3
Function value 2.2124405e+03; maximum gradient component mag 1.9732e+00
Var    Value     Gradient |Var    Value     Gradient |Var    Value     Gradient
  1  0.05138  5.57827e-01 |  2 -0.00463  5.72650e-02 |  3  0.03910 -2.68447e-02
  4 -0.01194 -4.73649e-02 |  5 -0.13167 -5.22553e-02 |  6 -0.01406 -9.08504e-02
  7 -0.10304  8.22486e-02 |  8 -0.06361  2.78466e-03 |  9  0.01644 -3.67138e-02
 10  0.12795  5.94524e-02 | 11 -0.04219  5.08196e-02 | 12  0.03736  5.44830e-02
 13  0.01471  3.64140e-03 | 14  0.05999  2.51191e-02 | 15 -0.01578 -4.11944e-02
 16 -0.06126  3.35381e-02 | 17 -0.02343  4.29981e-02 | 18  0.04447 -7.64401e-03
 19  0.08038 -5.80198e-02 | 20  0.00094 -4.82930e-02 | 21 -0.10347 -3.56116e-02
 22 -0.06280  2.65508e-02 | 23  0.03745 -2.84091e-02 | 24  0.02676 -1.67596e-01
 25 -0.04226 -1.45605e-01 | 26  0.03878 -4.94393e-01 | 27  0.03244 -3.01934e-01
 28  0.02572 -8.55605e-02 | 29  0.00247  1.73942e-02 | 30  0.01707  5.91537e-02
 31  0.05268  5.46034e-02 | 32  0.09099  3.24169e-01 | 33 -0.00145  3.22524e-01
 34 -0.05678  2.41050e-01 | 35  0.00612  8.12767e-02 | 36 -0.01407  1.04324e-02
 37  0.24009  3.13154e-01 | 38  0.24272 -2.81093e-01 | 39  0.24915 -2.62080e-01
 40  0.24173 -2.26772e-02 | 41 -0.33923 -8.54527e-01 | 42 -1.04566 -1.88399e-01
 43  0.99957 -1.06246e-01 | 44 -0.69005  1.59728e-01 | 45  0.06908  3.72940e-01
 46 -0.67129 -3.60830e-01 | 47  0.21825 -9.29420e-02 | 48 -0.47864  2.53032e-01
 49  0.11778 -3.42632e-03 | 50  0.10846 -1.41448e+00 | 51 -0.14144  8.69090e-02
 52 -0.37540  1.97325e+00 |
52 variables; iteration 100; function evaluation 128; phase 3
Function value 2.2124392e+03; maximum gradient component mag 1.4769e+00
Var    Value     Gradient |Var    Value     Gradient |Var    Value     Gradient
  1  0.05137 -3.49307e-01 |  2 -0.00467 -6.88093e-02 |  3  0.03913 -6.82592e-02
  4 -0.01187  1.84642e-02 |  5 -0.13155  7.30078e-02 |  6 -0.01399  5.75805e-02
  7 -0.10310 -1.07361e-01 |  8 -0.06358  1.14063e-02 |  9  0.01653  1.10027e-01
 10  0.12791 -1.79372e-01 | 11 -0.04227 -6.25928e-02 | 12  0.03733  1.40861e-02
 13  0.01472  2.70258e-02 | 14  0.06000 -5.02438e-02 | 15 -0.01577 -7.48370e-03
 16 -0.06124  3.86262e-02 | 17 -0.02349 -1.50348e-01 | 18  0.04447  1.49674e-02
 19  0.08039  2.99063e-02 | 20  0.00093 -2.42017e-02 | 21 -0.10346  2.00123e-02
 22 -0.06286 -8.39138e-02 | 23  0.03743 -6.58368e-02 | 24  0.02681  1.16973e-01
 25 -0.04226  6.12842e-02 | 26  0.03882  1.55858e-01 | 27  0.03248  2.35453e-01
 28  0.02573  1.48666e-01 | 29  0.00247  3.44550e-02 | 30  0.01703 -6.26251e-02
 31  0.05270  4.46994e-02 | 32  0.09098 -1.18895e-01 | 33 -0.00149 -1.92507e-01
 34 -0.05683 -2.14526e-01 | 35  0.00615  1.49004e-02 | 36 -0.01417 -5.58219e-02
 37  0.24010  1.47692e+00 | 38  0.24273  4.34573e-02 | 39  0.24916 -2.74134e-01
 40  0.24174  1.11474e-02 | 41 -0.36628 -4.10146e-01 | 42 -1.08704 -6.62714e-02
 43  1.00004  8.29137e-03 | 44 -0.69009  1.25508e-01 | 45  0.06908  4.38089e-01
 46 -0.67128 -2.90100e-01 | 47  0.21826 -3.55226e-02 | 48 -0.47865  1.50604e-02
 49  0.13386 -1.50452e-01 | 50  0.12453 -5.41826e-01 | 51 -0.14729  9.48392e-02
 52 -0.38228  3.27722e-01 |
52 variables; iteration 120; function evaluation 151; phase 3
Function value 2.2124385e+03; maximum gradient component mag 2.4090e-01
Var    Value     Gradient |Var    Value     Gradient |Var    Value     Gradient
  1  0.05137  7.88885e-02 |  2 -0.00466 -1.46088e-02 |  3  0.03913 -1.18062e-02
  4 -0.01190  2.82878e-03 |  5 -0.13161  9.83231e-03 |  6 -0.01402  9.55673e-03
  7 -0.10308 -2.48414e-02 |  8 -0.06361 -1.45457e-03 |  9  0.01647  1.70435e-02
 10  0.12794 -3.41296e-02 | 11 -0.04224 -1.40757e-02 | 12  0.03733 -1.09175e-03
 13  0.01471  4.03498e-03 | 14  0.06001 -5.37715e-03 | 15 -0.01576  1.00394e-04
 16 -0.06127  2.30605e-03 | 17 -0.02346 -2.71883e-02 | 18  0.04447  2.21326e-03
 19  0.08039  8.11860e-03 | 20  0.00094 -5.37411e-03 | 21 -0.10346  4.30735e-03
 22 -0.06283 -1.80556e-02 | 23  0.03744 -1.00068e-02 | 24  0.02679  2.31672e-02
 25 -0.04226  1.38609e-02 | 26  0.03881  4.32960e-02 | 27  0.03247  4.90975e-02
 28  0.02572  2.80232e-02 | 29  0.00246  4.20603e-03 | 30  0.01705 -1.23007e-02
 31  0.05269  1.02186e-02 | 32  0.09098 -2.16092e-02 | 33 -0.00148 -3.63266e-02
 34 -0.05680 -3.96555e-02 | 35  0.00614  1.40714e-03 | 36 -0.01410 -1.06412e-02
 37  0.24009  2.40902e-01 | 38  0.24273  3.71375e-02 | 39  0.24917 -3.20778e-02
 40  0.24174  6.36532e-02 | 41 -0.41718 -7.77815e-02 | 42 -1.13599 -6.80960e-02
 43  0.99998  3.18815e-03 | 44 -0.69022 -3.62121e-03 | 45  0.06908  6.34954e-02
 46 -0.67127 -3.42384e-02 | 47  0.21826  4.67635e-03 | 48 -0.47865 -9.14777e-03
 49  0.16325 -2.17445e-02 | 50  0.15381 -1.10821e-01 | 51 -0.15883  2.08725e-02
 52 -0.39594  2.20773e-01 |
52 variables; iteration 140; function evaluation 177; phase 3
Function value 2.2124382e+03; maximum gradient component mag 3.4029e-01
Var    Value     Gradient |Var    Value     Gradient |Var    Value     Gradient
  1  0.05137  2.21160e-01 |  2 -0.00465  1.81303e-04 |  3  0.03913 -3.63864e-05
  4 -0.01191  6.66850e-05 |  5 -0.13161  5.86897e-03 |  6 -0.01402  1.98447e-03
  7 -0.10307 -4.25836e-04 |  8 -0.06360  8.02025e-03 |  9  0.01647  1.24254e-02
 10  0.12794 -3.14129e-03 | 11 -0.04224 -8.64741e-03 | 12  0.03733  6.35697e-03
 13  0.01471  4.57696e-03 | 14  0.06001  1.51042e-02 | 15 -0.01577 -1.19548e-03
 16 -0.06127  7.09500e-03 | 17 -0.02345 -1.12717e-02 | 18  0.04447  9.34743e-03
 19  0.08039  8.44762e-03 | 20  0.00094 -5.48799e-03 | 21 -0.10346  2.09256e-02
 22 -0.06283 -9.60545e-03 | 23  0.03745  2.09928e-03 | 24  0.02679  2.69212e-02
 25 -0.04227 -1.41269e-02 | 26  0.03881  1.04821e-02 | 27  0.03246  2.30502e-02
 28  0.02571  1.18294e-02 | 29  0.00246  6.80832e-03 | 30  0.01705  5.53696e-03
 31  0.05268 -1.49368e-03 | 32  0.09098  2.40492e-02 | 33 -0.00148  6.76901e-03
 34 -0.05679 -2.07489e-03 | 35  0.00614  5.99108e-03 | 36 -0.01409  7.99969e-04
 37  0.24009 -8.36975e-03 | 38  0.24273  3.55134e-02 | 39  0.24917  9.48383e-03
 40  0.24174  7.25076e-02 | 41 -0.47257 -6.22818e-02 | 42 -1.17989 -1.52917e-01
 43  1.00007  1.51945e-02 | 44 -0.69022  1.25845e-03 | 45  0.06908  3.34208e-02
 46 -0.67127 -1.41272e-02 | 47  0.21826  3.25465e-02 | 48 -0.47865 -3.12513e-03
 49  0.19359  4.83402e-03 | 50  0.18401 -1.15313e-01 | 51 -0.17346  1.56055e-02
 52 -0.41352  3.40293e-01 |
52 variables; iteration 160; function evaluation 198; phase 3
Function value 2.2124381e+03; maximum gradient component mag 1.8889e-01
Var    Value     Gradient |Var    Value     Gradient |Var    Value     Gradient
  1  0.05137  8.20102e-02 |  2 -0.00465  1.94527e-03 |  3  0.03913  7.70424e-04
  4 -0.01191 -1.58309e-03 |  5 -0.13162 -3.68910e-03 |  6 -0.01403 -3.17083e-03
  7 -0.10307  2.81760e-03 |  8 -0.06361 -1.25321e-03 |  9  0.01646 -4.75429e-03
 10  0.12795  4.59958e-03 | 11 -0.04223  2.39127e-03 | 12  0.03733  9.34235e-04
 13  0.01471 -8.17704e-04 | 14  0.06001  5.16645e-03 | 15 -0.01577 -1.46102e-03
 16 -0.06128 -3.15405e-03 | 17 -0.02345  1.88309e-03 | 18  0.04447 -4.49248e-05
 19  0.08039  6.32720e-04 | 20  0.00095 -6.00082e-04 | 21 -0.10347 -3.13632e-03
 22 -0.06282  5.23725e-04 | 23  0.03745  2.44144e-03 | 24  0.02678 -5.96797e-03
 25 -0.04226 -5.63624e-03 | 26  0.03881 -8.66369e-03 | 27  0.03246 -9.38800e-03
 28  0.02571 -4.25649e-03 | 29  0.00246 -1.04855e-03 | 30  0.01705  2.29782e-03
 31  0.05268  4.08713e-04 | 32  0.09098  1.01381e-02 | 33 -0.00147  1.00680e-02
 34 -0.05679  8.23801e-03 | 35  0.00614  1.54630e-03 | 36 -0.01408  2.51115e-03
 37  0.24009 -7.08846e-03 | 38  0.24273 -4.67246e-04 | 39  0.24917  5.53598e-03
 40  0.24174  1.65830e-02 | 41 -0.50790 -3.90340e-02 | 42 -1.20656 -9.51158e-02
 43  0.99999  5.18701e-03 | 44 -0.69022  1.71853e-03 | 45  0.06908 -1.28630e-02
 46 -0.67127  4.34845e-03 | 47  0.21826 -6.70724e-04 | 48 -0.47865  4.33266e-03
 49  0.21194  5.96742e-03 | 50  0.20228 -7.47394e-02 | 51 -0.18436  4.24795e-03
 52 -0.42677  1.88886e-01 |
52 variables; iteration 180; function evaluation 222; phase 3
Function value 2.2124381e+03; maximum gradient component mag 6.6182e-02
Var    Value     Gradient |Var    Value     Gradient |Var    Value     Gradient
  1  0.05137 -5.44787e-03 |  2 -0.00465  1.10217e-03 |  3  0.03913  1.53940e-04
  4 -0.01191 -1.79326e-04 |  5 -0.13162 -9.53461e-04 |  6 -0.01403 -5.60974e-04
  7 -0.10307  1.71650e-03 |  8 -0.06361  7.80739e-05 |  9  0.01646 -1.28653e-03
 10  0.12795  1.52776e-03 | 11 -0.04223  1.18402e-03 | 12  0.03733  2.86638e-04
 13  0.01471 -3.46289e-04 | 14  0.06001  1.54401e-03 | 15 -0.01577 -7.73966e-04
 16 -0.06128 -5.33414e-04 | 17 -0.02345  9.05485e-04 | 18  0.04447  2.49512e-06
 19  0.08039 -2.55292e-04 | 20  0.00094 -1.68719e-04 | 21 -0.10347 -1.14411e-03
 22 -0.06282  6.74930e-04 | 23  0.03745  9.10574e-04 | 24  0.02678 -2.63382e-03
 25 -0.04226 -2.20343e-03 | 26  0.03881 -5.64021e-03 | 27  0.03246 -4.59239e-03
 28  0.02571 -1.93259e-03 | 29  0.00246 -5.95944e-04 | 30  0.01705  9.04237e-04
 31  0.05268  5.00432e-04 | 32  0.09098  3.99514e-03 | 33 -0.00147  4.10491e-03
 34 -0.05679  3.41833e-03 | 35  0.00614 -1.61089e-03 | 36 -0.01408  1.27901e-03
 37  0.24009 -8.82385e-03 | 38  0.24273 -3.13436e-03 | 39  0.24917 -1.04755e-03
 40  0.24174 -4.30231e-04 | 41 -0.53854 -2.50824e-02 | 42 -1.23001 -3.43922e-02
 43  0.99997 -2.38917e-03 | 44 -0.69022  7.76184e-04 | 45  0.06908 -2.17591e-03
 46 -0.67127 -1.25853e-04 | 47  0.21826  3.29218e-04 | 48 -0.47865  2.22114e-03
 49  0.22718  9.96083e-04 | 50  0.21744 -4.32222e-02 | 51 -0.19519  1.64187e-03
 52 -0.44009  6.61816e-02 |
52 variables; iteration 200; function evaluation 245; phase 3
Function value 2.2124381e+03; maximum gradient component mag -4.8162e-02
Var    Value     Gradient |Var    Value     Gradient |Var    Value     Gradient
  1  0.05137 -4.81619e-02 |  2 -0.00465 -1.94439e-03 |  3  0.03913 -1.94688e-03
  4 -0.01191  3.89307e-04 |  5 -0.13162  2.76164e-03 |  6 -0.01403  2.44067e-03
  7 -0.10308 -2.90033e-03 |  8 -0.06361  9.30166e-04 |  9  0.01646  3.51091e-03
 10  0.12794 -4.69806e-03 | 11 -0.04223 -1.89548e-03 | 12  0.03733  3.79566e-04
 13  0.01471  1.02537e-03 | 14  0.06001 -2.58876e-03 | 15 -0.01577 -1.05144e-03
 16 -0.06127  1.52257e-03 | 17 -0.02345 -3.89318e-03 | 18  0.04447  6.76696e-04
 19  0.08039  7.62260e-04 | 20  0.00094 -8.76475e-04 | 21 -0.10346  1.32410e-03
 22 -0.06282 -2.44547e-03 | 23  0.03745 -1.17743e-03 | 24  0.02678  4.02442e-03
 25 -0.04226  2.08219e-03 | 26  0.03881  4.48829e-03 | 27  0.03246  7.13469e-03
 28  0.02572  4.70455e-03 | 29  0.00246  1.19560e-03 | 30  0.01705 -1.85160e-03
 31  0.05269  1.59124e-03 | 32  0.09098 -2.80096e-03 | 33 -0.00148 -5.51238e-03
 34 -0.05679 -6.26574e-03 | 35  0.00614 -5.62842e-03 | 36 -0.01409 -1.10002e-03
 37  0.24009  3.38625e-02 | 38  0.24273  1.17662e-03 | 39  0.24917 -7.24038e-03
 40  0.24174 -3.59245e-03 | 41 -0.55241 -2.69289e-02 | 42 -1.24144 -1.58341e-02
 43  0.99999  4.42244e-03 | 44 -0.69022 -9.17523e-04 | 45  0.06908  1.62674e-02
 46 -0.67127 -8.82877e-03 | 47  0.21826 -1.46829e-04 | 48 -0.47865 -9.86858e-04
 49  0.23385 -7.57174e-03 | 50  0.22407 -3.90536e-02 | 51 -0.20089  5.24078e-03
 52 -0.44717  2.95625e-02 |
52 variables; iteration 220; function evaluation 269; phase 3
Function value 2.2124380e+03; maximum gradient component mag -2.8147e-01
Var    Value     Gradient |Var    Value     Gradient |Var    Value     Gradient
  1  0.05137 -2.14059e-01 |  2 -0.00465  1.03181e-03 |  3  0.03913 -1.36973e-03
  4 -0.01191  1.66096e-03 |  5 -0.13162  4.11156e-03 |  6 -0.01403  2.81129e-03
  7 -0.10307  1.10579e-03 |  8 -0.06361  3.22676e-03 |  9  0.01646  3.98814e-03
 10  0.12795 -3.05396e-03 | 11 -0.04223  4.28721e-04 | 12  0.03733  2.27228e-04
 13  0.01471 -5.32496e-04 | 14  0.06001 -3.84750e-03 | 15 -0.01577 -3.29276e-03
 16 -0.06127 -3.97861e-04 | 17 -0.02345 -4.20300e-03 | 18  0.04447  1.68865e-03
 19  0.08039  1.75041e-03 | 20  0.00094 -2.10812e-04 | 21 -0.10346  9.00848e-04
 22 -0.06282 -1.87995e-03 | 23  0.03745 -1.37040e-03 | 24  0.02678  1.84738e-05
 25 -0.04226 -1.55852e-03 | 26  0.03881 -5.28511e-03 | 27  0.03246  5.79751e-04
 28  0.02572  1.75832e-03 | 29  0.00246  1.16379e-03 | 30  0.01705 -4.81914e-04
 31  0.05269  2.56163e-03 | 32  0.09098  1.30691e-04 | 33 -0.00147 -2.28148e-03
 34 -0.05679 -3.76682e-03 | 35  0.00614 -9.41872e-03 | 36 -0.01409  5.26890e-03
 37  0.24009  2.62844e-02 | 38  0.24273 -5.03574e-03 | 39  0.24917 -8.56862e-03
 40  0.24174 -2.44243e-03 | 41 -0.56962 -1.42575e-01 | 42 -1.26208 -1.96179e-01
 43  0.99996 -7.79413e-03 | 44 -0.69022 -1.65292e-05 | 45  0.06908  1.51854e-02
 46 -0.67127 -9.80828e-03 | 47  0.21826 -9.53597e-04 | 48 -0.47865  2.31526e-03
 49  0.24194 -1.71088e-02 | 50  0.23212 -2.81471e-01 | 51 -0.21190  1.58781e-02
 52 -0.46096  2.73857e-01 |
52 variables; iteration 240; function evaluation 297; phase 3
Function value 2.2124379e+03; maximum gradient component mag -6.7051e-01
Var    Value     Gradient |Var    Value     Gradient |Var    Value     Gradient
  1  0.05137 -5.94258e-01 |  2 -0.00465  1.41366e-02 |  3  0.03913  9.33032e-03
  4 -0.01191  6.43033e-03 |  5 -0.13163  1.62917e-03 |  6 -0.01403  1.24387e-04
  7 -0.10307  2.08236e-02 |  8 -0.06361  7.86517e-03 |  9  0.01645 -3.83722e-03
 10  0.12795  1.30400e-02 | 11 -0.04223  1.39052e-02 | 12  0.03733 -9.13121e-04
 13  0.01471 -7.34007e-03 | 14  0.06001 -1.61634e-03 | 15 -0.01577 -4.30491e-03
 16 -0.06128 -1.10590e-02 | 17 -0.02345  6.53867e-03 | 18  0.04447  2.37993e-03
 19  0.08039  3.37919e-03 | 20  0.00095  5.79546e-03 | 21 -0.10347 -1.47219e-03
 22 -0.06282  8.89480e-03 | 23  0.03745  2.52134e-03 | 24  0.02678 -1.84502e-02
 25 -0.04226 -1.26628e-02 | 26  0.03881 -3.29094e-02 | 27  0.03246 -3.24657e-02
 28  0.02571 -2.14758e-02 | 29  0.00246 -3.37529e-03 | 30  0.01705  5.34072e-03
 31  0.05268 -6.45449e-03 | 32  0.09098 -1.70719e-03 | 33 -0.00147  9.10319e-03
 34 -0.05679  1.12781e-02 | 35  0.00614  9.17052e-03 | 36 -0.01407  2.50894e-02
 37  0.24009 -1.55538e-01 | 38  0.24273 -3.25045e-02 | 39  0.24917  6.49928e-03
 40  0.24174 -4.30131e-02 | 41 -0.56833 -3.21720e-01 | 42 -1.29002 -5.12816e-01
 43  1.00005  9.21440e-03 | 44 -0.69021  2.89128e-03 | 45  0.06908 -5.33551e-02
 46 -0.67126  2.87302e-02 | 47  0.21826  3.57246e-03 | 48 -0.47865  2.84265e-03
 49  0.24134 -1.57045e-02 | 50  0.23152 -6.70507e-01 | 51 -0.22826  1.97732e-02
 52 -0.48182  6.34470e-01 |
52 variables; iteration 260; function evaluation 322; phase 3
Function value 2.2124375e+03; maximum gradient component mag 4.2996e-01
Var    Value     Gradient |Var    Value     Gradient |Var    Value     Gradient
  1  0.05137  4.29963e-01 |  2 -0.00465 -2.40592e-03 |  3  0.03913  8.40731e-04
  4 -0.01191 -3.83596e-03 |  5 -0.13162 -8.74575e-03 |  6 -0.01403 -5.10247e-03
  7 -0.10307 -2.81273e-03 |  8 -0.06361 -6.26516e-03 |  9  0.01646 -8.23236e-03
 10  0.12795  5.66894e-03 | 11 -0.04223 -9.22437e-04 | 12  0.03733  9.62375e-04
 13  0.01471 -5.66250e-04 | 14  0.06001  9.37513e-03 | 15 -0.01577  1.55328e-03
 16 -0.06128 -2.87741e-03 | 17 -0.02345  3.52731e-03 | 18  0.04447 -1.96488e-03
 19  0.08039 -3.65322e-04 | 20  0.00095 -1.60259e-03 | 21 -0.10347 -5.86682e-03
 22 -0.06282 -3.86451e-04 | 23  0.03745  4.90084e-03 | 24  0.02678 -1.71672e-03
 25 -0.04226 -1.99900e-03 | 26  0.03881  6.48253e-03 | 27  0.03246 -2.11980e-03
 28  0.02571 -1.96555e-03 | 29  0.00246 -2.36757e-03 | 30  0.01705  6.33643e-04
 31  0.05268 -1.05152e-03 | 32  0.09098  9.99652e-03 | 33 -0.00147  9.04892e-03
 34 -0.05679  7.80635e-03 | 35  0.00614  9.35668e-03 | 36 -0.01408 -6.87564e-03
 37  0.24009 -2.18041e-02 | 38  0.24273  1.12911e-02 | 39  0.24917  1.00569e-02
 40  0.24174  2.77843e-02 | 41 -0.50474  1.69195e-01 | 42 -1.33143  1.00923e-01
 43  0.99980 -4.73119e-02 | 44 -0.69022  9.82476e-04 | 45  0.06908 -1.85328e-02
 46 -0.67126  1.08804e-02 | 47  0.21826  4.55248e-03 | 48 -0.47865 -2.64474e-03
 49  0.21034  3.19441e-02 | 50  0.20069  3.09664e-01 | 51 -0.25572 -1.47044e-02
 52 -0.51788 -9.37764e-02 |
52 variables; iteration 280; function evaluation 350; phase 3
Function value 2.2124372e+03; maximum gradient component mag 1.1123e+00
Var    Value     Gradient |Var    Value     Gradient |Var    Value     Gradient
  1  0.05137  1.11229e+00 |  2 -0.00466 -1.68719e-02 |  3  0.03913 -6.98883e-03
  4 -0.01191 -1.08074e-02 |  5 -0.13161 -1.14145e-02 |  6 -0.01402 -5.40271e-03
  7 -0.10308 -2.47786e-02 |  8 -0.06361 -1.45826e-02 |  9  0.01647 -5.12612e-03
 10  0.12794 -4.83016e-03 | 11 -0.04223 -1.57725e-02 | 12  0.03733  3.10203e-03
 13  0.01471  3.74129e-03 | 14  0.06001  1.42506e-02 | 15 -0.01577  7.64781e-04
 16 -0.06127  2.83751e-04 | 17 -0.02345 -8.62447e-03 | 18  0.04447 -2.34700e-03
 19  0.08039  3.53444e-03 | 20  0.00094 -8.00075e-03 | 21 -0.10346 -8.89656e-03
 22 -0.06282 -1.46262e-02 | 23  0.03745  6.81565e-03 | 24  0.02678  1.91317e-02
 25 -0.04226  5.85800e-03 | 26  0.03881  4.80433e-02 | 27  0.03246  3.67037e-02
 28  0.02572  2.21878e-02 | 29  0.00246  9.72768e-04 | 30  0.01705 -5.25626e-03
 31  0.05269  6.13668e-03 | 32  0.09098  1.91544e-02 | 33 -0.00148  1.17754e-03
 34 -0.05679 -7.82892e-03 | 35  0.00614  1.12175e-03 | 36 -0.01409 -2.62788e-02
 37  0.24009  1.32242e-01 | 38  0.24273  6.10284e-02 | 39  0.24917  9.02832e-03
 40  0.24174  1.18665e-01 | 41 -0.42640  4.27528e-01 | 42 -1.36000  1.69034e-01
 43  1.00004  7.56302e-03 | 44 -0.69022 -2.05749e-03 | 45  0.06908  3.38480e-02
 46 -0.67127 -1.55836e-02 | 47  0.21826  1.39404e-02 | 48 -0.47865 -1.25365e-02
 49  0.16844  5.45697e-02 | 50  0.15897  7.19972e-01 | 51 -0.27691 -1.59546e-02
 52 -0.54677 -1.45623e-01 |
52 variables; iteration 300; function evaluation 375; phase 3
Function value 2.2124370e+03; maximum gradient component mag 1.2039e+00
Var    Value     Gradient |Var    Value     Gradient |Var    Value     Gradient
  1  0.05137  1.20386e+00 |  2 -0.00465 -1.57322e-02 |  3  0.03913 -6.41125e-03
  4 -0.01191 -1.17496e-02 |  5 -0.13162 -1.48495e-02 |  6 -0.01403 -8.23832e-03
  7 -0.10308 -2.33231e-02 |  8 -0.06361 -1.61685e-02 |  9  0.01646 -8.61001e-03
 10  0.12794 -1.62821e-03 | 11 -0.04223 -1.44241e-02 | 12  0.03733  2.83978e-03
 13  0.01471  2.84927e-03 | 14  0.06001  1.74648e-02 | 15 -0.01577  1.64068e-03
 16 -0.06127 -8.94999e-04 | 17 -0.02345 -6.10554e-03 | 18  0.04447 -3.17203e-03
 19  0.08039  2.52605e-03 | 20  0.00094 -8.33019e-03 | 21 -0.10346 -1.05928e-02
 22 -0.06282 -1.34233e-02 | 23  0.03745  7.32582e-03 | 24  0.02678  1.47121e-02
 25 -0.04226  3.32132e-03 | 26  0.03881  4.24319e-02 | 27  0.03246  2.94129e-02
 28  0.02572  1.83584e-02 | 29  0.00246 -5.22140e-05 | 30  0.01705 -3.38305e-03
 31  0.05269  6.51539e-03 | 32  0.09098  2.53457e-02 | 33 -0.00148  8.05302e-03
 34 -0.05679 -4.68238e-04 | 35  0.00614  5.28014e-03 | 36 -0.01409 -2.64134e-02
 37  0.24009  1.23129e-01 | 38  0.24273  6.28093e-02 | 39  0.24917  1.38699e-02
 40  0.24174  1.35113e-01 | 41 -0.34685  4.94440e-01 | 42 -1.38318  1.93080e-01
 43  0.99956 -1.09564e-01 | 44 -0.69022 -8.76398e-04 | 45  0.06908  2.39295e-02
 46 -0.67127 -1.13502e-02 | 47  0.21826  1.07897e-02 | 48 -0.47865 -9.29335e-03
 49  0.12235  6.40709e-02 | 50  0.11304  7.67838e-01 | 51 -0.29553 -2.04897e-02
 52 -0.57307 -1.48454e-01 |
52 variables; iteration 320; function evaluation 398; phase 3
Function value 2.2124369e+03; maximum gradient component mag 3.2296e-01
Var    Value     Gradient |Var    Value     Gradient |Var    Value     Gradient
  1  0.05137  3.22955e-01 |  2 -0.00465  1.54734e-02 |  3  0.03913  1.46001e-02
  4 -0.01191 -3.06771e-03 |  5 -0.13163 -2.18173e-02 |  6 -0.01403 -1.64637e-02
  7 -0.10306  2.39618e-02 |  8 -0.06362 -6.76932e-03 |  9  0.01644 -2.83991e-02
 10  0.12795  3.50218e-02 | 11 -0.04222  1.74717e-02 | 12  0.03733 -6.47307e-04
 13  0.01471 -7.67159e-03 | 14  0.06001  2.15557e-02 | 15 -0.01577  4.67997e-03
 16 -0.06128 -1.29981e-02 | 17 -0.02344  2.89876e-02 | 18  0.04446 -5.30645e-03
 19  0.08039 -6.01420e-03 | 20  0.00095  5.39401e-03 | 21 -0.10347 -1.28919e-02
 22 -0.06281  1.89656e-02 | 23  0.03745  1.14846e-02 | 24  0.02677 -3.49905e-02
 25 -0.04227 -1.86522e-02 | 26  0.03881 -4.19702e-02 | 27  0.03246 -6.11280e-02
 28  0.02571 -3.83132e-02 | 29  0.00246 -1.05717e-02 | 30  0.01705  1.34521e-02
 31  0.05268 -1.16429e-02 | 32  0.09098  2.35411e-02 | 33 -0.00147  4.52742e-02
 34 -0.05679  4.89871e-02 | 35  0.00614  3.70948e-02 | 36 -0.01405  9.64343e-03
 37  0.24009 -2.75231e-01 | 38  0.24273 -2.20588e-02 | 39  0.24917  4.16650e-02
 40  0.24174 -2.56189e-03 | 41 -0.28578  1.89163e-01 | 42 -1.39877  1.11309e-01
 43  1.00025  5.99144e-02 | 44 -0.69021  8.00462e-03 | 45  0.06908 -1.28357e-01
 46 -0.67126  6.74556e-02 | 47  0.21826  3.50649e-03 | 48 -0.47865  8.99059e-03
 49  0.08494  6.01806e-02 | 50  0.07572  2.46179e-01 | 51 -0.30880 -3.77590e-02
 52 -0.59243 -6.28878e-02 |
52 variables; iteration 340; function evaluation 419; phase 3
Function value 2.2124368e+03; maximum gradient component mag 1.6485e-01
Var    Value     Gradient |Var    Value     Gradient |Var    Value     Gradient
  1  0.05137  1.64853e-01 |  2 -0.00466 -7.44311e-03 |  3  0.03913 -5.11745e-03
  4 -0.01191 -1.60104e-03 |  5 -0.13161  2.73309e-03 |  6 -0.01403  2.74240e-03
  7 -0.10308 -1.12776e-02 |  8 -0.06361 -1.55105e-03 |  9  0.01647  5.74657e-03
 10  0.12794 -9.49333e-03 | 11 -0.04223 -7.72347e-03 | 12  0.03733  7.31823e-04
 13  0.01471  2.55373e-03 | 14  0.06001 -2.08533e-03 | 15 -0.01577 -9.42341e-04
 16 -0.06127  3.15042e-03 | 17 -0.02345 -8.96145e-03 | 18  0.04447  7.82484e-04
 19  0.08039  2.25072e-03 | 20  0.00094 -3.14983e-03 | 21 -0.10346  1.19399e-03
 22 -0.06282 -7.92580e-03 | 23  0.03745 -1.34502e-03 | 24  0.02679  1.25878e-02
 25 -0.04226  5.68073e-03 | 26  0.03881  2.04794e-02 | 27  0.03246  2.26778e-02
 28  0.02572  1.40640e-02 | 29  0.00246  2.76909e-03 | 30  0.01705 -4.37344e-03
 31  0.05269  4.32940e-03 | 32  0.09098 -1.10054e-03 | 33 -0.00148 -1.06185e-02
 34 -0.05679 -1.33734e-02 | 35  0.00614 -8.96430e-03 | 36 -0.01409 -7.97816e-03
 37  0.24009  9.64614e-02 | 38  0.24273  1.91310e-02 | 39  0.24917 -7.91362e-03
 40  0.24174  2.84429e-02 | 41 -0.23726  5.77444e-02 | 42 -1.41004  4.41234e-03
 43  0.99997 -4.41902e-03 | 44 -0.69022 -2.37269e-03 | 45  0.06908  3.90630e-02
 46 -0.67127 -2.00895e-02 | 47  0.21826  1.60983e-03 | 48 -0.47865 -4.76182e-03
 49  0.05418 -2.25218e-03 | 50  0.04500  9.46162e-02 | 51 -0.31876  6.09380e-03
 52 -0.60737 -9.75002e-03 |
52 variables; iteration 360; function evaluation 443; phase 3
Function value 2.2124368e+03; maximum gradient component mag 7.8961e-02
Var    Value     Gradient |Var    Value     Gradient |Var    Value     Gradient
  1  0.05137  7.89610e-02 |  2 -0.00465 -9.88133e-04 |  3  0.03913 -3.53742e-04
  4 -0.01191 -7.73517e-04 |  5 -0.13162 -1.00741e-03 |  6 -0.01403 -5.39556e-04
  7 -0.10307 -1.45070e-03 |  8 -0.06361 -1.05487e-03 |  9  0.01646 -6.35483e-04
 10  0.12795 -1.69996e-05 | 11 -0.04223 -8.75239e-04 | 12  0.03733  2.05936e-04
 13  0.01471  1.96318e-04 | 14  0.06001  1.26291e-03 | 15 -0.01577  1.46772e-04
 16 -0.06128 -2.14093e-05 | 17 -0.02345 -2.73364e-04 | 18  0.04447 -2.31409e-04
 19  0.08039  1.36924e-04 | 20  0.00094 -5.32763e-04 | 21 -0.10347 -7.04456e-04
 22 -0.06282 -8.02420e-04 | 23  0.03745  5.22014e-04 | 24  0.02678  8.88608e-04
 25 -0.04226  2.03525e-04 | 26  0.03881  2.60754e-03 | 27  0.03246  1.71241e-03
 28  0.02571  1.05656e-03 | 29  0.00246 -4.66054e-05 | 30  0.01705 -1.97642e-04
 31  0.05268  3.76909e-04 | 32  0.09098  1.70087e-03 | 33 -0.00147  6.25343e-04
 34 -0.05679  8.20272e-05 | 35  0.00614  3.81718e-04 | 36 -0.01408 -1.72643e-03
 37  0.24009  6.72626e-03 | 38  0.24273  3.98851e-03 | 39  0.24917  9.27445e-04
 40  0.24174  8.21765e-03 | 41 -0.17802  3.72368e-02 | 42 -1.42269  1.55764e-02
 43  0.99998  8.44730e-04 | 44 -0.69022 -4.20019e-05 | 45  0.06908  1.33323e-03
 46 -0.67126 -6.21725e-04 | 47  0.21826  7.58469e-04 | 48 -0.47865 -6.24369e-04
 49  0.01555  4.50298e-03 | 50  0.00640  5.33182e-02 | 51 -0.33033 -1.53035e-03
 52 -0.62518 -1.28113e-02 |
52 variables; iteration 380; function evaluation 465; phase 3
Function value 2.2124368e+03; maximum gradient component mag 4.7724e-01
Var    Value     Gradient |Var    Value     Gradient |Var    Value     Gradient
  1  0.05137  4.77242e-01 |  2 -0.00465 -7.50626e-03 |  3  0.03913 -4.07271e-03
  4 -0.01191 -5.11477e-03 |  5 -0.13162 -4.84565e-03 |  6 -0.01403 -2.80904e-03
  7 -0.10308 -1.05735e-02 |  8 -0.06361 -6.33199e-03 |  9  0.01646 -2.26037e-03
 10  0.12795 -3.50283e-03 | 11 -0.04223 -6.81943e-03 | 12  0.03733  1.07419e-03
 13  0.01471  3.57282e-03 | 14  0.06001  5.82952e-03 | 15 -0.01577  2.29267e-03
 16 -0.06127  3.49883e-03 | 17 -0.02345 -1.56425e-03 | 18  0.04447 -1.83460e-03
 19  0.08039 -1.07991e-03 | 20  0.00094 -3.51856e-03 | 21 -0.10346 -2.05423e-03
 22 -0.06282 -4.49499e-03 | 23  0.03745  1.65991e-03 | 24  0.02678  8.11768e-03
 25 -0.04226  4.35921e-03 | 26  0.03881  1.81124e-02 | 27  0.03246  1.38753e-02
 28  0.02572  8.88230e-03 | 29  0.00246  4.86903e-04 | 30  0.01705 -1.83765e-03
 31  0.05269  2.73318e-03 | 32  0.09098  7.46693e-03 | 33 -0.00148  1.14509e-03
 34 -0.05679 -1.14845e-03 | 35  0.00614  5.34658e-05 | 36 -0.01408 -1.41134e-02
 37  0.24009  5.79267e-02 | 38  0.24273  2.34477e-02 | 39  0.24917  2.36166e-03
 40  0.24174  3.91300e-02 | 41 -0.16383  3.15036e-01 | 42 -1.42433  3.37857e-01
 43  1.00001 -8.00669e-03 | 44 -0.69022 -8.71883e-04 | 45  0.06908  1.71827e-02
 46 -0.67127 -8.75289e-03 | 47  0.21826  2.18710e-03 | 48 -0.47865 -3.37486e-03
 49  0.00615  2.03341e-02 | 50 -0.00301  4.54757e-01 | 51 -0.33186 -9.36503e-03
 52 -0.62759 -2.27114e-01 |
52 variables; iteration 400; function evaluation 491; phase 3
Function value 2.2124367e+03; maximum gradient component mag -1.7385e-01
Var    Value     Gradient |Var    Value     Gradient |Var    Value     Gradient
  1  0.05137  6.82932e-02 |  2 -0.00465  3.92217e-03 |  3  0.03913  3.64167e-03
  4 -0.01191 -3.90510e-05 |  5 -0.13162 -5.40386e-03 |  6 -0.01403 -3.38723e-03
  7 -0.10307  5.69575e-03 |  8 -0.06361 -1.68116e-03 |  9  0.01646 -6.31573e-03
 10  0.12795  8.63282e-03 | 11 -0.04223  4.48818e-03 | 12  0.03733  4.03202e-04
 13  0.01471 -3.83978e-03 | 14  0.06001  4.34159e-03 | 15 -0.01577 -1.10222e-03
 16 -0.06128 -5.90487e-03 | 17 -0.02345  3.98254e-03 | 18  0.04447 -4.05113e-04
 19  0.08039 -1.54476e-04 | 20  0.00095  8.14276e-04 | 21 -0.10347 -4.32309e-03
 22 -0.06282  3.00421e-03 | 23  0.03745  2.99728e-03 | 24  0.02678 -9.30197e-03
 25 -0.04226 -7.10710e-03 | 26  0.03881 -1.02394e-02 | 27  0.03246 -1.34151e-02
 28  0.02571 -7.83361e-03 | 29  0.00246 -2.35275e-03 | 30  0.01705  2.76300e-03
 31  0.05268 -2.82135e-03 | 32  0.09098  5.16741e-03 | 33 -0.00147  1.01346e-02
 34 -0.05679  9.96222e-03 | 35  0.00614  9.25972e-03 | 36 -0.01408  4.07735e-03
 37  0.24009 -5.33466e-02 | 38  0.24273 -9.10019e-03 | 39  0.24917  6.94061e-03
 40  0.24174  3.00989e-03 | 41 -0.10040 -2.34882e-02 | 42 -1.40200 -1.73851e-01
 43  1.00000  3.71236e-02 | 44 -0.69021  2.10469e-03 | 45  0.06908 -3.32319e-02
 46 -0.67126  1.75764e-02 | 47  0.21826  2.11492e-03 | 48 -0.47865  3.49854e-03
 49 -0.03653  2.05241e-02 | 50 -0.04570 -5.46821e-02 | 51 -0.31162 -1.04525e-02
 52 -0.59661  1.37749e-01 |
52 variables; iteration 420; function evaluation 513; phase 3
Function value 2.2124367e+03; maximum gradient component mag -2.9794e-02
Var    Value     Gradient |Var    Value     Gradient |Var    Value     Gradient
  1  0.05137 -2.39679e-02 |  2 -0.00465 -1.00268e-03 |  3  0.03913 -8.02095e-04
  4 -0.01191  1.30666e-04 |  5 -0.13162  1.59748e-03 |  6 -0.01403  1.07103e-03
  7 -0.10308 -1.64049e-03 |  8 -0.06361  5.79306e-04 |  9  0.01646  1.89117e-03
 10  0.12795 -2.15801e-03 | 11 -0.04223 -1.25451e-03 | 12  0.03733 -1.03080e-04
 13  0.01471  5.96760e-04 | 14  0.06001 -1.15912e-03 | 15 -0.01577 -1.56230e-04
 16 -0.06127  9.10005e-04 | 17 -0.02345 -1.71541e-03 | 18  0.04447  3.41629e-04
 19  0.08039  7.47002e-04 | 20  0.00094 -2.43419e-04 | 21 -0.10346  8.47649e-04
 22 -0.06282 -1.38404e-03 | 23  0.03745 -6.43301e-04 | 24  0.02678  2.64835e-03
 25 -0.04226  1.53643e-03 | 26  0.03881  3.23665e-03 | 27  0.03246  3.96844e-03
 28  0.02571  2.20971e-03 | 29  0.00246  7.02660e-04 | 30  0.01705 -7.91290e-04
 31  0.05268  1.04972e-03 | 32  0.09098 -7.72576e-04 | 33 -0.00147 -2.86458e-03
 34 -0.05679 -3.19832e-03 | 35  0.00614 -2.85809e-03 | 36 -0.01408 -2.49642e-04
 37  0.24009  1.62162e-02 | 38  0.24273  4.17900e-03 | 39  0.24917 -1.33913e-03
 40  0.24174  4.37971e-03 | 41 -0.05123 -2.41874e-02 | 42 -1.38594 -2.03343e-02
 43  0.99999  9.10353e-03 | 44 -0.69022 -5.89585e-04 | 45  0.06908  9.78005e-03
 46 -0.67127 -5.08980e-03 | 47  0.21826  4.23784e-05 | 48 -0.47865 -1.50618e-03
 49 -0.07021 -5.61178e-03 | 50 -0.07943 -2.97937e-02 | 51 -0.29784  4.26995e-03
 52 -0.57641  1.24723e-02 |
52 variables; iteration 440; function evaluation 535; phase 3
Function value 2.2124367e+03; maximum gradient component mag -1.2235e-02
Var    Value     Gradient |Var    Value     Gradient |Var    Value     Gradient
  1  0.05137  6.42177e-03 |  2 -0.00465  8.08214e-04 |  3  0.03913  7.77050e-04
  4 -0.01191  1.61534e-05 |  5 -0.13162 -8.60718e-04 |  6 -0.01403 -6.79815e-04
  7 -0.10307  1.19833e-03 |  8 -0.06361 -1.97719e-04 |  9  0.01646 -1.15808e-03
 10  0.12795  1.43932e-03 | 11 -0.04223  9.29892e-04 | 12  0.03733 -6.69735e-05
 13  0.01471 -4.79486e-04 | 14  0.06001  6.64982e-04 | 15 -0.01577  1.55912e-04
 16 -0.06128 -8.26899e-04 | 17 -0.02345  1.07840e-03 | 18  0.04447 -1.71632e-04
 19  0.08039 -1.11409e-04 | 20  0.00095  3.33110e-04 | 21 -0.10347 -5.28884e-04
 22 -0.06282  8.93829e-04 | 23  0.03745  4.31249e-04 | 24  0.02678 -1.58585e-03
 25 -0.04226 -8.08981e-04 | 26  0.03881 -1.70742e-03 | 27  0.03246 -2.74616e-03
 28  0.02571 -1.87660e-03 | 29  0.00246 -4.44806e-04 | 30  0.01705  5.90621e-04
 31  0.05268 -5.82300e-04 | 32  0.09098  7.21240e-04 | 33 -0.00147  1.74613e-03
 34 -0.05679  2.00328e-03 | 35  0.00614  2.25047e-03 | 36 -0.01408  7.44947e-04
 37  0.24009 -1.22345e-02 | 38  0.24273 -8.10768e-04 | 39  0.24917  2.01230e-03
 40  0.24174  4.69459e-04 | 41 -0.03421  2.06167e-03 | 42 -1.38040 -5.03484e-03
 43  0.99998 -4.01021e-04 | 44 -0.69022  3.36052e-04 | 45  0.06908 -6.36526e-03
 46 -0.67126  3.47630e-03 | 47  0.21826  2.46695e-04 | 48 -0.47865  1.27041e-04
 49 -0.08197  2.39939e-03 | 50 -0.09121 -3.78697e-05 | 51 -0.29324 -1.57465e-03
 52 -0.56978  4.26806e-03 |
52 variables; iteration 460; function evaluation 561; phase 3
Function value 2.2124366e+03; maximum gradient component mag 8.3463e-02
Var    Value     Gradient |Var    Value     Gradient |Var    Value     Gradient
  1  0.05137  8.34634e-02 |  2 -0.00465 -5.22598e-04 |  3  0.03913  5.11581e-04
  4 -0.01191 -8.28754e-04 |  5 -0.13162 -1.11678e-03 |  6 -0.01403 -1.11103e-03
  7 -0.10308 -1.12823e-03 |  8 -0.06361 -9.05805e-04 |  9  0.01646 -1.02270e-03
 10  0.12795  5.81906e-04 | 11 -0.04223 -5.64812e-04 | 12  0.03733 -1.70415e-04
 13  0.01471 -1.71292e-04 | 14  0.06001  1.86447e-03 | 15 -0.01577  4.87082e-04
 16 -0.06128 -1.19014e-03 | 17 -0.02345 -1.30717e-04 | 18  0.04447 -1.77282e-04
 19  0.08039  1.60971e-03 | 20  0.00095 -1.02741e-05 | 21 -0.10347 -1.14276e-03
 22 -0.06282 -9.45668e-04 | 23  0.03745  8.13907e-04 | 24  0.02678  1.05678e-03
 25 -0.04226  6.03574e-04 | 26  0.03881  4.26593e-03 | 27  0.03246  6.59624e-04
 28  0.02571 -7.88723e-04 | 29  0.00246 -1.39209e-04 | 30  0.01705  3.21063e-04
 31  0.05268  9.46638e-04 | 32  0.09098  3.99033e-03 | 33 -0.00147  1.50539e-03
 34 -0.05679  8.16012e-04 | 35  0.00614  2.90566e-03 | 36 -0.01408  3.89598e-06
 37  0.24009  2.25834e-03 | 38  0.24273  1.26933e-02 | 39  0.24917  6.16892e-03
 40  0.24174  2.60882e-02 | 41 -0.08360  7.22668e-04 | 42 -1.37003 -4.88047e-02
 43  0.99997 -4.30257e-03 | 44 -0.69022 -7.46631e-05 | 45  0.06908  1.69977e-04
 46 -0.67126  3.75921e-04 | 47  0.21826  1.89290e-03 | 48 -0.47865 -3.49020e-03
 49 -0.04799  1.77243e-03 | 50 -0.05717 -6.27772e-04 | 51 -0.28482  2.34436e-03
 52 -0.55782  4.10890e-02 |
52 variables; iteration 480; function evaluation 583; phase 3
Function value 2.2124366e+03; maximum gradient component mag -3.7383e-01
Var    Value     Gradient |Var    Value     Gradient |Var    Value     Gradient
  1  0.05137 -3.73830e-01 |  2 -0.00465  2.51219e-03 |  3  0.03913  2.70598e-06
  4 -0.01191  5.30250e-03 |  5 -0.13162  5.43432e-03 |  6 -0.01403  4.97356e-03
  7 -0.10307  4.04985e-03 |  8 -0.06361  4.17330e-03 |  9  0.01646  5.54189e-03
 10  0.12794 -4.22651e-03 | 11 -0.04223  3.10951e-03 | 12  0.03733  2.01224e-04
 13  0.01471 -2.33932e-03 | 14  0.06001 -8.70585e-03 | 15 -0.01577 -3.21229e-03
 16 -0.06128 -1.79401e-03 | 17 -0.02345 -5.15914e-03 | 18  0.04447  2.01335e-03
 19  0.08039 -7.89935e-04 | 20  0.00094  1.02459e-03 | 21 -0.10346  3.74622e-03
 22 -0.06282  1.25784e-03 | 23  0.03745 -3.84777e-03 | 24  0.02678 -3.11411e-03
 25 -0.04226 -2.80741e-03 | 26  0.03881 -8.51698e-03 | 27  0.03246  2.38838e-03
 28  0.02572  3.29315e-03 | 29  0.00246  6.88086e-04 | 30  0.01705 -2.45733e-03
 31  0.05268 -4.78422e-03 | 32  0.09098 -2.09725e-02 | 33 -0.00148 -1.27919e-02
 34 -0.05679 -1.03177e-02 | 35  0.00614  1.36824e-03 | 36 -0.01408  5.31776e-03
 37  0.24009  4.54372e-03 | 38  0.24273 -3.87955e-02 | 39  0.24917 -2.05273e-02
 40  0.24174 -7.39723e-02 | 41 -0.08935 -1.59889e-01 | 42 -1.36289 -1.23947e-01
 43  0.99999  1.84628e-02 | 44 -0.69022 -7.53347e-04 | 45  0.06908 -1.05204e-02
 46 -0.67126  6.30245e-03 | 47  0.21826 -3.44848e-03 | 48 -0.47865  7.56130e-03
 49 -0.04407 -6.70627e-03 | 50 -0.05324 -2.27187e-01 | 51 -0.27918 -2.96171e-03
 52 -0.54992  1.15551e-01 |
52 variables; iteration 500; function evaluation 604; phase 3
Function value 2.2124366e+03; maximum gradient component mag -2.0313e-02
Var    Value     Gradient |Var    Value     Gradient |Var    Value     Gradient
  1  0.05137 -2.03129e-02 |  2 -0.00465  1.00275e-04 |  3  0.03913  3.12547e-05
  4 -0.01191  3.41439e-04 |  5 -0.13162  2.93757e-04 |  6 -0.01403  2.87467e-04
  7 -0.10307  2.16565e-04 |  8 -0.06361  2.08819e-04 |  9  0.01646  2.73016e-04
 10  0.12795 -2.48840e-04 | 11 -0.04223  1.78068e-04 | 12  0.03733  6.64648e-06
 13  0.01471 -1.31000e-04 | 14  0.06001 -3.58196e-04 | 15 -0.01577 -9.67437e-05
 16 -0.06128 -1.61423e-04 | 17 -0.02345 -2.64745e-04 | 18  0.04447  1.00947e-04
 19  0.08039 -3.87570e-06 | 20  0.00094  9.30619e-05 | 21 -0.10347  2.28718e-04
 22 -0.06282  7.26874e-05 | 23  0.03745 -2.19934e-04 | 24  0.02678 -1.75269e-04
 25 -0.04226 -1.31037e-04 | 26  0.03881 -2.99088e-04 | 27  0.03246  3.31749e-04
 28  0.02571  2.51465e-04 | 29  0.00246 -1.08493e-05 | 30  0.01705 -2.11951e-04
 31  0.05268 -4.74081e-04 | 32  0.09098 -1.65361e-03 | 33 -0.00147 -1.03381e-03
 34 -0.05679 -8.28576e-04 | 35  0.00614  5.11324e-04 | 36 -0.01408  2.54973e-04
 37  0.24009 -8.34437e-04 | 38  0.24273 -2.53822e-03 | 39  0.24917 -1.19588e-03
 40  0.24174 -5.34987e-03 | 41 -0.07478 -5.72882e-03 | 42 -1.35949 -3.92878e-03
 43  0.99998 -1.20075e-03 | 44 -0.69022 -7.33373e-05 | 45  0.06908 -1.33614e-03
 46 -0.67126  8.46712e-04 | 47  0.21826 -1.39832e-04 | 48 -0.47865  3.89607e-04
 49 -0.05403 -1.13749e-04 | 50 -0.06322 -8.27528e-03 | 51 -0.27653 -3.37853e-04
 52 -0.54624  3.83265e-03 |
Warning: the following parameters had issues
  selparm[3] is within 0.1% of upper bound: -3.00000e+00 < 1.50000e+01 < 1.50000e+01


 - final statistics:
52 variables; iteration 515; function evaluation 619
Function value 2.2124e+03; maximum gradient component mag -5.6125e-05
Exit code = 1;  converg criter 1.0000e-04
Var    Value     Gradient |Var    Value     Gradient |Var    Value     Gradient
  1  0.05137 -5.61247e-05 |  2 -0.00465 -1.43468e-07 |  3  0.03913 -3.95014e-07
  4 -0.01191  1.26685e-06 |  5 -0.13162  6.34109e-07 |  6 -0.01403  7.47408e-07
  7 -0.10307  5.43095e-07 |  8 -0.06361  3.16032e-07 |  9  0.01646  3.11264e-07
 10  0.12795 -9.49817e-07 | 11 -0.04223  5.35060e-07 | 12  0.03733  3.69098e-07
 13  0.01471 -1.28238e-07 | 14  0.06001  2.06783e-06 | 15 -0.01577  5.14489e-07
 16 -0.06128 -6.40741e-07 | 17 -0.02345 -6.19138e-07 | 18  0.04447  2.81102e-07
 19  0.08039  3.09473e-07 | 20  0.00094  2.82574e-07 | 21 -0.10347  5.49330e-07
 22 -0.06282 -2.82519e-07 | 23  0.03745 -1.13494e-06 | 24  0.02678 -1.81062e-06
 25 -0.04226 -1.46688e-06 | 26  0.03881 -2.55640e-06 | 27  0.03246  2.38156e-06
 28  0.02571  2.26854e-06 | 29  0.00246 -5.53984e-07 | 30  0.01705 -1.17257e-06
 31  0.05268 -3.23015e-06 | 32  0.09098 -9.25611e-06 | 33 -0.00147 -5.66931e-06
 34 -0.05679 -4.96848e-06 | 35  0.00614  4.64715e-06 | 36 -0.01408  3.78537e-07
 37  0.24009 -6.67989e-06 | 38  0.24273 -1.34111e-05 | 39  0.24917 -5.92554e-06
 40  0.24174 -2.89432e-05 | 41 -0.07755 -3.38053e-06 | 42 -1.35815 -1.76270e-05
 43  0.99998  5.89072e-07 | 44 -0.69022 -2.34893e-07 | 45  0.06908 -1.05164e-05
 46 -0.67126  6.08170e-06 | 47  0.21826 -8.73539e-07 | 48 -0.47865  4.03422e-06
 49 -0.05213  1.68226e-06 | 50 -0.06132 -6.65652e-06 | 51 -0.27549 -1.18034e-06
 52 -0.54480  1.73076e-05 |
Estimating row 1 out of 52 for hessian
Estimating row 2 out of 52 for hessian
Estimating row 3 out of 52 for hessian
Estimating row 4 out of 52 for hessian
Estimating row 5 out of 52 for hessian
Estimating row 6 out of 52 for hessian
Estimating row 7 out of 52 for hessian
Estimating row 8 out of 52 for hessian
Estimating row 9 out of 52 for hessian
Estimating row 10 out of 52 for hessian
Estimating row 11 out of 52 for hessian
Estimating row 12 out of 52 for hessian
Estimating row 13 out of 52 for hessian
Estimating row 14 out of 52 for hessian
Estimating row 15 out of 52 for hessian
Estimating row 16 out of 52 for hessian
Estimating row 17 out of 52 for hessian
Estimating row 18 out of 52 for hessian
Estimating row 19 out of 52 for hessian
Estimating row 20 out of 52 for hessian
Estimating row 21 out of 52 for hessian
Estimating row 22 out of 52 for hessian
Estimating row 23 out of 52 for hessian
Estimating row 24 out of 52 for hessian
Estimating row 25 out of 52 for hessian
Estimating row 26 out of 52 for hessian
Estimating row 27 out of 52 for hessian
Estimating row 28 out of 52 for hessian
Estimating row 29 out of 52 for hessian
Estimating row 30 out of 52 for hessian
Estimating row 31 out of 52 for hessian
Estimating row 32 out of 52 for hessian
Estimating row 33 out of 52 for hessian
Estimating row 34 out of 52 for hessian
Estimating row 35 out of 52 for hessian
Estimating row 36 out of 52 for hessian
Estimating row 37 out of 52 for hessian
Estimating row 38 out of 52 for hessian
Estimating row 39 out of 52 for hessian
Estimating row 40 out of 52 for hessian
Estimating row 41 out of 52 for hessian
Estimating row 42 out of 52 for hessian
Estimating row 43 out of 52 for hessian
Estimating row 44 out of 52 for hessian
Estimating row 45 out of 52 for hessian
Estimating row 46 out of 52 for hessian
Estimating row 47 out of 52 for hessian
Estimating row 48 out of 52 for hessian
Estimating row 49 out of 52 for hessian
Estimating row 50 out of 52 for hessian
Estimating row 51 out of 52 for hessian
Estimating row 52 out of 52 for hessian
size of file gradfil1.tmp = 0
size of file gradfil2.tmp = 0
size of file varssave.tmp = 0
size of file cmpdiff.tmp = 0
