
Initial statistics: 36 variables; iteration 0; function evaluation 0; phase 1
Function value 1.1369711e+04; maximum gradient component mag 2.2734e+04
Var    Value     Gradient |Var    Value     Gradient |Var    Value     Gradient
  1  0.04044  2.27343e+04 |  2  0.05091 -2.84970e+02 |  3  0.01546 -4.72943e+02
  4  0.02463 -3.05557e+02 |  5 -0.09910 -3.03508e+02 |  6  0.01796 -3.54565e+02
  7 -0.06525 -3.21841e+02 |  8 -0.03293 -3.66045e+02 |  9  0.03580 -4.99211e+02
 10  0.08132 -9.27270e+02 | 11 -0.04630 -6.68754e+02 | 12 -0.02558 -9.24750e+02
 13 -0.00037 -1.30803e+03 | 14  0.03203 -1.31014e+03 | 15 -0.01279 -8.99129e+02
 16 -0.03024 -8.17452e+02 | 17  0.02950 -7.58262e+02 | 18  0.01731 -1.28617e+03
 19  0.01924 -1.26196e+03 | 20 -0.00919 -6.06418e+02 | 21 -0.14331 -7.32079e+02
 22 -0.09081 -7.39896e+02 | 23  0.01669 -2.03774e+02 | 24  0.04790 -1.34415e+02
 25 -0.03408 -1.64121e+02 | 26  0.06404  1.74030e+03 | 27  0.00547  9.73696e+02
 28 -0.00701  5.22864e+02 | 29 -0.03367  7.55893e+01 | 30  0.05209  1.51634e+03
 31  0.03011  1.94254e+03 | 32  0.07850  3.11647e+03 | 33  0.03256  2.46526e+03
 34 -0.03271  1.18690e+03 | 35  0.01424  1.22600e+03 | 36 -0.00379  8.90234e+02

Intermediate statistics: 36 variables; iteration 20; function evaluation 31; phase 1
Function value 1.0322314e+04; maximum gradient component mag 1.2141e+04
Var    Value     Gradient |Var    Value     Gradient |Var    Value     Gradient
  1  0.03677  1.21409e+04 |  2  0.01707 -1.78731e+02 |  3  0.07611 -1.97513e+02
  4  0.03081 -1.41631e+02 |  5 -0.09580 -1.50172e+02 |  6 -0.00332 -1.89486e+02
  7 -0.11601 -1.99168e+02 |  8 -0.08571 -2.08703e+02 |  9  0.00665 -2.32647e+02
 10  0.13074 -3.52210e+02 | 11 -0.00854 -2.94577e+02 | 12 -0.01504 -4.32667e+02
 13 -0.09546 -5.31550e+02 | 14  0.16576 -2.03167e+02 | 15  0.06990 -8.21574e+01
 16  0.00174 -2.79514e+01 | 17  0.00644 -5.03935e+01 | 18  0.17104 -4.00786e+00
 19  0.15007 -3.60005e+01 | 20  0.01479 -1.15940e+02 | 21  0.03848 -1.66887e+02
 22  0.01833 -2.14547e+02 | 23  0.03367  1.66925e+02 | 24  0.07386  3.75083e+02
 25  0.01292  2.50219e+02 | 26  0.00833  8.97786e+02 | 27 -0.02163  4.87729e+02
 28  0.02967  6.02862e+02 | 29  0.01607  1.10244e+02 | 30 -0.04465 -4.24445e+01
 31 -0.10600 -6.50322e+00 | 32  0.04640  3.81726e+02 | 33 -0.01158  3.86050e+02
 34 -0.03829  3.20199e+02 | 35 -0.04311  2.68731e+02 | 36 -0.47010 -1.05723e+02
36 variables; iteration 40; function evaluation 61; phase 1
Function value 1.0252689e+04; maximum gradient component mag -9.4304e+02
Var    Value     Gradient |Var    Value     Gradient |Var    Value     Gradient
  1  0.03166 -9.43040e+02 |  2  0.02088  5.43094e+00 |  3  0.09213  1.38318e+01
  4  0.02225  5.14165e+00 |  5 -0.11384  2.92495e-01 |  6  0.02218  1.04533e+01
  7 -0.08440  3.90382e+00 |  8 -0.04523  8.79578e+00 |  9  0.00997 -4.98610e+01
 10  0.14294 -1.05399e+02 | 11 -0.00219 -7.89659e+01 | 12  0.00862 -1.71600e+02
 13 -0.06384 -3.12077e+02 | 14  0.16620 -1.40395e+02 | 15  0.06201 -2.49937e+01
 16 -0.05141 -2.90718e+01 | 17 -0.06019 -2.13439e+01 | 18  0.16524 -7.70019e+00
 19  0.12878  7.57396e-02 | 20 -0.00389  1.64939e+01 | 21  0.06032  4.53890e+01
 22  0.06078  4.49334e+01 | 23 -0.01440  7.20219e+01 | 24  0.07903  2.06945e+02
 25  0.06279  2.58199e+02 | 26 -0.00269  3.56232e+02 | 27 -0.03377  1.42945e+02
 28  0.02163  1.61203e+02 | 29  0.03308  4.59154e+01 | 30 -0.03327  1.07391e+01
 31 -0.11677 -5.38352e+01 | 32  0.05552 -2.45786e+02 | 33 -0.03897 -8.93419e+01
 34 -0.06035 -9.84806e+01 | 35 -0.04474 -7.08403e+01 | 36 -0.48821  1.58612e+01
36 variables; iteration 60; function evaluation 82; phase 1
Function value 1.0196777e+04; maximum gradient component mag -1.8640e+02
Var    Value     Gradient |Var    Value     Gradient |Var    Value     Gradient
  1  0.03554 -1.86405e+02 |  2  0.01993  2.20271e+00 |  3  0.08684  2.16629e+00
  4  0.02480  2.44921e+00 |  5 -0.10299  3.87562e+00 |  6  0.02173  1.59821e+00
  7 -0.07906  2.45586e+00 |  8 -0.04750  1.02170e+00 |  9  0.02785  2.58272e-01
 10  0.14106 -1.92164e+00 | 11  0.01808  2.12117e+00 | 12  0.04710 -4.80334e+00
 13  0.09284 -1.04185e+00 | 14  0.12863  4.29984e+00 | 15  0.05236  2.32133e+00
 16 -0.04975 -2.80937e-01 | 17 -0.05581 -8.98517e-01 | 18  0.15655  1.50834e+00
 19  0.12309  6.08038e-01 | 20 -0.01229 -1.22443e-01 | 21  0.04432  4.04119e-02
 22  0.05115  9.50680e-01 | 23 -0.03330  2.30225e+00 | 24  0.06436  8.90194e+00
 25  0.06224  1.65675e+01 | 26 -0.03741  4.99383e+00 | 27 -0.04177 -2.69077e+01
 28  0.01091 -4.46685e+01 | 29 -0.00480 -4.12281e+01 | 30 -0.02548 -4.29146e+00
 31 -0.11743  6.08813e+00 | 32  0.05072  4.32572e+01 | 33 -0.04419  2.71410e+00
 34 -0.05993  1.28969e+01 | 35 -0.05180  2.16938e+00 | 36 -0.51003  1.83983e+00

 - final statistics:
36 variables; iteration 65; function evaluation 87
Function value 1.0197e+04; maximum gradient component mag 1.4984e+00
Exit code = 1;  converg criter 1.0000e+01
Var    Value     Gradient |Var    Value     Gradient |Var    Value     Gradient
  1  0.03589  1.49838e+00 |  2  0.01989  6.81570e-02 |  3  0.08654  2.78922e-02
  4  0.02487  2.18492e-02 |  5 -0.10365 -8.45579e-02 |  6  0.02278  3.91789e-02
  7 -0.07798 -6.20128e-02 |  8 -0.04586 -2.06651e-02 |  9  0.02859 -1.76756e-01
 10  0.14096 -2.71906e-01 | 11  0.01760 -3.16299e-01 | 12  0.04923 -3.52984e-01
 13  0.09281 -3.35613e-01 | 14  0.12703 -1.01529e+00 | 15  0.05161 -5.26743e-01
 16 -0.04907 -2.70833e-01 | 17 -0.05452 -3.23460e-01 | 18  0.15567  1.78743e-02
 19  0.12305 -8.34623e-03 | 20 -0.01164  8.95935e-02 | 21  0.04492  6.76577e-02
 22  0.05171  6.06153e-02 | 23 -0.03260 -1.34453e-01 | 24  0.06295 -2.76687e-01
 25  0.05969 -4.10745e-01 | 26 -0.03843 -1.24249e-01 | 27 -0.03967  9.93144e-01
 28  0.01074  1.36439e+00 | 29 -0.00299 -3.74356e-01 | 30 -0.02664  4.99604e-01
 31 -0.11795  3.08304e-01 | 32  0.04882  7.17893e-01 | 33 -0.04329  5.35494e-01
 34 -0.06193 -4.67294e-01 | 35 -0.05219  1.97716e-02 | 36 -0.51036  1.29169e-01

Initial statistics: 46 variables; iteration 0; function evaluation 0; phase 2
Function value 1.0196593e+04; maximum gradient component mag 3.7459e+04
Var    Value     Gradient |Var    Value     Gradient |Var    Value     Gradient
  1  0.03589  1.49838e+00 |  2  0.01989  8.43532e-02 |  3  0.08654  4.39469e-02
  4  0.02487  3.80410e-02 |  5 -0.10365 -6.85680e-02 |  6  0.02278  5.53727e-02
  7 -0.07798 -4.59300e-02 |  8 -0.04586 -4.50293e-03 |  9  0.02859 -1.60568e-01
 10  0.14096 -2.56097e-01 | 11  0.01760 -3.00101e-01 | 12  0.04923 -3.36829e-01
 13  0.09281 -3.19580e-01 | 14  0.12703 -9.99408e-01 | 15  0.05161 -5.10592e-01
 16 -0.04907 -2.54677e-01 | 17 -0.05452 -3.07315e-01 | 18  0.15567  3.35964e-02
 19  0.12305  7.55621e-03 | 20 -0.01164  1.05795e-01 | 21  0.04492  8.38216e-02
 22  0.05172  7.67660e-02 | 23 -0.03260 -1.18270e-01 | 24  0.06295 -2.60562e-01
 25  0.05969 -3.94612e-01 | 26 -0.03843 -1.08074e-01 | 27 -0.03967  1.00932e+00
 28  0.01074  1.38059e+00 | 29 -0.00299 -3.58152e-01 | 30 -0.02664  5.15794e-01
 31 -0.11795  3.24231e-01 | 32  0.04882  7.34050e-01 | 33 -0.04329  5.51660e-01
 34 -0.06193 -4.51166e-01 | 35 -0.05219  3.59214e-02 | 36 -0.51036  1.40439e-01
 37  0.26618 -1.04253e+04 | 38  0.17616 -1.35766e+04 | 39  0.36736  4.55559e+03
 40  0.51006  3.74594e+04 | 41 -0.08822 -7.59142e+02 | 42 -0.30874  1.47994e+03
 43  0.01946 -1.13371e+02 | 44 -0.08644 -9.92252e+02 | 45 -0.35828  1.19483e+02
 46 -0.51765  7.78812e+02 |

Intermediate statistics: 46 variables; iteration 20; function evaluation 31; phase 2
Function value 4.6326348e+03; maximum gradient component mag 2.0107e+04
Var    Value     Gradient |Var    Value     Gradient |Var    Value     Gradient
  1  0.05644  8.28111e+03 |  2 -0.01112  3.09802e+02 |  3  0.01938  2.34588e+02
  4 -0.01817  3.22732e+02 |  5 -0.14459  3.50788e+02 |  6 -0.01701  3.01487e+02
  7 -0.09961  3.70203e+02 |  8 -0.04600  3.71620e+02 |  9  0.05293  3.74542e+02
 10  0.18326  3.47724e+02 | 11  0.10979  4.73756e+02 | 12  0.12440  4.42464e+02
 13  0.10907  3.83309e+02 | 14  0.24358  4.50108e+02 | 15 -0.99979  6.74325e-02
 16  0.07544  2.83836e+02 | 17  0.29074  7.70086e+02 | 18 -0.94514  1.78064e+01
 19  0.18875  2.13078e+02 | 20  0.03793  2.93287e+02 | 21 -0.09906  7.69448e+01
 22  0.00440  1.17444e+02 | 23 -0.01116  2.24319e+02 | 24 -0.01252  1.18004e+02
 25  0.10820  4.82374e+02 | 26  0.16762  1.32834e+03 | 27  0.09524  8.47711e+02
 28  0.05507  5.53863e+02 | 29  0.08912  5.63171e+02 | 30  0.15980  1.11941e+03
 31  0.12886  1.19228e+03 | 32  0.03040  4.10253e+02 | 33 -0.02151  5.28636e+02
 34 -0.01481  6.20346e+02 | 35  0.08280  1.10120e+03 | 36 -0.08585  5.01749e+02
 37  0.23661 -2.12253e+03 | 38  0.17202 -7.07010e+03 | 39  0.22695  6.32950e+02
 40  0.30073  2.01073e+04 | 41 -0.19895 -8.61460e+02 | 42 -0.55436  5.59770e+02
 43 -0.04667 -3.29710e+02 | 44 -0.02104 -9.85677e+02 | 45 -0.31990  1.02454e+02
 46 -0.70109  2.46639e+02 |
46 variables; iteration 40; function evaluation 58; phase 2
Function value 3.4038610e+03; maximum gradient component mag -3.4703e+03
Var    Value     Gradient |Var    Value     Gradient |Var    Value     Gradient
  1  0.06383 -1.40572e+03 |  2  0.05431  2.51438e+02 |  3  0.00059  3.19641e+01
  4  0.00092  9.74113e+01 |  5 -0.09381  1.26056e+02 |  6  0.11390  2.18572e+02
  7  0.06257  2.54361e+02 |  8  0.06396  2.40764e+02 |  9 -0.02972 -9.61574e-01
 10  0.06269 -7.68994e+01 | 11  0.01756  1.74705e+02 | 12  0.04572  1.63960e+02
 13  0.05820  1.28685e+02 | 14  0.13989  1.29577e+02 | 15 -0.91374 -6.21489e+00
 16 -0.02573 -3.47370e+01 | 17  0.17234  3.86157e+02 | 18 -0.59562 -6.24341e+01
 19  0.14615  4.48726e+01 | 20  0.01820  1.63707e+02 | 21 -0.00826  6.75276e+01
 22  0.01411  7.82873e+01 | 23 -0.08512 -8.15722e-01 | 24  0.02548  2.88829e+01
 25  0.02034 -7.38839e+01 | 26  0.12912  3.99217e+02 | 27  0.04070  5.88038e+01
 28  0.07964  2.51493e+02 | 29  0.07937  1.58880e+02 | 30  0.11428  2.25953e+02
 31  0.13289  4.37945e+02 | 32  0.05220 -8.40944e+01 | 33 -0.03159 -5.41046e+01
 34 -0.05343 -4.46629e+01 | 35  0.06513  1.52420e+02 | 36 -0.11872  1.87342e+02
 37  0.23932 -3.47027e+03 | 38  0.19676 -3.12733e+03 | 39  0.22961  4.71070e+02
 40  0.22167  2.78120e+03 | 41 -0.46239  2.94830e+02 | 42 -0.51293  9.95390e+01
 43  0.16312  2.14353e+02 | 44  0.17729  3.38464e+02 | 45 -0.50492 -2.05805e+02
 46 -0.72133  1.70747e+02 |
46 variables; iteration 60; function evaluation 81; phase 2
Function value 2.9479366e+03; maximum gradient component mag 6.0626e+02
Var    Value     Gradient |Var    Value     Gradient |Var    Value     Gradient
  1  0.03330  6.06258e+02 |  2  0.01499 -3.68140e+00 |  3  0.05675 -1.22820e+01
  4 -0.00230 -3.91210e+00 |  5 -0.12879 -1.36162e+01 |  6 -0.01268 -1.13543e+01
  7 -0.10411 -2.74807e+00 |  8 -0.06660 -1.10354e+01 |  9  0.01473  9.24182e+00
 10  0.12348  7.00425e+01 | 11 -0.00354  1.51663e+01 | 12  0.02415  5.00299e+01
 13  0.06367  7.66711e+01 | 14  0.11594 -4.34288e+01 | 15 -1.01669  5.51631e+00
 16  0.02504  1.52207e+01 | 17  0.02076  3.76801e+01 | 18  0.06823  3.36067e+01
 19  0.09050  2.71908e+01 | 20 -0.04432 -1.12303e+01 | 21 -0.03557 -9.02619e+00
 22  0.01445 -6.36298e+00 | 23 -0.00966 -1.20100e+01 | 24  0.03975  9.03048e+00
 25  0.06759 -1.29275e+01 | 26  0.07809 -3.33283e+01 | 27  0.05600 -2.14532e+01
 28  0.03528 -2.06197e+01 | 29  0.03251  8.11768e+00 | 30  0.06368  3.63478e+00
 31  0.04489 -2.83569e+01 | 32  0.10046  1.44923e+01 | 33  0.01586 -1.28671e+01
 34  0.02238  6.91130e+00 | 35  0.05374 -2.73811e+00 | 36 -0.20390 -3.43032e+00
 37  0.28281 -1.50036e+02 | 38  0.24089  5.71628e+01 | 39  0.25380  4.28337e+00
 40  0.23666 -1.36154e+02 | 41 -0.34932 -4.03901e+01 | 42 -0.52370  2.17391e+01
 43  0.14408 -9.28605e+00 | 44  0.12373 -5.82068e+01 | 45 -0.39966 -1.01408e+01
 46 -0.71222  1.61019e+01 |
Maximum number of function evaluations exceeded

 - final statistics:
46 variables; iteration 75; function evaluation 100
Function value 2.8441e+03; maximum gradient component mag 3.0013e+03
Exit code = 3;  converg criter 1.0000e+01
Var    Value     Gradient |Var    Value     Gradient |Var    Value     Gradient
  1  0.03270  3.00134e+03 |  2 -0.02372 -1.91219e+02 |  3  0.08320 -3.11532e+01
  4  0.01158 -6.68068e+01 |  5 -0.12333 -1.13677e+02 |  6 -0.03897 -8.42681e+01
  7 -0.28272 -3.01530e+02 |  8 -0.07015 -9.57941e+01 |  9  0.01199 -9.80173e+01
 10  0.10115 -8.84008e+01 | 11 -0.01122 -7.73671e+01 | 12  0.00533 -6.39319e+00
 13  0.04968  8.51337e+01 | 14  0.08868  1.58517e+02 | 15 -1.99254  5.96840e+01
 16 -0.00216  2.37649e+02 | 17  0.01839  1.33908e+02 | 18  0.02899 -1.06908e+02
 19  0.05550 -1.34715e+02 | 20 -0.08305 -1.76963e+02 | 21 -0.07772 -1.68710e+02
 22 -0.01268 -1.77981e+02 | 23 -0.04966 -2.97827e+02 | 24  0.00728 -2.51922e+02
 25  0.07562 -5.29271e+01 | 26  0.04863 -3.12373e+02 | 27  0.03587 -3.08982e+02
 28  0.01863 -2.45287e+02 | 29  0.00269 -1.70037e+02 | 30  0.03947 -1.56372e+02
 31  0.01400 -2.12004e+02 | 32  0.08684 -2.84660e+01 | 33  0.01086 -1.22489e+01
 34  0.03748  1.30506e+02 | 35  0.05256 -2.36943e+01 | 36 -0.21354 -1.35527e+02
 37  0.29646  8.51857e+02 | 38  0.25282  9.63392e+02 | 39  0.26696  3.20304e+02
 40  0.23767 -1.17933e+03 | 41 -0.47771  3.70958e+02 | 42 -0.55639 -1.81258e+02
 43  0.23188  1.82734e+01 | 44  0.23915  6.68075e+02 | 45 -0.33704  1.14870e+01
 46 -0.60325 -1.33363e+02 |

Initial statistics: 52 variables; iteration 0; function evaluation 0; phase 3
Function value 2.8391240e+03; maximum gradient component mag 3.0013e+03
Var    Value     Gradient |Var    Value     Gradient |Var    Value     Gradient
  1  0.03270  3.00134e+03 |  2 -0.02088 -9.15516e+01 |  3  0.08605  6.77062e+01
  4  0.01441  3.29244e+01 |  5 -0.12045 -1.58066e+01 |  6 -0.03614  1.52997e+01
  7 -0.27959 -2.11947e+02 |  8 -0.06730  3.35320e+00 |  9  0.01482  1.71549e+00
 10  0.10402  1.00860e+01 | 11 -0.00839  2.23696e+01 | 12  0.00816  9.33496e+01
 13  0.05252  1.84515e+02 | 14  0.09154  2.57137e+02 | 15 -0.00463  4.00615e+01
 16  0.00067  3.37401e+02 | 17  0.02123  2.33584e+02 | 18  0.03183 -7.25964e+00
 19  0.05834 -3.53289e+01 | 20 -0.08019 -7.81055e+01 | 21 -0.07487 -6.97393e+01
 22 -0.00985 -7.82564e+01 | 23 -0.04682 -1.98447e+02 | 24  0.01011 -1.52169e+02
 25  0.07847  4.60956e+01 | 26  0.05147 -2.12838e+02 | 27  0.03870 -2.09335e+02
 28  0.02146 -1.45559e+02 | 29  0.00552 -7.02849e+01 | 30  0.04230 -5.67965e+01
 31  0.01684 -1.12265e+02 | 32  0.08969  7.03141e+01 | 33  0.01369  8.74797e+01
 34  0.04032  2.30021e+02 | 35  0.05540  7.56878e+01 | 36 -0.21055 -4.14028e+01
 37  0.29646  8.51857e+02 | 38  0.25282  9.63392e+02 | 39  0.26696  3.20304e+02
 40  0.23767 -1.17933e+03 | 41 -0.47771  3.70958e+02 | 42 -0.55639 -1.81258e+02
 43  0.81459  1.96826e+02 | 44 -0.25020 -1.20233e+03 | 45  0.03094 -9.76524e+02
 46 -0.27408  4.12335e+02 | 47  0.18920 -3.17728e+02 | 48 -0.26441  2.98248e+02
 49  0.23188  1.82734e+01 | 50  0.23915  6.68075e+02 | 51 -0.33704  1.14870e+01
 52 -0.60325 -1.33363e+02 |

Intermediate statistics: 52 variables; iteration 20; function evaluation 31; phase 3
Function value 2.2203294e+03; maximum gradient component mag 2.8692e+03
Var    Value     Gradient |Var    Value     Gradient |Var    Value     Gradient
  1  0.04486  2.86924e+03 |  2  0.00496 -3.71745e+01 |  3  0.03246 -5.06021e+01
  4 -0.03301 -9.66381e+01 |  5 -0.17840 -1.17643e+02 |  6  0.02133 -1.84945e+01
  7 -0.03530  3.21362e+01 |  8 -0.05823 -8.12140e+01 |  9  0.01712 -2.50464e+01
 10  0.12955  1.57671e+02 | 11 -0.02916 -2.52261e+01 | 12 -0.00227 -7.02180e+01
 13  0.02891  2.22479e+01 | 14  0.06392  1.89347e+01 | 15 -0.02649 -6.78935e+01
 16 -0.05553 -7.32400e+01 | 17 -0.04394 -6.71033e+01 | 18  0.02751 -1.01494e+02
 19  0.05779  6.10870e+00 | 20 -0.05900 -5.73138e+01 | 21 -0.12623 -7.84809e+01
 22 -0.02306  3.81180e+01 | 23  0.03585  1.55092e+02 | 24  0.02804  1.51645e+02
 25 -0.00664  3.60038e+01 | 26  0.03850  1.40859e+02 | 27  0.05399  1.86106e+02
 28  0.01573  5.17265e+01 | 29 -0.00865 -1.19567e+02 | 30 -0.00775 -1.98712e+02
 31  0.04566 -6.65767e+01 | 32  0.07742 -6.38569e+01 | 33 -0.00589 -1.59288e+02
 34 -0.05130 -2.02920e+02 | 35  0.02351 -1.08133e+02 | 36  0.02007 -3.79514e+01
 37  0.26541  1.12527e+03 | 38  0.26252 -1.45012e+03 | 39  0.28257  1.24330e+03
 40  0.24508 -9.77481e+02 | 41 -0.48978  4.81879e+02 | 42 -0.67373 -3.79894e+02
 43  0.45570 -8.42328e+01 | 44 -0.14205  1.53917e+02 | 45  0.46351  7.77661e+01
 46 -0.37986  4.61804e+02 | 47  0.22775  3.68961e+02 | 48 -0.47739 -1.96125e+02
 49  0.24164  1.75230e+02 | 50  0.21923  7.40853e+02 | 51 -0.25694 -1.08419e+02
 52 -0.50175 -3.33095e+02 |
52 variables; iteration 40; function evaluation 55; phase 3
Function value 2.1669389e+03; maximum gradient component mag 2.4658e+03
Var    Value     Gradient |Var    Value     Gradient |Var    Value     Gradient
  1  0.04198  2.46584e+03 |  2  0.02991  1.36034e+01 |  3  0.07086  1.50809e+01
  4  0.01051 -3.50204e+01 |  5 -0.10051 -2.39880e+01 |  6  0.00815 -8.21246e+00
  7 -0.08834 -3.68816e+01 |  8 -0.06125 -3.75097e+01 |  9  0.00719 -2.01117e+01
 10  0.10812  2.83774e+01 | 11 -0.05198 -5.07810e+01 | 12  0.01122  3.14437e+01
 13  0.03417  7.50468e+01 | 14  0.07095  1.06877e+02 | 15 -0.01669  1.78268e+01
 16 -0.03941  5.12357e+00 | 17 -0.04604 -6.81269e+01 | 18  0.02684 -4.02616e+01
 19  0.05379  4.82671e+01 | 20 -0.04942  2.66172e+01 | 21 -0.13318 -4.89505e+01
 22 -0.02714  3.36478e+01 | 23  0.01124 -2.99811e-02 | 24  0.00563  3.28197e+01
 25 -0.01232  8.95928e+00 | 26  0.04608  1.01558e+02 | 27  0.04451  1.36274e+02
 28  0.01500  8.63138e+01 | 29 -0.01083 -5.09219e+01 | 30  0.00631 -5.92430e+01
 31  0.03117 -7.02209e+01 | 32  0.07427 -1.02672e+01 | 33  0.00831 -3.34877e+01
 34 -0.03065 -7.85980e+01 | 35  0.01444 -1.21083e+02 | 36 -0.02343 -3.43874e+01
 37  0.27335  5.25957e+02 | 38  0.27392 -7.23609e+02 | 39  0.27278  5.57808e+02
 40  0.25071 -5.98375e+02 | 41 -0.45567  2.44542e+02 | 42 -0.65981 -1.35723e+02
 43  0.54329 -2.49163e+01 | 44 -0.11885  1.42683e+02 | 45  0.48093  7.19927e+01
 46 -0.39438  2.90012e+02 | 47  0.22582  6.62840e+01 | 48 -0.47174  1.24810e+02
 49  0.19619  8.14544e+01 | 50  0.20135  3.66761e+02 | 51 -0.28677 -7.17558e+01
 52 -0.50907 -8.59590e+01 |
52 variables; iteration 60; function evaluation 85; phase 3
Function value 2.1187024e+03; maximum gradient component mag 9.6346e+02
Var    Value     Gradient |Var    Value     Gradient |Var    Value     Gradient
  1  0.03548  6.83916e+02 |  2  0.02417  2.27865e+01 |  3  0.07177  3.94460e+01
  4  0.00986  8.56653e+00 |  5 -0.11451 -7.26564e+00 |  6 -0.00438  1.10488e+01
  7 -0.10682 -1.89329e+01 |  8 -0.07049 -9.78412e+00 |  9 -0.00824 -2.44301e+01
 10  0.11065  8.28495e+01 | 11 -0.01231  4.55466e+01 | 12 -0.00695 -5.37724e+00
 13  0.03365  1.81330e+01 | 14  0.07064 -1.02632e+01 | 15  0.00809  3.51580e+01
 16 -0.06399 -6.78333e+01 | 17 -0.01026  2.11575e+01 | 18  0.02274  1.66444e+00
 19  0.04709 -1.47771e+01 | 20 -0.06141 -5.99037e+01 | 21 -0.14991 -4.11817e+01
 22 -0.05599 -5.32388e+01 | 23  0.03342 -3.85694e+01 | 24  0.00027 -1.38381e+01
 25 -0.00037  3.01075e+01 | 26  0.04376 -1.33152e+02 | 27  0.03690  6.58971e+01
 28  0.01437  7.06526e+01 | 29 -0.00984  3.95253e+01 | 30  0.00770  6.70194e+01
 31  0.03191  1.61950e+01 | 32  0.06553 -4.65184e+01 | 33  0.01821 -1.54962e+01
 34 -0.01580 -8.20900e+01 | 35  0.02991  5.60894e+01 | 36  0.00850 -3.31927e-01
 37  0.27943  9.63461e+02 | 38  0.28151  2.33737e+02 | 39  0.25964 -3.87525e+02
 40  0.26325  4.56592e+02 | 41 -0.36029 -6.82543e+01 | 42 -0.65658 -5.28634e+00
 43  0.44529 -9.12164e+01 | 44 -0.28986  2.03677e+02 | 45  0.39533 -5.05865e+01
 46 -0.45525 -7.80672e+01 | 47  0.22600  6.11279e+00 | 48 -0.47925 -6.94061e+01
 49  0.15790  2.44090e+01 | 50  0.13973 -1.39367e+02 | 51 -0.26062 -6.12486e+00
 52 -0.52573 -7.88639e-01 |
52 variables; iteration 80; function evaluation 106; phase 3
Function value 2.1003407e+03; maximum gradient component mag 4.3170e-02
Var    Value     Gradient |Var    Value     Gradient |Var    Value     Gradient
  1  0.03310  4.31704e-02 |  2  0.00822 -3.84937e-04 |  3  0.05129  3.40189e-04
  4 -0.01300 -4.18111e-04 |  5 -0.13640 -6.84669e-04 |  6 -0.02237 -4.90326e-04
  7 -0.11848 -7.16514e-04 |  8 -0.07252 -8.83461e-04 |  9  0.00827 -5.03195e-04
 10  0.10580 -5.57406e-05 | 11 -0.02187 -6.33668e-04 | 12 -0.00368  1.89943e-04
 13  0.03670  6.09611e-04 | 14  0.07728  2.98810e-04 | 15 -0.00508  2.11744e-04
 16 -0.03261  4.98228e-04 | 17 -0.01463  8.49603e-05 | 18  0.02651 -3.20342e-04
 19  0.05064 -9.58415e-04 | 20 -0.05078 -6.52467e-04 | 21 -0.13295 -3.43995e-04
 22 -0.04025 -1.05015e-04 | 23  0.03606  6.13017e-04 | 24  0.00014  5.57164e-05
 25 -0.01489  3.09014e-04 | 26  0.06186  1.64127e-03 | 27  0.03997  1.04509e-03
 28  0.01694  8.81877e-04 | 29 -0.00682  1.90093e-04 | 30  0.00929  2.26916e-04
 31  0.03637 -2.87942e-04 | 32  0.07542 -2.34550e-04 | 33  0.01967  6.35737e-04
 34 -0.00210  6.08983e-04 | 35  0.03025  4.79255e-04 | 36 -0.00405 -8.03412e-04
 37  0.27416  4.79443e-03 | 38  0.28510  1.47594e-03 | 39  0.26647  1.27636e-03
 40  0.26057  2.83798e-03 | 41 -0.32741  1.03365e-02 | 42 -0.62171 -1.56941e-02
 43  0.40320 -5.84036e-04 | 44 -0.35040 -5.41195e-04 | 45  0.44351  1.27088e-04
 46 -0.43668 -7.07293e-04 | 47  0.22506  9.53885e-04 | 48 -0.47763 -1.29373e-03
 49  0.15076  1.60567e-03 | 50  0.12529  1.96154e-02 | 51 -0.28879 -1.38239e-03
 52 -0.55643 -1.35066e-02 |
52 variables; iteration 100; function evaluation 127; phase 3
Function value 2.1003406e+03; maximum gradient component mag 9.6777e-01
Var    Value     Gradient |Var    Value     Gradient |Var    Value     Gradient
  1  0.03310  9.67770e-01 |  2  0.00822 -5.12867e-03 |  3  0.05129  5.09480e-03
  4 -0.01300 -2.06086e-02 |  5 -0.13640 -1.27027e-02 |  6 -0.02237 -2.12487e-02
  7 -0.11848  3.64226e-03 |  8 -0.07252 -9.12921e-03 |  9  0.00827  1.24219e-02
 10  0.10580  5.18142e-02 | 11 -0.02186  3.14741e-02 | 12 -0.00367  3.80826e-02
 13  0.03671  7.38785e-02 | 14  0.07728  4.15135e-02 | 15 -0.00507  3.93098e-02
 16 -0.03261  1.18418e-02 | 17 -0.01463 -1.72885e-03 | 18  0.02651  2.24420e-02
 19  0.05064 -2.16230e-02 | 20 -0.05078 -9.99865e-03 | 21 -0.13295 -1.96795e-02
 22 -0.04025 -3.43747e-02 | 23  0.03606 -3.92342e-02 | 24  0.00013 -9.17580e-02
 25 -0.01490 -1.20506e-01 | 26  0.06186 -1.22984e-01 | 27  0.03998  1.34021e-01
 28  0.01694  1.32882e-01 | 29 -0.00682  1.66447e-02 | 30  0.00930  3.58273e-03
 31  0.03637 -1.31177e-02 | 32  0.07541 -2.87155e-03 | 33  0.01968  3.77042e-02
 34 -0.00210  9.71422e-03 | 35  0.03026 -1.37999e-03 | 36 -0.00406 -2.53252e-02
 37  0.27416  2.92628e-01 | 38  0.28510  3.29477e-02 | 39  0.26647 -5.71706e-02
 40  0.26057 -9.39660e-02 | 41 -0.28553  4.36505e-01 | 42 -0.63220 -2.73622e-01
 43  0.40321 -4.69262e-02 | 44 -0.35039  8.60499e-02 | 45  0.44352  2.74517e-03
 46 -0.43668 -3.10035e-03 | 47  0.22506 -2.92548e-03 | 48 -0.47763 -2.50531e-02
 49  0.12464  4.83133e-02 | 50  0.09938  6.50916e-01 | 51 -0.28036 -4.60558e-02
 52 -0.54468 -2.17223e-01 |
52 variables; iteration 120; function evaluation 150; phase 3
Function value 2.1003405e+03; maximum gradient component mag -3.6668e-01
Var    Value     Gradient |Var    Value     Gradient |Var    Value     Gradient
  1  0.03310 -3.66678e-01 |  2  0.00822 -1.24553e-03 |  3  0.05129 -2.83339e-03
  4 -0.01299  5.86942e-03 |  5 -0.13640  5.58364e-03 |  6 -0.02237  6.30721e-03
  7 -0.11848  1.30463e-03 |  8 -0.07252  4.60746e-03 |  9  0.00827  3.24550e-04
 10  0.10580 -8.58502e-03 | 11 -0.02187 -1.52103e-03 | 12 -0.00368 -2.85711e-03
 13  0.03670 -5.13789e-03 | 14  0.07728 -1.88532e-02 | 15 -0.00508 -8.89407e-03
 16 -0.03261  5.12838e-04 | 17 -0.01463  6.96381e-03 | 18  0.02651 -2.86408e-03
 19  0.05064  4.44204e-03 | 20 -0.05078  1.20836e-03 | 21 -0.13294  9.67901e-03
 22 -0.04024  7.24789e-03 | 23  0.03605  1.31754e-03 | 24  0.00014  1.33678e-02
 25 -0.01489  2.61347e-02 | 26  0.06186  1.88671e-02 | 27  0.03997 -3.23822e-02
 28  0.01694 -2.83705e-02 | 29 -0.00682  3.78359e-03 | 30  0.00930  1.03045e-02
 31  0.03637  6.07783e-03 | 32  0.07542 -4.44122e-03 | 33  0.01967 -1.84185e-02
 34 -0.00210 -1.35779e-02 | 35  0.03025 -3.00683e-03 | 36 -0.00405  7.05487e-03
 37  0.27416 -7.11898e-02 | 38  0.28510  2.35643e-02 | 39  0.26647  1.75305e-03
 40  0.26057 -3.76552e-02 | 41 -0.19293 -1.16724e-01 | 42 -0.65777  1.22169e-02
 43  0.40320  6.88293e-04 | 44 -0.35040 -1.28127e-03 | 45  0.44351  3.24173e-03
 46 -0.43669 -1.24432e-02 | 47  0.22506 -1.51396e-03 | 48 -0.47763  1.98345e-02
 49  0.06478 -1.41894e-02 | 50  0.03982 -1.61291e-01 | 51 -0.26085  8.88652e-03
 52 -0.51824  6.86356e-03 |
52 variables; iteration 140; function evaluation 174; phase 3
Function value 2.1003404e+03; maximum gradient component mag -5.0500e-02
Var    Value     Gradient |Var    Value     Gradient |Var    Value     Gradient
  1  0.03310 -3.37377e-02 |  2  0.00822 -4.36371e-04 |  3  0.05129  5.23616e-04
  4 -0.01299  1.59292e-03 |  5 -0.13640  8.90564e-04 |  6 -0.02237  1.15274e-03
  7 -0.11848 -2.15236e-03 |  8 -0.07252  2.92332e-04 |  9  0.00827 -3.93436e-04
 10  0.10580 -1.75260e-03 | 11 -0.02187 -1.69992e-03 | 12 -0.00368 -2.40238e-03
 13  0.03670 -4.90861e-03 | 14  0.07728 -5.35508e-04 | 15 -0.00508 -2.55751e-03
 16 -0.03261 -1.92782e-03 | 17 -0.01463 -9.12901e-04 | 18  0.02651  8.18513e-04
 19  0.05064  3.43680e-03 | 20 -0.05078  2.73851e-03 | 21 -0.13294  1.12098e-03
 22 -0.04025  1.59168e-03 | 23  0.03606  4.92891e-03 | 24  0.00014  3.85868e-03
 25 -0.01489  3.86754e-04 | 26  0.06186  8.09607e-03 | 27  0.03997 -6.15346e-03
 28  0.01694 -7.53167e-03 | 29 -0.00682 -3.95191e-04 | 30  0.00929  1.73344e-04
 31  0.03637  4.80417e-04 | 32  0.07542  7.37653e-04 | 33  0.01967 -2.80930e-03
 34 -0.00210 -5.37647e-03 | 35  0.03025 -3.84701e-03 | 36 -0.00405  1.68242e-04
 37  0.27415 -5.05000e-02 | 38  0.28510 -2.79868e-02 | 39  0.26647  5.31804e-03
 40  0.26057  2.72821e-02 | 41 -0.12323  1.54980e-02 | 42 -0.67784  1.18732e-02
 43  0.40320  3.36621e-03 | 44 -0.35040 -3.52854e-03 | 45  0.44350 -4.93786e-03
 46 -0.43669  5.27437e-03 | 47  0.22506 -1.99304e-03 | 48 -0.47763  9.08133e-04
 49  0.01825  1.52799e-03 | 50 -0.00663  2.24120e-02 | 51 -0.24660  1.25980e-03
 52 -0.49941  1.44364e-02 |
52 variables; iteration 160; function evaluation 195; phase 3
Function value 2.1003404e+03; maximum gradient component mag -1.8751e-01
Var    Value     Gradient |Var    Value     Gradient |Var    Value     Gradient
  1  0.03310 -1.07134e-01 |  2  0.00822  6.18283e-03 |  3  0.05129  1.98485e-03
  4 -0.01300 -5.28753e-03 |  5 -0.13640 -2.06861e-03 |  6 -0.02237 -5.50062e-03
  7 -0.11848  1.38217e-02 |  8 -0.07252  1.09608e-03 |  9  0.00827  9.33041e-03
 10  0.10580  1.75210e-02 | 11 -0.02187  1.30138e-02 | 12 -0.00368  1.77034e-02
 13  0.03670  1.66552e-02 | 14  0.07728  1.44469e-02 | 15 -0.00507  2.48014e-02
 16 -0.03261  1.35772e-02 | 17 -0.01463  1.50483e-03 | 18  0.02651 -6.68327e-04
 19  0.05064 -3.36322e-02 | 20 -0.05078 -1.01984e-02 | 21 -0.13295 -1.59705e-02
 22 -0.04025 -2.17206e-02 | 23  0.03606 -4.02853e-02 | 24  0.00014 -5.48591e-02
 25 -0.01489 -6.01705e-02 | 26  0.06186 -8.86444e-02 | 27  0.03997  5.75137e-02
 28  0.01694  6.30626e-02 | 29 -0.00682 -5.56665e-03 | 30  0.00929 -1.41586e-02
 31  0.03637 -1.54334e-02 | 32  0.07541 -5.93375e-03 | 33  0.01967  3.95218e-02
 34 -0.00210  5.47483e-02 | 35  0.03026  4.22552e-02 | 36 -0.00405 -4.58649e-04
 37  0.27416  1.36754e-01 | 38  0.28510 -1.87508e-01 | 39  0.26647 -3.90299e-02
 40  0.26057 -1.35287e-01 | 41 -0.10565  1.22508e-01 | 42 -0.68085 -1.38059e-01
 43  0.40320 -2.58847e-02 | 44 -0.35040  2.86926e-02 | 45  0.44351  2.68227e-03
 46 -0.43668  3.66191e-02 | 47  0.22506  3.52024e-03 | 48 -0.47763 -5.13745e-02
 49  0.00635  1.12175e-02 | 50 -0.01852  1.70102e-01 | 51 -0.24455 -1.69010e-02
 52 -0.49672 -1.40228e-01 |
52 variables; iteration 180; function evaluation 217; phase 3
Function value 2.1003404e+03; maximum gradient component mag 1.5039e-01
Var    Value     Gradient |Var    Value     Gradient |Var    Value     Gradient
  1  0.03310  1.50390e-01 |  2  0.00822 -3.26106e-03 |  3  0.05129 -1.19728e-03
  4 -0.01299  3.39588e-04 |  5 -0.13640 -1.20368e-03 |  6 -0.02236  2.81256e-04
  7 -0.11848 -5.09114e-03 |  8 -0.07252 -1.98721e-03 |  9  0.00827 -4.34100e-03
 10  0.10580 -5.28850e-03 | 11 -0.02187 -4.96342e-03 | 12 -0.00368 -6.23315e-03
 13  0.03670 -5.68436e-03 | 14  0.07728 -4.05440e-03 | 15 -0.00508 -8.73747e-03
 16 -0.03261 -6.80726e-03 | 17 -0.01463 -4.06827e-03 | 18  0.02651  9.33873e-04
 19  0.05064  1.32224e-02 | 20 -0.05078  2.05422e-03 | 21 -0.13294  3.29547e-03
 22 -0.04024  4.37503e-03 | 23  0.03606  9.17289e-03 | 24  0.00014  1.36737e-02
 25 -0.01489  1.79692e-02 | 26  0.06186  2.83553e-02 | 27  0.03997 -8.79950e-03
 28  0.01694 -1.05924e-02 | 29 -0.00682  2.50543e-03 | 30  0.00929  5.33187e-03
 31  0.03637  5.68855e-03 | 32  0.07542  5.29762e-03 | 33  0.01967 -8.69914e-03
 34 -0.00210 -1.52997e-02 | 35  0.03025 -1.12552e-02 | 36 -0.00405 -1.09170e-03
 37  0.27416 -3.38244e-03 | 38  0.28510  8.35168e-02 | 39  0.26647  1.42333e-02
 40  0.26057  6.19644e-02 | 41 -0.04830 -4.57763e-02 | 42 -0.66321  1.05194e-01
 43  0.40320  8.74060e-03 | 44 -0.35040 -8.31371e-03 | 45  0.44352  4.12569e-04
 46 -0.43668 -1.64873e-02 | 47  0.22506  4.05712e-03 | 48 -0.47763  1.35797e-02
 49 -0.03278 -2.35684e-03 | 50 -0.05772 -6.42515e-02 | 51 -0.25689  7.03766e-03
 52 -0.51297  1.06016e-01 |
52 variables; iteration 200; function evaluation 239; phase 3
Function value 2.1003404e+03; maximum gradient component mag -8.3480e-02
Var    Value     Gradient |Var    Value     Gradient |Var    Value     Gradient
  1  0.03310 -8.34802e-02 |  2  0.00822  1.35718e-04 |  3  0.05129  4.58851e-04
  4 -0.01299  1.54576e-03 |  5 -0.13640  1.63877e-03 |  6 -0.02237  1.67694e-03
  7 -0.11848  2.03529e-04 |  8 -0.07252  1.08818e-03 |  9  0.00827  2.69755e-04
 10  0.10580 -1.00425e-03 | 11 -0.02187  6.52611e-06 | 12 -0.00368 -1.55006e-04
 13  0.03670 -2.39207e-04 | 14  0.07728 -3.72492e-03 | 15 -0.00508 -1.84089e-03
 16 -0.03261 -9.04354e-04 | 17 -0.01463  6.98581e-04 | 18  0.02651 -4.02597e-04
 19  0.05064  3.14702e-04 | 20 -0.05078  2.14104e-04 | 21 -0.13295  1.76531e-03
 22 -0.04025  1.43327e-03 | 23  0.03606  2.07806e-03 | 24  0.00014  3.30816e-03
 25 -0.01489  4.59445e-03 | 26  0.06186  2.94715e-03 | 27  0.03997 -5.72275e-03
 28  0.01694 -5.28343e-03 | 29 -0.00682 -1.02304e-03 | 30  0.00929 -5.31330e-04
 31  0.03637 -1.30362e-04 | 32  0.07542 -6.69751e-04 | 33  0.01967 -9.94488e-04
 34 -0.00210 -2.24600e-03 | 35  0.03025 -3.25272e-03 | 36 -0.00405  1.32513e-03
 37  0.27416 -2.78733e-02 | 38  0.28510  5.98985e-03 | 39  0.26647 -8.56951e-04
 40  0.26057 -4.40486e-03 | 41 -0.02177 -3.06344e-02 | 42 -0.65457  1.18437e-02
 43  0.40320  5.79027e-03 | 44 -0.35040 -2.72038e-03 | 45  0.44351  4.99407e-04
 46 -0.43669 -3.46675e-03 | 47  0.22506 -6.54291e-04 | 48 -0.47763  3.13457e-03
 49 -0.05104 -2.30117e-03 | 50 -0.07604 -4.24485e-02 | 51 -0.26321  1.51420e-03
 52 -0.52139  1.16676e-02 |
52 variables; iteration 220; function evaluation 260; phase 3
Function value 2.1003404e+03; maximum gradient component mag 9.6752e-03
Var    Value     Gradient |Var    Value     Gradient |Var    Value     Gradient
  1  0.03310 -8.40512e-03 |  2  0.00822  1.69530e-04 |  3  0.05129 -1.04269e-05
  4 -0.01300 -4.08957e-05 |  5 -0.13640  5.19690e-05 |  6 -0.02237 -1.16533e-05
  7 -0.11848  3.50141e-04 |  8 -0.07252  1.27568e-04 |  9  0.00827  2.04852e-04
 10  0.10580  2.81093e-04 | 11 -0.02187  2.50766e-04 | 12 -0.00368  2.85792e-04
 13  0.03670  2.40746e-04 | 14  0.07728 -7.73736e-05 | 15 -0.00508  1.35249e-04
 16 -0.03261 -1.41652e-05 | 17 -0.01463 -1.08915e-04 | 18  0.02651  7.00301e-05
 19  0.05064 -2.42304e-04 | 20 -0.05078 -1.30489e-04 | 21 -0.13295 -2.61973e-04
 22 -0.04025 -2.93148e-04 | 23  0.03606 -5.28143e-04 | 24  0.00014 -6.37032e-04
 25 -0.01489 -5.98155e-04 | 26  0.06186 -1.08088e-03 | 27  0.03997  6.75494e-04
 28  0.01694  6.18683e-04 | 29 -0.00682 -1.18524e-04 | 30  0.00929 -1.77482e-04
 31  0.03637 -1.17157e-04 | 32  0.07542 -1.32331e-04 | 33  0.01967  3.09678e-04
 34 -0.00210  7.06287e-04 | 35  0.03025  8.31210e-04 | 36 -0.00405  2.77009e-04
 37  0.27416  5.00897e-03 | 38  0.28510 -3.42394e-04 | 39  0.26647 -3.89045e-04
 40  0.26057 -1.12328e-03 | 41 -0.06041 -6.40050e-03 | 42 -0.64308  9.67516e-03
 43  0.40320 -6.53118e-04 | 44 -0.35040  4.16115e-04 | 45  0.44351  1.97770e-04
 46 -0.43668  2.15657e-04 | 47  0.22506  4.62232e-05 | 48 -0.47763 -4.92103e-04
 49 -0.02448 -3.41938e-04 | 50 -0.04940 -8.91184e-03 | 51 -0.27186  3.09349e-04
 52 -0.53307  9.31500e-03 |
52 variables; iteration 240; function evaluation 281; phase 3
Function value 2.1003404e+03; maximum gradient component mag -6.8826e-02
Var    Value     Gradient |Var    Value     Gradient |Var    Value     Gradient
  1  0.03310 -6.88262e-02 |  2  0.00822  6.21842e-04 |  3  0.05129  5.41838e-04
  4 -0.01300  1.07243e-03 |  5 -0.13640  1.09683e-03 |  6 -0.02237  8.95372e-04
  7 -0.11848  2.16273e-04 |  8 -0.07252  8.60050e-04 |  9  0.00827  4.12748e-04
 10  0.10580 -9.54829e-04 | 11 -0.02187 -6.73491e-05 | 12 -0.00368 -7.19518e-05
 13  0.03670 -6.40347e-04 | 14  0.07728 -1.44837e-03 | 15 -0.00508 -3.14547e-04
 16 -0.03261  3.58787e-04 | 17 -0.01463  1.06424e-03 | 18  0.02651 -9.61958e-05
 19  0.05064  2.13642e-04 | 20 -0.05078  8.00704e-04 | 21 -0.13295  1.00890e-03
 22 -0.04025  9.99462e-04 | 23  0.03606  1.30626e-03 | 24  0.00014  1.78115e-03
 25 -0.01489  1.46154e-03 | 26  0.06186  1.54121e-03 | 27  0.03997 -4.78705e-03
 28  0.01694 -4.67418e-03 | 29 -0.00682 -6.40020e-04 | 30  0.00929 -2.97164e-04
 31  0.03637 -1.81178e-04 | 32  0.07542 -1.28180e-03 | 33  0.01967 -2.42131e-03
 34 -0.00210 -1.66127e-03 | 35  0.03025 -9.92183e-04 | 36 -0.00405  9.22188e-04
 37  0.27416 -2.38453e-02 | 38  0.28510 -9.01178e-03 | 39  0.26647  1.37308e-04
 40  0.26057 -4.62019e-03 | 41 -0.05189 -8.51645e-03 | 42 -0.64094 -6.58205e-03
 43  0.40320  1.67671e-03 | 44 -0.35040 -9.08944e-04 | 45  0.44351 -6.68568e-04
 46 -0.43669  1.04590e-03 | 47  0.22506 -1.32611e-03 | 48 -0.47763  1.83342e-03
 49 -0.03032 -1.28351e-03 | 50 -0.05526 -1.11515e-02 | 51 -0.27350  6.00517e-04
 52 -0.53532 -6.54262e-03 |
52 variables; iteration 260; function evaluation 304; phase 3
Function value 2.1003404e+03; maximum gradient component mag -1.9121e-04
Var    Value     Gradient |Var    Value     Gradient |Var    Value     Gradient
  1  0.03310 -1.91208e-04 |  2  0.00822  2.57847e-06 |  3  0.05129  9.42459e-07
  4 -0.01300  1.60079e-06 |  5 -0.13640  2.10094e-06 |  6 -0.02237  8.89332e-07
  7 -0.11848  2.52365e-06 |  8 -0.07252  2.36532e-06 |  9  0.00827  2.53497e-06
 10  0.10580  7.42994e-07 | 11 -0.02187  1.42303e-06 | 12 -0.00368  1.74160e-06
 13  0.03670 -2.57473e-06 | 14  0.07728  6.88706e-08 | 15 -0.00508 -8.51786e-08
 16 -0.03261 -1.75801e-06 | 17 -0.01463 -2.40334e-06 | 18  0.02651  1.00885e-06
 19  0.05064 -1.43008e-06 | 20 -0.05078  9.93744e-07 | 21 -0.13295 -2.45685e-06
 22 -0.04025 -2.26561e-06 | 23  0.03606 -2.39552e-06 | 24  0.00014 -5.36554e-06
 25 -0.01489 -1.01730e-05 | 26  0.06186 -7.49066e-06 | 27  0.03997  4.03136e-07
 28  0.01694 -6.72113e-07 | 29 -0.00682 -1.07072e-06 | 30  0.00929 -1.20550e-06
 31  0.03637 -6.07316e-07 | 32  0.07542 -1.08019e-06 | 33  0.01967 -1.30688e-07
 34 -0.00210  3.77512e-06 | 35  0.03025  6.78281e-06 | 36 -0.00405  3.83116e-06
 37  0.27416 -9.52073e-06 | 38  0.28510 -5.49846e-05 | 39  0.26647  5.35363e-07
 40  0.26057  8.23078e-06 | 41 -0.05542 -5.27934e-05 | 42 -0.63790  1.28348e-04
 43  0.40320 -4.71307e-06 | 44 -0.35040  1.70033e-06 | 45  0.44351 -3.99291e-06
 46 -0.43668  1.19200e-05 | 47  0.22506 -1.02115e-06 | 48 -0.47763 -6.19634e-06
 49 -0.02790 -2.82199e-06 | 50 -0.05283 -7.38169e-05 | 51 -0.27587  4.89570e-06
 52 -0.53854  1.16899e-04 |

 - final statistics:
52 variables; iteration 262; function evaluation 306
Function value 2.1003e+03; maximum gradient component mag -2.5132e-05
Exit code = 1;  converg criter 1.0000e-04
Var    Value     Gradient |Var    Value     Gradient |Var    Value     Gradient
  1  0.03310 -2.51317e-05 |  2  0.00822  1.67198e-07 |  3  0.05129  1.87778e-07
  4 -0.01300  4.15624e-07 |  5 -0.13640  4.35573e-07 |  6 -0.02237  4.12869e-07
  7 -0.11848  8.02550e-08 |  8 -0.07252  3.39617e-07 |  9  0.00827  9.53851e-08
 10  0.10580 -3.16624e-07 | 11 -0.02187 -1.61602e-08 | 12 -0.00368 -1.00305e-07
 13  0.03670 -1.30332e-07 | 14  0.07728 -8.90859e-07 | 15 -0.00508 -5.01160e-07
 16 -0.03261 -2.32636e-07 | 17 -0.01463  1.36523e-07 | 18  0.02651 -1.42131e-07
 19  0.05064  2.40655e-07 | 20 -0.05078  1.39883e-07 | 21 -0.13295  4.80906e-07
 22 -0.04025  4.69599e-07 | 23  0.03606  5.51015e-07 | 24  0.00014  1.00236e-06
 25 -0.01489  1.36357e-06 | 26  0.06186  1.05327e-06 | 27  0.03997 -1.97521e-06
 28  0.01694 -1.86257e-06 | 29 -0.00682 -1.85458e-07 | 30  0.00929  5.32392e-08
 31  0.03637  1.51234e-07 | 32  0.07542 -2.39825e-07 | 33  0.01967 -8.10432e-07
 34 -0.00210 -8.41194e-07 | 35  0.03025 -7.06196e-07 | 36 -0.00405  4.72007e-07
 37  0.27416 -6.64148e-06 | 38  0.28510  2.06032e-06 | 39  0.26647  3.79721e-08
 40  0.26057 -9.31295e-07 | 41 -0.05540 -1.10539e-05 | 42 -0.63789  6.93094e-06
 43  0.40320  1.20250e-06 | 44 -0.35040 -6.75442e-07 | 45  0.44351  1.11458e-07
 46 -0.43668 -8.01134e-07 | 47  0.22506 -2.62859e-07 | 48 -0.47763  1.20004e-06
 49 -0.02791 -9.04721e-07 | 50 -0.05284 -1.51818e-05 | 51 -0.27587  6.39511e-07
 52 -0.53855  6.04391e-06 |
Estimating row 1 out of 52 for hessian
Estimating row 2 out of 52 for hessian
Estimating row 3 out of 52 for hessian
Estimating row 4 out of 52 for hessian
Estimating row 5 out of 52 for hessian
Estimating row 6 out of 52 for hessian
Estimating row 7 out of 52 for hessian
Estimating row 8 out of 52 for hessian
Estimating row 9 out of 52 for hessian
Estimating row 10 out of 52 for hessian
Estimating row 11 out of 52 for hessian
Estimating row 12 out of 52 for hessian
Estimating row 13 out of 52 for hessian
Estimating row 14 out of 52 for hessian
Estimating row 15 out of 52 for hessian
Estimating row 16 out of 52 for hessian
Estimating row 17 out of 52 for hessian
Estimating row 18 out of 52 for hessian
Estimating row 19 out of 52 for hessian
Estimating row 20 out of 52 for hessian
Estimating row 21 out of 52 for hessian
Estimating row 22 out of 52 for hessian
Estimating row 23 out of 52 for hessian
Estimating row 24 out of 52 for hessian
Estimating row 25 out of 52 for hessian
Estimating row 26 out of 52 for hessian
Estimating row 27 out of 52 for hessian
Estimating row 28 out of 52 for hessian
Estimating row 29 out of 52 for hessian
Estimating row 30 out of 52 for hessian
Estimating row 31 out of 52 for hessian
Estimating row 32 out of 52 for hessian
Estimating row 33 out of 52 for hessian
Estimating row 34 out of 52 for hessian
Estimating row 35 out of 52 for hessian
Estimating row 36 out of 52 for hessian
Estimating row 37 out of 52 for hessian
Estimating row 38 out of 52 for hessian
Estimating row 39 out of 52 for hessian
Estimating row 40 out of 52 for hessian
Estimating row 41 out of 52 for hessian
Estimating row 42 out of 52 for hessian
Estimating row 43 out of 52 for hessian
Estimating row 44 out of 52 for hessian
Estimating row 45 out of 52 for hessian
Estimating row 46 out of 52 for hessian
Estimating row 47 out of 52 for hessian
Estimating row 48 out of 52 for hessian
Estimating row 49 out of 52 for hessian
Estimating row 50 out of 52 for hessian
Estimating row 51 out of 52 for hessian
Estimating row 52 out of 52 for hessian
size of file gradfil1.tmp = 0
size of file gradfil2.tmp = 0
size of file varssave.tmp = 0
size of file cmpdiff.tmp = 0
