
Initial statistics: 36 variables; iteration 0; function evaluation 0; phase 1
Function value 1.4875749e+04; maximum gradient component mag 2.5460e+04
Var    Value     Gradient |Var    Value     Gradient |Var    Value     Gradient
  1  0.06238  2.54603e+04 |  2 -0.04544 -4.18081e+02 |  3  0.06874 -1.58747e+02
  4 -0.02988 -4.16573e+02 |  5 -0.17417 -4.02391e+02 |  6  0.00842 -2.28320e+02
  7 -0.10765 -3.97493e+02 |  8 -0.02787 -4.39290e+02 |  9 -0.00745 -2.75164e+02
 10  0.12603 -4.28203e+02 | 11 -0.03144 -4.01822e+02 | 12  0.02973 -4.45653e+02
 13  0.07904 -4.19577e+02 | 14  0.10108 -2.81638e+02 | 15  0.05014 -9.23925e+01
 16 -0.07175 -8.67888e+02 | 17 -0.06503 -3.91570e+02 | 18  0.08071 -7.77193e+02
 19  0.03173 -6.42100e+02 | 20 -0.01434 -3.84170e+02 | 21 -0.18648 -7.11920e+02
 22 -0.05447 -4.14662e+02 | 23 -0.01068 -1.93320e+02 | 24  0.02225 -3.25493e+02
 25 -0.04716 -4.55424e+02 | 26  0.05967 -1.37366e+02 | 27  0.06653  1.49369e+03
 28  0.00482  9.34201e+02 | 29 -0.00278  1.06154e+03 | 30  0.05436 -3.15964e+02
 31  0.01144  1.13187e+03 | 32  0.03347  7.28916e+02 | 33  0.05337  1.19011e+03
 34  0.00737  1.34783e+03 | 35 -0.01210  1.09204e+03 | 36 -0.00376  1.52034e+03

Intermediate statistics: 36 variables; iteration 20; function evaluation 28; phase 1
Function value 1.3780553e+04; maximum gradient component mag 2.2035e+04
Var    Value     Gradient |Var    Value     Gradient |Var    Value     Gradient
  1  0.06629  2.20354e+04 |  2  0.00037 -1.27253e+02 |  3 -0.02624 -7.32764e-01
  4 -0.20050 -3.96438e+02 |  5 -0.48932 -2.89070e+02 |  6 -0.10072 -2.74090e+02
  7 -0.18033 -2.37588e+02 |  8 -0.03145 -3.08222e+02 |  9 -0.08878 -2.68958e+02
 10  0.35140 -1.38814e+02 | 11  0.12611 -1.63372e+02 | 12  0.25458 -2.59986e+02
 13  0.20859 -1.94708e+02 | 14  0.29234  7.12682e+01 | 15  0.18867  2.94102e+01
 16  0.17310 -3.54365e+02 | 17  0.10228 -1.28246e+02 | 18  0.19590 -3.98430e+02
 19  0.17202 -2.69730e+02 | 20  0.04577 -2.17213e+02 | 21  0.06829 -1.49981e+02
 22 -0.05859 -3.80738e+02 | 23 -0.04812 -2.61204e+02 | 24  0.05835 -2.04112e+02
 25  0.19243  9.48402e+01 | 26 -0.37658 -5.18980e+02 | 27  0.01195  1.32336e+03
 28 -0.00105  1.15215e+03 | 29 -0.18276  3.83750e+02 | 30 -0.01851 -5.52682e+02
 31 -0.09123  7.80200e+02 | 32  0.03543  6.97178e+02 | 33  0.01090  9.58134e+02
 34 -0.08401  9.99432e+02 | 35 -0.06076  1.05810e+03 | 36 -0.46814  4.05877e+02
36 variables; iteration 40; function evaluation 58; phase 1
Function value 1.3081227e+04; maximum gradient component mag 4.7466e+03
Var    Value     Gradient |Var    Value     Gradient |Var    Value     Gradient
  1  0.04130  4.74660e+03 |  2  0.11913  2.01668e+02 |  3 -0.10489 -1.04149e+02
  4  0.00405 -3.25828e+00 |  5 -0.12244 -2.37801e+01 |  6  0.00091  1.81152e+01
  7 -0.00703  5.29191e+01 |  8  0.13222  9.01001e+01 |  9 -0.25330 -1.01030e+02
 10  0.08687 -2.09266e+02 | 11  0.01128  1.51940e+01 | 12 -0.04280 -1.36447e+02
 13  0.16432 -2.65212e+01 | 14  0.18728  9.00978e+01 | 15  0.05163 -4.61141e+01
 16  0.16622 -5.10087e+01 | 17  0.10822  1.78118e+02 | 18  0.17457 -3.29214e+02
 19  0.16071 -1.35964e+02 | 20  0.06650  1.87793e+01 | 21  0.11339  1.61092e+02
 22 -0.10035 -3.24143e+02 | 23 -0.06725 -1.33808e+02 | 24  0.06258 -6.76193e+01
 25  0.01293 -1.79405e+02 | 26  0.11990 -2.27990e+02 | 27 -0.02006  7.41480e+02
 28 -0.01087  2.26646e+02 | 29 -0.14718  2.46692e+02 | 30  0.08795 -1.97722e+02
 31 -0.27789  1.59148e+02 | 32  0.04948 -5.82925e+01 | 33 -0.00715  3.53574e+02
 34 -0.07711  5.68926e+02 | 35 -0.02448  9.20918e+02 | 36 -0.69720  1.22606e+02
36 variables; iteration 60; function evaluation 81; phase 1
Function value 1.2583164e+04; maximum gradient component mag -4.3468e+01
Var    Value     Gradient |Var    Value     Gradient |Var    Value     Gradient
  1  0.02857 -4.34683e+01 |  2  0.01752 -4.59503e+00 |  3  0.01000 -1.89066e+00
  4 -0.01983 -8.39354e+00 |  5 -0.14677  4.22201e+00 |  6 -0.06472  1.24187e+01
  7 -0.16116  4.65724e+00 |  8  0.01603 -7.87445e-01 |  9 -0.08811 -4.16559e+00
 10  0.24608  5.51370e+00 | 11  0.06879  5.35651e-01 | 12  0.19342  1.36548e+00
 13  0.18031  2.99928e+00 | 14  0.17448 -1.17689e+00 | 15  0.07576 -1.91011e+00
 16  0.18542  1.01836e+01 | 17  0.06441 -5.03890e-01 | 18  0.29087 -2.39331e+00
 19  0.23802 -3.75879e-01 | 20  0.09639 -1.87917e+00 | 21  0.09612  6.70052e+00
 22  0.04511  1.15266e+01 | 23  0.00677 -5.15029e+00 | 24  0.10275  2.06440e+00
 25  0.13024  1.79493e+01 | 26  0.08421 -3.68900e+01 | 27 -0.31915  2.23158e+01
 28  0.08938 -2.26056e+01 | 29 -0.25861 -1.39919e+01 | 30  0.09907 -1.77830e+00
 31 -0.35473 -2.44309e+00 | 32  0.21176  3.16533e+01 | 33 -0.14044  2.74454e+01
 34 -0.57878  1.10576e+01 | 35 -0.03493  6.49958e+00 | 36 -1.08430 -1.21170e+01

 - final statistics:
36 variables; iteration 72; function evaluation 93
Function value 1.2582e+04; maximum gradient component mag -3.5340e+00
Exit code = 1;  converg criter 1.0000e+01
Var    Value     Gradient |Var    Value     Gradient |Var    Value     Gradient
  1  0.02892 -1.88020e+00 |  2  0.01973  4.85974e-01 |  3  0.00936  1.66446e+00
  4 -0.01188  1.32413e+00 |  5 -0.13998  5.24022e-01 |  6 -0.07457 -8.47464e-01
  7 -0.16562  6.99009e-02 |  8  0.02068  7.11308e-01 |  9 -0.07627  5.41016e-02
 10  0.24653 -3.58735e-01 | 11  0.07078 -2.20270e-01 | 12  0.19618 -1.79515e-01
 13  0.18052 -4.33821e-02 | 14  0.17615 -6.83975e-02 | 15  0.07783 -4.58071e-01
 16  0.18397 -1.60813e-01 | 17  0.06558 -1.03000e-01 | 18  0.29217 -2.63282e-01
 19  0.23892 -2.94387e-01 | 20  0.09754 -4.30369e-01 | 21  0.09477  1.50571e-01
 22  0.04208 -2.48387e-01 | 23  0.00946 -1.64441e-01 | 24  0.10070 -9.02759e-01
 25  0.11870 -1.38124e+00 | 26  0.09196 -3.53399e+00 | 27 -0.32814 -1.05143e+00
 28  0.08809 -3.15819e+00 | 29 -0.25243 -2.87221e-01 | 30  0.09838  2.22785e-01
 31 -0.35306 -4.57106e-01 | 32  0.21142  2.68523e-01 | 33 -0.14777  1.52429e+00
 34 -0.59392 -2.50669e-01 | 35 -0.03587  9.86435e-02 | 36 -1.00012 -1.26310e-02

Initial statistics: 46 variables; iteration 0; function evaluation 0; phase 2
Function value 1.2581973e+04; maximum gradient component mag 3.3492e+04
Var    Value     Gradient |Var    Value     Gradient |Var    Value     Gradient
  1  0.02892 -6.83250e+00 |  2  0.01968 -1.22446e+00 |  3  0.00930 -5.54171e-02
  4 -0.01193 -3.85218e-01 |  5 -0.14003 -1.13105e+00 |  6 -0.07462 -2.55148e+00
  7 -0.16567 -1.55547e+00 |  8  0.02062 -9.73078e-01 |  9 -0.07633 -1.61827e+00
 10  0.24647 -1.91970e+00 | 11  0.07073 -1.89787e+00 | 12  0.19612 -1.78397e+00
 13  0.18046 -1.66589e+00 | 14  0.17609 -1.69422e+00 | 15  0.07777 -2.13359e+00
 16  0.18391 -1.77862e+00 | 17  0.06552 -1.78196e+00 | 18  0.29211 -1.78303e+00
 19  0.23886 -1.86872e+00 | 20  0.09748 -2.10521e+00 | 21  0.09471 -1.52617e+00
 22  0.04202 -1.94744e+00 | 23  0.00941 -1.86901e+00 | 24  0.10064 -2.64723e+00
 25  0.11864 -3.25011e+00 | 26  0.09190 -5.53065e+00 | 27 -0.32820 -2.54489e+00
 28  0.08803 -5.42888e+00 | 29 -0.25249 -1.91355e+00 | 30  0.09833 -1.63959e+00
 31 -0.35313 -1.90570e+00 | 32  0.21136 -1.90511e+00 | 33 -0.14783 -1.89384e-01
 34 -0.59401 -1.26433e+00 | 35 -0.03593 -1.94453e+00 | 36 -0.98727  1.49812e+00
 37  0.22385 -1.92806e+04 | 38  0.26087 -5.70353e+03 | 39  0.35688  5.66945e+03
 40  0.51685  3.34921e+04 | 41 -0.09454  3.74799e+03 | 42 -0.88721 -2.61569e+03
 43 -0.04093  4.83165e+03 | 44 -0.08754  6.64312e+02 | 45 -0.46383 -6.24561e+03
 46 -0.46522 -2.18716e+03 |

Intermediate statistics: 46 variables; iteration 20; function evaluation 31; phase 2
Function value 7.1208127e+03; maximum gradient component mag -1.3759e+04
Var    Value     Gradient |Var    Value     Gradient |Var    Value     Gradient
  1  0.10913 -1.20157e+04 |  2 -0.05875  4.62433e+02 |  3  0.00690  4.78198e+02
  4 -0.02253  5.08658e+02 |  5 -0.15333  5.00720e+02 |  6 -0.00893  5.12756e+02
  7 -0.10823  5.11359e+02 |  8 -0.11044  4.67776e+02 |  9  0.01977  5.28941e+02
 10  0.15458  4.37804e+02 | 11 -0.05217  3.17017e+02 | 12  0.03116  3.93755e+02
 13 -0.01980  2.68091e+02 | 14  0.05752  2.73540e+02 | 15 -0.02260  3.28756e+02
 16  0.17642  3.18724e+02 | 17  0.04984  3.44126e+02 | 18  0.21377  1.99662e+02
 19  0.16622  2.31699e+02 | 20  0.00831  2.39842e+02 | 21 -0.01484  2.64898e+02
 22 -0.04827  2.65373e+02 | 23 -0.02939  4.20106e+02 | 24  0.01389  4.46959e+02
 25 -0.06931  2.22847e+02 | 26  0.09011  2.22106e+02 | 27  0.45315  6.51027e+02
 28 -0.17806  2.60258e+02 | 29  0.34524  2.87607e+02 | 30 -1.06372 -3.59843e+01
 31  0.24155  4.77381e+02 | 32  0.06525 -3.52091e+02 | 33  0.15676  1.98171e+02
 34  0.10029  3.20996e+02 | 35  0.22489 -1.51460e+02 | 36 -0.97732  1.08413e+01
 37  0.18869 -1.37587e+04 | 38  0.22941 -2.35285e+03 | 39  0.18595 -2.43287e+02
 40  0.15336 -8.28824e+03 | 41  0.19987 -1.65612e+03 | 42 -0.77796  1.57201e+02
 43  1.97030  3.24371e+00 | 44 -0.36202 -2.13138e+03 | 45  1.16375 -8.30679e+00
 46 -0.50980  2.21283e+02 |
46 variables; iteration 40; function evaluation 57; phase 2
Function value 6.4631690e+03; maximum gradient component mag -6.7751e+03
Var    Value     Gradient |Var    Value     Gradient |Var    Value     Gradient
  1  0.07231 -5.54252e+03 |  2 -0.02430  3.83836e+02 |  3  0.00068  2.92495e+02
  4 -0.10180  2.49743e+02 |  5 -0.32802  2.64787e+02 |  6 -0.15325  1.25463e+02
  7 -0.28035  3.54711e+02 |  8 -0.10886  4.34457e+02 |  9  0.01811  4.05458e+02
 10  0.28580  3.98223e+02 | 11  0.08427  4.76804e+02 | 12  0.17779  4.93386e+02
 13  0.03942  3.29047e+02 | 14  0.10850  3.44266e+02 | 15  0.04205  3.86903e+02
 16  0.17574  2.64709e+02 | 17  0.12015  4.56344e+02 | 18  0.23320  3.24590e+02
 19  0.18709  2.65813e+02 | 20 -0.03266  1.93525e+02 | 21  0.00015  2.60248e+02
 22 -0.06993  2.17682e+02 | 23 -0.05136  2.64245e+02 | 24  0.20936  6.28985e+02
 25  0.02572  3.24864e+02 | 26  0.18414  6.78404e+02 | 27  0.10122  5.74015e+02
 28  0.02882  8.91453e+01 | 29  0.20256  3.42143e+02 | 30 -1.01253 -3.85730e+00
 31  0.09914  4.45100e+02 | 32  0.05348 -1.90677e+02 | 33 -0.00198  2.70435e+01
 34  0.05626  4.91563e+02 | 35  0.22926  5.17685e+02 | 36 -1.38773 -1.56000e+02
 37  0.22776 -6.77514e+03 | 38  0.26877 -1.90365e+02 | 39  0.20019 -3.16072e+02
 40  0.22028 -5.81658e+02 | 41 -0.29771  4.00933e+02 | 42 -0.73242  9.27146e+01
 43  1.95011  5.34927e+01 | 44  0.07523  7.02051e+02 | 45  0.95357  3.10842e+00
 46 -0.46686  9.73678e+01 |
46 variables; iteration 60; function evaluation 84; phase 2
Function value 5.9576552e+03; maximum gradient component mag -2.5553e+03
Var    Value     Gradient |Var    Value     Gradient |Var    Value     Gradient
  1  0.10673 -1.57782e+03 |  2  0.03884  1.28473e+02 |  3  0.09666  7.81738e+01
  4  0.11536  2.07935e+02 |  5 -0.08053  4.96264e+01 |  6  0.07936  9.11596e+01
  7 -0.04719  4.45285e+01 |  8  0.02355  1.34130e+02 |  9  0.06405  1.10127e+02
 10  0.15244  4.98120e+01 | 11 -0.02261  1.51620e+02 | 12  0.05448  5.49511e+01
 13 -0.04498  4.21009e+01 | 14  0.03405  8.82668e+01 | 15 -0.01427  1.61030e+02
 16  0.17356  8.60482e+01 | 17  0.02545  1.34992e+02 | 18  0.17729  7.78266e+01
 19  0.10384 -3.09671e-01 | 20 -0.01768  7.43152e+01 | 21 -0.06682  2.85737e+01
 22 -0.06289  1.38054e+02 | 23 -0.07828 -4.35422e+00 | 24 -0.02147  4.58437e+01
 25 -0.05113  9.73413e+01 | 26  0.01409  8.24321e+01 | 27 -0.03612  1.13147e+02
 28  0.03410  1.76503e+02 | 29  0.01162  2.10764e+02 | 30 -1.92237  9.00640e+01
 31 -0.00655  1.75958e+02 | 32  0.07424 -3.53679e+01 | 33 -0.03693 -7.70860e+01
 34 -0.08106  6.30229e+01 | 35 -0.20554 -4.45294e+02 | 36 -1.73384  1.22787e+02
 37  0.25013  8.60991e+02 | 38  0.24597 -7.35652e+02 | 39  0.21437  2.71565e+02
 40  0.22240 -2.55530e+03 | 41  0.15979 -2.26159e+02 | 42 -0.75431 -6.28367e+01
 43  1.77928 -1.79722e+01 | 44 -0.27215 -3.26429e+02 | 45  0.99050  3.43796e-01
 46 -0.48037 -1.00202e+02 |
Maximum number of function evaluations exceeded

 - final statistics:
46 variables; iteration 77; function evaluation 100
Function value 5.8423e+03; maximum gradient component mag -1.7518e+02
Exit code = 3;  converg criter 1.0000e+01
Var    Value     Gradient |Var    Value     Gradient |Var    Value     Gradient
  1  0.11419 -1.75179e+02 |  2 -0.03569 -6.35310e+00 |  3  0.01528 -9.98783e+00
  4 -0.02054 -9.97088e+00 |  5 -0.14567  5.94808e-01 |  6 -0.01142 -1.40882e+01
  7 -0.10338  2.77480e+00 |  8 -0.07576 -1.52911e-01 |  9  0.00389 -2.65374e+00
 10  0.15196  7.70462e-01 | 11 -0.04928  2.79924e+00 | 12  0.06177  3.24922e-01
 13 -0.01676  3.56039e+00 | 14  0.04202  1.11667e+00 | 15 -0.03023  3.99922e+00
 16  0.18346 -8.07925e-02 | 17  0.02671  2.65712e+00 | 18  0.20178  4.17161e-01
 19  0.15951  1.32170e+00 | 20  0.00680  4.90170e+00 | 21 -0.01306  4.89708e+00
 22 -0.06096  1.39785e+00 | 23 -0.02658  1.69509e-01 | 24  0.01474 -1.52402e-01
 25 -0.03518  2.66841e+00 | 26  0.01689 -6.29620e+00 | 27 -0.04244 -5.95292e-01
 28  0.01306 -9.09876e+00 | 29 -0.02319 -1.44099e+01 | 30 -2.00592 -9.11511e+00
 31 -0.03111 -3.86694e+00 | 32  0.10086 -4.27492e+00 | 33  0.00794  2.16596e+00
 34 -0.08050  1.81421e+00 | 35 -0.00436  3.46179e+00 | 36 -1.79614  7.53179e+00
 37  0.23888  9.21584e+01 | 38  0.24222 -1.54513e+01 | 39  0.19789 -2.40571e+01
 40  0.22189 -5.00636e+01 | 41 -0.06543 -2.84042e+01 | 42 -0.79998  1.85081e+01
 43  1.71476 -7.69682e+00 | 44 -0.10256 -4.94242e+01 | 45  0.79993  7.76940e+00
 46 -0.44028  1.58255e+01 |

Initial statistics: 52 variables; iteration 0; function evaluation 0; phase 3
Function value 5.8422536e+03; maximum gradient component mag -3.4374e+03
Var    Value     Gradient |Var    Value     Gradient |Var    Value     Gradient
  1  0.11419 -1.75179e+02 |  2 -0.03566 -5.24342e+00 |  3  0.01531 -8.87671e+00
  4 -0.02051 -8.86003e+00 |  5 -0.14564  1.67729e+00 |  6 -0.01139 -1.29770e+01
  7 -0.10334  3.87165e+00 |  8 -0.07573  9.50671e-01 |  9  0.00392 -1.54232e+00
 10  0.15199  1.85036e+00 | 11 -0.04925  3.90737e+00 | 12  0.06180  1.43112e+00
 13 -0.01673  4.67145e+00 | 14  0.04205  2.22568e+00 | 15 -0.03020  5.10942e+00
 16  0.18349  9.84797e-01 | 17  0.02674  3.76757e+00 | 18  0.20182  1.47321e+00
 19  0.15954  2.39841e+00 | 20  0.00683  6.01307e+00 | 21 -0.01303  6.00829e+00
 22 -0.06093  2.50420e+00 | 23 -0.02655  1.27998e+00 | 24  0.01477  9.58736e-01
 25 -0.03515  3.77816e+00 | 26  0.01692 -5.18515e+00 | 27 -0.04241  5.13678e-01
 28  0.01309 -7.98754e+00 | 29 -0.02316 -1.32993e+01 | 30  0.00595  1.02265e+01
 31 -0.03107 -2.75683e+00 | 32  0.10089 -3.17737e+00 | 33  0.00797  3.27731e+00
 34 -0.08047  2.91679e+00 | 35 -0.00433  4.57320e+00 | 36 -0.20383 -6.47696e+00
 37  0.23888  9.21584e+01 | 38  0.24222 -1.54513e+01 | 39  0.19789 -2.40571e+01
 40  0.22189 -5.00636e+01 | 41 -0.06543 -2.84042e+01 | 42 -0.79998  1.85081e+01
 43  0.30769 -2.36557e+03 | 44 -0.80278  1.51549e+03 | 45  0.05342 -3.43744e+03
 46 -0.89706  1.00110e+03 | 47  0.21442 -1.20217e+03 | 48 -0.83901  4.25132e+02
 49  0.28524  7.69682e+00 | 50 -0.10256 -4.94242e+01 | 51  0.79993  7.76940e+00
 52 -0.44028  1.58255e+01 |

Intermediate statistics: 52 variables; iteration 20; function evaluation 32; phase 3
Function value 4.0677808e+03; maximum gradient component mag -8.6056e+03
Var    Value     Gradient |Var    Value     Gradient |Var    Value     Gradient
  1  0.10153 -7.50309e+03 |  2 -0.01086  2.91185e+02 |  3  0.06666  2.96662e+02
  4  0.02866  2.98827e+02 |  5 -0.11045  2.84289e+02 |  6  0.04755  3.10683e+02
  7 -0.06156  2.91661e+02 |  8 -0.03880  2.92316e+02 |  9  0.03744  2.92046e+02
 10  0.18273  2.69686e+02 | 11 -0.04841  2.17413e+02 | 12  0.08018  2.61610e+02
 13 -0.00955  1.82776e+02 | 14  0.07033  1.74289e+02 | 15 -0.00146  1.94849e+02
 16  0.03970  2.19925e+02 | 17  0.03207  2.15599e+02 | 18  0.08183  1.36822e+01
 19  0.22696  1.02385e+02 | 20 -0.83842  3.91871e+01 | 21  0.04108  5.17201e+01
 22  0.01303  1.27276e+02 | 23 -0.05195  1.90293e+02 | 24  0.05523  2.60495e+02
 25  0.04265  8.72971e+01 | 26  0.01558 -8.94035e+01 | 27  0.02736  1.15070e+02
 28  0.07299  6.99736e+01 | 29  0.05867  1.45899e+02 | 30 -0.02020 -1.14235e+02
 31  0.04615  1.45166e+02 | 32  0.14523  2.59633e+01 | 33  0.01536  2.57565e+02
 34 -0.08197  1.87644e+02 | 35  0.06761  2.98265e+02 | 36 -0.25770  2.95113e+02
 37  0.19027 -8.60558e+03 | 38  0.15409 -8.55855e+03 | 39  0.20541 -2.25854e+00
 40  0.20698  2.45496e+03 | 41 -0.29264 -5.49097e+02 | 42 -0.94265  4.66066e+01
 43  0.60153 -1.28899e+03 | 44 -0.67333  3.65957e+02 | 45  0.50155 -2.85011e+03
 46 -0.86848  6.21352e+02 | 47  0.54760 -1.98971e+02 | 48 -0.80995  4.64111e+01
 49  0.14391 -2.92152e+01 | 50  0.03510 -8.59904e+02 | 51  0.45266  4.05577e+01
 52 -0.39643  2.77404e+02 |
52 variables; iteration 40; function evaluation 58; phase 3
Function value 3.5931120e+03; maximum gradient component mag -5.3693e+03
Var    Value     Gradient |Var    Value     Gradient |Var    Value     Gradient
  1  0.14205 -5.36925e+03 |  2 -0.10674 -1.05584e+02 |  3  0.14823  4.62910e+01
  4  0.19994  2.81904e+02 |  5 -0.01896  1.56724e+01 |  6  0.06171 -1.56470e+01
  7 -0.01517  7.93775e+01 |  8 -0.08464 -3.29687e+01 |  9 -0.01909  4.16439e+00
 10  0.05753 -1.60699e+02 | 11 -0.04245  2.50043e+01 | 12  0.09164  1.63894e+02
 13 -0.10004 -1.74250e+02 | 14  0.06265 -1.52370e+01 | 15  0.07035  1.16156e+02
 16 -0.14322 -1.59174e+02 | 17  0.05222  6.96717e+01 | 18 -0.08211 -3.61059e+02
 19  0.17260  3.60284e+00 | 20 -0.18037 -1.50824e+02 | 21  0.05412  9.11104e+00
 22 -0.20344 -2.16253e+02 | 23  0.01203  2.03890e+02 | 24 -0.09839 -1.83931e+02
 25 -0.07869 -3.01035e+02 | 26 -0.02058 -3.56168e+02 | 27  0.07414 -1.07811e+00
 28  0.09048 -9.67492e+01 | 29  0.02383 -1.22747e+02 | 30  0.13682  9.22620e+01
 31  0.03242 -1.00425e+02 | 32  0.16111 -1.30907e+02 | 33 -0.18599 -2.19652e+02
 34  0.03530  4.93786e+01 | 35  0.06830 -9.18959e+00 | 36 -0.28586  1.51561e+01
 37  0.18106 -4.49056e+03 | 38  0.15683 -4.41431e+03 | 39  0.19869  5.01601e+02
 40  0.15818 -2.59498e+03 | 41 -0.16219 -3.62477e+02 | 42 -0.72903  2.82966e+02
 43  0.68083 -6.58293e+02 | 44 -0.61631  4.38653e+02 | 45  0.65475 -1.05346e+03
 46 -0.86927  2.12943e+02 | 47  0.71198 -1.53677e+02 | 48 -1.17813 -3.05524e+00
 49 -0.08977 -6.20843e+01 | 50 -0.04480 -4.80925e+02 | 51 -0.17279  3.56203e+01
 52 -0.48167  3.52809e+02 |
52 variables; iteration 60; function evaluation 87; phase 3
Function value 3.1210283e+03; maximum gradient component mag 3.4722e+02
Var    Value     Gradient |Var    Value     Gradient |Var    Value     Gradient
  1  0.14879  1.33122e+02 |  2 -0.05503 -1.21588e+02 |  3  0.02090 -5.94023e+01
  4 -0.01643 -9.72303e+01 |  5 -0.09411 -2.18641e+01 |  6 -0.00653 -5.35156e+01
  7 -0.10157 -7.75623e+01 |  8 -0.10097 -1.05524e+02 |  9 -0.01550 -8.19811e+01
 10  0.12207 -3.74863e+01 | 11 -0.04913 -8.47664e+01 | 12  0.05104 -6.35430e+01
 13  0.02159 -3.17434e+01 | 14  0.05374 -6.04144e+01 | 15  0.01071 -7.60401e+01
 16 -0.07621 -1.46960e+02 | 17  0.01669 -6.62969e+01 | 18  0.11252 -2.09868e+01
 19  0.16446 -6.39080e+01 | 20  0.00398 -7.14952e+01 | 21  0.01357 -5.86150e+01
 22 -0.01869  2.78488e-01 | 23 -0.08641 -1.16936e+02 | 24  0.07365 -2.07438e+01
 25  0.05945 -3.96022e+01 | 26  0.04734 -3.12281e+01 | 27  0.02834 -3.58140e+01
 28  0.05716 -6.82199e+01 | 29  0.03464 -4.31368e+01 | 30  0.05711 -7.43684e+01
 31  0.00820 -1.20424e+02 | 32  0.12702 -4.32272e+01 | 33 -0.04183 -9.85113e+01
 34 -0.06614 -8.88445e+01 | 35  0.01457 -5.82436e+01 | 36 -0.47976 -1.09122e+02
 37  0.18544  3.47220e+02 | 38  0.17516  1.52022e+02 | 39  0.17917 -1.68113e+02
 40  0.17085  2.69402e+01 | 41 -0.09767  2.86667e+01 | 42 -0.70384  3.51468e+01
 43  0.78634 -1.44568e+02 | 44 -0.65652  1.08931e+02 | 45  0.85445 -1.94191e+02
 46 -0.83975  9.53466e+01 | 47  0.80022 -5.97788e+01 | 48 -1.27203 -1.46388e+01
 49 -0.09034  1.96237e+01 | 50 -0.08330  2.21783e+01 | 51 -0.23354  1.17806e+00
 52 -0.50341  4.10978e+01 |
52 variables; iteration 80; function evaluation 107; phase 3
Function value 3.0670160e+03; maximum gradient component mag -2.9221e+01
Var    Value     Gradient |Var    Value     Gradient |Var    Value     Gradient
  1  0.21110 -2.92214e+01 |  2 -0.02005 -3.93683e-01 |  3  0.02464 -1.11803e+00
  4  0.00003 -5.50477e-01 |  5 -0.11608 -4.70396e-01 |  6 -0.00192 -9.75021e-01
  7 -0.08621 -4.52441e-01 |  8 -0.06731 -2.43561e-01 |  9 -0.00484 -6.14523e-01
 10  0.10715 -6.77664e-01 | 11 -0.04688 -1.39355e+00 | 12  0.04118 -1.16374e+00
 13  0.00012 -1.81865e-01 | 14  0.04924 -9.65347e-01 | 15  0.01105 -7.81788e-01
 16 -0.03613 -4.22120e-01 | 17  0.01417 -1.06566e+00 | 18  0.09460 -5.94509e-01
 19  0.15491 -5.30703e-01 | 20 -0.00315 -4.90297e-01 | 21 -0.00090 -3.80968e-01
 22 -0.05499 -8.66555e-01 | 23 -0.07079 -1.12482e+00 | 24  0.03638 -3.30307e-01
 25  0.03714 -9.41794e-01 | 26  0.02557 -1.26685e+00 | 27  0.01506 -8.14704e-01
 28  0.05219 -1.72735e+00 | 29  0.02550 -1.40745e+00 | 30  0.05588 -6.39969e-01
 31  0.02985 -1.23067e+00 | 32  0.11443 -2.45153e+00 | 33 -0.03628 -1.94106e+00
 34 -0.06065 -1.41661e+00 | 35  0.01782 -1.77531e+00 | 36 -0.31215 -6.22330e-01
 37  0.15700 -1.21192e+01 | 38  0.14781  1.91472e-01 | 39  0.15544 -5.16150e+00
 40  0.14210 -2.65535e+01 | 41 -0.34427  2.54964e+00 | 42 -0.69075 -3.36027e+00
 43  1.00405  9.19998e-01 | 44 -0.70941 -5.58163e+00 | 45  1.00286  2.39605e+00
 46 -1.01054 -1.73636e+00 | 47  0.98501 -3.29840e+00 | 48 -1.28474 -1.10728e+00
 49  0.05331 -8.48956e-01 | 50  0.07165  5.14879e+00 | 51 -0.24964 -3.27556e-01
 52 -0.51915 -3.51368e+00 |
52 variables; iteration 100; function evaluation 128; phase 3
Function value 3.0665319e+03; maximum gradient component mag -2.0101e+01
Var    Value     Gradient |Var    Value     Gradient |Var    Value     Gradient
  1  0.36098 -1.14048e+01 |  2 -0.01945 -1.31521e-02 |  3  0.02616 -5.52043e-01
  4  0.00295 -8.68381e-02 |  5 -0.11338 -3.75886e-01 |  6  0.00046 -7.28579e-01
  7 -0.08386 -2.78747e-01 |  8 -0.06647 -1.38007e-01 |  9 -0.00519 -4.00829e-01
 10  0.10630 -4.08789e-01 | 11 -0.04616 -5.22157e-01 | 12  0.04239 -6.19315e-01
 13 -0.00031 -2.91483e-01 | 14  0.04931 -6.55857e-01 | 15  0.01254 -5.42339e-01
 16 -0.03557 -6.50638e-01 | 17  0.01541 -5.63355e-01 | 18  0.09470 -6.33370e-01
 19  0.15439 -7.98736e-01 | 20 -0.00313 -3.29256e-01 | 21 -0.00153 -3.47939e-01
 22 -0.05616 -8.06976e-01 | 23 -0.07272 -4.56479e-01 | 24  0.03317 -5.90662e-01
 25  0.03493 -5.17703e-01 | 26  0.02298 -3.27703e-01 | 27  0.01465 -5.52338e-01
 28  0.05093 -9.14645e-01 | 29  0.02554 -5.17224e-01 | 30  0.05495 -5.49679e-01
 31  0.02980 -4.87405e-01 | 32  0.11282 -8.60587e-01 | 33 -0.03705 -6.65380e-01
 34 -0.06075 -4.31658e-01 | 35  0.01695 -4.27889e-01 | 36 -0.31042 -2.61531e-01
 37  0.09570 -2.01012e+01 | 38  0.08674 -8.78565e+00 | 39  0.09375 -2.06121e+00
 40  0.08116  2.24779e+00 | 41 -0.45096 -1.07218e+00 | 42 -0.69844 -2.07268e-01
 43  1.00099  1.01604e-01 | 44 -0.70330 -7.80810e-01 | 45  0.99950 -3.75975e-01
 46 -0.99281  1.09481e+00 | 47  1.00530  9.04537e-01 | 48 -1.28569 -1.40932e+00
 49  0.10921 -2.48828e-03 | 50  0.12965 -2.00242e+00 | 51 -0.24440 -7.76060e-02
 52 -0.51367 -1.78719e-01 |
52 variables; iteration 120; function evaluation 151; phase 3
Function value 3.0664972e+03; maximum gradient component mag 3.2300e+00
Var    Value     Gradient |Var    Value     Gradient |Var    Value     Gradient
  1  0.43592  2.76915e+00 |  2 -0.01955 -3.93550e-03 |  3  0.02642 -2.76928e-02
  4  0.00320  4.90702e-02 |  5 -0.11304 -2.13179e-02 |  6  0.00092 -2.97784e-02
  7 -0.08356  1.82636e-04 |  8 -0.06641  6.41393e-03 |  9 -0.00514 -1.67438e-02
 10  0.10625  1.62824e-02 | 11 -0.04608 -4.43183e-02 | 12  0.04253 -1.17972e-02
 13 -0.00044  1.73814e-02 | 14  0.04935  4.04171e-02 | 15  0.01270  3.79239e-02
 16 -0.03544 -2.07561e-02 | 17  0.01549  3.87744e-02 | 18  0.09467  1.56498e-02
 19  0.15433  6.29386e-02 | 20 -0.00322  3.08580e-02 | 21 -0.00169  2.78877e-02
 22 -0.05614  4.66941e-02 | 23 -0.07283  1.67940e-02 | 24  0.03299  2.70514e-02
 25  0.03470  8.34412e-02 | 26  0.02270  3.61077e-02 | 27  0.01457  2.18403e-01
 28  0.05091  2.16891e-01 | 29  0.02551  1.72056e-01 | 30  0.05493  1.05930e-01
 31  0.02971  9.35632e-02 | 32  0.11270  1.63701e-01 | 33 -0.03710  5.54887e-02
 34 -0.06082  6.51753e-02 | 35  0.01692  2.15972e-01 | 36 -0.31031  5.10883e-02
 37  0.06853  2.62366e+00 | 38  0.05963  1.78708e+00 | 39  0.06655  8.30719e-01
 40  0.05403  3.22999e+00 | 41 -0.49913 -9.29200e-02 | 42 -0.69865  1.79701e-01
 43  0.99883 -1.26289e-01 | 44 -0.70258 -1.22726e-01 | 45  1.00011  7.89303e-02
 46 -0.99667  2.64742e-01 | 47  1.00114  2.80108e-02 | 48 -1.27670 -1.42070e-01
 49  0.13358 -1.96244e-01 | 50  0.15447  1.71703e-02 | 51 -0.24413  1.05556e-01
 52 -0.51352  1.31921e-01 |
52 variables; iteration 140; function evaluation 175; phase 3
Function value 3.0664892e+03; maximum gradient component mag -2.6082e+00
Var    Value     Gradient |Var    Value     Gradient |Var    Value     Gradient
  1  0.51643 -1.91337e+00 |  2 -0.01951  1.42608e-01 |  3  0.02645  9.54593e-02
  4  0.00326  7.12640e-02 |  5 -0.11292  1.31062e-01 |  6  0.00100  1.00466e-01
  7 -0.08346  1.14235e-01 |  8 -0.06636  1.04876e-01 |  9 -0.00511  1.14558e-01
 10  0.10624  1.12564e-01 | 11 -0.04602  9.00581e-02 | 12  0.04259  7.75553e-02
 13 -0.00041  1.18488e-01 | 14  0.04936  8.73965e-02 | 15  0.01273  3.47079e-02
 16 -0.03540  5.68840e-02 | 17  0.01552  4.73263e-02 | 18  0.09468  3.96841e-02
 19  0.15432  2.69872e-02 | 20 -0.00322  5.51475e-02 | 21 -0.00168  9.34955e-02
 22 -0.05617  8.11974e-02 | 23 -0.07289  1.08179e-01 | 24  0.03290  1.04522e-01
 25  0.03461  5.86494e-02 | 26  0.02265  5.28229e-02 | 27  0.01451 -2.88147e-02
 28  0.05086  2.96585e-02 | 29  0.02549  6.31446e-02 | 30  0.05490 -1.02146e-02
 31  0.02970  4.40287e-02 | 32  0.11266  2.26344e-02 | 33 -0.03714  3.54202e-02
 34 -0.06085  1.64634e-02 | 35  0.01687  2.26286e-02 | 36 -0.31036  9.47125e-02
 37  0.04220 -2.60825e+00 | 38  0.03333 -1.42470e+00 | 39  0.04021 -2.67880e-01
 40  0.02775 -1.75955e+00 | 41 -0.53976 -5.32881e-02 | 42 -0.69822 -9.61993e-03
 43  1.00124  1.37263e-01 | 44 -0.70238  3.67365e-02 | 45  1.00010  7.67239e-02
 46 -0.99820  6.38392e-03 | 47  1.00216  1.56012e-01 | 48 -1.27559  9.64255e-03
 49  0.15312 -2.07297e-02 | 50  0.17419 -8.30657e-02 | 51 -0.24447  1.22721e-02
 52 -0.51396 -1.74167e-02 |
52 variables; iteration 160; function evaluation 198; phase 3
Function value 3.0664871e+03; maximum gradient component mag -3.2636e+00
Var    Value     Gradient |Var    Value     Gradient |Var    Value     Gradient
  1  0.57042 -1.98171e+00 |  2 -0.01952  7.89325e-02 |  3  0.02646  6.16067e-02
  4  0.00329  5.81537e-02 |  5 -0.11292  6.74644e-02 |  6  0.00102  6.14983e-02
  7 -0.08345  7.14150e-02 |  8 -0.06636  6.58344e-02 |  9 -0.00513  6.92917e-02
 10  0.10623  5.59035e-02 | 11 -0.04602  4.60698e-02 | 12  0.04260  4.39826e-02
 13 -0.00042  5.09847e-02 | 14  0.04936  2.66262e-02 | 15  0.01275  1.61122e-02
 16 -0.03539  2.30505e-02 | 17  0.01554  8.71883e-03 | 18  0.09469  8.17767e-03
 19  0.15432 -1.34968e-02 | 20 -0.00321  2.20145e-02 | 21 -0.00169  2.75404e-02
 22 -0.05618  4.14604e-02 | 23 -0.07292  5.03275e-02 | 24  0.03287  4.53306e-02
 25  0.03460  1.53671e-02 | 26  0.02262 -2.03306e-02 | 27  0.01452 -2.61383e-02
 28  0.05084 -4.48204e-02 | 29  0.02548 -1.92744e-03 | 30  0.05490 -3.36666e-02
 31  0.02970 -1.61692e-02 | 32  0.11264 -8.30507e-02 | 33 -0.03714 -4.69070e-04
 34 -0.06084 -1.83926e-02 | 35  0.01686 -4.16386e-02 | 36 -0.31035  5.85352e-02
 37  0.02640 -3.26359e+00 | 38  0.01754 -1.45175e+00 | 39  0.02441 -3.92247e-01
 40  0.01197 -1.92290e+00 | 41 -0.56192  5.42553e-02 | 42 -0.69775 -8.89883e-02
 43  0.99901 -1.00036e-01 | 44 -0.70241  1.08898e-02 | 45  1.00016  1.19507e-01
 46 -0.99883 -3.99793e-02 | 47  1.00116  2.90794e-02 | 48 -1.27585 -2.29136e-02
 49  0.16327 -8.04615e-03 | 50  0.18445  1.37189e-01 | 51 -0.24478 -4.03652e-03
 52 -0.51437 -9.66673e-02 |
52 variables; iteration 180; function evaluation 220; phase 3
Function value 3.0664862e+03; maximum gradient component mag -2.3688e+00
Var    Value     Gradient |Var    Value     Gradient |Var    Value     Gradient
  1  0.60943 -1.40604e+00 |  2 -0.01953  3.42266e-02 |  3  0.02648  3.86229e-02
  4  0.00330  3.58513e-02 |  5 -0.11290  3.74904e-02 |  6  0.00103  3.84975e-02
  7 -0.08344  3.51105e-02 |  8 -0.06636  3.46036e-02 |  9 -0.00513  3.62389e-02
 10  0.10622  2.18446e-02 | 11 -0.04602  3.04331e-02 | 12  0.04261  2.51364e-02
 13 -0.00043  1.33669e-02 | 14  0.04936  5.39889e-03 | 15  0.01277  1.45313e-02
 16 -0.03538  1.59314e-02 | 17  0.01555  1.30708e-03 | 18  0.09469 -9.32196e-03
 19  0.15432 -1.78359e-02 | 20 -0.00321  8.07901e-03 | 21 -0.00170 -3.55960e-03
 22 -0.05619  5.36864e-03 | 23 -0.07293  2.61845e-02 | 24  0.03285  2.16485e-02
 25  0.03458 -1.17534e-02 | 26  0.02261 -3.66574e-02 | 27  0.01452 -4.20633e-02
 28  0.05083 -5.46221e-02 | 29  0.02547 -2.67125e-02 | 30  0.05489 -3.49490e-02
 31  0.02969 -3.53494e-02 | 32  0.11263 -8.79266e-02 | 33 -0.03714 -1.09356e-02
 34 -0.06084 -1.52449e-02 | 35  0.01685 -5.68269e-02 | 36 -0.31036  2.66463e-02
 37  0.01599 -2.36879e+00 | 38  0.00713 -1.11351e+00 | 39  0.01399 -3.56326e-01
 40  0.00156 -1.58447e+00 | 41 -0.57524  1.85094e-02 | 42 -0.69727 -1.75140e-02
 43  1.00001 -7.39844e-03 | 44 -0.70243  7.94448e-04 | 45  1.00003  1.94635e-02
 46 -0.99807  2.15317e-02 | 47  1.00117  2.96505e-02 | 48 -1.27558  9.32778e-03
 49  0.16920  8.66836e-03 | 50  0.19044  4.37649e-02 | 51 -0.24508  4.24527e-04
 52 -0.51479 -1.76715e-02 |
52 variables; iteration 200; function evaluation 243; phase 3
Function value 3.0664856e+03; maximum gradient component mag -2.1745e+00
Var    Value     Gradient |Var    Value     Gradient |Var    Value     Gradient
  1  0.64905 -1.17094e+00 |  2 -0.01952  2.85185e-02 |  3  0.02648  2.88847e-02
  4  0.00331  2.84627e-02 |  5 -0.11290  2.98843e-02 |  6  0.00104  2.87539e-02
  7 -0.08344  2.85697e-02 |  8 -0.06635  2.94383e-02 |  9 -0.00513  2.90403e-02
 10  0.10622  1.34142e-02 | 11 -0.04602  2.27864e-02 | 12  0.04261  1.80947e-02
 13 -0.00043  9.17094e-03 | 14  0.04936 -5.87765e-04 | 15  0.01277  8.27383e-03
 16 -0.03537  1.03324e-02 | 17  0.01555 -3.97278e-03 | 18  0.09469 -1.15159e-02
 19  0.15432 -2.15046e-02 | 20 -0.00321  4.67501e-03 | 21 -0.00170 -6.39370e-03
 22 -0.05620 -1.04349e-03 | 23 -0.07294  1.73204e-02 | 24  0.03285  1.49234e-02
 25  0.03458 -1.40184e-02 | 26  0.02260 -3.10263e-02 | 27  0.01452 -4.00466e-02
 28  0.05083 -5.79588e-02 | 29  0.02547 -2.85330e-02 | 30  0.05489 -3.28926e-02
 31  0.02969 -3.79817e-02 | 32  0.11262 -8.74985e-02 | 33 -0.03715 -1.65450e-02
 34 -0.06084 -1.93453e-02 | 35  0.01685 -5.60535e-02 | 36 -0.31035  2.07136e-02
 37  0.00631 -2.17452e+00 | 38 -0.00255 -1.00620e+00 | 39  0.00431 -3.26878e-01
 40 -0.00812 -1.47217e+00 | 41 -0.58637  1.76560e-02 | 42 -0.69689 -2.00589e-02
 43  1.00024  1.88613e-02 | 44 -0.70243 -3.94799e-03 | 45  1.00007  5.31363e-02
 46 -0.99812  1.53934e-02 | 47  1.00082  9.30790e-03 | 48 -1.27561  5.50074e-03
 49  0.17405  9.14180e-03 | 50  0.19535  4.27620e-02 | 51 -0.24534 -4.78084e-03
 52 -0.51513 -1.67062e-02 |
52 variables; iteration 220; function evaluation 266; phase 3
Function value 3.0664853e+03; maximum gradient component mag -2.3658e-01
Var    Value     Gradient |Var    Value     Gradient |Var    Value     Gradient
  1  0.68048 -1.27975e-01 |  2 -0.01952  5.01066e-04 |  3  0.02648  4.01230e-03
  4  0.00331  2.79975e-03 |  5 -0.11289  3.37767e-03 |  6  0.00104  3.88300e-03
  7 -0.08343  2.54254e-03 |  8 -0.06635  2.28168e-03 |  9 -0.00513  2.91311e-03
 10  0.10622  1.39688e-03 | 11 -0.04602  4.55285e-03 | 12  0.04261  2.23197e-03
 13 -0.00043 -9.28764e-04 | 14  0.04936 -1.89010e-03 | 15  0.01277  7.91342e-04
 16 -0.03537  2.24554e-03 | 17  0.01555  2.93828e-04 | 18  0.09469  6.23697e-04
 19  0.15432 -1.95482e-03 | 20 -0.00321  7.20992e-04 | 21 -0.00171 -1.25409e-03
 22 -0.05620 -2.09930e-03 | 23 -0.07294  8.24612e-04 | 24  0.03284  2.88195e-04
 25  0.03457 -2.95831e-03 | 26  0.02260 -5.41380e-03 | 27  0.01452 -4.74875e-03
 28  0.05083 -1.12347e-02 | 29  0.02547 -5.47888e-03 | 30  0.05489 -4.47936e-03
 31  0.02969 -5.94083e-03 | 32  0.11262 -1.09455e-02 | 33 -0.03715 -2.59280e-04
 34 -0.06084 -2.67810e-03 | 35  0.01685 -8.70260e-03 | 36 -0.31035  6.73597e-04
 37 -0.00071 -2.36584e-01 | 38 -0.00957 -1.05548e-01 | 39 -0.00271 -4.75419e-02
 40 -0.01514 -1.70019e-01 | 41 -0.59294  9.75433e-04 | 42 -0.69679 -5.91987e-03
 43  1.00018  1.35295e-02 | 44 -0.70243  3.68693e-03 | 45  1.00002  1.07186e-02
 46 -0.99806  2.29027e-02 | 47  1.00037 -5.31426e-04 | 48 -1.27561  2.28769e-03
 49  0.17686  6.95363e-03 | 50  0.19819  7.08073e-03 | 51 -0.24540 -1.98422e-03
 52 -0.51522 -2.57307e-03 |
52 variables; iteration 240; function evaluation 288; phase 3
Function value 3.0664851e+03; maximum gradient component mag -7.1030e-01
Var    Value     Gradient |Var    Value     Gradient |Var    Value     Gradient
  1  0.70925 -3.26935e-01 |  2 -0.01952  1.11818e-02 |  3  0.02648  1.22744e-02
  4  0.00331  1.12151e-02 |  5 -0.11289  1.19300e-02 |  6  0.00104  1.20141e-02
  7 -0.08343  1.12999e-02 |  8 -0.06635  1.08508e-02 |  9 -0.00513  1.13580e-02
 10  0.10622  7.15789e-03 | 11 -0.04602  9.88344e-03 | 12  0.04261  8.07836e-03
 13 -0.00043  4.95588e-03 | 14  0.04936  1.89745e-03 | 15  0.01278  4.53360e-03
 16 -0.03537  6.13705e-03 | 17  0.01555  7.29128e-04 | 18  0.09469 -2.20444e-03
 19  0.15432 -5.32723e-03 | 20 -0.00321  2.63032e-03 | 21 -0.00171 -1.24007e-03
 22 -0.05620  2.03761e-03 | 23 -0.07294  8.35947e-03 | 24  0.03284  7.05117e-03
 25  0.03457 -3.79874e-03 | 26  0.02259 -1.05166e-02 | 27  0.01452 -1.28017e-02
 28  0.05083 -1.57203e-02 | 29  0.02547 -7.93743e-03 | 30  0.05489 -1.01807e-02
 31  0.02969 -9.46256e-03 | 32  0.11262 -2.58629e-02 | 33 -0.03715 -2.70590e-03
 34 -0.06084 -3.98211e-03 | 35  0.01685 -1.68168e-02 | 36 -0.31035  8.44901e-03
 37 -0.00661 -7.10303e-01 | 38 -0.01547 -3.34904e-01 | 39 -0.00861 -1.05288e-01
 40 -0.02104 -4.85631e-01 | 41 -0.59687 -5.59630e-03 | 42 -0.69691  1.65989e-03
 43  1.00001 -1.77327e-02 | 44 -0.70243  9.05943e-04 | 45  0.99994 -4.10554e-02
 46 -0.99820  6.59577e-03 | 47  0.99916 -1.01670e-02 | 48 -1.27561  2.88674e-03
 49  0.17853  1.72395e-03 | 50  0.19988 -2.86902e-03 | 51 -0.24532  9.85776e-04
 52 -0.51511  3.91634e-03 |
52 variables; iteration 260; function evaluation 311; phase 3
Function value 3.0664850e+03; maximum gradient component mag -8.9670e-01
Var    Value     Gradient |Var    Value     Gradient |Var    Value     Gradient
  1  0.72961 -3.77520e-01 |  2 -0.01952  1.31299e-02 |  3  0.02648  1.11867e-02
  4  0.00331  1.29616e-02 |  5 -0.11289  1.04703e-02 |  6  0.00104  1.10547e-02
  7 -0.08343  1.18683e-02 |  8 -0.06635  1.21893e-02 |  9 -0.00513  1.13564e-02
 10  0.10622  4.52709e-03 | 11 -0.04602  6.33354e-03 | 12  0.04261  6.46975e-03
 13 -0.00043  4.86270e-03 | 14  0.04936  5.62801e-04 | 15  0.01278  4.00246e-03
 16 -0.03537  4.07586e-03 | 17  0.01555 -2.66697e-03 | 18  0.09469 -7.02769e-03
 19  0.15432 -9.46484e-03 | 20 -0.00321  8.13665e-04 | 21 -0.00171 -4.67418e-03
 22 -0.05620  2.73171e-03 | 23 -0.07294  7.96473e-03 | 24  0.03284  6.66623e-03
 25  0.03457 -5.25406e-03 | 26  0.02259 -1.42356e-02 | 27  0.01452 -1.52386e-02
 28  0.05083 -1.81145e-02 | 29  0.02547 -1.11489e-02 | 30  0.05489 -1.26645e-02
 31  0.02969 -1.28363e-02 | 32  0.11262 -3.63207e-02 | 33 -0.03715 -8.86078e-03
 34 -0.06084 -6.72798e-03 | 35  0.01685 -2.04492e-02 | 36 -0.31035  9.66953e-03
 37 -0.01047 -8.96701e-01 | 38 -0.01933 -4.15257e-01 | 39 -0.01247 -1.18451e-01
 40 -0.02490 -6.02672e-01 | 41 -0.59770 -2.86463e-02 | 42 -0.69738  2.00256e-02
 43  0.99999  1.32475e-02 | 44 -0.70244 -6.35199e-03 | 45  0.99992 -6.17794e-02
 46 -0.99839 -1.25815e-02 | 47  1.00084  1.01113e-02 | 48 -1.27564 -8.80292e-04
 49  0.17888 -8.30006e-03 | 50  0.20023 -4.68953e-02 | 51 -0.24502  2.68316e-03
 52 -0.51470  2.38027e-02 |
52 variables; iteration 280; function evaluation 333; phase 3
Function value 3.0664849e+03; maximum gradient component mag -7.9196e-01
Var    Value     Gradient |Var    Value     Gradient |Var    Value     Gradient
  1  0.75427 -3.06154e-01 |  2 -0.01952  1.01854e-02 |  3  0.02648  1.11081e-02
  4  0.00332  1.14826e-02 |  5 -0.11289  9.25039e-03 |  6  0.00104  1.08431e-02
  7 -0.08343  1.02623e-02 |  8 -0.06635  1.01903e-02 |  9 -0.00513  1.03192e-02
 10  0.10622  4.63846e-03 | 11 -0.04602  7.95715e-03 | 12  0.04261  6.71918e-03
 13 -0.00043  2.84573e-03 | 14  0.04936  2.51613e-04 | 15  0.01278  4.19531e-03
 16 -0.03537  3.85584e-03 | 17  0.01555 -1.40774e-03 | 18  0.09469 -5.15163e-03
 19  0.15432 -7.76662e-03 | 20 -0.00321  1.59885e-03 | 21 -0.00171 -4.11428e-03
 22 -0.05620  1.00630e-03 | 23 -0.07294  7.08166e-03 | 24  0.03284  5.17488e-03
 25  0.03457 -5.84005e-03 | 26  0.02259 -1.37055e-02 | 27  0.01452 -1.44344e-02
 28  0.05083 -1.87765e-02 | 29  0.02547 -1.06094e-02 | 30  0.05489 -1.18705e-02
 31  0.02969 -1.22939e-02 | 32  0.11262 -3.22014e-02 | 33 -0.03715 -5.68680e-03
 34 -0.06084 -5.79668e-03 | 35  0.01685 -2.01752e-02 | 36 -0.31035  7.94008e-03
 37 -0.01479 -7.91957e-01 | 38 -0.02365 -3.65556e-01 | 39 -0.01679 -1.14485e-01
 40 -0.02923 -5.33096e-01 | 41 -0.59654 -9.11658e-03 | 42 -0.69819  6.30748e-03
 43  0.99980 -1.49646e-02 | 44 -0.70243 -1.26574e-03 | 45  0.99995 -3.90338e-02
 46 -0.99830 -4.35140e-03 | 47  1.00053  1.35723e-03 | 48 -1.27563  5.61647e-04
 49  0.17838  8.65664e-05 | 50  0.19973 -9.48347e-03 | 51 -0.24449  9.37743e-04
 52 -0.51400  9.41385e-03 |
52 variables; iteration 300; function evaluation 357; phase 3
Function value 3.0664848e+03; maximum gradient component mag -3.4372e-01
Var    Value     Gradient |Var    Value     Gradient |Var    Value     Gradient
  1  0.77266 -1.24115e-01 |  2 -0.01952  5.04071e-03 |  3  0.02648  3.86826e-03
  4  0.00332  4.35416e-03 |  5 -0.11289  4.81158e-03 |  6  0.00104  4.07807e-03
  7 -0.08343  4.97503e-03 |  8 -0.06635  5.07438e-03 |  9 -0.00513  4.77351e-03
 10  0.10622  1.28956e-03 | 11 -0.04602  3.09343e-03 | 12  0.04261  2.47060e-03
 13 -0.00043  2.15204e-03 | 14  0.04936  1.39381e-04 | 15  0.01278  1.00887e-03
 16 -0.03537  1.17371e-03 | 17  0.01555 -9.15006e-04 | 18  0.09469 -1.85218e-03
 19  0.15432 -4.04416e-03 | 20 -0.00321  7.97755e-04 | 21 -0.00171 -4.66479e-04
 22 -0.05620  5.02367e-04 | 23 -0.07294  2.61504e-03 | 24  0.03284  2.78284e-03
 25  0.03457 -1.47419e-03 | 26  0.02259 -3.71346e-03 | 27  0.01452 -5.72891e-03
 28  0.05083 -8.05529e-03 | 29  0.02547 -3.99467e-03 | 30  0.05489 -4.61934e-03
 31  0.02969 -5.65714e-03 | 32  0.11262 -1.34888e-02 | 33 -0.03715 -3.15065e-03
 34 -0.06084 -2.87194e-03 | 35  0.01685 -7.68982e-03 | 36 -0.31035  3.73459e-03
 37 -0.01776 -3.43721e-01 | 38 -0.02662 -1.57604e-01 | 39 -0.01976 -4.81138e-02
 40 -0.03220 -2.27687e-01 | 41 -0.59358 -1.81038e-02 | 42 -0.69911  7.39155e-03
 43  1.00001 -1.84275e-02 | 44 -0.70244 -2.88295e-03 | 45  0.99990 -7.63085e-02
 46 -0.99830 -4.09674e-03 | 47  0.99983  1.18302e-03 | 48 -1.27562  4.35335e-04
 49  0.17713 -2.88841e-03 | 50  0.19846 -2.74638e-02 | 51 -0.24390  1.66706e-05
 52 -0.51321  1.14506e-02 |
52 variables; iteration 320; function evaluation 378; phase 3
Function value 3.0664848e+03; maximum gradient component mag -2.9511e-01
Var    Value     Gradient |Var    Value     Gradient |Var    Value     Gradient
  1  0.79313 -9.79625e-02 |  2 -0.01952  3.28567e-03 |  3  0.02648  2.87363e-03
  4  0.00332  3.26306e-03 |  5 -0.11289  3.46373e-03 |  6  0.00104  3.05589e-03
  7 -0.08343  3.82081e-03 |  8 -0.06635  4.03499e-03 |  9 -0.00513  3.73609e-03
 10  0.10622  8.58061e-04 | 11 -0.04602  2.11394e-03 | 12  0.04261  1.38140e-03
 13 -0.00043  1.39704e-03 | 14  0.04936 -8.85384e-04 | 15  0.01278  5.11821e-04
 16 -0.03537  5.35944e-04 | 17  0.01555 -1.27717e-03 | 18  0.09469 -1.26717e-03
 19  0.15432 -3.28850e-03 | 20 -0.00321  6.04863e-04 | 21 -0.00171 -4.26895e-04
 22 -0.05620  3.36961e-05 | 23 -0.07294  1.04755e-03 | 24  0.03284  1.85210e-03
 25  0.03457 -7.88414e-04 | 26  0.02259 -2.88949e-03 | 27  0.01452 -3.86415e-03
 28  0.05083 -9.06162e-03 | 29  0.02547 -4.14769e-03 | 30  0.05489 -3.97390e-03
 31  0.02969 -5.96521e-03 | 32  0.11262 -1.32253e-02 | 33 -0.03715 -3.65079e-03
 34 -0.06084 -4.42780e-03 | 35  0.01685 -6.51446e-03 | 36 -0.31034  2.77664e-03
 37 -0.02080 -2.95112e-01 | 38 -0.02967 -1.33497e-01 | 39 -0.02280 -4.29689e-02
 40 -0.03525 -1.99160e-01 | 41 -0.58739 -1.32904e-02 | 42 -0.70066  2.83104e-03
 43  0.99971 -2.33690e-02 | 44 -0.70244 -3.71666e-03 | 45  0.99998 -7.53369e-03
 46 -0.99832 -5.70757e-03 | 47  1.00022 -1.08869e-03 | 48 -1.27563 -7.83174e-04
 49  0.17447 -1.15580e-03 | 50  0.19578 -1.79763e-02 | 51 -0.24291 -1.56084e-03
 52 -0.51187  7.47831e-03 |
52 variables; iteration 340; function evaluation 400; phase 3
Function value 3.0664847e+03; maximum gradient component mag -6.0969e-01
Var    Value     Gradient |Var    Value     Gradient |Var    Value     Gradient
  1  0.81172 -1.80962e-01 |  2 -0.01952  8.56046e-03 |  3  0.02648  8.84244e-03
  4  0.00332  8.54314e-03 |  5 -0.11289  9.24381e-03 |  6  0.00105  8.98446e-03
  7 -0.08343  9.12717e-03 |  8 -0.06635  9.12702e-03 |  9 -0.00513  9.11263e-03
 10  0.10622  4.47693e-03 | 11 -0.04602  7.39834e-03 | 12  0.04261  6.93520e-03
 13 -0.00043  3.37086e-03 | 14  0.04936  1.55449e-03 | 15  0.01278  3.55346e-03
 16 -0.03537  3.58643e-03 | 17  0.01555  3.27270e-04 | 18  0.09469 -3.73499e-03
 19  0.15432 -4.45120e-03 | 20 -0.00321  1.97932e-03 | 21 -0.00171 -7.37929e-04
 22 -0.05620  8.12790e-04 | 23 -0.07294  6.38730e-03 | 24  0.03284  6.13830e-03
 25  0.03457 -2.64623e-03 | 26  0.02259 -8.84697e-03 | 27  0.01452 -9.75106e-03
 28  0.05083 -1.40079e-02 | 29  0.02547 -6.31967e-03 | 30  0.05489 -7.76457e-03
 31  0.02969 -9.30401e-03 | 32  0.11262 -2.32124e-02 | 33 -0.03715 -2.33994e-03
 34 -0.06084 -3.97539e-03 | 35  0.01685 -1.43439e-02 | 36 -0.31034  7.55338e-03
 37 -0.02333 -6.09689e-01 | 38 -0.03219 -2.78859e-01 | 39 -0.02533 -9.12781e-02
 40 -0.03777 -3.98258e-01 | 41 -0.57868 -1.78104e-03 | 42 -0.70252 -1.49850e-03
 43  0.99985 -1.14374e-02 | 44 -0.70244 -2.07378e-03 | 45  0.99999  8.43126e-03
 46 -0.99826 -9.18207e-05 | 47  1.00030 -8.47757e-04 | 48 -1.27562  1.25046e-03
 49  0.17069  1.11307e-03 | 50  0.19196  5.81882e-03 | 51 -0.24172 -5.26975e-04
 52 -0.51029  1.77295e-03 |
52 variables; iteration 360; function evaluation 424; phase 3
Function value 3.0664845e+03; maximum gradient component mag -1.6022e-01
Var    Value     Gradient |Var    Value     Gradient |Var    Value     Gradient
  1  0.83780 -4.16418e-02 |  2 -0.01952  4.96435e-03 |  3  0.02648  3.68750e-03
  4  0.00332  3.20485e-03 |  5 -0.11289  4.88045e-03 |  6  0.00105  3.97712e-03
  7 -0.08343  4.43453e-03 |  8 -0.06635  4.22052e-03 |  9 -0.00513  4.42020e-03
 10  0.10622  3.24879e-03 | 11 -0.04602  3.18051e-03 | 12  0.04261  3.14881e-03
 13 -0.00043  3.70323e-03 | 14  0.04936  2.55995e-03 | 15  0.01278  1.50047e-03
 16 -0.03537  2.20265e-03 | 17  0.01555  1.25412e-03 | 18  0.09469  5.87264e-05
 19  0.15432 -1.10832e-04 | 20 -0.00321  1.79134e-03 | 21 -0.00171  2.15547e-03
 22 -0.05620  2.27253e-03 | 23 -0.07294  3.83206e-03 | 24  0.03284  4.03614e-03
 25  0.03457  1.23741e-03 | 26  0.02259 -3.67094e-04 | 27  0.01452 -1.55806e-03
 28  0.05083 -4.17082e-04 | 29  0.02547  1.43779e-03 | 30  0.05489 -1.27024e-03
 31  0.02969 -1.89128e-04 | 32  0.11262 -2.91980e-03 | 33 -0.03715  1.05030e-03
 34 -0.06084  2.17912e-04 | 35  0.01685 -1.17299e-03 | 36 -0.31034  4.03894e-03
 37 -0.02648 -1.60216e-01 | 38 -0.03535 -8.00441e-02 | 39 -0.02848 -1.98012e-02
 40 -0.04093 -9.56627e-02 | 41 -0.56020 -8.98202e-03 | 42 -0.70596  4.16270e-03
 43  0.99976 -1.90711e-02 | 44 -0.70244 -1.67505e-03 | 45  0.99999  8.08178e-03
 46 -0.99817  1.03889e-02 | 47  0.99907 -1.43385e-02 | 48 -1.27561  9.49883e-04
 49  0.16245 -2.20343e-03 | 50  0.18365 -7.41337e-03 | 51 -0.23954  1.11989e-03
 52 -0.50738  7.52448e-03 |
52 variables; iteration 380; function evaluation 448; phase 3
Function value 3.0664844e+03; maximum gradient component mag -1.2449e+00
Var    Value     Gradient |Var    Value     Gradient |Var    Value     Gradient
  1  0.86738 -2.62254e-01 |  2 -0.01952  1.90317e-02 |  3  0.02648  2.07505e-02
  4  0.00332  1.89065e-02 |  5 -0.11289  1.92707e-02 |  6  0.00105  2.05987e-02
  7 -0.08343  1.83880e-02 |  8 -0.06635  1.87355e-02 |  9 -0.00513  1.92539e-02
 10  0.10622  1.31601e-02 | 11 -0.04602  1.49632e-02 | 12  0.04261  1.60276e-02
 13 -0.00043  9.09059e-03 | 14  0.04936  3.73446e-03 | 15  0.01278  6.90288e-03
 16 -0.03537  8.65780e-03 | 17  0.01555  3.61266e-04 | 18  0.09469 -5.16569e-03
 19  0.15432 -8.76976e-03 | 20 -0.00321  4.30287e-03 | 21 -0.00171 -1.28902e-03
 22 -0.05620  3.13044e-03 | 23 -0.07294  1.33591e-02 | 24  0.03283  1.27441e-02
 25  0.03457 -4.86156e-03 | 26  0.02259 -1.76511e-02 | 27  0.01452 -2.01761e-02
 28  0.05083 -2.78273e-02 | 29  0.02547 -1.24284e-02 | 30  0.05489 -1.66095e-02
 31  0.02969 -1.76604e-02 | 32  0.11262 -4.56878e-02 | 33 -0.03715 -5.72668e-03
 34 -0.06084 -9.24682e-03 | 35  0.01685 -3.43002e-02 | 36 -0.31034  1.48665e-02
 37 -0.02950 -1.24488e+00 | 38 -0.03837 -5.77691e-01 | 39 -0.03150 -1.82909e-01
 40 -0.04396 -8.29178e-01 | 41 -0.52712  1.76356e-01 | 42 -0.71129 -1.04480e-01
 43  0.99973 -2.12413e-02 | 44 -0.70243 -1.61060e-03 | 45  0.99999  4.00817e-03
 46 -0.99822  3.81070e-03 | 47  0.99935 -3.69716e-03 | 48 -1.27561  2.63958e-03
 49  0.14707  2.55010e-02 | 50  0.16813  3.49518e-01 | 51 -0.23622 -6.02150e-03
 52 -0.50297 -1.19535e-01 |
52 variables; iteration 400; function evaluation 470; phase 3
Function value 3.0664842e+03; maximum gradient component mag 2.6223e-01
Var    Value     Gradient |Var    Value     Gradient |Var    Value     Gradient
  1  0.88960 -3.74675e-04 |  2 -0.01952 -1.14862e-02 |  3  0.02648 -4.98255e-03
  4  0.00332 -3.59012e-03 |  5 -0.11289 -1.03263e-02 |  6  0.00105 -5.68368e-03
  7 -0.08343 -9.18115e-03 |  8 -0.06635 -7.39772e-03 |  9 -0.00513 -8.36804e-03
 10  0.10621 -7.66617e-03 | 11 -0.04602 -6.08103e-03 | 12  0.04261 -3.45795e-03
 13 -0.00043 -1.09255e-02 | 14  0.04936 -8.61158e-03 | 15  0.01278 -2.68649e-03
 16 -0.03537 -4.49557e-03 | 17  0.01556 -4.72443e-03 | 18  0.09469 -5.58192e-03
 19  0.15432 -3.77760e-03 | 20 -0.00321 -4.82980e-03 | 21 -0.00171 -9.93415e-03
 22 -0.05620 -8.78805e-03 | 23 -0.07295 -8.63699e-03 | 24  0.03283 -9.18655e-03
 25  0.03457 -7.75757e-03 | 26  0.02259 -9.31839e-03 | 27  0.01452 -2.78109e-03
 28  0.05083 -1.24131e-02 | 29  0.02547 -1.04988e-02 | 30  0.05489 -3.03678e-03
 31  0.02969 -9.35557e-03 | 32  0.11262 -1.23756e-02 | 33 -0.03715 -5.56366e-03
 34 -0.06084 -5.19467e-03 | 35  0.01684 -1.39647e-02 | 36 -0.31035 -8.42954e-03
 37 -0.03137  1.49219e-02 | 38 -0.04024  2.48957e-02 | 39 -0.03338 -1.63311e-02
 40 -0.04583 -1.53547e-02 | 41 -0.49043  1.41542e-01 | 42 -0.71612 -7.88614e-02
 43  0.99988 -8.84332e-03 | 44 -0.70243  2.88003e-03 | 45  0.99999  7.25629e-03
 46 -0.99849 -2.11936e-02 | 47  0.99920 -8.53461e-03 | 48 -1.27562 -5.37733e-04
 49  0.12906  2.43020e-02 | 50  0.14997  2.62234e-01 | 51 -0.23327 -7.79084e-03
 52 -0.49907 -8.85708e-02 |
52 variables; iteration 420; function evaluation 495; phase 3
Function value 3.0664841e+03; maximum gradient component mag -6.9535e-01
Var    Value     Gradient |Var    Value     Gradient |Var    Value     Gradient
  1  0.90954 -9.93740e-02 |  2 -0.01952  2.25148e-02 |  3  0.02648  1.76331e-02
  4  0.00332  1.44875e-02 |  5 -0.11289  2.04965e-02 |  6  0.00105  1.81992e-02
  7 -0.08343  2.03120e-02 |  8 -0.06635  1.84992e-02 |  9 -0.00513  2.00823e-02
 10  0.10622  1.55705e-02 | 11 -0.04602  1.65321e-02 | 12  0.04261  1.37501e-02
 13 -0.00043  1.77496e-02 | 14  0.04936  1.17060e-02 | 15  0.01278  6.36511e-03
 16 -0.03537  9.63655e-03 | 17  0.01555  5.15735e-03 | 18  0.09469  5.44365e-03
 19  0.15432 -1.94746e-03 | 20 -0.00321  9.11700e-03 | 21 -0.00171  1.07158e-02
 22 -0.05620  1.10442e-02 | 23 -0.07294  1.61637e-02 | 24  0.03284  1.66981e-02
 25  0.03457  4.70743e-03 | 26  0.02259  3.15604e-03 | 27  0.01451 -8.85829e-03
 28  0.05083 -3.10054e-03 | 29  0.02548  3.33066e-03 | 30  0.05489 -5.08373e-03
 31  0.02969  2.41617e-04 | 32  0.11262 -1.08016e-02 | 33 -0.03715  3.09885e-03
 34 -0.06084 -2.60397e-04 | 35  0.01685 -8.42176e-03 | 36 -0.31034  1.70178e-02
 37 -0.03277 -6.95348e-01 | 38 -0.04164 -3.44012e-01 | 39 -0.03477 -8.24540e-02
 40 -0.04723 -4.41634e-01 | 41 -0.44448  6.97813e-02 | 42 -0.72072 -2.94210e-02
 43  1.00017  1.26130e-02 | 44 -0.70244 -4.45198e-03 | 45  0.99999  1.70582e-04
 46 -0.99803  2.74161e-02 | 47  0.99937 -3.30814e-03 | 48 -1.27561  2.37976e-03
 49  0.10520  7.43554e-03 | 50  0.12596  1.28588e-01 | 51 -0.23050  3.05604e-04
 52 -0.49543 -3.32667e-02 |
52 variables; iteration 440; function evaluation 520; phase 3
Function value 3.0664839e+03; maximum gradient component mag 6.1001e-01
Var    Value     Gradient |Var    Value     Gradient |Var    Value     Gradient
  1  0.92388 -1.49346e-03 |  2 -0.01952 -7.34403e-03 |  3  0.02648 -3.44309e-03
  4  0.00332 -1.53755e-03 |  5 -0.11289 -1.08688e-02 |  6  0.00104 -4.01094e-03
  7 -0.08343 -8.37871e-03 |  8 -0.06636 -5.71376e-03 |  9 -0.00514 -8.15022e-03
 10  0.10621 -2.37437e-03 | 11 -0.04602 -1.20970e-02 | 12  0.04261 -1.56460e-03
 13 -0.00043 -6.37034e-03 | 14  0.04936 -2.59270e-03 | 15  0.01278  5.90044e-04
 16 -0.03537 -7.44885e-03 | 17  0.01556 -5.19610e-03 | 18  0.09469 -9.09348e-03
 19  0.15432 -2.28093e-03 | 20 -0.00321 -5.59827e-03 | 21 -0.00171 -8.64860e-03
 22 -0.05620 -2.07336e-03 | 23 -0.07294 -5.78038e-03 | 24  0.03284 -4.14762e-03
 25  0.03457 -1.10498e-03 | 26  0.02259 -8.30464e-03 | 27  0.01452  8.55879e-07
 28  0.05083  2.11574e-03 | 29  0.02548 -5.34740e-03 | 30  0.05489 -5.28818e-04
 31  0.02969 -6.53429e-03 | 32  0.11262 -9.52405e-03 | 33 -0.03715 -1.03965e-02
 34 -0.06084 -4.69916e-03 | 35  0.01685 -1.19133e-02 | 36 -0.31034 -4.50796e-03
 37 -0.03360 -1.81704e-02 | 38 -0.04247  1.06019e-03 | 39 -0.03560  3.91607e-03
 40 -0.04806 -2.95686e-03 | 41 -0.39962  3.59617e-01 | 42 -0.72376 -1.91546e-01
 43  1.00004 -8.98609e-05 | 44 -0.70245 -8.65831e-03 | 45  1.00012  8.87903e-02
 46 -0.99851 -2.24068e-02 | 47  1.00088  1.19717e-02 | 48 -1.27562 -1.06942e-03
 49  0.08064  3.32150e-02 | 50  0.10127  6.10008e-01 | 51 -0.22870 -1.02903e-02
 52 -0.49307 -2.35447e-01 |
52 variables; iteration 460; function evaluation 543; phase 3
Function value 3.0664838e+03; maximum gradient component mag 1.5853e-01
Var    Value     Gradient |Var    Value     Gradient |Var    Value     Gradient
  1  0.93429 -1.47138e-02 |  2 -0.01952  6.22183e-03 |  3  0.02648  6.11660e-03
  4  0.00332  3.93013e-03 |  5 -0.11289  5.79673e-03 |  6  0.00105  6.15963e-03
  7 -0.08343  6.01207e-03 |  8 -0.06635  5.68318e-03 |  9 -0.00513  5.96731e-03
 10  0.10622  7.01353e-03 | 11 -0.04602  6.71502e-03 | 12  0.04261  5.94310e-03
 13 -0.00043  6.05210e-03 | 14  0.04936  4.14433e-03 | 15  0.01278  1.64817e-03
 16 -0.03537  4.41982e-03 | 17  0.01555  3.44505e-03 | 18  0.09469  4.71612e-03
 19  0.15432  2.08849e-03 | 20 -0.00321  4.37342e-03 | 21 -0.00171  4.92845e-03
 22 -0.05620  3.72140e-03 | 23 -0.07294  4.16378e-03 | 24  0.03283  5.55444e-03
 25  0.03457  2.12681e-03 | 26  0.02259  3.50975e-03 | 27  0.01452 -1.57194e-03
 28  0.05083 -1.73608e-03 | 29  0.02547  1.29617e-03 | 30  0.05489 -2.96139e-04
 31  0.02969  1.89047e-03 | 32  0.11262  1.18942e-03 | 33 -0.03715  4.42794e-03
 34 -0.06084 -4.69993e-05 | 35  0.01685 -3.28093e-03 | 36 -0.31034  4.74210e-03
 37 -0.03412 -1.33899e-01 | 38 -0.04299 -6.81845e-02 | 39 -0.03612 -1.65192e-02
 40 -0.04858 -9.02793e-02 | 41 -0.35763  9.93893e-02 | 42 -0.72501 -3.75517e-02
 43  1.00037  2.99139e-02 | 44 -0.70243  1.29989e-03 | 45  0.99998 -9.13507e-03
 46 -0.99823  3.26429e-03 | 47  1.00030 -8.69568e-04 | 48 -1.27562  5.98777e-04
 49  0.05659  1.51252e-02 | 50  0.07712  1.58527e-01 | 51 -0.22796 -3.07185e-03
 52 -0.49210 -4.16586e-02 |
52 variables; iteration 480; function evaluation 568; phase 3
Function value 3.0664837e+03; maximum gradient component mag 2.4425e-01
Var    Value     Gradient |Var    Value     Gradient |Var    Value     Gradient
  1  0.94169  1.44549e-03 |  2 -0.01952 -3.34713e-03 |  3  0.02648 -4.11251e-04
  4  0.00332 -4.64937e-04 |  5 -0.11289 -3.85767e-03 |  6  0.00105 -6.51224e-04
  7 -0.08343 -3.73888e-03 |  8 -0.06635 -2.42354e-03 |  9 -0.00514 -3.22663e-03
 10  0.10621  1.27362e-03 | 11 -0.04602 -4.59551e-03 | 12  0.04261  3.12683e-04
 13 -0.00043 -2.73427e-03 | 14  0.04936 -8.11230e-04 | 15  0.01278  3.45357e-04
 16 -0.03537 -1.40320e-03 | 17  0.01556 -5.65343e-04 | 18  0.09469 -3.37712e-03
 19  0.15432  1.78482e-03 | 20 -0.00321 -1.81780e-03 | 21 -0.00171 -3.09095e-03
 22 -0.05620 -1.88340e-04 | 23 -0.07294 -2.51663e-03 | 24  0.03283 -1.00070e-03
 25  0.03457  1.43475e-04 | 26  0.02259 -4.59681e-03 | 27  0.01452  4.82609e-04
 28  0.05083  3.45714e-04 | 29  0.02547 -1.02404e-03 | 30  0.05489 -8.76143e-04
 31  0.02969 -1.61335e-03 | 32  0.11262 -2.49716e-03 | 33 -0.03715 -1.91817e-03
 34 -0.06084 -2.02212e-03 | 35  0.01685 -4.82907e-03 | 36 -0.31034 -1.97905e-03
 37 -0.03444  2.19870e-02 | 38 -0.04331  1.19098e-02 | 39 -0.03644  6.50570e-03
 40 -0.04890  6.72251e-03 | 41 -0.32027  1.54053e-01 | 42 -0.72493 -7.27029e-02
 43  0.99992 -5.01559e-03 | 44 -0.70244 -6.97354e-04 | 45  0.99999  2.10625e-03
 46 -0.99833 -7.30407e-03 | 47  1.00096  1.57316e-02 | 48 -1.27562 -1.36293e-05
 49  0.03440  1.39006e-02 | 50  0.05487  2.44248e-01 | 51 -0.22801 -3.37843e-03
 52 -0.49217 -8.71871e-02 |
52 variables; iteration 500; function evaluation 591; phase 3
Function value 3.0664836e+03; maximum gradient component mag -2.8378e-02
Var    Value     Gradient |Var    Value     Gradient |Var    Value     Gradient
  1  0.94921 -2.92748e-03 |  2 -0.01952  1.19730e-04 |  3  0.02648  8.90293e-04
  4  0.00332  3.88707e-04 |  5 -0.11289  7.72721e-04 |  6  0.00105  4.05308e-04
  7 -0.08343  7.21748e-04 |  8 -0.06635  3.67824e-04 |  9 -0.00513  8.50740e-04
 10  0.10622  8.94928e-04 | 11 -0.04602  2.74046e-03 | 12  0.04261  2.89798e-04
 13 -0.00043 -3.68533e-04 | 14  0.04936 -3.12965e-04 | 15  0.01278 -7.59715e-04
 16 -0.03537  7.47543e-04 | 17  0.01555  6.14541e-04 | 18  0.09469  1.72509e-03
 19  0.15432  2.55175e-04 | 20 -0.00321  8.62296e-04 | 21 -0.00171  3.72867e-04
 22 -0.05620 -5.53931e-04 | 23 -0.07294  1.95820e-04 | 24  0.03283 -7.11714e-04
 25  0.03457 -1.59208e-03 | 26  0.02259  5.51434e-04 | 27  0.01452 -2.07674e-03
 28  0.05083 -3.97209e-03 | 29  0.02547 -1.59356e-03 | 30  0.05489 -1.12277e-03
 31  0.02969 -8.93795e-04 | 32  0.11262 -2.82701e-04 | 33 -0.03715  1.24479e-03
 34 -0.06084 -6.90393e-04 | 35  0.01684 -2.18558e-03 | 36 -0.31035 -3.71192e-04
 37 -0.03472 -2.47165e-02 | 38 -0.04360 -1.12576e-02 | 39 -0.03673 -6.58586e-03
 40 -0.04918 -2.83776e-02 | 41 -0.27311 -1.05430e-02 | 42 -0.72294  7.37410e-04
 43  0.99989 -7.24907e-03 | 44 -0.70243  5.55042e-03 | 45  0.99997 -1.67782e-02
 46 -0.99828 -2.22527e-03 | 47  1.00081  8.74545e-03 | 48 -1.27562 -6.93532e-04
 49  0.00543  4.17411e-03 | 50  0.02585 -1.85692e-02 | 51 -0.22918 -1.21380e-03
 52 -0.49371  6.61435e-03 |
52 variables; iteration 520; function evaluation 616; phase 3
Function value 3.0664836e+03; maximum gradient component mag 4.9381e-01
Var    Value     Gradient |Var    Value     Gradient |Var    Value     Gradient
  1  0.95522  4.67646e-03 |  2 -0.01952 -5.36096e-03 |  3  0.02648  9.37769e-04
  4  0.00332 -8.91768e-04 |  5 -0.11289 -5.59180e-03 |  6  0.00105 -1.66254e-04
  7 -0.08343 -5.43636e-03 |  8 -0.06635 -4.37350e-03 |  9 -0.00513 -4.38959e-03
 10  0.10622  3.82412e-03 | 11 -0.04602 -4.00908e-03 | 12  0.04261  1.68043e-03
 13 -0.00043 -3.72104e-03 | 14  0.04936 -5.67917e-04 | 15  0.01278  7.29991e-04
 16 -0.03537 -1.55421e-03 | 17  0.01556 -3.42029e-04 | 18  0.09469 -1.86487e-03
 19  0.15432  3.52269e-03 | 20 -0.00321 -2.08399e-03 | 21 -0.00171 -3.22487e-03
 22 -0.05620 -4.57988e-04 | 23 -0.07294 -3.71210e-03 | 24  0.03283 -1.75801e-03
 25  0.03457 -5.83743e-05 | 26  0.02259 -4.13112e-03 | 27  0.01452 -1.23853e-04
 28  0.05083  3.70120e-04 | 29  0.02547 -2.06344e-03 | 30  0.05489 -3.88441e-04
 31  0.02969 -1.44743e-03 | 32  0.11262  4.93985e-04 | 33 -0.03715 -1.31065e-03
 34 -0.06084 -2.27278e-03 | 35  0.01685 -8.77467e-03 | 36 -0.31035 -3.67110e-03
 37 -0.03492  7.77782e-02 | 38 -0.04380  3.67531e-02 | 39 -0.03693  9.65798e-03
 40 -0.04938  3.65889e-02 | 41 -0.22527  3.41059e-01 | 42 -0.71897 -1.47983e-01
 43  1.00025  1.93861e-02 | 44 -0.70243  5.91127e-03 | 45  0.99998 -1.03730e-02
 46 -0.99835 -9.15751e-03 | 47  1.00071  5.44156e-03 | 48 -1.27562 -8.60763e-05
 49 -0.02496  3.66543e-02 | 50 -0.00454  4.93811e-01 | 51 -0.23155 -8.46903e-03
 52 -0.49681 -1.76693e-01 |
52 variables; iteration 540; function evaluation 637; phase 3
Function value 3.0664835e+03; maximum gradient component mag 6.3616e-02
Var    Value     Gradient |Var    Value     Gradient |Var    Value     Gradient
  1  0.95958 -1.68920e-03 |  2 -0.01952 -2.21390e-04 |  3  0.02648  6.23266e-04
  4  0.00332  5.52776e-04 |  5 -0.11289 -7.59623e-04 |  6  0.00105  5.59891e-04
  7 -0.08343 -5.75118e-04 |  8 -0.06635 -1.65414e-05 |  9 -0.00513 -3.93338e-04
 10  0.10621  1.16751e-03 | 11 -0.04602 -1.14856e-03 | 12  0.04261  4.97295e-04
 13 -0.00043 -4.59318e-04 | 14  0.04936  1.75688e-04 | 15  0.01278  2.59293e-04
 16 -0.03537 -3.37526e-04 | 17  0.01555 -1.58453e-04 | 18  0.09469 -1.41563e-03
 19  0.15432  5.98678e-04 | 20 -0.00321 -2.06450e-04 | 21 -0.00171 -8.78597e-04
 22 -0.05620  6.35332e-04 | 23 -0.07294 -2.52265e-04 | 24  0.03283  3.07843e-04
 25  0.03457  1.07100e-04 | 26  0.02259 -1.68803e-03 | 27  0.01452 -1.58105e-04
 28  0.05083  2.73359e-04 | 29  0.02547  1.89025e-04 | 30  0.05489 -5.25126e-04
 31  0.02969 -6.19696e-04 | 32  0.11262 -1.46016e-03 | 33 -0.03715 -4.85881e-04
 34 -0.06084 -7.65689e-04 | 35  0.01685 -1.76019e-03 | 36 -0.31034  8.90349e-05
 37 -0.03505 -2.06669e-02 | 38 -0.04393 -9.73600e-03 | 39 -0.03706 -2.79321e-04
 40 -0.04951 -1.77319e-02 | 41 -0.18165  4.40356e-02 | 42 -0.71377 -8.32092e-03
 43  1.00005  1.34559e-03 | 44 -0.70244 -2.38285e-04 | 45  0.99995 -3.30963e-02
 46 -0.99828 -1.85386e-03 | 47  0.99988  1.36877e-03 | 48 -1.27562 -1.20821e-04
 49 -0.05349  4.00269e-03 | 50 -0.03303  6.36162e-02 | 51 -0.23470  1.59769e-05
 52 -0.50096 -6.32360e-03 |
52 variables; iteration 560; function evaluation 660; phase 3
Function value 3.0664834e+03; maximum gradient component mag 1.5368e-01
Var    Value     Gradient |Var    Value     Gradient |Var    Value     Gradient
  1  0.96441  1.97861e-03 |  2 -0.01952 -1.14780e-03 |  3  0.02648  4.55805e-04
  4  0.00332 -1.40085e-04 |  5 -0.11289 -1.72250e-03 |  6  0.00105  3.42580e-04
  7 -0.08343 -1.20170e-03 |  8 -0.06635 -8.77563e-04 |  9 -0.00513 -6.85320e-04
 10  0.10621  9.69776e-04 | 11 -0.04602 -7.01131e-04 | 12  0.04261  8.05664e-04
 13 -0.00043 -3.51439e-04 | 14  0.04936  4.11794e-04 | 15  0.01278  2.95506e-05
 16 -0.03537 -2.18120e-04 | 17  0.01555  1.64654e-04 | 18  0.09469 -1.59524e-04
 19  0.15432  1.14391e-03 | 20 -0.00321  2.10208e-04 | 21 -0.00171 -1.91255e-04
 22 -0.05620  3.19998e-04 | 23 -0.07294 -6.34538e-04 | 24  0.03283 -1.19400e-05
 25  0.03457  2.41086e-04 | 26  0.02259  5.17494e-05 | 27  0.01452  6.58269e-04
 28  0.05083  1.00058e-03 | 29  0.02547  7.80093e-04 | 30  0.05489  5.02091e-04
 31  0.02969  5.61140e-04 | 32  0.11262  1.58316e-03 | 33 -0.03715  6.55376e-04
 34 -0.06084 -3.84281e-04 | 35  0.01685 -1.93946e-03 | 36 -0.31034 -4.47623e-04
 37 -0.03518  3.80357e-02 | 38 -0.04405  1.80074e-02 | 39 -0.03719  7.47359e-03
 40 -0.04964  2.72422e-02 | 41 -0.11982  1.13024e-01 | 42 -0.70424 -3.34142e-02
 43  1.00005  1.58505e-03 | 44 -0.70244  4.57670e-04 | 45  0.99997 -1.66703e-02
 46 -0.99829 -3.40074e-03 | 47  0.99939 -2.76310e-03 | 48 -1.27562 -1.97332e-04
 49 -0.09509  1.25096e-02 | 50 -0.07449  1.53681e-01 | 51 -0.24062 -2.08153e-03
 52 -0.50882 -3.47901e-02 |
52 variables; iteration 580; function evaluation 683; phase 3
Function value 3.0664834e+03; maximum gradient component mag 3.3475e-02
Var    Value     Gradient |Var    Value     Gradient |Var    Value     Gradient
  1  0.96700 -7.63011e-04 |  2 -0.01952 -1.77788e-04 |  3  0.02648  5.33292e-04
  4  0.00332  2.39695e-04 |  5 -0.11289 -9.35522e-05 |  6  0.00105  4.42247e-04
  7 -0.08343 -2.65779e-05 |  8 -0.06635  9.83640e-06 |  9 -0.00513  1.32625e-04
 10  0.10621  4.59181e-04 | 11 -0.04602  4.81369e-04 | 12  0.04261  4.88247e-04
 13 -0.00043 -1.78394e-04 | 14  0.04936 -2.22472e-05 | 15  0.01278  3.44536e-05
 16 -0.03537  2.47222e-04 | 17  0.01555  1.47133e-04 | 18  0.09469  1.52653e-04
 19  0.15432  2.32773e-04 | 20 -0.00321  2.18271e-04 | 21 -0.00171 -1.31687e-04
 22 -0.05620 -9.06186e-05 | 23 -0.07294 -4.69218e-05 | 24  0.03283 -2.05598e-07
 25  0.03457 -3.75543e-04 | 26  0.02259 -3.26904e-04 | 27  0.01452 -3.59480e-04
 28  0.05083 -8.01948e-04 | 29  0.02547 -2.73679e-04 | 30  0.05489 -2.57537e-04
 31  0.02969 -2.74649e-04 | 32  0.11262 -2.83229e-04 | 33 -0.03715  3.90983e-04
 34 -0.06084 -2.74824e-04 | 35  0.01685 -1.32462e-03 | 36 -0.31034 -5.70152e-05
 37 -0.03524 -8.15836e-03 | 38 -0.04412 -3.84738e-03 | 39 -0.03725 -1.86121e-03
 40 -0.04971 -7.95981e-03 | 41 -0.07783  2.63669e-02 | 42 -0.69661 -4.72749e-03
 43  1.00004  1.42261e-05 | 44 -0.70243  9.69151e-04 | 45  1.00001 -6.95130e-03
 46 -0.99826 -2.83920e-04 | 47  0.99967  7.28017e-04 | 48 -1.27562  6.61016e-05
 49 -0.12404  4.05394e-03 | 50 -0.10329  3.34753e-02 | 51 -0.24552 -5.22963e-04
 52 -0.51537 -2.30182e-03 |
52 variables; iteration 600; function evaluation 704; phase 3
Function value 3.0664834e+03; maximum gradient component mag -8.5059e-03
Var    Value     Gradient |Var    Value     Gradient |Var    Value     Gradient
  1  0.96735 -7.21345e-04 |  2 -0.01952 -2.15528e-04 |  3  0.02648  3.45939e-04
  4  0.00332  1.12881e-04 |  5 -0.11289  7.73052e-05 |  6  0.00105  1.85683e-04
  7 -0.08343  2.04257e-06 |  8 -0.06635 -6.90353e-05 |  9 -0.00513  6.28934e-05
 10  0.10621  2.07884e-04 | 11 -0.04602  6.78527e-04 | 12  0.04261  2.31323e-04
 13 -0.00043 -3.21074e-04 | 14  0.04936 -2.34635e-04 | 15  0.01278 -6.54049e-05
 16 -0.03537  2.52528e-04 | 17  0.01555  1.01410e-04 | 18  0.09469  3.29702e-04
 19  0.15432  4.62628e-05 | 20 -0.00321  1.51912e-04 | 21 -0.00171 -2.28025e-04
 22 -0.05620 -3.05891e-04 | 23 -0.07294  2.22635e-05 | 24  0.03283 -3.15341e-04
 25  0.03457 -7.02220e-04 | 26  0.02259 -2.86962e-04 | 27  0.01452 -4.82508e-04
 28  0.05083 -1.10552e-03 | 29  0.02547 -5.81570e-04 | 30  0.05489 -3.30011e-04
 31  0.02969 -3.99597e-04 | 32  0.11262 -2.91811e-04 | 33 -0.03715  3.12852e-04
 34 -0.06084 -2.13374e-04 | 35  0.01685 -1.00921e-03 | 36 -0.31034 -2.37285e-04
 37 -0.03525 -6.22061e-03 | 38 -0.04413 -3.10813e-03 | 39 -0.03726 -2.52964e-03
 40 -0.04971 -8.50595e-03 | 41 -0.07172  7.45945e-03 | 42 -0.69540 -1.01813e-03
 43  1.00004  1.44500e-04 | 44 -0.70243  1.54362e-03 | 45  1.00001 -4.99429e-03
 46 -0.99826  5.66289e-05 | 47  0.99959  2.09516e-04 | 48 -1.27562  8.51858e-05
 49 -0.12830  2.37101e-03 | 50 -0.10752  7.70977e-03 | 51 -0.24630 -3.54799e-04
 52 -0.51643  1.74579e-03 |
52 variables; iteration 620; function evaluation 726; phase 3
Function value 3.0664834e+03; maximum gradient component mag 1.4355e-01
Var    Value     Gradient |Var    Value     Gradient |Var    Value     Gradient
  1  0.97115 -1.74281e-03 |  2 -0.01952  2.84939e-03 |  3  0.02648  4.93564e-04
  4  0.00332  1.22796e-03 |  5 -0.11289  7.16085e-04 |  6  0.00105  1.21870e-03
  7 -0.08343  1.16840e-03 |  8 -0.06635  1.92147e-03 |  9 -0.00513  1.17910e-03
 10  0.10621  1.36246e-03 | 11 -0.04602 -2.40495e-03 | 12  0.04261  9.35174e-04
 13 -0.00043  1.45441e-03 | 14  0.04936  2.40546e-03 | 15  0.01278  5.08223e-04
 16 -0.03537 -1.62114e-03 | 17  0.01555 -1.02381e-03 | 18  0.09469 -8.18207e-04
 19  0.15432  1.70848e-03 | 20 -0.00321 -7.91039e-04 | 21 -0.00171  1.10487e-03
 22 -0.05620  1.91933e-03 | 23 -0.07294  3.53471e-05 | 24  0.03284  3.42122e-03
 25  0.03457  3.57991e-03 | 26  0.02259  8.26813e-04 | 27  0.01452  1.35886e-03
 28  0.05083  5.52788e-03 | 29  0.02548  3.56198e-03 | 30  0.05489  4.00699e-04
 31  0.02969 -3.18459e-04 | 32  0.11262  1.20004e-03 | 33 -0.03715 -2.25766e-03
 34 -0.06084 -1.20525e-03 | 35  0.01685  2.61570e-03 | 36 -0.31034  2.73010e-03
 37 -0.03533 -4.03655e-02 | 38 -0.04421 -2.27953e-02 | 39 -0.03734  7.45317e-03
 40 -0.04980 -1.95247e-02 | 41 -0.10386 -2.13578e-02 | 42 -0.68184  1.35995e-01
 43  1.00004  2.57842e-04 | 44 -0.70245 -8.72096e-03 | 45  1.00004  2.69571e-02
 46 -0.99826  4.07597e-04 | 47  0.99936 -3.43992e-03 | 48 -1.27562 -1.89330e-05
 49 -0.10603 -5.93621e-04 | 50 -0.08538 -3.08038e-02 | 51 -0.25536  5.52805e-03
 52 -0.52869  1.43549e-01 |
52 variables; iteration 640; function evaluation 747; phase 3
Function value 3.0664834e+03; maximum gradient component mag 6.8627e-02
Var    Value     Gradient |Var    Value     Gradient |Var    Value     Gradient
  1  0.97436 -4.63268e-05 |  2 -0.01952 -8.49577e-06 |  3  0.02648 -4.30834e-04
  4  0.00332 -4.12008e-05 |  5 -0.11289 -2.25517e-04 |  6  0.00105 -2.75952e-04
  7 -0.08343 -7.15981e-05 |  8 -0.06635 -3.86291e-06 |  9 -0.00513 -1.66091e-04
 10  0.10621 -7.39536e-04 | 11 -0.04602 -5.54087e-04 | 12  0.04261 -4.28259e-04
 13 -0.00043  1.19319e-04 | 14  0.04936 -1.28732e-04 | 15  0.01278  6.09639e-05
 16 -0.03537  9.89087e-05 | 17  0.01555  4.79730e-05 | 18  0.09469 -7.30840e-04
 19  0.15432 -7.25135e-04 | 20 -0.00321  2.17876e-05 | 21 -0.00171 -1.69971e-04
 22 -0.05620  1.34991e-04 | 23 -0.07294  4.40973e-04 | 24  0.03283 -2.73120e-04
 25  0.03457 -1.51460e-04 | 26  0.02259 -4.02100e-04 | 27  0.01452  1.70445e-04
 28  0.05083  3.88783e-04 | 29  0.02547  2.74701e-04 | 30  0.05489 -5.07154e-05
 31  0.02969  3.22029e-04 | 32  0.11262 -5.60760e-04 | 33 -0.03715  9.85518e-05
 34 -0.06084  4.40284e-04 | 35  0.01685  6.39481e-04 | 36 -0.31034  4.98104e-05
 37 -0.03539  7.58176e-04 | 38 -0.04427  6.18112e-04 | 39 -0.03740  1.15137e-03
 40 -0.04986  5.97658e-03 | 41 -0.13592 -1.62707e-02 | 42 -0.67005 -1.80326e-02
 43  1.00004 -5.64837e-05 | 44 -0.70244 -9.85363e-04 | 45  1.00009  6.86273e-02
 46 -0.99826  2.28923e-04 | 47  1.00061  2.90849e-03 | 48 -1.27562  1.44250e-04
 49 -0.08414 -4.56153e-03 | 50 -0.06358 -1.92423e-02 | 51 -0.26358  3.37407e-04
 52 -0.54000 -1.75424e-02 |
52 variables; iteration 660; function evaluation 770; phase 3
Function value 3.0664834e+03; maximum gradient component mag 5.7664e-02
Var    Value     Gradient |Var    Value     Gradient |Var    Value     Gradient
  1  0.97654  1.42905e-03 |  2 -0.01952 -7.16692e-03 |  3  0.02648 -3.99601e-03
  4  0.00332 -3.25283e-03 |  5 -0.11289 -6.02162e-03 |  6  0.00105 -2.83207e-03
  7 -0.08343 -5.14755e-03 |  8 -0.06635 -3.83994e-03 |  9 -0.00513 -4.56022e-03
 10  0.10621 -5.68655e-03 | 11 -0.04602 -4.14201e-03 | 12  0.04261 -3.55054e-03
 13 -0.00043 -5.72819e-03 | 14  0.04936 -4.28353e-03 | 15  0.01278 -1.91472e-03
 16 -0.03537 -2.89720e-03 | 17  0.01556 -1.62480e-03 | 18  0.09469 -2.66908e-03
 19  0.15432 -1.18440e-03 | 20 -0.00321 -1.64069e-03 | 21 -0.00171 -4.80053e-03
 22 -0.05620 -3.65965e-03 | 23 -0.07294 -4.49686e-03 | 24  0.03283 -4.13371e-03
 25  0.03457 -2.66658e-03 | 26  0.02259 -3.13484e-03 | 27  0.01452 -5.82659e-04
 28  0.05083 -6.87273e-03 | 29  0.02547 -4.38429e-03 | 30  0.05489 -1.11625e-03
 31  0.02969 -4.64375e-03 | 32  0.11262 -6.26772e-03 | 33 -0.03715 -3.40233e-03
 34 -0.06084 -3.42807e-03 | 35  0.01685 -4.15888e-03 | 36 -0.31034 -4.12149e-03
 37 -0.03543  5.76638e-02 | 38 -0.04431  4.28321e-02 | 39 -0.03744 -1.01409e-03
 40 -0.04989 -1.35052e-03 | 41 -0.15069 -2.29926e-03 | 42 -0.66277  1.88267e-02
 43  1.00004 -1.92977e-04 | 44 -0.70244 -4.20102e-03 | 45  1.00002  1.29277e-02
 46 -0.99829 -3.27380e-03 | 47  1.00039 -3.72639e-04 | 48 -1.27561  1.64154e-03
 49 -0.07416  1.27538e-03 | 50 -0.05364 -4.21183e-03 | 51 -0.26881 -1.72604e-03
 52 -0.54726  2.03881e-02 |
52 variables; iteration 680; function evaluation 791; phase 3
Function value 3.0664834e+03; maximum gradient component mag -1.0175e-01
Var    Value     Gradient |Var    Value     Gradient |Var    Value     Gradient
  1  0.97938 -1.60624e-03 |  2 -0.01952  1.39799e-03 |  3  0.02648  5.13777e-04
  4  0.00332  8.50655e-04 |  5 -0.11289  1.30342e-03 |  6  0.00105  3.61785e-04
  7 -0.08343  1.15576e-03 |  8 -0.06635  9.72297e-04 |  9 -0.00513  8.65711e-04
 10  0.10621  1.95710e-04 | 11 -0.04602  7.45198e-04 | 12  0.04261  2.02108e-04
 13 -0.00043  2.05815e-04 | 14  0.04936  2.48298e-04 | 15  0.01278  3.04301e-04
 16 -0.03537  1.47446e-04 | 17  0.01555 -1.54590e-04 | 18  0.09469  7.64791e-05
 19  0.15432 -2.07850e-04 | 20 -0.00321 -1.36872e-04 | 21 -0.00171  1.52167e-04
 22 -0.05620  4.00082e-05 | 23 -0.07294  5.84302e-04 | 24  0.03283  6.11258e-04
 25  0.03457 -1.53227e-04 | 26  0.02259 -5.21648e-04 | 27  0.01452 -7.97003e-04
 28  0.05083  7.37186e-05 | 29  0.02547 -1.99975e-04 | 30  0.05489 -7.00918e-04
 31  0.02969 -5.24986e-04 | 32  0.11262 -5.55545e-04 | 33 -0.03715 -1.13546e-04
 34 -0.06084  1.63553e-04 | 35  0.01685  9.68712e-04 | 36 -0.31034  8.34440e-04
 37 -0.03547 -4.66706e-02 | 38 -0.04435 -2.42358e-02 | 39 -0.03748 -5.56628e-03
 40 -0.04994 -2.39659e-02 | 41 -0.15754 -7.20232e-02 | 42 -0.65479  6.65454e-02
 43  1.00004  7.10041e-06 | 44 -0.70244  1.05758e-04 | 45  1.00001 -6.91937e-04
 46 -0.99825  6.31972e-04 | 47  1.00042 -5.52915e-05 | 48 -1.27562  7.47158e-05
 49 -0.06956 -5.37076e-03 | 50 -0.04906 -1.01746e-01 | 51 -0.27468  2.79467e-03
 52 -0.55552  6.13590e-02 |
52 variables; iteration 700; function evaluation 816; phase 3
Function value 3.0664834e+03; maximum gradient component mag -5.2004e-02
Var    Value     Gradient |Var    Value     Gradient |Var    Value     Gradient
  1  0.98495 -1.30221e-03 |  2 -0.01952  8.60325e-04 |  3  0.02648  8.80278e-04
  4  0.00332  8.79379e-04 |  5 -0.11289  6.45852e-04 |  6  0.00105  7.78141e-04
  7 -0.08343  6.85980e-04 |  8 -0.06635  6.99054e-04 |  9 -0.00513  7.00762e-04
 10  0.10621  6.07268e-04 | 11 -0.04602  3.66699e-04 | 12  0.04261  7.03627e-04
 13 -0.00043  3.15026e-04 | 14  0.04936  2.95951e-04 | 15  0.01278  3.92517e-04
 16 -0.03537  1.97834e-04 | 17  0.01555 -1.32473e-04 | 18  0.09469 -2.89528e-04
 19  0.15432 -3.93373e-04 | 20 -0.00321 -2.89709e-05 | 21 -0.00171 -9.59170e-05
 22 -0.05620  1.52229e-04 | 23 -0.07294  5.68568e-04 | 24  0.03283  5.30691e-04
 25  0.03457 -1.38175e-04 | 26  0.02259 -8.31778e-04 | 27  0.01452 -8.30904e-04
 28  0.05083 -4.58070e-04 | 29  0.02547 -4.01478e-04 | 30  0.05489 -6.91562e-04
 31  0.02969 -7.18841e-04 | 32  0.11262 -1.54964e-03 | 33 -0.03715 -3.75231e-04
 34 -0.06084 -3.09342e-04 | 35  0.01685 -1.38785e-03 | 36 -0.31034  6.34788e-04
 37 -0.03554 -5.20035e-02 | 38 -0.04442 -2.51787e-02 | 39 -0.03755 -6.42194e-03
 40 -0.05001 -2.94469e-02 | 41 -0.13229  1.96494e-02 | 42 -0.64354 -2.50404e-03
 43  1.00004  8.82506e-05 | 44 -0.70244 -3.41999e-04 | 45  1.00001  1.85851e-03
 46 -0.99826  1.24606e-04 | 47  1.00042 -1.19729e-04 | 48 -1.27562  1.25143e-04
 49 -0.08660  2.13796e-03 | 50 -0.06604  2.71266e-02 | 51 -0.28322 -1.27307e-04
 52 -0.56769 -2.58662e-03 |
52 variables; iteration 720; function evaluation 837; phase 3
Function value 3.0664834e+03; maximum gradient component mag -5.8430e-02
Var    Value     Gradient |Var    Value     Gradient |Var    Value     Gradient
  1  0.98522 -1.33036e-03 |  2 -0.01952  5.54538e-03 |  3  0.02648  3.54191e-03
  4  0.00332  2.75362e-03 |  5 -0.11289  4.81041e-03 |  6  0.00105  2.87503e-03
  7 -0.08343  4.04917e-03 |  8 -0.06635  3.27076e-03 |  9 -0.00513  3.86363e-03
 10  0.10622  4.56964e-03 | 11 -0.04602  3.57920e-03 | 12  0.04261  3.20773e-03
 13 -0.00043  3.96764e-03 | 14  0.04936  3.38950e-03 | 15  0.01278  1.31303e-03
 16 -0.03537  2.01980e-03 | 17  0.01555  1.18541e-03 | 18  0.09469  2.12654e-03
 19  0.15432  1.70889e-03 | 20 -0.00321  1.47640e-03 | 21 -0.00171  3.37738e-03
 22 -0.05620  2.55862e-03 | 23 -0.07294  3.11105e-03 | 24  0.03283  3.92345e-03
 25  0.03457  1.91841e-03 | 26  0.02259  2.01977e-03 | 27  0.01452  6.08850e-05
 28  0.05083  4.39351e-03 | 29  0.02547  3.13923e-03 | 30  0.05489  5.98722e-04
 31  0.02969  2.99347e-03 | 32  0.11262  4.43526e-03 | 33 -0.03715  2.38764e-03
 34 -0.06084  2.15204e-03 | 35  0.01685  2.74694e-03 | 36 -0.31034  3.49603e-03
 37 -0.03555 -5.84299e-02 | 38 -0.04442 -3.73797e-02 | 39 -0.03755 -3.45897e-03
 40 -0.05001 -1.88362e-02 | 41 -0.11451 -1.90792e-02 | 42 -0.64386  5.74298e-02
 43  1.00004  6.16497e-06 | 44 -0.70243  3.14228e-03 | 45  1.00002  3.58644e-03
 46 -0.99823  2.90318e-03 | 47  1.00044  8.25175e-05 | 48 -1.27562 -8.02834e-04
 49 -0.09872  1.34128e-03 | 50 -0.07810 -2.93845e-02 | 51 -0.28297  2.80404e-03
 52 -0.56734  4.94655e-02 |
52 variables; iteration 740; function evaluation 860; phase 3
Function value 3.0664834e+03; maximum gradient component mag -1.9014e-02
Var    Value     Gradient |Var    Value     Gradient |Var    Value     Gradient
  1  0.98253 -6.85145e-04 |  2 -0.01952 -6.83600e-04 |  3  0.02648 -2.52945e-05
  4  0.00332 -1.45227e-04 |  5 -0.11289 -4.24684e-04 |  6  0.00105 -1.13747e-04
  7 -0.08343 -2.56558e-04 |  8 -0.06635 -3.38991e-04 |  9 -0.00513 -2.32745e-04
 10  0.10621 -4.76630e-04 | 11 -0.04602  1.60066e-04 | 12  0.04261  6.36472e-05
 13 -0.00043 -7.87514e-04 | 14  0.04936 -4.24866e-04 | 15  0.01278  2.85846e-05
 16 -0.03537 -1.89097e-04 | 17  0.01555 -2.44159e-04 | 18  0.09469 -5.71131e-05
 19  0.15432 -3.89560e-04 | 20 -0.00321 -3.95729e-04 | 21 -0.00171 -5.98399e-04
 22 -0.05620 -7.05275e-04 | 23 -0.07294 -3.59237e-04 | 24  0.03283 -5.09782e-04
 25  0.03457 -6.16314e-04 | 26  0.02259 -8.67431e-04 | 27  0.01452 -7.79789e-04
 28  0.05083 -1.40212e-03 | 29  0.02547 -1.36625e-03 | 30  0.05489 -4.93398e-04
 31  0.02969 -1.04145e-03 | 32  0.11262 -1.32744e-03 | 33 -0.03715 -3.92482e-04
 34 -0.06084 -5.63075e-04 | 35  0.01685 -1.68068e-03 | 36 -0.31034 -4.22695e-04
 37 -0.03552 -1.90145e-02 | 38 -0.04439 -8.41594e-03 | 39 -0.03752 -4.84007e-03
 40 -0.04998 -1.30130e-02 | 41 -0.11496  1.39062e-02 | 42 -0.65022 -1.65920e-03
 43  1.00004 -6.76631e-06 | 44 -0.70244  1.30633e-04 | 45  1.00001 -2.51269e-03
 46 -0.99826  2.32634e-04 | 47  1.00043  1.02732e-05 | 48 -1.27562  2.73145e-04
 49 -0.09841  2.90730e-03 | 50 -0.07780  1.74520e-02 | 51 -0.27811 -7.42786e-04
 52 -0.56039 -1.08538e-03 |
52 variables; iteration 760; function evaluation 880; phase 3
Function value 3.0664834e+03; maximum gradient component mag -6.7826e-04
Var    Value     Gradient |Var    Value     Gradient |Var    Value     Gradient
  1  0.98238 -1.51690e-04 |  2 -0.01952 -3.68919e-06 |  3  0.02648  2.97743e-07
  4  0.00332  7.77331e-07 |  5 -0.11289 -5.33396e-06 |  6  0.00105 -9.62761e-07
  7 -0.08343 -2.95628e-06 |  8 -0.06635 -2.01555e-06 |  9 -0.00513 -3.47610e-06
 10  0.10621 -6.67908e-06 | 11 -0.04602 -7.34291e-06 | 12  0.04261 -1.77950e-06
 13 -0.00043 -1.02753e-05 | 14  0.04936 -6.83219e-06 | 15  0.01278  1.45785e-06
 16 -0.03537 -7.99672e-06 | 17  0.01555 -8.41450e-06 | 18  0.09469 -1.45179e-05
 19  0.15432 -1.15829e-05 | 20 -0.00321 -1.00355e-05 | 21 -0.00171 -1.06558e-05
 22 -0.05620 -7.28079e-06 | 23 -0.07294  1.30705e-06 | 24  0.03283 -6.45950e-06
 25  0.03457 -1.02865e-05 | 26  0.02259 -2.36460e-05 | 27  0.01452 -1.88083e-05
 28  0.05083 -2.19410e-05 | 29  0.02547 -2.18564e-05 | 30  0.05489 -1.53050e-05
 31  0.02969 -2.15186e-05 | 32  0.11262 -3.74664e-05 | 33 -0.03715 -1.81884e-05
 34 -0.06084 -1.33456e-05 | 35  0.01685 -2.61787e-05 | 36 -0.31034 -3.10604e-06
 37 -0.03551 -6.78255e-04 | 38 -0.04439 -2.98667e-04 | 39 -0.03752 -1.10024e-04
 40 -0.04998 -4.19622e-04 | 41 -0.11713  7.62383e-06 | 42 -0.65049  8.93829e-05
 43  1.00004  3.50915e-06 | 44 -0.70244 -4.84104e-06 | 45  1.00001  1.29242e-06
 46 -0.99826 -1.76247e-06 | 47  1.00043 -3.83305e-06 | 48 -1.27562  5.72576e-07
 49 -0.09693  5.78635e-06 | 50 -0.07632  1.54871e-06 | 51 -0.27791 -1.74877e-06
 52 -0.56010  3.33721e-05 |
52 variables; iteration 780; function evaluation 905; phase 3
Function value 3.0664834e+03; maximum gradient component mag -4.1574e-02
Var    Value     Gradient |Var    Value     Gradient |Var    Value     Gradient
  1  0.98575 -1.04236e-03 |  2 -0.01952  4.98775e-04 |  3  0.02648  5.87680e-04
  4  0.00332  5.75767e-04 |  5 -0.11289  5.01658e-04 |  6  0.00105  5.74037e-04
  7 -0.08343  5.58882e-04 |  8 -0.06635  5.56390e-04 |  9 -0.00513  5.56545e-04
 10  0.10621  2.97993e-04 | 11 -0.04602  4.30607e-04 | 12  0.04261  4.48221e-04
 13 -0.00043  2.86309e-04 | 14  0.04936  4.61747e-05 | 15  0.01278  2.20006e-04
 16 -0.03537  2.74789e-04 | 17  0.01555  6.80431e-06 | 18  0.09469 -1.61226e-04
 19  0.15432 -4.72402e-04 | 20 -0.00321  1.17424e-04 | 21 -0.00171 -1.14862e-04
 22 -0.05620  8.57224e-05 | 23 -0.07294  4.24443e-04 | 24  0.03283  2.64990e-04
 25  0.03457 -1.86739e-04 | 26  0.02259 -5.57385e-04 | 27  0.01452 -6.57235e-04
 28  0.05083 -1.07923e-03 | 29  0.02547 -5.73986e-04 | 30  0.05489 -5.35712e-04
 31  0.02969 -6.55001e-04 | 32  0.11262 -1.74370e-03 | 33 -0.03715 -2.80523e-04
 34 -0.06084 -4.11700e-04 | 35  0.01685 -1.35659e-03 | 36 -0.31034  4.02059e-04
 37 -0.03555 -4.15740e-02 | 38 -0.04443 -1.91148e-02 | 39 -0.03756 -5.97873e-03
 40 -0.05002 -2.73701e-02 | 41 -0.11696  1.52550e-02 | 42 -0.65180 -1.50353e-02
 43  1.00004 -3.71207e-05 | 44 -0.70244 -2.45720e-04 | 45  1.00001  1.58702e-04
 46 -0.99826 -4.58280e-05 | 47  1.00043 -6.43707e-06 | 48 -1.27562  2.11043e-05
 49 -0.09705  1.05817e-03 | 50 -0.07644  2.13372e-02 | 51 -0.27692 -5.83015e-04
 52 -0.55870 -1.36447e-02 |
52 variables; iteration 800; function evaluation 926; phase 3
Function value 3.0664834e+03; maximum gradient component mag -2.2519e-02
Var    Value     Gradient |Var    Value     Gradient |Var    Value     Gradient
  1  0.99156 -3.57066e-04 |  2 -0.01952  1.78006e-04 |  3  0.02648  1.30972e-04
  4  0.00332  2.01355e-04 |  5 -0.11289  1.85604e-04 |  6  0.00105  1.08708e-04
  7 -0.08343  1.83087e-04 |  8 -0.06635  2.31227e-04 |  9 -0.00513  1.58206e-04
 10  0.10621 -4.06687e-05 | 11 -0.04602  8.04324e-05 | 12  0.04261  1.66217e-05
 13 -0.00043 -1.48797e-04 | 14  0.04936 -1.54571e-04 | 15  0.01278 -3.44057e-05
 16 -0.03537 -1.04495e-04 | 17  0.01555 -1.62344e-04 | 18  0.09469 -1.68070e-04
 19  0.15432 -1.44887e-04 | 20 -0.00321 -6.93452e-05 | 21 -0.00171 -1.58454e-04
 22 -0.05620 -1.79347e-04 | 23 -0.07294  8.20974e-06 | 24  0.03283  7.73738e-05
 25  0.03457 -2.45768e-04 | 26  0.02259 -4.06407e-04 | 27  0.01452 -5.02471e-04
 28  0.05083 -7.81632e-04 | 29  0.02547 -4.33068e-04 | 30  0.05489 -4.71978e-04
 31  0.02969 -6.06939e-04 | 32  0.11262 -9.23491e-04 | 33 -0.03715 -3.71482e-04
 34 -0.06084 -4.37422e-04 | 35  0.01685 -4.18814e-04 | 36 -0.31034  1.11648e-04
 37 -0.03560 -2.25186e-02 | 38 -0.04447 -9.96795e-03 | 39 -0.03760 -3.29478e-03
 40 -0.05006 -1.54803e-02 | 41 -0.11691 -1.56197e-02 | 42 -0.65183  2.13644e-02
 43  1.00004 -2.18151e-05 | 44 -0.70244 -1.14830e-04 | 45  1.00001  3.41251e-05
 46 -0.99826  1.25001e-05 | 47  1.00043 -1.00362e-06 | 48 -1.27562 -2.51721e-05
 49 -0.09708 -5.70552e-04 | 50 -0.07647 -2.23757e-02 | 51 -0.27690  5.79095e-04
 52 -0.55867  1.96148e-02 |
52 variables; iteration 820; function evaluation 947; phase 3
Function value 3.0664834e+03; maximum gradient component mag -1.0424e-02
Var    Value     Gradient |Var    Value     Gradient |Var    Value     Gradient
  1  0.99517 -9.74135e-05 |  2 -0.01952  1.71839e-04 |  3  0.02648  1.79729e-04
  4  0.00332  1.70190e-04 |  5 -0.11289  1.63360e-04 |  6  0.00105  1.79529e-04
  7 -0.08343  1.69404e-04 |  8 -0.06635  1.64229e-04 |  9 -0.00513  1.71318e-04
 10  0.10621  1.08535e-04 | 11 -0.04602  1.37640e-04 | 12  0.04261  1.32852e-04
 13 -0.00043  7.72260e-05 | 14  0.04936  4.76022e-05 | 15  0.01278  7.06957e-05
 16 -0.03537  7.08693e-05 | 17  0.01555  5.59563e-06 | 18  0.09469 -3.34359e-05
 19  0.15432 -6.97232e-05 | 20 -0.00321  3.59831e-05 | 21 -0.00171 -1.47925e-05
 22 -0.05620  4.38636e-05 | 23 -0.07294  1.14550e-04 | 24  0.03283  1.17466e-04
 25  0.03457 -2.69887e-05 | 26  0.02259 -1.42847e-04 | 27  0.01452 -1.66252e-04
 28  0.05083 -1.93445e-04 | 29  0.02547 -1.03114e-04 | 30  0.05489 -1.27818e-04
 31  0.02969 -1.31708e-04 | 32  0.11262 -3.61010e-04 | 33 -0.03715 -4.29777e-05
 34 -0.06084 -5.26305e-05 | 35  0.01685 -2.44468e-04 | 36 -0.31034  1.38550e-04
 37 -0.03562 -1.04242e-02 | 38 -0.04449 -4.89628e-03 | 39 -0.03762 -1.51512e-03
 40 -0.05008 -6.86831e-03 | 41 -0.11771  1.04044e-03 | 42 -0.65169 -4.90059e-05
 43  1.00004 -1.63244e-06 | 44 -0.70244 -1.24481e-05 | 45  1.00001 -1.37382e-05
 46 -0.99826 -2.05224e-06 | 47  1.00043  2.68800e-08 | 48 -1.27562  2.52826e-05
 49 -0.09653  1.36456e-04 | 50 -0.07593  1.39633e-03 | 51 -0.27700 -8.61250e-06
 52 -0.55881 -2.63803e-05 |
  ic > imax  in fminim is answer attained ?
Var    Value     Gradient |Var    Value     Gradient |Var    Value     Gradient
  1  0.99643 -6.67928e-07 |  2 -0.01952  2.41042e-06 |  3  0.02648  2.35186e-06
  4  0.00332  2.31058e-06 |  5 -0.11289  2.26410e-06 |  6  0.00105  2.40947e-06
  7 -0.08343  2.36326e-06 |  8 -0.06635  2.16020e-06 |  9 -0.00513  2.32624e-06
 10  0.10621  1.43074e-06 | 11 -0.04602  2.06040e-06 | 12  0.04261  1.78953e-06
 13 -0.00043  9.92106e-07 | 14  0.04936  1.06153e-06 | 15  0.01278  1.14483e-06
 16 -0.03537  1.00669e-06 | 17  0.01555  3.35422e-07 | 18  0.09469 -1.76925e-07
 19  0.15432 -3.11175e-07 | 20 -0.00321  5.50125e-07 | 21 -0.00171 -1.11118e-07
 22 -0.05620  8.36624e-07 | 23 -0.07294  1.52430e-06 | 24  0.03283  1.89689e-06
 25  0.03457 -1.43216e-08 | 26  0.02259 -1.63257e-06 | 27  0.01452 -1.65275e-06
 28  0.05083 -9.57699e-07 | 29  0.02547 -6.19063e-07 | 30  0.05489 -1.13241e-06
 31  0.02969 -8.51146e-07 | 32  0.11262 -3.03382e-06 | 33 -0.03715  1.30947e-07
 34 -0.06084  3.01743e-07 | 35  0.01685 -1.48103e-06 | 36 -0.31034  2.07027e-06
 37 -0.03562 -1.12702e-04 | 38 -0.04449 -5.46389e-05 | 39 -0.03762 -1.66570e-05
 40 -0.05008 -7.29157e-05 | 41 -0.11740 -2.30120e-05 | 42 -0.65145  3.65521e-05
 43  1.00004  2.69712e-07 | 44 -0.70244  2.41280e-07 | 45  1.00001 -4.25822e-07
 46 -0.99826 -6.48207e-08 | 47  1.00043 -2.32224e-09 | 48 -1.27562  6.25580e-07
 49 -0.09675 -9.21959e-07 | 50 -0.07614 -3.27898e-05 | 51 -0.27719  1.63442e-06
 52 -0.55908  3.30595e-05 |
Function minimizer not making progress ... is minimum attained?
Minimprove criterion = 0.0000e+00
Warning: the following parameters had issues
  SR_parm[1] is within 0.1% of upper bound: 5.0000e+00 < 2.5000e+01 < 2.5000e+01
  selparm[3] is within 0.1% of upper bound: -3.0000e+00 < 1.5000e+01 < 1.5000e+01
  selparm[5] is within 0.1% of upper bound: -1.0000e+00 < 1.5000e+01 < 1.5000e+01
  selparm[6] is within 0.1% of lower bound: -1.0000e+00 < -9.9996e-01 < 2.0000e+01
  selparm[7] is within 0.1% of upper bound: -3.0000e+00 < 1.5000e+01 < 1.5000e+01


 - final statistics:
52 variables; iteration 834; function evaluation 991
Function value 3.0665e+03; maximum gradient component mag -1.1270e-04
Exit code = 1;  converg criter 1.0000e-04
Var    Value     Gradient |Var    Value     Gradient |Var    Value     Gradient
  1  0.99643 -6.67928e-07 |  2 -0.01952  2.41042e-06 |  3  0.02648  2.35186e-06
  4  0.00332  2.31058e-06 |  5 -0.11289  2.26410e-06 |  6  0.00105  2.40947e-06
  7 -0.08343  2.36326e-06 |  8 -0.06635  2.16020e-06 |  9 -0.00513  2.32624e-06
 10  0.10621  1.43074e-06 | 11 -0.04602  2.06040e-06 | 12  0.04261  1.78953e-06
 13 -0.00043  9.92106e-07 | 14  0.04936  1.06153e-06 | 15  0.01278  1.14483e-06
 16 -0.03537  1.00669e-06 | 17  0.01555  3.35422e-07 | 18  0.09469 -1.76925e-07
 19  0.15432 -3.11175e-07 | 20 -0.00321  5.50125e-07 | 21 -0.00171 -1.11118e-07
 22 -0.05620  8.36624e-07 | 23 -0.07294  1.52430e-06 | 24  0.03283  1.89689e-06
 25  0.03457 -1.43216e-08 | 26  0.02259 -1.63257e-06 | 27  0.01452 -1.65275e-06
 28  0.05083 -9.57699e-07 | 29  0.02547 -6.19063e-07 | 30  0.05489 -1.13241e-06
 31  0.02969 -8.51146e-07 | 32  0.11262 -3.03382e-06 | 33 -0.03715  1.30947e-07
 34 -0.06084  3.01743e-07 | 35  0.01685 -1.48103e-06 | 36 -0.31034  2.07027e-06
 37 -0.03562 -1.12702e-04 | 38 -0.04449 -5.46389e-05 | 39 -0.03762 -1.66570e-05
 40 -0.05008 -7.29157e-05 | 41 -0.11740 -2.30120e-05 | 42 -0.65145  3.65521e-05
 43  1.00004  2.69712e-07 | 44 -0.70244  2.41280e-07 | 45  1.00001 -4.25822e-07
 46 -0.99826 -6.48207e-08 | 47  1.00043 -2.32224e-09 | 48 -1.27562  6.25580e-07
 49 -0.09675 -9.21959e-07 | 50 -0.07614 -3.27898e-05 | 51 -0.27719  1.63442e-06
 52 -0.55908  3.30595e-05 |
Estimating row 1 out of 52 for hessian
Estimating row 2 out of 52 for hessian
Estimating row 3 out of 52 for hessian
Estimating row 4 out of 52 for hessian
Estimating row 5 out of 52 for hessian
Estimating row 6 out of 52 for hessian
Estimating row 7 out of 52 for hessian
Estimating row 8 out of 52 for hessian
Estimating row 9 out of 52 for hessian
Estimating row 10 out of 52 for hessian
Estimating row 11 out of 52 for hessian
Estimating row 12 out of 52 for hessian
Estimating row 13 out of 52 for hessian
Estimating row 14 out of 52 for hessian
Estimating row 15 out of 52 for hessian
Estimating row 16 out of 52 for hessian
Estimating row 17 out of 52 for hessian
Estimating row 18 out of 52 for hessian
Estimating row 19 out of 52 for hessian
Estimating row 20 out of 52 for hessian
Estimating row 21 out of 52 for hessian
Estimating row 22 out of 52 for hessian
Estimating row 23 out of 52 for hessian
Estimating row 24 out of 52 for hessian
Estimating row 25 out of 52 for hessian
Estimating row 26 out of 52 for hessian
Estimating row 27 out of 52 for hessian
Estimating row 28 out of 52 for hessian
Estimating row 29 out of 52 for hessian
Estimating row 30 out of 52 for hessian
Estimating row 31 out of 52 for hessian
Estimating row 32 out of 52 for hessian
Estimating row 33 out of 52 for hessian
Estimating row 34 out of 52 for hessian
Estimating row 35 out of 52 for hessian
Estimating row 36 out of 52 for hessian
Estimating row 37 out of 52 for hessian
Estimating row 38 out of 52 for hessian
Estimating row 39 out of 52 for hessian
Estimating row 40 out of 52 for hessian
Estimating row 41 out of 52 for hessian
Estimating row 42 out of 52 for hessian
Estimating row 43 out of 52 for hessian
Estimating row 44 out of 52 for hessian
Estimating row 45 out of 52 for hessian
Estimating row 46 out of 52 for hessian
Estimating row 47 out of 52 for hessian
Estimating row 48 out of 52 for hessian
Estimating row 49 out of 52 for hessian
Estimating row 50 out of 52 for hessian
Estimating row 51 out of 52 for hessian
Estimating row 52 out of 52 for hessian
size of file gradfil1.tmp = 0
size of file gradfil2.tmp = 0
size of file varssave.tmp = 0
size of file cmpdiff.tmp = 0
