
Initial statistics: 36 variables; iteration 0; function evaluation 0; phase 1
Function value 9.2457157e+03; maximum gradient component mag -1.1315e+05
Var    Value     Gradient |Var    Value     Gradient |Var    Value     Gradient
  1 -0.00220 -1.13149e+05 |  2  0.01984  6.44143e+02 |  3  0.00485 -1.87469e+02
  4  0.02355  8.61716e+02 |  5 -0.10017  1.28785e+03 |  6 -0.06679  8.35360e+02
  7 -0.13971  1.53508e+03 |  8 -0.04574  1.46764e+03 |  9 -0.02756  1.24067e+03
 10  0.09406 -3.23977e+02 | 11 -0.07084  2.34888e+02 | 12  0.00423 -7.88758e+02
 13 -0.01611 -7.00357e+02 | 14  0.06389 -5.99958e+02 | 15  0.04028 -5.98132e+01
 16 -0.02847  6.69051e+01 | 17  0.02129 -6.22088e+01 | 18  0.05414 -8.54784e+02
 19  0.09390 -2.09542e+03 | 20 -0.00497 -5.15724e+02 | 21 -0.19367  9.03032e+02
 22 -0.05322  5.63221e+02 | 23  0.05448  6.22150e+02 | 24  0.05239  1.71343e+02
 25 -0.05283  6.67665e+02 | 26  0.03843 -5.23020e+02 | 27  0.03910 -3.33960e+02
 28  0.00192 -6.54538e+02 | 29 -0.03851 -3.84147e+02 | 30 -0.01493 -6.19470e+02
 31  0.07139 -1.88316e+03 | 32  0.10001 -1.87308e+03 | 33  0.02764 -2.56234e+02
 34  0.02744  6.58121e+00 | 35  0.05917 -1.42589e+02 | 36 -0.04175  1.70200e+03

Intermediate statistics: 36 variables; iteration 20; function evaluation 33; phase 1
Function value 5.6220289e+03; maximum gradient component mag -1.0878e+04
Var    Value     Gradient |Var    Value     Gradient |Var    Value     Gradient
  1  0.04387 -1.08781e+04 |  2 -0.07653 -9.77440e+00 |  3 -0.00448 -1.34535e+02
  4 -0.05364  7.00854e+01 |  5 -0.24744  1.17129e+02 |  6 -0.02939  1.41607e+02
  7 -0.15279  1.70677e+02 |  8 -0.10997  1.49167e+02 |  9  0.07173  2.09661e+02
 10  0.22014  2.63009e+02 | 11 -0.04255  3.14849e+01 | 12 -0.05135 -1.60429e+02
 13 -0.10962 -1.39176e+02 | 14  0.20034  2.35480e+02 | 15 -0.03768  2.17008e+01
 16  0.16282  2.08021e+02 | 17 -0.02206 -1.80877e+01 | 18  0.20472  4.31027e+01
 19  0.00584 -3.37183e+02 | 20 -0.15207 -1.73867e+02 | 21 -0.02654  9.72382e+01
 22 -0.02540  3.74444e+01 | 23  0.00659  6.44974e+01 | 24  0.06743  2.36841e+01
 25  0.09390  1.12162e+02 | 26  0.03285  5.91950e+01 | 27  0.15746  1.49603e+02
 28 -0.03785 -6.39783e+01 | 29  0.11498  5.32486e+01 | 30  0.01732 -2.32452e+01
 31 -0.04413 -2.41911e+02 | 32  0.16029 -1.61544e+02 | 33  0.05132 -1.18261e+01
 34 -0.03155 -4.75218e+01 | 35  0.02706 -8.94660e+01 | 36 -0.32364  9.91357e+01
36 variables; iteration 40; function evaluation 64; phase 1
Function value 5.5152945e+03; maximum gradient component mag -4.5707e+03
Var    Value     Gradient |Var    Value     Gradient |Var    Value     Gradient
  1  0.06079 -4.57073e+03 |  2 -0.09668 -1.03105e+02 |  3 -0.06279 -1.99714e+02
  4 -0.06519 -4.14551e+01 |  5 -0.21532  4.18899e+01 |  6 -0.03023 -9.50790e+00
  7 -0.11957  6.93402e+01 |  8 -0.03963  9.17315e+01 |  9  0.06323  8.85312e+01
 10  0.26086  4.05301e+02 | 11  0.00640  1.00236e+01 | 12 -0.00670 -2.31574e+02
 13 -0.27335 -2.92269e+02 | 14  0.12243 -9.96721e+01 | 15 -0.01667 -8.46215e+00
 16  0.10613 -3.64167e+01 | 17  0.04333  5.79364e+01 | 18  0.15149 -1.14292e+02
 19  0.05751 -2.58334e+02 | 20 -0.08816 -1.21190e+02 | 21 -0.06781 -1.50841e+01
 22 -0.01645  2.87067e+01 | 23 -0.02931 -1.34009e+01 | 24  0.03373 -4.94118e+01
 25  0.04568  4.49197e+01 | 26  0.02739  8.36080e+01 | 27  0.15139  3.95405e+02
 28  0.01345  5.14658e+01 | 29  0.06143  1.06194e+01 | 30  0.00247  7.40482e+00
 31  0.07310 -1.75590e+01 | 32  0.09360 -1.24964e+02 | 33 -0.00185 -7.83962e+01
 34 -0.01422  3.47056e+01 | 35  0.05195  8.48451e+01 | 36 -0.23459  8.73718e+01
36 variables; iteration 60; function evaluation 86; phase 1
Function value 5.3019591e+03; maximum gradient component mag -1.2412e+02
Var    Value     Gradient |Var    Value     Gradient |Var    Value     Gradient
  1  0.08449 -1.24121e+02 |  2 -0.02228 -6.61468e+00 |  3  0.03283 -7.15916e+00
  4 -0.00861 -3.89495e+00 |  5 -0.13464 -1.51396e+00 |  6 -0.00251 -3.61649e+00
  7 -0.09695  9.78142e-01 |  8 -0.06801  5.98078e-01 |  9  0.01079  1.47449e+00
 10  0.13615  2.95922e+00 | 11 -0.00815 -4.23755e+00 | 12  0.07210  3.08935e+00
 13  0.06621  1.15001e+00 | 14  0.08495 -4.11549e+00 | 15  0.00080  2.44850e+00
 16  0.09546  3.20438e+00 | 17  0.01953  2.24769e+00 | 18  0.15661  3.36987e+00
 19  0.11957  4.66763e+00 | 20 -0.04349  2.47335e+00 | 21 -0.04818 -1.99618e+00
 22 -0.04453 -1.32455e+00 | 23 -0.05247 -4.89482e-01 | 24  0.02855  2.21092e+00
 25  0.00779  1.05730e+00 | 26 -0.02224  2.70005e+00 | 27  0.04791  1.03203e+01
 28 -0.01459  3.21037e+00 | 29  0.02480  3.39168e+00 | 30 -0.03086 -1.31705e-02
 31  0.03210  1.62774e+00 | 32  0.06529 -1.09041e+01 | 33 -0.02265 -9.57687e+00
 34 -0.06256 -8.81665e+00 | 35 -0.01078 -1.05708e+01 | 36 -0.31913  3.94194e-01

 - final statistics:
36 variables; iteration 63; function evaluation 89
Function value 5.3017e+03; maximum gradient component mag -1.6502e+00
Exit code = 1;  converg criter 1.0000e+01
Var    Value     Gradient |Var    Value     Gradient |Var    Value     Gradient
  1  0.08625  1.42122e+00 |  2 -0.01395  2.45591e-01 |  3  0.04379 -1.35200e-01
  4  0.00384  1.42816e-01 |  5 -0.12050  1.04458e+00 |  6  0.00792  2.15578e-01
  7 -0.08771 -3.05410e-01 |  8 -0.06197 -2.30134e-01 |  9  0.01204  1.18650e-01
 10  0.13325 -7.73673e-01 | 11 -0.00696  3.72599e-01 | 12  0.06881 -2.59294e-01
 13  0.06303 -6.08387e-01 | 14  0.08287 -1.65023e+00 | 15 -0.00264 -7.06848e-01
 16  0.09167 -3.17173e-01 | 17  0.01603  1.52391e-01 | 18  0.15284  1.21241e-01
 19  0.11578  4.53892e-01 | 20 -0.04684  2.08223e-01 | 21 -0.04978 -6.96470e-02
 22 -0.04635  6.13735e-01 | 23 -0.05433  7.46835e-01 | 24  0.02513  6.75755e-01
 25  0.00507  3.74378e-01 | 26 -0.02555  5.15501e-01 | 27  0.04275 -1.11905e-01
 28 -0.01791 -6.13574e-02 | 29  0.02100  4.43628e-01 | 30 -0.03362  1.16205e-01
 31  0.02769 -6.13963e-01 | 32  0.06341  6.20895e-01 | 33 -0.02453 -6.37576e-01
 34 -0.06338 -4.77434e-02 | 35 -0.01103 -5.00110e-01 | 36 -0.32065 -1.36387e-01

Initial statistics: 46 variables; iteration 0; function evaluation 0; phase 2
Function value 5.3016826e+03; maximum gradient component mag 2.8932e+03
Var    Value     Gradient |Var    Value     Gradient |Var    Value     Gradient
  1  0.08625  1.42122e+00 |  2 -0.01395  2.45806e-01 |  3  0.04379 -1.34986e-01
  4  0.00384  1.43032e-01 |  5 -0.12050  1.04479e+00 |  6  0.00792  2.15793e-01
  7 -0.08771 -3.05197e-01 |  8 -0.06197 -2.29920e-01 |  9  0.01204  1.18865e-01
 10  0.13325 -7.73463e-01 | 11 -0.00696  3.72814e-01 | 12  0.06881 -2.59080e-01
 13  0.06303 -6.08173e-01 | 14  0.08287 -1.65002e+00 | 15 -0.00264 -7.06633e-01
 16  0.09167 -3.16960e-01 | 17  0.01603  1.52606e-01 | 18  0.15284  1.21450e-01
 19  0.11578  4.54103e-01 | 20 -0.04684  2.08437e-01 | 21 -0.04978 -6.94326e-02
 22 -0.04635  6.13949e-01 | 23 -0.05433  7.47049e-01 | 24  0.02513  6.75969e-01
 25  0.00507  3.74593e-01 | 26 -0.02555  5.15716e-01 | 27  0.04275 -1.11691e-01
 28 -0.01791 -6.11424e-02 | 29  0.02100  4.43844e-01 | 30 -0.03362  1.16420e-01
 31  0.02769 -6.13748e-01 | 32  0.06341  6.21109e-01 | 33 -0.02453 -6.37361e-01
 34 -0.06338 -4.75294e-02 | 35 -0.01103 -4.99895e-01 | 36 -0.32065 -1.36199e-01
 37  0.20917 -2.42279e+03 | 38  0.27619  2.89321e+03 | 39  0.24336  1.15360e+03
 40  0.22271 -1.08597e+02 | 41 -0.04518 -8.46946e+02 | 42 -0.38433  1.21237e+03
 43 -0.05885 -6.78618e+01 | 44 -0.11255 -1.14869e+03 | 45 -0.23262  9.24071e+01
 46 -0.41678  8.11581e+02 |

Intermediate statistics: 46 variables; iteration 20; function evaluation 32; phase 2
Function value 4.8866326e+03; maximum gradient component mag -4.7052e+03
Var    Value     Gradient |Var    Value     Gradient |Var    Value     Gradient
  1  0.11223 -2.76524e+03 |  2 -0.00436  5.51568e+01 |  3  0.05210  1.06267e+02
  4  0.00357  4.21691e+01 |  5 -0.12310  2.44914e+01 |  6 -0.00160  6.52091e+01
  7 -0.10012  1.96927e+01 |  8 -0.07173  3.54721e+01 |  9 -0.00350  4.52671e+01
 10  0.10149  3.17227e+01 | 11 -0.03558  3.03348e+01 | 12  0.01369 -1.01614e+01
 13  0.00882 -4.73730e+00 | 14  0.05072 -1.19530e+01 | 15 -0.03019 -9.21120e+00
 16  0.11168 -2.28437e+01 | 17  0.01035 -9.09624e+01 | 18  0.17177 -1.84109e+01
 19  0.09768 -1.32023e+02 | 20 -0.02195 -6.81226e+00 | 21 -0.06925 -1.58664e+01
 22 -0.01313  4.98052e+01 | 23 -0.00682  5.42674e+01 | 24  0.02604  7.81924e+01
 25 -0.00460  5.18798e+00 | 26  0.02294  7.22645e+01 | 27  0.04572  3.53399e+01
 28 -0.01029 -3.11126e+00 | 29  0.01196 -1.10814e+02 | 30 -0.04102 -9.00232e+01
 31  0.02272 -9.10925e+01 | 32  0.08662  5.05923e+01 | 33 -0.00926  2.15451e+01
 34 -0.07419 -2.72890e+01 | 35 -0.00190 -9.11461e+01 | 36 -0.21449  6.87581e+00
 37  0.18880 -4.70521e+03 | 38  0.23866 -2.78541e+02 | 39  0.16970 -1.84323e+03
 40  0.20025 -5.34491e+02 | 41  0.12697  9.45167e+02 | 42 -0.60419  1.23509e+02
 43 -0.20876  2.55697e+02 | 44 -0.18614  1.08443e+03 | 45 -0.34081 -1.39158e+02
 46 -0.52808  2.18344e+02 |
46 variables; iteration 40; function evaluation 61; phase 2
Function value 4.7580337e+03; maximum gradient component mag 1.5998e+03
Var    Value     Gradient |Var    Value     Gradient |Var    Value     Gradient
  1  0.06887  1.59978e+03 |  2 -0.00445 -5.26356e+00 |  3  0.02629 -2.49002e+01
  4 -0.01372 -4.86156e-01 |  5 -0.15798 -4.58604e+01 |  6 -0.04224 -5.19260e+01
  7 -0.13931 -5.10160e+01 |  8 -0.08365 -2.54411e+01 |  9  0.02695  3.81469e+01
 10  0.09949 -4.47356e+01 | 11 -0.03476 -1.44016e+01 | 12  0.01600 -3.39108e+01
 13  0.04702  9.89452e+01 | 14  0.07534  5.09721e+01 | 15 -0.01984 -2.20362e+01
 16  0.10787  5.14777e+00 | 17  0.03291  4.75767e+00 | 18  0.16541  2.39242e+01
 19  0.13461  7.78937e+01 | 20 -0.00592  4.24547e+01 | 21 -0.05443 -2.25368e+01
 22 -0.03766 -7.32213e+01 | 23 -0.05493 -1.30872e+02 | 24  0.00380 -6.18724e+01
 25 -0.01041 -1.06610e+02 | 26 -0.02796 -2.29331e+02 | 27  0.04588  4.61008e+01
 28 -0.02271 -4.33306e+01 | 29  0.03532  1.17288e+02 | 30 -0.00727  9.65283e+01
 31  0.04278  1.02042e+02 | 32  0.06034  2.94198e+01 | 33 -0.01506  3.26664e+01
 34 -0.05087  4.69104e+01 | 35  0.03662  1.23631e+02 | 36 -0.17695 -2.46010e+01
 37  0.22923  1.11249e+03 | 38  0.26012 -2.93997e+02 | 39  0.22263 -4.31265e+02
 40  0.23836  9.39433e+02 | 41  0.30098 -1.55908e+02 | 42 -0.74962  3.70214e+02
 43 -0.32674 -5.35410e+01 | 44 -0.33271 -1.67465e+02 | 45 -0.14882  7.97112e+01
 46 -0.42886  5.11196e+02 |
46 variables; iteration 60; function evaluation 88; phase 2
Function value 4.7037785e+03; maximum gradient component mag -9.9623e+01
Var    Value     Gradient |Var    Value     Gradient |Var    Value     Gradient
  1  0.04194 -9.96226e+01 |  2  0.00220  2.51401e+00 |  3  0.04579  1.73409e+00
  4 -0.01126  1.61759e+00 |  5 -0.13256  1.49099e+00 |  6 -0.01625  2.45791e+00
  7 -0.10830  1.62016e+00 |  8 -0.06673  1.38699e+00 |  9  0.01254  6.17248e-01
 10  0.11951 -3.34842e+00 | 11 -0.03168 -9.03470e-01 | 12  0.02470 -1.02931e+00
 13  0.02842 -3.46701e+00 | 14  0.06650 -8.37479e+00 | 15 -0.05696  2.76792e-01
 16  0.06971 -1.10419e+00 | 17 -0.02743  2.46734e-01 | 18  0.12592 -1.30721e-01
 19  0.08154  3.05890e-01 | 20 -0.05239  1.28387e+00 | 21 -0.09036  2.24815e+00
 22 -0.03708  2.86668e+00 | 23  0.00633  3.74894e+00 | 24  0.02490  4.89218e+00
 25  0.00583  4.55231e+00 | 26  0.03240  7.70263e+00 | 27  0.04814 -6.04885e+00
 28  0.00433 -4.19750e+00 | 29  0.01314  1.96408e+00 | 30 -0.02194  9.47705e-01
 31  0.03454  6.89962e-01 | 32  0.08363 -5.96888e+00 | 33  0.00721 -7.27695e+00
 34 -0.02307 -8.07920e+00 | 35  0.01846  2.58391e+00 | 36 -0.18195  1.15198e+00
 37  0.24842 -1.74038e+01 | 38  0.27499  2.70526e+00 | 39  0.25336  2.20061e-01
 40  0.25820  1.71952e+01 | 41  0.22170 -3.96947e+00 | 42 -0.65655 -1.82796e-01
 43 -0.24420 -4.71089e+00 | 44 -0.26223 -9.77796e-01 | 45 -0.26223  3.52065e+00
 46 -0.52362 -2.79765e+00 |

 - final statistics:
46 variables; iteration 65; function evaluation 95
Function value 4.7037e+03; maximum gradient component mag 4.1992e+00
Exit code = 1;  converg criter 1.0000e+01
Var    Value     Gradient |Var    Value     Gradient |Var    Value     Gradient
  1  0.04201  4.19921e+00 |  2  0.00110 -1.08900e-01 |  3  0.04457 -2.68717e-01
  4 -0.01271 -6.42090e-02 |  5 -0.13422 -1.57407e-01 |  6 -0.01819 -4.43924e-02
  7 -0.11030 -1.37200e-01 |  8 -0.06796 -8.68266e-02 |  9  0.01216 -1.90221e-01
 10  0.12007 -3.37903e-01 | 11 -0.03080 -1.04411e-01 | 12  0.02533  1.95777e-01
 13  0.02912 -6.26778e-02 | 14  0.06756  7.42348e-02 | 15 -0.05589 -1.71651e-02
 16  0.07070 -4.76057e-02 | 17 -0.02607  8.03243e-02 | 18  0.12676 -1.50043e-01
 19  0.08229 -1.05218e-01 | 20 -0.05192 -2.37218e-01 | 21 -0.09012 -7.01530e-02
 22 -0.03701 -1.25095e-01 | 23  0.00595 -5.27869e-01 | 24  0.02449 -2.03991e-01
 25  0.00590  1.10419e-01 | 26  0.03215  2.89933e-02 | 27  0.04905  2.77383e-01
 28  0.00488  4.83129e-02 | 29  0.01317 -2.49469e-01 | 30 -0.02176 -3.42564e-01
 31  0.03463  2.66256e-01 | 32  0.08391  6.21458e-01 | 33  0.00756  5.07897e-01
 34 -0.02329  7.16571e-01 | 35  0.01831  8.25678e-01 | 36 -0.18158 -1.42390e-01
 37  0.24821  1.22292e+00 | 38  0.27485  2.11981e-01 | 39  0.25311 -4.33943e-01
 40  0.25792  4.15888e+00 | 41  0.21748  9.24165e-01 | 42 -0.65640 -1.03681e+00
 43 -0.24029 -1.82644e-01 | 44 -0.25949  1.48600e+00 | 45 -0.26308  2.12467e-01
 46 -0.52371 -1.20265e+00 |

Initial statistics: 52 variables; iteration 0; function evaluation 0; phase 3
Function value 4.7037465e+03; maximum gradient component mag -3.7871e+03
Var    Value     Gradient |Var    Value     Gradient |Var    Value     Gradient
  1  0.04201  4.19921e+00 |  2  0.00110 -1.07594e-01 |  3  0.04457 -2.67414e-01
  4 -0.01271 -6.29034e-02 |  5 -0.13422 -1.56130e-01 |  6 -0.01819 -4.30871e-02
  7 -0.11030 -1.35913e-01 |  8 -0.06796 -8.55281e-02 |  9  0.01216 -1.88915e-01
 10  0.12007 -3.36620e-01 | 11 -0.03080 -1.03107e-01 | 12  0.02533  1.97082e-01
 13  0.02912 -6.13733e-02 | 14  0.06756  7.55334e-02 | 15 -0.05589 -1.58643e-02
 16  0.07070 -4.63079e-02 | 17 -0.02607  8.16291e-02 | 18  0.12676 -1.48763e-01
 19  0.08229 -1.03923e-01 | 20 -0.05192 -2.35916e-01 | 21 -0.09012 -6.88601e-02
 22 -0.03701 -1.23791e-01 | 23  0.00595 -5.26563e-01 | 24  0.02449 -2.02686e-01
 25  0.00590  1.11725e-01 | 26  0.03215  3.02975e-02 | 27  0.04905  2.78685e-01
 28  0.00488  4.96188e-02 | 29  0.01317 -2.48164e-01 | 30 -0.02176 -3.41259e-01
 31  0.03463  2.67560e-01 | 32  0.08391  6.22753e-01 | 33  0.00756  5.09203e-01
 34 -0.02329  7.17876e-01 | 35  0.01831  8.26983e-01 | 36 -0.18158 -1.41137e-01
 37  0.24821  1.22292e+00 | 38  0.27485  2.11981e-01 | 39  0.25311 -4.33943e-01
 40  0.25792  4.15888e+00 | 41  0.21748  9.24165e-01 | 42 -0.65640 -1.03681e+00
 43  0.27406 -2.21720e+02 | 44 -0.22309  1.06689e+02 | 45  0.07085 -3.78710e+03
 46 -0.89706  1.00748e+03 | 47  0.32784  4.32677e+02 | 48 -0.37524  8.68303e+01
 49 -0.24029 -1.82644e-01 | 50 -0.25949  1.48600e+00 | 51 -0.26308  2.12467e-01
 52 -0.52371 -1.20265e+00 |

Intermediate statistics: 52 variables; iteration 20; function evaluation 30; phase 3
Function value 3.4956267e+03; maximum gradient component mag -1.2082e+04
Var    Value     Gradient |Var    Value     Gradient |Var    Value     Gradient
  1  0.03612 -5.48792e+03 |  2  0.00390  8.23722e+01 |  3  0.04817  7.69614e+01
  4 -0.01189  8.84428e+01 |  5 -0.13491  8.82085e+01 |  6 -0.01781  8.90047e+01
  7 -0.11226  8.84122e+01 |  8 -0.06610  8.84350e+01 |  9  0.01936  8.93807e+01
 10  0.12441  7.46404e+01 | 11 -0.00745  7.85562e+01 | 12  0.04033  1.04249e+02
 13  0.04499  4.76722e+01 | 14  0.11076  7.35805e+01 | 15  0.12350  8.51492e+01
 16 -0.27687 -1.61873e+02 | 17  0.05487  1.96744e+02 | 18  0.08087 -1.31623e+02
 19  0.13742 -3.74192e+01 | 20 -0.03720  3.25951e+01 | 21  0.02793  6.50070e+01
 22  0.06142 -1.18694e+02 | 23 -0.19089 -1.19732e+02 | 24  0.05511  7.19203e+01
 25  0.07580 -1.20249e+00 | 26  0.04101 -1.13460e+02 | 27  0.07517 -1.84165e+02
 28  0.00438 -2.33971e+02 | 29  0.06616 -8.58853e+01 | 30 -0.02345 -1.83995e+02
 31  0.08160  6.15796e+00 | 32  0.11706  5.60389e+01 | 33 -0.03185  5.14189e+00
 34  0.00509  1.45840e+02 | 35  0.06266  1.22622e+02 | 36 -0.65797 -1.79282e+01
 37  0.24950 -1.32686e+02 | 38  0.16666 -1.20816e+04 | 39  0.24765 -2.63623e+01
 40  0.25549  2.22893e+03 | 41  0.21387 -2.21727e+02 | 42 -0.65704  1.43841e+02
 43  0.37637  9.39231e+01 | 44 -0.35376 -6.38273e+01 | 45  0.59116 -1.62664e+03
 46 -0.98580  2.43662e+01 | 47  0.21901 -1.43850e+02 | 48 -0.48290  3.02201e+01
 49 -0.22852 -1.44602e+01 | 50 -0.26864 -2.97559e+02 | 51 -0.26143  7.99125e+00
 52 -0.52894  1.38152e+02 |
52 variables; iteration 40; function evaluation 55; phase 3
Function value 3.0838347e+03; maximum gradient component mag -4.3066e+03
Var    Value     Gradient |Var    Value     Gradient |Var    Value     Gradient
  1  0.03889 -3.99846e+03 |  2 -0.03715 -8.26005e+01 |  3  0.03122 -1.73258e+02
  4  0.04574  9.91103e+01 |  5 -0.04692  1.18885e+02 |  6  0.06636  1.07663e+02
  7 -0.01422  1.04634e+02 |  8 -0.00272  9.14261e+01 |  9  0.02578  5.49186e+01
 10  0.13261  1.66925e+02 | 11 -0.02226  4.29906e+01 | 12 -0.02356 -5.85617e+01
 13  0.04539  3.97741e+01 | 14  0.08874 -8.82547e+00 | 15  0.07467  1.95982e+01
 16 -0.23991 -1.82132e+02 | 17  0.04273  1.97277e+02 | 18  0.05401 -7.16822e+01
 19  0.09350 -1.07056e+02 | 20 -0.12053 -6.10722e+01 | 21 -0.02816  4.69002e+01
 22  0.04838  1.21751e+02 | 23  0.00186  1.07456e+02 | 24  0.03033  6.67909e+01
 25  0.08236  1.27869e+02 | 26  0.01599 -7.50620e+01 | 27  0.07269  3.45823e+01
 28  0.01178 -8.37033e+01 | 29  0.03057 -3.58877e+01 | 30  0.01088 -5.40138e+01
 31  0.04149 -1.00852e+02 | 32  0.11396  9.16842e+00 | 33 -0.05303 -1.22795e+02
 34  0.00533 -5.62220e+00 | 35  0.02210 -1.44310e+02 | 36 -0.78435 -2.62054e+01
 37  0.25423 -4.37832e+01 | 38  0.21098 -4.30664e+03 | 39  0.24788 -2.26876e+02
 40  0.25072  3.30929e+02 | 41  0.37450 -8.17709e+01 | 42 -0.67403 -7.18638e+00
 43  0.37435  2.26693e+01 | 44 -0.35732 -5.90468e+01 | 45  0.65100 -1.08056e+03
 46 -0.82406  3.19505e+02 | 47  0.21722  4.99561e+01 | 48 -0.48515 -1.15934e+02
 49 -0.38354 -5.59633e+01 | 50 -0.37271 -6.25592e+01 | 51 -0.27698  1.13761e+01
 52 -0.50987 -1.65090e+01 |
52 variables; iteration 60; function evaluation 88; phase 3
Function value 2.8188905e+03; maximum gradient component mag -1.1971e+03
Var    Value     Gradient |Var    Value     Gradient |Var    Value     Gradient
  1  0.04862 -1.19706e+03 |  2 -0.02813 -3.52064e+01 |  3  0.03259 -8.14061e+00
  4 -0.01964  1.36276e+01 |  5 -0.13895  1.60527e+01 |  6 -0.03861 -2.13017e+01
  7 -0.11874  2.33473e+01 |  8 -0.08949 -4.42884e+00 |  9 -0.00258  2.33596e+00
 10  0.10884  8.00081e+00 | 11 -0.01883  1.83312e+01 | 12  0.01231 -5.01159e+00
 13  0.02598 -9.99464e+00 | 14  0.07268 -1.25439e+01 | 15  0.01829 -4.75482e+00
 16 -0.06923 -3.34660e+01 | 17 -0.01098 -7.44234e+00 | 18  0.07135  8.57662e+00
 19  0.11359  2.16617e+01 | 20 -0.05712 -1.61942e+01 | 21 -0.02615  8.14351e-01
 22 -0.01726 -7.44503e+00 | 23 -0.04318 -7.04343e+00 | 24  0.03365 -1.13016e+01
 25  0.05360 -5.90485e+00 | 26  0.03272 -1.22171e+01 | 27  0.04836 -4.83881e+01
 28  0.01874 -4.74582e+01 | 29  0.02693 -7.07415e+00 | 30  0.02487  9.17219e+00
 31  0.05098 -4.20418e+01 | 32  0.08251 -6.31870e+01 | 33 -0.02094 -2.51685e+01
 34 -0.01983 -4.20039e+01 | 35  0.03625 -1.31765e+01 | 36 -0.15499  7.02355e+01
 37  0.24553 -3.80268e+02 | 38  0.22759 -3.02609e+01 | 39  0.24762 -2.59615e+01
 40  0.23877 -2.17540e+02 | 41 -0.19252 -1.13218e+02 | 42 -0.68497  7.65849e+01
 43  0.35845  1.95941e+01 | 44 -0.34886 -2.58892e+00 | 45  0.93552 -6.44337e+01
 46 -0.87254  2.61354e+01 | 47  0.21451 -6.73288e+01 | 48 -0.47710  8.46651e+01
 49  0.03184 -4.32352e+01 | 50  0.01690 -1.29173e+02 | 51 -0.24019  2.54398e+01
 52 -0.49759  6.77892e+01 |
52 variables; iteration 80; function evaluation 108; phase 3
Function value 2.8101820e+03; maximum gradient component mag 4.3423e+00
Var    Value     Gradient |Var    Value     Gradient |Var    Value     Gradient
  1  0.05068  4.34229e+00 |  2 -0.00676 -8.48258e-02 |  3  0.03416 -1.11804e-01
  4 -0.01846 -9.19271e-02 |  5 -0.13884 -9.38974e-02 |  6 -0.02355 -9.51163e-02
  7 -0.11428 -6.28535e-02 |  8 -0.07534 -7.65805e-02 |  9  0.00134 -9.52243e-02
 10  0.10554 -1.12362e-01 | 11 -0.02571 -8.94572e-02 | 12  0.01509 -7.76542e-02
 13  0.02798 -2.94705e-02 | 14  0.07209  8.01186e-02 | 15  0.01686  6.37562e-03
 16 -0.05496  4.39186e-02 | 17 -0.00672  8.10627e-02 | 18  0.07222  3.57667e-02
 19  0.11285 -3.00211e-02 | 20 -0.04469 -6.94716e-02 | 21 -0.02324 -5.24219e-02
 22 -0.01507 -8.10091e-02 | 23 -0.04129 -7.38239e-03 | 24  0.03742  1.49257e-03
 25  0.05305  6.40272e-02 | 26  0.02984  6.48416e-02 | 27  0.05219  1.42421e-01
 28  0.02534  9.24765e-02 | 29  0.02974  8.34757e-02 | 30  0.02108  1.85716e-02
 31  0.05678 -8.71813e-03 | 32  0.08486  2.40810e-02 | 33 -0.02241  2.08251e-02
 34 -0.01785 -1.23308e-02 | 35  0.03059 -1.53867e-01 | 36 -0.25691 -2.72769e-02
 37  0.24399  1.27684e+00 | 38  0.22627  9.80814e-02 | 39  0.24555  3.65856e-01
 40  0.23725  6.88501e-01 | 41 -0.21476  2.45147e-01 | 42 -0.68316 -4.22131e-01
 43  0.35645 -4.59955e-02 | 44 -0.34724 -1.21101e-01 | 45  0.99991 -6.59968e-02
 46 -0.99578 -6.03075e-03 | 47  0.21409  1.31821e-01 | 48 -0.47937 -4.99520e-02
 49  0.04652 -5.63394e-03 | 50  0.02915  3.85193e-01 | 51 -0.24697 -1.35898e-02
 52 -0.50175 -4.62343e-01 |
52 variables; iteration 100; function evaluation 129; phase 3
Function value 2.8101819e+03; maximum gradient component mag -3.2695e-01
Var    Value     Gradient |Var    Value     Gradient |Var    Value     Gradient
  1  0.05065 -3.16807e-01 |  2 -0.00673  2.02802e-02 |  3  0.03421  2.68179e-02
  4 -0.01844  6.56935e-03 |  5 -0.13880  1.76249e-02 |  6 -0.02352  1.78133e-02
  7 -0.11427  2.10195e-02 |  8 -0.07531  2.75365e-02 |  9  0.00137  2.47411e-02
 10  0.10557  4.88301e-02 | 11 -0.02568  3.03798e-02 | 12  0.01510  3.46232e-02
 13  0.02800  4.91646e-02 | 14  0.07210  4.62174e-02 | 15  0.01686 -1.60371e-02
 16 -0.05499 -2.72812e-02 | 17 -0.00681 -1.30168e-01 | 18  0.07217 -5.44426e-02
 19  0.11283 -2.74056e-02 | 20 -0.04471  1.81883e-02 | 21 -0.02327 -8.45754e-03
 22 -0.01506 -1.72524e-02 | 23 -0.04128 -4.35331e-03 | 24  0.03743  7.76388e-03
 25  0.05305 -1.76624e-02 | 26  0.02986  1.05728e-02 | 27  0.05218  5.31668e-02
 28  0.02533  4.40173e-02 | 29  0.02970  4.20994e-02 | 30  0.02107  3.41698e-02
 31  0.05678  3.69749e-02 | 32  0.08488  2.67483e-02 | 33 -0.02240  1.90841e-02
 34 -0.01783 -2.84246e-02 | 35  0.03062  8.25618e-02 | 36 -0.25704 -2.78787e-03
 37  0.24402 -3.26953e-01 | 38  0.22629 -2.35800e-01 | 39  0.24557 -2.67451e-01
 40  0.23728 -6.20284e-02 | 41 -0.19696  2.19106e-01 | 42 -0.67650  5.53365e-03
 43  0.35649 -2.94366e-02 | 44 -0.34720  7.42387e-02 | 45  0.99997 -1.68402e-02
 46 -0.99577 -4.71758e-03 | 47  0.21409  3.26804e-02 | 48 -0.47937  4.61482e-02
 49  0.03494  3.12787e-02 | 50  0.01759  3.04936e-01 | 51 -0.25150 -3.44838e-03
 52 -0.50769  1.06221e-02 |
52 variables; iteration 120; function evaluation 151; phase 3
Function value 2.8101818e+03; maximum gradient component mag 1.0566e-01
Var    Value     Gradient |Var    Value     Gradient |Var    Value     Gradient
  1  0.05065  3.14081e-02 |  2 -0.00674 -1.40819e-02 |  3  0.03420 -1.70546e-02
  4 -0.01844 -6.60940e-03 |  5 -0.13881 -9.25516e-03 |  6 -0.02353 -9.74712e-03
  7 -0.11428 -9.22378e-03 |  8 -0.07533 -1.00402e-02 |  9  0.00137 -8.10629e-03
 10  0.10557 -6.31023e-03 | 11 -0.02569 -1.14695e-02 | 12  0.01509 -1.07182e-02
 13  0.02799 -1.81420e-02 | 14  0.07209 -3.32081e-02 | 15  0.01686 -1.52704e-02
 16 -0.05498 -1.49720e-02 | 17 -0.00676  1.44900e-02 | 18  0.07218  7.71720e-04
 19  0.11283  9.29359e-03 | 20 -0.04471 -1.44773e-02 | 21 -0.02326 -4.66543e-03
 22 -0.01505  1.09390e-04 | 23 -0.04127 -8.28792e-03 | 24  0.03743 -1.31935e-02
 25  0.05305 -1.20854e-02 | 26  0.02985 -1.23473e-02 | 27  0.05218 -1.81224e-02
 28  0.02532 -1.57104e-02 | 29  0.02969 -8.60738e-03 | 30  0.02106 -1.34115e-02
 31  0.05677 -1.02500e-02 | 32  0.08487  6.61219e-03 | 33 -0.02240  6.52451e-04
 34 -0.01781  2.42891e-03 | 35  0.03060 -2.72879e-02 | 36 -0.25702 -5.14801e-03
 37  0.24402 -6.29690e-04 | 38  0.22629  6.44400e-02 | 39  0.24557  3.99059e-02
 40  0.23728 -1.21969e-02 | 41 -0.12646 -9.13874e-03 | 42 -0.65110  1.05661e-01
 43  0.35650  1.43237e-02 | 44 -0.34722 -1.81852e-02 | 45  0.99999 -1.10281e-03
 46 -0.99571  1.05708e-03 | 47  0.21409 -6.79049e-03 | 48 -0.47937 -1.88472e-02
 49 -0.01196  1.17782e-02 | 50 -0.02931 -2.45792e-02 | 51 -0.26981 -5.36590e-04
 52 -0.53223  1.04507e-01 |
52 variables; iteration 140; function evaluation 173; phase 3
Function value 2.8101818e+03; maximum gradient component mag -5.3649e-03
Var    Value     Gradient |Var    Value     Gradient |Var    Value     Gradient
  1  0.05065  1.67010e-03 |  2 -0.00674 -5.90534e-04 |  3  0.03420 -7.21667e-04
  4 -0.01844 -2.45406e-04 |  5 -0.13881 -5.77484e-04 |  6 -0.02353 -5.50767e-04
  7 -0.11428 -4.31123e-04 |  8 -0.07533 -3.08950e-04 |  9  0.00137 -7.45510e-05
 10  0.10557  8.73943e-04 | 11 -0.02569 -8.66905e-05 | 12  0.01510  1.13068e-04
 13  0.02799  5.65552e-04 | 14  0.07209 -1.38543e-04 | 15  0.01686 -8.71180e-04
 16 -0.05498 -1.33400e-03 | 17 -0.00677 -2.56931e-03 | 18  0.07218 -1.85028e-03
 19  0.11283 -1.87644e-04 | 20 -0.04471 -7.52350e-04 | 21 -0.02327 -7.05368e-04
 22 -0.01505 -3.82454e-04 | 23 -0.04127 -1.03968e-03 | 24  0.03743 -1.44135e-03
 25  0.05305 -1.98373e-03 | 26  0.02985 -1.31528e-03 | 27  0.05218 -5.58255e-04
 28  0.02532 -8.02472e-04 | 29  0.02969  4.49748e-04 | 30  0.02106 -8.13908e-05
 31  0.05678 -6.16386e-05 | 32  0.08487  1.16615e-03 | 33 -0.02240  2.99482e-04
 34 -0.01782 -1.27280e-03 | 35  0.03060 -2.03117e-04 | 36 -0.25702 -7.62139e-04
 37  0.24402 -5.36492e-03 | 38  0.22629 -2.11862e-03 | 39  0.24557 -2.89570e-03
 40  0.23728 -4.14781e-03 | 41 -0.08387  3.63062e-03 | 42 -0.63728  4.15575e-03
 43  0.35649  3.14207e-04 | 44 -0.34721  4.32769e-04 | 45  0.99999 -2.81254e-04
 46 -0.99572 -8.20554e-05 | 47  0.21409  8.90007e-04 | 48 -0.47937  1.95798e-04
 49 -0.04087  1.53910e-03 | 50 -0.05827  3.88729e-03 | 51 -0.28042 -3.13544e-04
 52 -0.54678  3.87542e-03 |
52 variables; iteration 160; function evaluation 193; phase 3
Function value 2.8101818e+03; maximum gradient component mag -1.1255e-01
Var    Value     Gradient |Var    Value     Gradient |Var    Value     Gradient
  1  0.05065 -1.12549e-01 |  2 -0.00674 -1.93933e-05 |  3  0.03420 -1.19710e-03
  4 -0.01844  7.99489e-04 |  5 -0.13881  2.90333e-03 |  6 -0.02353  1.25233e-03
  7 -0.11428  1.89538e-03 |  8 -0.07533  1.16212e-03 |  9  0.00137  1.59892e-03
 10  0.10557  2.09959e-03 | 11 -0.02568  1.83302e-03 | 12  0.01510  3.16100e-04
 13  0.02800 -9.60712e-04 | 14  0.07209 -1.21640e-02 | 15  0.01686 -9.31322e-03
 16 -0.05498 -5.61165e-03 | 17 -0.00677  4.66691e-03 | 18  0.07218  8.69277e-04
 19  0.11283  1.66967e-03 | 20 -0.04471  3.58624e-04 | 21 -0.02327  5.24066e-04
 22 -0.01505  1.14705e-03 | 23 -0.04127  2.57821e-04 | 24  0.03743 -9.08486e-04
 25  0.05305 -1.89729e-03 | 26  0.02985 -1.21774e-03 | 27  0.05218 -2.26108e-03
 28  0.02532  8.30198e-04 | 29  0.02969  2.52626e-03 | 30  0.02106  9.82423e-04
 31  0.05678 -3.68776e-05 | 32  0.08487  3.36758e-03 | 33 -0.02240  2.53476e-03
 34 -0.01782  1.02045e-03 | 35  0.03060 -5.24022e-03 | 36 -0.25702  9.16215e-04
 37  0.24402 -3.51393e-02 | 38  0.22629 -1.19590e-02 | 39  0.24557 -4.79380e-05
 40  0.23728 -1.00352e-02 | 41 -0.07886 -8.50461e-03 | 42 -0.63717  2.81879e-02
 43  0.35649  4.93768e-03 | 44 -0.34721 -3.10604e-03 | 45  0.99999 -1.97732e-04
 46 -0.99572  1.93093e-04 | 47  0.21409 -1.27005e-03 | 48 -0.47937 -3.41120e-03
 49 -0.04430  2.12043e-03 | 50 -0.06170 -1.44762e-02 | 51 -0.28050 -1.88900e-04
 52 -0.54689  2.59432e-02 |
52 variables; iteration 180; function evaluation 215; phase 3
Function value 2.8101818e+03; maximum gradient component mag 3.1084e-03
Var    Value     Gradient |Var    Value     Gradient |Var    Value     Gradient
  1  0.05065  3.10844e-03 |  2 -0.00674  8.43706e-06 |  3  0.03420  4.36769e-05
  4 -0.01844 -4.71888e-05 |  5 -0.13881 -8.66921e-05 |  6 -0.02353 -4.32082e-05
  7 -0.11428 -8.21898e-05 |  8 -0.07533 -5.80030e-05 |  9  0.00137 -6.70532e-05
 10  0.10557 -9.54008e-05 | 11 -0.02569 -7.80690e-05 | 12  0.01510 -3.57925e-05
 13  0.02799 -4.08399e-05 | 14  0.07209  3.22292e-04 | 15  0.01686  3.03138e-04
 16 -0.05498  1.00522e-04 | 17 -0.00677 -2.73213e-04 | 18  0.07218 -5.30866e-05
 19  0.11283 -6.39427e-05 | 20 -0.04471 -4.17988e-05 | 21 -0.02327 -5.67709e-05
 22 -0.01505 -8.70784e-05 | 23 -0.04127 -4.16436e-05 | 24  0.03743  1.49474e-05
 25  0.05305  3.78644e-05 | 26  0.02985  4.17960e-05 | 27  0.05218  7.18984e-05
 28  0.02532 -1.31970e-05 | 29  0.02969 -1.20959e-04 | 30  0.02106 -5.86653e-05
 31  0.05678  3.20973e-05 | 32  0.08487 -5.44595e-05 | 33 -0.02240 -8.13232e-05
 34 -0.01782  7.97442e-07 | 35  0.03060  2.58098e-04 | 36 -0.25702 -1.52921e-05
 37  0.24402  1.39639e-03 | 38  0.22629  4.99475e-04 | 39  0.24557 -1.21384e-04
 40  0.23728  6.26752e-04 | 41 -0.07574 -7.60633e-04 | 42 -0.64078  1.22947e-03
 43  0.35649 -2.02661e-04 | 44 -0.34721  1.36792e-04 | 45  0.99999  4.77684e-05
 46 -0.99572 -8.71856e-06 | 47  0.21409  2.26277e-04 | 48 -0.47937  4.20814e-05
 49 -0.04643 -1.03644e-04 | 50 -0.06384 -1.00300e-03 | 51 -0.27769  6.40869e-05
 52 -0.54301  1.09663e-03 |
Warning: the following parameters had issues
  selparm[5] is within 0.1% of upper bound: -1.00000e+00 < 1.50000e+01 < 1.50000e+01
  selparm[6] is within 0.1% of lower bound: -1.00000e+00 < -9.99763e-01 < 2.00000e+01


 - final statistics:
52 variables; iteration 189; function evaluation 224
Function value 2.8102e+03; maximum gradient component mag -1.8466e-05
Exit code = 1;  converg criter 1.0000e-04
Var    Value     Gradient |Var    Value     Gradient |Var    Value     Gradient
  1  0.05065  8.23886e-06 |  2 -0.00674  2.78759e-08 |  3  0.03420  1.77392e-07
  4 -0.01844 -7.36423e-07 |  5 -0.13881 -6.99496e-07 |  6 -0.02353 -5.18950e-07
  7 -0.11428 -1.02598e-06 |  8 -0.07533 -8.38768e-07 |  9  0.00137 -8.13596e-07
 10  0.10557 -1.32287e-06 | 11 -0.02569 -1.04658e-06 | 12  0.01510 -7.89635e-07
 13  0.02799 -1.30204e-06 | 14  0.07209  1.35923e-06 | 15  0.01686  2.68401e-06
 16 -0.05498 -1.38842e-07 | 17 -0.00677 -4.14627e-06 | 18  0.07218 -1.25250e-06
 19  0.11283 -1.12964e-06 | 20 -0.04471 -8.31450e-07 | 21 -0.02327 -1.07312e-06
 22 -0.01505 -1.45682e-06 | 23 -0.04127 -8.64094e-07 | 24  0.03743 -5.95755e-07
 25  0.05305 -6.40911e-07 | 26  0.02985 -1.37143e-07 | 27  0.05218  4.03618e-08
 28  0.02532 -2.93254e-07 | 29  0.02969 -1.84357e-06 | 30  0.02106 -1.06371e-06
 31  0.05678  2.88111e-07 | 32  0.08487 -4.09330e-07 | 33 -0.02240 -8.52375e-07
 34 -0.01782  2.17863e-07 | 35  0.03060  2.96123e-06 | 36 -0.25702 -1.93611e-08
 37  0.24402  1.29383e-05 | 38  0.22629  5.64386e-06 | 39  0.24557 -3.21502e-06
 40  0.23728  5.59059e-06 | 41 -0.07558 -1.38018e-05 | 42 -0.64096  1.43119e-05
 43  0.35649 -2.23647e-06 | 44 -0.34721  1.74874e-06 | 45  0.99999  9.22555e-07
 46 -0.99572 -1.17368e-07 | 47  0.21409  4.19003e-06 | 48 -0.47937 -6.35332e-07
 49 -0.04654 -1.64648e-06 | 50 -0.06395 -1.84656e-05 | 51 -0.27755  5.58606e-07
 52 -0.54282  1.30373e-05 |
Estimating row 1 out of 52 for hessian
Estimating row 2 out of 52 for hessian
Estimating row 3 out of 52 for hessian
Estimating row 4 out of 52 for hessian
Estimating row 5 out of 52 for hessian
Estimating row 6 out of 52 for hessian
Estimating row 7 out of 52 for hessian
Estimating row 8 out of 52 for hessian
Estimating row 9 out of 52 for hessian
Estimating row 10 out of 52 for hessian
Estimating row 11 out of 52 for hessian
Estimating row 12 out of 52 for hessian
Estimating row 13 out of 52 for hessian
Estimating row 14 out of 52 for hessian
Estimating row 15 out of 52 for hessian
Estimating row 16 out of 52 for hessian
Estimating row 17 out of 52 for hessian
Estimating row 18 out of 52 for hessian
Estimating row 19 out of 52 for hessian
Estimating row 20 out of 52 for hessian
Estimating row 21 out of 52 for hessian
Estimating row 22 out of 52 for hessian
Estimating row 23 out of 52 for hessian
Estimating row 24 out of 52 for hessian
Estimating row 25 out of 52 for hessian
Estimating row 26 out of 52 for hessian
Estimating row 27 out of 52 for hessian
Estimating row 28 out of 52 for hessian
Estimating row 29 out of 52 for hessian
Estimating row 30 out of 52 for hessian
Estimating row 31 out of 52 for hessian
Estimating row 32 out of 52 for hessian
Estimating row 33 out of 52 for hessian
Estimating row 34 out of 52 for hessian
Estimating row 35 out of 52 for hessian
Estimating row 36 out of 52 for hessian
Estimating row 37 out of 52 for hessian
Estimating row 38 out of 52 for hessian
Estimating row 39 out of 52 for hessian
Estimating row 40 out of 52 for hessian
Estimating row 41 out of 52 for hessian
Estimating row 42 out of 52 for hessian
Estimating row 43 out of 52 for hessian
Estimating row 44 out of 52 for hessian
Estimating row 45 out of 52 for hessian
Estimating row 46 out of 52 for hessian
Estimating row 47 out of 52 for hessian
Estimating row 48 out of 52 for hessian
Estimating row 49 out of 52 for hessian
Estimating row 50 out of 52 for hessian
Estimating row 51 out of 52 for hessian
Estimating row 52 out of 52 for hessian
size of file gradfil1.tmp = 0
size of file gradfil2.tmp = 0
size of file varssave.tmp = 0
size of file cmpdiff.tmp = 0
