
Initial statistics: 36 variables; iteration 0; function evaluation 0; phase 1
Function value 1.5259792e+04; maximum gradient component mag 5.7913e+03
Var    Value     Gradient |Var    Value     Gradient |Var    Value     Gradient
  1  0.04446  5.79134e+03 |  2  0.03049 -4.36385e+00 |  3  0.07947  8.18799e+01
  4 -0.02227 -1.08152e+02 |  5 -0.15567 -1.00265e+02 |  6 -0.03006 -2.62513e+01
  7 -0.17452 -1.41297e+02 |  8 -0.04024  1.53525e+02 |  9  0.01840  5.25153e+02
 10  0.06681  9.08297e+02 | 11 -0.03508  3.74182e+02 | 12  0.00893  8.18022e+02
 13  0.03052 -2.27461e+01 | 14  0.07180 -8.93595e+02 | 15 -0.02016 -1.62115e+03
 16 -0.02765 -8.72038e+02 | 17 -0.06578 -1.55633e+03 | 18  0.03655  2.38328e+02
 19  0.00990 -2.07259e+02 | 20 -0.05606 -2.34358e+02 | 21 -0.15970 -1.88464e+03
 22 -0.06764 -4.45331e+02 | 23 -0.00197 -7.20155e+01 | 24  0.03805  5.13399e+01
 25  0.00829  1.81786e+02 | 26  0.07387  6.55077e+02 | 27  0.07190  1.16893e+03
 28  0.00077 -3.65923e+02 | 29  0.02738  2.62072e+02 | 30  0.05025  9.92052e+02
 31  0.07141  1.71682e+03 | 32  0.09379  1.16540e+03 | 33  0.06417  2.50914e+02
 34 -0.03733 -1.30315e+03 | 35  0.05832 -7.64567e+02 | 36 -0.02112  1.12572e+03

Intermediate statistics: 36 variables; iteration 20; function evaluation 30; phase 1
Function value 1.4407698e+04; maximum gradient component mag 4.4145e+03
Var    Value     Gradient |Var    Value     Gradient |Var    Value     Gradient
  1  0.02627  4.41447e+03 |  2 -0.00047 -1.08574e+02 |  3  0.06660 -6.19234e+01
  4 -0.03506 -1.45410e+02 |  5 -0.18239 -1.15537e+02 |  6 -0.05399 -1.28519e+02
  7 -0.22227 -1.33968e+02 |  8 -0.15248 -1.26416e+02 |  9 -0.00309  1.89820e+01
 10  0.08009  5.27674e+01 | 11 -0.00024  1.54029e+01 | 12 -0.15608 -5.82001e+01
 13  0.02080 -1.10317e+02 | 14  0.14853 -4.88927e+02 | 15 -0.12517 -8.08219e+02
 16  0.04993  1.73870e+01 | 17  0.03726 -5.86037e+02 | 18  0.07520  1.52690e+02
 19  0.08278  1.55545e+02 | 20 -0.02793  5.90992e+01 | 21 -0.00870 -5.56611e+02
 22 -0.00634 -1.10360e+02 | 23  0.03252 -2.14429e+01 | 24  0.07815  1.48652e+02
 25  0.03267  8.48114e+01 | 26  0.07771  4.68983e+01 | 27  0.06799  3.47330e+02
 28  0.07098  5.96637e+02 | 29  0.05311  1.77300e+02 | 30  0.01527  3.09151e+02
 31  0.03436  8.55172e+02 | 32  0.07756  2.87552e+02 | 33  0.08202  1.58983e+02
 34  0.03844 -6.19306e+02 | 35  0.20847  1.81271e+02 | 36 -0.52938  1.16565e+02
36 variables; iteration 40; function evaluation 58; phase 1
Function value 1.4207541e+04; maximum gradient component mag -1.0087e+04
Var    Value     Gradient |Var    Value     Gradient |Var    Value     Gradient
  1  0.02308 -1.00867e+04 |  2  0.04409  1.94751e+02 |  3  0.04876  8.25129e+01
  4  0.03474  2.88893e+02 |  5 -0.09942  2.23762e+02 |  6 -0.04602  1.47403e+02
  7 -0.14822  1.87509e+02 |  8 -0.10813  2.11448e+02 |  9  0.00092  5.21287e+02
 10  0.09451  1.23261e+03 | 11  0.01620  8.10259e+02 | 12 -0.12173  4.20792e+02
 13  0.00403 -2.66224e+01 | 14  0.10112 -6.70846e+02 | 15  0.06281 -5.14390e+02
 16  0.01574 -3.96471e+02 | 17  0.06914  1.47739e+02 | 18  0.06204  1.55949e+02
 19  0.07334  6.74356e+01 | 20 -0.05650 -3.75992e+02 | 21 -0.00072 -3.14181e+02
 22 -0.00176  1.25063e+02 | 23  0.01889 -6.92520e+00 | 24  0.06888  7.77864e+01
 25 -0.06462 -6.69466e+02 | 26  0.06811 -1.29974e+02 | 27  0.05664 -7.53599e+00
 28  0.03502 -8.60408e+02 | 29  0.04334  2.54825e+00 | 30 -0.00322  2.18805e+02
 31 -0.05601 -5.14161e+02 | 32  0.06137 -1.32419e+02 | 33  0.05388 -1.08491e+02
 34  0.09581  3.09119e+02 | 35  0.20211  8.88620e+01 | 36 -0.75889  1.07718e+02

 - final statistics:
36 variables; iteration 52; function evaluation 71
Function value 1.4065e+04; maximum gradient component mag -4.9867e+00
Exit code = 1;  converg criter 1.0000e+01
Var    Value     Gradient |Var    Value     Gradient |Var    Value     Gradient
  1  0.02701 -4.98668e+00 |  2  0.01382 -5.37488e-02 |  3  0.05813 -5.64086e-01
  4 -0.01368  1.48951e-01 |  5 -0.14852  1.71234e-01 |  6 -0.03340 -3.40454e-01
  7 -0.14730  1.15553e-01 |  8 -0.09422  5.16294e-01 |  9 -0.02313  1.16656e-01
 10  0.07490  2.11275e+00 | 11 -0.00484  2.51643e-01 | 12 -0.15562  4.79083e-01
 13  0.02333  2.00890e-01 | 14  0.13139  2.02450e+00 | 15  0.09193 -9.68864e-01
 16  0.03807 -3.25657e-01 | 17  0.06531 -9.44110e-01 | 18  0.05897  8.49955e-01
 19  0.06809  1.05453e+00 | 20 -0.03664  1.57084e-01 | 21  0.02672  1.67678e+00
 22 -0.00843  7.07284e-01 | 23  0.02579  3.14797e-01 | 24  0.06195 -1.77269e-01
 25  0.01378 -2.08955e-01 | 26  0.06968  2.04903e-01 | 27  0.05271  3.86273e-01
 28  0.04393  5.37035e-01 | 29  0.04120 -1.43143e-01 | 30 -0.02332  2.38974e-02
 31 -0.02559  1.41543e+00 | 32  0.06174  3.95141e-01 | 33  0.06086  1.87193e-01
 34  0.07674  4.70751e-01 | 35  0.19617  1.35426e+00 | 36 -0.99637  4.90175e-01

Initial statistics: 46 variables; iteration 0; function evaluation 0; phase 2
Function value 1.4065138e+04; maximum gradient component mag 3.1185e+04
Var    Value     Gradient |Var    Value     Gradient |Var    Value     Gradient
  1  0.02701 -1.09163e+01 |  2  0.01374 -2.59699e+00 |  3  0.05805 -3.11053e+00
  4 -0.01376 -2.39075e+00 |  5 -0.14860 -2.28962e+00 |  6 -0.03348 -2.88802e+00
  7 -0.14738 -2.34785e+00 |  8 -0.09430 -2.01428e+00 |  9 -0.02321 -2.51226e+00
 10  0.07482 -7.14838e-01 | 11 -0.00492 -2.49546e+00 | 12 -0.15570 -2.04970e+00
 13  0.02325 -2.35697e+00 | 14  0.13131 -5.31539e-01 | 15  0.09185 -3.54363e+00
 16  0.03799 -2.92998e+00 | 17  0.06523 -3.54195e+00 | 18  0.05889 -1.72225e+00
 19  0.06801 -1.52628e+00 | 20 -0.03672 -2.47254e+00 | 21  0.02664 -9.10519e-01
 22 -0.00851 -1.86417e+00 | 23  0.02571 -2.28620e+00 | 24  0.06187 -2.77298e+00
 25  0.01370 -2.78370e+00 | 26  0.06960 -2.42539e+00 | 27  0.05263 -2.32695e+00
 28  0.04385 -2.15903e+00 | 29  0.04112 -2.81804e+00 | 30 -0.02340 -2.55462e+00
 31 -0.02567 -1.20796e+00 | 32  0.06166 -2.25565e+00 | 33  0.06078 -2.43042e+00
 34  0.07666 -2.11468e+00 | 35  0.19608 -1.24609e+00 | 36 -0.98727  1.67204e+00
 37  0.39778  3.11853e+04 | 38  0.44756  1.93333e+04 | 39  0.23215 -1.45774e+03
 40  0.26859  4.78068e+03 | 41 -0.08720 -1.97415e+04 | 42 -0.88721  4.55105e+03
 43 -0.05352 -4.04912e+01 | 44 -0.03291 -2.89071e+04 | 45 -0.25674 -1.93613e+02
 46 -0.85749  4.41433e+03 |

Intermediate statistics: 46 variables; iteration 20; function evaluation 31; phase 2
Function value 1.0974771e+04; maximum gradient component mag 2.1052e+04
Var    Value     Gradient |Var    Value     Gradient |Var    Value     Gradient
  1  0.02882 -6.02873e+03 |  2 -0.00919 -3.98328e+01 |  3  0.07723 -2.46673e+02
  4  0.00495  1.33075e+01 |  5 -0.18171  6.59230e+01 |  6 -0.01931 -4.46043e+01
  7 -0.14341  1.27260e+02 |  8 -0.09658  1.48293e+02 |  9 -0.02506  2.24769e+02
 10  0.10664  6.50509e+02 | 11  0.02588  5.93967e+02 | 12 -0.12870  1.54739e+02
 13  0.05158  1.05755e+02 | 14  0.11643 -1.34841e+02 | 15  0.06908 -1.14539e+02
 16  0.04984  4.76269e+01 | 17  0.04933 -9.72224e+01 | 18  0.07814  9.43495e+01
 19  0.07061  8.78935e+01 | 20 -0.04841 -9.22016e+01 | 21 -0.01178 -1.86363e+02
 22 -0.00013  1.09990e+02 | 23  0.02613  2.69790e+01 | 24  0.06430  1.34947e+02
 25  0.00906  8.60549e+01 | 26  0.08006 -2.32491e+02 | 27  0.00519 -6.02750e+02
 28  0.05324  4.87698e+01 | 29  0.05479  2.66140e+02 | 30 -0.00365  4.80659e+01
 31 -0.00656  2.78942e+02 | 32  0.08227  3.50767e+02 | 33  0.08658  3.18179e+02
 34  0.05878 -6.69831e+01 | 35  0.11473 -1.24405e+03 | 36 -0.96313  2.31684e+00
 37  0.35556  2.10520e+04 | 38  0.37024  1.14180e+04 | 39  0.23692 -1.30928e+03
 40  0.26448  2.86989e+03 | 41  0.26709 -1.35453e+04 | 42 -0.89008  3.30548e+03
 43 -0.36254 -9.80949e+01 | 44 -0.23909 -1.99612e+04 | 45  0.55920  4.80203e+01
 46 -0.86424  3.08667e+03 |
46 variables; iteration 40; function evaluation 53; phase 2
Function value 8.8243428e+03; maximum gradient component mag -4.5230e+04
Var    Value     Gradient |Var    Value     Gradient |Var    Value     Gradient
  1  0.01613 -4.52299e+04 |  2  0.08623  7.47597e+02 |  3  0.06434  5.76086e+02
  4  0.02300  6.39935e+02 |  5 -0.06790  7.03730e+02 |  6  0.04536  7.06235e+02
  7 -0.04454  6.88521e+02 |  8 -0.03836  6.29567e+02 |  9 -0.06973  4.40632e+02
 10  0.05372  2.52138e+02 | 11  0.11813  1.38007e+03 | 12 -0.02274  7.45752e+02
 13  0.00353 -3.46181e+01 | 14  0.07308 -1.77208e+03 | 15 -0.01085 -1.28207e+03
 16  0.06410 -8.55022e+02 | 17 -0.01145 -5.70421e+02 | 18  0.10101  2.58151e+02
 19  0.06512  7.29685e+01 | 20 -0.08154  1.79835e+02 | 21 -0.02000  1.87623e+02
 22 -0.06801 -1.58788e+02 | 23 -0.06215 -3.97977e+02 | 24  0.09741 -5.78887e+02
 25 -0.16775 -3.51332e+01 | 26  0.14464 -9.18314e+01 | 27 -0.02624  3.01017e+01
 28  0.05683 -4.26933e+02 | 29  0.01619 -8.82824e+02 | 30  0.03884  5.49652e+02
 31 -0.03082  2.97786e+02 | 32  0.05128 -5.57149e+02 | 33  0.05014 -5.81754e+02
 34  0.03275 -1.04684e+02 | 35  0.10051 -5.29511e+02 | 36 -0.65266  2.14193e+02
 37  0.33008  5.04272e+03 | 38  0.28369 -2.28501e+03 | 39  0.30176  5.97635e+02
 40  0.27402  1.20912e+03 | 41 -0.23751 -9.06861e+03 | 42 -0.76533  2.89943e+03
 43  0.06021  1.08627e+02 | 44  0.26682 -1.30387e+04 | 45 -0.26177 -2.30234e+02
 46 -0.77041  2.25196e+03 |
46 variables; iteration 60; function evaluation 78; phase 2
Function value 6.5351893e+03; maximum gradient component mag -5.2066e+03
Var    Value     Gradient |Var    Value     Gradient |Var    Value     Gradient
  1  0.06395 -5.20663e+03 |  2 -0.02475 -1.15334e+01 |  3  0.02123 -4.63288e+01
  4 -0.02347 -2.92683e+01 |  5 -0.10540  6.39971e+01 |  6  0.01115  2.42848e+01
  7 -0.08481  1.56390e+01 |  8 -0.00566  9.84543e+01 |  9  0.00152 -7.22910e+00
 10  0.07604 -1.36986e+02 | 11 -0.13979 -1.53602e+02 | 12  0.05701  7.04588e+01
 13  0.09836 -4.04270e+01 | 14  0.07629 -1.88666e+02 | 15 -0.10812 -6.14012e+01
 16  0.13478  4.64139e+01 | 17 -0.08866 -1.33250e+02 | 18  0.18748 -7.70899e+01
 19  0.07642 -1.79264e+02 | 20 -0.05669 -6.49826e+01 | 21 -0.22614 -8.69194e+01
 22  0.08687 -3.85426e+01 | 23 -0.04392 -8.53152e+01 | 24 -0.00748 -1.79053e+02
 25 -0.02141 -7.37959e+01 | 26  0.14264 -4.46907e+01 | 27 -0.14575 -2.44617e+02
 28  0.07714 -2.02937e+01 | 29  0.02065 -1.59428e+02 | 30  0.00315 -2.46992e+02
 31 -0.06711 -1.16003e+02 | 32  0.13701  2.39512e+01 | 33  0.11986  2.56878e+02
 34  0.00373  4.72506e+01 | 35  0.07680 -4.00048e+01 | 36 -0.32533  1.18187e+01
 37  0.25142 -5.66508e+02 | 38  0.26308  2.47395e+02 | 39  0.22595 -3.57587e+01
 40  0.23174  9.92307e+01 | 41  0.20490 -5.72977e+02 | 42 -0.79303  3.64842e+01
 43 -0.35491 -3.03490e+02 | 44  0.18753 -4.98458e+02 | 45 -0.27343 -4.09463e+01
 46 -0.73576  5.32559e+01 |
46 variables; iteration 80; function evaluation 98; phase 2
Function value 6.2693881e+03; maximum gradient component mag -6.5528e+02
Var    Value     Gradient |Var    Value     Gradient |Var    Value     Gradient
  1  0.17974 -6.55281e+02 |  2 -0.02345  2.18215e+01 |  3  0.00866  1.01623e+01
  4 -0.01094  3.62079e+01 |  5 -0.14197  5.87219e+00 |  6 -0.02902  1.49152e+01
  7 -0.11600  1.39288e+01 |  8 -0.10791 -3.97516e+00 |  9 -0.03897 -2.50110e+00
 10  0.10491  3.76257e+01 | 11  0.00447  2.09219e+01 | 12  0.04700 -2.04039e+01
 13  0.09314 -5.78452e-01 | 14  0.08522  9.10039e+00 | 15 -0.15536 -9.71082e+01
 16  0.15671  6.90378e+01 | 17  0.06961  3.86368e+01 | 18  0.23673  3.23622e+01
 19  0.18125  4.94041e+01 | 20 -0.01261  2.45058e+01 | 21  0.00981  7.87326e+01
 22  0.01395  8.40781e+00 | 23 -0.08693 -3.24186e+01 | 24 -0.08044 -3.87951e+01
 25  0.07781  3.75890e+01 | 26  0.04184  1.83686e+01 | 27 -0.04150 -4.60741e+00
 28 -0.01619 -3.24890e+01 | 29  0.02602  2.85073e+01 | 30  0.03121  4.54940e+00
 31 -0.06929 -2.20914e+01 | 32  0.09498 -2.82252e+01 | 33  0.03412  2.82757e+01
 34 -0.05016  2.37686e+01 | 35  0.01364 -3.63566e+00 | 36 -0.35173  4.70728e+00
 37  0.18466 -2.51652e+02 | 38  0.21097  1.38773e+01 | 39  0.16288 -8.55362e+00
 40  0.18288 -1.57809e+02 | 41  1.05798 -5.14552e+00 | 42 -0.91322  3.51706e+00
 43 -0.77990  6.16638e+00 | 44 -0.08185  6.29978e+01 | 45 -0.17372 -2.03205e+01
 46 -0.68819  1.92570e+01 |
Maximum number of function evaluations exceeded

 - final statistics:
46 variables; iteration 83; function evaluation 100
Function value 6.2593e+03; maximum gradient component mag -5.3943e+02
Exit code = 3;  converg criter 1.0000e+01
Var    Value     Gradient |Var    Value     Gradient |Var    Value     Gradient
  1  0.20562 -5.39427e+02 |  2 -0.00142  2.40533e+01 |  3  0.04365  2.37541e+01
  4  0.01114  1.36027e+01 |  5 -0.11680 -3.59376e+00 |  6 -0.01275 -3.57405e+00
  7 -0.10362 -3.92018e+00 |  8 -0.10034 -2.16355e+01 |  9 -0.03379 -1.29617e+01
 10  0.09909 -2.72134e+00 | 11  0.01174  1.86488e+01 | 12  0.06399  1.17145e+01
 13  0.07978 -3.37020e+01 | 14  0.06617 -4.11288e+01 | 15 -0.13790 -9.43742e+01
 16  0.13027  2.87529e+00 | 17  0.05553  1.73776e+01 | 18  0.22129 -1.28418e+01
 19  0.17353  2.99973e+01 | 20 -0.01629  1.39495e+01 | 21  0.01002  7.16292e+01
 22  0.00913 -3.22066e+00 | 23 -0.07619 -1.50580e+01 | 24 -0.07033 -4.38120e+01
 25  0.05780  5.96339e+00 | 26  0.01839 -3.18641e+01 | 27 -0.04495 -3.90308e+00
 28 -0.02603 -4.54408e+01 | 29  0.01604  3.79320e+00 | 30  0.01114 -3.72245e+01
 31 -0.08050 -4.54452e+01 | 32  0.08891 -3.25619e+01 | 33  0.03793  6.18538e+01
 34 -0.03955  4.65869e+01 | 35 -0.02047 -7.38563e+01 | 36 -0.34141 -1.19618e+00
 37  0.17444 -2.97099e+02 | 38  0.20094 -1.64348e+01 | 39  0.15395 -7.85637e+00
 40  0.17335 -1.21550e+02 | 41  1.16085  5.07779e+00 | 42 -0.93311  1.05538e+01
 43 -0.79380 -1.62666e+01 | 44 -0.07892  2.12984e+01 | 45 -0.16972 -9.43696e-01
 46 -0.66476  3.91313e+01 |

Initial statistics: 52 variables; iteration 0; function evaluation 0; phase 3
Function value 6.2592762e+03; maximum gradient component mag -3.4373e+03
Var    Value     Gradient |Var    Value     Gradient |Var    Value     Gradient
  1  0.20562 -5.39427e+02 |  2 -0.00124  3.03952e+01 |  3  0.04383  3.00804e+01
  4  0.01132  1.99435e+01 |  5 -0.11662  2.64180e+00 |  6 -0.01257  2.76655e+00
  7 -0.10344  2.33796e+00 |  8 -0.10015 -1.53730e+01 |  9 -0.03361 -6.62892e+00
 10  0.09928  3.54368e+00 | 11  0.01192  2.49895e+01 | 12  0.06417  1.80239e+01
 13  0.07996 -2.74089e+01 | 14  0.06635 -3.48202e+01 | 15 -0.13771 -8.81862e+01
 16  0.13045  9.08429e+00 | 17  0.05571  2.36947e+01 | 18  0.22148 -6.87848e+00
 19  0.17372  3.61021e+01 | 20 -0.01611  2.02895e+01 | 21  0.01020  7.79699e+01
 22  0.00931  3.12053e+00 | 23 -0.07601 -8.76181e+00 | 24 -0.07015 -3.75100e+01
 25  0.05798  1.22788e+01 | 26  0.01857 -2.55247e+01 | 27 -0.04477  2.42302e+00
 28 -0.02585 -3.91047e+01 | 29  0.01622  1.01330e+01 | 30  0.01132 -3.08834e+01
 31 -0.08032 -3.91554e+01 | 32  0.08909 -2.62808e+01 | 33  0.03811  6.81833e+01
 34 -0.03937  5.29174e+01 | 35 -0.02029 -6.75183e+01 | 36 -0.34120  4.25618e+00
 37  0.17444 -2.97099e+02 | 38  0.20094 -1.64348e+01 | 39  0.15395 -7.85637e+00
 40  0.17335 -1.21550e+02 | 41  0.83915 -5.07779e+00 | 42 -0.93311  1.05538e+01
 43  0.86366  3.57040e+02 | 44 -0.25164 -2.56836e+03 | 45  0.06938 -3.43735e+03
 46 -0.89706  9.88220e+02 | 47  0.32505 -9.87223e+02 | 48 -0.83901  2.21636e+02
 49 -0.79380 -1.62666e+01 | 50 -0.07892  2.12984e+01 | 51 -0.16972 -9.43696e-01
 52 -0.66476  3.91313e+01 |

Intermediate statistics: 52 variables; iteration 20; function evaluation 26; phase 3
Function value 4.8433710e+03; maximum gradient component mag 1.3033e+04
Var    Value     Gradient |Var    Value     Gradient |Var    Value     Gradient
  1  0.22566 -1.41967e+03 |  2 -0.01338  1.48001e+02 |  3  0.03298  1.50895e+02
  4  0.01327  1.49591e+02 |  5 -0.10002  1.43822e+02 |  6  0.02437  1.52298e+02
  7 -0.05182  1.49055e+02 |  8 -0.02040  1.53348e+02 |  9  0.07232  1.99564e+02
 10  0.20324  2.62341e+02 | 11  0.10680  2.52760e+02 | 12  0.19212  2.74777e+02
 13  0.19450  3.27102e+02 | 14  0.16897  2.79238e+02 | 15  0.05459  8.75989e+01
 16  0.02438  1.79210e+02 | 17  0.05685  2.36818e+02 | 18  0.21401  2.61854e+02
 19  0.20964  2.26014e+02 | 20 -0.01983  1.41374e+02 | 21  0.03083  1.04621e+02
 22 -0.23645 -1.05164e+02 | 23 -0.55575  6.16486e+01 | 24  0.22756  2.50277e+02
 25  0.15846  2.32855e+02 | 26  0.01182 -4.67368e+01 | 27 -0.01595 -2.83663e+01
 28  0.06259 -9.52253e+01 | 29  0.03546 -1.37098e+01 | 30  0.06291 -4.87861e+01
 31 -0.09168  1.54148e+01 | 32  0.20037  8.42895e+01 | 33 -0.72981  2.96653e+00
 34  0.10927  3.08119e+02 | 35 -0.12565 -1.84714e+02 | 36 -0.71254  2.02951e+01
 37  0.16448  1.30333e+04 | 38  0.08535 -1.13046e+04 | 39  0.13326 -4.48790e+02
 40  0.12490 -4.13233e+03 | 41  0.83537 -7.33430e+01 | 42 -0.94798  2.53828e+00
 43  0.28835 -3.58900e+02 | 44 -0.24028 -5.80800e+01 | 45  0.62065 -1.61073e+03
 46 -1.04358 -1.03375e+02 | 47  0.64886 -2.67975e+02 | 48 -0.91037  7.71152e+00
 49 -0.70519  7.80775e+00 | 50 -0.16540 -4.20139e+02 | 51 -0.15434 -1.45260e+00
 52 -0.73835  1.01985e+01 |
52 variables; iteration 40; function evaluation 50; phase 3
Function value 4.2226368e+03; maximum gradient component mag -4.6281e+03
Var    Value     Gradient |Var    Value     Gradient |Var    Value     Gradient
  1  0.24913 -2.13091e+03 |  2  0.02040  1.72837e+02 |  3  0.11158  1.71363e+02
  4  0.14631  2.70653e+02 |  5  0.03104  2.18936e+02 |  6  0.14097  2.27191e+02
  7  0.04461  1.89262e+02 |  8  0.04297  1.66706e+02 |  9  0.13352  2.48942e+02
 10  0.23510  2.66838e+02 | 11  0.10380  2.31636e+02 | 12  0.19661  2.53003e+02
 13  0.14798  2.01074e+02 | 14  0.10822  1.62179e+02 | 15  0.07302  2.34189e+02
 16 -0.10374  1.35382e+02 | 17  0.02021  2.03809e+02 | 18  0.06941  6.18157e+01
 19  0.15260  1.02879e+02 | 20 -0.06758  1.28782e+02 | 21 -0.10855  4.24902e+01
 22 -0.24961  8.80777e+01 | 23 -0.90337  1.23581e+01 | 24  0.22981  2.27524e+02
 25  0.07348  1.08090e+02 | 26  0.04283  1.76896e+02 | 27 -0.06740  6.23213e+01
 28  0.06840  8.39723e+01 | 29 -0.04980 -6.33562e-01 | 30  0.07273  1.47987e+02
 31 -0.17191 -8.07308e-01 | 32  0.15032  9.96090e+01 | 33 -0.29958 -6.36863e+01
 34 -0.03536  1.20417e+02 | 35 -0.04843  8.86248e+01 | 36 -0.47944  1.18378e+02
 37  0.13712  3.47107e+03 | 38  0.11905 -4.62808e+03 | 39  0.14459  1.19026e+02
 40  0.12744 -3.24339e+03 | 41  0.69861 -7.18316e+01 | 42 -1.16617 -1.31800e+01
 43  0.19656 -1.13888e+02 | 44 -0.24446 -3.86462e-01 | 45  0.68998 -8.42982e+02
 46 -0.93871  8.56954e+01 | 47  0.62389 -2.71326e+02 | 48 -1.20394 -3.59328e+01
 49 -0.60289  5.10286e+01 | 50 -0.11801 -3.11127e+02 | 51 -0.15996 -1.20637e+01
 52 -0.79335  1.63846e+01 |
52 variables; iteration 60; function evaluation 80; phase 3
Function value 3.9153160e+03; maximum gradient component mag -1.7148e+03
Var    Value     Gradient |Var    Value     Gradient |Var    Value     Gradient
  1  0.27973 -9.00190e+02 |  2 -0.03911 -5.23053e+01 |  3  0.04678  3.08065e+01
  4  0.01825  1.48428e+01 |  5 -0.12029 -3.12468e+01 |  6  0.00346 -2.18764e+00
  7 -0.08698 -1.75696e+01 |  8 -0.07417 -2.32615e+01 |  9 -0.01340 -4.02854e+01
 10  0.12761 -3.60228e+01 | 11  0.01669 -2.66269e+01 | 12  0.10964 -6.25756e+01
 13  0.13792 -3.38728e+01 | 14  0.12764 -3.41734e+01 | 15  0.07313  1.96261e+01
 16 -0.08010 -2.12415e+01 | 17  0.00549 -3.47934e+01 | 18  0.17863  1.87964e+01
 19  0.20320 -1.89782e+01 | 20  0.00705  8.85263e+00 | 21 -0.03566 -1.65554e+01
 22 -0.13561  4.79174e+01 | 23 -0.58290 -7.47087e+01 | 24  0.19467 -3.02513e+01
 25  0.08869 -6.58267e+01 | 26  0.04187 -1.47820e+01 | 27  0.00377 -2.72199e+01
 28  0.04854 -4.60362e+01 | 29  0.06260  2.11842e+01 | 30  0.08063 -1.78264e+01
 31  0.00754 -1.62128e+01 | 32  0.14183 -1.93216e+01 | 33 -0.05986 -9.15424e+01
 34 -0.07383 -2.28627e+01 | 35 -0.06261 -4.89457e+01 | 36 -0.50258 -2.28653e+01
 37  0.10864 -1.71479e+03 | 38  0.12101  4.67363e+02 | 39  0.12092 -1.01200e+02
 40  0.11471 -4.95599e+02 | 41  1.02153 -1.20430e+00 | 42 -0.87898  1.37802e+01
 43  0.27703  6.19851e+01 | 44 -0.33613  2.23928e+01 | 45  0.87451 -1.38507e+02
 46 -0.97387  1.00465e+01 | 47  0.81012 -5.42639e+01 | 48 -1.21015 -1.25246e+00
 49 -0.76037  1.33616e+01 | 50 -0.12725  1.13287e+01 | 51 -0.16454 -3.39846e+00
 52 -0.71735  2.53987e+01 |
52 variables; iteration 80; function evaluation 100; phase 3
Function value 3.8663006e+03; maximum gradient component mag -3.4549e+01
Var    Value     Gradient |Var    Value     Gradient |Var    Value     Gradient
  1  0.48008 -3.01215e+01 |  2 -0.01790 -9.39568e-01 |  3  0.02711 -6.84069e-02
  4  0.00584 -6.31388e-01 |  5 -0.10793 -7.47976e-01 |  6  0.00602 -9.44628e-01
  7 -0.07510 -1.35292e+00 |  8 -0.05460 -1.07615e+00 |  9  0.01198 -5.32887e-01
 10  0.13640 -1.51304e+00 | 11  0.02671 -8.82332e-01 | 12  0.12315  1.35197e-01
 13  0.12616 -1.42221e+00 | 14  0.11190 -3.27518e-01 | 15  0.04162 -1.28942e+00
 16 -0.08722  1.34384e-01 | 17  0.01080  5.23631e-02 | 18  0.13533  1.55609e+00
 19  0.18070 -2.62129e+00 | 20 -0.02258 -1.34066e+00 | 21 -0.02310 -3.23865e-01
 22 -0.10133 -1.98591e+00 | 23 -0.25357  2.80118e-01 | 24  0.11385 -7.82868e-01
 25  0.07930 -1.94870e+00 | 26  0.01790 -2.39392e+00 | 27 -0.01054 -1.96290e+00
 28  0.03826 -1.04636e+00 | 29  0.02607 -3.57126e+00 | 30  0.06235 -2.58799e+00
 31 -0.00449 -1.23225e+00 | 32  0.11653 -3.81637e+00 | 33 -0.04717 -7.06599e-01
 34 -0.09976 -4.44532e+00 | 35 -0.06638 -1.98379e+00 | 36 -0.46924  1.56087e-01
 37  0.04308 -3.45494e+01 | 38  0.04712 -1.12351e+01 | 39  0.05178 -7.10495e+00
 40  0.04427 -1.14277e+01 | 41  0.95327  2.62575e-01 | 42 -0.88236  7.11462e-02
 43  0.28313  2.65346e+00 | 44 -0.33259  1.54847e+01 | 45  0.99747 -2.12151e+00
 46 -1.00760 -1.66016e+00 | 47  1.01580  3.17046e+00 | 48 -1.28490 -2.38284e+00
 49 -0.77803  6.81629e-01 | 50 -0.11597  2.30641e+00 | 51 -0.16819  2.05292e-01
 52 -0.73889  5.30301e-02 |
52 variables; iteration 100; function evaluation 123; phase 3
Function value 3.8655263e+03; maximum gradient component mag -4.8388e+01
Var    Value     Gradient |Var    Value     Gradient |Var    Value     Gradient
  1  0.65423 -2.96715e+01 |  2 -0.01745  1.93509e+00 |  3  0.02761  2.31644e+00
  4  0.00645  1.83014e+00 |  5 -0.10716  1.95901e+00 |  6  0.00688  1.52633e+00
  7 -0.07386  2.04802e+00 |  8 -0.05371  1.79437e+00 |  9  0.01231  1.70845e+00
 10  0.13672  1.27542e+00 | 11  0.02724  1.95499e+00 | 12  0.12269  1.42431e+00
 13  0.12645  1.57817e+00 | 14  0.11159  1.16718e+00 | 15  0.04150  1.11448e+00
 16 -0.08817  1.41389e+00 | 17  0.01064  2.02303e+00 | 18  0.13355  5.50617e-01
 19  0.18126  3.30367e-01 | 20 -0.02228  1.21203e+00 | 21 -0.02389  1.07525e+00
 22 -0.10225  7.85610e-01 | 23 -0.25640  1.19874e+00 | 24  0.11331  3.98069e-01
 25  0.07965  1.39243e+00 | 26  0.01846  6.57618e-01 | 27 -0.01020  4.36011e-01
 28  0.03844  1.07899e+00 | 29  0.02696  4.12479e-01 | 30  0.06307  5.92400e-01
 31 -0.00465  4.51643e-01 | 32  0.11694 -1.57772e+00 | 33 -0.04762 -6.79908e-02
 34 -0.09845 -4.81685e-01 | 35 -0.06658 -3.16734e-01 | 36 -0.47028  1.31417e+00
 37 -0.00558 -4.83876e+01 | 38 -0.00152 -2.79389e+01 | 39  0.00319 -8.48277e+00
 40 -0.00443 -3.92284e+01 | 41  0.84784  4.04963e-01 | 42 -0.86490  9.84782e-01
 43  0.28316  2.28606e+00 | 44 -0.33973  1.67663e+00 | 45  1.00078  6.01007e-01
 46 -1.00052  1.13926e-03 | 47  1.00239  1.58996e-01 | 48 -1.27222 -5.24536e-01
 49 -0.74905 -2.76364e-01 | 50 -0.10470  3.06645e+00 | 51 -0.17329  5.92033e-01
 52 -0.74887  1.14519e+00 |
52 variables; iteration 120; function evaluation 146; phase 3
Function value 3.8654318e+03; maximum gradient component mag -4.3311e+00
Var    Value     Gradient |Var    Value     Gradient |Var    Value     Gradient
  1  0.77243 -1.40511e+00 |  2 -0.01761  6.87423e-02 |  3  0.02727  1.55660e-01
  4  0.00633  1.79107e-01 |  5 -0.10735  1.00327e-01 |  6  0.00695  1.88191e-01
  7 -0.07401  3.91560e-02 |  8 -0.05373  3.59537e-02 |  9  0.01234  1.52739e-01
 10  0.13671  1.03010e-01 | 11  0.02707  9.35659e-02 | 12  0.12265  8.92724e-02
 13  0.12631  4.76918e-02 | 14  0.11167  6.51469e-02 | 15  0.04158  1.59161e-01
 16 -0.08821  1.63882e-01 | 17  0.00978  9.95946e-02 | 18  0.13366  7.06953e-02
 19  0.18126  3.01904e-02 | 20 -0.02220  1.29156e-01 | 21 -0.02383  1.10983e-01
 22 -0.10193  5.98497e-02 | 23 -0.25594  8.17529e-02 | 24  0.11369  1.09147e-01
 25  0.07926  4.95645e-03 | 26  0.01835 -4.69692e-02 | 27 -0.01011  9.24422e-02
 28  0.03788 -1.95153e-02 | 29  0.02685 -5.60229e-02 | 30  0.06288  2.60786e-02
 31 -0.00476  2.21157e-02 | 32  0.11703 -7.55482e-02 | 33 -0.04733 -2.10135e-03
 34 -0.09778 -2.66508e-02 | 35 -0.06662 -1.27376e-01 | 36 -0.47023  9.38563e-02
 37 -0.02831 -1.20554e+00 | 38 -0.02422 -1.14848e+00 | 39 -0.01950 -6.22938e-02
 40 -0.02715 -4.33108e+00 | 41  0.76208  7.85858e-03 | 42 -0.84219 -3.21412e-02
 43  0.28311  7.79377e-02 | 44 -0.34042 -1.28867e-01 | 45  1.00089  6.92885e-01
 46 -1.00229 -2.14906e-01 | 47  0.99562 -5.57851e-01 | 48 -1.26976 -2.86798e-01
 49 -0.70606  7.58259e-02 | 50 -0.08719 -1.83685e-01 | 51 -0.18066 -5.73665e-02
 52 -0.76914 -9.15574e-03 |
52 variables; iteration 140; function evaluation 168; phase 3
Function value 3.8654100e+03; maximum gradient component mag -1.0380e+01
Var    Value     Gradient |Var    Value     Gradient |Var    Value     Gradient
  1  0.85276 -2.69780e+00 |  2 -0.01761  2.37748e-01 |  3  0.02724  2.54061e-01
  4  0.00627  2.05660e-01 |  5 -0.10737  2.31350e-01 |  6  0.00696  2.48771e-01
  7 -0.07393  2.53191e-01 |  8 -0.05360  3.10326e-01 |  9  0.01238  2.57766e-01
 10  0.13673  1.32777e-01 | 11  0.02712  2.46652e-01 | 12  0.12267  1.50944e-01
 13  0.12636  1.93071e-01 | 14  0.11168  1.67961e-01 | 15  0.04153  7.05208e-02
 16 -0.08820  2.53798e-01 | 17  0.00978  1.19401e-01 | 18  0.13369  5.45863e-02
 19  0.18124 -8.84574e-02 | 20 -0.02225  1.03846e-01 | 21 -0.02387  6.30693e-02
 22 -0.10194  6.96061e-02 | 23 -0.25588  1.61017e-01 | 24  0.11349 -1.02343e-01
 25  0.07925 -2.70278e-02 | 26  0.01839 -6.92542e-02 | 27 -0.01020 -6.16793e-02
 28  0.03794 -5.27369e-02 | 29  0.02686 -7.35698e-02 | 30  0.06289 -1.47971e-01
 31 -0.00476 -7.67465e-03 | 32  0.11700 -4.86268e-01 | 33 -0.04731  1.04796e-01
 34 -0.09775  1.00137e-01 | 35 -0.06664 -1.24864e-01 | 36 -0.47029  1.63863e-01
 37 -0.03870 -1.03800e+01 | 38 -0.03460 -5.58634e+00 | 39 -0.02989 -1.98006e+00
 40 -0.03752 -6.90787e+00 | 41  0.69588  6.12993e-02 | 42 -0.81793  8.62836e-02
 43  0.28310  4.31526e-01 | 44 -0.34024  3.21850e-01 | 45  1.00002  1.20974e-02
 46 -1.00098 -1.74457e-02 | 47  0.99794 -9.49982e-02 | 48 -1.26683  5.91540e-02
 49 -0.66638 -6.21749e-04 | 50 -0.06821  1.63835e-01 | 51 -0.18938  5.57408e-02
 52 -0.79397  5.50534e-02 |
52 variables; iteration 160; function evaluation 190; phase 3
Function value 3.8654018e+03; maximum gradient component mag -5.6731e+00
Var    Value     Gradient |Var    Value     Gradient |Var    Value     Gradient
  1  0.91827 -9.26635e-01 |  2 -0.01762  6.74531e-02 |  3  0.02723  9.38386e-02
  4  0.00627  6.83977e-02 |  5 -0.10738  8.56304e-02 |  6  0.00695  1.04103e-01
  7 -0.07395  1.03841e-01 |  8 -0.05364  1.24588e-01 |  9  0.01236  1.19984e-01
 10  0.13671  7.25943e-03 | 11  0.02709  9.20317e-02 | 12  0.12265  2.85940e-02
 13  0.12634  7.04184e-02 | 14  0.11168  5.05204e-02 | 15  0.04156  5.29393e-02
 16 -0.08824  8.17923e-02 | 17  0.00977  1.43034e-02 | 18  0.13369 -4.53910e-03
 19  0.18125 -1.14812e-01 | 20 -0.02224  5.96493e-03 | 21 -0.02382  5.17075e-02
 22 -0.10190  1.39047e-02 | 23 -0.25587  3.29134e-02 | 24  0.11352 -1.36184e-01
 25  0.07926 -5.99135e-02 | 26  0.01840 -7.03888e-02 | 27 -0.01018 -5.06769e-02
 28  0.03797  4.45221e-02 | 29  0.02685 -1.35547e-01 | 30  0.06293 -7.29377e-02
 31 -0.00475 -4.80165e-02 | 32  0.11700 -3.52145e-01 | 33 -0.04733 -2.21248e-02
 34 -0.09790 -2.27583e-01 | 35 -0.06662 -1.67255e-01 | 36 -0.47025  7.54111e-02
 37 -0.04390 -5.67309e+00 | 38 -0.03980 -2.97652e+00 | 39 -0.03509 -1.16873e+00
 40 -0.04273 -5.11744e+00 | 41  0.63343 -6.11471e-02 | 42 -0.79233 -8.46644e-02
 43  0.28312  3.07677e-01 | 44 -0.34031  1.30922e-01 | 45  1.00004  2.88469e-02
 46 -1.00005  2.50056e-03 | 47  0.99827 -5.30320e-02 | 48 -1.26673  6.47028e-02
 49 -0.62560 -1.12585e-01 | 50 -0.04657  1.78974e-02 | 51 -0.20002  8.85423e-02
 52 -0.82903 -8.39543e-02 |
52 variables; iteration 180; function evaluation 215; phase 3
Function value 3.8653991e+03; maximum gradient component mag -2.6576e+00
Var    Value     Gradient |Var    Value     Gradient |Var    Value     Gradient
  1  0.96575 -1.73750e-01 |  2 -0.01760  5.78571e-02 |  3  0.02724  5.58691e-02
  4  0.00628  5.38532e-02 |  5 -0.10737  5.57639e-02 |  6  0.00693  5.65505e-02
  7 -0.07397  5.61583e-02 |  8 -0.05367  5.95049e-02 |  9  0.01234  5.53604e-02
 10  0.13672  2.99321e-02 | 11  0.02709  5.00566e-02 | 12  0.12266  3.83444e-02
 13  0.12633  2.96237e-02 | 14  0.11167  2.99936e-02 | 15  0.04154  2.09977e-02
 16 -0.08826  4.90627e-02 | 17  0.00978  2.77039e-02 | 18  0.13366 -8.23049e-04
 19  0.18127 -3.03254e-02 | 20 -0.02222  3.47764e-02 | 21 -0.02384  1.26026e-02
 22 -0.10190  2.49704e-02 | 23 -0.25585  4.72080e-02 | 24  0.11362 -5.71770e-03
 25  0.07927 -6.38591e-03 | 26  0.01839 -1.87342e-02 | 27 -0.01018 -1.25768e-02
 28  0.03789 -3.85832e-02 | 29  0.02687 -2.99544e-02 | 30  0.06290 -3.64746e-02
 31 -0.00477 -3.86619e-03 | 32  0.11701 -1.16404e-01 | 33 -0.04734  1.08925e-02
 34 -0.09777  3.73416e-02 | 35 -0.06662 -1.45839e-02 | 36 -0.47026  3.83775e-02
 37 -0.04582 -2.65763e+00 | 38 -0.04172 -1.31716e+00 | 39 -0.03700 -4.21210e-01
 40 -0.04464 -1.62821e+00 | 41  0.58284 -5.30716e-02 | 42 -0.77420  1.97604e-02
 43  0.28310  1.08388e-01 | 44 -0.34034  4.07509e-02 | 45  1.00011  8.08385e-02
 46 -1.00140 -5.86565e-02 | 47  0.99952  9.58027e-03 | 48 -1.26716  1.21900e-02
 49 -0.59077 -2.21295e-02 | 50 -0.02647 -1.06554e-01 | 51 -0.20841  1.65443e-02
 52 -0.86179 -4.89683e-03 |
52 variables; iteration 200; function evaluation 236; phase 3
Function value 3.8653985e+03; maximum gradient component mag -1.3476e+00
Var    Value     Gradient |Var    Value     Gradient |Var    Value     Gradient
  1  0.99544 -1.38295e-02 |  2 -0.01760  2.24868e-02 |  3  0.02724  2.44873e-02
  4  0.00628  2.19109e-02 |  5 -0.10737  2.32109e-02 |  6  0.00693  2.59266e-02
  7 -0.07396  2.69987e-02 |  8 -0.05367  2.84152e-02 |  9  0.01234  2.58081e-02
 10  0.13672  1.02934e-02 | 11  0.02709  2.09193e-02 | 12  0.12266  1.18043e-02
 13  0.12633  1.40953e-02 | 14  0.11167  1.19068e-02 | 15  0.04154  1.04739e-02
 16 -0.08827  2.10489e-02 | 17  0.00977  7.74067e-03 | 18  0.13366 -3.90461e-03
 19  0.18127 -2.12601e-02 | 20 -0.02222  1.07025e-02 | 21 -0.02384  7.02151e-03
 22 -0.10190  8.87037e-03 | 23 -0.25585  1.72975e-02 | 24  0.11362 -1.31753e-02
 25  0.07927 -7.08094e-03 | 26  0.01840 -1.24048e-02 | 27 -0.01018 -1.49826e-02
 28  0.03790 -1.33132e-02 | 29  0.02687 -1.35509e-02 | 30  0.06290 -2.11454e-02
 31 -0.00477 -7.09103e-03 | 32  0.11701 -6.73617e-02 | 33 -0.04733  5.37059e-03
 34 -0.09779 -5.67640e-03 | 35 -0.06662 -1.27878e-02 | 36 -0.47026  1.68238e-02
 37 -0.04622 -1.34764e+00 | 38 -0.04212 -6.70758e-01 | 39 -0.03740 -2.31168e-01
 40 -0.04504 -8.82247e-01 | 41  0.54784 -1.85332e-02 | 42 -0.76743 -1.36471e-02
 43  0.28310  5.59792e-02 | 44 -0.34034  2.67515e-02 | 45  0.99988 -9.30652e-02
 46 -1.00002  6.27237e-03 | 47  0.99936  1.00735e-02 | 48 -1.26713  1.29346e-02
 49 -0.56607 -2.52028e-03 | 50 -0.01128 -5.16868e-02 | 51 -0.21171  8.28600e-03
 52 -0.87724 -2.02005e-02 |
52 variables; iteration 220; function evaluation 259; phase 3
Function value 3.8653984e+03; maximum gradient component mag 2.9367e-01
Var    Value     Gradient |Var    Value     Gradient |Var    Value     Gradient
  1  1.01677  6.56533e-03 |  2 -0.01760 -6.90285e-03 |  3  0.02724 -2.66500e-03
  4  0.00628 -5.04241e-03 |  5 -0.10737 -6.39401e-03 |  6  0.00693 -1.78842e-03
  7 -0.07397 -4.28464e-03 |  8 -0.05368 -2.67080e-03 |  9  0.01233 -1.73222e-03
 10  0.13672 -1.72109e-03 | 11  0.02708 -3.70525e-03 | 12  0.12266 -1.11009e-03
 13  0.12632  2.01882e-04 | 14  0.11167 -6.50459e-04 | 15  0.04154 -2.89197e-05
 16 -0.08827 -9.08580e-04 | 17  0.00977  3.64971e-04 | 18  0.13366  4.48409e-03
 19  0.18127  4.21276e-03 | 20 -0.02222 -1.49741e-03 | 21 -0.02384 -5.60467e-04
 22 -0.10189 -2.47850e-03 | 23 -0.25585 -4.15604e-03 | 24  0.11363 -4.61021e-03
 25  0.07927  2.04619e-04 | 26  0.01840  3.32979e-03 | 27 -0.01017  5.67808e-03
 28  0.03789  1.02746e-02 | 29  0.02687  4.01504e-03 | 30  0.06290  5.71613e-03
 31 -0.00477  3.03805e-03 | 32  0.11701  1.26480e-02 | 33 -0.04734  4.04487e-03
 34 -0.09779 -1.80933e-03 | 35 -0.06662  3.76880e-03 | 36 -0.47025 -2.10538e-03
 37 -0.04613  2.93670e-01 | 38 -0.04202  1.26649e-01 | 39 -0.03731  3.50956e-02
 40 -0.04495  1.98249e-01 | 41  0.51972  7.39027e-03 | 42 -0.76989  2.27794e-03
 43  0.28310 -1.14408e-02 | 44 -0.34035  3.10390e-04 | 45  1.00003  1.65496e-02
 46 -0.99907  1.40484e-02 | 47  0.99914  7.27682e-03 | 48 -1.26721  1.29511e-03
 49 -0.54595  6.89368e-04 | 50  0.00165  2.00094e-03 | 51 -0.21051 -1.21018e-03
 52 -0.87134 -1.07169e-02 |
52 variables; iteration 240; function evaluation 283; phase 3
Function value 3.8653983e+03; maximum gradient component mag 2.5278e-01
Var    Value     Gradient |Var    Value     Gradient |Var    Value     Gradient
  1  1.03442  1.11871e-02 |  2 -0.01760  9.02103e-03 |  3  0.02724 -1.20787e-03
  4  0.00628 -1.77226e-03 |  5 -0.10736  1.11583e-02 |  6  0.00693 -3.62446e-03
  7 -0.07397  5.09308e-03 |  8 -0.05368  2.01119e-03 |  9  0.01233 -2.40392e-03
 10  0.13672  4.84428e-03 | 11  0.02708  3.19034e-03 | 12  0.12266  6.24322e-03
 13  0.12632  7.96808e-03 | 14  0.11166  1.23730e-03 | 15  0.04154  1.69638e-03
 16 -0.08828 -1.20809e-04 | 17  0.00977  1.95891e-03 | 18  0.13365  3.34648e-03
 19  0.18127  7.81497e-03 | 20 -0.02222  4.92720e-03 | 21 -0.02384  5.86670e-03
 22 -0.10189  1.28808e-02 | 23 -0.25586 -1.60260e-04 | 24  0.11364  9.93909e-03
 25  0.07927  2.09455e-02 | 26  0.01840  2.04082e-02 | 27 -0.01018  6.16327e-03
 28  0.03789  1.50429e-02 | 29  0.02687  1.49700e-02 | 30  0.06290  1.96651e-02
 31 -0.00477  1.04630e-02 | 32  0.11702  2.18887e-02 | 33 -0.04734  2.95840e-03
 34 -0.09779  3.64896e-03 | 35 -0.06661  2.17497e-02 | 36 -0.47026 -6.26639e-04
 37 -0.04581  2.52781e-01 | 38 -0.04171  1.94952e-01 | 39 -0.03699  7.17315e-02
 40 -0.04463  2.43145e-01 | 41  0.49299 -2.02304e-02 | 42 -0.79089  5.85553e-02
 43  0.28310 -1.03496e-02 | 44 -0.34035 -1.24302e-03 | 45  0.99995 -3.39020e-02
 46 -0.99928  4.05185e-03 | 47  0.99911  6.63167e-03 | 48 -1.26728 -6.98642e-03
 49 -0.52663 -1.50729e-02 | 50  0.01451 -3.01175e-02 | 51 -0.20066  3.07675e-02
 52 -0.83100  2.16702e-02 |
52 variables; iteration 260; function evaluation 307; phase 3
Function value 3.8653981e+03; maximum gradient component mag 3.0990e-01
Var    Value     Gradient |Var    Value     Gradient |Var    Value     Gradient
  1  1.03309  9.11449e-03 |  2 -0.01760 -3.70747e-03 |  3  0.02724 -6.35318e-03
  4  0.00628 -6.39583e-03 |  5 -0.10737 -5.50982e-03 |  6  0.00693 -5.26362e-03
  7 -0.07397 -6.57382e-03 |  8 -0.05368 -7.47215e-03 |  9  0.01233 -8.30858e-03
 10  0.13672 -2.65477e-03 | 11  0.02708 -5.30433e-03 | 12  0.12266 -1.80615e-03
 13  0.12632 -1.60867e-03 | 14  0.11166 -5.35138e-03 | 15  0.04154 -3.86726e-03
 16 -0.08827 -3.27060e-03 | 17  0.00977 -9.82216e-04 | 18  0.13365 -2.41513e-03
 19  0.18127  2.89905e-03 | 20 -0.02222 -1.65670e-03 | 21 -0.02384 -1.14726e-03
 22 -0.10189  1.42967e-03 | 23 -0.25585 -6.59516e-03 | 24  0.11363 -5.21205e-03
 25  0.07927  5.92733e-03 | 26  0.01840  5.42715e-03 | 27 -0.01017  5.64717e-03
 28  0.03789  1.30340e-02 | 29  0.02687  3.58190e-03 | 30  0.06290  1.03386e-02
 31 -0.00477  1.35427e-03 | 32  0.11702  1.79120e-02 | 33 -0.04734 -4.56961e-03
 34 -0.09778  8.03813e-03 | 35 -0.06662  4.81955e-03 | 36 -0.47025 -4.18384e-03
 37 -0.04584  3.09896e-01 | 38 -0.04174  1.86132e-01 | 39 -0.03702  5.92318e-02
 40 -0.04466  2.76802e-01 | 41  0.49136  2.24299e-03 | 42 -0.82620  2.26789e-02
 43  0.28310 -2.09606e-02 | 44 -0.34035  6.58384e-03 | 45  0.99985 -1.10127e-01
 46 -1.00070 -3.40561e-03 | 47  0.99857 -2.24224e-02 | 48 -1.26722  5.79309e-04
 49 -0.52544 -7.77053e-03 | 50  0.01532  4.85945e-03 | 51 -0.18628  1.90307e-02
 52 -0.78484  1.59054e-02 |
52 variables; iteration 280; function evaluation 329; phase 3
Function value 3.8653979e+03; maximum gradient component mag 1.4865e-01
Var    Value     Gradient |Var    Value     Gradient |Var    Value     Gradient
  1  1.00824  5.05318e-03 |  2 -0.01760 -7.48674e-03 |  3  0.02724 -3.77514e-03
  4  0.00628 -3.88640e-03 |  5 -0.10737 -1.02533e-02 |  6  0.00693 -1.98124e-03
  7 -0.07397 -6.79350e-03 |  8 -0.05368 -6.53713e-03 |  9  0.01233 -4.59494e-03
 10  0.13672 -3.44733e-03 | 11  0.02708 -6.09432e-03 | 12  0.12266 -4.40556e-03
 13  0.12632 -5.50564e-03 | 14  0.11166 -3.78206e-03 | 15  0.04154 -3.34055e-03
 16 -0.08827 -1.33279e-03 | 17  0.00978 -1.06648e-03 | 18  0.13366 -8.68736e-04
 19  0.18127  1.44663e-04 | 20 -0.02222 -3.24462e-03 | 21 -0.02384 -3.76948e-03
 22 -0.10189 -4.93989e-03 | 23 -0.25584 -3.18849e-03 | 24  0.11363 -6.40710e-03
 25  0.07926 -5.16651e-03 | 26  0.01839 -5.44202e-03 | 27 -0.01017  7.49264e-04
 28  0.03789  8.62432e-04 | 29  0.02687 -3.20731e-03 | 30  0.06290 -1.47297e-03
 31 -0.00477 -2.66247e-03 | 32  0.11702  4.04042e-03 | 33 -0.04734 -1.73411e-03
 34 -0.09778  8.54878e-03 | 35 -0.06662 -6.32957e-03 | 36 -0.47026 -3.18909e-03
 37 -0.04620  1.48651e-01 | 38 -0.04210  6.21478e-02 | 39 -0.03738  1.84979e-02
 40 -0.04502  1.03081e-01 | 41  0.52215  1.26656e-02 | 42 -0.84028 -1.46115e-02
 43  0.28310 -1.03514e-02 | 44 -0.34035  2.74211e-03 | 45  1.00001 -2.06341e-02
 46 -0.99956 -2.12977e-03 | 47  0.99898  2.26731e-03 | 48 -1.26720  3.18408e-03
 49 -0.54770  5.73512e-03 | 50  0.00051  5.43676e-03 | 51 -0.18131 -8.23228e-03
 52 -0.77089 -8.21144e-03 |
52 variables; iteration 300; function evaluation 353; phase 3
Function value 3.8653978e+03; maximum gradient component mag 5.2409e-01
Var    Value     Gradient |Var    Value     Gradient |Var    Value     Gradient
  1  1.00366 -3.11937e-05 |  2 -0.01760 -1.31229e-03 |  3  0.02724 -4.83552e-03
  4  0.00629 -4.90774e-03 |  5 -0.10736  3.08686e-03 |  6  0.00693 -5.86052e-03
  7 -0.07397 -2.68946e-03 |  8 -0.05368 -4.02360e-03 |  9  0.01233 -2.91807e-03
 10  0.13672  4.68604e-04 | 11  0.02709 -1.12313e-03 | 12  0.12266 -1.50898e-04
 13  0.12632  1.57597e-03 | 14  0.11167  2.34926e-03 | 15  0.04154  2.44765e-03
 16 -0.08828 -3.52197e-03 | 17  0.00977 -7.12273e-04 | 18  0.13366  8.39317e-03
 19  0.18127  9.38413e-03 | 20 -0.02222  1.53517e-03 | 21 -0.02384  2.47297e-03
 22 -0.10190  2.01835e-03 | 23 -0.25586 -3.40787e-03 | 24  0.11364  8.13369e-03
 25  0.07927  1.51710e-02 | 26  0.01840  1.53242e-02 | 27 -0.01018  6.74683e-03
 28  0.03789  1.37792e-02 | 29  0.02687  1.30814e-02 | 30  0.06290  1.51491e-02
 31 -0.00477  1.22755e-02 | 32  0.11701  2.73690e-02 | 33 -0.04734  9.02183e-03
 34 -0.09780 -9.88928e-03 | 35 -0.06661  2.04586e-02 | 36 -0.47025 -1.95989e-03
 37 -0.04622  5.24091e-01 | 38 -0.04211  2.57546e-01 | 39 -0.03740  8.16796e-02
 40 -0.04504  3.47907e-01 | 41  0.52705  1.02514e-02 | 42 -0.82660 -5.25688e-02
 43  0.28310 -1.70595e-02 | 44 -0.34036 -9.98557e-03 | 45  0.99996 -2.34373e-02
 46 -1.00091 -1.31022e-02 | 47  0.99895  1.07931e-03 | 48 -1.26727 -6.07664e-03
 49 -0.55122  1.01902e-02 | 50 -0.00178 -6.74483e-03 | 51 -0.18616 -2.31051e-02
 52 -0.78452 -4.01003e-02 |
52 variables; iteration 320; function evaluation 374; phase 3
Function value 3.8653978e+03; maximum gradient component mag 1.3394e-01
Var    Value     Gradient |Var    Value     Gradient |Var    Value     Gradient
  1  1.01045  6.81665e-03 |  2 -0.01760 -4.44098e-03 |  3  0.02724 -2.86772e-03
  4  0.00628 -2.97979e-03 |  5 -0.10737 -5.18452e-03 |  6  0.00693 -2.51271e-03
  7 -0.07397 -3.65396e-03 |  8 -0.05368 -3.24166e-03 |  9  0.01233 -2.64379e-03
 10  0.13672 -2.28967e-03 | 11  0.02708 -3.29174e-03 | 12  0.12266 -2.06925e-03
 13  0.12632 -1.85026e-03 | 14  0.11167 -1.99245e-03 | 15  0.04154 -1.62536e-03
 16 -0.08827 -1.61161e-03 | 17  0.00977 -9.76690e-04 | 18  0.13366 -9.02206e-05
 19  0.18127  7.00473e-04 | 20 -0.02222 -2.23301e-03 | 21 -0.02384 -8.66290e-04
 22 -0.10189 -3.02491e-03 | 23 -0.25585 -2.17807e-03 | 24  0.11363 -2.07491e-03
 25  0.07927 -2.23623e-03 | 26  0.01840 -2.08629e-03 | 27 -0.01017  9.46135e-04
 28  0.03789  1.44704e-03 | 29  0.02687 -2.73607e-04 | 30  0.06290 -2.82330e-04
 31 -0.00477 -5.73533e-04 | 32  0.11701  3.93885e-03 | 33 -0.04734 -7.05596e-04
 34 -0.09778  6.25808e-04 | 35 -0.06662 -1.22439e-03 | 36 -0.47026 -2.54770e-03
 37 -0.04619  1.33937e-01 | 38 -0.04208  5.03820e-02 | 39 -0.03737  1.68292e-02
 40 -0.04501  7.61582e-02 | 41  0.51690  5.77888e-03 | 42 -0.81986  8.83804e-04
 43  0.28310 -5.14137e-03 | 44 -0.34035 -1.23689e-04 | 45  0.99996 -2.82544e-02
 46 -1.00050  1.41573e-03 | 47  0.99896  1.31899e-03 | 48 -1.26722  1.02339e-03
 49 -0.54392  6.46318e-04 | 50  0.00298 -1.25112e-03 | 51 -0.18868  5.16517e-04
 52 -0.79187  4.83342e-04 |
52 variables; iteration 340; function evaluation 397; phase 3
Function value 3.8653978e+03; maximum gradient component mag -5.7562e-02
Var    Value     Gradient |Var    Value     Gradient |Var    Value     Gradient
  1  1.00840  7.99150e-03 |  2 -0.01760  3.01068e-04 |  3  0.02724  6.94744e-04
  4  0.00629  6.74441e-04 |  5 -0.10737  2.56262e-04 |  6  0.00693  7.42910e-04
  7 -0.07397  7.81632e-04 |  8 -0.05368  6.42821e-04 |  9  0.01233  9.13311e-04
 10  0.13672 -1.87839e-04 | 11  0.02708  2.64819e-04 | 12  0.12266 -5.41234e-04
 13  0.12632 -3.99765e-04 | 14  0.11167 -1.22379e-04 | 15  0.04154  2.96479e-04
 16 -0.08827  8.33460e-04 | 17  0.00977 -1.26025e-06 | 18  0.13366 -6.94798e-04
 19  0.18127 -1.80319e-03 | 20 -0.02222  2.08653e-04 | 21 -0.02384  2.74248e-04
 22 -0.10189 -8.12071e-05 | 23 -0.25585  1.59686e-03 | 24  0.11363 -3.06524e-04
 25  0.07927 -1.53178e-03 | 26  0.01840 -1.58379e-03 | 27 -0.01018 -1.27874e-03
 28  0.03789 -2.49353e-03 | 29  0.02687 -1.27454e-03 | 30  0.06290 -2.10859e-03
 31 -0.00477 -6.01878e-04 | 32  0.11701 -4.12676e-03 | 33 -0.04734  2.00957e-04
 34 -0.09779 -1.09337e-03 | 35 -0.06662 -6.42744e-04 | 36 -0.47026  1.63410e-04
 37 -0.04620 -5.75620e-02 | 38 -0.04210 -3.25886e-02 | 39 -0.03738 -9.24693e-03
 40 -0.04502 -5.15444e-02 | 41  0.50676 -4.09280e-03 | 42 -0.80040 -7.59474e-03
 43  0.28310  3.43746e-03 | 44 -0.34035  7.23015e-05 | 45  0.99997 -1.66888e-02
 46 -1.00064 -1.30259e-03 | 47  0.99899  2.56484e-03 | 48 -1.26723  2.09343e-04
 49 -0.53660  7.72506e-04 | 50  0.00782 -2.16019e-02 | 51 -0.19654 -3.26115e-03
 52 -0.81668 -8.46212e-03 |
52 variables; iteration 360; function evaluation 420; phase 3
Function value 3.8653977e+03; maximum gradient component mag 5.0366e-01
Var    Value     Gradient |Var    Value     Gradient |Var    Value     Gradient
  1  1.00936  5.97954e-04 |  2 -0.01760 -1.21297e-02 |  3  0.02724 -7.92369e-03
  4  0.00628 -9.12731e-03 |  5 -0.10737 -1.35155e-02 |  6  0.00693 -7.11385e-03
  7 -0.07397 -1.08532e-02 |  8 -0.05368 -9.93634e-03 |  9  0.01233 -8.46594e-03
 10  0.13672 -4.98668e-03 | 11  0.02708 -9.30738e-03 | 12  0.12266 -6.62316e-03
 13  0.12632 -7.06651e-03 | 14  0.11166 -6.16699e-03 | 15  0.04154 -3.91297e-03
 16 -0.08827 -5.23217e-04 | 17  0.00978 -7.52601e-04 | 18  0.13366  4.32258e-04
 19  0.18127  1.84724e-03 | 20 -0.02222 -3.61851e-03 | 21 -0.02384 -2.81114e-03
 22 -0.10189 -5.45340e-03 | 23 -0.25585 -2.92285e-03 | 24  0.11363 -7.99085e-03
 25  0.07926 -2.55640e-03 | 26  0.01839  2.32012e-04 | 27 -0.01017  7.83475e-03
 28  0.03789  9.17769e-03 | 29  0.02687  3.24357e-03 | 30  0.06290  4.42476e-03
 31 -0.00477  3.29292e-03 | 32  0.11701  1.61119e-02 | 33 -0.04734  4.45179e-04
 34 -0.09778  7.55389e-03 | 35 -0.06662  3.76811e-03 | 36 -0.47026 -5.95787e-03
 37 -0.04619  5.03655e-01 | 38 -0.04209  2.17011e-01 | 39 -0.03738  6.87584e-02
 40 -0.04501  3.28531e-01 | 41  0.45547 -3.52886e-02 | 42 -0.78164 -5.89056e-02
 43  0.28310 -2.17124e-02 | 44 -0.34035  1.89664e-03 | 45  0.99993 -4.94404e-02
 46 -1.00050  1.45226e-03 | 47  0.99888 -2.17848e-03 | 48 -1.26721  1.55017e-03
 49 -0.49925  7.34695e-03 | 50  0.03347 -8.77834e-02 | 51 -0.20490 -1.83341e-02
 52 -0.84720 -3.54868e-02 |
52 variables; iteration 380; function evaluation 443; phase 3
Function value 3.8653973e+03; maximum gradient component mag -7.4150e-01
Var    Value     Gradient |Var    Value     Gradient |Var    Value     Gradient
  1  0.99500 -4.00972e-04 |  2 -0.01760 -8.69423e-03 |  3  0.02724 -9.10809e-03
  4  0.00628 -8.01328e-03 |  5 -0.10737 -8.93946e-03 |  6  0.00693 -8.25426e-03
  7 -0.07397 -7.03208e-03 |  8 -0.05368 -6.38045e-03 |  9  0.01233 -6.70614e-03
 10  0.13672 -4.95307e-03 | 11  0.02709 -4.30472e-03 | 12  0.12266 -1.37961e-02
 13  0.12632 -1.31253e-02 | 14  0.11167 -1.75024e-02 | 15  0.04154 -8.39122e-04
 16 -0.08827  1.27741e-02 | 17  0.00977  4.05933e-03 | 18  0.13366 -9.36383e-03
 19  0.18127 -2.19820e-02 | 20 -0.02222  3.11565e-04 | 21 -0.02384 -9.90845e-04
 22 -0.10189  1.45609e-02 | 23 -0.25585  1.90296e-02 | 24  0.11363 -1.93536e-02
 25  0.07927 -9.54253e-03 | 26  0.01840  1.15735e-02 | 27 -0.01017  1.36675e-02
 28  0.03789  9.13087e-03 | 29  0.02687  6.65245e-03 | 30  0.06290  1.04528e-03
 31 -0.00477  8.41366e-03 | 32  0.11701 -6.94223e-03 | 33 -0.04734  7.32615e-03
 34 -0.09778  1.46492e-02 | 35 -0.06662  2.81819e-02 | 36 -0.47026 -3.44884e-03
 37 -0.04622  4.62698e-01 | 38 -0.04211  2.21460e-01 | 39 -0.03740  6.39281e-02
 40 -0.04503  3.41828e-01 | 41  0.33527 -4.55732e-01 | 42 -0.78071  6.22047e-02
 43  0.28310 -2.19713e-02 | 44 -0.34036 -1.70726e-02 | 45  1.00024  1.79656e-01
 46 -0.99935  1.80903e-03 | 47  0.99899  2.72563e-03 | 48 -1.26722  7.54855e-04
 49 -0.41036 -1.70925e-02 | 50  0.10091 -7.41503e-01 | 51 -0.20533  4.48895e-03
 52 -0.84873  2.33454e-02 |
52 variables; iteration 400; function evaluation 465; phase 3
Function value 3.8653969e+03; maximum gradient component mag -2.1214e-01
Var    Value     Gradient |Var    Value     Gradient |Var    Value     Gradient
  1  1.00158  1.81632e-03 |  2 -0.01760  1.61465e-02 |  3  0.02724  1.16993e-02
  4  0.00628  9.63804e-03 |  5 -0.10736  1.73667e-02 |  6  0.00693  8.69443e-03
  7 -0.07396  1.87489e-02 |  8 -0.05367  1.99673e-02 |  9  0.01234  1.44084e-02
 10  0.13672  7.83874e-03 | 11  0.02709  1.84060e-02 | 12  0.12266  1.32669e-02
 13  0.12633  2.15506e-02 | 14  0.11167  1.07044e-02 | 15  0.04154  6.70044e-03
 16 -0.08827  1.69461e-02 | 17  0.00977  8.96083e-03 | 18  0.13366  8.68295e-03
 19  0.18127  4.34686e-03 | 20 -0.02222  1.18254e-02 | 21 -0.02384  7.10804e-03
 22 -0.10190  1.10425e-02 | 23 -0.25585  1.15512e-02 | 24  0.11363  4.39841e-03
 25  0.07927  9.23410e-03 | 26  0.01840  1.21438e-02 | 27 -0.01018  3.23040e-03
 28  0.03789  6.09269e-03 | 29  0.02687  1.07047e-02 | 30  0.06290  3.29638e-03
 31 -0.00477  9.51611e-03 | 32  0.11701 -2.53167e-03 | 33 -0.04734  1.25985e-02
 34 -0.09779  1.02747e-02 | 35 -0.06662  1.49709e-02 | 36 -0.47026  6.25096e-03
 37 -0.04622 -2.12139e-01 | 38 -0.04212 -1.20609e-01 | 39 -0.03741 -4.02924e-02
 40 -0.04504 -1.12325e-01 | 41  0.30880 -4.15295e-02 | 42 -0.80918  3.10084e-02
 43  0.28310  1.68550e-02 | 44 -0.34035  1.01045e-02 | 45  0.99989 -8.08285e-02
 46 -0.99944 -3.88383e-04 | 47  0.99886 -3.30848e-03 | 48 -1.26722  1.05279e-03
 49 -0.39066 -1.91701e-02 | 50  0.11715 -4.88311e-02 | 51 -0.19287  3.12043e-02
 52 -0.80476  1.19747e-02 |
52 variables; iteration 420; function evaluation 485; phase 3
Function value 3.8653969e+03; maximum gradient component mag 9.7613e-02
Var    Value     Gradient |Var    Value     Gradient |Var    Value     Gradient
  1  0.99084 -6.38160e-03 |  2 -0.01760  2.14181e-03 |  3  0.02724  6.77694e-04
  4  0.00629  1.02509e-03 |  5 -0.10737  2.87841e-03 |  6  0.00693  7.37791e-04
  7 -0.07397  2.05165e-03 |  8 -0.05368  3.17184e-03 |  9  0.01233  2.47071e-03
 10  0.13672  1.46291e-03 | 11  0.02709  3.23494e-03 | 12  0.12266  3.26326e-03
 13  0.12632  4.69552e-03 | 14  0.11167  2.39449e-03 | 15  0.04154  1.54089e-03
 16 -0.08827  3.89312e-03 | 17  0.00977  2.26922e-03 | 18  0.13366  4.38426e-03
 19  0.18127  1.92045e-03 | 20 -0.02222  2.61211e-03 | 21 -0.02384  1.44058e-03
 22 -0.10190  1.40259e-03 | 23 -0.25585  1.51540e-03 | 24  0.11363  7.18443e-04
 25  0.07927  3.40565e-03 | 26  0.01840  3.78354e-03 | 27 -0.01018  3.45415e-03
 28  0.03789  4.35554e-03 | 29  0.02687  3.68733e-03 | 30  0.06290  2.27272e-03
 31 -0.00477  4.16742e-03 | 32  0.11701  4.23092e-03 | 33 -0.04734  5.61484e-03
 34 -0.09778  4.52666e-03 | 35 -0.06662  7.42109e-03 | 36 -0.47026  8.98873e-04
 37 -0.04620  9.76134e-02 | 38 -0.04209  2.90219e-02 | 39 -0.03738  7.32844e-03
 40 -0.04501  7.95820e-02 | 41  0.29121 -1.95171e-02 | 42 -0.81392  1.83585e-02
 43  0.28310 -2.44189e-03 | 44 -0.34035 -8.25966e-05 | 45  1.00002  1.26210e-02
 46 -0.99946 -8.11206e-04 | 47  0.99889 -1.73176e-03 | 48 -1.26723 -2.31723e-04
 49 -0.37758 -5.42365e-03 | 50  0.12813 -2.89120e-02 | 51 -0.19099  8.76985e-03
 52 -0.79884  1.08843e-02 |
52 variables; iteration 440; function evaluation 506; phase 3
Function value 3.8653968e+03; maximum gradient component mag 2.5231e-01
Var    Value     Gradient |Var    Value     Gradient |Var    Value     Gradient
  1  0.99961  8.34096e-05 |  2 -0.01760 -2.34570e-03 |  3  0.02724 -2.83761e-03
  4  0.00628 -3.66233e-03 |  5 -0.10737 -1.97872e-03 |  6  0.00693 -3.85505e-03
  7 -0.07397 -1.30589e-03 |  8 -0.05368 -2.21045e-03 |  9  0.01233 -2.91546e-03
 10  0.13672 -9.77801e-04 | 11  0.02708 -9.46617e-04 | 12  0.12266 -2.00224e-03
 13  0.12632  8.46658e-04 | 14  0.11166 -1.01463e-03 | 15  0.04154 -1.87044e-04
 16 -0.08827 -2.49734e-04 | 17  0.00977 -1.41510e-04 | 18  0.13366  2.10503e-03
 19  0.18127  4.54787e-03 | 20 -0.02222 -3.61247e-04 | 21 -0.02384 -2.26456e-04
 22 -0.10189  2.18047e-03 | 23 -0.25585 -5.71004e-04 | 24  0.11363  6.56515e-04
 25  0.07927  4.05831e-03 | 26  0.01840  7.06584e-03 | 27 -0.01018  3.54722e-03
 28  0.03789  7.04421e-03 | 29  0.02687  6.34793e-03 | 30  0.06290  7.22394e-03
 31 -0.00477  4.41689e-03 | 32  0.11702  1.35213e-02 | 33 -0.04734  1.61785e-03
 34 -0.09779  5.12659e-04 | 35 -0.06662  5.81896e-03 | 36 -0.47026 -1.88940e-03
 37 -0.04622  2.52306e-01 | 38 -0.04212  1.33506e-01 | 39 -0.03741  4.09807e-02
 40 -0.04504  1.65585e-01 | 41  0.27274 -1.66313e-02 | 42 -0.83486 -1.32847e-02
 43  0.28310 -1.01689e-02 | 44 -0.34035 -9.96275e-04 | 45  1.00003  2.02517e-02
 46 -0.99959 -2.31776e-03 | 47  0.99897  1.82298e-03 | 48 -1.26723 -2.32523e-04
 49 -0.36384  1.51837e-03 | 50  0.13986 -3.15993e-02 | 51 -0.18317 -2.37345e-03
 52 -0.77604 -9.52209e-03 |
52 variables; iteration 460; function evaluation 528; phase 3
Function value 3.8653967e+03; maximum gradient component mag -9.2480e-01
Var    Value     Gradient |Var    Value     Gradient |Var    Value     Gradient
  1  0.99643 -8.31418e-03 |  2 -0.01760  1.11788e-02 |  3  0.02724  1.19538e-02
  4  0.00629  1.33093e-02 |  5 -0.10737  1.07312e-02 |  6  0.00693  1.35565e-02
  7 -0.07397  1.02007e-02 |  8 -0.05368  1.12004e-02 |  9  0.01233  1.12653e-02
 10  0.13672  4.82576e-03 | 11  0.02708  7.58690e-03 | 12  0.12266  5.62203e-03
 13  0.12632 -7.26641e-05 | 14  0.11167  4.21043e-03 | 15  0.04154  2.63076e-03
 16 -0.08827  4.13055e-03 | 17  0.00977  1.05833e-03 | 18  0.13366 -8.10286e-03
 19  0.18127 -1.41524e-02 | 20 -0.02222  3.64636e-03 | 21 -0.02384  8.27670e-04
 22 -0.10190  1.26530e-05 | 23 -0.25585  7.21448e-03 | 24  0.11363 -1.50891e-03
 25  0.07927 -1.15968e-02 | 26  0.01839 -1.62873e-02 | 27 -0.01017 -1.22558e-02
 28  0.03789 -2.30893e-02 | 29  0.02687 -1.59331e-02 | 30  0.06290 -2.02528e-02
 31 -0.00477 -1.15137e-02 | 32  0.11701 -4.45649e-02 | 33 -0.04734 -5.37594e-03
 34 -0.09778 -3.17879e-03 | 35 -0.06662 -1.77111e-02 | 36 -0.47025  8.46729e-03
 37 -0.04622 -9.24803e-01 | 38 -0.04212 -4.47661e-01 | 39 -0.03741 -1.41371e-01
 40 -0.04504 -6.11261e-01 | 41  0.20973  3.13835e-02 | 42 -0.84247  2.31417e-03
 43  0.28310  3.63576e-02 | 44 -0.34035  3.82070e-03 | 45  1.00002  9.79202e-03
 46 -1.00017  2.17859e-03 | 47  0.99889 -1.56049e-03 | 48 -1.26723  1.61242e-03
 49 -0.31707 -3.38968e-03 | 50  0.18143  4.74695e-02 | 51 -0.18057 -9.17510e-04
 52 -0.76886  8.02332e-03 |
52 variables; iteration 480; function evaluation 551; phase 3
Function value 3.8653966e+03; maximum gradient component mag -1.3681e-01
Var    Value     Gradient |Var    Value     Gradient |Var    Value     Gradient
  1  1.00142  1.41157e-03 |  2 -0.01760 -2.47626e-03 |  3  0.02724 -2.74239e-03
  4  0.00629  8.36125e-05 |  5 -0.10737 -2.11572e-03 |  6  0.00693  7.15896e-04
  7 -0.07397 -6.40507e-03 |  8 -0.05368 -5.82388e-03 |  9  0.01233 -3.09455e-03
 10  0.13672 -1.19270e-03 | 11  0.02708 -4.86903e-03 | 12  0.12266 -3.74366e-03
 13  0.12632 -1.14891e-02 | 14  0.11166 -4.22881e-03 | 15  0.04154 -8.68839e-04
 16 -0.08828 -6.39240e-03 | 17  0.00977 -3.29777e-03 | 18  0.13366 -7.03541e-03
 19  0.18127 -9.48717e-03 | 20 -0.02222 -2.01504e-03 | 21 -0.02384 -2.91034e-03
 22 -0.10190 -2.61792e-03 | 23 -0.25585 -1.78727e-03 | 24  0.11363 -4.72975e-03
 25  0.07927 -5.86135e-03 | 26  0.01839 -6.61462e-03 | 27 -0.01017 -2.83002e-03
 28  0.03789 -9.56507e-03 | 29  0.02687 -7.27310e-03 | 30  0.06290 -7.34035e-03
 31 -0.00477 -5.01610e-03 | 32  0.11701 -1.34692e-02 | 33 -0.04734 -4.37630e-03
 34 -0.09779 -4.78930e-03 | 35 -0.06662 -2.88957e-03 | 36 -0.47025  2.09770e-04
 37 -0.04622 -1.36809e-01 | 38 -0.04212 -5.99883e-02 | 39 -0.03741 -1.80652e-02
 40 -0.04504 -6.32623e-02 | 41  0.17057 -2.59746e-02 | 42 -0.81897 -6.40382e-03
 43  0.28310 -7.41709e-04 | 44 -0.34036 -1.64678e-02 | 45  0.99998 -1.40410e-02
 46 -1.00071 -3.68722e-03 | 47  0.99887 -2.49465e-03 | 48 -1.26725 -1.76493e-03
 49 -0.28814  2.96620e-03 | 50  0.20840 -4.19954e-02 | 51 -0.18904 -1.57155e-02
 52 -0.79289 -6.11005e-04 |
52 variables; iteration 500; function evaluation 573; phase 3
Function value 3.8653965e+03; maximum gradient component mag -6.6027e-02
Var    Value     Gradient |Var    Value     Gradient |Var    Value     Gradient
  1  1.00148  1.25340e-03 |  2 -0.01760  3.71241e-03 |  3  0.02724  2.04360e-03
  4  0.00628  1.27269e-03 |  5 -0.10737  4.42985e-03 |  6  0.00693  1.12726e-03
  7 -0.07397  3.94001e-03 |  8 -0.05368  3.29893e-03 |  9  0.01233  1.58589e-03
 10  0.13672  1.89406e-03 | 11  0.02709  3.83071e-03 | 12  0.12266  1.17129e-05
 13  0.12632  2.45054e-03 | 14  0.11166  8.27037e-04 | 15  0.04154  2.03611e-03
 16 -0.08827  3.56686e-03 | 17  0.00977  1.07759e-03 | 18  0.13366 -1.33875e-04
 19  0.18127 -5.44088e-04 | 20 -0.02222  2.41863e-03 | 21 -0.02384 -4.03015e-04
 22 -0.10189  6.30021e-03 | 23 -0.25585  4.11347e-03 | 24  0.11363 -9.66879e-04
 25  0.07927  3.00099e-03 | 26  0.01840  6.14641e-03 | 27 -0.01018  1.48781e-03
 28  0.03789  1.38557e-03 | 29  0.02687  3.20527e-03 | 30  0.06290  3.02264e-03
 31 -0.00477  3.26107e-03 | 32  0.11702 -6.54911e-05 | 33 -0.04734  1.18070e-03
 34 -0.09779  1.20863e-03 | 35 -0.06662  4.47991e-03 | 36 -0.47025  2.31297e-03
 37 -0.04622 -4.71360e-02 | 38 -0.04212 -2.87386e-04 | 39 -0.03741 -4.92702e-03
 40 -0.04504 -1.40312e-02 | 41  0.14095 -4.74976e-02 | 42 -0.82425 -2.25972e-03
 43  0.28310 -1.65267e-04 | 44 -0.34035  4.18850e-04 | 45  1.00001  2.41768e-04
 46 -0.99919  7.83231e-03 | 47  0.99894  8.18928e-04 | 48 -1.26723 -5.95573e-04
 49 -0.26634 -1.44077e-03 | 50  0.22938 -6.60268e-02 | 51 -0.18702  3.67101e-03
 52 -0.78698 -2.51754e-03 |
52 variables; iteration 520; function evaluation 594; phase 3
Function value 3.8653965e+03; maximum gradient component mag 4.3623e-02
Var    Value     Gradient |Var    Value     Gradient |Var    Value     Gradient
  1  1.00027 -1.66832e-04 |  2 -0.01760 -2.41973e-03 |  3  0.02724 -7.36715e-04
  4  0.00629 -4.10441e-04 |  5 -0.10737 -2.91564e-03 |  6  0.00693 -1.24483e-05
  7 -0.07397 -2.67495e-03 |  8 -0.05368 -2.50199e-03 |  9  0.01233 -1.03660e-03
 10  0.13672  8.16468e-05 | 11  0.02708 -2.57749e-03 | 12  0.12266 -1.23374e-03
 13  0.12632 -3.79037e-03 | 14  0.11167 -1.80114e-03 | 15  0.04154 -4.94627e-04
 16 -0.08827  3.68615e-04 | 17  0.00977  4.61315e-04 | 18  0.13366 -1.30784e-03
 19  0.18127 -2.53831e-03 | 20 -0.02222 -3.93040e-04 | 21 -0.02384  4.51830e-04
 22 -0.10190 -1.29420e-03 | 23 -0.25585  4.48633e-04 | 24  0.11363 -1.50072e-03
 25  0.07927 -2.36566e-03 | 26  0.01839 -2.63567e-03 | 27 -0.01017  5.96274e-04
 28  0.03789 -5.06723e-04 | 29  0.02687 -1.28201e-03 | 30  0.06290 -1.99982e-03
 31 -0.00477 -9.10615e-04 | 32  0.11701 -2.34495e-03 | 33 -0.04734  1.11776e-03
 34 -0.09778  1.78466e-03 | 35 -0.06662  6.30292e-04 | 36 -0.47026 -9.06461e-04
 37 -0.04622  4.36231e-02 | 38 -0.04212  6.26960e-03 | 39 -0.03741  5.45699e-03
 40 -0.04504  2.37097e-02 | 41  0.09318 -1.64335e-02 | 42 -0.81868 -5.22553e-03
 43  0.28310 -5.94220e-04 | 44 -0.34035 -5.68068e-04 | 45  0.99996 -2.71021e-02
 46 -1.00045  2.03282e-03 | 47  0.99891 -7.18313e-04 | 48 -1.26723  2.16029e-04
 49 -0.23142  1.61150e-02 | 50  0.26426 -3.82961e-02 | 51 -0.18914 -9.97320e-03
 52 -0.79322 -1.55851e-03 |
52 variables; iteration 540; function evaluation 615; phase 3
Function value 3.8653965e+03; maximum gradient component mag -4.6606e-02
Var    Value     Gradient |Var    Value     Gradient |Var    Value     Gradient
  1  1.00022 -2.44928e-04 |  2 -0.01760  3.44349e-04 |  3  0.02724  4.79497e-04
  4  0.00629  2.42343e-04 |  5 -0.10737  2.11913e-04 |  6  0.00693  2.66692e-04
  7 -0.07397  2.68309e-04 |  8 -0.05368 -9.46978e-05 |  9  0.01233 -1.39600e-04
 10  0.13672  1.36859e-04 | 11  0.02708 -1.26537e-04 | 12  0.12266 -7.98354e-04
 13  0.12632 -9.65509e-04 | 14  0.11166 -6.06099e-04 | 15  0.04154  5.11027e-05
 16 -0.08827  1.72164e-04 | 17  0.00977 -1.42567e-04 | 18  0.13366 -1.40655e-03
 19  0.18127 -1.24379e-03 | 20 -0.02222 -1.70093e-04 | 21 -0.02384 -9.73881e-05
 22 -0.10189  9.27272e-04 | 23 -0.25585  8.80453e-04 | 24  0.11363 -2.33241e-04
 25  0.07927 -6.20893e-04 | 26  0.01840 -3.68833e-04 | 27 -0.01017 -5.77441e-04
 28  0.03789 -1.18576e-03 | 29  0.02687 -8.65098e-04 | 30  0.06290 -4.04211e-04
 31 -0.00477 -7.38637e-04 | 32  0.11702 -2.23681e-03 | 33 -0.04734 -1.37517e-03
 34 -0.09778 -5.15654e-04 | 35 -0.06662 -1.17382e-03 | 36 -0.47025  3.64817e-04
 37 -0.04623 -4.66058e-02 | 38 -0.04212 -1.52438e-02 | 39 -0.03741 -4.54630e-03
 40 -0.04504 -3.50892e-02 | 41  0.08270 -8.00286e-03 | 42 -0.81925 -1.96645e-03
 43  0.28310  1.35269e-03 | 44 -0.34035  1.17619e-03 | 45  0.99999  4.05858e-03
 46 -1.00058  2.39101e-05 | 47  0.99892 -2.08365e-04 | 48 -1.26723  9.47535e-06
 49 -0.22381  2.78070e-03 | 50  0.27208 -1.36130e-02 | 51 -0.18892 -1.54183e-03
 52 -0.79257 -1.44276e-03 |
52 variables; iteration 560; function evaluation 636; phase 3
Function value 3.8653965e+03; maximum gradient component mag -2.0544e-04
Var    Value     Gradient |Var    Value     Gradient |Var    Value     Gradient
  1  1.00035  3.11576e-06 |  2 -0.01760 -1.10526e-05 |  3  0.02724  1.29901e-06
  4  0.00629  5.52166e-06 |  5 -0.10737 -9.80485e-06 |  6  0.00693  8.51102e-06
  7 -0.07397 -1.51534e-05 |  8 -0.05368 -1.25618e-06 |  9  0.01233  9.26447e-06
 10  0.13672  1.78366e-07 | 11  0.02708 -7.70007e-06 | 12  0.12266  1.26454e-05
 13  0.12632 -7.46507e-06 | 14  0.11167  2.87750e-06 | 15  0.04154 -1.25760e-06
 16 -0.08827  6.42715e-06 | 17  0.00977  7.14463e-06 | 18  0.13366  8.12222e-06
 19  0.18127 -1.69887e-05 | 20 -0.02222  9.14105e-07 | 21 -0.02384  8.86543e-06
 22 -0.10189 -3.04459e-05 | 23 -0.25585 -3.43133e-06 | 24  0.11363 -2.21443e-06
 25  0.07927 -2.09685e-05 | 26  0.01840 -3.85105e-05 | 27 -0.01018  1.93729e-06
 28  0.03789 -5.54298e-06 | 29  0.02687 -1.62718e-05 | 30  0.06290 -3.32119e-05
 31 -0.00477 -2.56432e-06 | 32  0.11701 -2.92686e-05 | 33 -0.04734  2.25118e-05
 34 -0.09778  1.05858e-05 | 35 -0.06662  4.47160e-06 | 36 -0.47026 -1.32544e-06
 37 -0.04622  1.42491e-04 | 38 -0.04212 -2.05441e-04 | 39 -0.03741 -4.55940e-05
 40 -0.04504  8.05938e-05 | 41  0.06847  8.41424e-06 | 42 -0.82042  3.90125e-06
 43  0.28310  1.70942e-05 | 44 -0.34035 -5.30531e-06 | 45  0.99999  5.61654e-05
 46 -1.00058  8.62285e-06 | 47  0.99892 -3.23654e-06 | 48 -1.26723  9.48233e-07
 49 -0.21349  1.50753e-05 | 50  0.28280 -3.08990e-06 | 51 -0.18847 -2.63990e-05
 52 -0.79123  1.16558e-05 |
Warning: the following parameters had issues
  SR_parm[1] is within 0.1% of upper bound: 5.00000e+00 < 2.50000e+01 < 2.50000e+01
  selparm[5] is within 0.1% of upper bound: -1.00000e+00 < 1.50000e+01 < 1.50000e+01
  selparm[6] is within 0.1% of lower bound: -1.00000e+00 < -9.99996e-01 < 2.00000e+01
  selparm[7] is within 0.1% of upper bound: -3.00000e+00 < 1.50000e+01 < 1.50000e+01


 - final statistics:
52 variables; iteration 562; function evaluation 638
Function value 3.8654e+03; maximum gradient component mag 3.5405e-05
Exit code = 1;  converg criter 1.0000e-04
Var    Value     Gradient |Var    Value     Gradient |Var    Value     Gradient
  1  1.00034 -9.40396e-08 |  2 -0.01760 -5.08447e-07 |  3  0.02724  8.93980e-07
  4  0.00629  1.59240e-06 |  5 -0.10737  6.34911e-08 |  6  0.00693  2.08800e-06
  7 -0.07397 -9.67752e-07 |  8 -0.05368  1.86162e-06 |  9  0.01233  2.99402e-06
 10  0.13672  7.40448e-07 | 11  0.02708  7.70172e-07 | 12  0.12266  3.76080e-06
 13  0.12632  1.30660e-06 | 14  0.11167  2.09254e-06 | 15  0.04154  4.85094e-07
 16 -0.08827  2.09301e-06 | 17  0.00977  1.76449e-06 | 18  0.13366  3.39513e-06
 19  0.18127 -1.51835e-06 | 20 -0.02222  1.54792e-06 | 21 -0.02384  1.86931e-06
 22 -0.10189 -4.56288e-06 | 23 -0.25585 -2.22689e-07 | 24  0.11363 -8.24844e-09
 25  0.07927 -2.09820e-06 | 26  0.01840 -4.39899e-06 | 27 -0.01018  1.04973e-06
 28  0.03789  2.18581e-07 | 29  0.02687 -6.99169e-07 | 30  0.06290 -4.95891e-06
 31 -0.00477  1.26130e-06 | 32  0.11701 -3.43555e-06 | 33 -0.04734  6.25807e-06
 34 -0.09778  2.79893e-06 | 35 -0.06662  3.52568e-06 | 36 -0.47026  2.25734e-07
 37 -0.04622  3.54055e-05 | 38 -0.04212 -3.26774e-05 | 39 -0.03741 -9.03188e-06
 40 -0.04504  3.41246e-05 | 41  0.06848  2.80104e-06 | 42 -0.82042  3.97827e-06
 43  0.28310  2.64370e-06 | 44 -0.34035 -3.35760e-06 | 45  0.99999 -6.16283e-06
 46 -1.00058  8.76449e-07 | 47  0.99892  9.17608e-08 | 48 -1.26723  2.73087e-07
 49 -0.21350 -1.41348e-06 | 50  0.28279  5.05078e-06 | 51 -0.18847 -8.65727e-07
 52 -0.79123  3.80678e-06 |
Estimating row 1 out of 52 for hessian
Estimating row 2 out of 52 for hessian
Estimating row 3 out of 52 for hessian
Estimating row 4 out of 52 for hessian
Estimating row 5 out of 52 for hessian
Estimating row 6 out of 52 for hessian
Estimating row 7 out of 52 for hessian
Estimating row 8 out of 52 for hessian
Estimating row 9 out of 52 for hessian
Estimating row 10 out of 52 for hessian
Estimating row 11 out of 52 for hessian
Estimating row 12 out of 52 for hessian
Estimating row 13 out of 52 for hessian
Estimating row 14 out of 52 for hessian
Estimating row 15 out of 52 for hessian
Estimating row 16 out of 52 for hessian
Estimating row 17 out of 52 for hessian
Estimating row 18 out of 52 for hessian
Estimating row 19 out of 52 for hessian
Estimating row 20 out of 52 for hessian
Estimating row 21 out of 52 for hessian
Estimating row 22 out of 52 for hessian
Estimating row 23 out of 52 for hessian
Estimating row 24 out of 52 for hessian
Estimating row 25 out of 52 for hessian
Estimating row 26 out of 52 for hessian
Estimating row 27 out of 52 for hessian
Estimating row 28 out of 52 for hessian
Estimating row 29 out of 52 for hessian
Estimating row 30 out of 52 for hessian
Estimating row 31 out of 52 for hessian
Estimating row 32 out of 52 for hessian
Estimating row 33 out of 52 for hessian
Estimating row 34 out of 52 for hessian
Estimating row 35 out of 52 for hessian
Estimating row 36 out of 52 for hessian
Estimating row 37 out of 52 for hessian
Estimating row 38 out of 52 for hessian
Estimating row 39 out of 52 for hessian
Estimating row 40 out of 52 for hessian
Estimating row 41 out of 52 for hessian
Estimating row 42 out of 52 for hessian
Estimating row 43 out of 52 for hessian
Estimating row 44 out of 52 for hessian
Estimating row 45 out of 52 for hessian
Estimating row 46 out of 52 for hessian
Estimating row 47 out of 52 for hessian
Estimating row 48 out of 52 for hessian
Estimating row 49 out of 52 for hessian
Estimating row 50 out of 52 for hessian
Estimating row 51 out of 52 for hessian
Estimating row 52 out of 52 for hessian
size of file gradfil1.tmp = 0
size of file gradfil2.tmp = 0
size of file varssave.tmp = 0
size of file cmpdiff.tmp = 0
