
Initial statistics: 36 variables; iteration 0; function evaluation 0; phase 1
Function value 7.1264455e+03; maximum gradient component mag -8.6048e+03
Var    Value     Gradient |Var    Value     Gradient |Var    Value     Gradient
  1  0.02824 -8.60481e+03 |  2  0.05637  4.49715e+01 |  3  0.05235 -1.11455e+02
  4 -0.02682 -2.06641e+01 |  5 -0.08277  1.91025e+02 |  6  0.01168  8.37016e+01
  7 -0.12951  5.86197e+01 |  8 -0.02898  8.14131e+01 |  9 -0.00528 -1.02932e+02
 10  0.07089 -5.33603e+02 | 11  0.01123 -5.33977e+01 | 12 -0.01051 -1.74963e+02
 13  0.00977 -3.10748e+02 | 14  0.08975 -1.05043e+03 | 15  0.03591 -8.17089e+02
 16 -0.06305 -1.05041e+03 | 17 -0.05355 -3.67121e+02 | 18  0.05566 -5.61799e+02
 19  0.00336 -2.71633e+02 | 20 -0.01531 -1.53487e+01 | 21 -0.18525 -4.25728e+01
 22 -0.08219 -3.61536e+02 | 23  0.03531 -1.03339e+02 | 24  0.02771  6.51710e+01
 25 -0.07999  1.74071e+02 | 26  0.08819  5.84231e+02 | 27  0.06447  6.57731e+02
 28  0.00667  2.57043e+02 | 29  0.04511  4.65400e+02 | 30 -0.03313  9.29849e+01
 31  0.00007  4.05631e+02 | 32  0.10249  7.22791e+02 | 33  0.03505  4.54398e+02
 34 -0.02517  4.72579e+02 | 35  0.05497  6.65234e+02 | 36 -0.03826  4.72559e+02

Intermediate statistics: 36 variables; iteration 20; function evaluation 29; phase 1
Function value 6.8691546e+03; maximum gradient component mag 9.9377e+02
Var    Value     Gradient |Var    Value     Gradient |Var    Value     Gradient
  1  0.03637  9.93767e+02 |  2  0.04026 -2.10530e+01 |  3  0.13637  5.66519e+00
  4  0.07503 -8.66041e+00 |  5 -0.06696 -3.68232e+01 |  6  0.04827 -3.94032e+01
  7 -0.05532 -2.78811e+01 |  8 -0.05378 -4.96596e+01 |  9  0.02142 -2.96569e-01
 10  0.12761  1.27673e+02 | 11 -0.04453 -1.20905e+01 | 12  0.01839 -1.59201e+01
 13  0.02499 -1.32860e+01 | 14  0.07537  2.93704e+01 | 15 -0.02111  9.83310e+01
 16  0.08485  3.39998e+02 | 17 -0.14956 -1.13617e+02 | 18  0.08945 -1.65059e+02
 19  0.02064 -1.94375e+01 | 20 -0.05465 -8.30129e+01 | 21 -0.11797 -6.89210e+00
 22  0.02890  1.85917e+01 | 23  0.05611 -3.61731e+01 | 24  0.00232 -8.89191e+01
 25 -0.07697 -1.04955e+02 | 26  0.02920 -2.07693e+02 | 27 -0.00108 -1.74314e+02
 28  0.01974 -9.90567e+01 | 29 -0.01544 -1.60973e+02 | 30 -0.01843 -3.46992e+01
 31 -0.04389 -1.88823e+01 | 32  0.07274  1.18262e+02 | 33  0.02031  6.63828e+01
 34 -0.06499  1.38644e+01 | 35  0.01581 -6.54668e+01 | 36 -0.25556 -1.21468e+02
36 variables; iteration 40; function evaluation 60; phase 1
Function value 6.8512631e+03; maximum gradient component mag 1.1338e+03
Var    Value     Gradient |Var    Value     Gradient |Var    Value     Gradient
  1  0.03531  1.13377e+03 |  2  0.03290 -4.83875e+00 |  3  0.11181 -3.10590e+00
  4  0.04498 -1.30922e+01 |  5 -0.09162 -1.42310e+01 |  6  0.03867 -1.14367e+01
  7 -0.07348 -1.64131e+01 |  8 -0.04698 -1.00037e+01 |  9  0.01496 -6.01627e+00
 10  0.11168  1.61833e+01 | 11 -0.04159  1.21683e+01 | 12  0.01946 -1.65962e-01
 13  0.02989  7.63878e+00 | 14  0.08590  5.53341e+01 | 15 -0.02347  6.08706e+01
 16  0.06413  3.77120e+00 | 17 -0.10847  1.40481e-01 | 18  0.10221 -5.23662e+01
 19  0.01972 -1.35023e+00 | 20 -0.04021  3.95586e+00 | 21 -0.13277 -1.58725e+01
 22  0.01442 -5.18066e+00 | 23  0.05475 -1.10712e+00 | 24  0.01248 -4.70339e+00
 25 -0.06361 -8.36912e+00 | 26  0.04006  1.35963e+01 | 27  0.01174  9.88941e+00
 28  0.01840  9.86552e+00 | 29 -0.00008  1.20932e+01 | 30 -0.01846 -7.26695e+00
 31 -0.03713 -5.28758e-01 | 32  0.07054  2.19352e+01 | 33  0.01906  6.41769e+00
 34 -0.06890  1.53100e-01 | 35  0.02280 -2.45051e+00 | 36 -0.19583 -1.63078e+01

 - final statistics:
36 variables; iteration 48; function evaluation 72
Function value 6.8490e+03; maximum gradient component mag -8.1915e-01
Exit code = 1;  converg criter 1.0000e+01
Var    Value     Gradient |Var    Value     Gradient |Var    Value     Gradient
  1  0.03388 -8.19145e-01 |  2  0.02735 -1.06660e-01 |  3  0.10849 -1.74972e-01
  4  0.04159 -9.07657e-02 |  5 -0.09586 -1.01041e-02 |  6  0.03628 -1.27110e-01
  7 -0.07477  1.07606e-01 |  8 -0.04946  6.26377e-03 |  9  0.01566 -2.19234e-02
 10  0.11280 -1.00534e-01 | 11 -0.04927 -2.24872e-02 | 12  0.02310  4.89361e-02
 13  0.03553  3.31646e-02 | 14  0.08391  7.87025e-02 | 15 -0.05164  1.44911e-01
 16  0.07213  1.53251e-01 | 17 -0.10977 -4.47909e-02 | 18  0.10948  1.65134e-01
 19  0.01961  1.32021e-01 | 20 -0.04109  1.54715e-01 | 21 -0.12952  3.43181e-03
 22  0.01540  1.32936e-01 | 23  0.05651  1.59943e-01 | 24  0.01553  6.13515e-02
 25 -0.06025  7.71804e-02 | 26  0.04153 -9.33014e-02 | 27  0.01340 -1.98798e-01
 28  0.02094 -3.12977e-01 | 29  0.00108  3.63578e-01 | 30 -0.01525  5.55624e-03
 31 -0.03523 -5.91577e-02 | 32  0.07223 -2.71809e-01 | 33  0.02149 -2.72320e-01
 34 -0.06827 -1.56792e-01 | 35  0.02529  3.56977e-02 | 36 -0.19184 -8.04724e-02

Initial statistics: 46 variables; iteration 0; function evaluation 0; phase 2
Function value 6.8490145e+03; maximum gradient component mag -1.3506e+04
Var    Value     Gradient |Var    Value     Gradient |Var    Value     Gradient
  1  0.03388 -8.19145e-01 |  2  0.02735 -9.84896e-02 |  3  0.10849 -1.66912e-01
  4  0.04159 -8.26046e-02 |  5 -0.09586 -2.01821e-03 |  6  0.03628 -1.18945e-01
  7 -0.07477  1.15728e-01 |  8 -0.04946  1.44176e-02 |  9  0.01566 -1.37474e-02
 10  0.11280 -9.24833e-02 | 11 -0.04927 -1.43332e-02 | 12  0.02310  5.71092e-02
 13  0.03553  4.13304e-02 | 14  0.08391  8.68100e-02 | 15 -0.05164  1.53063e-01
 16  0.07213  1.61377e-01 | 17 -0.10977 -3.67336e-02 | 18  0.10948  1.73192e-01
 19  0.01961  1.40196e-01 | 20 -0.04109  1.62876e-01 | 21 -0.12952  1.14416e-02
 22  0.01540  1.41112e-01 | 23  0.05651  1.68090e-01 | 24  0.01553  6.95275e-02
 25 -0.06025  8.53223e-02 | 26  0.04153 -8.51403e-02 | 27  0.01340 -1.90621e-01
 28  0.02094 -3.04803e-01 | 29  0.00108  3.71756e-01 | 30 -0.01525  1.37324e-02
 31 -0.03523 -5.09917e-02 | 32  0.07223 -2.63683e-01 | 33  0.02149 -2.64146e-01
 34 -0.06827 -1.48660e-01 | 35  0.02529  4.38697e-02 | 36 -0.19184 -7.26625e-02
 37  0.29463  1.08178e+04 | 38  0.19594 -1.35058e+04 | 39  0.34054  3.32235e+03
 40  0.30775  1.15197e+04 | 41 -0.04660 -5.97881e+02 | 42 -0.27756  9.81284e+02
 43 -0.01360 -1.19426e+02 | 44 -0.06907 -7.48103e+02 | 45 -0.23190  1.10538e+02
 46 -0.27224  6.42883e+02 |

Intermediate statistics: 46 variables; iteration 20; function evaluation 29; phase 2
Function value 5.6008346e+03; maximum gradient component mag 1.3401e+04
Var    Value     Gradient |Var    Value     Gradient |Var    Value     Gradient
  1  0.08448  7.41771e+03 |  2 -0.05095 -1.28150e+02 |  3 -0.05541 -2.12288e+02
  4 -0.05679 -9.59177e+01 |  5 -0.17508 -8.76679e+01 |  6 -0.04825 -1.23132e+02
  7 -0.11792 -7.83240e+01 |  8 -0.06371 -7.24340e+01 |  9  0.03819 -1.76974e+01
 10  0.17399  2.17394e+02 | 11  0.02171  2.90320e+01 | 12  0.06373  7.45907e+01
 13  0.04847  1.14383e+02 | 14  0.06102  1.42412e+01 | 15  0.00320 -4.38469e+01
 16  0.08886 -2.95743e+02 | 17  0.12632  1.35093e+02 | 18  0.25346  2.44632e+02
 19  0.25604  4.21485e+02 | 20  0.07675 -1.86665e+01 | 21  0.05656  9.00370e+01
 22  0.02152 -2.13358e+02 | 23 -0.12658 -4.38837e+02 | 24 -0.00367 -4.52524e+01
 25  0.02891  7.36015e+01 | 26 -0.13942 -5.07746e+02 | 27 -0.01793  1.03042e+02
 28  0.00320  2.24318e+02 | 29  0.02755  2.20366e+02 | 30  0.03525  3.41464e+02
 31  0.06729  6.51750e+02 | 32  0.06271  4.37521e+02 | 33 -0.11265 -2.89559e+02
 34 -0.11542  2.89828e+01 | 35 -0.05404  4.97771e+01 | 36 -0.37066 -2.41194e+02
 37  0.24728  1.34006e+04 | 38  0.20320 -8.58210e+03 | 39  0.15406 -3.45526e+03
 40  0.25523  8.59832e+03 | 41 -0.22430 -2.06916e+02 | 42 -0.57785  9.44369e+02
 43 -0.00284 -7.86742e+01 | 44  0.03628 -2.41597e+02 | 45 -0.36390 -3.01403e+00
 46 -0.54478  7.68736e+02 |
46 variables; iteration 40; function evaluation 58; phase 2
Function value 4.7456229e+03; maximum gradient component mag -1.0828e+03
Var    Value     Gradient |Var    Value     Gradient |Var    Value     Gradient
  1  0.07782 -5.50309e+02 |  2 -0.02024  1.37397e+01 |  3 -0.01118 -6.27590e+01
  4 -0.00945  5.38038e+01 |  5 -0.08693  1.17192e+02 |  6 -0.09923 -1.49622e+02
  7 -0.10398  7.37703e+01 |  8 -0.07062  5.14286e+01 |  9 -0.03480 -2.22171e+01
 10  0.08079 -4.34003e+01 | 11 -0.05856  8.81501e+00 | 12 -0.03507 -9.48827e+01
 13  0.01107  5.06421e+00 | 14  0.01107 -1.28327e+02 | 15 -0.06502  7.92911e-01
 16  0.04507 -1.63458e+02 | 17  0.06733  1.15427e+02 | 18  0.21711  2.84761e+02
 19  0.15571  6.98471e+01 | 20 -0.00309  5.61244e+00 | 21  0.00923  1.47881e+02
 22 -0.03850 -9.37447e+01 | 23 -0.06834 -1.19718e+02 | 24 -0.03397 -6.61827e+01
 25  0.06011  1.60008e+02 | 26  0.03755  2.11299e+01 | 27  0.03651 -7.35978e-01
 28  0.01619  4.41842e+01 | 29  0.04621  7.96593e+01 | 30  0.07456  2.35984e+02
 31  0.05430  7.50742e+01 | 32  0.09619 -1.56892e+01 | 33 -0.05806 -2.08578e+02
 34 -0.09327 -9.87098e+01 | 35  0.04683 -2.44400e+01 | 36 -0.16197  7.47835e+01
 37  0.21941  8.86014e+02 | 38  0.24642 -4.70327e+02 | 39  0.19857 -1.08284e+03
 40  0.20656 -3.81180e+02 | 41 -0.59815  2.69970e+02 | 42 -0.62312 -3.08796e+02
 43  0.20929 -1.73851e+01 | 44  0.23920  6.36101e+02 | 45 -0.35357 -7.14971e+01
 46 -0.57114 -2.10536e+02 |
46 variables; iteration 60; function evaluation 87; phase 2
Function value 4.6445075e+03; maximum gradient component mag -1.9788e+01
Var    Value     Gradient |Var    Value     Gradient |Var    Value     Gradient
  1  0.05432 -5.35060e+00 |  2 -0.00849 -1.30056e+00 |  3  0.03395 -2.20501e-01
  4 -0.01604  3.78660e-01 |  5 -0.13647 -1.12213e+00 |  6 -0.01914  1.49105e-01
  7 -0.10840  2.96582e-01 |  8 -0.07015  1.12390e+00 |  9  0.00612  9.17186e-01
 10  0.11449 -4.51465e-01 | 11 -0.03313 -6.96698e-01 | 12  0.02609  3.71841e-01
 13  0.02164  9.46841e-01 | 14  0.05884 -1.18948e+00 | 15 -0.05028  1.30010e+00
 16  0.06295  2.98172e-01 | 17 -0.01081  1.73542e+00 | 18  0.12355 -2.80095e+00
 19  0.09702 -6.24348e-01 | 20 -0.03736  8.76053e-01 | 21 -0.07540  1.75134e+00
 22 -0.02588 -2.41352e-01 | 23 -0.00660 -9.68418e-01 | 24  0.01734 -2.92568e+00
 25  0.00686 -1.08760e+01 | 26  0.04880 -5.07658e+00 | 27  0.04539  1.07133e-01
 28  0.00872  1.58764e-01 | 29  0.01882 -9.65425e-01 | 30  0.00915  1.19621e+00
 31  0.02690  3.14119e+00 | 32  0.10650  2.45105e+00 | 33  0.00803  4.02733e+00
 34 -0.04020  1.42057e+00 | 35  0.03962  2.16918e-01 | 36 -0.24827 -3.28385e-01
 37  0.23563 -8.98687e+00 | 38  0.26324  7.80164e+00 | 39  0.23961 -1.18518e+01
 40  0.22536 -1.97878e+01 | 41 -0.55195  2.32688e+00 | 42 -0.64926  4.82412e+00
 43  0.23269 -2.13239e+00 | 44  0.21960  7.08105e+00 | 45 -0.27098  1.36660e+00
 46 -0.53587  3.67808e+00 |

 - final statistics:
46 variables; iteration 62; function evaluation 89
Function value 4.6445e+03; maximum gradient component mag -5.7251e+00
Exit code = 1;  converg criter 1.0000e+01
Var    Value     Gradient |Var    Value     Gradient |Var    Value     Gradient
  1  0.05381 -5.72513e+00 |  2 -0.00774  1.60220e-01 |  3  0.03376 -3.64440e-01
  4 -0.01657  1.42047e-01 |  5 -0.13640  3.13558e-02 |  6 -0.01992  4.26251e-01
  7 -0.10954  2.25553e-01 |  8 -0.07143  2.63454e-01 |  9  0.00562  3.02941e-01
 10  0.11488 -6.26043e-02 | 11 -0.03256  2.81308e-01 | 12  0.02613 -1.58475e-01
 13  0.02185  1.29522e-01 | 14  0.05940 -2.07177e-01 | 15 -0.05112  2.17754e-01
 16  0.06254 -4.45402e-01 | 17 -0.01202  3.24809e-01 | 18  0.12368 -9.16460e-01
 19  0.09699  5.76454e-01 | 20 -0.03791  4.70415e-02 | 21 -0.07630  6.45070e-01
 22 -0.02584  2.78802e-01 | 23 -0.00589  2.07552e-02 | 24  0.01875  3.45004e-01
 25  0.01141  3.45080e-01 | 26  0.04854  2.60997e-01 | 27  0.04525  1.51302e-01
 28  0.00893  2.83289e-01 | 29  0.01902 -1.72573e-01 | 30  0.00917  7.80042e-01
 31  0.02597 -2.91482e-01 | 32  0.10687  2.33918e-01 | 33  0.00769  4.17673e-01
 34 -0.04013  2.42813e-01 | 35  0.03970 -1.57886e-01 | 36 -0.24834  7.15882e-03
 37  0.23595 -4.63058e+00 | 38  0.26346 -8.08298e-01 | 39  0.24014 -1.68280e+00
 40  0.22581 -7.33571e-01 | 41 -0.55165 -1.08117e+00 | 42 -0.64965  1.18342e+00
 43  0.23364 -5.30421e-01 | 44  0.21940 -1.74102e+00 | 45 -0.27082  2.71632e-01
 46 -0.53583  9.50371e-01 |

Initial statistics: 52 variables; iteration 0; function evaluation 0; phase 3
Function value 4.6444646e+03; maximum gradient component mag -3.6576e+03
Var    Value     Gradient |Var    Value     Gradient |Var    Value     Gradient
  1  0.05381 -5.72513e+00 |  2 -0.00775  3.54843e-02 |  3  0.03376 -4.89009e-01
  4 -0.01657  1.73443e-02 |  5 -0.13641 -9.05362e-02 |  6 -0.01992  3.01568e-01
  7 -0.10954  1.02650e-01 |  8 -0.07144  1.39494e-01 |  9  0.00561  1.78201e-01
 10  0.11488 -1.85323e-01 | 11 -0.03256  1.56727e-01 | 12  0.02613 -2.83115e-01
 13  0.02184  4.85046e-03 | 14  0.05940 -3.31379e-01 | 15 -0.05112  9.34117e-02
 16  0.06253 -5.69546e-01 | 17 -0.01203  2.00086e-01 | 18  0.12368 -1.03886e+00
 19  0.09699  4.53155e-01 | 20 -0.03791 -7.74820e-02 | 21 -0.07631  5.21220e-01
 22 -0.02585  1.54160e-01 | 23 -0.00589 -1.03984e-01 | 24  0.01875  2.20314e-01
 25  0.01141  2.20356e-01 | 26  0.04853  1.36614e-01 | 27  0.04525  2.68723e-02
 28  0.00892  1.58557e-01 | 29  0.01901 -2.97262e-01 | 30  0.00917  6.55310e-01
 31  0.02596 -4.16122e-01 | 32  0.10687  1.10927e-01 | 33  0.00769  2.92938e-01
 34 -0.04013  1.18316e-01 | 35  0.03970 -2.82388e-01 | 36 -0.24834 -1.08214e-01
 37  0.23595 -4.63058e+00 | 38  0.26346 -8.08298e-01 | 39  0.24014 -1.68280e+00
 40  0.22581 -7.33571e-01 | 41 -0.55165 -1.08117e+00 | 42 -0.64965  1.18342e+00
 43  0.26255 -2.00439e+02 | 44 -0.23704  8.45453e+01 | 45  0.11003 -3.65756e+03
 46 -0.89706  9.48409e+02 | 47  0.14806 -4.80803e+02 | 48 -0.29324  2.24931e+02
 49  0.23364 -5.30421e-01 | 50  0.21940 -1.74102e+00 | 51 -0.27082  2.71632e-01
 52 -0.53583  9.50371e-01 |

Intermediate statistics: 52 variables; iteration 20; function evaluation 28; phase 3
Function value 3.1387717e+03; maximum gradient component mag -6.3958e+03
Var    Value     Gradient |Var    Value     Gradient |Var    Value     Gradient
  1  0.04831 -5.93919e+03 |  2 -0.01056  7.35541e+01 |  3  0.02979  6.25693e+01
  4 -0.02050  8.38320e+01 |  5 -0.13995  8.77478e+01 |  6 -0.02374  8.37766e+01
  7 -0.11345  8.99211e+01 |  8 -0.07485  8.40310e+01 |  9  0.00277  7.66379e+01
 10  0.11081  5.95968e+01 | 11 -0.01669  8.13529e+01 | 12  0.02657  8.97103e+01
 13  0.03796  8.12991e+01 | 14  0.09621  9.36745e+01 | 15  0.09729  1.83958e+02
 16 -0.15973 -1.11573e+02 | 17  0.04716  1.70591e+02 | 18  0.06142 -9.89511e+01
 19  0.15637  1.09647e+02 | 20 -0.02584  5.36824e+01 | 21  0.03289  1.06685e+02
 22  0.02897  4.86252e+00 | 23 -0.14391 -7.40366e+01 | 24  0.06185  6.27706e+01
 25  0.15524  1.53790e+02 | 26 -0.16089 -2.84236e+02 | 27  0.09436 -8.31538e+01
 28  0.01311 -1.76512e+02 | 29  0.06873 -4.66603e+01 | 30 -0.03022 -2.51356e+02
 31  0.11207 -7.46660e+01 | 32  0.08313 -3.35286e+02 | 33 -0.05531 -1.64143e+02
 34  0.01311  2.97735e+00 | 35  0.04302 -1.11473e+02 | 36 -0.42663  1.31083e+00
 37  0.24069  7.90796e+02 | 38  0.18910 -6.39582e+03 | 39  0.23606 -1.95339e+02
 40  0.22105 -2.81166e+03 | 41 -0.57866  9.18805e+01 | 42 -0.67498 -2.50466e+02
 43  0.36355  7.09965e+01 | 44 -0.35807 -1.00714e+02 | 45  0.70361 -7.07772e+02
 46 -0.94715  4.25724e+01 | 47  0.19283 -5.73467e+02 | 48 -0.49007 -2.80577e+01
 49  0.24658 -3.44642e+01 | 50  0.22752  2.38600e+02 | 51 -0.26272  3.78940e+00
 52 -0.52815 -2.66465e+02 |
52 variables; iteration 40; function evaluation 57; phase 3
Function value 2.9213068e+03; maximum gradient component mag -4.3393e+03
Var    Value     Gradient |Var    Value     Gradient |Var    Value     Gradient
  1  0.04596 -4.33929e+03 |  2 -0.03728  6.91174e+00 |  3  0.01415  1.82535e+01
  4 -0.03909  3.77483e+01 |  5 -0.16037  4.81756e+01 |  6 -0.03545  2.35715e+01
  7 -0.09933  1.01428e+02 |  8 -0.06927  6.31963e+01 |  9  0.00857  5.36701e+01
 10  0.11158  3.31560e+01 | 11 -0.02185  5.01114e+01 | 12  0.00669 -1.06204e+01
 13  0.03295  2.43850e+01 | 14  0.08164  8.06312e+00 | 15  0.05353  9.62960e+01
 16 -0.10954 -8.07452e+01 | 17  0.01705  8.00231e+01 | 18  0.04958 -8.97426e+01
 19  0.12918  2.28955e+01 | 20 -0.02816  6.20935e+01 | 21  0.00982  9.26078e+01
 22 -0.00100  2.04658e+01 | 23 -0.04800  1.12144e+01 | 24  0.01338 -5.93371e+01
 25  0.07663 -1.30013e+01 | 26  0.02072 -1.44288e+02 | 27  0.05758 -1.97735e+02
 28  0.00249 -2.07772e+02 | 29  0.03045 -7.00242e+01 | 30  0.01872 -5.69271e+01
 31  0.06137 -7.67046e+01 | 32  0.09403 -5.45717e+01 | 33  0.00424  7.57166e+01
 34 -0.02239 -2.50503e+01 | 35  0.03313 -6.02783e+01 | 36 -0.26892  3.96495e+01
 37  0.23895 -2.04487e+03 | 38  0.21727 -2.12221e+03 | 39  0.24541 -5.65909e+01
 40  0.23573 -1.39785e+03 | 41 -0.80891  1.26185e+02 | 42 -0.74041 -1.82361e+02
 43  0.34126  4.29849e+00 | 44 -0.33249  9.07539e+01 | 45  0.72572 -5.54246e+02
 46 -0.87056  9.62673e+01 | 47  0.23434  9.17122e+02 | 48 -0.47722 -5.33883e+02
 49  0.40897  5.08610e-01 | 50  0.33154  5.37967e+02 | 51 -0.13787  5.45803e+01
 52 -0.45309 -3.07632e+02 |
52 variables; iteration 60; function evaluation 85; phase 3
Function value 2.8162859e+03; maximum gradient component mag 9.8980e+02
Var    Value     Gradient |Var    Value     Gradient |Var    Value     Gradient
  1  0.05107  9.89796e+02 |  2 -0.00719 -4.71763e+00 |  3  0.04229  1.55176e+01
  4 -0.01857 -1.17735e+01 |  5 -0.13469  1.54845e+00 |  6 -0.02519 -7.19119e+00
  7 -0.11804 -6.80990e+00 |  8 -0.07489  1.97313e+00 |  9 -0.00347 -7.52987e+00
 10  0.10415  5.15657e+00 | 11 -0.02060  1.18732e+01 | 12  0.01544  1.38707e+01
 13  0.02942  1.63321e+01 | 14  0.06881  1.31185e-01 | 15  0.01222 -1.17355e+01
 16 -0.05909 -5.48903e+00 | 17 -0.01383 -1.14723e+01 | 18  0.06732  3.04482e+00
 19  0.10834  1.08531e+01 | 20 -0.04839  4.18252e+00 | 21 -0.03454 -1.38465e+01
 22 -0.01262  1.54026e+01 | 23 -0.02603  4.07606e+01 | 24  0.02925  6.10070e+00
 25  0.04872  2.48414e+01 | 26  0.03683  6.85134e+01 | 27  0.05454  6.36532e+01
 28  0.02021  1.57827e+01 | 29  0.02550  1.29691e+01 | 30  0.02690  4.89235e+01
 31  0.05743  4.12905e+01 | 32  0.07818  3.38302e+00 | 33 -0.02076  1.90007e+01
 34 -0.01843  9.01544e+00 | 35  0.03139  1.42215e+01 | 36 -0.21308  2.46462e+01
 37  0.24691  5.03696e+02 | 38  0.22774  2.23143e+02 | 39  0.24686  4.02953e+01
 40  0.23883  4.64396e+02 | 41 -0.65864 -6.53998e+01 | 42 -0.70343  6.18814e+01
 43  0.36635  3.15288e+01 | 44 -0.35064 -4.00333e+01 | 45  0.94971 -4.90013e+01
 46 -0.87023  2.61968e+01 | 47  0.21023 -2.08995e+02 | 48 -0.47980  8.18029e+01
 49  0.27731 -2.07541e+01 | 50  0.26583 -1.49260e+02 | 51 -0.24097  2.69787e+00
 52 -0.48472  7.38819e+01 |
52 variables; iteration 80; function evaluation 105; phase 3
Function value 2.8101833e+03; maximum gradient component mag 6.9214e-02
Var    Value     Gradient |Var    Value     Gradient |Var    Value     Gradient
  1  0.05065  6.92141e-02 |  2 -0.00674 -7.40370e-04 |  3  0.03420  4.58844e-04
  4 -0.01844 -4.75223e-04 |  5 -0.13881 -8.80063e-04 |  6 -0.02353  6.22996e-04
  7 -0.11428 -1.55045e-03 |  8 -0.07533 -2.44694e-04 |  9  0.00137  4.54512e-05
 10  0.10557  2.00769e-03 | 11 -0.02569  3.64736e-04 | 12  0.01509  6.46197e-06
 13  0.02799  1.00530e-04 | 14  0.07209  6.67048e-04 | 15  0.01686 -1.01888e-03
 16 -0.05498  4.05147e-04 | 17 -0.00677 -1.32263e-03 | 18  0.07218 -9.86587e-04
 19  0.11283  7.19195e-04 | 20 -0.04471  2.18870e-03 | 21 -0.02327  7.22130e-05
 22 -0.01505  5.49603e-04 | 23 -0.04127  7.83602e-04 | 24  0.03743 -1.15482e-03
 25  0.05305  3.00909e-03 | 26  0.02985  3.68487e-03 | 27  0.05218 -4.35958e-04
 28  0.02532 -8.99611e-04 | 29  0.02969 -2.77946e-03 | 30  0.02106  1.74501e-03
 31  0.05677 -5.33571e-04 | 32  0.08487 -2.04041e-04 | 33 -0.02240  3.05186e-03
 34 -0.01782 -5.31051e-04 | 35  0.03060 -1.81758e-03 | 36 -0.25702  9.97205e-04
 37  0.24402  6.65524e-03 | 38  0.22629  3.05088e-03 | 39  0.24557  6.60287e-03
 40  0.23728  1.11787e-02 | 41 -0.62163  2.10172e-03 | 42 -0.69909 -1.42885e-02
 43  0.35649  9.35419e-04 | 44 -0.34721  4.30885e-04 | 45  0.99999  2.41232e-03
 46 -0.99573 -6.27206e-04 | 47  0.21409 -7.23404e-04 | 48 -0.47937 -6.88284e-03
 49  0.27253 -9.06610e-04 | 50  0.25360  1.98538e-02 | 51 -0.23646 -1.39504e-03
 52 -0.48802 -1.27111e-02 |
52 variables; iteration 100; function evaluation 125; phase 3
Function value 2.8101831e+03; maximum gradient component mag 8.5518e-01
Var    Value     Gradient |Var    Value     Gradient |Var    Value     Gradient
  1  0.05066  8.55177e-01 |  2 -0.00676 -2.63846e-02 |  3  0.03417 -3.21295e-02
  4 -0.01847 -2.67974e-02 |  5 -0.13885 -1.83791e-02 |  6 -0.02356 -2.73793e-02
  7 -0.11432 -1.29406e-02 |  8 -0.07534 -1.79098e-03 |  9  0.00136 -8.61383e-03
 10  0.10557 -2.38474e-03 | 11 -0.02568  6.98893e-03 | 12  0.01511  6.34434e-03
 13  0.02800  1.61326e-02 | 14  0.07210  2.31749e-02 | 15  0.01687  2.59306e-02
 16 -0.05496  2.80040e-02 | 17 -0.00675  7.14480e-03 | 18  0.07219 -9.45579e-05
 19  0.11285  1.00522e-02 | 20 -0.04469  3.42537e-06 | 21 -0.02325 -4.07495e-03
 22 -0.01505  2.20339e-03 | 23 -0.04127  2.20775e-02 | 24  0.03743  3.71687e-03
 25  0.05306  4.65294e-02 | 26  0.02987  6.48303e-02 | 27  0.05218  1.44457e-02
 28  0.02533 -4.58245e-03 | 29  0.02970 -1.63627e-03 | 30  0.02108  5.62055e-03
 31  0.05678  5.82516e-03 | 32  0.08488  3.82620e-02 | 33 -0.02239  2.92765e-02
 34 -0.01782  1.19229e-02 | 35  0.03061  1.52260e-03 | 36 -0.25702 -9.04003e-03
 37  0.24401 -2.76837e-03 | 38  0.22629  2.67623e-01 | 39  0.24556  1.05192e-01
 40  0.23727  9.52579e-03 | 41 -0.59307 -9.16662e-02 | 42 -0.68199  2.55444e-01
 43  0.35648  8.56826e-03 | 44 -0.34721 -1.12481e-02 | 45  0.99998 -3.35185e-03
 46 -0.99574 -1.68176e-03 | 47  0.21408 -5.48914e-02 | 48 -0.47937 -2.60969e-02
 49  0.26011 -1.94902e-03 | 50  0.24132 -1.93462e-01 | 51 -0.24775  2.98964e-03
 52 -0.50274  2.86085e-01 |
52 variables; iteration 120; function evaluation 150; phase 3
Function value 2.8101827e+03; maximum gradient component mag 4.4476e-01
Var    Value     Gradient |Var    Value     Gradient |Var    Value     Gradient
  1  0.05065  4.44764e-01 |  2 -0.00672  7.47538e-03 |  3  0.03422  1.79605e-02
  4 -0.01842  6.23259e-03 |  5 -0.13878 -3.49782e-03 |  6 -0.02351  8.33491e-03
  7 -0.11426 -8.10796e-03 |  8 -0.07532 -1.11819e-02 |  9  0.00137 -3.97475e-03
 10  0.10557  1.00493e-02 | 11 -0.02569 -9.40789e-03 | 12  0.01509 -4.39527e-03
 13  0.02799 -5.03293e-03 | 14  0.07209 -1.90813e-03 | 15  0.01685 -1.70288e-02
 16 -0.05499 -2.53567e-02 | 17 -0.00677 -1.36847e-02 | 18  0.07218 -2.21897e-03
 19  0.11282  3.30993e-04 | 20 -0.04472 -1.78305e-02 | 21 -0.02327 -6.11978e-03
 22 -0.01505 -4.39032e-03 | 23 -0.04128 -1.57275e-02 | 24  0.03743  4.90818e-03
 25  0.05305 -1.09993e-02 | 26  0.02984 -2.15988e-02 | 27  0.05217  1.37934e-02
 28  0.02532  1.48090e-02 | 29  0.02969  1.71880e-03 | 30  0.02105 -4.42874e-03
 31  0.05677  8.82480e-03 | 32  0.08487  9.72601e-03 | 33 -0.02241 -1.33559e-02
 34 -0.01782  1.93954e-04 | 35  0.03060 -3.42414e-03 | 36 -0.25702 -6.69847e-03
 37  0.24402  1.16145e-01 | 38  0.22629 -1.10156e-01 | 39  0.24557 -4.39438e-02
 40  0.23728  1.30145e-01 | 41 -0.52067  2.03754e-01 | 42 -0.64281  8.09111e-02
 43  0.35650 -7.37723e-03 | 44 -0.34721  2.92608e-03 | 45  1.00015  1.05416e-01
 46 -0.99570  2.04903e-03 | 47  0.21409  3.07428e-02 | 48 -0.47937  1.55365e-02
 49  0.22574  4.58826e-02 | 50  0.20735  3.73280e-01 | 51 -0.27611 -9.17101e-03
 52 -0.54083  8.32713e-02 |
52 variables; iteration 140; function evaluation 173; phase 3
Function value 2.8101825e+03; maximum gradient component mag 1.9825e-01
Var    Value     Gradient |Var    Value     Gradient |Var    Value     Gradient
  1  0.05065  1.98254e-01 |  2 -0.00674 -6.47456e-03 |  3  0.03420 -8.28717e-03
  4 -0.01845 -5.74646e-03 |  5 -0.13882 -2.75240e-03 |  6 -0.02354 -7.19404e-03
  7 -0.11429 -1.24509e-03 |  8 -0.07533  3.05706e-04 |  9  0.00137 -6.67876e-04
 10  0.10557 -1.86170e-03 | 11 -0.02568  1.53889e-03 | 12  0.01510  1.36894e-03
 13  0.02800  2.84929e-03 | 14  0.07210  8.61007e-03 | 15  0.01686  6.65654e-03
 16 -0.05497  1.05474e-02 | 17 -0.00676  3.03163e-03 | 18  0.07218 -5.72600e-04
 19  0.11283  3.41522e-04 | 20 -0.04470  4.35773e-03 | 21 -0.02326  1.39509e-03
 22 -0.01505  1.02006e-03 | 23 -0.04127  4.51699e-03 | 24  0.03743  3.98309e-03
 25  0.05305  8.57476e-03 | 26  0.02986  1.95567e-02 | 27  0.05218  2.66040e-04
 28  0.02532 -3.96673e-03 | 29  0.02970  9.14965e-05 | 30  0.02107  1.03069e-03
 31  0.05678 -3.38860e-04 | 32  0.08487  8.56508e-03 | 33 -0.02240  1.10287e-02
 34 -0.01782 -1.11817e-04 | 35  0.03060 -5.34664e-04 | 36 -0.25702 -3.17015e-03
 37  0.24402 -1.62256e-02 | 38  0.22629  4.37044e-02 | 39  0.24557  2.11121e-02
 40  0.23728 -1.51472e-02 | 41 -0.46441  3.30930e-02 | 42 -0.61613 -8.41943e-03
 43  0.35649  1.99266e-03 | 44 -0.34721 -1.55659e-03 | 45  1.00007  5.07999e-02
 46 -0.99574 -1.52968e-03 | 47  0.21409 -1.53558e-02 | 48 -0.47937 -8.34968e-03
 49  0.19648  6.08639e-03 | 50  0.17835  6.30910e-02 | 51 -0.29750 -4.26489e-03
 52 -0.57081 -5.29253e-03 |
52 variables; iteration 160; function evaluation 197; phase 3
Function value 2.8101823e+03; maximum gradient component mag -1.3248e-01
Var    Value     Gradient |Var    Value     Gradient |Var    Value     Gradient
  1  0.05065 -1.32483e-01 |  2 -0.00674 -5.39134e-03 |  3  0.03419 -8.03512e-03
  4 -0.01845 -1.07684e-02 |  5 -0.13882  2.87765e-04 |  6 -0.02354 -1.64403e-02
  7 -0.11430  2.75295e-03 |  8 -0.07533  4.70662e-03 |  9  0.00136 -2.65478e-03
 10  0.10557 -7.53626e-03 | 11 -0.02568  5.91847e-03 | 12  0.01510  6.12341e-03
 13  0.02800  1.15512e-02 | 14  0.07210  1.49530e-02 | 15  0.01686  7.57767e-03
 16 -0.05497  2.88584e-02 | 17 -0.00676  9.20581e-03 | 18  0.07219  6.47277e-04
 19  0.11284 -3.46059e-03 | 20 -0.04470  6.92006e-03 | 21 -0.02326 -1.69824e-03
 22 -0.01505 -3.70555e-03 | 23 -0.04127 -3.80307e-04 | 24  0.03743 -1.05045e-02
 25  0.05305 -3.41359e-02 | 26  0.02986 -3.63339e-03 | 27  0.05218 -2.73341e-02
 28  0.02532 -1.55784e-02 | 29  0.02970 -1.67863e-03 | 30  0.02107 -2.13027e-04
 31  0.05678 -2.56276e-03 | 32  0.08488  1.84362e-02 | 33 -0.02240  1.16744e-02
 34 -0.01782  5.29549e-03 | 35  0.03060  7.93405e-03 | 36 -0.25702  7.27257e-04
 37  0.24402 -7.53204e-02 | 38  0.22629  5.74709e-02 | 39  0.24557  1.61409e-02
 40  0.23728 -1.22060e-01 | 41 -0.39527 -7.63175e-02 | 42 -0.58758 -5.31710e-02
 43  0.35649  1.44340e-02 | 44 -0.34721  1.52796e-03 | 45  0.99999  1.16348e-02
 46 -0.99574 -2.24391e-03 | 47  0.21409 -1.66133e-02 | 48 -0.47937 -2.45850e-04
 49  0.15790 -2.03901e-02 | 50  0.14006 -1.07238e-01 | 51 -0.32233  7.83073e-03
 52 -0.60730 -4.65640e-02 |
52 variables; iteration 180; function evaluation 223; phase 3
Function value 2.8101823e+03; maximum gradient component mag 6.1626e-01
Var    Value     Gradient |Var    Value     Gradient |Var    Value     Gradient
  1  0.05065  6.16263e-01 |  2 -0.00674 -5.58970e-03 |  3  0.03421 -1.08455e-03
  4 -0.01844 -1.18256e-03 |  5 -0.13881 -8.38811e-03 |  6 -0.02352  2.95563e-03
  7 -0.11428 -1.04355e-02 |  8 -0.07533 -7.58331e-03 |  9  0.00137 -3.97014e-03
 10  0.10557  5.64444e-03 | 11 -0.02569 -3.57265e-03 | 12  0.01509 -1.74979e-03
 13  0.02799 -6.98663e-03 | 14  0.07209 -1.19360e-03 | 15  0.01686 -3.59480e-03
 16 -0.05498 -1.54114e-02 | 17 -0.00677 -1.16966e-02 | 18  0.07218 -3.67925e-03
 19  0.11283  6.05553e-03 | 20 -0.04471 -4.63558e-03 | 21 -0.02327 -1.07200e-03
 22 -0.01505  3.44717e-03 | 23 -0.04127  6.95128e-04 | 24  0.03743  1.07349e-02
 25  0.05306  4.26406e-02 | 26  0.02985  2.62573e-02 | 27  0.05218  2.81903e-02
 28  0.02532  1.18867e-02 | 29  0.02969  1.61207e-03 | 30  0.02106  2.12205e-03
 31  0.05677  4.72618e-04 | 32  0.08487  7.80957e-03 | 33 -0.02240  1.69637e-03
 34 -0.01782 -3.27190e-03 | 35  0.03060 -7.56372e-03 | 36 -0.25702 -6.50208e-03
 37  0.24402  9.03682e-02 | 38  0.22629  2.89442e-02 | 39  0.24557  2.19776e-02
 40  0.23728  1.55627e-01 | 41 -0.34032  1.37687e-01 | 42 -0.56779  2.11146e-01
 43  0.35649 -9.70901e-03 | 44 -0.34721  9.92912e-04 | 45  1.00000  1.40437e-01
 46 -0.99571  1.27637e-03 | 47  0.21409  2.00341e-03 | 48 -0.47937 -4.83461e-03
 49  0.12547  3.96826e-02 | 50  0.10783  1.93792e-01 | 51 -0.34075 -1.24461e-02
 52 -0.63581  1.43035e-01 |
52 variables; iteration 200; function evaluation 245; phase 3
Function value 2.8101822e+03; maximum gradient component mag 3.9942e-02
Var    Value     Gradient |Var    Value     Gradient |Var    Value     Gradient
  1  0.05065  3.99418e-02 |  2 -0.00674  9.84499e-04 |  3  0.03421  1.88913e-03
  4 -0.01844  1.10693e-03 |  5 -0.13881 -3.40090e-04 |  6 -0.02353  1.56171e-03
  7 -0.11428 -6.23806e-04 |  8 -0.07533 -1.07863e-03 |  9  0.00137  1.51668e-05
 10  0.10557  1.24836e-03 | 11 -0.02569 -9.73259e-04 | 12  0.01509 -5.16291e-04
 13  0.02799 -1.25418e-03 | 14  0.07209 -8.81543e-04 | 15  0.01686 -1.11266e-03
 16 -0.05498 -3.30806e-03 | 17 -0.00677 -1.07069e-03 | 18  0.07218  1.40069e-04
 19  0.11283  3.69968e-04 | 20 -0.04471 -1.68814e-03 | 21 -0.02327 -2.50300e-04
 22 -0.01505 -1.62568e-04 | 23 -0.04127 -9.90646e-04 | 24  0.03743  1.00669e-03
 25  0.05305  8.84819e-04 | 26  0.02985 -1.56999e-03 | 27  0.05218  2.64493e-03
 28  0.02532  1.93836e-03 | 29  0.02969  3.79660e-04 | 30  0.02106 -2.14495e-04
 31  0.05678  9.13060e-04 | 32  0.08487 -2.44482e-04 | 33 -0.02240 -1.47793e-03
 34 -0.01782 -6.33486e-05 | 35  0.03060 -5.46826e-04 | 36 -0.25702 -6.75546e-04
 37  0.24402  1.12592e-02 | 38  0.22629 -1.12446e-02 | 39  0.24557 -4.07102e-03
 40  0.23728  1.44088e-02 | 41 -0.30050  2.01072e-02 | 42 -0.55507  1.59667e-02
 43  0.35649 -1.04322e-03 | 44 -0.34721 -4.07753e-04 | 45  0.99999 -5.30169e-04
 46 -0.99572  1.69231e-04 | 47  0.21409  4.72884e-03 | 48 -0.47937 -2.35337e-04
 49  0.10110  5.51246e-03 | 50  0.08357  3.05375e-02 | 51 -0.35317 -1.75930e-03
 52 -0.65594  6.65733e-03 |
52 variables; iteration 220; function evaluation 268; phase 3
Function value 2.8101822e+03; maximum gradient component mag -3.0766e-02
Var    Value     Gradient |Var    Value     Gradient |Var    Value     Gradient
  1  0.05065  1.51800e-02 |  2 -0.00674 -9.46926e-04 |  3  0.03420 -1.20297e-03
  4 -0.01844 -6.75423e-04 |  5 -0.13881 -2.28540e-04 |  6 -0.02353 -7.43885e-04
  7 -0.11428 -2.13532e-04 |  8 -0.07533  1.53441e-04 |  9  0.00137 -3.46094e-04
 10  0.10557 -6.38098e-04 | 11 -0.02569  3.85180e-04 | 12  0.01510  2.23306e-04
 13  0.02799  8.63838e-04 | 14  0.07209  3.54996e-04 | 15  0.01686  3.83131e-04
 16 -0.05498  1.22512e-03 | 17 -0.00677  1.58508e-04 | 18  0.07218 -3.88268e-04
 19  0.11283 -3.22400e-04 | 20 -0.04471  7.77926e-04 | 21 -0.02326  1.85807e-04
 22 -0.01505  4.80970e-04 | 23 -0.04127  1.04392e-03 | 24  0.03743  3.08477e-04
 25  0.05305  2.66504e-03 | 26  0.02985  2.93755e-03 | 27  0.05218  8.16257e-05
 28  0.02532 -3.18217e-04 | 29  0.02969  7.81855e-05 | 30  0.02106  5.32686e-04
 31  0.05678 -6.85966e-04 | 32  0.08487 -1.27578e-04 | 33 -0.02240  8.84263e-04
 34 -0.01782 -3.22848e-04 | 35  0.03060 -6.77307e-04 | 36 -0.25702 -3.40741e-05
 37  0.24402 -2.92500e-03 | 38  0.22629  8.76425e-03 | 39  0.24557  3.50698e-03
 40  0.23728  4.60730e-04 | 41 -0.28037  7.70131e-03 | 42 -0.54947 -3.07660e-02
 43  0.35649 -4.32021e-04 | 44 -0.34721  5.94021e-04 | 45  0.99998 -9.97001e-03
 46 -0.99572 -5.22761e-05 | 47  0.21409 -3.38988e-03 | 48 -0.47937  6.01956e-04
 49  0.08853 -1.25997e-03 | 50  0.07105  1.67303e-02 | 51 -0.35878 -1.82317e-04
 52 -0.66530 -2.24210e-02 |
52 variables; iteration 240; function evaluation 295; phase 3
Function value 2.8101822e+03; maximum gradient component mag 4.9460e-01
Var    Value     Gradient |Var    Value     Gradient |Var    Value     Gradient
  1  0.05065  4.94604e-01 |  2 -0.00674 -6.12356e-03 |  3  0.03420 -1.94070e-03
  4 -0.01844 -6.16213e-03 |  5 -0.13881 -7.54515e-03 |  6 -0.02353 -6.16930e-03
  7 -0.11429 -8.03350e-03 |  8 -0.07533 -5.43013e-03 |  9  0.00137 -5.69444e-03
 10  0.10557  1.15765e-03 | 11 -0.02568 -1.53524e-03 | 12  0.01510  1.80161e-03
 13  0.02800  2.96358e-03 | 14  0.07209  8.66710e-03 | 15  0.01686  1.14268e-03
 16 -0.05498  1.26247e-03 | 17 -0.00677 -2.64818e-03 | 18  0.07218 -1.50222e-03
 19  0.11283  2.59956e-03 | 20 -0.04471 -3.50154e-03 | 21 -0.02326 -3.20969e-03
 22 -0.01505 -4.22901e-04 | 23 -0.04127 -1.98860e-04 | 24  0.03743  3.28591e-03
 25  0.05305  8.99786e-03 | 26  0.02985  1.23752e-02 | 27  0.05218  7.61977e-03
 28  0.02532  2.66340e-03 | 29  0.02969  1.13604e-03 | 30  0.02106  1.55432e-03
 31  0.05678  1.70431e-03 | 32  0.08487  1.55095e-02 | 33 -0.02240  5.31610e-03
 34 -0.01782  2.03944e-03 | 35  0.03060 -4.18042e-03 | 36 -0.25702 -6.85883e-03
 37  0.24402  3.05714e-02 | 38  0.22629  4.31368e-02 | 39  0.24557  1.69334e-02
 40  0.23728  5.63323e-02 | 41 -0.22164  1.94611e-01 | 42 -0.54289 -1.47342e-02
 43  0.35649 -1.43335e-03 | 44 -0.34721  1.47777e-03 | 45  1.00015  1.07945e-01
 46 -0.99572 -2.16635e-04 | 47  0.21409  1.52661e-03 | 48 -0.47937 -1.83063e-03
 49  0.05104  3.09653e-02 | 50  0.03366  2.71876e-01 | 51 -0.36548 -1.00214e-02
 52 -0.67672 -7.29065e-03 |
52 variables; iteration 260; function evaluation 319; phase 3
Function value 2.8101822e+03; maximum gradient component mag 3.5025e-01
Var    Value     Gradient |Var    Value     Gradient |Var    Value     Gradient
  1  0.05065 -6.12768e-02 |  2 -0.00674  1.04474e-03 |  3  0.03420  1.08846e-03
  4 -0.01844  7.62207e-04 |  5 -0.13881  7.88640e-04 |  6 -0.02353  5.67081e-04
  7 -0.11428  7.47276e-04 |  8 -0.07533  7.02029e-04 |  9  0.00137  3.77020e-04
 10  0.10557 -1.59097e-04 | 11 -0.02569  2.04210e-04 | 12  0.01510 -2.08647e-04
 13  0.02799 -1.73812e-03 | 14  0.07209 -8.66308e-04 | 15  0.01686 -1.28452e-03
 16 -0.05498 -1.61472e-03 | 17 -0.00677 -9.38107e-04 | 18  0.07218  8.22116e-04
 19  0.11283  1.30788e-03 | 20 -0.04471 -3.55637e-04 | 21 -0.02327 -5.58099e-04
 22 -0.01505 -7.17152e-04 | 23 -0.04127 -1.55784e-03 | 24  0.03743 -7.20309e-04
 25  0.05305 -1.32093e-03 | 26  0.02985 -2.31940e-03 | 27  0.05218 -5.78292e-04
 28  0.02532 -5.72771e-04 | 29  0.02969  1.34645e-04 | 30  0.02106 -3.34972e-04
 31  0.05678  1.91414e-04 | 32  0.08487 -1.44266e-05 | 33 -0.02240 -9.93116e-04
 34 -0.01782 -1.32668e-04 | 35  0.03060  2.15017e-03 | 36 -0.25702  1.26732e-03
 37  0.24402  2.38776e-03 | 38  0.22629 -1.94965e-03 | 39  0.24557 -1.25980e-03
 40  0.23728  2.31551e-03 | 41 -0.17724 -9.16918e-02 | 42 -0.54889  1.69435e-01
 43  0.35649  2.39250e-04 | 44 -0.34721 -4.69487e-05 | 45  1.00049  3.50252e-01
 46 -0.99572  9.68939e-05 | 47  0.21409  2.26939e-03 | 48 -0.47937  1.34613e-04
 49  0.02195 -2.60895e-03 | 50  0.00460 -1.34607e-01 | 51 -0.35936  3.63070e-03
 52 -0.66627  9.26760e-02 |
52 variables; iteration 280; function evaluation 343; phase 3
Function value 2.8101820e+03; maximum gradient component mag 3.1824e-01
Var    Value     Gradient |Var    Value     Gradient |Var    Value     Gradient
  1  0.05065  3.18239e-01 |  2 -0.00674 -3.67214e-03 |  3  0.03420 -9.95196e-04
  4 -0.01844 -3.00097e-03 |  5 -0.13881 -4.37154e-03 |  6 -0.02353 -2.83015e-03
  7 -0.11428 -4.84631e-03 |  8 -0.07533 -3.73781e-03 |  9  0.00137 -2.90895e-03
 10  0.10557  1.97427e-03 | 11 -0.02569 -1.85948e-03 | 12  0.01510 -7.88759e-05
 13  0.02799  9.53486e-04 | 14  0.07209  6.30769e-03 | 15  0.01686  1.48127e-04
 16 -0.05498 -2.61376e-03 | 17 -0.00677 -1.89578e-03 | 18  0.07218 -4.03169e-04
 19  0.11283  2.08342e-03 | 20 -0.04471 -3.24618e-03 | 21 -0.02327 -2.16749e-03
 22 -0.01505 -1.10839e-03 | 23 -0.04127 -8.05463e-04 | 24  0.03743  3.00248e-03
 25  0.05305  5.79070e-03 | 26  0.02985  7.31895e-03 | 27  0.05218  4.44552e-03
 28  0.02532  1.93665e-03 | 29  0.02969  1.62795e-03 | 30  0.02106 -4.47157e-05
 31  0.05678  2.80324e-03 | 32  0.08487  8.05426e-03 | 33 -0.02240  3.25105e-03
 34 -0.01782  8.55692e-04 | 35  0.03060 -2.36517e-03 | 36 -0.25702 -4.24378e-03
 37  0.24402  2.43625e-02 | 38  0.22629  2.13063e-02 | 39  0.24557  7.87530e-03
 40  0.23728  3.82805e-02 | 41 -0.13424  1.08765e-01 | 42 -0.56727  7.32331e-02
 43  0.35649 -1.78986e-03 | 44 -0.34721 -2.60010e-04 | 45  0.99989 -7.80213e-02
 46 -0.99572 -5.48610e-05 | 47  0.21409 -3.71717e-03 | 48 -0.47937  1.29228e-03
 49 -0.00672  2.45082e-02 | 50 -0.02407  1.38027e-01 | 51 -0.34126 -7.31904e-03
 52 -0.63663  4.90381e-02 |
52 variables; iteration 300; function evaluation 367; phase 3
Function value 2.8101819e+03; maximum gradient component mag -3.2495e-01
Var    Value     Gradient |Var    Value     Gradient |Var    Value     Gradient
  1  0.05065 -3.08036e-01 |  2 -0.00673  6.85830e-03 |  3  0.03421  5.60620e-03
  4 -0.01843  5.23354e-03 |  5 -0.13880  3.15681e-03 |  6 -0.02352  6.14274e-03
  7 -0.11428  3.58457e-03 |  8 -0.07533  2.36072e-03 |  9  0.00137  3.65836e-03
 10  0.10557  2.08189e-03 | 11 -0.02569  1.09054e-03 | 12  0.01509  4.41413e-04
 13  0.02799 -8.23508e-03 | 14  0.07209 -9.66083e-03 | 15  0.01686 -2.00489e-03
 16 -0.05498 -2.79530e-03 | 17 -0.00677 -2.80734e-03 | 18  0.07218  1.50862e-03
 19  0.11283  2.77182e-03 | 20 -0.04471 -2.06193e-05 | 21 -0.02327  8.12731e-04
 22 -0.01505 -1.23276e-04 | 23 -0.04128 -5.05215e-03 | 24  0.03743 -4.57270e-03
 25  0.05305 -1.11007e-02 | 26  0.02985 -1.60685e-02 | 27  0.05218  1.33473e-03
 28  0.02532  4.00943e-04 | 29  0.02969 -3.15298e-03 | 30  0.02106 -1.48507e-03
 31  0.05677 -1.69560e-03 | 32  0.08487 -3.65954e-04 | 33 -0.02240 -6.47101e-03
 34 -0.01782  7.48700e-04 | 35  0.03060  7.14815e-03 | 36 -0.25702  4.41096e-03
 37  0.24402  9.44546e-03 | 38  0.22629 -4.82801e-02 | 39  0.24557 -1.36297e-02
 40  0.23728 -6.25105e-03 | 41 -0.09736 -2.35765e-01 | 42 -0.58471  2.71381e-01
 43  0.35649  6.36844e-03 | 44 -0.34721 -2.47093e-03 | 45  0.99991 -6.57990e-02
 46 -0.99572  5.82538e-04 | 47  0.21409  2.94373e-02 | 48 -0.47937 -1.29817e-02
 49 -0.03168 -2.07213e-02 | 50 -0.04906 -3.24953e-01 | 51 -0.32493  1.20410e-02
 52 -0.61123  1.84714e-01 |
52 variables; iteration 320; function evaluation 391; phase 3
Function value 2.8101818e+03; maximum gradient component mag 1.6658e-01
Var    Value     Gradient |Var    Value     Gradient |Var    Value     Gradient
  1  0.05065  1.66579e-01 |  2 -0.00674 -5.73418e-03 |  3  0.03420 -5.02421e-03
  4 -0.01845 -6.01011e-03 |  5 -0.13882 -2.94395e-03 |  6 -0.02354 -7.13923e-03
  7 -0.11429 -3.05974e-03 |  8 -0.07533  3.08997e-04 |  9  0.00136 -3.78756e-03
 10  0.10557 -3.48469e-03 | 11 -0.02568  1.98740e-03 | 12  0.01510  1.96861e-03
 13  0.02800  3.57208e-03 | 14  0.07210  4.12746e-03 | 15  0.01686  9.27769e-04
 16 -0.05497  7.64365e-03 | 17 -0.00677 -1.12584e-03 | 18  0.07218 -9.00776e-04
 19  0.11283  1.74130e-03 | 20 -0.04470  2.34748e-03 | 21 -0.02326 -2.05950e-03
 22 -0.01505  7.73000e-04 | 23 -0.04127  2.46413e-03 | 24  0.03743  1.86332e-04
 25  0.05305  1.07658e-02 | 26  0.02986  1.45769e-02 | 27  0.05218  2.11889e-03
 28  0.02532 -3.02933e-03 | 29  0.02970 -2.82958e-04 | 30  0.02107  3.88348e-03
 31  0.05678 -3.05438e-03 | 32  0.08487  8.64982e-03 | 33 -0.02240  5.89844e-03
 34 -0.01782  2.56733e-04 | 35  0.03060 -5.61521e-04 | 36 -0.25702 -1.62775e-03
 37  0.24402 -2.24953e-03 | 38  0.22629  6.21970e-02 | 39  0.24557  2.56624e-02
 40  0.23728  2.02992e-02 | 41 -0.06588 -2.84613e-02 | 42 -0.60020  8.98566e-02
 43  0.35649 -1.84721e-03 | 44 -0.34721  4.14594e-03 | 45  0.99996 -2.59519e-02
 46 -0.99573 -5.86267e-04 | 47  0.21409 -5.79651e-03 | 48 -0.47937 -1.96509e-04
 49 -0.05318  2.12083e-03 | 50 -0.07061 -4.36183e-02 | 51 -0.31109  1.64263e-03
 52 -0.59053  6.68106e-02 |
52 variables; iteration 340; function evaluation 414; phase 3
Function value 2.8101818e+03; maximum gradient component mag -3.8658e-02
Var    Value     Gradient |Var    Value     Gradient |Var    Value     Gradient
  1  0.05065 -3.86580e-02 |  2 -0.00674  1.94488e-03 |  3  0.03421  1.88714e-03
  4 -0.01844  1.85290e-03 |  5 -0.13881  5.65312e-04 |  6 -0.02353  2.38753e-03
  7 -0.11428  5.94347e-04 |  8 -0.07533 -2.41234e-04 |  9  0.00137  1.09943e-03
 10  0.10557  1.37723e-03 | 11 -0.02569 -5.43936e-04 | 12  0.01509 -3.54679e-04
 13  0.02799 -1.80087e-03 | 14  0.07209 -2.32164e-03 | 15  0.01686 -5.41455e-04
 16 -0.05498 -2.14483e-03 | 17 -0.00677 -4.84432e-04 | 18  0.07218  2.64495e-04
 19  0.11283  9.02176e-05 | 20 -0.04471 -8.14841e-04 | 21 -0.02327  4.75893e-04
 22 -0.01505  3.11996e-05 | 23 -0.04127 -1.05765e-03 | 24  0.03743 -1.16314e-04
 25  0.05305 -2.36678e-03 | 26  0.02985 -4.39196e-03 | 27  0.05218  1.54769e-03
 28  0.02532  1.18910e-03 | 29  0.02969 -4.95116e-04 | 30  0.02106 -5.33028e-04
 31  0.05677  4.37212e-04 | 32  0.08487 -8.65107e-04 | 33 -0.02240 -1.96502e-03
 34 -0.01782  1.60273e-04 | 35  0.03060  4.84794e-04 | 36 -0.25702  4.08764e-04
 37  0.24402  7.02619e-03 | 38  0.22629 -2.12318e-02 | 39  0.24557 -6.25183e-03
 40  0.23728  2.12503e-03 | 41 -0.03514 -3.30070e-03 | 42 -0.61576  3.12019e-03
 43  0.35649  9.06353e-04 | 44 -0.34721 -1.28196e-03 | 45  0.99998 -2.75363e-03
 46 -0.99572  2.13220e-04 | 47  0.21409  8.05730e-03 | 48 -0.47937 -3.33043e-03
 49 -0.07436 -1.01957e-03 | 50 -0.09185 -4.31606e-03 | 51 -0.29781  3.80907e-04
 52 -0.57125  1.11542e-03 |
52 variables; iteration 360; function evaluation 438; phase 3
Function value 2.8101818e+03; maximum gradient component mag -1.8618e-02
Var    Value     Gradient |Var    Value     Gradient |Var    Value     Gradient
  1  0.05065 -1.86177e-02 |  2 -0.00674  3.72479e-04 |  3  0.03420  2.53742e-04
  4 -0.01844  3.21615e-04 |  5 -0.13881  2.56974e-04 |  6 -0.02353  3.57094e-04
  7 -0.11428  2.86789e-04 |  8 -0.07533  1.47505e-04 |  9  0.00137  2.44477e-04
 10  0.10557  5.03469e-05 | 11 -0.02569  3.34383e-05 | 12  0.01510 -2.77530e-05
 13  0.02799 -2.22547e-04 | 14  0.07209 -4.94844e-04 | 15  0.01686 -5.50615e-05
 16 -0.05498 -7.75237e-05 | 17 -0.00677  5.11369e-05 | 18  0.07218  5.24086e-05
 19  0.11283 -8.82571e-05 | 20 -0.04471  6.12842e-05 | 21 -0.02327  1.41052e-04
 22 -0.01505  3.86928e-05 | 23 -0.04127 -8.21186e-05 | 24  0.03743 -1.65492e-04
 25  0.05305 -5.94514e-04 | 26  0.02985 -8.16428e-04 | 27  0.05218 -9.13543e-05
 28  0.02532  1.22275e-05 | 29  0.02969 -1.19959e-04 | 30  0.02106 -5.80998e-05
 31  0.05678 -7.49390e-05 | 32  0.08487 -4.31542e-04 | 33 -0.02240 -3.40109e-04
 34 -0.01782 -1.45335e-05 | 35  0.03060  1.80145e-04 | 36 -0.25702  2.34624e-04
 37  0.24402 -5.12717e-04 | 38  0.22629 -3.13667e-03 | 39  0.24557 -1.01906e-03
 40  0.23728 -1.74219e-03 | 41 -0.02120 -5.21383e-03 | 42 -0.62292 -1.84405e-03
 43  0.35649  2.05872e-04 | 44 -0.34721 -1.32329e-04 | 45  0.99999 -1.53882e-03
 46 -0.99572  2.00625e-05 | 47  0.21409  9.85545e-04 | 48 -0.47937 -3.92748e-04
 49 -0.08401 -1.15937e-03 | 50 -0.10154 -7.10729e-03 | 51 -0.29190  3.06303e-04
 52 -0.56285 -2.70150e-03 |
52 variables; iteration 380; function evaluation 459; phase 3
Function value 2.8101818e+03; maximum gradient component mag 7.6173e-01
Var    Value     Gradient |Var    Value     Gradient |Var    Value     Gradient
  1  0.05065  7.61729e-01 |  2 -0.00675 -2.19136e-02 |  3  0.03419 -2.03446e-02
  4 -0.01846 -1.64321e-02 |  5 -0.13882 -8.48159e-03 |  6 -0.02355 -1.91376e-02
  7 -0.11430 -1.00182e-02 |  8 -0.07533 -3.34898e-03 |  9  0.00136 -1.09509e-02
 10  0.10557 -8.02336e-03 | 11 -0.02568  4.35784e-05 | 12  0.01510 -3.78602e-04
 13  0.02800  1.70815e-02 | 14  0.07210  2.58839e-02 | 15  0.01686  3.68542e-03
 16 -0.05497  5.76306e-03 | 17 -0.00676  1.65036e-03 | 18  0.07219 -3.13033e-03
 19  0.11284 -1.02624e-04 | 20 -0.04470  2.40873e-03 | 21 -0.02326 -3.88610e-03
 22 -0.01505  3.17582e-04 | 23 -0.04127  1.15366e-02 | 24  0.03743  1.14249e-02
 25  0.05306  4.40822e-02 | 26  0.02986  5.50815e-02 | 27  0.05218 -2.36659e-03
 28  0.02532 -3.26807e-03 | 29  0.02970  9.76485e-03 | 30  0.02107  4.07533e-03
 31  0.05678  2.21193e-03 | 32  0.08487  5.37081e-03 | 33 -0.02239  2.02780e-02
 34 -0.01782 -3.98293e-03 | 35  0.03060 -1.24438e-02 | 36 -0.25702 -8.76882e-03
 37  0.24402 -1.64549e-02 | 38  0.22629  1.91691e-01 | 39  0.24557  5.76221e-02
 40  0.23728  5.35799e-02 | 41 -0.04565  2.61555e-01 | 42 -0.62479 -4.26228e-02
 43  0.35649 -1.83198e-02 | 44 -0.34721  9.79107e-03 | 45  0.99999 -2.62162e-04
 46 -0.99574 -1.61739e-03 | 47  0.21409 -9.43666e-02 | 48 -0.47937  3.84624e-02
 49 -0.06709  3.89543e-02 | 50 -0.08457  3.38812e-01 | 51 -0.29037 -1.29581e-02
 52 -0.56068 -2.88032e-02 |
52 variables; iteration 400; function evaluation 483; phase 3
Function value 2.8101818e+03; maximum gradient component mag -1.1511e-02
Var    Value     Gradient |Var    Value     Gradient |Var    Value     Gradient
  1  0.05065 -6.67748e-03 |  2 -0.00674 -8.11321e-05 |  3  0.03420 -1.74154e-04
  4 -0.01844 -4.96649e-05 |  5 -0.13881  9.08251e-05 |  6 -0.02353 -7.81135e-05
  7 -0.11428  8.82273e-05 |  8 -0.07533  1.58952e-04 |  9  0.00137  1.13017e-05
 10  0.10557 -1.36240e-04 | 11 -0.02569  1.27662e-04 | 12  0.01510  1.23687e-05
 13  0.02799 -2.86549e-06 | 14  0.07209 -4.96984e-05 | 15  0.01686 -6.67663e-06
 16 -0.05498  1.34223e-04 | 17 -0.00677 -1.83728e-05 | 18  0.07218  7.25849e-06
 19  0.11283  4.04108e-05 | 20 -0.04471  1.74645e-04 | 21 -0.02327  1.43521e-05
 22 -0.01505  3.87411e-05 | 23 -0.04127  8.18681e-05 | 24  0.03743 -4.52906e-05
 25  0.05305  3.50342e-04 | 26  0.02985  3.35495e-04 | 27  0.05218 -1.49322e-04
 28  0.02532 -1.49716e-04 | 29  0.02969  1.80929e-05 | 30  0.02106  4.53645e-05
 31  0.05678 -1.41597e-04 | 32  0.08487 -1.62056e-04 | 33 -0.02240  7.92597e-05
 34 -0.01782 -9.28634e-05 | 35  0.03060  1.04816e-04 | 36 -0.25702  1.37829e-04
 37  0.24402 -7.69466e-04 | 38  0.22629  1.69334e-03 | 39  0.24557  5.32295e-04
 40  0.23728 -3.74594e-04 | 41 -0.08515 -8.44492e-03 | 42 -0.63447  7.58748e-03
 43  0.35649 -9.90008e-05 | 44 -0.34721  1.44707e-04 | 45  0.99999  7.92002e-05
 46 -0.99572 -1.21736e-05 | 47  0.21409 -7.38989e-04 | 48 -0.47937  2.80190e-04
 49 -0.04000 -6.97976e-04 | 50 -0.05739 -1.15107e-02 | 51 -0.28263  3.77315e-04
 52 -0.54984  6.31710e-03 |
52 variables; iteration 420; function evaluation 506; phase 3
Function value 2.8101818e+03; maximum gradient component mag -2.0970e-02
Var    Value     Gradient |Var    Value     Gradient |Var    Value     Gradient
  1  0.05065 -2.09702e-02 |  2 -0.00674  3.48842e-04 |  3  0.03420  2.77561e-04
  4 -0.01844  1.19216e-04 |  5 -0.13881  2.67292e-04 |  6 -0.02353 -3.51363e-05
  7 -0.11428  3.52815e-04 |  8 -0.07533  1.90661e-04 |  9  0.00137  1.83158e-04
 10  0.10557 -2.24374e-05 | 11 -0.02569  3.75003e-05 | 12  0.01510  3.25802e-05
 13  0.02799  4.80887e-05 | 14  0.07209  1.30908e-04 | 15  0.01686  7.61933e-05
 16 -0.05498  3.12826e-04 | 17 -0.00677  3.38391e-04 | 18  0.07218  2.15258e-04
 19  0.11283 -7.44096e-05 | 20 -0.04471 -3.00531e-05 | 21 -0.02327 -4.57786e-05
 22 -0.01505 -2.81255e-04 | 23 -0.04127 -3.11140e-04 | 24  0.03743 -4.77982e-04
 25  0.05305 -2.23910e-03 | 26  0.02985 -1.51256e-03 | 27  0.05218 -1.05883e-03
 28  0.02532 -4.18433e-04 | 29  0.02969 -6.88162e-05 | 30  0.02106 -2.00547e-04
 31  0.05678  1.84677e-04 | 32  0.08487  5.72496e-05 | 33 -0.02240 -1.25984e-04
 34 -0.01782  2.29694e-04 | 35  0.03060  5.10108e-04 | 36 -0.25702  2.19197e-04
 37  0.24402 -2.13902e-03 | 38  0.22629 -2.67592e-03 | 39  0.24557 -1.32293e-03
 40  0.23728 -5.36314e-03 | 41 -0.07372 -9.39128e-03 | 42 -0.63962  5.63046e-03
 43  0.35649  6.22247e-04 | 44 -0.34721 -2.62000e-04 | 45  0.99999  3.37400e-05
 46 -0.99572 -3.62763e-05 | 47  0.21409  6.91957e-04 | 48 -0.47937 -1.29649e-04
 49 -0.04782 -8.96417e-04 | 50 -0.06523 -1.28123e-02 | 51 -0.27859  5.25200e-04
 52 -0.54425  4.80105e-03 |
52 variables; iteration 440; function evaluation 526; phase 3
Function value 2.8101818e+03; maximum gradient component mag -3.8451e-04
Var    Value     Gradient |Var    Value     Gradient |Var    Value     Gradient
  1  0.05065 -3.74000e-04 |  2 -0.00674  3.42253e-06 |  3  0.03420 -1.67284e-07
  4 -0.01844  6.65534e-06 |  5 -0.13881  5.75388e-06 |  6 -0.02353  8.90488e-06
  7 -0.11428  5.03277e-06 |  8 -0.07533  5.55563e-06 |  9  0.00137  3.62701e-06
 10  0.10557 -4.71845e-06 | 11 -0.02569  2.99994e-06 | 12  0.01510 -2.57732e-06
 13  0.02799 -8.87290e-06 | 14  0.07209 -1.84482e-05 | 15  0.01686 -5.64772e-06
 16 -0.05498 -8.90663e-06 | 17 -0.00677 -6.13544e-06 | 18  0.07218 -1.83089e-06
 19  0.11283  5.44570e-07 | 20 -0.04471  6.69830e-06 | 21 -0.02327  4.88463e-06
 22 -0.01505  6.82579e-06 | 23 -0.04127  5.35714e-06 | 24  0.03743  3.95639e-06
 25  0.05305  3.83203e-05 | 26  0.02985  1.50746e-05 | 27  0.05218  1.40070e-05
 28  0.02532  4.24047e-06 | 29  0.02969 -8.27355e-07 | 30  0.02106  3.42755e-06
 31  0.05678 -8.98083e-06 | 32  0.08487 -2.18686e-05 | 33 -0.02240 -6.60388e-06
 34 -0.01782 -8.83865e-06 | 35  0.03060 -3.55802e-07 | 36 -0.25702  7.62415e-06
 37  0.24402  3.43435e-06 | 38  0.22629  6.64500e-06 | 39  0.24557  8.90178e-06
 40  0.23728  4.59144e-05 | 41 -0.07557 -2.86731e-04 | 42 -0.64095  1.44416e-04
 43  0.35649 -1.10376e-05 | 44 -0.34721  5.19241e-06 | 45  0.99999 -3.55128e-07
 46 -0.99572  1.19239e-06 | 47  0.21409 -8.39886e-06 | 48 -0.47937  3.74853e-06
 49 -0.04655 -3.35742e-05 | 50 -0.06395 -3.84510e-04 | 51 -0.27756  1.18729e-05
 52 -0.54283  1.26617e-04 |
Warning: the following parameters had issues
  selparm[5] is within 0.1% of upper bound: -1.00000e+00 < 1.50000e+01 < 1.50000e+01
  selparm[6] is within 0.1% of lower bound: -1.00000e+00 < -9.99763e-01 < 2.00000e+01


 - final statistics:
52 variables; iteration 441; function evaluation 527
Function value 2.8102e+03; maximum gradient component mag -9.7532e-05
Exit code = 1;  converg criter 1.0000e-04
Var    Value     Gradient |Var    Value     Gradient |Var    Value     Gradient
  1  0.05065 -9.17364e-05 |  2 -0.00674  6.90752e-07 |  3  0.03420 -4.07540e-07
  4 -0.01844  2.16381e-06 |  5 -0.13881  1.51334e-06 |  6 -0.02353  3.25268e-06
  7 -0.11428  1.12010e-06 |  8 -0.07533  1.48415e-06 |  9  0.00137  1.04052e-06
 10  0.10557 -1.21793e-06 | 11 -0.02569  9.06076e-07 | 12  0.01510 -9.00642e-07
 13  0.02799 -3.03858e-06 | 14  0.07209 -6.47119e-06 | 15  0.01686 -1.92035e-06
 16 -0.05498 -3.43551e-06 | 17 -0.00677 -2.49834e-06 | 18  0.07218 -9.64345e-07
 19  0.11283  1.76508e-07 | 20 -0.04471  2.20688e-06 | 21 -0.02327  1.75946e-06
 22 -0.01505  2.72884e-06 | 23 -0.04127  2.22589e-06 | 24  0.03743  2.01990e-06
 25  0.05305  1.57533e-05 | 26  0.02985  6.87720e-06 | 27  0.05218  6.29074e-06
 28  0.02532  2.16505e-06 | 29  0.02969 -2.28937e-07 | 30  0.02106  1.36924e-06
 31  0.05678 -3.22726e-06 | 32  0.08487 -7.41630e-06 | 33 -0.02240 -2.12853e-06
 34 -0.01782 -3.21476e-06 | 35  0.03060 -1.04424e-06 | 36 -0.25702  2.14296e-06
 37  0.24402  4.78097e-06 | 38  0.22629  4.39131e-06 | 39  0.24557  4.36883e-06
 40  0.23728  2.30320e-05 | 41 -0.07558 -7.34112e-05 | 42 -0.64095  2.72594e-05
 43  0.35649 -4.51820e-06 | 44 -0.34721  2.03670e-06 | 45  0.99999 -1.91821e-07
 46 -0.99572  4.62915e-07 | 47  0.21409 -3.28600e-06 | 48 -0.47937  1.08824e-06
 49 -0.04654 -9.45748e-06 | 50 -0.06395 -9.75320e-05 | 51 -0.27755  2.62650e-06
 52 -0.54282  2.35946e-05 |
Estimating row 1 out of 52 for hessian
Estimating row 2 out of 52 for hessian
Estimating row 3 out of 52 for hessian
Estimating row 4 out of 52 for hessian
Estimating row 5 out of 52 for hessian
Estimating row 6 out of 52 for hessian
Estimating row 7 out of 52 for hessian
Estimating row 8 out of 52 for hessian
Estimating row 9 out of 52 for hessian
Estimating row 10 out of 52 for hessian
Estimating row 11 out of 52 for hessian
Estimating row 12 out of 52 for hessian
Estimating row 13 out of 52 for hessian
Estimating row 14 out of 52 for hessian
Estimating row 15 out of 52 for hessian
Estimating row 16 out of 52 for hessian
Estimating row 17 out of 52 for hessian
Estimating row 18 out of 52 for hessian
Estimating row 19 out of 52 for hessian
Estimating row 20 out of 52 for hessian
Estimating row 21 out of 52 for hessian
Estimating row 22 out of 52 for hessian
Estimating row 23 out of 52 for hessian
Estimating row 24 out of 52 for hessian
Estimating row 25 out of 52 for hessian
Estimating row 26 out of 52 for hessian
Estimating row 27 out of 52 for hessian
Estimating row 28 out of 52 for hessian
Estimating row 29 out of 52 for hessian
Estimating row 30 out of 52 for hessian
Estimating row 31 out of 52 for hessian
Estimating row 32 out of 52 for hessian
Estimating row 33 out of 52 for hessian
Estimating row 34 out of 52 for hessian
Estimating row 35 out of 52 for hessian
Estimating row 36 out of 52 for hessian
Estimating row 37 out of 52 for hessian
Estimating row 38 out of 52 for hessian
Estimating row 39 out of 52 for hessian
Estimating row 40 out of 52 for hessian
Estimating row 41 out of 52 for hessian
Estimating row 42 out of 52 for hessian
Estimating row 43 out of 52 for hessian
Estimating row 44 out of 52 for hessian
Estimating row 45 out of 52 for hessian
Estimating row 46 out of 52 for hessian
Estimating row 47 out of 52 for hessian
Estimating row 48 out of 52 for hessian
Estimating row 49 out of 52 for hessian
Estimating row 50 out of 52 for hessian
Estimating row 51 out of 52 for hessian
Estimating row 52 out of 52 for hessian
size of file gradfil1.tmp = 0
size of file gradfil2.tmp = 0
size of file varssave.tmp = 0
size of file cmpdiff.tmp = 0
