
Initial statistics: 36 variables; iteration 0; function evaluation 0; phase 1
Function value 1.4344107e+04; maximum gradient component mag 6.4060e+04
Var    Value     Gradient |Var    Value     Gradient |Var    Value     Gradient
  1  0.07940  6.40604e+04 |  2 -0.01309 -9.12342e+02 |  3  0.00839 -9.80877e+02
  4 -0.04348 -9.85373e+02 |  5 -0.13876 -8.73162e+02 |  6  0.02357 -8.48165e+02
  7 -0.13248 -9.53409e+02 |  8 -0.06190 -8.80862e+02 |  9 -0.03952 -9.51109e+02
 10  0.09822 -7.94367e+02 | 11 -0.05693 -3.07038e+02 | 12 -0.00740 -9.34496e+02
 13  0.03248 -8.99254e+01 | 14  0.09717  2.21524e+02 | 15  0.05257  2.64648e+02
 16 -0.07938 -9.15271e+02 | 17 -0.04688  6.38452e+01 | 18  0.01583 -1.08806e+02
 19  0.02968 -1.92863e+02 | 20 -0.00133  4.49738e+02 | 21 -0.08297 -3.20941e+02
 22 -0.05358  1.33373e+02 | 23  0.08831  1.70001e+02 | 24 -0.00550 -7.69123e+02
 25 -0.02456  1.22989e+02 | 26  0.09417  2.22453e+03 | 27  0.05121  1.17723e+03
 28  0.00038  6.56380e+02 | 29  0.00018  5.54936e+02 | 30 -0.01699  5.77079e+02
 31  0.07235  1.43263e+03 | 32  0.10437  1.59776e+03 | 33  0.06078  1.46936e+03
 34 -0.03426  3.24901e+02 | 35  0.05064  6.72513e+02 | 36 -0.04187 -2.96982e+02

Intermediate statistics: 36 variables; iteration 20; function evaluation 33; phase 1
Function value 9.7775414e+03; maximum gradient component mag 6.2264e+03
Var    Value     Gradient |Var    Value     Gradient |Var    Value     Gradient
  1  0.00926  6.22638e+03 |  2  0.09838 -5.92880e+01 |  3  0.23590 -2.72946e+01
  4  0.18612 -1.95724e+01 |  5  0.06039 -2.39667e+01 |  6  0.17274 -2.61160e+01
  7  0.05948 -4.20057e+01 |  8  0.06401 -3.42004e+01 |  9  0.09927 -3.02420e+01
 10  0.16310  7.83535e+01 | 11 -0.21647  1.55163e+01 | 12  0.20499  1.85708e+02
 13 -0.04891  8.45406e+01 | 14  0.11331  3.14087e+02 | 15 -0.07387  1.80413e+02
 16  0.11169  3.91409e+02 | 17 -0.19520  6.31794e+01 | 18  0.05363  5.42967e+01
 19  0.05528 -6.89598e+01 | 20 -0.30418 -4.69155e+01 | 21  0.02513 -5.04008e+02
 22 -0.31499 -3.62930e+01 | 23  0.07706  1.14765e+02 | 24  0.18362 -4.45764e+02
 25 -0.01884 -9.05025e+00 | 26 -0.14288  3.38204e+01 | 27  0.01176  7.92156e+01
 28  0.02384 -5.78491e+01 | 29 -0.03511 -7.22685e+01 | 30 -0.03142  4.81810e+01
 31 -0.08476  1.18239e+02 | 32  0.13479  2.81732e+02 | 33 -0.04741  1.29261e+02
 34 -0.00492  7.69190e+01 | 35  0.01408  9.10521e+01 | 36 -0.86157 -3.28994e+01
36 variables; iteration 40; function evaluation 64; phase 1
Function value 9.7162879e+03; maximum gradient component mag 1.5720e+03
Var    Value     Gradient |Var    Value     Gradient |Var    Value     Gradient
  1 -0.00349  1.57196e+03 |  2  0.17022  4.99578e+01 |  3  0.22429  2.27225e+01
  4  0.16982  3.40661e+01 |  5  0.00254 -2.51126e+01 |  6  0.15039 -1.27437e+01
  7  0.05556  2.36845e+01 |  8  0.05814 -1.16059e+01 |  9  0.10831 -5.52984e+01
 10  0.17466 -1.01576e+02 | 11 -0.26129 -3.77142e+00 | 12  0.21097  1.66870e+02
 13 -0.09360  2.83605e+01 | 14  0.16064 -9.05186e+01 | 15 -0.16128 -2.00587e+01
 16  0.13116 -2.38676e+02 | 17 -0.21407  9.20381e+00 | 18  0.06925 -7.98440e+01
 19  0.08507 -4.36069e+01 | 20 -0.30530 -1.80039e+01 | 21  0.06221  1.55273e+01
 22 -0.29276  1.57833e+01 | 23  0.07056  9.72980e+01 | 24  0.26240  2.56827e+02
 25 -0.06879  2.13227e+01 | 26 -0.18483  2.68316e+01 | 27  0.02604  1.10293e+01
 28  0.04967 -2.64172e+00 | 29 -0.00195  3.69480e+01 | 30 -0.00953 -2.59944e+01
 31 -0.10318 -1.33772e+01 | 32  0.17853  2.53344e+02 | 33 -0.15268  2.19678e+01
 34  0.04141  6.57560e+01 | 35  0.02053 -1.01278e+02 | 36 -0.98576 -2.57069e+00
36 variables; iteration 60; function evaluation 85; phase 1
Function value 9.6943735e+03; maximum gradient component mag -6.7901e+01
Var    Value     Gradient |Var    Value     Gradient |Var    Value     Gradient
  1 -0.00750 -6.79007e+01 |  2  0.13325  2.24199e+00 |  3  0.19629  1.16496e+00
  4  0.11645  1.59217e+00 |  5 -0.03163  1.45537e+00 |  6  0.11411  2.18486e+00
  7 -0.00487  2.76924e+00 |  8  0.02724  2.03484e+00 |  9  0.11852  7.87938e-01
 10  0.19342 -3.85698e+00 | 11 -0.25928  1.75453e+00 | 12  0.20165 -1.54035e+01
 13 -0.11425 -2.50002e-02 | 14  0.17573  6.70054e-01 | 15 -0.15986  1.55325e+00
 16  0.14337 -1.33468e-01 | 17 -0.23640  2.21541e+00 | 18  0.08081  9.86960e-01
 19  0.09183 -3.07723e-01 | 20 -0.29277  2.43951e+00 | 21  0.07110  3.30275e-01
 22 -0.30406  2.53996e+00 | 23  0.06975  1.18925e+00 | 24  0.26361  4.74600e+00
 25 -0.06039  3.51387e+00 | 26 -0.19324  3.85445e+00 | 27  0.03571  2.72271e+00
 28  0.05878  1.65523e+00 | 29 -0.00146  2.30736e+00 | 30  0.00237  2.03086e+00
 31 -0.09426  4.44590e+00 | 32  0.18295  5.27216e+00 | 33 -0.15231  4.53521e+00
 34  0.04122  3.74876e+00 | 35  0.03437  3.67379e+00 | 36 -1.48477 -1.87526e+00

 - final statistics:
36 variables; iteration 62; function evaluation 87
Function value 9.6944e+03; maximum gradient component mag 4.6003e+00
Exit code = 1;  converg criter 1.0000e+01
Var    Value     Gradient |Var    Value     Gradient |Var    Value     Gradient
  1 -0.00745  4.60029e+00 |  2  0.13320  3.70319e-01 |  3  0.19696  1.93281e-01
  4  0.11731  5.95383e-02 |  5 -0.03020  3.98856e-02 |  6  0.11422  2.35622e-01
  7 -0.00491  5.21941e-02 |  8  0.02744  3.40344e-01 |  9  0.11819 -7.25773e-02
 10  0.19338 -6.21968e-01 | 11 -0.25917  1.70349e-01 | 12  0.20282  8.33222e-01
 13 -0.11308  3.74021e-01 | 14  0.17517 -3.13080e-01 | 15 -0.15928  1.26522e-01
 16  0.14325 -4.55784e-01 | 17 -0.23646  2.43170e-01 | 18  0.08069 -1.51089e-01
 19  0.09171 -5.61424e-01 | 20 -0.29319  2.11959e-01 | 21  0.07107  1.57619e+00
 22 -0.30451  3.58679e-01 | 23  0.06974  3.04947e-01 | 24  0.26349  1.35485e+00
 25 -0.06073  3.14373e-01 | 26 -0.19429  3.87456e-01 | 27  0.03563  4.66699e-01
 28  0.05871 -2.49736e-02 | 29 -0.00171  1.48981e-01 | 30  0.00259  2.83811e-01
 31 -0.09516  4.45947e-01 | 32  0.18292  4.53307e-01 | 33 -0.15428  5.68863e-01
 34  0.04120  4.79545e-01 | 35  0.03418  7.13017e-01 | 36 -1.48402 -6.83539e-02

Initial statistics: 46 variables; iteration 0; function evaluation 0; phase 2
Function value 9.6943533e+03; maximum gradient component mag 3.4582e+04
Var    Value     Gradient |Var    Value     Gradient |Var    Value     Gradient
  1 -0.00745  4.60029e+00 |  2  0.13319  1.09715e-01 |  3  0.19696 -6.04835e-02
  4  0.11730 -2.02366e-01 |  5 -0.03021 -2.26228e-01 |  6  0.11422 -2.65153e-02
  7 -0.00492 -2.14212e-01 |  8  0.02744  7.41772e-02 |  9  0.11818 -3.34414e-01
 10  0.19337 -8.76189e-01 | 11 -0.25918 -7.42908e-02 | 12  0.20281  5.80216e-01
 13 -0.11309  1.11799e-01 | 14  0.17516 -5.69473e-01 | 15 -0.15928 -1.31597e-01
 16  0.14324 -7.15483e-01 | 17 -0.23647 -5.07619e-03 | 18  0.08068 -4.15367e-01
 19  0.09170 -8.25080e-01 | 20 -0.29319 -2.66981e-02 | 21  0.07106  1.31143e+00
 22 -0.30452  1.22165e-01 | 23  0.06974  4.01301e-02 | 24  0.26348  1.11094e+00
 25 -0.06074  4.91709e-02 | 26 -0.19429  1.33352e-01 | 27  0.03563  2.00702e-01
 28  0.05870 -2.90256e-01 | 29 -0.00172 -1.17432e-01 | 30  0.00259  1.73997e-02
 31 -0.09517  1.82504e-01 | 32  0.18291  1.97816e-01 | 33 -0.15429  3.10233e-01
 34  0.04119  2.13689e-01 | 35  0.03417  4.46987e-01 | 36 -0.51599 -1.15241e-01
 37  0.43053  3.45823e+04 | 38  0.36765  7.62351e+03 | 39  0.41530  4.72289e+03
 40  0.32035  9.41589e+03 | 41 -0.07280 -3.62423e+01 | 42 -0.29624  1.99194e+03
 43 -0.04487 -1.02742e+02 | 44 -0.00886  4.99307e+01 | 45 -0.21137  7.38024e+01
 46 -0.85749  3.59648e+02 |

Intermediate statistics: 46 variables; iteration 20; function evaluation 29; phase 2
Function value 5.7057289e+03; maximum gradient component mag 1.2362e+04
Var    Value     Gradient |Var    Value     Gradient |Var    Value     Gradient
  1  0.11681  1.18391e+04 |  2 -0.07434 -3.18725e+02 |  3 -0.00807 -2.79236e+02
  4 -0.03540 -2.78879e+02 |  5 -0.12664 -2.29439e+02 |  6  0.00774 -2.44064e+02
  7 -0.06255 -2.31672e+02 |  8 -0.02719 -2.39777e+02 |  9  0.06843 -2.10322e+02
 10  0.18564 -2.00171e+02 | 11  0.01309 -9.50526e+01 | 12  0.10603 -1.85593e+02
 13  0.03119 -1.39309e+02 | 14  0.10695 -1.26281e+00 | 15  0.00959 -1.43627e+02
 16  0.14422 -2.46243e+02 | 17  0.10465  1.34004e+01 | 18  0.14264 -1.82349e+02
 19  0.09800 -3.55895e+02 | 20  0.06901  6.79102e+01 | 21 -0.00309 -1.22418e+02
 22  0.01137  5.60092e+01 | 23 -0.13392 -3.97453e+02 | 24  0.12370  3.33173e+02
 25 -0.20379 -3.77895e+02 | 26 -0.09669 -2.45399e+02 | 27 -0.04154  1.28067e+02
 28  0.01713  4.77964e+02 | 29 -0.05544 -8.57710e+01 | 30 -0.04718  1.52519e+02
 31 -0.09817 -2.13374e+02 | 32  0.12427  1.17671e+03 | 33 -0.14710 -2.37671e+02
 34 -0.06322  2.81219e+02 | 35 -0.04813  2.96571e+00 | 36 -0.16940 -9.29309e+01
 37  0.25102  8.06953e+03 | 38  0.25571  2.65480e+03 | 39  0.15518 -2.55990e+03
 40  0.25385  1.23623e+04 | 41 -0.09083  7.80506e+02 | 42 -0.51760  2.90659e+01
 43 -0.10162 -3.54639e+01 | 44 -0.05440  1.17854e+03 | 45 -0.41792 -8.58084e+00
 46 -0.70502  1.92368e+01 |
46 variables; iteration 40; function evaluation 56; phase 2
Function value 5.1282344e+03; maximum gradient component mag 1.7669e+03
Var    Value     Gradient |Var    Value     Gradient |Var    Value     Gradient
  1  0.13131  1.74257e+03 |  2 -0.01101 -4.03179e+01 |  3  0.00938 -8.91524e+01
  4  0.00274 -2.04549e+01 |  5 -0.04910  1.18529e+02 |  6 -0.14024 -2.82684e+02
  7 -0.11286  2.31320e+01 |  8 -0.15905 -1.04046e+02 |  9 -0.12222 -1.74949e+02
 10  0.11233 -4.68096e+01 | 11 -0.06525 -6.95238e+01 | 12  0.06478 -2.95416e+01
 13 -0.00031 -7.80401e+01 | 14  0.10716  7.28386e+01 | 15  0.06659  1.13517e+02
 16  0.16854 -3.57636e+01 | 17  0.06421  3.45613e+01 | 18  0.16314 -3.61253e+01
 19  0.08991 -2.13593e+02 | 20  0.02770  2.91685e+01 | 21 -0.11065 -2.07283e+02
 22 -0.06375 -8.97253e+01 | 23  0.04813  8.77658e+01 | 24  0.08123  8.26077e+01
 25 -0.07376 -1.43253e+02 | 26 -0.01923 -1.10052e+02 | 27  0.01078 -5.22486e+01
 28  0.03916  8.72253e+01 | 29  0.00748 -6.85819e+01 | 30 -0.01842 -4.22976e+01
 31  0.02927 -7.50435e-01 | 32  0.13792  2.59906e+02 | 33 -0.01779  1.06827e+01
 34 -0.06127  5.37321e+01 | 35 -0.00965 -9.07817e+01 | 36 -0.23144 -6.24235e+01
 37  0.22340  1.76293e+03 | 38  0.22509  2.36044e+02 | 39  0.17669 -6.21147e+02
 40  0.19016  1.76690e+03 | 41 -0.38669  2.52066e+02 | 42 -0.54267 -9.06980e+01
 43  0.10659  1.22965e+02 | 44  0.10766  3.17216e+02 | 45 -0.39332 -5.72453e+01
 46 -0.70113 -1.57340e+01 |
46 variables; iteration 60; function evaluation 84; phase 2
Function value 5.0285183e+03; maximum gradient component mag 9.0859e+01
Var    Value     Gradient |Var    Value     Gradient |Var    Value     Gradient
  1  0.11718  9.08592e+01 |  2 -0.02029 -3.99778e-01 |  3  0.02200 -2.64399e+00
  4 -0.00958 -5.33677e+00 |  5 -0.12456 -1.29227e+00 |  6 -0.00577 -7.07613e+00
  7 -0.08463  3.83980e+00 |  8 -0.05537  2.82461e+00 |  9  0.02041  6.28215e+00
 10  0.14599  2.66395e+00 | 11 -0.04564  2.44797e-01 | 12  0.05764  3.99600e+00
 13 -0.00109 -3.38307e+00 | 14  0.04558  8.12870e+00 | 15 -0.02955  6.08791e+00
 16  0.12821  4.97332e+00 | 17  0.01154  2.65140e+00 | 18  0.15885  4.86588e+00
 19  0.14855  5.25118e+00 | 20  0.00409  5.84960e+00 | 21 -0.02664 -8.76764e-01
 22 -0.05757 -3.34374e+00 | 23 -0.02917  1.44832e+01 | 24 -0.02603 -4.86974e+01
 25 -0.04548 -8.39849e+00 | 26 -0.00011  1.36102e+00 | 27  0.02629  2.27996e+01
 28  0.01002 -8.19858e+00 | 29  0.01648  1.08154e+01 | 30 -0.01618 -1.13323e+00
 31  0.02907  8.91859e+00 | 32  0.09406  9.20159e+00 | 33 -0.02955 -1.29757e+00
 34 -0.09592  2.84261e+00 | 35  0.00414  2.03251e+00 | 36 -0.21887  7.09030e+00
 37  0.22685 -8.54286e+00 | 38  0.23359  4.11469e+01 | 39  0.19976 -4.47962e+01
 40  0.19437 -4.43405e+01 | 41 -0.33663  2.82882e+01 | 42 -0.54921 -1.88537e+01
 43  0.06223 -8.83573e+00 | 44  0.07619  5.61322e+01 | 45 -0.36719  7.22314e-02
 46 -0.69406 -1.02552e+01 |

 - final statistics:
46 variables; iteration 68; function evaluation 93
Function value 5.0248e+03; maximum gradient component mag 7.0255e+00
Exit code = 1;  converg criter 1.0000e+01
Var    Value     Gradient |Var    Value     Gradient |Var    Value     Gradient
  1  0.08843  6.42691e+00 |  2 -0.01599 -2.91753e-02 |  3  0.02807  6.21891e-02
  4 -0.00753  1.38015e-01 |  5 -0.12407 -4.30192e-02 |  6 -0.00539 -3.26699e-01
  7 -0.08986 -1.87499e-01 |  8 -0.05853 -6.10413e-02 |  9  0.01763  1.41088e-01
 10  0.14514  9.57285e-02 | 11 -0.04564 -1.24964e-01 | 12  0.05326 -1.59794e-01
 13  0.00084 -2.50211e-01 | 14  0.04121 -6.94574e-02 | 15 -0.04035 -5.18242e-02
 16  0.11756 -1.94692e-01 | 17  0.00261  1.39212e-02 | 18  0.15288 -1.04146e-01
 19  0.14321 -2.36597e-01 | 20  0.00008 -1.41090e-01 | 21 -0.02690  6.17084e-01
 22 -0.05389  5.16261e-02 | 23 -0.02204  4.00346e-01 | 24  0.01364 -7.96720e-01
 25 -0.03255  4.04290e-01 | 26  0.00651  9.22151e-01 | 27  0.02164  3.92597e-01
 28  0.01276  2.58592e-01 | 29  0.00928  8.23968e-02 | 30 -0.01591 -1.51869e-01
 31  0.02511  3.13353e-02 | 32  0.09708  5.76768e-01 | 33 -0.02610 -1.00382e-06
 34 -0.09553  1.16470e-01 | 35  0.00114 -9.21767e-02 | 36 -0.23098 -3.75613e-03
 37  0.24105  2.47164e+00 | 38  0.24734  4.59469e-01 | 39  0.21681  1.12753e+00
 40  0.21200  7.02551e+00 | 41 -0.31379  2.31913e+00 | 42 -0.54554 -2.19740e+00
 43  0.06448  5.73448e-01 | 44  0.06913  3.23694e+00 | 45 -0.36638 -1.39917e-01
 46 -0.69412 -1.10994e+00 |

Initial statistics: 52 variables; iteration 0; function evaluation 0; phase 3
Function value 5.0247989e+03; maximum gradient component mag -3.4419e+03
Var    Value     Gradient |Var    Value     Gradient |Var    Value     Gradient
  1  0.08843  6.42691e+00 |  2 -0.01599 -6.56014e-02 |  3  0.02806  2.57869e-02
  4 -0.00753  1.01580e-01 |  5 -0.12407 -7.87671e-02 |  6 -0.00539 -3.63136e-01
  7 -0.08986 -2.23574e-01 |  8 -0.05853 -9.73250e-02 |  9  0.01763  1.04665e-01
 10  0.14514  6.02337e-02 | 11 -0.04564 -1.61308e-01 | 12  0.05326 -1.96104e-01
 13  0.00084 -2.86649e-01 | 14  0.04121 -1.05819e-01 | 15 -0.04035 -8.81886e-02
 16  0.11755 -2.30510e-01 | 17  0.00261 -2.25162e-02 | 18  0.15288 -1.39538e-01
 19  0.14320 -2.72117e-01 | 20  0.00007 -1.77528e-01 | 21 -0.02690  5.80679e-01
 22 -0.05389  1.53189e-02 | 23 -0.02204  3.63931e-01 | 24  0.01364 -8.33149e-01
 25 -0.03255  3.67900e-01 | 26  0.00650  8.85715e-01 | 27  0.02164  3.56180e-01
 28  0.01276  2.22162e-01 | 29  0.00928  4.59630e-02 | 30 -0.01591 -1.88296e-01
 31  0.02511 -5.07403e-03 | 32  0.09708  5.40753e-01 | 33 -0.02610 -3.64080e-02
 34 -0.09553  8.04420e-02 | 35  0.00114 -1.28614e-01 | 36 -0.23098 -3.78217e-02
 37  0.24105  2.47164e+00 | 38  0.24734  4.59469e-01 | 39  0.21681  1.12753e+00
 40  0.21200  7.02551e+00 | 41 -0.31379  2.31913e+00 | 42 -0.54554 -2.19740e+00
 43  0.37452 -2.18728e+03 | 44 -0.80278  9.97241e+02 | 45  0.11042 -3.44188e+03
 46 -0.89706  9.21488e+02 | 47  0.19115 -6.05861e+02 | 48 -0.37419  5.17666e+02
 49  0.06448  5.73448e-01 | 50  0.06913  3.23694e+00 | 51 -0.36638 -1.39917e-01
 52 -0.69412 -1.10994e+00 |

Intermediate statistics: 52 variables; iteration 20; function evaluation 30; phase 3
Function value 3.4943653e+03; maximum gradient component mag -9.2822e+03
Var    Value     Gradient |Var    Value     Gradient |Var    Value     Gradient
  1  0.11292 -6.35391e+03 |  2 -0.02666  1.29305e+02 |  3  0.01715  1.30768e+02
  4 -0.01008  1.42765e+02 |  5 -0.12601  1.38476e+02 |  6 -0.00815  1.42814e+02
  7 -0.09457  1.36116e+02 |  8 -0.06983  1.32836e+02 |  9  0.00434  1.30039e+02
 10  0.14030  1.04923e+02 | 11 -0.05124  7.48849e+01 | 12  0.06015  1.24936e+02
 13 -0.00603  2.06648e+01 | 14  0.05029 -8.40494e+00 | 15  0.01546  4.36277e+01
 16  0.01416  4.81993e+01 | 17  0.02060  1.29563e+01 | 18  0.11178 -7.29057e+01
 19  0.18013 -7.84232e+01 | 20 -0.02207 -2.78028e-01 | 21  0.03407 -5.12530e+01
 22 -0.06378 -9.28419e+01 | 23 -0.08940  1.88689e+01 | 24  0.01983  9.75130e+01
 25  0.02644 -3.53866e+01 | 26 -0.01436 -1.31965e+02 | 27  0.06176  1.07362e+01
 28  0.04072 -6.55933e+01 | 29  0.06288 -1.26339e+01 | 30  0.00709 -6.35005e+01
 31  0.08359  4.82592e+01 | 32  0.11826  1.09560e+02 | 33 -0.02451  1.66389e+02
 34 -0.05643  1.33700e+02 | 35  0.05286  1.43334e+02 | 36 -0.44212  3.43004e+01
 37  0.18533 -8.42624e+03 | 38  0.14313 -9.28217e+03 | 39  0.18387 -1.04006e+03
 40  0.20893  4.45583e+03 | 41 -0.26056  9.49457e+01 | 42 -0.50167  4.87468e+01
 43  0.61253 -1.03024e+03 | 44 -0.72556  1.35924e+02 | 45  0.62008 -1.34157e+03
 46 -1.05605 -9.44109e+01 | 47  0.20380 -5.50253e+02 | 48 -0.47247  3.62349e+02
 49  0.02535  3.22660e-01 | 50  0.03457  1.49994e+02 | 51 -0.39720  1.24435e+01
 52 -0.78906  1.21352e+01 |
52 variables; iteration 40; function evaluation 54; phase 3
Function value 3.1121744e+03; maximum gradient component mag -1.5226e+03
Var    Value     Gradient |Var    Value     Gradient |Var    Value     Gradient
  1  0.13196 -1.31550e+03 |  2 -0.07150  4.45586e+00 |  3  0.01093  6.84355e+01
  4 -0.01018  1.12184e+02 |  5 -0.54387 -6.34515e+01 |  6  0.09500  1.20095e+02
  7 -0.01022  1.05717e+02 |  8  0.02029  1.45738e+02 |  9 -0.02087 -1.17397e+01
 10  0.14047  1.15720e+02 | 11 -0.15626 -6.05460e+01 | 12  0.00679  6.37660e+00
 13 -0.03215 -5.90374e+00 | 14  0.06255  6.40855e+01 | 15  0.03781  8.58930e+01
 16 -0.10410 -8.02324e+01 | 17  0.03828  7.93315e+01 | 18  0.10796  2.78867e+01
 19  0.20817  1.54561e+02 | 20 -0.06401 -6.26774e+01 | 21  0.05829  8.58166e+01
 22 -0.04141  1.05237e+01 | 23  0.00315  1.22836e+02 | 24  0.09985  1.57956e+02
 25  0.04800  2.19844e+01 | 26  0.00384 -5.16850e+01 | 27  0.07376  6.48997e+01
 28  0.11382  2.27000e+02 | 29  0.07900  6.20764e+01 | 30  0.00924 -8.74537e+01
 31  0.11365  1.18037e+02 | 32  0.10120  1.29625e+01 | 33 -0.06519 -2.21996e+01
 34 -0.06219  2.23025e+01 | 35  0.04284  7.37858e+01 | 36 -0.31766  1.53185e+01
 37  0.18938 -1.52257e+03 | 38  0.17314 -1.37530e+03 | 39  0.18537 -1.72255e+02
 40  0.17898  2.99566e+02 | 41 -0.35502 -3.52552e+02 | 42 -0.51205  1.18859e+02
 43  0.70133 -4.05667e+02 | 44 -0.65210  1.99234e+02 | 45  0.70258 -6.52237e+02
 46 -0.96861  2.81740e+01 | 47  0.20109 -3.08645e+02 | 48 -0.47399  2.43782e+02
 49 -0.02118 -1.69857e+02 | 50  0.07607 -4.31316e+02 | 51 -0.52250 -8.65649e+01
 52 -0.78034  8.71026e+01 |
52 variables; iteration 60; function evaluation 85; phase 3
Function value 2.9004415e+03; maximum gradient component mag 2.5775e+02
Var    Value     Gradient |Var    Value     Gradient |Var    Value     Gradient
  1  0.10487  2.57754e+02 |  2 -0.00512  1.00868e+01 |  3  0.01870 -3.26907e+01
  4 -0.00822 -2.33350e+01 |  5 -0.11270 -3.02270e+00 |  6  0.00154 -4.86112e+00
  7 -0.08445 -1.31392e+01 |  8 -0.06014 -1.20587e+01 |  9  0.00442 -1.50975e+01
 10  0.11583 -7.67597e+00 | 11 -0.05282 -2.85225e+01 | 12  0.04496  1.05427e-01
 13  0.00408 -7.54687e+00 | 14  0.04640 -1.60608e+01 | 15  0.00200 -9.79052e+00
 16 -0.05039 -2.58550e+01 | 17  0.00021 -1.19247e+01 | 18  0.08077 -2.55801e+01
 19  0.14707 -1.75675e+01 | 20 -0.01752 -2.73864e+01 | 21 -0.00310 -1.25302e+01
 22 -0.05477 -7.48239e+00 | 23 -0.07035 -1.63489e+01 | 24  0.02732 -1.88180e+01
 25  0.02492 -1.17147e+01 | 26  0.01276  6.22265e+00 | 27  0.04777  2.81006e+00
 28  0.03801 -1.52953e+01 | 29  0.03756 -1.00004e+01 | 30  0.02580 -1.56533e+01
 31  0.06555 -1.15740e+01 | 32  0.08600  2.23944e+00 | 33 -0.05295 -2.17235e+00
 34 -0.06660 -5.83750e-01 | 35  0.02443  3.90999e+00 | 36 -0.23178 -7.83079e+00
 37  0.20876  1.02688e+02 | 38  0.19799  1.02986e+01 | 39  0.21085  4.39071e+01
 40  0.20009  1.97852e+02 | 41 -0.08668 -4.39840e+01 | 42 -0.50519  1.70484e+01
 43  0.82589 -1.06443e+02 | 44 -0.65637  8.38157e+01 | 45  0.88733 -1.28642e+02
 46 -0.88206  3.94403e+01 | 47  0.20729 -3.18738e+00 | 48 -0.47972  5.60199e+00
 49 -0.07769  1.39283e+01 | 50 -0.08540 -7.79011e+01 | 51 -0.38369  1.61455e+01
 52 -0.79341 -3.52582e-01 |
52 variables; iteration 80; function evaluation 105; phase 3
Function value 2.8815562e+03; maximum gradient component mag -5.3542e-01
Var    Value     Gradient |Var    Value     Gradient |Var    Value     Gradient
  1  0.09052 -4.89372e-01 |  2 -0.01794  5.20777e-02 |  3  0.02399  3.91274e-02
  4 -0.01182  1.70771e-02 |  5 -0.12853  9.24197e-03 |  6 -0.01204  2.50731e-02
  7 -0.09740  1.89247e-02 |  8 -0.06862  1.31235e-02 |  9  0.00271  3.56392e-02
 10  0.11620  2.47991e-02 | 11 -0.04474  3.29743e-02 | 12  0.03816  2.32609e-02
 13  0.00533  1.53890e-02 | 14  0.05183  2.12369e-02 | 15  0.00163  3.37825e-02
 16 -0.04237  1.95582e-02 | 17  0.00234  8.16437e-03 | 18  0.08884  2.41515e-02
 19  0.15201 -1.09156e-04 | 20 -0.00791  8.07148e-03 | 21 -0.00166  6.65056e-02
 22 -0.05159  4.32898e-02 | 23 -0.06035  3.41149e-02 | 24  0.03937  2.05697e-02
 25  0.03281  3.39148e-02 | 26  0.01255 -2.70649e-03 | 27  0.04804 -3.33432e-03
 28  0.04106 -5.41181e-03 | 29  0.03870  1.37952e-02 | 30  0.02855  3.22297e-02
 31  0.06896  7.64867e-03 | 32  0.08866 -1.29513e-02 | 33 -0.05117  8.42929e-03
 34 -0.06574  1.78925e-02 | 35  0.02225  9.64890e-03 | 36 -0.24698  1.43053e-02
 37  0.21400 -3.29838e-01 | 38  0.20415  1.31672e-01 | 39  0.21732 -5.75336e-02
 40  0.20773 -5.35422e-01 | 41 -0.08730 -2.66775e-02 | 42 -0.50252  2.96070e-01
 43  0.99985 -2.25559e-02 | 44 -0.69635 -2.84334e-02 | 45  1.00000  2.91960e-02
 46 -1.00236  6.13553e-03 | 47  0.20801  2.94552e-03 | 48 -0.47990  1.16180e-03
 49 -0.08172  5.31658e-02 | 50 -0.07900 -9.22308e-02 | 51 -0.41419  5.87244e-03
 52 -0.79067  9.19719e-02 |
52 variables; iteration 100; function evaluation 131; phase 3
Function value 2.8815560e+03; maximum gradient component mag 6.7703e-01
Var    Value     Gradient |Var    Value     Gradient |Var    Value     Gradient
  1  0.09052 -1.45721e-01 |  2 -0.01795  8.66666e-03 |  3  0.02399  2.82767e-03
  4 -0.01180  1.11880e-02 |  5 -0.12850  1.07858e-02 |  6 -0.01202  6.54542e-03
  7 -0.09738  7.75237e-03 |  8 -0.06860  1.44690e-02 |  9  0.00271  9.00472e-03
 10  0.11620  7.20497e-03 | 11 -0.04474  1.08815e-02 | 12  0.03815  7.34094e-03
 13  0.00532  2.86767e-03 | 14  0.05182  7.48026e-03 | 15  0.00162  5.47634e-03
 16 -0.04237  6.01331e-03 | 17  0.00234  9.28418e-03 | 18  0.08884  8.00030e-03
 19  0.15201  1.47339e-02 | 20 -0.00791  1.21975e-02 | 21 -0.00168  2.03981e-03
 22 -0.05161 -2.57171e-03 | 23 -0.06037  2.99961e-03 | 24  0.03937  1.08476e-02
 25  0.03280  3.90655e-03 | 26  0.01255  2.64160e-03 | 27  0.04804  1.24536e-02
 28  0.04106  4.81804e-03 | 29  0.03870  1.15597e-02 | 30  0.02854  3.16585e-04
 31  0.06895  5.49207e-03 | 32  0.08866  4.80797e-03 | 33 -0.05117  2.83100e-03
 34 -0.06574  7.85498e-03 | 35  0.02225  1.19699e-02 | 36 -0.24696  1.03832e-02
 37  0.21400 -4.11049e-02 | 38  0.20415 -6.13558e-03 | 39  0.21731  5.40666e-03
 40  0.20773 -4.24582e-02 | 41 -0.09471 -3.64158e-01 | 42 -0.51180  6.77034e-01
 43  0.99998  1.31694e-03 | 44 -0.69629  1.81959e-02 | 45  1.00018  1.35204e-01
 46 -1.00238  3.46801e-03 | 47  0.20801  4.28274e-03 | 48 -0.47990 -7.92974e-04
 49 -0.07667 -1.73362e-02 | 50 -0.07392 -5.14709e-01 | 51 -0.40359 -1.08437e-03
 52 -0.76570  2.60057e-01 |
52 variables; iteration 120; function evaluation 155; phase 3
Function value 2.8815557e+03; maximum gradient component mag 8.7650e-01
Var    Value     Gradient |Var    Value     Gradient |Var    Value     Gradient
  1  0.09052  2.43508e-01 |  2 -0.01794  1.10041e-02 |  3  0.02399  6.17815e-03
  4 -0.01180 -9.16965e-04 |  5 -0.12850  1.41591e-03 |  6 -0.01203  1.88748e-03
  7 -0.09738 -4.44918e-03 |  8 -0.06861 -2.58894e-03 |  9  0.00270  2.70098e-03
 10  0.11619 -4.30616e-04 | 11 -0.04474  6.27911e-03 | 12  0.03815 -3.34634e-04
 13  0.00532 -5.59047e-03 | 14  0.05182  1.06959e-03 | 15  0.00162 -1.13985e-03
 16 -0.04237  4.17027e-04 | 17  0.00234 -8.47177e-04 | 18  0.08884  2.81615e-03
 19  0.15201 -3.09714e-04 | 20 -0.00790  1.13287e-02 | 21 -0.00168  1.34873e-02
 22 -0.05160  1.68741e-03 | 23 -0.06036 -2.06206e-03 | 24  0.03937  8.02456e-03
 25  0.03280  9.86403e-03 | 26  0.01255  1.07673e-02 | 27  0.04804  2.06012e-02
 28  0.04106  5.20486e-03 | 29  0.03870  1.71543e-02 | 30  0.02854  7.38709e-03
 31  0.06895  1.31930e-02 | 32  0.08866  2.83574e-02 | 33 -0.05117  9.50402e-03
 34 -0.06574  7.95957e-03 | 35  0.02225  1.64501e-02 | 36 -0.24696  4.51048e-04
 37  0.21400  2.11921e-01 | 38  0.20415  5.36137e-02 | 39  0.21732  4.67614e-02
 40  0.20773  2.94486e-01 | 41 -0.09814 -4.66014e-01 | 42 -0.53066  8.76502e-01
 43  0.99996 -4.16169e-03 | 44 -0.69634 -1.96995e-02 | 45  1.00004  2.66689e-02
 46 -1.00247 -7.25018e-03 | 47  0.20801 -9.12823e-03 | 48 -0.47990 -2.84374e-03
 49 -0.07431 -8.56383e-03 | 50 -0.07158 -6.73083e-01 | 51 -0.38283  1.27133e-02
 52 -0.72247  4.06777e-01 |
52 variables; iteration 140; function evaluation 177; phase 3
Function value 2.8815555e+03; maximum gradient component mag 4.0543e-01
Var    Value     Gradient |Var    Value     Gradient |Var    Value     Gradient
  1  0.09053  1.46441e-02 |  2 -0.01795  1.96764e-03 |  3  0.02399  8.44054e-04
  4 -0.01180 -1.44331e-04 |  5 -0.12850  1.22597e-04 |  6 -0.01202 -1.42679e-04
  7 -0.09738 -6.32404e-04 |  8 -0.06860 -5.16258e-04 |  9  0.00271  5.18078e-04
 10  0.11619 -4.05686e-04 | 11 -0.04475  1.09608e-03 | 12  0.03815 -8.35614e-04
 13  0.00532 -3.10830e-03 | 14  0.05182 -8.98858e-04 | 15  0.00162 -1.51410e-03
 16 -0.04237 -1.80643e-03 | 17  0.00234 -1.56489e-03 | 18  0.08884  4.53691e-04
 19  0.15201  3.98621e-04 | 20 -0.00791  1.54465e-03 | 21 -0.00168  2.12608e-03
 22 -0.05160 -1.05921e-03 | 23 -0.06037 -1.79062e-03 | 24  0.03937  6.99395e-04
 25  0.03280  6.09113e-04 | 26  0.01255 -2.89673e-04 | 27  0.04803  2.38813e-03
 28  0.04106 -3.34476e-04 | 29  0.03870  3.25618e-03 | 30  0.02854  7.62739e-04
 31  0.06895  2.22895e-03 | 32  0.08866  5.96358e-03 | 33 -0.05117  1.03027e-03
 34 -0.06575  3.70408e-04 | 35  0.02225  6.03301e-03 | 36 -0.24696  1.07134e-03
 37  0.21400  3.93924e-02 | 38  0.20415  9.44110e-03 | 39  0.21731  8.04566e-03
 40  0.20773  5.51884e-02 | 41 -0.09036 -2.32525e-01 | 42 -0.55065  4.05430e-01
 43  0.99997 -1.30837e-04 | 44 -0.69632 -4.69176e-03 | 45  0.99999 -5.40636e-04
 46 -1.00242 -1.53934e-03 | 47  0.20801 -8.81690e-04 | 48 -0.47990 -1.41266e-03
 49 -0.07965 -4.40720e-03 | 50 -0.07690 -3.34877e-01 | 51 -0.36205  6.58020e-03
 52 -0.68393  2.18240e-01 |
52 variables; iteration 160; function evaluation 202; phase 3
Function value 2.8815553e+03; maximum gradient component mag 7.4098e-02
Var    Value     Gradient |Var    Value     Gradient |Var    Value     Gradient
  1  0.09053  1.21778e-02 |  2 -0.01795  2.87241e-04 |  3  0.02399  5.90209e-05
  4 -0.01180 -1.77318e-04 |  5 -0.12850 -1.59670e-04 |  6 -0.01202 -2.31909e-04
  7 -0.09738 -4.05500e-04 |  8 -0.06860 -3.21702e-04 |  9  0.00271 -7.04646e-05
 10  0.11619 -1.70038e-04 | 11 -0.04475  1.49144e-04 | 12  0.03815 -1.84723e-04
 13  0.00532 -7.14072e-04 | 14  0.05182 -3.98688e-04 | 15  0.00162 -4.01468e-04
 16 -0.04237 -4.67217e-04 | 17  0.00234 -2.19610e-04 | 18  0.08884  1.58155e-04
 19  0.15201 -6.35939e-04 | 20 -0.00791  2.75121e-04 | 21 -0.00168  5.46320e-04
 22 -0.05160 -2.54584e-04 | 23 -0.06037 -3.08358e-04 | 24  0.03937  3.27449e-04
 25  0.03280  3.77655e-04 | 26  0.01255  7.54194e-04 | 27  0.04803  9.65076e-04
 28  0.04106 -5.50310e-05 | 29  0.03870  7.80550e-04 | 30  0.02854  1.42033e-04
 31  0.06895  4.56168e-04 | 32  0.08866  1.17522e-03 | 33 -0.05117  1.44936e-04
 34 -0.06575 -9.16780e-05 | 35  0.02225  1.10117e-03 | 36 -0.24696 -2.54929e-04
 37  0.21400  1.19183e-02 | 38  0.20415  2.89841e-03 | 39  0.21731  2.90024e-03
 40  0.20773  1.68774e-02 | 41 -0.07425 -4.07062e-02 | 42 -0.57127  7.40981e-02
 43  0.99997 -6.53714e-05 | 44 -0.69632 -1.53050e-03 | 45  0.99999 -7.62924e-04
 46 -1.00241 -4.50179e-04 | 47  0.20801 -8.77162e-04 | 48 -0.47990  1.09964e-03
 49 -0.09073 -4.03425e-04 | 50 -0.08798 -5.89961e-02 | 51 -0.34182  1.45743e-03
 52 -0.64950  4.27301e-02 |
52 variables; iteration 180; function evaluation 229; phase 3
Function value 2.8815552e+03; maximum gradient component mag 3.0270e-01
Var    Value     Gradient |Var    Value     Gradient |Var    Value     Gradient
  1  0.09053 -2.81137e-02 |  2 -0.01795  5.76627e-04 |  3  0.02399  3.86162e-05
  4 -0.01180  2.35383e-04 |  5 -0.12850  3.98104e-04 |  6 -0.01202  7.87886e-06
  7 -0.09738  3.61775e-04 |  8 -0.06860  4.81359e-04 |  9  0.00271  3.27001e-04
 10  0.11619 -1.46414e-04 | 11 -0.04475  2.21120e-04 | 12  0.03815 -5.59421e-04
 13  0.00532 -2.17262e-03 | 14  0.05182 -2.99617e-04 | 15  0.00162 -8.54123e-04
 16 -0.04237 -1.74050e-03 | 17  0.00234 -1.12633e-03 | 18  0.08884  6.22150e-04
 19  0.15201  2.31478e-03 | 20 -0.00791 -4.61240e-04 | 21 -0.00168 -1.39244e-04
 22 -0.05160 -1.04014e-03 | 23 -0.06037 -1.74376e-03 | 24  0.03937  5.05312e-04
 25  0.03280 -2.15621e-04 | 26  0.01255 -9.71159e-04 | 27  0.04803  4.11692e-04
 28  0.04106 -9.38424e-05 | 29  0.03870  7.35239e-04 | 30  0.02854 -9.25306e-04
 31  0.06895  5.16602e-04 | 32  0.08866  1.21376e-03 | 33 -0.05117 -6.96500e-04
 34 -0.06575 -1.07364e-03 | 35  0.02225  4.12179e-03 | 36 -0.24695  1.10673e-03
 37  0.21400  3.86054e-03 | 38  0.20415  1.14630e-03 | 39  0.21731  8.29694e-04
 40  0.20773  7.37324e-03 | 41 -0.05200 -1.82709e-01 | 42 -0.59236  3.02697e-01
 43  0.99997 -2.89277e-05 | 44 -0.69632 -5.99875e-04 | 45  0.99999 -1.94280e-04
 46 -1.00241 -1.81895e-04 | 47  0.20801  1.57329e-04 | 48 -0.47990 -1.41619e-04
 49 -0.10613 -5.29217e-03 | 50 -0.10337 -2.58517e-01 | 51 -0.32232  6.85669e-03
 52 -0.61841  2.10660e-01 |
52 variables; iteration 200; function evaluation 256; phase 3
Function value 2.8815552e+03; maximum gradient component mag 1.9551e-01
Var    Value     Gradient |Var    Value     Gradient |Var    Value     Gradient
  1  0.09053 -2.11978e-02 |  2 -0.01795  2.63080e-04 |  3  0.02399 -8.16419e-05
  4 -0.01180  1.26535e-04 |  5 -0.12850  2.11768e-04 |  6 -0.01202 -4.32809e-05
  7 -0.09738  2.57247e-04 |  8 -0.06860  4.02770e-04 |  9  0.00271  2.13597e-04
 10  0.11619 -8.08792e-05 | 11 -0.04475  2.65107e-05 | 12  0.03815 -3.53103e-04
 13  0.00532 -1.42111e-03 | 14  0.05182 -1.66007e-04 | 15  0.00162 -5.48183e-04
 16 -0.04237 -1.26113e-03 | 17  0.00234 -7.70177e-04 | 18  0.08884  4.21674e-04
 19  0.15201  1.75197e-03 | 20 -0.00791 -5.76919e-04 | 21 -0.00168 -2.48553e-04
 22 -0.05160 -7.35940e-04 | 23 -0.06037 -1.19332e-03 | 24  0.03937  3.32527e-04
 25  0.03280 -2.87315e-04 | 26  0.01255 -7.44608e-04 | 27  0.04803  1.11442e-04
 28  0.04106 -4.81488e-05 | 29  0.03870  3.31487e-04 | 30  0.02854 -8.08149e-04
 31  0.06895  2.74307e-04 | 32  0.08866  5.43297e-04 | 33 -0.05117 -5.95989e-04
 34 -0.06575 -8.65270e-04 | 35  0.02225  2.65598e-03 | 36 -0.24695  6.94147e-04
 37  0.21400  6.66343e-04 | 38  0.20415  4.02498e-04 | 39  0.21731  6.38076e-05
 40  0.20773  2.01005e-03 | 41 -0.02909 -1.20990e-01 | 42 -0.61087  1.95510e-01
 43  0.99997 -1.20217e-05 | 44 -0.69632 -1.78661e-04 | 45  0.99999 -2.99631e-05
 46 -1.00241 -5.03628e-05 | 47  0.20801  1.16596e-04 | 48 -0.47990  1.46548e-05
 49 -0.12211 -3.88990e-03 | 50 -0.11934 -1.70191e-01 | 51 -0.30616  5.05554e-03
 52 -0.59387  1.49395e-01 |
52 variables; iteration 220; function evaluation 282; phase 3
Function value 2.8815552e+03; maximum gradient component mag -6.2123e-03
Var    Value     Gradient |Var    Value     Gradient |Var    Value     Gradient
  1  0.09053 -1.47362e-03 |  2 -0.01795 -1.25198e-04 |  3  0.02399 -1.14398e-04
  4 -0.01180 -1.05134e-04 |  5 -0.12850 -1.64749e-04 |  6 -0.01202 -7.98602e-05
  7 -0.09738 -7.96122e-05 |  8 -0.06860  3.52636e-05 |  9  0.00271  1.50547e-05
 10  0.11619  1.03137e-05 | 11 -0.04475 -1.54545e-04 | 12  0.03815 -7.90347e-05
 13  0.00532 -1.53802e-04 | 14  0.05182 -7.14723e-05 | 15  0.00162 -3.56993e-05
 16 -0.04237 -1.81812e-04 | 17  0.00234 -6.69822e-05 | 18  0.08884 -3.63485e-05
 19  0.15201  8.26000e-05 | 20 -0.00791 -3.59343e-04 | 21 -0.00168 -4.24295e-05
 22 -0.05160 -8.33054e-05 | 23 -0.06037 -2.24487e-05 | 24  0.03937 -7.73548e-05
 25  0.03280 -2.05335e-04 | 26  0.01255 -1.22754e-04 | 27  0.04803 -1.61907e-04
 28  0.04106 -3.12168e-06 | 29  0.03870 -9.97263e-05 | 30  0.02854 -2.04206e-04
 31  0.06895 -4.12979e-06 | 32  0.08866 -1.57649e-04 | 33 -0.05117 -1.03005e-04
 34 -0.06575 -1.39240e-04 | 35  0.02225 -3.46484e-06 | 36 -0.24695 -9.93550e-05
 37  0.21400  1.91373e-04 | 38  0.20415  1.56869e-04 | 39  0.21731 -1.55120e-04
 40  0.20773 -6.75008e-04 | 41 -0.01226 -3.74862e-03 | 42 -0.62350  4.59625e-03
 43  0.99997 -1.05338e-05 | 44 -0.69632 -1.24246e-04 | 45  0.99999  2.99827e-06
 46 -1.00241 -2.80013e-05 | 47  0.20801 -2.12869e-04 | 48 -0.47990  2.18753e-04
 49 -0.13391 -3.67277e-04 | 50 -0.13113 -6.21232e-03 | 51 -0.29564  1.11528e-04
 52 -0.57839  2.60482e-03 |
52 variables; iteration 240; function evaluation 305; phase 3
Function value 2.8815552e+03; maximum gradient component mag -3.5594e-02
Var    Value     Gradient |Var    Value     Gradient |Var    Value     Gradient
  1  0.09053 -7.86030e-03 |  2 -0.01795 -2.18323e-04 |  3  0.02399 -1.39807e-04
  4 -0.01180 -9.50868e-05 |  5 -0.12850 -1.46218e-04 |  6 -0.01202  2.30506e-04
  7 -0.09738  1.18748e-04 |  8 -0.06860 -8.45474e-06 |  9  0.00271 -4.89190e-05
 10  0.11619 -1.56849e-04 | 11 -0.04475 -1.50159e-04 | 12  0.03815 -1.33301e-04
 13  0.00532 -2.39640e-04 | 14  0.05182 -1.50853e-04 | 15  0.00162 -5.60662e-05
 16 -0.04237 -4.00076e-04 | 17  0.00234 -6.31717e-05 | 18  0.08884  1.30835e-04
 19  0.15201  5.50291e-05 | 20 -0.00791 -4.64728e-04 | 21 -0.00168 -1.01873e-04
 22 -0.05160 -2.61193e-04 | 23 -0.06037 -3.29176e-04 | 24  0.03937 -1.42356e-04
 25  0.03280 -2.26899e-04 | 26  0.01255 -3.44927e-04 | 27  0.04803  5.96437e-05
 28  0.04106  7.10777e-05 | 29  0.03870 -2.37768e-05 | 30  0.02854 -2.97947e-04
 31  0.06895  1.20098e-04 | 32  0.08866 -1.18438e-04 | 33 -0.05117 -4.28494e-05
 34 -0.06575  1.12545e-04 | 35  0.02225  4.31863e-04 | 36 -0.24695  1.23218e-04
 37  0.21400 -1.47740e-03 | 38  0.20415  7.31205e-04 | 39  0.21731 -3.14996e-04
 40  0.20773 -1.10987e-03 | 41 -0.00560 -2.53016e-02 | 42 -0.62885  3.19289e-02
 43  0.99997 -1.61095e-05 | 44 -0.69632 -1.26229e-04 | 45  0.99999  4.80123e-05
 46 -1.00241 -3.14590e-05 | 47  0.20801 -8.45167e-05 | 48 -0.47990 -6.80906e-05
 49 -0.13859 -1.71032e-03 | 50 -0.13581 -3.55944e-02 | 51 -0.29129  1.21909e-03
 52 -0.57210  2.57508e-02 |
52 variables; iteration 260; function evaluation 330; phase 3
Function value 2.8815551e+03; maximum gradient component mag 1.7133e-01
Var    Value     Gradient |Var    Value     Gradient |Var    Value     Gradient
  1  0.09052  1.15984e-01 |  2 -0.01795  1.54414e-03 |  3  0.02399  1.09704e-03
  4 -0.01180  1.13055e-03 |  5 -0.12850 -2.09579e-03 |  6 -0.01202 -1.63312e-03
  7 -0.09738 -3.28178e-03 |  8 -0.06860  1.16811e-03 |  9  0.00271  3.26698e-04
 10  0.11619  2.50477e-03 | 11 -0.04475  1.26545e-03 | 12  0.03815  2.17077e-03
 13  0.00532 -2.81836e-03 | 14  0.05182  1.59176e-03 | 15  0.00162 -6.84778e-04
 16 -0.04237 -2.46562e-03 | 17  0.00234 -1.90226e-03 | 18  0.08884 -6.04236e-04
 19  0.15201  5.49749e-03 | 20 -0.00791 -8.97930e-05 | 21 -0.00168  1.42183e-03
 22 -0.05160 -2.00528e-03 | 23 -0.06036 -5.26306e-05 | 24  0.03937  4.02354e-03
 25  0.03280  1.64768e-03 | 26  0.01255  5.34605e-03 | 27  0.04803  1.83660e-03
 28  0.04106 -1.18445e-03 | 29  0.03870  5.61818e-03 | 30  0.02854  7.14433e-04
 31  0.06895  8.24095e-04 | 32  0.08866  8.05465e-03 | 33 -0.05117 -1.78988e-04
 34 -0.06575 -1.75218e-03 | 35  0.02225  7.37497e-04 | 36 -0.24696 -2.62266e-03
 37  0.21400  2.30444e-02 | 38  0.20415 -1.43640e-02 | 39  0.21731  9.12462e-03
 40  0.20773  4.59277e-02 | 41 -0.03291  7.89593e-02 | 42 -0.64776  1.71326e-01
 43  0.99997  2.81838e-04 | 44 -0.69632 -1.98353e-03 | 45  0.99999 -1.48356e-03
 46 -1.00242 -7.64703e-04 | 47  0.20801  4.36787e-03 | 48 -0.47990  2.29330e-03
 49 -0.11943  2.15389e-02 | 50 -0.11666  9.05751e-02 | 51 -0.27648 -9.90236e-04
 52 -0.55107  1.61763e-01 |
52 variables; iteration 280; function evaluation 353; phase 3
Function value 2.8815551e+03; maximum gradient component mag -7.4527e-03
Var    Value     Gradient |Var    Value     Gradient |Var    Value     Gradient
  1  0.09053 -1.07518e-03 |  2 -0.01795  1.44294e-05 |  3  0.02399 -2.88800e-05
  4 -0.01180 -9.27029e-06 |  5 -0.12850  6.09721e-06 |  6 -0.01202  2.33447e-06
  7 -0.09738  1.97739e-05 |  8 -0.06860  1.49782e-05 |  9  0.00271  8.06658e-06
 10  0.11619 -6.01773e-05 | 11 -0.04475  1.77782e-05 | 12  0.03815 -4.08653e-05
 13  0.00532  2.75653e-05 | 14  0.05182 -8.32719e-05 | 15  0.00162  1.24173e-05
 16 -0.04237  4.67468e-05 | 17  0.00234  5.40197e-05 | 18  0.08884 -2.22187e-05
 19  0.15201 -1.75980e-04 | 20 -0.00791  2.98633e-05 | 21 -0.00168  5.08420e-05
 22 -0.05160  3.19750e-05 | 23 -0.06037  7.81348e-05 | 24  0.03937 -6.54941e-05
 25  0.03280 -1.83403e-05 | 26  0.01255  4.33492e-05 | 27  0.04803 -1.67527e-05
 28  0.04106 -2.64340e-05 | 29  0.03870  1.65144e-05 | 30  0.02854  5.30243e-05
 31  0.06895 -1.50487e-05 | 32  0.08866 -6.53218e-05 | 33 -0.05117  5.33931e-05
 34 -0.06575  9.85166e-05 | 35  0.02225 -1.41804e-05 | 36 -0.24695 -1.84326e-05
 37  0.21400  1.36270e-04 | 38  0.20415 -5.91887e-05 | 39  0.21731  5.94112e-05
 40  0.20773  3.95382e-04 | 41 -0.08059  7.73692e-04 | 42 -0.66022 -7.45272e-03
 43  0.99997 -2.66499e-06 | 44 -0.69632 -7.07837e-05 | 45  0.99999 -2.40206e-05
 46 -1.00241 -2.32079e-05 | 47  0.20801 -8.54841e-05 | 48 -0.47990  7.01008e-05
 49 -0.08636 -4.10046e-04 | 50 -0.08362  1.27206e-03 | 51 -0.26719 -1.32238e-04
 52 -0.53819 -6.58822e-03 |
52 variables; iteration 300; function evaluation 384; phase 3
Function value 2.8815551e+03; maximum gradient component mag 1.3988e-02
Var    Value     Gradient |Var    Value     Gradient |Var    Value     Gradient
  1  0.09053  5.42475e-03 |  2 -0.01795  3.86629e-04 |  3  0.02399  2.22875e-04
  4 -0.01180  1.25552e-04 |  5 -0.12850  4.51079e-05 |  6 -0.01202  4.43948e-05
  7 -0.09738  1.37983e-05 |  8 -0.06860  1.15000e-04 |  9  0.00271  1.89697e-04
 10  0.11619  1.74255e-04 | 11 -0.04475  2.61368e-04 | 12  0.03815  7.18234e-05
 13  0.00532  7.52153e-05 | 14  0.05182  2.72168e-04 | 15  0.00162  2.45079e-05
 16 -0.04237  1.69067e-04 | 17  0.00234 -1.17146e-04 | 18  0.08884 -7.87466e-06
 19  0.15201  4.53703e-04 | 20 -0.00791  3.36703e-04 | 21 -0.00168  3.81553e-04
 22 -0.05160  9.71985e-06 | 23 -0.06037 -8.61815e-06 | 24  0.03937  8.21094e-05
 25  0.03280  1.23461e-04 | 26  0.01254 -3.82688e-04 | 27  0.04803  2.01713e-04
 28  0.04106  2.29003e-04 | 29  0.03870  4.47989e-04 | 30  0.02854  3.53286e-04
 31  0.06895  5.33423e-04 | 32  0.08866  1.14580e-03 | 33 -0.05117  4.06958e-04
 34 -0.06575  3.47938e-04 | 35  0.02225  3.81101e-04 | 36 -0.24695  3.13088e-04
 37  0.21400  5.39461e-03 | 38  0.20415  6.04991e-04 | 39  0.21731  4.67290e-04
 40  0.20773  5.72045e-03 | 41 -0.10609 -8.07141e-03 | 42 -0.65143  1.39882e-02
 43  0.99997 -1.89140e-05 | 44 -0.69632 -4.12906e-04 | 45  0.99999 -1.34824e-04
 46 -1.00241 -1.58508e-04 | 47  0.20801  3.16109e-04 | 48 -0.47990 -9.21342e-04
 49 -0.06889 -2.63441e-04 | 50 -0.06615 -1.14712e-02 | 51 -0.27371  8.09401e-04
 52 -0.54721  1.30244e-02 |
52 variables; iteration 320; function evaluation 407; phase 3
Function value 2.8815551e+03; maximum gradient component mag -1.0160e-02
Var    Value     Gradient |Var    Value     Gradient |Var    Value     Gradient
  1  0.09053 -4.85770e-03 |  2 -0.01795  1.35030e-04 |  3  0.02399  1.61338e-06
  4 -0.01180  8.69696e-05 |  5 -0.12850  1.57254e-04 |  6 -0.01202  5.80147e-05
  7 -0.09738  1.52445e-04 |  8 -0.06860  1.55375e-04 |  9  0.00271  9.77866e-05
 10  0.11619 -5.45196e-05 | 11 -0.04475  1.19782e-04 | 12  0.03815 -3.18607e-05
 13  0.00532  5.74031e-05 | 14  0.05182 -1.31329e-05 | 15  0.00162  5.12964e-05
 16 -0.04237  9.63339e-05 | 17  0.00234  9.17727e-05 | 18  0.08884  5.39777e-05
 19  0.15201  5.28065e-05 | 20 -0.00791  1.26493e-04 | 21 -0.00168  4.37421e-05
 22 -0.05160  4.71904e-05 | 23 -0.06037  5.56729e-05 | 24  0.03937 -2.17728e-05
 25  0.03280 -8.57181e-06 | 26  0.01255 -4.52261e-05 | 27  0.04803  2.20511e-05
 28  0.04106  3.70153e-05 | 29  0.03870  6.60693e-05 | 30  0.02854  6.75418e-05
 31  0.06895  2.84533e-05 | 32  0.08866 -5.92256e-05 | 33 -0.05117  6.97247e-05
 34 -0.06575  1.40581e-04 | 35  0.02225  2.07176e-04 | 36 -0.24695  1.50843e-04
 37  0.21400 -6.41379e-04 | 38  0.20415 -3.10527e-04 | 39  0.21731 -1.27887e-04
 40  0.20773 -4.41818e-04 | 41 -0.09635 -7.70011e-03 | 42 -0.64754  1.91312e-03
 43  0.99997  1.85476e-06 | 44 -0.69632  1.46753e-04 | 45  0.99999  1.74415e-05
 46 -1.00241  2.33193e-05 | 47  0.20801 -2.00261e-05 | 48 -0.47990 -6.25657e-05
 49 -0.07554 -1.13043e-03 | 50 -0.07280 -1.01598e-02 | 51 -0.27665  2.62275e-04
 52 -0.55132  1.64480e-03 |
Warning: the following parameters had issues
  selparm[3] is within 0.1% of upper bound: -3.00000e+00 < 1.50000e+01 < 1.50000e+01
  selparm[5] is within 0.1% of upper bound: -1.00000e+00 < 1.50000e+01 < 1.50000e+01
  selparm[6] is within 0.1% of lower bound: -1.00000e+00 < -9.99925e-01 < 2.00000e+01


 - final statistics:
52 variables; iteration 334; function evaluation 422
Function value 2.8816e+03; maximum gradient component mag 3.0477e-05
Exit code = 1;  converg criter 1.0000e-04
Var    Value     Gradient |Var    Value     Gradient |Var    Value     Gradient
  1  0.09053  2.37211e-05 |  2 -0.01795  2.16438e-06 |  3  0.02399  8.45130e-07
  4 -0.01180  6.63642e-07 |  5 -0.12850  1.18141e-06 |  6 -0.01202  6.47326e-07
  7 -0.09738  5.08736e-07 |  8 -0.06860  8.81011e-07 |  9  0.00271  9.87461e-07
 10  0.11619  4.25788e-07 | 11 -0.04475  1.96386e-06 | 12  0.03815  7.05100e-07
 13  0.00532  9.77436e-07 | 14  0.05182  1.20529e-06 | 15  0.00162  9.28037e-07
 16 -0.04237  1.39909e-06 | 17  0.00234  1.46929e-06 | 18  0.08884  1.30691e-06
 19  0.15201  3.66515e-08 | 20 -0.00791  2.73649e-06 | 21 -0.00168  2.03426e-06
 22 -0.05160  5.39003e-07 | 23 -0.06037  8.74938e-07 | 24  0.03937  1.78198e-06
 25  0.03280  1.95687e-06 | 26  0.01255  2.19263e-06 | 27  0.04803  3.93096e-06
 28  0.04106  1.73608e-06 | 29  0.03870  2.50702e-06 | 30  0.02854  2.00606e-06
 31  0.06895  2.26841e-06 | 32  0.08866  2.97214e-06 | 33 -0.05117  1.79993e-06
 34 -0.06575  2.13328e-06 | 35  0.02225  1.36135e-06 | 36 -0.24695  7.78677e-07
 37  0.21400  1.81277e-05 | 38  0.20415  6.39141e-06 | 39  0.21731  4.29221e-06
 40  0.20773  3.04770e-05 | 41 -0.09878 -1.33508e-05 | 42 -0.64686  5.20646e-06
 43  0.99997 -1.54131e-07 | 44 -0.69632  9.25662e-07 | 45  0.99999 -4.94465e-07
 46 -1.00241 -2.48024e-07 | 47  0.20801 -2.47952e-06 | 48 -0.47990  3.45089e-07
 49 -0.07388 -3.83127e-06 | 50 -0.07114 -1.56609e-05 | 51 -0.27718  2.34126e-07
 52 -0.55205  4.67373e-06 |
Estimating row 1 out of 52 for hessian
Estimating row 2 out of 52 for hessian
Estimating row 3 out of 52 for hessian
Estimating row 4 out of 52 for hessian
Estimating row 5 out of 52 for hessian
Estimating row 6 out of 52 for hessian
Estimating row 7 out of 52 for hessian
Estimating row 8 out of 52 for hessian
Estimating row 9 out of 52 for hessian
Estimating row 10 out of 52 for hessian
Estimating row 11 out of 52 for hessian
Estimating row 12 out of 52 for hessian
Estimating row 13 out of 52 for hessian
Estimating row 14 out of 52 for hessian
Estimating row 15 out of 52 for hessian
Estimating row 16 out of 52 for hessian
Estimating row 17 out of 52 for hessian
Estimating row 18 out of 52 for hessian
Estimating row 19 out of 52 for hessian
Estimating row 20 out of 52 for hessian
Estimating row 21 out of 52 for hessian
Estimating row 22 out of 52 for hessian
Estimating row 23 out of 52 for hessian
Estimating row 24 out of 52 for hessian
Estimating row 25 out of 52 for hessian
Estimating row 26 out of 52 for hessian
Estimating row 27 out of 52 for hessian
Estimating row 28 out of 52 for hessian
Estimating row 29 out of 52 for hessian
Estimating row 30 out of 52 for hessian
Estimating row 31 out of 52 for hessian
Estimating row 32 out of 52 for hessian
Estimating row 33 out of 52 for hessian
Estimating row 34 out of 52 for hessian
Estimating row 35 out of 52 for hessian
Estimating row 36 out of 52 for hessian
Estimating row 37 out of 52 for hessian
Estimating row 38 out of 52 for hessian
Estimating row 39 out of 52 for hessian
Estimating row 40 out of 52 for hessian
Estimating row 41 out of 52 for hessian
Estimating row 42 out of 52 for hessian
Estimating row 43 out of 52 for hessian
Estimating row 44 out of 52 for hessian
Estimating row 45 out of 52 for hessian
Estimating row 46 out of 52 for hessian
Estimating row 47 out of 52 for hessian
Estimating row 48 out of 52 for hessian
Estimating row 49 out of 52 for hessian
Estimating row 50 out of 52 for hessian
Estimating row 51 out of 52 for hessian
Estimating row 52 out of 52 for hessian
size of file gradfil1.tmp = 0
size of file gradfil2.tmp = 0
size of file varssave.tmp = 0
size of file cmpdiff.tmp = 0
