
Initial statistics: 36 variables; iteration 0; function evaluation 0; phase 1
Function value 1.5770300e+04; maximum gradient component mag -1.2338e+05
Var    Value     Gradient |Var    Value     Gradient |Var    Value     Gradient
  1 -0.00513 -1.23385e+05 |  2 -0.04333  1.03167e+03 |  3  0.04918  8.21310e+02
  4 -0.04987  1.15365e+03 |  5 -0.11306  1.45076e+03 |  6 -0.00478  1.36051e+03
  7 -0.13616  1.62033e+03 |  8 -0.02756  1.60436e+03 |  9 -0.02935  1.26183e+03
 10  0.11627  3.87973e+02 | 11 -0.06115  7.95531e+02 | 12  0.03476  1.36074e+03
 13  0.01864  1.78008e+02 | 14  0.05402 -6.07428e+02 | 15  0.00340  4.73868e+02
 16 -0.01681 -1.96344e+03 | 17 -0.03411 -1.68896e+03 | 18  0.02030 -3.66786e+02
 19  0.09788 -7.77077e+01 | 20 -0.00375  1.58786e+02 | 21 -0.14972  3.66077e+02
 22 -0.01792  2.61131e+02 | 23  0.02101  3.21414e+02 | 24  0.05475 -3.32967e+02
 25 -0.02398 -5.02705e+02 | 26  0.05180 -1.64056e+03 | 27  0.06762 -3.48836e+03
 28  0.05000 -2.05165e+03 | 29 -0.00171  2.22382e+02 | 30 -0.04002 -5.33713e+02
 31  0.08702 -8.98139e+02 | 32  0.07443 -1.37419e+03 | 33 -0.01956  2.19813e+02
 34  0.01499 -1.90406e+02 | 35 -0.00012 -8.81811e+02 | 36 -0.04450  1.50824e+03

Intermediate statistics: 36 variables; iteration 20; function evaluation 30; phase 1
Function value 1.0771622e+04; maximum gradient component mag 1.0671e+04
Var    Value     Gradient |Var    Value     Gradient |Var    Value     Gradient
  1  0.08540  1.06709e+04 |  2 -0.09541  3.69703e+01 |  3 -0.08833  7.39557e+01
  4 -0.14156  5.17647e+01 |  5 -0.27309  5.41600e+01 |  6 -0.14571  4.56513e+01
  7 -0.23430  8.26784e+01 |  8 -0.16231  1.01398e+02 |  9 -0.05903  1.57994e+02
 10  0.07171  3.77570e+02 | 11 -0.12398  4.55504e+01 | 12  0.00320  1.44087e+02
 13  0.05873  1.57591e+02 | 14  0.28990  4.43161e+02 | 15  0.44595  6.27085e+02
 16  0.43015  7.99577e+02 | 17 -0.03665  1.59406e+02 | 18  0.27851  2.56627e+02
 19  0.02596 -9.91533e+01 | 20 -0.08269  1.54820e+02 | 21  0.18632  4.19249e+02
 22 -0.03754  2.48631e+02 | 23  0.02026  1.87405e+02 | 24  0.01286 -1.12825e+02
 25 -0.04411  4.21571e+01 | 26  0.20809 -2.19710e+00 | 27 -0.32663 -3.05959e+02
 28  0.01717 -5.15468e+01 | 29  0.22303  1.05454e+03 | 30  0.00490  3.69591e+02
 31 -0.03300  1.77892e+01 | 32  0.06733  1.85836e+02 | 33  0.18055  1.03083e+03
 34  0.11000  6.29713e+02 | 35  0.19942  5.63719e+02 | 36 -1.00327  1.26809e-01
36 variables; iteration 40; function evaluation 62; phase 1
Function value 1.0155869e+04; maximum gradient component mag -3.7309e+03
Var    Value     Gradient |Var    Value     Gradient |Var    Value     Gradient
  1  0.05988 -3.73087e+03 |  2 -0.05325  8.59775e+01 |  3 -0.01653  1.51594e+02
  4 -0.08215  8.65777e+01 |  5 -0.15791  1.73745e+02 |  6 -0.09073  9.10043e+01
  7 -0.15899  1.36843e+02 |  8 -0.12321  1.16995e+02 |  9 -0.06375  8.46025e+01
 10  0.08710  3.04983e+02 | 11 -0.06978  1.41979e+02 | 12 -0.01058  1.13556e+02
 13  0.08032  4.99725e+01 | 14  0.12468  1.56468e+02 | 15  0.12868  2.42257e+02
 16  0.12472 -4.92643e+01 | 17  0.01321 -3.03324e+02 | 18  0.20212  8.11170e+01
 19  0.07336  4.61821e+01 | 20 -0.03842  5.75344e+01 | 21 -0.00227  6.09294e+01
 22 -0.00701  4.11043e+01 | 23  0.04785  3.43341e+01 | 24  0.08551  1.36147e+02
 25 -0.00731  3.31117e+01 | 26  0.25891  1.35967e+00 | 27 -0.32364 -2.32393e+02
 28  0.07291  1.75016e+01 | 29  0.06010 -2.04269e+01 | 30  0.03048  2.93338e+01
 31  0.02099  6.01070e+01 | 32  0.11387 -1.65076e+01 | 33  0.06833 -9.78907e+01
 34  0.06385  1.21312e+02 | 35  0.17659  5.06984e+00 | 36 -1.28150  1.46803e+01
36 variables; iteration 60; function evaluation 84; phase 1
Function value 9.9775259e+03; maximum gradient component mag -8.9616e+02
Var    Value     Gradient |Var    Value     Gradient |Var    Value     Gradient
  1  0.07558 -7.33801e+02 |  2 -0.11230 -3.32825e+02 |  3 -0.05830 -2.34009e+02
  4 -0.10595 -2.53098e+02 |  5 -0.23076 -2.54407e+02 |  6 -0.05987 -1.88454e+02
  7 -0.13124 -2.20489e+02 |  8 -0.07566 -1.94714e+02 |  9 -0.00235 -1.32815e+02
 10  0.11056  1.45291e+02 | 11 -0.10116 -2.72787e+02 | 12 -0.03101 -2.88728e+02
 13  0.06105 -1.78026e+02 | 14  0.07005 -3.34862e+02 | 15  0.14167 -2.49307e+01
 16  0.14889 -1.66764e+02 | 17 -0.01021 -4.28216e+02 | 18  0.19269 -2.66973e+02
 19 -0.06766 -8.96160e+02 | 20 -0.07076 -3.39866e+02 | 21 -0.03683 -2.25079e+02
 22 -0.01074 -5.60443e+01 | 23  0.02542 -1.56255e+02 | 24  0.04541 -1.81121e+02
 25  0.00420 -5.90132e+01 | 26  0.08050  1.20399e+01 | 27  0.01501 -5.62161e+02
 28  0.04387 -4.74350e+01 | 29  0.00534 -5.30969e+02 | 30  0.00172 -2.43755e+02
 31 -0.01043 -1.91440e+02 | 32  0.08851 -2.91459e+02 | 33  0.01679 -5.38405e+02
 34  0.03043 -2.27579e+02 | 35  0.06914 -5.86480e+02 | 36 -1.69503  1.90193e+02

 - final statistics:
36 variables; iteration 72; function evaluation 96
Function value 9.8103e+03; maximum gradient component mag 5.2129e+00
Exit code = 1;  converg criter 1.0000e+01
Var    Value     Gradient |Var    Value     Gradient |Var    Value     Gradient
  1  0.06643  5.21293e+00 |  2 -0.05488 -1.72915e-01 |  3 -0.05193  5.27343e-01
  4 -0.10123 -6.59789e-01 |  5 -0.22423 -4.89507e-02 |  6 -0.11017  1.00172e-01
  7 -0.20655 -2.31360e-01 |  8 -0.15081 -1.28972e-01 |  9 -0.06591  1.05114e-01
 10  0.04670  1.18352e+00 | 11 -0.10640 -3.46248e-01 | 12 -0.04673 -2.56919e-01
 13  0.07243  7.40438e-02 | 14  0.10643 -1.35579e-01 | 15  0.07004  6.75692e-01
 16  0.15340 -2.26143e-01 | 17  0.03782  3.78380e-02 | 18  0.18927 -6.58863e-01
 19  0.12103 -6.37429e-02 | 20 -0.05916 -8.16252e-02 | 21 -0.01035 -2.89034e-01
 22 -0.01178 -3.60210e-01 | 23  0.04225  8.51531e-02 | 24  0.06581 -7.82963e-02
 25  0.00640 -7.83644e-02 | 26  0.08174 -1.29442e+00 | 27  0.07091 -1.43622e+00
 28  0.04773 -8.45526e-02 | 29  0.05679 -1.41057e-01 | 30  0.02369  2.57784e-01
 31  0.00793 -9.46161e-02 | 32  0.11496  7.72522e-01 | 33  0.07174 -8.08678e-01
 34  0.04667 -7.45940e-01 | 35  0.15313  3.02685e-01 | 36 -1.58081  6.54224e-01

Initial statistics: 46 variables; iteration 0; function evaluation 0; phase 2
Function value 9.8103113e+03; maximum gradient component mag -1.8189e+04
Var    Value     Gradient |Var    Value     Gradient |Var    Value     Gradient
  1  0.06643  5.21293e+00 |  2 -0.05487 -2.49839e-02 |  3 -0.05193  6.75333e-01
  4 -0.10123 -5.13180e-01 |  5 -0.22422  9.04172e-02 |  6 -0.11017  2.46437e-01
  7 -0.20655 -9.06245e-02 |  8 -0.15080  1.53644e-02 |  9 -0.06591  2.52802e-01
 10  0.04671  1.33160e+00 | 11 -0.10640 -1.99835e-01 | 12 -0.04672 -1.08836e-01
 13  0.07243  2.21567e-01 | 14  0.10644  1.08335e-02 | 15  0.07005  8.23277e-01
 16  0.15341 -8.19498e-02 | 17  0.03782  1.86059e-01 | 18  0.18927 -5.16893e-01
 19  0.12104  8.20645e-02 | 20 -0.05916  6.62169e-02 | 21 -0.01035 -1.40571e-01
 22 -0.01177 -2.11753e-01 | 23  0.04225  2.33309e-01 | 24  0.06581  6.93938e-02
 25  0.00640  7.01109e-02 | 26  0.08175 -1.14716e+00 | 27  0.07092 -1.28866e+00
 28  0.04774  6.35131e-02 | 29  0.05679  6.83538e-03 | 30  0.02369  4.06164e-01
 31  0.00794  5.38552e-02 | 32  0.11496  9.18590e-01 | 33  0.07174 -6.61137e-01
 34  0.04667 -5.97855e-01 | 35  0.15313  4.46892e-01 | 36 -0.41919 -5.36788e-01
 37  0.26154  1.33844e+04 | 38  0.28558  3.84671e+03 | 39  0.21384 -4.57786e+02
 40  0.20514 -1.14264e+03 | 41 -0.02672 -1.21505e+04 | 42 -0.88721  4.72188e+03
 43 -0.03386  7.28610e+02 | 44 -0.10053 -1.81895e+04 | 45 -0.23915 -7.31212e+02
 46 -0.85749  4.70603e+03 |

Intermediate statistics: 46 variables; iteration 20; function evaluation 27; phase 2
Function value 7.8074306e+03; maximum gradient component mag -1.4573e+04
Var    Value     Gradient |Var    Value     Gradient |Var    Value     Gradient
  1  0.00672 -1.45732e+04 |  2  0.06062  1.56363e+02 |  3  0.13987  1.08909e+02
  4 -0.20262 -3.33675e+01 |  5 -0.35660  1.48629e+02 |  6  0.13056  3.93091e+02
  7 -0.04636  2.97345e+02 |  8 -0.01781  2.81425e+02 |  9  0.10445  2.68990e+02
 10  0.06436 -8.48102e+01 | 11  0.14688  5.29679e+02 | 12  0.10563  3.56574e+02
 13  0.18957  5.04871e+02 | 14  0.27666  3.12290e+02 | 15 -0.35169  1.64693e+02
 16  0.26808  3.72726e+02 | 17 -1.48850 -1.24956e+02 | 18  0.31265  5.30918e+02
 19  0.15729 -1.64896e+02 | 20 -1.62690 -6.05896e+01 | 21 -0.00737 -2.48289e+02
 22 -0.01353  9.56541e+01 | 23  0.03874 -2.21845e+02 | 24  0.07698 -2.07109e+02
 25 -0.00015  1.84502e+02 | 26  0.19026  2.07197e+02 | 27  0.05750  2.19276e+02
 28  0.19294  6.66236e+02 | 29  0.11221  5.32643e+02 | 30  0.19405  5.61251e+02
 31 -0.30538  6.16662e+01 | 32  0.29469  3.58623e+01 | 33 -0.90587  2.11471e+01
 34  0.07697 -3.43347e+02 | 35  0.10672 -9.42983e+02 | 36 -0.41565  1.97732e+02
 37  0.27335  1.13377e+04 | 38  0.30958  1.77510e+03 | 39  0.26378  7.99521e+02
 40  0.22706 -1.34572e+03 | 41 -0.19799 -5.56783e+03 | 42 -0.84901  1.13174e+03
 43  0.47487  1.96945e+02 | 44  0.26449 -8.02840e+03 | 45  0.36297 -2.36938e+01
 46 -0.76675  1.32486e+03 |
46 variables; iteration 40; function evaluation 47; phase 2
Function value 7.6891204e+03; maximum gradient component mag -1.1048e+04
Var    Value     Gradient |Var    Value     Gradient |Var    Value     Gradient
  1  0.01183 -1.10479e+04 |  2  0.12567  2.32404e+02 |  3  0.11722  1.56476e+02
  4 -0.16206 -6.32305e+01 |  5 -0.25984  1.46037e+02 |  6  0.15717  3.11360e+02
  7  0.02895  2.92090e+02 |  8  0.04757  2.36421e+02 |  9  0.11807  1.68602e+02
 10  0.00217 -2.15979e+02 | 11  0.14424  3.89651e+02 | 12  0.04893  1.95382e+02
 13  0.17874  4.08761e+02 | 14  0.25854  1.98547e+02 | 15 -0.29430  1.00283e+02
 16  0.25990  3.01068e+02 | 17 -1.30816 -5.34748e+01 | 18  0.29831  4.11046e+02
 19  0.16262 -3.54514e+01 | 20 -1.61581 -9.77940e+00 | 21 -0.01422 -2.15330e+02
 22 -0.02443  4.49707e+01 | 23  0.03684 -1.61924e+02 | 24  0.06742 -2.59184e+02
 25 -0.02036  3.86027e+01 | 26  0.19493  2.23538e+02 | 27  0.03045  1.49452e+02
 28  0.16681  4.18136e+02 | 29  0.08145  3.45038e+02 | 30  0.18876  5.88636e+02
 31 -0.28654  1.45784e+01 | 32  0.28230  2.72347e+01 | 33 -1.00628 -6.52378e-01
 34  0.07540 -1.02393e+02 | 35  0.12206 -9.37120e+01 | 36 -0.44555  1.49426e+02
 37  0.26713  9.29950e+03 | 38  0.30948  1.76893e+03 | 39  0.25621  5.16418e+02
 40  0.22920 -6.35671e+02 | 41 -0.02365 -5.49855e+03 | 42 -0.85438  1.12957e+03
 43  0.65915  1.27881e+02 | 44  0.14856 -8.03033e+03 | 45  0.91354 -8.50843e+00
 46 -0.73012  1.58717e+03 |
46 variables; iteration 60; function evaluation 74; phase 2
Function value 6.0448863e+03; maximum gradient component mag -3.6022e+03
Var    Value     Gradient |Var    Value     Gradient |Var    Value     Gradient
  1  0.07354 -3.60222e+03 |  2 -0.03275 -3.49332e+01 |  3  0.01025 -2.02826e+01
  4 -0.07608 -1.07537e+02 |  5 -0.19154 -4.17362e+01 |  6 -0.02726  9.70853e+00
  7 -0.15238 -5.52574e+01 |  8 -0.12172 -6.72792e+01 |  9 -0.04170 -1.30306e+02
 10  0.04677 -4.12012e+02 | 11 -0.19277 -2.09830e+02 | 12  0.09515 -1.93091e+00
 13  0.13407  4.33756e+01 | 14  0.04755 -9.58279e+01 | 15 -0.32045 -1.69218e+02
 16  0.21061 -1.65123e+01 | 17 -2.04555  3.70509e+01 | 18  0.28300  8.63313e+01
 19  0.17677 -3.03962e+01 | 20 -2.05487 -1.76646e+02 | 21 -0.19663 -1.59505e+02
 22  0.08693  6.57805e+01 | 23 -0.07295 -1.18902e+02 | 24  0.06912 -5.82736e+01
 25 -0.11659 -1.35538e+02 | 26  0.11256 -2.82599e+02 | 27 -0.04153 -3.44161e+02
 28  0.05679 -1.91542e+02 | 29  0.03981 -1.58214e+02 | 30  0.04323 -8.50306e+01
 31  0.00185 -1.13901e+02 | 32  0.16564 -1.78838e+01 | 33 -2.07249 -7.88408e+01
 34  0.01085  4.38580e+01 | 35  0.02440 -3.97612e+01 | 36 -0.29663 -1.56363e+01
 37  0.21730  1.44818e+03 | 38  0.25574  6.81304e+02 | 39  0.21281  1.37490e+02
 40  0.20156 -1.40031e+03 | 41  0.14881 -1.63879e+02 | 42 -0.85623  2.35833e+01
 43 -0.24474 -1.75086e+02 | 44  0.26024 -5.15339e+01 | 45  2.06251 -1.27344e+02
 46 -0.80525 -1.43670e+01 |
46 variables; iteration 80; function evaluation 95; phase 2
Function value 5.7675541e+03; maximum gradient component mag -9.4905e+02
Var    Value     Gradient |Var    Value     Gradient |Var    Value     Gradient
  1  0.18956 -9.49052e+02 |  2 -0.05499 -2.67166e+01 |  3 -0.04529 -5.84984e+01
  4 -0.06314 -2.96317e+01 |  5 -0.17226 -1.21165e+01 |  6 -0.06693 -4.65173e+01
  7 -0.13245 -1.08594e+01 |  8 -0.09872 -1.41757e+01 |  9 -0.01303 -1.42904e+01
 10  0.13502  1.36230e+01 | 11  0.01849 -1.24520e+01 | 12  0.10845 -1.91698e+01
 13  0.10763 -3.91840e+01 | 14  0.09393 -1.57296e+01 | 15 -0.03469 -2.49156e+01
 16  0.16901 -1.99676e+01 | 17 -2.03653  2.59604e+01 | 18  0.24583 -4.53367e+01
 19  0.17473 -2.40276e+01 | 20 -1.96756  3.75334e+01 | 21 -0.02857  5.91942e+01
 22 -0.02754 -1.31539e+01 | 23 -0.02625  1.72710e+01 | 24  0.02740 -2.84612e+00
 25  0.05153  3.92895e+01 | 26 -0.00674 -5.09704e+01 | 27  0.01699 -7.13186e+01
 28 -0.03315 -6.11552e+01 | 29  0.01854 -6.55072e+01 | 30  0.02153 -4.09639e+00
 31  0.02849 -8.20434e+00 | 32  0.09260 -4.98993e+01 | 33 -1.99302  1.49420e+01
 34 -0.11226 -4.37710e+01 | 35 -0.07633 -5.74560e+01 | 36 -0.34647 -1.24208e+01
 37  0.15717 -3.59221e+02 | 38  0.20628 -2.71693e+02 | 39  0.15843 -8.70691e+01
 40  0.15646 -3.52328e+02 | 41  0.23175 -1.47677e+01 | 42 -0.81716  3.06931e+00
 43 -0.32679  2.82568e+01 | 44  0.17621 -5.33171e+01 | 45  2.20131  2.62840e+01
 46 -1.23554 -1.29872e+01 |
Maximum number of function evaluations exceeded

 - final statistics:
46 variables; iteration 86; function evaluation 100
Function value 5.7495e+03; maximum gradient component mag 2.3958e+02
Exit code = 3;  converg criter 1.0000e+01
Var    Value     Gradient |Var    Value     Gradient |Var    Value     Gradient
  1  0.23678 -2.98705e+01 |  2 -0.04359 -1.57249e+01 |  3 -0.00024 -1.12049e+01
  4 -0.01788 -3.41904e-01 |  5 -0.13323  1.14041e+00 |  6  0.00878  3.70597e+01
  7 -0.07952  1.19469e+01 |  8 -0.05941  1.06124e+01 |  9  0.00728  1.30936e+01
 10  0.12964  8.88775e+00 | 11  0.02429  2.16060e+01 | 12  0.11062  1.61757e+01
 13  0.11273  2.54263e+01 | 14  0.06289 -3.99789e+01 | 15 -0.04368  5.82867e+00
 16  0.16009  9.62944e+00 | 17 -2.03404 -5.99942e+00 | 18  0.25792  4.28447e+01
 19  0.18952  5.23963e+01 | 20 -1.98286 -3.05087e+01 | 21 -0.04096  5.92947e+01
 22 -0.01466  5.49702e+01 | 23 -0.06601  1.28102e+01 | 24  0.02375  4.02049e+01
 25 -0.02721 -1.28688e+01 | 26 -0.00836 -2.37741e-01 | 27  0.01924  1.66732e+01
 28 -0.04214 -1.13428e+01 | 29  0.02514  1.00967e+01 | 30 -0.01545 -7.30193e+00
 31  0.00597  1.25366e+01 | 32  0.08338  1.88741e+01 | 33 -1.97171 -9.03086e+00
 34 -0.14373 -3.61175e+01 | 35 -0.10706 -4.30532e+01 | 36 -0.36561  4.90085e+00
 37  0.13970  2.39582e+02 | 38  0.19002  1.52742e+02 | 39  0.14246  6.40053e+01
 40  0.14058  5.25690e+01 | 41  0.33961 -5.81570e+01 | 42 -0.91258  1.46755e+01
 43 -0.42415 -3.23050e+01 | 44  0.10220 -5.64201e+01 | 45  2.16225 -1.04954e+01
 46 -1.31216 -3.34107e+01 |

Initial statistics: 52 variables; iteration 0; function evaluation 0; phase 3
Function value 5.7494786e+03; maximum gradient component mag -3.4081e+03
Var    Value     Gradient |Var    Value     Gradient |Var    Value     Gradient
  1  0.23678 -2.98705e+01 |  2 -0.04389 -2.60273e+01 |  3 -0.00053 -2.15324e+01
  4 -0.01817 -1.06652e+01 |  5 -0.13353 -8.96084e+00 |  6  0.00849  2.67334e+01
  7 -0.07982  1.69978e+00 |  8 -0.05970  3.29831e-01 |  9  0.00699  2.76679e+00
 10  0.12934 -1.22647e+00 | 11  0.02400  1.12862e+01 | 12  0.11032  6.00423e+00
 13  0.11243  1.52616e+01 | 14  0.06260 -5.02583e+01 | 15 -0.04397 -4.47437e+00
 16  0.15979 -3.73274e-01 | 17  0.03374 -4.31341e+00 | 18  0.25761  3.33604e+01
 19  0.18921  4.25294e+01 | 20 -0.01743  2.01847e+01 | 21 -0.04126  4.89872e+01
 22 -0.01495  4.46449e+01 | 23 -0.06630  2.53803e+00 | 24  0.02345  2.98851e+01
 25 -0.02751 -2.31864e+01 | 26 -0.00865 -1.05643e+01 | 27  0.01895  6.35049e+00
 28 -0.04243 -2.16470e+01 | 29  0.02484 -2.22758e-01 | 30 -0.01574 -1.76262e+01
 31  0.00568  2.20962e+00 | 32  0.08309  8.63564e+00 | 33 -0.02858 -1.28640e+00
 34 -0.14403 -4.61778e+01 | 35 -0.10736 -5.32308e+01 | 36 -0.36596 -3.76848e+00
 37  0.13970  2.39582e+02 | 38  0.19002  1.52742e+02 | 39  0.14246  6.40053e+01
 40  0.14058  5.25690e+01 | 41  0.33961 -5.81570e+01 | 42 -0.91258  1.46755e+01
 43  0.32222  1.42783e+02 | 44 -0.26118  5.93412e+01 | 45  0.05354 -3.40807e+03
 46 -0.89706  1.01791e+03 | 47  0.18657 -2.52458e+02 | 48 -0.27421  2.50960e+02
 49 -0.42415 -3.23050e+01 | 50  0.10220 -5.64201e+01 | 51 -0.16225  1.04954e+01
 52 -0.68784  3.34107e+01 |

Intermediate statistics: 52 variables; iteration 20; function evaluation 32; phase 3
Function value 4.4463085e+03; maximum gradient component mag -1.2783e+04
Var    Value     Gradient |Var    Value     Gradient |Var    Value     Gradient
  1  0.26565 -1.46983e+03 |  2 -0.01930  6.28584e+01 |  3  0.02898  7.33734e+01
  4  0.00975  6.85138e+01 |  5 -0.10345  6.33123e+01 |  6  0.02655  8.93523e+01
  7 -0.05162  8.06855e+01 |  8 -0.03089  8.44486e+01 |  9  0.02616  9.10384e+01
 10  0.14478  1.51256e+02 | 11  0.03316  1.04283e+02 | 12  0.12731  1.52958e+02
 13  0.12667  1.58874e+02 | 14  0.11731  1.45077e+02 | 15  0.05422  4.76465e+01
 16 -0.04329  3.86974e+00 | 17 -0.00041  1.00602e+02 | 18  0.15532  5.34268e+01
 19  0.16293  2.15741e+01 | 20 -0.01219  1.02901e+02 | 21  0.00298  1.59427e+01
 22 -0.10680 -1.27054e+02 | 23 -0.40754 -3.93611e+01 | 24  0.09513  1.46575e+02
 25  0.05383  5.94014e+01 | 26 -0.06544 -9.68990e+01 | 27  0.09374  4.59624e+01
 28 -0.01848 -8.84353e+01 | 29  0.08398  1.14197e+01 | 30 -0.04962 -1.37760e+02
 31  0.07835 -2.84425e+01 | 32  0.09308  2.38790e+01 | 33 -0.04386  1.35540e+02
 34 -0.10107  8.71827e+01 | 35 -0.02935 -1.43550e+01 | 36 -0.43652  3.34006e+01
 37  0.14512  8.79007e+03 | 38  0.06428 -1.27829e+04 | 39  0.12880 -3.29508e+02
 40  0.12638  8.55318e+02 | 41  0.40722  1.27736e+02 | 42 -0.93326 -3.09095e-01
 43  0.28520 -3.84148e+02 | 44 -0.35574 -1.04004e+02 | 45  0.59545 -1.76351e+03
 46 -1.01058 -2.44880e+01 | 47  0.19806 -2.99885e+02 | 48 -0.48264  7.31648e+01
 49 -0.43489  8.02673e+01 | 50  0.07947  1.27088e+02 | 51 -0.16127 -4.31250e+01
 52 -0.68923  1.99323e+01 |
52 variables; iteration 40; function evaluation 60; phase 3
Function value 3.8655016e+03; maximum gradient component mag 2.9071e+03
Var    Value     Gradient |Var    Value     Gradient |Var    Value     Gradient
  1  0.38718 -1.39609e+02 |  2 -0.01029 -2.93896e+00 |  3  0.01443 -4.17646e+01
  4 -0.00053 -2.16937e+01 |  5 -0.10242 -9.74404e-02 |  6 -0.01516 -4.37878e+01
  7 -0.08200  2.00255e+00 |  8 -0.09145 -4.67371e+01 |  9 -0.02217 -3.21471e+01
 10  0.09249 -8.14157e+01 | 11 -0.00728 -4.91598e+01 | 12  0.15978  1.10420e+02
 13  0.09933 -8.43623e+01 | 14  0.14328  7.36310e+01 | 15  0.02325 -1.01945e+02
 16 -0.09782 -5.21992e+01 | 17 -0.03163 -4.83732e+01 | 18  0.18081  5.65064e+01
 19  0.23484  1.84123e+02 | 20 -0.05671 -1.01889e+02 | 21 -0.00032 -3.05573e+01
 22 -0.04917  3.09308e+01 | 23 -0.31016 -1.00226e+02 | 24  0.04865 -5.84246e+01
 25  0.06076 -2.70130e+01 | 26  0.01148 -5.73732e+01 | 27  0.12131  1.06514e+02
 28  0.03255 -6.33546e+01 | 29  0.03353 -1.27227e+02 | 30  0.06124 -4.41191e+01
 31  0.10296 -2.23740e+01 | 32  0.12080  3.31166e+01 | 33 -0.04084 -2.23365e+01
 34 -0.12023 -8.30379e+01 | 35 -0.03970 -9.56887e+00 | 36 -0.55691 -6.07410e+01
 37  0.07904  2.90715e+03 | 38  0.06896 -1.49970e+03 | 39  0.07854 -2.62902e+02
 40  0.06418 -1.46228e+03 | 41  0.50297 -2.04336e+01 | 42 -0.93322  3.32246e+00
 43  0.28684 -1.10634e+02 | 44 -0.35303 -5.44655e+01 | 45  0.66435 -9.07046e+02
 46 -0.92167  1.11163e+02 | 47  0.19938 -5.08857e+01 | 48 -0.47843  8.32509e+01
 49 -0.55803 -1.82261e+00 | 50  0.00330 -3.93935e+01 | 51 -0.20519 -8.00158e+01
 52 -0.67482  5.31601e+01 |
52 variables; iteration 60; function evaluation 90; phase 3
Function value 3.7147122e+03; maximum gradient component mag -2.5951e+02
Var    Value     Gradient |Var    Value     Gradient |Var    Value     Gradient
  1  0.42126 -1.39477e+01 |  2 -0.01834 -1.06287e+01 |  3  0.03855  1.05757e+01
  4  0.01023 -9.07637e+00 |  5 -0.09802  3.39295e+00 |  6  0.00729 -1.00617e+01
  7 -0.07854 -1.73199e+01 |  8 -0.04329  9.35494e+00 |  9  0.01543 -4.55623e+00
 10  0.14166  1.11799e+01 | 11  0.02335 -9.94460e+00 | 12  0.11517 -1.13092e+01
 13  0.11550 -1.07266e+01 | 14  0.08904 -3.61069e+01 | 15  0.03065 -6.87759e+00
 16 -0.10604 -1.89119e+01 | 17  0.01614  6.15892e+00 | 18  0.12914 -3.34174e+00
 19  0.17829 -8.56933e+00 | 20 -0.01442  1.49205e+01 | 21 -0.01315  1.33275e+01
 22 -0.09630 -1.94218e+01 | 23 -0.21085  9.13483e+00 | 24  0.06759 -7.74311e-01
 25  0.05691  1.12863e+01 | 26 -0.01060 -1.13524e+01 | 27  0.03019 -3.61259e+01
 28  0.02444 -1.06447e+01 | 29  0.06366  1.63734e+01 | 30  0.03260 -1.54937e+01
 31  0.06559 -1.32734e+01 | 32  0.07284 -2.71829e+00 | 33 -0.08200 -2.77727e+01
 34 -0.09835  1.40419e+01 | 35 -0.05725  5.50594e+00 | 36 -0.43473 -8.87970e+00
 37  0.06389 -2.59512e+02 | 38  0.06851  1.88502e+02 | 39  0.07381  2.09397e+01
 40  0.06436  6.06349e+01 | 41  0.55441 -4.46898e+00 | 42 -0.97048  6.04061e-01
 43  0.28542  1.72481e+00 | 44 -0.33407  1.31316e+01 | 45  0.89286 -1.20230e+02
 46 -0.90614  3.59426e+01 | 47  0.20133  1.25902e+00 | 48 -0.48028  1.16614e+01
 49 -0.57432 -6.89935e+00 | 50 -0.00902  1.02306e+00 | 51 -0.14970  9.35142e+00
 52 -0.70485  6.27048e-01 |
52 variables; iteration 80; function evaluation 110; phase 3
Function value 3.7041279e+03; maximum gradient component mag 4.5773e+01
Var    Value     Gradient |Var    Value     Gradient |Var    Value     Gradient
  1  0.56555  2.26390e+01 |  2 -0.01781 -6.42311e-01 |  3  0.02682 -7.55008e-01
  4  0.00576 -3.32250e-01 |  5 -0.10854 -1.24574e+00 |  6  0.00570 -9.54869e-01
  7 -0.07568 -1.38506e+00 |  8 -0.05527 -5.97369e-01 |  9  0.01029 -3.66895e-01
 10  0.13365 -2.58286e-01 | 11  0.02448 -7.33017e-01 | 12  0.11877 -3.72772e-01
 13  0.12267 -5.67066e-01 | 14  0.10947  8.20729e-01 | 15  0.03985 -6.60364e-01
 16 -0.08956 -7.86722e-01 | 17  0.00682 -8.01483e-02 | 18  0.13155 -3.75421e-01
 19  0.17826  7.30476e-01 | 20 -0.02397  1.58912e-01 | 21 -0.02278  3.23402e-01
 22 -0.09489  2.73775e-01 | 23 -0.23546 -2.38147e+00 | 24  0.07088  2.74118e-02
 25  0.05188  8.27253e-01 | 26 -0.00669 -1.44112e-01 | 27  0.04570 -8.61643e-01
 28  0.02850  1.11758e+00 | 29  0.05900  1.04689e+00 | 30  0.04064  1.68007e-01
 31  0.07243  1.31645e+00 | 32  0.07579  1.55565e+00 | 33 -0.06913  1.60031e-01
 34 -0.10637 -2.26356e-01 | 35 -0.05811 -1.09294e+00 | 36 -0.42665 -1.23065e+00
 37  0.01826  4.57729e+01 | 38  0.02089  1.13280e+01 | 39  0.02774  8.05030e+00
 40  0.01742  2.53831e+01 | 41  0.47881  1.18688e+00 | 42 -0.92602  9.96408e-01
 43  0.28725 -2.42714e+00 | 44 -0.33955  9.52876e-01 | 45  1.00184  1.49839e+00
 46 -0.99306  1.38185e+00 | 47  0.20093 -3.07883e-01 | 48 -0.48087 -5.11338e-01
 49 -0.51635 -3.40714e-01 | 50  0.02559  2.84598e+00 | 51 -0.15826  2.20769e+00
 52 -0.71384  1.92513e+00 |
52 variables; iteration 100; function evaluation 133; phase 3
Function value 3.7039045e+03; maximum gradient component mag -2.3499e+01
Var    Value     Gradient |Var    Value     Gradient |Var    Value     Gradient
  1  0.72520 -1.06912e+01 |  2 -0.01775  2.84830e-01 |  3  0.02700  3.47538e-01
  4  0.00587  2.61392e-01 |  5 -0.10791  2.62293e-01 |  6  0.00614  3.23690e-01
  7 -0.07501  2.66439e-01 |  8 -0.05514  2.53814e-01 |  9  0.01011  2.81302e-01
 10  0.13340  8.57903e-02 | 11  0.02436  8.88856e-02 | 12  0.11853 -7.54244e-02
 13  0.12272  5.55622e-02 | 14  0.10868 -1.79609e-01 | 15  0.03970  2.02349e-01
 16 -0.08982 -9.76456e-02 | 17  0.00655  1.31726e-01 | 18  0.13167 -3.34772e-01
 19  0.17786 -4.60365e-01 | 20 -0.02444  2.51244e-01 | 21 -0.02317  6.09586e-02
 22 -0.09483 -1.02696e-02 | 23 -0.23272  2.06670e-01 | 24  0.06996 -1.56038e-01
 25  0.05146 -3.65258e-01 | 26 -0.00679 -5.14710e-01 | 27  0.04583 -1.24714e+00
 28  0.02795 -2.64269e-01 | 29  0.05859 -3.09872e-01 | 30  0.04060 -5.41317e-01
 31  0.07203 -9.30058e-01 | 32  0.07546 -8.84701e-01 | 33 -0.06960 -3.52626e-01
 34 -0.10652 -1.85636e-02 | 35 -0.05739  1.44547e-01 | 36 -0.42459  3.01775e-01
 37 -0.01927 -2.34988e+01 | 38 -0.01661 -9.10142e+00 | 39 -0.00983 -3.49412e+00
 40 -0.02012 -1.87403e+01 | 41  0.38030 -3.53714e-01 | 42 -0.82856  2.37377e-01
 43  0.28737  8.18218e-01 | 44 -0.33981  9.70996e-01 | 45  1.00064  4.94137e-01
 46 -0.99728  2.76022e-01 | 47  0.20094  1.10374e+00 | 48 -0.48082 -4.93936e-02
 49 -0.44443  2.73680e-01 | 50  0.07816 -9.78903e-01 | 51 -0.18572 -5.65747e-01
 52 -0.77889  4.34524e-01 |
52 variables; iteration 120; function evaluation 157; phase 3
Function value 3.7038726e+03; maximum gradient component mag -1.1662e+01
Var    Value     Gradient |Var    Value     Gradient |Var    Value     Gradient
  1  0.81813 -3.53274e+00 |  2 -0.01778  1.63233e-01 |  3  0.02695  1.67303e-01
  4  0.00584  1.59377e-01 |  5 -0.10793  1.76789e-01 |  6  0.00609  1.59718e-01
  7 -0.07504  1.51770e-01 |  8 -0.05515  1.75208e-01 |  9  0.01009  1.42114e-01
 10  0.13344  6.88394e-02 | 11  0.02446  1.12936e-01 | 12  0.11861  4.16545e-02
 13  0.12269  9.82769e-03 | 14  0.10878  2.98404e-02 | 15  0.03969  5.71417e-02
 16 -0.08968  2.63845e-02 | 17  0.00644  3.42214e-02 | 18  0.13172 -1.54029e-01
 19  0.17787 -1.75873e-01 | 20 -0.02452  9.33425e-02 | 21 -0.02318  2.33751e-02
 22 -0.09475  6.64872e-02 | 23 -0.23263  1.30908e-01 | 24  0.06993 -3.96186e-02
 25  0.05142 -1.71507e-01 | 26 -0.00674 -1.53498e-01 | 27  0.04608 -2.93265e-01
 28  0.02787 -1.58929e-01 | 29  0.05855 -1.65248e-01 | 30  0.04062 -2.21650e-01
 31  0.07210 -3.48930e-01 | 32  0.07545 -4.29593e-01 | 33 -0.06953 -6.38328e-02
 34 -0.10654  2.29498e-02 | 35 -0.05755 -2.92641e-03 | 36 -0.42489  1.29210e-01
 37 -0.03375 -1.16620e+01 | 38 -0.03109 -5.17433e+00 | 39 -0.02430 -1.73372e+00
 40 -0.03459 -8.02199e+00 | 41  0.29302 -1.84788e-01 | 42 -0.77712  3.02997e-03
 43  0.28740  4.67229e-01 | 44 -0.34012  1.84205e-01 | 45  1.00012  9.09013e-02
 46 -0.99713  3.10712e-01 | 47  0.20093  3.73163e-01 | 48 -0.48084 -6.32907e-02
 49 -0.37948 -6.79258e-03 | 50  0.13072 -2.90008e-01 | 51 -0.20696 -3.57157e-02
 52 -0.85185  1.14330e-03 |
52 variables; iteration 140; function evaluation 180; phase 3
Function value 3.7038632e+03; maximum gradient component mag -4.5439e+00
Var    Value     Gradient |Var    Value     Gradient |Var    Value     Gradient
  1  0.88544 -9.46889e-01 |  2 -0.01779  5.79662e-02 |  3  0.02695  5.72490e-02
  4  0.00585  6.43943e-02 |  5 -0.10794  6.55713e-02 |  6  0.00610  5.56217e-02
  7 -0.07503  7.08902e-02 |  8 -0.05517  4.79786e-02 |  9  0.01009  4.51758e-02
 10  0.13344  1.76545e-02 | 11  0.02448  5.41938e-02 | 12  0.11863  2.08938e-02
 13  0.12270  6.01852e-03 | 14  0.10880  2.43604e-02 | 15  0.03969  1.57351e-02
 16 -0.08964  1.50862e-02 | 17  0.00643  5.30284e-03 | 18  0.13174 -6.46999e-02
 19  0.17787 -6.35641e-02 | 20 -0.02454  7.56823e-03 | 21 -0.02318 -1.58905e-03
 22 -0.09476  7.32140e-03 | 23 -0.23262  5.55402e-02 | 24  0.06993 -6.71317e-03
 25  0.05142 -5.79810e-02 | 26 -0.00675 -6.93135e-02 | 27  0.04611 -6.79729e-02
 28  0.02786 -7.58314e-02 | 29  0.05854 -7.52650e-02 | 30  0.04063 -9.04541e-02
 31  0.07210 -1.35386e-01 | 32  0.07544 -1.78580e-01 | 33 -0.06953 -3.67637e-02
 34 -0.10657 -1.76331e-02 | 35 -0.05759 -3.93067e-02 | 36 -0.42491  5.00131e-02
 37 -0.04064 -4.54385e+00 | 38 -0.03798 -2.36164e+00 | 39 -0.03118 -6.83426e-01
 40 -0.04148 -3.05848e+00 | 41  0.22014 -6.23632e-02 | 42 -0.75156  1.19494e-01
 43  0.28740  2.12257e-01 | 44 -0.34017  1.47396e-02 | 45  1.00004  3.16125e-02
 46 -1.00133 -3.05972e-02 | 47  0.20092  1.43389e-01 | 48 -0.48084 -2.68762e-02
 49 -0.32529 -1.55705e-02 | 50  0.17822 -7.82273e-02 | 51 -0.21974  4.61699e-02
 52 -0.91971  9.67840e-04 |
52 variables; iteration 160; function evaluation 203; phase 3
Function value 3.7038612e+03; maximum gradient component mag -1.8095e+00
Var    Value     Gradient |Var    Value     Gradient |Var    Value     Gradient
  1  0.93384 -2.32119e-01 |  2 -0.01778  1.97059e-02 |  3  0.02695  2.01393e-02
  4  0.00585  2.25912e-02 |  5 -0.10793  2.65582e-02 |  6  0.00610  1.11511e-02
  7 -0.07503  1.89442e-02 |  8 -0.05515  2.15795e-02 |  9  0.01009  1.44334e-02
 10  0.13344  8.37737e-03 | 11  0.02448  1.89772e-02 | 12  0.11863  5.98410e-03
 13  0.12269 -4.50423e-03 | 14  0.10879  1.73416e-03 | 15  0.03969  3.16214e-03
 16 -0.08964 -4.13603e-03 | 17  0.00643  2.52895e-05 | 18  0.13173 -3.52231e-02
 19  0.17787 -2.01229e-02 | 20 -0.02454  3.92932e-03 | 21 -0.02318  1.69054e-03
 22 -0.09476  4.66720e-03 | 23 -0.23262  2.24956e-02 | 24  0.06992 -2.59882e-03
 25  0.05142 -2.21109e-02 | 26 -0.00675 -2.23412e-02 | 27  0.04610 -1.68777e-02
 28  0.02786 -3.36781e-02 | 29  0.05854 -2.90308e-02 | 30  0.04062 -4.34678e-02
 31  0.07210 -5.33901e-02 | 32  0.07544 -6.67231e-02 | 33 -0.06953 -2.31041e-02
 34 -0.10656 -1.05627e-03 | 35 -0.05759 -1.77559e-02 | 36 -0.42491  1.60633e-02
 37 -0.04369 -1.80955e+00 | 38 -0.04102 -7.53073e-01 | 39 -0.03422 -2.58896e-01
 40 -0.04452 -1.09517e+00 | 41  0.16772 -3.80927e-02 | 42 -0.74353  1.21757e-02
 43  0.28740  8.21077e-02 | 44 -0.34017 -1.21357e-02 | 45  0.99999  9.19134e-04
 46 -1.00084  2.88845e-03 | 47  0.20092  5.17906e-02 | 48 -0.48084 -8.09125e-03
 49 -0.28653 -3.00711e-02 | 50  0.21429 -2.43412e-02 | 51 -0.22406  6.61814e-02
 52 -0.96557 -5.93651e-02 |
52 variables; iteration 180; function evaluation 227; phase 3
Function value 3.7038585e+03; maximum gradient component mag 3.2613e+00
Var    Value     Gradient |Var    Value     Gradient |Var    Value     Gradient
  1  0.98900  4.84605e-02 |  2 -0.01778 -5.24100e-02 |  3  0.02695 -6.26595e-02
  4  0.00586 -4.14479e-02 |  5 -0.10792 -2.77620e-02 |  6  0.00610 -6.90263e-02
  7 -0.07502 -3.72502e-02 |  8 -0.05515 -4.53145e-02 |  9  0.01009 -5.15411e-02
 10  0.13345 -2.57178e-02 | 11  0.02448 -2.38083e-02 | 12  0.11863 -1.13792e-02
 13  0.12268 -7.25525e-03 | 14  0.10879 -1.97057e-02 | 15  0.03968 -9.41098e-03
 16 -0.08967 -7.96399e-02 | 17  0.00644 -2.36798e-03 | 18  0.13170 -3.17068e-02
 19  0.17788  7.97131e-02 | 20 -0.02454 -3.02535e-02 | 21 -0.02317 -2.67223e-03
 22 -0.09476 -2.24334e-02 | 23 -0.23262 -2.56831e-02 | 24  0.06993  3.29838e-02
 25  0.05142  6.61748e-02 | 26 -0.00674  5.28527e-02 | 27  0.04610  1.00112e-01
 28  0.02786  4.14759e-02 | 29  0.05855  7.44876e-02 | 30  0.04062  4.00887e-02
 31  0.07210  9.90193e-02 | 32  0.07544  1.05766e-01 | 33 -0.06955 -4.69133e-02
 34 -0.10656 -3.44341e-04 | 35 -0.05759 -5.35297e-03 | 36 -0.42491 -3.38051e-02
 37 -0.04516  3.26134e+00 | 38 -0.04250  1.51674e+00 | 39 -0.03570  4.31869e-01
 40 -0.04600  2.13134e+00 | 41  0.12838 -1.36548e-01 | 42 -0.74726  1.99321e-01
 43  0.28740 -1.22150e-01 | 44 -0.34017 -4.11333e-02 | 45  0.99982 -1.36811e-01
 46 -1.00054  8.66702e-03 | 47  0.20092 -6.78009e-02 | 48 -0.48084  3.90667e-02
 49 -0.25760 -1.64222e-01 | 50  0.24240 -2.33366e-02 | 51 -0.22191  2.43195e-01
 52 -0.93942 -1.88088e-02 |
52 variables; iteration 200; function evaluation 250; phase 3
Function value 3.7038570e+03; maximum gradient component mag -2.9660e-01
Var    Value     Gradient |Var    Value     Gradient |Var    Value     Gradient
  1  1.02047  2.38891e-02 |  2 -0.01778  6.64299e-03 |  3  0.02695  4.76866e-03
  4  0.00585  2.43812e-03 |  5 -0.10794  2.15078e-03 |  6  0.00611  7.95978e-03
  7 -0.07503  4.63211e-03 |  8 -0.05515  5.37842e-03 |  9  0.01010  5.33749e-03
 10  0.13344  1.59041e-03 | 11  0.02447  3.62834e-03 | 12  0.11863  4.45955e-03
 13  0.12270  2.19855e-03 | 14  0.10879  1.46762e-04 | 15  0.03969 -5.89169e-04
 16 -0.08962  9.15759e-03 | 17  0.00643 -1.14033e-03 | 18  0.13175  6.68755e-03
 19  0.17786 -8.37031e-03 | 20 -0.02454  2.36995e-03 | 21 -0.02318  7.62337e-04
 22 -0.09476  4.85316e-03 | 23 -0.23263  1.85274e-03 | 24  0.06991 -4.02061e-03
 25  0.05141 -5.48638e-03 | 26 -0.00675 -5.92390e-03 | 27  0.04609 -8.08558e-03
 28  0.02786 -4.36497e-03 | 29  0.05854 -9.34157e-03 | 30  0.04063 -2.78757e-03
 31  0.07210 -9.45206e-03 | 32  0.07544 -7.91304e-03 | 33 -0.06952  6.64538e-03
 34 -0.10656  2.26030e-03 | 35 -0.05758  5.89310e-03 | 36 -0.42491  2.28110e-03
 37 -0.04507 -2.96603e-01 | 38 -0.04240 -1.05242e-01 | 39 -0.03560 -3.83222e-02
 40 -0.04590 -1.74022e-01 | 41  0.12599 -1.02801e-02 | 42 -0.77637  1.32054e-01
 43  0.28740  8.68944e-03 | 44 -0.34016  5.28656e-03 | 45  1.00011  7.94223e-02
 46 -0.99904  2.08752e-03 | 47  0.20092  2.21011e-03 | 48 -0.48084 -3.57209e-03
 49 -0.25588 -4.38441e-03 | 50  0.24414 -1.06696e-02 | 51 -0.20730 -1.67121e-02
 52 -0.85305  6.16578e-02 |
52 variables; iteration 220; function evaluation 272; phase 3
Function value 3.7038569e+03; maximum gradient component mag 1.5890e-01
Var    Value     Gradient |Var    Value     Gradient |Var    Value     Gradient
  1  1.02872  1.33617e-02 |  2 -0.01778 -2.32049e-03 |  3  0.02695 -1.89289e-03
  4  0.00585 -2.90617e-03 |  5 -0.10794 -2.69289e-03 |  6  0.00610 -1.90947e-03
  7 -0.07503 -2.77847e-03 |  8 -0.05515 -1.82504e-03 |  9  0.01010 -2.14398e-03
 10  0.13344 -6.29456e-04 | 11  0.02447 -2.40969e-03 | 12  0.11863 -1.09593e-03
 13  0.12270  1.77066e-05 | 14  0.10879 -1.25232e-03 | 15  0.03969 -5.87341e-04
 16 -0.08963 -8.69588e-04 | 17  0.00643  8.77964e-05 | 18  0.13174  3.05448e-03
 19  0.17786  1.63026e-03 | 20 -0.02454 -6.08193e-04 | 21 -0.02318 -1.92067e-04
 22 -0.09476 -3.88166e-04 | 23 -0.23263 -1.73603e-03 | 24  0.06992 -2.62835e-04
 25  0.05141  1.67384e-03 | 26 -0.00675  2.45783e-03 | 27  0.04609  4.20047e-03
 28  0.02786  2.35589e-03 | 29  0.05854  2.25955e-03 | 30  0.04063  3.22042e-03
 31  0.07210  5.01391e-03 | 32  0.07544  6.69369e-03 | 33 -0.06952  1.70601e-03
 34 -0.10656  5.76645e-04 | 35 -0.05758  2.61782e-03 | 36 -0.42491 -2.28961e-03
 37 -0.04492  1.58902e-01 | 38 -0.04226  8.71373e-02 | 39 -0.03546  2.57575e-02
 40 -0.04576  1.21899e-01 | 41  0.12953  4.97722e-03 | 42 -0.79764  1.87357e-03
 43  0.28740 -7.77612e-03 | 44 -0.34016 -5.37574e-04 | 45  0.99998 -1.15037e-02
 46 -1.00089  1.17551e-03 | 47  0.20092 -6.31661e-03 | 48 -0.48084  1.14277e-03
 49 -0.25846  3.23431e-03 | 50  0.24157  2.58938e-03 | 51 -0.19764 -6.09416e-03
 52 -0.81749 -1.27046e-03 |
52 variables; iteration 240; function evaluation 295; phase 3
Function value 3.7038567e+03; maximum gradient component mag -1.3781e+00
Var    Value     Gradient |Var    Value     Gradient |Var    Value     Gradient
  1  1.01408  3.77461e-02 |  2 -0.01778  1.25141e-02 |  3  0.02695  2.11811e-02
  4  0.00584  1.20584e-02 |  5 -0.10794  1.46333e-02 |  6  0.00610  1.87334e-02
  7 -0.07504  1.30145e-02 |  8 -0.05515  2.00997e-02 |  9  0.01009  1.11203e-02
 10  0.13344  1.39918e-02 | 11  0.02447  1.08902e-02 | 12  0.11862 -1.30516e-03
 13  0.12270  2.56163e-04 | 14  0.10879 -2.25360e-03 | 15  0.03969  7.08530e-03
 16 -0.08964 -7.93010e-03 | 17  0.00644  6.48289e-03 | 18  0.13174 -1.88347e-02
 19  0.17787 -2.26255e-02 | 20 -0.02453  8.93966e-03 | 21 -0.02318  4.97585e-03
 22 -0.09475  1.14473e-02 | 23 -0.23262  1.65536e-02 | 24  0.06991 -8.68877e-03
 25  0.05142 -1.70719e-02 | 26 -0.00674 -6.78742e-03 | 27  0.04610 -7.68999e-03
 28  0.02786 -1.59169e-02 | 29  0.05855 -1.19315e-02 | 30  0.04063 -1.69168e-02
 31  0.07210 -3.06537e-02 | 32  0.07545 -3.76622e-02 | 33 -0.06952 -7.58896e-03
 34 -0.10656  6.25820e-03 | 35 -0.05758  5.62535e-03 | 36 -0.42492  5.36269e-03
 37 -0.04515 -1.37806e+00 | 38 -0.04248 -5.43338e-01 | 39 -0.03568 -1.80666e-01
 40 -0.04598 -6.77678e-01 | 41  0.14353  1.91275e-02 | 42 -0.80528  4.05963e-04
 43  0.28740  4.92234e-02 | 44 -0.34016  4.99956e-03 | 45  0.99991 -6.99239e-02
 46 -1.00098 -3.39813e-03 | 47  0.20092  2.16258e-02 | 48 -0.48084 -1.79743e-02
 49 -0.26874  2.75282e-02 | 50  0.23148 -2.78155e-03 | 51 -0.19443 -4.17730e-02
 52 -0.80689  1.05631e-02 |
52 variables; iteration 260; function evaluation 315; phase 3
Function value 3.7038566e+03; maximum gradient component mag -7.9246e-03
Var    Value     Gradient |Var    Value     Gradient |Var    Value     Gradient
  1  1.00299  2.15682e-03 |  2 -0.01778 -1.07668e-04 |  3  0.02695  9.69546e-05
  4  0.00585 -7.55475e-05 |  5 -0.10793 -2.55483e-05 |  6  0.00611  1.11159e-04
  7 -0.07503 -1.15013e-04 |  8 -0.05515 -9.88690e-05 |  9  0.01010 -1.13656e-04
 10  0.13344  8.46461e-05 | 11  0.02447 -2.67490e-04 | 12  0.11863  1.93065e-05
 13  0.12270 -3.80093e-04 | 14  0.10879  8.45826e-05 | 15  0.03969 -1.70734e-04
 16 -0.08963  1.58137e-05 | 17  0.00643  4.09521e-05 | 18  0.13174  8.37766e-05
 19  0.17786  1.55966e-04 | 20 -0.02454 -3.58117e-05 | 21 -0.02318 -7.11008e-05
 22 -0.09476 -1.08839e-04 | 23 -0.23263  6.68598e-05 | 24  0.06992 -1.34065e-04
 25  0.05141 -2.49841e-04 | 26 -0.00675  1.17697e-04 | 27  0.04609  2.36032e-04
 28  0.02786 -3.13656e-05 | 29  0.05854 -9.66148e-05 | 30  0.04063 -5.84950e-05
 31  0.07210  9.69718e-05 | 32  0.07544  6.30440e-05 | 33 -0.06952  2.78021e-06
 34 -0.10656  2.03895e-05 | 35 -0.05759  2.23386e-04 | 36 -0.42491  1.61741e-05
 37 -0.04521  5.13377e-04 | 38 -0.04254  1.07325e-03 | 39 -0.03574  2.21606e-04
 40 -0.04605  1.28580e-03 | 41  0.15833  3.32491e-03 | 42 -0.82293 -7.92458e-03
 43  0.28740 -1.57277e-05 | 44 -0.34016  1.35071e-05 | 45  1.00001 -1.84047e-03
 46 -1.00091 -5.88170e-05 | 47  0.20092 -1.00070e-04 | 48 -0.48084  4.86197e-05
 49 -0.27962  2.78171e-03 | 50  0.22093  2.78651e-04 | 51 -0.18743 -3.69468e-03
 52 -0.78573 -5.21245e-03 |
52 variables; iteration 280; function evaluation 335; phase 3
Function value 3.7038566e+03; maximum gradient component mag -5.8160e-02
Var    Value     Gradient |Var    Value     Gradient |Var    Value     Gradient
  1  1.00101  7.19905e-04 |  2 -0.01778  5.00161e-04 |  3  0.02695  1.04175e-03
  4  0.00585  4.12813e-04 |  5 -0.10793  5.13723e-04 |  6  0.00611  1.00865e-03
  7 -0.07503  4.94890e-04 |  8 -0.05515  8.66728e-04 |  9  0.01010  4.24452e-04
 10  0.13344  7.67850e-04 | 11  0.02447  3.14096e-04 | 12  0.11863  4.09552e-05
 13  0.12270 -2.07673e-04 | 14  0.10879 -7.67351e-05 | 15  0.03969  1.62016e-04
 16 -0.08963 -2.84516e-04 | 17  0.00643  3.47062e-04 | 18  0.13174 -6.82512e-04
 19  0.17786 -8.77794e-04 | 20 -0.02454  3.90548e-04 | 21 -0.02318  3.18176e-04
 22 -0.09476  6.27218e-04 | 23 -0.23263  8.68397e-04 | 24  0.06992 -6.08308e-04
 25  0.05141 -6.86244e-04 | 26 -0.00675 -6.23978e-05 | 27  0.04609  3.49184e-04
 28  0.02786 -6.30811e-04 | 29  0.05854 -5.39913e-04 | 30  0.04063 -5.99879e-04
 31  0.07210 -1.08489e-03 | 32  0.07544 -1.28953e-03 | 33 -0.06952 -1.33924e-04
 34 -0.10656  4.18969e-04 | 35 -0.05759  7.23109e-04 | 36 -0.42491  1.34949e-04
 37 -0.04521 -5.81596e-02 | 38 -0.04255 -2.06732e-02 | 39 -0.03575 -6.99450e-03
 40 -0.04605 -2.37448e-02 | 41  0.15749  1.68776e-03 | 42 -0.81721 -3.41936e-03
 43  0.28740  1.85033e-03 | 44 -0.34016  2.52536e-04 | 45  1.00002  5.80605e-03
 46 -1.00093 -7.81070e-04 | 47  0.20092  5.44051e-04 | 48 -0.48084 -9.65453e-04
 49 -0.27900  2.76060e-03 | 50  0.22152 -1.99380e-03 | 51 -0.18961 -4.68623e-03
 52 -0.79214 -1.79892e-03 |
52 variables; iteration 300; function evaluation 357; phase 3
Function value 3.7038565e+03; maximum gradient component mag -5.6380e-02
Var    Value     Gradient |Var    Value     Gradient |Var    Value     Gradient
  1  1.00070  3.90843e-04 |  2 -0.01778 -1.79622e-05 |  3  0.02695 -2.66632e-04
  4  0.00585  4.75661e-04 |  5 -0.10793  5.26317e-04 |  6  0.00611 -9.54183e-05
  7 -0.07503 -3.59450e-04 |  8 -0.05515 -1.10938e-03 |  9  0.01010  7.59060e-04
 10  0.13344 -7.77681e-04 | 11  0.02447  3.76144e-04 | 12  0.11863 -2.35801e-03
 13  0.12270  2.03635e-05 | 14  0.10879 -2.82448e-03 | 15  0.03969  1.77929e-03
 16 -0.08963  2.17809e-03 | 17  0.00643  2.69898e-04 | 18  0.13174 -1.17675e-03
 19  0.17786 -2.66444e-03 | 20 -0.02454  9.03939e-04 | 21 -0.02318  2.00305e-04
 22 -0.09476 -6.57870e-04 | 23 -0.23264  8.50302e-04 | 24  0.06992 -1.01732e-04
 25  0.05142  3.58507e-05 | 26 -0.00675 -1.95168e-03 | 27  0.04608 -1.22891e-02
 28  0.02786  1.21972e-03 | 29  0.05854  6.09604e-04 | 30  0.04063  3.03568e-05
 31  0.07210 -2.83218e-03 | 32  0.07544 -4.08230e-03 | 33 -0.06952 -3.51797e-04
 34 -0.10656 -1.13412e-04 | 35 -0.05759  5.33187e-05 | 36 -0.42491  2.28758e-03
 37 -0.04521  8.58250e-03 | 38 -0.04255  5.55048e-03 | 39 -0.03575 -2.95413e-03
 40 -0.04605 -5.63795e-02 | 41  0.10633 -3.95501e-02 | 42 -0.81581 -1.19731e-03
 43  0.28740  1.72613e-03 | 44 -0.34016  2.20466e-03 | 45  1.00001 -4.04969e-03
 46 -1.00086  2.20085e-03 | 47  0.20092  5.43320e-03 | 48 -0.48084  9.85857e-04
 49 -0.24149  2.54474e-04 | 50  0.25853 -5.44517e-02 | 51 -0.19015  8.04280e-03
 52 -0.79380 -4.40594e-03 |
52 variables; iteration 320; function evaluation 380; phase 3
Function value 3.7038565e+03; maximum gradient component mag -1.8094e-02
Var    Value     Gradient |Var    Value     Gradient |Var    Value     Gradient
  1  1.00042  7.88135e-05 |  2 -0.01778  2.83380e-04 |  3  0.02695  2.30315e-04
  4  0.00585  2.99163e-04 |  5 -0.10793  3.40437e-04 |  6  0.00611  2.01499e-04
  7 -0.07503  2.82691e-04 |  8 -0.05515  1.62210e-04 |  9  0.01010  1.83178e-04
 10  0.13344  6.97374e-05 | 11  0.02447  2.06776e-04 | 12  0.11863 -1.49508e-04
 13  0.12270 -2.52059e-04 | 14  0.10879 -1.73485e-04 | 15  0.03969  1.19565e-04
 16 -0.08963  3.63569e-04 | 17  0.00643  1.18473e-04 | 18  0.13174 -6.31621e-04
 19  0.17786 -7.00307e-04 | 20 -0.02454  6.45438e-05 | 21 -0.02318  6.00511e-05
 22 -0.09476  3.29522e-04 | 23 -0.23263  6.03214e-04 | 24  0.06992 -2.08435e-04
 25  0.05141 -4.31976e-04 | 26 -0.00675 -2.46515e-04 | 27  0.04609 -1.00782e-03
 28  0.02786 -1.97956e-04 | 29  0.05854 -3.57938e-04 | 30  0.04063 -4.67655e-04
 31  0.07210 -8.98714e-04 | 32  0.07544 -1.19461e-03 | 33 -0.06952 -1.28284e-04
 34 -0.10656  1.81689e-04 | 35 -0.05759  1.65388e-04 | 36 -0.42491  3.49058e-04
 37 -0.04521 -1.80944e-02 | 38 -0.04255 -9.55459e-03 | 39 -0.03575 -3.20945e-03
 40 -0.04605 -1.62975e-02 | 41  0.07421 -9.25734e-03 | 42 -0.81908  2.70763e-03
 43  0.28740  8.85108e-04 | 44 -0.34016  2.90509e-04 | 45  1.00001  1.09828e-03
 46 -1.00091  2.30929e-04 | 47  0.20092  9.90702e-04 | 48 -0.48084 -2.58939e-05
 49 -0.21813  9.02856e-04 | 50  0.28253 -1.31772e-02 | 51 -0.18889  1.35889e-03
 52 -0.79000  1.88901e-03 |
Warning: the following parameters had issues
  SR_parm[1] is within 0.1% of upper bound: 5.00000e+00 < 2.50000e+01 < 2.50000e+01
  selparm[5] is within 0.1% of upper bound: -1.00000e+00 < 1.50000e+01 < 1.50000e+01
  selparm[6] is within 0.1% of lower bound: -1.00000e+00 < -9.99989e-01 < 2.00000e+01


 - final statistics:
52 variables; iteration 331; function evaluation 391
Function value 3.7039e+03; maximum gradient component mag -5.7919e-05
Exit code = 1;  converg criter 1.0000e-04
Var    Value     Gradient |Var    Value     Gradient |Var    Value     Gradient
  1  1.00037  1.09222e-07 |  2 -0.01778 -2.53058e-07 |  3  0.02695  8.59623e-07
  4  0.00585 -1.92654e-07 |  5 -0.10793  1.90656e-07 |  6  0.00611  5.33920e-07
  7 -0.07503 -2.18138e-07 |  8 -0.05515  5.24329e-07 |  9  0.01010 -7.86052e-08
 10  0.13344  9.47194e-07 | 11  0.02447  1.29996e-07 | 12  0.11863 -1.23668e-06
 13  0.12270 -4.11043e-07 | 14  0.10879 -1.37079e-06 | 15  0.03969  6.93549e-07
 16 -0.08963 -1.46078e-06 | 17  0.00643  3.55917e-07 | 18  0.13174 -1.69167e-06
 19  0.17786 -1.61206e-06 | 20 -0.02454  7.20167e-07 | 21 -0.02318  2.76603e-07
 22 -0.09476  5.57000e-07 | 23 -0.23263  8.89091e-07 | 24  0.06992 -6.67436e-07
 25  0.05141 -2.37265e-07 | 26 -0.00675  2.96348e-07 | 27  0.04609 -2.56222e-07
 28  0.02786 -2.51893e-07 | 29  0.05854  1.95320e-07 | 30  0.04063 -1.57249e-07
 31  0.07210 -1.11361e-06 | 32  0.07544 -1.43741e-06 | 33 -0.06952 -6.91940e-07
 34 -0.10656  5.61625e-07 | 35 -0.05759  7.28766e-07 | 36 -0.42491 -3.14881e-07
 37 -0.04521 -5.79191e-05 | 38 -0.04255 -1.19717e-05 | 39 -0.03575 -6.05389e-06
 40 -0.04605 -1.51928e-05 | 41  0.07011 -1.49137e-06 | 42 -0.81925 -1.54551e-06
 43  0.28740  1.94420e-06 | 44 -0.34016 -6.93445e-08 | 45  1.00001  1.18250e-05
 46 -1.00091 -1.02889e-06 | 47  0.20092  2.71819e-07 | 48 -0.48084 -1.35494e-06
 49 -0.21515  4.22265e-06 | 50  0.28564 -6.01337e-06 | 51 -0.18883 -4.08946e-06
 52 -0.78981  2.18581e-08 |
Estimating row 1 out of 52 for hessian
Estimating row 2 out of 52 for hessian
Estimating row 3 out of 52 for hessian
Estimating row 4 out of 52 for hessian
Estimating row 5 out of 52 for hessian
Estimating row 6 out of 52 for hessian
Estimating row 7 out of 52 for hessian
Estimating row 8 out of 52 for hessian
Estimating row 9 out of 52 for hessian
Estimating row 10 out of 52 for hessian
Estimating row 11 out of 52 for hessian
Estimating row 12 out of 52 for hessian
Estimating row 13 out of 52 for hessian
Estimating row 14 out of 52 for hessian
Estimating row 15 out of 52 for hessian
Estimating row 16 out of 52 for hessian
Estimating row 17 out of 52 for hessian
Estimating row 18 out of 52 for hessian
Estimating row 19 out of 52 for hessian
Estimating row 20 out of 52 for hessian
Estimating row 21 out of 52 for hessian
Estimating row 22 out of 52 for hessian
Estimating row 23 out of 52 for hessian
Estimating row 24 out of 52 for hessian
Estimating row 25 out of 52 for hessian
Estimating row 26 out of 52 for hessian
Estimating row 27 out of 52 for hessian
Estimating row 28 out of 52 for hessian
Estimating row 29 out of 52 for hessian
Estimating row 30 out of 52 for hessian
Estimating row 31 out of 52 for hessian
Estimating row 32 out of 52 for hessian
Estimating row 33 out of 52 for hessian
Estimating row 34 out of 52 for hessian
Estimating row 35 out of 52 for hessian
Estimating row 36 out of 52 for hessian
Estimating row 37 out of 52 for hessian
Estimating row 38 out of 52 for hessian
Estimating row 39 out of 52 for hessian
Estimating row 40 out of 52 for hessian
Estimating row 41 out of 52 for hessian
Estimating row 42 out of 52 for hessian
Estimating row 43 out of 52 for hessian
Estimating row 44 out of 52 for hessian
Estimating row 45 out of 52 for hessian
Estimating row 46 out of 52 for hessian
Estimating row 47 out of 52 for hessian
Estimating row 48 out of 52 for hessian
Estimating row 49 out of 52 for hessian
Estimating row 50 out of 52 for hessian
Estimating row 51 out of 52 for hessian
Estimating row 52 out of 52 for hessian
size of file gradfil1.tmp = 0
size of file gradfil2.tmp = 0
size of file varssave.tmp = 0
size of file cmpdiff.tmp = 0
