
Initial statistics: 36 variables; iteration 0; function evaluation 0; phase 1
Function value 4.0560129e+03; maximum gradient component mag -6.8064e+03
Var    Value     Gradient |Var    Value     Gradient |Var    Value     Gradient
  1  0.06306 -6.80645e+03 |  2  0.04919  2.25026e+02 |  3  0.07842  2.64104e+02
  4 -0.05478 -3.86594e+01 |  5 -0.08285  1.85289e+02 |  6 -0.04895  6.14247e+01
  7 -0.13635  6.07382e+01 |  8 -0.12809  3.36024e+00 |  9  0.03004  1.27266e+01
 10  0.08553 -3.50789e+02 | 11 -0.05972 -1.78797e+02 | 12 -0.04837 -3.91889e+02
 13 -0.01143 -5.43541e+02 | 14  0.09372 -3.23454e+02 | 15 -0.00834 -1.87148e+02
 16 -0.04515 -1.31599e+02 | 17  0.03333 -3.29166e+02 | 18  0.03267 -3.81375e+02
 19  0.06517 -4.70344e+02 | 20  0.00008 -7.50626e+01 | 21 -0.18729 -1.95223e+02
 22 -0.05183 -1.10985e+02 | 23  0.04076  1.18142e+02 | 24  0.05939 -5.82841e+01
 25 -0.02671 -2.42805e+02 | 26  0.07913  2.53348e+02 | 27  0.09749  7.07100e+02
 28  0.03720  2.55569e+02 | 29  0.01629 -4.57081e+01 | 30  0.05844  2.05280e+02
 31  0.04840  2.69607e+02 | 32  0.04400  1.16083e+02 | 33  0.01540  4.08146e+02
 34 -0.03452  2.73675e+02 | 35 -0.00736  2.35670e+02 | 36 -0.03623  4.01724e+02

Intermediate statistics: 36 variables; iteration 20; function evaluation 32; phase 1
Function value 3.6747464e+03; maximum gradient component mag -2.2252e+03
Var    Value     Gradient |Var    Value     Gradient |Var    Value     Gradient
  1  0.07306 -2.22515e+03 |  2 -0.03911  3.50023e+01 |  3 -0.01306  5.55644e+01
  4 -0.06571  2.00535e+01 |  5 -0.18456  2.09684e+01 |  6 -0.05685  2.18121e+01
  7 -0.11669  6.37034e+01 |  8 -0.07646  4.46652e+01 |  9 -0.00974 -2.56366e+01
 10  0.13334 -5.08679e+01 | 11  0.03145  8.52537e+00 | 12  0.07237 -2.74312e+01
 13  0.05931 -1.12741e+02 | 14  0.08428 -1.10670e+02 | 15  0.06896  5.01410e+01
 16 -0.01630 -5.57393e+00 | 17  0.11391  5.07023e+01 | 18  0.12349 -5.09963e+01
 19  0.15839 -3.51527e+01 | 20  0.02736 -1.25897e+00 | 21  0.02112  1.96239e+01
 22  0.01224 -2.70077e+01 | 23 -0.01324 -2.29651e+00 | 24  0.05473  8.92982e+00
 25  0.05828 -2.40039e+01 | 26  0.00801 -3.73145e+01 | 27  0.00019  2.18888e+01
 28 -0.01596 -3.95521e+01 | 29  0.02543  4.85650e+00 | 30  0.01664  4.06140e+00
 31 -0.00338 -1.79451e+00 | 32  0.03785  2.13747e+01 | 33 -0.04164  5.50625e+01
 34 -0.07110  8.45275e+01 | 35 -0.06384  1.90499e+02 | 36 -0.32419  5.89330e+01
36 variables; iteration 40; function evaluation 68; phase 1
Function value 3.6515464e+03; maximum gradient component mag 2.8931e+02
Var    Value     Gradient |Var    Value     Gradient |Var    Value     Gradient
  1  0.08425  2.89312e+02 |  2 -0.03287 -2.66157e+00 |  3 -0.01394 -9.37797e+00
  4 -0.04571 -6.44371e+00 |  5 -0.15231 -1.30273e+00 |  6 -0.03953 -5.71431e+00
  7 -0.11208 -8.20594e+00 |  8 -0.06774 -4.84912e+00 |  9  0.01951 -1.10913e+01
 10  0.14343 -1.98359e+01 | 11  0.04027 -1.05309e+01 | 12  0.08302 -1.44289e+01
 13  0.09761 -1.13952e+01 | 14  0.11970 -9.40159e+00 | 15  0.06340 -5.37711e+00
 16 -0.00640 -1.16926e+01 | 17  0.09320 -1.04930e+01 | 18  0.13557 -2.66269e+00
 19  0.16258 -1.63060e+00 | 20  0.03514 -4.41410e+00 | 21  0.02466 -1.89825e+00
 22  0.02917 -1.05360e+00 | 23 -0.00877 -4.23607e+00 | 24  0.03588 -4.93616e+00
 25  0.04203 -2.80639e+00 | 26 -0.00423  1.57349e+00 | 27 -0.02406 -1.21556e+00
 28 -0.02308  9.46097e+00 | 29  0.00887  5.18253e+00 | 30  0.00020  5.08994e+00
 31 -0.01681  1.29580e+01 | 32  0.01898  3.57353e+01 | 33 -0.06021  3.07477e+01
 34 -0.09192  3.00711e+01 | 35 -0.09294  3.37532e+01 | 36 -0.38016 -3.25871e+00

 - final statistics:
36 variables; iteration 46; function evaluation 74
Function value 3.6512e+03; maximum gradient component mag 5.0034e+00
Exit code = 1;  converg criter 1.0000e+01
Var    Value     Gradient |Var    Value     Gradient |Var    Value     Gradient
  1  0.08560  5.00337e+00 |  2 -0.03176  1.49468e-02 |  3 -0.00884 -9.23719e-02
  4 -0.03999 -3.40135e-02 |  5 -0.14820 -2.49650e-02 |  6 -0.03256 -4.03170e-02
  7 -0.10288 -4.64822e-02 |  8 -0.06158 -3.23951e-02 |  9  0.02545 -8.48554e-02
 10  0.14888  1.28972e-01 | 11  0.04480 -4.77478e-02 | 12  0.08701 -8.20626e-02
 13  0.09936 -7.94712e-02 | 14  0.12072 -1.04910e-01 | 15  0.06310 -1.13836e-01
 16 -0.00429 -2.71365e-02 | 17  0.09290 -9.48114e-02 | 18  0.13277 -5.23894e-02
 19  0.15927 -8.15717e-02 | 20  0.03244 -4.30888e-02 | 21  0.02100 -4.51923e-02
 22  0.02536 -1.14887e-01 | 23 -0.01149 -9.81224e-02 | 24  0.03365 -1.56094e-01
 25  0.03942 -3.21447e-01 | 26 -0.00767 -2.76001e-01 | 27 -0.02670 -2.36002e-01
 28 -0.02789 -1.26213e-01 | 29  0.00512 -8.59470e-02 | 30 -0.00298 -1.39131e-02
 31 -0.02061  7.07053e-02 | 32  0.01477  3.61871e-01 | 33 -0.06475  5.03680e-01
 34 -0.09434  7.92506e-01 | 35 -0.09533  1.54780e+00 | 36 -0.38383  3.66848e-02

Initial statistics: 46 variables; iteration 0; function evaluation 0; phase 2
Function value 3.6512134e+03; maximum gradient component mag -1.3756e+04
Var    Value     Gradient |Var    Value     Gradient |Var    Value     Gradient
  1  0.08560  5.00337e+00 |  2 -0.03176 -1.15708e-02 |  3 -0.00884 -1.18920e-01
  4 -0.03999 -6.05118e-02 |  5 -0.14820 -5.07995e-02 |  6 -0.03256 -6.68330e-02
  7 -0.10288 -7.26869e-02 |  8 -0.06158 -5.88217e-02 |  9  0.02545 -1.11385e-01
 10  0.14888  1.03144e-01 | 11  0.04480 -7.42327e-02 | 12  0.08701 -1.08366e-01
 13  0.09936 -1.05699e-01 | 14  0.12072 -1.30984e-01 | 15  0.06310 -1.40256e-01
 16 -0.00429 -5.36865e-02 | 17  0.09290 -1.21080e-01 | 18  0.13277 -7.83648e-02
 19  0.15927 -1.07296e-01 | 20  0.03244 -6.96050e-02 | 21  0.02100 -7.17285e-02
 22  0.02536 -1.41417e-01 | 23 -0.01149 -1.24669e-01 | 24  0.03365 -1.82608e-01
 25  0.03942 -3.47947e-01 | 26 -0.00767 -3.02550e-01 | 27 -0.02670 -2.62529e-01
 28 -0.02789 -1.52738e-01 | 29  0.00512 -1.12497e-01 | 30 -0.00298 -4.04635e-02
 31 -0.02061  4.41685e-02 | 32  0.01477  3.35327e-01 | 33 -0.06475  4.77267e-01
 34 -0.09434  7.66246e-01 | 35 -0.09533  1.52154e+00 | 36 -0.38383  1.48154e-02
 37  0.20466 -1.37565e+04 | 38  0.22251  1.50820e+03 | 39  0.19489 -1.26438e+03
 40  0.28089  1.23188e+04 | 41 -0.04097  4.41151e+02 | 42 -0.88721  1.27973e+02
 43 -0.04867  4.30298e+02 | 44 -0.07798  2.09861e+02 | 45 -0.18865 -2.99057e+02
 46 -0.33080  7.51701e+02 |

Intermediate statistics: 46 variables; iteration 20; function evaluation 33; phase 2
Function value 3.2031954e+03; maximum gradient component mag -1.2376e+04
Var    Value     Gradient |Var    Value     Gradient |Var    Value     Gradient
  1  0.06851 -4.63311e+03 |  2  0.03534  9.62828e+01 |  3  0.09626  1.01737e+02
  4  0.05931  1.00296e+02 |  5 -0.07712  5.55438e+01 |  6  0.02891  6.73624e+01
  7 -0.07094  4.84591e+01 |  8 -0.05576  3.94578e+01 |  9 -0.00367  9.69527e+00
 10  0.12510  2.09127e+01 | 11 -0.05739 -6.44728e+01 | 12 -0.01305 -7.65382e+01
 13  0.05723  2.83237e+01 | 14  0.07395 -2.68921e+01 | 15  0.02235  1.60213e+01
 16 -0.08140 -3.47618e+01 | 17  0.02061 -3.24278e+01 | 18  0.07634 -8.03939e+01
 19  0.08849 -1.15234e+02 | 20 -0.05615 -6.33916e+01 | 21 -0.05048 -4.74968e+01
 22 -0.02456 -2.63730e+01 | 23 -0.04213  2.55518e+01 | 24  0.02426 -3.70813e+01
 25  0.03083 -1.14307e+02 | 26  0.01979 -2.48091e+01 | 27  0.01518  3.90497e+01
 28  0.00454  4.01742e+01 | 29  0.00256 -8.46555e+01 | 30  0.01644 -6.46305e+01
 31  0.00751 -3.03999e+01 | 32  0.04517 -6.44025e+01 | 33 -0.04456 -7.97826e+01
 34 -0.05899 -7.80048e+01 | 35 -0.04935 -1.07832e+02 | 36 -0.17712  1.63126e+02
 37  0.22709 -1.23763e+04 | 38  0.21397 -2.13818e+03 | 39  0.24138  2.50564e+02
 40  0.26090  7.17648e+03 | 41 -0.14862  5.71595e+02 | 42 -0.77453 -2.63267e+02
 43 -0.06936  2.68618e+00 | 44 -0.00572  8.51858e+02 | 45 -0.29114 -1.69393e+02
 46 -0.43083 -3.03718e+02 |
46 variables; iteration 40; function evaluation 58; phase 2
Function value 2.8117264e+03; maximum gradient component mag -2.1541e+03
Var    Value     Gradient |Var    Value     Gradient |Var    Value     Gradient
  1  0.04199 -1.18078e+03 |  2 -0.02959 -4.55308e+01 |  3  0.00995 -7.24402e+01
  4 -0.02937 -1.68783e+00 |  5 -0.17598 -2.69189e+01 |  6 -0.02284 -1.29310e+01
  7 -0.08774  7.15401e+01 |  8 -0.06971  2.47063e+01 |  9 -0.04738 -7.35732e+01
 10  0.14252  2.43739e+02 | 11 -0.00968  3.27369e+01 | 12  0.00037 -3.81459e+00
 13  0.04487  5.49444e+01 | 14  0.09493  1.04051e+02 | 15  0.06206  2.17471e+02
 16 -0.07284 -1.98807e+00 | 17 -0.05368 -1.93098e+02 | 18  0.07391  4.93231e+01
 19  0.09249  7.67693e+01 | 20 -0.04169  7.98772e+00 | 21 -0.07372 -9.42950e+01
 22  0.00149 -5.67280e+01 | 23 -0.02295 -7.61328e+01 | 24 -0.01076 -1.98209e+02
 25  0.05893 -9.28630e+01 | 26  0.06018 -1.12533e+02 | 27  0.05178 -3.81178e+01
 28  0.01478 -8.94215e+01 | 29  0.01206 -7.65050e+01 | 30  0.04500 -3.46820e+01
 31  0.06345  1.05422e+02 | 32  0.08897  5.06191e+01 | 33 -0.02046 -1.00614e+02
 34  0.02296  1.83351e+01 | 35  0.00582 -2.27382e+02 | 36 -0.19665  2.98061e+01
 37  0.27383 -2.15414e+03 | 38  0.23558 -3.71366e+02 | 39  0.25287 -2.71698e+01
 40  0.23728  9.87049e+00 | 41  0.30504  8.30567e+01 | 42 -0.80436 -5.65224e+01
 43 -0.29776 -9.01659e-01 | 44 -0.32028  1.20153e+02 | 45 -0.19031 -2.04552e+01
 46 -0.41549 -9.60807e+01 |
46 variables; iteration 60; function evaluation 89; phase 2
Function value 2.7478685e+03; maximum gradient component mag 1.7368e+01
Var    Value     Gradient |Var    Value     Gradient |Var    Value     Gradient
  1  0.03232 -5.49966e+00 |  2  0.00906  3.06205e-01 |  3  0.05170  1.14506e+00
  4 -0.01426  4.50163e-01 |  5 -0.13746  8.63281e-01 |  6 -0.02534 -1.06047e+00
  7 -0.12110  2.69212e+00 |  8 -0.07596  1.74124e+00 |  9  0.00183  1.90121e+00
 10  0.10189  5.36944e+00 | 11 -0.01805  1.86918e+00 | 12 -0.01254  1.01161e+00
 13  0.04496 -1.75736e+00 | 14  0.08529 -2.46808e+00 | 15  0.02517 -6.71482e-01
 16 -0.05701 -5.23298e-01 | 17 -0.00485 -6.86971e-01 | 18  0.03719  3.33379e-01
 19  0.06041 -4.43545e-01 | 20 -0.06956 -6.21332e-01 | 21 -0.06782 -3.53409e-01
 22 -0.00008 -2.17040e+00 | 23 -0.00909 -3.24563e+00 | 24  0.01710 -1.83452e+00
 25  0.04750 -2.12022e+00 | 26  0.06660 -3.02543e+00 | 27  0.04661 -2.36006e+00
 28  0.02088 -2.35005e+00 | 29  0.00607 -1.46135e+00 | 30  0.03443 -2.01384e+00
 31  0.03165 -2.52759e-01 | 32  0.07997 -2.67831e+00 | 33  0.00903  2.42563e-01
 34  0.01356  5.39140e+00 | 35  0.04163  1.32216e+01 | 36 -0.22484 -2.81301e-01
 37  0.30010  5.05693e+00 | 38  0.24895  1.74682e+00 | 39  0.26375 -9.99685e-01
 40  0.24775 -8.11641e+00 | 41  0.34786  1.28750e+01 | 42 -0.82370 -4.42845e+00
 43 -0.30005  1.73747e+00 | 44 -0.32817  1.73678e+01 | 45 -0.17090 -9.79515e-01
 46 -0.39469 -9.19513e+00 |

 - final statistics:
46 variables; iteration 63; function evaluation 92
Function value 2.7478e+03; maximum gradient component mag -2.1263e+00
Exit code = 1;  converg criter 1.0000e+01
Var    Value     Gradient |Var    Value     Gradient |Var    Value     Gradient
  1  0.03227  9.17601e-01 |  2  0.00937  4.44633e-01 |  3  0.05145  1.54787e-01
  4 -0.01474  8.09941e-02 |  5 -0.13852  8.28710e-02 |  6 -0.02570  3.50941e-01
  7 -0.12338 -1.14483e-01 |  8 -0.07732 -4.75004e-02 |  9  0.00174  1.87467e-01
 10  0.10196 -1.19334e-01 | 11 -0.01806 -1.41168e-01 | 12 -0.01260 -3.95223e-01
 13  0.04526 -1.31171e+00 | 14  0.08577 -1.22540e-01 | 15  0.02535  3.83482e-01
 16 -0.05694  3.68165e-01 | 17 -0.00465  7.61497e-01 | 18  0.03754 -1.08678e-01
 19  0.06080 -1.45548e-01 | 20 -0.06908 -8.39534e-02 | 21 -0.06732  2.50348e-02
 22  0.00052  2.12308e-01 | 23 -0.00847  3.14698e-01 | 24  0.01733 -7.40931e-02
 25  0.04787 -1.78143e-01 | 26  0.06681 -2.47939e-01 | 27  0.04683  3.76796e-03
 28  0.02118 -1.41676e-01 | 29  0.00649 -2.96715e-02 | 30  0.03489  8.82273e-02
 31  0.03172 -5.71604e-02 | 32  0.08044  9.39001e-02 | 33  0.00936  2.46960e-01
 34  0.01322  9.67695e-02 | 35  0.04053  6.99163e-01 | 36 -0.22529 -2.71344e-02
 37  0.29995 -2.12629e+00 | 38  0.24887 -1.09606e-01 | 39  0.26369  9.60066e-02
 40  0.24779  7.40145e-01 | 41  0.34783 -5.54242e-01 | 42 -0.82113  2.36639e-01
 43 -0.30029  6.65881e-02 | 44 -0.32880 -8.91635e-01 | 45 -0.17215 -7.24484e-02
 46 -0.39604  6.10803e-01 |

Initial statistics: 52 variables; iteration 0; function evaluation 0; phase 3
Function value 2.7478447e+03; maximum gradient component mag -1.6004e+03
Var    Value     Gradient |Var    Value     Gradient |Var    Value     Gradient
  1  0.03227  9.17601e-01 |  2  0.00936  4.09121e-01 |  3  0.05145  1.19388e-01
  4 -0.01474  4.54880e-02 |  5 -0.13852  4.81927e-02 |  6 -0.02570  3.15454e-01
  7 -0.12339 -1.49333e-01 |  8 -0.07732 -8.27544e-02 |  9  0.00174  1.51952e-01
 10  0.10196 -1.54395e-01 | 11 -0.01807 -1.76669e-01 | 12 -0.01260 -4.30731e-01
 13  0.04526 -1.34714e+00 | 14  0.08577 -1.57734e-01 | 15  0.02535  3.47994e-01
 16 -0.05694  3.32792e-01 | 17 -0.00465  7.25983e-01 | 18  0.03754 -1.44132e-01
 19  0.06080 -1.80902e-01 | 20 -0.06908 -1.19260e-01 | 21 -0.06732 -1.02825e-02
 22  0.00052  1.76792e-01 | 23 -0.00847  2.79186e-01 | 24  0.01733 -1.09596e-01
 25  0.04787 -2.13559e-01 | 26  0.06681 -2.83259e-01 | 27  0.04683 -3.16516e-02
 28  0.02118 -1.77172e-01 | 29  0.00648 -6.51853e-02 | 30  0.03489  5.27650e-02
 31  0.03172 -9.26320e-02 | 32  0.08043  5.86676e-02 | 33  0.00936  2.11448e-01
 34  0.01322  6.12616e-02 | 35  0.04053  6.63719e-01 | 36 -0.22529 -6.04493e-02
 37  0.29995 -2.12629e+00 | 38  0.24887 -1.09606e-01 | 39  0.26369  9.60066e-02
 40  0.24779  7.40145e-01 | 41  0.34783 -5.54242e-01 | 42 -0.82113  2.36639e-01
 43  0.81459  2.85054e+02 | 44 -0.26717 -1.60044e+03 | 45  0.03148 -1.06504e+03
 46 -0.30052  4.74592e+02 | 47  0.19629 -6.95701e+02 | 48 -0.34535  5.43190e+02
 49 -0.30029  6.65881e-02 | 50 -0.32880 -8.91635e-01 | 51 -0.17215 -7.24484e-02
 52 -0.39604  6.10803e-01 |

Intermediate statistics: 52 variables; iteration 20; function evaluation 31; phase 3
Function value 2.1881639e+03; maximum gradient component mag -2.7960e+03
Var    Value     Gradient |Var    Value     Gradient |Var    Value     Gradient
  1  0.03423  1.28118e+03 |  2  0.01953  1.43939e+01 |  3  0.06151  3.11301e+01
  4 -0.00648 -1.08904e+01 |  5 -0.13290 -2.47794e+01 |  6 -0.02038 -1.55570e+01
  7 -0.12023 -3.47141e+01 |  8 -0.06989 -2.51134e+01 |  9  0.01148 -3.83886e+01
 10  0.11080 -1.02350e+02 | 11 -0.03084 -4.15427e+01 | 12 -0.00384 -8.89285e+01
 13  0.04399 -3.96382e+01 | 14  0.08054 -9.33097e+00 | 15 -0.03888 -6.04314e+01
 16 -0.00038  5.25582e+01 | 17 -0.01934 -8.07503e+01 | 18  0.00717 -1.92506e+02
 19  0.05603 -1.90552e+02 | 20 -0.06432 -1.40719e+02 | 21 -0.15813 -1.16156e+02
 22 -0.03410 -2.78863e+01 | 23  0.03993 -7.21173e+01 | 24 -0.01535 -1.41905e+02
 25 -0.01283 -7.99859e+01 | 26  0.05394 -2.66846e+02 | 27  0.03250 -1.25950e+02
 28  0.01790 -8.15823e+01 | 29 -0.01011 -6.26130e+01 | 30  0.00940  3.44168e+01
 31  0.03078  8.22137e+01 | 32  0.09186  4.11491e+02 | 33  0.02220  3.66375e+02
 34  0.00301  5.21698e+02 | 35  0.04396  4.86303e+02 | 36 -0.00296 -5.18964e+00
 37  0.26952 -2.79596e+03 | 38  0.30078  9.86096e+02 | 39  0.25426 -5.78795e+02
 40  0.26429  1.65683e+03 | 41  0.34596 -3.17992e+02 | 42 -0.82006  1.98357e+02
 43  0.52016  1.37922e+02 | 44 -0.11729  1.38908e+02 | 45  0.53329 -7.21162e+01
 46 -0.40487  2.18062e+02 | 47  0.21536 -5.76654e+02 | 48 -0.48064  2.03427e+02
 49 -0.29437  4.63963e+01 | 50 -0.33203 -5.13492e+02 | 51 -0.16148 -1.83013e+01
 52 -0.39268  4.57466e+02 |
52 variables; iteration 40; function evaluation 52; phase 3
Function value 2.1688512e+03; maximum gradient component mag -1.5080e+03
Var    Value     Gradient |Var    Value     Gradient |Var    Value     Gradient
  1  0.03451 -8.28983e+02 |  2  0.03359  5.13472e+01 |  3  0.05320  3.73571e+00
  4 -0.00153  2.21840e+00 |  5 -0.10919  1.78387e+01 |  6 -0.02470 -2.69027e+01
  7 -0.12728 -4.78569e+01 |  8 -0.03660  3.75517e+01 |  9  0.02784  6.73936e+00
 10  0.10291 -8.66073e+01 | 11 -0.05054 -6.08937e+01 | 12  0.00759 -2.31759e+01
 13  0.03065 -3.22195e+01 | 14  0.07896 -3.66507e+01 | 15 -0.05070 -9.38969e+01
 16 -0.00250  6.09050e+01 | 17 -0.01982 -3.56966e+01 | 18  0.01165 -1.25499e+02
 19  0.05568 -1.20016e+02 | 20 -0.07706 -1.42539e+02 | 21 -0.14819 -7.40100e+01
 22 -0.01799  6.77732e+01 | 23  0.03411 -5.96499e+01 | 24 -0.01655 -1.23868e+02
 25 -0.02096 -9.51364e+01 | 26  0.05541 -2.00042e+02 | 27  0.02916 -1.36867e+02
 28  0.01427 -8.84798e+01 | 29 -0.00138  1.00613e+01 | 30 -0.00283 -5.08102e+01
 31  0.02854  2.99691e+00 | 32  0.08686  1.65226e+02 | 33  0.01326  9.12236e+01
 34  0.00113  1.89980e+02 | 35  0.04073  2.26229e+02 | 36 -0.02074 -1.35857e+01
 37  0.27343 -1.50804e+03 | 38  0.29742  5.10025e+02 | 39  0.25758 -4.21000e+02
 40  0.26364  1.00637e+03 | 41  0.21481 -2.35611e+02 | 42 -0.80590  2.19989e+02
 43  0.50907  4.77786e+01 | 44 -0.12866  1.76521e+02 | 45  0.52332 -1.88550e+01
 46 -0.41394  9.30924e+01 | 47  0.21989 -3.00323e+02 | 48 -0.47968  1.00700e+02
 49 -0.19921  3.17129e+01 | 50 -0.23782 -3.69174e+02 | 51 -0.14938  9.55403e+00
 52 -0.39751  4.45031e+02 |
52 variables; iteration 60; function evaluation 82; phase 3
Function value 2.1187064e+03; maximum gradient component mag 1.2244e+03
Var    Value     Gradient |Var    Value     Gradient |Var    Value     Gradient
  1  0.03137 -8.55555e+02 |  2  0.00316 -1.89368e+01 |  3  0.05626 -1.81517e+01
  4 -0.01207  8.77818e+00 |  5 -0.13302  1.88317e+01 |  6 -0.01960  1.97721e+01
  7 -0.12186  9.63852e+00 |  8 -0.07528  1.29492e+01 |  9  0.01083  2.90298e+01
 10  0.10366  3.82271e+01 | 11 -0.02244  1.96870e+01 | 12 -0.00791  4.31482e+01
 13  0.04626  9.02342e+01 | 14  0.08136  1.07057e+02 | 15 -0.01424 -2.36779e+01
 16 -0.02187  5.92942e+01 | 17 -0.01560 -3.14106e+00 | 18  0.01318 -5.11650e+01
 19  0.04863 -1.74039e+01 | 20 -0.05024 -1.90151e+01 | 21 -0.15895 -5.59709e+01
 22 -0.04008  1.33591e+01 | 23  0.04625  7.07112e+01 | 24 -0.00562  7.50265e+00
 25 -0.01180  1.37466e+01 | 26  0.06550  6.19652e+01 | 27  0.03931 -3.32694e+00
 28  0.01516 -2.88337e+01 | 29 -0.01005 -1.85834e+01 | 30  0.00688 -2.27291e+01
 31  0.03106 -2.08018e+01 | 32  0.07397 -9.92445e+00 | 33  0.02194 -3.88014e+01
 34 -0.00252 -9.12069e+01 | 35  0.02393 -1.11433e+02 | 36  0.03706  5.58815e+01
 37  0.28735  1.22439e+03 | 38  0.28317 -2.86625e+02 | 39  0.26888  4.38753e+01
 40  0.26258 -7.88257e+01 | 41  0.57171 -8.46815e+01 | 42 -0.79551  8.87296e+01
 43  0.47258  2.41837e+01 | 44 -0.30870  5.17827e+01 | 45  0.40897 -9.06806e+01
 46 -0.43904  1.84382e+02 | 47  0.22318 -2.42954e+02 | 48 -0.47598  1.85743e+02
 49 -0.43839 -4.02881e+01 | 50 -0.47380 -1.07031e+02 | 51 -0.16310  5.86206e+01
 52 -0.41571  1.21960e+02 |
52 variables; iteration 80; function evaluation 102; phase 3
Function value 2.1003424e+03; maximum gradient component mag -8.4371e-01
Var    Value     Gradient |Var    Value     Gradient |Var    Value     Gradient
  1  0.03310 -8.43710e-01 |  2  0.00823  2.35923e-02 |  3  0.05129  1.56835e-02
  4 -0.01299  2.67201e-02 |  5 -0.13641 -2.10936e-03 |  6 -0.02237  1.26401e-02
  7 -0.11848  1.60388e-02 |  8 -0.07252  1.05176e-02 |  9  0.00826 -1.25822e-02
 10  0.10580 -3.65077e-02 | 11 -0.02186  4.53481e-03 | 12 -0.00368 -3.03050e-02
 13  0.03669 -9.51640e-02 | 14  0.07728 -4.05887e-02 | 15 -0.00508 -1.22183e-03
 16 -0.03261 -3.53661e-03 | 17 -0.01463  1.52367e-02 | 18  0.02651  1.43546e-02
 19  0.05064  3.66473e-02 | 20 -0.05078  2.01041e-02 | 21 -0.13294  1.99547e-02
 22 -0.04024  1.56318e-02 | 23  0.03606 -1.50727e-02 | 24  0.00014 -2.47183e-02
 25 -0.01489 -1.72482e-02 | 26  0.06186 -9.82550e-02 | 27  0.03997 -2.84707e-02
 28  0.01694 -1.17827e-02 | 29 -0.00682  4.32414e-03 | 30  0.00930  4.54823e-03
 31  0.03637  2.95143e-02 | 32  0.07542  5.73179e-02 | 33  0.01967  4.44078e-02
 34 -0.00210  2.84419e-02 | 35  0.03025 -2.35251e-02 | 36 -0.00406  7.67585e-03
 37  0.27416 -3.06902e-02 | 38  0.28510 -8.21104e-02 | 39  0.26647  1.97075e-03
 40  0.26057 -1.27192e-01 | 41  0.46678  2.23094e-02 | 42 -0.80061  1.11896e-02
 43  0.40320 -2.56694e-03 | 44 -0.35040  1.87396e-02 | 45  0.44350 -5.79023e-03
 46 -0.43669  1.07883e-03 | 47  0.22506 -2.38121e-02 | 48 -0.47763 -1.89229e-02
 49 -0.38124  3.14334e-02 | 50 -0.41188 -4.38247e-03 | 51 -0.17875 -2.82871e-02
 52 -0.41429  6.13776e-02 |
52 variables; iteration 100; function evaluation 124; phase 3
Function value 2.1003419e+03; maximum gradient component mag -5.1192e+00
Var    Value     Gradient |Var    Value     Gradient |Var    Value     Gradient
  1  0.03310 -5.11916e+00 |  2  0.00823  8.04865e-02 |  3  0.05130  6.38064e-02
  4 -0.01299  7.11278e-02 |  5 -0.13640  5.36580e-02 |  6 -0.02236  5.57193e-02
  7 -0.11847  8.11547e-02 |  8 -0.07252  5.59140e-02 |  9  0.00826  1.76241e-02
 10  0.10580 -6.56823e-02 | 11 -0.02187  1.99260e-02 | 12 -0.00369 -2.98520e-02
 13  0.03669 -1.26330e-01 | 14  0.07728 -1.31605e-01 | 15 -0.00507 -5.26062e-03
 16 -0.03262 -4.31527e-02 | 17 -0.01463  3.23664e-02 | 18  0.02651  2.39356e-02
 19  0.05063 -3.12673e-02 | 20 -0.05078  2.84285e-02 | 21 -0.13294  4.34626e-02
 22 -0.04024  3.79040e-02 | 23  0.03605 -3.28370e-02 | 24  0.00014 -1.82191e-02
 25 -0.01489  1.82596e-02 | 26  0.06185 -1.97380e-01 | 27  0.03997 -1.10940e-01
 28  0.01694 -9.27914e-02 | 29 -0.00682 -1.87963e-02 | 30  0.00929 -4.52288e-03
 31  0.03638  4.44316e-02 | 32  0.07541 -4.05859e-02 | 33  0.01967  1.74675e-02
 34 -0.00210  4.01313e-02 | 35  0.03025 -1.29849e-02 | 36 -0.00406  8.28108e-02
 37  0.27416 -1.87737e-01 | 38  0.28510 -2.62148e-01 | 39  0.26647 -4.66636e-02
 40  0.26057 -4.61655e-01 | 41  0.39477 -1.05495e+00 | 42 -0.77979  7.02806e-01
 43  0.40320 -1.13936e-02 | 44 -0.35040  1.34783e-02 | 45  0.44350  2.21619e-03
 46 -0.43669  2.15717e-02 | 47  0.22506  3.56649e-03 | 48 -0.47763 -7.04255e-04
 49 -0.33565 -1.10189e-01 | 50 -0.36481 -1.48435e+00 | 51 -0.18798  6.35440e-02
 52 -0.42547  1.19954e+00 |
52 variables; iteration 120; function evaluation 149; phase 3
Function value 2.1003412e+03; maximum gradient component mag -2.4255e+00
Var    Value     Gradient |Var    Value     Gradient |Var    Value     Gradient
  1  0.03310 -2.42552e+00 |  2  0.00823  3.14616e-02 |  3  0.05129  2.00113e-02
  4 -0.01299  3.06097e-02 |  5 -0.13640  2.73202e-02 |  6 -0.02237  2.17971e-02
  7 -0.11848  3.71698e-02 |  8 -0.07252  2.82362e-02 |  9  0.00827  1.14136e-02
 10  0.10580 -2.51994e-02 | 11 -0.02187  1.77269e-02 | 12 -0.00368  3.55439e-03
 13  0.03670 -2.39185e-02 | 14  0.07728 -6.59657e-02 | 15 -0.00508 -3.00860e-02
 16 -0.03261 -2.44597e-02 | 17 -0.01463  8.88903e-04 | 18  0.02651  9.15812e-03
 19  0.05064 -6.13566e-03 | 20 -0.05078  1.42895e-02 | 21 -0.13294  1.81080e-02
 22 -0.04024  1.23664e-02 | 23  0.03606 -1.39412e-02 | 24  0.00014 -5.06285e-03
 25 -0.01489  1.19036e-02 | 26  0.06186 -6.35045e-02 | 27  0.03997 -5.95603e-02
 28  0.01694 -5.02022e-02 | 29 -0.00682 -1.37414e-02 | 30  0.00929  1.40766e-03
 31  0.03637  1.17986e-02 | 32  0.07541 -1.90232e-02 | 33  0.01967 -2.57586e-05
 34 -0.00210  1.70144e-02 | 35  0.03025 -4.03308e-04 | 36 -0.00405  4.12105e-02
 37  0.27416 -1.25022e-01 | 38  0.28510 -1.14418e-01 | 39  0.26647 -3.65825e-02
 40  0.26057 -1.82856e-01 | 41  0.26389 -6.59521e-01 | 42 -0.75705  4.04596e-01
 43  0.40320  3.54034e-03 | 44 -0.35040  8.01101e-04 | 45  0.44351  5.88917e-03
 46 -0.43669  1.18926e-03 | 47  0.22506 -1.76879e-02 | 48 -0.47763  1.67061e-02
 49 -0.24850 -7.23949e-02 | 50 -0.27564 -8.85009e-01 | 51 -0.19909  4.62183e-02
 52 -0.43912  6.09966e-01 |
52 variables; iteration 140; function evaluation 172; phase 3
Function value 2.1003406e+03; maximum gradient component mag 7.1301e-01
Var    Value     Gradient |Var    Value     Gradient |Var    Value     Gradient
  1  0.03310 -2.58981e-01 |  2  0.00823  2.86493e-02 |  3  0.05130  3.65116e-02
  4 -0.01299  2.32357e-02 |  5 -0.13640 -8.35331e-03 |  6 -0.02236  1.21305e-02
  7 -0.11847  1.21340e-02 |  8 -0.07252 -3.40987e-03 |  9  0.00826 -2.41633e-02
 10  0.10580 -5.41514e-02 | 11 -0.02187 -1.83201e-02 | 12 -0.00369 -5.88974e-02
 13  0.03669 -1.40157e-01 | 14  0.07728 -2.88752e-02 | 15 -0.00507  1.66513e-02
 16 -0.03262 -3.14684e-02 | 17 -0.01463  1.30963e-02 | 18  0.02651  3.38187e-02
 19  0.05064  1.36152e-02 | 20 -0.05078  2.41242e-02 | 21 -0.13294  2.25675e-02
 22 -0.04024  2.73164e-02 | 23  0.03605 -4.38944e-03 | 24  0.00014 -1.88952e-02
 25 -0.01489 -1.59004e-02 | 26  0.06185 -1.10042e-01 | 27  0.03997  3.67556e-02
 28  0.01694  3.81118e-02 | 29 -0.00682  2.99143e-02 | 30  0.00929  1.83703e-02
 31  0.03637  5.92604e-02 | 32  0.07541  4.50896e-02 | 33  0.01967  5.91455e-02
 34 -0.00210  2.31194e-02 | 35  0.03025 -6.28266e-02 | 36 -0.00406 -7.39840e-03
 37  0.27416  1.62636e-01 | 38  0.28510 -1.43241e-02 | 39  0.26647  2.41632e-02
 40  0.26057 -1.66999e-02 | 41  0.01850  5.29868e-01 | 42 -0.73101 -2.22722e-01
 43  0.40320 -3.82524e-02 | 44 -0.35040  1.62669e-02 | 45  0.44350 -2.47844e-02
 46 -0.43669  8.25279e-03 | 47  0.22506  2.01101e-02 | 48 -0.47763 -3.74457e-02
 49 -0.07886  4.69994e-02 | 50 -0.10398  7.13010e-01 | 51 -0.21322 -5.08158e-02
 52 -0.45666 -2.65130e-01 |
52 variables; iteration 160; function evaluation 196; phase 3
Function value 2.1003405e+03; maximum gradient component mag 3.0472e-01
Var    Value     Gradient |Var    Value     Gradient |Var    Value     Gradient
  1  0.03310  3.04724e-01 |  2  0.00822 -1.94906e-03 |  3  0.05129  2.78763e-04
  4 -0.01299 -2.64328e-03 |  5 -0.13640 -6.06512e-03 |  6 -0.02236 -3.56224e-03
  7 -0.11848 -3.41563e-03 |  8 -0.07252 -5.36871e-03 |  9  0.00827 -6.22787e-03
 10  0.10580 -6.07064e-03 | 11 -0.02187 -4.96305e-03 | 12 -0.00368 -7.40836e-03
 13  0.03670 -1.24578e-02 | 14  0.07728 -7.65692e-04 | 15 -0.00508  7.32679e-04
 16 -0.03261 -3.41265e-03 | 17 -0.01463 -1.81045e-03 | 18  0.02651  5.18071e-03
 19  0.05064  9.78039e-03 | 20 -0.05078  1.86505e-03 | 21 -0.13295  4.98202e-04
 22 -0.04025 -2.00023e-04 | 23  0.03605 -3.57207e-03 | 24  0.00014 -5.88849e-03
 25 -0.01489 -8.81375e-03 | 26  0.06186 -2.39600e-02 | 27  0.03997  1.21258e-02
 28  0.01694  1.02150e-02 | 29 -0.00682  6.92538e-03 | 30  0.00929  4.21155e-03
 31  0.03637  8.29398e-03 | 32  0.07542  1.61928e-02 | 33  0.01967  1.32535e-02
 34 -0.00210  6.11854e-03 | 35  0.03025 -1.47826e-02 | 36 -0.00405 -8.86979e-03
 37  0.27416  3.55118e-02 | 38  0.28510  5.88543e-03 | 39  0.26647  1.14311e-02
 40  0.26057  2.42894e-02 | 41 -0.08307  1.90410e-01 | 42 -0.71903 -9.24436e-02
 43  0.40320 -6.23281e-03 | 44 -0.35040  2.39187e-03 | 45  0.44351 -1.85582e-03
 46 -0.43669 -3.30025e-03 | 47  0.22506  1.56698e-02 | 48 -0.47763 -1.72810e-02
 49 -0.00900  1.27442e-02 | 50 -0.03388  2.66604e-01 | 51 -0.22019 -9.43634e-03
 52 -0.46545 -1.10165e-01 |
52 variables; iteration 180; function evaluation 218; phase 3
Function value 2.1003405e+03; maximum gradient component mag -7.2111e-02
Var    Value     Gradient |Var    Value     Gradient |Var    Value     Gradient
  1  0.03310 -7.21114e-02 |  2  0.00822  5.21081e-04 |  3  0.05129  5.30043e-04
  4 -0.01300  5.89036e-04 |  5 -0.13640  1.34222e-03 |  6 -0.02237  1.01709e-03
  7 -0.11848  8.62212e-04 |  8 -0.07252  1.28594e-03 |  9  0.00827  1.52367e-03
 10  0.10580  1.79301e-03 | 11 -0.02187  1.22104e-03 | 12 -0.00368  1.76776e-03
 13  0.03670  2.47046e-03 | 14  0.07728 -2.01838e-03 | 15 -0.00508  3.98337e-05
 16 -0.03261  8.88771e-04 | 17 -0.01463  1.25259e-04 | 18  0.02651 -3.06895e-04
 19  0.05064 -7.07790e-04 | 20 -0.05078 -2.95044e-04 | 21 -0.13295  2.97274e-04
 22 -0.04025 -4.52927e-04 | 23  0.03606 -1.45306e-03 | 24  0.00014 -7.93396e-05
 25 -0.01489  2.58904e-04 | 26  0.06186 -5.03488e-03 | 27  0.03997 -2.46880e-03
 28  0.01694 -2.60923e-03 | 29 -0.00682  2.55839e-04 | 30  0.00929 -7.09432e-05
 31  0.03637 -1.78969e-04 | 32  0.07542  6.92866e-04 | 33  0.01967 -4.21586e-05
 34 -0.00210  3.74445e-04 | 35  0.03025 -3.61601e-03 | 36 -0.00405  1.48522e-03
 37  0.27416 -4.20776e-03 | 38  0.28510 -1.06228e-03 | 39  0.26647 -1.89447e-03
 40  0.26057 -7.26277e-03 | 41 -0.12127 -2.50408e-02 | 42 -0.71304  1.32511e-02
 43  0.40320  2.25944e-04 | 44 -0.35040 -1.50249e-04 | 45  0.44351 -6.97168e-05
 46 -0.43669 -1.65541e-04 | 47  0.22506 -1.03664e-03 | 48 -0.47763 -1.60845e-03
 49  0.01692 -1.94832e-03 | 50 -0.00795 -3.42005e-02 | 51 -0.22379  1.45060e-03
 52 -0.47002  2.06273e-02 |
52 variables; iteration 200; function evaluation 239; phase 3
Function value 2.1003405e+03; maximum gradient component mag -2.0995e-01
Var    Value     Gradient |Var    Value     Gradient |Var    Value     Gradient
  1  0.03310 -2.09948e-01 |  2  0.00822  2.58530e-03 |  3  0.05129  1.44489e-03
  4 -0.01300  2.44969e-03 |  5 -0.13640  2.18404e-03 |  6 -0.02237  1.88850e-03
  7 -0.11848  2.75303e-03 |  8 -0.07252  2.58439e-03 |  9  0.00827  1.34763e-03
 10  0.10580 -1.50361e-03 | 11 -0.02187  1.52997e-03 | 12 -0.00368  3.82584e-04
 13  0.03670 -1.50720e-03 | 14  0.07728 -2.38478e-03 | 15 -0.00508 -1.28818e-03
 16 -0.03261 -9.62029e-04 | 17 -0.01463  2.73399e-04 | 18  0.02651 -6.13549e-04
 19  0.05064 -1.00506e-03 | 20 -0.05078  4.60731e-04 | 21 -0.13295  2.96758e-04
 22 -0.04025  6.15230e-04 | 23  0.03606 -5.02504e-04 | 24  0.00014 -7.51631e-04
 25 -0.01489  1.16518e-03 | 26  0.06186 -6.05942e-05 | 27  0.03997 -5.81951e-03
 28  0.01694 -4.88482e-03 | 29 -0.00682 -2.71933e-03 | 30  0.00929 -1.10045e-03
 31  0.03637 -1.24894e-03 | 32  0.07542 -4.34738e-03 | 33  0.01967 -2.86517e-03
 34 -0.00210 -8.47587e-04 | 35  0.03025  5.09422e-03 | 36 -0.00405  4.20210e-03
 37  0.27416 -9.35814e-03 | 38  0.28510 -1.11277e-02 | 39  0.26647 -2.41101e-03
 40  0.26057 -1.33539e-02 | 41 -0.16171 -8.81446e-02 | 42 -0.70142  7.40890e-02
 43  0.40320  7.66830e-04 | 44 -0.35040  1.90082e-04 | 45  0.44351  9.43293e-04
 46 -0.43668  1.22581e-03 | 47  0.22506 -1.75198e-03 | 48 -0.47763  3.75411e-03
 49  0.04408 -7.08969e-03 | 50  0.01917 -1.23759e-01 | 51 -0.23102  5.07439e-03
 52 -0.47923  9.09325e-02 |
52 variables; iteration 220; function evaluation 263; phase 3
Function value 2.1003405e+03; maximum gradient component mag -2.5421e-01
Var    Value     Gradient |Var    Value     Gradient |Var    Value     Gradient
  1  0.03310 -2.54212e-01 |  2  0.00822  3.00378e-03 |  3  0.05129  1.62191e-03
  4 -0.01300  2.76156e-03 |  5 -0.13640  3.05487e-03 |  6 -0.02237  2.30102e-03
  7 -0.11848  3.36589e-03 |  8 -0.07252  3.33965e-03 |  9  0.00827  2.20658e-03
 10  0.10580 -4.98144e-04 | 11 -0.02187  2.25544e-03 | 12 -0.00368  1.66964e-03
 13  0.03670  3.23738e-04 | 14  0.07728 -3.74355e-03 | 15 -0.00508 -1.22675e-03
 16 -0.03261  3.81819e-04 | 17 -0.01463  1.13652e-03 | 18  0.02651 -5.77135e-04
 19  0.05064 -2.42828e-04 | 20 -0.05078  5.33893e-04 | 21 -0.13295  6.32294e-04
 22 -0.04025  1.06166e-04 | 23  0.03606 -1.69160e-03 | 24  0.00014 -9.47956e-04
 25 -0.01489  1.12172e-03 | 26  0.06186 -3.01396e-03 | 27  0.03997 -8.36506e-03
 28  0.01694 -7.26678e-03 | 29 -0.00682 -3.39167e-03 | 30  0.00929 -1.56387e-03
 31  0.03637 -1.48482e-03 | 32  0.07542 -4.31185e-03 | 33  0.01967 -2.98666e-03
 34 -0.00210 -9.82586e-05 | 35  0.03025  4.57465e-03 | 36 -0.00405  5.24279e-03
 37  0.27416 -1.42627e-02 | 38  0.28510 -1.03192e-02 | 39  0.26647 -3.85205e-03
 40  0.26057 -2.02351e-02 | 41 -0.19081 -1.11337e-01 | 42 -0.68724  9.07001e-02
 43  0.40320  1.42129e-03 | 44 -0.35040 -2.82412e-05 | 45  0.44351  1.12993e-03
 46 -0.43668  1.15749e-03 | 47  0.22506 -3.28276e-03 | 48 -0.47763  3.22871e-03
 49  0.06338 -8.72920e-03 | 50  0.03843 -1.58456e-01 | 51 -0.24024  6.12956e-03
 52 -0.49112  1.03072e-01 |
52 variables; iteration 240; function evaluation 288; phase 3
Function value 2.1003405e+03; maximum gradient component mag -7.2523e-01
Var    Value     Gradient |Var    Value     Gradient |Var    Value     Gradient
  1  0.03310 -7.25228e-01 |  2  0.00822  7.62283e-03 |  3  0.05129  4.40416e-03
  4 -0.01300  7.63698e-03 |  5 -0.13640  9.90516e-03 |  6 -0.02237  7.31460e-03
  7 -0.11848  1.00110e-02 |  8 -0.07252  9.71138e-03 |  9  0.00827  7.53899e-03
 10  0.10580  1.31803e-03 | 11 -0.02187  6.30068e-03 | 12 -0.00368  5.79713e-03
 13  0.03670  2.05498e-03 | 14  0.07728 -1.50705e-02 | 15 -0.00508 -4.64302e-03
 16 -0.03261 -2.81983e-03 | 17 -0.01463 -2.85653e-04 | 18  0.02651 -9.73486e-04
 19  0.05064 -3.01744e-03 | 20 -0.05078  8.07587e-05 | 21 -0.13295  1.34628e-03
 22 -0.04025 -4.76156e-04 | 23  0.03606 -5.51174e-03 | 24  0.00014 -1.55927e-03
 25 -0.01489  3.47245e-03 | 26  0.06186 -1.33840e-02 | 27  0.03997 -1.93497e-02
 28  0.01694 -1.86471e-02 | 29 -0.00682 -6.15111e-03 | 30  0.00929 -2.57250e-03
 31  0.03637 -1.31697e-03 | 32  0.07542 -6.44518e-03 | 33  0.01967 -4.15440e-03
 34 -0.00210  2.78668e-03 | 35  0.03025  3.13258e-03 | 36 -0.00405  1.54411e-02
 37  0.27416 -2.87607e-02 | 38  0.28510 -2.06201e-02 | 39  0.26647 -8.96456e-03
 40  0.26057 -3.99871e-02 | 41 -0.20071 -3.20513e-01 | 42 -0.66996  3.29932e-01
 43  0.40320  3.04765e-03 | 44 -0.35040 -6.62412e-04 | 45  0.44351  2.25231e-03
 46 -0.43668  1.41768e-03 | 47  0.22506 -3.31873e-03 | 48 -0.47763  6.43760e-04
 49  0.06991 -2.42405e-02 | 50  0.04493 -4.62690e-01 | 51 -0.25208  1.96342e-02
 52 -0.50660  3.41819e-01 |
52 variables; iteration 260; function evaluation 311; phase 3
Function value 2.1003404e+03; maximum gradient component mag 7.1220e-01
Var    Value     Gradient |Var    Value     Gradient |Var    Value     Gradient
  1  0.03310  7.12198e-01 |  2  0.00822 -8.25397e-03 |  3  0.05129 -5.49750e-03
  4 -0.01300 -7.73726e-03 |  5 -0.13640 -8.89804e-03 |  6 -0.02237 -7.71242e-03
  7 -0.11848 -1.06407e-02 |  8 -0.07252 -9.15330e-03 |  9  0.00827 -6.64707e-03
 10  0.10580  1.17551e-03 | 11 -0.02187 -5.91834e-03 | 12 -0.00368 -4.15944e-03
 13  0.03670 -2.16618e-03 | 14  0.07728  1.29758e-02 | 15 -0.00508 -2.36100e-03
 16 -0.03261 -3.64138e-03 | 17 -0.01463 -9.04993e-03 | 18  0.02651  3.92778e-03
 19  0.05064  1.27550e-02 | 20 -0.05078 -2.67959e-04 | 21 -0.13295 -5.00428e-03
 22 -0.04025 -4.74355e-03 | 23  0.03606  1.39568e-03 | 24  0.00014 -2.31168e-03
 25 -0.01489 -8.67762e-03 | 26  0.06186  9.51536e-03 | 27  0.03997  2.57723e-02
 28  0.01694  2.15557e-02 | 29 -0.00682  8.13175e-03 | 30  0.00929  5.71177e-03
 31  0.03637  4.42221e-03 | 32  0.07542  1.70777e-02 | 33  0.01967  9.31069e-03
 34 -0.00210 -1.68211e-03 | 35  0.03025 -7.10439e-03 | 36 -0.00405 -1.18662e-02
 37  0.27416  8.09165e-02 | 38  0.28510  4.96691e-02 | 39  0.26647  1.55084e-02
 40  0.26057  1.08230e-01 | 41 -0.13133  1.82505e-01 | 42 -0.64481  4.65693e-03
 43  0.40320 -2.73093e-03 | 44 -0.35040 -2.76376e-03 | 45  0.44351 -4.53192e-03
 46 -0.43669 -5.20996e-03 | 47  0.22506  7.15419e-03 | 48 -0.47763 -9.07079e-03
 49  0.02372  1.84833e-02 | 50 -0.00116  2.53804e-01 | 51 -0.27053 -4.48741e-03
 52 -0.53127  8.15871e-03 |
52 variables; iteration 280; function evaluation 334; phase 3
Function value 2.1003404e+03; maximum gradient component mag 1.2149e-01
Var    Value     Gradient |Var    Value     Gradient |Var    Value     Gradient
  1  0.03310  1.21492e-01 |  2  0.00822 -1.49132e-03 |  3  0.05129 -9.39418e-04
  4 -0.01300 -1.43289e-03 |  5 -0.13640 -1.44203e-03 |  6 -0.02237 -1.23937e-03
  7 -0.11848 -1.78980e-03 |  8 -0.07252 -1.49428e-03 |  9  0.00827 -9.18684e-04
 10  0.10580  6.22552e-04 | 11 -0.02187 -8.27638e-04 | 12 -0.00368 -3.54928e-04
 13  0.03670  5.29650e-04 | 14  0.07728  1.99953e-03 | 15 -0.00508  1.23500e-04
 16 -0.03261  1.73332e-04 | 17 -0.01463 -9.15257e-04 | 18  0.02651  5.18659e-04
 19  0.05064  1.72422e-03 | 20 -0.05078 -1.20814e-04 | 21 -0.13295 -5.65880e-04
 22 -0.04025 -7.13210e-04 | 23  0.03606  5.29640e-05 | 24  0.00014 -1.80372e-04
 25 -0.01489 -1.30084e-03 | 26  0.06186  2.15885e-04 | 27  0.03997  3.69419e-03
 28  0.01694  3.14973e-03 | 29 -0.00682  1.53305e-03 | 30  0.00929  8.54724e-04
 31  0.03637  6.21770e-04 | 32  0.07542  2.77926e-03 | 33  0.01967  1.48595e-03
 34 -0.00210 -1.50385e-04 | 35  0.03025 -2.24372e-03 | 36 -0.00405 -2.25273e-03
 37  0.27416  1.02473e-02 | 38  0.28510  7.40374e-03 | 39  0.26647  1.90476e-03
 40  0.26057  1.33678e-02 | 41 -0.06126  4.14780e-02 | 42 -0.63414 -2.41985e-02
 43  0.40320 -4.77747e-04 | 44 -0.35040 -3.22464e-04 | 45  0.44351 -6.93961e-04
 46 -0.43668 -8.44947e-04 | 47  0.22506  8.62812e-04 | 48 -0.47763 -1.79346e-03
 49 -0.02390  3.42431e-03 | 50 -0.04881  5.71001e-02 | 51 -0.27881 -1.61693e-03
 52 -0.54259 -2.13377e-02 |
52 variables; iteration 300; function evaluation 354; phase 3
Function value 2.1003404e+03; maximum gradient component mag 3.2213e-02
Var    Value     Gradient |Var    Value     Gradient |Var    Value     Gradient
  1  0.03310  3.22130e-02 |  2  0.00822 -2.04497e-03 |  3  0.05129 -1.00579e-03
  4 -0.01300 -1.90771e-03 |  5 -0.13640  2.59037e-03 |  6 -0.02237  1.01821e-04
  7 -0.11848 -1.15198e-03 |  8 -0.07252  8.41983e-04 |  9  0.00827  4.25385e-03
 10  0.10580  1.00803e-02 | 11 -0.02187  2.90266e-03 | 12 -0.00368  7.71625e-03
 13  0.03670  1.49286e-02 | 14  0.07728 -5.75942e-03 | 15 -0.00508  6.85684e-04
 16 -0.03261  5.77398e-03 | 17 -0.01463 -4.54698e-04 | 18  0.02651  7.93209e-04
 19  0.05064  3.98520e-03 | 20 -0.05078 -1.37493e-03 | 21 -0.13295  3.34544e-04
 22 -0.04025 -5.19299e-03 | 23  0.03605 -8.74091e-03 | 24  0.00014 -1.54191e-03
 25 -0.01489 -3.21957e-03 | 26  0.06186 -2.67371e-02 | 27  0.03997 -3.57972e-03
 28  0.01694 -4.96958e-03 | 29 -0.00682  4.53218e-03 | 30  0.00929  1.69365e-03
 31  0.03637  1.25063e-03 | 32  0.07542  1.16706e-02 | 33  0.01967  5.54061e-03
 34 -0.00210  4.88570e-03 | 35  0.03025 -2.04512e-02 | 36 -0.00405 -2.22595e-04
 37  0.27416  3.03874e-04 | 38  0.28510  1.84350e-02 | 39  0.26647 -4.26987e-03
 40  0.26057 -3.91872e-03 | 41 -0.05792 -5.15963e-03 | 42 -0.63470  1.31390e-02
 43  0.40320  1.10612e-03 | 44 -0.35040 -1.73558e-03 | 45  0.44351 -8.58656e-04
 46 -0.43669 -5.20577e-03 | 47  0.22506 -3.72216e-04 | 48 -0.47763 -1.54151e-02
 49 -0.02619 -2.12180e-04 | 50 -0.05111 -7.26458e-03 | 51 -0.27837  2.28581e-03
 52 -0.54198  1.03307e-02 |
52 variables; iteration 320; function evaluation 375; phase 3
Function value 2.1003404e+03; maximum gradient component mag -1.5619e-03
Var    Value     Gradient |Var    Value     Gradient |Var    Value     Gradient
  1  0.03310 -1.56186e-03 |  2  0.00822  3.36549e-05 |  3  0.05129  1.87724e-05
  4 -0.01300  3.25693e-05 |  5 -0.13640 -7.57487e-06 |  6 -0.02237  1.20922e-05
  7 -0.11848  2.79673e-05 |  8 -0.07252  8.65489e-06 |  9  0.00827 -2.79427e-05
 10  0.10580 -9.41713e-05 | 11 -0.02187 -1.77459e-05 | 12 -0.00368 -6.61525e-05
 13  0.03670 -1.47629e-04 | 14  0.07728  2.90557e-05 | 15 -0.00508 -2.30783e-05
 16 -0.03261 -7.30804e-05 | 17 -0.01463 -8.54014e-06 | 18  0.02651 -7.27744e-06
 19  0.05064 -3.85989e-05 | 20 -0.05078  1.17846e-05 | 21 -0.13295 -5.50508e-06
 22 -0.04025  4.61259e-05 | 23  0.03606  7.50875e-05 | 24  0.00014  1.01145e-05
 25 -0.01489  3.39662e-05 | 26  0.06186  2.44740e-04 | 27  0.03997  1.24868e-05
 28  0.01694  2.27822e-05 | 29 -0.00682 -5.25068e-05 | 30  0.00929 -1.76273e-05
 31  0.03637 -1.09710e-05 | 32  0.07542 -1.15851e-04 | 33  0.01967 -5.64873e-05
 34 -0.00210 -4.31866e-05 | 35  0.03025  2.03403e-04 | 36 -0.00405  3.25107e-05
 37  0.27416  7.65300e-06 | 38  0.28510 -1.89869e-04 | 39  0.26647  3.52484e-05
 40  0.26057  5.32232e-05 | 41 -0.05540 -6.71833e-04 | 42 -0.63789  8.91419e-04
 43  0.40320 -6.28588e-06 | 44 -0.35040  1.19897e-05 | 45  0.44351  9.73656e-06
 46 -0.43668  5.00821e-05 | 47  0.22506  5.35593e-06 | 48 -0.47763  1.44382e-04
 49 -0.02791 -3.89495e-05 | 50 -0.05284 -9.38721e-04 | 51 -0.27588  1.98425e-05
 52 -0.53855  8.21136e-04 |

 - final statistics:
52 variables; iteration 323; function evaluation 378
Function value 2.1003e+03; maximum gradient component mag 3.4131e-05
Exit code = 1;  converg criter 1.0000e-04
Var    Value     Gradient |Var    Value     Gradient |Var    Value     Gradient
  1  0.03310  3.41311e-05 |  2  0.00822 -4.69343e-07 |  3  0.05129 -2.58236e-07
  4 -0.01300 -5.00838e-07 |  5 -0.13640 -2.60849e-07 |  6 -0.02237 -3.32903e-07
  7 -0.11848 -5.10443e-07 |  8 -0.07252 -3.57162e-07 |  9  0.00827 -2.69143e-08
 10  0.10580  6.82984e-07 | 11 -0.02187 -6.60510e-08 | 12 -0.00368  2.95545e-07
 13  0.03670  9.63147e-07 | 14  0.07728  2.97456e-07 | 15 -0.00508  2.31765e-07
 16 -0.03261  6.21155e-07 | 17 -0.01463 -1.10931e-08 | 18  0.02651  1.28155e-07
 19  0.05064  5.92452e-07 | 20 -0.05078 -1.41867e-07 | 21 -0.13295 -8.39003e-09
 22 -0.04025 -3.79851e-07 | 23  0.03606 -4.18479e-07 | 24  0.00014 -1.83192e-08
 25 -0.01489 -4.41092e-07 | 26  0.06186 -1.45182e-06 | 27  0.03997  5.36236e-07
 28  0.01694  4.47635e-07 | 29 -0.00682  5.78739e-07 | 30  0.00929  2.38950e-07
 31  0.03637  1.61225e-07 | 32  0.07542  1.18980e-06 | 33  0.01967  5.97185e-07
 34 -0.00210  2.16773e-07 | 35  0.03025 -1.60849e-06 | 36 -0.00405 -6.80719e-07
 37  0.27416  1.54413e-06 | 38  0.28510  2.23838e-06 | 39  0.26647  2.81050e-08
 40  0.26057  1.51081e-06 | 41 -0.05540  1.36467e-05 | 42 -0.63789 -1.38332e-05
 43  0.40320 -5.15787e-08 | 44 -0.35040 -1.45821e-07 | 45  0.44351 -1.58928e-07
 46 -0.43668 -4.38090e-07 | 47  0.22506 -1.99284e-08 | 48 -0.47763 -1.05894e-06
 49 -0.02791  9.47543e-07 | 50 -0.05284  1.89163e-05 | 51 -0.27587 -5.84753e-07
 52 -0.53855 -1.25676e-05 |
Estimating row 1 out of 52 for hessian
Estimating row 2 out of 52 for hessian
Estimating row 3 out of 52 for hessian
Estimating row 4 out of 52 for hessian
Estimating row 5 out of 52 for hessian
Estimating row 6 out of 52 for hessian
Estimating row 7 out of 52 for hessian
Estimating row 8 out of 52 for hessian
Estimating row 9 out of 52 for hessian
Estimating row 10 out of 52 for hessian
Estimating row 11 out of 52 for hessian
Estimating row 12 out of 52 for hessian
Estimating row 13 out of 52 for hessian
Estimating row 14 out of 52 for hessian
Estimating row 15 out of 52 for hessian
Estimating row 16 out of 52 for hessian
Estimating row 17 out of 52 for hessian
Estimating row 18 out of 52 for hessian
Estimating row 19 out of 52 for hessian
Estimating row 20 out of 52 for hessian
Estimating row 21 out of 52 for hessian
Estimating row 22 out of 52 for hessian
Estimating row 23 out of 52 for hessian
Estimating row 24 out of 52 for hessian
Estimating row 25 out of 52 for hessian
Estimating row 26 out of 52 for hessian
Estimating row 27 out of 52 for hessian
Estimating row 28 out of 52 for hessian
Estimating row 29 out of 52 for hessian
Estimating row 30 out of 52 for hessian
Estimating row 31 out of 52 for hessian
Estimating row 32 out of 52 for hessian
Estimating row 33 out of 52 for hessian
Estimating row 34 out of 52 for hessian
Estimating row 35 out of 52 for hessian
Estimating row 36 out of 52 for hessian
Estimating row 37 out of 52 for hessian
Estimating row 38 out of 52 for hessian
Estimating row 39 out of 52 for hessian
Estimating row 40 out of 52 for hessian
Estimating row 41 out of 52 for hessian
Estimating row 42 out of 52 for hessian
Estimating row 43 out of 52 for hessian
Estimating row 44 out of 52 for hessian
Estimating row 45 out of 52 for hessian
Estimating row 46 out of 52 for hessian
Estimating row 47 out of 52 for hessian
Estimating row 48 out of 52 for hessian
Estimating row 49 out of 52 for hessian
Estimating row 50 out of 52 for hessian
Estimating row 51 out of 52 for hessian
Estimating row 52 out of 52 for hessian
size of file gradfil1.tmp = 0
size of file gradfil2.tmp = 0
size of file varssave.tmp = 0
size of file cmpdiff.tmp = 0
