
Initial statistics: 36 variables; iteration 0; function evaluation 0; phase 1
Function value 7.7686369e+03; maximum gradient component mag -3.7043e+04
Var    Value     Gradient |Var    Value     Gradient |Var    Value     Gradient
  1  0.01477 -3.70433e+04 |  2  0.02309  2.52230e+02 |  3  0.00798  6.81333e+01
  4  0.00197  4.35085e+02 |  5 -0.13042  5.12029e+02 |  6 -0.01281  4.45202e+02
  7 -0.09513  5.53451e+02 |  8 -0.09947  3.95500e+02 |  9  0.05008  2.44712e+02
 10  0.10093 -4.85243e+02 | 11 -0.04272 -4.42384e+00 | 12  0.00564 -5.10970e+01
 13 -0.00063 -2.52855e+02 | 14  0.03900 -3.55585e+02 | 15  0.00719  9.09691e+01
 16 -0.06253 -6.26298e+02 | 17  0.03631  5.39957e+02 | 18  0.00632 -8.88159e+01
 19  0.07806 -3.53001e+01 | 20 -0.05803  2.66550e+02 | 21 -0.13290  1.97238e+02
 22 -0.07143  3.44769e+02 | 23  0.01223 -7.48774e+01 | 24  0.03100  1.19781e+02
 25  0.01956  2.89042e+02 | 26  0.03462 -1.08162e+02 | 27  0.02184 -1.68180e+02
 28  0.03852 -4.65200e+02 | 29  0.02797 -2.60289e+01 | 30 -0.02901  4.22340e+02
 31  0.06842  8.03611e-01 | 32  0.04343 -7.63297e+02 | 33  0.03676 -5.63078e+02
 34 -0.00050 -5.54666e+02 | 35 -0.01261 -9.84538e+02 | 36  0.05533  4.10160e+02

Intermediate statistics: 36 variables; iteration 20; function evaluation 32; phase 1
Function value 7.1308866e+03; maximum gradient component mag -6.8003e+03
Var    Value     Gradient |Var    Value     Gradient |Var    Value     Gradient
  1  0.02711 -6.80027e+03 |  2 -0.01413  2.37796e+01 |  3  0.03913  6.02339e+00
  4 -0.02995  5.27853e+01 |  5 -0.16821  7.82436e+01 |  6 -0.03080  7.32740e+01
  7 -0.12530  1.11630e+02 |  8 -0.06316  9.28717e+01 |  9  0.01563  4.51117e+01
 10  0.19737  7.18470e+01 | 11 -0.37543 -4.40011e+01 | 12  0.04735 -9.91104e+00
 13  0.01888  1.31773e+01 | 14  0.07209 -2.40478e+02 | 15 -0.05933  3.86969e+01
 16  0.06340  2.44936e+01 | 17 -0.05480  1.64093e+02 | 18  0.08471  6.13004e+01
 19  0.07972  7.55738e+01 | 20 -0.08628  4.86480e+01 | 21 -0.09376  5.02921e+01
 22 -0.13299  2.09016e+01 | 23  0.01204 -4.48635e+01 | 24  0.08623  6.59882e+01
 25 -0.02741  1.31319e+02 | 26  0.04590  1.38379e+02 | 27  0.09324  9.90501e+01
 28  0.06786 -2.32656e+02 | 29  0.07516 -8.23303e+01 | 30 -0.11816 -6.45611e+00
 31  0.03119 -1.57104e+02 | 32  0.15983 -1.79482e+02 | 33  0.07900 -1.57061e+02
 34 -0.02778 -3.15329e+02 | 35  0.04783 -2.89850e+02 | 36  0.06542  7.51827e+01
36 variables; iteration 40; function evaluation 61; phase 1
Function value 7.0867070e+03; maximum gradient component mag -5.8215e+03
Var    Value     Gradient |Var    Value     Gradient |Var    Value     Gradient
  1  0.03004 -5.82155e+03 |  2 -0.01226  5.45446e+01 |  3  0.03680  4.86681e+01
  4 -0.03912  3.69059e+01 |  5 -0.16261  9.08867e+01 |  6 -0.04359  5.11021e+01
  7 -0.13587  1.18967e+02 |  8 -0.09559  6.00886e+01 |  9  0.01574  7.19430e+01
 10  0.15966  3.01883e+01 | 11 -0.15710  1.87935e+01 | 12  0.00722 -3.83596e+01
 13  0.02521  2.86754e+01 | 14  0.09606  1.65426e+02 | 15 -0.11232  2.59931e+01
 16  0.07117  6.32143e+01 | 17 -0.10093  5.07513e+01 | 18  0.07751  3.37829e+01
 19  0.06257  3.91231e-01 | 20 -0.09757  1.99878e+01 | 21 -0.08546  5.97951e+01
 22 -0.14112 -1.14257e+01 | 23 -0.00931 -2.65809e+02 | 24  0.09126  6.22095e+01
 25 -0.05860  8.15223e+01 | 26  0.04163  1.01073e+02 | 27  0.06178 -2.49782e+01
 28  0.10813  2.49888e+01 | 29  0.07670 -2.50826e+00 | 30 -0.08555  7.71802e+01
 31  0.05504 -2.49621e+01 | 32  0.14521 -2.29386e+02 | 33  0.04655 -2.71851e+02
 34  0.00268 -1.93550e+02 | 35  0.06669 -1.80580e+02 | 36  0.09542  1.56416e+02

 - final statistics:
36 variables; iteration 55; function evaluation 76
Function value 7.0152e+03; maximum gradient component mag 8.3433e+00
Exit code = 1;  converg criter 1.0000e+01
Var    Value     Gradient |Var    Value     Gradient |Var    Value     Gradient
  1  0.04221  8.34334e+00 |  2 -0.01283  2.19464e-01 |  3  0.02049  8.17296e-01
  4 -0.04057  2.67533e-01 |  5 -0.17126  3.74967e-02 |  6 -0.04826  3.62391e-01
  7 -0.14649 -1.16163e-01 |  8 -0.08313 -5.87275e-02 |  9  0.00850  5.27764e-02
 10  0.14614  9.90818e-01 | 11 -0.12167  1.18258e-01 | 12  0.05957  4.59931e-01
 13  0.00086  6.90649e-01 | 14  0.04506  7.80807e-01 | 15 -0.10385 -2.96818e-02
 16  0.04416 -4.01432e-01 | 17 -0.11345 -4.72632e-01 | 18  0.06043 -2.05130e-01
 19  0.05248 -5.06676e-01 | 20 -0.10050 -4.17508e-01 | 21 -0.10221 -7.26949e-01
 22 -0.12697 -6.96511e-01 | 23  0.00721 -6.68360e-01 | 24  0.06572  9.40759e-01
 25 -0.07703  4.39579e-01 | 26  0.01076 -7.98538e-03 | 27  0.05751 -1.45487e-01
 28  0.09691  4.27266e-02 | 29  0.07401 -4.68458e-02 | 30 -0.10769 -1.77882e-01
 31  0.05851 -8.94108e-02 | 32  0.18150 -3.89138e-01 | 33  0.10869 -3.58404e-01
 34  0.06981 -1.75459e-01 | 35  0.14348 -2.82526e-01 | 36  0.04305 -5.06832e-02

Initial statistics: 46 variables; iteration 0; function evaluation 0; phase 2
Function value 7.0152426e+03; maximum gradient component mag -1.6133e+04
Var    Value     Gradient |Var    Value     Gradient |Var    Value     Gradient
  1  0.04221  8.34334e+00 |  2 -0.01283  2.14784e-01 |  3  0.02049  8.12618e-01
  4 -0.04057  2.62862e-01 |  5 -0.17126  3.29843e-02 |  6 -0.04826  3.57724e-01
  7 -0.14649 -1.20721e-01 |  8 -0.08313 -6.33684e-02 |  9  0.00850  4.80962e-02
 10  0.14614  9.86260e-01 | 11 -0.12167  1.13662e-01 | 12  0.05957  4.55270e-01
 13  0.00086  6.85968e-01 | 14  0.04506  7.76138e-01 | 15 -0.10385 -3.43004e-02
 16  0.04416 -4.06101e-01 | 17 -0.11345 -4.77239e-01 | 18  0.06043 -2.09790e-01
 19  0.05248 -5.11341e-01 | 20 -0.10050 -4.22130e-01 | 21 -0.10221 -7.31570e-01
 22 -0.12697 -7.01099e-01 | 23  0.00721 -6.73040e-01 | 24  0.06572  9.36103e-01
 25 -0.07703  4.34933e-01 | 26  0.01076 -1.26654e-02 | 27  0.05751 -1.50149e-01
 28  0.09691  3.81000e-02 | 29  0.07401 -5.14949e-02 | 30 -0.10769 -1.82496e-01
 31  0.05851 -9.40718e-02 | 32  0.18150 -3.93630e-01 | 33  0.10869 -3.63016e-01
 34  0.06981 -1.80111e-01 | 35  0.14348 -2.87088e-01 | 36  0.04305 -5.53532e-02
 37  0.31038  1.23981e+04 | 38  0.30331  5.58817e+03 | 39  0.28696  1.34899e+03
 40  0.16989 -1.61326e+04 | 41 -0.07789 -1.11894e+02 | 42 -0.88721  6.84150e+01
 43 -0.06030  5.41838e+02 | 44 -0.04337 -7.06616e+02 | 45 -0.28838 -7.59097e+02
 46 -0.35211  9.70102e+02 |

Intermediate statistics: 46 variables; iteration 20; function evaluation 29; phase 2
Function value 6.0043011e+03; maximum gradient component mag -3.2520e+03
Var    Value     Gradient |Var    Value     Gradient |Var    Value     Gradient
  1  0.09311 -7.40332e+02 |  2  0.02842  5.38103e+01 |  3  0.09465  9.48696e+01
  4  0.02584 -1.32386e+01 |  5 -0.07185  4.27373e+01 |  6  0.02569  9.31640e+01
  7 -0.09100  2.56692e+01 |  8 -0.18106 -1.09419e+02 |  9 -0.11106 -1.19818e+02
 10  0.18326  1.83727e+02 | 11 -0.04621  4.39235e+01 | 12 -0.01402 -1.18781e+02
 13 -0.01045  2.18869e+01 | 14  0.01713  7.27827e+00 | 15 -0.08494 -4.29873e+01
 16  0.07653 -1.19383e+02 | 17  0.01909  7.63624e+01 | 18  0.15850 -7.79012e-01
 19  0.20591  2.37436e+02 | 20 -0.04827 -8.98837e+01 | 21 -0.02781 -2.03107e+01
 22 -0.08962 -6.38072e+01 | 23 -0.02528  7.97537e+00 | 24  0.02635  7.25554e+00
 25  0.01310  6.91604e+01 | 26 -0.06182 -1.85708e+02 | 27 -0.02387 -4.25402e+01
 28  0.11840  3.95063e+02 | 29 -0.04210 -2.35940e+02 | 30 -0.00844  8.70507e+00
 31 -0.02782 -7.40513e+01 | 32  0.16683  2.41769e+02 | 33 -0.01177 -2.03006e+02
 34 -0.07947 -1.28964e+02 | 35  0.00930 -7.51546e+01 | 36 -0.10491  5.11503e+01
 37  0.24931  9.53310e+02 | 38  0.25127  5.84334e+02 | 39  0.21628  1.60983e+02
 40  0.21710 -3.25201e+03 | 41  0.22367  6.66467e+01 | 42 -0.90927  3.67530e+01
 43 -0.33707  1.29962e+02 | 44 -0.29553 -4.23287e+01 | 45 -0.22470 -1.65412e+02
 46 -0.38301  3.07947e+02 |
46 variables; iteration 40; function evaluation 59; phase 2
Function value 5.8892148e+03; maximum gradient component mag -7.3468e+02
Var    Value     Gradient |Var    Value     Gradient |Var    Value     Gradient
  1  0.08810 -7.34678e+02 |  2 -0.03104 -4.44268e+00 |  3 -0.00291 -2.98153e+01
  4 -0.02382  1.17069e+01 |  5 -0.14804 -6.32035e+00 |  6 -0.00081  1.83965e+01
  7 -0.08047  9.62265e+00 |  8 -0.02572  3.78319e+01 |  9  0.05095  4.64348e+01
 10  0.15799  3.37350e+01 | 11 -0.04690  8.65232e+00 | 12  0.03105 -4.71755e+01
 13  0.00638  2.63832e+01 | 14  0.03204  1.67415e+00 | 15 -0.06525 -3.43756e+01
 16  0.11906 -2.64644e+01 | 17  0.00292  2.25517e+00 | 18  0.17305  3.48940e+01
 19  0.15396  3.04082e+01 | 20  0.00435  1.38587e+01 | 21 -0.02788 -1.28222e+01
 22 -0.07852 -5.59737e+01 | 23 -0.01148  3.37022e+01 | 24  0.00724 -2.09799e+01
 25 -0.02487  7.32178e+00 | 26  0.00781 -4.23337e+01 | 27 -0.03214 -9.09977e+00
 28  0.03230  3.66694e+01 | 29 -0.02621 -7.96199e+01 | 30 -0.02816 -3.54772e+01
 31 -0.03288 -1.86773e+01 | 32  0.11967  3.84433e+01 | 33  0.00604 -4.80485e+01
 34 -0.07059  1.27130e+00 | 35  0.01076  7.19224e+00 | 36 -0.15609  2.36409e+01
 37  0.24814 -5.89707e+02 | 38  0.25003  4.64745e+01 | 39  0.21551 -3.78143e+01
 40  0.23411 -5.92617e+02 | 41  0.17006 -2.07858e+01 | 42 -0.92042  8.34743e+00
 43 -0.26454  6.50419e+01 | 44 -0.26048 -9.39855e+01 | 45 -0.18208 -7.08528e+01
 46 -0.38923  1.02368e+02 |

 - final statistics:
46 variables; iteration 57; function evaluation 84
Function value 5.8783e+03; maximum gradient component mag -5.1057e+00
Exit code = 1;  converg criter 1.0000e+01
Var    Value     Gradient |Var    Value     Gradient |Var    Value     Gradient
  1  0.11350 -4.42632e+00 |  2 -0.01797  4.35385e-01 |  3  0.02643 -2.49077e-01
  4 -0.00434 -2.67021e-01 |  5 -0.12028  1.21491e-01 |  6 -0.00223 -3.61954e-01
  7 -0.08609  1.06214e-01 |  8 -0.05859  4.91706e-01 |  9  0.01387  2.93904e-01
 10  0.14151 -6.94912e-02 | 11 -0.05032 -1.10607e-02 | 12  0.05117 -2.37120e-01
 13 -0.00586  4.37203e-01 | 14  0.03538  2.43291e-01 | 15 -0.03987 -3.58044e-01
 16  0.13864 -6.68467e-01 | 17  0.00991 -2.31334e-01 | 18  0.16698  1.60227e-01
 19  0.14726  2.98273e-01 | 20  0.00216  2.62207e-01 | 21 -0.02264  3.59396e-01
 22 -0.05909 -3.89168e-01 | 23 -0.02790  1.32434e-01 | 24  0.01186 -5.62050e-02
 25 -0.03684  2.30999e-01 | 26  0.00807 -1.43434e-02 | 27 -0.03678 -6.75220e-02
 28  0.01893  2.96451e-01 | 29 -0.01344 -5.10842e-01 | 30 -0.01697 -4.73419e-02
 31 -0.03318 -1.41501e-01 | 32  0.10319  2.68161e-01 | 33  0.00969 -3.52194e-01
 34 -0.07932  2.12261e-01 | 35  0.00346 -1.73161e-02 | 36 -0.17444 -6.37635e-02
 37  0.23755 -1.31713e+00 | 38  0.23784  4.18744e-01 | 39  0.20177  5.61276e-01
 40  0.22594 -4.05231e+00 | 41  0.46770 -4.95256e+00 | 42 -0.92798  8.10956e-01
 43 -0.49883 -1.89842e+00 | 44 -0.48365 -5.10572e+00 | 45 -0.14998  1.37619e+00
 46 -0.39406  3.45402e+00 |

Initial statistics: 52 variables; iteration 0; function evaluation 0; phase 3
Function value 5.8783152e+03; maximum gradient component mag -3.3344e+03
Var    Value     Gradient |Var    Value     Gradient |Var    Value     Gradient
  1  0.11350 -4.42632e+00 |  2 -0.01797  4.28606e-01 |  3  0.02643 -2.55853e-01
  4 -0.00434 -2.73802e-01 |  5 -0.12028  1.14830e-01 |  6 -0.00223 -3.68736e-01
  7 -0.08609  9.94941e-02 |  8 -0.05859  4.84953e-01 |  9  0.01387  2.87124e-01
 10  0.14151 -7.61059e-02 | 11 -0.05032 -1.78211e-02 | 12  0.05117 -2.43879e-01
 13 -0.00586  4.30421e-01 | 14  0.03538  2.36520e-01 | 15 -0.03987 -3.64812e-01
 16  0.13864 -6.75088e-01 | 17  0.00991 -2.38114e-01 | 18  0.16698  1.53678e-01
 19  0.14726  2.91672e-01 | 20  0.00216  2.55425e-01 | 21 -0.02264  3.52619e-01
 22 -0.05909 -3.95920e-01 | 23 -0.02790  1.25659e-01 | 24  0.01186 -6.29853e-02
 25 -0.03684  2.24229e-01 | 26  0.00807 -2.11244e-02 | 27 -0.03678 -7.42922e-02
 28  0.01893  2.89672e-01 | 29 -0.01344 -5.17622e-01 | 30 -0.01697 -5.41210e-02
 31 -0.03318 -1.48274e-01 | 32  0.10319  2.61469e-01 | 33  0.00969 -3.58975e-01
 34 -0.07932  2.05532e-01 | 35  0.00346 -2.40975e-02 | 36 -0.17444 -7.02920e-02
 37  0.23755 -1.31713e+00 | 38  0.23784  4.18744e-01 | 39  0.20177  5.61276e-01
 40  0.22594 -4.05231e+00 | 41  0.46770 -4.95256e+00 | 42 -0.92798  8.10956e-01
 43  0.32116 -2.38102e+03 | 44 -0.80278  1.41081e+03 | 45  0.09308 -3.33440e+03
 46 -0.89706  9.05610e+02 | 47  0.16408 -1.71909e+03 | 48 -0.66358  1.67631e+03
 49 -0.49883 -1.89842e+00 | 50 -0.48365 -5.10572e+00 | 51 -0.14998  1.37619e+00
 52 -0.39406  3.45402e+00 |

Intermediate statistics: 52 variables; iteration 20; function evaluation 29; phase 3
Function value 3.8402121e+03; maximum gradient component mag -1.1991e+04
Var    Value     Gradient |Var    Value     Gradient |Var    Value     Gradient
  1  0.09334 -9.14440e+03 |  2 -0.01422  2.66855e+02 |  3  0.03244  2.63381e+02
  4  0.00055  2.72297e+02 |  5 -0.11614  2.68352e+02 |  6  0.00669  2.75265e+02
  7 -0.07827  2.74512e+02 |  8 -0.05119  2.72503e+02 |  9  0.01730  2.62973e+02
 10  0.14502  2.50894e+02 | 11 -0.03541  2.41523e+02 | 12  0.06408  2.36137e+02
 13  0.02584  2.25557e+02 | 14  0.07672  2.18666e+02 | 15  0.05091  2.26070e+02
 16 -0.02676  6.57776e+01 | 17  0.03740  2.05674e+02 | 18  0.09245  1.14525e+01
 19  0.19267  8.21049e+01 | 20 -0.01277  1.59437e+02 | 21  0.06950  1.86512e+02
 22 -0.01343  8.84441e+01 | 23 -0.13139  8.32869e+01 | 24  0.04238  1.70106e+02
 25  0.10968  1.18651e+02 | 26 -0.00506 -1.35978e+02 | 27  0.01680  2.55585e+01
 28  0.08505 -5.89471e+01 | 29  0.00126 -4.82173e+00 | 30  0.09756 -5.75861e-01
 31 -0.00172  5.53214e+01 | 32  0.15454 -1.44641e+02 | 33 -0.05108  1.01521e+02
 34 -0.02865  1.92518e+02 | 35  0.02577 -2.66904e+01 | 36 -0.94436  1.11732e+01
 37  0.20835 -1.69107e+03 | 38  0.13704 -1.19911e+04 | 39  0.18424 -1.44276e+03
 40  0.20120 -1.60437e+03 | 41  0.56406 -8.87857e+02 | 42 -0.92888  1.22481e+02
 43  0.65409 -6.83081e+02 | 44 -0.64020  3.32089e+02 | 45  0.63294 -1.34635e+03
 46 -0.89536  1.84676e+02 | 47  0.48619 -4.77207e+02 | 48 -0.90039  3.36682e+01
 49 -0.57272 -4.14492e+01 | 50 -0.60681 -1.14382e+03 | 51 -0.15477  1.68706e+01
 52 -0.39821  6.64681e+02 |
52 variables; iteration 40; function evaluation 54; phase 3
Function value 3.3336393e+03; maximum gradient component mag -2.6513e+03
Var    Value     Gradient |Var    Value     Gradient |Var    Value     Gradient
  1  0.09735 -2.65131e+03 |  2 -0.02411 -5.43039e+01 |  3  0.07956  4.69985e+01
  4  0.04058  1.93540e+01 |  5 -0.18493 -1.14217e+02 |  6  0.07833  8.73216e+01
  7 -0.02141  3.64024e+01 |  8 -0.08070 -8.24165e+01 |  9 -0.02309 -7.13632e+01
 10  0.09633 -1.02564e+02 | 11 -0.05591 -4.16867e+01 | 12  0.04876  3.19539e+01
 13  0.00255 -3.51456e+01 | 14 -0.00953 -2.10458e+02 | 15 -0.04817 -1.43898e+02
 16 -0.05875 -1.22465e+02 | 17  0.08709  1.41084e+02 | 18  0.12785  1.70427e+01
 19  0.18182 -1.83195e+01 | 20  0.01656 -3.16144e+01 | 21  0.00668 -8.73239e+01
 22 -0.02396 -2.44995e+01 | 23 -0.11391 -1.20280e+02 | 24  0.00760 -8.67937e+01
 25  0.04278 -5.77284e+01 | 26  0.09218  2.49457e+01 | 27  0.02605 -7.83496e+01
 28  0.06573 -1.36366e+02 | 29  0.01066 -1.58054e+02 | 30  0.02394 -2.08762e+02
 31  0.08694  6.31934e+01 | 32  0.13286 -1.39546e+02 | 33 -0.02207 -1.11574e+02
 34 -0.09039 -1.53093e+02 | 35  0.05660 -6.00069e+00 | 36 -0.82193 -4.41761e+01
 37  0.20694 -1.39872e+03 | 38  0.19222 -1.11268e+03 | 39  0.19237 -6.86989e+02
 40  0.18911 -1.69779e+03 | 41  0.11853  4.68519e+02 | 42 -0.85019 -6.72825e+00
 43  0.70095 -4.48344e+02 | 44 -0.63729  2.62302e+02 | 45  0.69112 -8.34418e+02
 46 -0.82285  2.93790e+02 | 47  0.63500 -2.06284e+02 | 48 -0.94255  2.62052e+00
 49 -0.25206  2.63610e+01 | 50 -0.20504  6.30705e+02 | 51 -0.20888 -6.62804e+01
 52 -0.39239  3.92227e+01 |
52 variables; iteration 60; function evaluation 84; phase 3
Function value 3.1128632e+03; maximum gradient component mag -5.1288e+02
Var    Value     Gradient |Var    Value     Gradient |Var    Value     Gradient
  1  0.13374 -4.34289e+02 |  2 -0.01332  1.13943e+02 |  3  0.01280  7.66594e+01
  4 -0.00747  9.94485e+01 |  5 -0.10962  1.21190e+02 |  6 -0.01206  9.31373e+01
  7 -0.09955  8.82407e+01 |  8 -0.06892  9.91032e+01 |  9  0.01137  1.20795e+02
 10  0.11519  9.43373e+01 | 11 -0.04816  9.15281e+01 | 12  0.03893  8.21965e+01
 13  0.00005  8.51494e+01 | 14  0.06362  1.23284e+02 | 15  0.02237  1.24130e+02
 16 -0.03173  1.07783e+02 | 17  0.00279  7.49455e+01 | 18  0.08735  7.87687e+01
 19  0.16123  1.03602e+02 | 20  0.00185  1.05692e+02 | 21  0.01024  1.06178e+02
 22 -0.05775  7.78662e+01 | 23 -0.03246  1.49007e+02 | 24  0.05226  1.03150e+02
 25  0.04918  1.05223e+02 | 26  0.03004  7.69594e+01 | 27  0.00693  7.03544e+01
 28  0.06590  1.09850e+02 | 29  0.02414  8.98599e+01 | 30  0.07073  1.32326e+02
 31  0.02359  7.92568e+01 | 32  0.12157  7.86008e+01 | 33 -0.04389  5.79065e+01
 34 -0.06303  7.11582e+01 | 35  0.00601  1.69604e+01 | 36 -0.30438  1.03111e+02
 37  0.19272 -4.99947e+02 | 38  0.18434  2.28615e+02 | 39  0.19450  1.58795e+02
 40  0.17765 -5.12880e+02 | 41  0.29568 -2.18043e+02 | 42 -0.91946  2.01859e+01
 43  0.78473 -1.61274e+02 | 44 -0.65705  1.04748e+02 | 45  0.84871 -1.91827e+02
 46 -0.88155  5.13127e+01 | 47  0.80078 -6.30085e+01 | 48 -0.77092  2.77259e+00
 49 -0.37261 -8.48045e+00 | 50 -0.37275 -2.87168e+02 | 51 -0.13322  2.37159e+01
 52 -0.39975  7.91371e+01 |
52 variables; iteration 80; function evaluation 104; phase 3
Function value 3.0671109e+03; maximum gradient component mag -2.6889e+01
Var    Value     Gradient |Var    Value     Gradient |Var    Value     Gradient
  1  0.20517 -2.68887e+01 |  2 -0.02008  7.34553e-01 |  3  0.02487  4.73211e-01
  4  0.00007  9.73876e-01 |  5 -0.11610  8.96095e-01 |  6 -0.00199  2.70523e-01
  7 -0.08632  8.86099e-01 |  8 -0.06725  1.22022e+00 |  9 -0.00492  2.25838e-01
 10  0.10738  2.12282e-01 | 11 -0.04636  4.10959e-01 | 12  0.04186  1.43912e+00
 13  0.00014  5.07842e-01 | 14  0.04978  1.04605e+00 | 15  0.01157  1.64485e+00
 16 -0.03563  1.78967e+00 | 17  0.01421  4.61715e-01 | 18  0.09491  1.49557e+00
 19  0.15492  5.59286e-01 | 20 -0.00280  1.61427e+00 | 21 -0.00104  4.40436e-01
 22 -0.05505  1.56264e-01 | 23 -0.07050  5.63577e-01 | 24  0.03636  5.78126e-01
 25  0.03727  4.08198e-01 | 26  0.02509 -2.37641e+00 | 27  0.01454 -1.18769e-01
 28  0.05244  3.94457e-01 | 29  0.02549  4.15112e-01 | 30  0.05591  3.62415e-01
 31  0.02943 -3.35222e-01 | 32  0.11453 -7.51273e-01 | 33 -0.03629 -2.10602e-01
 34 -0.06070  2.85461e-01 | 35  0.01751 -1.13420e+00 | 36 -0.31345  1.49901e-01
 37  0.15959 -2.02135e+01 | 38  0.15043  1.17615e+00 | 39  0.15822  1.64309e+00
 40  0.14483 -1.61552e+01 | 41  0.37358  3.03128e+00 | 42 -0.87654 -2.86508e+00
 43  1.01064  3.10340e+00 | 44 -0.70976 -5.83608e+00 | 45  1.00458  4.04854e+00
 46 -0.98403  2.79491e+00 | 47  0.98801 -2.45876e+00 | 48 -0.73229 -1.11022e+00
 49 -0.45064 -1.64036e+00 | 50 -0.42743  5.82797e+00 | 51 -0.16306  1.08603e+00
 52 -0.41048 -9.90259e+00 |
52 variables; iteration 100; function evaluation 125; phase 3
Function value 3.0665439e+03; maximum gradient component mag -2.0785e+01
Var    Value     Gradient |Var    Value     Gradient |Var    Value     Gradient
  1  0.33386 -2.07849e+01 |  2 -0.01977  7.45815e-01 |  3  0.02610  1.03406e+00
  4  0.00257  7.82604e-01 |  5 -0.11348  1.03403e+00 |  6  0.00022  4.26789e-01
  7 -0.08392  1.17375e+00 |  8 -0.06656  1.04887e+00 |  9 -0.00524  6.29729e-01
 10  0.10654  1.12410e+00 | 11 -0.04585  1.06557e+00 | 12  0.04257  9.56488e-01
 13 -0.00013  9.32244e-01 | 14  0.04965  1.25583e+00 | 15  0.01269  8.46913e-01
 16 -0.03533  8.62806e-01 | 17  0.01544  6.67912e-01 | 18  0.09464  2.22050e-01
 19  0.15456  7.85726e-01 | 20 -0.00308  8.23080e-01 | 21 -0.00145  7.79590e-01
 22 -0.05596  5.11799e-01 | 23 -0.07240  9.01146e-01 | 24  0.03344  8.76226e-01
 25  0.03505  6.06448e-01 | 26  0.02312  1.33983e-01 | 27  0.01448 -7.57808e-02
 28  0.05099 -4.35698e-01 | 29  0.02554  4.75427e-01 | 30  0.05532  9.60430e-01
 31  0.02994  8.05361e-01 | 32  0.11279 -8.76548e-01 | 33 -0.03691  7.51651e-01
 34 -0.06087  2.98263e-01 | 35  0.01674 -1.08027e+00 | 36 -0.31121  5.77399e-01
 37  0.10613 -1.83951e+01 | 38  0.09712 -1.54272e+01 | 39  0.10420 -2.77284e+00
 40  0.09157 -1.47506e+01 | 41  0.36023  6.14940e+00 | 42 -0.82514 -5.16280e-01
 43  0.99908 -9.24429e-02 | 44 -0.70304 -5.77869e-01 | 45  0.99942 -4.40782e-01
 46 -0.99953 -3.13760e-02 | 47  0.99808 -1.14113e-01 | 48 -0.72952 -6.90528e-01
 49 -0.44602  5.53782e-01 | 50 -0.42005  7.79182e+00 | 51 -0.18065 -8.34043e-01
 52 -0.43094 -4.32117e-01 |
52 variables; iteration 120; function evaluation 147; phase 3
Function value 3.0664966e+03; maximum gradient component mag -3.1278e+00
Var    Value     Gradient |Var    Value     Gradient |Var    Value     Gradient
  1  0.44594 -2.35853e+00 |  2 -0.01956  1.97536e-02 |  3  0.02638  4.56548e-03
  4  0.00316  1.52227e-02 |  5 -0.11304  2.53575e-02 |  6  0.00089 -1.42205e-02
  7 -0.08357  2.39237e-02 |  8 -0.06642  2.34965e-02 |  9 -0.00514  2.49470e-02
 10  0.10624 -1.66556e-02 | 11 -0.04603  1.50970e-02 | 12  0.04257  6.89732e-03
 13 -0.00041 -4.08095e-04 | 14  0.04937 -1.10637e-02 | 15  0.01273  1.48861e-02
 16 -0.03539  2.12639e-03 | 17  0.01551 -2.87080e-02 | 18  0.09471  3.77565e-03
 19  0.15435 -3.54179e-02 | 20 -0.00320 -9.26812e-03 | 21 -0.00168 -4.75002e-02
 22 -0.05614 -1.62680e-02 | 23 -0.07285 -1.96920e-03 | 24  0.03297  1.44974e-02
 25  0.03467 -4.35754e-02 | 26  0.02274  5.69835e-04 | 27  0.01452 -8.87306e-02
 28  0.05089 -1.05810e-01 | 29  0.02549 -3.36786e-02 | 30  0.05495 -4.01584e-02
 31  0.02971 -3.43919e-02 | 32  0.11269 -1.51064e-01 | 33 -0.03711 -2.75894e-02
 34 -0.06081 -2.42350e-03 | 35  0.01690 -5.78429e-02 | 36 -0.31038  3.67168e-02
 37  0.06507 -3.12785e+00 | 38  0.05617 -1.89868e+00 | 39  0.06308 -3.01571e-01
 40  0.05059 -1.16540e+00 | 41  0.35797  1.32324e-02 | 42 -0.78966  1.02758e-02
 43  1.00051  4.31930e-02 | 44 -0.70254 -1.01265e-01 | 45  0.99975 -1.86904e-01
 46 -0.99677  2.43903e-01 | 47  1.00218  1.59069e-01 | 48 -0.72497 -8.15958e-02
 49 -0.44519  2.53053e-02 | 50 -0.41908 -1.60143e-02 | 51 -0.19464 -7.88463e-02
 52 -0.44933  9.41965e-02 |
52 variables; iteration 140; function evaluation 168; phase 3
Function value 3.0664898e+03; maximum gradient component mag -5.4178e+00
Var    Value     Gradient |Var    Value     Gradient |Var    Value     Gradient
  1  0.51540 -3.88954e+00 |  2 -0.01953  6.66634e-02 |  3  0.02649  1.25149e-01
  4  0.00329  8.00728e-02 |  5 -0.11292  7.48615e-02 |  6  0.00104  1.18984e-01
  7 -0.08344  8.76485e-02 |  8 -0.06635  7.66292e-02 |  9 -0.00511  6.51428e-02
 10  0.10627  1.34897e-01 | 11 -0.04600  8.52566e-02 | 12  0.04260  5.24698e-02
 13 -0.00044  1.33769e-02 | 14  0.04935  5.27088e-03 | 15  0.01273  5.05405e-03
 16 -0.03539  4.13846e-02 | 17  0.01554  3.01237e-02 | 18  0.09468 -1.70233e-02
 19  0.15432 -6.40335e-02 | 20 -0.00320  5.50619e-02 | 21 -0.00170  6.40337e-03
 22 -0.05618  2.02006e-02 | 23 -0.07290  7.17300e-02 | 24  0.03287  3.37112e-02
 25  0.03459 -4.56286e-02 | 26  0.02260 -1.90349e-01 | 27  0.01452 -5.58110e-02
 28  0.05085 -6.77871e-02 | 29  0.02547 -5.98277e-02 | 30  0.05489 -1.03822e-01
 31  0.02968 -7.86824e-02 | 32  0.11264 -1.78874e-01 | 33 -0.03715 -4.29489e-02
 34 -0.06084 -3.64431e-02 | 35  0.01684 -1.46449e-01 | 36 -0.31043  3.83290e-02
 37  0.04251 -5.41784e+00 | 38  0.03364 -2.49041e+00 | 39  0.04051 -9.46658e-01
 40  0.02806 -3.62590e+00 | 41  0.34891  2.25423e-01 | 42 -0.76864 -4.53008e-02
 43  0.99936 -5.64821e-02 | 44 -0.70246 -3.64492e-02 | 45  1.00022  1.66989e-01
 46 -0.99865 -3.17606e-02 | 47  1.00132  4.27846e-02 | 48 -0.72447 -2.41627e-02
 49 -0.43840  3.54049e-02 | 50 -0.41247  2.62088e-01 | 51 -0.20436  6.99747e-02
 52 -0.46180 -1.18189e-01 |
52 variables; iteration 160; function evaluation 191; phase 3
Function value 3.0664872e+03; maximum gradient component mag -1.5089e+00
Var    Value     Gradient |Var    Value     Gradient |Var    Value     Gradient
  1  0.57540 -9.02214e-01 |  2 -0.01952  2.91866e-02 |  3  0.02647  1.33244e-02
  4  0.00329  2.12775e-02 |  5 -0.11291  3.01546e-02 |  6  0.00102  1.53612e-02
  7 -0.08345  1.99664e-02 |  8 -0.06636  2.78856e-02 |  9 -0.00513  2.56096e-02
 10  0.10622 -6.39074e-03 | 11 -0.04603  1.20844e-02 | 12  0.04260  1.77295e-02
 13 -0.00043  8.08503e-03 | 14  0.04936  5.56793e-03 | 15  0.01277  1.78546e-02
 16 -0.03538  8.39692e-03 | 17  0.01554  7.71266e-04 | 18  0.09469 -5.77794e-03
 19  0.15432 -1.34101e-02 | 20 -0.00322 -5.69823e-03 | 21 -0.00170 -7.92377e-03
 22 -0.05619  8.42391e-03 | 23 -0.07293  8.84937e-03 | 24  0.03287  2.13733e-02
 25  0.03459 -3.36490e-03 | 26  0.02262 -2.00754e-02 | 27  0.01452 -2.76649e-02
 28  0.05084 -2.35630e-02 | 29  0.02548 -1.49047e-02 | 30  0.05490 -2.97356e-02
 31  0.02969 -2.69372e-02 | 32  0.11264 -4.34870e-02 | 33 -0.03714 -8.04791e-03
 34 -0.06083 -1.30211e-03 | 35  0.01686 -5.70806e-03 | 36 -0.31035  1.79559e-02
 37  0.02503 -1.50890e+00 | 38  0.01617 -5.53812e-01 | 39  0.02304 -1.88526e-01
 40  0.01060 -9.31029e-01 | 41  0.33360 -1.64387e-01 | 42 -0.75011  9.43332e-02
 43  0.99987 -9.01433e-03 | 44 -0.70245 -1.69371e-02 | 45  0.99998 -4.06720e-03
 46 -0.99776  6.47807e-02 | 47  1.00105  2.10797e-02 | 48 -0.72435  3.81994e-04
 49 -0.42686 -3.55307e-02 | 50 -0.40123 -1.93797e-01 | 51 -0.21390  3.29930e-02
 52 -0.47391  1.19854e-01 |
52 variables; iteration 180; function evaluation 216; phase 3
Function value 3.0664860e+03; maximum gradient component mag 2.7009e-01
Var    Value     Gradient |Var    Value     Gradient |Var    Value     Gradient
  1  0.62252  1.73315e-01 |  2 -0.01952 -1.81680e-03 |  3  0.02647 -4.07543e-03
  4  0.00331 -1.33067e-03 |  5 -0.11290 -6.89249e-03 |  6  0.00104 -3.06014e-04
  7 -0.08344 -4.41905e-03 |  8 -0.06636 -3.44761e-03 |  9 -0.00513 -2.90889e-03
 10  0.10622 -2.92112e-03 | 11 -0.04602 -2.16091e-03 | 12  0.04261 -3.01052e-03
 13 -0.00043 -1.14234e-03 | 14  0.04936 -1.19346e-03 | 15  0.01277 -1.58202e-03
 16 -0.03538 -1.44006e-03 | 17  0.01555  2.33916e-03 | 18  0.09469  3.51726e-03
 19  0.15432  4.35959e-03 | 20 -0.00321 -1.49327e-03 | 21 -0.00170  1.39992e-03
 22 -0.05619  1.90843e-03 | 23 -0.07293 -2.01858e-03 | 24  0.03285 -1.32977e-03
 25  0.03458  6.76395e-04 | 26  0.02261  8.01411e-03 | 27  0.01452  9.35454e-03
 28  0.05083  8.70289e-03 | 29  0.02548  7.95626e-03 | 30  0.05490  8.23308e-03
 31  0.02969  7.58463e-03 | 32  0.11263  1.39700e-02 | 33 -0.03714  5.15726e-03
 34 -0.06084  3.13789e-03 | 35  0.01685  7.82127e-03 | 36 -0.31035 -1.22480e-03
 37  0.01270  2.64755e-01 | 38  0.00384  1.54713e-01 | 39  0.01070  7.05561e-02
 40 -0.00173  2.70091e-01 | 41  0.30841  1.42090e-02 | 42 -0.73473  9.75188e-04
 43  1.00008  4.49115e-03 | 44 -0.70243  2.11666e-03 | 45  1.00002  1.12854e-02
 46 -0.99834 -8.59499e-03 | 47  0.99854 -5.64004e-02 | 48 -0.72437  1.72651e-03
 49 -0.40775 -3.69052e-03 | 50 -0.38267  1.62531e-02 | 51 -0.22236  6.12425e-03
 52 -0.48481  2.40477e-03 |
52 variables; iteration 200; function evaluation 238; phase 3
Function value 3.0664853e+03; maximum gradient component mag -2.8318e+00
Var    Value     Gradient |Var    Value     Gradient |Var    Value     Gradient
  1  0.66408 -1.45280e+00 |  2 -0.01953  3.43669e-02 |  3  0.02648  3.77900e-02
  4  0.00331  3.65781e-02 |  5 -0.11290  3.24698e-02 |  6  0.00104  3.49753e-02
  7 -0.08344  3.72266e-02 |  8 -0.06636  3.78875e-02 |  9 -0.00513  3.28644e-02
 10  0.10622  2.33848e-02 | 11 -0.04602  2.82333e-02 | 12  0.04261  2.08768e-02
 13 -0.00043  8.73775e-03 | 14  0.04936  4.44015e-05 | 15  0.01277  7.69392e-03
 16 -0.03537  1.50181e-02 | 17  0.01555 -8.78610e-03 | 18  0.09469 -1.46103e-02
 19  0.15432 -2.81405e-02 | 20 -0.00321  7.57462e-03 | 21 -0.00170 -1.12925e-02
 22 -0.05619 -1.13727e-03 | 23 -0.07293  2.60416e-02 | 24  0.03284  1.75165e-02
 25  0.03458 -1.85065e-02 | 26  0.02260 -4.40832e-02 | 27  0.01452 -5.54929e-02
 28  0.05083 -6.76513e-02 | 29  0.02547 -3.60894e-02 | 30  0.05490 -3.96791e-02
 31  0.02969 -4.68015e-02 | 32  0.11262 -1.11321e-01 | 33 -0.03715 -2.64113e-02
 34 -0.06084 -2.52664e-02 | 35  0.01685 -8.01186e-02 | 36 -0.31035  2.69885e-02
 37  0.00287 -2.83177e+00 | 38 -0.00598 -1.35511e+00 | 39  0.00087 -4.01910e-01
 40 -0.01156 -1.85840e+00 | 41  0.26998  2.46957e-02 | 42 -0.72018  2.13803e-02
 43  0.99965 -2.78802e-02 | 44 -0.70244 -7.51044e-03 | 45  1.00002  6.32550e-03
 46 -0.99841 -1.41090e-02 | 47  0.99926 -6.57586e-03 | 48 -0.72439 -6.05079e-03
 49 -0.37864  8.26854e-03 | 50 -0.35431  1.89326e-02 | 51 -0.23082 -3.76846e-03
 52 -0.49585  3.46180e-02 |
52 variables; iteration 220; function evaluation 263; phase 3
Function value 3.0664847e+03; maximum gradient component mag -2.5045e+00
Var    Value     Gradient |Var    Value     Gradient |Var    Value     Gradient
  1  0.70007 -1.15813e+00 |  2 -0.01952  3.36160e-02 |  3  0.02648  3.34998e-02
  4  0.00331  3.16986e-02 |  5 -0.11289  3.38992e-02 |  6  0.00104  3.18114e-02
  7 -0.08343  3.60571e-02 |  8 -0.06635  3.58587e-02 |  9 -0.00513  3.07649e-02
 10  0.10622  1.99884e-02 | 11 -0.04602  2.45642e-02 | 12  0.04261  2.04584e-02
 13 -0.00043  8.73355e-03 | 14  0.04936  2.30396e-03 | 15  0.01277  1.01783e-02
 16 -0.03537  1.08646e-02 | 17  0.01555 -6.47599e-03 | 18  0.09469 -1.54354e-02
 19  0.15432 -2.19270e-02 | 20 -0.00321  7.95953e-03 | 21 -0.00171 -7.03292e-03
 22 -0.05620 -7.75042e-04 | 23 -0.07294  2.07436e-02 | 24  0.03284  1.75213e-02
 25  0.03457 -1.44990e-02 | 26  0.02260 -3.85438e-02 | 27  0.01452 -4.98322e-02
 28  0.05083 -5.87802e-02 | 29  0.02547 -3.12180e-02 | 30  0.05489 -3.41395e-02
 31  0.02969 -4.18595e-02 | 32  0.11262 -9.73449e-02 | 33 -0.03715 -1.98381e-02
 34 -0.06084 -2.03528e-02 | 35  0.01685 -6.43835e-02 | 36 -0.31035  2.41906e-02
 37 -0.00479 -2.50450e+00 | 38 -0.01364 -1.16717e+00 | 39 -0.00679 -3.50389e-01
 40 -0.01922 -1.68405e+00 | 41  0.21787 -5.55316e-02 | 42 -0.70660  1.19526e-01
 43  0.99989 -7.78778e-03 | 44 -0.70244 -7.17584e-03 | 45  1.00011  8.06867e-02
 46 -0.99835 -9.24034e-03 | 47  0.99957 -4.09774e-06 | 48 -0.72438 -4.35270e-03
 49 -0.33934  2.68973e-03 | 50 -0.31589 -8.32642e-02 | 51 -0.23913  4.24570e-03
 52 -0.50683  1.43481e-01 |
52 variables; iteration 240; function evaluation 287; phase 3
Function value 3.0664842e+03; maximum gradient component mag -2.0849e+00
Var    Value     Gradient |Var    Value     Gradient |Var    Value     Gradient
  1  0.73658 -8.58651e-01 |  2 -0.01952  2.74583e-02 |  3  0.02648  3.09944e-02
  4  0.00332  2.83309e-02 |  5 -0.11289  2.76769e-02 |  6  0.00104  2.94325e-02
  7 -0.08343  2.96606e-02 |  8 -0.06635  2.83989e-02 |  9 -0.00513  2.73626e-02
 10  0.10622  1.90007e-02 | 11 -0.04602  2.20758e-02 | 12  0.04261  1.90364e-02
 13 -0.00043  8.23873e-03 | 14  0.04936  1.92144e-03 | 15  0.01278  8.88138e-03
 16 -0.03537  9.41635e-03 | 17  0.01555 -3.09099e-03 | 18  0.09469 -1.05403e-02
 19  0.15432 -1.79846e-02 | 20 -0.00321  7.96968e-03 | 21 -0.00171 -5.64962e-03
 22 -0.05620  1.57674e-03 | 23 -0.07294  1.83352e-02 | 24  0.03284  1.57287e-02
 25  0.03457 -1.23706e-02 | 26  0.02259 -3.22304e-02 | 27  0.01452 -3.91408e-02
 28  0.05083 -4.82182e-02 | 29  0.02547 -2.55779e-02 | 30  0.05489 -2.93833e-02
 31  0.02969 -3.26134e-02 | 32  0.11262 -7.94592e-02 | 33 -0.03715 -1.62812e-02
 34 -0.06084 -1.72359e-02 | 35  0.01685 -5.73379e-02 | 36 -0.31035  2.06052e-02
 37 -0.01173 -2.08489e+00 | 38 -0.02059 -9.94815e-01 | 39 -0.01373 -3.03160e-01
 40 -0.02617 -1.39370e+00 | 41  0.14134  9.00856e-02 | 42 -0.69161  4.24720e-02
 43  1.00002 -5.56067e-03 | 44 -0.70244 -4.74489e-03 | 45  1.00012  9.01782e-02
 46 -0.99829 -3.56262e-03 | 47  1.00050  8.54040e-04 | 48 -0.72438 -4.00695e-03
 49 -0.28214  1.71715e-02 | 50 -0.25973  1.02014e-01 | 51 -0.24879 -1.46250e-03
 52 -0.51978  5.10531e-02 |
52 variables; iteration 260; function evaluation 310; phase 3
Function value 3.0664838e+03; maximum gradient component mag 5.2847e-02
Var    Value     Gradient |Var    Value     Gradient |Var    Value     Gradient
  1  0.76783 -3.39868e-03 |  2 -0.01952  5.25023e-03 |  3  0.02648  2.21334e-03
  4  0.00332  6.71140e-03 |  5 -0.11289  4.61683e-03 |  6  0.00105  6.03884e-03
  7 -0.08343  5.80856e-04 |  8 -0.06636 -3.67828e-04 |  9 -0.00513  8.73961e-03
 10  0.10621 -5.93633e-03 | 11 -0.04602  1.57834e-03 | 12  0.04261  5.15717e-03
 13 -0.00043  6.53170e-03 | 14  0.04936  4.02131e-04 | 15  0.01278  5.09755e-03
 16 -0.03537  7.60017e-05 | 17  0.01555  6.43631e-03 | 18  0.09469  3.86561e-03
 19  0.15432 -2.40486e-03 | 20 -0.00321 -1.33061e-03 | 21 -0.00171  3.46023e-04
 22 -0.05619  9.92224e-03 | 23 -0.07294 -1.46887e-04 | 24  0.03284  6.56218e-03
 25  0.03457  1.15144e-03 | 26  0.02259  3.66740e-03 | 27  0.01452  1.02188e-02
 28  0.05083  2.46490e-03 | 29  0.02547  3.69341e-04 | 30  0.05489 -3.77947e-03
 31  0.02969  4.66591e-03 | 32  0.11262  4.57924e-03 | 33 -0.03715  6.23852e-03
 34 -0.06084  3.93143e-03 | 35  0.01685  1.74910e-02 | 36 -0.31034  5.55981e-03
 37 -0.01700 -4.77750e-02 | 38 -0.02586  1.74586e-02 | 39 -0.01900 -2.22947e-02
 40 -0.03144  5.28467e-02 | 41  0.05397 -3.37281e-03 | 42 -0.67716  5.87769e-03
 43  1.00002 -5.45672e-03 | 44 -0.70244 -5.02066e-03 | 45  1.00002  6.75710e-03
 46 -0.99817  9.81965e-03 | 47  0.99905 -1.52484e-02 | 48 -0.72441 -3.20111e-03
 49 -0.21791  1.55360e-04 | 50 -0.19637 -7.35303e-03 | 51 -0.25858  7.50458e-03
 52 -0.53311  2.17086e-03 |
52 variables; iteration 280; function evaluation 333; phase 3
Function value 3.0664836e+03; maximum gradient component mag -3.7363e-01
Var    Value     Gradient |Var    Value     Gradient |Var    Value     Gradient
  1  0.79471 -1.35723e-01 |  2 -0.01952  8.17726e-03 |  3  0.02648  1.05573e-02
  4  0.00332  1.08187e-02 |  5 -0.11289  7.50812e-03 |  6  0.00105  1.14858e-02
  7 -0.08343  7.61763e-03 |  8 -0.06635  4.17537e-03 |  9 -0.00513  1.15172e-02
 10  0.10622  5.33111e-03 | 11 -0.04602  7.30931e-03 | 12  0.04261  9.10888e-03
 13 -0.00043  6.04764e-03 | 14  0.04936  1.87376e-03 | 15  0.01278  2.69681e-03
 16 -0.03537  4.85312e-03 | 17  0.01555  4.67411e-03 | 18  0.09469  6.44023e-04
 19  0.15432 -1.79359e-03 | 20 -0.00321  3.75074e-03 | 21 -0.00171  1.74645e-03
 22 -0.05620  2.74685e-03 | 23 -0.07294  5.83198e-03 | 24  0.03284  6.61643e-03
 25  0.03457 -2.38501e-03 | 26  0.02259 -5.63018e-03 | 27  0.01452 -1.19648e-03
 28  0.05083 -5.46224e-03 | 29  0.02547 -5.02737e-03 | 30  0.05489 -7.31104e-03
 31  0.02969 -2.58800e-03 | 32  0.11262 -1.43747e-02 | 33 -0.03715 -1.57142e-04
 34 -0.06084 -3.53085e-03 | 35  0.01685 -1.11513e-02 | 36 -0.31034  7.59657e-03
 37 -0.02103 -3.73633e-01 | 38 -0.02989 -1.98606e-01 | 39 -0.02303 -6.91994e-02
 40 -0.03547 -3.02396e-01 | 41 -0.03643  1.20010e-01 | 42 -0.66283 -5.78003e-02
 43  0.99964 -2.91847e-02 | 44 -0.70244 -3.49682e-03 | 45  0.99992 -5.81912e-02
 46 -0.99820  6.06786e-03 | 47  0.99972  9.44229e-04 | 48 -0.72440 -3.83863e-03
 49 -0.15307 -7.19112e-03 | 50 -0.13213  1.77158e-01 | 51 -0.26876  3.98983e-03
 52 -0.54721 -5.91295e-02 |
52 variables; iteration 300; function evaluation 357; phase 3
Function value 3.0664836e+03; maximum gradient component mag -4.7450e-01
Var    Value     Gradient |Var    Value     Gradient |Var    Value     Gradient
  1  0.80796 -1.45868e-01 |  2 -0.01952  5.75671e-03 |  3  0.02648  8.02558e-03
  4  0.00332  6.34440e-03 |  5 -0.11289  5.66833e-03 |  6  0.00105  7.19170e-03
  7 -0.08343  5.93860e-03 |  8 -0.06635  6.26739e-03 |  9 -0.00513  5.96351e-03
 10  0.10622  5.86581e-03 | 11 -0.04602  4.63591e-03 | 12  0.04261  6.04167e-03
 13 -0.00043  2.32912e-03 | 14  0.04936  1.62800e-03 | 15  0.01278  2.46083e-03
 16 -0.03537  1.90605e-03 | 17  0.01555 -1.25292e-03 | 18  0.09469 -2.15676e-03
 19  0.15432 -2.93994e-03 | 20 -0.00321  1.33824e-03 | 21 -0.00171 -1.36744e-03
 22 -0.05620  3.60259e-04 | 23 -0.07294  3.79399e-03 | 24  0.03284  4.25155e-03
 25  0.03457 -1.96880e-03 | 26  0.02259 -6.56998e-03 | 27  0.01452 -9.09833e-03
 28  0.05083 -1.13559e-02 | 29  0.02547 -5.73999e-03 | 30  0.05489 -5.86722e-03
 31  0.02969 -7.60168e-03 | 32  0.11262 -1.80628e-02 | 33 -0.03715 -3.83474e-03
 34 -0.06084 -4.95076e-03 | 35  0.01685 -1.72363e-02 | 36 -0.31035  4.52074e-03
 37 -0.02283 -4.74497e-01 | 38 -0.03170 -2.22849e-01 | 39 -0.02484 -6.91553e-02
 40 -0.03728 -3.19332e-01 | 41 -0.08516  2.21204e-01 | 42 -0.65490 -6.45008e-02
 43  1.00014  1.02425e-02 | 44 -0.70244 -8.47721e-04 | 45  0.99998 -3.52857e-03
 46 -0.99826 -1.18568e-04 | 47  1.00057  1.93734e-03 | 48 -0.72438 -5.91477e-04
 49 -0.11894  2.80750e-02 | 50 -0.09822  2.92090e-01 | 51 -0.27460 -6.77373e-03
 52 -0.55540 -5.62640e-02 |
52 variables; iteration 320; function evaluation 379; phase 3
Function value 3.0664835e+03; maximum gradient component mag -1.0887e-01
Var    Value     Gradient |Var    Value     Gradient |Var    Value     Gradient
  1  0.81854 -3.23354e-02 |  2 -0.01952  1.16240e-03 |  3  0.02648  2.21837e-03
  4  0.00332  1.63711e-03 |  5 -0.11289  1.07451e-03 |  6  0.00105  1.41114e-03
  7 -0.08343  1.51375e-03 |  8 -0.06635  1.47541e-03 |  9 -0.00513  1.52965e-03
 10  0.10622  1.49310e-03 | 11 -0.04602  1.45736e-03 | 12  0.04261  1.39283e-03
 13 -0.00043  5.74073e-04 | 14  0.04936  3.53269e-04 | 15  0.01278  9.37548e-04
 16 -0.03537  3.38300e-04 | 17  0.01555  1.67503e-04 | 18  0.09469 -1.12657e-04
 19  0.15432 -7.86554e-04 | 20 -0.00321  4.48582e-04 | 21 -0.00171 -4.41343e-04
 22 -0.05620  6.09957e-04 | 23 -0.07294  1.12036e-03 | 24  0.03284  7.95858e-04
 25  0.03457 -2.08008e-04 | 26  0.02259 -1.08487e-03 | 27  0.01452 -1.90845e-03
 28  0.05083 -2.55031e-03 | 29  0.02547 -1.12017e-03 | 30  0.05489 -5.56571e-04
 31  0.02969 -1.33226e-03 | 32  0.11262 -3.79407e-03 | 33 -0.03715 -6.51047e-04
 34 -0.06084 -1.04902e-03 | 35  0.01685 -4.08531e-03 | 36 -0.31035  9.23756e-04
 37 -0.02419 -1.08872e-01 | 38 -0.03306 -5.43535e-02 | 39 -0.02620 -1.64498e-02
 40 -0.03864 -6.19438e-02 | 41 -0.12590  3.98953e-02 | 42 -0.64807 -8.90257e-03
 43  0.99993 -3.58841e-03 | 44 -0.70244 -2.21394e-04 | 45  0.99999  3.69290e-03
 46 -0.99825  5.28116e-04 | 47  0.99944 -1.88498e-03 | 48 -0.72438  2.03723e-04
 49 -0.09094  6.99849e-03 | 50 -0.07036  5.19204e-02 | 51 -0.27974 -1.47139e-03
 52 -0.56271 -7.34089e-03 |
52 variables; iteration 340; function evaluation 404; phase 3
Function value 3.0664835e+03; maximum gradient component mag -1.6881e-02
Var    Value     Gradient |Var    Value     Gradient |Var    Value     Gradient
  1  0.82597 -6.59880e-03 |  2 -0.01952  2.34587e-04 |  3  0.02648  3.24707e-04
  4  0.00332  2.92252e-04 |  5 -0.11289  2.06691e-04 |  6  0.00105  2.75687e-04
  7 -0.08343  2.37927e-04 |  8 -0.06635  2.54828e-04 |  9 -0.00513  2.88561e-04
 10  0.10622  1.77625e-04 | 11 -0.04602  2.20585e-04 | 12  0.04261  2.35661e-04
 13 -0.00043  1.50300e-04 | 14  0.04936  7.65911e-05 | 15  0.01278  1.51053e-04
 16 -0.03537  1.04436e-04 | 17  0.01555  4.82223e-05 | 18  0.09469  1.74963e-06
 19  0.15432 -1.04728e-04 | 20 -0.00321  4.27230e-05 | 21 -0.00171 -4.47242e-05
 22 -0.05620  9.52989e-05 | 23 -0.07294  1.81454e-04 | 24  0.03284  1.69845e-04
 25  0.03457 -6.20838e-05 | 26  0.02259 -1.87642e-04 | 27  0.01452 -2.50703e-04
 28  0.05083 -3.77026e-04 | 29  0.02547 -1.61037e-04 | 30  0.05489 -1.77386e-04
 31  0.02969 -2.08652e-04 | 32  0.11262 -6.06991e-04 | 33 -0.03715 -6.37647e-05
 34 -0.06084 -1.05511e-04 | 35  0.01685 -5.17382e-04 | 36 -0.31035  1.86342e-04
 37 -0.02510 -1.68808e-02 | 38 -0.03397 -8.05700e-03 | 39 -0.02711 -2.75930e-03
 40 -0.03955 -1.09482e-02 | 41 -0.15474  5.39558e-03 | 42 -0.64305 -2.27095e-03
 43  0.99996  5.58261e-06 | 44 -0.70244 -1.40995e-04 | 45  0.99999 -1.01961e-03
 46 -0.99826  8.55880e-05 | 47  1.00046  2.98806e-04 | 48 -0.72438  8.45751e-06
 49 -0.07144  7.67628e-04 | 50 -0.05093  7.84665e-03 | 51 -0.28360 -9.88984e-05
 52 -0.56823 -2.41732e-03 |
52 variables; iteration 360; function evaluation 425; phase 3
Function value 3.0664835e+03; maximum gradient component mag -1.0180e-01
Var    Value     Gradient |Var    Value     Gradient |Var    Value     Gradient
  1  0.82951 -3.06676e-02 |  2 -0.01952  1.32428e-03 |  3  0.02648  1.78212e-03
  4  0.00332  1.65679e-03 |  5 -0.11289  1.23577e-03 |  6  0.00105  1.28296e-03
  7 -0.08343  1.42832e-03 |  8 -0.06635  1.38408e-03 |  9 -0.00513  1.45828e-03
 10  0.10622  8.59524e-04 | 11 -0.04602  1.37108e-03 | 12  0.04261  1.03676e-03
 13 -0.00043  6.44071e-04 | 14  0.04936 -1.15374e-04 | 15  0.01278  3.74341e-04
 16 -0.03537  1.20156e-03 | 17  0.01555 -2.67301e-04 | 18  0.09469 -3.68129e-04
 19  0.15432 -1.25400e-03 | 20 -0.00321  1.38084e-04 | 21 -0.00171 -1.90130e-04
 22 -0.05620  1.27160e-04 | 23 -0.07294  1.33210e-03 | 24  0.03284  7.20968e-04
 25  0.03457 -6.57348e-04 | 26  0.02259 -1.67031e-03 | 27  0.01452 -2.05689e-03
 28  0.05083 -3.12854e-03 | 29  0.02547 -1.80541e-03 | 30  0.05489 -1.23054e-03
 31  0.02969 -1.59498e-03 | 32  0.11262 -4.39178e-03 | 33 -0.03715 -5.01853e-04
 34 -0.06084 -5.38991e-04 | 35  0.01685 -2.43625e-03 | 36 -0.31034  1.42775e-03
 37 -0.02553 -1.01798e-01 | 38 -0.03439 -5.55846e-02 | 39 -0.02753 -1.70137e-02
 40 -0.03997 -6.99786e-02 | 41 -0.16591 -2.32852e-03 | 42 -0.64092  4.02110e-04
 43  0.99995 -1.42152e-03 | 44 -0.70244 -6.73857e-05 | 45  0.99997 -1.87571e-02
 46 -0.99826  3.07365e-04 | 47  1.00048  6.08740e-04 | 48 -0.72439 -7.03459e-04
 49 -0.06396  9.77636e-04 | 50 -0.04347 -3.75162e-03 | 51 -0.28525 -2.36517e-03
 52 -0.57061  1.44124e-03 |
52 variables; iteration 380; function evaluation 452; phase 3
Function value 3.0664835e+03; maximum gradient component mag 3.0835e-01
Var    Value     Gradient |Var    Value     Gradient |Var    Value     Gradient
  1  0.84579 -4.67439e-02 |  2 -0.01952  1.99680e-03 |  3  0.02648  2.91188e-03
  4  0.00332  2.03107e-03 |  5 -0.11289  2.21438e-03 |  6  0.00105  4.96498e-03
  7 -0.08343  1.62749e-03 |  8 -0.06635  2.19050e-03 |  9 -0.00513  2.13486e-03
 10  0.10621  2.78154e-03 | 11 -0.04602  6.72867e-04 | 12  0.04261  3.39108e-03
 13 -0.00043  8.28407e-04 | 14  0.04936  1.05321e-03 | 15  0.01278  5.86862e-04
 16 -0.03537 -1.64487e-05 | 17  0.01555 -1.71778e-04 | 18  0.09469 -9.19804e-04
 19  0.15432 -3.58281e-04 | 20 -0.00321  2.22510e-03 | 21 -0.00171 -1.98508e-04
 22 -0.05620 -5.70379e-04 | 23 -0.07294  9.88951e-04 | 24  0.03284  1.89022e-03
 25  0.03457 -1.29407e-03 | 26  0.02259 -2.67379e-03 | 27  0.01452 -2.78753e-03
 28  0.05083 -2.62614e-03 | 29  0.02547 -1.91010e-03 | 30  0.05489 -4.21044e-03
 31  0.02969 -3.25592e-03 | 32  0.11262 -6.64902e-03 | 33 -0.03715 -3.03037e-03
 34 -0.06084 -3.06344e-03 | 35  0.01685 -1.18036e-02 | 36 -0.31035  1.11443e-03
 37 -0.02735 -1.79871e-01 | 38 -0.03622 -8.40481e-02 | 39 -0.02936 -1.73920e-02
 40 -0.04180 -1.41489e-01 | 41 -0.14602  2.21012e-01 | 42 -0.63986 -1.18716e-01
 43  0.99997  1.05911e-03 | 44 -0.70243  1.40433e-03 | 45  0.99999 -2.86225e-03
 46 -0.99828 -2.29113e-03 | 47  1.00028 -9.37487e-04 | 48 -0.72437  1.40862e-03
 49 -0.07730  2.08126e-02 | 50 -0.05677  3.08348e-01 | 51 -0.28608 -1.35727e-03
 52 -0.57181 -1.04804e-01 |
52 variables; iteration 400; function evaluation 476; phase 3
Function value 3.0664835e+03; maximum gradient component mag -7.0452e-02
Var    Value     Gradient |Var    Value     Gradient |Var    Value     Gradient
  1  0.85091 -1.71681e-02 |  2 -0.01952  1.42660e-03 |  3  0.02648  1.19610e-03
  4  0.00332  1.34221e-03 |  5 -0.11289  1.20642e-03 |  6  0.00105  1.80059e-03
  7 -0.08343  1.09141e-03 |  8 -0.06635  1.26768e-03 |  9 -0.00513  1.39297e-03
 10  0.10622  6.56513e-04 | 11 -0.04602  8.86520e-04 | 12  0.04261  1.10216e-03
 13 -0.00043  5.98992e-04 | 14  0.04936  2.76144e-04 | 15  0.01278  6.86114e-04
 16 -0.03537  5.02940e-04 | 17  0.01555  6.01341e-04 | 18  0.09469 -9.06428e-05
 19  0.15432 -4.10011e-04 | 20 -0.00321  5.05476e-04 | 21 -0.00171  4.53418e-05
 22 -0.05620  5.68362e-04 | 23 -0.07294  8.01381e-04 | 24  0.03284  9.87751e-04
 25  0.03457 -3.08771e-04 | 26  0.02259 -1.46200e-03 | 27  0.01452 -5.81837e-04
 28  0.05083 -6.88490e-04 | 29  0.02547 -3.82615e-04 | 30  0.05489 -1.10051e-03
 31  0.02969 -9.47514e-04 | 32  0.11262 -1.89509e-03 | 33 -0.03715 -2.43479e-04
 34 -0.06084 -2.93684e-04 | 35  0.01685 -1.49578e-03 | 36 -0.31034  8.04001e-04
 37 -0.02789 -7.04521e-02 | 38 -0.03676 -2.64049e-02 | 39 -0.02989 -7.94565e-03
 40 -0.04234 -4.66637e-02 | 41 -0.10303  1.02736e-02 | 42 -0.64343 -5.95951e-03
 43  0.99996  3.04003e-04 | 44 -0.70244 -1.76091e-04 | 45  1.00000 -2.18370e-02
 46 -0.99826 -2.46125e-04 | 47  1.00042 -1.26100e-04 | 48 -0.72438  3.61945e-04
 49 -0.10660 -8.01964e-04 | 50 -0.08595  1.55981e-02 | 51 -0.28330  2.52655e-03
 52 -0.56781 -7.54916e-03 |
52 variables; iteration 420; function evaluation 497; phase 3
Function value 3.0664835e+03; maximum gradient component mag -1.7982e-01
Var    Value     Gradient |Var    Value     Gradient |Var    Value     Gradient
  1  0.85706 -4.25454e-02 |  2 -0.01952  2.59383e-03 |  3  0.02648  2.81534e-03
  4  0.00332  2.62673e-03 |  5 -0.11289  2.55467e-03 |  6  0.00105  2.18311e-03
  7 -0.08343  2.70344e-03 |  8 -0.06635  2.72078e-03 |  9 -0.00513  2.57795e-03
 10  0.10622  1.57994e-03 | 11 -0.04602  2.22767e-03 | 12  0.04261  1.80845e-03
 13 -0.00043  1.12979e-03 | 14  0.04936  3.74643e-04 | 15  0.01278  1.07516e-03
 16 -0.03537  1.44466e-03 | 17  0.01555 -3.06627e-04 | 18  0.09469 -8.41442e-04
 19  0.15432 -1.75589e-03 | 20 -0.00321  3.11698e-04 | 21 -0.00171 -3.71915e-04
 22 -0.05620  3.84087e-04 | 23 -0.07294  1.92109e-03 | 24  0.03283  1.48068e-03
 25  0.03457 -7.30023e-04 | 26  0.02259 -2.40360e-03 | 27  0.01452 -3.37339e-03
 28  0.05083 -4.36484e-03 | 29  0.02547 -2.30481e-03 | 30  0.05489 -2.08523e-03
 31  0.02969 -2.63013e-03 | 32  0.11262 -7.30862e-03 | 33 -0.03715 -1.14475e-03
 34 -0.06084 -1.22846e-03 | 35  0.01685 -4.48753e-03 | 36 -0.31034  2.14244e-03
 37 -0.02851 -1.79821e-01 | 38 -0.03738 -8.67830e-02 | 39 -0.03052 -2.74199e-02
 40 -0.04297 -1.20821e-01 | 41 -0.07854  2.46955e-03 | 42 -0.64450 -1.06864e-03
 43  0.99996  1.21193e-04 | 44 -0.70244 -4.63388e-04 | 45  1.00001 -2.00363e-02
 46 -0.99825  5.11044e-04 | 47  1.00042 -7.84307e-05 | 48 -0.72438 -4.77086e-04
 49 -0.12354  9.06588e-04 | 50 -0.10280  2.09138e-03 | 51 -0.28249 -1.71259e-03
 52 -0.56663 -1.42818e-04 |
52 variables; iteration 440; function evaluation 522; phase 3
Function value 3.0664835e+03; maximum gradient component mag -5.6318e-02
Var    Value     Gradient |Var    Value     Gradient |Var    Value     Gradient
  1  0.87171  8.04597e-03 |  2 -0.01952 -6.04654e-04 |  3  0.02648 -9.42358e-04
  4  0.00332 -7.44598e-04 |  5 -0.11289 -5.12734e-04 |  6  0.00105 -8.78907e-04
  7 -0.08343 -5.49871e-04 |  8 -0.06635 -6.09773e-04 |  9 -0.00513 -6.83136e-04
 10  0.10621 -7.07056e-04 | 11 -0.04602 -5.27642e-04 | 12  0.04261 -7.89166e-04
 13 -0.00043 -3.77349e-04 | 14  0.04936 -2.04950e-04 | 15  0.01278 -3.39877e-04
 16 -0.03537 -2.83790e-04 | 17  0.01555 -4.15368e-05 | 18  0.09469  1.43381e-04
 19  0.15432  3.34413e-04 | 20 -0.00321 -1.25234e-04 | 21 -0.00171  8.71919e-05
 22 -0.05620 -1.84899e-04 | 23 -0.07294 -4.49068e-04 | 24  0.03283 -4.77113e-04
 25  0.03457  1.68269e-04 | 26  0.02259  7.07053e-04 | 27  0.01452  7.37375e-04
 28  0.05083  9.78722e-04 | 29  0.02547  4.87632e-04 | 30  0.05489  4.99639e-04
 31  0.02969  6.74880e-04 | 32  0.11262  1.66259e-03 | 33 -0.03715  2.59221e-04
 34 -0.06084  4.32632e-04 | 35  0.01685  1.91728e-03 | 36 -0.31034 -4.38191e-04
 37 -0.02989  4.65147e-02 | 38 -0.03876  2.04756e-02 | 39 -0.03189  6.79597e-03
 40 -0.04434  3.02468e-02 | 41 -0.06023 -4.14089e-02 | 42 -0.64294  2.32228e-02
 43  0.99996 -2.03507e-05 | 44 -0.70244  1.89377e-04 | 45  1.00002  5.76398e-03
 46 -0.99826 -4.04646e-05 | 47  1.00043 -9.31981e-06 | 48 -0.72438  3.76527e-05
 49 -0.13632 -3.99960e-03 | 50 -0.11550 -5.63184e-02 | 51 -0.28368  8.32596e-04
 52 -0.56836  1.98354e-02 |
52 variables; iteration 460; function evaluation 545; phase 3
Function value 3.0664834e+03; maximum gradient component mag 2.9133e-01
Var    Value     Gradient |Var    Value     Gradient |Var    Value     Gradient
  1  0.89026 -2.11960e-02 |  2 -0.01952  1.11285e-03 |  3  0.02648  2.99557e-03
  4  0.00332  1.87164e-03 |  5 -0.11289  8.15306e-04 |  6  0.00105  2.72261e-03
  7 -0.08343  8.92168e-04 |  8 -0.06635  1.16308e-03 |  9 -0.00513  1.54938e-03
 10  0.10621  2.79264e-03 | 11 -0.04602  1.04669e-03 | 12  0.04261  2.99956e-03
 13 -0.00043  8.81560e-04 | 14  0.04936  9.34780e-04 | 15  0.01278  8.35646e-04
 16 -0.03537  3.61889e-04 | 17  0.01555 -1.70763e-04 | 18  0.09469 -2.16268e-04
 19  0.15432 -1.47464e-04 | 20 -0.00321  3.67156e-04 | 21 -0.00171 -2.62386e-04
 22 -0.05620  1.79604e-04 | 23 -0.07294  7.32589e-04 | 24  0.03283  1.53685e-03
 25  0.03457 -3.09489e-04 | 26  0.02259 -1.67188e-03 | 27  0.01452 -1.97986e-03
 28  0.05083 -2.42978e-03 | 29  0.02547 -1.35419e-03 | 30  0.05489 -1.30059e-03
 31  0.02969 -1.91499e-03 | 32  0.11262 -3.88575e-03 | 33 -0.03715 -9.99932e-04
 34 -0.06084 -1.88300e-03 | 35  0.01685 -7.55421e-03 | 36 -0.31034  9.05473e-04
 37 -0.03142 -1.16946e-01 | 38 -0.04030 -5.25057e-02 | 39 -0.03343 -1.69824e-02
 40 -0.04588 -7.81239e-02 | 41 -0.08974  2.17087e-01 | 42 -0.63629 -9.28189e-02
 43  0.99996  2.53806e-05 | 44 -0.70244 -3.70302e-04 | 45  1.00000  2.13714e-02
 46 -0.99826  2.18480e-05 | 47  1.00043  1.74105e-05 | 48 -0.72438 -1.18003e-04
 49 -0.11577  2.35158e-02 | 50 -0.09507  2.91327e-01 | 51 -0.28888 -4.87179e-03
 52 -0.57588 -7.82694e-02 |
52 variables; iteration 480; function evaluation 569; phase 3
Function value 3.0664834e+03; maximum gradient component mag -3.6940e-02
Var    Value     Gradient |Var    Value     Gradient |Var    Value     Gradient
  1  0.89225 -7.18851e-03 |  2 -0.01952  5.75528e-04 |  3  0.02648  6.48114e-04
  4  0.00332  6.41896e-04 |  5 -0.11289  5.47107e-04 |  6  0.00105  4.57479e-04
  7 -0.08343  5.88138e-04 |  8 -0.06635  5.78531e-04 |  9 -0.00513  6.12425e-04
 10  0.10621  3.54186e-04 | 11 -0.04602  5.14151e-04 | 12  0.04261  4.32372e-04
 13 -0.00043  3.25861e-04 | 14  0.04936  1.45294e-04 | 15  0.01278  3.33435e-04
 16 -0.03537  3.37907e-04 | 17  0.01555  4.99439e-05 | 18  0.09469 -1.06486e-04
 19  0.15432 -3.36489e-04 | 20 -0.00321  7.40430e-05 | 21 -0.00171 -9.58664e-05
 22 -0.05620  1.96485e-04 | 23 -0.07294  4.39422e-04 | 24  0.03283  3.68400e-04
 25  0.03457 -8.14883e-05 | 26  0.02259 -5.28572e-04 | 27  0.01452 -6.29987e-04
 28  0.05083 -9.18541e-04 | 29  0.02547 -3.77919e-04 | 30  0.05489 -3.18245e-04
 31  0.02969 -4.48756e-04 | 32  0.11262 -1.40885e-03 | 33 -0.03715 -5.64986e-05
 34 -0.06084 -1.69561e-04 | 35  0.01685 -7.53072e-04 | 36 -0.31034  4.43199e-04
 37 -0.03157 -3.69400e-02 | 38 -0.04045 -1.68782e-02 | 39 -0.03358 -5.83692e-03
 40 -0.04603 -2.32543e-02 | 41 -0.11201  2.31418e-03 | 42 -0.63374 -3.14219e-03
 43  0.99996 -5.55053e-05 | 44 -0.70244 -3.17071e-04 | 45  0.99999  3.95436e-03
 46 -0.99826  2.21093e-04 | 47  1.00044  6.07853e-05 | 48 -0.72438 -1.55443e-04
 49 -0.10043  5.05711e-05 | 50 -0.07981  3.26189e-03 | 51 -0.29091 -2.07946e-04
 52 -0.57883 -3.48555e-03 |
52 variables; iteration 500; function evaluation 596; phase 3
Function value 3.0664834e+03; maximum gradient component mag -3.0654e-01
Var    Value     Gradient |Var    Value     Gradient |Var    Value     Gradient
  1  0.90229 -4.82090e-02 |  2 -0.01952  4.58398e-03 |  3  0.02648  4.11010e-03
  4  0.00332  4.45582e-03 |  5 -0.11289  4.53157e-03 |  6  0.00105  4.37982e-03
  7 -0.08343  4.49672e-03 |  8 -0.06635  4.46260e-03 |  9 -0.00513  4.45887e-03
 10  0.10621  1.70155e-03 | 11 -0.04602  3.29862e-03 | 12  0.04261  2.45958e-03
 13 -0.00043  1.65232e-03 | 14  0.04936  1.66619e-04 | 15  0.01278  1.50157e-03
 16 -0.03537  1.68517e-03 | 17  0.01555 -1.75933e-04 | 18  0.09469 -1.53569e-03
 19  0.15432 -2.99355e-03 | 20 -0.00321  8.17111e-04 | 21 -0.00171 -8.05834e-04
 22 -0.05620  6.64892e-04 | 23 -0.07294  3.01015e-03 | 24  0.03283  2.45257e-03
 25  0.03457 -1.62294e-03 | 26  0.02259 -4.56536e-03 | 27  0.01452 -5.09929e-03
 28  0.05083 -7.06038e-03 | 29  0.02547 -3.56047e-03 | 30  0.05489 -4.55531e-03
 31  0.02969 -4.66349e-03 | 32  0.11262 -1.18378e-02 | 33 -0.03715 -1.94473e-03
 34 -0.06084 -2.07764e-03 | 35  0.01685 -6.17414e-03 | 36 -0.31034  3.44501e-03
 37 -0.03229 -3.06540e-01 | 38 -0.04117 -1.40556e-01 | 39 -0.03430 -4.41253e-02
 40 -0.04675 -2.04352e-01 | 41 -0.12865 -4.51412e-02 | 42 -0.63011  1.98715e-02
 43  0.99996  4.40133e-05 | 44 -0.70244 -6.26255e-04 | 45  0.99999 -8.47852e-04
 46 -0.99826 -1.22145e-04 | 47  1.00043 -3.92282e-05 | 48 -0.72438 -5.00705e-04
 49 -0.08907 -5.31750e-03 | 50 -0.06850 -6.11307e-02 | 51 -0.29380  1.59065e-03
 52 -0.58308  1.46106e-02 |
52 variables; iteration 520; function evaluation 618; phase 3
Function value 3.0664834e+03; maximum gradient component mag -7.0832e-02
Var    Value     Gradient |Var    Value     Gradient |Var    Value     Gradient
  1  0.90832 -1.09949e-02 |  2 -0.01952  9.98719e-04 |  3  0.02648  1.08183e-03
  4  0.00332  1.06792e-03 |  5 -0.11289  9.46077e-04 |  6  0.00105  1.23928e-03
  7 -0.08343  8.96496e-04 |  8 -0.06635  9.46168e-04 |  9 -0.00513  1.03368e-03
 10  0.10621  5.91879e-04 | 11 -0.04602  6.90389e-04 | 12  0.04261  8.33742e-04
 13 -0.00043  3.79349e-04 | 14  0.04936  1.03560e-04 | 15  0.01278  3.57473e-04
 16 -0.03537  3.14637e-04 | 17  0.01555 -3.79760e-05 | 18  0.09469 -3.00202e-04
 19  0.15432 -5.42586e-04 | 20 -0.00321  2.32372e-04 | 21 -0.00171 -1.84165e-04
 22 -0.05620  1.22601e-04 | 23 -0.07294  6.09754e-04 | 24  0.03283  6.69137e-04
 25  0.03457 -3.51377e-04 | 26  0.02259 -1.09412e-03 | 27  0.01452 -1.09657e-03
 28  0.05083 -1.51089e-03 | 29  0.02547 -8.03116e-04 | 30  0.05489 -1.12219e-03
 31  0.02969 -1.13463e-03 | 32  0.11262 -2.56681e-03 | 33 -0.03715 -5.39332e-04
 34 -0.06084 -6.42981e-04 | 35  0.01685 -2.01349e-03 | 36 -0.31034  7.43455e-04
 37 -0.03269 -7.08325e-02 | 38 -0.04156 -3.17365e-02 | 39 -0.03469 -9.78618e-03
 40 -0.04715 -4.72712e-02 | 41 -0.10216  1.61790e-02 | 42 -0.63157 -4.77954e-03
 43  0.99996  3.77501e-05 | 44 -0.70244 -8.04987e-05 | 45  0.99999  5.58069e-04
 46 -0.99826 -1.21477e-04 | 47  1.00043 -3.50924e-05 | 48 -0.72438 -4.81269e-05
 49 -0.10720  1.60259e-03 | 50 -0.08655  2.17847e-02 | 51 -0.29263  7.18174e-05
 52 -0.58136 -5.15308e-03 |
52 variables; iteration 540; function evaluation 642; phase 3
Function value 3.0664834e+03; maximum gradient component mag -2.5346e-01
Var    Value     Gradient |Var    Value     Gradient |Var    Value     Gradient
  1  0.92026 -3.34174e-02 |  2 -0.01952  3.35912e-03 |  3  0.02648  3.51855e-03
  4  0.00332  3.41109e-03 |  5 -0.11289  3.54169e-03 |  6  0.00105  2.88896e-03
  7 -0.08343  3.66923e-03 |  8 -0.06635  3.51391e-03 |  9 -0.00513  3.30815e-03
 10  0.10621  1.75361e-03 | 11 -0.04602  2.76219e-03 | 12  0.04261  1.92186e-03
 13 -0.00043  1.18808e-03 | 14  0.04936  2.21281e-04 | 15  0.01278  1.03545e-03
 16 -0.03537  1.48478e-03 | 17  0.01555 -8.25454e-04 | 18  0.09469 -1.41297e-03
 19  0.15432 -2.47454e-03 | 20 -0.00321  4.90204e-04 | 21 -0.00171 -7.68259e-04
 22 -0.05620  1.14716e-04 | 23 -0.07294  2.41816e-03 | 24  0.03283  1.74403e-03
 25  0.03457 -1.30032e-03 | 26  0.02259 -3.51304e-03 | 27  0.01452 -4.98589e-03
 28  0.05083 -6.73447e-03 | 29  0.02547 -3.45949e-03 | 30  0.05489 -3.51746e-03
 31  0.02969 -3.96729e-03 | 32  0.11262 -1.05924e-02 | 33 -0.03715 -1.90790e-03
 34 -0.06084 -1.94759e-03 | 35  0.01685 -5.85213e-03 | 36 -0.31034  2.86684e-03
 37 -0.03340 -2.53456e-01 | 38 -0.04228 -1.24902e-01 | 39 -0.03541 -3.88876e-02
 40 -0.04786 -1.71310e-01 | 41 -0.09219 -3.19651e-02 | 42 -0.63036  2.47557e-02
 43  0.99996 -1.91945e-04 | 44 -0.70244 -4.23865e-04 | 45  0.99999 -2.16923e-03
 46 -0.99826  3.49963e-04 | 47  1.00044  1.22774e-04 | 48 -0.72439 -8.78998e-04
 49 -0.11408 -1.02045e-03 | 50 -0.09339 -4.58260e-02 | 51 -0.29361 -2.14918e-03
 52 -0.58279  2.13218e-02 |
52 variables; iteration 560; function evaluation 666; phase 3
Function value 3.0664834e+03; maximum gradient component mag -1.7072e-01
Var    Value     Gradient |Var    Value     Gradient |Var    Value     Gradient
  1  0.92731 -2.05870e-02 |  2 -0.01952  2.37864e-03 |  3  0.02648  2.14597e-03
  4  0.00332  2.31581e-03 |  5 -0.11289  2.47091e-03 |  6  0.00105  1.98907e-03
  7 -0.08343  2.51675e-03 |  8 -0.06635  2.39959e-03 |  9 -0.00513  2.29631e-03
 10  0.10621  8.02419e-04 | 11 -0.04602  1.81852e-03 | 12  0.04261  1.06056e-03
 13 -0.00043  8.31492e-04 | 14  0.04936 -5.09535e-05 | 15  0.01278  6.82527e-04
 16 -0.03537  1.01249e-03 | 17  0.01555 -4.34908e-04 | 18  0.09469 -9.92690e-04
 19  0.15432 -1.90082e-03 | 20 -0.00321  3.55850e-04 | 21 -0.00171 -5.44135e-04
 22 -0.05620  1.50197e-04 | 23 -0.07294  1.71558e-03 | 24  0.03283  1.10124e-03
 25  0.03457 -9.48774e-04 | 26  0.02259 -2.39101e-03 | 27  0.01452 -3.19058e-03
 28  0.05083 -4.45438e-03 | 29  0.02547 -2.25522e-03 | 30  0.05489 -2.49665e-03
 31  0.02969 -2.65440e-03 | 32  0.11262 -7.15522e-03 | 33 -0.03715 -1.20605e-03
 34 -0.06084 -1.18305e-03 | 35  0.01685 -3.35825e-03 | 36 -0.31034  1.95216e-03
 37 -0.03378 -1.70717e-01 | 38 -0.04265 -8.25702e-02 | 39 -0.03578 -2.56141e-02
 40 -0.04824 -1.14874e-01 | 41 -0.11519 -4.30666e-02 | 42 -0.62705  1.78479e-02
 43  0.99996 -4.83188e-05 | 44 -0.70244 -2.44217e-04 | 45  0.99999 -4.82475e-04
 46 -0.99826  7.84903e-05 | 47  1.00043  1.08727e-05 | 48 -0.72438 -5.05941e-04
 49 -0.09826 -4.08739e-03 | 50 -0.07765 -5.91356e-02 | 51 -0.29628 -4.00183e-04
 52 -0.58672  1.38769e-02 |
52 variables; iteration 580; function evaluation 687; phase 3
Function value 3.0664834e+03; maximum gradient component mag -1.0292e-01
Var    Value     Gradient |Var    Value     Gradient |Var    Value     Gradient
  1  0.93584 -1.17675e-02 |  2 -0.01952  8.74529e-04 |  3  0.02648  1.37468e-03
  4  0.00332  1.07013e-03 |  5 -0.11289  1.14181e-03 |  6  0.00105  4.98069e-04
  7 -0.08343  1.30925e-03 |  8 -0.06635  1.12082e-03 |  9 -0.00513  9.24680e-04
 10  0.10621  7.81628e-04 | 11 -0.04602  9.88207e-04 | 12  0.04261  5.61190e-04
 13 -0.00043  3.37516e-04 | 14  0.04936 -7.40676e-05 | 15  0.01278  1.29559e-04
 16 -0.03537  6.74283e-04 | 17  0.01555 -1.04957e-03 | 18  0.09469 -8.07514e-04
 19  0.15432 -1.30172e-03 | 20 -0.00321  1.58225e-05 | 21 -0.00171 -5.02037e-04
 22 -0.05620 -4.35995e-04 | 23 -0.07294  9.40854e-04 | 24  0.03283  2.87090e-04
 25  0.03457 -5.70460e-04 | 26  0.02259 -1.05717e-03 | 27  0.01452 -2.71041e-03
 28  0.05083 -3.70621e-03 | 29  0.02547 -1.94678e-03 | 30  0.05489 -1.31980e-03
 31  0.02969 -1.76728e-03 | 32  0.11262 -5.29802e-03 | 33 -0.03715 -1.11652e-03
 34 -0.06084 -1.08104e-03 | 35  0.01685 -3.30417e-03 | 36 -0.31034  1.12895e-03
 37 -0.03419 -1.02923e-01 | 38 -0.04306 -5.87071e-02 | 39 -0.03619 -1.76956e-02
 40 -0.04865 -7.15004e-02 | 41 -0.09555  2.23338e-04 | 42 -0.62759 -1.11364e-03
 43  0.99996 -1.96248e-04 | 44 -0.70244  5.65697e-05 | 45  0.99999 -1.87903e-03
 46 -0.99826  3.64570e-04 | 47  1.00044  1.04560e-04 | 48 -0.72439 -7.62266e-04
 49 -0.11176  2.42189e-03 | 50 -0.09108 -2.43036e-03 | 51 -0.29585 -4.48758e-03
 52 -0.58608  8.72783e-04 |
52 variables; iteration 600; function evaluation 710; phase 3
Function value 3.0664834e+03; maximum gradient component mag -5.2746e-02
Var    Value     Gradient |Var    Value     Gradient |Var    Value     Gradient
  1  0.94384 -5.18684e-03 |  2 -0.01952  7.01670e-04 |  3  0.02648  7.83949e-04
  4  0.00332  7.79683e-04 |  5 -0.11289  7.03662e-04 |  6  0.00105  7.06592e-04
  7 -0.08343  6.96392e-04 |  8 -0.06635  6.88575e-04 |  9 -0.00513  7.41014e-04
 10  0.10621  3.81317e-04 | 11 -0.04602  5.51259e-04 | 12  0.04261  5.19164e-04
 13 -0.00043  3.05038e-04 | 14  0.04936  5.14277e-05 | 15  0.01278  2.63003e-04
 16 -0.03537  3.33985e-04 | 17  0.01555 -1.23191e-04 | 18  0.09469 -2.55016e-04
 19  0.15432 -5.21420e-04 | 20 -0.00321  1.17590e-04 | 21 -0.00171 -1.75324e-04
 22 -0.05620  6.53175e-05 | 23 -0.07294  5.08996e-04 | 24  0.03283  4.10455e-04
 25  0.03457 -2.42981e-04 | 26  0.02259 -7.45879e-04 | 27  0.01452 -9.48510e-04
 28  0.05083 -1.36862e-03 | 29  0.02547 -6.91810e-04 | 30  0.05489 -7.47808e-04
 31  0.02969 -8.20358e-04 | 32  0.11262 -2.13115e-03 | 33 -0.03715 -3.63452e-04
 34 -0.06084 -4.16192e-04 | 35  0.01685 -1.34055e-03 | 36 -0.31034  5.88755e-04
 37 -0.03452 -5.27462e-02 | 38 -0.04340 -2.51251e-02 | 39 -0.03653 -7.88273e-03
 40 -0.04898 -3.48260e-02 | 41 -0.10526  4.85713e-03 | 42 -0.62562 -3.15510e-03
 43  0.99996 -3.90833e-05 | 44 -0.70244 -1.26888e-04 | 45  0.99999 -3.73911e-05
 46 -0.99826  6.11246e-05 | 47  1.00043  1.51950e-05 | 48 -0.72438 -1.81499e-04
 49 -0.10507  5.60324e-04 | 50 -0.08442  6.35804e-03 | 51 -0.29744 -5.30613e-04
 52 -0.58845 -3.58659e-03 |
52 variables; iteration 620; function evaluation 731; phase 3
Function value 3.0664834e+03; maximum gradient component mag -6.0154e-02
Var    Value     Gradient |Var    Value     Gradient |Var    Value     Gradient
  1  0.95074  1.38192e-03 |  2 -0.01952 -5.72973e-04 |  3  0.02648 -5.89764e-04
  4  0.00332 -5.53311e-04 |  5 -0.11289 -3.85358e-04 |  6  0.00105 -1.41316e-03
  7 -0.08343 -1.94226e-04 |  8 -0.06635 -4.32297e-04 |  9 -0.00513 -5.92161e-04
 10  0.10621 -5.23331e-04 | 11 -0.04602 -1.37992e-04 | 12  0.04261 -8.60910e-04
 13 -0.00043 -1.30544e-04 | 14  0.04936 -2.59868e-04 | 15  0.01278 -2.59309e-04
 16 -0.03537  2.10127e-04 | 17  0.01555 -4.29730e-04 | 18  0.09469 -7.95740e-05
 19  0.15432 -3.21163e-04 | 20 -0.00321 -3.55760e-04 | 21 -0.00171 -9.98775e-05
 22 -0.05620 -2.20684e-04 | 23 -0.07294 -3.25694e-05 | 24  0.03283 -6.77846e-04
 25  0.03457  1.28052e-04 | 26  0.02259  7.13486e-04 | 27  0.01452 -1.82606e-04
 28  0.05083 -4.40217e-04 | 29  0.02547 -1.14079e-04 | 30  0.05489  7.60139e-04
 31  0.02969  4.88871e-04 | 32  0.11262  1.62421e-06 | 33 -0.03715  3.19277e-04
 34 -0.06084  4.41479e-04 | 35  0.01685  1.43720e-03 | 36 -0.31034 -1.48787e-04
 37 -0.03478  2.66271e-02 | 38 -0.04365  5.32424e-03 | 39 -0.03678  1.08693e-03
 40 -0.04924  1.86027e-02 | 41 -0.09808 -4.37764e-02 | 42 -0.62548  9.47399e-03
 43  0.99996 -2.41463e-04 | 44 -0.70244 -1.53971e-04 | 45  0.99999 -3.10151e-04
 46 -0.99825  5.68126e-04 | 47  1.00045  1.71564e-04 | 48 -0.72439 -5.66002e-04
 49 -0.11002 -3.91427e-03 | 50 -0.08935 -6.01540e-02 | 51 -0.29756 -2.22255e-03
 52 -0.58862  7.98997e-03 |
52 variables; iteration 640; function evaluation 754; phase 3
Function value 3.0664834e+03; maximum gradient component mag -4.3683e-02
Var    Value     Gradient |Var    Value     Gradient |Var    Value     Gradient
  1  0.95735 -3.37089e-03 |  2 -0.01952  6.19920e-04 |  3  0.02648  4.93086e-04
  4  0.00332  6.11835e-04 |  5 -0.11289  6.82267e-04 |  6  0.00105  4.30167e-04
  7 -0.08343  6.69718e-04 |  8 -0.06635  6.08339e-04 |  9 -0.00513  6.15385e-04
 10  0.10621  8.56458e-05 | 11 -0.04602  4.83888e-04 | 12  0.04261  1.78884e-04
 13 -0.00043  2.27444e-04 | 14  0.04936 -5.03969e-05 | 15  0.01278  1.67037e-04
 16 -0.03537  3.30151e-04 | 17  0.01555 -1.32994e-04 | 18  0.09469 -2.59370e-04
 19  0.15432 -5.58471e-04 | 20 -0.00321  1.00481e-04 | 21 -0.00171 -1.54963e-04
 22 -0.05620  2.54612e-05 | 23 -0.07294  4.87239e-04 | 24  0.03283  2.38687e-04
 25  0.03457 -2.47755e-04 | 26  0.02259 -6.30158e-04 | 27  0.01452 -8.22293e-04
 28  0.05083 -1.25303e-03 | 29  0.02547 -6.24083e-04 | 30  0.05489 -6.79614e-04
 31  0.02969 -6.61601e-04 | 32  0.11262 -1.93456e-03 | 33 -0.03715 -2.96163e-04
 34 -0.06084 -2.32166e-04 | 35  0.01685 -5.73566e-04 | 36 -0.31034  5.47917e-04
 37 -0.03499 -4.36829e-02 | 38 -0.04386 -2.19350e-02 | 39 -0.03699 -6.72316e-03
 40 -0.04945 -2.93178e-02 | 41 -0.10708 -2.30475e-02 | 42 -0.62404  9.22466e-03
 43  0.99996 -4.54425e-05 | 44 -0.70244 -7.70011e-05 | 45  0.99999 -4.51218e-04
 46 -0.99826  8.58756e-05 | 47  1.00043  1.56549e-05 | 48 -0.72438 -2.18800e-04
 49 -0.10382 -2.36301e-03 | 50 -0.08318 -3.14912e-02 | 51 -0.29874 -1.26980e-04
 52 -0.59036  6.24492e-03 |
52 variables; iteration 660; function evaluation 777; phase 3
Function value 3.0664834e+03; maximum gradient component mag -5.0763e-02
Var    Value     Gradient |Var    Value     Gradient |Var    Value     Gradient
  1  0.96406 -2.34018e-03 |  2 -0.01952  7.30593e-04 |  3  0.02648  4.13724e-04
  4  0.00332  6.54828e-04 |  5 -0.11289  7.30592e-04 |  6  0.00105  5.17134e-04
  7 -0.08343  6.85082e-04 |  8 -0.06635  6.57810e-04 |  9 -0.00513  6.89846e-04
 10  0.10621 -6.45889e-07 | 11 -0.04602  5.01320e-04 | 12  0.04261  1.59919e-04
 13 -0.00043  2.22669e-04 | 14  0.04936  2.11446e-05 | 15  0.01278  2.64503e-04
 16 -0.03537  2.64384e-04 | 17  0.01555  1.39836e-04 | 18  0.09469 -1.22242e-04
 19  0.15432 -3.40907e-04 | 20 -0.00321  1.27719e-04 | 21 -0.00171 -7.54224e-05
 22 -0.05620  2.05279e-04 | 23 -0.07294  4.31036e-04 | 24  0.03283  3.68175e-04
 25  0.03457 -1.65727e-04 | 26  0.02259 -6.87502e-04 | 27  0.01452 -4.74460e-04
 28  0.05083 -7.59081e-04 | 29  0.02547 -3.21657e-04 | 30  0.05489 -5.89514e-04
 31  0.02969 -4.90669e-04 | 32  0.11262 -1.26354e-03 | 33 -0.03715 -8.04770e-05
 34 -0.06084 -4.14211e-05 | 35  0.01685  1.77755e-04 | 36 -0.31034  5.08411e-04
 37 -0.03517 -3.69938e-02 | 38 -0.04405 -1.58713e-02 | 39 -0.03718 -5.21221e-03
 40 -0.04963 -2.37585e-02 | 41 -0.09645 -3.74500e-02 | 42 -0.62454  2.27118e-02
 43  0.99996 -3.92304e-05 | 44 -0.70244 -2.12866e-04 | 45  0.99999  1.83286e-04
 46 -0.99826  7.32835e-05 | 47  1.00043  2.30512e-05 | 48 -0.72438 -8.85998e-05
 49 -0.11114 -4.07184e-03 | 50 -0.09047 -5.07633e-02 | 51 -0.29833  1.43508e-03
 52 -0.58976  1.63357e-02 |
52 variables; iteration 680; function evaluation 802; phase 3
Function value 3.0664834e+03; maximum gradient component mag -1.1374e-01
Var    Value     Gradient |Var    Value     Gradient |Var    Value     Gradient
  1  0.97133 -5.44599e-03 |  2 -0.01952  1.58335e-03 |  3  0.02648  1.46484e-03
  4  0.00332  1.59234e-03 |  5 -0.11289  1.60630e-03 |  6  0.00105  1.55010e-03
  7 -0.08343  1.57208e-03 |  8 -0.06635  1.53852e-03 |  9 -0.00513  1.57151e-03
 10  0.10621  5.62082e-04 | 11 -0.04602  1.13495e-03 | 12  0.04261  8.57628e-04
 13 -0.00043  5.50251e-04 | 14  0.04936 -3.06904e-05 | 15  0.01278  4.51654e-04
 16 -0.03537  5.94064e-04 | 17  0.01555 -2.41294e-04 | 18  0.09469 -6.20319e-04
 19  0.15432 -1.17285e-03 | 20 -0.00321  2.82680e-04 | 21 -0.00171 -3.64408e-04
 22 -0.05620  9.50599e-05 | 23 -0.07294  1.07645e-03 | 24  0.03283  8.21424e-04
 25  0.03457 -6.36841e-04 | 26  0.02259 -1.63937e-03 | 27  0.01452 -1.98631e-03
 28  0.05083 -2.82235e-03 | 29  0.02547 -1.45633e-03 | 30  0.05489 -1.79673e-03
 31  0.02969 -1.81273e-03 | 32  0.11262 -4.58591e-03 | 33 -0.03715 -8.60496e-04
 34 -0.06084 -8.83607e-04 | 35  0.01685 -2.47768e-03 | 36 -0.31034  1.27340e-03
 37 -0.03534 -1.13736e-01 | 38 -0.04421 -5.38033e-02 | 39 -0.03734 -1.65153e-02
 40 -0.04980 -7.64174e-02 | 41 -0.10832 -1.53539e-02 | 42 -0.62320  7.42412e-03
 43  0.99996  1.03982e-05 | 44 -0.70244 -1.06501e-04 | 45  0.99999 -9.96997e-04
 46 -0.99826 -7.56235e-05 | 47  1.00043 -4.31624e-05 | 48 -0.72438 -2.64266e-04
 49 -0.10297 -1.52912e-03 | 50 -0.08233 -2.10682e-02 | 51 -0.29943 -3.58749e-05
 52 -0.59139  4.63813e-03 |
52 variables; iteration 700; function evaluation 824; phase 3
Function value 3.0664834e+03; maximum gradient component mag -1.1399e-01
Var    Value     Gradient |Var    Value     Gradient |Var    Value     Gradient
  1  0.97739 -4.26260e-03 |  2 -0.01952  1.75547e-03 |  3  0.02648  1.49967e-03
  4  0.00332  1.70980e-03 |  5 -0.11289  1.75660e-03 |  6  0.00105  1.59683e-03
  7 -0.08343  1.72023e-03 |  8 -0.06635  1.68477e-03 |  9 -0.00513  1.71904e-03
 10  0.10621  5.42672e-04 | 11 -0.04602  1.26916e-03 | 12  0.04261  8.59471e-04
 13 -0.00043  6.36356e-04 | 14  0.04936  6.25051e-05 | 15  0.01278  5.83671e-04
 16 -0.03537  6.75617e-04 | 17  0.01555 -2.70019e-05 | 18  0.09469 -5.47938e-04
 19  0.15432 -1.11998e-03 | 20 -0.00321  3.16554e-04 | 21 -0.00171 -3.00310e-04
 22 -0.05620  2.78848e-04 | 23 -0.07294  1.15681e-03 | 24  0.03283  9.25944e-04
 25  0.03457 -5.89774e-04 | 26  0.02259 -1.74598e-03 | 27  0.01452 -1.85922e-03
 28  0.05083 -2.65851e-03 | 29  0.02547 -1.31382e-03 | 30  0.05489 -1.71761e-03
 31  0.02969 -1.69968e-03 | 32  0.11262 -4.39340e-03 | 33 -0.03715 -6.67970e-04
 34 -0.06084 -6.89429e-04 | 35  0.01685 -1.94225e-03 | 36 -0.31034  1.33022e-03
 37 -0.03545 -1.13994e-01 | 38 -0.04432 -5.23831e-02 | 39 -0.03745 -1.65018e-02
 40 -0.04991 -7.56443e-02 | 41 -0.09875 -2.93609e-02 | 42 -0.62405  1.48893e-02
 43  0.99996 -2.08746e-05 | 44 -0.70244 -2.96073e-04 | 45  0.99999  2.01689e-04
 46 -0.99826  2.63541e-05 | 47  1.00043  1.21240e-05 | 48 -0.72438 -2.52021e-04
 49 -0.10955 -3.31741e-03 | 50 -0.08889 -3.97448e-02 | 51 -0.29873  8.76799e-04
 52 -0.59036  1.02203e-02 |
52 variables; iteration 720; function evaluation 848; phase 3
Function value 3.0664834e+03; maximum gradient component mag -1.4639e-01
Var    Value     Gradient |Var    Value     Gradient |Var    Value     Gradient
  1  0.98617 -3.33589e-03 |  2 -0.01952  2.06417e-03 |  3  0.02648  2.08165e-03
  4  0.00332  2.15134e-03 |  5 -0.11289  2.05215e-03 |  6  0.00105  2.18496e-03
  7 -0.08343  2.02527e-03 |  8 -0.06635  1.97997e-03 |  9 -0.00513  2.10565e-03
 10  0.10621  9.74463e-04 | 11 -0.04602  1.54089e-03 | 12  0.04261  1.32991e-03
 13 -0.00043  7.88967e-04 | 14  0.04936  8.99311e-05 | 15  0.01278  6.45060e-04
 16 -0.03537  7.78768e-04 | 17  0.01555 -1.63756e-04 | 18  0.09469 -7.07067e-04
 19  0.15432 -1.35474e-03 | 20 -0.00321  3.86720e-04 | 21 -0.00171 -4.06986e-04
 22 -0.05620  2.25188e-04 | 23 -0.07294  1.39653e-03 | 24  0.03283  1.18583e-03
 25  0.03457 -7.95696e-04 | 26  0.02259 -2.22338e-03 | 27  0.01452 -2.44065e-03
 28  0.05083 -3.48909e-03 | 29  0.02547 -1.78674e-03 | 30  0.05489 -2.24297e-03
 31  0.02969 -2.25889e-03 | 32  0.11262 -5.69422e-03 | 33 -0.03715 -1.01437e-03
 34 -0.06084 -1.14791e-03 | 35  0.01685 -3.43713e-03 | 36 -0.31034  1.64446e-03
 37 -0.03556 -1.46393e-01 | 38 -0.04443 -6.85391e-02 | 39 -0.03756 -2.14601e-02
 40 -0.05002 -9.79434e-02 | 41 -0.10445 -3.47107e-03 | 42 -0.62390  3.96547e-03
 43  0.99996 -2.60121e-05 | 44 -0.70244 -2.63259e-04 | 45  0.99999 -2.69458e-04
 46 -0.99826 -2.02181e-05 | 47  1.00043 -3.58723e-06 | 48 -0.72438 -3.78994e-04
 49 -0.10562 -2.93609e-04 | 50 -0.08498 -4.96744e-03 | 51 -0.29885 -3.04447e-05
 52 -0.59053  1.85327e-03 |
52 variables; iteration 740; function evaluation 871; phase 3
Function value 3.0664834e+03; maximum gradient component mag -1.7839e-01
Var    Value     Gradient |Var    Value     Gradient |Var    Value     Gradient
  1  0.99452 -1.59159e-03 |  2 -0.01952  2.46719e-03 |  3  0.02648  2.36280e-03
  4  0.00332  2.48240e-03 |  5 -0.11289  2.51011e-03 |  6  0.00105  2.46803e-03
  7 -0.08343  2.46003e-03 |  8 -0.06635  2.43056e-03 |  9 -0.00513  2.43394e-03
 10  0.10621  1.03689e-03 | 11 -0.04602  1.78041e-03 | 12  0.04261  1.42306e-03
 13 -0.00043  7.56251e-04 | 14  0.04936  4.66860e-05 | 15  0.01278  7.01707e-04
 16 -0.03537  7.99599e-04 | 17  0.01555 -4.12103e-04 | 18  0.09469 -9.40250e-04
 19  0.15432 -1.60485e-03 | 20 -0.00321  4.41727e-04 | 21 -0.00171 -5.57030e-04
 22 -0.05620  1.03576e-04 | 23 -0.07294  1.56773e-03 | 24  0.03283  1.38715e-03
 25  0.03457 -9.59231e-04 | 26  0.02259 -2.60009e-03 | 27  0.01452 -3.14980e-03
 28  0.05083 -4.33001e-03 | 29  0.02547 -2.24574e-03 | 30  0.05489 -2.83015e-03
 31  0.02969 -2.89060e-03 | 32  0.11262 -7.00881e-03 | 33 -0.03715 -1.41831e-03
 34 -0.06084 -1.48723e-03 | 35  0.01685 -3.98411e-03 | 36 -0.31034  1.97084e-03
 37 -0.03561 -1.78391e-01 | 38 -0.04449 -8.42033e-02 | 39 -0.03762 -2.58637e-02
 40 -0.05008 -1.20238e-01 | 41 -0.10481 -2.30038e-02 | 42 -0.62470  2.37287e-02
 43  0.99996  1.65912e-05 | 44 -0.70244 -1.51465e-04 | 45  0.99999 -4.26629e-04
 46 -0.99826 -1.20410e-04 | 47  1.00043 -4.55603e-05 | 48 -0.72438 -3.55436e-04
 49 -0.10538 -1.30228e-03 | 50 -0.08473 -3.24953e-02 | 51 -0.29820  1.60929e-04
 52 -0.58957  1.80532e-02 |
52 variables; iteration 760; function evaluation 894; phase 3
Function value 3.0664834e+03; maximum gradient component mag 7.4854e-03
Var    Value     Gradient |Var    Value     Gradient |Var    Value     Gradient
  1  0.99963  2.69566e-04 |  2 -0.01952 -1.65628e-04 |  3  0.02648 -1.51209e-04
  4  0.00332 -1.19688e-04 |  5 -0.11289 -1.51650e-04 |  6  0.00105 -1.10323e-04
  7 -0.08343 -1.85110e-04 |  8 -0.06635 -1.83608e-04 |  9 -0.00513 -1.36676e-04
 10  0.10621 -1.16692e-04 | 11 -0.04602 -1.46925e-04 | 12  0.04261 -8.40530e-05
 13 -0.00043 -6.62603e-05 | 14  0.04936 -8.37048e-05 | 15  0.01278 -7.64059e-05
 16 -0.03537 -4.99382e-05 | 17  0.01555 -7.29206e-05 | 18  0.09469  1.89067e-05
 19  0.15432  1.03626e-05 | 20 -0.00321 -1.00344e-05 | 21 -0.00171 -2.78518e-05
 22 -0.05620 -8.55202e-05 | 23 -0.07294 -8.82396e-05 | 24  0.03283 -1.06146e-04
 25  0.03457  2.76966e-05 | 26  0.02259  1.10138e-04 | 27  0.01452  1.25453e-04
 28  0.05083  8.89418e-05 | 29  0.02547  3.46021e-05 | 30  0.05489  1.50137e-05
 31  0.02969  5.80599e-05 | 32  0.11262  2.06607e-04 | 33 -0.03715 -2.92504e-05
 34 -0.06084 -3.66744e-06 | 35  0.01685  9.28356e-05 | 36 -0.31034 -9.39014e-05
 37 -0.03562  7.48545e-03 | 38 -0.04450  3.04758e-03 | 39 -0.03763  1.21957e-03
 40 -0.05009  4.96820e-03 | 41 -0.10289  1.79037e-03 | 42 -0.62563 -1.77642e-03
 43  0.99996  6.51714e-06 | 44 -0.70244  1.10559e-04 | 45  0.99999 -2.29241e-04
 46 -0.99826 -4.47384e-05 | 47  1.00043 -2.12890e-05 | 48 -0.72438  1.01962e-05
 49 -0.10670  1.31369e-04 | 50 -0.08605  2.26907e-03 | 51 -0.29743 -2.51157e-04
 52 -0.58843 -2.63404e-03 |
52 variables; iteration 780; function evaluation 914; phase 3
Function value 3.0664834e+03; maximum gradient component mag -1.0567e-01
Var    Value     Gradient |Var    Value     Gradient |Var    Value     Gradient
  1  0.99934  1.62556e-04 |  2 -0.01952 -1.34140e-03 |  3  0.02648 -1.47246e-03
  4  0.00332 -1.35334e-03 |  5 -0.11289 -7.99142e-04 |  6  0.00105 -1.39458e-03
  7 -0.08343 -9.88782e-04 |  8 -0.06635 -1.19999e-03 |  9 -0.00513 -1.43812e-03
 10  0.10621 -1.21213e-03 | 11 -0.04602 -1.29715e-03 | 12  0.04261 -1.49725e-03
 13 -0.00043 -1.50326e-03 | 14  0.04936 -9.20483e-04 | 15  0.01278 -1.42909e-03
 16 -0.03537 -1.31683e-03 | 17  0.01555 -1.83378e-03 | 18  0.09469 -5.57372e-04
 19  0.15432  3.18198e-04 | 20 -0.00321 -3.64783e-04 | 21 -0.00171 -5.60472e-04
 22 -0.05620 -1.75107e-03 | 23 -0.07294 -1.22819e-03 | 24  0.03283 -9.28240e-04
 25  0.03457 -2.63667e-04 | 26  0.02259  1.04364e-03 | 27  0.01452 -7.57629e-04
 28  0.05083 -9.10610e-04 | 29  0.02547 -7.36280e-04 | 30  0.05489 -9.54903e-04
 31  0.02969 -6.56160e-04 | 32  0.11262 -2.47816e-04 | 33 -0.03715 -1.40340e-03
 34 -0.06084 -1.03812e-03 | 35  0.01685  3.42485e-04 | 36 -0.31034 -4.57821e-04
 37 -0.03562  2.61476e-02 | 38 -0.04450 -1.20819e-03 | 39 -0.03763  3.34242e-03
 40 -0.05009  8.82310e-03 | 41 -0.08816 -7.31373e-02 | 42 -0.62908  8.98782e-02
 43  0.99996  2.89760e-04 | 44 -0.70243  1.43771e-03 | 45  0.99999 -1.43599e-03
 46 -0.99827 -6.76582e-04 | 47  1.00040 -2.59220e-04 | 48 -0.72438 -2.57856e-04
 49 -0.11687 -9.36939e-04 | 50 -0.09616 -1.05674e-01 | 51 -0.29464 -2.13052e-03
 52 -0.58430  7.59003e-02 |
52 variables; iteration 800; function evaluation 936; phase 3
Function value 3.0664834e+03; maximum gradient component mag -8.0970e-02
Var    Value     Gradient |Var    Value     Gradient |Var    Value     Gradient
  1  0.99344  3.37650e-04 |  2 -0.01952 -1.13100e-03 |  3  0.02648 -1.58346e-03
  4  0.00332 -1.30741e-03 |  5 -0.11289 -8.11188e-04 |  6  0.00105 -1.44330e-03
  7 -0.08343 -8.35069e-04 |  8 -0.06635 -1.02670e-03 |  9 -0.00513 -1.30298e-03
 10  0.10621 -1.37126e-03 | 11 -0.04602 -1.04424e-03 | 12  0.04261 -1.60860e-03
 13 -0.00043 -7.86737e-04 | 14  0.04936 -9.59392e-04 | 15  0.01278 -9.93988e-04
 16 -0.03537 -5.83650e-04 | 17  0.01555 -9.87543e-04 | 18  0.09469 -4.02338e-04
 19  0.15432 -4.43232e-04 | 20 -0.00321 -2.27639e-04 | 21 -0.00171 -2.84058e-04
 22 -0.05620 -9.47259e-04 | 23 -0.07294 -5.78942e-04 | 24  0.03283 -1.25535e-03
 25  0.03457 -2.21471e-04 | 26  0.02259  1.01314e-03 | 27  0.01452  1.93300e-05
 28  0.05083 -1.37077e-04 | 29  0.02547 -1.87261e-04 | 30  0.05489 -1.21061e-04
 31  0.02969  1.32250e-04 | 32  0.11262  1.67718e-04 | 33 -0.03715 -5.13225e-04
 34 -0.06084 -7.14298e-05 | 35  0.01685  1.15290e-03 | 36 -0.31034 -5.88772e-04
 37 -0.03561  4.16517e-02 | 38 -0.04448  1.10789e-02 | 39 -0.03761  5.81849e-03
 40 -0.05007  2.29212e-02 | 41 -0.07528 -5.93419e-02 | 42 -0.63886  1.56489e-02
 43  0.99996  5.20721e-05 | 44 -0.70243  1.09015e-03 | 45  0.99997 -2.01178e-02
 46 -0.99826 -5.40527e-04 | 47  1.00041 -2.13956e-04 | 48 -0.72438  2.42703e-05
 49 -0.12582 -5.35650e-03 | 50 -0.10506 -8.09697e-02 | 51 -0.28686 -1.54368e-03
 52 -0.57294  1.41972e-02 |
52 variables; iteration 820; function evaluation 964; phase 3
Function value 3.0664834e+03; maximum gradient component mag 4.9662e-03
Var    Value     Gradient |Var    Value     Gradient |Var    Value     Gradient
  1  0.98924 -1.37463e-05 |  2 -0.01952 -2.39302e-04 |  3  0.02648 -1.79410e-04
  4  0.00332 -2.19594e-04 |  5 -0.11289 -1.88837e-04 |  6  0.00105 -1.87954e-04
  7 -0.08343 -1.89328e-04 |  8 -0.06635 -2.06109e-04 |  9 -0.00513 -2.38881e-04
 10  0.10621 -1.02955e-04 | 11 -0.04602 -2.02805e-04 | 12  0.04261 -1.55653e-04
 13 -0.00043 -1.83554e-04 | 14  0.04936 -1.27890e-04 | 15  0.01278 -1.97858e-04
 16 -0.03537 -1.68464e-04 | 17  0.01555 -2.61038e-04 | 18  0.09469 -6.84439e-05
 19  0.15432  2.23467e-05 | 20 -0.00321 -5.90904e-05 | 21 -0.00171 -7.55579e-05
 22 -0.05620 -2.43614e-04 | 23 -0.07294 -1.68924e-04 | 24  0.03283 -1.57430e-04
 25  0.03457 -4.08479e-05 | 26  0.02259  1.82505e-04 | 27  0.01452 -9.57206e-05
 28  0.05083 -9.86633e-05 | 29  0.02547 -9.81490e-05 | 30  0.05489 -6.79067e-05
 31  0.02969 -7.43743e-05 | 32  0.11262 -1.87095e-05 | 33 -0.03715 -1.95282e-04
 34 -0.06084 -1.63748e-04 | 35  0.01685 -1.84421e-04 | 36 -0.31034 -1.01500e-04
 37 -0.03558  4.96618e-03 | 38 -0.04446  4.25875e-04 | 39 -0.03759  6.31013e-04
 40 -0.05005  2.14749e-03 | 41 -0.11274  1.00655e-03 | 42 -0.64851  3.60676e-03
 43  0.99996  1.53732e-05 | 44 -0.70244  2.17196e-04 | 45  1.00001  2.60001e-03
 46 -0.99826 -1.11049e-04 | 47  1.00043 -4.37655e-05 | 48 -0.72438 -1.46007e-05
 49 -0.09993  8.10133e-04 | 50 -0.07931  5.93387e-04 | 51 -0.27942 -6.04017e-04
 52 -0.56224  3.59169e-03 |
52 variables; iteration 840; function evaluation 986; phase 3
Function value 3.0664834e+03; maximum gradient component mag -4.3280e-02
Var    Value     Gradient |Var    Value     Gradient |Var    Value     Gradient
  1  0.99028 -5.27213e-04 |  2 -0.01952  6.77277e-04 |  3  0.02648  3.56428e-04
  4  0.00332  5.56336e-04 |  5 -0.11289  6.69629e-04 |  6  0.00105  4.15918e-04
  7 -0.08343  6.62383e-04 |  8 -0.06635  6.34813e-04 |  9 -0.00513  6.05974e-04
 10  0.10621  1.02627e-05 | 11 -0.04602  4.89643e-04 | 12  0.04261  1.02727e-04
 13 -0.00043  2.66380e-04 | 14  0.04936  4.72604e-05 | 15  0.01278  2.79741e-04
 16 -0.03537  2.99456e-04 | 17  0.01555  2.25219e-04 | 18  0.09469 -1.17123e-04
 19  0.15432 -3.66027e-04 | 20 -0.00321  1.21068e-04 | 21 -0.00171 -1.00916e-05
 22 -0.05620  2.82141e-04 | 23 -0.07294  4.44783e-04 | 24  0.03283  2.87852e-04
 25  0.03457 -1.31584e-04 | 26  0.02259 -5.69177e-04 | 27  0.01452 -3.68044e-04
 28  0.05083 -5.64504e-04 | 29  0.02547 -2.06206e-04 | 30  0.05489 -3.83875e-04
 31  0.02969 -3.21239e-04 | 32  0.11262 -1.07904e-03 | 33 -0.03715  4.32225e-05
 34 -0.06084  8.11842e-05 | 35  0.01685  2.31254e-04 | 36 -0.31034  4.25056e-04
 37 -0.03559 -3.09831e-02 | 38 -0.04447 -1.26934e-02 | 39 -0.03760 -4.41399e-03
 40 -0.05005 -1.96979e-02 | 41 -0.12072 -3.22213e-02 | 42 -0.65082  1.10864e-02
 43  0.99996 -1.16113e-05 | 44 -0.70244 -2.46753e-04 | 45  1.00001 -2.27583e-03
 46 -0.99826  9.47880e-05 | 47  1.00043  3.81313e-05 | 48 -0.72438 -3.43967e-05
 49 -0.09448 -4.05553e-03 | 50 -0.07388 -4.32797e-02 | 51 -0.27766  1.32534e-03
 52 -0.55975  9.36498e-03 |
52 variables; iteration 860; function evaluation 1009; phase 3
Function value 3.0664834e+03; maximum gradient component mag 4.4922e-03
Var    Value     Gradient |Var    Value     Gradient |Var    Value     Gradient
  1  0.99401 -1.67372e-05 |  2 -0.01952  1.24744e-05 |  3  0.02648  1.85366e-05
  4  0.00332  1.46368e-05 |  5 -0.11289  1.43715e-07 |  6  0.00105  2.81866e-05
  7 -0.08343 -7.49431e-07 |  8 -0.06635  6.02669e-06 |  9 -0.00513  1.68958e-05
 10  0.10621  2.55383e-05 | 11 -0.04602  1.37466e-05 | 12  0.04261  3.04003e-05
 13 -0.00043  3.62238e-05 | 14  0.04936  2.68744e-05 | 15  0.01278  3.52944e-05
 16 -0.03537  2.91893e-05 | 17  0.01555  6.29666e-05 | 18  0.09469  2.26139e-05
 19  0.15432  2.29072e-06 | 20 -0.00321  1.74657e-05 | 21 -0.00171  2.43690e-05
 22 -0.05620  5.30439e-05 | 23 -0.07294  2.05549e-05 | 24  0.03283  8.48915e-06
 25  0.03457  1.59222e-05 | 26  0.02259 -1.44422e-05 | 27  0.01452  6.42444e-05
 28  0.05083  7.76767e-05 | 29  0.02547  4.91239e-05 | 30  0.05489  4.16608e-05
 31  0.02969  4.86137e-05 | 32  0.11262  7.83772e-05 | 33 -0.03715  5.29220e-05
 34 -0.06084  4.75786e-05 | 35  0.01685  2.05369e-05 | 36 -0.31034 -1.28851e-05
 37 -0.03561  1.07327e-03 | 38 -0.04449  9.89970e-04 | 39 -0.03762  2.15042e-04
 40 -0.05007  9.67593e-04 | 41 -0.11713  3.11000e-03 | 42 -0.65266 -3.83164e-03
 43  0.99996 -9.85319e-07 | 44 -0.70244 -3.26800e-05 | 45  1.00001  3.38091e-04
 46 -0.99826  1.33617e-05 | 47  1.00043  9.53644e-06 | 48 -0.72438  1.92049e-05
 49 -0.09693  7.18867e-05 | 50 -0.07632  4.49218e-03 | 51 -0.27628  3.07771e-05
 52 -0.55779 -3.55735e-03 |
52 variables; iteration 880; function evaluation 1032; phase 3
Function value 3.0664834e+03; maximum gradient component mag 3.6918e-03
Var    Value     Gradient |Var    Value     Gradient |Var    Value     Gradient
  1  0.99746  3.43613e-05 |  2 -0.01952 -5.05746e-05 |  3  0.02648 -6.47697e-05
  4  0.00332 -5.60753e-05 |  5 -0.11289 -4.65409e-05 |  6  0.00105 -6.16095e-05
  7 -0.08343 -4.76332e-05 |  8 -0.06635 -5.00598e-05 |  9 -0.00513 -5.36229e-05
 10  0.10621 -4.28471e-05 | 11 -0.04602 -4.00755e-05 | 12  0.04261 -5.01808e-05
 13 -0.00043 -1.78150e-05 | 14  0.04936 -1.15702e-05 | 15  0.01278 -1.95750e-05
 16 -0.03537 -1.57829e-05 | 17  0.01555  4.30213e-06 | 18  0.09469  1.26699e-05
 19  0.15432  1.90405e-05 | 20 -0.00321 -7.27536e-06 | 21 -0.00171  8.88973e-06
 22 -0.05620 -5.72741e-06 | 23 -0.07294 -2.91840e-05 | 24  0.03283 -3.97707e-05
 25  0.03457  1.55705e-05 | 26  0.02259  5.43541e-05 | 27  0.01452  6.31017e-05
 28  0.05083  7.99270e-05 | 29  0.02547  4.39118e-05 | 30  0.05489  4.94758e-05
 31  0.02969  5.92379e-05 | 32  0.11262  1.29116e-04 | 33 -0.03715  2.67410e-05
 34 -0.06084  3.66375e-05 | 35  0.01685  1.13136e-04 | 36 -0.31034 -4.04208e-05
 37 -0.03562  3.69176e-03 | 38 -0.04450  1.69646e-03 | 39 -0.03763  5.41933e-04
 40 -0.05008  2.45922e-03 | 41 -0.11691 -1.17077e-03 | 42 -0.65208 -1.70856e-04
 43  0.99996 -7.66960e-07 | 44 -0.70244  1.08013e-05 | 45  1.00001  4.23308e-05
 46 -0.99826 -1.75750e-06 | 47  1.00043 -7.42937e-07 | 48 -0.72438  8.15242e-06
 49 -0.09708 -1.74009e-04 | 50 -0.07647 -1.55190e-03 | 51 -0.27671  1.63238e-05
 52 -0.55840 -1.37478e-04 |
52 variables; iteration 900; function evaluation 1052; phase 3
Function value 3.0664834e+03; maximum gradient component mag 5.8632e-04
Var    Value     Gradient |Var    Value     Gradient |Var    Value     Gradient
  1  0.99661  6.18408e-06 |  2 -0.01952 -6.54385e-06 |  3  0.02648 -5.61529e-06
  4  0.00332 -6.01729e-06 |  5 -0.11289 -7.29474e-06 |  6  0.00105 -6.58244e-06
  7 -0.08343 -7.17939e-06 |  8 -0.06635 -6.65322e-06 |  9 -0.00513 -5.95151e-06
 10  0.10621 -1.52561e-06 | 11 -0.04602 -4.12460e-06 | 12  0.04261 -1.73582e-06
 13 -0.00043 -5.55693e-07 | 14  0.04936  2.24546e-06 | 15  0.01278  1.44384e-07
 16 -0.03537 -1.23691e-06 | 17  0.01555  4.02329e-06 | 18  0.09469  4.71039e-06
 19  0.15432  7.15479e-06 | 20 -0.00321 -1.07829e-06 | 21 -0.00171  2.77221e-06
 22 -0.05620  2.04686e-06 | 23 -0.07294 -4.36830e-06 | 24  0.03283 -2.16789e-06
 25  0.03457  4.66973e-06 | 26  0.02259  7.77295e-06 | 27  0.01452  1.21488e-05
 28  0.05083  1.64543e-05 | 29  0.02547  9.28954e-06 | 30  0.05489  1.14662e-05
 31  0.02969  1.12651e-05 | 32  0.11262  2.63635e-05 | 33 -0.03715  7.07279e-06
 34 -0.06084  6.32227e-06 | 35  0.01685  1.39471e-05 | 36 -0.31034 -5.88704e-06
 37 -0.03562  5.86322e-04 | 38 -0.04449  2.94508e-04 | 39 -0.03762  8.51783e-05
 40 -0.05008  4.10621e-04 | 41 -0.11738  1.71372e-04 | 42 -0.65147 -9.72062e-05
 43  0.99996 -1.09661e-06 | 44 -0.70244 -2.41740e-06 | 45  1.00001  2.00283e-04
 46 -0.99826  2.33587e-06 | 47  1.00043  1.07616e-06 | 48 -0.72438  1.17640e-06
 49 -0.09676  1.08997e-05 | 50 -0.07615  2.40620e-04 | 51 -0.27717  3.84776e-06
 52 -0.55905 -9.20415e-05 |
Warning: the following parameters had issues
  SR_parm[1] is within 0.1% of upper bound: 5.00000e+00 < 2.49998e+01 < 2.50000e+01
  selparm[3] is within 0.1% of upper bound: -3.00000e+00 < 1.50000e+01 < 1.50000e+01
  selparm[5] is within 0.1% of upper bound: -1.00000e+00 < 1.50000e+01 < 1.50000e+01
  selparm[6] is within 0.1% of lower bound: -1.00000e+00 < -9.99961e-01 < 2.00000e+01
  selparm[7] is within 0.1% of upper bound: -3.00000e+00 < 1.50000e+01 < 1.50000e+01


 - final statistics:
52 variables; iteration 907; function evaluation 1059
Function value 3.0665e+03; maximum gradient component mag 7.6049e-05
Exit code = 1;  converg criter 1.0000e-04
Var    Value     Gradient |Var    Value     Gradient |Var    Value     Gradient
  1  0.99643  3.59588e-07 |  2 -0.01952 -1.50000e-06 |  3  0.02648 -1.80945e-06
  4  0.00332 -1.62291e-06 |  5 -0.11289 -1.21133e-06 |  6  0.00105 -1.78713e-06
  7 -0.08343 -1.22312e-06 |  8 -0.06635 -1.39832e-06 |  9 -0.00513 -1.59197e-06
 10  0.10621 -1.33073e-06 | 11 -0.04602 -1.21609e-06 | 12  0.04261 -1.64347e-06
 13 -0.00043 -6.86970e-07 | 14  0.04936 -7.32536e-07 | 15  0.01278 -9.44288e-07
 16 -0.03537 -5.41785e-07 | 17  0.01555 -6.56897e-07 | 18  0.09469 -1.11880e-07
 19  0.15432 -5.87577e-08 | 20 -0.00321 -2.61232e-07 | 21 -0.00171 -7.68047e-08
 22 -0.05620 -7.51321e-07 | 23 -0.07294 -7.46547e-07 | 24  0.03283 -1.37655e-06
 25  0.03457  4.85822e-08 | 26  0.02259  1.48394e-06 | 27  0.01452  7.53200e-07
 28  0.05083  8.03657e-07 | 29  0.02547  3.81382e-07 | 30  0.05489  6.31412e-07
 31  0.02969  8.96934e-07 | 32  0.11262  1.63300e-06 | 33 -0.03715 -1.43842e-08
 34 -0.06084  3.67275e-07 | 35  0.01685  1.78407e-06 | 36 -0.31034 -9.29482e-07
 37 -0.03562  7.60485e-05 | 38 -0.04449  2.83103e-05 | 39 -0.03762  1.05076e-05
 40 -0.05008  4.68061e-05 | 41 -0.11740 -3.70995e-05 | 42 -0.65144 -5.03947e-06
 43  0.99996  4.27611e-08 | 44 -0.70244  8.23876e-07 | 45  1.00001 -3.73726e-06
 46 -0.99826 -3.10825e-07 | 47  1.00043 -1.66376e-07 | 48 -0.72438 -8.21439e-09
 49 -0.09675 -4.22810e-06 | 50 -0.07614 -5.02276e-05 | 51 -0.27719 -1.59416e-06
 52 -0.55908 -3.56623e-06 |
Estimating row 1 out of 52 for hessian
Estimating row 2 out of 52 for hessian
Estimating row 3 out of 52 for hessian
Estimating row 4 out of 52 for hessian
Estimating row 5 out of 52 for hessian
Estimating row 6 out of 52 for hessian
Estimating row 7 out of 52 for hessian
Estimating row 8 out of 52 for hessian
Estimating row 9 out of 52 for hessian
Estimating row 10 out of 52 for hessian
Estimating row 11 out of 52 for hessian
Estimating row 12 out of 52 for hessian
Estimating row 13 out of 52 for hessian
Estimating row 14 out of 52 for hessian
Estimating row 15 out of 52 for hessian
Estimating row 16 out of 52 for hessian
Estimating row 17 out of 52 for hessian
Estimating row 18 out of 52 for hessian
Estimating row 19 out of 52 for hessian
Estimating row 20 out of 52 for hessian
Estimating row 21 out of 52 for hessian
Estimating row 22 out of 52 for hessian
Estimating row 23 out of 52 for hessian
Estimating row 24 out of 52 for hessian
Estimating row 25 out of 52 for hessian
Estimating row 26 out of 52 for hessian
Estimating row 27 out of 52 for hessian
Estimating row 28 out of 52 for hessian
Estimating row 29 out of 52 for hessian
Estimating row 30 out of 52 for hessian
Estimating row 31 out of 52 for hessian
Estimating row 32 out of 52 for hessian
Estimating row 33 out of 52 for hessian
Estimating row 34 out of 52 for hessian
Estimating row 35 out of 52 for hessian
Estimating row 36 out of 52 for hessian
Estimating row 37 out of 52 for hessian
Estimating row 38 out of 52 for hessian
Estimating row 39 out of 52 for hessian
Estimating row 40 out of 52 for hessian
Estimating row 41 out of 52 for hessian
Estimating row 42 out of 52 for hessian
Estimating row 43 out of 52 for hessian
Estimating row 44 out of 52 for hessian
Estimating row 45 out of 52 for hessian
Estimating row 46 out of 52 for hessian
Estimating row 47 out of 52 for hessian
Estimating row 48 out of 52 for hessian
Estimating row 49 out of 52 for hessian
Estimating row 50 out of 52 for hessian
Estimating row 51 out of 52 for hessian
Estimating row 52 out of 52 for hessian
size of file gradfil1.tmp = 0
size of file gradfil2.tmp = 0
size of file varssave.tmp = 0
size of file cmpdiff.tmp = 0
