
Initial statistics: 36 variables; iteration 0; function evaluation 0; phase 1
Function value 9.8324295e+03; maximum gradient component mag 7.0954e+03
Var    Value     Gradient |Var    Value     Gradient |Var    Value     Gradient
  1  0.01873  7.09545e+03 |  2 -0.04870 -2.91265e+02 |  3  0.08921 -9.87838e+01
  4 -0.06863 -2.55102e+02 |  5 -0.11419 -5.03086e+01 |  6  0.02196  1.11910e+01
  7 -0.07985 -8.73696e+01 |  8 -0.12210 -2.37092e+02 |  9 -0.03949 -3.70215e+02
 10  0.16743 -8.70770e+02 | 11 -0.06979 -3.88740e+02 | 12  0.00016 -7.02015e+02
 13 -0.01150 -9.18198e+02 | 14  0.11577 -4.45249e+02 | 15  0.04405  1.73115e+02
 16 -0.04746  4.40278e+01 | 17 -0.03043 -1.29548e+03 | 18 -0.00108 -1.03707e+03
 19  0.03422 -2.85473e+03 | 20 -0.08388 -1.68574e+03 | 21 -0.12248 -8.00802e+02
 22 -0.02290  1.49630e+02 | 23 -0.00950 -5.88131e+02 | 24  0.02898 -2.93794e+02
 25  0.00208  2.78363e+02 | 26  0.10546  2.99628e+03 | 27  0.09222  3.44589e+03
 28  0.02152  1.76672e+03 | 29  0.02993  1.15339e+03 | 30 -0.03931  1.01900e+03
 31  0.06213  1.63329e+03 | 32  0.04613  3.77834e+02 | 33  0.06048  2.56544e+02
 34 -0.05356 -3.04834e+02 | 35  0.01661  2.12035e+01 | 36  0.02745  2.43895e+02

Intermediate statistics: 36 variables; iteration 20; function evaluation 25; phase 1
Function value 9.3868125e+03; maximum gradient component mag 1.5256e+04
Var    Value     Gradient |Var    Value     Gradient |Var    Value     Gradient
  1  0.01468  1.52562e+04 |  2  0.03133 -2.28951e+02 |  3  0.07757 -2.25393e+02
  4 -0.00151 -2.21463e+02 |  5 -0.11766 -2.03078e+02 |  6 -0.00939 -2.36229e+02
  7 -0.10556 -2.24905e+02 |  8 -0.03339 -2.31707e+02 |  9  0.07065 -3.01421e+02
 10  0.12841 -7.78563e+02 | 11  0.02391 -3.40686e+02 | 12  0.06576 -4.10030e+02
 13  0.15830 -5.69512e+02 | 14  0.08020 -7.30161e+02 | 15 -0.00807 -5.26678e+02
 16 -0.13588 -3.53753e+02 | 17  0.12345  7.58013e+02 | 18 -0.09235 -2.35744e+02
 19  0.09277 -2.28740e+02 | 20  0.03099 -1.40638e+02 | 21 -0.49027 -3.40965e+02
 22 -0.05322 -2.24061e+02 | 23  0.04178 -2.04394e+02 | 24  0.06005 -7.38779e+01
 25  0.01163  2.38652e+02 | 26  0.11122  2.59964e+03 | 27  0.06358  2.12714e+03
 28  0.05009  1.28460e+03 | 29  0.01109  9.95950e+00 | 30 -0.03063  3.33506e+02
 31 -0.00725  3.01380e+02 | 32  0.08067  2.98522e+02 | 33  0.03626 -7.17970e+01
 34  0.01880 -1.36785e+02 | 35 -0.02244 -1.42661e+02 | 36 -0.31297 -2.42766e+02
36 variables; iteration 40; function evaluation 55; phase 1
Function value 9.2496275e+03; maximum gradient component mag 4.9256e+03
Var    Value     Gradient |Var    Value     Gradient |Var    Value     Gradient
  1  0.01469  4.92560e+03 |  2  0.05417 -2.50212e+01 |  3  0.06844 -9.09271e+01
  4  0.02649  1.40891e+01 |  5 -0.09008 -1.47431e+01 |  6 -0.02396 -4.91820e+01
  7 -0.14975 -1.12492e+02 |  8 -0.14963 -1.96076e+02 |  9  0.04082 -1.02288e+02
 10  0.23094  1.85216e+01 | 11  0.00206 -1.69320e+02 | 12  0.03910 -3.15273e+02
 13  0.07617 -3.29668e+02 | 14  0.14475 -5.40189e+01 | 15  0.00609 -1.02479e+02
 16 -0.16558 -1.91759e+02 | 17  0.09975 -1.81481e+02 | 18 -0.10706 -2.90548e+02
 19  0.07002 -5.45478e+02 | 20  0.00243 -2.23717e+02 | 21 -0.12697 -5.33579e+01
 22 -0.06810 -1.48487e+00 | 23  0.02372 -2.36767e+02 | 24  0.07974 -9.20198e+00
 25 -0.01548 -6.73989e+00 | 26  0.09864  1.21970e+03 | 27  0.02806  8.44466e+02
 28  0.07205  1.61993e+03 | 29  0.02365  1.97855e+02 | 30 -0.07138  6.79345e+01
 31 -0.00432  1.87585e+02 | 32  0.04620 -3.80286e+02 | 33  0.02880 -1.72257e+02
 34  0.02550 -1.25896e+02 | 35 -0.04966 -3.27519e+02 | 36 -0.28023 -9.85340e+01
36 variables; iteration 60; function evaluation 75; phase 1
Function value 9.0926739e+03; maximum gradient component mag 3.0445e+02
Var    Value     Gradient |Var    Value     Gradient |Var    Value     Gradient
  1  0.02020  3.04452e+02 |  2  0.02292 -9.49414e+00 |  3  0.06320 -9.03003e+00
  4 -0.01322 -1.00946e+01 |  5 -0.13685 -8.79642e+00 |  6 -0.01430 -1.02984e+01
  7 -0.10776 -5.67452e+00 |  8 -0.04338 -5.76937e+00 |  9  0.06046 -7.21211e+00
 10  0.20838 -1.08681e+01 | 11  0.06113 -6.08046e+00 | 12  0.13064 -1.57112e+00
 13  0.12631 -4.35063e+00 | 14  0.08928 -9.42887e+00 | 15 -0.01840 -8.45874e+00
 16 -0.12377 -5.89010e+00 | 17  0.08512  3.77087e+01 | 18 -0.04535  5.54746e+00
 19  0.09118  1.81268e+01 | 20 -0.00751  1.93097e+00 | 21 -0.13508 -1.86761e+00
 22 -0.08662 -4.59110e+00 | 23  0.03262  2.53345e+00 | 24  0.06765 -8.49444e+00
 25 -0.01329 -8.44166e+00 | 26  0.01954  1.19134e+01 | 27 -0.02037 -1.67252e+01
 28  0.00997  4.29508e+01 | 29  0.00933 -9.06746e+00 | 30 -0.08831 -2.06469e+00
 31 -0.03433 -2.39465e+00 | 32  0.05299 -4.10171e+00 | 33  0.02180 -5.00500e+00
 34  0.00440 -2.69995e+00 | 35 -0.03456 -5.24911e+00 | 36 -0.23854 -4.73256e+00

 - final statistics:
36 variables; iteration 67; function evaluation 82
Function value 9.0925e+03; maximum gradient component mag 5.1995e+00
Exit code = 1;  converg criter 1.0000e+01
Var    Value     Gradient |Var    Value     Gradient |Var    Value     Gradient
  1  0.02013  3.37571e+00 |  2  0.02397 -1.37385e-01 |  3  0.06354 -2.68051e-01
  4 -0.01197 -2.81501e-01 |  5 -0.13512 -3.06901e-01 |  6 -0.01375 -3.26629e-01
  7 -0.10754 -2.87745e-01 |  8 -0.04325 -2.08512e-01 |  9  0.06136  6.61273e-03
 10  0.20989  8.57637e-01 | 11  0.06132  7.48042e-02 | 12  0.12924 -5.26437e-01
 13  0.12575 -8.81360e-01 | 14  0.09019 -7.83440e-01 | 15 -0.01778 -7.92212e-01
 16 -0.12318 -3.80154e-01 | 17  0.08296  2.06182e-01 | 18 -0.04668  8.02352e-01
 19  0.09021  1.88669e+00 | 20 -0.00727 -6.14112e-01 | 21 -0.13592 -5.19015e-01
 22 -0.08569  1.22291e-01 | 23  0.03217 -1.71713e-01 | 24  0.06819 -1.47219e-01
 25 -0.01221 -2.90361e-01 | 26  0.01846  5.19951e+00 | 27 -0.01893 -2.29960e+00
 28  0.00677 -3.76302e+00 | 29  0.01024 -1.57395e+00 | 30 -0.08874 -5.31004e-01
 31 -0.03418  1.08827e+00 | 32  0.05312 -6.60540e-01 | 33  0.02196 -6.70886e-01
 34  0.00424 -5.04672e-01 | 35 -0.03445 -8.80663e-01 | 36 -0.23993 -3.01893e-01

Initial statistics: 46 variables; iteration 0; function evaluation 0; phase 2
Function value 9.0924696e+03; maximum gradient component mag 2.7115e+04
Var    Value     Gradient |Var    Value     Gradient |Var    Value     Gradient
  1  0.02013  3.37571e+00 |  2  0.02398  8.79237e-02 |  3  0.06354 -4.37048e-02
  4 -0.01197 -5.60723e-02 |  5 -0.13512 -8.64926e-02 |  6 -0.01374 -1.01213e-01
  7 -0.10754 -6.54858e-02 |  8 -0.04324  1.64369e-02 |  9  0.06137  2.31034e-01
 10  0.20990  1.07096e+00 | 11  0.06132  2.99227e-01 | 12  0.12925 -3.05598e-01
 13  0.12575 -6.60274e-01 | 14  0.09020 -5.60230e-01 | 15 -0.01778 -5.66832e-01
 16 -0.12318 -1.58893e-01 | 17  0.08297  4.29738e-01 | 18 -0.04668  1.02722e+00
 19  0.09022  2.10990e+00 | 20 -0.00726 -3.88659e-01 | 21 -0.13591 -2.98666e-01
 22 -0.08568  3.45721e-01 | 23  0.03218  5.34682e-02 | 24  0.06819  7.69572e-02
 25 -0.01220 -6.49339e-02 | 26  0.01847  5.42488e+00 | 27 -0.01893 -2.07424e+00
 28  0.00678 -3.53757e+00 | 29  0.01025 -1.34851e+00 | 30 -0.08873 -3.07722e-01
 31 -0.03417  1.31342e+00 | 32  0.05312 -4.35855e-01 | 33  0.02197 -4.45552e-01
 34  0.00424 -2.79209e-01 | 35 -0.03444 -6.55525e-01 | 36 -0.23992 -9.22490e-02
 37  0.20129 -2.44706e+04 | 38  0.52951  2.71149e+04 | 39  0.18808 -4.59707e+03
 40  0.38579  1.86235e+04 | 41 -0.06763  2.74359e+03 | 42 -0.42141  3.63981e+02
 43 -0.00746  7.21470e+02 | 44 -0.01250  3.29114e+03 | 45 -0.65985 -4.16991e+02
 46 -0.85749  2.59805e+02 |

Intermediate statistics: 46 variables; iteration 20; function evaluation 31; phase 2
Function value 4.4886855e+03; maximum gradient component mag -1.1493e+04
Var    Value     Gradient |Var    Value     Gradient |Var    Value     Gradient
  1  0.06600 -1.14931e+04 |  2 -0.06260  5.10462e+02 |  3 -0.04434  4.23870e+02
  4 -0.11764  4.37178e+02 |  5 -0.23053  5.60714e+02 |  6 -0.05991  5.05442e+02
  7 -0.15953  6.07942e+02 |  8 -0.12747  5.59146e+02 |  9  0.06130  3.96865e+02
 10 -0.83261  6.90153e+01 | 11  0.13899 -1.74860e+02 | 12 -0.14410  7.23876e+01
 13 -0.34161  1.78066e+02 | 14  0.27196  4.70508e+02 | 15  0.23120  6.52955e+02
 16  0.10916  5.11568e+02 | 17 -1.79732 -2.67916e+02 | 18  0.39485  6.07217e+02
 19  0.37153  4.01542e+02 | 20 -0.62839  2.82278e+02 | 21  0.13739  4.46971e+02
 22  0.15250  6.59270e+02 | 23  0.06203  4.11234e+02 | 24 -0.52816  2.95783e+02
 25  0.38155  4.23747e+02 | 26 -0.16068  3.44571e+02 | 27  0.29484  4.57129e+02
 28  0.30028  2.21870e+02 | 29 -1.06911 -5.08378e+01 | 30  0.39383  5.65550e+02
 31  0.32155  4.67456e+02 | 32  0.28272  3.87644e+02 | 33  0.10402  3.52419e+02
 34  0.07317  4.33747e+02 | 35  0.43691  7.51622e+02 | 36 -0.00022  5.80117e+02
 37  0.17293 -3.26752e+03 | 38  0.13916 -4.71456e+03 | 39  0.14101 -2.61984e+03
 40  0.14753 -4.34426e+03 | 41 -0.00143 -8.07520e+02 | 42 -0.52756  9.77771e+01
 43  0.06172  9.99522e+00 | 44 -0.18654 -1.13413e+03 | 45  0.03957  3.61663e+01
 46 -1.13018 -1.50109e+01 |
46 variables; iteration 40; function evaluation 54; phase 2
Function value 4.0888940e+03; maximum gradient component mag -7.0095e+03
Var    Value     Gradient |Var    Value     Gradient |Var    Value     Gradient
  1  0.06352 -7.00955e+03 |  2 -0.03752  4.84282e+02 |  3  0.03102  6.41920e+02
  4 -0.05100  4.90803e+02 |  5 -0.19141  4.34128e+02 |  6 -0.12942  3.16926e+02
  7 -0.13673  5.69739e+02 |  8 -0.19426  3.59172e+02 |  9  0.07164  3.64075e+02
 10 -0.95810  1.11176e+01 | 11  0.12804  3.60302e+02 | 12 -0.19890  1.01926e+02
 13 -0.01944  2.19588e+02 | 14  0.21306  4.27446e+02 | 15  0.14868  4.73058e+02
 16 -0.00522  3.55730e+02 | 17 -2.03738 -2.71715e+02 | 18  0.21779  3.29999e+02
 19  0.42022  6.60389e+02 | 20 -0.25087  3.43766e+02 | 21  0.23901  6.53063e+02
 22  0.11092  3.96367e+02 | 23  0.16040  4.39936e+02 | 24 -0.54683  2.22704e+02
 25  0.27768  1.02943e+02 | 26 -0.36217  2.33530e+02 | 27  0.24224  3.56442e+02
 28  0.36041  5.47531e+02 | 29 -0.75730  1.31972e+02 | 30  0.26181  3.17173e+02
 31  0.24591  3.19098e+02 | 32  0.22639  2.70742e+02 | 33  0.14094  4.25610e+02
 34  0.10585  4.42421e+02 | 35  0.22568  4.64046e+02 | 36 -0.10844  4.34952e+02
 37  0.18263 -3.60135e+03 | 38  0.15680 -3.83000e+03 | 39  0.17988 -9.47645e+02
 40  0.16591 -3.77231e+03 | 41  0.13139 -2.52521e+02 | 42 -0.49992 -2.43336e+02
 43 -0.00370  2.83853e+02 | 44 -0.26288 -6.03729e+02 | 45 -0.21667 -1.73324e+02
 46 -1.06437  7.93334e+00 |
46 variables; iteration 60; function evaluation 80; phase 2
Function value 2.7385019e+03; maximum gradient component mag -1.1391e+04
Var    Value     Gradient |Var    Value     Gradient |Var    Value     Gradient
  1  0.05321 -1.13909e+04 |  2  0.02584  3.75210e+02 |  3  0.14513  5.56118e+02
  4  0.03926  3.23787e+02 |  5 -0.14152  2.60722e+02 |  6  0.05585  4.10206e+02
  7 -0.06924  3.15528e+02 |  8 -0.03244  3.50383e+02 |  9  0.02805  3.47154e+02
 10  0.14373  3.86445e+02 | 11  0.04199  4.73029e+02 | 12  0.08038  4.68924e+02
 13 -0.04684  2.01983e+02 | 14  0.09102  4.50468e+02 | 15  0.00705  3.65130e+02
 16 -0.04372  3.86988e+02 | 17 -1.96702 -3.00612e+02 | 18  0.09432  4.16905e+02
 19  0.08311  2.36064e+02 | 20  0.00456  4.09794e+02 | 21  0.00226  4.72347e+02
 22 -0.04802  2.21250e+02 | 23 -0.00186  2.18670e+02 | 24 -0.01467 -9.51231e+01
 25  0.00982 -3.33295e+02 | 26 -0.03306 -5.19307e+02 | 27  0.03258 -4.56350e+02
 28  0.02689 -3.41603e+02 | 29 -0.16488 -3.20809e+02 | 30  0.02964 -2.81919e+00
 31  0.02137 -1.30888e+02 | 32  0.03841 -2.22783e+02 | 33  0.00196  2.17014e+02
 34 -0.00322  3.34633e+02 | 35 -0.02611  3.12023e+01 | 36 -0.16175  3.32106e+02
 37  0.23599 -3.18024e+03 | 38  0.23089 -1.92061e+03 | 39  0.25850  9.08790e+01
 40  0.24591 -3.09394e+03 | 41 -0.22215 -3.67067e+02 | 42 -0.47683  2.13182e+02
 43  0.22216  6.93333e+01 | 44  0.03674 -6.40865e+02 | 45 -0.09013  1.94814e+01
 46 -1.16067 -5.04538e+01 |
Maximum number of function evaluations exceeded

 - final statistics:
46 variables; iteration 80; function evaluation 100
Function value 2.5069e+03; maximum gradient component mag 2.1246e+02
Exit code = 3;  converg criter 1.0000e+01
Var    Value     Gradient |Var    Value     Gradient |Var    Value     Gradient
  1  0.05056  2.12461e+02 |  2 -0.00899 -6.77524e+00 |  3  0.03244 -5.94816e+00
  4 -0.02197 -9.18108e+00 |  5 -0.14132 -4.31034e+00 |  6 -0.02510 -1.23044e+01
  7 -0.11096 -3.57636e-02 |  8 -0.06582  4.63385e+00 |  9  0.01787  2.10199e+01
 10  0.11234 -7.28486e+00 | 11 -0.00903  5.09943e+01 | 12  0.03103  1.60473e+01
 13  0.02297  4.30554e+00 | 14  0.06483 -4.28660e-01 | 15 -0.00387 -2.05473e+00
 16 -0.06122 -2.28578e+00 | 17 -1.98343  4.99347e+00 | 18  0.05630 -3.59274e+00
 19  0.09234 -1.69772e+00 | 20 -0.02678 -2.15080e+00 | 21 -0.05905  4.84415e+00
 22 -0.03680 -1.17411e-01 | 23 -0.00940  4.46693e+00 | 24  0.03773  1.14234e+01
 25  0.02208  1.71020e+01 | 26  0.02801  1.37587e+01 | 27  0.04391 -8.67424e+00
 28  0.02199 -9.05950e+00 | 29  0.02019  1.27465e+00 | 30  0.01453 -4.71548e+00
 31  0.05375 -7.43073e+00 | 32  0.07410 -1.43884e+01 | 33 -0.01508 -1.31492e+01
 34 -0.03393 -7.48815e+00 | 35  0.01724 -1.49518e+01 | 36 -0.11900 -2.26875e+00
 37  0.24232  2.21848e+01 | 38  0.23684  3.36265e+01 | 39  0.24932  1.17441e+01
 40  0.24633 -1.18943e+02 | 41  0.16272 -3.57743e+01 | 42 -0.47157  6.97252e+01
 43 -0.21256  7.93759e+00 | 44 -0.22900 -5.82078e+01 | 45 -0.44628 -4.79581e+00
 46 -1.14563 -1.77332e+01 |

Initial statistics: 52 variables; iteration 0; function evaluation 0; phase 3
Function value 2.5069231e+03; maximum gradient component mag -1.8309e+03
Var    Value     Gradient |Var    Value     Gradient |Var    Value     Gradient
  1  0.05056  2.12461e+02 |  2 -0.00899 -6.89526e+00 |  3  0.03244 -6.06804e+00
  4 -0.02197 -9.30104e+00 |  5 -0.14132 -4.42742e+00 |  6 -0.02510 -1.24243e+01
  7 -0.11096 -1.53979e-01 |  8 -0.06582  4.51445e+00 |  9  0.01787  2.08999e+01
 10  0.11234 -7.40304e+00 | 11 -0.00904  5.08742e+01 | 12  0.03103  1.59274e+01
 13  0.02297  4.18558e+00 | 14  0.06483 -5.48073e-01 | 15 -0.00387 -2.17477e+00
 16 -0.06123 -2.40526e+00 | 17 -0.01657 -5.11346e+00 | 18  0.05629 -3.71231e+00
 19  0.09234 -1.81650e+00 | 20 -0.02678 -2.27073e+00 | 21 -0.05905  4.72463e+00
 22 -0.03680 -2.37245e-01 | 23 -0.00940  4.34691e+00 | 24  0.03772  1.13036e+01
 25  0.02208  1.69820e+01 | 26  0.02801  1.36388e+01 | 27  0.04390 -8.79399e+00
 28  0.02199 -9.17946e+00 | 29  0.02019  1.15468e+00 | 30  0.01452 -4.83548e+00
 31  0.05375 -7.55034e+00 | 32  0.07410 -1.45076e+01 | 33 -0.01508 -1.32692e+01
 34 -0.03393 -7.60801e+00 | 35  0.01723 -1.50718e+01 | 36 -0.11900 -2.38669e+00
 37  0.24232  2.21848e+01 | 38  0.23684  3.36265e+01 | 39  0.24932  1.17441e+01
 40  0.24633 -1.18943e+02 | 41  0.16272 -3.57743e+01 | 42 -0.47157  6.97252e+01
 43  0.27917 -2.05953e+02 | 44 -0.21788  1.12575e+02 | 45  0.04654 -1.83094e+03
 46 -0.45485  1.00824e+03 | 47  0.35122  1.26890e+03 | 48 -0.40702 -1.14288e+03
 49 -0.21256  7.93759e+00 | 50 -0.22900 -5.82078e+01 | 51 -0.44628 -4.79581e+00
 52 -0.85437  1.77332e+01 |

Intermediate statistics: 52 variables; iteration 20; function evaluation 31; phase 3
Function value 2.1583661e+03; maximum gradient component mag -9.1641e+03
Var    Value     Gradient |Var    Value     Gradient |Var    Value     Gradient
  1  0.03213 -9.16415e+03 |  2 -0.00475  8.44633e+01 |  3  0.03517  4.72667e+01
  4 -0.01503  1.09079e+02 |  5 -0.13726  1.25779e+02 |  6 -0.02003  1.15730e+02
  7 -0.11459  1.30610e+02 |  8 -0.07490  1.11848e+02 |  9 -0.00068  7.66960e+01
 10  0.11436  4.07636e+01 | 11 -0.03844  4.45118e+01 | 12  0.00187  6.45864e+01
 13  0.03213 -1.24529e+01 | 14  0.07656 -1.74531e+02 | 15 -0.00115 -4.61640e+01
 16 -0.05127 -1.69355e+01 | 17 -0.01141 -5.42948e+01 | 18  0.03966  4.00919e+01
 19  0.04626 -2.32959e+01 | 20 -0.02008  1.31806e+02 | 21 -0.15194  5.09008e+01
 22 -0.03782  8.95249e+01 | 23  0.06177  1.17100e+02 | 24  0.00249  5.38167e+00
 25 -0.04732 -8.04972e+01 | 26  0.06943 -2.62931e+02 | 27  0.03617 -3.76560e+02
 28  0.02138 -2.62722e+02 | 29 -0.00807 -4.63933e+01 | 30  0.03355  3.58462e+01
 31  0.04087 -2.89771e+01 | 32  0.08488 -6.77114e+01 | 33  0.03721  4.89401e-01
 34  0.00394 -9.07768e+01 | 35 -0.00305 -2.81754e+02 | 36 -0.00931  1.36711e+02
 37  0.26983 -1.16057e+03 | 38  0.26507 -1.06971e+03 | 39  0.25543 -5.22965e+02
 40  0.24779 -2.09374e+03 | 41  0.17261 -3.86860e+02 | 42 -0.47994 -1.77570e+02
 43  0.40466  1.60916e+02 | 44 -0.33906  7.24240e+00 | 45  0.31123 -2.97298e+01
 46 -0.47888  6.69476e+01 | 47  0.20477 -6.49863e+02 | 48 -0.47565  3.90306e+02
 49 -0.20233 -1.09207e+02 | 50 -0.22436 -4.40252e+02 | 51 -0.44290  3.51106e+01
 52 -0.85776 -5.12690e+01 |
52 variables; iteration 40; function evaluation 57; phase 3
Function value 2.1280963e+03; maximum gradient component mag -5.1009e+03
Var    Value     Gradient |Var    Value     Gradient |Var    Value     Gradient
  1  0.03363 -5.10089e+03 |  2  0.00367  6.74090e+01 |  3  0.03778  4.48552e+01
  4 -0.02175  7.14605e+01 |  5 -0.16969  3.83894e+01 |  6 -0.02247  8.61453e+01
  7 -0.13379  5.47343e+01 |  8 -0.07486  7.25643e+01 |  9  0.00716  5.55272e+01
 10  0.11553  4.79211e+01 | 11 -0.02958  2.62419e+01 | 12  0.00023  1.70562e+00
 13  0.02312 -6.75558e+01 | 14  0.08062 -1.09091e+02 | 15  0.01509  1.01338e+01
 16 -0.06221 -2.72320e+01 | 17 -0.00225  5.66370e+01 | 18  0.04380  4.04159e+01
 19  0.06003  2.37063e+01 | 20 -0.02925  5.80145e+01 | 21 -0.14130  1.28169e+01
 22 -0.03142  5.15423e+01 | 23  0.04826  6.71835e+00 | 24  0.00372 -6.78414e+01
 25 -0.04859 -1.28424e+02 | 26  0.06584 -1.78522e+02 | 27  0.04883 -1.17837e+02
 28  0.02051 -1.02264e+02 | 29 -0.00307 -5.27703e+01 | 30  0.01917 -4.85593e+01
 31  0.03651 -1.03462e+02 | 32  0.07818 -8.80922e+01 | 33  0.02297  1.93006e+01
 34  0.01310  1.36253e+02 | 35  0.02325 -4.48406e+00 | 36 -0.00121  7.70837e+01
 37  0.26492 -1.43432e+03 | 38  0.26264 -9.39871e+02 | 39  0.25729 -3.26090e+02
 40  0.25267 -1.15031e+03 | 41  0.02362 -3.40661e+02 | 42 -0.45780  2.45030e+02
 43  0.38771  9.98913e+01 | 44 -0.34663  2.25390e+01 | 45  0.30813 -3.84922e+01
 46 -0.47655  7.99938e+01 | 47  0.22203  4.59518e+00 | 48 -0.47749  2.69942e+01
 49 -0.06600 -3.02726e+01 | 50 -0.11649 -4.57643e+02 | 51 -0.41787  4.17967e+01
 52 -0.92684  2.23760e+01 |
52 variables; iteration 60; function evaluation 89; phase 3
Function value 2.1022209e+03; maximum gradient component mag 3.2838e+02
Var    Value     Gradient |Var    Value     Gradient |Var    Value     Gradient
  1  0.03429  3.28377e+02 |  2  0.01072  1.71263e+00 |  3  0.05349  1.81217e+00
  4 -0.00888  2.18482e-01 |  5 -0.13887 -1.38198e+01 |  6 -0.02128 -1.58681e+01
  7 -0.10948  5.66032e+00 |  8 -0.06782 -1.30171e+00 |  9  0.00735 -8.06094e+00
 10  0.10328 -1.50837e+01 | 11 -0.02663 -1.66846e+01 | 12 -0.00299 -1.25986e+00
 13  0.03830 -4.16159e-01 | 14  0.07613  2.46364e+01 | 15 -0.00074  2.02942e+01
 16 -0.03413  2.45049e+01 | 17 -0.02008 -5.86477e+00 | 18  0.02879  5.68073e-01
 19  0.04738 -2.06148e+01 | 20 -0.04769 -5.93556e-01 | 21 -0.13772 -1.67908e+01
 22 -0.04215 -3.19004e+00 | 23  0.03677  1.94308e+01 | 24  0.00294  2.02854e+01
 25 -0.01871  8.03561e-01 | 26  0.06013 -2.26298e+01 | 27  0.03814 -5.05228e+01
 28  0.01445 -4.32874e+01 | 29 -0.00567  3.25158e+00 | 30  0.00895  1.20887e+00
 31  0.03503  2.67060e+00 | 32  0.07420  3.03945e+01 | 33  0.01939  3.49292e+01
 34 -0.00126  3.74408e+01 | 35  0.02777 -1.86408e+00 | 36 -0.00120  8.33129e-01
 37  0.27433  3.12185e+02 | 38  0.27988 -8.52880e+01 | 39  0.26663  2.96271e+01
 40  0.25978 -7.60902e+01 | 41 -0.16048 -1.34303e+02 | 42 -0.46608  1.13158e+02
 43  0.40409 -1.03654e+01 | 44 -0.35035 -6.41556e+00 | 45  0.40776 -4.59241e+01
 46 -0.44204  7.05519e+01 | 47  0.22515  8.18274e+00 | 48 -0.47754 -1.02046e+00
 49  0.03445 -2.20690e+01 | 50  0.01428 -1.79577e+02 | 51 -0.45299  7.81538e+00
 52 -0.86818  2.16941e+01 |
52 variables; iteration 80; function evaluation 109; phase 3
Function value 2.1003791e+03; maximum gradient component mag 2.1485e-01
Var    Value     Gradient |Var    Value     Gradient |Var    Value     Gradient
  1  0.03328 -1.53588e-02 |  2  0.00795  4.09123e-02 |  3  0.05095  7.45973e-02
  4 -0.01318  4.45713e-02 |  5 -0.13656  1.36071e-02 |  6 -0.02249  7.29523e-02
  7 -0.11855 -7.01128e-03 |  8 -0.07261  3.87628e-04 |  9  0.00818  2.78616e-04
 10  0.10593 -4.34308e-03 | 11 -0.02128  8.34043e-04 | 12 -0.00153 -2.51269e-03
 13  0.04060 -3.15041e-02 | 14  0.07567 -2.13159e-01 | 15 -0.00543 -1.78231e-01
 16 -0.03302 -1.66711e-01 | 17 -0.01492 -2.72288e-02 | 18  0.02669  2.27121e-02
 19  0.05065  3.17439e-02 | 20 -0.05081  2.07597e-02 | 21 -0.13291  7.43704e-03
 22 -0.04034  2.74268e-02 | 23  0.03581  1.05731e-02 | 24  0.00004  5.26884e-03
 25 -0.01531  2.52980e-03 | 26  0.06168 -5.06760e-03 | 27  0.03990 -7.73670e-03
 28  0.01676 -1.15678e-02 | 29 -0.00684 -1.99724e-03 | 30  0.00922  1.81564e-02
 31  0.03635  3.12285e-02 | 32  0.07533  8.78084e-02 | 33  0.01940  4.90302e-02
 34 -0.00252  7.90164e-02 | 35  0.02998  7.17996e-03 | 36 -0.00458  3.17818e-03
 37  0.27381  2.14852e-01 | 38  0.28483  2.26435e-03 | 39  0.26638  6.62137e-02
 40  0.26046  1.47295e-01 | 41 -0.20589  1.74185e-02 | 42 -0.46346 -8.47603e-02
 43  0.40253 -4.89049e-02 | 44 -0.35038  3.38388e-02 | 45  0.44247 -2.57462e-02
 46 -0.43686  3.51146e-03 | 47  0.22502  4.41267e-02 | 48 -0.47764 -4.79603e-02
 49  0.07302  7.00008e-03 | 50  0.04796  2.18304e-02 | 51 -0.45289 -1.54365e-02
 52 -0.87674 -2.88745e-02 |
52 variables; iteration 100; function evaluation 134; phase 3
Function value 2.1003785e+03; maximum gradient component mag 1.4331e+00
Var    Value     Gradient |Var    Value     Gradient |Var    Value     Gradient
  1  0.03327 -5.66166e-01 |  2  0.00793 -2.16508e-02 |  3  0.05092 -1.88806e-02
  4 -0.01322  3.92324e-02 |  5 -0.13661  2.65786e-04 |  6 -0.02254  3.38520e-02
  7 -0.11861 -8.28021e-03 |  8 -0.07264  2.65377e-03 |  9  0.00818  1.30529e-02
 10  0.10594  5.78844e-02 | 11 -0.02127  1.03253e-02 | 12 -0.00153 -5.72018e-03
 13  0.04061 -5.29237e-02 | 14  0.07568 -9.54470e-02 | 15 -0.00541 -8.72232e-02
 16 -0.03300 -9.20091e-02 | 17 -0.01491  1.71717e-02 | 18  0.02670  5.61772e-02
 19  0.05065  3.74797e-02 | 20 -0.05080  2.72465e-02 | 21 -0.13291 -1.43362e-02
 22 -0.04034 -1.28433e-02 | 23  0.03583  4.88910e-03 | 24  0.00005 -2.40498e-03
 25 -0.01530 -1.27749e-02 | 26  0.06170 -1.49911e-03 | 27  0.03991  4.95774e-03
 28  0.01677  4.17078e-03 | 29 -0.00683  2.37532e-02 | 30  0.00923  6.98363e-03
 31  0.03636  1.70296e-02 | 32  0.07534  3.85640e-02 | 33  0.01941 -1.85596e-03
 34 -0.00252 -2.18390e-02 | 35  0.03000  2.78440e-02 | 36 -0.00456  2.56639e-02
 37  0.27382  1.17961e+00 | 38  0.28483  2.21552e-01 | 39  0.26638 -8.21944e-02
 40  0.26046 -1.86750e-02 | 41 -0.24298 -5.24072e-01 | 42 -0.47459  1.43315e+00
 43  0.40254 -1.00367e-01 | 44 -0.35038  1.76942e-02 | 45  0.44249 -4.36902e-02
 46 -0.43685  3.37162e-02 | 47  0.22502 -6.25160e-03 | 48 -0.47764 -8.89694e-03
 49  0.09723  4.83203e-02 | 50  0.07200 -8.61913e-01 | 51 -0.43870  1.89713e-04
 52 -0.82931  3.82105e-01 |
52 variables; iteration 120; function evaluation 156; phase 3
Function value 2.1003782e+03; maximum gradient component mag -3.7418e-01
Var    Value     Gradient |Var    Value     Gradient |Var    Value     Gradient
  1  0.03328 -3.74176e-01 |  2  0.00794  6.63466e-03 |  3  0.05093  1.21001e-02
  4 -0.01321  1.62440e-02 |  5 -0.13660  2.30615e-03 |  6 -0.02253  2.20532e-02
  7 -0.11859  5.89730e-04 |  8 -0.07263  6.12567e-03 |  9  0.00818  3.17497e-03
 10  0.10594  2.46016e-03 | 11 -0.02127 -1.71355e-03 | 12 -0.00153 -2.39036e-03
 13  0.04060 -1.29898e-02 | 14  0.07568 -8.41032e-02 | 15 -0.00541 -5.83893e-02
 16 -0.03300 -4.20921e-02 | 17 -0.01492  1.14090e-02 | 18  0.02670  1.06252e-02
 19  0.05065  1.34135e-02 | 20 -0.05080  1.71027e-02 | 21 -0.13291  4.26549e-03
 22 -0.04034  1.07287e-02 | 23  0.03582  4.04194e-03 | 24  0.00005  5.90144e-03
 25 -0.01530  2.11456e-03 | 26  0.06169 -1.64020e-02 | 27  0.03991 -2.41110e-02
 28  0.01677 -2.97015e-02 | 29 -0.00683 -3.31228e-03 | 30  0.00923 -3.53365e-04
 31  0.03636  1.79917e-02 | 32  0.07534  2.16164e-02 | 33  0.01941  1.31465e-02
 34 -0.00252  3.08661e-02 | 35  0.02999  2.83649e-02 | 36 -0.00457  6.55141e-03
 37  0.27381  1.78863e-01 | 38  0.28483 -1.24451e-02 | 39  0.26638 -8.20397e-03
 40  0.26046 -6.40758e-02 | 41 -0.30138 -2.79353e-02 | 42 -0.48846 -2.58290e-01
 43  0.40253 -4.14537e-02 | 44 -0.35038  2.92607e-02 | 45  0.44248 -1.49446e-02
 46 -0.43685  2.10926e-02 | 47  0.22502  1.02678e-02 | 48 -0.47764 -1.13046e-02
 49  0.13433 -2.03532e-02 | 50  0.10889 -2.06643e-02 | 51 -0.42175  8.26728e-03
 52 -0.78503 -1.02962e-01 |
52 variables; iteration 140; function evaluation 180; phase 3
Function value 2.1003780e+03; maximum gradient component mag 3.6779e-01
Var    Value     Gradient |Var    Value     Gradient |Var    Value     Gradient
  1  0.03328  2.48777e-01 |  2  0.00794  3.91884e-03 |  3  0.05093  1.43509e-02
  4 -0.01322  7.60992e-03 |  5 -0.13660 -1.36077e-03 |  6 -0.02253  1.22464e-02
  7 -0.11859 -5.02896e-03 |  8 -0.07263 -2.76500e-03 |  9  0.00818 -4.42751e-04
 10  0.10594  9.70037e-03 | 11 -0.02127  1.01994e-03 | 12 -0.00153 -2.37987e-03
 13  0.04060 -1.27571e-02 | 14  0.07568 -5.13274e-02 | 15 -0.00541 -5.15738e-02
 16 -0.03300 -5.18981e-02 | 17 -0.01492 -1.70947e-02 | 18  0.02670  1.16057e-02
 19  0.05065  1.74535e-02 | 20 -0.05080  5.28241e-03 | 21 -0.13291 -5.65256e-03
 22 -0.04034  3.28362e-03 | 23  0.03582  6.14862e-03 | 24  0.00004 -2.41850e-03
 25 -0.01530 -6.22324e-03 | 26  0.06169  7.34378e-03 | 27  0.03991  1.46509e-02
 28  0.01677  6.56217e-03 | 29 -0.00683  5.47138e-03 | 30  0.00923  6.16885e-03
 31  0.03636  1.36401e-02 | 32  0.07534  3.13927e-02 | 33  0.01941  1.61402e-02
 34 -0.00252  1.56240e-02 | 35  0.02999 -2.27089e-03 | 36 -0.00458 -8.44300e-05
 37  0.27381  1.65159e-01 | 38  0.28483  3.72581e-02 | 39  0.26638  2.43693e-02
 40  0.26046  1.46792e-01 | 41 -0.36047 -3.38322e-02 | 42 -0.50369  3.67790e-01
 43  0.40253 -1.98285e-02 | 44 -0.35039  4.23727e-03 | 45  0.44248 -1.28823e-02
 46 -0.43685  9.02486e-04 | 47  0.22502  1.70336e-02 | 48 -0.47764 -1.66154e-02
 49  0.17063  3.01655e-02 | 50  0.14486 -8.23312e-02 | 51 -0.40390 -1.31284e-02
 52 -0.74551  1.54270e-01 |
52 variables; iteration 160; function evaluation 205; phase 3
Function value 2.1003780e+03; maximum gradient component mag 1.9782e-01
Var    Value     Gradient |Var    Value     Gradient |Var    Value     Gradient
  1  0.03328  9.63067e-02 |  2  0.00794  2.55034e-03 |  3  0.05093  5.52661e-03
  4 -0.01322  6.75368e-04 |  5 -0.13660 -1.52432e-03 |  6 -0.02254  2.26106e-03
  7 -0.11859 -1.02088e-03 |  8 -0.07263 -2.49235e-04 |  9  0.00818 -2.46933e-04
 10  0.10594  1.57497e-03 | 11 -0.02127 -9.24501e-04 | 12 -0.00153 -1.03022e-03
 13  0.04060 -4.53118e-03 | 14  0.07568 -1.09399e-02 | 15 -0.00541 -1.26887e-02
 16 -0.03300 -1.28793e-02 | 17 -0.01493 -9.80570e-03 | 18  0.02670  8.14093e-04
 19  0.05065  4.76777e-03 | 20 -0.05080  2.69820e-04 | 21 -0.13290 -2.29722e-03
 22 -0.04034  2.01747e-05 | 23  0.03582  6.61166e-05 | 24  0.00005 -5.78517e-04
 25 -0.01530 -3.51347e-03 | 26  0.06169  2.70750e-03 | 27  0.03991  6.62201e-03
 28  0.01677  3.85358e-03 | 29 -0.00683  6.33144e-04 | 30  0.00923  3.43143e-03
 31  0.03636  4.28131e-03 | 32  0.07534  9.06480e-03 | 33  0.01941  6.35360e-03
 34 -0.00252  5.58576e-03 | 35  0.02999  8.31711e-04 | 36 -0.00458 -9.05068e-05
 37  0.27381  9.80276e-03 | 38  0.28483  8.32865e-03 | 39  0.26638  1.08180e-02
 40  0.26046  6.47934e-02 | 41 -0.41065 -2.89665e-02 | 42 -0.51879  1.97824e-01
 43  0.40253 -5.74195e-04 | 44 -0.35039  1.15528e-03 | 45  0.44249 -2.29380e-03
 46 -0.43685 -2.16741e-03 | 47  0.22502  5.95016e-03 | 48 -0.47764 -2.66551e-03
 49  0.20023  1.01191e-02 | 50  0.17413 -5.49538e-02 | 51 -0.38698 -4.72878e-03
 52 -0.71221  9.24855e-02 |
52 variables; iteration 180; function evaluation 227; phase 3
Function value 2.1003780e+03; maximum gradient component mag -6.8847e-02
Var    Value     Gradient |Var    Value     Gradient |Var    Value     Gradient
  1  0.03328 -5.58421e-02 |  2  0.00794  4.76977e-03 |  3  0.05093  5.91419e-03
  4 -0.01322  1.06942e-04 |  5 -0.13660  9.12958e-04 |  6 -0.02254  1.90693e-03
  7 -0.11859  1.67630e-03 |  8 -0.07263  1.77261e-03 |  9  0.00818  2.60802e-04
 10  0.10594 -3.37378e-03 | 11 -0.02127 -7.31007e-04 | 12 -0.00153 -4.64063e-04
 13  0.04060 -1.65287e-03 | 14  0.07568 -7.14204e-03 | 15 -0.00541 -5.04144e-03
 16 -0.03300 -3.49199e-03 | 17 -0.01493 -4.86371e-03 | 18  0.02670 -2.69063e-03
 19  0.05065 -1.57999e-04 | 20 -0.05080 -5.39884e-04 | 21 -0.13290  4.80554e-04
 22 -0.04034  2.36777e-03 | 23  0.03582 -6.90300e-05 | 24  0.00005  4.36677e-04
 25 -0.01530  2.96461e-04 | 26  0.06169 -1.72672e-03 | 27  0.03991 -2.24357e-03
 28  0.01677 -2.96013e-03 | 29 -0.00683 -3.04723e-03 | 30  0.00923  1.06485e-03
 31  0.03636  1.72883e-03 | 32  0.07534  2.79578e-03 | 33  0.01941  3.97317e-03
 34 -0.00252  7.74939e-03 | 35  0.02999  6.46181e-04 | 36 -0.00458  9.94790e-04
 37  0.27381 -6.88467e-02 | 38  0.28483 -1.76720e-02 | 39  0.26638  1.09277e-02
 40  0.26046  1.85133e-02 | 41 -0.43718 -2.29337e-02 | 42 -0.52794  4.36752e-02
 43  0.40253  4.23384e-03 | 44 -0.35039  1.22287e-03 | 45  0.44249  1.26433e-03
 46 -0.43685 -1.92109e-03 | 47  0.22502  4.63383e-03 | 48 -0.47764 -1.38712e-03
 49  0.21537 -2.99432e-03 | 50  0.18907 -3.14974e-02 | 51 -0.37708 -4.36203e-05
 52 -0.69404  1.73877e-02 |
52 variables; iteration 200; function evaluation 248; phase 3
Function value 2.1003780e+03; maximum gradient component mag -1.4670e-01
Var    Value     Gradient |Var    Value     Gradient |Var    Value     Gradient
  1  0.03327 -1.46700e-01 |  2  0.00794  3.65803e-03 |  3  0.05093  3.47014e-03
  4 -0.01322  1.32010e-03 |  5 -0.13660  1.64082e-03 |  6 -0.02254  1.77341e-03
  7 -0.11859  2.80783e-03 |  8 -0.07263  2.60703e-03 |  9  0.00818  1.42084e-03
 10  0.10594 -1.34546e-03 | 11 -0.02127  1.97504e-04 | 12 -0.00153 -5.69815e-04
 13  0.04060 -2.65374e-03 | 14  0.07568 -5.16337e-03 | 15 -0.00541 -3.19075e-03
 16 -0.03300 -2.49886e-03 | 17 -0.01493 -2.89702e-03 | 18  0.02670 -1.72520e-03
 19  0.05065 -5.10292e-04 | 20 -0.05080  3.43050e-04 | 21 -0.13290  1.69477e-04
 22 -0.04034  1.34175e-03 | 23  0.03582 -8.20821e-04 | 24  0.00005 -1.76568e-04
 25 -0.01530  2.65490e-04 | 26  0.06169 -3.00047e-03 | 27  0.03991 -3.44183e-03
 28  0.01677 -5.22810e-03 | 29 -0.00683 -1.74696e-03 | 30  0.00923  1.30762e-04
 31  0.03636  1.19581e-03 | 32  0.07534  5.80658e-04 | 33  0.01941  1.56315e-03
 34 -0.00252  4.83701e-03 | 35  0.02999  2.47371e-03 | 36 -0.00458  3.00882e-03
 37  0.27381 -3.76908e-02 | 38  0.28483 -1.22832e-02 | 39  0.26638  2.82137e-03
 40  0.26046  3.88902e-04 | 41 -0.45254 -5.11148e-02 | 42 -0.53406  8.41957e-02
 43  0.40253  2.64886e-03 | 44 -0.35039  5.87236e-04 | 45  0.44249  1.23339e-03
 46 -0.43685 -1.13419e-03 | 47  0.22502 -9.96534e-04 | 48 -0.47764  1.50694e-03
 49  0.22396 -4.11550e-03 | 50  0.19755 -8.21285e-02 | 51 -0.37059  1.39919e-03
 52 -0.68256  4.00590e-02 |
52 variables; iteration 220; function evaluation 273; phase 3
Function value 2.1003779e+03; maximum gradient component mag -5.5225e-01
Var    Value     Gradient |Var    Value     Gradient |Var    Value     Gradient
  1  0.03328 -5.52251e-01 |  2  0.00794  9.16080e-03 |  3  0.05093  8.14548e-03
  4 -0.01322  6.12147e-03 |  5 -0.13660  7.49288e-03 |  6 -0.02254  6.80944e-03
  7 -0.11859  8.36224e-03 |  8 -0.07263  7.87495e-03 |  9  0.00818  5.07374e-03
 10  0.10594 -2.96324e-03 | 11 -0.02127  2.20135e-03 | 12 -0.00153 -1.56126e-03
 13  0.04060 -1.24426e-02 | 14  0.07568 -1.42863e-02 | 15 -0.00541 -7.02679e-03
 16 -0.03300 -6.22761e-03 | 17 -0.01493 -4.68198e-03 | 18  0.02670 -1.74876e-03
 19  0.05065 -1.49592e-03 | 20 -0.05080  2.85920e-04 | 21 -0.13290  9.06093e-04
 22 -0.04034  1.92693e-03 | 23  0.03582 -2.39106e-03 | 24  0.00005 -4.13080e-04
 25 -0.01530  2.77272e-03 | 26  0.06169 -6.97655e-03 | 27  0.03991 -1.16378e-02
 28  0.01677 -1.28952e-02 | 29 -0.00683 -5.24650e-03 | 30  0.00923 -2.70682e-04
 31  0.03636  1.44155e-03 | 32  0.07534 -1.63389e-03 | 33  0.01941  7.65596e-04
 34 -0.00252  7.58173e-03 | 35  0.02999  4.75865e-03 | 36 -0.00458  1.17579e-02
 37  0.27381 -5.75400e-02 | 38  0.28483 -2.43782e-02 | 39  0.26638  2.96574e-03
 40  0.26046 -5.27585e-03 | 41 -0.47342 -1.88099e-01 | 42 -0.54742  3.64215e-01
 43  0.40253  4.52567e-03 | 44 -0.35039 -4.42461e-05 | 45  0.44249  2.27504e-03
 46 -0.43685 -6.05671e-04 | 47  0.22502  1.48536e-03 | 48 -0.47764  5.36392e-05
 49  0.23542 -1.38884e-02 | 50  0.20884 -3.30099e-01 | 51 -0.35683  9.56381e-03
 52 -0.65913  2.06907e-01 |
52 variables; iteration 240; function evaluation 299; phase 3
Function value 2.1003778e+03; maximum gradient component mag -1.3897e+00
Var    Value     Gradient |Var    Value     Gradient |Var    Value     Gradient
  1  0.03327 -1.38966e+00 |  2  0.00794  1.69510e-02 |  3  0.05093  1.23358e-02
  4 -0.01322  1.60502e-02 |  5 -0.13660  1.79259e-02 |  6 -0.02254  1.48348e-02
  7 -0.11860  1.98909e-02 |  8 -0.07263  1.84637e-02 |  9  0.00818  1.29457e-02
 10  0.10594 -2.82397e-03 | 11 -0.02127  6.10962e-03 | 12 -0.00153 -4.33958e-03
 13  0.04060 -3.32431e-02 | 14  0.07568 -2.88335e-02 | 15 -0.00541 -1.38976e-02
 16 -0.03300 -1.42237e-02 | 17 -0.01493 -7.33336e-03 | 18  0.02670  6.67974e-04
 19  0.05065 -2.19622e-03 | 20 -0.05080  1.60444e-03 | 21 -0.13290  1.18725e-03
 22 -0.04034  8.18873e-04 | 23  0.03582 -7.03062e-03 | 24  0.00005 -2.40989e-03
 25 -0.01530  5.45517e-03 | 26  0.06169 -1.42480e-02 | 27  0.03991 -2.39422e-02
 28  0.01677 -2.62441e-02 | 29 -0.00683 -8.56594e-03 | 30  0.00923 -7.91831e-04
 31  0.03636  2.10514e-03 | 32  0.07534 -6.37107e-03 | 33  0.01941 -2.54614e-03
 34 -0.00252  8.26312e-03 | 35  0.02999  1.22594e-02 | 36 -0.00458  3.06925e-02
 37  0.27381 -2.68123e-02 | 38  0.28483 -2.79666e-02 | 39  0.26638 -9.10021e-03
 40  0.26046 -1.79076e-02 | 41 -0.47238 -4.95139e-01 | 42 -0.56803  9.87803e-01
 43  0.40253  4.74284e-03 | 44 -0.35039 -1.49123e-03 | 45  0.44249  2.98640e-03
 46 -0.43685  5.20658e-04 | 47  0.22502 -1.60889e-03 | 48 -0.47764  1.32209e-03
 49  0.23486 -3.45288e-02 | 50  0.20828 -8.82493e-01 | 51 -0.33657  3.20868e-02
 52 -0.62656  6.39879e-01 |
52 variables; iteration 260; function evaluation 325; phase 3
Function value 2.1003775e+03; maximum gradient component mag 2.6868e+00
Var    Value     Gradient |Var    Value     Gradient |Var    Value     Gradient
  1  0.03327  2.68680e+00 |  2  0.00794 -2.79178e-02 |  3  0.05093 -1.57174e-02
  4 -0.01322 -2.79147e-02 |  5 -0.13660 -3.60866e-02 |  6 -0.02254 -2.78635e-02
  7 -0.11860 -3.82338e-02 |  8 -0.07263 -3.41346e-02 |  9  0.00818 -2.43079e-02
 10  0.10594  1.09823e-02 | 11 -0.02127 -1.56112e-02 | 12 -0.00153 -5.03378e-03
 13  0.04060  2.35841e-02 | 14  0.07568  3.57255e-02 | 15 -0.00541 -1.34899e-02
 16 -0.03300 -2.65112e-02 | 17 -0.01493 -3.66999e-02 | 18  0.02670  9.32687e-03
 19  0.05065  3.34871e-02 | 20 -0.05080 -4.33261e-03 | 21 -0.13290 -2.04831e-02
 22 -0.04034 -1.19562e-02 | 23  0.03582  1.26027e-02 | 24  0.00005 -7.06542e-03
 25 -0.01530 -2.84239e-02 | 26  0.06169  5.39723e-02 | 27  0.03991  9.62361e-02
 28  0.01677  8.04111e-02 | 29 -0.00683  2.36506e-02 | 30  0.00923  1.53660e-02
 31  0.03636  1.07496e-02 | 32  0.07534  4.48623e-02 | 33  0.01941  2.50977e-02
 34 -0.00252 -1.18554e-02 | 35  0.02999 -1.60086e-02 | 36 -0.00458 -4.58573e-02
 37  0.27381  2.51642e-01 | 38  0.28483  1.50612e-01 | 39  0.26638  6.53055e-02
 40  0.26046  3.91716e-01 | 41 -0.40660  5.80882e-01 | 42 -0.59854 -8.58388e-02
 43  0.40253 -1.09547e-02 | 44 -0.35039 -7.66850e-03 | 45  0.44249 -1.56642e-02
 46 -0.43685 -1.52172e-02 | 47  0.22502  2.91025e-02 | 48 -0.47764 -2.24976e-02
 49  0.19791  7.92953e-02 | 50  0.17184  9.39949e-01 | 51 -0.30868 -2.27423e-02
 52 -0.58456 -5.36138e-02 |
52 variables; iteration 280; function evaluation 351; phase 3
Function value 2.1003772e+03; maximum gradient component mag 5.3113e-01
Var    Value     Gradient |Var    Value     Gradient |Var    Value     Gradient
  1  0.03327  5.31132e-01 |  2  0.00794 -5.53096e-03 |  3  0.05093 -3.08133e-03
  4 -0.01322 -5.50678e-03 |  5 -0.13660 -6.98337e-03 |  6 -0.02254 -5.22082e-03
  7 -0.11860 -7.63444e-03 |  8 -0.07263 -6.77999e-03 |  9  0.00818 -4.77584e-03
 10  0.10594  1.99068e-03 | 11 -0.02127 -2.80765e-03 | 12 -0.00153 -4.36791e-04
 13  0.04060  5.83098e-03 | 14  0.07568  7.48309e-03 | 15 -0.00541 -1.50615e-03
 16 -0.03300 -3.66385e-03 | 17 -0.01493 -5.96794e-03 | 18  0.02670  1.42259e-03
 19  0.05065  5.62597e-03 | 20 -0.05080 -8.52773e-04 | 21 -0.13290 -3.47633e-03
 22 -0.04034 -2.11269e-03 | 23  0.03582  2.53409e-03 | 24  0.00005 -9.83731e-04
 25 -0.01530 -4.82032e-03 | 26  0.06169  9.73560e-03 | 27  0.03991  1.70419e-02
 28  0.01677  1.48008e-02 | 29 -0.00683  4.38411e-03 | 30  0.00923  2.52102e-03
 31  0.03636  1.93569e-03 | 32  0.07534  7.99507e-03 | 33  0.01941  4.42818e-03
 34 -0.00252 -2.39765e-03 | 35  0.02999 -3.58497e-03 | 36 -0.00458 -9.47818e-03
 37  0.27381  4.14447e-02 | 38  0.28483  2.57590e-02 | 39  0.26638  1.15819e-02
 40  0.26046  6.61411e-02 | 41 -0.32115  1.38380e-01 | 42 -0.62170 -6.62417e-02
 43  0.40253 -1.93944e-03 | 44 -0.35039 -1.12303e-03 | 45  0.44249 -2.70837e-03
 46 -0.43685 -2.41579e-03 | 47  0.22502  5.66426e-03 | 48 -0.47764 -4.19738e-03
 49  0.14664  1.64223e-02 | 50  0.12110  2.13386e-01 | 51 -0.28910 -7.43456e-03
 52 -0.55660 -5.33156e-02 |
52 variables; iteration 300; function evaluation 378; phase 3
Function value 2.1003770e+03; maximum gradient component mag 1.7652e+00
Var    Value     Gradient |Var    Value     Gradient |Var    Value     Gradient
  1  0.03327  1.76518e+00 |  2  0.00794 -1.92943e-02 |  3  0.05093 -1.15391e-02
  4 -0.01322 -1.83817e-02 |  5 -0.13660 -2.38888e-02 |  6 -0.02254 -1.76674e-02
  7 -0.11860 -2.53351e-02 |  8 -0.07263 -2.24754e-02 |  9  0.00818 -1.59313e-02
 10  0.10594  6.96075e-03 | 11 -0.02127 -9.67403e-03 | 12 -0.00153 -1.27676e-03
 13  0.04060  1.99061e-02 | 14  0.07568  2.51005e-02 | 15 -0.00541 -4.73229e-03
 16 -0.03300 -1.09665e-02 | 17 -0.01493 -1.89232e-02 | 18  0.02670  5.09639e-03
 19  0.05065  1.86651e-02 | 20 -0.05080 -2.29197e-03 | 21 -0.13290 -1.13845e-02
 22 -0.04034 -7.10486e-03 | 23  0.03582  8.19572e-03 | 24  0.00005 -3.23073e-03
 25 -0.01530 -1.68903e-02 | 26  0.06169  3.14413e-02 | 27  0.03991  5.66340e-02
 28  0.01677  4.89844e-02 | 29 -0.00683  1.54299e-02 | 30  0.00923  9.31523e-03
 31  0.03636  6.49932e-03 | 32  0.07534  2.68212e-02 | 33  0.01941  1.43185e-02
 34 -0.00252 -8.71705e-03 | 35  0.02999 -1.14299e-02 | 36 -0.00458 -3.15986e-02
 37  0.27381  1.49183e-01 | 38  0.28483  8.86918e-02 | 39  0.26638  3.38335e-02
 40  0.26046  2.14289e-01 | 41 -0.23474  5.05768e-01 | 42 -0.64142 -2.30288e-01
 43  0.40253 -7.33235e-03 | 44 -0.35039 -3.56159e-03 | 45  0.44249 -9.38252e-03
 46 -0.43685 -7.20644e-03 | 47  0.22502  1.60082e-02 | 48 -0.47764 -1.12854e-02
 49  0.09188  5.51659e-02 | 50  0.06670  7.31577e-01 | 51 -0.27344 -2.58872e-02
 52 -0.53497 -2.00080e-01 |
52 variables; iteration 320; function evaluation 405; phase 3
Function value 2.1003769e+03; maximum gradient component mag 1.1504e+00
Var    Value     Gradient |Var    Value     Gradient |Var    Value     Gradient
  1  0.03327  1.15043e+00 |  2  0.00794 -1.27975e-02 |  3  0.05093 -8.05081e-03
  4 -0.01322 -1.22374e-02 |  5 -0.13660 -1.56799e-02 |  6 -0.02254 -1.18260e-02
  7 -0.11860 -1.64534e-02 |  8 -0.07263 -1.46699e-02 |  9  0.00818 -1.05939e-02
 10  0.10594  3.92016e-03 | 11 -0.02127 -6.57563e-03 | 12 -0.00153 -8.78587e-04
 13  0.04060  1.31167e-02 | 14  0.07568  1.63960e-02 | 15 -0.00541 -3.07126e-03
 16 -0.03300 -7.04864e-03 | 17 -0.01493 -1.22679e-02 | 18  0.02670  3.39814e-03
 19  0.05065  1.22670e-02 | 20 -0.05080 -1.36609e-03 | 21 -0.13290 -7.35048e-03
 22 -0.04034 -4.51713e-03 | 23  0.03582  5.41066e-03 | 24  0.00005 -2.04226e-03
 25 -0.01530 -1.10476e-02 | 26  0.06169  2.05564e-02 | 27  0.03991  3.71778e-02
 28  0.01677  3.21303e-02 | 29 -0.00683  1.02399e-02 | 30  0.00923  6.22061e-03
 31  0.03636  4.38318e-03 | 32  0.07534  1.77147e-02 | 33  0.01941  9.50889e-03
 34 -0.00252 -5.54349e-03 | 35  0.02999 -7.32240e-03 | 36 -0.00458 -2.06670e-02
 37  0.27381  9.71764e-02 | 38  0.28483  5.80495e-02 | 39  0.26638  2.18456e-02
 40  0.26046  1.39850e-01 | 41 -0.15253  3.45651e-01 | 42 -0.65853 -1.47494e-01
 43  0.40253 -4.80633e-03 | 44 -0.35039 -2.22625e-03 | 45  0.44249 -6.14286e-03
 46 -0.43685 -4.73988e-03 | 47  0.22502  1.02093e-02 | 48 -0.47764 -7.17496e-03
 49  0.03769  3.42213e-02 | 50  0.01269  4.84570e-01 | 51 -0.26060 -1.56400e-02
 52 -0.51765 -1.38335e-01 |
52 variables; iteration 340; function evaluation 431; phase 3
Function value 2.1003768e+03; maximum gradient component mag 1.0101e-01
Var    Value     Gradient |Var    Value     Gradient |Var    Value     Gradient
  1  0.03327  1.01009e-01 |  2  0.00794 -1.15698e-03 |  3  0.05093 -8.06381e-04
  4 -0.01322 -1.13440e-03 |  5 -0.13660 -1.43144e-03 |  6 -0.02254 -1.11052e-03
  7 -0.11860 -1.41015e-03 |  8 -0.07263 -1.27437e-03 |  9  0.00818 -9.61212e-04
 10  0.10594  2.47363e-04 | 11 -0.02127 -6.38463e-04 | 12 -0.00153 -6.44980e-05
 13  0.04060  1.30455e-03 | 14  0.07568  1.44484e-03 | 15 -0.00541 -2.26874e-04
 16 -0.03300 -4.80548e-04 | 17 -0.01493 -9.57635e-04 | 18  0.02670  2.64794e-04
 19  0.05065  1.01617e-03 | 20 -0.05080 -7.01763e-05 | 21 -0.13290 -5.86263e-04
 22 -0.04034 -3.24414e-04 | 23  0.03582  4.65856e-04 | 24  0.00005 -1.57525e-04
 25 -0.01530 -9.81327e-04 | 26  0.06169  1.69118e-03 | 27  0.03991  3.19087e-03
 28  0.01677  2.73795e-03 | 29 -0.00683  9.26843e-04 | 30  0.00923  5.60942e-04
 31  0.03636  3.98202e-04 | 32  0.07534  1.55645e-03 | 33  0.01941  8.51825e-04
 34 -0.00252 -4.04802e-04 | 35  0.02999 -5.72594e-04 | 36 -0.00458 -1.86104e-03
 37  0.27381  7.87711e-03 | 38  0.28483  4.89343e-03 | 39  0.26638  1.67684e-03
 40  0.26046  1.14134e-02 | 41 -0.09099  3.23368e-02 | 42 -0.67061 -1.79233e-02
 43  0.40253 -4.19094e-04 | 44 -0.35039 -1.12955e-04 | 45  0.44249 -5.20837e-04
 46 -0.43685 -4.14783e-04 | 47  0.22502  6.57917e-04 | 48 -0.47764 -4.41472e-04
 49 -0.00386  2.62810e-03 | 50 -0.02885  4.53480e-02 | 51 -0.25193 -1.25048e-03
 52 -0.50616 -1.66284e-02 |
52 variables; iteration 360; function evaluation 451; phase 3
Function value 2.1003768e+03; maximum gradient component mag -2.8190e-02
Var    Value     Gradient |Var    Value     Gradient |Var    Value     Gradient
  1  0.03327 -2.81902e-02 |  2  0.00794  4.00832e-04 |  3  0.05093  3.80958e-04
  4 -0.01322  3.35580e-04 |  5 -0.13660  4.78484e-04 |  6 -0.02254  3.57732e-04
  7 -0.11860  4.11783e-04 |  8 -0.07263  3.40188e-04 |  9  0.00818  3.47174e-04
 10  0.10594  6.30285e-05 | 11 -0.02127  3.35364e-04 | 12 -0.00153  2.24482e-04
 13  0.04060  2.51421e-04 | 14  0.07568 -1.00919e-05 | 15 -0.00541  8.45561e-04
 16 -0.03300  1.09948e-03 | 17 -0.01493  1.22266e-03 | 18  0.02670 -3.41755e-04
 19  0.05065 -8.47718e-04 | 20 -0.05080 -5.77375e-05 | 21 -0.13290  4.55121e-04
 22 -0.04034  2.55271e-04 | 23  0.03582 -1.81077e-04 | 24  0.00005  1.83983e-04
 25 -0.01530  5.94143e-04 | 26  0.06169 -9.09483e-04 | 27  0.03991 -1.85390e-03
 28  0.01677 -1.40523e-03 | 29 -0.00683 -5.24827e-04 | 30  0.00923 -4.87967e-04
 31  0.03636 -4.91825e-04 | 32  0.07534 -1.17160e-03 | 33  0.01941 -6.62234e-04
 34 -0.00252  5.12509e-05 | 35  0.02999 -3.38892e-05 | 36 -0.00458  3.10859e-04
 37  0.27381 -6.64455e-03 | 38  0.28483 -3.30533e-03 | 39  0.26638 -1.02902e-03
 40  0.26046 -9.20880e-03 | 41 -0.07535 -5.83590e-04 | 42 -0.67268 -2.02998e-02
 43  0.40253  1.89442e-04 | 44 -0.35039  1.77402e-04 | 45  0.44249  3.64457e-04
 46 -0.43685  3.32271e-04 | 47  0.22502 -5.18195e-04 | 48 -0.47764  3.30887e-04
 49 -0.01452 -1.39125e-04 | 50 -0.03952 -4.34932e-04 | 51 -0.25048 -8.47683e-04
 52 -0.50425 -1.95678e-02 |
52 variables; iteration 380; function evaluation 473; phase 3
Function value 2.1003768e+03; maximum gradient component mag -1.4987e-01
Var    Value     Gradient |Var    Value     Gradient |Var    Value     Gradient
  1  0.03327 -1.49870e-01 |  2  0.00794  1.62958e-03 |  3  0.05093  9.95951e-04
  4 -0.01322  1.63085e-03 |  5 -0.13660  1.99048e-03 |  6 -0.02254  1.52832e-03
  7 -0.11860  2.09094e-03 |  8 -0.07263  1.91830e-03 |  9  0.00818  1.29138e-03
 10  0.10594 -6.05927e-04 | 11 -0.02127  6.56395e-04 | 12 -0.00153 -3.07132e-04
 13  0.04060 -3.09574e-03 | 14  0.07568 -2.75326e-03 | 15 -0.00541 -9.25082e-04
 16 -0.03300 -8.68757e-04 | 17 -0.01493 -1.81296e-04 | 18  0.02670  3.62836e-05
 19  0.05065 -5.04340e-04 | 20 -0.05080  1.82609e-04 | 21 -0.13290  3.52613e-04
 22 -0.04034  1.80602e-04 | 23  0.03582 -6.60346e-04 | 24  0.00005 -7.31807e-05
 25 -0.01530  8.60203e-04 | 26  0.06169 -1.67840e-03 | 27  0.03991 -3.02405e-03
 28  0.01677 -2.96762e-03 | 29 -0.00683 -9.47533e-04 | 30  0.00923 -2.28752e-04
 31  0.03636  5.70097e-05 | 32  0.07534 -1.05935e-03 | 33  0.01941 -5.30183e-04
 34 -0.00252  6.92612e-04 | 35  0.02999  1.13837e-03 | 36 -0.00458  3.13092e-03
 37  0.27381 -4.49183e-03 | 38  0.28483 -3.88962e-03 | 39  0.26638 -1.44976e-03
 40  0.26046 -5.95003e-03 | 41 -0.02507 -6.47370e-02 | 42 -0.66291  6.86183e-02
 43  0.40253  5.16630e-04 | 44 -0.35039 -1.25037e-04 | 45  0.44249  4.11102e-04
 46 -0.43685  2.70336e-04 | 47  0.22502 -2.63744e-04 | 48 -0.47764  2.03960e-04
 49 -0.04902 -4.89113e-03 | 50 -0.07412 -8.91555e-02 | 51 -0.25741  4.02692e-03
 52 -0.51341  6.99149e-02 |
52 variables; iteration 400; function evaluation 495; phase 3
Function value 2.1003768e+03; maximum gradient component mag 7.4383e-01
Var    Value     Gradient |Var    Value     Gradient |Var    Value     Gradient
  1  0.03327  7.43833e-01 |  2  0.00794 -8.80448e-03 |  3  0.05093 -6.36724e-03
  4 -0.01322 -8.36275e-03 |  5 -0.13660 -1.02853e-02 |  6 -0.02254 -8.23814e-03
  7 -0.11860 -1.07275e-02 |  8 -0.07263 -9.60958e-03 |  9  0.00818 -7.51680e-03
 10  0.10594  8.14690e-04 | 11 -0.02127 -5.16645e-03 | 12 -0.00153 -1.50606e-03
 13  0.04060  5.58029e-03 | 14  0.07568  9.54364e-03 | 15 -0.00541 -4.51355e-03
 16 -0.03300 -8.13143e-03 | 17 -0.01493 -1.16175e-02 | 18  0.02670  3.38190e-03
 19  0.05065  1.05217e-02 | 20 -0.05080 -6.91638e-04 | 21 -0.13290 -5.88607e-03
 22 -0.04034 -3.62411e-03 | 23  0.03582  3.90854e-03 | 24  0.00005 -1.81941e-03
 25 -0.01530 -8.25819e-03 | 26  0.06169  1.58699e-02 | 27  0.03991  2.84671e-02
 28  0.01677  2.39306e-02 | 29 -0.00683  7.73240e-03 | 30  0.00923  5.48508e-03
 31  0.03636  4.33338e-03 | 32  0.07534  1.43728e-02 | 33  0.01941  7.88703e-03
 34 -0.00252 -3.54639e-03 | 35  0.02999 -4.26095e-03 | 36 -0.00458 -1.25852e-02
 37  0.27381  7.97172e-02 | 38  0.28483  4.57216e-02 | 39  0.26638  1.74038e-02
 40  0.26046  1.17377e-01 | 41 -0.03067  1.95042e-01 | 42 -0.65042  8.65123e-03
 43  0.40253 -3.28427e-03 | 44 -0.35039 -2.35338e-03 | 45  0.44249 -4.83149e-03
 46 -0.43685 -3.86622e-03 | 47  0.22502  8.90182e-03 | 48 -0.47764 -6.19650e-03
 49 -0.04515  1.69654e-02 | 50 -0.07024  2.65044e-01 | 51 -0.26660 -3.74707e-03
 52 -0.52570  1.19802e-02 |
52 variables; iteration 420; function evaluation 517; phase 3
Function value 2.1003768e+03; maximum gradient component mag 3.2723e-02
Var    Value     Gradient |Var    Value     Gradient |Var    Value     Gradient
  1  0.03327 -2.36582e-02 |  2  0.00794  3.56344e-04 |  3  0.05093  2.16773e-04
  4 -0.01322  1.85953e-04 |  5 -0.13660  2.99115e-04 |  6 -0.02254  1.33075e-04
  7 -0.11860  3.33752e-04 |  8 -0.07263  3.20634e-04 |  9  0.00818  1.45657e-04
 10  0.10594 -3.24303e-04 | 11 -0.02127 -1.94324e-05 | 12 -0.00153 -2.68902e-04
 13  0.04060 -1.07620e-03 | 14  0.07568 -1.86368e-04 | 15 -0.00541 -2.86196e-04
 16 -0.03300 -5.25798e-04 | 17 -0.01493 -7.11760e-04 | 18  0.02670  6.61855e-05
 19  0.05065  3.13298e-04 | 20 -0.05080 -3.87003e-05 | 21 -0.13290 -1.78187e-04
 22 -0.04034 -1.50015e-04 | 23  0.03582 -1.67410e-04 | 24  0.00005 -2.16853e-04
 25 -0.01530 -1.10726e-04 | 26  0.06169  1.52593e-04 | 27  0.03991  2.28670e-04
 28  0.01677 -3.70710e-05 | 29 -0.00683 -7.22331e-05 | 30  0.00923  1.76423e-04
 31  0.03636  1.84083e-04 | 32  0.07534  1.37746e-04 | 33  0.01941  1.38032e-04
 34 -0.00252  8.77244e-05 | 35  0.02999  2.52530e-04 | 36 -0.00458  6.54722e-04
 37  0.27381  8.06932e-04 | 38  0.28483  5.94680e-04 | 39  0.26638  4.87339e-04
 40  0.26046  3.90325e-03 | 41 -0.06413 -1.75975e-02 | 42 -0.64413  3.27228e-02
 43  0.40253  2.46857e-04 | 44 -0.35039 -2.73112e-04 | 45  0.44249  4.81537e-05
 46 -0.43685 -1.94410e-04 | 47  0.22502  3.72865e-04 | 48 -0.47764 -1.99611e-04
 49 -0.02219 -1.10358e-03 | 50 -0.04721 -2.44346e-02 | 51 -0.27136  1.43665e-03
 52 -0.53215  3.07742e-02 |
52 variables; iteration 440; function evaluation 538; phase 3
Function value 2.1003768e+03; maximum gradient component mag -1.5150e-02
Var    Value     Gradient |Var    Value     Gradient |Var    Value     Gradient
  1  0.03327 -1.51500e-02 |  2  0.00794  1.75479e-04 |  3  0.05093  1.51961e-04
  4 -0.01322  2.28979e-04 |  5 -0.13660  2.03556e-04 |  6 -0.02254  2.30057e-04
  7 -0.11860  1.99565e-04 |  8 -0.07263  1.85521e-04 |  9  0.00818  1.39793e-04
 10  0.10594 -3.21180e-06 | 11 -0.02127  8.57792e-05 | 12 -0.00153 -6.95332e-06
 13  0.04060 -2.71028e-04 | 14  0.07568 -5.11973e-04 | 15 -0.00541 -2.56390e-04
 16 -0.03300 -1.91899e-04 | 17 -0.01493  1.54903e-04 | 18  0.02670  7.81188e-05
 19  0.05065 -5.27987e-05 | 20 -0.05080  8.00257e-05 | 21 -0.13290  8.59139e-05
 22 -0.04034  6.56953e-05 | 23  0.03582 -7.01067e-05 | 24  0.00005  1.31152e-05
 25 -0.01530  1.03834e-04 | 26  0.06169 -2.53288e-04 | 27  0.03991 -4.38791e-04
 28  0.01677 -3.80059e-04 | 29 -0.00683 -8.90586e-05 | 30  0.00923 -4.23785e-05
 31  0.03636  2.50477e-07 | 32  0.07534 -7.26448e-05 | 33  0.01941 -7.07212e-05
 34 -0.00252  9.40744e-05 | 35  0.02999  1.12877e-04 | 36 -0.00458  2.99428e-04
 37  0.27381  7.48486e-04 | 38  0.28483 -2.95242e-04 | 39  0.26638 -3.56186e-04
 40  0.26046 -1.32865e-03 | 41 -0.05617 -5.27940e-03 | 42 -0.63883  3.57692e-03
 43  0.40253 -1.41871e-04 | 44 -0.35039  9.61658e-05 | 45  0.44249 -1.55575e-05
 46 -0.43685  8.08630e-05 | 47  0.22502 -1.16821e-04 | 48 -0.47764  1.98627e-05
 49 -0.02765 -3.93063e-04 | 50 -0.05268 -7.28297e-03 | 51 -0.27544  2.50081e-04
 52 -0.53771  3.22714e-03 |
Estimating row 1 out of 52 for hessian
Estimating row 2 out of 52 for hessian
Estimating row 3 out of 52 for hessian
Estimating row 4 out of 52 for hessian
Estimating row 5 out of 52 for hessian
Estimating row 6 out of 52 for hessian
Estimating row 7 out of 52 for hessian
Estimating row 8 out of 52 for hessian
Estimating row 9 out of 52 for hessian
Estimating row 10 out of 52 for hessian
Estimating row 11 out of 52 for hessian
Estimating row 12 out of 52 for hessian
Estimating row 13 out of 52 for hessian
Estimating row 14 out of 52 for hessian
Estimating row 15 out of 52 for hessian
Estimating row 16 out of 52 for hessian
Estimating row 17 out of 52 for hessian
Estimating row 18 out of 52 for hessian
Estimating row 19 out of 52 for hessian
Estimating row 20 out of 52 for hessian
Estimating row 21 out of 52 for hessian
Estimating row 22 out of 52 for hessian
Estimating row 23 out of 52 for hessian
Estimating row 24 out of 52 for hessian
Estimating row 25 out of 52 for hessian
Estimating row 26 out of 52 for hessian
Estimating row 27 out of 52 for hessian
Estimating row 28 out of 52 for hessian
Estimating row 29 out of 52 for hessian
Estimating row 30 out of 52 for hessian
Estimating row 31 out of 52 for hessian
Estimating row 32 out of 52 for hessian
Estimating row 33 out of 52 for hessian
Estimating row 34 out of 52 for hessian
Estimating row 35 out of 52 for hessian
Estimating row 36 out of 52 for hessian
Estimating row 37 out of 52 for hessian
Estimating row 38 out of 52 for hessian
Estimating row 39 out of 52 for hessian
Estimating row 40 out of 52 for hessian
Estimating row 41 out of 52 for hessian
Estimating row 42 out of 52 for hessian
Estimating row 43 out of 52 for hessian
Estimating row 44 out of 52 for hessian
Estimating row 45 out of 52 for hessian
Estimating row 46 out of 52 for hessian
Estimating row 47 out of 52 for hessian
Estimating row 48 out of 52 for hessian
Estimating row 49 out of 52 for hessian
Estimating row 50 out of 52 for hessian
Estimating row 51 out of 52 for hessian
Estimating row 52 out of 52 for hessian
size of file gradfil1.tmp = 0
size of file gradfil2.tmp = 0
size of file varssave.tmp = 0
size of file cmpdiff.tmp = 0
